./bin/kbc-cli.py --train data/kinship/train.tsv --dev data/kinship/dev.tsv --test data/kinship/test.tsv -m complex -k 1000 -b 100 -e 15 --F2 0 --N3 0.1 -l 0.1 -I standard -V 3 -o adagrad -c so -q
{'F2': 0.0,
 'N3': 0.1,
 'batch_size': 100,
 'corruption': 'so',
 'dev': 'data/kinship/dev.tsv',
 'embedding_size': 1000,
 'epochs': 15,
 'eval_batch_size': None,
 'input_type': 'standard',
 'learning_rate': 0.1,
 'load': None,
 'model': 'complex',
 'optimizer': 'adagrad',
 'quiet': True,
 'save': None,
 'seed': 0,
 'test': 'data/kinship/test.tsv',
 'test_i': None,
 'test_ii': None,
 'train': 'data/kinship/train.tsv',
 'validate_every': 3}
INFO:kbc-cli.py:Device: cuda
INFO:kbc-cli.py:Model state:
INFO:kbc-cli.py:	entities.weight	torch.Size([104, 2000])
INFO:kbc-cli.py:	predicates.weight	torch.Size([25, 2000])
INFO:kbc-cli.py:Epoch 1/15	Loss 8.1462 ± 1.0543
INFO:kbc-cli.py:Epoch 2/15	Loss 7.3807 ± 0.1060
INFO:kbc-cli.py:Epoch 3/15	Loss 7.3353 ± 0.1128
INFO:kbc-cli.py:Epoch 3/15	dev results	MRR 0.663084	H@1 0.521536	H@3 0.756554	H@5 0.852060	H@10 0.943352	H@20 0.980337	H@50 0.991105	H@100 1.000000
INFO:kbc-cli.py:Epoch 3/15	test results	MRR 0.647568	H@1 0.497672	H@3 0.755121	H@5 0.850093	H@10 0.945531	H@20 0.982309	H@50 0.996276	H@100 1.000000
INFO:kbc-cli.py:Epoch 4/15	Loss 7.3077 ± 0.1094
INFO:kbc-cli.py:Epoch 5/15	Loss 7.2938 ± 0.1137
INFO:kbc-cli.py:Epoch 6/15	Loss 7.2847 ± 0.0971
INFO:kbc-cli.py:Epoch 6/15	dev results	MRR 0.680587	H@1 0.543071	H@3 0.776685	H@5 0.866573	H@10 0.956461	H@20 0.980805	H@50 0.991105	H@100 1.000000
INFO:kbc-cli.py:Epoch 6/15	test results	MRR 0.668560	H@1 0.527002	H@3 0.770484	H@5 0.865456	H@10 0.954842	H@20 0.986965	H@50 0.995810	H@100 1.000000
INFO:kbc-cli.py:Epoch 7/15	Loss 7.2781 ± 0.1185
INFO:kbc-cli.py:Epoch 8/15	Loss 7.2748 ± 0.1189
INFO:kbc-cli.py:Epoch 9/15	Loss 7.2664 ± 0.0978
INFO:kbc-cli.py:Epoch 9/15	dev results	MRR 0.690186	H@1 0.553371	H@3 0.785112	H@5 0.870787	H@10 0.955993	H@20 0.982678	H@50 0.990169	H@100 1.000000
INFO:kbc-cli.py:Epoch 9/15	test results	MRR 0.687087	H@1 0.548417	H@3 0.789572	H@5 0.875233	H@10 0.956238	H@20 0.986034	H@50 0.996276	H@100 1.000000
INFO:kbc-cli.py:Epoch 10/15	Loss 7.2635 ± 0.1061
INFO:kbc-cli.py:Epoch 11/15	Loss 7.2611 ± 0.0944
INFO:kbc-cli.py:Epoch 12/15	Loss 7.2567 ± 0.1012
INFO:kbc-cli.py:Epoch 12/15	dev results	MRR 0.697858	H@1 0.562734	H@3 0.791199	H@5 0.879213	H@10 0.955056	H@20 0.982678	H@50 0.990169	H@100 1.000000
INFO:kbc-cli.py:Epoch 12/15	test results	MRR 0.691777	H@1 0.553538	H@3 0.797486	H@5 0.882216	H@10 0.956238	H@20 0.985568	H@50 0.996276	H@100 1.000000
INFO:kbc-cli.py:Epoch 13/15	Loss 7.2533 ± 0.1147
INFO:kbc-cli.py:Epoch 14/15	Loss 7.2515 ± 0.0991
INFO:kbc-cli.py:Epoch 15/15	Loss 7.2500 ± 0.1096
INFO:kbc-cli.py:Epoch 15/15	dev results	MRR 0.707051	H@1 0.580993	H@3 0.792135	H@5 0.880618	H@10 0.957865	H@20 0.982210	H@50 0.990169	H@100 1.000000
INFO:kbc-cli.py:Epoch 15/15	test results	MRR 0.702567	H@1 0.567970	H@3 0.801210	H@5 0.885009	H@10 0.957169	H@20 0.987430	H@50 0.995810	H@100 1.000000
INFO:kbc-cli.py:Final 	dev results	MRR 0.707051	H@1 0.580993	H@3 0.792135	H@5 0.880618	H@10 0.957865	H@20 0.982210	H@50 0.990169	H@100 1.000000
INFO:kbc-cli.py:Final 	test results	MRR 0.702567	H@1 0.567970	H@3 0.801210	H@5 0.885009	H@10 0.957169	H@20 0.987430	H@50 0.995810	H@100 1.000000
INFO:kbc-cli.py:Training finished
