./bin/kbc-cli.py --train data/nations/train.tsv --dev data/nations/dev.tsv --test data/nations/test.tsv -m complex -k 200 -b 10 -e 15 --F2 0 --N3 0.005 -l 0.1 -I reciprocal -V 3 -o adagrad -c so -q
{'F2': 0.0,
 'N3': 0.005,
 'batch_size': 10,
 'corruption': 'so',
 'dev': 'data/nations/dev.tsv',
 'embedding_size': 200,
 'epochs': 15,
 'eval_batch_size': None,
 'input_type': 'reciprocal',
 'learning_rate': 0.1,
 'load': None,
 'model': 'complex',
 'optimizer': 'adagrad',
 'quiet': True,
 'save': None,
 'seed': 0,
 'test': 'data/nations/test.tsv',
 'test_i': None,
 'test_ii': None,
 'train': 'data/nations/train.tsv',
 'validate_every': 3}
INFO:kbc-cli.py:Device: cuda
INFO:kbc-cli.py:Model state:
INFO:kbc-cli.py:	entities.weight	torch.Size([14, 400])
INFO:kbc-cli.py:	predicates.weight	torch.Size([110, 400])
INFO:kbc-cli.py:Epoch 1/15	Loss 5.2139 ± 0.2236
INFO:kbc-cli.py:Epoch 2/15	Loss 4.5429 ± 0.3017
INFO:kbc-cli.py:Epoch 3/15	Loss 4.2151 ± 0.3630
INFO:kbc-cli.py:Epoch 3/15	dev results	MRR 0.801904	H@1 0.688442	H@3 0.902010	H@5 0.959799	H@10 0.994975	H@20 1.000000	H@50 1.000000	H@100 1.000000
INFO:kbc-cli.py:Epoch 3/15	test results	MRR 0.819536	H@1 0.718905	H@3 0.902985	H@5 0.945274	H@10 1.000000	H@20 1.000000	H@50 1.000000	H@100 1.000000
INFO:kbc-cli.py:Epoch 4/15	Loss 4.0364 ± 0.3797
INFO:kbc-cli.py:Epoch 5/15	Loss 3.9354 ± 0.3816
INFO:kbc-cli.py:Epoch 6/15	Loss 3.8620 ± 0.3906
INFO:kbc-cli.py:Epoch 6/15	dev results	MRR 0.799309	H@1 0.678392	H@3 0.894472	H@5 0.967337	H@10 0.997487	H@20 1.000000	H@50 1.000000	H@100 1.000000
INFO:kbc-cli.py:Epoch 6/15	test results	MRR 0.814094	H@1 0.701493	H@3 0.912935	H@5 0.960199	H@10 1.000000	H@20 1.000000	H@50 1.000000	H@100 1.000000
INFO:kbc-cli.py:Epoch 7/15	Loss 3.8133 ± 0.3726
INFO:kbc-cli.py:Epoch 8/15	Loss 3.7761 ± 0.3858
INFO:kbc-cli.py:Epoch 9/15	Loss 3.7439 ± 0.3641
INFO:kbc-cli.py:Epoch 9/15	dev results	MRR 0.786478	H@1 0.648241	H@3 0.896985	H@5 0.969849	H@10 0.997487	H@20 1.000000	H@50 1.000000	H@100 1.000000
INFO:kbc-cli.py:Epoch 9/15	test results	MRR 0.805839	H@1 0.686567	H@3 0.910448	H@5 0.967662	H@10 1.000000	H@20 1.000000	H@50 1.000000	H@100 1.000000
INFO:kbc-cli.py:Epoch 10/15	Loss 3.7204 ± 0.3895
INFO:kbc-cli.py:Epoch 11/15	Loss 3.6978 ± 0.3776
INFO:kbc-cli.py:Epoch 12/15	Loss 3.6816 ± 0.3696
INFO:kbc-cli.py:Epoch 12/15	dev results	MRR 0.784388	H@1 0.643216	H@3 0.907035	H@5 0.974874	H@10 0.997487	H@20 1.000000	H@50 1.000000	H@100 1.000000
INFO:kbc-cli.py:Epoch 12/15	test results	MRR 0.796531	H@1 0.666667	H@3 0.912935	H@5 0.970149	H@10 1.000000	H@20 1.000000	H@50 1.000000	H@100 1.000000
INFO:kbc-cli.py:Epoch 13/15	Loss 3.6683 ± 0.3807
INFO:kbc-cli.py:Epoch 14/15	Loss 3.6550 ± 0.3864
INFO:kbc-cli.py:Epoch 15/15	Loss 3.6432 ± 0.3667
INFO:kbc-cli.py:Epoch 15/15	dev results	MRR 0.790024	H@1 0.653266	H@3 0.912060	H@5 0.974874	H@10 0.997487	H@20 1.000000	H@50 1.000000	H@100 1.000000
INFO:kbc-cli.py:Epoch 15/15	test results	MRR 0.786847	H@1 0.649254	H@3 0.915423	H@5 0.972637	H@10 1.000000	H@20 1.000000	H@50 1.000000	H@100 1.000000
INFO:kbc-cli.py:Final 	dev results	MRR 0.790024	H@1 0.653266	H@3 0.912060	H@5 0.974874	H@10 0.997487	H@20 1.000000	H@50 1.000000	H@100 1.000000
INFO:kbc-cli.py:Final 	test results	MRR 0.786847	H@1 0.649254	H@3 0.915423	H@5 0.972637	H@10 1.000000	H@20 1.000000	H@50 1.000000	H@100 1.000000
INFO:kbc-cli.py:Training finished
