./bin/kbc-cli.py --train data/kinship/train.tsv --dev data/kinship/dev.tsv --test data/kinship/test.tsv -m complex -k 1000 -b 10 -e 15 --F2 0 --N3 0.0005 -l 0.1 -I standard -V 3 -o adagrad -c so -q
{'F2': 0.0,
 'N3': 0.0005,
 'batch_size': 10,
 'corruption': 'so',
 'dev': 'data/kinship/dev.tsv',
 'embedding_size': 1000,
 'epochs': 15,
 'eval_batch_size': None,
 'input_type': 'standard',
 'learning_rate': 0.1,
 'load': None,
 'model': 'complex',
 'optimizer': 'adagrad',
 'quiet': True,
 'save': None,
 'seed': 0,
 'test': 'data/kinship/test.tsv',
 'test_i': None,
 'test_ii': None,
 'train': 'data/kinship/train.tsv',
 'validate_every': 3}
INFO:kbc-cli.py:Device: cuda
INFO:kbc-cli.py:Model state:
INFO:kbc-cli.py:	entities.weight	torch.Size([104, 2000])
INFO:kbc-cli.py:	predicates.weight	torch.Size([25, 2000])
INFO:kbc-cli.py:Epoch 1/15	Loss 7.1936 ± 1.3067
INFO:kbc-cli.py:Epoch 2/15	Loss 5.4823 ± 0.4616
INFO:kbc-cli.py:Epoch 3/15	Loss 5.1868 ± 0.4578
INFO:kbc-cli.py:Epoch 3/15	dev results	MRR 0.862609	H@1 0.781367	H@3 0.933052	H@5 0.958801	H@10 0.980805	H@20 0.988764	H@50 0.995787	H@100 1.000000
INFO:kbc-cli.py:Epoch 3/15	test results	MRR 0.866093	H@1 0.787244	H@3 0.933892	H@5 0.966946	H@10 0.986499	H@20 0.994879	H@50 0.998138	H@100 1.000000
INFO:kbc-cli.py:Epoch 4/15	Loss 5.0264 ± 0.4391
INFO:kbc-cli.py:Epoch 5/15	Loss 4.9174 ± 0.4370
INFO:kbc-cli.py:Epoch 6/15	Loss 4.8358 ± 0.4163
INFO:kbc-cli.py:Epoch 6/15	dev results	MRR 0.882291	H@1 0.815075	H@3 0.941479	H@5 0.963951	H@10 0.980805	H@20 0.989232	H@50 0.995787	H@100 1.000000
INFO:kbc-cli.py:Epoch 6/15	test results	MRR 0.889281	H@1 0.823557	H@3 0.952048	H@5 0.973464	H@10 0.988361	H@20 0.994879	H@50 0.997672	H@100 1.000000
INFO:kbc-cli.py:Epoch 7/15	Loss 4.7743 ± 0.3982
INFO:kbc-cli.py:Epoch 8/15	Loss 4.7242 ± 0.3892
INFO:kbc-cli.py:Epoch 9/15	Loss 4.6828 ± 0.3908
INFO:kbc-cli.py:Epoch 9/15	dev results	MRR 0.883608	H@1 0.817416	H@3 0.944288	H@5 0.967697	H@10 0.981273	H@20 0.989232	H@50 0.995787	H@100 1.000000
INFO:kbc-cli.py:Epoch 9/15	test results	MRR 0.892265	H@1 0.828678	H@3 0.948324	H@5 0.974395	H@10 0.987430	H@20 0.994413	H@50 0.997672	H@100 1.000000
INFO:kbc-cli.py:Epoch 10/15	Loss 4.6465 ± 0.3873
INFO:kbc-cli.py:Epoch 11/15	Loss 4.6189 ± 0.3850
INFO:kbc-cli.py:Epoch 12/15	Loss 4.5903 ± 0.3726
INFO:kbc-cli.py:Epoch 12/15	dev results	MRR 0.884600	H@1 0.818352	H@3 0.944288	H@5 0.964888	H@10 0.980337	H@20 0.988764	H@50 0.995787	H@100 1.000000
INFO:kbc-cli.py:Epoch 12/15	test results	MRR 0.895692	H@1 0.832868	H@3 0.954842	H@5 0.971601	H@10 0.987430	H@20 0.994413	H@50 0.997672	H@100 1.000000
INFO:kbc-cli.py:Epoch 13/15	Loss 4.5671 ± 0.3856
INFO:kbc-cli.py:Epoch 14/15	Loss 4.5473 ± 0.3715
INFO:kbc-cli.py:Epoch 15/15	Loss 4.5299 ± 0.3616
INFO:kbc-cli.py:Epoch 15/15	dev results	MRR 0.884880	H@1 0.820225	H@3 0.940543	H@5 0.965356	H@10 0.980805	H@20 0.989700	H@50 0.995787	H@100 1.000000
INFO:kbc-cli.py:Epoch 15/15	test results	MRR 0.897782	H@1 0.836592	H@3 0.952514	H@5 0.973929	H@10 0.988361	H@20 0.994413	H@50 0.997672	H@100 1.000000
INFO:kbc-cli.py:Final 	dev results	MRR 0.884880	H@1 0.820225	H@3 0.940543	H@5 0.965356	H@10 0.980805	H@20 0.989700	H@50 0.995787	H@100 1.000000
INFO:kbc-cli.py:Final 	test results	MRR 0.897782	H@1 0.836592	H@3 0.952514	H@5 0.973929	H@10 0.988361	H@20 0.994413	H@50 0.997672	H@100 1.000000
INFO:kbc-cli.py:Training finished
