./bin/kbc-cli.py --train data/kinship/train.tsv --dev data/kinship/dev.tsv --test data/kinship/test.tsv -m complex -k 500 -b 50 -e 15 --F2 0 --N3 0.0005 -l 0.1 -I standard -V 3 -o adagrad -c so -q
{'F2': 0.0,
 'N3': 0.0005,
 'batch_size': 50,
 'corruption': 'so',
 'dev': 'data/kinship/dev.tsv',
 'embedding_size': 500,
 'epochs': 15,
 'eval_batch_size': None,
 'input_type': 'standard',
 'learning_rate': 0.1,
 'load': None,
 'model': 'complex',
 'optimizer': 'adagrad',
 'quiet': True,
 'save': None,
 'seed': 0,
 'test': 'data/kinship/test.tsv',
 'test_i': None,
 'test_ii': None,
 'train': 'data/kinship/train.tsv',
 'validate_every': 3}
INFO:kbc-cli.py:Device: cuda
INFO:kbc-cli.py:Model state:
INFO:kbc-cli.py:	entities.weight	torch.Size([104, 1000])
INFO:kbc-cli.py:	predicates.weight	torch.Size([25, 1000])
INFO:kbc-cli.py:Epoch 1/15	Loss 7.2233 ± 1.1257
INFO:kbc-cli.py:Epoch 2/15	Loss 5.4536 ± 0.2493
INFO:kbc-cli.py:Epoch 3/15	Loss 5.1391 ± 0.2750
INFO:kbc-cli.py:Epoch 3/15	dev results	MRR 0.854078	H@1 0.772472	H@3 0.926498	H@5 0.957865	H@10 0.976592	H@20 0.987360	H@50 0.993446	H@100 1.000000
INFO:kbc-cli.py:Epoch 3/15	test results	MRR 0.856454	H@1 0.775605	H@3 0.926443	H@5 0.964153	H@10 0.982775	H@20 0.992086	H@50 0.996276	H@100 1.000000
INFO:kbc-cli.py:Epoch 4/15	Loss 4.9707 ± 0.2705
INFO:kbc-cli.py:Epoch 5/15	Loss 4.8587 ± 0.2674
INFO:kbc-cli.py:Epoch 6/15	Loss 4.7740 ± 0.2473
INFO:kbc-cli.py:Epoch 6/15	dev results	MRR 0.883025	H@1 0.820225	H@3 0.940543	H@5 0.964888	H@10 0.979869	H@20 0.987360	H@50 0.993446	H@100 1.000000
INFO:kbc-cli.py:Epoch 6/15	test results	MRR 0.878878	H@1 0.807728	H@3 0.943203	H@5 0.972067	H@10 0.987430	H@20 0.992086	H@50 0.996741	H@100 1.000000
INFO:kbc-cli.py:Epoch 7/15	Loss 4.7128 ± 0.2490
INFO:kbc-cli.py:Epoch 8/15	Loss 4.6641 ± 0.2370
INFO:kbc-cli.py:Epoch 9/15	Loss 4.6224 ± 0.2281
INFO:kbc-cli.py:Epoch 9/15	dev results	MRR 0.878760	H@1 0.811330	H@3 0.940543	H@5 0.964888	H@10 0.979869	H@20 0.987360	H@50 0.992041	H@100 1.000000
INFO:kbc-cli.py:Epoch 9/15	test results	MRR 0.883659	H@1 0.813315	H@3 0.949255	H@5 0.973929	H@10 0.987896	H@20 0.992551	H@50 0.996741	H@100 1.000000
INFO:kbc-cli.py:Epoch 10/15	Loss 4.5896 ± 0.2365
INFO:kbc-cli.py:Epoch 11/15	Loss 4.5611 ± 0.2478
INFO:kbc-cli.py:Epoch 12/15	Loss 4.5353 ± 0.2266
INFO:kbc-cli.py:Epoch 12/15	dev results	MRR 0.879993	H@1 0.811798	H@3 0.941011	H@5 0.965356	H@10 0.980337	H@20 0.987360	H@50 0.992041	H@100 1.000000
INFO:kbc-cli.py:Epoch 12/15	test results	MRR 0.879682	H@1 0.807263	H@3 0.948324	H@5 0.974860	H@10 0.988361	H@20 0.992551	H@50 0.996741	H@100 1.000000
INFO:kbc-cli.py:Epoch 13/15	Loss 4.5129 ± 0.2379
INFO:kbc-cli.py:Epoch 14/15	Loss 4.4939 ± 0.2250
INFO:kbc-cli.py:Epoch 15/15	Loss 4.4776 ± 0.2066
INFO:kbc-cli.py:Epoch 15/15	dev results	MRR 0.881929	H@1 0.815543	H@3 0.943352	H@5 0.966760	H@10 0.980337	H@20 0.987360	H@50 0.992509	H@100 1.000000
INFO:kbc-cli.py:Epoch 15/15	test results	MRR 0.879631	H@1 0.807263	H@3 0.946927	H@5 0.972998	H@10 0.988361	H@20 0.993017	H@50 0.996741	H@100 1.000000
INFO:kbc-cli.py:Final 	dev results	MRR 0.881929	H@1 0.815543	H@3 0.943352	H@5 0.966760	H@10 0.980337	H@20 0.987360	H@50 0.992509	H@100 1.000000
INFO:kbc-cli.py:Final 	test results	MRR 0.879631	H@1 0.807263	H@3 0.946927	H@5 0.972998	H@10 0.988361	H@20 0.993017	H@50 0.996741	H@100 1.000000
INFO:kbc-cli.py:Training finished
