./bin/kbc-cli.py --train data/nations/train.tsv --dev data/nations/dev.tsv --test data/nations/test.tsv -m complex -k 100 -b 500 -e 15 --F2 0 --N3 0.005 -l 0.1 -I reciprocal -V 3 -o adagrad -c spo -q
{'F2': 0.0,
 'N3': 0.005,
 'batch_size': 500,
 'corruption': 'spo',
 'dev': 'data/nations/dev.tsv',
 'embedding_size': 100,
 'epochs': 15,
 'eval_batch_size': None,
 'input_type': 'reciprocal',
 'learning_rate': 0.1,
 'load': None,
 'model': 'complex',
 'optimizer': 'adagrad',
 'quiet': True,
 'save': None,
 'seed': 0,
 'test': 'data/nations/test.tsv',
 'test_i': None,
 'test_ii': None,
 'train': 'data/nations/train.tsv',
 'validate_every': 3}
INFO:kbc-cli.py:Device: cuda
INFO:kbc-cli.py:Model state:
INFO:kbc-cli.py:	entities.weight	torch.Size([14, 200])
INFO:kbc-cli.py:	predicates.weight	torch.Size([110, 200])
INFO:kbc-cli.py:Epoch 1/15	Loss 10.0109 ± 0.0241
INFO:kbc-cli.py:Epoch 2/15	Loss 9.3713 ± 0.1510
INFO:kbc-cli.py:Epoch 3/15	Loss 8.3329 ± 0.1107
INFO:kbc-cli.py:Epoch 3/15	dev results	MRR 0.716465	H@1 0.565327	H@3 0.846734	H@5 0.929648	H@10 1.000000	H@20 1.000000	H@50 1.000000	H@100 1.000000
INFO:kbc-cli.py:Epoch 3/15	test results	MRR 0.749193	H@1 0.601990	H@3 0.875622	H@5 0.942786	H@10 1.000000	H@20 1.000000	H@50 1.000000	H@100 1.000000
INFO:kbc-cli.py:Epoch 4/15	Loss 7.8729 ± 0.1938
INFO:kbc-cli.py:Epoch 5/15	Loss 7.5843 ± 0.2231
INFO:kbc-cli.py:Epoch 6/15	Loss 7.4309 ± 0.2348
INFO:kbc-cli.py:Epoch 6/15	dev results	MRR 0.748962	H@1 0.613065	H@3 0.871859	H@5 0.952261	H@10 0.997487	H@20 1.000000	H@50 1.000000	H@100 1.000000
INFO:kbc-cli.py:Epoch 6/15	test results	MRR 0.762649	H@1 0.616915	H@3 0.883085	H@5 0.955224	H@10 0.997512	H@20 1.000000	H@50 1.000000	H@100 1.000000
INFO:kbc-cli.py:Epoch 7/15	Loss 7.3017 ± 0.1798
INFO:kbc-cli.py:Epoch 8/15	Loss 7.2288 ± 0.2397
INFO:kbc-cli.py:Epoch 9/15	Loss 7.1545 ± 0.1874
INFO:kbc-cli.py:Epoch 9/15	dev results	MRR 0.754408	H@1 0.623116	H@3 0.874372	H@5 0.947236	H@10 0.997487	H@20 1.000000	H@50 1.000000	H@100 1.000000
INFO:kbc-cli.py:Epoch 9/15	test results	MRR 0.771105	H@1 0.634328	H@3 0.898010	H@5 0.950249	H@10 0.997512	H@20 1.000000	H@50 1.000000	H@100 1.000000
INFO:kbc-cli.py:Epoch 10/15	Loss 7.1097 ± 0.2227
INFO:kbc-cli.py:Epoch 11/15	Loss 7.0597 ± 0.1836
INFO:kbc-cli.py:Epoch 12/15	Loss 7.0248 ± 0.1831
INFO:kbc-cli.py:Epoch 12/15	dev results	MRR 0.751197	H@1 0.610553	H@3 0.876884	H@5 0.949749	H@10 0.997487	H@20 1.000000	H@50 1.000000	H@100 1.000000
INFO:kbc-cli.py:Epoch 12/15	test results	MRR 0.774231	H@1 0.639303	H@3 0.905473	H@5 0.947761	H@10 0.997512	H@20 1.000000	H@50 1.000000	H@100 1.000000
INFO:kbc-cli.py:Epoch 13/15	Loss 6.9872 ± 0.1317
INFO:kbc-cli.py:Epoch 14/15	Loss 6.9783 ± 0.2055
INFO:kbc-cli.py:Epoch 15/15	Loss 6.9508 ± 0.1884
INFO:kbc-cli.py:Epoch 15/15	dev results	MRR 0.749519	H@1 0.608040	H@3 0.869347	H@5 0.952261	H@10 0.997487	H@20 1.000000	H@50 1.000000	H@100 1.000000
INFO:kbc-cli.py:Epoch 15/15	test results	MRR 0.775092	H@1 0.641791	H@3 0.900498	H@5 0.952736	H@10 0.997512	H@20 1.000000	H@50 1.000000	H@100 1.000000
INFO:kbc-cli.py:Final 	dev results	MRR 0.749519	H@1 0.608040	H@3 0.869347	H@5 0.952261	H@10 0.997487	H@20 1.000000	H@50 1.000000	H@100 1.000000
INFO:kbc-cli.py:Final 	test results	MRR 0.775092	H@1 0.641791	H@3 0.900498	H@5 0.952736	H@10 0.997512	H@20 1.000000	H@50 1.000000	H@100 1.000000
INFO:kbc-cli.py:Training finished
