./bin/kbc-cli.py --train data/kinship/train.tsv --dev data/kinship/dev.tsv --test data/kinship/test.tsv -m complex -k 500 -b 500 -e 15 --F2 0 --N3 0.0005 -l 0.1 -I reciprocal -V 3 -o adagrad -c so -q
{'F2': 0.0,
 'N3': 0.0005,
 'batch_size': 500,
 'corruption': 'so',
 'dev': 'data/kinship/dev.tsv',
 'embedding_size': 500,
 'epochs': 15,
 'eval_batch_size': None,
 'input_type': 'reciprocal',
 'learning_rate': 0.1,
 'load': None,
 'model': 'complex',
 'optimizer': 'adagrad',
 'quiet': True,
 'save': None,
 'seed': 0,
 'test': 'data/kinship/test.tsv',
 'test_i': None,
 'test_ii': None,
 'train': 'data/kinship/train.tsv',
 'validate_every': 3}
INFO:kbc-cli.py:Device: cuda
INFO:kbc-cli.py:Model state:
INFO:kbc-cli.py:	entities.weight	torch.Size([104, 1000])
INFO:kbc-cli.py:	predicates.weight	torch.Size([50, 1000])
INFO:kbc-cli.py:Epoch 1/15	Loss 7.0948 ± 1.2340
INFO:kbc-cli.py:Epoch 2/15	Loss 5.2365 ± 0.1107
INFO:kbc-cli.py:Epoch 3/15	Loss 4.9249 ± 0.1465
INFO:kbc-cli.py:Epoch 3/15	dev results	MRR 0.847918	H@1 0.761236	H@3 0.924625	H@5 0.955993	H@10 0.977528	H@20 0.987360	H@50 0.991573	H@100 0.999532
INFO:kbc-cli.py:Epoch 3/15	test results	MRR 0.852377	H@1 0.762104	H@3 0.933892	H@5 0.966015	H@10 0.987430	H@20 0.993482	H@50 0.996741	H@100 1.000000
INFO:kbc-cli.py:Epoch 4/15	Loss 4.7724 ± 0.1534
INFO:kbc-cli.py:Epoch 5/15	Loss 4.6761 ± 0.1632
INFO:kbc-cli.py:Epoch 6/15	Loss 4.6093 ± 0.1568
INFO:kbc-cli.py:Epoch 6/15	dev results	MRR 0.862713	H@1 0.786049	H@3 0.932584	H@5 0.959738	H@10 0.977060	H@20 0.986891	H@50 0.991105	H@100 0.999532
INFO:kbc-cli.py:Epoch 6/15	test results	MRR 0.871026	H@1 0.792365	H@3 0.944134	H@5 0.972998	H@10 0.987896	H@20 0.993948	H@50 0.996741	H@100 1.000000
INFO:kbc-cli.py:Epoch 7/15	Loss 4.5510 ± 0.1460
INFO:kbc-cli.py:Epoch 8/15	Loss 4.5117 ± 0.1489
INFO:kbc-cli.py:Epoch 9/15	Loss 4.4859 ± 0.1396
INFO:kbc-cli.py:Epoch 9/15	dev results	MRR 0.865983	H@1 0.793071	H@3 0.936798	H@5 0.961610	H@10 0.977996	H@20 0.986891	H@50 0.991105	H@100 1.000000
INFO:kbc-cli.py:Epoch 9/15	test results	MRR 0.875506	H@1 0.797952	H@3 0.950652	H@5 0.972998	H@10 0.987430	H@20 0.993948	H@50 0.996741	H@100 1.000000
INFO:kbc-cli.py:Epoch 10/15	Loss 4.4568 ± 0.1457
INFO:kbc-cli.py:Epoch 11/15	Loss 4.4342 ± 0.1495
INFO:kbc-cli.py:Epoch 12/15	Loss 4.4158 ± 0.1334
INFO:kbc-cli.py:Epoch 12/15	dev results	MRR 0.868819	H@1 0.797753	H@3 0.936798	H@5 0.962079	H@10 0.977996	H@20 0.986423	H@50 0.991105	H@100 1.000000
INFO:kbc-cli.py:Epoch 12/15	test results	MRR 0.875692	H@1 0.799348	H@3 0.945531	H@5 0.971136	H@10 0.987430	H@20 0.993948	H@50 0.996741	H@100 1.000000
INFO:kbc-cli.py:Epoch 13/15	Loss 4.3982 ± 0.1291
INFO:kbc-cli.py:Epoch 14/15	Loss 4.3836 ± 0.1286
INFO:kbc-cli.py:Epoch 15/15	Loss 4.3758 ± 0.1382
INFO:kbc-cli.py:Epoch 15/15	dev results	MRR 0.874334	H@1 0.805243	H@3 0.935861	H@5 0.962079	H@10 0.978464	H@20 0.986891	H@50 0.991573	H@100 1.000000
INFO:kbc-cli.py:Epoch 15/15	test results	MRR 0.877409	H@1 0.799814	H@3 0.949721	H@5 0.972533	H@10 0.987430	H@20 0.993948	H@50 0.996741	H@100 1.000000
INFO:kbc-cli.py:Final 	dev results	MRR 0.874334	H@1 0.805243	H@3 0.935861	H@5 0.962079	H@10 0.978464	H@20 0.986891	H@50 0.991573	H@100 1.000000
INFO:kbc-cli.py:Final 	test results	MRR 0.877409	H@1 0.799814	H@3 0.949721	H@5 0.972533	H@10 0.987430	H@20 0.993948	H@50 0.996741	H@100 1.000000
INFO:kbc-cli.py:Training finished
