./bin/kbc-cli.py --train data/umls/train.tsv --dev data/umls/dev.tsv --test data/umls/test.tsv -m complex -k 200 -b 500 -e 15 --F2 0 --N3 0.001 -l 0.1 -I standard -V 3 -o adagrad -c so -q
{'F2': 0.0,
 'N3': 0.001,
 'batch_size': 500,
 'corruption': 'so',
 'dev': 'data/umls/dev.tsv',
 'embedding_size': 200,
 'epochs': 15,
 'eval_batch_size': None,
 'input_type': 'standard',
 'learning_rate': 0.1,
 'load': None,
 'model': 'complex',
 'optimizer': 'adagrad',
 'quiet': True,
 'save': None,
 'seed': 0,
 'test': 'data/umls/test.tsv',
 'test_i': None,
 'test_ii': None,
 'train': 'data/umls/train.tsv',
 'validate_every': 3}
INFO:kbc-cli.py:Device: cuda
INFO:kbc-cli.py:Model state:
INFO:kbc-cli.py:	entities.weight	torch.Size([135, 400])
INFO:kbc-cli.py:	predicates.weight	torch.Size([46, 400])
INFO:kbc-cli.py:Epoch 1/15	Loss 8.6950 ± 1.0339
INFO:kbc-cli.py:Epoch 2/15	Loss 6.4247 ± 0.0700
INFO:kbc-cli.py:Epoch 3/15	Loss 5.9593 ± 0.1399
INFO:kbc-cli.py:Epoch 3/15	dev results	MRR 0.899554	H@1 0.825920	H@3 0.967025	H@5 0.983129	H@10 0.992331	H@20 0.995399	H@50 0.997699	H@100 0.999233
INFO:kbc-cli.py:Epoch 3/15	test results	MRR 0.893185	H@1 0.816944	H@3 0.967474	H@5 0.979576	H@10 0.990166	H@20 0.992436	H@50 0.993192	H@100 0.996218
INFO:kbc-cli.py:Epoch 4/15	Loss 5.7494 ± 0.1600
INFO:kbc-cli.py:Epoch 5/15	Loss 5.6095 ± 0.1281
INFO:kbc-cli.py:Epoch 6/15	Loss 5.5238 ± 0.1451
INFO:kbc-cli.py:Epoch 6/15	dev results	MRR 0.919030	H@1 0.855061	H@3 0.980061	H@5 0.990031	H@10 0.996933	H@20 0.998466	H@50 1.000000	H@100 1.000000
INFO:kbc-cli.py:Epoch 6/15	test results	MRR 0.900031	H@1 0.817700	H@3 0.981846	H@5 0.990923	H@10 0.997731	H@20 0.997731	H@50 0.998487	H@100 1.000000
INFO:kbc-cli.py:Epoch 7/15	Loss 5.4740 ± 0.1430
INFO:kbc-cli.py:Epoch 8/15	Loss 5.4297 ± 0.1527
INFO:kbc-cli.py:Epoch 9/15	Loss 5.3873 ± 0.1753
INFO:kbc-cli.py:Epoch 9/15	dev results	MRR 0.943250	H@1 0.901840	H@3 0.982362	H@5 0.990031	H@10 0.996933	H@20 0.997699	H@50 1.000000	H@100 1.000000
INFO:kbc-cli.py:Epoch 9/15	test results	MRR 0.933072	H@1 0.881241	H@3 0.981089	H@5 0.991679	H@10 0.997731	H@20 0.998487	H@50 0.999244	H@100 1.000000
INFO:kbc-cli.py:Epoch 10/15	Loss 5.3668 ± 0.1368
INFO:kbc-cli.py:Epoch 11/15	Loss 5.3421 ± 0.1201
INFO:kbc-cli.py:Epoch 12/15	Loss 5.3223 ± 0.1545
INFO:kbc-cli.py:Epoch 12/15	dev results	MRR 0.949055	H@1 0.912577	H@3 0.982362	H@5 0.992331	H@10 0.996166	H@20 0.998466	H@50 1.000000	H@100 1.000000
INFO:kbc-cli.py:Epoch 12/15	test results	MRR 0.935623	H@1 0.885779	H@3 0.982602	H@5 0.991679	H@10 0.998487	H@20 0.998487	H@50 1.000000	H@100 1.000000
INFO:kbc-cli.py:Epoch 13/15	Loss 5.3088 ± 0.1554
INFO:kbc-cli.py:Epoch 14/15	Loss 5.2875 ± 0.1182
INFO:kbc-cli.py:Epoch 15/15	Loss 5.2740 ± 0.1451
INFO:kbc-cli.py:Epoch 15/15	dev results	MRR 0.962900	H@1 0.937883	H@3 0.985429	H@5 0.991564	H@10 0.996166	H@20 0.998466	H@50 1.000000	H@100 1.000000
INFO:kbc-cli.py:Epoch 15/15	test results	MRR 0.950567	H@1 0.913767	H@3 0.985628	H@5 0.994705	H@10 0.998487	H@20 0.998487	H@50 1.000000	H@100 1.000000
INFO:kbc-cli.py:Final 	dev results	MRR 0.962900	H@1 0.937883	H@3 0.985429	H@5 0.991564	H@10 0.996166	H@20 0.998466	H@50 1.000000	H@100 1.000000
INFO:kbc-cli.py:Final 	test results	MRR 0.950567	H@1 0.913767	H@3 0.985628	H@5 0.994705	H@10 0.998487	H@20 0.998487	H@50 1.000000	H@100 1.000000
INFO:kbc-cli.py:Training finished
