./bin/kbc-cli.py --train data/nations/train.tsv --dev data/nations/dev.tsv --test data/nations/test.tsv -m complex -k 500 -b 50 -e 15 --F2 0 --N3 0.005 -l 0.1 -I reciprocal -V 3 -o adagrad -c so -q
{'F2': 0.0,
 'N3': 0.005,
 'batch_size': 50,
 'corruption': 'so',
 'dev': 'data/nations/dev.tsv',
 'embedding_size': 500,
 'epochs': 15,
 'eval_batch_size': None,
 'input_type': 'reciprocal',
 'learning_rate': 0.1,
 'load': None,
 'model': 'complex',
 'optimizer': 'adagrad',
 'quiet': True,
 'save': None,
 'seed': 0,
 'test': 'data/nations/test.tsv',
 'test_i': None,
 'test_ii': None,
 'train': 'data/nations/train.tsv',
 'validate_every': 3}
INFO:kbc-cli.py:Device: cuda
INFO:kbc-cli.py:Model state:
INFO:kbc-cli.py:	entities.weight	torch.Size([14, 1000])
INFO:kbc-cli.py:	predicates.weight	torch.Size([110, 1000])
INFO:kbc-cli.py:Epoch 1/15	Loss 5.3639 ± 0.2136
INFO:kbc-cli.py:Epoch 2/15	Loss 4.5758 ± 0.1753
INFO:kbc-cli.py:Epoch 3/15	Loss 4.2356 ± 0.2330
INFO:kbc-cli.py:Epoch 3/15	dev results	MRR 0.800888	H@1 0.680905	H@3 0.902010	H@5 0.974874	H@10 1.000000	H@20 1.000000	H@50 1.000000	H@100 1.000000
INFO:kbc-cli.py:Epoch 3/15	test results	MRR 0.792915	H@1 0.669154	H@3 0.902985	H@5 0.960199	H@10 1.000000	H@20 1.000000	H@50 1.000000	H@100 1.000000
INFO:kbc-cli.py:Epoch 4/15	Loss 4.0658 ± 0.2042
INFO:kbc-cli.py:Epoch 5/15	Loss 3.9680 ± 0.2221
INFO:kbc-cli.py:Epoch 6/15	Loss 3.8975 ± 0.2401
INFO:kbc-cli.py:Epoch 6/15	dev results	MRR 0.812887	H@1 0.703518	H@3 0.909548	H@5 0.969849	H@10 0.997487	H@20 1.000000	H@50 1.000000	H@100 1.000000
INFO:kbc-cli.py:Epoch 6/15	test results	MRR 0.798389	H@1 0.676617	H@3 0.900498	H@5 0.965174	H@10 1.000000	H@20 1.000000	H@50 1.000000	H@100 1.000000
INFO:kbc-cli.py:Epoch 7/15	Loss 3.8449 ± 0.2341
INFO:kbc-cli.py:Epoch 8/15	Loss 3.8114 ± 0.2376
INFO:kbc-cli.py:Epoch 9/15	Loss 3.7758 ± 0.2277
INFO:kbc-cli.py:Epoch 9/15	dev results	MRR 0.820385	H@1 0.713568	H@3 0.922111	H@5 0.969849	H@10 1.000000	H@20 1.000000	H@50 1.000000	H@100 1.000000
INFO:kbc-cli.py:Epoch 9/15	test results	MRR 0.797455	H@1 0.666667	H@3 0.920398	H@5 0.967662	H@10 1.000000	H@20 1.000000	H@50 1.000000	H@100 1.000000
INFO:kbc-cli.py:Epoch 10/15	Loss 3.7520 ± 0.2322
INFO:kbc-cli.py:Epoch 11/15	Loss 3.7291 ± 0.1957
INFO:kbc-cli.py:Epoch 12/15	Loss 3.7156 ± 0.2177
INFO:kbc-cli.py:Epoch 12/15	dev results	MRR 0.822734	H@1 0.713568	H@3 0.917085	H@5 0.972362	H@10 1.000000	H@20 1.000000	H@50 1.000000	H@100 1.000000
INFO:kbc-cli.py:Epoch 12/15	test results	MRR 0.792461	H@1 0.659204	H@3 0.910448	H@5 0.962687	H@10 1.000000	H@20 1.000000	H@50 1.000000	H@100 1.000000
INFO:kbc-cli.py:Epoch 13/15	Loss 3.6986 ± 0.1738
INFO:kbc-cli.py:Epoch 14/15	Loss 3.6862 ± 0.2220
INFO:kbc-cli.py:Epoch 15/15	Loss 3.6717 ± 0.2025
INFO:kbc-cli.py:Epoch 15/15	dev results	MRR 0.815621	H@1 0.701005	H@3 0.914573	H@5 0.969849	H@10 1.000000	H@20 1.000000	H@50 1.000000	H@100 1.000000
INFO:kbc-cli.py:Epoch 15/15	test results	MRR 0.799006	H@1 0.671642	H@3 0.905473	H@5 0.965174	H@10 1.000000	H@20 1.000000	H@50 1.000000	H@100 1.000000
INFO:kbc-cli.py:Final 	dev results	MRR 0.815621	H@1 0.701005	H@3 0.914573	H@5 0.969849	H@10 1.000000	H@20 1.000000	H@50 1.000000	H@100 1.000000
INFO:kbc-cli.py:Final 	test results	MRR 0.799006	H@1 0.671642	H@3 0.905473	H@5 0.965174	H@10 1.000000	H@20 1.000000	H@50 1.000000	H@100 1.000000
INFO:kbc-cli.py:Training finished
