./bin/kbc-cli.py --train data/umls/train.tsv --dev data/umls/dev.tsv --test data/umls/test.tsv -m complex -k 200 -b 50 -e 15 --F2 0 --N3 0.1 -l 0.1 -I standard -V 3 -o adagrad -c so -q
{'F2': 0.0,
 'N3': 0.1,
 'batch_size': 50,
 'corruption': 'so',
 'dev': 'data/umls/dev.tsv',
 'embedding_size': 200,
 'epochs': 15,
 'eval_batch_size': None,
 'input_type': 'standard',
 'learning_rate': 0.1,
 'load': None,
 'model': 'complex',
 'optimizer': 'adagrad',
 'quiet': True,
 'save': None,
 'seed': 0,
 'test': 'data/umls/test.tsv',
 'test_i': None,
 'test_ii': None,
 'train': 'data/umls/train.tsv',
 'validate_every': 3}
INFO:kbc-cli.py:Device: cuda
INFO:kbc-cli.py:Model state:
INFO:kbc-cli.py:	entities.weight	torch.Size([135, 400])
INFO:kbc-cli.py:	predicates.weight	torch.Size([46, 400])
INFO:kbc-cli.py:Epoch 1/15	Loss 8.9928 ± 0.6895
INFO:kbc-cli.py:Epoch 2/15	Loss 8.1079 ± 0.1594
INFO:kbc-cli.py:Epoch 3/15	Loss 7.9708 ± 0.1739
INFO:kbc-cli.py:Epoch 3/15	dev results	MRR 0.856635	H@1 0.770706	H@3 0.932515	H@5 0.949387	H@10 0.979294	H@20 0.987730	H@50 0.997699	H@100 1.000000
INFO:kbc-cli.py:Epoch 3/15	test results	MRR 0.844977	H@1 0.748109	H@3 0.934947	H@5 0.959153	H@10 0.982602	H@20 0.990923	H@50 0.996218	H@100 1.000000
INFO:kbc-cli.py:Epoch 4/15	Loss 7.9155 ± 0.1697
INFO:kbc-cli.py:Epoch 5/15	Loss 7.8818 ± 0.1578
INFO:kbc-cli.py:Epoch 6/15	Loss 7.8610 ± 0.1701
INFO:kbc-cli.py:Epoch 6/15	dev results	MRR 0.870429	H@1 0.783742	H@3 0.947086	H@5 0.967791	H@10 0.982362	H@20 0.991564	H@50 0.998466	H@100 1.000000
INFO:kbc-cli.py:Epoch 6/15	test results	MRR 0.865434	H@1 0.770802	H@3 0.953858	H@5 0.978820	H@10 0.989410	H@20 0.993949	H@50 0.996974	H@100 1.000000
INFO:kbc-cli.py:Epoch 7/15	Loss 7.8428 ± 0.1569
INFO:kbc-cli.py:Epoch 8/15	Loss 7.8325 ± 0.1496
INFO:kbc-cli.py:Epoch 9/15	Loss 7.8192 ± 0.1672
INFO:kbc-cli.py:Epoch 9/15	dev results	MRR 0.881681	H@1 0.800613	H@3 0.956288	H@5 0.971626	H@10 0.986196	H@20 0.990798	H@50 0.998466	H@100 1.000000
INFO:kbc-cli.py:Epoch 9/15	test results	MRR 0.878018	H@1 0.789713	H@3 0.961422	H@5 0.979576	H@10 0.990923	H@20 0.993949	H@50 0.997731	H@100 1.000000
INFO:kbc-cli.py:Epoch 10/15	Loss 7.8137 ± 0.1806
INFO:kbc-cli.py:Epoch 11/15	Loss 7.8066 ± 0.1583
INFO:kbc-cli.py:Epoch 12/15	Loss 7.7978 ± 0.1489
INFO:kbc-cli.py:Epoch 12/15	dev results	MRR 0.880054	H@1 0.796012	H@3 0.957055	H@5 0.970092	H@10 0.986963	H@20 0.992331	H@50 0.998466	H@100 1.000000
INFO:kbc-cli.py:Epoch 12/15	test results	MRR 0.879118	H@1 0.790469	H@3 0.965204	H@5 0.977307	H@10 0.990923	H@20 0.993949	H@50 0.996974	H@100 1.000000
INFO:kbc-cli.py:Epoch 13/15	Loss 7.7943 ± 0.1487
INFO:kbc-cli.py:Epoch 14/15	Loss 7.7875 ± 0.1440
INFO:kbc-cli.py:Epoch 15/15	Loss 7.7846 ± 0.1626
INFO:kbc-cli.py:Epoch 15/15	dev results	MRR 0.888283	H@1 0.811350	H@3 0.958589	H@5 0.972393	H@10 0.988497	H@20 0.991564	H@50 0.998466	H@100 1.000000
INFO:kbc-cli.py:Epoch 15/15	test results	MRR 0.891923	H@1 0.811649	H@3 0.968986	H@5 0.981089	H@10 0.990923	H@20 0.994705	H@50 0.996218	H@100 1.000000
INFO:kbc-cli.py:Final 	dev results	MRR 0.888283	H@1 0.811350	H@3 0.958589	H@5 0.972393	H@10 0.988497	H@20 0.991564	H@50 0.998466	H@100 1.000000
INFO:kbc-cli.py:Final 	test results	MRR 0.891923	H@1 0.811649	H@3 0.968986	H@5 0.981089	H@10 0.990923	H@20 0.994705	H@50 0.996218	H@100 1.000000
INFO:kbc-cli.py:Training finished
