./bin/kbc-cli.py --train data/nations/train.tsv --dev data/nations/dev.tsv --test data/nations/test.tsv -m complex -k 100 -b 500 -e 15 --F2 0 --N3 0.0005 -l 0.1 -I standard -V 3 -o adagrad -c spo -q
{'F2': 0.0,
 'N3': 0.0005,
 'batch_size': 500,
 'corruption': 'spo',
 'dev': 'data/nations/dev.tsv',
 'embedding_size': 100,
 'epochs': 15,
 'eval_batch_size': None,
 'input_type': 'standard',
 'learning_rate': 0.1,
 'load': None,
 'model': 'complex',
 'optimizer': 'adagrad',
 'quiet': True,
 'save': None,
 'seed': 0,
 'test': 'data/nations/test.tsv',
 'test_i': None,
 'test_ii': None,
 'train': 'data/nations/train.tsv',
 'validate_every': 3}
INFO:kbc-cli.py:Device: cuda
INFO:kbc-cli.py:Model state:
INFO:kbc-cli.py:	entities.weight	torch.Size([14, 200])
INFO:kbc-cli.py:	predicates.weight	torch.Size([55, 200])
INFO:kbc-cli.py:Epoch 1/15	Loss 9.3051 ± 0.0294
INFO:kbc-cli.py:Epoch 2/15	Loss 8.9201 ± 0.0669
INFO:kbc-cli.py:Epoch 3/15	Loss 8.0279 ± 0.0827
INFO:kbc-cli.py:Epoch 3/15	dev results	MRR 0.656399	H@1 0.492462	H@3 0.773869	H@5 0.902010	H@10 0.989950	H@20 1.000000	H@50 1.000000	H@100 1.000000
INFO:kbc-cli.py:Epoch 3/15	test results	MRR 0.687000	H@1 0.517413	H@3 0.828358	H@5 0.930348	H@10 0.985075	H@20 1.000000	H@50 1.000000	H@100 1.000000
INFO:kbc-cli.py:Epoch 4/15	Loss 7.3722 ± 0.1606
INFO:kbc-cli.py:Epoch 5/15	Loss 6.9185 ± 0.1389
INFO:kbc-cli.py:Epoch 6/15	Loss 6.8329 ± 0.2647
INFO:kbc-cli.py:Epoch 6/15	dev results	MRR 0.693576	H@1 0.535176	H@3 0.811558	H@5 0.939698	H@10 0.997487	H@20 1.000000	H@50 1.000000	H@100 1.000000
INFO:kbc-cli.py:Epoch 6/15	test results	MRR 0.733422	H@1 0.582090	H@3 0.855721	H@5 0.935323	H@10 0.997512	H@20 1.000000	H@50 1.000000	H@100 1.000000
INFO:kbc-cli.py:Epoch 7/15	Loss 6.5704 ± 0.0933
INFO:kbc-cli.py:Epoch 8/15	Loss 6.4999 ± 0.1440
INFO:kbc-cli.py:Epoch 9/15	Loss 6.3338 ± 0.1499
INFO:kbc-cli.py:Epoch 9/15	dev results	MRR 0.723110	H@1 0.577889	H@3 0.839196	H@5 0.917085	H@10 0.994975	H@20 1.000000	H@50 1.000000	H@100 1.000000
INFO:kbc-cli.py:Epoch 9/15	test results	MRR 0.737975	H@1 0.594527	H@3 0.853234	H@5 0.940299	H@10 0.997512	H@20 1.000000	H@50 1.000000	H@100 1.000000
INFO:kbc-cli.py:Epoch 10/15	Loss 6.3800 ± 0.2001
INFO:kbc-cli.py:Epoch 11/15	Loss 6.2817 ± 0.1075
INFO:kbc-cli.py:Epoch 12/15	Loss 6.2305 ± 0.1388
INFO:kbc-cli.py:Epoch 12/15	dev results	MRR 0.730159	H@1 0.592965	H@3 0.846734	H@5 0.924623	H@10 0.994975	H@20 1.000000	H@50 1.000000	H@100 1.000000
INFO:kbc-cli.py:Epoch 12/15	test results	MRR 0.748999	H@1 0.604478	H@3 0.868159	H@5 0.935323	H@10 0.995025	H@20 1.000000	H@50 1.000000	H@100 1.000000
INFO:kbc-cli.py:Epoch 13/15	Loss 6.2007 ± 0.0955
INFO:kbc-cli.py:Epoch 14/15	Loss 6.1525 ± 0.1409
INFO:kbc-cli.py:Epoch 15/15	Loss 6.1178 ± 0.0884
INFO:kbc-cli.py:Epoch 15/15	dev results	MRR 0.741366	H@1 0.605528	H@3 0.851759	H@5 0.924623	H@10 0.994975	H@20 1.000000	H@50 1.000000	H@100 1.000000
INFO:kbc-cli.py:Epoch 15/15	test results	MRR 0.737005	H@1 0.589552	H@3 0.868159	H@5 0.930348	H@10 0.997512	H@20 1.000000	H@50 1.000000	H@100 1.000000
INFO:kbc-cli.py:Final 	dev results	MRR 0.741366	H@1 0.605528	H@3 0.851759	H@5 0.924623	H@10 0.994975	H@20 1.000000	H@50 1.000000	H@100 1.000000
INFO:kbc-cli.py:Final 	test results	MRR 0.737005	H@1 0.589552	H@3 0.868159	H@5 0.930348	H@10 0.997512	H@20 1.000000	H@50 1.000000	H@100 1.000000
INFO:kbc-cli.py:Training finished
