./bin/kbc-cli.py --train data/umls/train.tsv --dev data/umls/dev.tsv --test data/umls/test.tsv -m complex -k 100 -b 50 -e 15 --F2 0 --N3 0.05 -l 0.1 -I reciprocal -V 3 -o adagrad -c so -q
{'F2': 0.0,
 'N3': 0.05,
 'batch_size': 50,
 'corruption': 'so',
 'dev': 'data/umls/dev.tsv',
 'embedding_size': 100,
 'epochs': 15,
 'eval_batch_size': None,
 'input_type': 'reciprocal',
 'learning_rate': 0.1,
 'load': None,
 'model': 'complex',
 'optimizer': 'adagrad',
 'quiet': True,
 'save': None,
 'seed': 0,
 'test': 'data/umls/test.tsv',
 'test_i': None,
 'test_ii': None,
 'train': 'data/umls/train.tsv',
 'validate_every': 3}
INFO:kbc-cli.py:Device: cuda
INFO:kbc-cli.py:Model state:
INFO:kbc-cli.py:	entities.weight	torch.Size([135, 200])
INFO:kbc-cli.py:	predicates.weight	torch.Size([92, 200])
INFO:kbc-cli.py:Epoch 1/15	Loss 8.1352 ± 0.8575
INFO:kbc-cli.py:Epoch 2/15	Loss 7.1683 ± 0.1744
INFO:kbc-cli.py:Epoch 3/15	Loss 7.0428 ± 0.1666
INFO:kbc-cli.py:Epoch 3/15	dev results	MRR 0.895043	H@1 0.812883	H@3 0.969325	H@5 0.986963	H@10 0.994632	H@20 0.998466	H@50 1.000000	H@100 1.000000
INFO:kbc-cli.py:Epoch 3/15	test results	MRR 0.885310	H@1 0.794251	H@3 0.974281	H@5 0.984871	H@10 0.993192	H@20 0.995461	H@50 0.996974	H@100 1.000000
INFO:kbc-cli.py:Epoch 4/15	Loss 6.9906 ± 0.1705
INFO:kbc-cli.py:Epoch 5/15	Loss 6.9577 ± 0.1514
INFO:kbc-cli.py:Epoch 6/15	Loss 6.9334 ± 0.1666
INFO:kbc-cli.py:Epoch 6/15	dev results	MRR 0.907367	H@1 0.834356	H@3 0.976994	H@5 0.983896	H@10 0.996166	H@20 0.998466	H@50 1.000000	H@100 1.000000
INFO:kbc-cli.py:Epoch 6/15	test results	MRR 0.900727	H@1 0.819213	H@3 0.981846	H@5 0.988654	H@10 0.993192	H@20 0.996218	H@50 0.998487	H@100 1.000000
INFO:kbc-cli.py:Epoch 7/15	Loss 6.9170 ± 0.1748
INFO:kbc-cli.py:Epoch 8/15	Loss 6.9032 ± 0.1621
INFO:kbc-cli.py:Epoch 9/15	Loss 6.8939 ± 0.1635
INFO:kbc-cli.py:Epoch 9/15	dev results	MRR 0.914885	H@1 0.847393	H@3 0.976994	H@5 0.986196	H@10 0.996166	H@20 0.998466	H@50 1.000000	H@100 1.000000
INFO:kbc-cli.py:Epoch 9/15	test results	MRR 0.904509	H@1 0.826778	H@3 0.981089	H@5 0.989410	H@10 0.995461	H@20 0.996974	H@50 0.998487	H@100 1.000000
INFO:kbc-cli.py:Epoch 10/15	Loss 6.8840 ± 0.1641
INFO:kbc-cli.py:Epoch 11/15	Loss 6.8755 ± 0.1666
INFO:kbc-cli.py:Epoch 12/15	Loss 6.8688 ± 0.1612
INFO:kbc-cli.py:Epoch 12/15	dev results	MRR 0.917281	H@1 0.852761	H@3 0.977761	H@5 0.984663	H@10 0.995399	H@20 0.998466	H@50 1.000000	H@100 1.000000
INFO:kbc-cli.py:Epoch 12/15	test results	MRR 0.915849	H@1 0.847201	H@3 0.983359	H@5 0.987897	H@10 0.995461	H@20 0.996974	H@50 0.998487	H@100 1.000000
INFO:kbc-cli.py:Epoch 13/15	Loss 6.8628 ± 0.1457
INFO:kbc-cli.py:Epoch 14/15	Loss 6.8588 ± 0.1630
INFO:kbc-cli.py:Epoch 15/15	Loss 6.8530 ± 0.1533
INFO:kbc-cli.py:Epoch 15/15	dev results	MRR 0.918587	H@1 0.855061	H@3 0.976994	H@5 0.983896	H@10 0.995399	H@20 0.998466	H@50 1.000000	H@100 1.000000
INFO:kbc-cli.py:Epoch 15/15	test results	MRR 0.916729	H@1 0.848714	H@3 0.985628	H@5 0.990923	H@10 0.995461	H@20 0.996974	H@50 0.998487	H@100 1.000000
INFO:kbc-cli.py:Final 	dev results	MRR 0.918587	H@1 0.855061	H@3 0.976994	H@5 0.983896	H@10 0.995399	H@20 0.998466	H@50 1.000000	H@100 1.000000
INFO:kbc-cli.py:Final 	test results	MRR 0.916729	H@1 0.848714	H@3 0.985628	H@5 0.990923	H@10 0.995461	H@20 0.996974	H@50 0.998487	H@100 1.000000
INFO:kbc-cli.py:Training finished
