./bin/kbc-cli.py --train data/nations/train.tsv --dev data/nations/dev.tsv --test data/nations/test.tsv -m complex -k 200 -b 50 -e 15 --F2 0 --N3 0.001 -l 0.1 -I standard -V 3 -o adagrad -c spo -q
{'F2': 0.0,
 'N3': 0.001,
 'batch_size': 50,
 'corruption': 'spo',
 'dev': 'data/nations/dev.tsv',
 'embedding_size': 200,
 'epochs': 15,
 'eval_batch_size': None,
 'input_type': 'standard',
 'learning_rate': 0.1,
 'load': None,
 'model': 'complex',
 'optimizer': 'adagrad',
 'quiet': True,
 'save': None,
 'seed': 0,
 'test': 'data/nations/test.tsv',
 'test_i': None,
 'test_ii': None,
 'train': 'data/nations/train.tsv',
 'validate_every': 3}
INFO:kbc-cli.py:Device: cuda
INFO:kbc-cli.py:Model state:
INFO:kbc-cli.py:	entities.weight	torch.Size([14, 400])
INFO:kbc-cli.py:	predicates.weight	torch.Size([55, 400])
INFO:kbc-cli.py:Epoch 1/15	Loss 9.2286 ± 0.2693
INFO:kbc-cli.py:Epoch 2/15	Loss 7.8253 ± 0.1858
INFO:kbc-cli.py:Epoch 3/15	Loss 7.2358 ± 0.3014
INFO:kbc-cli.py:Epoch 3/15	dev results	MRR 0.770430	H@1 0.648241	H@3 0.869347	H@5 0.947236	H@10 0.997487	H@20 1.000000	H@50 1.000000	H@100 1.000000
INFO:kbc-cli.py:Epoch 3/15	test results	MRR 0.764717	H@1 0.634328	H@3 0.878109	H@5 0.960199	H@10 0.997512	H@20 1.000000	H@50 1.000000	H@100 1.000000
INFO:kbc-cli.py:Epoch 4/15	Loss 6.9045 ± 0.3184
INFO:kbc-cli.py:Epoch 5/15	Loss 6.6929 ± 0.3093
INFO:kbc-cli.py:Epoch 6/15	Loss 6.5537 ± 0.3447
INFO:kbc-cli.py:Epoch 6/15	dev results	MRR 0.782131	H@1 0.660804	H@3 0.879397	H@5 0.954774	H@10 0.997487	H@20 1.000000	H@50 1.000000	H@100 1.000000
INFO:kbc-cli.py:Epoch 6/15	test results	MRR 0.770261	H@1 0.634328	H@3 0.893035	H@5 0.967662	H@10 1.000000	H@20 1.000000	H@50 1.000000	H@100 1.000000
INFO:kbc-cli.py:Epoch 7/15	Loss 6.4531 ± 0.2804
INFO:kbc-cli.py:Epoch 8/15	Loss 6.3696 ± 0.3145
INFO:kbc-cli.py:Epoch 9/15	Loss 6.3126 ± 0.2963
INFO:kbc-cli.py:Epoch 9/15	dev results	MRR 0.790105	H@1 0.673367	H@3 0.884422	H@5 0.964824	H@10 0.997487	H@20 1.000000	H@50 1.000000	H@100 1.000000
INFO:kbc-cli.py:Epoch 9/15	test results	MRR 0.783168	H@1 0.654229	H@3 0.888060	H@5 0.967662	H@10 1.000000	H@20 1.000000	H@50 1.000000	H@100 1.000000
INFO:kbc-cli.py:Epoch 10/15	Loss 6.2610 ± 0.3367
INFO:kbc-cli.py:Epoch 11/15	Loss 6.2237 ± 0.3061
INFO:kbc-cli.py:Epoch 12/15	Loss 6.1858 ± 0.2885
INFO:kbc-cli.py:Epoch 12/15	dev results	MRR 0.790668	H@1 0.673367	H@3 0.884422	H@5 0.962312	H@10 0.994975	H@20 1.000000	H@50 1.000000	H@100 1.000000
INFO:kbc-cli.py:Epoch 12/15	test results	MRR 0.794604	H@1 0.671642	H@3 0.895522	H@5 0.967662	H@10 1.000000	H@20 1.000000	H@50 1.000000	H@100 1.000000
INFO:kbc-cli.py:Epoch 13/15	Loss 6.1545 ± 0.2552
INFO:kbc-cli.py:Epoch 14/15	Loss 6.1310 ± 0.2479
INFO:kbc-cli.py:Epoch 15/15	Loss 6.1036 ± 0.2298
INFO:kbc-cli.py:Epoch 15/15	dev results	MRR 0.794251	H@1 0.675879	H@3 0.896985	H@5 0.964824	H@10 0.994975	H@20 1.000000	H@50 1.000000	H@100 1.000000
INFO:kbc-cli.py:Epoch 15/15	test results	MRR 0.791672	H@1 0.666667	H@3 0.898010	H@5 0.967662	H@10 1.000000	H@20 1.000000	H@50 1.000000	H@100 1.000000
INFO:kbc-cli.py:Final 	dev results	MRR 0.794251	H@1 0.675879	H@3 0.896985	H@5 0.964824	H@10 0.994975	H@20 1.000000	H@50 1.000000	H@100 1.000000
INFO:kbc-cli.py:Final 	test results	MRR 0.791672	H@1 0.666667	H@3 0.898010	H@5 0.967662	H@10 1.000000	H@20 1.000000	H@50 1.000000	H@100 1.000000
INFO:kbc-cli.py:Training finished
