./bin/kbc-cli.py --train data/nations/train.tsv --dev data/nations/dev.tsv --test data/nations/test.tsv -m complex -k 100 -b 50 -e 15 --F2 0 --N3 0.01 -l 0.1 -I reciprocal -V 3 -o adagrad -c so -q
{'F2': 0.0,
 'N3': 0.01,
 'batch_size': 50,
 'corruption': 'so',
 'dev': 'data/nations/dev.tsv',
 'embedding_size': 100,
 'epochs': 15,
 'eval_batch_size': None,
 'input_type': 'reciprocal',
 'learning_rate': 0.1,
 'load': None,
 'model': 'complex',
 'optimizer': 'adagrad',
 'quiet': True,
 'save': None,
 'seed': 0,
 'test': 'data/nations/test.tsv',
 'test_i': None,
 'test_ii': None,
 'train': 'data/nations/train.tsv',
 'validate_every': 3}
INFO:kbc-cli.py:Device: cuda
INFO:kbc-cli.py:Model state:
INFO:kbc-cli.py:	entities.weight	torch.Size([14, 200])
INFO:kbc-cli.py:	predicates.weight	torch.Size([110, 200])
INFO:kbc-cli.py:Epoch 1/15	Loss 5.2696 ± 0.0873
INFO:kbc-cli.py:Epoch 2/15	Loss 4.8085 ± 0.1461
INFO:kbc-cli.py:Epoch 3/15	Loss 4.4777 ± 0.1778
INFO:kbc-cli.py:Epoch 3/15	dev results	MRR 0.717874	H@1 0.575377	H@3 0.811558	H@5 0.934673	H@10 0.994975	H@20 1.000000	H@50 1.000000	H@100 1.000000
INFO:kbc-cli.py:Epoch 3/15	test results	MRR 0.735940	H@1 0.592040	H@3 0.843284	H@5 0.930348	H@10 0.990050	H@20 1.000000	H@50 1.000000	H@100 1.000000
INFO:kbc-cli.py:Epoch 4/15	Loss 4.2645 ± 0.1827
INFO:kbc-cli.py:Epoch 5/15	Loss 4.1458 ± 0.1800
INFO:kbc-cli.py:Epoch 6/15	Loss 4.0628 ± 0.1994
INFO:kbc-cli.py:Epoch 6/15	dev results	MRR 0.734997	H@1 0.595477	H@3 0.849246	H@5 0.947236	H@10 0.997487	H@20 1.000000	H@50 1.000000	H@100 1.000000
INFO:kbc-cli.py:Epoch 6/15	test results	MRR 0.738958	H@1 0.577114	H@3 0.868159	H@5 0.942786	H@10 0.995025	H@20 1.000000	H@50 1.000000	H@100 1.000000
INFO:kbc-cli.py:Epoch 7/15	Loss 4.0082 ± 0.2112
INFO:kbc-cli.py:Epoch 8/15	Loss 3.9678 ± 0.1982
INFO:kbc-cli.py:Epoch 9/15	Loss 3.9338 ± 0.1880
INFO:kbc-cli.py:Epoch 9/15	dev results	MRR 0.740771	H@1 0.600503	H@3 0.849246	H@5 0.952261	H@10 0.997487	H@20 1.000000	H@50 1.000000	H@100 1.000000
INFO:kbc-cli.py:Epoch 9/15	test results	MRR 0.749125	H@1 0.597015	H@3 0.870647	H@5 0.942786	H@10 0.995025	H@20 1.000000	H@50 1.000000	H@100 1.000000
INFO:kbc-cli.py:Epoch 10/15	Loss 3.9102 ± 0.2089
INFO:kbc-cli.py:Epoch 11/15	Loss 3.8868 ± 0.1729
INFO:kbc-cli.py:Epoch 12/15	Loss 3.8735 ± 0.1871
INFO:kbc-cli.py:Epoch 12/15	dev results	MRR 0.746617	H@1 0.608040	H@3 0.854271	H@5 0.957286	H@10 0.997487	H@20 1.000000	H@50 1.000000	H@100 1.000000
INFO:kbc-cli.py:Epoch 12/15	test results	MRR 0.747061	H@1 0.597015	H@3 0.873134	H@5 0.942786	H@10 0.995025	H@20 1.000000	H@50 1.000000	H@100 1.000000
INFO:kbc-cli.py:Epoch 13/15	Loss 3.8578 ± 0.1480
INFO:kbc-cli.py:Epoch 14/15	Loss 3.8458 ± 0.1964
INFO:kbc-cli.py:Epoch 15/15	Loss 3.8327 ± 0.1788
INFO:kbc-cli.py:Epoch 15/15	dev results	MRR 0.747465	H@1 0.610553	H@3 0.854271	H@5 0.962312	H@10 0.997487	H@20 1.000000	H@50 1.000000	H@100 1.000000
INFO:kbc-cli.py:Epoch 15/15	test results	MRR 0.750884	H@1 0.604478	H@3 0.878109	H@5 0.945274	H@10 0.995025	H@20 1.000000	H@50 1.000000	H@100 1.000000
INFO:kbc-cli.py:Final 	dev results	MRR 0.747465	H@1 0.610553	H@3 0.854271	H@5 0.962312	H@10 0.997487	H@20 1.000000	H@50 1.000000	H@100 1.000000
INFO:kbc-cli.py:Final 	test results	MRR 0.750884	H@1 0.604478	H@3 0.878109	H@5 0.945274	H@10 0.995025	H@20 1.000000	H@50 1.000000	H@100 1.000000
INFO:kbc-cli.py:Training finished
