./bin/kbc-cli.py --train data/kinship/train.tsv --dev data/kinship/dev.tsv --test data/kinship/test.tsv -m complex -k 100 -b 100 -e 15 --F2 0 --N3 0.005 -l 0.1 -I standard -V 3 -o adagrad -c so -q
{'F2': 0.0,
 'N3': 0.005,
 'batch_size': 100,
 'corruption': 'so',
 'dev': 'data/kinship/dev.tsv',
 'embedding_size': 100,
 'epochs': 15,
 'eval_batch_size': None,
 'input_type': 'standard',
 'learning_rate': 0.1,
 'load': None,
 'model': 'complex',
 'optimizer': 'adagrad',
 'quiet': True,
 'save': None,
 'seed': 0,
 'test': 'data/kinship/test.tsv',
 'test_i': None,
 'test_ii': None,
 'train': 'data/kinship/train.tsv',
 'validate_every': 3}
INFO:kbc-cli.py:Device: cuda
INFO:kbc-cli.py:Model state:
INFO:kbc-cli.py:	entities.weight	torch.Size([104, 200])
INFO:kbc-cli.py:	predicates.weight	torch.Size([25, 200])
INFO:kbc-cli.py:Epoch 1/15	Loss 7.3187 ± 1.1412
INFO:kbc-cli.py:Epoch 2/15	Loss 5.7682 ± 0.1439
INFO:kbc-cli.py:Epoch 3/15	Loss 5.4723 ± 0.1740
INFO:kbc-cli.py:Epoch 3/15	dev results	MRR 0.816309	H@1 0.718633	H@3 0.903090	H@5 0.942884	H@10 0.970974	H@20 0.985487	H@50 0.992509	H@100 1.000000
INFO:kbc-cli.py:Epoch 3/15	test results	MRR 0.813670	H@1 0.715549	H@3 0.895251	H@5 0.944600	H@10 0.978119	H@20 0.991620	H@50 0.997207	H@100 1.000000
INFO:kbc-cli.py:Epoch 4/15	Loss 5.3070 ± 0.1675
INFO:kbc-cli.py:Epoch 5/15	Loss 5.2058 ± 0.1621
INFO:kbc-cli.py:Epoch 6/15	Loss 5.1285 ± 0.1581
INFO:kbc-cli.py:Epoch 6/15	dev results	MRR 0.846217	H@1 0.763109	H@3 0.924157	H@5 0.948970	H@10 0.973783	H@20 0.986891	H@50 0.994382	H@100 1.000000
INFO:kbc-cli.py:Epoch 6/15	test results	MRR 0.838033	H@1 0.748138	H@3 0.916201	H@5 0.959032	H@10 0.982309	H@20 0.991155	H@50 0.997207	H@100 1.000000
INFO:kbc-cli.py:Epoch 7/15	Loss 5.0732 ± 0.1589
INFO:kbc-cli.py:Epoch 8/15	Loss 5.0300 ± 0.1548
INFO:kbc-cli.py:Epoch 9/15	Loss 4.9914 ± 0.1546
INFO:kbc-cli.py:Epoch 9/15	dev results	MRR 0.843985	H@1 0.759363	H@3 0.923689	H@5 0.951311	H@10 0.974719	H@20 0.986891	H@50 0.994382	H@100 1.000000
INFO:kbc-cli.py:Epoch 9/15	test results	MRR 0.843625	H@1 0.757914	H@3 0.918529	H@5 0.960428	H@10 0.983240	H@20 0.991620	H@50 0.997207	H@100 1.000000
INFO:kbc-cli.py:Epoch 10/15	Loss 4.9592 ± 0.1539
INFO:kbc-cli.py:Epoch 11/15	Loss 4.9359 ± 0.1537
INFO:kbc-cli.py:Epoch 12/15	Loss 4.9111 ± 0.1344
INFO:kbc-cli.py:Epoch 12/15	dev results	MRR 0.846916	H@1 0.764981	H@3 0.920412	H@5 0.952715	H@10 0.973783	H@20 0.986891	H@50 0.993914	H@100 1.000000
INFO:kbc-cli.py:Epoch 12/15	test results	MRR 0.840269	H@1 0.751862	H@3 0.917132	H@5 0.959032	H@10 0.981844	H@20 0.992551	H@50 0.996276	H@100 1.000000
INFO:kbc-cli.py:Epoch 13/15	Loss 4.8906 ± 0.1493
INFO:kbc-cli.py:Epoch 14/15	Loss 4.8743 ± 0.1550
INFO:kbc-cli.py:Epoch 15/15	Loss 4.8575 ± 0.1440
INFO:kbc-cli.py:Epoch 15/15	dev results	MRR 0.843596	H@1 0.759831	H@3 0.919007	H@5 0.951311	H@10 0.974719	H@20 0.986891	H@50 0.994382	H@100 1.000000
INFO:kbc-cli.py:Epoch 15/15	test results	MRR 0.837507	H@1 0.749069	H@3 0.913873	H@5 0.958101	H@10 0.982775	H@20 0.992551	H@50 0.995810	H@100 1.000000
INFO:kbc-cli.py:Final 	dev results	MRR 0.843596	H@1 0.759831	H@3 0.919007	H@5 0.951311	H@10 0.974719	H@20 0.986891	H@50 0.994382	H@100 1.000000
INFO:kbc-cli.py:Final 	test results	MRR 0.837507	H@1 0.749069	H@3 0.913873	H@5 0.958101	H@10 0.982775	H@20 0.992551	H@50 0.995810	H@100 1.000000
INFO:kbc-cli.py:Training finished
