./bin/kbc-cli.py --train data/nations/train.tsv --dev data/nations/dev.tsv --test data/nations/test.tsv -m complex -k 200 -b 100 -e 15 --F2 0 --N3 0.5 -l 0.1 -I reciprocal -V 3 -o adagrad -c spo -q
{'F2': 0.0,
 'N3': 0.5,
 'batch_size': 100,
 'corruption': 'spo',
 'dev': 'data/nations/dev.tsv',
 'embedding_size': 200,
 'epochs': 15,
 'eval_batch_size': None,
 'input_type': 'reciprocal',
 'learning_rate': 0.1,
 'load': None,
 'model': 'complex',
 'optimizer': 'adagrad',
 'quiet': True,
 'save': None,
 'seed': 0,
 'test': 'data/nations/test.tsv',
 'test_i': None,
 'test_ii': None,
 'train': 'data/nations/train.tsv',
 'validate_every': 3}
INFO:kbc-cli.py:Device: cuda
INFO:kbc-cli.py:Model state:
INFO:kbc-cli.py:	entities.weight	torch.Size([14, 400])
INFO:kbc-cli.py:	predicates.weight	torch.Size([110, 400])
INFO:kbc-cli.py:Epoch 1/15	Loss 10.0552 ± 0.1682
INFO:kbc-cli.py:Epoch 2/15	Loss 9.9832 ± 0.0090
INFO:kbc-cli.py:Epoch 3/15	Loss 9.9815 ± 0.0056
INFO:kbc-cli.py:Epoch 3/15	dev results	MRR 0.408139	H@1 0.195980	H@3 0.489950	H@5 0.716080	H@10 0.972362	H@20 1.000000	H@50 1.000000	H@100 1.000000
INFO:kbc-cli.py:Epoch 3/15	test results	MRR 0.424396	H@1 0.206468	H@3 0.522388	H@5 0.738806	H@10 0.962687	H@20 1.000000	H@50 1.000000	H@100 1.000000
INFO:kbc-cli.py:Epoch 4/15	Loss 9.9808 ± 0.0046
INFO:kbc-cli.py:Epoch 5/15	Loss 9.9804 ± 0.0033
INFO:kbc-cli.py:Epoch 6/15	Loss 9.9801 ± 0.0032
INFO:kbc-cli.py:Epoch 6/15	dev results	MRR 0.396736	H@1 0.175879	H@3 0.464824	H@5 0.688442	H@10 0.972362	H@20 1.000000	H@50 1.000000	H@100 1.000000
INFO:kbc-cli.py:Epoch 6/15	test results	MRR 0.423966	H@1 0.208955	H@3 0.507463	H@5 0.713930	H@10 0.947761	H@20 1.000000	H@50 1.000000	H@100 1.000000
INFO:kbc-cli.py:Epoch 7/15	Loss 9.9799 ± 0.0026
INFO:kbc-cli.py:Epoch 8/15	Loss 9.9797 ± 0.0026
INFO:kbc-cli.py:Epoch 9/15	Loss 9.9796 ± 0.0021
INFO:kbc-cli.py:Epoch 9/15	dev results	MRR 0.444291	H@1 0.243719	H@3 0.517588	H@5 0.736181	H@10 0.977387	H@20 1.000000	H@50 1.000000	H@100 1.000000
INFO:kbc-cli.py:Epoch 9/15	test results	MRR 0.452487	H@1 0.251244	H@3 0.539801	H@5 0.728856	H@10 0.945274	H@20 1.000000	H@50 1.000000	H@100 1.000000
INFO:kbc-cli.py:Epoch 10/15	Loss 9.9795 ± 0.0019
INFO:kbc-cli.py:Epoch 11/15	Loss 9.9794 ± 0.0017
INFO:kbc-cli.py:Epoch 12/15	Loss 9.9793 ± 0.0016
INFO:kbc-cli.py:Epoch 12/15	dev results	MRR 0.412365	H@1 0.185930	H@3 0.522613	H@5 0.753769	H@10 0.969849	H@20 1.000000	H@50 1.000000	H@100 1.000000
INFO:kbc-cli.py:Epoch 12/15	test results	MRR 0.412522	H@1 0.184080	H@3 0.509950	H@5 0.758706	H@10 0.952736	H@20 1.000000	H@50 1.000000	H@100 1.000000
INFO:kbc-cli.py:Epoch 13/15	Loss 9.9793 ± 0.0016
INFO:kbc-cli.py:Epoch 14/15	Loss 9.9792 ± 0.0013
INFO:kbc-cli.py:Epoch 15/15	Loss 9.9791 ± 0.0012
INFO:kbc-cli.py:Epoch 15/15	dev results	MRR 0.422342	H@1 0.201005	H@3 0.522613	H@5 0.708543	H@10 0.964824	H@20 1.000000	H@50 1.000000	H@100 1.000000
INFO:kbc-cli.py:Epoch 15/15	test results	MRR 0.429155	H@1 0.216418	H@3 0.507463	H@5 0.723881	H@10 0.962687	H@20 1.000000	H@50 1.000000	H@100 1.000000
INFO:kbc-cli.py:Final 	dev results	MRR 0.422342	H@1 0.201005	H@3 0.522613	H@5 0.708543	H@10 0.964824	H@20 1.000000	H@50 1.000000	H@100 1.000000
INFO:kbc-cli.py:Final 	test results	MRR 0.429155	H@1 0.216418	H@3 0.507463	H@5 0.723881	H@10 0.962687	H@20 1.000000	H@50 1.000000	H@100 1.000000
INFO:kbc-cli.py:Training finished
