./bin/kbc-cli.py --train data/nations/train.tsv --dev data/nations/dev.tsv --test data/nations/test.tsv -m complex -k 200 -b 50 -e 15 --F2 0 --N3 0.5 -l 0.1 -I standard -V 3 -o adagrad -c spo -q
{'F2': 0.0,
 'N3': 0.5,
 'batch_size': 50,
 'corruption': 'spo',
 'dev': 'data/nations/dev.tsv',
 'embedding_size': 200,
 'epochs': 15,
 'eval_batch_size': None,
 'input_type': 'standard',
 'learning_rate': 0.1,
 'load': None,
 'model': 'complex',
 'optimizer': 'adagrad',
 'quiet': True,
 'save': None,
 'seed': 0,
 'test': 'data/nations/test.tsv',
 'test_i': None,
 'test_ii': None,
 'train': 'data/nations/train.tsv',
 'validate_every': 3}
INFO:kbc-cli.py:Device: cuda
INFO:kbc-cli.py:Model state:
INFO:kbc-cli.py:	entities.weight	torch.Size([14, 400])
INFO:kbc-cli.py:	predicates.weight	torch.Size([55, 400])
INFO:kbc-cli.py:Epoch 1/15	Loss 9.3894 ± 0.1946
INFO:kbc-cli.py:Epoch 2/15	Loss 9.2921 ± 0.0085
INFO:kbc-cli.py:Epoch 3/15	Loss 9.2890 ± 0.0060
INFO:kbc-cli.py:Epoch 3/15	dev results	MRR 0.419579	H@1 0.213568	H@3 0.487437	H@5 0.675879	H@10 0.967337	H@20 1.000000	H@50 1.000000	H@100 1.000000
INFO:kbc-cli.py:Epoch 3/15	test results	MRR 0.408342	H@1 0.191542	H@3 0.477612	H@5 0.706468	H@10 0.937811	H@20 1.000000	H@50 1.000000	H@100 1.000000
INFO:kbc-cli.py:Epoch 4/15	Loss 9.2879 ± 0.0046
INFO:kbc-cli.py:Epoch 5/15	Loss 9.2873 ± 0.0034
INFO:kbc-cli.py:Epoch 6/15	Loss 9.2869 ± 0.0029
INFO:kbc-cli.py:Epoch 6/15	dev results	MRR 0.418037	H@1 0.193467	H@3 0.507538	H@5 0.718593	H@10 0.974874	H@20 1.000000	H@50 1.000000	H@100 1.000000
INFO:kbc-cli.py:Epoch 6/15	test results	MRR 0.424686	H@1 0.201493	H@3 0.522388	H@5 0.746269	H@10 0.957711	H@20 1.000000	H@50 1.000000	H@100 1.000000
INFO:kbc-cli.py:Epoch 7/15	Loss 9.2866 ± 0.0026
INFO:kbc-cli.py:Epoch 8/15	Loss 9.2864 ± 0.0025
INFO:kbc-cli.py:Epoch 9/15	Loss 9.2863 ± 0.0019
INFO:kbc-cli.py:Epoch 9/15	dev results	MRR 0.439055	H@1 0.231156	H@3 0.527638	H@5 0.703518	H@10 0.967337	H@20 1.000000	H@50 1.000000	H@100 1.000000
INFO:kbc-cli.py:Epoch 9/15	test results	MRR 0.444265	H@1 0.236318	H@3 0.562189	H@5 0.723881	H@10 0.960199	H@20 1.000000	H@50 1.000000	H@100 1.000000
INFO:kbc-cli.py:Epoch 10/15	Loss 9.2862 ± 0.0017
INFO:kbc-cli.py:Epoch 11/15	Loss 9.2861 ± 0.0013
INFO:kbc-cli.py:Epoch 12/15	Loss 9.2860 ± 0.0012
INFO:kbc-cli.py:Epoch 12/15	dev results	MRR 0.412067	H@1 0.193467	H@3 0.502513	H@5 0.736181	H@10 0.979899	H@20 1.000000	H@50 1.000000	H@100 1.000000
INFO:kbc-cli.py:Epoch 12/15	test results	MRR 0.414603	H@1 0.206468	H@3 0.509950	H@5 0.746269	H@10 0.950249	H@20 1.000000	H@50 1.000000	H@100 1.000000
INFO:kbc-cli.py:Epoch 13/15	Loss 9.2859 ± 0.0011
INFO:kbc-cli.py:Epoch 14/15	Loss 9.2859 ± 0.0010
INFO:kbc-cli.py:Epoch 15/15	Loss 9.2858 ± 0.0009
INFO:kbc-cli.py:Epoch 15/15	dev results	MRR 0.435604	H@1 0.223618	H@3 0.522613	H@5 0.728643	H@10 0.972362	H@20 1.000000	H@50 1.000000	H@100 1.000000
INFO:kbc-cli.py:Epoch 15/15	test results	MRR 0.433093	H@1 0.216418	H@3 0.544776	H@5 0.736318	H@10 0.960199	H@20 1.000000	H@50 1.000000	H@100 1.000000
INFO:kbc-cli.py:Final 	dev results	MRR 0.435604	H@1 0.223618	H@3 0.522613	H@5 0.728643	H@10 0.972362	H@20 1.000000	H@50 1.000000	H@100 1.000000
INFO:kbc-cli.py:Final 	test results	MRR 0.433093	H@1 0.216418	H@3 0.544776	H@5 0.736318	H@10 0.960199	H@20 1.000000	H@50 1.000000	H@100 1.000000
INFO:kbc-cli.py:Training finished
