./bin/kbc-cli.py --train data/nations/train.tsv --dev data/nations/dev.tsv --test data/nations/test.tsv -m complex -k 200 -b 500 -e 15 --F2 0 --N3 0.001 -l 0.1 -I standard -V 3 -o adagrad -c so -q
{'F2': 0.0,
 'N3': 0.001,
 'batch_size': 500,
 'corruption': 'so',
 'dev': 'data/nations/dev.tsv',
 'embedding_size': 200,
 'epochs': 15,
 'eval_batch_size': None,
 'input_type': 'standard',
 'learning_rate': 0.1,
 'load': None,
 'model': 'complex',
 'optimizer': 'adagrad',
 'quiet': True,
 'save': None,
 'seed': 0,
 'test': 'data/nations/test.tsv',
 'test_i': None,
 'test_ii': None,
 'train': 'data/nations/train.tsv',
 'validate_every': 3}
INFO:kbc-cli.py:Device: cuda
INFO:kbc-cli.py:Model state:
INFO:kbc-cli.py:	entities.weight	torch.Size([14, 400])
INFO:kbc-cli.py:	predicates.weight	torch.Size([55, 400])
INFO:kbc-cli.py:Epoch 1/15	Loss 5.2845 ± 0.0153
INFO:kbc-cli.py:Epoch 2/15	Loss 4.9911 ± 0.0517
INFO:kbc-cli.py:Epoch 3/15	Loss 4.4790 ± 0.1037
INFO:kbc-cli.py:Epoch 3/15	dev results	MRR 0.654543	H@1 0.477387	H@3 0.791457	H@5 0.899497	H@10 0.984925	H@20 1.000000	H@50 1.000000	H@100 1.000000
INFO:kbc-cli.py:Epoch 3/15	test results	MRR 0.664921	H@1 0.500000	H@3 0.776119	H@5 0.912935	H@10 0.992537	H@20 1.000000	H@50 1.000000	H@100 1.000000
INFO:kbc-cli.py:Epoch 4/15	Loss 4.1991 ± 0.1547
INFO:kbc-cli.py:Epoch 5/15	Loss 3.9905 ± 0.1228
INFO:kbc-cli.py:Epoch 6/15	Loss 3.9087 ± 0.1574
INFO:kbc-cli.py:Epoch 6/15	dev results	MRR 0.689346	H@1 0.527638	H@3 0.809045	H@5 0.909548	H@10 0.994975	H@20 1.000000	H@50 1.000000	H@100 1.000000
INFO:kbc-cli.py:Epoch 6/15	test results	MRR 0.736178	H@1 0.599502	H@3 0.845771	H@5 0.947761	H@10 0.997512	H@20 1.000000	H@50 1.000000	H@100 1.000000
INFO:kbc-cli.py:Epoch 7/15	Loss 3.7409 ± 0.0951
INFO:kbc-cli.py:Epoch 8/15	Loss 3.7315 ± 0.0790
INFO:kbc-cli.py:Epoch 9/15	Loss 3.6249 ± 0.1001
INFO:kbc-cli.py:Epoch 9/15	dev results	MRR 0.720522	H@1 0.570352	H@3 0.834171	H@5 0.927136	H@10 0.997487	H@20 1.000000	H@50 1.000000	H@100 1.000000
INFO:kbc-cli.py:Epoch 9/15	test results	MRR 0.754624	H@1 0.621891	H@3 0.858209	H@5 0.952736	H@10 1.000000	H@20 1.000000	H@50 1.000000	H@100 1.000000
INFO:kbc-cli.py:Epoch 10/15	Loss 3.6758 ± 0.1656
INFO:kbc-cli.py:Epoch 11/15	Loss 3.6160 ± 0.0887
INFO:kbc-cli.py:Epoch 12/15	Loss 3.5824 ± 0.0803
INFO:kbc-cli.py:Epoch 12/15	dev results	MRR 0.738486	H@1 0.590452	H@3 0.856784	H@5 0.947236	H@10 0.997487	H@20 1.000000	H@50 1.000000	H@100 1.000000
INFO:kbc-cli.py:Epoch 12/15	test results	MRR 0.766685	H@1 0.629353	H@3 0.883085	H@5 0.955224	H@10 1.000000	H@20 1.000000	H@50 1.000000	H@100 1.000000
INFO:kbc-cli.py:Epoch 13/15	Loss 3.5922 ± 0.1219
INFO:kbc-cli.py:Epoch 14/15	Loss 3.5363 ± 0.1154
INFO:kbc-cli.py:Epoch 15/15	Loss 3.5266 ± 0.0974
INFO:kbc-cli.py:Epoch 15/15	dev results	MRR 0.754910	H@1 0.615578	H@3 0.881910	H@5 0.952261	H@10 0.997487	H@20 1.000000	H@50 1.000000	H@100 1.000000
INFO:kbc-cli.py:Epoch 15/15	test results	MRR 0.777279	H@1 0.651741	H@3 0.888060	H@5 0.957711	H@10 0.997512	H@20 1.000000	H@50 1.000000	H@100 1.000000
INFO:kbc-cli.py:Final 	dev results	MRR 0.754910	H@1 0.615578	H@3 0.881910	H@5 0.952261	H@10 0.997487	H@20 1.000000	H@50 1.000000	H@100 1.000000
INFO:kbc-cli.py:Final 	test results	MRR 0.777279	H@1 0.651741	H@3 0.888060	H@5 0.957711	H@10 0.997512	H@20 1.000000	H@50 1.000000	H@100 1.000000
INFO:kbc-cli.py:Training finished
