./bin/kbc-cli.py --train data/kinship/train.tsv --dev data/kinship/dev.tsv --test data/kinship/test.tsv -m complex -k 1000 -b 500 -e 15 --F2 0 --N3 0.1 -l 0.1 -I standard -V 3 -o adagrad -c so -q
{'F2': 0.0,
 'N3': 0.1,
 'batch_size': 500,
 'corruption': 'so',
 'dev': 'data/kinship/dev.tsv',
 'embedding_size': 1000,
 'epochs': 15,
 'eval_batch_size': None,
 'input_type': 'standard',
 'learning_rate': 0.1,
 'load': None,
 'model': 'complex',
 'optimizer': 'adagrad',
 'quiet': True,
 'save': None,
 'seed': 0,
 'test': 'data/kinship/test.tsv',
 'test_i': None,
 'test_ii': None,
 'train': 'data/kinship/train.tsv',
 'validate_every': 3}
INFO:kbc-cli.py:Device: cuda
INFO:kbc-cli.py:Model state:
INFO:kbc-cli.py:	entities.weight	torch.Size([104, 2000])
INFO:kbc-cli.py:	predicates.weight	torch.Size([25, 2000])
INFO:kbc-cli.py:Epoch 1/15	Loss 8.5549 ± 1.0839
INFO:kbc-cli.py:Epoch 2/15	Loss 7.4432 ± 0.0926
INFO:kbc-cli.py:Epoch 3/15	Loss 7.3736 ± 0.0637
INFO:kbc-cli.py:Epoch 3/15	dev results	MRR 0.596739	H@1 0.428371	H@3 0.706461	H@5 0.818820	H@10 0.931648	H@20 0.979401	H@50 0.991573	H@100 1.000000
INFO:kbc-cli.py:Epoch 3/15	test results	MRR 0.592201	H@1 0.427374	H@3 0.690875	H@5 0.816108	H@10 0.931564	H@20 0.981844	H@50 0.996741	H@100 1.000000
INFO:kbc-cli.py:Epoch 4/15	Loss 7.3229 ± 0.0739
INFO:kbc-cli.py:Epoch 5/15	Loss 7.3009 ± 0.0795
INFO:kbc-cli.py:Epoch 6/15	Loss 7.2977 ± 0.0417
INFO:kbc-cli.py:Epoch 6/15	dev results	MRR 0.642276	H@1 0.492041	H@3 0.739700	H@5 0.846910	H@10 0.950843	H@20 0.981273	H@50 0.992041	H@100 1.000000
INFO:kbc-cli.py:Epoch 6/15	test results	MRR 0.632120	H@1 0.480447	H@3 0.729516	H@5 0.838454	H@10 0.944600	H@20 0.985568	H@50 0.996276	H@100 1.000000
INFO:kbc-cli.py:Epoch 7/15	Loss 7.2889 ± 0.0513
INFO:kbc-cli.py:Epoch 8/15	Loss 7.3019 ± 0.0944
INFO:kbc-cli.py:Epoch 9/15	Loss 7.2769 ± 0.0528
INFO:kbc-cli.py:Epoch 9/15	dev results	MRR 0.654785	H@1 0.505150	H@3 0.753745	H@5 0.849719	H@10 0.952715	H@20 0.981742	H@50 0.991105	H@100 1.000000
INFO:kbc-cli.py:Epoch 9/15	test results	MRR 0.643865	H@1 0.485568	H@3 0.756983	H@5 0.860801	H@10 0.948324	H@20 0.984171	H@50 0.997207	H@100 1.000000
INFO:kbc-cli.py:Epoch 10/15	Loss 7.2740 ± 0.0622
INFO:kbc-cli.py:Epoch 11/15	Loss 7.2777 ± 0.0401
INFO:kbc-cli.py:Epoch 12/15	Loss 7.2607 ± 0.0530
INFO:kbc-cli.py:Epoch 12/15	dev results	MRR 0.666410	H@1 0.517322	H@3 0.774345	H@5 0.872191	H@10 0.952247	H@20 0.982678	H@50 0.991573	H@100 1.000000
INFO:kbc-cli.py:Epoch 12/15	test results	MRR 0.661567	H@1 0.514432	H@3 0.760242	H@5 0.864525	H@10 0.954376	H@20 0.983706	H@50 0.997207	H@100 1.000000
INFO:kbc-cli.py:Epoch 13/15	Loss 7.2581 ± 0.0560
INFO:kbc-cli.py:Epoch 14/15	Loss 7.2571 ± 0.0487
INFO:kbc-cli.py:Epoch 15/15	Loss 7.2578 ± 0.0513
INFO:kbc-cli.py:Epoch 15/15	dev results	MRR 0.689400	H@1 0.553371	H@3 0.786985	H@5 0.875468	H@10 0.953184	H@20 0.982678	H@50 0.992041	H@100 1.000000
INFO:kbc-cli.py:Epoch 15/15	test results	MRR 0.674953	H@1 0.529795	H@3 0.777933	H@5 0.873371	H@10 0.952514	H@20 0.985568	H@50 0.996276	H@100 1.000000
INFO:kbc-cli.py:Final 	dev results	MRR 0.689400	H@1 0.553371	H@3 0.786985	H@5 0.875468	H@10 0.953184	H@20 0.982678	H@50 0.992041	H@100 1.000000
INFO:kbc-cli.py:Final 	test results	MRR 0.674953	H@1 0.529795	H@3 0.777933	H@5 0.873371	H@10 0.952514	H@20 0.985568	H@50 0.996276	H@100 1.000000
INFO:kbc-cli.py:Training finished
