./bin/kbc-cli.py --train data/umls/train.tsv --dev data/umls/dev.tsv --test data/umls/test.tsv -m complex -k 200 -b 500 -e 15 --F2 0 --N3 0.05 -l 0.1 -I reciprocal -V 3 -o adagrad -c spo -q
{'F2': 0.0,
 'N3': 0.05,
 'batch_size': 500,
 'corruption': 'spo',
 'dev': 'data/umls/dev.tsv',
 'embedding_size': 200,
 'epochs': 15,
 'eval_batch_size': None,
 'input_type': 'reciprocal',
 'learning_rate': 0.1,
 'load': None,
 'model': 'complex',
 'optimizer': 'adagrad',
 'quiet': True,
 'save': None,
 'seed': 0,
 'test': 'data/umls/test.tsv',
 'test_i': None,
 'test_ii': None,
 'train': 'data/umls/train.tsv',
 'validate_every': 3}
INFO:kbc-cli.py:Device: cuda
INFO:kbc-cli.py:Model state:
INFO:kbc-cli.py:	entities.weight	torch.Size([135, 400])
INFO:kbc-cli.py:	predicates.weight	torch.Size([92, 400])
INFO:kbc-cli.py:Epoch 1/15	Loss 11.8231 ± 2.0035
INFO:kbc-cli.py:Epoch 2/15	Loss 8.8918 ± 0.0838
INFO:kbc-cli.py:Epoch 3/15	Loss 8.4988 ± 0.0897
INFO:kbc-cli.py:Epoch 3/15	dev results	MRR 0.877227	H@1 0.768405	H@3 0.984663	H@5 0.993098	H@10 0.996166	H@20 0.997699	H@50 1.000000	H@100 1.000000
INFO:kbc-cli.py:Epoch 3/15	test results	MRR 0.861450	H@1 0.739788	H@3 0.981846	H@5 0.992436	H@10 0.995461	H@20 0.996974	H@50 0.998487	H@100 1.000000
INFO:kbc-cli.py:Epoch 4/15	Loss 8.3765 ± 0.1224
INFO:kbc-cli.py:Epoch 5/15	Loss 8.3117 ± 0.1104
INFO:kbc-cli.py:Epoch 6/15	Loss 8.2684 ± 0.1024
INFO:kbc-cli.py:Epoch 6/15	dev results	MRR 0.908621	H@1 0.829755	H@3 0.986963	H@5 0.993098	H@10 0.997699	H@20 0.998466	H@50 1.000000	H@100 1.000000
INFO:kbc-cli.py:Epoch 6/15	test results	MRR 0.898611	H@1 0.808623	H@3 0.989410	H@5 0.993192	H@10 0.996974	H@20 0.998487	H@50 0.999244	H@100 1.000000
INFO:kbc-cli.py:Epoch 7/15	Loss 8.2371 ± 0.1038
INFO:kbc-cli.py:Epoch 8/15	Loss 8.2121 ± 0.1100
INFO:kbc-cli.py:Epoch 9/15	Loss 8.1900 ± 0.1019
INFO:kbc-cli.py:Epoch 9/15	dev results	MRR 0.914068	H@1 0.838190	H@3 0.990798	H@5 0.993865	H@10 0.997699	H@20 0.999233	H@50 1.000000	H@100 1.000000
INFO:kbc-cli.py:Epoch 9/15	test results	MRR 0.907968	H@1 0.828290	H@3 0.985628	H@5 0.993192	H@10 0.996974	H@20 0.997731	H@50 0.999244	H@100 1.000000
INFO:kbc-cli.py:Epoch 10/15	Loss 8.1742 ± 0.0868
INFO:kbc-cli.py:Epoch 11/15	Loss 8.1615 ± 0.1089
INFO:kbc-cli.py:Epoch 12/15	Loss 8.1492 ± 0.0905
INFO:kbc-cli.py:Epoch 12/15	dev results	MRR 0.920408	H@1 0.851994	H@3 0.987730	H@5 0.993865	H@10 0.997699	H@20 0.999233	H@50 1.000000	H@100 1.000000
INFO:kbc-cli.py:Epoch 12/15	test results	MRR 0.914170	H@1 0.838880	H@3 0.990166	H@5 0.993949	H@10 0.997731	H@20 0.998487	H@50 1.000000	H@100 1.000000
INFO:kbc-cli.py:Epoch 13/15	Loss 8.1367 ± 0.0843
INFO:kbc-cli.py:Epoch 14/15	Loss 8.1309 ± 0.0937
INFO:kbc-cli.py:Epoch 15/15	Loss 8.1215 ± 0.1023
INFO:kbc-cli.py:Epoch 15/15	dev results	MRR 0.923927	H@1 0.857362	H@3 0.989264	H@5 0.996166	H@10 0.997699	H@20 0.999233	H@50 1.000000	H@100 1.000000
INFO:kbc-cli.py:Epoch 15/15	test results	MRR 0.919879	H@1 0.849470	H@3 0.991679	H@5 0.994705	H@10 0.997731	H@20 0.998487	H@50 1.000000	H@100 1.000000
INFO:kbc-cli.py:Final 	dev results	MRR 0.923927	H@1 0.857362	H@3 0.989264	H@5 0.996166	H@10 0.997699	H@20 0.999233	H@50 1.000000	H@100 1.000000
INFO:kbc-cli.py:Final 	test results	MRR 0.919879	H@1 0.849470	H@3 0.991679	H@5 0.994705	H@10 0.997731	H@20 0.998487	H@50 1.000000	H@100 1.000000
INFO:kbc-cli.py:Training finished
