./bin/kbc-cli.py --train data/umls/train.tsv --dev data/umls/dev.tsv --test data/umls/test.tsv -m complex -k 1000 -b 50 -e 15 --F2 0 --N3 0.1 -l 0.1 -I standard -V 3 -o adagrad -c so -q
{'F2': 0.0,
 'N3': 0.1,
 'batch_size': 50,
 'corruption': 'so',
 'dev': 'data/umls/dev.tsv',
 'embedding_size': 1000,
 'epochs': 15,
 'eval_batch_size': None,
 'input_type': 'standard',
 'learning_rate': 0.1,
 'load': None,
 'model': 'complex',
 'optimizer': 'adagrad',
 'quiet': True,
 'save': None,
 'seed': 0,
 'test': 'data/umls/test.tsv',
 'test_i': None,
 'test_ii': None,
 'train': 'data/umls/train.tsv',
 'validate_every': 3}
INFO:kbc-cli.py:Device: cuda
INFO:kbc-cli.py:Model state:
INFO:kbc-cli.py:	entities.weight	torch.Size([135, 2000])
INFO:kbc-cli.py:	predicates.weight	torch.Size([46, 2000])
INFO:kbc-cli.py:Epoch 1/15	Loss 9.2231 ± 0.9981
INFO:kbc-cli.py:Epoch 2/15	Loss 8.1275 ± 0.1633
INFO:kbc-cli.py:Epoch 3/15	Loss 7.9867 ± 0.1753
INFO:kbc-cli.py:Epoch 3/15	dev results	MRR 0.854195	H@1 0.759202	H@3 0.940951	H@5 0.958589	H@10 0.983896	H@20 0.987730	H@50 0.997699	H@100 0.999233
INFO:kbc-cli.py:Epoch 3/15	test results	MRR 0.847204	H@1 0.749622	H@3 0.939486	H@5 0.963691	H@10 0.982602	H@20 0.989410	H@50 0.996218	H@100 0.997731
INFO:kbc-cli.py:Epoch 4/15	Loss 7.9296 ± 0.1705
INFO:kbc-cli.py:Epoch 5/15	Loss 7.8949 ± 0.1593
INFO:kbc-cli.py:Epoch 6/15	Loss 7.8736 ± 0.1754
INFO:kbc-cli.py:Epoch 6/15	dev results	MRR 0.866741	H@1 0.774540	H@3 0.952454	H@5 0.969325	H@10 0.984663	H@20 0.988497	H@50 0.997699	H@100 0.999233
INFO:kbc-cli.py:Epoch 6/15	test results	MRR 0.856346	H@1 0.754917	H@3 0.953101	H@5 0.974281	H@10 0.986384	H@20 0.993949	H@50 0.996974	H@100 0.998487
INFO:kbc-cli.py:Epoch 7/15	Loss 7.8545 ± 0.1590
INFO:kbc-cli.py:Epoch 8/15	Loss 7.8432 ± 0.1484
INFO:kbc-cli.py:Epoch 9/15	Loss 7.8294 ± 0.1703
INFO:kbc-cli.py:Epoch 9/15	dev results	MRR 0.879438	H@1 0.794479	H@3 0.957822	H@5 0.970859	H@10 0.986963	H@20 0.990798	H@50 0.997699	H@100 1.000000
INFO:kbc-cli.py:Epoch 9/15	test results	MRR 0.874469	H@1 0.782905	H@3 0.962179	H@5 0.978064	H@10 0.986384	H@20 0.993949	H@50 0.996974	H@100 0.999244
INFO:kbc-cli.py:Epoch 10/15	Loss 7.8232 ± 0.1851
INFO:kbc-cli.py:Epoch 11/15	Loss 7.8155 ± 0.1601
INFO:kbc-cli.py:Epoch 12/15	Loss 7.8064 ± 0.1512
INFO:kbc-cli.py:Epoch 12/15	dev results	MRR 0.877687	H@1 0.789877	H@3 0.960890	H@5 0.970092	H@10 0.985429	H@20 0.992331	H@50 0.996933	H@100 0.999233
INFO:kbc-cli.py:Epoch 12/15	test results	MRR 0.870734	H@1 0.777610	H@3 0.959153	H@5 0.975794	H@10 0.987141	H@20 0.992436	H@50 0.996974	H@100 0.999244
INFO:kbc-cli.py:Epoch 13/15	Loss 7.8025 ± 0.1504
INFO:kbc-cli.py:Epoch 14/15	Loss 7.7954 ± 0.1474
INFO:kbc-cli.py:Epoch 15/15	Loss 7.7929 ± 0.1660
INFO:kbc-cli.py:Epoch 15/15	dev results	MRR 0.888337	H@1 0.809816	H@3 0.962423	H@5 0.972393	H@10 0.985429	H@20 0.991564	H@50 0.998466	H@100 0.999233
INFO:kbc-cli.py:Epoch 15/15	test results	MRR 0.883502	H@1 0.795764	H@3 0.969743	H@5 0.978820	H@10 0.990166	H@20 0.994705	H@50 0.996974	H@100 0.999244
INFO:kbc-cli.py:Final 	dev results	MRR 0.888337	H@1 0.809816	H@3 0.962423	H@5 0.972393	H@10 0.985429	H@20 0.991564	H@50 0.998466	H@100 0.999233
INFO:kbc-cli.py:Final 	test results	MRR 0.883502	H@1 0.795764	H@3 0.969743	H@5 0.978820	H@10 0.990166	H@20 0.994705	H@50 0.996974	H@100 0.999244
INFO:kbc-cli.py:Training finished
