./bin/kbc-cli.py --train data/umls/train.tsv --dev data/umls/dev.tsv --test data/umls/test.tsv -m complex -k 500 -b 10 -e 15 --F2 0 --N3 0.001 -l 0.1 -I standard -V 3 -o adagrad -c spo -q
{'F2': 0.0,
 'N3': 0.001,
 'batch_size': 10,
 'corruption': 'spo',
 'dev': 'data/umls/dev.tsv',
 'embedding_size': 500,
 'epochs': 15,
 'eval_batch_size': None,
 'input_type': 'standard',
 'learning_rate': 0.1,
 'load': None,
 'model': 'complex',
 'optimizer': 'adagrad',
 'quiet': True,
 'save': None,
 'seed': 0,
 'test': 'data/umls/test.tsv',
 'test_i': None,
 'test_ii': None,
 'train': 'data/umls/train.tsv',
 'validate_every': 3}
INFO:kbc-cli.py:Device: cuda
INFO:kbc-cli.py:Model state:
INFO:kbc-cli.py:	entities.weight	torch.Size([135, 1000])
INFO:kbc-cli.py:	predicates.weight	torch.Size([46, 1000])
INFO:kbc-cli.py:Epoch 1/15	Loss 9.3997 ± 2.0468
INFO:kbc-cli.py:Epoch 2/15	Loss 6.9126 ± 0.5314
INFO:kbc-cli.py:Epoch 3/15	Loss 6.5795 ± 0.5124
INFO:kbc-cli.py:Epoch 3/15	dev results	MRR 0.916693	H@1 0.853528	H@3 0.980061	H@5 0.984663	H@10 0.990031	H@20 0.993098	H@50 0.997699	H@100 1.000000
INFO:kbc-cli.py:Epoch 3/15	test results	MRR 0.908058	H@1 0.835855	H@3 0.978064	H@5 0.987897	H@10 0.997731	H@20 0.998487	H@50 0.999244	H@100 1.000000
INFO:kbc-cli.py:Epoch 4/15	Loss 6.4115 ± 0.5129
INFO:kbc-cli.py:Epoch 5/15	Loss 6.3212 ± 0.4889
INFO:kbc-cli.py:Epoch 6/15	Loss 6.2477 ± 0.5121
INFO:kbc-cli.py:Epoch 6/15	dev results	MRR 0.918985	H@1 0.855061	H@3 0.981595	H@5 0.987730	H@10 0.990798	H@20 0.994632	H@50 0.998466	H@100 1.000000
INFO:kbc-cli.py:Epoch 6/15	test results	MRR 0.912125	H@1 0.838124	H@3 0.983359	H@5 0.993192	H@10 0.998487	H@20 0.999244	H@50 0.999244	H@100 1.000000
INFO:kbc-cli.py:Epoch 7/15	Loss 6.1911 ± 0.4929
INFO:kbc-cli.py:Epoch 8/15	Loss 6.1448 ± 0.4907
INFO:kbc-cli.py:Epoch 9/15	Loss 6.1077 ± 0.5050
INFO:kbc-cli.py:Epoch 9/15	dev results	MRR 0.935443	H@1 0.886503	H@3 0.982362	H@5 0.987730	H@10 0.991564	H@20 0.994632	H@50 0.998466	H@100 1.000000
INFO:kbc-cli.py:Epoch 9/15	test results	MRR 0.936504	H@1 0.886536	H@3 0.984115	H@5 0.992436	H@10 0.998487	H@20 0.999244	H@50 1.000000	H@100 1.000000
INFO:kbc-cli.py:Epoch 10/15	Loss 6.0819 ± 0.4939
INFO:kbc-cli.py:Epoch 11/15	Loss 6.0510 ± 0.4865
INFO:kbc-cli.py:Epoch 12/15	Loss 6.0278 ± 0.4894
INFO:kbc-cli.py:Epoch 12/15	dev results	MRR 0.936093	H@1 0.886503	H@3 0.985429	H@5 0.986963	H@10 0.990798	H@20 0.993865	H@50 0.999233	H@100 1.000000
INFO:kbc-cli.py:Epoch 12/15	test results	MRR 0.935984	H@1 0.883510	H@3 0.985628	H@5 0.993949	H@10 0.999244	H@20 0.999244	H@50 1.000000	H@100 1.000000
INFO:kbc-cli.py:Epoch 13/15	Loss 6.0065 ± 0.4953
INFO:kbc-cli.py:Epoch 14/15	Loss 5.9859 ± 0.4818
INFO:kbc-cli.py:Epoch 15/15	Loss 5.9704 ± 0.4706
INFO:kbc-cli.py:Epoch 15/15	dev results	MRR 0.943615	H@1 0.901074	H@3 0.986196	H@5 0.987730	H@10 0.991564	H@20 0.994632	H@50 0.999233	H@100 1.000000
INFO:kbc-cli.py:Epoch 15/15	test results	MRR 0.944883	H@1 0.902421	H@3 0.985628	H@5 0.993949	H@10 0.999244	H@20 0.999244	H@50 1.000000	H@100 1.000000
INFO:kbc-cli.py:Final 	dev results	MRR 0.943615	H@1 0.901074	H@3 0.986196	H@5 0.987730	H@10 0.991564	H@20 0.994632	H@50 0.999233	H@100 1.000000
INFO:kbc-cli.py:Final 	test results	MRR 0.944883	H@1 0.902421	H@3 0.985628	H@5 0.993949	H@10 0.999244	H@20 0.999244	H@50 1.000000	H@100 1.000000
INFO:kbc-cli.py:Training finished
