./bin/kbc-cli.py --train data/umls/train.tsv --dev data/umls/dev.tsv --test data/umls/test.tsv -m complex -k 100 -b 10 -e 15 --F2 0 --N3 0.1 -l 0.1 -I standard -V 3 -o adagrad -c spo -q
{'F2': 0.0,
 'N3': 0.1,
 'batch_size': 10,
 'corruption': 'spo',
 'dev': 'data/umls/dev.tsv',
 'embedding_size': 100,
 'epochs': 15,
 'eval_batch_size': None,
 'input_type': 'standard',
 'learning_rate': 0.1,
 'load': None,
 'model': 'complex',
 'optimizer': 'adagrad',
 'quiet': True,
 'save': None,
 'seed': 0,
 'test': 'data/umls/test.tsv',
 'test_i': None,
 'test_ii': None,
 'train': 'data/umls/train.tsv',
 'validate_every': 3}
INFO:kbc-cli.py:Device: cuda
INFO:kbc-cli.py:Model state:
INFO:kbc-cli.py:	entities.weight	torch.Size([135, 200])
INFO:kbc-cli.py:	predicates.weight	torch.Size([46, 200])
INFO:kbc-cli.py:Epoch 1/15	Loss 11.6474 ± 1.8080
INFO:kbc-cli.py:Epoch 2/15	Loss 9.7535 ± 0.6229
INFO:kbc-cli.py:Epoch 3/15	Loss 9.4687 ± 0.4807
INFO:kbc-cli.py:Epoch 3/15	dev results	MRR 0.885122	H@1 0.804448	H@3 0.960890	H@5 0.971626	H@10 0.986196	H@20 0.993865	H@50 0.996166	H@100 1.000000
INFO:kbc-cli.py:Epoch 3/15	test results	MRR 0.875210	H@1 0.788200	H@3 0.956884	H@5 0.972769	H@10 0.989410	H@20 0.993192	H@50 0.996974	H@100 0.999244
INFO:kbc-cli.py:Epoch 4/15	Loss 9.3379 ± 0.4777
INFO:kbc-cli.py:Epoch 5/15	Loss 9.2683 ± 0.4638
INFO:kbc-cli.py:Epoch 6/15	Loss 9.2186 ± 0.4512
INFO:kbc-cli.py:Epoch 6/15	dev results	MRR 0.889570	H@1 0.805982	H@3 0.969325	H@5 0.979294	H@10 0.991564	H@20 0.993865	H@50 0.997699	H@100 1.000000
INFO:kbc-cli.py:Epoch 6/15	test results	MRR 0.881447	H@1 0.789713	H@3 0.968230	H@5 0.981089	H@10 0.990923	H@20 0.995461	H@50 0.996974	H@100 1.000000
INFO:kbc-cli.py:Epoch 7/15	Loss 9.1855 ± 0.4596
INFO:kbc-cli.py:Epoch 8/15	Loss 9.1598 ± 0.4551
INFO:kbc-cli.py:Epoch 9/15	Loss 9.1397 ± 0.4624
INFO:kbc-cli.py:Epoch 9/15	dev results	MRR 0.898187	H@1 0.822853	H@3 0.967791	H@5 0.980828	H@10 0.990798	H@20 0.994632	H@50 0.998466	H@100 1.000000
INFO:kbc-cli.py:Epoch 9/15	test results	MRR 0.898086	H@1 0.819970	H@3 0.970499	H@5 0.984115	H@10 0.993192	H@20 0.996218	H@50 0.997731	H@100 1.000000
INFO:kbc-cli.py:Epoch 10/15	Loss 9.1234 ± 0.4517
INFO:kbc-cli.py:Epoch 11/15	Loss 9.1101 ± 0.4278
INFO:kbc-cli.py:Epoch 12/15	Loss 9.0997 ± 0.4480
INFO:kbc-cli.py:Epoch 12/15	dev results	MRR 0.899411	H@1 0.825153	H@3 0.969325	H@5 0.979294	H@10 0.990031	H@20 0.993865	H@50 0.999233	H@100 1.000000
INFO:kbc-cli.py:Epoch 12/15	test results	MRR 0.899579	H@1 0.823752	H@3 0.968986	H@5 0.984871	H@10 0.993949	H@20 0.996974	H@50 0.997731	H@100 1.000000
INFO:kbc-cli.py:Epoch 13/15	Loss 9.0888 ± 0.4411
INFO:kbc-cli.py:Epoch 14/15	Loss 9.0795 ± 0.4508
INFO:kbc-cli.py:Epoch 15/15	Loss 9.0720 ± 0.4292
INFO:kbc-cli.py:Epoch 15/15	dev results	MRR 0.909889	H@1 0.844325	H@3 0.970092	H@5 0.980061	H@10 0.991564	H@20 0.994632	H@50 0.999233	H@100 1.000000
INFO:kbc-cli.py:Epoch 15/15	test results	MRR 0.907613	H@1 0.838124	H@3 0.972012	H@5 0.987141	H@10 0.993949	H@20 0.996974	H@50 0.998487	H@100 1.000000
INFO:kbc-cli.py:Final 	dev results	MRR 0.909889	H@1 0.844325	H@3 0.970092	H@5 0.980061	H@10 0.991564	H@20 0.994632	H@50 0.999233	H@100 1.000000
INFO:kbc-cli.py:Final 	test results	MRR 0.907613	H@1 0.838124	H@3 0.972012	H@5 0.987141	H@10 0.993949	H@20 0.996974	H@50 0.998487	H@100 1.000000
INFO:kbc-cli.py:Training finished
