./bin/kbc-cli.py --train data/umls/train.tsv --dev data/umls/dev.tsv --test data/umls/test.tsv -m complex -k 100 -b 50 -e 15 --F2 0 --N3 0.005 -l 0.1 -I standard -V 3 -o adagrad -c so -q
{'F2': 0.0,
 'N3': 0.005,
 'batch_size': 50,
 'corruption': 'so',
 'dev': 'data/umls/dev.tsv',
 'embedding_size': 100,
 'epochs': 15,
 'eval_batch_size': None,
 'input_type': 'standard',
 'learning_rate': 0.1,
 'load': None,
 'model': 'complex',
 'optimizer': 'adagrad',
 'quiet': True,
 'save': None,
 'seed': 0,
 'test': 'data/umls/test.tsv',
 'test_i': None,
 'test_ii': None,
 'train': 'data/umls/train.tsv',
 'validate_every': 3}
INFO:kbc-cli.py:Device: cuda
INFO:kbc-cli.py:Model state:
INFO:kbc-cli.py:	entities.weight	torch.Size([135, 200])
INFO:kbc-cli.py:	predicates.weight	torch.Size([46, 200])
INFO:kbc-cli.py:Epoch 1/15	Loss 7.9098 ± 0.9585
INFO:kbc-cli.py:Epoch 2/15	Loss 6.2273 ± 0.1615
INFO:kbc-cli.py:Epoch 3/15	Loss 5.9390 ± 0.1890
INFO:kbc-cli.py:Epoch 3/15	dev results	MRR 0.935070	H@1 0.892638	H@3 0.973160	H@5 0.982362	H@10 0.992331	H@20 0.996166	H@50 0.999233	H@100 1.000000
INFO:kbc-cli.py:Epoch 3/15	test results	MRR 0.925447	H@1 0.870651	H@3 0.980333	H@5 0.990166	H@10 0.995461	H@20 0.996974	H@50 0.998487	H@100 0.999244
INFO:kbc-cli.py:Epoch 4/15	Loss 5.8146 ± 0.2018
INFO:kbc-cli.py:Epoch 5/15	Loss 5.7435 ± 0.1910
INFO:kbc-cli.py:Epoch 6/15	Loss 5.6943 ± 0.1897
INFO:kbc-cli.py:Epoch 6/15	dev results	MRR 0.930741	H@1 0.879601	H@3 0.978528	H@5 0.984663	H@10 0.992331	H@20 0.998466	H@50 1.000000	H@100 1.000000
INFO:kbc-cli.py:Epoch 6/15	test results	MRR 0.927537	H@1 0.869894	H@3 0.984115	H@5 0.996974	H@10 0.996974	H@20 0.996974	H@50 0.998487	H@100 1.000000
INFO:kbc-cli.py:Epoch 7/15	Loss 5.6529 ± 0.1821
INFO:kbc-cli.py:Epoch 8/15	Loss 5.6259 ± 0.1873
INFO:kbc-cli.py:Epoch 9/15	Loss 5.5969 ± 0.2126
INFO:kbc-cli.py:Epoch 9/15	dev results	MRR 0.954661	H@1 0.925613	H@3 0.980828	H@5 0.987730	H@10 0.994632	H@20 0.999233	H@50 1.000000	H@100 1.000000
INFO:kbc-cli.py:Epoch 9/15	test results	MRR 0.952098	H@1 0.917549	H@3 0.984871	H@5 0.993949	H@10 0.996974	H@20 0.996974	H@50 0.998487	H@100 1.000000
INFO:kbc-cli.py:Epoch 10/15	Loss 5.5784 ± 0.2104
INFO:kbc-cli.py:Epoch 11/15	Loss 5.5617 ± 0.1905
INFO:kbc-cli.py:Epoch 12/15	Loss 5.5410 ± 0.2038
INFO:kbc-cli.py:Epoch 12/15	dev results	MRR 0.955988	H@1 0.927914	H@3 0.979294	H@5 0.990031	H@10 0.994632	H@20 0.999233	H@50 1.000000	H@100 1.000000
INFO:kbc-cli.py:Epoch 12/15	test results	MRR 0.952510	H@1 0.917549	H@3 0.988654	H@5 0.993949	H@10 0.996974	H@20 0.997731	H@50 0.998487	H@100 1.000000
INFO:kbc-cli.py:Epoch 13/15	Loss 5.5323 ± 0.2044
INFO:kbc-cli.py:Epoch 14/15	Loss 5.5133 ± 0.1921
INFO:kbc-cli.py:Epoch 15/15	Loss 5.5057 ± 0.2001
INFO:kbc-cli.py:Epoch 15/15	dev results	MRR 0.960269	H@1 0.936350	H@3 0.979294	H@5 0.990798	H@10 0.994632	H@20 0.999233	H@50 1.000000	H@100 1.000000
INFO:kbc-cli.py:Epoch 15/15	test results	MRR 0.956658	H@1 0.926626	H@3 0.985628	H@5 0.993949	H@10 0.996974	H@20 0.998487	H@50 0.998487	H@100 1.000000
INFO:kbc-cli.py:Final 	dev results	MRR 0.960269	H@1 0.936350	H@3 0.979294	H@5 0.990798	H@10 0.994632	H@20 0.999233	H@50 1.000000	H@100 1.000000
INFO:kbc-cli.py:Final 	test results	MRR 0.956658	H@1 0.926626	H@3 0.985628	H@5 0.993949	H@10 0.996974	H@20 0.998487	H@50 0.998487	H@100 1.000000
INFO:kbc-cli.py:Training finished
