./bin/kbc-cli.py --train data/umls/train.tsv --dev data/umls/dev.tsv --test data/umls/test.tsv -m complex -k 500 -b 10 -e 15 --F2 0 --N3 0.005 -l 0.1 -I reciprocal -V 3 -o adagrad -c so -q
{'F2': 0.0,
 'N3': 0.005,
 'batch_size': 10,
 'corruption': 'so',
 'dev': 'data/umls/dev.tsv',
 'embedding_size': 500,
 'epochs': 15,
 'eval_batch_size': None,
 'input_type': 'reciprocal',
 'learning_rate': 0.1,
 'load': None,
 'model': 'complex',
 'optimizer': 'adagrad',
 'quiet': True,
 'save': None,
 'seed': 0,
 'test': 'data/umls/test.tsv',
 'test_i': None,
 'test_ii': None,
 'train': 'data/umls/train.tsv',
 'validate_every': 3}
INFO:kbc-cli.py:Device: cuda
INFO:kbc-cli.py:Model state:
INFO:kbc-cli.py:	entities.weight	torch.Size([135, 1000])
INFO:kbc-cli.py:	predicates.weight	torch.Size([92, 1000])
INFO:kbc-cli.py:Epoch 1/15	Loss 7.2902 ± 0.9926
INFO:kbc-cli.py:Epoch 2/15	Loss 6.0353 ± 0.3731
INFO:kbc-cli.py:Epoch 3/15	Loss 5.8478 ± 0.3812
INFO:kbc-cli.py:Epoch 3/15	dev results	MRR 0.934835	H@1 0.882669	H@3 0.986196	H@5 0.993865	H@10 0.997699	H@20 0.999233	H@50 1.000000	H@100 1.000000
INFO:kbc-cli.py:Epoch 3/15	test results	MRR 0.925241	H@1 0.863086	H@3 0.986384	H@5 0.993192	H@10 0.997731	H@20 0.999244	H@50 0.999244	H@100 1.000000
INFO:kbc-cli.py:Epoch 4/15	Loss 5.7611 ± 0.3913
INFO:kbc-cli.py:Epoch 5/15	Loss 5.7022 ± 0.3776
INFO:kbc-cli.py:Epoch 6/15	Loss 5.6528 ± 0.3999
INFO:kbc-cli.py:Epoch 6/15	dev results	MRR 0.961507	H@1 0.933282	H@3 0.987730	H@5 0.994632	H@10 0.999233	H@20 1.000000	H@50 1.000000	H@100 1.000000
INFO:kbc-cli.py:Epoch 6/15	test results	MRR 0.956552	H@1 0.922844	H@3 0.989410	H@5 0.995461	H@10 0.997731	H@20 0.999244	H@50 0.999244	H@100 1.000000
INFO:kbc-cli.py:Epoch 7/15	Loss 5.6200 ± 0.3850
INFO:kbc-cli.py:Epoch 8/15	Loss 5.5911 ± 0.3950
INFO:kbc-cli.py:Epoch 9/15	Loss 5.5658 ± 0.3794
INFO:kbc-cli.py:Epoch 9/15	dev results	MRR 0.966109	H@1 0.941718	H@3 0.990798	H@5 0.994632	H@10 0.999233	H@20 1.000000	H@50 1.000000	H@100 1.000000
INFO:kbc-cli.py:Epoch 9/15	test results	MRR 0.955741	H@1 0.922088	H@3 0.988654	H@5 0.996218	H@10 0.997731	H@20 0.998487	H@50 1.000000	H@100 1.000000
INFO:kbc-cli.py:Epoch 10/15	Loss 5.5432 ± 0.3733
INFO:kbc-cli.py:Epoch 11/15	Loss 5.5274 ± 0.4007
INFO:kbc-cli.py:Epoch 12/15	Loss 5.5104 ± 0.3921
INFO:kbc-cli.py:Epoch 12/15	dev results	MRR 0.967495	H@1 0.944785	H@3 0.986963	H@5 0.994632	H@10 0.999233	H@20 1.000000	H@50 1.000000	H@100 1.000000
INFO:kbc-cli.py:Epoch 12/15	test results	MRR 0.961202	H@1 0.932678	H@3 0.987141	H@5 0.996218	H@10 0.997731	H@20 0.998487	H@50 1.000000	H@100 1.000000
INFO:kbc-cli.py:Epoch 13/15	Loss 5.4954 ± 0.3818
INFO:kbc-cli.py:Epoch 14/15	Loss 5.4831 ± 0.3891
INFO:kbc-cli.py:Epoch 15/15	Loss 5.4704 ± 0.3835
INFO:kbc-cli.py:Epoch 15/15	dev results	MRR 0.966961	H@1 0.944785	H@3 0.988497	H@5 0.993865	H@10 0.999233	H@20 1.000000	H@50 1.000000	H@100 1.000000
INFO:kbc-cli.py:Epoch 15/15	test results	MRR 0.966825	H@1 0.942511	H@3 0.989410	H@5 0.996218	H@10 0.997731	H@20 0.997731	H@50 1.000000	H@100 1.000000
INFO:kbc-cli.py:Final 	dev results	MRR 0.966961	H@1 0.944785	H@3 0.988497	H@5 0.993865	H@10 0.999233	H@20 1.000000	H@50 1.000000	H@100 1.000000
INFO:kbc-cli.py:Final 	test results	MRR 0.966825	H@1 0.942511	H@3 0.989410	H@5 0.996218	H@10 0.997731	H@20 0.997731	H@50 1.000000	H@100 1.000000
INFO:kbc-cli.py:Training finished
