./bin/kbc-cli.py --train data/kinship/train.tsv --dev data/kinship/dev.tsv --test data/kinship/test.tsv -m complex -k 200 -b 500 -e 15 --F2 0 --N3 0.1 -l 0.1 -I standard -V 3 -o adagrad -c spo -q
{'F2': 0.0,
 'N3': 0.1,
 'batch_size': 500,
 'corruption': 'spo',
 'dev': 'data/kinship/dev.tsv',
 'embedding_size': 200,
 'epochs': 15,
 'eval_batch_size': None,
 'input_type': 'standard',
 'learning_rate': 0.1,
 'load': None,
 'model': 'complex',
 'optimizer': 'adagrad',
 'quiet': True,
 'save': None,
 'seed': 0,
 'test': 'data/kinship/test.tsv',
 'test_i': None,
 'test_ii': None,
 'train': 'data/kinship/train.tsv',
 'validate_every': 3}
INFO:kbc-cli.py:Device: cuda
INFO:kbc-cli.py:Model state:
INFO:kbc-cli.py:	entities.weight	torch.Size([104, 400])
INFO:kbc-cli.py:	predicates.weight	torch.Size([25, 400])
INFO:kbc-cli.py:Epoch 1/15	Loss 10.7764 ± 1.6132
INFO:kbc-cli.py:Epoch 2/15	Loss 8.7403 ± 0.1376
INFO:kbc-cli.py:Epoch 3/15	Loss 8.5604 ± 0.1017
INFO:kbc-cli.py:Epoch 3/15	dev results	MRR 0.717634	H@1 0.582397	H@3 0.823970	H@5 0.895599	H@10 0.961610	H@20 0.983614	H@50 0.992978	H@100 1.000000
INFO:kbc-cli.py:Epoch 3/15	test results	MRR 0.706134	H@1 0.563315	H@3 0.815177	H@5 0.895717	H@10 0.962291	H@20 0.990689	H@50 0.995810	H@100 1.000000
INFO:kbc-cli.py:Epoch 4/15	Loss 8.4551 ± 0.1228
INFO:kbc-cli.py:Epoch 5/15	Loss 8.4119 ± 0.1014
INFO:kbc-cli.py:Epoch 6/15	Loss 8.3999 ± 0.0854
INFO:kbc-cli.py:Epoch 6/15	dev results	MRR 0.757735	H@1 0.634831	H@3 0.853933	H@5 0.921348	H@10 0.970037	H@20 0.983614	H@50 0.992509	H@100 1.000000
INFO:kbc-cli.py:Epoch 6/15	test results	MRR 0.753792	H@1 0.634544	H@3 0.845438	H@5 0.920391	H@10 0.973464	H@20 0.990689	H@50 0.996276	H@100 1.000000
INFO:kbc-cli.py:Epoch 7/15	Loss 8.3680 ± 0.0918
INFO:kbc-cli.py:Epoch 8/15	Loss 8.3816 ± 0.1412
INFO:kbc-cli.py:Epoch 9/15	Loss 8.3397 ± 0.0831
INFO:kbc-cli.py:Epoch 9/15	dev results	MRR 0.766664	H@1 0.650281	H@3 0.861423	H@5 0.926498	H@10 0.968165	H@20 0.984082	H@50 0.992509	H@100 1.000000
INFO:kbc-cli.py:Epoch 9/15	test results	MRR 0.775612	H@1 0.660149	H@3 0.869646	H@5 0.930168	H@10 0.971136	H@20 0.989758	H@50 0.996276	H@100 1.000000
INFO:kbc-cli.py:Epoch 10/15	Loss 8.3315 ± 0.0877
INFO:kbc-cli.py:Epoch 11/15	Loss 8.3247 ± 0.0580
INFO:kbc-cli.py:Epoch 12/15	Loss 8.2979 ± 0.0860
INFO:kbc-cli.py:Epoch 12/15	dev results	MRR 0.780022	H@1 0.664794	H@3 0.874064	H@5 0.926966	H@10 0.969569	H@20 0.985019	H@50 0.993446	H@100 1.000000
INFO:kbc-cli.py:Epoch 12/15	test results	MRR 0.784035	H@1 0.670391	H@3 0.878957	H@5 0.935289	H@10 0.974395	H@20 0.992086	H@50 0.996276	H@100 1.000000
INFO:kbc-cli.py:Epoch 13/15	Loss 8.2850 ± 0.1102
INFO:kbc-cli.py:Epoch 14/15	Loss 8.2887 ± 0.0795
INFO:kbc-cli.py:Epoch 15/15	Loss 8.2839 ± 0.0892
INFO:kbc-cli.py:Epoch 15/15	dev results	MRR 0.804553	H@1 0.703184	H@3 0.884831	H@5 0.941011	H@10 0.971910	H@20 0.985019	H@50 0.992978	H@100 1.000000
INFO:kbc-cli.py:Epoch 15/15	test results	MRR 0.801487	H@1 0.700186	H@3 0.883147	H@5 0.935754	H@10 0.977654	H@20 0.991620	H@50 0.996276	H@100 1.000000
INFO:kbc-cli.py:Final 	dev results	MRR 0.804553	H@1 0.703184	H@3 0.884831	H@5 0.941011	H@10 0.971910	H@20 0.985019	H@50 0.992978	H@100 1.000000
INFO:kbc-cli.py:Final 	test results	MRR 0.801487	H@1 0.700186	H@3 0.883147	H@5 0.935754	H@10 0.977654	H@20 0.991620	H@50 0.996276	H@100 1.000000
INFO:kbc-cli.py:Training finished
