./bin/kbc-cli.py --train data/nations/train.tsv --dev data/nations/dev.tsv --test data/nations/test.tsv -m complex -k 100 -b 10 -e 15 --F2 0 --N3 0.01 -l 0.1 -I standard -V 3 -o adagrad -c so -q
{'F2': 0.0,
 'N3': 0.01,
 'batch_size': 10,
 'corruption': 'so',
 'dev': 'data/nations/dev.tsv',
 'embedding_size': 100,
 'epochs': 15,
 'eval_batch_size': None,
 'input_type': 'standard',
 'learning_rate': 0.1,
 'load': None,
 'model': 'complex',
 'optimizer': 'adagrad',
 'quiet': True,
 'save': None,
 'seed': 0,
 'test': 'data/nations/test.tsv',
 'test_i': None,
 'test_ii': None,
 'train': 'data/nations/train.tsv',
 'validate_every': 3}
INFO:kbc-cli.py:Device: cuda
INFO:kbc-cli.py:Model state:
INFO:kbc-cli.py:	entities.weight	torch.Size([14, 200])
INFO:kbc-cli.py:	predicates.weight	torch.Size([55, 200])
INFO:kbc-cli.py:Epoch 1/15	Loss 5.3165 ± 0.1529
INFO:kbc-cli.py:Epoch 2/15	Loss 4.8559 ± 0.2049
INFO:kbc-cli.py:Epoch 3/15	Loss 4.5463 ± 0.2757
INFO:kbc-cli.py:Epoch 3/15	dev results	MRR 0.758999	H@1 0.638191	H@3 0.851759	H@5 0.929648	H@10 0.987437	H@20 1.000000	H@50 1.000000	H@100 1.000000
INFO:kbc-cli.py:Epoch 3/15	test results	MRR 0.741798	H@1 0.604478	H@3 0.853234	H@5 0.937811	H@10 0.987562	H@20 1.000000	H@50 1.000000	H@100 1.000000
INFO:kbc-cli.py:Epoch 4/15	Loss 4.3447 ± 0.3946
INFO:kbc-cli.py:Epoch 5/15	Loss 4.2059 ± 0.3800
INFO:kbc-cli.py:Epoch 6/15	Loss 4.1313 ± 0.3702
INFO:kbc-cli.py:Epoch 6/15	dev results	MRR 0.756925	H@1 0.630653	H@3 0.851759	H@5 0.954774	H@10 0.992462	H@20 1.000000	H@50 1.000000	H@100 1.000000
INFO:kbc-cli.py:Epoch 6/15	test results	MRR 0.749082	H@1 0.614428	H@3 0.855721	H@5 0.955224	H@10 0.990050	H@20 1.000000	H@50 1.000000	H@100 1.000000
INFO:kbc-cli.py:Epoch 7/15	Loss 4.0663 ± 0.3475
INFO:kbc-cli.py:Epoch 8/15	Loss 4.0249 ± 0.3537
INFO:kbc-cli.py:Epoch 9/15	Loss 3.9919 ± 0.3601
INFO:kbc-cli.py:Epoch 9/15	dev results	MRR 0.751327	H@1 0.618090	H@3 0.864322	H@5 0.949749	H@10 0.992462	H@20 1.000000	H@50 1.000000	H@100 1.000000
INFO:kbc-cli.py:Epoch 9/15	test results	MRR 0.736494	H@1 0.592040	H@3 0.860697	H@5 0.947761	H@10 0.995025	H@20 1.000000	H@50 1.000000	H@100 1.000000
INFO:kbc-cli.py:Epoch 10/15	Loss 3.9673 ± 0.3966
INFO:kbc-cli.py:Epoch 11/15	Loss 3.9455 ± 0.3809
INFO:kbc-cli.py:Epoch 12/15	Loss 3.9227 ± 0.3603
INFO:kbc-cli.py:Epoch 12/15	dev results	MRR 0.751644	H@1 0.618090	H@3 0.869347	H@5 0.952261	H@10 0.994975	H@20 1.000000	H@50 1.000000	H@100 1.000000
INFO:kbc-cli.py:Epoch 12/15	test results	MRR 0.735993	H@1 0.587065	H@3 0.865672	H@5 0.950249	H@10 0.995025	H@20 1.000000	H@50 1.000000	H@100 1.000000
INFO:kbc-cli.py:Epoch 13/15	Loss 3.8983 ± 0.3592
INFO:kbc-cli.py:Epoch 14/15	Loss 3.8916 ± 0.3716
INFO:kbc-cli.py:Epoch 15/15	Loss 3.8686 ± 0.3912
INFO:kbc-cli.py:Epoch 15/15	dev results	MRR 0.751433	H@1 0.618090	H@3 0.866834	H@5 0.949749	H@10 0.997487	H@20 1.000000	H@50 1.000000	H@100 1.000000
INFO:kbc-cli.py:Epoch 15/15	test results	MRR 0.733003	H@1 0.579602	H@3 0.870647	H@5 0.947761	H@10 0.995025	H@20 1.000000	H@50 1.000000	H@100 1.000000
INFO:kbc-cli.py:Final 	dev results	MRR 0.751433	H@1 0.618090	H@3 0.866834	H@5 0.949749	H@10 0.997487	H@20 1.000000	H@50 1.000000	H@100 1.000000
INFO:kbc-cli.py:Final 	test results	MRR 0.733003	H@1 0.579602	H@3 0.870647	H@5 0.947761	H@10 0.995025	H@20 1.000000	H@50 1.000000	H@100 1.000000
INFO:kbc-cli.py:Training finished
