./bin/kbc-cli.py --train data/nations/train.tsv --dev data/nations/dev.tsv --test data/nations/test.tsv -m complex -k 500 -b 500 -e 15 --F2 0 --N3 0.5 -l 0.1 -I reciprocal -V 3 -o adagrad -c spo -q
{'F2': 0.0,
 'N3': 0.5,
 'batch_size': 500,
 'corruption': 'spo',
 'dev': 'data/nations/dev.tsv',
 'embedding_size': 500,
 'epochs': 15,
 'eval_batch_size': None,
 'input_type': 'reciprocal',
 'learning_rate': 0.1,
 'load': None,
 'model': 'complex',
 'optimizer': 'adagrad',
 'quiet': True,
 'save': None,
 'seed': 0,
 'test': 'data/nations/test.tsv',
 'test_i': None,
 'test_ii': None,
 'train': 'data/nations/train.tsv',
 'validate_every': 3}
INFO:kbc-cli.py:Device: cuda
INFO:kbc-cli.py:Model state:
INFO:kbc-cli.py:	entities.weight	torch.Size([14, 1000])
INFO:kbc-cli.py:	predicates.weight	torch.Size([110, 1000])
INFO:kbc-cli.py:Epoch 1/15	Loss 10.3570 ± 0.6905
INFO:kbc-cli.py:Epoch 2/15	Loss 9.9841 ± 0.0037
INFO:kbc-cli.py:Epoch 3/15	Loss 9.9799 ± 0.0004
INFO:kbc-cli.py:Epoch 3/15	dev results	MRR 0.507587	H@1 0.298995	H@3 0.633166	H@5 0.816583	H@10 0.969849	H@20 1.000000	H@50 1.000000	H@100 1.000000
INFO:kbc-cli.py:Epoch 3/15	test results	MRR 0.522180	H@1 0.318408	H@3 0.629353	H@5 0.803483	H@10 0.977612	H@20 1.000000	H@50 1.000000	H@100 1.000000
INFO:kbc-cli.py:Epoch 4/15	Loss 9.9791 ± 0.0001
INFO:kbc-cli.py:Epoch 5/15	Loss 9.9789 ± 0.0001
INFO:kbc-cli.py:Epoch 6/15	Loss 9.9788 ± 0.0000
INFO:kbc-cli.py:Epoch 6/15	dev results	MRR 0.574498	H@1 0.384422	H@3 0.701005	H@5 0.861809	H@10 0.974874	H@20 1.000000	H@50 1.000000	H@100 1.000000
INFO:kbc-cli.py:Epoch 6/15	test results	MRR 0.582744	H@1 0.398010	H@3 0.706468	H@5 0.830846	H@10 0.990050	H@20 1.000000	H@50 1.000000	H@100 1.000000
INFO:kbc-cli.py:Epoch 7/15	Loss 9.9787 ± 0.0000
INFO:kbc-cli.py:Epoch 8/15	Loss 9.9787 ± 0.0000
INFO:kbc-cli.py:Epoch 9/15	Loss 9.9786 ± 0.0000
INFO:kbc-cli.py:Epoch 9/15	dev results	MRR 0.598223	H@1 0.419598	H@3 0.713568	H@5 0.864322	H@10 0.977387	H@20 1.000000	H@50 1.000000	H@100 1.000000
INFO:kbc-cli.py:Epoch 9/15	test results	MRR 0.596400	H@1 0.425373	H@3 0.696517	H@5 0.838308	H@10 0.990050	H@20 1.000000	H@50 1.000000	H@100 1.000000
INFO:kbc-cli.py:Epoch 10/15	Loss 9.9786 ± 0.0000
INFO:kbc-cli.py:Epoch 11/15	Loss 9.9786 ± 0.0000
INFO:kbc-cli.py:Epoch 12/15	Loss 9.9786 ± 0.0000
INFO:kbc-cli.py:Epoch 12/15	dev results	MRR 0.607976	H@1 0.434673	H@3 0.716080	H@5 0.864322	H@10 0.982412	H@20 1.000000	H@50 1.000000	H@100 1.000000
INFO:kbc-cli.py:Epoch 12/15	test results	MRR 0.605582	H@1 0.435323	H@3 0.684080	H@5 0.833333	H@10 0.985075	H@20 1.000000	H@50 1.000000	H@100 1.000000
INFO:kbc-cli.py:Epoch 13/15	Loss 9.9786 ± 0.0000
INFO:kbc-cli.py:Epoch 14/15	Loss 9.9786 ± 0.0000
INFO:kbc-cli.py:Epoch 15/15	Loss 9.9786 ± 0.0000
INFO:kbc-cli.py:Epoch 15/15	dev results	MRR 0.615073	H@1 0.442211	H@3 0.716080	H@5 0.871859	H@10 0.984925	H@20 1.000000	H@50 1.000000	H@100 1.000000
INFO:kbc-cli.py:Epoch 15/15	test results	MRR 0.602423	H@1 0.427861	H@3 0.689055	H@5 0.853234	H@10 0.982587	H@20 1.000000	H@50 1.000000	H@100 1.000000
INFO:kbc-cli.py:Final 	dev results	MRR 0.615073	H@1 0.442211	H@3 0.716080	H@5 0.871859	H@10 0.984925	H@20 1.000000	H@50 1.000000	H@100 1.000000
INFO:kbc-cli.py:Final 	test results	MRR 0.602423	H@1 0.427861	H@3 0.689055	H@5 0.853234	H@10 0.982587	H@20 1.000000	H@50 1.000000	H@100 1.000000
INFO:kbc-cli.py:Training finished
