./bin/kbc-cli.py --train data/umls/train.tsv --dev data/umls/dev.tsv --test data/umls/test.tsv -m complex -k 100 -b 500 -e 15 --F2 0 --N3 0.0001 -l 0.1 -I reciprocal -V 3 -o adagrad -c spo -q
{'F2': 0.0,
 'N3': 0.0001,
 'batch_size': 500,
 'corruption': 'spo',
 'dev': 'data/umls/dev.tsv',
 'embedding_size': 100,
 'epochs': 15,
 'eval_batch_size': None,
 'input_type': 'reciprocal',
 'learning_rate': 0.1,
 'load': None,
 'model': 'complex',
 'optimizer': 'adagrad',
 'quiet': True,
 'save': None,
 'seed': 0,
 'test': 'data/umls/test.tsv',
 'test_i': None,
 'test_ii': None,
 'train': 'data/umls/train.tsv',
 'validate_every': 3}
INFO:kbc-cli.py:Device: cuda
INFO:kbc-cli.py:Model state:
INFO:kbc-cli.py:	entities.weight	torch.Size([135, 200])
INFO:kbc-cli.py:	predicates.weight	torch.Size([92, 200])
INFO:kbc-cli.py:Epoch 1/15	Loss 11.4018 ± 2.3744
INFO:kbc-cli.py:Epoch 2/15	Loss 7.2260 ± 0.1220
INFO:kbc-cli.py:Epoch 3/15	Loss 6.5861 ± 0.1068
INFO:kbc-cli.py:Epoch 3/15	dev results	MRR 0.872144	H@1 0.763037	H@3 0.976227	H@5 0.986963	H@10 0.993098	H@20 0.995399	H@50 1.000000	H@100 1.000000
INFO:kbc-cli.py:Epoch 3/15	test results	MRR 0.857775	H@1 0.733737	H@3 0.981846	H@5 0.989410	H@10 0.996218	H@20 0.997731	H@50 0.998487	H@100 1.000000
INFO:kbc-cli.py:Epoch 4/15	Loss 6.3878 ± 0.1478
INFO:kbc-cli.py:Epoch 5/15	Loss 6.2876 ± 0.1393
INFO:kbc-cli.py:Epoch 6/15	Loss 6.2170 ± 0.1324
INFO:kbc-cli.py:Epoch 6/15	dev results	MRR 0.919248	H@1 0.853528	H@3 0.983896	H@5 0.990031	H@10 0.992331	H@20 0.996166	H@50 0.999233	H@100 1.000000
INFO:kbc-cli.py:Epoch 6/15	test results	MRR 0.917748	H@1 0.848714	H@3 0.986384	H@5 0.990166	H@10 0.996974	H@20 0.997731	H@50 0.998487	H@100 1.000000
INFO:kbc-cli.py:Epoch 7/15	Loss 6.1645 ± 0.1323
INFO:kbc-cli.py:Epoch 8/15	Loss 6.1230 ± 0.1477
INFO:kbc-cli.py:Epoch 9/15	Loss 6.0850 ± 0.1339
INFO:kbc-cli.py:Epoch 9/15	dev results	MRR 0.926672	H@1 0.869632	H@3 0.982362	H@5 0.989264	H@10 0.992331	H@20 0.996166	H@50 0.999233	H@100 1.000000
INFO:kbc-cli.py:Epoch 9/15	test results	MRR 0.925864	H@1 0.865356	H@3 0.984871	H@5 0.992436	H@10 0.996974	H@20 0.998487	H@50 0.998487	H@100 1.000000
INFO:kbc-cli.py:Epoch 10/15	Loss 6.0554 ± 0.1306
INFO:kbc-cli.py:Epoch 11/15	Loss 6.0321 ± 0.1484
INFO:kbc-cli.py:Epoch 12/15	Loss 6.0098 ± 0.1236
INFO:kbc-cli.py:Epoch 12/15	dev results	MRR 0.924821	H@1 0.866564	H@3 0.980828	H@5 0.989264	H@10 0.992331	H@20 0.993098	H@50 0.999233	H@100 1.000000
INFO:kbc-cli.py:Epoch 12/15	test results	MRR 0.927351	H@1 0.868381	H@3 0.987141	H@5 0.990923	H@10 0.996974	H@20 0.998487	H@50 0.998487	H@100 1.000000
INFO:kbc-cli.py:Epoch 13/15	Loss 5.9882 ± 0.1134
INFO:kbc-cli.py:Epoch 14/15	Loss 5.9750 ± 0.1321
INFO:kbc-cli.py:Epoch 15/15	Loss 5.9570 ± 0.1396
INFO:kbc-cli.py:Epoch 15/15	dev results	MRR 0.928214	H@1 0.873466	H@3 0.980061	H@5 0.990031	H@10 0.992331	H@20 0.993865	H@50 0.999233	H@100 1.000000
INFO:kbc-cli.py:Epoch 15/15	test results	MRR 0.931925	H@1 0.878971	H@3 0.984871	H@5 0.990166	H@10 0.996974	H@20 0.998487	H@50 0.998487	H@100 1.000000
INFO:kbc-cli.py:Final 	dev results	MRR 0.928214	H@1 0.873466	H@3 0.980061	H@5 0.990031	H@10 0.992331	H@20 0.993865	H@50 0.999233	H@100 1.000000
INFO:kbc-cli.py:Final 	test results	MRR 0.931925	H@1 0.878971	H@3 0.984871	H@5 0.990166	H@10 0.996974	H@20 0.998487	H@50 0.998487	H@100 1.000000
INFO:kbc-cli.py:Training finished
