./bin/kbc-cli.py --train data/umls/train.tsv --dev data/umls/dev.tsv --test data/umls/test.tsv -m complex -k 1000 -b 50 -e 15 --F2 0 --N3 0.01 -l 0.1 -I reciprocal -V 3 -o adagrad -c so -q
{'F2': 0.0,
 'N3': 0.01,
 'batch_size': 50,
 'corruption': 'so',
 'dev': 'data/umls/dev.tsv',
 'embedding_size': 1000,
 'epochs': 15,
 'eval_batch_size': None,
 'input_type': 'reciprocal',
 'learning_rate': 0.1,
 'load': None,
 'model': 'complex',
 'optimizer': 'adagrad',
 'quiet': True,
 'save': None,
 'seed': 0,
 'test': 'data/umls/test.tsv',
 'test_i': None,
 'test_ii': None,
 'train': 'data/umls/train.tsv',
 'validate_every': 3}
INFO:kbc-cli.py:Device: cuda
INFO:kbc-cli.py:Model state:
INFO:kbc-cli.py:	entities.weight	torch.Size([135, 2000])
INFO:kbc-cli.py:	predicates.weight	torch.Size([92, 2000])
INFO:kbc-cli.py:Epoch 1/15	Loss 7.6864 ± 1.2113
INFO:kbc-cli.py:Epoch 2/15	Loss 6.2123 ± 0.1807
INFO:kbc-cli.py:Epoch 3/15	Loss 6.0259 ± 0.1990
INFO:kbc-cli.py:Epoch 3/15	dev results	MRR 0.922414	H@1 0.858896	H@3 0.981595	H@5 0.990798	H@10 0.999233	H@20 1.000000	H@50 1.000000	H@100 1.000000
INFO:kbc-cli.py:Epoch 3/15	test results	MRR 0.915963	H@1 0.846445	H@3 0.981846	H@5 0.992436	H@10 0.997731	H@20 0.997731	H@50 0.999244	H@100 1.000000
INFO:kbc-cli.py:Epoch 4/15	Loss 5.9460 ± 0.2036
INFO:kbc-cli.py:Epoch 5/15	Loss 5.8937 ± 0.1861
INFO:kbc-cli.py:Epoch 6/15	Loss 5.8508 ± 0.2021
INFO:kbc-cli.py:Epoch 6/15	dev results	MRR 0.957265	H@1 0.924847	H@3 0.986963	H@5 0.994632	H@10 0.999233	H@20 1.000000	H@50 1.000000	H@100 1.000000
INFO:kbc-cli.py:Epoch 6/15	test results	MRR 0.954237	H@1 0.919062	H@3 0.986384	H@5 0.995461	H@10 0.997731	H@20 0.997731	H@50 0.999244	H@100 1.000000
INFO:kbc-cli.py:Epoch 7/15	Loss 5.8213 ± 0.1975
INFO:kbc-cli.py:Epoch 8/15	Loss 5.7955 ± 0.1941
INFO:kbc-cli.py:Epoch 9/15	Loss 5.7751 ± 0.1959
INFO:kbc-cli.py:Epoch 9/15	dev results	MRR 0.966366	H@1 0.944018	H@3 0.986196	H@5 0.993865	H@10 0.998466	H@20 1.000000	H@50 1.000000	H@100 1.000000
INFO:kbc-cli.py:Epoch 9/15	test results	MRR 0.955942	H@1 0.924357	H@3 0.987141	H@5 0.996218	H@10 0.997731	H@20 0.997731	H@50 0.999244	H@100 1.000000
INFO:kbc-cli.py:Epoch 10/15	Loss 5.7557 ± 0.1937
INFO:kbc-cli.py:Epoch 11/15	Loss 5.7409 ± 0.2048
INFO:kbc-cli.py:Epoch 12/15	Loss 5.7265 ± 0.1987
INFO:kbc-cli.py:Epoch 12/15	dev results	MRR 0.967699	H@1 0.947086	H@3 0.985429	H@5 0.994632	H@10 0.997699	H@20 1.000000	H@50 1.000000	H@100 1.000000
INFO:kbc-cli.py:Epoch 12/15	test results	MRR 0.962138	H@1 0.934947	H@3 0.988654	H@5 0.993949	H@10 0.997731	H@20 0.997731	H@50 0.999244	H@100 1.000000
INFO:kbc-cli.py:Epoch 13/15	Loss 5.7127 ± 0.1741
INFO:kbc-cli.py:Epoch 14/15	Loss 5.7047 ± 0.1957
INFO:kbc-cli.py:Epoch 15/15	Loss 5.6923 ± 0.1858
INFO:kbc-cli.py:Epoch 15/15	dev results	MRR 0.966887	H@1 0.944785	H@3 0.985429	H@5 0.993098	H@10 0.997699	H@20 1.000000	H@50 1.000000	H@100 1.000000
INFO:kbc-cli.py:Epoch 15/15	test results	MRR 0.964211	H@1 0.938729	H@3 0.990923	H@5 0.995461	H@10 0.997731	H@20 0.997731	H@50 0.999244	H@100 1.000000
INFO:kbc-cli.py:Final 	dev results	MRR 0.966887	H@1 0.944785	H@3 0.985429	H@5 0.993098	H@10 0.997699	H@20 1.000000	H@50 1.000000	H@100 1.000000
INFO:kbc-cli.py:Final 	test results	MRR 0.964211	H@1 0.938729	H@3 0.990923	H@5 0.995461	H@10 0.997731	H@20 0.997731	H@50 0.999244	H@100 1.000000
INFO:kbc-cli.py:Training finished
