./bin/kbc-cli.py --train data/umls/train.tsv --dev data/umls/dev.tsv --test data/umls/test.tsv -m complex -k 500 -b 100 -e 15 --F2 0 --N3 0.0005 -l 0.1 -I reciprocal -V 3 -o adagrad -c spo -q
{'F2': 0.0,
 'N3': 0.0005,
 'batch_size': 100,
 'corruption': 'spo',
 'dev': 'data/umls/dev.tsv',
 'embedding_size': 500,
 'epochs': 15,
 'eval_batch_size': None,
 'input_type': 'reciprocal',
 'learning_rate': 0.1,
 'load': None,
 'model': 'complex',
 'optimizer': 'adagrad',
 'quiet': True,
 'save': None,
 'seed': 0,
 'test': 'data/umls/test.tsv',
 'test_i': None,
 'test_ii': None,
 'train': 'data/umls/train.tsv',
 'validate_every': 3}
INFO:kbc-cli.py:Device: cuda
INFO:kbc-cli.py:Model state:
INFO:kbc-cli.py:	entities.weight	torch.Size([135, 1000])
INFO:kbc-cli.py:	predicates.weight	torch.Size([92, 1000])
INFO:kbc-cli.py:Epoch 1/15	Loss 9.7035 ± 2.2272
INFO:kbc-cli.py:Epoch 2/15	Loss 6.8415 ± 0.2209
INFO:kbc-cli.py:Epoch 3/15	Loss 6.5567 ± 0.2328
INFO:kbc-cli.py:Epoch 3/15	dev results	MRR 0.910654	H@1 0.835123	H@3 0.983129	H@5 0.990798	H@10 0.996166	H@20 0.999233	H@50 1.000000	H@100 1.000000
INFO:kbc-cli.py:Epoch 3/15	test results	MRR 0.898617	H@1 0.811649	H@3 0.983359	H@5 0.991679	H@10 0.996974	H@20 0.998487	H@50 1.000000	H@100 1.000000
INFO:kbc-cli.py:Epoch 4/15	Loss 6.4229 ± 0.2502
INFO:kbc-cli.py:Epoch 5/15	Loss 6.3392 ± 0.2330
INFO:kbc-cli.py:Epoch 6/15	Loss 6.2742 ± 0.2532
INFO:kbc-cli.py:Epoch 6/15	dev results	MRR 0.941492	H@1 0.894939	H@3 0.984663	H@5 0.991564	H@10 0.997699	H@20 0.999233	H@50 1.000000	H@100 1.000000
INFO:kbc-cli.py:Epoch 6/15	test results	MRR 0.937291	H@1 0.886536	H@3 0.984871	H@5 0.992436	H@10 0.996218	H@20 0.998487	H@50 1.000000	H@100 1.000000
INFO:kbc-cli.py:Epoch 7/15	Loss 6.2244 ± 0.2275
INFO:kbc-cli.py:Epoch 8/15	Loss 6.1888 ± 0.2388
INFO:kbc-cli.py:Epoch 9/15	Loss 6.1536 ± 0.2305
INFO:kbc-cli.py:Epoch 9/15	dev results	MRR 0.938567	H@1 0.889571	H@3 0.988497	H@5 0.991564	H@10 0.996933	H@20 0.999233	H@50 1.000000	H@100 1.000000
INFO:kbc-cli.py:Epoch 9/15	test results	MRR 0.938331	H@1 0.888805	H@3 0.984871	H@5 0.992436	H@10 0.996974	H@20 0.998487	H@50 1.000000	H@100 1.000000
INFO:kbc-cli.py:Epoch 10/15	Loss 6.1268 ± 0.2232
INFO:kbc-cli.py:Epoch 11/15	Loss 6.1025 ± 0.2343
INFO:kbc-cli.py:Epoch 12/15	Loss 6.0821 ± 0.2188
INFO:kbc-cli.py:Epoch 12/15	dev results	MRR 0.943748	H@1 0.900307	H@3 0.983129	H@5 0.991564	H@10 0.995399	H@20 0.999233	H@50 1.000000	H@100 1.000000
INFO:kbc-cli.py:Epoch 12/15	test results	MRR 0.940901	H@1 0.893343	H@3 0.985628	H@5 0.993192	H@10 0.997731	H@20 0.998487	H@50 1.000000	H@100 1.000000
INFO:kbc-cli.py:Epoch 13/15	Loss 6.0633 ± 0.1900
INFO:kbc-cli.py:Epoch 14/15	Loss 6.0527 ± 0.2216
INFO:kbc-cli.py:Epoch 15/15	Loss 6.0342 ± 0.2233
INFO:kbc-cli.py:Epoch 15/15	dev results	MRR 0.935850	H@1 0.884202	H@3 0.983896	H@5 0.992331	H@10 0.996166	H@20 0.999233	H@50 1.000000	H@100 1.000000
INFO:kbc-cli.py:Epoch 15/15	test results	MRR 0.938667	H@1 0.888805	H@3 0.987141	H@5 0.992436	H@10 0.997731	H@20 0.998487	H@50 1.000000	H@100 1.000000
INFO:kbc-cli.py:Final 	dev results	MRR 0.935850	H@1 0.884202	H@3 0.983896	H@5 0.992331	H@10 0.996166	H@20 0.999233	H@50 1.000000	H@100 1.000000
INFO:kbc-cli.py:Final 	test results	MRR 0.938667	H@1 0.888805	H@3 0.987141	H@5 0.992436	H@10 0.997731	H@20 0.998487	H@50 1.000000	H@100 1.000000
INFO:kbc-cli.py:Training finished
