./bin/kbc-cli.py --train data/kinship/train.tsv --dev data/kinship/dev.tsv --test data/kinship/test.tsv -m complex -k 500 -b 50 -e 15 --F2 0 --N3 0.005 -l 0.1 -I reciprocal -V 3 -o adagrad -c spo -q
{'F2': 0.0,
 'N3': 0.005,
 'batch_size': 50,
 'corruption': 'spo',
 'dev': 'data/kinship/dev.tsv',
 'embedding_size': 500,
 'epochs': 15,
 'eval_batch_size': None,
 'input_type': 'reciprocal',
 'learning_rate': 0.1,
 'load': None,
 'model': 'complex',
 'optimizer': 'adagrad',
 'quiet': True,
 'save': None,
 'seed': 0,
 'test': 'data/kinship/test.tsv',
 'test_i': None,
 'test_ii': None,
 'train': 'data/kinship/train.tsv',
 'validate_every': 3}
INFO:kbc-cli.py:Device: cuda
INFO:kbc-cli.py:Model state:
INFO:kbc-cli.py:	entities.weight	torch.Size([104, 1000])
INFO:kbc-cli.py:	predicates.weight	torch.Size([50, 1000])
INFO:kbc-cli.py:Epoch 1/15	Loss 9.1028 ± 2.0532
INFO:kbc-cli.py:Epoch 2/15	Loss 6.4164 ± 0.2773
INFO:kbc-cli.py:Epoch 3/15	Loss 6.0736 ± 0.2869
INFO:kbc-cli.py:Epoch 3/15	dev results	MRR 0.880662	H@1 0.812266	H@3 0.941479	H@5 0.964888	H@10 0.981273	H@20 0.988764	H@50 0.993446	H@100 1.000000
INFO:kbc-cli.py:Epoch 3/15	test results	MRR 0.876571	H@1 0.804469	H@3 0.941806	H@5 0.969739	H@10 0.987430	H@20 0.993948	H@50 0.996741	H@100 1.000000
INFO:kbc-cli.py:Epoch 4/15	Loss 5.8978 ± 0.2816
INFO:kbc-cli.py:Epoch 5/15	Loss 5.7862 ± 0.2782
INFO:kbc-cli.py:Epoch 6/15	Loss 5.7090 ± 0.2504
INFO:kbc-cli.py:Epoch 6/15	dev results	MRR 0.884956	H@1 0.818352	H@3 0.946629	H@5 0.966292	H@10 0.981742	H@20 0.988296	H@50 0.992978	H@100 1.000000
INFO:kbc-cli.py:Epoch 6/15	test results	MRR 0.883466	H@1 0.815642	H@3 0.945996	H@5 0.968343	H@10 0.986034	H@20 0.993948	H@50 0.996741	H@100 1.000000
INFO:kbc-cli.py:Epoch 7/15	Loss 5.6506 ± 0.2395
INFO:kbc-cli.py:Epoch 8/15	Loss 5.6053 ± 0.2462
INFO:kbc-cli.py:Epoch 9/15	Loss 5.5697 ± 0.2295
INFO:kbc-cli.py:Epoch 9/15	dev results	MRR 0.890009	H@1 0.827247	H@3 0.944288	H@5 0.967228	H@10 0.981742	H@20 0.988296	H@50 0.993914	H@100 1.000000
INFO:kbc-cli.py:Epoch 9/15	test results	MRR 0.888354	H@1 0.824022	H@3 0.948324	H@5 0.970670	H@10 0.986034	H@20 0.994413	H@50 0.996741	H@100 1.000000
INFO:kbc-cli.py:Epoch 10/15	Loss 5.5396 ± 0.2425
INFO:kbc-cli.py:Epoch 11/15	Loss 5.5129 ± 0.2390
INFO:kbc-cli.py:Epoch 12/15	Loss 5.4908 ± 0.2252
INFO:kbc-cli.py:Epoch 12/15	dev results	MRR 0.887190	H@1 0.822097	H@3 0.945225	H@5 0.968165	H@10 0.982678	H@20 0.988296	H@50 0.994382	H@100 1.000000
INFO:kbc-cli.py:Epoch 12/15	test results	MRR 0.886135	H@1 0.820298	H@3 0.945531	H@5 0.970670	H@10 0.985568	H@20 0.993948	H@50 0.996741	H@100 1.000000
INFO:kbc-cli.py:Epoch 13/15	Loss 5.4709 ± 0.2187
INFO:kbc-cli.py:Epoch 14/15	Loss 5.4540 ± 0.2181
INFO:kbc-cli.py:Epoch 15/15	Loss 5.4383 ± 0.2098
INFO:kbc-cli.py:Epoch 15/15	dev results	MRR 0.887771	H@1 0.823034	H@3 0.947566	H@5 0.968165	H@10 0.982210	H@20 0.988764	H@50 0.993446	H@100 1.000000
INFO:kbc-cli.py:Epoch 15/15	test results	MRR 0.889308	H@1 0.824022	H@3 0.951117	H@5 0.972533	H@10 0.986034	H@20 0.993948	H@50 0.996741	H@100 1.000000
INFO:kbc-cli.py:Final 	dev results	MRR 0.887771	H@1 0.823034	H@3 0.947566	H@5 0.968165	H@10 0.982210	H@20 0.988764	H@50 0.993446	H@100 1.000000
INFO:kbc-cli.py:Final 	test results	MRR 0.889308	H@1 0.824022	H@3 0.951117	H@5 0.972533	H@10 0.986034	H@20 0.993948	H@50 0.996741	H@100 1.000000
INFO:kbc-cli.py:Training finished
