./bin/kbc-cli.py --train data/umls/train.tsv --dev data/umls/dev.tsv --test data/umls/test.tsv -m complex -k 200 -b 500 -e 15 --F2 0 --N3 0.0001 -l 0.1 -I reciprocal -V 3 -o adagrad -c spo -q
{'F2': 0.0,
 'N3': 0.0001,
 'batch_size': 500,
 'corruption': 'spo',
 'dev': 'data/umls/dev.tsv',
 'embedding_size': 200,
 'epochs': 15,
 'eval_batch_size': None,
 'input_type': 'reciprocal',
 'learning_rate': 0.1,
 'load': None,
 'model': 'complex',
 'optimizer': 'adagrad',
 'quiet': True,
 'save': None,
 'seed': 0,
 'test': 'data/umls/test.tsv',
 'test_i': None,
 'test_ii': None,
 'train': 'data/umls/train.tsv',
 'validate_every': 3}
INFO:kbc-cli.py:Device: cuda
INFO:kbc-cli.py:Model state:
INFO:kbc-cli.py:	entities.weight	torch.Size([135, 400])
INFO:kbc-cli.py:	predicates.weight	torch.Size([92, 400])
INFO:kbc-cli.py:Epoch 1/15	Loss 10.9550 ± 2.3971
INFO:kbc-cli.py:Epoch 2/15	Loss 7.0398 ± 0.0684
INFO:kbc-cli.py:Epoch 3/15	Loss 6.5425 ± 0.1465
INFO:kbc-cli.py:Epoch 3/15	dev results	MRR 0.879116	H@1 0.773006	H@3 0.981595	H@5 0.992331	H@10 0.996166	H@20 0.998466	H@50 1.000000	H@100 1.000000
INFO:kbc-cli.py:Epoch 3/15	test results	MRR 0.864938	H@1 0.743570	H@3 0.986384	H@5 0.991679	H@10 0.998487	H@20 0.999244	H@50 1.000000	H@100 1.000000
INFO:kbc-cli.py:Epoch 4/15	Loss 6.3702 ± 0.1772
INFO:kbc-cli.py:Epoch 5/15	Loss 6.2762 ± 0.1631
INFO:kbc-cli.py:Epoch 6/15	Loss 6.2077 ± 0.1562
INFO:kbc-cli.py:Epoch 6/15	dev results	MRR 0.919886	H@1 0.850460	H@3 0.987730	H@5 0.994632	H@10 0.996933	H@20 0.999233	H@50 1.000000	H@100 1.000000
INFO:kbc-cli.py:Epoch 6/15	test results	MRR 0.908880	H@1 0.827534	H@3 0.990166	H@5 0.996218	H@10 0.998487	H@20 0.999244	H@50 1.000000	H@100 1.000000
INFO:kbc-cli.py:Epoch 7/15	Loss 6.1558 ± 0.1634
INFO:kbc-cli.py:Epoch 8/15	Loss 6.1159 ± 0.1706
INFO:kbc-cli.py:Epoch 9/15	Loss 6.0776 ± 0.1576
INFO:kbc-cli.py:Epoch 9/15	dev results	MRR 0.929577	H@1 0.871166	H@3 0.985429	H@5 0.993098	H@10 0.997699	H@20 0.999233	H@50 1.000000	H@100 1.000000
INFO:kbc-cli.py:Epoch 9/15	test results	MRR 0.918373	H@1 0.847958	H@3 0.985628	H@5 0.996218	H@10 0.998487	H@20 0.999244	H@50 0.999244	H@100 1.000000
INFO:kbc-cli.py:Epoch 10/15	Loss 6.0494 ± 0.1570
INFO:kbc-cli.py:Epoch 11/15	Loss 6.0263 ± 0.1764
INFO:kbc-cli.py:Epoch 12/15	Loss 6.0041 ± 0.1577
INFO:kbc-cli.py:Epoch 12/15	dev results	MRR 0.930764	H@1 0.873466	H@3 0.985429	H@5 0.993865	H@10 0.996933	H@20 0.999233	H@50 1.000000	H@100 1.000000
INFO:kbc-cli.py:Epoch 12/15	test results	MRR 0.924662	H@1 0.860061	H@3 0.986384	H@5 0.995461	H@10 0.997731	H@20 0.999244	H@50 0.999244	H@100 1.000000
INFO:kbc-cli.py:Epoch 13/15	Loss 5.9825 ± 0.1377
INFO:kbc-cli.py:Epoch 14/15	Loss 5.9706 ± 0.1530
INFO:kbc-cli.py:Epoch 15/15	Loss 5.9545 ± 0.1671
INFO:kbc-cli.py:Epoch 15/15	dev results	MRR 0.928732	H@1 0.869632	H@3 0.986196	H@5 0.992331	H@10 0.997699	H@20 0.999233	H@50 1.000000	H@100 1.000000
INFO:kbc-cli.py:Epoch 15/15	test results	MRR 0.926768	H@1 0.863843	H@3 0.987141	H@5 0.996218	H@10 0.997731	H@20 0.998487	H@50 0.999244	H@100 1.000000
INFO:kbc-cli.py:Final 	dev results	MRR 0.928732	H@1 0.869632	H@3 0.986196	H@5 0.992331	H@10 0.997699	H@20 0.999233	H@50 1.000000	H@100 1.000000
INFO:kbc-cli.py:Final 	test results	MRR 0.926768	H@1 0.863843	H@3 0.987141	H@5 0.996218	H@10 0.997731	H@20 0.998487	H@50 0.999244	H@100 1.000000
INFO:kbc-cli.py:Training finished
