./bin/kbc-cli.py --train data/nations/train.tsv --dev data/nations/dev.tsv --test data/nations/test.tsv -m complex -k 500 -b 50 -e 15 --F2 0 --N3 0.05 -l 0.1 -I reciprocal -V 3 -o adagrad -c spo -q
{'F2': 0.0,
 'N3': 0.05,
 'batch_size': 50,
 'corruption': 'spo',
 'dev': 'data/nations/dev.tsv',
 'embedding_size': 500,
 'epochs': 15,
 'eval_batch_size': None,
 'input_type': 'reciprocal',
 'learning_rate': 0.1,
 'load': None,
 'model': 'complex',
 'optimizer': 'adagrad',
 'quiet': True,
 'save': None,
 'seed': 0,
 'test': 'data/nations/test.tsv',
 'test_i': None,
 'test_ii': None,
 'train': 'data/nations/train.tsv',
 'validate_every': 3}
INFO:kbc-cli.py:Device: cuda
INFO:kbc-cli.py:Model state:
INFO:kbc-cli.py:	entities.weight	torch.Size([14, 1000])
INFO:kbc-cli.py:	predicates.weight	torch.Size([110, 1000])
INFO:kbc-cli.py:Epoch 1/15	Loss 10.1017 ± 0.4542
INFO:kbc-cli.py:Epoch 2/15	Loss 9.2313 ± 0.1652
INFO:kbc-cli.py:Epoch 3/15	Loss 8.9701 ± 0.1904
INFO:kbc-cli.py:Epoch 3/15	dev results	MRR 0.759972	H@1 0.620603	H@3 0.869347	H@5 0.949749	H@10 0.997487	H@20 1.000000	H@50 1.000000	H@100 1.000000
INFO:kbc-cli.py:Epoch 3/15	test results	MRR 0.772940	H@1 0.634328	H@3 0.898010	H@5 0.977612	H@10 0.997512	H@20 1.000000	H@50 1.000000	H@100 1.000000
INFO:kbc-cli.py:Epoch 4/15	Loss 8.8330 ± 0.2037
INFO:kbc-cli.py:Epoch 5/15	Loss 8.7463 ± 0.2081
INFO:kbc-cli.py:Epoch 6/15	Loss 8.6757 ± 0.2136
INFO:kbc-cli.py:Epoch 6/15	dev results	MRR 0.788650	H@1 0.670854	H@3 0.894472	H@5 0.967337	H@10 0.997487	H@20 1.000000	H@50 1.000000	H@100 1.000000
INFO:kbc-cli.py:Epoch 6/15	test results	MRR 0.820912	H@1 0.716418	H@3 0.922886	H@5 0.977612	H@10 1.000000	H@20 1.000000	H@50 1.000000	H@100 1.000000
INFO:kbc-cli.py:Epoch 7/15	Loss 8.6248 ± 0.1756
INFO:kbc-cli.py:Epoch 8/15	Loss 8.5809 ± 0.2111
INFO:kbc-cli.py:Epoch 9/15	Loss 8.5496 ± 0.1954
INFO:kbc-cli.py:Epoch 9/15	dev results	MRR 0.792318	H@1 0.673367	H@3 0.909548	H@5 0.959799	H@10 0.997487	H@20 1.000000	H@50 1.000000	H@100 1.000000
INFO:kbc-cli.py:Epoch 9/15	test results	MRR 0.828565	H@1 0.726368	H@3 0.922886	H@5 0.980100	H@10 1.000000	H@20 1.000000	H@50 1.000000	H@100 1.000000
INFO:kbc-cli.py:Epoch 10/15	Loss 8.5201 ± 0.1865
INFO:kbc-cli.py:Epoch 11/15	Loss 8.4933 ± 0.1917
INFO:kbc-cli.py:Epoch 12/15	Loss 8.4748 ± 0.1987
INFO:kbc-cli.py:Epoch 12/15	dev results	MRR 0.794763	H@1 0.675879	H@3 0.899497	H@5 0.957286	H@10 0.997487	H@20 1.000000	H@50 1.000000	H@100 1.000000
INFO:kbc-cli.py:Epoch 12/15	test results	MRR 0.826101	H@1 0.723881	H@3 0.925373	H@5 0.980100	H@10 1.000000	H@20 1.000000	H@50 1.000000	H@100 1.000000
INFO:kbc-cli.py:Epoch 13/15	Loss 8.4579 ± 0.1725
INFO:kbc-cli.py:Epoch 14/15	Loss 8.4417 ± 0.1825
INFO:kbc-cli.py:Epoch 15/15	Loss 8.4233 ± 0.1663
INFO:kbc-cli.py:Epoch 15/15	dev results	MRR 0.792401	H@1 0.673367	H@3 0.899497	H@5 0.962312	H@10 0.997487	H@20 1.000000	H@50 1.000000	H@100 1.000000
INFO:kbc-cli.py:Epoch 15/15	test results	MRR 0.825686	H@1 0.718905	H@3 0.915423	H@5 0.980100	H@10 1.000000	H@20 1.000000	H@50 1.000000	H@100 1.000000
INFO:kbc-cli.py:Final 	dev results	MRR 0.792401	H@1 0.673367	H@3 0.899497	H@5 0.962312	H@10 0.997487	H@20 1.000000	H@50 1.000000	H@100 1.000000
INFO:kbc-cli.py:Final 	test results	MRR 0.825686	H@1 0.718905	H@3 0.915423	H@5 0.980100	H@10 1.000000	H@20 1.000000	H@50 1.000000	H@100 1.000000
INFO:kbc-cli.py:Training finished
