./bin/kbc-cli.py --train data/kinship/train.tsv --dev data/kinship/dev.tsv --test data/kinship/test.tsv -m complex -k 500 -b 50 -e 15 --F2 0 --N3 0.05 -l 0.1 -I standard -V 3 -o adagrad -c spo -q
{'F2': 0.0,
 'N3': 0.05,
 'batch_size': 50,
 'corruption': 'spo',
 'dev': 'data/kinship/dev.tsv',
 'embedding_size': 500,
 'epochs': 15,
 'eval_batch_size': None,
 'input_type': 'standard',
 'learning_rate': 0.1,
 'load': None,
 'model': 'complex',
 'optimizer': 'adagrad',
 'quiet': True,
 'save': None,
 'seed': 0,
 'test': 'data/kinship/test.tsv',
 'test_i': None,
 'test_ii': None,
 'train': 'data/kinship/train.tsv',
 'validate_every': 3}
INFO:kbc-cli.py:Device: cuda
INFO:kbc-cli.py:Model state:
INFO:kbc-cli.py:	entities.weight	torch.Size([104, 1000])
INFO:kbc-cli.py:	predicates.weight	torch.Size([25, 1000])
INFO:kbc-cli.py:Epoch 1/15	Loss 9.6399 ± 1.8367
INFO:kbc-cli.py:Epoch 2/15	Loss 7.6331 ± 0.2612
INFO:kbc-cli.py:Epoch 3/15	Loss 7.4054 ± 0.2691
INFO:kbc-cli.py:Epoch 3/15	dev results	MRR 0.840273	H@1 0.752341	H@3 0.913390	H@5 0.951779	H@10 0.975655	H@20 0.985487	H@50 0.995318	H@100 1.000000
INFO:kbc-cli.py:Epoch 3/15	test results	MRR 0.836698	H@1 0.745810	H@3 0.913873	H@5 0.958566	H@10 0.983240	H@20 0.992086	H@50 0.997672	H@100 1.000000
INFO:kbc-cli.py:Epoch 4/15	Loss 7.2954 ± 0.2483
INFO:kbc-cli.py:Epoch 5/15	Loss 7.2272 ± 0.2375
INFO:kbc-cli.py:Epoch 6/15	Loss 7.1764 ± 0.2127
INFO:kbc-cli.py:Epoch 6/15	dev results	MRR 0.869838	H@1 0.798221	H@3 0.933052	H@5 0.961142	H@10 0.978933	H@20 0.987828	H@50 0.993914	H@100 1.000000
INFO:kbc-cli.py:Epoch 6/15	test results	MRR 0.873771	H@1 0.803538	H@3 0.935754	H@5 0.968343	H@10 0.985568	H@20 0.992086	H@50 0.996276	H@100 1.000000
INFO:kbc-cli.py:Epoch 7/15	Loss 7.1406 ± 0.2150
INFO:kbc-cli.py:Epoch 8/15	Loss 7.1110 ± 0.2254
INFO:kbc-cli.py:Epoch 9/15	Loss 7.0851 ± 0.2129
INFO:kbc-cli.py:Epoch 9/15	dev results	MRR 0.880130	H@1 0.813202	H@3 0.942416	H@5 0.963951	H@10 0.980337	H@20 0.988764	H@50 0.993446	H@100 1.000000
INFO:kbc-cli.py:Epoch 9/15	test results	MRR 0.882703	H@1 0.815642	H@3 0.944134	H@5 0.971136	H@10 0.985568	H@20 0.992086	H@50 0.996276	H@100 1.000000
INFO:kbc-cli.py:Epoch 10/15	Loss 7.0656 ± 0.2223
INFO:kbc-cli.py:Epoch 11/15	Loss 7.0488 ± 0.2310
INFO:kbc-cli.py:Epoch 12/15	Loss 7.0326 ± 0.2057
INFO:kbc-cli.py:Epoch 12/15	dev results	MRR 0.883482	H@1 0.817416	H@3 0.942884	H@5 0.965356	H@10 0.979869	H@20 0.989232	H@50 0.994382	H@100 1.000000
INFO:kbc-cli.py:Epoch 12/15	test results	MRR 0.888277	H@1 0.824488	H@3 0.945996	H@5 0.972998	H@10 0.986034	H@20 0.992086	H@50 0.996276	H@100 1.000000
INFO:kbc-cli.py:Epoch 13/15	Loss 7.0188 ± 0.2259
INFO:kbc-cli.py:Epoch 14/15	Loss 7.0073 ± 0.2059
INFO:kbc-cli.py:Epoch 15/15	Loss 6.9963 ± 0.2106
INFO:kbc-cli.py:Epoch 15/15	dev results	MRR 0.888845	H@1 0.827715	H@3 0.944288	H@5 0.965356	H@10 0.979869	H@20 0.989232	H@50 0.994382	H@100 1.000000
INFO:kbc-cli.py:Epoch 15/15	test results	MRR 0.892714	H@1 0.831937	H@3 0.946927	H@5 0.972998	H@10 0.986499	H@20 0.992551	H@50 0.996276	H@100 1.000000
INFO:kbc-cli.py:Final 	dev results	MRR 0.888845	H@1 0.827715	H@3 0.944288	H@5 0.965356	H@10 0.979869	H@20 0.989232	H@50 0.994382	H@100 1.000000
INFO:kbc-cli.py:Final 	test results	MRR 0.892714	H@1 0.831937	H@3 0.946927	H@5 0.972998	H@10 0.986499	H@20 0.992551	H@50 0.996276	H@100 1.000000
INFO:kbc-cli.py:Training finished
