./bin/kbc-cli.py --train data/umls/train.tsv --dev data/umls/dev.tsv --test data/umls/test.tsv -m complex -k 100 -b 500 -e 15 --F2 0 --N3 0.05 -l 0.1 -I reciprocal -V 3 -o adagrad -c spo -q
{'F2': 0.0,
 'N3': 0.05,
 'batch_size': 500,
 'corruption': 'spo',
 'dev': 'data/umls/dev.tsv',
 'embedding_size': 100,
 'epochs': 15,
 'eval_batch_size': None,
 'input_type': 'reciprocal',
 'learning_rate': 0.1,
 'load': None,
 'model': 'complex',
 'optimizer': 'adagrad',
 'quiet': True,
 'save': None,
 'seed': 0,
 'test': 'data/umls/test.tsv',
 'test_i': None,
 'test_ii': None,
 'train': 'data/umls/train.tsv',
 'validate_every': 3}
INFO:kbc-cli.py:Device: cuda
INFO:kbc-cli.py:Model state:
INFO:kbc-cli.py:	entities.weight	torch.Size([135, 200])
INFO:kbc-cli.py:	predicates.weight	torch.Size([92, 200])
INFO:kbc-cli.py:Epoch 1/15	Loss 12.0439 ± 1.9582
INFO:kbc-cli.py:Epoch 2/15	Loss 8.9825 ± 0.1162
INFO:kbc-cli.py:Epoch 3/15	Loss 8.5253 ± 0.0816
INFO:kbc-cli.py:Epoch 3/15	dev results	MRR 0.889273	H@1 0.796012	H@3 0.976994	H@5 0.990031	H@10 0.993865	H@20 0.996933	H@50 0.999233	H@100 1.000000
INFO:kbc-cli.py:Epoch 3/15	test results	MRR 0.864640	H@1 0.748865	H@3 0.975794	H@5 0.991679	H@10 0.996218	H@20 0.996974	H@50 0.997731	H@100 1.000000
INFO:kbc-cli.py:Epoch 4/15	Loss 8.3861 ± 0.1204
INFO:kbc-cli.py:Epoch 5/15	Loss 8.3200 ± 0.0982
INFO:kbc-cli.py:Epoch 6/15	Loss 8.2755 ± 0.0958
INFO:kbc-cli.py:Epoch 6/15	dev results	MRR 0.912868	H@1 0.839724	H@3 0.984663	H@5 0.988497	H@10 0.993865	H@20 0.997699	H@50 1.000000	H@100 1.000000
INFO:kbc-cli.py:Epoch 6/15	test results	MRR 0.907690	H@1 0.827534	H@3 0.985628	H@5 0.994705	H@10 0.996974	H@20 0.997731	H@50 0.999244	H@100 1.000000
INFO:kbc-cli.py:Epoch 7/15	Loss 8.2445 ± 0.0967
INFO:kbc-cli.py:Epoch 8/15	Loss 8.2205 ± 0.1009
INFO:kbc-cli.py:Epoch 9/15	Loss 8.1981 ± 0.1000
INFO:kbc-cli.py:Epoch 9/15	dev results	MRR 0.922033	H@1 0.856595	H@3 0.985429	H@5 0.990031	H@10 0.993865	H@20 0.997699	H@50 1.000000	H@100 1.000000
INFO:kbc-cli.py:Epoch 9/15	test results	MRR 0.912611	H@1 0.838880	H@3 0.981846	H@5 0.994705	H@10 0.996974	H@20 0.997731	H@50 0.999244	H@100 1.000000
INFO:kbc-cli.py:Epoch 10/15	Loss 8.1830 ± 0.0821
INFO:kbc-cli.py:Epoch 11/15	Loss 8.1692 ± 0.0966
INFO:kbc-cli.py:Epoch 12/15	Loss 8.1579 ± 0.0883
INFO:kbc-cli.py:Epoch 12/15	dev results	MRR 0.929038	H@1 0.871166	H@3 0.986196	H@5 0.990798	H@10 0.994632	H@20 0.997699	H@50 1.000000	H@100 1.000000
INFO:kbc-cli.py:Epoch 12/15	test results	MRR 0.921523	H@1 0.855522	H@3 0.984115	H@5 0.993949	H@10 0.997731	H@20 0.997731	H@50 1.000000	H@100 1.000000
INFO:kbc-cli.py:Epoch 13/15	Loss 8.1464 ± 0.0746
INFO:kbc-cli.py:Epoch 14/15	Loss 8.1396 ± 0.0937
INFO:kbc-cli.py:Epoch 15/15	Loss 8.1307 ± 0.0922
INFO:kbc-cli.py:Epoch 15/15	dev results	MRR 0.932197	H@1 0.878067	H@3 0.983896	H@5 0.990798	H@10 0.995399	H@20 0.999233	H@50 1.000000	H@100 1.000000
INFO:kbc-cli.py:Epoch 15/15	test results	MRR 0.930479	H@1 0.872920	H@3 0.984115	H@5 0.994705	H@10 0.997731	H@20 0.998487	H@50 1.000000	H@100 1.000000
INFO:kbc-cli.py:Final 	dev results	MRR 0.932197	H@1 0.878067	H@3 0.983896	H@5 0.990798	H@10 0.995399	H@20 0.999233	H@50 1.000000	H@100 1.000000
INFO:kbc-cli.py:Final 	test results	MRR 0.930479	H@1 0.872920	H@3 0.984115	H@5 0.994705	H@10 0.997731	H@20 0.998487	H@50 1.000000	H@100 1.000000
INFO:kbc-cli.py:Training finished
