./bin/kbc-cli.py --train data/kinship/train.tsv --dev data/kinship/dev.tsv --test data/kinship/test.tsv -m complex -k 200 -b 500 -e 15 --F2 0 --N3 0.005 -l 0.1 -I reciprocal -V 3 -o adagrad -c so -q
{'F2': 0.0,
 'N3': 0.005,
 'batch_size': 500,
 'corruption': 'so',
 'dev': 'data/kinship/dev.tsv',
 'embedding_size': 200,
 'epochs': 15,
 'eval_batch_size': None,
 'input_type': 'reciprocal',
 'learning_rate': 0.1,
 'load': None,
 'model': 'complex',
 'optimizer': 'adagrad',
 'quiet': True,
 'save': None,
 'seed': 0,
 'test': 'data/kinship/test.tsv',
 'test_i': None,
 'test_ii': None,
 'train': 'data/kinship/train.tsv',
 'validate_every': 3}
INFO:kbc-cli.py:Device: cuda
INFO:kbc-cli.py:Model state:
INFO:kbc-cli.py:	entities.weight	torch.Size([104, 400])
INFO:kbc-cli.py:	predicates.weight	torch.Size([50, 400])
INFO:kbc-cli.py:Epoch 1/15	Loss 7.1421 ± 1.2624
INFO:kbc-cli.py:Epoch 2/15	Loss 5.4940 ± 0.0608
INFO:kbc-cli.py:Epoch 3/15	Loss 5.2172 ± 0.1061
INFO:kbc-cli.py:Epoch 3/15	dev results	MRR 0.840564	H@1 0.752341	H@3 0.917135	H@5 0.950843	H@10 0.974719	H@20 0.987360	H@50 0.991573	H@100 1.000000
INFO:kbc-cli.py:Epoch 3/15	test results	MRR 0.834317	H@1 0.735568	H@3 0.923184	H@5 0.961825	H@10 0.983706	H@20 0.991155	H@50 0.996741	H@100 1.000000
INFO:kbc-cli.py:Epoch 4/15	Loss 5.0817 ± 0.1108
INFO:kbc-cli.py:Epoch 5/15	Loss 4.9907 ± 0.1190
INFO:kbc-cli.py:Epoch 6/15	Loss 4.9332 ± 0.1194
INFO:kbc-cli.py:Epoch 6/15	dev results	MRR 0.853864	H@1 0.773408	H@3 0.923689	H@5 0.954588	H@10 0.976592	H@20 0.988296	H@50 0.991105	H@100 1.000000
INFO:kbc-cli.py:Epoch 6/15	test results	MRR 0.861700	H@1 0.780261	H@3 0.931564	H@5 0.966015	H@10 0.985568	H@20 0.993017	H@50 0.996741	H@100 1.000000
INFO:kbc-cli.py:Epoch 7/15	Loss 4.8779 ± 0.1093
INFO:kbc-cli.py:Epoch 8/15	Loss 4.8414 ± 0.1140
INFO:kbc-cli.py:Epoch 9/15	Loss 4.8189 ± 0.1014
INFO:kbc-cli.py:Epoch 9/15	dev results	MRR 0.857244	H@1 0.780899	H@3 0.924625	H@5 0.955993	H@10 0.977996	H@20 0.988764	H@50 0.991105	H@100 1.000000
INFO:kbc-cli.py:Epoch 9/15	test results	MRR 0.865764	H@1 0.788641	H@3 0.934358	H@5 0.968808	H@10 0.986965	H@20 0.993017	H@50 0.997672	H@100 1.000000
INFO:kbc-cli.py:Epoch 10/15	Loss 4.7916 ± 0.1110
INFO:kbc-cli.py:Epoch 11/15	Loss 4.7707 ± 0.1143
INFO:kbc-cli.py:Epoch 12/15	Loss 4.7551 ± 0.1023
INFO:kbc-cli.py:Epoch 12/15	dev results	MRR 0.851977	H@1 0.771067	H@3 0.923221	H@5 0.952715	H@10 0.977060	H@20 0.988764	H@50 0.991105	H@100 1.000000
INFO:kbc-cli.py:Epoch 12/15	test results	MRR 0.859485	H@1 0.777002	H@3 0.931564	H@5 0.968808	H@10 0.987430	H@20 0.993017	H@50 0.997207	H@100 1.000000
INFO:kbc-cli.py:Epoch 13/15	Loss 4.7397 ± 0.0964
INFO:kbc-cli.py:Epoch 14/15	Loss 4.7263 ± 0.0950
INFO:kbc-cli.py:Epoch 15/15	Loss 4.7205 ± 0.1073
INFO:kbc-cli.py:Epoch 15/15	dev results	MRR 0.850126	H@1 0.768258	H@3 0.929307	H@5 0.954588	H@10 0.977528	H@20 0.988764	H@50 0.991105	H@100 1.000000
INFO:kbc-cli.py:Epoch 15/15	test results	MRR 0.856695	H@1 0.770019	H@3 0.932961	H@5 0.965084	H@10 0.986499	H@20 0.993017	H@50 0.997207	H@100 1.000000
INFO:kbc-cli.py:Final 	dev results	MRR 0.850126	H@1 0.768258	H@3 0.929307	H@5 0.954588	H@10 0.977528	H@20 0.988764	H@50 0.991105	H@100 1.000000
INFO:kbc-cli.py:Final 	test results	MRR 0.856695	H@1 0.770019	H@3 0.932961	H@5 0.965084	H@10 0.986499	H@20 0.993017	H@50 0.997207	H@100 1.000000
INFO:kbc-cli.py:Training finished
