./bin/kbc-cli.py --train data/nations/train.tsv --dev data/nations/dev.tsv --test data/nations/test.tsv -m complex -k 100 -b 10 -e 15 --F2 0 --N3 0.005 -l 0.1 -I reciprocal -V 3 -o adagrad -c so -q
{'F2': 0.0,
 'N3': 0.005,
 'batch_size': 10,
 'corruption': 'so',
 'dev': 'data/nations/dev.tsv',
 'embedding_size': 100,
 'epochs': 15,
 'eval_batch_size': None,
 'input_type': 'reciprocal',
 'learning_rate': 0.1,
 'load': None,
 'model': 'complex',
 'optimizer': 'adagrad',
 'quiet': True,
 'save': None,
 'seed': 0,
 'test': 'data/nations/test.tsv',
 'test_i': None,
 'test_ii': None,
 'train': 'data/nations/train.tsv',
 'validate_every': 3}
INFO:kbc-cli.py:Device: cuda
INFO:kbc-cli.py:Model state:
INFO:kbc-cli.py:	entities.weight	torch.Size([14, 200])
INFO:kbc-cli.py:	predicates.weight	torch.Size([110, 200])
INFO:kbc-cli.py:Epoch 1/15	Loss 5.1776 ± 0.2047
INFO:kbc-cli.py:Epoch 2/15	Loss 4.5722 ± 0.3042
INFO:kbc-cli.py:Epoch 3/15	Loss 4.2449 ± 0.3459
INFO:kbc-cli.py:Epoch 3/15	dev results	MRR 0.775611	H@1 0.648241	H@3 0.864322	H@5 0.959799	H@10 0.997487	H@20 1.000000	H@50 1.000000	H@100 1.000000
INFO:kbc-cli.py:Epoch 3/15	test results	MRR 0.802720	H@1 0.706468	H@3 0.873134	H@5 0.932836	H@10 0.990050	H@20 1.000000	H@50 1.000000	H@100 1.000000
INFO:kbc-cli.py:Epoch 4/15	Loss 4.0595 ± 0.3755
INFO:kbc-cli.py:Epoch 5/15	Loss 3.9479 ± 0.3667
INFO:kbc-cli.py:Epoch 6/15	Loss 3.8714 ± 0.3748
INFO:kbc-cli.py:Epoch 6/15	dev results	MRR 0.781919	H@1 0.658291	H@3 0.876884	H@5 0.972362	H@10 0.997487	H@20 1.000000	H@50 1.000000	H@100 1.000000
INFO:kbc-cli.py:Epoch 6/15	test results	MRR 0.792173	H@1 0.679104	H@3 0.880597	H@5 0.940299	H@10 0.990050	H@20 1.000000	H@50 1.000000	H@100 1.000000
INFO:kbc-cli.py:Epoch 7/15	Loss 3.8186 ± 0.3717
INFO:kbc-cli.py:Epoch 8/15	Loss 3.7783 ± 0.3802
INFO:kbc-cli.py:Epoch 9/15	Loss 3.7440 ± 0.3666
INFO:kbc-cli.py:Epoch 9/15	dev results	MRR 0.777823	H@1 0.648241	H@3 0.884422	H@5 0.974874	H@10 0.997487	H@20 1.000000	H@50 1.000000	H@100 1.000000
INFO:kbc-cli.py:Epoch 9/15	test results	MRR 0.781348	H@1 0.661692	H@3 0.888060	H@5 0.935323	H@10 0.992537	H@20 1.000000	H@50 1.000000	H@100 1.000000
INFO:kbc-cli.py:Epoch 10/15	Loss 3.7202 ± 0.3874
INFO:kbc-cli.py:Epoch 11/15	Loss 3.6960 ± 0.3765
INFO:kbc-cli.py:Epoch 12/15	Loss 3.6798 ± 0.3727
INFO:kbc-cli.py:Epoch 12/15	dev results	MRR 0.782335	H@1 0.655779	H@3 0.891960	H@5 0.972362	H@10 0.997487	H@20 1.000000	H@50 1.000000	H@100 1.000000
INFO:kbc-cli.py:Epoch 12/15	test results	MRR 0.772486	H@1 0.646766	H@3 0.878109	H@5 0.942786	H@10 0.992537	H@20 1.000000	H@50 1.000000	H@100 1.000000
INFO:kbc-cli.py:Epoch 13/15	Loss 3.6648 ± 0.3801
INFO:kbc-cli.py:Epoch 14/15	Loss 3.6514 ± 0.3768
INFO:kbc-cli.py:Epoch 15/15	Loss 3.6392 ± 0.3653
INFO:kbc-cli.py:Epoch 15/15	dev results	MRR 0.782964	H@1 0.655779	H@3 0.894472	H@5 0.972362	H@10 0.997487	H@20 1.000000	H@50 1.000000	H@100 1.000000
INFO:kbc-cli.py:Epoch 15/15	test results	MRR 0.773790	H@1 0.649254	H@3 0.870647	H@5 0.940299	H@10 0.992537	H@20 1.000000	H@50 1.000000	H@100 1.000000
INFO:kbc-cli.py:Final 	dev results	MRR 0.782964	H@1 0.655779	H@3 0.894472	H@5 0.972362	H@10 0.997487	H@20 1.000000	H@50 1.000000	H@100 1.000000
INFO:kbc-cli.py:Final 	test results	MRR 0.773790	H@1 0.649254	H@3 0.870647	H@5 0.940299	H@10 0.992537	H@20 1.000000	H@50 1.000000	H@100 1.000000
INFO:kbc-cli.py:Training finished
