./bin/kbc-cli.py --train data/nations/train.tsv --dev data/nations/dev.tsv --test data/nations/test.tsv -m complex -k 1000 -b 500 -e 15 --F2 0 --N3 0.0001 -l 0.1 -I standard -V 3 -o adagrad -c spo -q
{'F2': 0.0,
 'N3': 0.0001,
 'batch_size': 500,
 'corruption': 'spo',
 'dev': 'data/nations/dev.tsv',
 'embedding_size': 1000,
 'epochs': 15,
 'eval_batch_size': None,
 'input_type': 'standard',
 'learning_rate': 0.1,
 'load': None,
 'model': 'complex',
 'optimizer': 'adagrad',
 'quiet': True,
 'save': None,
 'seed': 0,
 'test': 'data/nations/test.tsv',
 'test_i': None,
 'test_ii': None,
 'train': 'data/nations/train.tsv',
 'validate_every': 3}
INFO:kbc-cli.py:Device: cuda
INFO:kbc-cli.py:Model state:
INFO:kbc-cli.py:	entities.weight	torch.Size([14, 2000])
INFO:kbc-cli.py:	predicates.weight	torch.Size([55, 2000])
INFO:kbc-cli.py:Epoch 1/15	Loss 9.5826 ± 0.3187
INFO:kbc-cli.py:Epoch 2/15	Loss 8.8541 ± 0.1674
INFO:kbc-cli.py:Epoch 3/15	Loss 7.6372 ± 0.2907
INFO:kbc-cli.py:Epoch 3/15	dev results	MRR 0.736781	H@1 0.603015	H@3 0.824121	H@5 0.932161	H@10 0.997487	H@20 1.000000	H@50 1.000000	H@100 1.000000
INFO:kbc-cli.py:Epoch 3/15	test results	MRR 0.763568	H@1 0.629353	H@3 0.885572	H@5 0.947761	H@10 0.997512	H@20 1.000000	H@50 1.000000	H@100 1.000000
INFO:kbc-cli.py:Epoch 4/15	Loss 7.2383 ± 0.3160
INFO:kbc-cli.py:Epoch 5/15	Loss 6.9003 ± 0.1613
INFO:kbc-cli.py:Epoch 6/15	Loss 6.8453 ± 0.3221
INFO:kbc-cli.py:Epoch 6/15	dev results	MRR 0.761650	H@1 0.638191	H@3 0.854271	H@5 0.944724	H@10 0.997487	H@20 1.000000	H@50 1.000000	H@100 1.000000
INFO:kbc-cli.py:Epoch 6/15	test results	MRR 0.813905	H@1 0.703980	H@3 0.915423	H@5 0.957711	H@10 0.995025	H@20 1.000000	H@50 1.000000	H@100 1.000000
INFO:kbc-cli.py:Epoch 7/15	Loss 6.6051 ± 0.1391
INFO:kbc-cli.py:Epoch 8/15	Loss 6.5959 ± 0.1909
INFO:kbc-cli.py:Epoch 9/15	Loss 6.4321 ± 0.1458
INFO:kbc-cli.py:Epoch 9/15	dev results	MRR 0.773405	H@1 0.648241	H@3 0.884422	H@5 0.954774	H@10 0.997487	H@20 1.000000	H@50 1.000000	H@100 1.000000
INFO:kbc-cli.py:Epoch 9/15	test results	MRR 0.819010	H@1 0.716418	H@3 0.900498	H@5 0.957711	H@10 1.000000	H@20 1.000000	H@50 1.000000	H@100 1.000000
INFO:kbc-cli.py:Epoch 10/15	Loss 6.4804 ± 0.2692
INFO:kbc-cli.py:Epoch 11/15	Loss 6.3734 ± 0.1387
INFO:kbc-cli.py:Epoch 12/15	Loss 6.3537 ± 0.2113
INFO:kbc-cli.py:Epoch 12/15	dev results	MRR 0.795791	H@1 0.675879	H@3 0.914573	H@5 0.959799	H@10 0.997487	H@20 1.000000	H@50 1.000000	H@100 1.000000
INFO:kbc-cli.py:Epoch 12/15	test results	MRR 0.815444	H@1 0.716418	H@3 0.895522	H@5 0.965174	H@10 0.997512	H@20 1.000000	H@50 1.000000	H@100 1.000000
INFO:kbc-cli.py:Epoch 13/15	Loss 6.3313 ± 0.1741
INFO:kbc-cli.py:Epoch 14/15	Loss 6.2418 ± 0.1603
INFO:kbc-cli.py:Epoch 15/15	Loss 6.2257 ± 0.1240
INFO:kbc-cli.py:Epoch 15/15	dev results	MRR 0.811731	H@1 0.708543	H@3 0.896985	H@5 0.957286	H@10 0.997487	H@20 1.000000	H@50 1.000000	H@100 1.000000
INFO:kbc-cli.py:Epoch 15/15	test results	MRR 0.824927	H@1 0.726368	H@3 0.907960	H@5 0.967662	H@10 0.997512	H@20 1.000000	H@50 1.000000	H@100 1.000000
INFO:kbc-cli.py:Final 	dev results	MRR 0.811731	H@1 0.708543	H@3 0.896985	H@5 0.957286	H@10 0.997487	H@20 1.000000	H@50 1.000000	H@100 1.000000
INFO:kbc-cli.py:Final 	test results	MRR 0.824927	H@1 0.726368	H@3 0.907960	H@5 0.967662	H@10 0.997512	H@20 1.000000	H@50 1.000000	H@100 1.000000
INFO:kbc-cli.py:Training finished
