./bin/kbc-cli.py --train data/kinship/train.tsv --dev data/kinship/dev.tsv --test data/kinship/test.tsv -m complex -k 100 -b 100 -e 15 --F2 0 --N3 0.0001 -l 0.1 -I reciprocal -V 3 -o adagrad -c so -q
{'F2': 0.0,
 'N3': 0.0001,
 'batch_size': 100,
 'corruption': 'so',
 'dev': 'data/kinship/dev.tsv',
 'embedding_size': 100,
 'epochs': 15,
 'eval_batch_size': None,
 'input_type': 'reciprocal',
 'learning_rate': 0.1,
 'load': None,
 'model': 'complex',
 'optimizer': 'adagrad',
 'quiet': True,
 'save': None,
 'seed': 0,
 'test': 'data/kinship/test.tsv',
 'test_i': None,
 'test_ii': None,
 'train': 'data/kinship/train.tsv',
 'validate_every': 3}
INFO:kbc-cli.py:Device: cuda
INFO:kbc-cli.py:Model state:
INFO:kbc-cli.py:	entities.weight	torch.Size([104, 200])
INFO:kbc-cli.py:	predicates.weight	torch.Size([50, 200])
INFO:kbc-cli.py:Epoch 1/15	Loss 6.9343 ± 1.2674
INFO:kbc-cli.py:Epoch 2/15	Loss 5.2841 ± 0.1442
INFO:kbc-cli.py:Epoch 3/15	Loss 4.9745 ± 0.1645
INFO:kbc-cli.py:Epoch 3/15	dev results	MRR 0.819802	H@1 0.721442	H@3 0.905899	H@5 0.947566	H@10 0.974719	H@20 0.985487	H@50 0.991105	H@100 1.000000
INFO:kbc-cli.py:Epoch 3/15	test results	MRR 0.815260	H@1 0.711825	H@3 0.904562	H@5 0.947393	H@10 0.979516	H@20 0.991155	H@50 0.997207	H@100 1.000000
INFO:kbc-cli.py:Epoch 4/15	Loss 4.8074 ± 0.1753
INFO:kbc-cli.py:Epoch 5/15	Loss 4.6976 ± 0.1676
INFO:kbc-cli.py:Epoch 6/15	Loss 4.6182 ± 0.1608
INFO:kbc-cli.py:Epoch 6/15	dev results	MRR 0.821184	H@1 0.722378	H@3 0.905899	H@5 0.947566	H@10 0.972846	H@20 0.984551	H@50 0.991573	H@100 1.000000
INFO:kbc-cli.py:Epoch 6/15	test results	MRR 0.829246	H@1 0.734637	H@3 0.908752	H@5 0.945531	H@10 0.979516	H@20 0.992086	H@50 0.996741	H@100 1.000000
INFO:kbc-cli.py:Epoch 7/15	Loss 4.5566 ± 0.1555
INFO:kbc-cli.py:Epoch 8/15	Loss 4.5075 ± 0.1588
INFO:kbc-cli.py:Epoch 9/15	Loss 4.4698 ± 0.1478
INFO:kbc-cli.py:Epoch 9/15	dev results	MRR 0.816125	H@1 0.717697	H@3 0.899813	H@5 0.942884	H@10 0.970974	H@20 0.984551	H@50 0.992041	H@100 1.000000
INFO:kbc-cli.py:Epoch 9/15	test results	MRR 0.827641	H@1 0.731844	H@3 0.905493	H@5 0.943669	H@10 0.980447	H@20 0.993017	H@50 0.996741	H@100 1.000000
INFO:kbc-cli.py:Epoch 10/15	Loss 4.4366 ± 0.1449
INFO:kbc-cli.py:Epoch 11/15	Loss 4.4092 ± 0.1521
INFO:kbc-cli.py:Epoch 12/15	Loss 4.3861 ± 0.1435
INFO:kbc-cli.py:Epoch 12/15	dev results	MRR 0.808912	H@1 0.707397	H@3 0.897004	H@5 0.942416	H@10 0.970506	H@20 0.983614	H@50 0.992509	H@100 1.000000
INFO:kbc-cli.py:Epoch 12/15	test results	MRR 0.818361	H@1 0.718343	H@3 0.906890	H@5 0.942737	H@10 0.977188	H@20 0.993017	H@50 0.996741	H@100 1.000000
INFO:kbc-cli.py:Epoch 13/15	Loss 4.3653 ± 0.1369
INFO:kbc-cli.py:Epoch 14/15	Loss 4.3468 ± 0.1375
INFO:kbc-cli.py:Epoch 15/15	Loss 4.3307 ± 0.1410
INFO:kbc-cli.py:Epoch 15/15	dev results	MRR 0.802435	H@1 0.697097	H@3 0.888109	H@5 0.939607	H@10 0.969569	H@20 0.983614	H@50 0.992041	H@100 1.000000
INFO:kbc-cli.py:Epoch 15/15	test results	MRR 0.814980	H@1 0.712756	H@3 0.903631	H@5 0.938547	H@10 0.977188	H@20 0.992551	H@50 0.996741	H@100 1.000000
INFO:kbc-cli.py:Final 	dev results	MRR 0.802435	H@1 0.697097	H@3 0.888109	H@5 0.939607	H@10 0.969569	H@20 0.983614	H@50 0.992041	H@100 1.000000
INFO:kbc-cli.py:Final 	test results	MRR 0.814980	H@1 0.712756	H@3 0.903631	H@5 0.938547	H@10 0.977188	H@20 0.992551	H@50 0.996741	H@100 1.000000
INFO:kbc-cli.py:Training finished
