./bin/kbc-cli.py --train data/kinship/train.tsv --dev data/kinship/dev.tsv --test data/kinship/test.tsv -m complex -k 1000 -b 10 -e 15 --F2 0 --N3 0.0001 -l 0.1 -I reciprocal -V 3 -o adagrad -c so -q
{'F2': 0.0,
 'N3': 0.0001,
 'batch_size': 10,
 'corruption': 'so',
 'dev': 'data/kinship/dev.tsv',
 'embedding_size': 1000,
 'epochs': 15,
 'eval_batch_size': None,
 'input_type': 'reciprocal',
 'learning_rate': 0.1,
 'load': None,
 'model': 'complex',
 'optimizer': 'adagrad',
 'quiet': True,
 'save': None,
 'seed': 0,
 'test': 'data/kinship/test.tsv',
 'test_i': None,
 'test_ii': None,
 'train': 'data/kinship/train.tsv',
 'validate_every': 3}
INFO:kbc-cli.py:Device: cuda
INFO:kbc-cli.py:Model state:
INFO:kbc-cli.py:	entities.weight	torch.Size([104, 2000])
INFO:kbc-cli.py:	predicates.weight	torch.Size([50, 2000])
INFO:kbc-cli.py:Epoch 1/15	Loss 6.8157 ± 1.3737
INFO:kbc-cli.py:Epoch 2/15	Loss 5.1582 ± 0.4431
INFO:kbc-cli.py:Epoch 3/15	Loss 4.8998 ± 0.4248
INFO:kbc-cli.py:Epoch 3/15	dev results	MRR 0.872343	H@1 0.798689	H@3 0.936798	H@5 0.963951	H@10 0.981742	H@20 0.987360	H@50 0.996255	H@100 1.000000
INFO:kbc-cli.py:Epoch 3/15	test results	MRR 0.869546	H@1 0.791899	H@3 0.936220	H@5 0.970670	H@10 0.986034	H@20 0.994413	H@50 0.996741	H@100 1.000000
INFO:kbc-cli.py:Epoch 4/15	Loss 4.7592 ± 0.4085
INFO:kbc-cli.py:Epoch 5/15	Loss 4.6697 ± 0.3948
INFO:kbc-cli.py:Epoch 6/15	Loss 4.6030 ± 0.3854
INFO:kbc-cli.py:Epoch 6/15	dev results	MRR 0.880085	H@1 0.811798	H@3 0.937734	H@5 0.965356	H@10 0.981742	H@20 0.987360	H@50 0.995318	H@100 1.000000
INFO:kbc-cli.py:Epoch 6/15	test results	MRR 0.881709	H@1 0.812384	H@3 0.944600	H@5 0.966480	H@10 0.987430	H@20 0.994413	H@50 0.997207	H@100 1.000000
INFO:kbc-cli.py:Epoch 7/15	Loss 4.5521 ± 0.3724
INFO:kbc-cli.py:Epoch 8/15	Loss 4.5142 ± 0.3745
INFO:kbc-cli.py:Epoch 9/15	Loss 4.4825 ± 0.3598
INFO:kbc-cli.py:Epoch 9/15	dev results	MRR 0.883927	H@1 0.818352	H@3 0.946629	H@5 0.968165	H@10 0.982210	H@20 0.987360	H@50 0.996255	H@100 1.000000
INFO:kbc-cli.py:Epoch 9/15	test results	MRR 0.883643	H@1 0.813315	H@3 0.946462	H@5 0.969739	H@10 0.987430	H@20 0.994413	H@50 0.997207	H@100 1.000000
INFO:kbc-cli.py:Epoch 10/15	Loss 4.4568 ± 0.3798
INFO:kbc-cli.py:Epoch 11/15	Loss 4.4321 ± 0.3686
INFO:kbc-cli.py:Epoch 12/15	Loss 4.4124 ± 0.3592
INFO:kbc-cli.py:Epoch 12/15	dev results	MRR 0.884536	H@1 0.821161	H@3 0.942416	H@5 0.968165	H@10 0.982678	H@20 0.987360	H@50 0.995787	H@100 1.000000
INFO:kbc-cli.py:Epoch 12/15	test results	MRR 0.882701	H@1 0.812849	H@3 0.943203	H@5 0.966946	H@10 0.988361	H@20 0.994413	H@50 0.997207	H@100 1.000000
INFO:kbc-cli.py:Epoch 13/15	Loss 4.3952 ± 0.3588
INFO:kbc-cli.py:Epoch 14/15	Loss 4.3792 ± 0.3660
INFO:kbc-cli.py:Epoch 15/15	Loss 4.3655 ± 0.3438
INFO:kbc-cli.py:Epoch 15/15	dev results	MRR 0.883493	H@1 0.818820	H@3 0.942416	H@5 0.967697	H@10 0.982210	H@20 0.987360	H@50 0.996255	H@100 1.000000
INFO:kbc-cli.py:Epoch 15/15	test results	MRR 0.883822	H@1 0.814246	H@3 0.944600	H@5 0.968343	H@10 0.988361	H@20 0.994413	H@50 0.997207	H@100 1.000000
INFO:kbc-cli.py:Final 	dev results	MRR 0.883493	H@1 0.818820	H@3 0.942416	H@5 0.967697	H@10 0.982210	H@20 0.987360	H@50 0.996255	H@100 1.000000
INFO:kbc-cli.py:Final 	test results	MRR 0.883822	H@1 0.814246	H@3 0.944600	H@5 0.968343	H@10 0.988361	H@20 0.994413	H@50 0.997207	H@100 1.000000
INFO:kbc-cli.py:Training finished
