./bin/kbc-cli.py --train data/nations/train.tsv --dev data/nations/dev.tsv --test data/nations/test.tsv -m complex -k 1000 -b 10 -e 15 --F2 0 --N3 0.05 -l 0.1 -I reciprocal -V 3 -o adagrad -c spo -q
{'F2': 0.0,
 'N3': 0.05,
 'batch_size': 10,
 'corruption': 'spo',
 'dev': 'data/nations/dev.tsv',
 'embedding_size': 1000,
 'epochs': 15,
 'eval_batch_size': None,
 'input_type': 'reciprocal',
 'learning_rate': 0.1,
 'load': None,
 'model': 'complex',
 'optimizer': 'adagrad',
 'quiet': True,
 'save': None,
 'seed': 0,
 'test': 'data/nations/test.tsv',
 'test_i': None,
 'test_ii': None,
 'train': 'data/nations/train.tsv',
 'validate_every': 3}
INFO:kbc-cli.py:Device: cuda
INFO:kbc-cli.py:Model state:
INFO:kbc-cli.py:	entities.weight	torch.Size([14, 2000])
INFO:kbc-cli.py:	predicates.weight	torch.Size([110, 2000])
INFO:kbc-cli.py:Epoch 1/15	Loss 10.4116 ± 0.9023
INFO:kbc-cli.py:Epoch 2/15	Loss 9.3109 ± 0.4013
INFO:kbc-cli.py:Epoch 3/15	Loss 9.0449 ± 0.3681
INFO:kbc-cli.py:Epoch 3/15	dev results	MRR 0.786238	H@1 0.668342	H@3 0.884422	H@5 0.952261	H@10 0.997487	H@20 1.000000	H@50 1.000000	H@100 1.000000
INFO:kbc-cli.py:Epoch 3/15	test results	MRR 0.808902	H@1 0.699005	H@3 0.902985	H@5 0.965174	H@10 1.000000	H@20 1.000000	H@50 1.000000	H@100 1.000000
INFO:kbc-cli.py:Epoch 4/15	Loss 8.8965 ± 0.3656
INFO:kbc-cli.py:Epoch 5/15	Loss 8.8098 ± 0.3545
INFO:kbc-cli.py:Epoch 6/15	Loss 8.7336 ± 0.3718
INFO:kbc-cli.py:Epoch 6/15	dev results	MRR 0.791541	H@1 0.675879	H@3 0.904523	H@5 0.964824	H@10 0.994975	H@20 1.000000	H@50 1.000000	H@100 1.000000
INFO:kbc-cli.py:Epoch 6/15	test results	MRR 0.841722	H@1 0.748756	H@3 0.915423	H@5 0.985075	H@10 1.000000	H@20 1.000000	H@50 1.000000	H@100 1.000000
INFO:kbc-cli.py:Epoch 7/15	Loss 8.6805 ± 0.3397
INFO:kbc-cli.py:Epoch 8/15	Loss 8.6369 ± 0.3492
INFO:kbc-cli.py:Epoch 9/15	Loss 8.5979 ± 0.3275
INFO:kbc-cli.py:Epoch 9/15	dev results	MRR 0.799051	H@1 0.685930	H@3 0.899497	H@5 0.959799	H@10 0.994975	H@20 1.000000	H@50 1.000000	H@100 1.000000
INFO:kbc-cli.py:Epoch 9/15	test results	MRR 0.840350	H@1 0.741294	H@3 0.935323	H@5 0.982587	H@10 1.000000	H@20 1.000000	H@50 1.000000	H@100 1.000000
INFO:kbc-cli.py:Epoch 10/15	Loss 8.5682 ± 0.3325
INFO:kbc-cli.py:Epoch 11/15	Loss 8.5392 ± 0.3378
INFO:kbc-cli.py:Epoch 12/15	Loss 8.5161 ± 0.3444
INFO:kbc-cli.py:Epoch 12/15	dev results	MRR 0.810800	H@1 0.703518	H@3 0.902010	H@5 0.969849	H@10 0.997487	H@20 1.000000	H@50 1.000000	H@100 1.000000
INFO:kbc-cli.py:Epoch 12/15	test results	MRR 0.846099	H@1 0.756219	H@3 0.922886	H@5 0.977612	H@10 1.000000	H@20 1.000000	H@50 1.000000	H@100 1.000000
INFO:kbc-cli.py:Epoch 13/15	Loss 8.4991 ± 0.3341
INFO:kbc-cli.py:Epoch 14/15	Loss 8.4783 ± 0.3327
INFO:kbc-cli.py:Epoch 15/15	Loss 8.4609 ± 0.2985
INFO:kbc-cli.py:Epoch 15/15	dev results	MRR 0.803703	H@1 0.693467	H@3 0.907035	H@5 0.972362	H@10 0.997487	H@20 1.000000	H@50 1.000000	H@100 1.000000
INFO:kbc-cli.py:Epoch 15/15	test results	MRR 0.849229	H@1 0.756219	H@3 0.927861	H@5 0.980100	H@10 1.000000	H@20 1.000000	H@50 1.000000	H@100 1.000000
INFO:kbc-cli.py:Final 	dev results	MRR 0.803703	H@1 0.693467	H@3 0.907035	H@5 0.972362	H@10 0.997487	H@20 1.000000	H@50 1.000000	H@100 1.000000
INFO:kbc-cli.py:Final 	test results	MRR 0.849229	H@1 0.756219	H@3 0.927861	H@5 0.980100	H@10 1.000000	H@20 1.000000	H@50 1.000000	H@100 1.000000
INFO:kbc-cli.py:Training finished
