./bin/kbc-cli.py --train data/nations/train.tsv --dev data/nations/dev.tsv --test data/nations/test.tsv -m complex -k 1000 -b 50 -e 15 --F2 0 --N3 0.0001 -l 0.1 -I standard -V 3 -o adagrad -c so -q
{'F2': 0.0,
 'N3': 0.0001,
 'batch_size': 50,
 'corruption': 'so',
 'dev': 'data/nations/dev.tsv',
 'embedding_size': 1000,
 'epochs': 15,
 'eval_batch_size': None,
 'input_type': 'standard',
 'learning_rate': 0.1,
 'load': None,
 'model': 'complex',
 'optimizer': 'adagrad',
 'quiet': True,
 'save': None,
 'seed': 0,
 'test': 'data/nations/test.tsv',
 'test_i': None,
 'test_ii': None,
 'train': 'data/nations/train.tsv',
 'validate_every': 3}
INFO:kbc-cli.py:Device: cuda
INFO:kbc-cli.py:Model state:
INFO:kbc-cli.py:	entities.weight	torch.Size([14, 2000])
INFO:kbc-cli.py:	predicates.weight	torch.Size([55, 2000])
INFO:kbc-cli.py:Epoch 1/15	Loss 5.6785 ± 0.3451
INFO:kbc-cli.py:Epoch 2/15	Loss 4.6134 ± 0.2090
INFO:kbc-cli.py:Epoch 3/15	Loss 4.1961 ± 0.2807
INFO:kbc-cli.py:Epoch 3/15	dev results	MRR 0.804214	H@1 0.693467	H@3 0.889447	H@5 0.967337	H@10 0.994975	H@20 1.000000	H@50 1.000000	H@100 1.000000
INFO:kbc-cli.py:Epoch 3/15	test results	MRR 0.814159	H@1 0.713930	H@3 0.895522	H@5 0.960199	H@10 0.995025	H@20 1.000000	H@50 1.000000	H@100 1.000000
INFO:kbc-cli.py:Epoch 4/15	Loss 4.0036 ± 0.2951
INFO:kbc-cli.py:Epoch 5/15	Loss 3.8799 ± 0.2767
INFO:kbc-cli.py:Epoch 6/15	Loss 3.8009 ± 0.2944
INFO:kbc-cli.py:Epoch 6/15	dev results	MRR 0.801362	H@1 0.685930	H@3 0.904523	H@5 0.967337	H@10 0.997487	H@20 1.000000	H@50 1.000000	H@100 1.000000
INFO:kbc-cli.py:Epoch 6/15	test results	MRR 0.820638	H@1 0.713930	H@3 0.915423	H@5 0.957711	H@10 0.995025	H@20 1.000000	H@50 1.000000	H@100 1.000000
INFO:kbc-cli.py:Epoch 7/15	Loss 3.7384 ± 0.2461
INFO:kbc-cli.py:Epoch 8/15	Loss 3.6849 ± 0.2471
INFO:kbc-cli.py:Epoch 9/15	Loss 3.6556 ± 0.2496
INFO:kbc-cli.py:Epoch 9/15	dev results	MRR 0.811616	H@1 0.701005	H@3 0.909548	H@5 0.967337	H@10 1.000000	H@20 1.000000	H@50 1.000000	H@100 1.000000
INFO:kbc-cli.py:Epoch 9/15	test results	MRR 0.826534	H@1 0.726368	H@3 0.912935	H@5 0.965174	H@10 0.995025	H@20 1.000000	H@50 1.000000	H@100 1.000000
INFO:kbc-cli.py:Epoch 10/15	Loss 3.6208 ± 0.2828
INFO:kbc-cli.py:Epoch 11/15	Loss 3.5971 ± 0.2695
INFO:kbc-cli.py:Epoch 12/15	Loss 3.5673 ± 0.2361
INFO:kbc-cli.py:Epoch 12/15	dev results	MRR 0.817694	H@1 0.708543	H@3 0.912060	H@5 0.967337	H@10 1.000000	H@20 1.000000	H@50 1.000000	H@100 1.000000
INFO:kbc-cli.py:Epoch 12/15	test results	MRR 0.820737	H@1 0.711443	H@3 0.915423	H@5 0.970149	H@10 0.995025	H@20 1.000000	H@50 1.000000	H@100 1.000000
INFO:kbc-cli.py:Epoch 13/15	Loss 3.5487 ± 0.2212
INFO:kbc-cli.py:Epoch 14/15	Loss 3.5338 ± 0.2377
INFO:kbc-cli.py:Epoch 15/15	Loss 3.5141 ± 0.2370
INFO:kbc-cli.py:Epoch 15/15	dev results	MRR 0.824202	H@1 0.716080	H@3 0.924623	H@5 0.969849	H@10 1.000000	H@20 1.000000	H@50 1.000000	H@100 1.000000
INFO:kbc-cli.py:Epoch 15/15	test results	MRR 0.821504	H@1 0.716418	H@3 0.907960	H@5 0.972637	H@10 0.995025	H@20 1.000000	H@50 1.000000	H@100 1.000000
INFO:kbc-cli.py:Final 	dev results	MRR 0.824202	H@1 0.716080	H@3 0.924623	H@5 0.969849	H@10 1.000000	H@20 1.000000	H@50 1.000000	H@100 1.000000
INFO:kbc-cli.py:Final 	test results	MRR 0.821504	H@1 0.716418	H@3 0.907960	H@5 0.972637	H@10 0.995025	H@20 1.000000	H@50 1.000000	H@100 1.000000
INFO:kbc-cli.py:Training finished
