./bin/kbc-cli.py --train data/umls/train.tsv --dev data/umls/dev.tsv --test data/umls/test.tsv -m complex -k 1000 -b 50 -e 15 --F2 0 --N3 0.0001 -l 0.1 -I reciprocal -V 3 -o adagrad -c spo -q
{'F2': 0.0,
 'N3': 0.0001,
 'batch_size': 50,
 'corruption': 'spo',
 'dev': 'data/umls/dev.tsv',
 'embedding_size': 1000,
 'epochs': 15,
 'eval_batch_size': None,
 'input_type': 'reciprocal',
 'learning_rate': 0.1,
 'load': None,
 'model': 'complex',
 'optimizer': 'adagrad',
 'quiet': True,
 'save': None,
 'seed': 0,
 'test': 'data/umls/test.tsv',
 'test_i': None,
 'test_ii': None,
 'train': 'data/umls/train.tsv',
 'validate_every': 3}
INFO:kbc-cli.py:Device: cuda
INFO:kbc-cli.py:Model state:
INFO:kbc-cli.py:	entities.weight	torch.Size([135, 2000])
INFO:kbc-cli.py:	predicates.weight	torch.Size([92, 2000])
INFO:kbc-cli.py:Epoch 1/15	Loss 9.6320 ± 2.1906
INFO:kbc-cli.py:Epoch 2/15	Loss 6.9025 ± 0.2863
INFO:kbc-cli.py:Epoch 3/15	Loss 6.6033 ± 0.3037
INFO:kbc-cli.py:Epoch 3/15	dev results	MRR 0.918017	H@1 0.850460	H@3 0.983129	H@5 0.986963	H@10 0.996933	H@20 0.999233	H@50 1.000000	H@100 1.000000
INFO:kbc-cli.py:Epoch 3/15	test results	MRR 0.908190	H@1 0.832073	H@3 0.982602	H@5 0.991679	H@10 0.996218	H@20 0.997731	H@50 0.998487	H@100 1.000000
INFO:kbc-cli.py:Epoch 4/15	Loss 6.4645 ± 0.3136
INFO:kbc-cli.py:Epoch 5/15	Loss 6.3795 ± 0.2892
INFO:kbc-cli.py:Epoch 6/15	Loss 6.3052 ± 0.3078
INFO:kbc-cli.py:Epoch 6/15	dev results	MRR 0.945471	H@1 0.902607	H@3 0.986196	H@5 0.994632	H@10 0.997699	H@20 1.000000	H@50 1.000000	H@100 1.000000
INFO:kbc-cli.py:Epoch 6/15	test results	MRR 0.942482	H@1 0.897126	H@3 0.984871	H@5 0.991679	H@10 0.997731	H@20 0.998487	H@50 0.998487	H@100 1.000000
INFO:kbc-cli.py:Epoch 7/15	Loss 6.2566 ± 0.2880
INFO:kbc-cli.py:Epoch 8/15	Loss 6.2162 ± 0.2942
INFO:kbc-cli.py:Epoch 9/15	Loss 6.1799 ± 0.2935
INFO:kbc-cli.py:Epoch 9/15	dev results	MRR 0.941067	H@1 0.892638	H@3 0.987730	H@5 0.993098	H@10 0.997699	H@20 1.000000	H@50 1.000000	H@100 1.000000
INFO:kbc-cli.py:Epoch 9/15	test results	MRR 0.935797	H@1 0.884266	H@3 0.983359	H@5 0.993192	H@10 0.997731	H@20 0.998487	H@50 0.998487	H@100 1.000000
INFO:kbc-cli.py:Epoch 10/15	Loss 6.1506 ± 0.2889
INFO:kbc-cli.py:Epoch 11/15	Loss 6.1245 ± 0.2920
INFO:kbc-cli.py:Epoch 12/15	Loss 6.1032 ± 0.2889
INFO:kbc-cli.py:Epoch 12/15	dev results	MRR 0.943621	H@1 0.899540	H@3 0.985429	H@5 0.991564	H@10 0.997699	H@20 1.000000	H@50 1.000000	H@100 1.000000
INFO:kbc-cli.py:Epoch 12/15	test results	MRR 0.944570	H@1 0.900908	H@3 0.984115	H@5 0.992436	H@10 0.997731	H@20 0.998487	H@50 0.998487	H@100 1.000000
INFO:kbc-cli.py:Epoch 13/15	Loss 6.0800 ± 0.2512
INFO:kbc-cli.py:Epoch 14/15	Loss 6.0676 ± 0.2726
INFO:kbc-cli.py:Epoch 15/15	Loss 6.0484 ± 0.2843
INFO:kbc-cli.py:Epoch 15/15	dev results	MRR 0.940035	H@1 0.891871	H@3 0.985429	H@5 0.991564	H@10 0.998466	H@20 1.000000	H@50 1.000000	H@100 1.000000
INFO:kbc-cli.py:Epoch 15/15	test results	MRR 0.938142	H@1 0.886536	H@3 0.987141	H@5 0.993192	H@10 0.997731	H@20 0.998487	H@50 0.998487	H@100 1.000000
INFO:kbc-cli.py:Final 	dev results	MRR 0.940035	H@1 0.891871	H@3 0.985429	H@5 0.991564	H@10 0.998466	H@20 1.000000	H@50 1.000000	H@100 1.000000
INFO:kbc-cli.py:Final 	test results	MRR 0.938142	H@1 0.886536	H@3 0.987141	H@5 0.993192	H@10 0.997731	H@20 0.998487	H@50 0.998487	H@100 1.000000
INFO:kbc-cli.py:Training finished
