./bin/kbc-cli.py --train data/umls/train.tsv --dev data/umls/dev.tsv --test data/umls/test.tsv -m complex -k 200 -b 50 -e 15 --F2 0 --N3 0.01 -l 0.1 -I standard -V 3 -o adagrad -c spo -q
{'F2': 0.0,
 'N3': 0.01,
 'batch_size': 50,
 'corruption': 'spo',
 'dev': 'data/umls/dev.tsv',
 'embedding_size': 200,
 'epochs': 15,
 'eval_batch_size': None,
 'input_type': 'standard',
 'learning_rate': 0.1,
 'load': None,
 'model': 'complex',
 'optimizer': 'adagrad',
 'quiet': True,
 'save': None,
 'seed': 0,
 'test': 'data/umls/test.tsv',
 'test_i': None,
 'test_ii': None,
 'train': 'data/umls/train.tsv',
 'validate_every': 3}
INFO:kbc-cli.py:Device: cuda
INFO:kbc-cli.py:Model state:
INFO:kbc-cli.py:	entities.weight	torch.Size([135, 400])
INFO:kbc-cli.py:	predicates.weight	torch.Size([46, 400])
INFO:kbc-cli.py:Epoch 1/15	Loss 9.8571 ± 1.7312
INFO:kbc-cli.py:Epoch 2/15	Loss 7.2591 ± 0.2588
INFO:kbc-cli.py:Epoch 3/15	Loss 6.9335 ± 0.2660
INFO:kbc-cli.py:Epoch 3/15	dev results	MRR 0.924084	H@1 0.868865	H@3 0.974693	H@5 0.984663	H@10 0.991564	H@20 0.996933	H@50 0.999233	H@100 1.000000
INFO:kbc-cli.py:Epoch 3/15	test results	MRR 0.909535	H@1 0.841150	H@3 0.973525	H@5 0.984115	H@10 0.994705	H@20 0.997731	H@50 0.999244	H@100 1.000000
INFO:kbc-cli.py:Epoch 4/15	Loss 6.7884 ± 0.2605
INFO:kbc-cli.py:Epoch 5/15	Loss 6.7140 ± 0.2408
INFO:kbc-cli.py:Epoch 6/15	Loss 6.6525 ± 0.2362
INFO:kbc-cli.py:Epoch 6/15	dev results	MRR 0.914876	H@1 0.847393	H@3 0.976994	H@5 0.986196	H@10 0.995399	H@20 0.998466	H@50 0.999233	H@100 1.000000
INFO:kbc-cli.py:Epoch 6/15	test results	MRR 0.907215	H@1 0.830560	H@3 0.981089	H@5 0.990923	H@10 0.996974	H@20 0.998487	H@50 1.000000	H@100 1.000000
INFO:kbc-cli.py:Epoch 7/15	Loss 6.6049 ± 0.2432
INFO:kbc-cli.py:Epoch 8/15	Loss 6.5708 ± 0.2476
INFO:kbc-cli.py:Epoch 9/15	Loss 6.5338 ± 0.2595
INFO:kbc-cli.py:Epoch 9/15	dev results	MRR 0.941030	H@1 0.897239	H@3 0.980828	H@5 0.989264	H@10 0.996933	H@20 0.999233	H@50 0.999233	H@100 1.000000
INFO:kbc-cli.py:Epoch 9/15	test results	MRR 0.936031	H@1 0.886536	H@3 0.985628	H@5 0.991679	H@10 0.995461	H@20 0.999244	H@50 1.000000	H@100 1.000000
INFO:kbc-cli.py:Epoch 10/15	Loss 6.5160 ± 0.2424
INFO:kbc-cli.py:Epoch 11/15	Loss 6.4912 ± 0.2279
INFO:kbc-cli.py:Epoch 12/15	Loss 6.4694 ± 0.2586
INFO:kbc-cli.py:Epoch 12/15	dev results	MRR 0.945327	H@1 0.905675	H@3 0.982362	H@5 0.988497	H@10 0.996933	H@20 0.998466	H@50 1.000000	H@100 1.000000
INFO:kbc-cli.py:Epoch 12/15	test results	MRR 0.939939	H@1 0.891831	H@3 0.987141	H@5 0.993192	H@10 0.996974	H@20 0.999244	H@50 1.000000	H@100 1.000000
INFO:kbc-cli.py:Epoch 13/15	Loss 6.4557 ± 0.2432
INFO:kbc-cli.py:Epoch 14/15	Loss 6.4375 ± 0.2324
INFO:kbc-cli.py:Epoch 15/15	Loss 6.4257 ± 0.2464
INFO:kbc-cli.py:Epoch 15/15	dev results	MRR 0.944626	H@1 0.904141	H@3 0.981595	H@5 0.990031	H@10 0.996933	H@20 0.998466	H@50 1.000000	H@100 1.000000
INFO:kbc-cli.py:Epoch 15/15	test results	MRR 0.944783	H@1 0.901664	H@3 0.987897	H@5 0.993192	H@10 0.998487	H@20 0.999244	H@50 1.000000	H@100 1.000000
INFO:kbc-cli.py:Final 	dev results	MRR 0.944626	H@1 0.904141	H@3 0.981595	H@5 0.990031	H@10 0.996933	H@20 0.998466	H@50 1.000000	H@100 1.000000
INFO:kbc-cli.py:Final 	test results	MRR 0.944783	H@1 0.901664	H@3 0.987897	H@5 0.993192	H@10 0.998487	H@20 0.999244	H@50 1.000000	H@100 1.000000
INFO:kbc-cli.py:Training finished
