./bin/kbc-cli.py --train data/nations/train.tsv --dev data/nations/dev.tsv --test data/nations/test.tsv -m complex -k 500 -b 100 -e 15 --F2 0 --N3 0.0005 -l 0.1 -I standard -V 3 -o adagrad -c spo -q
{'F2': 0.0,
 'N3': 0.0005,
 'batch_size': 100,
 'corruption': 'spo',
 'dev': 'data/nations/dev.tsv',
 'embedding_size': 500,
 'epochs': 15,
 'eval_batch_size': None,
 'input_type': 'standard',
 'learning_rate': 0.1,
 'load': None,
 'model': 'complex',
 'optimizer': 'adagrad',
 'quiet': True,
 'save': None,
 'seed': 0,
 'test': 'data/nations/test.tsv',
 'test_i': None,
 'test_ii': None,
 'train': 'data/nations/train.tsv',
 'validate_every': 3}
INFO:kbc-cli.py:Device: cuda
INFO:kbc-cli.py:Model state:
INFO:kbc-cli.py:	entities.weight	torch.Size([14, 1000])
INFO:kbc-cli.py:	predicates.weight	torch.Size([55, 1000])
INFO:kbc-cli.py:Epoch 1/15	Loss 9.4550 ± 0.3002
INFO:kbc-cli.py:Epoch 2/15	Loss 7.8901 ± 0.2122
INFO:kbc-cli.py:Epoch 3/15	Loss 7.2421 ± 0.3447
INFO:kbc-cli.py:Epoch 3/15	dev results	MRR 0.796277	H@1 0.680905	H@3 0.894472	H@5 0.962312	H@10 0.994975	H@20 1.000000	H@50 1.000000	H@100 1.000000
INFO:kbc-cli.py:Epoch 3/15	test results	MRR 0.822861	H@1 0.718905	H@3 0.910448	H@5 0.965174	H@10 0.995025	H@20 1.000000	H@50 1.000000	H@100 1.000000
INFO:kbc-cli.py:Epoch 4/15	Loss 6.9174 ± 0.3690
INFO:kbc-cli.py:Epoch 5/15	Loss 6.7222 ± 0.3435
INFO:kbc-cli.py:Epoch 6/15	Loss 6.5862 ± 0.3609
INFO:kbc-cli.py:Epoch 6/15	dev results	MRR 0.813279	H@1 0.703518	H@3 0.909548	H@5 0.964824	H@10 0.994975	H@20 1.000000	H@50 1.000000	H@100 1.000000
INFO:kbc-cli.py:Epoch 6/15	test results	MRR 0.832399	H@1 0.728856	H@3 0.925373	H@5 0.970149	H@10 1.000000	H@20 1.000000	H@50 1.000000	H@100 1.000000
INFO:kbc-cli.py:Epoch 7/15	Loss 6.4947 ± 0.3069
INFO:kbc-cli.py:Epoch 8/15	Loss 6.4063 ± 0.3174
INFO:kbc-cli.py:Epoch 9/15	Loss 6.3536 ± 0.3150
INFO:kbc-cli.py:Epoch 9/15	dev results	MRR 0.816528	H@1 0.706030	H@3 0.909548	H@5 0.969849	H@10 0.994975	H@20 1.000000	H@50 1.000000	H@100 1.000000
INFO:kbc-cli.py:Epoch 9/15	test results	MRR 0.838351	H@1 0.741294	H@3 0.932836	H@5 0.967662	H@10 1.000000	H@20 1.000000	H@50 1.000000	H@100 1.000000
INFO:kbc-cli.py:Epoch 10/15	Loss 6.3109 ± 0.3526
INFO:kbc-cli.py:Epoch 11/15	Loss 6.2641 ± 0.3140
INFO:kbc-cli.py:Epoch 12/15	Loss 6.2296 ± 0.3051
INFO:kbc-cli.py:Epoch 12/15	dev results	MRR 0.825095	H@1 0.723618	H@3 0.917085	H@5 0.967337	H@10 0.994975	H@20 1.000000	H@50 1.000000	H@100 1.000000
INFO:kbc-cli.py:Epoch 12/15	test results	MRR 0.836610	H@1 0.733831	H@3 0.932836	H@5 0.970149	H@10 1.000000	H@20 1.000000	H@50 1.000000	H@100 1.000000
INFO:kbc-cli.py:Epoch 13/15	Loss 6.1924 ± 0.2677
INFO:kbc-cli.py:Epoch 14/15	Loss 6.1677 ± 0.2754
INFO:kbc-cli.py:Epoch 15/15	Loss 6.1400 ± 0.2464
INFO:kbc-cli.py:Epoch 15/15	dev results	MRR 0.826599	H@1 0.721106	H@3 0.922111	H@5 0.967337	H@10 0.994975	H@20 1.000000	H@50 1.000000	H@100 1.000000
INFO:kbc-cli.py:Epoch 15/15	test results	MRR 0.835774	H@1 0.731343	H@3 0.935323	H@5 0.970149	H@10 1.000000	H@20 1.000000	H@50 1.000000	H@100 1.000000
INFO:kbc-cli.py:Final 	dev results	MRR 0.826599	H@1 0.721106	H@3 0.922111	H@5 0.967337	H@10 0.994975	H@20 1.000000	H@50 1.000000	H@100 1.000000
INFO:kbc-cli.py:Final 	test results	MRR 0.835774	H@1 0.731343	H@3 0.935323	H@5 0.970149	H@10 1.000000	H@20 1.000000	H@50 1.000000	H@100 1.000000
INFO:kbc-cli.py:Training finished
