./bin/kbc-cli.py --train data/kinship/train.tsv --dev data/kinship/dev.tsv --test data/kinship/test.tsv -m complex -k 100 -b 100 -e 15 --F2 0 --N3 0.005 -l 0.1 -I standard -V 3 -o adagrad -c spo -q
{'F2': 0.0,
 'N3': 0.005,
 'batch_size': 100,
 'corruption': 'spo',
 'dev': 'data/kinship/dev.tsv',
 'embedding_size': 100,
 'epochs': 15,
 'eval_batch_size': None,
 'input_type': 'standard',
 'learning_rate': 0.1,
 'load': None,
 'model': 'complex',
 'optimizer': 'adagrad',
 'quiet': True,
 'save': None,
 'seed': 0,
 'test': 'data/kinship/test.tsv',
 'test_i': None,
 'test_ii': None,
 'train': 'data/kinship/train.tsv',
 'validate_every': 3}
INFO:kbc-cli.py:Device: cuda
INFO:kbc-cli.py:Model state:
INFO:kbc-cli.py:	entities.weight	torch.Size([104, 200])
INFO:kbc-cli.py:	predicates.weight	torch.Size([25, 200])
INFO:kbc-cli.py:Epoch 1/15	Loss 8.9082 ± 2.0289
INFO:kbc-cli.py:Epoch 2/15	Loss 6.2090 ± 0.2355
INFO:kbc-cli.py:Epoch 3/15	Loss 5.7358 ± 0.2360
INFO:kbc-cli.py:Epoch 3/15	dev results	MRR 0.840514	H@1 0.750468	H@3 0.921348	H@5 0.958801	H@10 0.974719	H@20 0.986891	H@50 0.994850	H@100 1.000000
INFO:kbc-cli.py:Epoch 3/15	test results	MRR 0.847214	H@1 0.761173	H@3 0.921322	H@5 0.959497	H@10 0.982775	H@20 0.993017	H@50 0.997207	H@100 1.000000
INFO:kbc-cli.py:Epoch 4/15	Loss 5.4957 ± 0.1922
INFO:kbc-cli.py:Epoch 5/15	Loss 5.3554 ± 0.2130
INFO:kbc-cli.py:Epoch 6/15	Loss 5.2543 ± 0.1889
INFO:kbc-cli.py:Epoch 6/15	dev results	MRR 0.869555	H@1 0.796816	H@3 0.934925	H@5 0.963951	H@10 0.978464	H@20 0.987360	H@50 0.995318	H@100 1.000000
INFO:kbc-cli.py:Epoch 6/15	test results	MRR 0.868422	H@1 0.791899	H@3 0.937616	H@5 0.966015	H@10 0.985102	H@20 0.992551	H@50 0.997672	H@100 1.000000
INFO:kbc-cli.py:Epoch 7/15	Loss 5.1833 ± 0.1884
INFO:kbc-cli.py:Epoch 8/15	Loss 5.1299 ± 0.1927
INFO:kbc-cli.py:Epoch 9/15	Loss 5.0811 ± 0.1768
INFO:kbc-cli.py:Epoch 9/15	dev results	MRR 0.875871	H@1 0.807584	H@3 0.936798	H@5 0.963015	H@10 0.979401	H@20 0.987360	H@50 0.994382	H@100 1.000000
INFO:kbc-cli.py:Epoch 9/15	test results	MRR 0.869050	H@1 0.791899	H@3 0.937151	H@5 0.966015	H@10 0.986965	H@20 0.992551	H@50 0.997207	H@100 1.000000
INFO:kbc-cli.py:Epoch 10/15	Loss 5.0446 ± 0.1717
INFO:kbc-cli.py:Epoch 11/15	Loss 5.0153 ± 0.1647
INFO:kbc-cli.py:Epoch 12/15	Loss 4.9894 ± 0.1485
INFO:kbc-cli.py:Epoch 12/15	dev results	MRR 0.876133	H@1 0.807584	H@3 0.938202	H@5 0.961610	H@10 0.978933	H@20 0.987828	H@50 0.994382	H@100 1.000000
INFO:kbc-cli.py:Epoch 12/15	test results	MRR 0.869731	H@1 0.793296	H@3 0.937616	H@5 0.967412	H@10 0.987896	H@20 0.992551	H@50 0.997207	H@100 1.000000
INFO:kbc-cli.py:Epoch 13/15	Loss 4.9662 ± 0.1655
INFO:kbc-cli.py:Epoch 14/15	Loss 4.9463 ± 0.1588
INFO:kbc-cli.py:Epoch 15/15	Loss 4.9293 ± 0.1362
INFO:kbc-cli.py:Epoch 15/15	dev results	MRR 0.875021	H@1 0.806648	H@3 0.934925	H@5 0.961142	H@10 0.979401	H@20 0.987828	H@50 0.993914	H@100 1.000000
INFO:kbc-cli.py:Epoch 15/15	test results	MRR 0.869620	H@1 0.793762	H@3 0.934358	H@5 0.967877	H@10 0.988361	H@20 0.993017	H@50 0.996741	H@100 1.000000
INFO:kbc-cli.py:Final 	dev results	MRR 0.875021	H@1 0.806648	H@3 0.934925	H@5 0.961142	H@10 0.979401	H@20 0.987828	H@50 0.993914	H@100 1.000000
INFO:kbc-cli.py:Final 	test results	MRR 0.869620	H@1 0.793762	H@3 0.934358	H@5 0.967877	H@10 0.988361	H@20 0.993017	H@50 0.996741	H@100 1.000000
INFO:kbc-cli.py:Training finished
