./bin/kbc-cli.py --train data/umls/train.tsv --dev data/umls/dev.tsv --test data/umls/test.tsv -m complex -k 1000 -b 100 -e 15 --F2 0 --N3 0.0001 -l 0.1 -I standard -V 3 -o adagrad -c so -q
{'F2': 0.0,
 'N3': 0.0001,
 'batch_size': 100,
 'corruption': 'so',
 'dev': 'data/umls/dev.tsv',
 'embedding_size': 1000,
 'epochs': 15,
 'eval_batch_size': None,
 'input_type': 'standard',
 'learning_rate': 0.1,
 'load': None,
 'model': 'complex',
 'optimizer': 'adagrad',
 'quiet': True,
 'save': None,
 'seed': 0,
 'test': 'data/umls/test.tsv',
 'test_i': None,
 'test_ii': None,
 'train': 'data/umls/train.tsv',
 'validate_every': 3}
INFO:kbc-cli.py:Device: cuda
INFO:kbc-cli.py:Model state:
INFO:kbc-cli.py:	entities.weight	torch.Size([135, 2000])
INFO:kbc-cli.py:	predicates.weight	torch.Size([46, 2000])
INFO:kbc-cli.py:Epoch 1/15	Loss 8.1985 ± 1.1799
INFO:kbc-cli.py:Epoch 2/15	Loss 6.1589 ± 0.1684
INFO:kbc-cli.py:Epoch 3/15	Loss 5.8139 ± 0.2162
INFO:kbc-cli.py:Epoch 3/15	dev results	MRR 0.936681	H@1 0.891104	H@3 0.980828	H@5 0.986963	H@10 0.993098	H@20 0.998466	H@50 1.000000	H@100 1.000000
INFO:kbc-cli.py:Epoch 3/15	test results	MRR 0.926052	H@1 0.870651	H@3 0.977307	H@5 0.989410	H@10 0.997731	H@20 0.998487	H@50 0.999244	H@100 1.000000
INFO:kbc-cli.py:Epoch 4/15	Loss 5.6721 ± 0.2182
INFO:kbc-cli.py:Epoch 5/15	Loss 5.5964 ± 0.1787
INFO:kbc-cli.py:Epoch 6/15	Loss 5.5337 ± 0.1939
INFO:kbc-cli.py:Epoch 6/15	dev results	MRR 0.921309	H@1 0.860429	H@3 0.980061	H@5 0.990031	H@10 0.993865	H@20 0.997699	H@50 1.000000	H@100 1.000000
INFO:kbc-cli.py:Epoch 6/15	test results	MRR 0.915406	H@1 0.845688	H@3 0.983359	H@5 0.992436	H@10 0.998487	H@20 0.998487	H@50 0.999244	H@100 1.000000
INFO:kbc-cli.py:Epoch 7/15	Loss 5.4804 ± 0.1882
INFO:kbc-cli.py:Epoch 8/15	Loss 5.4509 ± 0.2103
INFO:kbc-cli.py:Epoch 9/15	Loss 5.4072 ± 0.2184
INFO:kbc-cli.py:Epoch 9/15	dev results	MRR 0.953914	H@1 0.923313	H@3 0.980061	H@5 0.987730	H@10 0.995399	H@20 0.997699	H@50 1.000000	H@100 1.000000
INFO:kbc-cli.py:Epoch 9/15	test results	MRR 0.943626	H@1 0.899395	H@3 0.984115	H@5 0.991679	H@10 0.998487	H@20 0.998487	H@50 0.999244	H@100 1.000000
INFO:kbc-cli.py:Epoch 10/15	Loss 5.3910 ± 0.2002
INFO:kbc-cli.py:Epoch 11/15	Loss 5.3688 ± 0.1854
INFO:kbc-cli.py:Epoch 12/15	Loss 5.3383 ± 0.2096
INFO:kbc-cli.py:Epoch 12/15	dev results	MRR 0.950615	H@1 0.915644	H@3 0.981595	H@5 0.988497	H@10 0.994632	H@20 0.998466	H@50 1.000000	H@100 1.000000
INFO:kbc-cli.py:Epoch 12/15	test results	MRR 0.940318	H@1 0.893343	H@3 0.987141	H@5 0.991679	H@10 0.998487	H@20 0.998487	H@50 1.000000	H@100 1.000000
INFO:kbc-cli.py:Epoch 13/15	Loss 5.3328 ± 0.2197
INFO:kbc-cli.py:Epoch 14/15	Loss 5.3004 ± 0.1676
INFO:kbc-cli.py:Epoch 15/15	Loss 5.2975 ± 0.2009
INFO:kbc-cli.py:Epoch 15/15	dev results	MRR 0.944916	H@1 0.904141	H@3 0.983896	H@5 0.989264	H@10 0.993865	H@20 0.998466	H@50 1.000000	H@100 1.000000
INFO:kbc-cli.py:Epoch 15/15	test results	MRR 0.943932	H@1 0.898638	H@3 0.987141	H@5 0.993949	H@10 0.998487	H@20 0.998487	H@50 1.000000	H@100 1.000000
INFO:kbc-cli.py:Final 	dev results	MRR 0.944916	H@1 0.904141	H@3 0.983896	H@5 0.989264	H@10 0.993865	H@20 0.998466	H@50 1.000000	H@100 1.000000
INFO:kbc-cli.py:Final 	test results	MRR 0.943932	H@1 0.898638	H@3 0.987141	H@5 0.993949	H@10 0.998487	H@20 0.998487	H@50 1.000000	H@100 1.000000
INFO:kbc-cli.py:Training finished
