./bin/kbc-cli.py --train data/umls/train.tsv --dev data/umls/dev.tsv --test data/umls/test.tsv -m complex -k 1000 -b 100 -e 15 --F2 0 --N3 0.01 -l 0.1 -I reciprocal -V 3 -o adagrad -c so -q
{'F2': 0.0,
 'N3': 0.01,
 'batch_size': 100,
 'corruption': 'so',
 'dev': 'data/umls/dev.tsv',
 'embedding_size': 1000,
 'epochs': 15,
 'eval_batch_size': None,
 'input_type': 'reciprocal',
 'learning_rate': 0.1,
 'load': None,
 'model': 'complex',
 'optimizer': 'adagrad',
 'quiet': True,
 'save': None,
 'seed': 0,
 'test': 'data/umls/test.tsv',
 'test_i': None,
 'test_ii': None,
 'train': 'data/umls/train.tsv',
 'validate_every': 3}
INFO:kbc-cli.py:Device: cuda
INFO:kbc-cli.py:Model state:
INFO:kbc-cli.py:	entities.weight	torch.Size([135, 2000])
INFO:kbc-cli.py:	predicates.weight	torch.Size([92, 2000])
INFO:kbc-cli.py:Epoch 1/15	Loss 7.8410 ± 1.2650
INFO:kbc-cli.py:Epoch 2/15	Loss 6.2311 ± 0.1467
INFO:kbc-cli.py:Epoch 3/15	Loss 6.0309 ± 0.1553
INFO:kbc-cli.py:Epoch 3/15	dev results	MRR 0.919684	H@1 0.853528	H@3 0.982362	H@5 0.990031	H@10 0.997699	H@20 1.000000	H@50 1.000000	H@100 1.000000
INFO:kbc-cli.py:Epoch 3/15	test results	MRR 0.915983	H@1 0.845688	H@3 0.984115	H@5 0.992436	H@10 0.996974	H@20 0.998487	H@50 0.999244	H@100 1.000000
INFO:kbc-cli.py:Epoch 4/15	Loss 5.9487 ± 0.1610
INFO:kbc-cli.py:Epoch 5/15	Loss 5.8948 ± 0.1585
INFO:kbc-cli.py:Epoch 6/15	Loss 5.8520 ± 0.1606
INFO:kbc-cli.py:Epoch 6/15	dev results	MRR 0.955393	H@1 0.924080	H@3 0.982362	H@5 0.993098	H@10 0.999233	H@20 1.000000	H@50 1.000000	H@100 1.000000
INFO:kbc-cli.py:Epoch 6/15	test results	MRR 0.953092	H@1 0.916036	H@3 0.990166	H@5 0.995461	H@10 0.996974	H@20 0.998487	H@50 0.999244	H@100 1.000000
INFO:kbc-cli.py:Epoch 7/15	Loss 5.8230 ± 0.1635
INFO:kbc-cli.py:Epoch 8/15	Loss 5.7973 ± 0.1599
INFO:kbc-cli.py:Epoch 9/15	Loss 5.7774 ± 0.1650
INFO:kbc-cli.py:Epoch 9/15	dev results	MRR 0.961647	H@1 0.934816	H@3 0.987730	H@5 0.992331	H@10 1.000000	H@20 1.000000	H@50 1.000000	H@100 1.000000
INFO:kbc-cli.py:Epoch 9/15	test results	MRR 0.960557	H@1 0.931165	H@3 0.990166	H@5 0.995461	H@10 0.997731	H@20 0.998487	H@50 1.000000	H@100 1.000000
INFO:kbc-cli.py:Epoch 10/15	Loss 5.7565 ± 0.1552
INFO:kbc-cli.py:Epoch 11/15	Loss 5.7417 ± 0.1583
INFO:kbc-cli.py:Epoch 12/15	Loss 5.7273 ± 0.1606
INFO:kbc-cli.py:Epoch 12/15	dev results	MRR 0.960946	H@1 0.934816	H@3 0.986196	H@5 0.993098	H@10 0.997699	H@20 1.000000	H@50 1.000000	H@100 1.000000
INFO:kbc-cli.py:Epoch 12/15	test results	MRR 0.963678	H@1 0.936460	H@3 0.990923	H@5 0.994705	H@10 0.997731	H@20 0.998487	H@50 1.000000	H@100 1.000000
INFO:kbc-cli.py:Epoch 13/15	Loss 5.7143 ± 0.1367
INFO:kbc-cli.py:Epoch 14/15	Loss 5.7058 ± 0.1590
INFO:kbc-cli.py:Epoch 15/15	Loss 5.6931 ± 0.1456
INFO:kbc-cli.py:Epoch 15/15	dev results	MRR 0.961620	H@1 0.935583	H@3 0.984663	H@5 0.991564	H@10 0.999233	H@20 1.000000	H@50 1.000000	H@100 1.000000
INFO:kbc-cli.py:Epoch 15/15	test results	MRR 0.965223	H@1 0.938729	H@3 0.991679	H@5 0.995461	H@10 0.997731	H@20 0.998487	H@50 1.000000	H@100 1.000000
INFO:kbc-cli.py:Final 	dev results	MRR 0.961620	H@1 0.935583	H@3 0.984663	H@5 0.991564	H@10 0.999233	H@20 1.000000	H@50 1.000000	H@100 1.000000
INFO:kbc-cli.py:Final 	test results	MRR 0.965223	H@1 0.938729	H@3 0.991679	H@5 0.995461	H@10 0.997731	H@20 0.998487	H@50 1.000000	H@100 1.000000
INFO:kbc-cli.py:Training finished
