./bin/kbc-cli.py --train data/nations/train.tsv --dev data/nations/dev.tsv --test data/nations/test.tsv -m complex -k 200 -b 100 -e 15 --F2 0 --N3 0.1 -l 0.1 -I reciprocal -V 3 -o adagrad -c so -q
{'F2': 0.0,
 'N3': 0.1,
 'batch_size': 100,
 'corruption': 'so',
 'dev': 'data/nations/dev.tsv',
 'embedding_size': 200,
 'epochs': 15,
 'eval_batch_size': None,
 'input_type': 'reciprocal',
 'learning_rate': 0.1,
 'load': None,
 'model': 'complex',
 'optimizer': 'adagrad',
 'quiet': True,
 'save': None,
 'seed': 0,
 'test': 'data/nations/test.tsv',
 'test_i': None,
 'test_ii': None,
 'train': 'data/nations/train.tsv',
 'validate_every': 3}
INFO:kbc-cli.py:Device: cuda
INFO:kbc-cli.py:Model state:
INFO:kbc-cli.py:	entities.weight	torch.Size([14, 400])
INFO:kbc-cli.py:	predicates.weight	torch.Size([110, 400])
INFO:kbc-cli.py:Epoch 1/15	Loss 5.3173 ± 0.0579
INFO:kbc-cli.py:Epoch 2/15	Loss 5.2699 ± 0.0156
INFO:kbc-cli.py:Epoch 3/15	Loss 5.2332 ± 0.0235
INFO:kbc-cli.py:Epoch 3/15	dev results	MRR 0.596908	H@1 0.437186	H@3 0.655779	H@5 0.816583	H@10 0.959799	H@20 1.000000	H@50 1.000000	H@100 1.000000
INFO:kbc-cli.py:Epoch 3/15	test results	MRR 0.628771	H@1 0.477612	H@3 0.706468	H@5 0.838308	H@10 0.980100	H@20 1.000000	H@50 1.000000	H@100 1.000000
INFO:kbc-cli.py:Epoch 4/15	Loss 5.2042 ± 0.0467
INFO:kbc-cli.py:Epoch 5/15	Loss 5.1909 ± 0.0567
INFO:kbc-cli.py:Epoch 6/15	Loss 5.1804 ± 0.0496
INFO:kbc-cli.py:Epoch 6/15	dev results	MRR 0.638011	H@1 0.489950	H@3 0.703518	H@5 0.839196	H@10 0.964824	H@20 1.000000	H@50 1.000000	H@100 1.000000
INFO:kbc-cli.py:Epoch 6/15	test results	MRR 0.654082	H@1 0.500000	H@3 0.733831	H@5 0.875622	H@10 0.982587	H@20 1.000000	H@50 1.000000	H@100 1.000000
INFO:kbc-cli.py:Epoch 7/15	Loss 5.1747 ± 0.0472
INFO:kbc-cli.py:Epoch 8/15	Loss 5.1684 ± 0.0547
INFO:kbc-cli.py:Epoch 9/15	Loss 5.1605 ± 0.0581
INFO:kbc-cli.py:Epoch 9/15	dev results	MRR 0.656949	H@1 0.505025	H@3 0.743719	H@5 0.869347	H@10 0.977387	H@20 1.000000	H@50 1.000000	H@100 1.000000
INFO:kbc-cli.py:Epoch 9/15	test results	MRR 0.683314	H@1 0.542289	H@3 0.771144	H@5 0.888060	H@10 0.987562	H@20 1.000000	H@50 1.000000	H@100 1.000000
INFO:kbc-cli.py:Epoch 10/15	Loss 5.1571 ± 0.0589
INFO:kbc-cli.py:Epoch 11/15	Loss 5.1516 ± 0.0608
INFO:kbc-cli.py:Epoch 12/15	Loss 5.1484 ± 0.0550
INFO:kbc-cli.py:Epoch 12/15	dev results	MRR 0.678364	H@1 0.537688	H@3 0.758794	H@5 0.891960	H@10 0.979899	H@20 1.000000	H@50 1.000000	H@100 1.000000
INFO:kbc-cli.py:Epoch 12/15	test results	MRR 0.693059	H@1 0.547264	H@3 0.793532	H@5 0.905473	H@10 0.990050	H@20 1.000000	H@50 1.000000	H@100 1.000000
INFO:kbc-cli.py:Epoch 13/15	Loss 5.1453 ± 0.0551
INFO:kbc-cli.py:Epoch 14/15	Loss 5.1426 ± 0.0586
INFO:kbc-cli.py:Epoch 15/15	Loss 5.1396 ± 0.0626
INFO:kbc-cli.py:Epoch 15/15	dev results	MRR 0.683292	H@1 0.542714	H@3 0.761307	H@5 0.899497	H@10 0.982412	H@20 1.000000	H@50 1.000000	H@100 1.000000
INFO:kbc-cli.py:Epoch 15/15	test results	MRR 0.705453	H@1 0.564677	H@3 0.808458	H@5 0.912935	H@10 0.990050	H@20 1.000000	H@50 1.000000	H@100 1.000000
INFO:kbc-cli.py:Final 	dev results	MRR 0.683292	H@1 0.542714	H@3 0.761307	H@5 0.899497	H@10 0.982412	H@20 1.000000	H@50 1.000000	H@100 1.000000
INFO:kbc-cli.py:Final 	test results	MRR 0.705453	H@1 0.564677	H@3 0.808458	H@5 0.912935	H@10 0.990050	H@20 1.000000	H@50 1.000000	H@100 1.000000
INFO:kbc-cli.py:Training finished
