./bin/kbc-cli.py --train data/kinship/train.tsv --dev data/kinship/dev.tsv --test data/kinship/test.tsv -m complex -k 500 -b 100 -e 15 --F2 0 --N3 0.01 -l 0.1 -I standard -V 3 -o adagrad -c so -q
{'F2': 0.0,
 'N3': 0.01,
 'batch_size': 100,
 'corruption': 'so',
 'dev': 'data/kinship/dev.tsv',
 'embedding_size': 500,
 'epochs': 15,
 'eval_batch_size': None,
 'input_type': 'standard',
 'learning_rate': 0.1,
 'load': None,
 'model': 'complex',
 'optimizer': 'adagrad',
 'quiet': True,
 'save': None,
 'seed': 0,
 'test': 'data/kinship/test.tsv',
 'test_i': None,
 'test_ii': None,
 'train': 'data/kinship/train.tsv',
 'validate_every': 3}
INFO:kbc-cli.py:Device: cuda
INFO:kbc-cli.py:Model state:
INFO:kbc-cli.py:	entities.weight	torch.Size([104, 1000])
INFO:kbc-cli.py:	predicates.weight	torch.Size([25, 1000])
INFO:kbc-cli.py:Epoch 1/15	Loss 7.5195 ± 1.1165
INFO:kbc-cli.py:Epoch 2/15	Loss 5.8944 ± 0.1632
INFO:kbc-cli.py:Epoch 3/15	Loss 5.6454 ± 0.2048
INFO:kbc-cli.py:Epoch 3/15	dev results	MRR 0.852071	H@1 0.766854	H@3 0.927434	H@5 0.957397	H@10 0.978464	H@20 0.985955	H@50 0.993446	H@100 1.000000
INFO:kbc-cli.py:Epoch 3/15	test results	MRR 0.851263	H@1 0.765829	H@3 0.927374	H@5 0.962291	H@10 0.982775	H@20 0.992551	H@50 0.997207	H@100 1.000000
INFO:kbc-cli.py:Epoch 4/15	Loss 5.5104 ± 0.1889
INFO:kbc-cli.py:Epoch 5/15	Loss 5.4262 ± 0.1924
INFO:kbc-cli.py:Epoch 6/15	Loss 5.3610 ± 0.1841
INFO:kbc-cli.py:Epoch 6/15	dev results	MRR 0.879371	H@1 0.811330	H@3 0.939607	H@5 0.963951	H@10 0.980805	H@20 0.987828	H@50 0.992509	H@100 1.000000
INFO:kbc-cli.py:Epoch 6/15	test results	MRR 0.882814	H@1 0.813780	H@3 0.948790	H@5 0.973929	H@10 0.986965	H@20 0.993482	H@50 0.997207	H@100 1.000000
INFO:kbc-cli.py:Epoch 7/15	Loss 5.3146 ± 0.1827
INFO:kbc-cli.py:Epoch 8/15	Loss 5.2772 ± 0.1798
INFO:kbc-cli.py:Epoch 9/15	Loss 5.2422 ± 0.1693
INFO:kbc-cli.py:Epoch 9/15	dev results	MRR 0.885251	H@1 0.821629	H@3 0.942416	H@5 0.963015	H@10 0.981273	H@20 0.987828	H@50 0.992041	H@100 1.000000
INFO:kbc-cli.py:Epoch 9/15	test results	MRR 0.884229	H@1 0.813780	H@3 0.950652	H@5 0.974860	H@10 0.986499	H@20 0.993482	H@50 0.997672	H@100 1.000000
INFO:kbc-cli.py:Epoch 10/15	Loss 5.2151 ± 0.1721
INFO:kbc-cli.py:Epoch 11/15	Loss 5.1931 ± 0.1772
INFO:kbc-cli.py:Epoch 12/15	Loss 5.1716 ± 0.1543
INFO:kbc-cli.py:Epoch 12/15	dev results	MRR 0.885563	H@1 0.823034	H@3 0.944288	H@5 0.964419	H@10 0.982210	H@20 0.987828	H@50 0.991573	H@100 1.000000
INFO:kbc-cli.py:Epoch 12/15	test results	MRR 0.889261	H@1 0.821695	H@3 0.952980	H@5 0.978119	H@10 0.987430	H@20 0.993482	H@50 0.997672	H@100 1.000000
INFO:kbc-cli.py:Epoch 13/15	Loss 5.1526 ± 0.1734
INFO:kbc-cli.py:Epoch 14/15	Loss 5.1380 ± 0.1703
INFO:kbc-cli.py:Epoch 15/15	Loss 5.1222 ± 0.1532
INFO:kbc-cli.py:Epoch 15/15	dev results	MRR 0.888977	H@1 0.828652	H@3 0.943352	H@5 0.963951	H@10 0.982210	H@20 0.987828	H@50 0.992041	H@100 1.000000
INFO:kbc-cli.py:Epoch 15/15	test results	MRR 0.888720	H@1 0.820298	H@3 0.952048	H@5 0.977188	H@10 0.988361	H@20 0.993948	H@50 0.997672	H@100 1.000000
INFO:kbc-cli.py:Final 	dev results	MRR 0.888977	H@1 0.828652	H@3 0.943352	H@5 0.963951	H@10 0.982210	H@20 0.987828	H@50 0.992041	H@100 1.000000
INFO:kbc-cli.py:Final 	test results	MRR 0.888720	H@1 0.820298	H@3 0.952048	H@5 0.977188	H@10 0.988361	H@20 0.993948	H@50 0.997672	H@100 1.000000
INFO:kbc-cli.py:Training finished
