./bin/kbc-cli.py --train data/nations/train.tsv --dev data/nations/dev.tsv --test data/nations/test.tsv -m complex -k 100 -b 100 -e 15 --F2 0 --N3 0.1 -l 0.1 -I reciprocal -V 3 -o adagrad -c spo -q
{'F2': 0.0,
 'N3': 0.1,
 'batch_size': 100,
 'corruption': 'spo',
 'dev': 'data/nations/dev.tsv',
 'embedding_size': 100,
 'epochs': 15,
 'eval_batch_size': None,
 'input_type': 'reciprocal',
 'learning_rate': 0.1,
 'load': None,
 'model': 'complex',
 'optimizer': 'adagrad',
 'quiet': True,
 'save': None,
 'seed': 0,
 'test': 'data/nations/test.tsv',
 'test_i': None,
 'test_ii': None,
 'train': 'data/nations/train.tsv',
 'validate_every': 3}
INFO:kbc-cli.py:Device: cuda
INFO:kbc-cli.py:Model state:
INFO:kbc-cli.py:	entities.weight	torch.Size([14, 200])
INFO:kbc-cli.py:	predicates.weight	torch.Size([110, 200])
INFO:kbc-cli.py:Epoch 1/15	Loss 9.9304 ± 0.1398
INFO:kbc-cli.py:Epoch 2/15	Loss 9.6190 ± 0.0630
INFO:kbc-cli.py:Epoch 3/15	Loss 9.4860 ± 0.0833
INFO:kbc-cli.py:Epoch 3/15	dev results	MRR 0.661334	H@1 0.492462	H@3 0.776382	H@5 0.879397	H@10 0.992462	H@20 1.000000	H@50 1.000000	H@100 1.000000
INFO:kbc-cli.py:Epoch 3/15	test results	MRR 0.662609	H@1 0.480100	H@3 0.803483	H@5 0.917910	H@10 0.977612	H@20 1.000000	H@50 1.000000	H@100 1.000000
INFO:kbc-cli.py:Epoch 4/15	Loss 9.4247 ± 0.1147
INFO:kbc-cli.py:Epoch 5/15	Loss 9.3812 ± 0.1176
INFO:kbc-cli.py:Epoch 6/15	Loss 9.3454 ± 0.1033
INFO:kbc-cli.py:Epoch 6/15	dev results	MRR 0.694662	H@1 0.535176	H@3 0.814070	H@5 0.912060	H@10 0.994975	H@20 1.000000	H@50 1.000000	H@100 1.000000
INFO:kbc-cli.py:Epoch 6/15	test results	MRR 0.726282	H@1 0.572139	H@3 0.845771	H@5 0.930348	H@10 0.995025	H@20 1.000000	H@50 1.000000	H@100 1.000000
INFO:kbc-cli.py:Epoch 7/15	Loss 9.3194 ± 0.0948
INFO:kbc-cli.py:Epoch 8/15	Loss 9.2963 ± 0.1102
INFO:kbc-cli.py:Epoch 9/15	Loss 9.2799 ± 0.0838
INFO:kbc-cli.py:Epoch 9/15	dev results	MRR 0.701639	H@1 0.537688	H@3 0.831658	H@5 0.924623	H@10 0.992462	H@20 1.000000	H@50 1.000000	H@100 1.000000
INFO:kbc-cli.py:Epoch 9/15	test results	MRR 0.746440	H@1 0.601990	H@3 0.858209	H@5 0.940299	H@10 0.997512	H@20 1.000000	H@50 1.000000	H@100 1.000000
INFO:kbc-cli.py:Epoch 10/15	Loss 9.2662 ± 0.0747
INFO:kbc-cli.py:Epoch 11/15	Loss 9.2532 ± 0.1089
INFO:kbc-cli.py:Epoch 12/15	Loss 9.2431 ± 0.1049
INFO:kbc-cli.py:Epoch 12/15	dev results	MRR 0.719223	H@1 0.567839	H@3 0.849246	H@5 0.929648	H@10 0.992462	H@20 1.000000	H@50 1.000000	H@100 1.000000
INFO:kbc-cli.py:Epoch 12/15	test results	MRR 0.765069	H@1 0.631841	H@3 0.863184	H@5 0.952736	H@10 1.000000	H@20 1.000000	H@50 1.000000	H@100 1.000000
INFO:kbc-cli.py:Epoch 13/15	Loss 9.2347 ± 0.0982
INFO:kbc-cli.py:Epoch 14/15	Loss 9.2264 ± 0.0967
INFO:kbc-cli.py:Epoch 15/15	Loss 9.2184 ± 0.0855
INFO:kbc-cli.py:Epoch 15/15	dev results	MRR 0.720952	H@1 0.562814	H@3 0.859296	H@5 0.944724	H@10 0.987437	H@20 1.000000	H@50 1.000000	H@100 1.000000
INFO:kbc-cli.py:Epoch 15/15	test results	MRR 0.772334	H@1 0.641791	H@3 0.875622	H@5 0.952736	H@10 1.000000	H@20 1.000000	H@50 1.000000	H@100 1.000000
INFO:kbc-cli.py:Final 	dev results	MRR 0.720952	H@1 0.562814	H@3 0.859296	H@5 0.944724	H@10 0.987437	H@20 1.000000	H@50 1.000000	H@100 1.000000
INFO:kbc-cli.py:Final 	test results	MRR 0.772334	H@1 0.641791	H@3 0.875622	H@5 0.952736	H@10 1.000000	H@20 1.000000	H@50 1.000000	H@100 1.000000
INFO:kbc-cli.py:Training finished
