./bin/kbc-cli.py --train data/kinship/train.tsv --dev data/kinship/dev.tsv --test data/kinship/test.tsv -m complex -k 500 -b 50 -e 15 --F2 0 --N3 0.5 -l 0.1 -I reciprocal -V 3 -o adagrad -c spo -q
{'F2': 0.0,
 'N3': 0.5,
 'batch_size': 50,
 'corruption': 'spo',
 'dev': 'data/kinship/dev.tsv',
 'embedding_size': 500,
 'epochs': 15,
 'eval_batch_size': None,
 'input_type': 'reciprocal',
 'learning_rate': 0.1,
 'load': None,
 'model': 'complex',
 'optimizer': 'adagrad',
 'quiet': True,
 'save': None,
 'seed': 0,
 'test': 'data/kinship/test.tsv',
 'test_i': None,
 'test_ii': None,
 'train': 'data/kinship/train.tsv',
 'validate_every': 3}
INFO:kbc-cli.py:Device: cuda
INFO:kbc-cli.py:Model state:
INFO:kbc-cli.py:	entities.weight	torch.Size([104, 1000])
INFO:kbc-cli.py:	predicates.weight	torch.Size([50, 1000])
INFO:kbc-cli.py:Epoch 1/15	Loss 12.9726 ± 1.2203
INFO:kbc-cli.py:Epoch 2/15	Loss 12.4942 ± 0.8071
INFO:kbc-cli.py:Epoch 3/15	Loss 12.4677 ± 0.6683
INFO:kbc-cli.py:Epoch 3/15	dev results	MRR 0.225455	H@1 0.080993	H@3 0.212079	H@5 0.324906	H@10 0.605337	H@20 0.932584	H@50 0.993914	H@100 1.000000
INFO:kbc-cli.py:Epoch 3/15	test results	MRR 0.225728	H@1 0.084264	H@3 0.209032	H@5 0.325419	H@10 0.597300	H@20 0.926909	H@50 0.995810	H@100 1.000000
INFO:kbc-cli.py:Epoch 4/15	Loss 12.4516 ± 0.5815
INFO:kbc-cli.py:Epoch 5/15	Loss 12.4399 ± 0.5036
INFO:kbc-cli.py:Epoch 6/15	Loss 12.4313 ± 0.4478
INFO:kbc-cli.py:Epoch 6/15	dev results	MRR 0.243009	H@1 0.102996	H@3 0.221442	H@5 0.369382	H@10 0.592228	H@20 0.926966	H@50 0.993914	H@100 1.000000
INFO:kbc-cli.py:Epoch 6/15	test results	MRR 0.243043	H@1 0.101955	H@3 0.233706	H@5 0.377095	H@10 0.582868	H@20 0.918529	H@50 0.996276	H@100 1.000000
INFO:kbc-cli.py:Epoch 7/15	Loss 12.4245 ± 0.4210
INFO:kbc-cli.py:Epoch 8/15	Loss 12.4203 ± 0.3968
INFO:kbc-cli.py:Epoch 9/15	Loss 12.4141 ± 0.3475
INFO:kbc-cli.py:Epoch 9/15	dev results	MRR 0.241651	H@1 0.091292	H@3 0.252809	H@5 0.367509	H@10 0.587079	H@20 0.921816	H@50 0.993914	H@100 1.000000
INFO:kbc-cli.py:Epoch 9/15	test results	MRR 0.232410	H@1 0.081006	H@3 0.237430	H@5 0.355214	H@10 0.597300	H@20 0.925047	H@50 0.994879	H@100 1.000000
INFO:kbc-cli.py:Epoch 10/15	Loss 12.4104 ± 0.3303
INFO:kbc-cli.py:Epoch 11/15	Loss 12.4065 ± 0.3135
INFO:kbc-cli.py:Epoch 12/15	Loss 12.4024 ± 0.3001
INFO:kbc-cli.py:Epoch 12/15	dev results	MRR 0.440412	H@1 0.277622	H@3 0.498596	H@5 0.622191	H@10 0.826311	H@20 0.970974	H@50 0.992509	H@100 1.000000
INFO:kbc-cli.py:Epoch 12/15	test results	MRR 0.416320	H@1 0.245810	H@3 0.488361	H@5 0.606145	H@10 0.817505	H@20 0.961825	H@50 0.996276	H@100 1.000000
INFO:kbc-cli.py:Epoch 13/15	Loss 12.3992 ± 0.2917
INFO:kbc-cli.py:Epoch 14/15	Loss 12.3958 ± 0.2693
INFO:kbc-cli.py:Epoch 15/15	Loss 12.3937 ± 0.2513
INFO:kbc-cli.py:Epoch 15/15	dev results	MRR 0.472384	H@1 0.309457	H@3 0.542603	H@5 0.659176	H@10 0.859082	H@20 0.971442	H@50 0.992041	H@100 1.000000
INFO:kbc-cli.py:Epoch 15/15	test results	MRR 0.447269	H@1 0.279330	H@3 0.517691	H@5 0.641061	H@10 0.846369	H@20 0.965549	H@50 0.996276	H@100 1.000000
INFO:kbc-cli.py:Final 	dev results	MRR 0.472384	H@1 0.309457	H@3 0.542603	H@5 0.659176	H@10 0.859082	H@20 0.971442	H@50 0.992041	H@100 1.000000
INFO:kbc-cli.py:Final 	test results	MRR 0.447269	H@1 0.279330	H@3 0.517691	H@5 0.641061	H@10 0.846369	H@20 0.965549	H@50 0.996276	H@100 1.000000
INFO:kbc-cli.py:Training finished
