./bin/kbc-cli.py --train data/nations/train.tsv --dev data/nations/dev.tsv --test data/nations/test.tsv -m complex -k 1000 -b 500 -e 15 --F2 0 --N3 0.001 -l 0.1 -I standard -V 3 -o adagrad -c spo -q
{'F2': 0.0,
 'N3': 0.001,
 'batch_size': 500,
 'corruption': 'spo',
 'dev': 'data/nations/dev.tsv',
 'embedding_size': 1000,
 'epochs': 15,
 'eval_batch_size': None,
 'input_type': 'standard',
 'learning_rate': 0.1,
 'load': None,
 'model': 'complex',
 'optimizer': 'adagrad',
 'quiet': True,
 'save': None,
 'seed': 0,
 'test': 'data/nations/test.tsv',
 'test_i': None,
 'test_ii': None,
 'train': 'data/nations/train.tsv',
 'validate_every': 3}
INFO:kbc-cli.py:Device: cuda
INFO:kbc-cli.py:Model state:
INFO:kbc-cli.py:	entities.weight	torch.Size([14, 2000])
INFO:kbc-cli.py:	predicates.weight	torch.Size([55, 2000])
INFO:kbc-cli.py:Epoch 1/15	Loss 9.5899 ± 0.3225
INFO:kbc-cli.py:Epoch 2/15	Loss 8.8755 ± 0.1684
INFO:kbc-cli.py:Epoch 3/15	Loss 7.6702 ± 0.2822
INFO:kbc-cli.py:Epoch 3/15	dev results	MRR 0.733035	H@1 0.592965	H@3 0.836683	H@5 0.944724	H@10 0.997487	H@20 1.000000	H@50 1.000000	H@100 1.000000
INFO:kbc-cli.py:Epoch 3/15	test results	MRR 0.746453	H@1 0.597015	H@3 0.878109	H@5 0.955224	H@10 1.000000	H@20 1.000000	H@50 1.000000	H@100 1.000000
INFO:kbc-cli.py:Epoch 4/15	Loss 7.2737 ± 0.3074
INFO:kbc-cli.py:Epoch 5/15	Loss 6.9449 ± 0.1588
INFO:kbc-cli.py:Epoch 6/15	Loss 6.8974 ± 0.3243
INFO:kbc-cli.py:Epoch 6/15	dev results	MRR 0.763143	H@1 0.630653	H@3 0.891960	H@5 0.949749	H@10 0.997487	H@20 1.000000	H@50 1.000000	H@100 1.000000
INFO:kbc-cli.py:Epoch 6/15	test results	MRR 0.798976	H@1 0.681592	H@3 0.907960	H@5 0.960199	H@10 1.000000	H@20 1.000000	H@50 1.000000	H@100 1.000000
INFO:kbc-cli.py:Epoch 7/15	Loss 6.6601 ± 0.1399
INFO:kbc-cli.py:Epoch 8/15	Loss 6.6486 ± 0.1934
INFO:kbc-cli.py:Epoch 9/15	Loss 6.4812 ± 0.1429
INFO:kbc-cli.py:Epoch 9/15	dev results	MRR 0.774281	H@1 0.648241	H@3 0.881910	H@5 0.954774	H@10 0.997487	H@20 1.000000	H@50 1.000000	H@100 1.000000
INFO:kbc-cli.py:Epoch 9/15	test results	MRR 0.814823	H@1 0.706468	H@3 0.902985	H@5 0.960199	H@10 1.000000	H@20 1.000000	H@50 1.000000	H@100 1.000000
INFO:kbc-cli.py:Epoch 10/15	Loss 6.5360 ± 0.2698
INFO:kbc-cli.py:Epoch 11/15	Loss 6.4324 ± 0.1390
INFO:kbc-cli.py:Epoch 12/15	Loss 6.4102 ± 0.2059
INFO:kbc-cli.py:Epoch 12/15	dev results	MRR 0.797113	H@1 0.678392	H@3 0.912060	H@5 0.962312	H@10 0.997487	H@20 1.000000	H@50 1.000000	H@100 1.000000
INFO:kbc-cli.py:Epoch 12/15	test results	MRR 0.812365	H@1 0.708955	H@3 0.898010	H@5 0.967662	H@10 1.000000	H@20 1.000000	H@50 1.000000	H@100 1.000000
INFO:kbc-cli.py:Epoch 13/15	Loss 6.3897 ± 0.1727
INFO:kbc-cli.py:Epoch 14/15	Loss 6.2996 ± 0.1548
INFO:kbc-cli.py:Epoch 15/15	Loss 6.2850 ± 0.1198
INFO:kbc-cli.py:Epoch 15/15	dev results	MRR 0.821583	H@1 0.721106	H@3 0.907035	H@5 0.967337	H@10 0.997487	H@20 1.000000	H@50 1.000000	H@100 1.000000
INFO:kbc-cli.py:Epoch 15/15	test results	MRR 0.820194	H@1 0.721393	H@3 0.898010	H@5 0.967662	H@10 0.997512	H@20 1.000000	H@50 1.000000	H@100 1.000000
INFO:kbc-cli.py:Final 	dev results	MRR 0.821583	H@1 0.721106	H@3 0.907035	H@5 0.967337	H@10 0.997487	H@20 1.000000	H@50 1.000000	H@100 1.000000
INFO:kbc-cli.py:Final 	test results	MRR 0.820194	H@1 0.721393	H@3 0.898010	H@5 0.967662	H@10 0.997512	H@20 1.000000	H@50 1.000000	H@100 1.000000
INFO:kbc-cli.py:Training finished
