./bin/kbc-cli.py --train data/umls/train.tsv --dev data/umls/dev.tsv --test data/umls/test.tsv -m complex -k 100 -b 50 -e 15 --F2 0 --N3 0.001 -l 0.1 -I reciprocal -V 3 -o adagrad -c spo -q
{'F2': 0.0,
 'N3': 0.001,
 'batch_size': 50,
 'corruption': 'spo',
 'dev': 'data/umls/dev.tsv',
 'embedding_size': 100,
 'epochs': 15,
 'eval_batch_size': None,
 'input_type': 'reciprocal',
 'learning_rate': 0.1,
 'load': None,
 'model': 'complex',
 'optimizer': 'adagrad',
 'quiet': True,
 'save': None,
 'seed': 0,
 'test': 'data/umls/test.tsv',
 'test_i': None,
 'test_ii': None,
 'train': 'data/umls/train.tsv',
 'validate_every': 3}
INFO:kbc-cli.py:Device: cuda
INFO:kbc-cli.py:Model state:
INFO:kbc-cli.py:	entities.weight	torch.Size([135, 200])
INFO:kbc-cli.py:	predicates.weight	torch.Size([92, 200])
INFO:kbc-cli.py:Epoch 1/15	Loss 9.3799 ± 2.0172
INFO:kbc-cli.py:Epoch 2/15	Loss 6.8475 ± 0.2584
INFO:kbc-cli.py:Epoch 3/15	Loss 6.5417 ± 0.2558
INFO:kbc-cli.py:Epoch 3/15	dev results	MRR 0.934507	H@1 0.884202	H@3 0.982362	H@5 0.993098	H@10 0.995399	H@20 0.998466	H@50 1.000000	H@100 1.000000
INFO:kbc-cli.py:Epoch 3/15	test results	MRR 0.932923	H@1 0.880484	H@3 0.984871	H@5 0.991679	H@10 0.996218	H@20 0.996974	H@50 0.997731	H@100 1.000000
INFO:kbc-cli.py:Epoch 4/15	Loss 6.4063 ± 0.2733
INFO:kbc-cli.py:Epoch 5/15	Loss 6.3215 ± 0.2459
INFO:kbc-cli.py:Epoch 6/15	Loss 6.2571 ± 0.2674
INFO:kbc-cli.py:Epoch 6/15	dev results	MRR 0.956301	H@1 0.924847	H@3 0.987730	H@5 0.993865	H@10 0.996166	H@20 0.998466	H@50 1.000000	H@100 1.000000
INFO:kbc-cli.py:Epoch 6/15	test results	MRR 0.960158	H@1 0.931165	H@3 0.987141	H@5 0.993949	H@10 0.996218	H@20 0.997731	H@50 0.998487	H@100 1.000000
INFO:kbc-cli.py:Epoch 7/15	Loss 6.2112 ± 0.2474
INFO:kbc-cli.py:Epoch 8/15	Loss 6.1739 ± 0.2597
INFO:kbc-cli.py:Epoch 9/15	Loss 6.1419 ± 0.2571
INFO:kbc-cli.py:Epoch 9/15	dev results	MRR 0.956292	H@1 0.927147	H@3 0.983129	H@5 0.993098	H@10 0.997699	H@20 0.998466	H@50 1.000000	H@100 1.000000
INFO:kbc-cli.py:Epoch 9/15	test results	MRR 0.960705	H@1 0.932678	H@3 0.987897	H@5 0.993949	H@10 0.996974	H@20 0.997731	H@50 0.998487	H@100 1.000000
INFO:kbc-cli.py:Epoch 10/15	Loss 6.1148 ± 0.2521
INFO:kbc-cli.py:Epoch 11/15	Loss 6.0915 ± 0.2565
INFO:kbc-cli.py:Epoch 12/15	Loss 6.0716 ± 0.2562
INFO:kbc-cli.py:Epoch 12/15	dev results	MRR 0.955238	H@1 0.925613	H@3 0.983896	H@5 0.990798	H@10 0.996166	H@20 0.998466	H@50 1.000000	H@100 1.000000
INFO:kbc-cli.py:Epoch 12/15	test results	MRR 0.962234	H@1 0.934947	H@3 0.986384	H@5 0.994705	H@10 0.996974	H@20 0.998487	H@50 0.998487	H@100 1.000000
INFO:kbc-cli.py:Epoch 13/15	Loss 6.0525 ± 0.2194
INFO:kbc-cli.py:Epoch 14/15	Loss 6.0403 ± 0.2484
INFO:kbc-cli.py:Epoch 15/15	Loss 6.0242 ± 0.2524
INFO:kbc-cli.py:Epoch 15/15	dev results	MRR 0.955534	H@1 0.927147	H@3 0.981595	H@5 0.991564	H@10 0.996166	H@20 0.998466	H@50 1.000000	H@100 1.000000
INFO:kbc-cli.py:Epoch 15/15	test results	MRR 0.963887	H@1 0.938729	H@3 0.987141	H@5 0.993192	H@10 0.996974	H@20 0.998487	H@50 0.998487	H@100 1.000000
INFO:kbc-cli.py:Final 	dev results	MRR 0.955534	H@1 0.927147	H@3 0.981595	H@5 0.991564	H@10 0.996166	H@20 0.998466	H@50 1.000000	H@100 1.000000
INFO:kbc-cli.py:Final 	test results	MRR 0.963887	H@1 0.938729	H@3 0.987141	H@5 0.993192	H@10 0.996974	H@20 0.998487	H@50 0.998487	H@100 1.000000
INFO:kbc-cli.py:Training finished
