./bin/kbc-cli.py --train data/kinship/train.tsv --dev data/kinship/dev.tsv --test data/kinship/test.tsv -m complex -k 100 -b 50 -e 15 --F2 0 --N3 0.0001 -l 0.1 -I standard -V 3 -o adagrad -c so -q
{'F2': 0.0,
 'N3': 0.0001,
 'batch_size': 50,
 'corruption': 'so',
 'dev': 'data/kinship/dev.tsv',
 'embedding_size': 100,
 'epochs': 15,
 'eval_batch_size': None,
 'input_type': 'standard',
 'learning_rate': 0.1,
 'load': None,
 'model': 'complex',
 'optimizer': 'adagrad',
 'quiet': True,
 'save': None,
 'seed': 0,
 'test': 'data/kinship/test.tsv',
 'test_i': None,
 'test_ii': None,
 'train': 'data/kinship/train.tsv',
 'validate_every': 3}
INFO:kbc-cli.py:Device: cuda
INFO:kbc-cli.py:Model state:
INFO:kbc-cli.py:	entities.weight	torch.Size([104, 200])
INFO:kbc-cli.py:	predicates.weight	torch.Size([25, 200])
INFO:kbc-cli.py:Epoch 1/15	Loss 7.1315 ± 1.1543
INFO:kbc-cli.py:Epoch 2/15	Loss 5.5220 ± 0.2153
INFO:kbc-cli.py:Epoch 3/15	Loss 5.1983 ± 0.2380
INFO:kbc-cli.py:Epoch 3/15	dev results	MRR 0.803705	H@1 0.694288	H@3 0.902154	H@5 0.944288	H@10 0.974719	H@20 0.985487	H@50 0.992978	H@100 1.000000
INFO:kbc-cli.py:Epoch 3/15	test results	MRR 0.807246	H@1 0.695531	H@3 0.907356	H@5 0.953445	H@10 0.981844	H@20 0.990689	H@50 0.996741	H@100 1.000000
INFO:kbc-cli.py:Epoch 4/15	Loss 5.0163 ± 0.2450
INFO:kbc-cli.py:Epoch 5/15	Loss 4.8968 ± 0.2155
INFO:kbc-cli.py:Epoch 6/15	Loss 4.8078 ± 0.2009
INFO:kbc-cli.py:Epoch 6/15	dev results	MRR 0.831933	H@1 0.736423	H@3 0.919944	H@5 0.952715	H@10 0.977528	H@20 0.985955	H@50 0.993914	H@100 1.000000
INFO:kbc-cli.py:Epoch 6/15	test results	MRR 0.831353	H@1 0.732775	H@3 0.920391	H@5 0.961825	H@10 0.984171	H@20 0.992086	H@50 0.996741	H@100 1.000000
INFO:kbc-cli.py:Epoch 7/15	Loss 4.7381 ± 0.2164
INFO:kbc-cli.py:Epoch 8/15	Loss 4.6835 ± 0.2062
INFO:kbc-cli.py:Epoch 9/15	Loss 4.6373 ± 0.2009
INFO:kbc-cli.py:Epoch 9/15	dev results	MRR 0.837543	H@1 0.747659	H@3 0.922285	H@5 0.952247	H@10 0.976592	H@20 0.987360	H@50 0.993446	H@100 1.000000
INFO:kbc-cli.py:Epoch 9/15	test results	MRR 0.835041	H@1 0.737430	H@3 0.923184	H@5 0.958566	H@10 0.984171	H@20 0.992551	H@50 0.996741	H@100 1.000000
INFO:kbc-cli.py:Epoch 10/15	Loss 4.5981 ± 0.2028
INFO:kbc-cli.py:Epoch 11/15	Loss 4.5650 ± 0.2294
INFO:kbc-cli.py:Epoch 12/15	Loss 4.5349 ± 0.2010
INFO:kbc-cli.py:Epoch 12/15	dev results	MRR 0.830268	H@1 0.736891	H@3 0.913858	H@5 0.950843	H@10 0.975655	H@20 0.987828	H@50 0.994382	H@100 1.000000
INFO:kbc-cli.py:Epoch 12/15	test results	MRR 0.831665	H@1 0.732309	H@3 0.919460	H@5 0.958566	H@10 0.984171	H@20 0.992551	H@50 0.996741	H@100 1.000000
INFO:kbc-cli.py:Epoch 13/15	Loss 4.5092 ± 0.2002
INFO:kbc-cli.py:Epoch 14/15	Loss 4.4863 ± 0.1983
INFO:kbc-cli.py:Epoch 15/15	Loss 4.4657 ± 0.1794
INFO:kbc-cli.py:Epoch 15/15	dev results	MRR 0.826317	H@1 0.731273	H@3 0.911049	H@5 0.948502	H@10 0.975655	H@20 0.987828	H@50 0.994382	H@100 1.000000
INFO:kbc-cli.py:Epoch 15/15	test results	MRR 0.829770	H@1 0.730912	H@3 0.916201	H@5 0.956704	H@10 0.984171	H@20 0.992086	H@50 0.996741	H@100 1.000000
INFO:kbc-cli.py:Final 	dev results	MRR 0.826317	H@1 0.731273	H@3 0.911049	H@5 0.948502	H@10 0.975655	H@20 0.987828	H@50 0.994382	H@100 1.000000
INFO:kbc-cli.py:Final 	test results	MRR 0.829770	H@1 0.730912	H@3 0.916201	H@5 0.956704	H@10 0.984171	H@20 0.992086	H@50 0.996741	H@100 1.000000
INFO:kbc-cli.py:Training finished
