./bin/kbc-cli.py --train data/kinship/train.tsv --dev data/kinship/dev.tsv --test data/kinship/test.tsv -m complex -k 500 -b 50 -e 15 --F2 0 --N3 0.0001 -l 0.1 -I standard -V 3 -o adagrad -c so -q
{'F2': 0.0,
 'N3': 0.0001,
 'batch_size': 50,
 'corruption': 'so',
 'dev': 'data/kinship/dev.tsv',
 'embedding_size': 500,
 'epochs': 15,
 'eval_batch_size': None,
 'input_type': 'standard',
 'learning_rate': 0.1,
 'load': None,
 'model': 'complex',
 'optimizer': 'adagrad',
 'quiet': True,
 'save': None,
 'seed': 0,
 'test': 'data/kinship/test.tsv',
 'test_i': None,
 'test_ii': None,
 'train': 'data/kinship/train.tsv',
 'validate_every': 3}
INFO:kbc-cli.py:Device: cuda
INFO:kbc-cli.py:Model state:
INFO:kbc-cli.py:	entities.weight	torch.Size([104, 1000])
INFO:kbc-cli.py:	predicates.weight	torch.Size([25, 1000])
INFO:kbc-cli.py:Epoch 1/15	Loss 7.2177 ± 1.1278
INFO:kbc-cli.py:Epoch 2/15	Loss 5.4321 ± 0.2527
INFO:kbc-cli.py:Epoch 3/15	Loss 5.1112 ± 0.2768
INFO:kbc-cli.py:Epoch 3/15	dev results	MRR 0.856302	H@1 0.775281	H@3 0.927903	H@5 0.960206	H@10 0.977528	H@20 0.987360	H@50 0.992978	H@100 1.000000
INFO:kbc-cli.py:Epoch 3/15	test results	MRR 0.858708	H@1 0.777933	H@3 0.930633	H@5 0.966015	H@10 0.983240	H@20 0.992551	H@50 0.996276	H@100 1.000000
INFO:kbc-cli.py:Epoch 4/15	Loss 4.9397 ± 0.2736
INFO:kbc-cli.py:Epoch 5/15	Loss 4.8259 ± 0.2688
INFO:kbc-cli.py:Epoch 6/15	Loss 4.7395 ± 0.2520
INFO:kbc-cli.py:Epoch 6/15	dev results	MRR 0.882603	H@1 0.818820	H@3 0.939607	H@5 0.964419	H@10 0.979401	H@20 0.987828	H@50 0.993446	H@100 1.000000
INFO:kbc-cli.py:Epoch 6/15	test results	MRR 0.881258	H@1 0.810987	H@3 0.946927	H@5 0.971601	H@10 0.987430	H@20 0.992551	H@50 0.996741	H@100 1.000000
INFO:kbc-cli.py:Epoch 7/15	Loss 4.6771 ± 0.2526
INFO:kbc-cli.py:Epoch 8/15	Loss 4.6272 ± 0.2398
INFO:kbc-cli.py:Epoch 9/15	Loss 4.5849 ± 0.2306
INFO:kbc-cli.py:Epoch 9/15	dev results	MRR 0.876732	H@1 0.805243	H@3 0.940543	H@5 0.965356	H@10 0.979869	H@20 0.988296	H@50 0.993446	H@100 1.000000
INFO:kbc-cli.py:Epoch 9/15	test results	MRR 0.881264	H@1 0.808659	H@3 0.948790	H@5 0.972998	H@10 0.987896	H@20 0.992551	H@50 0.996741	H@100 1.000000
INFO:kbc-cli.py:Epoch 10/15	Loss 4.5517 ± 0.2380
INFO:kbc-cli.py:Epoch 11/15	Loss 4.5226 ± 0.2495
INFO:kbc-cli.py:Epoch 12/15	Loss 4.4963 ± 0.2293
INFO:kbc-cli.py:Epoch 12/15	dev results	MRR 0.877011	H@1 0.803839	H@3 0.946161	H@5 0.966292	H@10 0.979401	H@20 0.988296	H@50 0.992978	H@100 1.000000
INFO:kbc-cli.py:Epoch 12/15	test results	MRR 0.881502	H@1 0.808194	H@3 0.949721	H@5 0.975791	H@10 0.988361	H@20 0.992551	H@50 0.996741	H@100 1.000000
INFO:kbc-cli.py:Epoch 13/15	Loss 4.4736 ± 0.2406
INFO:kbc-cli.py:Epoch 14/15	Loss 4.4541 ± 0.2269
INFO:kbc-cli.py:Epoch 15/15	Loss 4.4374 ± 0.2098
INFO:kbc-cli.py:Epoch 15/15	dev results	MRR 0.878672	H@1 0.808521	H@3 0.942884	H@5 0.966760	H@10 0.979869	H@20 0.988296	H@50 0.992978	H@100 1.000000
INFO:kbc-cli.py:Epoch 15/15	test results	MRR 0.882300	H@1 0.812384	H@3 0.947393	H@5 0.974395	H@10 0.988361	H@20 0.992086	H@50 0.996741	H@100 1.000000
INFO:kbc-cli.py:Final 	dev results	MRR 0.878672	H@1 0.808521	H@3 0.942884	H@5 0.966760	H@10 0.979869	H@20 0.988296	H@50 0.992978	H@100 1.000000
INFO:kbc-cli.py:Final 	test results	MRR 0.882300	H@1 0.812384	H@3 0.947393	H@5 0.974395	H@10 0.988361	H@20 0.992086	H@50 0.996741	H@100 1.000000
INFO:kbc-cli.py:Training finished
