./bin/kbc-cli.py --train data/nations/train.tsv --dev data/nations/dev.tsv --test data/nations/test.tsv -m complex -k 100 -b 100 -e 15 --F2 0 --N3 0.0001 -l 0.1 -I reciprocal -V 3 -o adagrad -c so -q
{'F2': 0.0,
 'N3': 0.0001,
 'batch_size': 100,
 'corruption': 'so',
 'dev': 'data/nations/dev.tsv',
 'embedding_size': 100,
 'epochs': 15,
 'eval_batch_size': None,
 'input_type': 'reciprocal',
 'learning_rate': 0.1,
 'load': None,
 'model': 'complex',
 'optimizer': 'adagrad',
 'quiet': True,
 'save': None,
 'seed': 0,
 'test': 'data/nations/test.tsv',
 'test_i': None,
 'test_ii': None,
 'train': 'data/nations/train.tsv',
 'validate_every': 3}
INFO:kbc-cli.py:Device: cuda
INFO:kbc-cli.py:Model state:
INFO:kbc-cli.py:	entities.weight	torch.Size([14, 200])
INFO:kbc-cli.py:	predicates.weight	torch.Size([110, 200])
INFO:kbc-cli.py:Epoch 1/15	Loss 5.2343 ± 0.0786
INFO:kbc-cli.py:Epoch 2/15	Loss 4.5909 ± 0.1125
INFO:kbc-cli.py:Epoch 3/15	Loss 4.1390 ± 0.1556
INFO:kbc-cli.py:Epoch 3/15	dev results	MRR 0.756190	H@1 0.628141	H@3 0.871859	H@5 0.949749	H@10 0.994975	H@20 1.000000	H@50 1.000000	H@100 1.000000
INFO:kbc-cli.py:Epoch 3/15	test results	MRR 0.752811	H@1 0.619403	H@3 0.870647	H@5 0.935323	H@10 0.995025	H@20 1.000000	H@50 1.000000	H@100 1.000000
INFO:kbc-cli.py:Epoch 4/15	Loss 3.8910 ± 0.1619
INFO:kbc-cli.py:Epoch 5/15	Loss 3.7479 ± 0.1710
INFO:kbc-cli.py:Epoch 6/15	Loss 3.6566 ± 0.1969
INFO:kbc-cli.py:Epoch 6/15	dev results	MRR 0.779752	H@1 0.658291	H@3 0.881910	H@5 0.949749	H@10 0.994975	H@20 1.000000	H@50 1.000000	H@100 1.000000
INFO:kbc-cli.py:Epoch 6/15	test results	MRR 0.767322	H@1 0.644279	H@3 0.878109	H@5 0.947761	H@10 0.990050	H@20 1.000000	H@50 1.000000	H@100 1.000000
INFO:kbc-cli.py:Epoch 7/15	Loss 3.5874 ± 0.1815
INFO:kbc-cli.py:Epoch 8/15	Loss 3.5423 ± 0.2048
INFO:kbc-cli.py:Epoch 9/15	Loss 3.4984 ± 0.1885
INFO:kbc-cli.py:Epoch 9/15	dev results	MRR 0.770413	H@1 0.640704	H@3 0.886935	H@5 0.944724	H@10 0.997487	H@20 1.000000	H@50 1.000000	H@100 1.000000
INFO:kbc-cli.py:Epoch 9/15	test results	MRR 0.764752	H@1 0.634328	H@3 0.878109	H@5 0.950249	H@10 0.990050	H@20 1.000000	H@50 1.000000	H@100 1.000000
INFO:kbc-cli.py:Epoch 10/15	Loss 3.4707 ± 0.1967
INFO:kbc-cli.py:Epoch 11/15	Loss 3.4428 ± 0.1503
INFO:kbc-cli.py:Epoch 12/15	Loss 3.4240 ± 0.1818
INFO:kbc-cli.py:Epoch 12/15	dev results	MRR 0.778515	H@1 0.650754	H@3 0.896985	H@5 0.952261	H@10 0.997487	H@20 1.000000	H@50 1.000000	H@100 1.000000
INFO:kbc-cli.py:Epoch 12/15	test results	MRR 0.756559	H@1 0.621891	H@3 0.880597	H@5 0.947761	H@10 0.992537	H@20 1.000000	H@50 1.000000	H@100 1.000000
INFO:kbc-cli.py:Epoch 13/15	Loss 3.4049 ± 0.1532
INFO:kbc-cli.py:Epoch 14/15	Loss 3.3889 ± 0.1814
INFO:kbc-cli.py:Epoch 15/15	Loss 3.3733 ± 0.1662
INFO:kbc-cli.py:Epoch 15/15	dev results	MRR 0.780660	H@1 0.658291	H@3 0.891960	H@5 0.957286	H@10 0.997487	H@20 1.000000	H@50 1.000000	H@100 1.000000
INFO:kbc-cli.py:Epoch 15/15	test results	MRR 0.756449	H@1 0.626866	H@3 0.873134	H@5 0.950249	H@10 0.992537	H@20 1.000000	H@50 1.000000	H@100 1.000000
INFO:kbc-cli.py:Final 	dev results	MRR 0.780660	H@1 0.658291	H@3 0.891960	H@5 0.957286	H@10 0.997487	H@20 1.000000	H@50 1.000000	H@100 1.000000
INFO:kbc-cli.py:Final 	test results	MRR 0.756449	H@1 0.626866	H@3 0.873134	H@5 0.950249	H@10 0.992537	H@20 1.000000	H@50 1.000000	H@100 1.000000
INFO:kbc-cli.py:Training finished
