./bin/kbc-cli.py --train data/umls/train.tsv --dev data/umls/dev.tsv --test data/umls/test.tsv -m complex -k 500 -b 500 -e 15 --F2 0 --N3 0.05 -l 0.1 -I reciprocal -V 3 -o adagrad -c spo -q
{'F2': 0.0,
 'N3': 0.05,
 'batch_size': 500,
 'corruption': 'spo',
 'dev': 'data/umls/dev.tsv',
 'embedding_size': 500,
 'epochs': 15,
 'eval_batch_size': None,
 'input_type': 'reciprocal',
 'learning_rate': 0.1,
 'load': None,
 'model': 'complex',
 'optimizer': 'adagrad',
 'quiet': True,
 'save': None,
 'seed': 0,
 'test': 'data/umls/test.tsv',
 'test_i': None,
 'test_ii': None,
 'train': 'data/umls/train.tsv',
 'validate_every': 3}
INFO:kbc-cli.py:Device: cuda
INFO:kbc-cli.py:Model state:
INFO:kbc-cli.py:	entities.weight	torch.Size([135, 1000])
INFO:kbc-cli.py:	predicates.weight	torch.Size([92, 1000])
INFO:kbc-cli.py:Epoch 1/15	Loss 11.8500 ± 2.0577
INFO:kbc-cli.py:Epoch 2/15	Loss 8.8921 ± 0.0655
INFO:kbc-cli.py:Epoch 3/15	Loss 8.5222 ± 0.0966
INFO:kbc-cli.py:Epoch 3/15	dev results	MRR 0.878744	H@1 0.771472	H@3 0.982362	H@5 0.993865	H@10 0.996166	H@20 0.999233	H@50 1.000000	H@100 1.000000
INFO:kbc-cli.py:Epoch 3/15	test results	MRR 0.861485	H@1 0.738275	H@3 0.982602	H@5 0.990923	H@10 0.996974	H@20 0.998487	H@50 0.998487	H@100 1.000000
INFO:kbc-cli.py:Epoch 4/15	Loss 8.3992 ± 0.1279
INFO:kbc-cli.py:Epoch 5/15	Loss 8.3330 ± 0.1134
INFO:kbc-cli.py:Epoch 6/15	Loss 8.2862 ± 0.1082
INFO:kbc-cli.py:Epoch 6/15	dev results	MRR 0.912502	H@1 0.836656	H@3 0.985429	H@5 0.995399	H@10 0.996933	H@20 0.999233	H@50 1.000000	H@100 1.000000
INFO:kbc-cli.py:Epoch 6/15	test results	MRR 0.906641	H@1 0.822995	H@3 0.988654	H@5 0.993949	H@10 0.997731	H@20 0.998487	H@50 0.998487	H@100 1.000000
INFO:kbc-cli.py:Epoch 7/15	Loss 8.2548 ± 0.1098
INFO:kbc-cli.py:Epoch 8/15	Loss 8.2285 ± 0.1162
INFO:kbc-cli.py:Epoch 9/15	Loss 8.2046 ± 0.1092
INFO:kbc-cli.py:Epoch 9/15	dev results	MRR 0.918909	H@1 0.848926	H@3 0.988497	H@5 0.994632	H@10 0.997699	H@20 0.999233	H@50 1.000000	H@100 1.000000
INFO:kbc-cli.py:Epoch 9/15	test results	MRR 0.910779	H@1 0.833585	H@3 0.986384	H@5 0.994705	H@10 0.997731	H@20 0.998487	H@50 0.999244	H@100 1.000000
INFO:kbc-cli.py:Epoch 10/15	Loss 8.1873 ± 0.0949
INFO:kbc-cli.py:Epoch 11/15	Loss 8.1738 ± 0.1165
INFO:kbc-cli.py:Epoch 12/15	Loss 8.1604 ± 0.1000
INFO:kbc-cli.py:Epoch 12/15	dev results	MRR 0.927626	H@1 0.866564	H@3 0.986963	H@5 0.994632	H@10 0.997699	H@20 0.999233	H@50 1.000000	H@100 1.000000
INFO:kbc-cli.py:Epoch 12/15	test results	MRR 0.922268	H@1 0.854766	H@3 0.987897	H@5 0.995461	H@10 0.997731	H@20 0.998487	H@50 1.000000	H@100 1.000000
INFO:kbc-cli.py:Epoch 13/15	Loss 8.1474 ± 0.0864
INFO:kbc-cli.py:Epoch 14/15	Loss 8.1415 ± 0.1010
INFO:kbc-cli.py:Epoch 15/15	Loss 8.1310 ± 0.1099
INFO:kbc-cli.py:Epoch 15/15	dev results	MRR 0.932644	H@1 0.876534	H@3 0.986963	H@5 0.994632	H@10 0.997699	H@20 0.999233	H@50 1.000000	H@100 1.000000
INFO:kbc-cli.py:Epoch 15/15	test results	MRR 0.936181	H@1 0.881241	H@3 0.990166	H@5 0.994705	H@10 0.997731	H@20 0.998487	H@50 1.000000	H@100 1.000000
INFO:kbc-cli.py:Final 	dev results	MRR 0.932644	H@1 0.876534	H@3 0.986963	H@5 0.994632	H@10 0.997699	H@20 0.999233	H@50 1.000000	H@100 1.000000
INFO:kbc-cli.py:Final 	test results	MRR 0.936181	H@1 0.881241	H@3 0.990166	H@5 0.994705	H@10 0.997731	H@20 0.998487	H@50 1.000000	H@100 1.000000
INFO:kbc-cli.py:Training finished
