./bin/kbc-cli.py --train data/umls/train.tsv --dev data/umls/dev.tsv --test data/umls/test.tsv -m complex -k 100 -b 10 -e 15 --F2 0 --N3 0.0001 -l 0.1 -I reciprocal -V 3 -o adagrad -c so -q
{'F2': 0.0,
 'N3': 0.0001,
 'batch_size': 10,
 'corruption': 'so',
 'dev': 'data/umls/dev.tsv',
 'embedding_size': 100,
 'epochs': 15,
 'eval_batch_size': None,
 'input_type': 'reciprocal',
 'learning_rate': 0.1,
 'load': None,
 'model': 'complex',
 'optimizer': 'adagrad',
 'quiet': True,
 'save': None,
 'seed': 0,
 'test': 'data/umls/test.tsv',
 'test_i': None,
 'test_ii': None,
 'train': 'data/umls/train.tsv',
 'validate_every': 3}
INFO:kbc-cli.py:Device: cuda
INFO:kbc-cli.py:Model state:
INFO:kbc-cli.py:	entities.weight	torch.Size([135, 200])
INFO:kbc-cli.py:	predicates.weight	torch.Size([92, 200])
INFO:kbc-cli.py:Epoch 1/15	Loss 6.9689 ± 1.0100
INFO:kbc-cli.py:Epoch 2/15	Loss 5.6739 ± 0.3751
INFO:kbc-cli.py:Epoch 3/15	Loss 5.4861 ± 0.3878
INFO:kbc-cli.py:Epoch 3/15	dev results	MRR 0.926796	H@1 0.871166	H@3 0.980061	H@5 0.988497	H@10 0.993098	H@20 0.996166	H@50 0.998466	H@100 1.000000
INFO:kbc-cli.py:Epoch 3/15	test results	MRR 0.912210	H@1 0.846445	H@3 0.978820	H@5 0.987897	H@10 0.993949	H@20 0.999244	H@50 1.000000	H@100 1.000000
INFO:kbc-cli.py:Epoch 4/15	Loss 5.3971 ± 0.3987
INFO:kbc-cli.py:Epoch 5/15	Loss 5.3367 ± 0.3872
INFO:kbc-cli.py:Epoch 6/15	Loss 5.2887 ± 0.4134
INFO:kbc-cli.py:Epoch 6/15	dev results	MRR 0.947116	H@1 0.907975	H@3 0.987730	H@5 0.991564	H@10 0.993865	H@20 0.996166	H@50 0.997699	H@100 1.000000
INFO:kbc-cli.py:Epoch 6/15	test results	MRR 0.935427	H@1 0.889561	H@3 0.979576	H@5 0.988654	H@10 0.995461	H@20 0.999244	H@50 1.000000	H@100 1.000000
INFO:kbc-cli.py:Epoch 7/15	Loss 5.2555 ± 0.4027
INFO:kbc-cli.py:Epoch 8/15	Loss 5.2268 ± 0.4068
INFO:kbc-cli.py:Epoch 9/15	Loss 5.2019 ± 0.3894
INFO:kbc-cli.py:Epoch 9/15	dev results	MRR 0.950543	H@1 0.916411	H@3 0.983129	H@5 0.992331	H@10 0.993865	H@20 0.996933	H@50 0.999233	H@100 1.000000
INFO:kbc-cli.py:Epoch 9/15	test results	MRR 0.937644	H@1 0.895613	H@3 0.978064	H@5 0.988654	H@10 0.996218	H@20 1.000000	H@50 1.000000	H@100 1.000000
INFO:kbc-cli.py:Epoch 10/15	Loss 5.1797 ± 0.3865
INFO:kbc-cli.py:Epoch 11/15	Loss 5.1632 ± 0.4115
INFO:kbc-cli.py:Epoch 12/15	Loss 5.1471 ± 0.4080
INFO:kbc-cli.py:Epoch 12/15	dev results	MRR 0.952708	H@1 0.922546	H@3 0.982362	H@5 0.991564	H@10 0.993865	H@20 0.996166	H@50 0.997699	H@100 1.000000
INFO:kbc-cli.py:Epoch 12/15	test results	MRR 0.942429	H@1 0.903933	H@3 0.979576	H@5 0.987141	H@10 0.996218	H@20 1.000000	H@50 1.000000	H@100 1.000000
INFO:kbc-cli.py:Epoch 13/15	Loss 5.1330 ± 0.3964
INFO:kbc-cli.py:Epoch 14/15	Loss 5.1207 ± 0.4008
INFO:kbc-cli.py:Epoch 15/15	Loss 5.1081 ± 0.3957
INFO:kbc-cli.py:Epoch 15/15	dev results	MRR 0.953321	H@1 0.924080	H@3 0.980828	H@5 0.990798	H@10 0.993865	H@20 0.996166	H@50 0.997699	H@100 1.000000
INFO:kbc-cli.py:Epoch 15/15	test results	MRR 0.944399	H@1 0.907716	H@3 0.981846	H@5 0.987141	H@10 0.996218	H@20 1.000000	H@50 1.000000	H@100 1.000000
INFO:kbc-cli.py:Final 	dev results	MRR 0.953321	H@1 0.924080	H@3 0.980828	H@5 0.990798	H@10 0.993865	H@20 0.996166	H@50 0.997699	H@100 1.000000
INFO:kbc-cli.py:Final 	test results	MRR 0.944399	H@1 0.907716	H@3 0.981846	H@5 0.987141	H@10 0.996218	H@20 1.000000	H@50 1.000000	H@100 1.000000
INFO:kbc-cli.py:Training finished
