./bin/kbc-cli.py --train data/umls/train.tsv --dev data/umls/dev.tsv --test data/umls/test.tsv -m complex -k 100 -b 50 -e 15 --F2 0 --N3 0.05 -l 0.1 -I standard -V 3 -o adagrad -c spo -q
{'F2': 0.0,
 'N3': 0.05,
 'batch_size': 50,
 'corruption': 'spo',
 'dev': 'data/umls/dev.tsv',
 'embedding_size': 100,
 'epochs': 15,
 'eval_batch_size': None,
 'input_type': 'standard',
 'learning_rate': 0.1,
 'load': None,
 'model': 'complex',
 'optimizer': 'adagrad',
 'quiet': True,
 'save': None,
 'seed': 0,
 'test': 'data/umls/test.tsv',
 'test_i': None,
 'test_ii': None,
 'train': 'data/umls/train.tsv',
 'validate_every': 3}
INFO:kbc-cli.py:Device: cuda
INFO:kbc-cli.py:Model state:
INFO:kbc-cli.py:	entities.weight	torch.Size([135, 200])
INFO:kbc-cli.py:	predicates.weight	torch.Size([46, 200])
INFO:kbc-cli.py:Epoch 1/15	Loss 10.6416 ± 1.5483
INFO:kbc-cli.py:Epoch 2/15	Loss 8.5554 ± 0.2490
INFO:kbc-cli.py:Epoch 3/15	Loss 8.2652 ± 0.2409
INFO:kbc-cli.py:Epoch 3/15	dev results	MRR 0.897233	H@1 0.825153	H@3 0.967025	H@5 0.974693	H@10 0.988497	H@20 0.990798	H@50 0.996933	H@100 1.000000
INFO:kbc-cli.py:Epoch 3/15	test results	MRR 0.883022	H@1 0.798790	H@3 0.962935	H@5 0.976551	H@10 0.987897	H@20 0.994705	H@50 0.997731	H@100 0.999244
INFO:kbc-cli.py:Epoch 4/15	Loss 8.1363 ± 0.2214
INFO:kbc-cli.py:Epoch 5/15	Loss 8.0694 ± 0.2258
INFO:kbc-cli.py:Epoch 6/15	Loss 8.0196 ± 0.1929
INFO:kbc-cli.py:Epoch 6/15	dev results	MRR 0.891446	H@1 0.804448	H@3 0.976227	H@5 0.984663	H@10 0.990798	H@20 0.996166	H@50 0.999233	H@100 1.000000
INFO:kbc-cli.py:Epoch 6/15	test results	MRR 0.885526	H@1 0.791225	H@3 0.980333	H@5 0.987141	H@10 0.995461	H@20 0.997731	H@50 0.998487	H@100 0.999244
INFO:kbc-cli.py:Epoch 7/15	Loss 7.9856 ± 0.2216
INFO:kbc-cli.py:Epoch 8/15	Loss 7.9569 ± 0.2262
INFO:kbc-cli.py:Epoch 9/15	Loss 7.9303 ± 0.2330
INFO:kbc-cli.py:Epoch 9/15	dev results	MRR 0.913251	H@1 0.845859	H@3 0.976227	H@5 0.986196	H@10 0.993098	H@20 0.995399	H@50 1.000000	H@100 1.000000
INFO:kbc-cli.py:Epoch 9/15	test results	MRR 0.904278	H@1 0.826021	H@3 0.981089	H@5 0.989410	H@10 0.996974	H@20 0.998487	H@50 0.998487	H@100 0.999244
INFO:kbc-cli.py:Epoch 10/15	Loss 7.9179 ± 0.2305
INFO:kbc-cli.py:Epoch 11/15	Loss 7.8983 ± 0.1961
INFO:kbc-cli.py:Epoch 12/15	Loss 7.8839 ± 0.2071
INFO:kbc-cli.py:Epoch 12/15	dev results	MRR 0.909798	H@1 0.837423	H@3 0.980061	H@5 0.986196	H@10 0.993865	H@20 0.996933	H@50 1.000000	H@100 1.000000
INFO:kbc-cli.py:Epoch 12/15	test results	MRR 0.907380	H@1 0.830560	H@3 0.984115	H@5 0.991679	H@10 0.997731	H@20 0.997731	H@50 0.998487	H@100 0.999244
INFO:kbc-cli.py:Epoch 13/15	Loss 7.8742 ± 0.1952
INFO:kbc-cli.py:Epoch 14/15	Loss 7.8628 ± 0.2023
INFO:kbc-cli.py:Epoch 15/15	Loss 7.8551 ± 0.2183
INFO:kbc-cli.py:Epoch 15/15	dev results	MRR 0.917838	H@1 0.852761	H@3 0.978528	H@5 0.989264	H@10 0.994632	H@20 0.997699	H@50 1.000000	H@100 1.000000
INFO:kbc-cli.py:Epoch 15/15	test results	MRR 0.912484	H@1 0.840393	H@3 0.983359	H@5 0.992436	H@10 0.997731	H@20 0.997731	H@50 0.998487	H@100 0.999244
INFO:kbc-cli.py:Final 	dev results	MRR 0.917838	H@1 0.852761	H@3 0.978528	H@5 0.989264	H@10 0.994632	H@20 0.997699	H@50 1.000000	H@100 1.000000
INFO:kbc-cli.py:Final 	test results	MRR 0.912484	H@1 0.840393	H@3 0.983359	H@5 0.992436	H@10 0.997731	H@20 0.997731	H@50 0.998487	H@100 0.999244
INFO:kbc-cli.py:Training finished
