./bin/kbc-cli.py --train data/kinship/train.tsv --dev data/kinship/dev.tsv --test data/kinship/test.tsv -m complex -k 500 -b 10 -e 15 --F2 0 --N3 0.05 -l 0.1 -I standard -V 3 -o adagrad -c spo -q
{'F2': 0.0,
 'N3': 0.05,
 'batch_size': 10,
 'corruption': 'spo',
 'dev': 'data/kinship/dev.tsv',
 'embedding_size': 500,
 'epochs': 15,
 'eval_batch_size': None,
 'input_type': 'standard',
 'learning_rate': 0.1,
 'load': None,
 'model': 'complex',
 'optimizer': 'adagrad',
 'quiet': True,
 'save': None,
 'seed': 0,
 'test': 'data/kinship/test.tsv',
 'test_i': None,
 'test_ii': None,
 'train': 'data/kinship/train.tsv',
 'validate_every': 3}
INFO:kbc-cli.py:Device: cuda
INFO:kbc-cli.py:Model state:
INFO:kbc-cli.py:	entities.weight	torch.Size([104, 1000])
INFO:kbc-cli.py:	predicates.weight	torch.Size([25, 1000])
INFO:kbc-cli.py:Epoch 1/15	Loss 9.6081 ± 2.2469
INFO:kbc-cli.py:Epoch 2/15	Loss 7.6141 ± 0.5626
INFO:kbc-cli.py:Epoch 3/15	Loss 7.4063 ± 0.5387
INFO:kbc-cli.py:Epoch 3/15	dev results	MRR 0.843001	H@1 0.754213	H@3 0.919944	H@5 0.956929	H@10 0.978464	H@20 0.985955	H@50 0.994382	H@100 1.000000
INFO:kbc-cli.py:Epoch 3/15	test results	MRR 0.841770	H@1 0.754190	H@3 0.918529	H@5 0.956238	H@10 0.982775	H@20 0.992551	H@50 0.997207	H@100 1.000000
INFO:kbc-cli.py:Epoch 4/15	Loss 7.2999 ± 0.5246
INFO:kbc-cli.py:Epoch 5/15	Loss 7.2332 ± 0.5179
INFO:kbc-cli.py:Epoch 6/15	Loss 7.1838 ± 0.4889
INFO:kbc-cli.py:Epoch 6/15	dev results	MRR 0.873195	H@1 0.800094	H@3 0.940075	H@5 0.964419	H@10 0.979401	H@20 0.987828	H@50 0.993446	H@100 1.000000
INFO:kbc-cli.py:Epoch 6/15	test results	MRR 0.876157	H@1 0.809125	H@3 0.934358	H@5 0.967412	H@10 0.983240	H@20 0.992086	H@50 0.997207	H@100 1.000000
INFO:kbc-cli.py:Epoch 7/15	Loss 7.1479 ± 0.4774
INFO:kbc-cli.py:Epoch 8/15	Loss 7.1179 ± 0.4884
INFO:kbc-cli.py:Epoch 9/15	Loss 7.0928 ± 0.4691
INFO:kbc-cli.py:Epoch 9/15	dev results	MRR 0.879352	H@1 0.807584	H@3 0.945225	H@5 0.966760	H@10 0.980805	H@20 0.987828	H@50 0.992509	H@100 1.000000
INFO:kbc-cli.py:Epoch 9/15	test results	MRR 0.884400	H@1 0.820298	H@3 0.939944	H@5 0.967877	H@10 0.983706	H@20 0.992551	H@50 0.996741	H@100 0.999534
INFO:kbc-cli.py:Epoch 10/15	Loss 7.0731 ± 0.4622
INFO:kbc-cli.py:Epoch 11/15	Loss 7.0553 ± 0.4829
INFO:kbc-cli.py:Epoch 12/15	Loss 7.0389 ± 0.4432
INFO:kbc-cli.py:Epoch 12/15	dev results	MRR 0.887629	H@1 0.823034	H@3 0.945693	H@5 0.969569	H@10 0.980337	H@20 0.987828	H@50 0.992978	H@100 1.000000
INFO:kbc-cli.py:Epoch 12/15	test results	MRR 0.886874	H@1 0.824953	H@3 0.945996	H@5 0.970670	H@10 0.983706	H@20 0.992551	H@50 0.996276	H@100 0.999534
INFO:kbc-cli.py:Epoch 13/15	Loss 7.0257 ± 0.4682
INFO:kbc-cli.py:Epoch 14/15	Loss 7.0139 ± 0.4144
INFO:kbc-cli.py:Epoch 15/15	Loss 7.0027 ± 0.4382
INFO:kbc-cli.py:Epoch 15/15	dev results	MRR 0.888858	H@1 0.825375	H@3 0.945225	H@5 0.969569	H@10 0.981273	H@20 0.988296	H@50 0.992509	H@100 1.000000
INFO:kbc-cli.py:Epoch 15/15	test results	MRR 0.893701	H@1 0.836592	H@3 0.944134	H@5 0.972998	H@10 0.984637	H@20 0.993017	H@50 0.996276	H@100 0.999534
INFO:kbc-cli.py:Final 	dev results	MRR 0.888858	H@1 0.825375	H@3 0.945225	H@5 0.969569	H@10 0.981273	H@20 0.988296	H@50 0.992509	H@100 1.000000
INFO:kbc-cli.py:Final 	test results	MRR 0.893701	H@1 0.836592	H@3 0.944134	H@5 0.972998	H@10 0.984637	H@20 0.993017	H@50 0.996276	H@100 0.999534
INFO:kbc-cli.py:Training finished
