./bin/kbc-cli.py --train data/nations/train.tsv --dev data/nations/dev.tsv --test data/nations/test.tsv -m complex -k 500 -b 50 -e 15 --F2 0 --N3 0.001 -l 0.1 -I standard -V 3 -o adagrad -c spo -q
{'F2': 0.0,
 'N3': 0.001,
 'batch_size': 50,
 'corruption': 'spo',
 'dev': 'data/nations/dev.tsv',
 'embedding_size': 500,
 'epochs': 15,
 'eval_batch_size': None,
 'input_type': 'standard',
 'learning_rate': 0.1,
 'load': None,
 'model': 'complex',
 'optimizer': 'adagrad',
 'quiet': True,
 'save': None,
 'seed': 0,
 'test': 'data/nations/test.tsv',
 'test_i': None,
 'test_ii': None,
 'train': 'data/nations/train.tsv',
 'validate_every': 3}
INFO:kbc-cli.py:Device: cuda
INFO:kbc-cli.py:Model state:
INFO:kbc-cli.py:	entities.weight	torch.Size([14, 1000])
INFO:kbc-cli.py:	predicates.weight	torch.Size([55, 1000])
INFO:kbc-cli.py:Epoch 1/15	Loss 9.3317 ± 0.4039
INFO:kbc-cli.py:Epoch 2/15	Loss 7.7806 ± 0.2496
INFO:kbc-cli.py:Epoch 3/15	Loss 7.2192 ± 0.3557
INFO:kbc-cli.py:Epoch 3/15	dev results	MRR 0.795470	H@1 0.680905	H@3 0.886935	H@5 0.962312	H@10 0.994975	H@20 1.000000	H@50 1.000000	H@100 1.000000
INFO:kbc-cli.py:Epoch 3/15	test results	MRR 0.810358	H@1 0.708955	H@3 0.888060	H@5 0.955224	H@10 0.997512	H@20 1.000000	H@50 1.000000	H@100 1.000000
INFO:kbc-cli.py:Epoch 4/15	Loss 6.9324 ± 0.3914
INFO:kbc-cli.py:Epoch 5/15	Loss 6.7403 ± 0.3448
INFO:kbc-cli.py:Epoch 6/15	Loss 6.6138 ± 0.3650
INFO:kbc-cli.py:Epoch 6/15	dev results	MRR 0.813289	H@1 0.711055	H@3 0.899497	H@5 0.967337	H@10 0.994975	H@20 1.000000	H@50 1.000000	H@100 1.000000
INFO:kbc-cli.py:Epoch 6/15	test results	MRR 0.810951	H@1 0.706468	H@3 0.898010	H@5 0.970149	H@10 0.997512	H@20 1.000000	H@50 1.000000	H@100 1.000000
INFO:kbc-cli.py:Epoch 7/15	Loss 6.5214 ± 0.3168
INFO:kbc-cli.py:Epoch 8/15	Loss 6.4383 ± 0.3353
INFO:kbc-cli.py:Epoch 9/15	Loss 6.3850 ± 0.3379
INFO:kbc-cli.py:Epoch 9/15	dev results	MRR 0.815479	H@1 0.706030	H@3 0.909548	H@5 0.974874	H@10 0.994975	H@20 1.000000	H@50 1.000000	H@100 1.000000
INFO:kbc-cli.py:Epoch 9/15	test results	MRR 0.819439	H@1 0.716418	H@3 0.910448	H@5 0.967662	H@10 0.997512	H@20 1.000000	H@50 1.000000	H@100 1.000000
INFO:kbc-cli.py:Epoch 10/15	Loss 6.3365 ± 0.3688
INFO:kbc-cli.py:Epoch 11/15	Loss 6.2988 ± 0.3414
INFO:kbc-cli.py:Epoch 12/15	Loss 6.2594 ± 0.3210
INFO:kbc-cli.py:Epoch 12/15	dev results	MRR 0.814767	H@1 0.703518	H@3 0.907035	H@5 0.964824	H@10 0.994975	H@20 1.000000	H@50 1.000000	H@100 1.000000
INFO:kbc-cli.py:Epoch 12/15	test results	MRR 0.817135	H@1 0.708955	H@3 0.915423	H@5 0.970149	H@10 0.995025	H@20 1.000000	H@50 1.000000	H@100 1.000000
INFO:kbc-cli.py:Epoch 13/15	Loss 6.2303 ± 0.2762
INFO:kbc-cli.py:Epoch 14/15	Loss 6.2054 ± 0.2725
INFO:kbc-cli.py:Epoch 15/15	Loss 6.1764 ± 0.2568
INFO:kbc-cli.py:Epoch 15/15	dev results	MRR 0.817764	H@1 0.708543	H@3 0.909548	H@5 0.972362	H@10 0.997487	H@20 1.000000	H@50 1.000000	H@100 1.000000
INFO:kbc-cli.py:Epoch 15/15	test results	MRR 0.814257	H@1 0.708955	H@3 0.907960	H@5 0.967662	H@10 0.995025	H@20 1.000000	H@50 1.000000	H@100 1.000000
INFO:kbc-cli.py:Final 	dev results	MRR 0.817764	H@1 0.708543	H@3 0.909548	H@5 0.972362	H@10 0.997487	H@20 1.000000	H@50 1.000000	H@100 1.000000
INFO:kbc-cli.py:Final 	test results	MRR 0.814257	H@1 0.708955	H@3 0.907960	H@5 0.967662	H@10 0.995025	H@20 1.000000	H@50 1.000000	H@100 1.000000
INFO:kbc-cli.py:Training finished
