./bin/kbc-cli.py --train data/nations/train.tsv --dev data/nations/dev.tsv --test data/nations/test.tsv -m complex -k 100 -b 10 -e 15 --F2 0 --N3 0.1 -l 0.1 -I reciprocal -V 3 -o adagrad -c spo -q
{'F2': 0.0,
 'N3': 0.1,
 'batch_size': 10,
 'corruption': 'spo',
 'dev': 'data/nations/dev.tsv',
 'embedding_size': 100,
 'epochs': 15,
 'eval_batch_size': None,
 'input_type': 'reciprocal',
 'learning_rate': 0.1,
 'load': None,
 'model': 'complex',
 'optimizer': 'adagrad',
 'quiet': True,
 'save': None,
 'seed': 0,
 'test': 'data/nations/test.tsv',
 'test_i': None,
 'test_ii': None,
 'train': 'data/nations/train.tsv',
 'validate_every': 3}
INFO:kbc-cli.py:Device: cuda
INFO:kbc-cli.py:Model state:
INFO:kbc-cli.py:	entities.weight	torch.Size([14, 200])
INFO:kbc-cli.py:	predicates.weight	torch.Size([110, 200])
INFO:kbc-cli.py:Epoch 1/15	Loss 9.9501 ± 0.3318
INFO:kbc-cli.py:Epoch 2/15	Loss 9.6330 ± 0.3028
INFO:kbc-cli.py:Epoch 3/15	Loss 9.5198 ± 0.2986
INFO:kbc-cli.py:Epoch 3/15	dev results	MRR 0.661289	H@1 0.484925	H@3 0.783920	H@5 0.907035	H@10 0.989950	H@20 1.000000	H@50 1.000000	H@100 1.000000
INFO:kbc-cli.py:Epoch 3/15	test results	MRR 0.673505	H@1 0.492537	H@3 0.823383	H@5 0.920398	H@10 0.997512	H@20 1.000000	H@50 1.000000	H@100 1.000000
INFO:kbc-cli.py:Epoch 4/15	Loss 9.4525 ± 0.3044
INFO:kbc-cli.py:Epoch 5/15	Loss 9.4082 ± 0.2958
INFO:kbc-cli.py:Epoch 6/15	Loss 9.3701 ± 0.3020
INFO:kbc-cli.py:Epoch 6/15	dev results	MRR 0.698701	H@1 0.540201	H@3 0.829146	H@5 0.924623	H@10 0.989950	H@20 1.000000	H@50 1.000000	H@100 1.000000
INFO:kbc-cli.py:Epoch 6/15	test results	MRR 0.726734	H@1 0.567164	H@3 0.860697	H@5 0.937811	H@10 0.992537	H@20 1.000000	H@50 1.000000	H@100 1.000000
INFO:kbc-cli.py:Epoch 7/15	Loss 9.3431 ± 0.2911
INFO:kbc-cli.py:Epoch 8/15	Loss 9.3204 ± 0.2974
INFO:kbc-cli.py:Epoch 9/15	Loss 9.2994 ± 0.2854
INFO:kbc-cli.py:Epoch 9/15	dev results	MRR 0.721059	H@1 0.570352	H@3 0.844221	H@5 0.939698	H@10 0.989950	H@20 1.000000	H@50 1.000000	H@100 1.000000
INFO:kbc-cli.py:Epoch 9/15	test results	MRR 0.751455	H@1 0.604478	H@3 0.868159	H@5 0.952736	H@10 0.992537	H@20 1.000000	H@50 1.000000	H@100 1.000000
INFO:kbc-cli.py:Epoch 10/15	Loss 9.2866 ± 0.2844
INFO:kbc-cli.py:Epoch 11/15	Loss 9.2698 ± 0.2929
INFO:kbc-cli.py:Epoch 12/15	Loss 9.2589 ± 0.2818
INFO:kbc-cli.py:Epoch 12/15	dev results	MRR 0.728776	H@1 0.575377	H@3 0.854271	H@5 0.934673	H@10 0.989950	H@20 1.000000	H@50 1.000000	H@100 1.000000
INFO:kbc-cli.py:Epoch 12/15	test results	MRR 0.754047	H@1 0.611940	H@3 0.878109	H@5 0.955224	H@10 0.992537	H@20 1.000000	H@50 1.000000	H@100 1.000000
INFO:kbc-cli.py:Epoch 13/15	Loss 9.2503 ± 0.2821
INFO:kbc-cli.py:Epoch 14/15	Loss 9.2390 ± 0.2834
INFO:kbc-cli.py:Epoch 15/15	Loss 9.2319 ± 0.2634
INFO:kbc-cli.py:Epoch 15/15	dev results	MRR 0.726909	H@1 0.572864	H@3 0.854271	H@5 0.939698	H@10 0.989950	H@20 1.000000	H@50 1.000000	H@100 1.000000
INFO:kbc-cli.py:Epoch 15/15	test results	MRR 0.769852	H@1 0.636816	H@3 0.890547	H@5 0.960199	H@10 0.997512	H@20 1.000000	H@50 1.000000	H@100 1.000000
INFO:kbc-cli.py:Final 	dev results	MRR 0.726909	H@1 0.572864	H@3 0.854271	H@5 0.939698	H@10 0.989950	H@20 1.000000	H@50 1.000000	H@100 1.000000
INFO:kbc-cli.py:Final 	test results	MRR 0.769852	H@1 0.636816	H@3 0.890547	H@5 0.960199	H@10 0.997512	H@20 1.000000	H@50 1.000000	H@100 1.000000
INFO:kbc-cli.py:Training finished
