./bin/kbc-cli.py --train data/umls/train.tsv --dev data/umls/dev.tsv --test data/umls/test.tsv -m complex -k 100 -b 100 -e 15 --F2 0 --N3 0.1 -l 0.1 -I reciprocal -V 3 -o adagrad -c so -q
{'F2': 0.0,
 'N3': 0.1,
 'batch_size': 100,
 'corruption': 'so',
 'dev': 'data/umls/dev.tsv',
 'embedding_size': 100,
 'epochs': 15,
 'eval_batch_size': None,
 'input_type': 'reciprocal',
 'learning_rate': 0.1,
 'load': None,
 'model': 'complex',
 'optimizer': 'adagrad',
 'quiet': True,
 'save': None,
 'seed': 0,
 'test': 'data/umls/test.tsv',
 'test_i': None,
 'test_ii': None,
 'train': 'data/umls/train.tsv',
 'validate_every': 3}
INFO:kbc-cli.py:Device: cuda
INFO:kbc-cli.py:Model state:
INFO:kbc-cli.py:	entities.weight	torch.Size([135, 200])
INFO:kbc-cli.py:	predicates.weight	torch.Size([92, 200])
INFO:kbc-cli.py:Epoch 1/15	Loss 8.7407 ± 0.6826
INFO:kbc-cli.py:Epoch 2/15	Loss 7.9712 ± 0.1169
INFO:kbc-cli.py:Epoch 3/15	Loss 7.8799 ± 0.1150
INFO:kbc-cli.py:Epoch 3/15	dev results	MRR 0.862540	H@1 0.772239	H@3 0.945552	H@5 0.967791	H@10 0.981595	H@20 0.988497	H@50 0.999233	H@100 1.000000
INFO:kbc-cli.py:Epoch 3/15	test results	MRR 0.842793	H@1 0.735250	H@3 0.945537	H@5 0.969743	H@10 0.985628	H@20 0.990166	H@50 0.996974	H@100 1.000000
INFO:kbc-cli.py:Epoch 4/15	Loss 7.8457 ± 0.1158
INFO:kbc-cli.py:Epoch 5/15	Loss 7.8232 ± 0.1039
INFO:kbc-cli.py:Epoch 6/15	Loss 7.8053 ± 0.1062
INFO:kbc-cli.py:Epoch 6/15	dev results	MRR 0.876795	H@1 0.795245	H@3 0.953988	H@5 0.972393	H@10 0.983896	H@20 0.990798	H@50 0.996933	H@100 1.000000
INFO:kbc-cli.py:Epoch 6/15	test results	MRR 0.862907	H@1 0.761725	H@3 0.961422	H@5 0.976551	H@10 0.989410	H@20 0.993949	H@50 0.996974	H@100 1.000000
INFO:kbc-cli.py:Epoch 7/15	Loss 7.7964 ± 0.1235
INFO:kbc-cli.py:Epoch 8/15	Loss 7.7862 ± 0.1169
INFO:kbc-cli.py:Epoch 9/15	Loss 7.7832 ± 0.1211
INFO:kbc-cli.py:Epoch 9/15	dev results	MRR 0.875752	H@1 0.792945	H@3 0.948620	H@5 0.969325	H@10 0.984663	H@20 0.993098	H@50 0.999233	H@100 1.000000
INFO:kbc-cli.py:Epoch 9/15	test results	MRR 0.868085	H@1 0.773071	H@3 0.956127	H@5 0.977307	H@10 0.990166	H@20 0.992436	H@50 0.996974	H@100 1.000000
INFO:kbc-cli.py:Epoch 10/15	Loss 7.7743 ± 0.1219
INFO:kbc-cli.py:Epoch 11/15	Loss 7.7669 ± 0.1161
INFO:kbc-cli.py:Epoch 12/15	Loss 7.7637 ± 0.1216
INFO:kbc-cli.py:Epoch 12/15	dev results	MRR 0.886367	H@1 0.806748	H@3 0.957055	H@5 0.973160	H@10 0.984663	H@20 0.992331	H@50 0.999233	H@100 1.000000
INFO:kbc-cli.py:Epoch 12/15	test results	MRR 0.874175	H@1 0.781392	H@3 0.963691	H@5 0.979576	H@10 0.991679	H@20 0.993949	H@50 0.996974	H@100 1.000000
INFO:kbc-cli.py:Epoch 13/15	Loss 7.7606 ± 0.0977
INFO:kbc-cli.py:Epoch 14/15	Loss 7.7580 ± 0.1126
INFO:kbc-cli.py:Epoch 15/15	Loss 7.7541 ± 0.0981
INFO:kbc-cli.py:Epoch 15/15	dev results	MRR 0.884251	H@1 0.801380	H@3 0.961656	H@5 0.973160	H@10 0.986196	H@20 0.992331	H@50 0.999233	H@100 1.000000
INFO:kbc-cli.py:Epoch 15/15	test results	MRR 0.874958	H@1 0.782148	H@3 0.964448	H@5 0.980333	H@10 0.990166	H@20 0.994705	H@50 0.997731	H@100 1.000000
INFO:kbc-cli.py:Final 	dev results	MRR 0.884251	H@1 0.801380	H@3 0.961656	H@5 0.973160	H@10 0.986196	H@20 0.992331	H@50 0.999233	H@100 1.000000
INFO:kbc-cli.py:Final 	test results	MRR 0.874958	H@1 0.782148	H@3 0.964448	H@5 0.980333	H@10 0.990166	H@20 0.994705	H@50 0.997731	H@100 1.000000
INFO:kbc-cli.py:Training finished
