./bin/kbc-cli.py --train data/umls/train.tsv --dev data/umls/dev.tsv --test data/umls/test.tsv -m complex -k 200 -b 50 -e 15 --F2 0 --N3 0.001 -l 0.1 -I reciprocal -V 3 -o adagrad -c spo -q
{'F2': 0.0,
 'N3': 0.001,
 'batch_size': 50,
 'corruption': 'spo',
 'dev': 'data/umls/dev.tsv',
 'embedding_size': 200,
 'epochs': 15,
 'eval_batch_size': None,
 'input_type': 'reciprocal',
 'learning_rate': 0.1,
 'load': None,
 'model': 'complex',
 'optimizer': 'adagrad',
 'quiet': True,
 'save': None,
 'seed': 0,
 'test': 'data/umls/test.tsv',
 'test_i': None,
 'test_ii': None,
 'train': 'data/umls/train.tsv',
 'validate_every': 3}
INFO:kbc-cli.py:Device: cuda
INFO:kbc-cli.py:Model state:
INFO:kbc-cli.py:	entities.weight	torch.Size([135, 400])
INFO:kbc-cli.py:	predicates.weight	torch.Size([92, 400])
INFO:kbc-cli.py:Epoch 1/15	Loss 9.3445 ± 1.9401
INFO:kbc-cli.py:Epoch 2/15	Loss 6.8258 ± 0.2611
INFO:kbc-cli.py:Epoch 3/15	Loss 6.5417 ± 0.2705
INFO:kbc-cli.py:Epoch 3/15	dev results	MRR 0.922608	H@1 0.863497	H@3 0.976227	H@5 0.986196	H@10 0.993865	H@20 0.996933	H@50 1.000000	H@100 1.000000
INFO:kbc-cli.py:Epoch 3/15	test results	MRR 0.915492	H@1 0.847201	H@3 0.983359	H@5 0.991679	H@10 0.994705	H@20 0.997731	H@50 1.000000	H@100 1.000000
INFO:kbc-cli.py:Epoch 4/15	Loss 6.4115 ± 0.2881
INFO:kbc-cli.py:Epoch 5/15	Loss 6.3297 ± 0.2630
INFO:kbc-cli.py:Epoch 6/15	Loss 6.2642 ± 0.2747
INFO:kbc-cli.py:Epoch 6/15	dev results	MRR 0.946059	H@1 0.907975	H@3 0.981595	H@5 0.989264	H@10 0.994632	H@20 0.998466	H@50 1.000000	H@100 1.000000
INFO:kbc-cli.py:Epoch 6/15	test results	MRR 0.944444	H@1 0.903177	H@3 0.985628	H@5 0.991679	H@10 0.996218	H@20 0.997731	H@50 1.000000	H@100 1.000000
INFO:kbc-cli.py:Epoch 7/15	Loss 6.2189 ± 0.2555
INFO:kbc-cli.py:Epoch 8/15	Loss 6.1824 ± 0.2654
INFO:kbc-cli.py:Epoch 9/15	Loss 6.1500 ± 0.2670
INFO:kbc-cli.py:Epoch 9/15	dev results	MRR 0.949109	H@1 0.913344	H@3 0.981595	H@5 0.990798	H@10 0.995399	H@20 1.000000	H@50 1.000000	H@100 1.000000
INFO:kbc-cli.py:Epoch 9/15	test results	MRR 0.946088	H@1 0.906959	H@3 0.987141	H@5 0.991679	H@10 0.996218	H@20 0.998487	H@50 1.000000	H@100 1.000000
INFO:kbc-cli.py:Epoch 10/15	Loss 6.1228 ± 0.2628
INFO:kbc-cli.py:Epoch 11/15	Loss 6.0995 ± 0.2627
INFO:kbc-cli.py:Epoch 12/15	Loss 6.0800 ± 0.2661
INFO:kbc-cli.py:Epoch 12/15	dev results	MRR 0.949936	H@1 0.914110	H@3 0.983896	H@5 0.990031	H@10 0.995399	H@20 0.999233	H@50 1.000000	H@100 1.000000
INFO:kbc-cli.py:Epoch 12/15	test results	MRR 0.947506	H@1 0.907716	H@3 0.987141	H@5 0.990166	H@10 0.996218	H@20 0.998487	H@50 1.000000	H@100 1.000000
INFO:kbc-cli.py:Epoch 13/15	Loss 6.0608 ± 0.2260
INFO:kbc-cli.py:Epoch 14/15	Loss 6.0498 ± 0.2497
INFO:kbc-cli.py:Epoch 15/15	Loss 6.0337 ± 0.2647
INFO:kbc-cli.py:Epoch 15/15	dev results	MRR 0.944986	H@1 0.904908	H@3 0.983129	H@5 0.989264	H@10 0.996166	H@20 0.999233	H@50 1.000000	H@100 1.000000
INFO:kbc-cli.py:Epoch 15/15	test results	MRR 0.948048	H@1 0.909228	H@3 0.986384	H@5 0.990166	H@10 0.996218	H@20 0.998487	H@50 1.000000	H@100 1.000000
INFO:kbc-cli.py:Final 	dev results	MRR 0.944986	H@1 0.904908	H@3 0.983129	H@5 0.989264	H@10 0.996166	H@20 0.999233	H@50 1.000000	H@100 1.000000
INFO:kbc-cli.py:Final 	test results	MRR 0.948048	H@1 0.909228	H@3 0.986384	H@5 0.990166	H@10 0.996218	H@20 0.998487	H@50 1.000000	H@100 1.000000
INFO:kbc-cli.py:Training finished
