./bin/kbc-cli.py --train data/nations/train.tsv --dev data/nations/dev.tsv --test data/nations/test.tsv -m complex -k 200 -b 500 -e 15 --F2 0 --N3 0.001 -l 0.1 -I standard -V 3 -o adagrad -c spo -q
{'F2': 0.0,
 'N3': 0.001,
 'batch_size': 500,
 'corruption': 'spo',
 'dev': 'data/nations/dev.tsv',
 'embedding_size': 200,
 'epochs': 15,
 'eval_batch_size': None,
 'input_type': 'standard',
 'learning_rate': 0.1,
 'load': None,
 'model': 'complex',
 'optimizer': 'adagrad',
 'quiet': True,
 'save': None,
 'seed': 0,
 'test': 'data/nations/test.tsv',
 'test_i': None,
 'test_ii': None,
 'train': 'data/nations/train.tsv',
 'validate_every': 3}
INFO:kbc-cli.py:Device: cuda
INFO:kbc-cli.py:Model state:
INFO:kbc-cli.py:	entities.weight	torch.Size([14, 400])
INFO:kbc-cli.py:	predicates.weight	torch.Size([55, 400])
INFO:kbc-cli.py:Epoch 1/15	Loss 9.3181 ± 0.0385
INFO:kbc-cli.py:Epoch 2/15	Loss 8.8150 ± 0.0924
INFO:kbc-cli.py:Epoch 3/15	Loss 7.8243 ± 0.1295
INFO:kbc-cli.py:Epoch 3/15	dev results	MRR 0.707814	H@1 0.550251	H@3 0.834171	H@5 0.937186	H@10 0.994975	H@20 1.000000	H@50 1.000000	H@100 1.000000
INFO:kbc-cli.py:Epoch 3/15	test results	MRR 0.716736	H@1 0.564677	H@3 0.843284	H@5 0.942786	H@10 0.995025	H@20 1.000000	H@50 1.000000	H@100 1.000000
INFO:kbc-cli.py:Epoch 4/15	Loss 7.2693 ± 0.2719
INFO:kbc-cli.py:Epoch 5/15	Loss 6.8678 ± 0.1160
INFO:kbc-cli.py:Epoch 6/15	Loss 6.8065 ± 0.2994
INFO:kbc-cli.py:Epoch 6/15	dev results	MRR 0.729636	H@1 0.585427	H@3 0.856784	H@5 0.949749	H@10 0.989950	H@20 1.000000	H@50 1.000000	H@100 1.000000
INFO:kbc-cli.py:Epoch 6/15	test results	MRR 0.775141	H@1 0.649254	H@3 0.873134	H@5 0.942786	H@10 0.997512	H@20 1.000000	H@50 1.000000	H@100 1.000000
INFO:kbc-cli.py:Epoch 7/15	Loss 6.5547 ± 0.1068
INFO:kbc-cli.py:Epoch 8/15	Loss 6.5208 ± 0.1930
INFO:kbc-cli.py:Epoch 9/15	Loss 6.3405 ± 0.1520
INFO:kbc-cli.py:Epoch 9/15	dev results	MRR 0.746690	H@1 0.605528	H@3 0.866834	H@5 0.944724	H@10 0.989950	H@20 1.000000	H@50 1.000000	H@100 1.000000
INFO:kbc-cli.py:Epoch 9/15	test results	MRR 0.802941	H@1 0.694030	H@3 0.890547	H@5 0.947761	H@10 0.995025	H@20 1.000000	H@50 1.000000	H@100 1.000000
INFO:kbc-cli.py:Epoch 10/15	Loss 6.4254 ± 0.2731
INFO:kbc-cli.py:Epoch 11/15	Loss 6.3028 ± 0.1284
INFO:kbc-cli.py:Epoch 12/15	Loss 6.2721 ± 0.1702
INFO:kbc-cli.py:Epoch 12/15	dev results	MRR 0.783654	H@1 0.665829	H@3 0.884422	H@5 0.957286	H@10 0.994975	H@20 1.000000	H@50 1.000000	H@100 1.000000
INFO:kbc-cli.py:Epoch 12/15	test results	MRR 0.800160	H@1 0.689055	H@3 0.885572	H@5 0.947761	H@10 0.995025	H@20 1.000000	H@50 1.000000	H@100 1.000000
INFO:kbc-cli.py:Epoch 13/15	Loss 6.2598 ± 0.1667
INFO:kbc-cli.py:Epoch 14/15	Loss 6.1749 ± 0.1498
INFO:kbc-cli.py:Epoch 15/15	Loss 6.1526 ± 0.1079
INFO:kbc-cli.py:Epoch 15/15	dev results	MRR 0.783803	H@1 0.668342	H@3 0.884422	H@5 0.957286	H@10 0.994975	H@20 1.000000	H@50 1.000000	H@100 1.000000
INFO:kbc-cli.py:Epoch 15/15	test results	MRR 0.799924	H@1 0.686567	H@3 0.893035	H@5 0.947761	H@10 0.997512	H@20 1.000000	H@50 1.000000	H@100 1.000000
INFO:kbc-cli.py:Final 	dev results	MRR 0.783803	H@1 0.668342	H@3 0.884422	H@5 0.957286	H@10 0.994975	H@20 1.000000	H@50 1.000000	H@100 1.000000
INFO:kbc-cli.py:Final 	test results	MRR 0.799924	H@1 0.686567	H@3 0.893035	H@5 0.947761	H@10 0.997512	H@20 1.000000	H@50 1.000000	H@100 1.000000
INFO:kbc-cli.py:Training finished
