./bin/kbc-cli.py --train data/umls/train.tsv --dev data/umls/dev.tsv --test data/umls/test.tsv -m complex -k 100 -b 50 -e 15 --F2 0 --N3 0.005 -l 0.1 -I standard -V 3 -o adagrad -c spo -q
{'F2': 0.0,
 'N3': 0.005,
 'batch_size': 50,
 'corruption': 'spo',
 'dev': 'data/umls/dev.tsv',
 'embedding_size': 100,
 'epochs': 15,
 'eval_batch_size': None,
 'input_type': 'standard',
 'learning_rate': 0.1,
 'load': None,
 'model': 'complex',
 'optimizer': 'adagrad',
 'quiet': True,
 'save': None,
 'seed': 0,
 'test': 'data/umls/test.tsv',
 'test_i': None,
 'test_ii': None,
 'train': 'data/umls/train.tsv',
 'validate_every': 3}
INFO:kbc-cli.py:Device: cuda
INFO:kbc-cli.py:Model state:
INFO:kbc-cli.py:	entities.weight	torch.Size([135, 200])
INFO:kbc-cli.py:	predicates.weight	torch.Size([46, 200])
INFO:kbc-cli.py:Epoch 1/15	Loss 9.7826 ± 1.8158
INFO:kbc-cli.py:Epoch 2/15	Loss 7.0902 ± 0.2753
INFO:kbc-cli.py:Epoch 3/15	Loss 6.7199 ± 0.2633
INFO:kbc-cli.py:Epoch 3/15	dev results	MRR 0.909973	H@1 0.845859	H@3 0.964724	H@5 0.979294	H@10 0.991564	H@20 0.994632	H@50 0.999233	H@100 1.000000
INFO:kbc-cli.py:Epoch 3/15	test results	MRR 0.903706	H@1 0.834342	H@3 0.968230	H@5 0.981846	H@10 0.993192	H@20 0.996974	H@50 0.998487	H@100 0.999244
INFO:kbc-cli.py:Epoch 4/15	Loss 6.5514 ± 0.2510
INFO:kbc-cli.py:Epoch 5/15	Loss 6.4682 ± 0.2475
INFO:kbc-cli.py:Epoch 6/15	Loss 6.4027 ± 0.2319
INFO:kbc-cli.py:Epoch 6/15	dev results	MRR 0.906478	H@1 0.830521	H@3 0.979294	H@5 0.988497	H@10 0.994632	H@20 0.996166	H@50 1.000000	H@100 1.000000
INFO:kbc-cli.py:Epoch 6/15	test results	MRR 0.904001	H@1 0.822995	H@3 0.984871	H@5 0.992436	H@10 0.997731	H@20 0.997731	H@50 0.998487	H@100 0.999244
INFO:kbc-cli.py:Epoch 7/15	Loss 6.3515 ± 0.2410
INFO:kbc-cli.py:Epoch 8/15	Loss 6.3170 ± 0.2449
INFO:kbc-cli.py:Epoch 9/15	Loss 6.2780 ± 0.2580
INFO:kbc-cli.py:Epoch 9/15	dev results	MRR 0.931923	H@1 0.879601	H@3 0.980061	H@5 0.989264	H@10 0.994632	H@20 0.998466	H@50 1.000000	H@100 1.000000
INFO:kbc-cli.py:Epoch 9/15	test results	MRR 0.928362	H@1 0.872920	H@3 0.982602	H@5 0.993949	H@10 0.996974	H@20 0.997731	H@50 0.999244	H@100 0.999244
INFO:kbc-cli.py:Epoch 10/15	Loss 6.2576 ± 0.2437
INFO:kbc-cli.py:Epoch 11/15	Loss 6.2317 ± 0.2191
INFO:kbc-cli.py:Epoch 12/15	Loss 6.2087 ± 0.2498
INFO:kbc-cli.py:Epoch 12/15	dev results	MRR 0.931979	H@1 0.878834	H@3 0.981595	H@5 0.990031	H@10 0.994632	H@20 0.998466	H@50 1.000000	H@100 1.000000
INFO:kbc-cli.py:Epoch 12/15	test results	MRR 0.929393	H@1 0.874433	H@3 0.982602	H@5 0.993949	H@10 0.997731	H@20 0.997731	H@50 0.999244	H@100 0.999244
INFO:kbc-cli.py:Epoch 13/15	Loss 6.1936 ± 0.2404
INFO:kbc-cli.py:Epoch 14/15	Loss 6.1745 ± 0.2318
INFO:kbc-cli.py:Epoch 15/15	Loss 6.1625 ± 0.2476
INFO:kbc-cli.py:Epoch 15/15	dev results	MRR 0.935229	H@1 0.884969	H@3 0.982362	H@5 0.989264	H@10 0.994632	H@20 0.998466	H@50 1.000000	H@100 1.000000
INFO:kbc-cli.py:Epoch 15/15	test results	MRR 0.935220	H@1 0.885779	H@3 0.983359	H@5 0.992436	H@10 0.997731	H@20 0.997731	H@50 0.999244	H@100 0.999244
INFO:kbc-cli.py:Final 	dev results	MRR 0.935229	H@1 0.884969	H@3 0.982362	H@5 0.989264	H@10 0.994632	H@20 0.998466	H@50 1.000000	H@100 1.000000
INFO:kbc-cli.py:Final 	test results	MRR 0.935220	H@1 0.885779	H@3 0.983359	H@5 0.992436	H@10 0.997731	H@20 0.997731	H@50 0.999244	H@100 0.999244
INFO:kbc-cli.py:Training finished
