./bin/kbc-cli.py --train data/umls/train.tsv --dev data/umls/dev.tsv --test data/umls/test.tsv -m complex -k 100 -b 500 -e 15 --F2 0 --N3 0.0005 -l 0.1 -I standard -V 3 -o adagrad -c so -q
{'F2': 0.0,
 'N3': 0.0005,
 'batch_size': 500,
 'corruption': 'so',
 'dev': 'data/umls/dev.tsv',
 'embedding_size': 100,
 'epochs': 15,
 'eval_batch_size': None,
 'input_type': 'standard',
 'learning_rate': 0.1,
 'load': None,
 'model': 'complex',
 'optimizer': 'adagrad',
 'quiet': True,
 'save': None,
 'seed': 0,
 'test': 'data/umls/test.tsv',
 'test_i': None,
 'test_ii': None,
 'train': 'data/umls/train.tsv',
 'validate_every': 3}
INFO:kbc-cli.py:Device: cuda
INFO:kbc-cli.py:Model state:
INFO:kbc-cli.py:	entities.weight	torch.Size([135, 200])
INFO:kbc-cli.py:	predicates.weight	torch.Size([46, 200])
INFO:kbc-cli.py:Epoch 1/15	Loss 8.9482 ± 0.9235
INFO:kbc-cli.py:Epoch 2/15	Loss 6.4929 ± 0.0733
INFO:kbc-cli.py:Epoch 3/15	Loss 5.9762 ± 0.1039
INFO:kbc-cli.py:Epoch 3/15	dev results	MRR 0.884927	H@1 0.804448	H@3 0.958589	H@5 0.974693	H@10 0.986196	H@20 0.990031	H@50 0.993865	H@100 0.997699
INFO:kbc-cli.py:Epoch 3/15	test results	MRR 0.869287	H@1 0.770802	H@3 0.964448	H@5 0.976551	H@10 0.987897	H@20 0.990923	H@50 0.992436	H@100 0.995461
INFO:kbc-cli.py:Epoch 4/15	Loss 5.7606 ± 0.1304
INFO:kbc-cli.py:Epoch 5/15	Loss 5.6097 ± 0.1129
INFO:kbc-cli.py:Epoch 6/15	Loss 5.5104 ± 0.1242
INFO:kbc-cli.py:Epoch 6/15	dev results	MRR 0.900706	H@1 0.821319	H@3 0.977761	H@5 0.985429	H@10 0.988497	H@20 0.993098	H@50 0.995399	H@100 0.998466
INFO:kbc-cli.py:Epoch 6/15	test results	MRR 0.881803	H@1 0.780635	H@3 0.984115	H@5 0.989410	H@10 0.993949	H@20 0.995461	H@50 0.998487	H@100 0.999244
INFO:kbc-cli.py:Epoch 7/15	Loss 5.4487 ± 0.1185
INFO:kbc-cli.py:Epoch 8/15	Loss 5.4024 ± 0.1303
INFO:kbc-cli.py:Epoch 9/15	Loss 5.3563 ± 0.1555
INFO:kbc-cli.py:Epoch 9/15	dev results	MRR 0.925136	H@1 0.868098	H@3 0.980061	H@5 0.984663	H@10 0.989264	H@20 0.994632	H@50 0.996166	H@100 1.000000
INFO:kbc-cli.py:Epoch 9/15	test results	MRR 0.917922	H@1 0.850227	H@3 0.985628	H@5 0.990923	H@10 0.993949	H@20 0.997731	H@50 0.998487	H@100 0.999244
INFO:kbc-cli.py:Epoch 10/15	Loss 5.3384 ± 0.1204
INFO:kbc-cli.py:Epoch 11/15	Loss 5.3095 ± 0.1077
INFO:kbc-cli.py:Epoch 12/15	Loss 5.2900 ± 0.1317
INFO:kbc-cli.py:Epoch 12/15	dev results	MRR 0.923470	H@1 0.865798	H@3 0.978528	H@5 0.986196	H@10 0.991564	H@20 0.995399	H@50 0.997699	H@100 0.999233
INFO:kbc-cli.py:Epoch 12/15	test results	MRR 0.916509	H@1 0.847201	H@3 0.985628	H@5 0.991679	H@10 0.994705	H@20 0.996974	H@50 0.999244	H@100 0.999244
INFO:kbc-cli.py:Epoch 13/15	Loss 5.2748 ± 0.1249
INFO:kbc-cli.py:Epoch 14/15	Loss 5.2540 ± 0.0937
INFO:kbc-cli.py:Epoch 15/15	Loss 5.2425 ± 0.1217
INFO:kbc-cli.py:Epoch 15/15	dev results	MRR 0.940184	H@1 0.898773	H@3 0.978528	H@5 0.987730	H@10 0.990798	H@20 0.995399	H@50 0.999233	H@100 1.000000
INFO:kbc-cli.py:Epoch 15/15	test results	MRR 0.930499	H@1 0.875189	H@3 0.987141	H@5 0.991679	H@10 0.995461	H@20 0.997731	H@50 0.999244	H@100 1.000000
INFO:kbc-cli.py:Final 	dev results	MRR 0.940184	H@1 0.898773	H@3 0.978528	H@5 0.987730	H@10 0.990798	H@20 0.995399	H@50 0.999233	H@100 1.000000
INFO:kbc-cli.py:Final 	test results	MRR 0.930499	H@1 0.875189	H@3 0.987141	H@5 0.991679	H@10 0.995461	H@20 0.997731	H@50 0.999244	H@100 1.000000
INFO:kbc-cli.py:Training finished
