./bin/kbc-cli.py --train data/nations/train.tsv --dev data/nations/dev.tsv --test data/nations/test.tsv -m complex -k 200 -b 10 -e 15 --F2 0 --N3 0.05 -l 0.1 -I standard -V 3 -o adagrad -c spo -q
{'F2': 0.0,
 'N3': 0.05,
 'batch_size': 10,
 'corruption': 'spo',
 'dev': 'data/nations/dev.tsv',
 'embedding_size': 200,
 'epochs': 15,
 'eval_batch_size': None,
 'input_type': 'standard',
 'learning_rate': 0.1,
 'load': None,
 'model': 'complex',
 'optimizer': 'adagrad',
 'quiet': True,
 'save': None,
 'seed': 0,
 'test': 'data/nations/test.tsv',
 'test_i': None,
 'test_ii': None,
 'train': 'data/nations/train.tsv',
 'validate_every': 3}
INFO:kbc-cli.py:Device: cuda
INFO:kbc-cli.py:Model state:
INFO:kbc-cli.py:	entities.weight	torch.Size([14, 400])
INFO:kbc-cli.py:	predicates.weight	torch.Size([55, 400])
INFO:kbc-cli.py:Epoch 1/15	Loss 9.3175 ± 0.3905
INFO:kbc-cli.py:Epoch 2/15	Loss 8.6099 ± 0.2860
INFO:kbc-cli.py:Epoch 3/15	Loss 8.3712 ± 0.3619
INFO:kbc-cli.py:Epoch 3/15	dev results	MRR 0.749357	H@1 0.623116	H@3 0.834171	H@5 0.932161	H@10 0.994975	H@20 1.000000	H@50 1.000000	H@100 1.000000
INFO:kbc-cli.py:Epoch 3/15	test results	MRR 0.775098	H@1 0.639303	H@3 0.885572	H@5 0.955224	H@10 0.997512	H@20 1.000000	H@50 1.000000	H@100 1.000000
INFO:kbc-cli.py:Epoch 4/15	Loss 8.2306 ± 0.3759
INFO:kbc-cli.py:Epoch 5/15	Loss 8.1275 ± 0.3594
INFO:kbc-cli.py:Epoch 6/15	Loss 8.0549 ± 0.3416
INFO:kbc-cli.py:Epoch 6/15	dev results	MRR 0.780919	H@1 0.673367	H@3 0.864322	H@5 0.937186	H@10 0.997487	H@20 1.000000	H@50 1.000000	H@100 1.000000
INFO:kbc-cli.py:Epoch 6/15	test results	MRR 0.798140	H@1 0.679104	H@3 0.898010	H@5 0.960199	H@10 0.997512	H@20 1.000000	H@50 1.000000	H@100 1.000000
INFO:kbc-cli.py:Epoch 7/15	Loss 8.0000 ± 0.3442
INFO:kbc-cli.py:Epoch 8/15	Loss 7.9555 ± 0.3296
INFO:kbc-cli.py:Epoch 9/15	Loss 7.9249 ± 0.3458
INFO:kbc-cli.py:Epoch 9/15	dev results	MRR 0.789908	H@1 0.683417	H@3 0.886935	H@5 0.949749	H@10 0.997487	H@20 1.000000	H@50 1.000000	H@100 1.000000
INFO:kbc-cli.py:Epoch 9/15	test results	MRR 0.812079	H@1 0.703980	H@3 0.910448	H@5 0.967662	H@10 0.997512	H@20 1.000000	H@50 1.000000	H@100 1.000000
INFO:kbc-cli.py:Epoch 10/15	Loss 7.8913 ± 0.3687
INFO:kbc-cli.py:Epoch 11/15	Loss 7.8731 ± 0.3644
INFO:kbc-cli.py:Epoch 12/15	Loss 7.8443 ± 0.3487
INFO:kbc-cli.py:Epoch 12/15	dev results	MRR 0.782659	H@1 0.670854	H@3 0.889447	H@5 0.952261	H@10 0.997487	H@20 1.000000	H@50 1.000000	H@100 1.000000
INFO:kbc-cli.py:Epoch 12/15	test results	MRR 0.818216	H@1 0.711443	H@3 0.912935	H@5 0.972637	H@10 1.000000	H@20 1.000000	H@50 1.000000	H@100 1.000000
INFO:kbc-cli.py:Epoch 13/15	Loss 7.8175 ± 0.3538
INFO:kbc-cli.py:Epoch 14/15	Loss 7.8120 ± 0.3566
INFO:kbc-cli.py:Epoch 15/15	Loss 7.7845 ± 0.3478
INFO:kbc-cli.py:Epoch 15/15	dev results	MRR 0.786696	H@1 0.673367	H@3 0.886935	H@5 0.957286	H@10 0.997487	H@20 1.000000	H@50 1.000000	H@100 1.000000
INFO:kbc-cli.py:Epoch 15/15	test results	MRR 0.808268	H@1 0.696517	H@3 0.902985	H@5 0.972637	H@10 0.997512	H@20 1.000000	H@50 1.000000	H@100 1.000000
INFO:kbc-cli.py:Final 	dev results	MRR 0.786696	H@1 0.673367	H@3 0.886935	H@5 0.957286	H@10 0.997487	H@20 1.000000	H@50 1.000000	H@100 1.000000
INFO:kbc-cli.py:Final 	test results	MRR 0.808268	H@1 0.696517	H@3 0.902985	H@5 0.972637	H@10 0.997512	H@20 1.000000	H@50 1.000000	H@100 1.000000
INFO:kbc-cli.py:Training finished
