./bin/kbc-cli.py --train data/kinship/train.tsv --dev data/kinship/dev.tsv --test data/kinship/test.tsv -m complex -k 200 -b 500 -e 15 --F2 0 --N3 0.005 -l 0.1 -I reciprocal -V 3 -o adagrad -c spo -q
{'F2': 0.0,
 'N3': 0.005,
 'batch_size': 500,
 'corruption': 'spo',
 'dev': 'data/kinship/dev.tsv',
 'embedding_size': 200,
 'epochs': 15,
 'eval_batch_size': None,
 'input_type': 'reciprocal',
 'learning_rate': 0.1,
 'load': None,
 'model': 'complex',
 'optimizer': 'adagrad',
 'quiet': True,
 'save': None,
 'seed': 0,
 'test': 'data/kinship/test.tsv',
 'test_i': None,
 'test_ii': None,
 'train': 'data/kinship/train.tsv',
 'validate_every': 3}
INFO:kbc-cli.py:Device: cuda
INFO:kbc-cli.py:Model state:
INFO:kbc-cli.py:	entities.weight	torch.Size([104, 400])
INFO:kbc-cli.py:	predicates.weight	torch.Size([50, 400])
INFO:kbc-cli.py:Epoch 1/15	Loss 9.4456 ± 2.2281
INFO:kbc-cli.py:Epoch 2/15	Loss 6.5782 ± 0.1011
INFO:kbc-cli.py:Epoch 3/15	Loss 6.1390 ± 0.1445
INFO:kbc-cli.py:Epoch 3/15	dev results	MRR 0.856560	H@1 0.774345	H@3 0.927434	H@5 0.955524	H@10 0.977060	H@20 0.987828	H@50 0.991573	H@100 1.000000
INFO:kbc-cli.py:Epoch 3/15	test results	MRR 0.856103	H@1 0.773277	H@3 0.932030	H@5 0.964153	H@10 0.985102	H@20 0.991620	H@50 0.993948	H@100 1.000000
INFO:kbc-cli.py:Epoch 4/15	Loss 5.9326 ± 0.1584
INFO:kbc-cli.py:Epoch 5/15	Loss 5.7965 ± 0.1608
INFO:kbc-cli.py:Epoch 6/15	Loss 5.7149 ± 0.1659
INFO:kbc-cli.py:Epoch 6/15	dev results	MRR 0.866668	H@1 0.792603	H@3 0.933052	H@5 0.960206	H@10 0.978933	H@20 0.987360	H@50 0.991105	H@100 1.000000
INFO:kbc-cli.py:Epoch 6/15	test results	MRR 0.871429	H@1 0.795624	H@3 0.942272	H@5 0.965084	H@10 0.984637	H@20 0.991620	H@50 0.994413	H@100 1.000000
INFO:kbc-cli.py:Epoch 7/15	Loss 5.6407 ± 0.1433
INFO:kbc-cli.py:Epoch 8/15	Loss 5.5881 ± 0.1410
INFO:kbc-cli.py:Epoch 9/15	Loss 5.5517 ± 0.1362
INFO:kbc-cli.py:Epoch 9/15	dev results	MRR 0.867894	H@1 0.796348	H@3 0.933052	H@5 0.960206	H@10 0.978933	H@20 0.986891	H@50 0.991573	H@100 1.000000
INFO:kbc-cli.py:Epoch 9/15	test results	MRR 0.871007	H@1 0.797020	H@3 0.939944	H@5 0.966015	H@10 0.984637	H@20 0.991620	H@50 0.993948	H@100 1.000000
INFO:kbc-cli.py:Epoch 10/15	Loss 5.5204 ± 0.1505
INFO:kbc-cli.py:Epoch 11/15	Loss 5.4904 ± 0.1503
INFO:kbc-cli.py:Epoch 12/15	Loss 5.4689 ± 0.1308
INFO:kbc-cli.py:Epoch 12/15	dev results	MRR 0.866094	H@1 0.792603	H@3 0.930243	H@5 0.958801	H@10 0.977528	H@20 0.987360	H@50 0.991573	H@100 1.000000
INFO:kbc-cli.py:Epoch 12/15	test results	MRR 0.867754	H@1 0.789572	H@3 0.939013	H@5 0.965084	H@10 0.982775	H@20 0.991620	H@50 0.994413	H@100 1.000000
INFO:kbc-cli.py:Epoch 13/15	Loss 5.4471 ± 0.1255
INFO:kbc-cli.py:Epoch 14/15	Loss 5.4319 ± 0.1298
INFO:kbc-cli.py:Epoch 15/15	Loss 5.4238 ± 0.1417
INFO:kbc-cli.py:Epoch 15/15	dev results	MRR 0.867874	H@1 0.794944	H@3 0.932116	H@5 0.960674	H@10 0.977996	H@20 0.986423	H@50 0.992041	H@100 1.000000
INFO:kbc-cli.py:Epoch 15/15	test results	MRR 0.867788	H@1 0.790968	H@3 0.938082	H@5 0.965084	H@10 0.983706	H@20 0.991620	H@50 0.993948	H@100 1.000000
INFO:kbc-cli.py:Final 	dev results	MRR 0.867874	H@1 0.794944	H@3 0.932116	H@5 0.960674	H@10 0.977996	H@20 0.986423	H@50 0.992041	H@100 1.000000
INFO:kbc-cli.py:Final 	test results	MRR 0.867788	H@1 0.790968	H@3 0.938082	H@5 0.965084	H@10 0.983706	H@20 0.991620	H@50 0.993948	H@100 1.000000
INFO:kbc-cli.py:Training finished
