./bin/kbc-cli.py --train data/nations/train.tsv --dev data/nations/dev.tsv --test data/nations/test.tsv -m complex -k 200 -b 50 -e 15 --F2 0 --N3 0.005 -l 0.1 -I reciprocal -V 3 -o adagrad -c so -q
{'F2': 0.0,
 'N3': 0.005,
 'batch_size': 50,
 'corruption': 'so',
 'dev': 'data/nations/dev.tsv',
 'embedding_size': 200,
 'epochs': 15,
 'eval_batch_size': None,
 'input_type': 'reciprocal',
 'learning_rate': 0.1,
 'load': None,
 'model': 'complex',
 'optimizer': 'adagrad',
 'quiet': True,
 'save': None,
 'seed': 0,
 'test': 'data/nations/test.tsv',
 'test_i': None,
 'test_ii': None,
 'train': 'data/nations/train.tsv',
 'validate_every': 3}
INFO:kbc-cli.py:Device: cuda
INFO:kbc-cli.py:Model state:
INFO:kbc-cli.py:	entities.weight	torch.Size([14, 400])
INFO:kbc-cli.py:	predicates.weight	torch.Size([110, 400])
INFO:kbc-cli.py:Epoch 1/15	Loss 5.2935 ± 0.1186
INFO:kbc-cli.py:Epoch 2/15	Loss 4.6463 ± 0.1641
INFO:kbc-cli.py:Epoch 3/15	Loss 4.2659 ± 0.2147
INFO:kbc-cli.py:Epoch 3/15	dev results	MRR 0.775344	H@1 0.658291	H@3 0.881910	H@5 0.962312	H@10 1.000000	H@20 1.000000	H@50 1.000000	H@100 1.000000
INFO:kbc-cli.py:Epoch 3/15	test results	MRR 0.792154	H@1 0.679104	H@3 0.880597	H@5 0.945274	H@10 0.995025	H@20 1.000000	H@50 1.000000	H@100 1.000000
INFO:kbc-cli.py:Epoch 4/15	Loss 4.0610 ± 0.2014
INFO:kbc-cli.py:Epoch 5/15	Loss 3.9483 ± 0.2162
INFO:kbc-cli.py:Epoch 6/15	Loss 3.8702 ± 0.2292
INFO:kbc-cli.py:Epoch 6/15	dev results	MRR 0.789629	H@1 0.680905	H@3 0.881910	H@5 0.944724	H@10 1.000000	H@20 1.000000	H@50 1.000000	H@100 1.000000
INFO:kbc-cli.py:Epoch 6/15	test results	MRR 0.796665	H@1 0.684080	H@3 0.895522	H@5 0.947761	H@10 0.995025	H@20 1.000000	H@50 1.000000	H@100 1.000000
INFO:kbc-cli.py:Epoch 7/15	Loss 3.8154 ± 0.2249
INFO:kbc-cli.py:Epoch 8/15	Loss 3.7789 ± 0.2223
INFO:kbc-cli.py:Epoch 9/15	Loss 3.7448 ± 0.2177
INFO:kbc-cli.py:Epoch 9/15	dev results	MRR 0.785943	H@1 0.668342	H@3 0.884422	H@5 0.949749	H@10 0.997487	H@20 1.000000	H@50 1.000000	H@100 1.000000
INFO:kbc-cli.py:Epoch 9/15	test results	MRR 0.798207	H@1 0.681592	H@3 0.893035	H@5 0.947761	H@10 0.995025	H@20 1.000000	H@50 1.000000	H@100 1.000000
INFO:kbc-cli.py:Epoch 10/15	Loss 3.7199 ± 0.2281
INFO:kbc-cli.py:Epoch 11/15	Loss 3.6978 ± 0.1859
INFO:kbc-cli.py:Epoch 12/15	Loss 3.6847 ± 0.2089
INFO:kbc-cli.py:Epoch 12/15	dev results	MRR 0.791786	H@1 0.680905	H@3 0.889447	H@5 0.944724	H@10 0.997487	H@20 1.000000	H@50 1.000000	H@100 1.000000
INFO:kbc-cli.py:Epoch 12/15	test results	MRR 0.798879	H@1 0.686567	H@3 0.893035	H@5 0.952736	H@10 0.997512	H@20 1.000000	H@50 1.000000	H@100 1.000000
INFO:kbc-cli.py:Epoch 13/15	Loss 3.6681 ± 0.1638
INFO:kbc-cli.py:Epoch 14/15	Loss 3.6562 ± 0.2160
INFO:kbc-cli.py:Epoch 15/15	Loss 3.6421 ± 0.1923
INFO:kbc-cli.py:Epoch 15/15	dev results	MRR 0.784883	H@1 0.668342	H@3 0.886935	H@5 0.952261	H@10 1.000000	H@20 1.000000	H@50 1.000000	H@100 1.000000
INFO:kbc-cli.py:Epoch 15/15	test results	MRR 0.797130	H@1 0.679104	H@3 0.898010	H@5 0.952736	H@10 0.997512	H@20 1.000000	H@50 1.000000	H@100 1.000000
INFO:kbc-cli.py:Final 	dev results	MRR 0.784883	H@1 0.668342	H@3 0.886935	H@5 0.952261	H@10 1.000000	H@20 1.000000	H@50 1.000000	H@100 1.000000
INFO:kbc-cli.py:Final 	test results	MRR 0.797130	H@1 0.679104	H@3 0.898010	H@5 0.952736	H@10 0.997512	H@20 1.000000	H@50 1.000000	H@100 1.000000
INFO:kbc-cli.py:Training finished
