./bin/kbc-cli.py --train data/umls/train.tsv --dev data/umls/dev.tsv --test data/umls/test.tsv -m complex -k 100 -b 10 -e 15 --F2 0 --N3 0.0001 -l 0.1 -I reciprocal -V 3 -o adagrad -c spo -q
{'F2': 0.0,
 'N3': 0.0001,
 'batch_size': 10,
 'corruption': 'spo',
 'dev': 'data/umls/dev.tsv',
 'embedding_size': 100,
 'epochs': 15,
 'eval_batch_size': None,
 'input_type': 'reciprocal',
 'learning_rate': 0.1,
 'load': None,
 'model': 'complex',
 'optimizer': 'adagrad',
 'quiet': True,
 'save': None,
 'seed': 0,
 'test': 'data/umls/test.tsv',
 'test_i': None,
 'test_ii': None,
 'train': 'data/umls/train.tsv',
 'validate_every': 3}
INFO:kbc-cli.py:Device: cuda
INFO:kbc-cli.py:Model state:
INFO:kbc-cli.py:	entities.weight	torch.Size([135, 200])
INFO:kbc-cli.py:	predicates.weight	torch.Size([92, 200])
INFO:kbc-cli.py:Epoch 1/15	Loss 9.2791 ± 2.1408
INFO:kbc-cli.py:Epoch 2/15	Loss 6.8937 ± 0.5986
INFO:kbc-cli.py:Epoch 3/15	Loss 6.5430 ± 0.5398
INFO:kbc-cli.py:Epoch 3/15	dev results	MRR 0.909697	H@1 0.847393	H@3 0.968558	H@5 0.976994	H@10 0.986196	H@20 0.993865	H@50 0.998466	H@100 0.999233
INFO:kbc-cli.py:Epoch 3/15	test results	MRR 0.909976	H@1 0.841150	H@3 0.976551	H@5 0.987897	H@10 0.992436	H@20 0.997731	H@50 0.998487	H@100 0.999244
INFO:kbc-cli.py:Epoch 4/15	Loss 6.3884 ± 0.5354
INFO:kbc-cli.py:Epoch 5/15	Loss 6.2928 ± 0.5047
INFO:kbc-cli.py:Epoch 6/15	Loss 6.2233 ± 0.5178
INFO:kbc-cli.py:Epoch 6/15	dev results	MRR 0.927361	H@1 0.877301	H@3 0.973160	H@5 0.980828	H@10 0.990031	H@20 0.995399	H@50 0.998466	H@100 1.000000
INFO:kbc-cli.py:Epoch 6/15	test results	MRR 0.935420	H@1 0.883510	H@3 0.987897	H@5 0.992436	H@10 0.995461	H@20 0.997731	H@50 0.998487	H@100 1.000000
INFO:kbc-cli.py:Epoch 7/15	Loss 6.1740 ± 0.5137
INFO:kbc-cli.py:Epoch 8/15	Loss 6.1340 ± 0.5343
INFO:kbc-cli.py:Epoch 9/15	Loss 6.0980 ± 0.5052
INFO:kbc-cli.py:Epoch 9/15	dev results	MRR 0.931598	H@1 0.885736	H@3 0.976994	H@5 0.981595	H@10 0.990031	H@20 0.995399	H@50 0.997699	H@100 1.000000
INFO:kbc-cli.py:Epoch 9/15	test results	MRR 0.944507	H@1 0.903933	H@3 0.984115	H@5 0.991679	H@10 0.995461	H@20 0.997731	H@50 0.999244	H@100 1.000000
INFO:kbc-cli.py:Epoch 10/15	Loss 6.0690 ± 0.5132
INFO:kbc-cli.py:Epoch 11/15	Loss 6.0459 ± 0.5209
INFO:kbc-cli.py:Epoch 12/15	Loss 6.0234 ± 0.5293
INFO:kbc-cli.py:Epoch 12/15	dev results	MRR 0.933512	H@1 0.890337	H@3 0.973160	H@5 0.982362	H@10 0.990031	H@20 0.995399	H@50 0.998466	H@100 1.000000
INFO:kbc-cli.py:Epoch 12/15	test results	MRR 0.941648	H@1 0.897126	H@3 0.987141	H@5 0.992436	H@10 0.996218	H@20 0.997731	H@50 0.999244	H@100 1.000000
INFO:kbc-cli.py:Epoch 13/15	Loss 6.0031 ± 0.4985
INFO:kbc-cli.py:Epoch 14/15	Loss 5.9869 ± 0.5043
INFO:kbc-cli.py:Epoch 15/15	Loss 5.9698 ± 0.5121
INFO:kbc-cli.py:Epoch 15/15	dev results	MRR 0.931482	H@1 0.887270	H@3 0.973926	H@5 0.982362	H@10 0.987730	H@20 0.994632	H@50 0.996933	H@100 1.000000
INFO:kbc-cli.py:Epoch 15/15	test results	MRR 0.943112	H@1 0.900908	H@3 0.986384	H@5 0.991679	H@10 0.995461	H@20 0.997731	H@50 0.999244	H@100 1.000000
INFO:kbc-cli.py:Final 	dev results	MRR 0.931482	H@1 0.887270	H@3 0.973926	H@5 0.982362	H@10 0.987730	H@20 0.994632	H@50 0.996933	H@100 1.000000
INFO:kbc-cli.py:Final 	test results	MRR 0.943112	H@1 0.900908	H@3 0.986384	H@5 0.991679	H@10 0.995461	H@20 0.997731	H@50 0.999244	H@100 1.000000
INFO:kbc-cli.py:Training finished
