./bin/kbc-cli.py --train data/kinship/train.tsv --dev data/kinship/dev.tsv --test data/kinship/test.tsv -m complex -k 1000 -b 50 -e 15 --F2 0 --N3 0.0005 -l 0.1 -I standard -V 3 -o adagrad -c so -q
{'F2': 0.0,
 'N3': 0.0005,
 'batch_size': 50,
 'corruption': 'so',
 'dev': 'data/kinship/dev.tsv',
 'embedding_size': 1000,
 'epochs': 15,
 'eval_batch_size': None,
 'input_type': 'standard',
 'learning_rate': 0.1,
 'load': None,
 'model': 'complex',
 'optimizer': 'adagrad',
 'quiet': True,
 'save': None,
 'seed': 0,
 'test': 'data/kinship/test.tsv',
 'test_i': None,
 'test_ii': None,
 'train': 'data/kinship/train.tsv',
 'validate_every': 3}
INFO:kbc-cli.py:Device: cuda
INFO:kbc-cli.py:Model state:
INFO:kbc-cli.py:	entities.weight	torch.Size([104, 2000])
INFO:kbc-cli.py:	predicates.weight	torch.Size([25, 2000])
INFO:kbc-cli.py:Epoch 1/15	Loss 7.4232 ± 1.3129
INFO:kbc-cli.py:Epoch 2/15	Loss 5.5056 ± 0.2675
INFO:kbc-cli.py:Epoch 3/15	Loss 5.1884 ± 0.2998
INFO:kbc-cli.py:Epoch 3/15	dev results	MRR 0.855251	H@1 0.768727	H@3 0.934457	H@5 0.959738	H@10 0.978933	H@20 0.987828	H@50 0.995318	H@100 1.000000
INFO:kbc-cli.py:Epoch 3/15	test results	MRR 0.861382	H@1 0.781192	H@3 0.931564	H@5 0.964618	H@10 0.985568	H@20 0.992551	H@50 0.998138	H@100 1.000000
INFO:kbc-cli.py:Epoch 4/15	Loss 5.0222 ± 0.2898
INFO:kbc-cli.py:Epoch 5/15	Loss 4.9142 ± 0.2886
INFO:kbc-cli.py:Epoch 6/15	Loss 4.8291 ± 0.2663
INFO:kbc-cli.py:Epoch 6/15	dev results	MRR 0.884712	H@1 0.819288	H@3 0.943352	H@5 0.964419	H@10 0.980805	H@20 0.988296	H@50 0.996255	H@100 1.000000
INFO:kbc-cli.py:Epoch 6/15	test results	MRR 0.885749	H@1 0.817970	H@3 0.947393	H@5 0.969739	H@10 0.988361	H@20 0.992551	H@50 0.998603	H@100 1.000000
INFO:kbc-cli.py:Epoch 7/15	Loss 4.7686 ± 0.2668
INFO:kbc-cli.py:Epoch 8/15	Loss 4.7193 ± 0.2561
INFO:kbc-cli.py:Epoch 9/15	Loss 4.6773 ± 0.2466
INFO:kbc-cli.py:Epoch 9/15	dev results	MRR 0.884568	H@1 0.821161	H@3 0.938202	H@5 0.960674	H@10 0.981273	H@20 0.988764	H@50 0.995787	H@100 1.000000
INFO:kbc-cli.py:Epoch 9/15	test results	MRR 0.890807	H@1 0.825419	H@3 0.946462	H@5 0.970670	H@10 0.987430	H@20 0.992551	H@50 0.998603	H@100 1.000000
INFO:kbc-cli.py:Epoch 10/15	Loss 4.6434 ± 0.2525
INFO:kbc-cli.py:Epoch 11/15	Loss 4.6148 ± 0.2593
INFO:kbc-cli.py:Epoch 12/15	Loss 4.5870 ± 0.2381
INFO:kbc-cli.py:Epoch 12/15	dev results	MRR 0.883817	H@1 0.816479	H@3 0.944757	H@5 0.963951	H@10 0.980805	H@20 0.988764	H@50 0.996255	H@100 1.000000
INFO:kbc-cli.py:Epoch 12/15	test results	MRR 0.890897	H@1 0.827747	H@3 0.947393	H@5 0.972533	H@10 0.988361	H@20 0.993017	H@50 0.998603	H@100 1.000000
INFO:kbc-cli.py:Epoch 13/15	Loss 4.5641 ± 0.2530
INFO:kbc-cli.py:Epoch 14/15	Loss 4.5443 ± 0.2400
INFO:kbc-cli.py:Epoch 15/15	Loss 4.5267 ± 0.2216
INFO:kbc-cli.py:Epoch 15/15	dev results	MRR 0.883694	H@1 0.819288	H@3 0.941479	H@5 0.963015	H@10 0.981742	H@20 0.989232	H@50 0.995787	H@100 1.000000
INFO:kbc-cli.py:Epoch 15/15	test results	MRR 0.891726	H@1 0.827281	H@3 0.947393	H@5 0.971601	H@10 0.988827	H@20 0.993482	H@50 0.998603	H@100 1.000000
INFO:kbc-cli.py:Final 	dev results	MRR 0.883694	H@1 0.819288	H@3 0.941479	H@5 0.963015	H@10 0.981742	H@20 0.989232	H@50 0.995787	H@100 1.000000
INFO:kbc-cli.py:Final 	test results	MRR 0.891726	H@1 0.827281	H@3 0.947393	H@5 0.971601	H@10 0.988827	H@20 0.993482	H@50 0.998603	H@100 1.000000
INFO:kbc-cli.py:Training finished
