./bin/kbc-cli.py --train data/umls/train.tsv --dev data/umls/dev.tsv --test data/umls/test.tsv -m complex -k 100 -b 500 -e 15 --F2 0 --N3 0.005 -l 0.1 -I reciprocal -V 3 -o adagrad -c spo -q
{'F2': 0.0,
 'N3': 0.005,
 'batch_size': 500,
 'corruption': 'spo',
 'dev': 'data/umls/dev.tsv',
 'embedding_size': 100,
 'epochs': 15,
 'eval_batch_size': None,
 'input_type': 'reciprocal',
 'learning_rate': 0.1,
 'load': None,
 'model': 'complex',
 'optimizer': 'adagrad',
 'quiet': True,
 'save': None,
 'seed': 0,
 'test': 'data/umls/test.tsv',
 'test_i': None,
 'test_ii': None,
 'train': 'data/umls/train.tsv',
 'validate_every': 3}
INFO:kbc-cli.py:Device: cuda
INFO:kbc-cli.py:Model state:
INFO:kbc-cli.py:	entities.weight	torch.Size([135, 200])
INFO:kbc-cli.py:	predicates.weight	torch.Size([92, 200])
INFO:kbc-cli.py:Epoch 1/15	Loss 11.4950 ± 2.3359
INFO:kbc-cli.py:Epoch 2/15	Loss 7.4382 ± 0.1153
INFO:kbc-cli.py:Epoch 3/15	Loss 6.8530 ± 0.1081
INFO:kbc-cli.py:Epoch 3/15	dev results	MRR 0.870220	H@1 0.757669	H@3 0.976994	H@5 0.992331	H@10 0.996166	H@20 0.999233	H@50 1.000000	H@100 1.000000
INFO:kbc-cli.py:Epoch 3/15	test results	MRR 0.855982	H@1 0.729955	H@3 0.981089	H@5 0.986384	H@10 0.996218	H@20 0.996974	H@50 1.000000	H@100 1.000000
INFO:kbc-cli.py:Epoch 4/15	Loss 6.6789 ± 0.1456
INFO:kbc-cli.py:Epoch 5/15	Loss 6.5920 ± 0.1332
INFO:kbc-cli.py:Epoch 6/15	Loss 6.5303 ± 0.1249
INFO:kbc-cli.py:Epoch 6/15	dev results	MRR 0.918150	H@1 0.850460	H@3 0.982362	H@5 0.993098	H@10 0.998466	H@20 0.999233	H@50 1.000000	H@100 1.000000
INFO:kbc-cli.py:Epoch 6/15	test results	MRR 0.903741	H@1 0.819970	H@3 0.987141	H@5 0.990923	H@10 0.996218	H@20 0.997731	H@50 1.000000	H@100 1.000000
INFO:kbc-cli.py:Epoch 7/15	Loss 6.4849 ± 0.1227
INFO:kbc-cli.py:Epoch 8/15	Loss 6.4490 ± 0.1358
INFO:kbc-cli.py:Epoch 9/15	Loss 6.4161 ± 0.1234
INFO:kbc-cli.py:Epoch 9/15	dev results	MRR 0.931620	H@1 0.876534	H@3 0.983129	H@5 0.993865	H@10 0.999233	H@20 0.999233	H@50 1.000000	H@100 1.000000
INFO:kbc-cli.py:Epoch 9/15	test results	MRR 0.916297	H@1 0.846445	H@3 0.985628	H@5 0.990923	H@10 0.996974	H@20 0.997731	H@50 1.000000	H@100 1.000000
INFO:kbc-cli.py:Epoch 10/15	Loss 6.3912 ± 0.1187
INFO:kbc-cli.py:Epoch 11/15	Loss 6.3713 ± 0.1391
INFO:kbc-cli.py:Epoch 12/15	Loss 6.3524 ± 0.1237
INFO:kbc-cli.py:Epoch 12/15	dev results	MRR 0.929196	H@1 0.873466	H@3 0.980061	H@5 0.991564	H@10 0.997699	H@20 0.999233	H@50 1.000000	H@100 1.000000
INFO:kbc-cli.py:Epoch 12/15	test results	MRR 0.924755	H@1 0.862330	H@3 0.985628	H@5 0.990923	H@10 0.996218	H@20 0.997731	H@50 1.000000	H@100 1.000000
INFO:kbc-cli.py:Epoch 13/15	Loss 6.3341 ± 0.1066
INFO:kbc-cli.py:Epoch 14/15	Loss 6.3221 ± 0.1202
INFO:kbc-cli.py:Epoch 15/15	Loss 6.3079 ± 0.1246
INFO:kbc-cli.py:Epoch 15/15	dev results	MRR 0.931916	H@1 0.879601	H@3 0.977761	H@5 0.990031	H@10 0.996933	H@20 0.999233	H@50 1.000000	H@100 1.000000
INFO:kbc-cli.py:Epoch 15/15	test results	MRR 0.927947	H@1 0.869138	H@3 0.985628	H@5 0.990166	H@10 0.996974	H@20 0.997731	H@50 1.000000	H@100 1.000000
INFO:kbc-cli.py:Final 	dev results	MRR 0.931916	H@1 0.879601	H@3 0.977761	H@5 0.990031	H@10 0.996933	H@20 0.999233	H@50 1.000000	H@100 1.000000
INFO:kbc-cli.py:Final 	test results	MRR 0.927947	H@1 0.869138	H@3 0.985628	H@5 0.990166	H@10 0.996974	H@20 0.997731	H@50 1.000000	H@100 1.000000
INFO:kbc-cli.py:Training finished
