./bin/kbc-cli.py --train data/yago3-10/train.tsv --dev data/yago3-10/dev.tsv --test data/yago3-10/test.tsv -m complex -k 200 -b 100 -e 100 --F2 0 --N3 0.05 -l 0.1 -I standard -V 3 -o adagrad -c spo -q
{'F2': 0.0,
 'N3': 0.05,
 'batch_size': 100,
 'corruption': 'spo',
 'dev': 'data/yago3-10/dev.tsv',
 'embedding_size': 200,
 'epochs': 100,
 'eval_batch_size': None,
 'input_type': 'standard',
 'learning_rate': 0.1,
 'load': None,
 'model': 'complex',
 'optimizer': 'adagrad',
 'quiet': True,
 'save': None,
 'seed': 0,
 'test': 'data/yago3-10/test.tsv',
 'test_i': None,
 'test_ii': None,
 'train': 'data/yago3-10/train.tsv',
 'validate_every': 3}
INFO:kbc-cli.py:Device: cuda
INFO:kbc-cli.py:Model state:
INFO:kbc-cli.py:	entities.weight	torch.Size([123182, 400])
INFO:kbc-cli.py:	predicates.weight	torch.Size([37, 400])
INFO:kbc-cli.py:Epoch 1/100	Loss 23.3719 ± 2.7602
INFO:kbc-cli.py:Epoch 2/100	Loss 16.7055 ± 0.4379
INFO:kbc-cli.py:Epoch 3/100	Loss 14.5873 ± 0.2501
INFO:kbc-cli.py:Epoch 3/100	dev results	MRR 0.381904	H@1 0.283900	H@3 0.432200	H@5 0.489400	H@10 0.567400	H@20 0.639200	H@50 0.723500	H@100 0.773300
INFO:kbc-cli.py:Epoch 3/100	test results	MRR 0.387665	H@1 0.291100	H@3 0.436300	H@5 0.497200	H@10 0.569900	H@20 0.643100	H@50 0.726400	H@100 0.776700
INFO:kbc-cli.py:Epoch 4/100	Loss 13.6908 ± 0.2558
INFO:kbc-cli.py:Epoch 5/100	Loss 13.1731 ± 0.2601
INFO:kbc-cli.py:Epoch 6/100	Loss 12.8181 ± 0.2545
INFO:kbc-cli.py:Epoch 6/100	dev results	MRR 0.438068	H@1 0.341200	H@3 0.485500	H@5 0.545000	H@10 0.622100	H@20 0.690100	H@50 0.768600	H@100 0.803400
INFO:kbc-cli.py:Epoch 6/100	test results	MRR 0.438872	H@1 0.342900	H@3 0.487000	H@5 0.544800	H@10 0.621200	H@20 0.692400	H@50 0.767700	H@100 0.808200
INFO:kbc-cli.py:Epoch 7/100	Loss 12.5498 ± 0.2551
INFO:kbc-cli.py:Epoch 8/100	Loss 12.3355 ± 0.2535
INFO:kbc-cli.py:Epoch 9/100	Loss 12.1590 ± 0.2514
INFO:kbc-cli.py:Epoch 9/100	dev results	MRR 0.464295	H@1 0.369100	H@3 0.515100	H@5 0.573000	H@10 0.642800	H@20 0.708700	H@50 0.777400	H@100 0.810600
INFO:kbc-cli.py:Epoch 9/100	test results	MRR 0.459906	H@1 0.365600	H@3 0.507700	H@5 0.569100	H@10 0.638400	H@20 0.708600	H@50 0.778700	H@100 0.816300
INFO:kbc-cli.py:Epoch 10/100	Loss 12.0099 ± 0.2511
INFO:kbc-cli.py:Epoch 11/100	Loss 11.8824 ± 0.2448
INFO:kbc-cli.py:Epoch 12/100	Loss 11.7722 ± 0.2438
INFO:kbc-cli.py:Epoch 12/100	dev results	MRR 0.483117	H@1 0.388900	H@3 0.534700	H@5 0.588700	H@10 0.658000	H@20 0.716400	H@50 0.781700	H@100 0.813500
INFO:kbc-cli.py:Epoch 12/100	test results	MRR 0.484348	H@1 0.392000	H@3 0.534800	H@5 0.590800	H@10 0.657000	H@20 0.720200	H@50 0.784900	H@100 0.819000
INFO:kbc-cli.py:Epoch 13/100	Loss 11.6758 ± 0.2478
INFO:kbc-cli.py:Epoch 14/100	Loss 11.5908 ± 0.2447
INFO:kbc-cli.py:Epoch 15/100	Loss 11.5156 ± 0.2450
INFO:kbc-cli.py:Epoch 15/100	dev results	MRR 0.502623	H@1 0.412600	H@3 0.554500	H@5 0.606100	H@10 0.669500	H@20 0.725500	H@50 0.783500	H@100 0.814900
INFO:kbc-cli.py:Epoch 15/100	test results	MRR 0.500584	H@1 0.411200	H@3 0.551000	H@5 0.603100	H@10 0.668800	H@20 0.726500	H@50 0.787300	H@100 0.821600
INFO:kbc-cli.py:Epoch 16/100	Loss 11.4484 ± 0.2450
INFO:kbc-cli.py:Epoch 17/100	Loss 11.3882 ± 0.2408
INFO:kbc-cli.py:Epoch 18/100	Loss 11.3338 ± 0.2413
INFO:kbc-cli.py:Epoch 18/100	dev results	MRR 0.511893	H@1 0.421200	H@3 0.565400	H@5 0.617700	H@10 0.677800	H@20 0.730400	H@50 0.784800	H@100 0.817300
INFO:kbc-cli.py:Epoch 18/100	test results	MRR 0.512745	H@1 0.425000	H@3 0.560800	H@5 0.612900	H@10 0.675200	H@20 0.731000	H@50 0.789100	H@100 0.822700
INFO:kbc-cli.py:Epoch 19/100	Loss 11.2845 ± 0.2438
INFO:kbc-cli.py:Epoch 20/100	Loss 11.2397 ± 0.2435
INFO:kbc-cli.py:Epoch 21/100	Loss 11.1985 ± 0.2392
INFO:kbc-cli.py:Epoch 21/100	dev results	MRR 0.520910	H@1 0.431700	H@3 0.576300	H@5 0.626100	H@10 0.683700	H@20 0.733400	H@50 0.785700	H@100 0.817800
INFO:kbc-cli.py:Epoch 21/100	test results	MRR 0.520338	H@1 0.433600	H@3 0.570600	H@5 0.623000	H@10 0.680600	H@20 0.733200	H@50 0.791200	H@100 0.824700
INFO:kbc-cli.py:Epoch 22/100	Loss 11.1608 ± 0.2425
INFO:kbc-cli.py:Epoch 23/100	Loss 11.1261 ± 0.2406
INFO:kbc-cli.py:Epoch 24/100	Loss 11.0939 ± 0.2415
INFO:kbc-cli.py:Epoch 24/100	dev results	MRR 0.529310	H@1 0.442700	H@3 0.581900	H@5 0.631800	H@10 0.687000	H@20 0.733300	H@50 0.787700	H@100 0.819000
INFO:kbc-cli.py:Epoch 24/100	test results	MRR 0.527543	H@1 0.441000	H@3 0.577900	H@5 0.628000	H@10 0.684900	H@20 0.736500	H@50 0.792800	H@100 0.825500
INFO:kbc-cli.py:Epoch 25/100	Loss 11.0640 ± 0.2391
INFO:kbc-cli.py:Epoch 26/100	Loss 11.0362 ± 0.2395
INFO:kbc-cli.py:Epoch 27/100	Loss 11.0103 ± 0.2433
INFO:kbc-cli.py:Epoch 27/100	dev results	MRR 0.531383	H@1 0.444200	H@3 0.583200	H@5 0.632700	H@10 0.689100	H@20 0.736100	H@50 0.787800	H@100 0.819600
INFO:kbc-cli.py:Epoch 27/100	test results	MRR 0.529256	H@1 0.442600	H@3 0.580300	H@5 0.632200	H@10 0.687600	H@20 0.737100	H@50 0.793000	H@100 0.825800
INFO:kbc-cli.py:Epoch 28/100	Loss 10.9860 ± 0.2415
INFO:kbc-cli.py:Epoch 29/100	Loss 10.9633 ± 0.2371
INFO:kbc-cli.py:Epoch 30/100	Loss 10.9419 ± 0.2407
INFO:kbc-cli.py:Epoch 30/100	dev results	MRR 0.537204	H@1 0.452300	H@3 0.587300	H@5 0.636500	H@10 0.691400	H@20 0.738100	H@50 0.788100	H@100 0.820200
INFO:kbc-cli.py:Epoch 30/100	test results	MRR 0.536198	H@1 0.451900	H@3 0.585400	H@5 0.633700	H@10 0.689700	H@20 0.739500	H@50 0.793700	H@100 0.826300
INFO:kbc-cli.py:Epoch 31/100	Loss 10.9218 ± 0.2416
INFO:kbc-cli.py:Epoch 32/100	Loss 10.9028 ± 0.2394
INFO:kbc-cli.py:Epoch 33/100	Loss 10.8848 ± 0.2387
INFO:kbc-cli.py:Epoch 33/100	dev results	MRR 0.538459	H@1 0.453100	H@3 0.588900	H@5 0.641100	H@10 0.693000	H@20 0.738000	H@50 0.788400	H@100 0.821200
INFO:kbc-cli.py:Epoch 33/100	test results	MRR 0.536133	H@1 0.450200	H@3 0.586900	H@5 0.636800	H@10 0.691900	H@20 0.740300	H@50 0.793900	H@100 0.826100
INFO:kbc-cli.py:Epoch 34/100	Loss 10.8679 ± 0.2373
INFO:kbc-cli.py:Epoch 35/100	Loss 10.8518 ± 0.2392
INFO:kbc-cli.py:Epoch 36/100	Loss 10.8366 ± 0.2411
INFO:kbc-cli.py:Epoch 36/100	dev results	MRR 0.540301	H@1 0.455200	H@3 0.591100	H@5 0.639900	H@10 0.695400	H@20 0.738800	H@50 0.790000	H@100 0.821000
INFO:kbc-cli.py:Epoch 36/100	test results	MRR 0.542098	H@1 0.459800	H@3 0.588800	H@5 0.637000	H@10 0.693500	H@20 0.741700	H@50 0.794300	H@100 0.827200
INFO:kbc-cli.py:Epoch 37/100	Loss 10.8219 ± 0.2399
INFO:kbc-cli.py:Epoch 38/100	Loss 10.8082 ± 0.2399
INFO:kbc-cli.py:Epoch 39/100	Loss 10.7951 ± 0.2365
INFO:kbc-cli.py:Epoch 39/100	dev results	MRR 0.543134	H@1 0.457800	H@3 0.595500	H@5 0.641900	H@10 0.696200	H@20 0.738100	H@50 0.789700	H@100 0.823200
INFO:kbc-cli.py:Epoch 39/100	test results	MRR 0.540469	H@1 0.455400	H@3 0.590700	H@5 0.640300	H@10 0.693100	H@20 0.743100	H@50 0.795700	H@100 0.827200
INFO:kbc-cli.py:Epoch 40/100	Loss 10.7824 ± 0.2391
INFO:kbc-cli.py:Epoch 41/100	Loss 10.7704 ± 0.2414
INFO:kbc-cli.py:Epoch 42/100	Loss 10.7589 ± 0.2372
INFO:kbc-cli.py:Epoch 42/100	dev results	MRR 0.544475	H@1 0.460800	H@3 0.595300	H@5 0.643800	H@10 0.697200	H@20 0.739700	H@50 0.790400	H@100 0.823700
INFO:kbc-cli.py:Epoch 42/100	test results	MRR 0.543228	H@1 0.459500	H@3 0.593500	H@5 0.639100	H@10 0.694400	H@20 0.742900	H@50 0.795800	H@100 0.828000
INFO:kbc-cli.py:Epoch 43/100	Loss 10.7478 ± 0.2410
INFO:kbc-cli.py:Epoch 44/100	Loss 10.7374 ± 0.2386
INFO:kbc-cli.py:Epoch 45/100	Loss 10.7272 ± 0.2375
INFO:kbc-cli.py:Epoch 45/100	dev results	MRR 0.545527	H@1 0.461900	H@3 0.596800	H@5 0.644500	H@10 0.698700	H@20 0.740600	H@50 0.790700	H@100 0.823900
INFO:kbc-cli.py:Epoch 45/100	test results	MRR 0.544251	H@1 0.460100	H@3 0.593700	H@5 0.642800	H@10 0.696200	H@20 0.743800	H@50 0.796900	H@100 0.828600
INFO:kbc-cli.py:Epoch 46/100	Loss 10.7176 ± 0.2380
INFO:kbc-cli.py:Epoch 47/100	Loss 10.7081 ± 0.2386
INFO:kbc-cli.py:Epoch 48/100	Loss 10.6992 ± 0.2384
INFO:kbc-cli.py:Epoch 48/100	dev results	MRR 0.545094	H@1 0.459900	H@3 0.596300	H@5 0.645500	H@10 0.699400	H@20 0.740700	H@50 0.791000	H@100 0.824600
INFO:kbc-cli.py:Epoch 48/100	test results	MRR 0.545630	H@1 0.462400	H@3 0.593700	H@5 0.643700	H@10 0.696400	H@20 0.744600	H@50 0.797100	H@100 0.827900
INFO:kbc-cli.py:Epoch 49/100	Loss 10.6906 ± 0.2391
INFO:kbc-cli.py:Epoch 50/100	Loss 10.6823 ± 0.2385
INFO:kbc-cli.py:Epoch 51/100	Loss 10.6743 ± 0.2383
INFO:kbc-cli.py:Epoch 51/100	dev results	MRR 0.546882	H@1 0.463400	H@3 0.597200	H@5 0.648100	H@10 0.700800	H@20 0.740200	H@50 0.792300	H@100 0.824500
INFO:kbc-cli.py:Epoch 51/100	test results	MRR 0.545844	H@1 0.461800	H@3 0.594900	H@5 0.645000	H@10 0.698200	H@20 0.744500	H@50 0.797700	H@100 0.828600
INFO:kbc-cli.py:Epoch 52/100	Loss 10.6665 ± 0.2421
INFO:kbc-cli.py:Epoch 53/100	Loss 10.6591 ± 0.2359
INFO:kbc-cli.py:Epoch 54/100	Loss 10.6519 ± 0.2391
INFO:kbc-cli.py:Epoch 54/100	dev results	MRR 0.548221	H@1 0.464500	H@3 0.600500	H@5 0.648000	H@10 0.699200	H@20 0.741300	H@50 0.792300	H@100 0.824700
INFO:kbc-cli.py:Epoch 54/100	test results	MRR 0.547906	H@1 0.464700	H@3 0.596700	H@5 0.645100	H@10 0.698300	H@20 0.744600	H@50 0.797300	H@100 0.828900
INFO:kbc-cli.py:Epoch 55/100	Loss 10.6449 ± 0.2362
INFO:kbc-cli.py:Epoch 56/100	Loss 10.6382 ± 0.2358
INFO:kbc-cli.py:Epoch 57/100	Loss 10.6316 ± 0.2393
INFO:kbc-cli.py:Epoch 57/100	dev results	MRR 0.548798	H@1 0.464600	H@3 0.601500	H@5 0.649300	H@10 0.700100	H@20 0.741900	H@50 0.793100	H@100 0.824700
INFO:kbc-cli.py:Epoch 57/100	test results	MRR 0.547070	H@1 0.463200	H@3 0.596800	H@5 0.644400	H@10 0.699500	H@20 0.745500	H@50 0.796500	H@100 0.828300
INFO:kbc-cli.py:Epoch 58/100	Loss 10.6253 ± 0.2377
INFO:kbc-cli.py:Epoch 59/100	Loss 10.6192 ± 0.2404
INFO:kbc-cli.py:Epoch 60/100	Loss 10.6133 ± 0.2393
INFO:kbc-cli.py:Epoch 60/100	dev results	MRR 0.548915	H@1 0.465300	H@3 0.601300	H@5 0.649000	H@10 0.699600	H@20 0.742000	H@50 0.792200	H@100 0.825800
INFO:kbc-cli.py:Epoch 60/100	test results	MRR 0.548224	H@1 0.464400	H@3 0.597500	H@5 0.646100	H@10 0.699900	H@20 0.746000	H@50 0.797500	H@100 0.829300
INFO:kbc-cli.py:Epoch 61/100	Loss 10.6075 ± 0.2385
INFO:kbc-cli.py:Epoch 62/100	Loss 10.6020 ± 0.2403
INFO:kbc-cli.py:Epoch 63/100	Loss 10.5966 ± 0.2382
INFO:kbc-cli.py:Epoch 63/100	dev results	MRR 0.549919	H@1 0.466700	H@3 0.600300	H@5 0.649400	H@10 0.700900	H@20 0.743100	H@50 0.792900	H@100 0.825400
INFO:kbc-cli.py:Epoch 63/100	test results	MRR 0.549190	H@1 0.465600	H@3 0.598800	H@5 0.644300	H@10 0.700000	H@20 0.745500	H@50 0.798200	H@100 0.829600
INFO:kbc-cli.py:Epoch 64/100	Loss 10.5913 ± 0.2363
INFO:kbc-cli.py:Epoch 65/100	Loss 10.5862 ± 0.2360
INFO:kbc-cli.py:Epoch 66/100	Loss 10.5812 ± 0.2382
INFO:kbc-cli.py:Epoch 66/100	dev results	MRR 0.549769	H@1 0.465700	H@3 0.602500	H@5 0.651700	H@10 0.700800	H@20 0.743600	H@50 0.793600	H@100 0.826200
INFO:kbc-cli.py:Epoch 66/100	test results	MRR 0.549336	H@1 0.466000	H@3 0.599400	H@5 0.646000	H@10 0.700300	H@20 0.746200	H@50 0.798600	H@100 0.830100
INFO:kbc-cli.py:Epoch 67/100	Loss 10.5764 ± 0.2383
INFO:kbc-cli.py:Epoch 68/100	Loss 10.5717 ± 0.2407
INFO:kbc-cli.py:Epoch 69/100	Loss 10.5672 ± 0.2419
INFO:kbc-cli.py:Epoch 69/100	dev results	MRR 0.550526	H@1 0.467700	H@3 0.601300	H@5 0.651400	H@10 0.701500	H@20 0.742700	H@50 0.793300	H@100 0.827000
INFO:kbc-cli.py:Epoch 69/100	test results	MRR 0.549881	H@1 0.466000	H@3 0.598700	H@5 0.648200	H@10 0.700200	H@20 0.747000	H@50 0.798600	H@100 0.831200
INFO:kbc-cli.py:Epoch 70/100	Loss 10.5627 ± 0.2401
INFO:kbc-cli.py:Epoch 71/100	Loss 10.5584 ± 0.2388
INFO:kbc-cli.py:Epoch 72/100	Loss 10.5542 ± 0.2375
INFO:kbc-cli.py:Epoch 72/100	dev results	MRR 0.551216	H@1 0.468000	H@3 0.603200	H@5 0.651100	H@10 0.700700	H@20 0.742800	H@50 0.793800	H@100 0.827400
INFO:kbc-cli.py:Epoch 72/100	test results	MRR 0.551293	H@1 0.467500	H@3 0.601500	H@5 0.647100	H@10 0.701700	H@20 0.747900	H@50 0.798400	H@100 0.831100
INFO:kbc-cli.py:Epoch 73/100	Loss 10.5500 ± 0.2402
INFO:kbc-cli.py:Epoch 74/100	Loss 10.5461 ± 0.2380
INFO:kbc-cli.py:Epoch 75/100	Loss 10.5421 ± 0.2404
INFO:kbc-cli.py:Epoch 75/100	dev results	MRR 0.552157	H@1 0.469300	H@3 0.604100	H@5 0.652200	H@10 0.701500	H@20 0.743300	H@50 0.793800	H@100 0.826600
INFO:kbc-cli.py:Epoch 75/100	test results	MRR 0.551481	H@1 0.468000	H@3 0.600500	H@5 0.647900	H@10 0.700600	H@20 0.747600	H@50 0.799400	H@100 0.830900
INFO:kbc-cli.py:Epoch 76/100	Loss 10.5383 ± 0.2388
INFO:kbc-cli.py:Epoch 77/100	Loss 10.5346 ± 0.2394
INFO:kbc-cli.py:Epoch 78/100	Loss 10.5310 ± 0.2413
INFO:kbc-cli.py:Epoch 78/100	dev results	MRR 0.552255	H@1 0.469600	H@3 0.604200	H@5 0.652000	H@10 0.702200	H@20 0.742900	H@50 0.795000	H@100 0.827600
INFO:kbc-cli.py:Epoch 78/100	test results	MRR 0.551290	H@1 0.467600	H@3 0.600900	H@5 0.648300	H@10 0.700600	H@20 0.748700	H@50 0.799300	H@100 0.831600
INFO:kbc-cli.py:Epoch 79/100	Loss 10.5274 ± 0.2367
INFO:kbc-cli.py:Epoch 80/100	Loss 10.5240 ± 0.2380
INFO:kbc-cli.py:Epoch 81/100	Loss 10.5206 ± 0.2400
INFO:kbc-cli.py:Epoch 81/100	dev results	MRR 0.552803	H@1 0.470200	H@3 0.603100	H@5 0.652200	H@10 0.701900	H@20 0.743400	H@50 0.795000	H@100 0.827200
INFO:kbc-cli.py:Epoch 81/100	test results	MRR 0.552505	H@1 0.469400	H@3 0.602600	H@5 0.649300	H@10 0.701100	H@20 0.749000	H@50 0.799500	H@100 0.832300
INFO:kbc-cli.py:Epoch 82/100	Loss 10.5172 ± 0.2384
INFO:kbc-cli.py:Epoch 83/100	Loss 10.5140 ± 0.2400
INFO:kbc-cli.py:Epoch 84/100	Loss 10.5108 ± 0.2378
INFO:kbc-cli.py:Epoch 84/100	dev results	MRR 0.552869	H@1 0.470200	H@3 0.603300	H@5 0.653100	H@10 0.702500	H@20 0.743400	H@50 0.794700	H@100 0.828200
INFO:kbc-cli.py:Epoch 84/100	test results	MRR 0.551918	H@1 0.468500	H@3 0.602800	H@5 0.648600	H@10 0.700900	H@20 0.749300	H@50 0.799900	H@100 0.832700
INFO:kbc-cli.py:Epoch 85/100	Loss 10.5077 ± 0.2377
INFO:kbc-cli.py:Epoch 86/100	Loss 10.5047 ± 0.2371
INFO:kbc-cli.py:Epoch 87/100	Loss 10.5017 ± 0.2408
INFO:kbc-cli.py:Epoch 87/100	dev results	MRR 0.552868	H@1 0.469900	H@3 0.604800	H@5 0.652500	H@10 0.702600	H@20 0.743300	H@50 0.794700	H@100 0.828100
INFO:kbc-cli.py:Epoch 87/100	test results	MRR 0.552296	H@1 0.469100	H@3 0.603100	H@5 0.647800	H@10 0.702000	H@20 0.748500	H@50 0.799500	H@100 0.831900
INFO:kbc-cli.py:Epoch 88/100	Loss 10.4988 ± 0.2402
INFO:kbc-cli.py:Epoch 89/100	Loss 10.4960 ± 0.2409
INFO:kbc-cli.py:Epoch 90/100	Loss 10.4932 ± 0.2436
INFO:kbc-cli.py:Epoch 90/100	dev results	MRR 0.553170	H@1 0.470200	H@3 0.604500	H@5 0.652900	H@10 0.702600	H@20 0.743900	H@50 0.795800	H@100 0.827800
INFO:kbc-cli.py:Epoch 90/100	test results	MRR 0.553604	H@1 0.471300	H@3 0.602500	H@5 0.649700	H@10 0.701700	H@20 0.749900	H@50 0.800100	H@100 0.832400
INFO:kbc-cli.py:Epoch 91/100	Loss 10.4904 ± 0.2394
INFO:kbc-cli.py:Epoch 92/100	Loss 10.4877 ± 0.2403
INFO:kbc-cli.py:Epoch 93/100	Loss 10.4851 ± 0.2410
INFO:kbc-cli.py:Epoch 93/100	dev results	MRR 0.553911	H@1 0.471300	H@3 0.605900	H@5 0.652300	H@10 0.701700	H@20 0.744400	H@50 0.794700	H@100 0.828300
INFO:kbc-cli.py:Epoch 93/100	test results	MRR 0.553963	H@1 0.472800	H@3 0.601700	H@5 0.648400	H@10 0.701400	H@20 0.749600	H@50 0.800100	H@100 0.831800
INFO:kbc-cli.py:Epoch 94/100	Loss 10.4826 ± 0.2384
INFO:kbc-cli.py:Epoch 95/100	Loss 10.4800 ± 0.2415
INFO:kbc-cli.py:Epoch 96/100	Loss 10.4775 ± 0.2384
INFO:kbc-cli.py:Epoch 96/100	dev results	MRR 0.553574	H@1 0.470600	H@3 0.605900	H@5 0.653300	H@10 0.702300	H@20 0.743800	H@50 0.795200	H@100 0.828600
INFO:kbc-cli.py:Epoch 96/100	test results	MRR 0.554041	H@1 0.471400	H@3 0.604600	H@5 0.648700	H@10 0.702400	H@20 0.750900	H@50 0.800300	H@100 0.832700
INFO:kbc-cli.py:Epoch 97/100	Loss 10.4751 ± 0.2388
INFO:kbc-cli.py:Epoch 98/100	Loss 10.4727 ± 0.2366
INFO:kbc-cli.py:Epoch 99/100	Loss 10.4704 ± 0.2395
INFO:kbc-cli.py:Epoch 99/100	dev results	MRR 0.554312	H@1 0.471900	H@3 0.605000	H@5 0.654700	H@10 0.702400	H@20 0.744600	H@50 0.795300	H@100 0.828400
INFO:kbc-cli.py:Epoch 99/100	test results	MRR 0.554156	H@1 0.471600	H@3 0.603700	H@5 0.650700	H@10 0.702900	H@20 0.750200	H@50 0.800100	H@100 0.832900
INFO:kbc-cli.py:Epoch 100/100	Loss 10.4681 ± 0.2412
INFO:kbc-cli.py:Final 	dev results	MRR 0.553474	H@1 0.470600	H@3 0.603300	H@5 0.653300	H@10 0.703000	H@20 0.743600	H@50 0.795300	H@100 0.828000
INFO:kbc-cli.py:Final 	test results	MRR 0.554034	H@1 0.471700	H@3 0.602800	H@5 0.649300	H@10 0.702100	H@20 0.750800	H@50 0.800100	H@100 0.832700
INFO:kbc-cli.py:Training finished
