./bin/kbc-cli.py --train data/yago3-10/train.tsv --dev data/yago3-10/dev.tsv --test data/yago3-10/test.tsv -m complex -k 1000 -b 50 -e 100 --F2 0.01 --N3 0 -l 0.1 -I standard -V 3 -o adagrad -c spo -q
{'F2': 0.01,
 'N3': 0.0,
 'batch_size': 50,
 'corruption': 'spo',
 'dev': 'data/yago3-10/dev.tsv',
 'embedding_size': 1000,
 'epochs': 100,
 'eval_batch_size': None,
 'input_type': 'standard',
 'learning_rate': 0.1,
 'load': None,
 'model': 'complex',
 'optimizer': 'adagrad',
 'quiet': True,
 'save': None,
 'seed': 0,
 'test': 'data/yago3-10/test.tsv',
 'test_i': None,
 'test_ii': None,
 'train': 'data/yago3-10/train.tsv',
 'validate_every': 3}
INFO:kbc-cli.py:Device: cuda
INFO:kbc-cli.py:Model state:
INFO:kbc-cli.py:	entities.weight	torch.Size([123182, 2000])
INFO:kbc-cli.py:	predicates.weight	torch.Size([37, 2000])
INFO:kbc-cli.py:Epoch 1/100	Loss 19.5356 ± 2.5278
INFO:kbc-cli.py:Epoch 2/100	Loss 13.2839 ± 0.3917
INFO:kbc-cli.py:Epoch 3/100	Loss 11.6749 ± 0.3735
INFO:kbc-cli.py:Epoch 3/100	dev results	MRR 0.442963	H@1 0.348400	H@3 0.493600	H@5 0.548200	H@10 0.614500	H@20 0.682800	H@50 0.757600	H@100 0.796800
INFO:kbc-cli.py:Epoch 3/100	test results	MRR 0.446109	H@1 0.355100	H@3 0.492700	H@5 0.549200	H@10 0.618900	H@20 0.686600	H@50 0.757600	H@100 0.798100
INFO:kbc-cli.py:Epoch 4/100	Loss 11.1259 ± 0.3733
INFO:kbc-cli.py:Epoch 5/100	Loss 10.8241 ± 0.3674
INFO:kbc-cli.py:Epoch 6/100	Loss 10.6224 ± 0.3591
INFO:kbc-cli.py:Epoch 6/100	dev results	MRR 0.503270	H@1 0.417600	H@3 0.549000	H@5 0.599700	H@10 0.663300	H@20 0.717000	H@50 0.779700	H@100 0.813200
INFO:kbc-cli.py:Epoch 6/100	test results	MRR 0.502162	H@1 0.417900	H@3 0.547600	H@5 0.596500	H@10 0.661000	H@20 0.717500	H@50 0.779400	H@100 0.815900
INFO:kbc-cli.py:Epoch 7/100	Loss 10.4719 ± 0.3535
INFO:kbc-cli.py:Epoch 8/100	Loss 10.3527 ± 0.3483
INFO:kbc-cli.py:Epoch 9/100	Loss 10.2549 ± 0.3442
INFO:kbc-cli.py:Epoch 9/100	dev results	MRR 0.524733	H@1 0.441000	H@3 0.571000	H@5 0.622500	H@10 0.682200	H@20 0.731400	H@50 0.782600	H@100 0.815800
INFO:kbc-cli.py:Epoch 9/100	test results	MRR 0.521568	H@1 0.439000	H@3 0.567700	H@5 0.615800	H@10 0.674100	H@20 0.727300	H@50 0.784300	H@100 0.818300
INFO:kbc-cli.py:Epoch 10/100	Loss 10.1714 ± 0.3430
INFO:kbc-cli.py:Epoch 11/100	Loss 10.0995 ± 0.3336
INFO:kbc-cli.py:Epoch 12/100	Loss 10.0364 ± 0.3314
INFO:kbc-cli.py:Epoch 12/100	dev results	MRR 0.538393	H@1 0.455300	H@3 0.586100	H@5 0.634000	H@10 0.691600	H@20 0.735300	H@50 0.784800	H@100 0.816900
INFO:kbc-cli.py:Epoch 12/100	test results	MRR 0.538894	H@1 0.459200	H@3 0.583700	H@5 0.631800	H@10 0.686100	H@20 0.733500	H@50 0.785100	H@100 0.820800
INFO:kbc-cli.py:Epoch 13/100	Loss 9.9798 ± 0.3326
INFO:kbc-cli.py:Epoch 14/100	Loss 9.9288 ± 0.3279
INFO:kbc-cli.py:Epoch 15/100	Loss 9.8825 ± 0.3258
INFO:kbc-cli.py:Epoch 15/100	dev results	MRR 0.548443	H@1 0.466400	H@3 0.600500	H@5 0.643600	H@10 0.697100	H@20 0.738600	H@50 0.785500	H@100 0.817200
INFO:kbc-cli.py:Epoch 15/100	test results	MRR 0.545736	H@1 0.467000	H@3 0.591600	H@5 0.638400	H@10 0.692000	H@20 0.734700	H@50 0.785900	H@100 0.819900
INFO:kbc-cli.py:Epoch 16/100	Loss 9.8400 ± 0.3248
INFO:kbc-cli.py:Epoch 17/100	Loss 9.8009 ± 0.3207
INFO:kbc-cli.py:Epoch 18/100	Loss 9.7645 ± 0.3190
INFO:kbc-cli.py:Epoch 18/100	dev results	MRR 0.553415	H@1 0.473000	H@3 0.604600	H@5 0.646100	H@10 0.698700	H@20 0.739900	H@50 0.785300	H@100 0.818700
INFO:kbc-cli.py:Epoch 18/100	test results	MRR 0.549967	H@1 0.471600	H@3 0.595900	H@5 0.642100	H@10 0.692900	H@20 0.737600	H@50 0.786700	H@100 0.820600
INFO:kbc-cli.py:Epoch 19/100	Loss 9.7307 ± 0.3202
INFO:kbc-cli.py:Epoch 20/100	Loss 9.6990 ± 0.3192
INFO:kbc-cli.py:Epoch 21/100	Loss 9.6692 ± 0.3158
INFO:kbc-cli.py:Epoch 21/100	dev results	MRR 0.555612	H@1 0.474400	H@3 0.606200	H@5 0.650800	H@10 0.702700	H@20 0.740700	H@50 0.786100	H@100 0.818200
INFO:kbc-cli.py:Epoch 21/100	test results	MRR 0.553762	H@1 0.475300	H@3 0.600000	H@5 0.644800	H@10 0.695800	H@20 0.740200	H@50 0.786800	H@100 0.820500
INFO:kbc-cli.py:Epoch 22/100	Loss 9.6411 ± 0.3155
INFO:kbc-cli.py:Epoch 23/100	Loss 9.6147 ± 0.3139
INFO:kbc-cli.py:Epoch 24/100	Loss 9.5895 ± 0.3154
INFO:kbc-cli.py:Epoch 24/100	dev results	MRR 0.560207	H@1 0.480000	H@3 0.610800	H@5 0.654700	H@10 0.702500	H@20 0.741200	H@50 0.785900	H@100 0.817900
INFO:kbc-cli.py:Epoch 24/100	test results	MRR 0.558711	H@1 0.482400	H@3 0.601900	H@5 0.647300	H@10 0.698500	H@20 0.740300	H@50 0.787700	H@100 0.820300
INFO:kbc-cli.py:Epoch 25/100	Loss 9.5655 ± 0.3102
INFO:kbc-cli.py:Epoch 26/100	Loss 9.5428 ± 0.3117
INFO:kbc-cli.py:Epoch 27/100	Loss 9.5211 ± 0.3128
INFO:kbc-cli.py:Epoch 27/100	dev results	MRR 0.562805	H@1 0.485400	H@3 0.611900	H@5 0.652800	H@10 0.702900	H@20 0.740600	H@50 0.786300	H@100 0.817500
INFO:kbc-cli.py:Epoch 27/100	test results	MRR 0.559595	H@1 0.482600	H@3 0.606800	H@5 0.649800	H@10 0.696900	H@20 0.740300	H@50 0.787400	H@100 0.818800
INFO:kbc-cli.py:Epoch 28/100	Loss 9.5003 ± 0.3123
INFO:kbc-cli.py:Epoch 29/100	Loss 9.4804 ± 0.3073
INFO:kbc-cli.py:Epoch 30/100	Loss 9.4613 ± 0.3098
INFO:kbc-cli.py:Epoch 30/100	dev results	MRR 0.563617	H@1 0.486300	H@3 0.611900	H@5 0.654700	H@10 0.704700	H@20 0.741600	H@50 0.786700	H@100 0.817900
INFO:kbc-cli.py:Epoch 30/100	test results	MRR 0.560268	H@1 0.483000	H@3 0.606500	H@5 0.652100	H@10 0.699200	H@20 0.740100	H@50 0.788100	H@100 0.820500
INFO:kbc-cli.py:Epoch 31/100	Loss 9.4430 ± 0.3082
INFO:kbc-cli.py:Epoch 32/100	Loss 9.4254 ± 0.3081
INFO:kbc-cli.py:Epoch 33/100	Loss 9.4082 ± 0.3051
INFO:kbc-cli.py:Epoch 33/100	dev results	MRR 0.564659	H@1 0.486800	H@3 0.613900	H@5 0.656000	H@10 0.703300	H@20 0.742000	H@50 0.785400	H@100 0.817800
INFO:kbc-cli.py:Epoch 33/100	test results	MRR 0.563704	H@1 0.488800	H@3 0.608600	H@5 0.653000	H@10 0.698400	H@20 0.740600	H@50 0.787900	H@100 0.819900
INFO:kbc-cli.py:Epoch 34/100	Loss 9.3919 ± 0.3037
