./bin/kbc-cli.py --train data/yago3-10/train.tsv --dev data/yago3-10/dev.tsv --test data/yago3-10/test.tsv -m complex -k 500 -b 100 -e 100 --F2 0 --N3 0.1 -l 0.1 -I standard -V 3 -o adagrad -c spo -q
{'F2': 0.0,
 'N3': 0.1,
 'batch_size': 100,
 'corruption': 'spo',
 'dev': 'data/yago3-10/dev.tsv',
 'embedding_size': 500,
 'epochs': 100,
 'eval_batch_size': None,
 'input_type': 'standard',
 'learning_rate': 0.1,
 'load': None,
 'model': 'complex',
 'optimizer': 'adagrad',
 'quiet': True,
 'save': None,
 'seed': 0,
 'test': 'data/yago3-10/test.tsv',
 'test_i': None,
 'test_ii': None,
 'train': 'data/yago3-10/train.tsv',
 'validate_every': 3}
INFO:kbc-cli.py:Device: cuda
INFO:kbc-cli.py:Model state:
INFO:kbc-cli.py:	entities.weight	torch.Size([123182, 1000])
INFO:kbc-cli.py:	predicates.weight	torch.Size([37, 1000])
INFO:kbc-cli.py:Epoch 1/100	Loss 37.6815 ± 5.0522
INFO:kbc-cli.py:Epoch 2/100	Loss 26.8817 ± 1.2898
INFO:kbc-cli.py:Epoch 3/100	Loss 22.8392 ± 0.6476
INFO:kbc-cli.py:Epoch 3/100	dev results	MRR 0.328873	H@1 0.233400	H@3 0.372500	H@5 0.429500	H@10 0.511500	H@20 0.586800	H@50 0.682900	H@100 0.743200
INFO:kbc-cli.py:Epoch 3/100	test results	MRR 0.335379	H@1 0.241300	H@3 0.380100	H@5 0.437100	H@10 0.517800	H@20 0.589700	H@50 0.687800	H@100 0.750900
INFO:kbc-cli.py:Epoch 4/100	Loss 20.7576 ± 0.4843
INFO:kbc-cli.py:Epoch 5/100	Loss 19.4355 ± 0.4152
INFO:kbc-cli.py:Epoch 6/100	Loss 18.4987 ± 0.3692
INFO:kbc-cli.py:Epoch 6/100	dev results	MRR 0.399262	H@1 0.302500	H@3 0.447500	H@5 0.506500	H@10 0.584300	H@20 0.654600	H@50 0.736500	H@100 0.789200
INFO:kbc-cli.py:Epoch 6/100	test results	MRR 0.400791	H@1 0.302300	H@3 0.450700	H@5 0.511200	H@10 0.589500	H@20 0.661700	H@50 0.740700	H@100 0.795200
INFO:kbc-cli.py:Epoch 7/100	Loss 17.7924 ± 0.3479
INFO:kbc-cli.py:Epoch 8/100	Loss 17.2376 ± 0.3261
INFO:kbc-cli.py:Epoch 9/100	Loss 16.7899 ± 0.3075
INFO:kbc-cli.py:Epoch 9/100	dev results	MRR 0.421858	H@1 0.323400	H@3 0.472800	H@5 0.531500	H@10 0.607500	H@20 0.675100	H@50 0.755800	H@100 0.801100
INFO:kbc-cli.py:Epoch 9/100	test results	MRR 0.425395	H@1 0.328000	H@3 0.476200	H@5 0.535200	H@10 0.605500	H@20 0.676800	H@50 0.763100	H@100 0.809100
INFO:kbc-cli.py:Epoch 10/100	Loss 16.4200 ± 0.2942
INFO:kbc-cli.py:Epoch 11/100	Loss 16.1093 ± 0.2879
INFO:kbc-cli.py:Epoch 12/100	Loss 15.8451 ± 0.2773
INFO:kbc-cli.py:Epoch 12/100	dev results	MRR 0.433574	H@1 0.337600	H@3 0.481100	H@5 0.540800	H@10 0.615700	H@20 0.685500	H@50 0.763900	H@100 0.809100
INFO:kbc-cli.py:Epoch 12/100	test results	MRR 0.441672	H@1 0.345600	H@3 0.491200	H@5 0.547400	H@10 0.617700	H@20 0.688700	H@50 0.771000	H@100 0.814700
INFO:kbc-cli.py:Epoch 13/100	Loss 15.6173 ± 0.2729
INFO:kbc-cli.py:Epoch 14/100	Loss 15.4189 ± 0.2623
INFO:kbc-cli.py:Epoch 15/100	Loss 15.2450 ± 0.2616
INFO:kbc-cli.py:Epoch 15/100	dev results	MRR 0.443465	H@1 0.348300	H@3 0.490600	H@5 0.550000	H@10 0.622800	H@20 0.693000	H@50 0.768300	H@100 0.812300
INFO:kbc-cli.py:Epoch 15/100	test results	MRR 0.447089	H@1 0.351100	H@3 0.497500	H@5 0.554100	H@10 0.624600	H@20 0.696000	H@50 0.775800	H@100 0.817700
INFO:kbc-cli.py:Epoch 16/100	Loss 15.0912 ± 0.2543
INFO:kbc-cli.py:Epoch 17/100	Loss 14.9545 ± 0.2536
INFO:kbc-cli.py:Epoch 18/100	Loss 14.8320 ± 0.2485
INFO:kbc-cli.py:Epoch 18/100	dev results	MRR 0.448487	H@1 0.354800	H@3 0.496600	H@5 0.550900	H@10 0.625700	H@20 0.694500	H@50 0.771100	H@100 0.816100
INFO:kbc-cli.py:Epoch 18/100	test results	MRR 0.452847	H@1 0.358700	H@3 0.500200	H@5 0.556200	H@10 0.627800	H@20 0.698900	H@50 0.779600	H@100 0.821100
INFO:kbc-cli.py:Epoch 19/100	Loss 14.7218 ± 0.2473
INFO:kbc-cli.py:Epoch 20/100	Loss 14.6222 ± 0.2433
INFO:kbc-cli.py:Epoch 21/100	Loss 14.5317 ± 0.2420
INFO:kbc-cli.py:Epoch 21/100	dev results	MRR 0.452512	H@1 0.358700	H@3 0.499200	H@5 0.555500	H@10 0.629900	H@20 0.700500	H@50 0.774300	H@100 0.816500
INFO:kbc-cli.py:Epoch 21/100	test results	MRR 0.457000	H@1 0.361300	H@3 0.506300	H@5 0.563400	H@10 0.630500	H@20 0.705100	H@50 0.782200	H@100 0.823400
INFO:kbc-cli.py:Epoch 22/100	Loss 14.4493 ± 0.2406
INFO:kbc-cli.py:Epoch 23/100	Loss 14.3739 ± 0.2374
INFO:kbc-cli.py:Epoch 24/100	Loss 14.3046 ± 0.2377
INFO:kbc-cli.py:Epoch 24/100	dev results	MRR 0.457001	H@1 0.363200	H@3 0.506300	H@5 0.561300	H@10 0.632500	H@20 0.703400	H@50 0.775200	H@100 0.818100
INFO:kbc-cli.py:Epoch 24/100	test results	MRR 0.460099	H@1 0.364300	H@3 0.510600	H@5 0.566700	H@10 0.634700	H@20 0.704800	H@50 0.784900	H@100 0.823800
INFO:kbc-cli.py:Epoch 25/100	Loss 14.2409 ± 0.2361
INFO:kbc-cli.py:Epoch 26/100	Loss 14.1819 ± 0.2347
INFO:kbc-cli.py:Epoch 27/100	Loss 14.1274 ± 0.2362
INFO:kbc-cli.py:Epoch 27/100	dev results	MRR 0.458183	H@1 0.364100	H@3 0.506700	H@5 0.561900	H@10 0.635900	H@20 0.704800	H@50 0.776800	H@100 0.819000
INFO:kbc-cli.py:Epoch 27/100	test results	MRR 0.461508	H@1 0.367600	H@3 0.508100	H@5 0.565700	H@10 0.635900	H@20 0.706800	H@50 0.785300	H@100 0.825900
INFO:kbc-cli.py:Epoch 28/100	Loss 14.0768 ± 0.2340
INFO:kbc-cli.py:Epoch 29/100	Loss 14.0298 ± 0.2308
INFO:kbc-cli.py:Epoch 30/100	Loss 13.9859 ± 0.2324
INFO:kbc-cli.py:Epoch 30/100	dev results	MRR 0.460995	H@1 0.367200	H@3 0.508500	H@5 0.564400	H@10 0.637900	H@20 0.706600	H@50 0.778400	H@100 0.820200
INFO:kbc-cli.py:Epoch 30/100	test results	MRR 0.464913	H@1 0.371300	H@3 0.514200	H@5 0.567200	H@10 0.640300	H@20 0.708100	H@50 0.785100	H@100 0.826400
INFO:kbc-cli.py:Epoch 31/100	Loss 13.9448 ± 0.2347
INFO:kbc-cli.py:Epoch 32/100	Loss 13.9065 ± 0.2323
INFO:kbc-cli.py:Epoch 33/100	Loss 13.8704 ± 0.2303
INFO:kbc-cli.py:Epoch 33/100	dev results	MRR 0.462005	H@1 0.367800	H@3 0.510500	H@5 0.567400	H@10 0.641500	H@20 0.707800	H@50 0.778000	H@100 0.819200
INFO:kbc-cli.py:Epoch 33/100	test results	MRR 0.467544	H@1 0.374400	H@3 0.515500	H@5 0.569200	H@10 0.641900	H@20 0.710900	H@50 0.785800	H@100 0.827000
INFO:kbc-cli.py:Epoch 34/100	Loss 13.8366 ± 0.2323
INFO:kbc-cli.py:Epoch 35/100	Loss 13.8047 ± 0.2300
INFO:kbc-cli.py:Epoch 36/100	Loss 13.7748 ± 0.2336
INFO:kbc-cli.py:Epoch 36/100	dev results	MRR 0.465224	H@1 0.372600	H@3 0.512700	H@5 0.569700	H@10 0.642700	H@20 0.709300	H@50 0.779400	H@100 0.821400
INFO:kbc-cli.py:Epoch 36/100	test results	MRR 0.468733	H@1 0.374800	H@3 0.519000	H@5 0.572900	H@10 0.642600	H@20 0.711500	H@50 0.788300	H@100 0.828400
INFO:kbc-cli.py:Epoch 37/100	Loss 13.7463 ± 0.2330
INFO:kbc-cli.py:Epoch 38/100	Loss 13.7197 ± 0.2329
INFO:kbc-cli.py:Epoch 39/100	Loss 13.6943 ± 0.2295
INFO:kbc-cli.py:Epoch 39/100	dev results	MRR 0.465361	H@1 0.370900	H@3 0.515000	H@5 0.571000	H@10 0.643200	H@20 0.709200	H@50 0.781400	H@100 0.821800
INFO:kbc-cli.py:Epoch 39/100	test results	MRR 0.469404	H@1 0.376100	H@3 0.517700	H@5 0.572400	H@10 0.644500	H@20 0.712600	H@50 0.789000	H@100 0.828400
INFO:kbc-cli.py:Epoch 40/100	Loss 13.6703 ± 0.2299
INFO:kbc-cli.py:Epoch 41/100	Loss 13.6475 ± 0.2338
INFO:kbc-cli.py:Epoch 42/100	Loss 13.6258 ± 0.2316
INFO:kbc-cli.py:Epoch 42/100	dev results	MRR 0.468010	H@1 0.374400	H@3 0.516700	H@5 0.572900	H@10 0.645000	H@20 0.710600	H@50 0.780900	H@100 0.822100
INFO:kbc-cli.py:Epoch 42/100	test results	MRR 0.473427	H@1 0.380800	H@3 0.519500	H@5 0.577100	H@10 0.646500	H@20 0.713700	H@50 0.789800	H@100 0.829500
INFO:kbc-cli.py:Epoch 43/100	Loss 13.6052 ± 0.2346
INFO:kbc-cli.py:Epoch 44/100	Loss 13.5856 ± 0.2315
INFO:kbc-cli.py:Epoch 45/100	Loss 13.5669 ± 0.2301
INFO:kbc-cli.py:Epoch 45/100	dev results	MRR 0.470349	H@1 0.376400	H@3 0.521600	H@5 0.574300	H@10 0.648000	H@20 0.710700	H@50 0.781300	H@100 0.822300
INFO:kbc-cli.py:Epoch 45/100	test results	MRR 0.473771	H@1 0.380300	H@3 0.524300	H@5 0.577300	H@10 0.646900	H@20 0.715000	H@50 0.788700	H@100 0.830200
INFO:kbc-cli.py:Epoch 46/100	Loss 13.5491 ± 0.2313
INFO:kbc-cli.py:Epoch 47/100	Loss 13.5320 ± 0.2322
INFO:kbc-cli.py:Epoch 48/100	Loss 13.5158 ± 0.2323
INFO:kbc-cli.py:Epoch 48/100	dev results	MRR 0.471023	H@1 0.377700	H@3 0.519300	H@5 0.575600	H@10 0.649700	H@20 0.712200	H@50 0.782200	H@100 0.824200
INFO:kbc-cli.py:Epoch 48/100	test results	MRR 0.476182	H@1 0.384100	H@3 0.522200	H@5 0.579800	H@10 0.648300	H@20 0.716300	H@50 0.790200	H@100 0.830600
INFO:kbc-cli.py:Epoch 49/100	Loss 13.5003 ± 0.2336
INFO:kbc-cli.py:Epoch 50/100	Loss 13.4853 ± 0.2317
INFO:kbc-cli.py:Epoch 51/100	Loss 13.4710 ± 0.2345
INFO:kbc-cli.py:Epoch 51/100	dev results	MRR 0.473490	H@1 0.380500	H@3 0.521300	H@5 0.577800	H@10 0.649600	H@20 0.713700	H@50 0.783300	H@100 0.823900
INFO:kbc-cli.py:Epoch 51/100	test results	MRR 0.477111	H@1 0.383700	H@3 0.525500	H@5 0.581300	H@10 0.650000	H@20 0.717000	H@50 0.790200	H@100 0.831200
INFO:kbc-cli.py:Epoch 52/100	Loss 13.4573 ± 0.2366
INFO:kbc-cli.py:Epoch 53/100	Loss 13.4442 ± 0.2321
INFO:kbc-cli.py:Epoch 54/100	Loss 13.4316 ± 0.2343
INFO:kbc-cli.py:Epoch 54/100	dev results	MRR 0.474227	H@1 0.379800	H@3 0.525500	H@5 0.579100	H@10 0.651300	H@20 0.712700	H@50 0.784100	H@100 0.824800
INFO:kbc-cli.py:Epoch 54/100	test results	MRR 0.477780	H@1 0.384200	H@3 0.527100	H@5 0.581500	H@10 0.650100	H@20 0.719100	H@50 0.790500	H@100 0.830800
INFO:kbc-cli.py:Epoch 55/100	Loss 13.4194 ± 0.2310
INFO:kbc-cli.py:Epoch 56/100	Loss 13.4077 ± 0.2298
INFO:kbc-cli.py:Epoch 57/100	Loss 13.3964 ± 0.2345
INFO:kbc-cli.py:Epoch 57/100	dev results	MRR 0.474963	H@1 0.380800	H@3 0.524900	H@5 0.580300	H@10 0.653300	H@20 0.714300	H@50 0.783900	H@100 0.826100
INFO:kbc-cli.py:Epoch 57/100	test results	MRR 0.479907	H@1 0.388000	H@3 0.528400	H@5 0.584400	H@10 0.652300	H@20 0.718800	H@50 0.790900	H@100 0.831300
INFO:kbc-cli.py:Epoch 58/100	Loss 13.3856 ± 0.2333
INFO:kbc-cli.py:Epoch 59/100	Loss 13.3751 ± 0.2353
INFO:kbc-cli.py:Epoch 60/100	Loss 13.3651 ± 0.2355
INFO:kbc-cli.py:Epoch 60/100	dev results	MRR 0.477224	H@1 0.383300	H@3 0.527200	H@5 0.583300	H@10 0.653800	H@20 0.713900	H@50 0.785000	H@100 0.826400
INFO:kbc-cli.py:Epoch 60/100	test results	MRR 0.482128	H@1 0.390000	H@3 0.530200	H@5 0.586400	H@10 0.655100	H@20 0.720900	H@50 0.791900	H@100 0.832100
INFO:kbc-cli.py:Epoch 61/100	Loss 13.3553 ± 0.2338
INFO:kbc-cli.py:Epoch 62/100	Loss 13.3460 ± 0.2371
INFO:kbc-cli.py:Epoch 63/100	Loss 13.3369 ± 0.2341
INFO:kbc-cli.py:Epoch 63/100	dev results	MRR 0.478556	H@1 0.384100	H@3 0.529000	H@5 0.583500	H@10 0.656800	H@20 0.715900	H@50 0.785600	H@100 0.826900
INFO:kbc-cli.py:Epoch 63/100	test results	MRR 0.482180	H@1 0.389700	H@3 0.531100	H@5 0.585900	H@10 0.654600	H@20 0.720800	H@50 0.792900	H@100 0.832300
INFO:kbc-cli.py:Epoch 64/100	Loss 13.3281 ± 0.2327
INFO:kbc-cli.py:Epoch 65/100	Loss 13.3197 ± 0.2337
INFO:kbc-cli.py:Epoch 66/100	Loss 13.3115 ± 0.2348
INFO:kbc-cli.py:Epoch 66/100	dev results	MRR 0.479640	H@1 0.385500	H@3 0.529300	H@5 0.584900	H@10 0.657200	H@20 0.716600	H@50 0.785500	H@100 0.826700
INFO:kbc-cli.py:Epoch 66/100	test results	MRR 0.483365	H@1 0.391100	H@3 0.530300	H@5 0.587900	H@10 0.656700	H@20 0.721400	H@50 0.792900	H@100 0.833300
INFO:kbc-cli.py:Epoch 67/100	Loss 13.3036 ± 0.2348
INFO:kbc-cli.py:Epoch 68/100	Loss 13.2959 ± 0.2368
INFO:kbc-cli.py:Epoch 69/100	Loss 13.2885 ± 0.2380
INFO:kbc-cli.py:Epoch 69/100	dev results	MRR 0.482144	H@1 0.390000	H@3 0.528900	H@5 0.586500	H@10 0.658100	H@20 0.717200	H@50 0.785900	H@100 0.828200
INFO:kbc-cli.py:Epoch 69/100	test results	MRR 0.485330	H@1 0.392900	H@3 0.533500	H@5 0.587800	H@10 0.656600	H@20 0.722900	H@50 0.793400	H@100 0.833300
INFO:kbc-cli.py:Epoch 70/100	Loss 13.2812 ± 0.2370
INFO:kbc-cli.py:Epoch 71/100	Loss 13.2743 ± 0.2358
INFO:kbc-cli.py:Epoch 72/100	Loss 13.2675 ± 0.2339
INFO:kbc-cli.py:Epoch 72/100	dev results	MRR 0.483106	H@1 0.389800	H@3 0.533200	H@5 0.590400	H@10 0.660200	H@20 0.717200	H@50 0.786500	H@100 0.828400
INFO:kbc-cli.py:Epoch 72/100	test results	MRR 0.487084	H@1 0.395700	H@3 0.534600	H@5 0.589000	H@10 0.657000	H@20 0.722700	H@50 0.792600	H@100 0.833400
INFO:kbc-cli.py:Epoch 73/100	Loss 13.2609 ± 0.2376
INFO:kbc-cli.py:Epoch 74/100	Loss 13.2546 ± 0.2355
INFO:kbc-cli.py:Epoch 75/100	Loss 13.2482 ± 0.2389
INFO:kbc-cli.py:Epoch 75/100	dev results	MRR 0.484844	H@1 0.392200	H@3 0.535700	H@5 0.588900	H@10 0.660800	H@20 0.718800	H@50 0.788000	H@100 0.828800
INFO:kbc-cli.py:Epoch 75/100	test results	MRR 0.488662	H@1 0.398100	H@3 0.535300	H@5 0.591200	H@10 0.659500	H@20 0.722700	H@50 0.793700	H@100 0.833600
INFO:kbc-cli.py:Epoch 76/100	Loss 13.2423 ± 0.2369
INFO:kbc-cli.py:Epoch 77/100	Loss 13.2364 ± 0.2379
INFO:kbc-cli.py:Epoch 78/100	Loss 13.2307 ± 0.2385
INFO:kbc-cli.py:Epoch 78/100	dev results	MRR 0.485923	H@1 0.392800	H@3 0.536000	H@5 0.592100	H@10 0.660300	H@20 0.718800	H@50 0.787600	H@100 0.828400
INFO:kbc-cli.py:Epoch 78/100	test results	MRR 0.489521	H@1 0.398600	H@3 0.537700	H@5 0.592600	H@10 0.659500	H@20 0.724100	H@50 0.794200	H@100 0.833600
INFO:kbc-cli.py:Epoch 79/100	Loss 13.2252 ± 0.2346
INFO:kbc-cli.py:Epoch 80/100	Loss 13.2198 ± 0.2361
INFO:kbc-cli.py:Epoch 81/100	Loss 13.2145 ± 0.2366
INFO:kbc-cli.py:Epoch 81/100	dev results	MRR 0.486843	H@1 0.393900	H@3 0.537700	H@5 0.593900	H@10 0.662300	H@20 0.719300	H@50 0.787600	H@100 0.828900
INFO:kbc-cli.py:Epoch 81/100	test results	MRR 0.489859	H@1 0.398800	H@3 0.537300	H@5 0.593200	H@10 0.659100	H@20 0.723700	H@50 0.793900	H@100 0.834000
INFO:kbc-cli.py:Epoch 82/100	Loss 13.2094 ± 0.2368
INFO:kbc-cli.py:Epoch 83/100	Loss 13.2044 ± 0.2372
INFO:kbc-cli.py:Epoch 84/100	Loss 13.1996 ± 0.2370
INFO:kbc-cli.py:Epoch 84/100	dev results	MRR 0.488102	H@1 0.395100	H@3 0.539500	H@5 0.594000	H@10 0.664100	H@20 0.719500	H@50 0.788000	H@100 0.828900
INFO:kbc-cli.py:Epoch 84/100	test results	MRR 0.491445	H@1 0.400800	H@3 0.538100	H@5 0.593300	H@10 0.661100	H@20 0.726100	H@50 0.794900	H@100 0.834700
INFO:kbc-cli.py:Epoch 85/100	Loss 13.1948 ± 0.2369
INFO:kbc-cli.py:Epoch 86/100	Loss 13.1902 ± 0.2359
INFO:kbc-cli.py:Epoch 87/100	Loss 13.1857 ± 0.2399
INFO:kbc-cli.py:Epoch 87/100	dev results	MRR 0.488645	H@1 0.394800	H@3 0.540000	H@5 0.595100	H@10 0.664900	H@20 0.721100	H@50 0.787700	H@100 0.828800
INFO:kbc-cli.py:Epoch 87/100	test results	MRR 0.492699	H@1 0.401700	H@3 0.540800	H@5 0.594900	H@10 0.660900	H@20 0.725100	H@50 0.794000	H@100 0.833900
INFO:kbc-cli.py:Epoch 88/100	Loss 13.1813 ± 0.2398
INFO:kbc-cli.py:Epoch 89/100	Loss 13.1771 ± 0.2403
INFO:kbc-cli.py:Epoch 90/100	Loss 13.1729 ± 0.2428
INFO:kbc-cli.py:Epoch 90/100	dev results	MRR 0.490101	H@1 0.397500	H@3 0.539300	H@5 0.596200	H@10 0.665100	H@20 0.720200	H@50 0.788400	H@100 0.829400
INFO:kbc-cli.py:Epoch 90/100	test results	MRR 0.494160	H@1 0.403900	H@3 0.541600	H@5 0.595000	H@10 0.660900	H@20 0.726300	H@50 0.795400	H@100 0.834200
INFO:kbc-cli.py:Epoch 91/100	Loss 13.1688 ± 0.2381
INFO:kbc-cli.py:Epoch 92/100	Loss 13.1648 ± 0.2392
INFO:kbc-cli.py:Epoch 93/100	Loss 13.1610 ± 0.2400
INFO:kbc-cli.py:Epoch 93/100	dev results	MRR 0.492009	H@1 0.400000	H@3 0.541400	H@5 0.596600	H@10 0.665600	H@20 0.721200	H@50 0.789000	H@100 0.829800
INFO:kbc-cli.py:Epoch 93/100	test results	MRR 0.495238	H@1 0.405500	H@3 0.542300	H@5 0.596200	H@10 0.662900	H@20 0.725800	H@50 0.794600	H@100 0.834200
INFO:kbc-cli.py:Epoch 94/100	Loss 13.1572 ± 0.2380
INFO:kbc-cli.py:Epoch 95/100	Loss 13.1534 ± 0.2410
INFO:kbc-cli.py:Epoch 96/100	Loss 13.1498 ± 0.2380
INFO:kbc-cli.py:Epoch 96/100	dev results	MRR 0.492696	H@1 0.399800	H@3 0.544200	H@5 0.598900	H@10 0.665200	H@20 0.720700	H@50 0.788600	H@100 0.829600
INFO:kbc-cli.py:Epoch 96/100	test results	MRR 0.496912	H@1 0.407400	H@3 0.544400	H@5 0.597000	H@10 0.663600	H@20 0.727300	H@50 0.794900	H@100 0.834400
INFO:kbc-cli.py:Epoch 97/100	Loss 13.1463 ± 0.2379
INFO:kbc-cli.py:Epoch 98/100	Loss 13.1428 ± 0.2366
INFO:kbc-cli.py:Epoch 99/100	Loss 13.1394 ± 0.2385
INFO:kbc-cli.py:Epoch 99/100	dev results	MRR 0.493288	H@1 0.400100	H@3 0.545200	H@5 0.601100	H@10 0.666000	H@20 0.721600	H@50 0.789500	H@100 0.830100
INFO:kbc-cli.py:Epoch 99/100	test results	MRR 0.497687	H@1 0.408500	H@3 0.544700	H@5 0.598700	H@10 0.664000	H@20 0.728300	H@50 0.794900	H@100 0.835300
INFO:kbc-cli.py:Epoch 100/100	Loss 13.1360 ± 0.2406
INFO:kbc-cli.py:Final 	dev results	MRR 0.492215	H@1 0.398600	H@3 0.544700	H@5 0.599300	H@10 0.666400	H@20 0.722700	H@50 0.789200	H@100 0.830500
INFO:kbc-cli.py:Final 	test results	MRR 0.497801	H@1 0.408400	H@3 0.542900	H@5 0.598100	H@10 0.663300	H@20 0.728500	H@50 0.795600	H@100 0.833800
INFO:kbc-cli.py:Training finished
