./bin/kbc-cli.py --train data/yago3-10/train.tsv --dev data/yago3-10/dev.tsv --test data/yago3-10/test.tsv -m complex -k 100 -b 100 -e 100 --F2 0 --N3 0.005 -l 0.1 -I standard -V 3 -o adagrad -c so -q
{'F2': 0.0,
 'N3': 0.005,
 'batch_size': 100,
 'corruption': 'so',
 'dev': 'data/yago3-10/dev.tsv',
 'embedding_size': 100,
 'epochs': 100,
 'eval_batch_size': None,
 'input_type': 'standard',
 'learning_rate': 0.1,
 'load': None,
 'model': 'complex',
 'optimizer': 'adagrad',
 'quiet': True,
 'save': None,
 'seed': 0,
 'test': 'data/yago3-10/test.tsv',
 'test_i': None,
 'test_ii': None,
 'train': 'data/yago3-10/train.tsv',
 'validate_every': 3}
INFO:kbc-cli.py:Device: cuda
INFO:kbc-cli.py:Model state:
INFO:kbc-cli.py:	entities.weight	torch.Size([123182, 200])
INFO:kbc-cli.py:	predicates.weight	torch.Size([37, 200])
INFO:kbc-cli.py:Epoch 1/100	Loss 18.3765 ± 2.0338
INFO:kbc-cli.py:Epoch 2/100	Loss 12.6787 ± 0.3935
INFO:kbc-cli.py:Epoch 3/100	Loss 10.5695 ± 0.2778
INFO:kbc-cli.py:Epoch 3/100	dev results	MRR 0.359833	H@1 0.275300	H@3 0.399100	H@5 0.453200	H@10 0.519600	H@20 0.591900	H@50 0.673900	H@100 0.729800
INFO:kbc-cli.py:Epoch 3/100	test results	MRR 0.359590	H@1 0.275500	H@3 0.396900	H@5 0.453000	H@10 0.521600	H@20 0.587700	H@50 0.670100	H@100 0.729900
INFO:kbc-cli.py:Epoch 4/100	Loss 9.6992 ± 0.2942
INFO:kbc-cli.py:Epoch 5/100	Loss 9.2560 ± 0.2978
INFO:kbc-cli.py:Epoch 6/100	Loss 8.9830 ± 0.2903
INFO:kbc-cli.py:Epoch 6/100	dev results	MRR 0.469402	H@1 0.387500	H@3 0.513900	H@5 0.561400	H@10 0.622300	H@20 0.677000	H@50 0.738000	H@100 0.776600
INFO:kbc-cli.py:Epoch 6/100	test results	MRR 0.464034	H@1 0.381100	H@3 0.507500	H@5 0.560100	H@10 0.617100	H@20 0.670700	H@50 0.733400	H@100 0.773500
INFO:kbc-cli.py:Epoch 7/100	Loss 8.7922 ± 0.2875
INFO:kbc-cli.py:Epoch 8/100	Loss 8.6476 ± 0.2830
INFO:kbc-cli.py:Epoch 9/100	Loss 8.5330 ± 0.2796
INFO:kbc-cli.py:Epoch 9/100	dev results	MRR 0.506989	H@1 0.427800	H@3 0.551500	H@5 0.600100	H@10 0.654000	H@20 0.697700	H@50 0.747800	H@100 0.784700
INFO:kbc-cli.py:Epoch 9/100	test results	MRR 0.500146	H@1 0.421600	H@3 0.544100	H@5 0.590400	H@10 0.644500	H@20 0.692800	H@50 0.746900	H@100 0.782900
INFO:kbc-cli.py:Epoch 10/100	Loss 8.4385 ± 0.2765
INFO:kbc-cli.py:Epoch 11/100	Loss 8.3585 ± 0.2701
INFO:kbc-cli.py:Epoch 12/100	Loss 8.2903 ± 0.2655
INFO:kbc-cli.py:Epoch 12/100	dev results	MRR 0.522903	H@1 0.445300	H@3 0.570600	H@5 0.612900	H@10 0.665100	H@20 0.706200	H@50 0.752800	H@100 0.786600
INFO:kbc-cli.py:Epoch 12/100	test results	MRR 0.519847	H@1 0.443000	H@3 0.565700	H@5 0.608200	H@10 0.658800	H@20 0.702000	H@50 0.751600	H@100 0.785300
INFO:kbc-cli.py:Epoch 13/100	Loss 8.2302 ± 0.2685
INFO:kbc-cli.py:Epoch 14/100	Loss 8.1771 ± 0.2637
INFO:kbc-cli.py:Epoch 15/100	Loss 8.1295 ± 0.2626
INFO:kbc-cli.py:Epoch 15/100	dev results	MRR 0.534341	H@1 0.457000	H@3 0.582300	H@5 0.625400	H@10 0.672400	H@20 0.710900	H@50 0.755400	H@100 0.787100
INFO:kbc-cli.py:Epoch 15/100	test results	MRR 0.528201	H@1 0.451700	H@3 0.572600	H@5 0.617900	H@10 0.665800	H@20 0.706400	H@50 0.750900	H@100 0.786900
INFO:kbc-cli.py:Epoch 16/100	Loss 8.0866 ± 0.2613
INFO:kbc-cli.py:Epoch 17/100	Loss 8.0475 ± 0.2560
INFO:kbc-cli.py:Epoch 18/100	Loss 8.0117 ± 0.2545
INFO:kbc-cli.py:Epoch 18/100	dev results	MRR 0.542185	H@1 0.467900	H@3 0.588200	H@5 0.630000	H@10 0.674500	H@20 0.712300	H@50 0.754200	H@100 0.788500
INFO:kbc-cli.py:Epoch 18/100	test results	MRR 0.535277	H@1 0.461000	H@3 0.578700	H@5 0.622600	H@10 0.669200	H@20 0.711400	H@50 0.752200	H@100 0.788600
INFO:kbc-cli.py:Epoch 19/100	Loss 7.9787 ± 0.2568
INFO:kbc-cli.py:Epoch 20/100	Loss 7.9483 ± 0.2555
INFO:kbc-cli.py:Epoch 21/100	Loss 7.9199 ± 0.2517
INFO:kbc-cli.py:Epoch 21/100	dev results	MRR 0.544392	H@1 0.468900	H@3 0.591100	H@5 0.633400	H@10 0.677400	H@20 0.713600	H@50 0.756900	H@100 0.789800
INFO:kbc-cli.py:Epoch 21/100	test results	MRR 0.539662	H@1 0.465600	H@3 0.584600	H@5 0.625300	H@10 0.672700	H@20 0.710400	H@50 0.755100	H@100 0.789200
INFO:kbc-cli.py:Epoch 22/100	Loss 7.8934 ± 0.2540
INFO:kbc-cli.py:Epoch 23/100	Loss 7.8687 ± 0.2514
INFO:kbc-cli.py:Epoch 24/100	Loss 7.8454 ± 0.2510
INFO:kbc-cli.py:Epoch 24/100	dev results	MRR 0.549254	H@1 0.475200	H@3 0.596600	H@5 0.636400	H@10 0.680400	H@20 0.713600	H@50 0.757600	H@100 0.789300
INFO:kbc-cli.py:Epoch 24/100	test results	MRR 0.544533	H@1 0.472700	H@3 0.586900	H@5 0.628500	H@10 0.673800	H@20 0.711300	H@50 0.755100	H@100 0.790100
INFO:kbc-cli.py:Epoch 25/100	Loss 7.8234 ± 0.2464
INFO:kbc-cli.py:Epoch 26/100	Loss 7.8027 ± 0.2473
INFO:kbc-cli.py:Epoch 27/100	Loss 7.7832 ± 0.2508
INFO:kbc-cli.py:Epoch 27/100	dev results	MRR 0.551236	H@1 0.478000	H@3 0.598100	H@5 0.636800	H@10 0.681000	H@20 0.715300	H@50 0.757900	H@100 0.791300
INFO:kbc-cli.py:Epoch 27/100	test results	MRR 0.545330	H@1 0.473200	H@3 0.590300	H@5 0.627800	H@10 0.676400	H@20 0.712700	H@50 0.755900	H@100 0.789500
INFO:kbc-cli.py:Epoch 28/100	Loss 7.7645 ± 0.2480
INFO:kbc-cli.py:Epoch 29/100	Loss 7.7469 ± 0.2431
INFO:kbc-cli.py:Epoch 30/100	Loss 7.7301 ± 0.2457
INFO:kbc-cli.py:Epoch 30/100	dev results	MRR 0.552146	H@1 0.479500	H@3 0.598300	H@5 0.636200	H@10 0.680300	H@20 0.715100	H@50 0.758500	H@100 0.790600
INFO:kbc-cli.py:Epoch 30/100	test results	MRR 0.548872	H@1 0.477500	H@3 0.592500	H@5 0.629700	H@10 0.677000	H@20 0.713000	H@50 0.756400	H@100 0.790200
INFO:kbc-cli.py:Epoch 31/100	Loss 7.7139 ± 0.2461
INFO:kbc-cli.py:Epoch 32/100	Loss 7.6986 ± 0.2436
INFO:kbc-cli.py:Epoch 33/100	Loss 7.6838 ± 0.2422
INFO:kbc-cli.py:Epoch 33/100	dev results	MRR 0.554542	H@1 0.483000	H@3 0.599400	H@5 0.637000	H@10 0.681600	H@20 0.715400	H@50 0.758600	H@100 0.792000
INFO:kbc-cli.py:Epoch 33/100	test results	MRR 0.549621	H@1 0.478000	H@3 0.593500	H@5 0.633200	H@10 0.677300	H@20 0.712500	H@50 0.756000	H@100 0.790800
INFO:kbc-cli.py:Epoch 34/100	Loss 7.6698 ± 0.2400
INFO:kbc-cli.py:Epoch 35/100	Loss 7.6562 ± 0.2419
INFO:kbc-cli.py:Epoch 36/100	Loss 7.6434 ± 0.2440
INFO:kbc-cli.py:Epoch 36/100	dev results	MRR 0.554948	H@1 0.483200	H@3 0.600400	H@5 0.638900	H@10 0.682300	H@20 0.715500	H@50 0.760300	H@100 0.790800
INFO:kbc-cli.py:Epoch 36/100	test results	MRR 0.551853	H@1 0.481000	H@3 0.595900	H@5 0.633400	H@10 0.677800	H@20 0.713700	H@50 0.756800	H@100 0.791600
INFO:kbc-cli.py:Epoch 37/100	Loss 7.6306 ± 0.2417
INFO:kbc-cli.py:Epoch 38/100	Loss 7.6187 ± 0.2417
INFO:kbc-cli.py:Epoch 39/100	Loss 7.6071 ± 0.2379
INFO:kbc-cli.py:Epoch 39/100	dev results	MRR 0.556473	H@1 0.484000	H@3 0.602900	H@5 0.639900	H@10 0.683600	H@20 0.716700	H@50 0.759400	H@100 0.792100
INFO:kbc-cli.py:Epoch 39/100	test results	MRR 0.550837	H@1 0.478300	H@3 0.597400	H@5 0.635700	H@10 0.678500	H@20 0.714300	H@50 0.757000	H@100 0.792000
INFO:kbc-cli.py:Epoch 40/100	Loss 7.5958 ± 0.2411
INFO:kbc-cli.py:Epoch 41/100	Loss 7.5850 ± 0.2417
INFO:kbc-cli.py:Epoch 42/100	Loss 7.5745 ± 0.2376
INFO:kbc-cli.py:Epoch 42/100	dev results	MRR 0.558213	H@1 0.487600	H@3 0.602100	H@5 0.639500	H@10 0.682100	H@20 0.716800	H@50 0.759800	H@100 0.791800
INFO:kbc-cli.py:Epoch 42/100	test results	MRR 0.553521	H@1 0.481900	H@3 0.598200	H@5 0.634400	H@10 0.679200	H@20 0.714700	H@50 0.757200	H@100 0.792100
INFO:kbc-cli.py:Epoch 43/100	Loss 7.5643 ± 0.2412
INFO:kbc-cli.py:Epoch 44/100	Loss 7.5546 ± 0.2390
INFO:kbc-cli.py:Epoch 45/100	Loss 7.5450 ± 0.2373
INFO:kbc-cli.py:Epoch 45/100	dev results	MRR 0.558819	H@1 0.487400	H@3 0.605500	H@5 0.639700	H@10 0.681400	H@20 0.715000	H@50 0.760000	H@100 0.791900
INFO:kbc-cli.py:Epoch 45/100	test results	MRR 0.555084	H@1 0.484800	H@3 0.598800	H@5 0.634200	H@10 0.680800	H@20 0.715100	H@50 0.758200	H@100 0.792500
INFO:kbc-cli.py:Epoch 46/100	Loss 7.5358 ± 0.2372
INFO:kbc-cli.py:Epoch 47/100	Loss 7.5267 ± 0.2378
INFO:kbc-cli.py:Epoch 48/100	Loss 7.5180 ± 0.2375
INFO:kbc-cli.py:Epoch 48/100	dev results	MRR 0.557599	H@1 0.486800	H@3 0.601300	H@5 0.641800	H@10 0.682900	H@20 0.716200	H@50 0.760700	H@100 0.791400
INFO:kbc-cli.py:Epoch 48/100	test results	MRR 0.555981	H@1 0.486100	H@3 0.598300	H@5 0.636900	H@10 0.679800	H@20 0.715700	H@50 0.758800	H@100 0.792100
INFO:kbc-cli.py:Epoch 49/100	Loss 7.5096 ± 0.2372
INFO:kbc-cli.py:Epoch 50/100	Loss 7.5014 ± 0.2367
INFO:kbc-cli.py:Epoch 51/100	Loss 7.4935 ± 0.2367
INFO:kbc-cli.py:Epoch 51/100	dev results	MRR 0.558720	H@1 0.488500	H@3 0.602700	H@5 0.639900	H@10 0.681200	H@20 0.716500	H@50 0.760700	H@100 0.792200
INFO:kbc-cli.py:Epoch 51/100	test results	MRR 0.555613	H@1 0.484300	H@3 0.601000	H@5 0.636100	H@10 0.679700	H@20 0.715000	H@50 0.758600	H@100 0.793200
INFO:kbc-cli.py:Epoch 52/100	Loss 7.4856 ± 0.2395
INFO:kbc-cli.py:Epoch 53/100	Loss 7.4781 ± 0.2329
INFO:kbc-cli.py:Epoch 54/100	Loss 7.4707 ± 0.2357
INFO:kbc-cli.py:Epoch 54/100	dev results	MRR 0.558855	H@1 0.488300	H@3 0.603000	H@5 0.641100	H@10 0.683400	H@20 0.715900	H@50 0.760700	H@100 0.792500
INFO:kbc-cli.py:Epoch 54/100	test results	MRR 0.557028	H@1 0.486800	H@3 0.601300	H@5 0.636500	H@10 0.680500	H@20 0.715700	H@50 0.758300	H@100 0.793100
INFO:kbc-cli.py:Epoch 55/100	Loss 7.4635 ± 0.2339
INFO:kbc-cli.py:Epoch 56/100	Loss 7.4565 ± 0.2322
INFO:kbc-cli.py:Epoch 57/100	Loss 7.4497 ± 0.2346
INFO:kbc-cli.py:Epoch 57/100	dev results	MRR 0.558588	H@1 0.487400	H@3 0.605500	H@5 0.641100	H@10 0.682500	H@20 0.718100	H@50 0.760400	H@100 0.793200
INFO:kbc-cli.py:Epoch 57/100	test results	MRR 0.556575	H@1 0.486200	H@3 0.600400	H@5 0.636700	H@10 0.680400	H@20 0.715700	H@50 0.758600	H@100 0.793500
INFO:kbc-cli.py:Epoch 58/100	Loss 7.4429 ± 0.2337
INFO:kbc-cli.py:Epoch 59/100	Loss 7.4364 ± 0.2353
INFO:kbc-cli.py:Epoch 60/100	Loss 7.4302 ± 0.2347
INFO:kbc-cli.py:Epoch 60/100	dev results	MRR 0.559621	H@1 0.489400	H@3 0.603700	H@5 0.641400	H@10 0.681200	H@20 0.718100	H@50 0.760900	H@100 0.792900
INFO:kbc-cli.py:Epoch 60/100	test results	MRR 0.557601	H@1 0.486700	H@3 0.602900	H@5 0.637800	H@10 0.680800	H@20 0.715400	H@50 0.759500	H@100 0.792800
INFO:kbc-cli.py:Epoch 61/100	Loss 7.4238 ± 0.2338
INFO:kbc-cli.py:Epoch 62/100	Loss 7.4179 ± 0.2370
INFO:kbc-cli.py:Epoch 63/100	Loss 7.4119 ± 0.2336
INFO:kbc-cli.py:Epoch 63/100	dev results	MRR 0.560440	H@1 0.490500	H@3 0.605000	H@5 0.640300	H@10 0.682000	H@20 0.717700	H@50 0.759800	H@100 0.792900
INFO:kbc-cli.py:Epoch 63/100	test results	MRR 0.556050	H@1 0.485300	H@3 0.600600	H@5 0.635700	H@10 0.680300	H@20 0.715900	H@50 0.759600	H@100 0.793100
INFO:kbc-cli.py:Epoch 64/100	Loss 7.4062 ± 0.2299
INFO:kbc-cli.py:Epoch 65/100	Loss 7.4006 ± 0.2313
INFO:kbc-cli.py:Epoch 66/100	Loss 7.3950 ± 0.2330
INFO:kbc-cli.py:Epoch 66/100	dev results	MRR 0.559733	H@1 0.489600	H@3 0.603800	H@5 0.639900	H@10 0.681600	H@20 0.717800	H@50 0.761000	H@100 0.792900
INFO:kbc-cli.py:Epoch 66/100	test results	MRR 0.556715	H@1 0.486100	H@3 0.601900	H@5 0.636800	H@10 0.681100	H@20 0.715700	H@50 0.758800	H@100 0.793200
INFO:kbc-cli.py:Epoch 67/100	Loss 7.3896 ± 0.2333
INFO:kbc-cli.py:Epoch 68/100	Loss 7.3843 ± 0.2339
INFO:kbc-cli.py:Epoch 69/100	Loss 7.3792 ± 0.2361
INFO:kbc-cli.py:Epoch 69/100	dev results	MRR 0.559333	H@1 0.489400	H@3 0.602400	H@5 0.640400	H@10 0.681400	H@20 0.716800	H@50 0.761100	H@100 0.793000
INFO:kbc-cli.py:Epoch 69/100	test results	MRR 0.557970	H@1 0.487800	H@3 0.602300	H@5 0.636600	H@10 0.680000	H@20 0.715800	H@50 0.759600	H@100 0.793200
INFO:kbc-cli.py:Epoch 70/100	Loss 7.3740 ± 0.2326
INFO:kbc-cli.py:Epoch 71/100	Loss 7.3691 ± 0.2324
INFO:kbc-cli.py:Epoch 72/100	Loss 7.3642 ± 0.2309
INFO:kbc-cli.py:Epoch 72/100	dev results	MRR 0.559282	H@1 0.488600	H@3 0.604200	H@5 0.639000	H@10 0.681700	H@20 0.718100	H@50 0.760500	H@100 0.793700
INFO:kbc-cli.py:Epoch 72/100	test results	MRR 0.558583	H@1 0.489400	H@3 0.602600	H@5 0.638000	H@10 0.681100	H@20 0.715500	H@50 0.759600	H@100 0.793500
INFO:kbc-cli.py:Epoch 73/100	Loss 7.3595 ± 0.2344
INFO:kbc-cli.py:Epoch 74/100	Loss 7.3549 ± 0.2305
INFO:kbc-cli.py:Epoch 75/100	Loss 7.3502 ± 0.2339
INFO:kbc-cli.py:Epoch 75/100	dev results	MRR 0.559064	H@1 0.487900	H@3 0.603600	H@5 0.639000	H@10 0.681700	H@20 0.718300	H@50 0.760400	H@100 0.793700
INFO:kbc-cli.py:Epoch 75/100	test results	MRR 0.557866	H@1 0.487400	H@3 0.602400	H@5 0.637500	H@10 0.680300	H@20 0.715900	H@50 0.760200	H@100 0.794400
INFO:kbc-cli.py:Epoch 76/100	Loss 7.3458 ± 0.2322
INFO:kbc-cli.py:Epoch 77/100	Loss 7.3414 ± 0.2337
INFO:kbc-cli.py:Epoch 78/100	Loss 7.3371 ± 0.2338
INFO:kbc-cli.py:Epoch 78/100	dev results	MRR 0.559776	H@1 0.489600	H@3 0.603300	H@5 0.639500	H@10 0.681300	H@20 0.717900	H@50 0.761400	H@100 0.793400
INFO:kbc-cli.py:Epoch 78/100	test results	MRR 0.558240	H@1 0.488500	H@3 0.601700	H@5 0.637400	H@10 0.680100	H@20 0.715800	H@50 0.759500	H@100 0.794900
INFO:kbc-cli.py:Epoch 79/100	Loss 7.3328 ± 0.2296
INFO:kbc-cli.py:Epoch 80/100	Loss 7.3287 ± 0.2310
INFO:kbc-cli.py:Epoch 81/100	Loss 7.3246 ± 0.2326
INFO:kbc-cli.py:Epoch 81/100	dev results	MRR 0.559096	H@1 0.488000	H@3 0.603000	H@5 0.640200	H@10 0.681700	H@20 0.719500	H@50 0.761700	H@100 0.793600
INFO:kbc-cli.py:Epoch 81/100	test results	MRR 0.557122	H@1 0.486400	H@3 0.600900	H@5 0.637600	H@10 0.679900	H@20 0.716700	H@50 0.760300	H@100 0.795100
INFO:kbc-cli.py:Epoch 82/100	Loss 7.3206 ± 0.2322
INFO:kbc-cli.py:Epoch 83/100	Loss 7.3167 ± 0.2323
INFO:kbc-cli.py:Epoch 84/100	Loss 7.3128 ± 0.2294
INFO:kbc-cli.py:Epoch 84/100	dev results	MRR 0.559177	H@1 0.488500	H@3 0.603300	H@5 0.639900	H@10 0.682200	H@20 0.718500	H@50 0.761700	H@100 0.793600
INFO:kbc-cli.py:Epoch 84/100	test results	MRR 0.557282	H@1 0.486200	H@3 0.601900	H@5 0.637700	H@10 0.680600	H@20 0.715600	H@50 0.759600	H@100 0.795200
INFO:kbc-cli.py:Epoch 85/100	Loss 7.3089 ± 0.2285
INFO:kbc-cli.py:Epoch 86/100	Loss 7.3052 ± 0.2286
INFO:kbc-cli.py:Epoch 87/100	Loss 7.3016 ± 0.2322
INFO:kbc-cli.py:Epoch 87/100	dev results	MRR 0.558473	H@1 0.487400	H@3 0.601900	H@5 0.639100	H@10 0.682100	H@20 0.719100	H@50 0.761800	H@100 0.794400
INFO:kbc-cli.py:Epoch 87/100	test results	MRR 0.557547	H@1 0.486900	H@3 0.601800	H@5 0.637400	H@10 0.679700	H@20 0.716700	H@50 0.760900	H@100 0.795500
INFO:kbc-cli.py:Epoch 88/100	Loss 7.2980 ± 0.2321
INFO:kbc-cli.py:Epoch 89/100	Loss 7.2944 ± 0.2333
INFO:kbc-cli.py:Epoch 90/100	Loss 7.2909 ± 0.2337
INFO:kbc-cli.py:Epoch 90/100	dev results	MRR 0.559208	H@1 0.488400	H@3 0.604300	H@5 0.639900	H@10 0.681500	H@20 0.718700	H@50 0.761600	H@100 0.794300
INFO:kbc-cli.py:Epoch 90/100	test results	MRR 0.557675	H@1 0.487500	H@3 0.601300	H@5 0.637500	H@10 0.680600	H@20 0.717600	H@50 0.760800	H@100 0.795000
INFO:kbc-cli.py:Epoch 91/100	Loss 7.2875 ± 0.2313
INFO:kbc-cli.py:Epoch 92/100	Loss 7.2841 ± 0.2333
INFO:kbc-cli.py:Epoch 93/100	Loss 7.2808 ± 0.2323
INFO:kbc-cli.py:Epoch 93/100	dev results	MRR 0.558630	H@1 0.487900	H@3 0.602400	H@5 0.639100	H@10 0.682100	H@20 0.719600	H@50 0.761600	H@100 0.793900
INFO:kbc-cli.py:Epoch 93/100	test results	MRR 0.557504	H@1 0.488100	H@3 0.599700	H@5 0.637200	H@10 0.679800	H@20 0.717200	H@50 0.760800	H@100 0.795200
INFO:kbc-cli.py:Epoch 94/100	Loss 7.2775 ± 0.2297
INFO:kbc-cli.py:Epoch 95/100	Loss 7.2744 ± 0.2325
INFO:kbc-cli.py:Epoch 96/100	Loss 7.2711 ± 0.2306
INFO:kbc-cli.py:Epoch 96/100	dev results	MRR 0.559114	H@1 0.488700	H@3 0.602200	H@5 0.638900	H@10 0.681800	H@20 0.718700	H@50 0.762300	H@100 0.794200
INFO:kbc-cli.py:Epoch 96/100	test results	MRR 0.557120	H@1 0.487700	H@3 0.599500	H@5 0.636100	H@10 0.680300	H@20 0.717600	H@50 0.760500	H@100 0.796100
INFO:kbc-cli.py:Epoch 97/100	Loss 7.2681 ± 0.2302
INFO:kbc-cli.py:Epoch 98/100	Loss 7.2650 ± 0.2287
INFO:kbc-cli.py:Epoch 99/100	Loss 7.2620 ± 0.2318
INFO:kbc-cli.py:Epoch 99/100	dev results	MRR 0.559560	H@1 0.489400	H@3 0.602700	H@5 0.640000	H@10 0.682200	H@20 0.719800	H@50 0.762200	H@100 0.794600
INFO:kbc-cli.py:Epoch 99/100	test results	MRR 0.557898	H@1 0.487800	H@3 0.600900	H@5 0.636900	H@10 0.681300	H@20 0.716700	H@50 0.761700	H@100 0.795700
INFO:kbc-cli.py:Epoch 100/100	Loss 7.2590 ± 0.2321
INFO:kbc-cli.py:Final 	dev results	MRR 0.559331	H@1 0.489600	H@3 0.601800	H@5 0.639400	H@10 0.682600	H@20 0.719600	H@50 0.762400	H@100 0.794600
INFO:kbc-cli.py:Final 	test results	MRR 0.558209	H@1 0.489000	H@3 0.600900	H@5 0.635600	H@10 0.680900	H@20 0.717200	H@50 0.761300	H@100 0.795700
INFO:kbc-cli.py:Training finished
