./bin/kbc-cli.py --train data/yago3-10/train.tsv --dev data/yago3-10/dev.tsv --test data/yago3-10/test.tsv -m complex -k 1000 -b 100 -e 100 --F2 0.005 --N3 0 -l 0.1 -I standard -V 3 -o adagrad -c spo -q
{'F2': 0.005,
 'N3': 0.0,
 'batch_size': 100,
 'corruption': 'spo',
 'dev': 'data/yago3-10/dev.tsv',
 'embedding_size': 1000,
 'epochs': 100,
 'eval_batch_size': None,
 'input_type': 'standard',
 'learning_rate': 0.1,
 'load': None,
 'model': 'complex',
 'optimizer': 'adagrad',
 'quiet': True,
 'save': None,
 'seed': 0,
 'test': 'data/yago3-10/test.tsv',
 'test_i': None,
 'test_ii': None,
 'train': 'data/yago3-10/train.tsv',
 'validate_every': 3}
INFO:kbc-cli.py:Device: cuda
INFO:kbc-cli.py:Model state:
INFO:kbc-cli.py:	entities.weight	torch.Size([123182, 2000])
INFO:kbc-cli.py:	predicates.weight	torch.Size([37, 2000])
INFO:kbc-cli.py:Epoch 1/100	Loss 17.8829 ± 2.6226
INFO:kbc-cli.py:Epoch 2/100	Loss 11.2807 ± 0.2949
INFO:kbc-cli.py:Epoch 3/100	Loss 9.9698 ± 0.3508
INFO:kbc-cli.py:Epoch 3/100	dev results	MRR 0.465555	H@1 0.373700	H@3 0.512200	H@5 0.568900	H@10 0.638600	H@20 0.700800	H@50 0.768400	H@100 0.804400
INFO:kbc-cli.py:Epoch 3/100	test results	MRR 0.466401	H@1 0.376700	H@3 0.513000	H@5 0.567100	H@10 0.636400	H@20 0.696900	H@50 0.762200	H@100 0.801800
INFO:kbc-cli.py:Epoch 4/100	Loss 9.5237 ± 0.3563
INFO:kbc-cli.py:Epoch 5/100	Loss 9.2764 ± 0.3522
INFO:kbc-cli.py:Epoch 6/100	Loss 9.1133 ± 0.3432
INFO:kbc-cli.py:Epoch 6/100	dev results	MRR 0.522389	H@1 0.437000	H@3 0.570800	H@5 0.623800	H@10 0.684400	H@20 0.733100	H@50 0.785600	H@100 0.814700
INFO:kbc-cli.py:Epoch 6/100	test results	MRR 0.516879	H@1 0.430700	H@3 0.563300	H@5 0.618700	H@10 0.677800	H@20 0.726800	H@50 0.779700	H@100 0.816800
INFO:kbc-cli.py:Epoch 7/100	Loss 8.9938 ± 0.3384
INFO:kbc-cli.py:Epoch 8/100	Loss 8.9010 ± 0.3330
INFO:kbc-cli.py:Epoch 9/100	Loss 8.8263 ± 0.3277
INFO:kbc-cli.py:Epoch 9/100	dev results	MRR 0.539472	H@1 0.453800	H@3 0.592300	H@5 0.641300	H@10 0.693300	H@20 0.739200	H@50 0.789100	H@100 0.818300
INFO:kbc-cli.py:Epoch 9/100	test results	MRR 0.532335	H@1 0.446700	H@3 0.583100	H@5 0.634300	H@10 0.690700	H@20 0.734400	H@50 0.784700	H@100 0.822000
INFO:kbc-cli.py:Epoch 10/100	Loss 8.7636 ± 0.3250
INFO:kbc-cli.py:Epoch 11/100	Loss 8.7105 ± 0.3164
INFO:kbc-cli.py:Epoch 12/100	Loss 8.6648 ± 0.3097
INFO:kbc-cli.py:Epoch 12/100	dev results	MRR 0.548860	H@1 0.465400	H@3 0.601300	H@5 0.646400	H@10 0.697600	H@20 0.739900	H@50 0.789900	H@100 0.820500
INFO:kbc-cli.py:Epoch 12/100	test results	MRR 0.548541	H@1 0.469600	H@3 0.595200	H@5 0.642400	H@10 0.692600	H@20 0.739000	H@50 0.786400	H@100 0.821600
INFO:kbc-cli.py:Epoch 13/100	Loss 8.6244 ± 0.3124
INFO:kbc-cli.py:Epoch 14/100	Loss 8.5882 ± 0.3076
INFO:kbc-cli.py:Epoch 15/100	Loss 8.5560 ± 0.3039
INFO:kbc-cli.py:Epoch 15/100	dev results	MRR 0.558872	H@1 0.479600	H@3 0.607900	H@5 0.652700	H@10 0.700900	H@20 0.740700	H@50 0.792300	H@100 0.820600
INFO:kbc-cli.py:Epoch 15/100	test results	MRR 0.549566	H@1 0.468000	H@3 0.597700	H@5 0.647400	H@10 0.695200	H@20 0.738500	H@50 0.788200	H@100 0.823300
INFO:kbc-cli.py:Epoch 16/100	Loss 8.5268 ± 0.3031
INFO:kbc-cli.py:Epoch 17/100	Loss 8.5001 ± 0.2964
INFO:kbc-cli.py:Epoch 18/100	Loss 8.4756 ± 0.2951
INFO:kbc-cli.py:Epoch 18/100	dev results	MRR 0.560882	H@1 0.480900	H@3 0.609900	H@5 0.654500	H@10 0.702900	H@20 0.743800	H@50 0.792700	H@100 0.822200
INFO:kbc-cli.py:Epoch 18/100	test results	MRR 0.554831	H@1 0.475000	H@3 0.604500	H@5 0.649900	H@10 0.697900	H@20 0.740700	H@50 0.790400	H@100 0.824000
INFO:kbc-cli.py:Epoch 19/100	Loss 8.4530 ± 0.2967
INFO:kbc-cli.py:Epoch 20/100	Loss 8.4320 ± 0.2945
INFO:kbc-cli.py:Epoch 21/100	Loss 8.4123 ± 0.2895
INFO:kbc-cli.py:Epoch 21/100	dev results	MRR 0.563738	H@1 0.484500	H@3 0.613600	H@5 0.657500	H@10 0.704500	H@20 0.744100	H@50 0.794600	H@100 0.822500
INFO:kbc-cli.py:Epoch 21/100	test results	MRR 0.559494	H@1 0.482000	H@3 0.605600	H@5 0.649500	H@10 0.699400	H@20 0.744200	H@50 0.790600	H@100 0.826400
INFO:kbc-cli.py:Epoch 22/100	Loss 8.3941 ± 0.2916
INFO:kbc-cli.py:Epoch 23/100	Loss 8.3770 ± 0.2877
INFO:kbc-cli.py:Epoch 24/100	Loss 8.3607 ± 0.2874
INFO:kbc-cli.py:Epoch 24/100	dev results	MRR 0.565652	H@1 0.486600	H@3 0.613800	H@5 0.659000	H@10 0.705100	H@20 0.744300	H@50 0.794300	H@100 0.822000
INFO:kbc-cli.py:Epoch 24/100	test results	MRR 0.561772	H@1 0.483900	H@3 0.608000	H@5 0.652700	H@10 0.699000	H@20 0.743500	H@50 0.792600	H@100 0.825000
INFO:kbc-cli.py:Epoch 25/100	Loss 8.3453 ± 0.2816
INFO:kbc-cli.py:Epoch 26/100	Loss 8.3309 ± 0.2816
INFO:kbc-cli.py:Epoch 27/100	Loss 8.3171 ± 0.2854
INFO:kbc-cli.py:Epoch 27/100	dev results	MRR 0.565923	H@1 0.486800	H@3 0.616500	H@5 0.657800	H@10 0.704800	H@20 0.744700	H@50 0.794900	H@100 0.823000
INFO:kbc-cli.py:Epoch 27/100	test results	MRR 0.562152	H@1 0.483600	H@3 0.611700	H@5 0.652200	H@10 0.701400	H@20 0.743600	H@50 0.791800	H@100 0.824200
INFO:kbc-cli.py:Epoch 28/100	Loss 8.3040 ± 0.2825
INFO:kbc-cli.py:Epoch 29/100	Loss 8.2916 ± 0.2771
INFO:kbc-cli.py:Epoch 30/100	Loss 8.2797 ± 0.2795
INFO:kbc-cli.py:Epoch 30/100	dev results	MRR 0.568566	H@1 0.491800	H@3 0.615000	H@5 0.658600	H@10 0.704300	H@20 0.746400	H@50 0.795700	H@100 0.824800
INFO:kbc-cli.py:Epoch 30/100	test results	MRR 0.563033	H@1 0.483700	H@3 0.614200	H@5 0.653500	H@10 0.703200	H@20 0.743200	H@50 0.791600	H@100 0.824800
INFO:kbc-cli.py:Epoch 31/100	Loss 8.2682 ± 0.2792
INFO:kbc-cli.py:Epoch 32/100	Loss 8.2573 ± 0.2759
INFO:kbc-cli.py:Epoch 33/100	Loss 8.2468 ± 0.2740
INFO:kbc-cli.py:Epoch 33/100	dev results	MRR 0.569048	H@1 0.491300	H@3 0.616600	H@5 0.659700	H@10 0.705500	H@20 0.746100	H@50 0.795300	H@100 0.824200
INFO:kbc-cli.py:Epoch 33/100	test results	MRR 0.564470	H@1 0.486500	H@3 0.613100	H@5 0.654300	H@10 0.703000	H@20 0.744300	H@50 0.791100	H@100 0.826300
INFO:kbc-cli.py:Epoch 34/100	Loss 8.2367 ± 0.2717
INFO:kbc-cli.py:Epoch 35/100	Loss 8.2270 ± 0.2727
INFO:kbc-cli.py:Epoch 36/100	Loss 8.2179 ± 0.2747
INFO:kbc-cli.py:Epoch 36/100	dev results	MRR 0.570442	H@1 0.494000	H@3 0.617700	H@5 0.660000	H@10 0.705200	H@20 0.746200	H@50 0.796200	H@100 0.824600
INFO:kbc-cli.py:Epoch 36/100	test results	MRR 0.565197	H@1 0.487000	H@3 0.613700	H@5 0.655900	H@10 0.702800	H@20 0.745700	H@50 0.791700	H@100 0.825900
INFO:kbc-cli.py:Epoch 37/100	Loss 8.2087 ± 0.2714
INFO:kbc-cli.py:Epoch 38/100	Loss 8.2001 ± 0.2715
INFO:kbc-cli.py:Epoch 39/100	Loss 8.1918 ± 0.2662
INFO:kbc-cli.py:Epoch 39/100	dev results	MRR 0.570071	H@1 0.492900	H@3 0.618700	H@5 0.662100	H@10 0.704400	H@20 0.746600	H@50 0.796200	H@100 0.824900
INFO:kbc-cli.py:Epoch 39/100	test results	MRR 0.566030	H@1 0.488300	H@3 0.616700	H@5 0.655900	H@10 0.702700	H@20 0.745600	H@50 0.791700	H@100 0.826600
INFO:kbc-cli.py:Epoch 40/100	Loss 8.1837 ± 0.2696
INFO:kbc-cli.py:Epoch 41/100	Loss 8.1758 ± 0.2699
INFO:kbc-cli.py:Epoch 42/100	Loss 8.1682 ± 0.2656
INFO:kbc-cli.py:Epoch 42/100	dev results	MRR 0.571666	H@1 0.495800	H@3 0.616800	H@5 0.660800	H@10 0.705900	H@20 0.745200	H@50 0.796000	H@100 0.824500
INFO:kbc-cli.py:Epoch 42/100	test results	MRR 0.567137	H@1 0.490300	H@3 0.614600	H@5 0.657100	H@10 0.703000	H@20 0.744700	H@50 0.793400	H@100 0.826200
INFO:kbc-cli.py:Epoch 43/100	Loss 8.1609 ± 0.2691
INFO:kbc-cli.py:Epoch 44/100	Loss 8.1538 ± 0.2663
INFO:kbc-cli.py:Epoch 45/100	Loss 8.1469 ± 0.2648
INFO:kbc-cli.py:Epoch 45/100	dev results	MRR 0.571799	H@1 0.495900	H@3 0.618400	H@5 0.662000	H@10 0.704300	H@20 0.746800	H@50 0.795900	H@100 0.825200
INFO:kbc-cli.py:Epoch 45/100	test results	MRR 0.568569	H@1 0.491500	H@3 0.617900	H@5 0.658800	H@10 0.703600	H@20 0.745400	H@50 0.793200	H@100 0.826800
INFO:kbc-cli.py:Epoch 46/100	Loss 8.1402 ± 0.2640
INFO:kbc-cli.py:Epoch 47/100	Loss 8.1336 ± 0.2639
INFO:kbc-cli.py:Epoch 48/100	Loss 8.1273 ± 0.2636
INFO:kbc-cli.py:Epoch 48/100	dev results	MRR 0.571645	H@1 0.495500	H@3 0.617300	H@5 0.660800	H@10 0.705300	H@20 0.745600	H@50 0.796100	H@100 0.825300
INFO:kbc-cli.py:Epoch 48/100	test results	MRR 0.568055	H@1 0.490600	H@3 0.618000	H@5 0.657500	H@10 0.703800	H@20 0.745100	H@50 0.792300	H@100 0.825900
INFO:kbc-cli.py:Epoch 49/100	Loss 8.1212 ± 0.2635
INFO:kbc-cli.py:Epoch 50/100	Loss 8.1151 ± 0.2626
INFO:kbc-cli.py:Epoch 51/100	Loss 8.1093 ± 0.2613
INFO:kbc-cli.py:Epoch 51/100	dev results	MRR 0.573454	H@1 0.498800	H@3 0.618700	H@5 0.660400	H@10 0.705100	H@20 0.747100	H@50 0.795300	H@100 0.824800
INFO:kbc-cli.py:Epoch 51/100	test results	MRR 0.567156	H@1 0.489200	H@3 0.616100	H@5 0.657000	H@10 0.703500	H@20 0.745500	H@50 0.794000	H@100 0.826900
INFO:kbc-cli.py:Epoch 52/100	Loss 8.1035 ± 0.2640
INFO:kbc-cli.py:Epoch 53/100	Loss 8.0981 ± 0.2575
INFO:kbc-cli.py:Epoch 54/100	Loss 8.0927 ± 0.2606
INFO:kbc-cli.py:Epoch 54/100	dev results	MRR 0.573101	H@1 0.498200	H@3 0.617500	H@5 0.662200	H@10 0.705800	H@20 0.745800	H@50 0.795300	H@100 0.824700
INFO:kbc-cli.py:Epoch 54/100	test results	MRR 0.569532	H@1 0.492300	H@3 0.617500	H@5 0.658900	H@10 0.703900	H@20 0.744800	H@50 0.793500	H@100 0.826400
INFO:kbc-cli.py:Epoch 55/100	Loss 8.0873 ± 0.2583
INFO:kbc-cli.py:Epoch 56/100	Loss 8.0822 ± 0.2561
INFO:kbc-cli.py:Epoch 57/100	Loss 8.0772 ± 0.2579
INFO:kbc-cli.py:Epoch 57/100	dev results	MRR 0.571694	H@1 0.495500	H@3 0.618500	H@5 0.660300	H@10 0.705500	H@20 0.746400	H@50 0.795700	H@100 0.824900
INFO:kbc-cli.py:Epoch 57/100	test results	MRR 0.568592	H@1 0.491300	H@3 0.616300	H@5 0.659700	H@10 0.704800	H@20 0.745500	H@50 0.793500	H@100 0.827000
INFO:kbc-cli.py:Epoch 58/100	Loss 8.0721 ± 0.2571
INFO:kbc-cli.py:Epoch 59/100	Loss 8.0673 ± 0.2582
INFO:kbc-cli.py:Epoch 60/100	Loss 8.0627 ± 0.2585
INFO:kbc-cli.py:Epoch 60/100	dev results	MRR 0.573176	H@1 0.498400	H@3 0.618600	H@5 0.661400	H@10 0.705300	H@20 0.746500	H@50 0.795500	H@100 0.824800
INFO:kbc-cli.py:Epoch 60/100	test results	MRR 0.569369	H@1 0.491700	H@3 0.617800	H@5 0.661200	H@10 0.703300	H@20 0.745900	H@50 0.793200	H@100 0.826600
INFO:kbc-cli.py:Epoch 61/100	Loss 8.0580 ± 0.2568
INFO:kbc-cli.py:Epoch 62/100	Loss 8.0536 ± 0.2591
INFO:kbc-cli.py:Epoch 63/100	Loss 8.0491 ± 0.2557
INFO:kbc-cli.py:Epoch 63/100	dev results	MRR 0.573759	H@1 0.499500	H@3 0.619000	H@5 0.661300	H@10 0.706000	H@20 0.745100	H@50 0.795900	H@100 0.824900
INFO:kbc-cli.py:Epoch 63/100	test results	MRR 0.569044	H@1 0.492100	H@3 0.616900	H@5 0.657600	H@10 0.703200	H@20 0.745800	H@50 0.793600	H@100 0.827200
INFO:kbc-cli.py:Epoch 64/100	Loss 8.0448 ± 0.2518
INFO:kbc-cli.py:Epoch 65/100	Loss 8.0406 ± 0.2524
INFO:kbc-cli.py:Epoch 66/100	Loss 8.0364 ± 0.2538
INFO:kbc-cli.py:Epoch 66/100	dev results	MRR 0.573412	H@1 0.499600	H@3 0.616100	H@5 0.660800	H@10 0.705500	H@20 0.746700	H@50 0.795100	H@100 0.824500
INFO:kbc-cli.py:Epoch 66/100	test results	MRR 0.568855	H@1 0.491600	H@3 0.617100	H@5 0.658600	H@10 0.703000	H@20 0.746500	H@50 0.793200	H@100 0.826400
INFO:kbc-cli.py:Epoch 67/100	Loss 8.0323 ± 0.2551
INFO:kbc-cli.py:Epoch 68/100	Loss 8.0283 ± 0.2556
INFO:kbc-cli.py:Epoch 69/100	Loss 8.0246 ± 0.2578
INFO:kbc-cli.py:Epoch 69/100	dev results	MRR 0.573111	H@1 0.498800	H@3 0.617600	H@5 0.658900	H@10 0.705700	H@20 0.745800	H@50 0.795200	H@100 0.825300
INFO:kbc-cli.py:Epoch 69/100	test results	MRR 0.570561	H@1 0.493900	H@3 0.619100	H@5 0.659400	H@10 0.703700	H@20 0.745300	H@50 0.792500	H@100 0.827200
INFO:kbc-cli.py:Epoch 70/100	Loss 8.0206 ± 0.2536
INFO:kbc-cli.py:Epoch 71/100	Loss 8.0168 ± 0.2528
INFO:kbc-cli.py:Epoch 72/100	Loss 8.0132 ± 0.2518
INFO:kbc-cli.py:Epoch 72/100	dev results	MRR 0.573587	H@1 0.499500	H@3 0.617300	H@5 0.660600	H@10 0.705200	H@20 0.745300	H@50 0.795300	H@100 0.825200
INFO:kbc-cli.py:Epoch 72/100	test results	MRR 0.570615	H@1 0.494200	H@3 0.618400	H@5 0.659300	H@10 0.703900	H@20 0.745900	H@50 0.793700	H@100 0.826800
INFO:kbc-cli.py:Epoch 73/100	Loss 8.0095 ± 0.2544
INFO:kbc-cli.py:Epoch 74/100	Loss 8.0060 ± 0.2517
INFO:kbc-cli.py:Epoch 75/100	Loss 8.0024 ± 0.2542
INFO:kbc-cli.py:Epoch 75/100	dev results	MRR 0.574393	H@1 0.501200	H@3 0.617700	H@5 0.659200	H@10 0.705000	H@20 0.746400	H@50 0.794800	H@100 0.824800
INFO:kbc-cli.py:Epoch 75/100	test results	MRR 0.569773	H@1 0.492600	H@3 0.618900	H@5 0.659300	H@10 0.703500	H@20 0.746300	H@50 0.792800	H@100 0.826800
INFO:kbc-cli.py:Epoch 76/100	Loss 7.9990 ± 0.2522
INFO:kbc-cli.py:Epoch 77/100	Loss 7.9956 ± 0.2527
INFO:kbc-cli.py:Epoch 78/100	Loss 7.9923 ± 0.2541
INFO:kbc-cli.py:Epoch 78/100	dev results	MRR 0.575396	H@1 0.502800	H@3 0.618000	H@5 0.659200	H@10 0.703900	H@20 0.746800	H@50 0.794500	H@100 0.824900
INFO:kbc-cli.py:Epoch 78/100	test results	MRR 0.570161	H@1 0.493600	H@3 0.617500	H@5 0.660500	H@10 0.702400	H@20 0.744800	H@50 0.792600	H@100 0.827000
INFO:kbc-cli.py:Epoch 79/100	Loss 7.9890 ± 0.2489
INFO:kbc-cli.py:Epoch 80/100	Loss 7.9859 ± 0.2504
INFO:kbc-cli.py:Epoch 81/100	Loss 7.9827 ± 0.2515
INFO:kbc-cli.py:Epoch 81/100	dev results	MRR 0.574672	H@1 0.501400	H@3 0.617000	H@5 0.659700	H@10 0.705400	H@20 0.747100	H@50 0.794000	H@100 0.825000
INFO:kbc-cli.py:Epoch 81/100	test results	MRR 0.569389	H@1 0.492500	H@3 0.616100	H@5 0.659700	H@10 0.703000	H@20 0.746700	H@50 0.792500	H@100 0.827000
INFO:kbc-cli.py:Epoch 82/100	Loss 7.9796 ± 0.2505
INFO:kbc-cli.py:Epoch 83/100	Loss 7.9765 ± 0.2509
INFO:kbc-cli.py:Epoch 84/100	Loss 7.9735 ± 0.2479
INFO:kbc-cli.py:Epoch 84/100	dev results	MRR 0.575210	H@1 0.502300	H@3 0.619300	H@5 0.660000	H@10 0.703900	H@20 0.746200	H@50 0.793500	H@100 0.825400
INFO:kbc-cli.py:Epoch 84/100	test results	MRR 0.570272	H@1 0.493700	H@3 0.617700	H@5 0.660000	H@10 0.704100	H@20 0.745900	H@50 0.792900	H@100 0.826500
INFO:kbc-cli.py:Epoch 85/100	Loss 7.9705 ± 0.2478
