./bin/kbc-cli.py --train data/yago3-10/train.tsv --dev data/yago3-10/dev.tsv --test data/yago3-10/test.tsv -m complex -k 2000 -b 500 -e 100 --F2 0 --N3 0.5 -l 0.1 -I standard -V 3 -o adagrad -c so -q
{'F2': 0.0,
 'N3': 0.5,
 'batch_size': 500,
 'corruption': 'so',
 'dev': 'data/yago3-10/dev.tsv',
 'embedding_size': 2000,
 'epochs': 100,
 'eval_batch_size': None,
 'input_type': 'standard',
 'learning_rate': 0.1,
 'load': None,
 'model': 'complex',
 'optimizer': 'adagrad',
 'quiet': True,
 'save': None,
 'seed': 0,
 'test': 'data/yago3-10/test.tsv',
 'test_i': None,
 'test_ii': None,
 'train': 'data/yago3-10/train.tsv',
 'validate_every': 3}
INFO:kbc-cli.py:Device: cuda
INFO:kbc-cli.py:Model state:
INFO:kbc-cli.py:	entities.weight	torch.Size([123182, 4000])
INFO:kbc-cli.py:	predicates.weight	torch.Size([37, 4000])
Traceback (most recent call last):
  File "./bin/kbc-cli.py", line 265, in <module>
    main(sys.argv[1:])
  File "./bin/kbc-cli.py", line 227, in main
    loss.backward()
  File "/home/pminervi/anaconda3/envs/gpu/lib/python3.6/site-packages/torch/tensor.py", line 185, in backward
    torch.autograd.backward(self, gradient, retain_graph, create_graph)
  File "/home/pminervi/anaconda3/envs/gpu/lib/python3.6/site-packages/torch/autograd/__init__.py", line 127, in backward
    allow_unreachable=True)  # allow_unreachable flag
RuntimeError: CUDA out of memory. Tried to allocate 940.00 MiB (GPU 0; 10.92 GiB total capacity; 9.03 GiB already allocated; 373.38 MiB free; 9.91 GiB reserved in total by PyTorch)
Exception raised from malloc at /pytorch/c10/cuda/CUDACachingAllocator.cpp:272 (most recent call first):
frame #0: c10::Error::Error(c10::SourceLocation, std::string) + 0x42 (0x2b1e797b31e2 in /home/pminervi/anaconda3/envs/gpu/lib/python3.6/site-packages/torch/lib/libc10.so)
frame #1: <unknown function> + 0x1e64b (0x2b1e7955464b in /home/pminervi/anaconda3/envs/gpu/lib/python3.6/site-packages/torch/lib/libc10_cuda.so)
frame #2: <unknown function> + 0x1f464 (0x2b1e79555464 in /home/pminervi/anaconda3/envs/gpu/lib/python3.6/site-packages/torch/lib/libc10_cuda.so)
frame #3: <unknown function> + 0x1faa1 (0x2b1e79555aa1 in /home/pminervi/anaconda3/envs/gpu/lib/python3.6/site-packages/torch/lib/libc10_cuda.so)
frame #4: THCStorage_resizeBytes(THCState*, c10::StorageImpl*, long) + 0x84 (0x2b1e3f8fe154 in /home/pminervi/anaconda3/envs/gpu/lib/python3.6/site-packages/torch/lib/libtorch_cuda.so)
frame #5: at::native::empty_strided_cuda(c10::ArrayRef<long>, c10::ArrayRef<long>, c10::TensorOptions const&) + 0x7f3 (0x2b1e41433903 in /home/pminervi/anaconda3/envs/gpu/lib/python3.6/site-packages/torch/lib/libtorch_cuda.so)
frame #6: <unknown function> + 0xf33a83 (0x2b1e3f869a83 in /home/pminervi/anaconda3/envs/gpu/lib/python3.6/site-packages/torch/lib/libtorch_cuda.so)
frame #7: <unknown function> + 0xf4d7b1 (0x2b1e3f8837b1 in /home/pminervi/anaconda3/envs/gpu/lib/python3.6/site-packages/torch/lib/libtorch_cuda.so)
frame #8: <unknown function> + 0x10e8b28 (0x2b1e2f85db28 in /home/pminervi/anaconda3/envs/gpu/lib/python3.6/site-packages/torch/lib/libtorch_cpu.so)
frame #9: <unknown function> + 0x10ea091 (0x2b1e2f85f091 in /home/pminervi/anaconda3/envs/gpu/lib/python3.6/site-packages/torch/lib/libtorch_cpu.so)
frame #10: at::empty_strided(c10::ArrayRef<long>, c10::ArrayRef<long>, c10::TensorOptions const&) + 0x105 (0x2b1e2f968ce5 in /home/pminervi/anaconda3/envs/gpu/lib/python3.6/site-packages/torch/lib/libtorch_cpu.so)
frame #11: at::TensorIterator::fast_set_up(at::TensorIteratorConfig const&) + 0x674 (0x2b1e2f5f7094 in /home/pminervi/anaconda3/envs/gpu/lib/python3.6/site-packages/torch/lib/libtorch_cpu.so)
frame #12: at::TensorIterator::build(at::TensorIteratorConfig&) + 0x76 (0x2b1e2f5faff6 in /home/pminervi/anaconda3/envs/gpu/lib/python3.6/site-packages/torch/lib/libtorch_cpu.so)
frame #13: at::TensorIterator::TensorIterator(at::TensorIteratorConfig&) + 0xdd (0x2b1e2f5fb65d in /home/pminervi/anaconda3/envs/gpu/lib/python3.6/site-packages/torch/lib/libtorch_cpu.so)
frame #14: at::TensorIterator::binary_op(at::Tensor&, at::Tensor const&, at::Tensor const&, bool) + 0x14a (0x2b1e2f5fb80a in /home/pminervi/anaconda3/envs/gpu/lib/python3.6/site-packages/torch/lib/libtorch_cpu.so)
frame #15: at::native::add(at::Tensor const&, at::Tensor const&, c10::Scalar) + 0x47 (0x2b1e2f338717 in /home/pminervi/anaconda3/envs/gpu/lib/python3.6/site-packages/torch/lib/libtorch_cpu.so)
frame #16: <unknown function> + 0xf1dec0 (0x2b1e3f853ec0 in /home/pminervi/anaconda3/envs/gpu/lib/python3.6/site-packages/torch/lib/libtorch_cuda.so)
frame #17: <unknown function> + 0xa9b254 (0x2b1e2f210254 in /home/pminervi/anaconda3/envs/gpu/lib/python3.6/site-packages/torch/lib/libtorch_cpu.so)
frame #18: at::add(at::Tensor const&, at::Tensor const&, c10::Scalar) + 0x183 (0x2b1e2f940583 in /home/pminervi/anaconda3/envs/gpu/lib/python3.6/site-packages/torch/lib/libtorch_cpu.so)
frame #19: <unknown function> + 0x2e8a081 (0x2b1e315ff081 in /home/pminervi/anaconda3/envs/gpu/lib/python3.6/site-packages/torch/lib/libtorch_cpu.so)
frame #20: <unknown function> + 0xa9b254 (0x2b1e2f210254 in /home/pminervi/anaconda3/envs/gpu/lib/python3.6/site-packages/torch/lib/libtorch_cpu.so)
frame #21: at::Tensor::add(at::Tensor const&, c10::Scalar) const + 0x183 (0x2b1e2fab3f73 in /home/pminervi/anaconda3/envs/gpu/lib/python3.6/site-packages/torch/lib/libtorch_cpu.so)
frame #22: <unknown function> + 0x3382330 (0x2b1e31af7330 in /home/pminervi/anaconda3/envs/gpu/lib/python3.6/site-packages/torch/lib/libtorch_cpu.so)
frame #23: <unknown function> + 0x3383083 (0x2b1e31af8083 in /home/pminervi/anaconda3/envs/gpu/lib/python3.6/site-packages/torch/lib/libtorch_cpu.so)
frame #24: torch::autograd::Engine::evaluate_function(std::shared_ptr<torch::autograd::GraphTask>&, torch::autograd::Node*, torch::autograd::InputBuffer&, std::shared_ptr<torch::autograd::ReadyQueue> const&) + 0xb80 (0x2b1e31ae5b80 in /home/pminervi/anaconda3/envs/gpu/lib/python3.6/site-packages/torch/lib/libtorch_cpu.so)
frame #25: torch::autograd::Engine::thread_main(std::shared_ptr<torch::autograd::GraphTask> const&) + 0x451 (0x2b1e31ae6fa1 in /home/pminervi/anaconda3/envs/gpu/lib/python3.6/site-packages/torch/lib/libtorch_cpu.so)
frame #26: torch::autograd::Engine::thread_init(int, std::shared_ptr<torch::autograd::ReadyQueue> const&, bool) + 0x89 (0x2b1e31adf119 in /home/pminervi/anaconda3/envs/gpu/lib/python3.6/site-packages/torch/lib/libtorch_cpu.so)
frame #27: torch::autograd::python::PythonEngine::thread_init(int, std::shared_ptr<torch::autograd::ReadyQueue> const&, bool) + 0x4a (0x2b1e2d6d54ba in /home/pminervi/anaconda3/envs/gpu/lib/python3.6/site-packages/torch/lib/libtorch_python.so)
frame #28: <unknown function> + 0xc70f (0x2b1e2e56d70f in /home/pminervi/anaconda3/envs/gpu/lib/python3.6/site-packages/torch/lib/libtorch.so)
frame #29: <unknown function> + 0x7ea5 (0x2b1df7551ea5 in /lib64/libpthread.so.0)
frame #30: clone + 0x6d (0x2b1df78648dd in /lib64/libc.so.6)

