./bin/kbc-cli.py --train data/yago3-10/train.tsv --dev data/yago3-10/dev.tsv --test data/yago3-10/test.tsv -m complex -k 100 -b 100 -e 100 --F2 0.01 --N3 0 -l 0.1 -I standard -V 3 -o adagrad -c spo -q
{'F2': 0.01,
 'N3': 0.0,
 'batch_size': 100,
 'corruption': 'spo',
 'dev': 'data/yago3-10/dev.tsv',
 'embedding_size': 100,
 'epochs': 100,
 'eval_batch_size': None,
 'input_type': 'standard',
 'learning_rate': 0.1,
 'load': None,
 'model': 'complex',
 'optimizer': 'adagrad',
 'quiet': True,
 'save': None,
 'seed': 0,
 'test': 'data/yago3-10/test.tsv',
 'test_i': None,
 'test_ii': None,
 'train': 'data/yago3-10/train.tsv',
 'validate_every': 3}
INFO:kbc-cli.py:Device: cuda
INFO:kbc-cli.py:Model state:
INFO:kbc-cli.py:	entities.weight	torch.Size([123182, 200])
INFO:kbc-cli.py:	predicates.weight	torch.Size([37, 200])
INFO:kbc-cli.py:Epoch 1/100	Loss 18.7217 ± 2.3118
INFO:kbc-cli.py:Epoch 2/100	Loss 12.7109 ± 0.3652
INFO:kbc-cli.py:Epoch 3/100	Loss 10.7147 ± 0.3020
INFO:kbc-cli.py:Epoch 3/100	dev results	MRR 0.390621	H@1 0.300100	H@3 0.432200	H@5 0.490100	H@10 0.566000	H@20 0.633700	H@50 0.710700	H@100 0.762500
INFO:kbc-cli.py:Epoch 3/100	test results	MRR 0.394568	H@1 0.306300	H@3 0.437300	H@5 0.492500	H@10 0.564400	H@20 0.632200	H@50 0.709200	H@100 0.758700
INFO:kbc-cli.py:Epoch 4/100	Loss 9.9832 ± 0.3227
INFO:kbc-cli.py:Epoch 5/100	Loss 9.6326 ± 0.3229
INFO:kbc-cli.py:Epoch 6/100	Loss 9.4234 ± 0.3139
INFO:kbc-cli.py:Epoch 6/100	dev results	MRR 0.476345	H@1 0.389600	H@3 0.525000	H@5 0.574100	H@10 0.638500	H@20 0.694900	H@50 0.759600	H@100 0.796900
INFO:kbc-cli.py:Epoch 6/100	test results	MRR 0.473583	H@1 0.389200	H@3 0.517600	H@5 0.568100	H@10 0.634900	H@20 0.690600	H@50 0.754000	H@100 0.791100
INFO:kbc-cli.py:Epoch 7/100	Loss 9.2804 ± 0.3095
INFO:kbc-cli.py:Epoch 8/100	Loss 9.1746 ± 0.3043
INFO:kbc-cli.py:Epoch 9/100	Loss 9.0926 ± 0.2998
INFO:kbc-cli.py:Epoch 9/100	dev results	MRR 0.510474	H@1 0.426300	H@3 0.560900	H@5 0.607700	H@10 0.664600	H@20 0.713400	H@50 0.766300	H@100 0.802000
INFO:kbc-cli.py:Epoch 9/100	test results	MRR 0.504275	H@1 0.421900	H@3 0.550300	H@5 0.599100	H@10 0.656800	H@20 0.706400	H@50 0.762200	H@100 0.797500
INFO:kbc-cli.py:Epoch 10/100	Loss 9.0260 ± 0.2966
INFO:kbc-cli.py:Epoch 11/100	Loss 8.9707 ± 0.2883
INFO:kbc-cli.py:Epoch 12/100	Loss 8.9242 ± 0.2829
INFO:kbc-cli.py:Epoch 12/100	dev results	MRR 0.526951	H@1 0.445100	H@3 0.576100	H@5 0.619800	H@10 0.675300	H@20 0.719700	H@50 0.770000	H@100 0.803600
INFO:kbc-cli.py:Epoch 12/100	test results	MRR 0.522877	H@1 0.444300	H@3 0.567600	H@5 0.616300	H@10 0.668100	H@20 0.713900	H@50 0.765200	H@100 0.799000
INFO:kbc-cli.py:Epoch 13/100	Loss 8.8840 ± 0.2848
INFO:kbc-cli.py:Epoch 14/100	Loss 8.8486 ± 0.2810
INFO:kbc-cli.py:Epoch 15/100	Loss 8.8176 ± 0.2781
INFO:kbc-cli.py:Epoch 15/100	dev results	MRR 0.540073	H@1 0.462100	H@3 0.584100	H@5 0.629100	H@10 0.682500	H@20 0.724300	H@50 0.772600	H@100 0.802900
INFO:kbc-cli.py:Epoch 15/100	test results	MRR 0.532727	H@1 0.456000	H@3 0.576400	H@5 0.621500	H@10 0.672000	H@20 0.717900	H@50 0.766800	H@100 0.800400
INFO:kbc-cli.py:Epoch 16/100	Loss 8.7896 ± 0.2767
INFO:kbc-cli.py:Epoch 17/100	Loss 8.7646 ± 0.2707
INFO:kbc-cli.py:Epoch 18/100	Loss 8.7418 ± 0.2694
INFO:kbc-cli.py:Epoch 18/100	dev results	MRR 0.544352	H@1 0.466700	H@3 0.590700	H@5 0.633900	H@10 0.685000	H@20 0.725200	H@50 0.772700	H@100 0.802600
INFO:kbc-cli.py:Epoch 18/100	test results	MRR 0.537004	H@1 0.460600	H@3 0.581700	H@5 0.627500	H@10 0.675700	H@20 0.720500	H@50 0.768600	H@100 0.800400
INFO:kbc-cli.py:Epoch 19/100	Loss 8.7210 ± 0.2710
INFO:kbc-cli.py:Epoch 20/100	Loss 8.7019 ± 0.2698
INFO:kbc-cli.py:Epoch 21/100	Loss 8.6842 ± 0.2646
INFO:kbc-cli.py:Epoch 21/100	dev results	MRR 0.547877	H@1 0.470300	H@3 0.596200	H@5 0.639300	H@10 0.688700	H@20 0.726100	H@50 0.773300	H@100 0.803300
INFO:kbc-cli.py:Epoch 21/100	test results	MRR 0.541230	H@1 0.464800	H@3 0.585700	H@5 0.630700	H@10 0.677100	H@20 0.721700	H@50 0.769400	H@100 0.802000
INFO:kbc-cli.py:Epoch 22/100	Loss 8.6678 ± 0.2672
INFO:kbc-cli.py:Epoch 23/100	Loss 8.6527 ± 0.2643
INFO:kbc-cli.py:Epoch 24/100	Loss 8.6384 ± 0.2640
INFO:kbc-cli.py:Epoch 24/100	dev results	MRR 0.552193	H@1 0.475300	H@3 0.600700	H@5 0.643500	H@10 0.690800	H@20 0.727000	H@50 0.773600	H@100 0.804200
INFO:kbc-cli.py:Epoch 24/100	test results	MRR 0.545053	H@1 0.469500	H@3 0.587800	H@5 0.633600	H@10 0.679200	H@20 0.723600	H@50 0.770500	H@100 0.802600
INFO:kbc-cli.py:Epoch 25/100	Loss 8.6250 ± 0.2585
INFO:kbc-cli.py:Epoch 26/100	Loss 8.6124 ± 0.2595
INFO:kbc-cli.py:Epoch 27/100	Loss 8.6005 ± 0.2626
INFO:kbc-cli.py:Epoch 27/100	dev results	MRR 0.555082	H@1 0.479100	H@3 0.602400	H@5 0.643800	H@10 0.690200	H@20 0.726500	H@50 0.773700	H@100 0.804600
INFO:kbc-cli.py:Epoch 27/100	test results	MRR 0.546644	H@1 0.471600	H@3 0.589400	H@5 0.635400	H@10 0.679800	H@20 0.723000	H@50 0.770900	H@100 0.802400
INFO:kbc-cli.py:Epoch 28/100	Loss 8.5893 ± 0.2600
INFO:kbc-cli.py:Epoch 29/100	Loss 8.5787 ± 0.2546
INFO:kbc-cli.py:Epoch 30/100	Loss 8.5687 ± 0.2574
INFO:kbc-cli.py:Epoch 30/100	dev results	MRR 0.556684	H@1 0.480900	H@3 0.602400	H@5 0.646100	H@10 0.691900	H@20 0.728900	H@50 0.775300	H@100 0.804300
INFO:kbc-cli.py:Epoch 30/100	test results	MRR 0.548264	H@1 0.471900	H@3 0.593900	H@5 0.637200	H@10 0.681000	H@20 0.723300	H@50 0.772400	H@100 0.802300
INFO:kbc-cli.py:Epoch 31/100	Loss 8.5590 ± 0.2572
INFO:kbc-cli.py:Epoch 32/100	Loss 8.5499 ± 0.2545
INFO:kbc-cli.py:Epoch 33/100	Loss 8.5410 ± 0.2531
INFO:kbc-cli.py:Epoch 33/100	dev results	MRR 0.556131	H@1 0.479200	H@3 0.603600	H@5 0.647600	H@10 0.691900	H@20 0.729100	H@50 0.775300	H@100 0.804100
INFO:kbc-cli.py:Epoch 33/100	test results	MRR 0.550906	H@1 0.476000	H@3 0.596000	H@5 0.639000	H@10 0.681700	H@20 0.723000	H@50 0.772800	H@100 0.802000
INFO:kbc-cli.py:Epoch 34/100	Loss 8.5327 ± 0.2503
INFO:kbc-cli.py:Epoch 35/100	Loss 8.5247 ± 0.2521
INFO:kbc-cli.py:Epoch 36/100	Loss 8.5171 ± 0.2548
INFO:kbc-cli.py:Epoch 36/100	dev results	MRR 0.559774	H@1 0.484900	H@3 0.604600	H@5 0.648200	H@10 0.692800	H@20 0.729700	H@50 0.776000	H@100 0.804700
INFO:kbc-cli.py:Epoch 36/100	test results	MRR 0.551087	H@1 0.475700	H@3 0.597800	H@5 0.639200	H@10 0.681400	H@20 0.725100	H@50 0.772900	H@100 0.803200
INFO:kbc-cli.py:Epoch 37/100	Loss 8.5096 ± 0.2512
INFO:kbc-cli.py:Epoch 38/100	Loss 8.5025 ± 0.2519
INFO:kbc-cli.py:Epoch 39/100	Loss 8.4958 ± 0.2465
INFO:kbc-cli.py:Epoch 39/100	dev results	MRR 0.560169	H@1 0.484500	H@3 0.608400	H@5 0.648700	H@10 0.693200	H@20 0.729400	H@50 0.776400	H@100 0.804500
INFO:kbc-cli.py:Epoch 39/100	test results	MRR 0.552251	H@1 0.477700	H@3 0.598000	H@5 0.639900	H@10 0.683000	H@20 0.725300	H@50 0.773300	H@100 0.803100
INFO:kbc-cli.py:Epoch 40/100	Loss 8.4891 ± 0.2497
INFO:kbc-cli.py:Epoch 41/100	Loss 8.4827 ± 0.2509
INFO:kbc-cli.py:Epoch 42/100	Loss 8.4766 ± 0.2469
INFO:kbc-cli.py:Epoch 42/100	dev results	MRR 0.561373	H@1 0.487200	H@3 0.606900	H@5 0.649400	H@10 0.692600	H@20 0.730500	H@50 0.775900	H@100 0.804000
INFO:kbc-cli.py:Epoch 42/100	test results	MRR 0.554384	H@1 0.480300	H@3 0.599200	H@5 0.641500	H@10 0.682900	H@20 0.726400	H@50 0.773600	H@100 0.802700
INFO:kbc-cli.py:Epoch 43/100	Loss 8.4706 ± 0.2499
INFO:kbc-cli.py:Epoch 44/100	Loss 8.4649 ± 0.2479
INFO:kbc-cli.py:Epoch 45/100	Loss 8.4593 ± 0.2464
INFO:kbc-cli.py:Epoch 45/100	dev results	MRR 0.560796	H@1 0.485500	H@3 0.607300	H@5 0.649500	H@10 0.693900	H@20 0.729700	H@50 0.777600	H@100 0.804700
INFO:kbc-cli.py:Epoch 45/100	test results	MRR 0.555328	H@1 0.480700	H@3 0.601100	H@5 0.642700	H@10 0.683800	H@20 0.725700	H@50 0.773900	H@100 0.803400
INFO:kbc-cli.py:Epoch 46/100	Loss 8.4539 ± 0.2463
INFO:kbc-cli.py:Epoch 47/100	Loss 8.4486 ± 0.2460
INFO:kbc-cli.py:Epoch 48/100	Loss 8.4435 ± 0.2460
INFO:kbc-cli.py:Epoch 48/100	dev results	MRR 0.559853	H@1 0.484500	H@3 0.606100	H@5 0.648300	H@10 0.694500	H@20 0.730700	H@50 0.776200	H@100 0.805300
INFO:kbc-cli.py:Epoch 48/100	test results	MRR 0.555244	H@1 0.480900	H@3 0.599900	H@5 0.642400	H@10 0.683300	H@20 0.726400	H@50 0.773800	H@100 0.803500
INFO:kbc-cli.py:Epoch 49/100	Loss 8.4387 ± 0.2455
INFO:kbc-cli.py:Epoch 50/100	Loss 8.4338 ± 0.2452
INFO:kbc-cli.py:Epoch 51/100	Loss 8.4292 ± 0.2439
INFO:kbc-cli.py:Epoch 51/100	dev results	MRR 0.561991	H@1 0.487600	H@3 0.607100	H@5 0.649400	H@10 0.693000	H@20 0.731500	H@50 0.777000	H@100 0.804700
INFO:kbc-cli.py:Epoch 51/100	test results	MRR 0.555298	H@1 0.481600	H@3 0.598400	H@5 0.641600	H@10 0.684100	H@20 0.726200	H@50 0.774500	H@100 0.803500
INFO:kbc-cli.py:Epoch 52/100	Loss 8.4246 ± 0.2473
INFO:kbc-cli.py:Epoch 53/100	Loss 8.4202 ± 0.2406
INFO:kbc-cli.py:Epoch 54/100	Loss 8.4159 ± 0.2440
INFO:kbc-cli.py:Epoch 54/100	dev results	MRR 0.562950	H@1 0.488800	H@3 0.608300	H@5 0.650200	H@10 0.694400	H@20 0.731700	H@50 0.777100	H@100 0.805100
INFO:kbc-cli.py:Epoch 54/100	test results	MRR 0.556384	H@1 0.482400	H@3 0.602800	H@5 0.643100	H@10 0.684600	H@20 0.727200	H@50 0.774100	H@100 0.803700
INFO:kbc-cli.py:Epoch 55/100	Loss 8.4117 ± 0.2416
INFO:kbc-cli.py:Epoch 56/100	Loss 8.4075 ± 0.2401
INFO:kbc-cli.py:Epoch 57/100	Loss 8.4035 ± 0.2419
INFO:kbc-cli.py:Epoch 57/100	dev results	MRR 0.562154	H@1 0.486700	H@3 0.610200	H@5 0.651700	H@10 0.693400	H@20 0.731700	H@50 0.777600	H@100 0.805000
INFO:kbc-cli.py:Epoch 57/100	test results	MRR 0.556465	H@1 0.482100	H@3 0.602400	H@5 0.643700	H@10 0.685500	H@20 0.726900	H@50 0.773200	H@100 0.803600
INFO:kbc-cli.py:Epoch 58/100	Loss 8.3996 ± 0.2407
INFO:kbc-cli.py:Epoch 59/100	Loss 8.3957 ± 0.2427
INFO:kbc-cli.py:Epoch 60/100	Loss 8.3921 ± 0.2423
INFO:kbc-cli.py:Epoch 60/100	dev results	MRR 0.563648	H@1 0.489800	H@3 0.609600	H@5 0.650000	H@10 0.693200	H@20 0.731400	H@50 0.777300	H@100 0.805300
INFO:kbc-cli.py:Epoch 60/100	test results	MRR 0.557259	H@1 0.483400	H@3 0.603400	H@5 0.643000	H@10 0.684600	H@20 0.728000	H@50 0.773700	H@100 0.803600
INFO:kbc-cli.py:Epoch 61/100	Loss 8.3884 ± 0.2407
INFO:kbc-cli.py:Epoch 62/100	Loss 8.3848 ± 0.2433
INFO:kbc-cli.py:Epoch 63/100	Loss 8.3813 ± 0.2408
INFO:kbc-cli.py:Epoch 63/100	dev results	MRR 0.564083	H@1 0.490400	H@3 0.610100	H@5 0.651400	H@10 0.694000	H@20 0.732700	H@50 0.777800	H@100 0.805500
INFO:kbc-cli.py:Epoch 63/100	test results	MRR 0.557651	H@1 0.484200	H@3 0.601700	H@5 0.643500	H@10 0.684100	H@20 0.728100	H@50 0.773600	H@100 0.803600
INFO:kbc-cli.py:Epoch 64/100	Loss 8.3779 ± 0.2369
INFO:kbc-cli.py:Epoch 65/100	Loss 8.3746 ± 0.2374
INFO:kbc-cli.py:Epoch 66/100	Loss 8.3712 ± 0.2387
INFO:kbc-cli.py:Epoch 66/100	dev results	MRR 0.564298	H@1 0.491500	H@3 0.609100	H@5 0.650200	H@10 0.695600	H@20 0.732900	H@50 0.777800	H@100 0.805900
INFO:kbc-cli.py:Epoch 66/100	test results	MRR 0.556977	H@1 0.483700	H@3 0.602000	H@5 0.643700	H@10 0.684100	H@20 0.727700	H@50 0.773700	H@100 0.803300
INFO:kbc-cli.py:Epoch 67/100	Loss 8.3680 ± 0.2395
INFO:kbc-cli.py:Epoch 68/100	Loss 8.3649 ± 0.2416
INFO:kbc-cli.py:Epoch 69/100	Loss 8.3619 ± 0.2426
INFO:kbc-cli.py:Epoch 69/100	dev results	MRR 0.564841	H@1 0.492100	H@3 0.608900	H@5 0.651300	H@10 0.694600	H@20 0.732300	H@50 0.777900	H@100 0.805700
INFO:kbc-cli.py:Epoch 69/100	test results	MRR 0.558184	H@1 0.485000	H@3 0.603800	H@5 0.644000	H@10 0.685600	H@20 0.728500	H@50 0.773400	H@100 0.803100
INFO:kbc-cli.py:Epoch 70/100	Loss 8.3588 ± 0.2391
INFO:kbc-cli.py:Epoch 71/100	Loss 8.3558 ± 0.2390
INFO:kbc-cli.py:Epoch 72/100	Loss 8.3529 ± 0.2376
INFO:kbc-cli.py:Epoch 72/100	dev results	MRR 0.563917	H@1 0.490200	H@3 0.608700	H@5 0.651600	H@10 0.693800	H@20 0.732600	H@50 0.777800	H@100 0.806000
INFO:kbc-cli.py:Epoch 72/100	test results	MRR 0.557928	H@1 0.483200	H@3 0.604700	H@5 0.644400	H@10 0.686100	H@20 0.728900	H@50 0.774000	H@100 0.804000
INFO:kbc-cli.py:Epoch 73/100	Loss 8.3500 ± 0.2403
INFO:kbc-cli.py:Epoch 74/100	Loss 8.3472 ± 0.2380
INFO:kbc-cli.py:Epoch 75/100	Loss 8.3444 ± 0.2400
INFO:kbc-cli.py:Epoch 75/100	dev results	MRR 0.565242	H@1 0.492400	H@3 0.609700	H@5 0.651700	H@10 0.693700	H@20 0.733400	H@50 0.777500	H@100 0.806100
INFO:kbc-cli.py:Epoch 75/100	test results	MRR 0.558218	H@1 0.484700	H@3 0.604600	H@5 0.644600	H@10 0.685600	H@20 0.728000	H@50 0.774000	H@100 0.803500
INFO:kbc-cli.py:Epoch 76/100	Loss 8.3417 ± 0.2382
INFO:kbc-cli.py:Epoch 77/100	Loss 8.3391 ± 0.2393
INFO:kbc-cli.py:Epoch 78/100	Loss 8.3364 ± 0.2402
INFO:kbc-cli.py:Epoch 78/100	dev results	MRR 0.565065	H@1 0.491800	H@3 0.610200	H@5 0.651900	H@10 0.694300	H@20 0.733500	H@50 0.777700	H@100 0.805800
INFO:kbc-cli.py:Epoch 78/100	test results	MRR 0.558393	H@1 0.484400	H@3 0.604700	H@5 0.643000	H@10 0.686800	H@20 0.728500	H@50 0.773800	H@100 0.804000
INFO:kbc-cli.py:Epoch 79/100	Loss 8.3338 ± 0.2357
INFO:kbc-cli.py:Epoch 80/100	Loss 8.3313 ± 0.2371
INFO:kbc-cli.py:Epoch 81/100	Loss 8.3288 ± 0.2390
INFO:kbc-cli.py:Epoch 81/100	dev results	MRR 0.565124	H@1 0.492200	H@3 0.609500	H@5 0.652100	H@10 0.694200	H@20 0.733100	H@50 0.777400	H@100 0.806400
INFO:kbc-cli.py:Epoch 81/100	test results	MRR 0.559707	H@1 0.487500	H@3 0.604600	H@5 0.643700	H@10 0.685900	H@20 0.729100	H@50 0.774600	H@100 0.804600
INFO:kbc-cli.py:Epoch 82/100	Loss 8.3263 ± 0.2372
INFO:kbc-cli.py:Epoch 83/100	Loss 8.3239 ± 0.2378
INFO:kbc-cli.py:Epoch 84/100	Loss 8.3215 ± 0.2350
INFO:kbc-cli.py:Epoch 84/100	dev results	MRR 0.565762	H@1 0.493200	H@3 0.608500	H@5 0.652700	H@10 0.695600	H@20 0.733100	H@50 0.777700	H@100 0.806700
INFO:kbc-cli.py:Epoch 84/100	test results	MRR 0.559446	H@1 0.486500	H@3 0.605200	H@5 0.645000	H@10 0.685700	H@20 0.730300	H@50 0.773700	H@100 0.804300
INFO:kbc-cli.py:Epoch 85/100	Loss 8.3192 ± 0.2351
INFO:kbc-cli.py:Epoch 86/100	Loss 8.3168 ± 0.2342
INFO:kbc-cli.py:Epoch 87/100	Loss 8.3146 ± 0.2381
INFO:kbc-cli.py:Epoch 87/100	dev results	MRR 0.565361	H@1 0.492700	H@3 0.610000	H@5 0.652100	H@10 0.695000	H@20 0.732600	H@50 0.777500	H@100 0.806800
INFO:kbc-cli.py:Epoch 87/100	test results	MRR 0.560097	H@1 0.486900	H@3 0.605800	H@5 0.643700	H@10 0.686800	H@20 0.729100	H@50 0.773500	H@100 0.804700
INFO:kbc-cli.py:Epoch 88/100	Loss 8.3124 ± 0.2372
INFO:kbc-cli.py:Epoch 89/100	Loss 8.3101 ± 0.2380
INFO:kbc-cli.py:Epoch 90/100	Loss 8.3079 ± 0.2398
INFO:kbc-cli.py:Epoch 90/100	dev results	MRR 0.564852	H@1 0.491600	H@3 0.609600	H@5 0.652500	H@10 0.694900	H@20 0.733000	H@50 0.777800	H@100 0.806700
INFO:kbc-cli.py:Epoch 90/100	test results	MRR 0.560166	H@1 0.487200	H@3 0.606100	H@5 0.644900	H@10 0.686000	H@20 0.729600	H@50 0.774400	H@100 0.804900
INFO:kbc-cli.py:Epoch 91/100	Loss 8.3058 ± 0.2373
INFO:kbc-cli.py:Epoch 92/100	Loss 8.3036 ± 0.2375
INFO:kbc-cli.py:Epoch 93/100	Loss 8.3016 ± 0.2383
INFO:kbc-cli.py:Epoch 93/100	dev results	MRR 0.566047	H@1 0.493200	H@3 0.609400	H@5 0.653000	H@10 0.694300	H@20 0.733400	H@50 0.777500	H@100 0.806900
INFO:kbc-cli.py:Epoch 93/100	test results	MRR 0.560919	H@1 0.488700	H@3 0.605700	H@5 0.643700	H@10 0.687200	H@20 0.729600	H@50 0.773500	H@100 0.804500
INFO:kbc-cli.py:Epoch 94/100	Loss 8.2996 ± 0.2353
INFO:kbc-cli.py:Epoch 95/100	Loss 8.2975 ± 0.2384
INFO:kbc-cli.py:Epoch 96/100	Loss 8.2955 ± 0.2352
INFO:kbc-cli.py:Epoch 96/100	dev results	MRR 0.566522	H@1 0.494300	H@3 0.609400	H@5 0.651800	H@10 0.696000	H@20 0.733100	H@50 0.778000	H@100 0.806400
INFO:kbc-cli.py:Epoch 96/100	test results	MRR 0.560461	H@1 0.487000	H@3 0.607800	H@5 0.643800	H@10 0.686700	H@20 0.728700	H@50 0.774300	H@100 0.804500
INFO:kbc-cli.py:Epoch 97/100	Loss 8.2935 ± 0.2355
INFO:kbc-cli.py:Epoch 98/100	Loss 8.2916 ± 0.2331
INFO:kbc-cli.py:Epoch 99/100	Loss 8.2897 ± 0.2367
INFO:kbc-cli.py:Epoch 99/100	dev results	MRR 0.565882	H@1 0.492800	H@3 0.609900	H@5 0.652000	H@10 0.695900	H@20 0.733400	H@50 0.778100	H@100 0.806700
INFO:kbc-cli.py:Epoch 99/100	test results	MRR 0.561569	H@1 0.489200	H@3 0.607700	H@5 0.644800	H@10 0.686800	H@20 0.730000	H@50 0.774800	H@100 0.805200
INFO:kbc-cli.py:Epoch 100/100	Loss 8.2878 ± 0.2377
INFO:kbc-cli.py:Final 	dev results	MRR 0.567042	H@1 0.495100	H@3 0.610500	H@5 0.652100	H@10 0.695300	H@20 0.734200	H@50 0.778000	H@100 0.806800
INFO:kbc-cli.py:Final 	test results	MRR 0.561192	H@1 0.488500	H@3 0.607300	H@5 0.644200	H@10 0.687000	H@20 0.729800	H@50 0.774800	H@100 0.805000
INFO:kbc-cli.py:Training finished
