./bin/kbc-cli.py --train data/yago3-10/train.tsv --dev data/yago3-10/dev.tsv --test data/yago3-10/test.tsv -m complex -k 1000 -b 100 -e 100 --F2 0.05 --N3 0 -l 0.1 -I standard -V 3 -o adagrad -c so -q
{'F2': 0.05,
 'N3': 0.0,
 'batch_size': 100,
 'corruption': 'so',
 'dev': 'data/yago3-10/dev.tsv',
 'embedding_size': 1000,
 'epochs': 100,
 'eval_batch_size': None,
 'input_type': 'standard',
 'learning_rate': 0.1,
 'load': None,
 'model': 'complex',
 'optimizer': 'adagrad',
 'quiet': True,
 'save': None,
 'seed': 0,
 'test': 'data/yago3-10/test.tsv',
 'test_i': None,
 'test_ii': None,
 'train': 'data/yago3-10/train.tsv',
 'validate_every': 3}
INFO:kbc-cli.py:Device: cuda
INFO:kbc-cli.py:Model state:
INFO:kbc-cli.py:	entities.weight	torch.Size([123182, 2000])
INFO:kbc-cli.py:	predicates.weight	torch.Size([37, 2000])
INFO:kbc-cli.py:Epoch 1/100	Loss 29.2317 ± 2.9544
INFO:kbc-cli.py:Epoch 2/100	Loss 23.3728 ± 0.9854
INFO:kbc-cli.py:Epoch 3/100	Loss 20.6439 ± 0.5866
INFO:kbc-cli.py:Epoch 3/100	dev results	MRR 0.153610	H@1 0.099600	H@3 0.163100	H@5 0.196800	H@10 0.258800	H@20 0.332000	H@50 0.439800	H@100 0.521300
INFO:kbc-cli.py:Epoch 3/100	test results	MRR 0.153941	H@1 0.097600	H@3 0.164700	H@5 0.203900	H@10 0.262200	H@20 0.329100	H@50 0.434800	H@100 0.520700
INFO:kbc-cli.py:Epoch 4/100	Loss nan ± nan
INFO:kbc-cli.py:Epoch 5/100	Loss nan ± nan
INFO:kbc-cli.py:Epoch 6/100	Loss nan ± nan
INFO:kbc-cli.py:Epoch 6/100	dev results	MRR 0.000096	H@1 0.000000	H@3 0.000000	H@5 0.000100	H@10 0.000100	H@20 0.000100	H@50 0.000600	H@100 0.000900
INFO:kbc-cli.py:Epoch 6/100	test results	MRR 0.000081	H@1 0.000000	H@3 0.000000	H@5 0.000000	H@10 0.000000	H@20 0.000100	H@50 0.000700	H@100 0.000900
INFO:kbc-cli.py:Epoch 7/100	Loss nan ± nan
INFO:kbc-cli.py:Epoch 8/100	Loss nan ± nan
INFO:kbc-cli.py:Epoch 9/100	Loss nan ± nan
INFO:kbc-cli.py:Epoch 9/100	dev results	MRR 0.000096	H@1 0.000000	H@3 0.000000	H@5 0.000100	H@10 0.000100	H@20 0.000100	H@50 0.000600	H@100 0.000900
INFO:kbc-cli.py:Epoch 9/100	test results	MRR 0.000081	H@1 0.000000	H@3 0.000000	H@5 0.000000	H@10 0.000000	H@20 0.000100	H@50 0.000700	H@100 0.000900
INFO:kbc-cli.py:Epoch 10/100	Loss nan ± nan
INFO:kbc-cli.py:Epoch 11/100	Loss nan ± nan
INFO:kbc-cli.py:Epoch 12/100	Loss nan ± nan
INFO:kbc-cli.py:Epoch 12/100	dev results	MRR 0.000096	H@1 0.000000	H@3 0.000000	H@5 0.000100	H@10 0.000100	H@20 0.000100	H@50 0.000600	H@100 0.000900
INFO:kbc-cli.py:Epoch 12/100	test results	MRR 0.000081	H@1 0.000000	H@3 0.000000	H@5 0.000000	H@10 0.000000	H@20 0.000100	H@50 0.000700	H@100 0.000900
INFO:kbc-cli.py:Epoch 13/100	Loss nan ± nan
INFO:kbc-cli.py:Epoch 14/100	Loss nan ± nan
INFO:kbc-cli.py:Epoch 15/100	Loss nan ± nan
INFO:kbc-cli.py:Epoch 15/100	dev results	MRR 0.000096	H@1 0.000000	H@3 0.000000	H@5 0.000100	H@10 0.000100	H@20 0.000100	H@50 0.000600	H@100 0.000900
INFO:kbc-cli.py:Epoch 15/100	test results	MRR 0.000081	H@1 0.000000	H@3 0.000000	H@5 0.000000	H@10 0.000000	H@20 0.000100	H@50 0.000700	H@100 0.000900
INFO:kbc-cli.py:Epoch 16/100	Loss nan ± nan
INFO:kbc-cli.py:Epoch 17/100	Loss nan ± nan
INFO:kbc-cli.py:Epoch 18/100	Loss nan ± nan
INFO:kbc-cli.py:Epoch 18/100	dev results	MRR 0.000096	H@1 0.000000	H@3 0.000000	H@5 0.000100	H@10 0.000100	H@20 0.000100	H@50 0.000600	H@100 0.000900
INFO:kbc-cli.py:Epoch 18/100	test results	MRR 0.000081	H@1 0.000000	H@3 0.000000	H@5 0.000000	H@10 0.000000	H@20 0.000100	H@50 0.000700	H@100 0.000900
INFO:kbc-cli.py:Epoch 19/100	Loss nan ± nan
INFO:kbc-cli.py:Epoch 20/100	Loss nan ± nan
INFO:kbc-cli.py:Epoch 21/100	Loss nan ± nan
INFO:kbc-cli.py:Epoch 21/100	dev results	MRR 0.000096	H@1 0.000000	H@3 0.000000	H@5 0.000100	H@10 0.000100	H@20 0.000100	H@50 0.000600	H@100 0.000900
INFO:kbc-cli.py:Epoch 21/100	test results	MRR 0.000081	H@1 0.000000	H@3 0.000000	H@5 0.000000	H@10 0.000000	H@20 0.000100	H@50 0.000700	H@100 0.000900
INFO:kbc-cli.py:Epoch 22/100	Loss nan ± nan
INFO:kbc-cli.py:Epoch 23/100	Loss nan ± nan
INFO:kbc-cli.py:Epoch 24/100	Loss nan ± nan
INFO:kbc-cli.py:Epoch 24/100	dev results	MRR 0.000096	H@1 0.000000	H@3 0.000000	H@5 0.000100	H@10 0.000100	H@20 0.000100	H@50 0.000600	H@100 0.000900
INFO:kbc-cli.py:Epoch 24/100	test results	MRR 0.000081	H@1 0.000000	H@3 0.000000	H@5 0.000000	H@10 0.000000	H@20 0.000100	H@50 0.000700	H@100 0.000900
INFO:kbc-cli.py:Epoch 25/100	Loss nan ± nan
INFO:kbc-cli.py:Epoch 26/100	Loss nan ± nan
INFO:kbc-cli.py:Epoch 27/100	Loss nan ± nan
INFO:kbc-cli.py:Epoch 27/100	dev results	MRR 0.000096	H@1 0.000000	H@3 0.000000	H@5 0.000100	H@10 0.000100	H@20 0.000100	H@50 0.000600	H@100 0.000900
INFO:kbc-cli.py:Epoch 27/100	test results	MRR 0.000081	H@1 0.000000	H@3 0.000000	H@5 0.000000	H@10 0.000000	H@20 0.000100	H@50 0.000700	H@100 0.000900
INFO:kbc-cli.py:Epoch 28/100	Loss nan ± nan
INFO:kbc-cli.py:Epoch 29/100	Loss nan ± nan
INFO:kbc-cli.py:Epoch 30/100	Loss nan ± nan
INFO:kbc-cli.py:Epoch 30/100	dev results	MRR 0.000096	H@1 0.000000	H@3 0.000000	H@5 0.000100	H@10 0.000100	H@20 0.000100	H@50 0.000600	H@100 0.000900
INFO:kbc-cli.py:Epoch 30/100	test results	MRR 0.000081	H@1 0.000000	H@3 0.000000	H@5 0.000000	H@10 0.000000	H@20 0.000100	H@50 0.000700	H@100 0.000900
INFO:kbc-cli.py:Epoch 31/100	Loss nan ± nan
INFO:kbc-cli.py:Epoch 32/100	Loss nan ± nan
INFO:kbc-cli.py:Epoch 33/100	Loss nan ± nan
INFO:kbc-cli.py:Epoch 33/100	dev results	MRR 0.000096	H@1 0.000000	H@3 0.000000	H@5 0.000100	H@10 0.000100	H@20 0.000100	H@50 0.000600	H@100 0.000900
INFO:kbc-cli.py:Epoch 33/100	test results	MRR 0.000081	H@1 0.000000	H@3 0.000000	H@5 0.000000	H@10 0.000000	H@20 0.000100	H@50 0.000700	H@100 0.000900
INFO:kbc-cli.py:Epoch 34/100	Loss nan ± nan
INFO:kbc-cli.py:Epoch 35/100	Loss nan ± nan
INFO:kbc-cli.py:Epoch 36/100	Loss nan ± nan
INFO:kbc-cli.py:Epoch 36/100	dev results	MRR 0.000096	H@1 0.000000	H@3 0.000000	H@5 0.000100	H@10 0.000100	H@20 0.000100	H@50 0.000600	H@100 0.000900
INFO:kbc-cli.py:Epoch 36/100	test results	MRR 0.000081	H@1 0.000000	H@3 0.000000	H@5 0.000000	H@10 0.000000	H@20 0.000100	H@50 0.000700	H@100 0.000900
INFO:kbc-cli.py:Epoch 37/100	Loss nan ± nan
INFO:kbc-cli.py:Epoch 38/100	Loss nan ± nan
INFO:kbc-cli.py:Epoch 39/100	Loss nan ± nan
INFO:kbc-cli.py:Epoch 39/100	dev results	MRR 0.000096	H@1 0.000000	H@3 0.000000	H@5 0.000100	H@10 0.000100	H@20 0.000100	H@50 0.000600	H@100 0.000900
INFO:kbc-cli.py:Epoch 39/100	test results	MRR 0.000081	H@1 0.000000	H@3 0.000000	H@5 0.000000	H@10 0.000000	H@20 0.000100	H@50 0.000700	H@100 0.000900
INFO:kbc-cli.py:Epoch 40/100	Loss nan ± nan
INFO:kbc-cli.py:Epoch 41/100	Loss nan ± nan
INFO:kbc-cli.py:Epoch 42/100	Loss nan ± nan
INFO:kbc-cli.py:Epoch 42/100	dev results	MRR 0.000096	H@1 0.000000	H@3 0.000000	H@5 0.000100	H@10 0.000100	H@20 0.000100	H@50 0.000600	H@100 0.000900
INFO:kbc-cli.py:Epoch 42/100	test results	MRR 0.000081	H@1 0.000000	H@3 0.000000	H@5 0.000000	H@10 0.000000	H@20 0.000100	H@50 0.000700	H@100 0.000900
INFO:kbc-cli.py:Epoch 43/100	Loss nan ± nan
INFO:kbc-cli.py:Epoch 44/100	Loss nan ± nan
INFO:kbc-cli.py:Epoch 45/100	Loss nan ± nan
INFO:kbc-cli.py:Epoch 45/100	dev results	MRR 0.000096	H@1 0.000000	H@3 0.000000	H@5 0.000100	H@10 0.000100	H@20 0.000100	H@50 0.000600	H@100 0.000900
INFO:kbc-cli.py:Epoch 45/100	test results	MRR 0.000081	H@1 0.000000	H@3 0.000000	H@5 0.000000	H@10 0.000000	H@20 0.000100	H@50 0.000700	H@100 0.000900
INFO:kbc-cli.py:Epoch 46/100	Loss nan ± nan
INFO:kbc-cli.py:Epoch 47/100	Loss nan ± nan
INFO:kbc-cli.py:Epoch 48/100	Loss nan ± nan
INFO:kbc-cli.py:Epoch 48/100	dev results	MRR 0.000096	H@1 0.000000	H@3 0.000000	H@5 0.000100	H@10 0.000100	H@20 0.000100	H@50 0.000600	H@100 0.000900
INFO:kbc-cli.py:Epoch 48/100	test results	MRR 0.000081	H@1 0.000000	H@3 0.000000	H@5 0.000000	H@10 0.000000	H@20 0.000100	H@50 0.000700	H@100 0.000900
INFO:kbc-cli.py:Epoch 49/100	Loss nan ± nan
INFO:kbc-cli.py:Epoch 50/100	Loss nan ± nan
INFO:kbc-cli.py:Epoch 51/100	Loss nan ± nan
INFO:kbc-cli.py:Epoch 51/100	dev results	MRR 0.000096	H@1 0.000000	H@3 0.000000	H@5 0.000100	H@10 0.000100	H@20 0.000100	H@50 0.000600	H@100 0.000900
INFO:kbc-cli.py:Epoch 51/100	test results	MRR 0.000081	H@1 0.000000	H@3 0.000000	H@5 0.000000	H@10 0.000000	H@20 0.000100	H@50 0.000700	H@100 0.000900
INFO:kbc-cli.py:Epoch 52/100	Loss nan ± nan
INFO:kbc-cli.py:Epoch 53/100	Loss nan ± nan
INFO:kbc-cli.py:Epoch 54/100	Loss nan ± nan
INFO:kbc-cli.py:Epoch 54/100	dev results	MRR 0.000096	H@1 0.000000	H@3 0.000000	H@5 0.000100	H@10 0.000100	H@20 0.000100	H@50 0.000600	H@100 0.000900
INFO:kbc-cli.py:Epoch 54/100	test results	MRR 0.000081	H@1 0.000000	H@3 0.000000	H@5 0.000000	H@10 0.000000	H@20 0.000100	H@50 0.000700	H@100 0.000900
INFO:kbc-cli.py:Epoch 55/100	Loss nan ± nan
INFO:kbc-cli.py:Epoch 56/100	Loss nan ± nan
INFO:kbc-cli.py:Epoch 57/100	Loss nan ± nan
INFO:kbc-cli.py:Epoch 57/100	dev results	MRR 0.000096	H@1 0.000000	H@3 0.000000	H@5 0.000100	H@10 0.000100	H@20 0.000100	H@50 0.000600	H@100 0.000900
INFO:kbc-cli.py:Epoch 57/100	test results	MRR 0.000081	H@1 0.000000	H@3 0.000000	H@5 0.000000	H@10 0.000000	H@20 0.000100	H@50 0.000700	H@100 0.000900
INFO:kbc-cli.py:Epoch 58/100	Loss nan ± nan
INFO:kbc-cli.py:Epoch 59/100	Loss nan ± nan
