./bin/kbc-cli.py --train data/yago3-10/train.tsv --dev data/yago3-10/dev.tsv --test data/yago3-10/test.tsv -m complex -k 500 -b 50 -e 100 --F2 0 --N3 0.1 -l 0.1 -I standard -V 3 -o adagrad -c so -q
{'F2': 0.0,
 'N3': 0.1,
 'batch_size': 50,
 'corruption': 'so',
 'dev': 'data/yago3-10/dev.tsv',
 'embedding_size': 500,
 'epochs': 100,
 'eval_batch_size': None,
 'input_type': 'standard',
 'learning_rate': 0.1,
 'load': None,
 'model': 'complex',
 'optimizer': 'adagrad',
 'quiet': True,
 'save': None,
 'seed': 0,
 'test': 'data/yago3-10/test.tsv',
 'test_i': None,
 'test_ii': None,
 'train': 'data/yago3-10/train.tsv',
 'validate_every': 3}
INFO:kbc-cli.py:Device: cuda
INFO:kbc-cli.py:Model state:
INFO:kbc-cli.py:	entities.weight	torch.Size([123182, 1000])
INFO:kbc-cli.py:	predicates.weight	torch.Size([37, 1000])
INFO:kbc-cli.py:Epoch 1/100	Loss 88.5384 ± 21.5956
INFO:kbc-cli.py:Epoch 2/100	Loss 50.7545 ± 5.7195
INFO:kbc-cli.py:Epoch 3/100	Loss 38.6933 ± 3.5124
INFO:kbc-cli.py:Epoch 3/100	dev results	MRR 0.317108	H@1 0.223400	H@3 0.357200	H@5 0.418600	H@10 0.499200	H@20 0.574900	H@50 0.673200	H@100 0.736700
INFO:kbc-cli.py:Epoch 3/100	test results	MRR 0.325678	H@1 0.234400	H@3 0.364100	H@5 0.423500	H@10 0.500700	H@20 0.577800	H@50 0.674700	H@100 0.740800
INFO:kbc-cli.py:Epoch 4/100	Loss 32.3771 ± 2.7055
INFO:kbc-cli.py:Epoch 5/100	Loss 28.4464 ± 2.2695
INFO:kbc-cli.py:Epoch 6/100	Loss 25.7505 ± 1.9641
INFO:kbc-cli.py:Epoch 6/100	dev results	MRR 0.388072	H@1 0.290600	H@3 0.438100	H@5 0.495700	H@10 0.572700	H@20 0.646500	H@50 0.730000	H@100 0.781700
INFO:kbc-cli.py:Epoch 6/100	test results	MRR 0.388161	H@1 0.289500	H@3 0.437200	H@5 0.493400	H@10 0.577700	H@20 0.651800	H@50 0.733400	H@100 0.787400
INFO:kbc-cli.py:Epoch 7/100	Loss 23.7842 ± 1.7515
INFO:kbc-cli.py:Epoch 8/100	Loss 22.2871 ± 1.5683
INFO:kbc-cli.py:Epoch 9/100	Loss 21.1118 ± 1.4323
INFO:kbc-cli.py:Epoch 9/100	dev results	MRR 0.411524	H@1 0.312300	H@3 0.463700	H@5 0.523400	H@10 0.598900	H@20 0.670200	H@50 0.746900	H@100 0.795500
INFO:kbc-cli.py:Epoch 9/100	test results	MRR 0.414144	H@1 0.316800	H@3 0.462000	H@5 0.522700	H@10 0.599500	H@20 0.671700	H@50 0.752700	H@100 0.804100
INFO:kbc-cli.py:Epoch 10/100	Loss 20.1654 ± 1.3192
INFO:kbc-cli.py:Epoch 11/100	Loss 19.3886 ± 1.2276
INFO:kbc-cli.py:Epoch 12/100	Loss 18.7411 ± 1.1390
INFO:kbc-cli.py:Epoch 12/100	dev results	MRR 0.423457	H@1 0.326200	H@3 0.472800	H@5 0.532600	H@10 0.605200	H@20 0.677200	H@50 0.756900	H@100 0.802800
INFO:kbc-cli.py:Epoch 12/100	test results	MRR 0.429248	H@1 0.333000	H@3 0.477800	H@5 0.536000	H@10 0.610600	H@20 0.683100	H@50 0.763300	H@100 0.810100
INFO:kbc-cli.py:Epoch 13/100	Loss 18.1935 ± 1.0727
INFO:kbc-cli.py:Epoch 14/100	Loss 17.7250 ± 0.9988
INFO:kbc-cli.py:Epoch 15/100	Loss 17.3206 ± 0.9465
INFO:kbc-cli.py:Epoch 15/100	dev results	MRR 0.430631	H@1 0.333300	H@3 0.480800	H@5 0.540100	H@10 0.614800	H@20 0.685900	H@50 0.761500	H@100 0.807800
INFO:kbc-cli.py:Epoch 15/100	test results	MRR 0.432915	H@1 0.335500	H@3 0.482700	H@5 0.542300	H@10 0.613900	H@20 0.686500	H@50 0.768400	H@100 0.813500
INFO:kbc-cli.py:Epoch 16/100	Loss 16.9681 ± 0.8961
INFO:kbc-cli.py:Epoch 17/100	Loss 16.6587 ± 0.8488
INFO:kbc-cli.py:Epoch 18/100	Loss 16.3851 ± 0.8073
INFO:kbc-cli.py:Epoch 18/100	dev results	MRR 0.434868	H@1 0.338200	H@3 0.484300	H@5 0.542100	H@10 0.615000	H@20 0.689600	H@50 0.766200	H@100 0.811100
INFO:kbc-cli.py:Epoch 18/100	test results	MRR 0.438238	H@1 0.342500	H@3 0.487900	H@5 0.547000	H@10 0.617500	H@20 0.691700	H@50 0.772400	H@100 0.816500
INFO:kbc-cli.py:Epoch 19/100	Loss 16.1416 ± 0.7741
INFO:kbc-cli.py:Epoch 20/100	Loss 15.9239 ± 0.7446
INFO:kbc-cli.py:Epoch 21/100	Loss 15.7281 ± 0.7173
INFO:kbc-cli.py:Epoch 21/100	dev results	MRR 0.437272	H@1 0.340400	H@3 0.484700	H@5 0.544200	H@10 0.619500	H@20 0.692000	H@50 0.769000	H@100 0.812700
INFO:kbc-cli.py:Epoch 21/100	test results	MRR 0.440403	H@1 0.343400	H@3 0.490900	H@5 0.550400	H@10 0.620400	H@20 0.693300	H@50 0.777200	H@100 0.818500
INFO:kbc-cli.py:Epoch 22/100	Loss 15.5512 ± 0.6862
INFO:kbc-cli.py:Epoch 23/100	Loss 15.3906 ± 0.6541
INFO:kbc-cli.py:Epoch 24/100	Loss 15.2444 ± 0.6350
INFO:kbc-cli.py:Epoch 24/100	dev results	MRR 0.438673	H@1 0.341100	H@3 0.488200	H@5 0.547000	H@10 0.623100	H@20 0.695600	H@50 0.771800	H@100 0.814400
INFO:kbc-cli.py:Epoch 24/100	test results	MRR 0.442841	H@1 0.346000	H@3 0.491400	H@5 0.550900	H@10 0.622400	H@20 0.695300	H@50 0.778800	H@100 0.819800
INFO:kbc-cli.py:Epoch 25/100	Loss 15.1107 ± 0.6111
INFO:kbc-cli.py:Epoch 26/100	Loss 14.9881 ± 0.5925
INFO:kbc-cli.py:Epoch 27/100	Loss 14.8752 ± 0.5761
INFO:kbc-cli.py:Epoch 27/100	dev results	MRR 0.440986	H@1 0.342900	H@3 0.490200	H@5 0.549400	H@10 0.623500	H@20 0.696500	H@50 0.772500	H@100 0.816100
INFO:kbc-cli.py:Epoch 27/100	test results	MRR 0.443443	H@1 0.347800	H@3 0.491000	H@5 0.551700	H@10 0.622900	H@20 0.698500	H@50 0.779400	H@100 0.821300
INFO:kbc-cli.py:Epoch 28/100	Loss 14.7711 ± 0.5576
INFO:kbc-cli.py:Epoch 29/100	Loss 14.6747 ± 0.5398
INFO:kbc-cli.py:Epoch 30/100	Loss 14.5853 ± 0.5300
INFO:kbc-cli.py:Epoch 30/100	dev results	MRR 0.442406	H@1 0.344800	H@3 0.493200	H@5 0.549700	H@10 0.625200	H@20 0.696500	H@50 0.774700	H@100 0.816700
INFO:kbc-cli.py:Epoch 30/100	test results	MRR 0.444802	H@1 0.348600	H@3 0.493700	H@5 0.553100	H@10 0.626100	H@20 0.699100	H@50 0.780900	H@100 0.821400
INFO:kbc-cli.py:Epoch 31/100	Loss 14.5021 ± 0.5153
INFO:kbc-cli.py:Epoch 32/100	Loss 14.4246 ± 0.5012
INFO:kbc-cli.py:Epoch 33/100	Loss 14.3521 ± 0.4894
INFO:kbc-cli.py:Epoch 33/100	dev results	MRR 0.442894	H@1 0.346000	H@3 0.492000	H@5 0.550700	H@10 0.625400	H@20 0.699600	H@50 0.775300	H@100 0.818300
INFO:kbc-cli.py:Epoch 33/100	test results	MRR 0.445053	H@1 0.348000	H@3 0.495400	H@5 0.555900	H@10 0.625100	H@20 0.699200	H@50 0.783100	H@100 0.822700
INFO:kbc-cli.py:Epoch 34/100	Loss 14.2844 ± 0.4809
INFO:kbc-cli.py:Epoch 35/100	Loss 14.2207 ± 0.4686
INFO:kbc-cli.py:Epoch 36/100	Loss 14.1611 ± 0.4624
INFO:kbc-cli.py:Epoch 36/100	dev results	MRR 0.444056	H@1 0.348100	H@3 0.490700	H@5 0.549900	H@10 0.627500	H@20 0.699800	H@50 0.775900	H@100 0.818500
INFO:kbc-cli.py:Epoch 36/100	test results	MRR 0.445364	H@1 0.348100	H@3 0.496500	H@5 0.554700	H@10 0.627600	H@20 0.699800	H@50 0.783400	H@100 0.822900
INFO:kbc-cli.py:Epoch 37/100	Loss 14.1047 ± 0.4548
INFO:kbc-cli.py:Epoch 38/100	Loss 14.0517 ± 0.4460
INFO:kbc-cli.py:Epoch 39/100	Loss 14.0017 ± 0.4395
INFO:kbc-cli.py:Epoch 39/100	dev results	MRR 0.444303	H@1 0.347000	H@3 0.493600	H@5 0.552600	H@10 0.627900	H@20 0.699500	H@50 0.778700	H@100 0.819100
INFO:kbc-cli.py:Epoch 39/100	test results	MRR 0.444955	H@1 0.347900	H@3 0.494000	H@5 0.554700	H@10 0.625600	H@20 0.701200	H@50 0.784400	H@100 0.824600
INFO:kbc-cli.py:Epoch 40/100	Loss 13.9542 ± 0.4278
INFO:kbc-cli.py:Epoch 41/100	Loss 13.9094 ± 0.4237
INFO:kbc-cli.py:Epoch 42/100	Loss 13.8669 ± 0.4138
INFO:kbc-cli.py:Epoch 42/100	dev results	MRR 0.446092	H@1 0.350600	H@3 0.493900	H@5 0.553900	H@10 0.629700	H@20 0.700900	H@50 0.778100	H@100 0.819300
INFO:kbc-cli.py:Epoch 42/100	test results	MRR 0.447999	H@1 0.352400	H@3 0.495800	H@5 0.554600	H@10 0.628400	H@20 0.702700	H@50 0.784400	H@100 0.825000
INFO:kbc-cli.py:Epoch 43/100	Loss 13.8264 ± 0.4120
INFO:kbc-cli.py:Epoch 44/100	Loss 13.7881 ± 0.4041
INFO:kbc-cli.py:Epoch 45/100	Loss 13.7515 ± 0.3983
INFO:kbc-cli.py:Epoch 45/100	dev results	MRR 0.445968	H@1 0.348600	H@3 0.495900	H@5 0.553100	H@10 0.630700	H@20 0.700400	H@50 0.778600	H@100 0.819500
INFO:kbc-cli.py:Epoch 45/100	test results	MRR 0.448442	H@1 0.352300	H@3 0.496500	H@5 0.556500	H@10 0.630200	H@20 0.703200	H@50 0.785500	H@100 0.825400
INFO:kbc-cli.py:Epoch 46/100	Loss 13.7166 ± 0.3964
INFO:kbc-cli.py:Epoch 47/100	Loss 13.6834 ± 0.3928
INFO:kbc-cli.py:Epoch 48/100	Loss 13.6516 ± 0.3871
INFO:kbc-cli.py:Epoch 48/100	dev results	MRR 0.446215	H@1 0.350300	H@3 0.494700	H@5 0.552700	H@10 0.630600	H@20 0.701500	H@50 0.779900	H@100 0.820500
INFO:kbc-cli.py:Epoch 48/100	test results	MRR 0.449040	H@1 0.352700	H@3 0.497500	H@5 0.559500	H@10 0.629800	H@20 0.704000	H@50 0.786700	H@100 0.825500
INFO:kbc-cli.py:Epoch 49/100	Loss 13.6213 ± 0.3793
INFO:kbc-cli.py:Epoch 50/100	Loss 13.5923 ± 0.3770
INFO:kbc-cli.py:Epoch 51/100	Loss 13.5646 ± 0.3786
INFO:kbc-cli.py:Epoch 51/100	dev results	MRR 0.446572	H@1 0.349800	H@3 0.497800	H@5 0.553200	H@10 0.630000	H@20 0.702000	H@50 0.781000	H@100 0.820900
INFO:kbc-cli.py:Epoch 51/100	test results	MRR 0.448353	H@1 0.352100	H@3 0.496800	H@5 0.558200	H@10 0.631400	H@20 0.704500	H@50 0.786700	H@100 0.826400
INFO:kbc-cli.py:Epoch 52/100	Loss 13.5379 ± 0.3728
INFO:kbc-cli.py:Epoch 53/100	Loss 13.5124 ± 0.3697
INFO:kbc-cli.py:Epoch 54/100	Loss 13.4879 ± 0.3665
INFO:kbc-cli.py:Epoch 54/100	dev results	MRR 0.447789	H@1 0.351600	H@3 0.496900	H@5 0.554900	H@10 0.629900	H@20 0.702800	H@50 0.781600	H@100 0.822300
INFO:kbc-cli.py:Epoch 54/100	test results	MRR 0.449450	H@1 0.353600	H@3 0.498300	H@5 0.556200	H@10 0.631100	H@20 0.704200	H@50 0.786200	H@100 0.826600
INFO:kbc-cli.py:Epoch 55/100	Loss 13.4644 ± 0.3616
INFO:kbc-cli.py:Epoch 56/100	Loss 13.4418 ± 0.3557
INFO:kbc-cli.py:Epoch 57/100	Loss 13.4201 ± 0.3566
INFO:kbc-cli.py:Epoch 57/100	dev results	MRR 0.448862	H@1 0.353200	H@3 0.497000	H@5 0.552800	H@10 0.632000	H@20 0.704200	H@50 0.782300	H@100 0.822700
INFO:kbc-cli.py:Epoch 57/100	test results	MRR 0.449234	H@1 0.353300	H@3 0.497500	H@5 0.558100	H@10 0.630200	H@20 0.706100	H@50 0.787100	H@100 0.826200
INFO:kbc-cli.py:Epoch 58/100	Loss 13.3991 ± 0.3541
INFO:kbc-cli.py:Epoch 59/100	Loss 13.3789 ± 0.3539
INFO:kbc-cli.py:Epoch 60/100	Loss 13.3596 ± 0.3529
INFO:kbc-cli.py:Epoch 60/100	dev results	MRR 0.447931	H@1 0.351000	H@3 0.498400	H@5 0.552600	H@10 0.630400	H@20 0.704500	H@50 0.781500	H@100 0.822700
INFO:kbc-cli.py:Epoch 60/100	test results	MRR 0.450572	H@1 0.354400	H@3 0.498600	H@5 0.558800	H@10 0.633200	H@20 0.705800	H@50 0.786700	H@100 0.826400
INFO:kbc-cli.py:Epoch 61/100	Loss 13.3407 ± 0.3475
INFO:kbc-cli.py:Epoch 62/100	Loss 13.3227 ± 0.3482
INFO:kbc-cli.py:Epoch 63/100	Loss 13.3052 ± 0.3432
INFO:kbc-cli.py:Epoch 63/100	dev results	MRR 0.449894	H@1 0.353700	H@3 0.498700	H@5 0.555000	H@10 0.632500	H@20 0.703600	H@50 0.782500	H@100 0.823000
INFO:kbc-cli.py:Epoch 63/100	test results	MRR 0.451017	H@1 0.355600	H@3 0.498500	H@5 0.557600	H@10 0.632700	H@20 0.705700	H@50 0.787600	H@100 0.828000
INFO:kbc-cli.py:Epoch 64/100	Loss 13.2884 ± 0.3410
INFO:kbc-cli.py:Epoch 65/100	Loss 13.2721 ± 0.3428
INFO:kbc-cli.py:Epoch 66/100	Loss 13.2564 ± 0.3395
INFO:kbc-cli.py:Epoch 66/100	dev results	MRR 0.451100	H@1 0.355800	H@3 0.498500	H@5 0.554900	H@10 0.634000	H@20 0.704300	H@50 0.782100	H@100 0.823600
INFO:kbc-cli.py:Epoch 66/100	test results	MRR 0.451087	H@1 0.355800	H@3 0.497200	H@5 0.559200	H@10 0.632900	H@20 0.706800	H@50 0.787600	H@100 0.826900
INFO:kbc-cli.py:Epoch 67/100	Loss 13.2411 ± 0.3377
INFO:kbc-cli.py:Epoch 68/100	Loss 13.2264 ± 0.3366
INFO:kbc-cli.py:Epoch 69/100	Loss 13.2121 ± 0.3394
INFO:kbc-cli.py:Epoch 69/100	dev results	MRR 0.449989	H@1 0.354400	H@3 0.499500	H@5 0.554800	H@10 0.633100	H@20 0.705200	H@50 0.784100	H@100 0.824500
INFO:kbc-cli.py:Epoch 69/100	test results	MRR 0.452282	H@1 0.357000	H@3 0.499100	H@5 0.559800	H@10 0.633700	H@20 0.706300	H@50 0.789500	H@100 0.828500
INFO:kbc-cli.py:Epoch 70/100	Loss 13.1981 ± 0.3359
INFO:kbc-cli.py:Epoch 71/100	Loss 13.1846 ± 0.3328
INFO:kbc-cli.py:Epoch 72/100	Loss 13.1715 ± 0.3327
INFO:kbc-cli.py:Epoch 72/100	dev results	MRR 0.449442	H@1 0.353000	H@3 0.500000	H@5 0.556000	H@10 0.633300	H@20 0.703800	H@50 0.783700	H@100 0.825100
INFO:kbc-cli.py:Epoch 72/100	test results	MRR 0.451159	H@1 0.354900	H@3 0.498100	H@5 0.559700	H@10 0.634100	H@20 0.707600	H@50 0.788400	H@100 0.829300
INFO:kbc-cli.py:Epoch 73/100	Loss 13.1588 ± 0.3351
INFO:kbc-cli.py:Epoch 74/100	Loss 13.1464 ± 0.3311
INFO:kbc-cli.py:Epoch 75/100	Loss 13.1344 ± 0.3325
INFO:kbc-cli.py:Epoch 75/100	dev results	MRR 0.451108	H@1 0.356000	H@3 0.498800	H@5 0.555500	H@10 0.633900	H@20 0.705200	H@50 0.785400	H@100 0.824700
INFO:kbc-cli.py:Epoch 75/100	test results	MRR 0.452291	H@1 0.357100	H@3 0.499100	H@5 0.559500	H@10 0.633100	H@20 0.708400	H@50 0.788900	H@100 0.829200
INFO:kbc-cli.py:Epoch 76/100	Loss 13.1228 ± 0.3305
INFO:kbc-cli.py:Epoch 77/100	Loss 13.1116 ± 0.3306
INFO:kbc-cli.py:Epoch 78/100	Loss 13.1006 ± 0.3283
INFO:kbc-cli.py:Epoch 78/100	dev results	MRR 0.451275	H@1 0.356100	H@3 0.499000	H@5 0.555400	H@10 0.633300	H@20 0.705600	H@50 0.786100	H@100 0.824400
INFO:kbc-cli.py:Epoch 78/100	test results	MRR 0.453002	H@1 0.357800	H@3 0.499500	H@5 0.560600	H@10 0.633700	H@20 0.709000	H@50 0.788000	H@100 0.829600
INFO:kbc-cli.py:Epoch 79/100	Loss 13.0899 ± 0.3271
INFO:kbc-cli.py:Epoch 80/100	Loss 13.0796 ± 0.3250
INFO:kbc-cli.py:Epoch 81/100	Loss 13.0695 ± 0.3238
INFO:kbc-cli.py:Epoch 81/100	dev results	MRR 0.451284	H@1 0.356000	H@3 0.499000	H@5 0.554500	H@10 0.633900	H@20 0.705400	H@50 0.785600	H@100 0.825200
INFO:kbc-cli.py:Epoch 81/100	test results	MRR 0.453429	H@1 0.358100	H@3 0.500200	H@5 0.560600	H@10 0.634000	H@20 0.708400	H@50 0.788800	H@100 0.830700
INFO:kbc-cli.py:Epoch 82/100	Loss 13.0596 ± 0.3244
INFO:kbc-cli.py:Epoch 83/100	Loss 13.0501 ± 0.3255
INFO:kbc-cli.py:Epoch 84/100	Loss 13.0407 ± 0.3243
INFO:kbc-cli.py:Epoch 84/100	dev results	MRR 0.452170	H@1 0.357600	H@3 0.499700	H@5 0.555100	H@10 0.632700	H@20 0.706400	H@50 0.785400	H@100 0.825700
INFO:kbc-cli.py:Epoch 84/100	test results	MRR 0.452806	H@1 0.356900	H@3 0.498900	H@5 0.561400	H@10 0.633300	H@20 0.709100	H@50 0.788900	H@100 0.830200
INFO:kbc-cli.py:Epoch 85/100	Loss 13.0316 ± 0.3233
INFO:kbc-cli.py:Epoch 86/100	Loss 13.0228 ± 0.3224
INFO:kbc-cli.py:Epoch 87/100	Loss 13.0142 ± 0.3232
INFO:kbc-cli.py:Epoch 87/100	dev results	MRR 0.451986	H@1 0.356700	H@3 0.499800	H@5 0.556200	H@10 0.633700	H@20 0.706600	H@50 0.785800	H@100 0.826000
INFO:kbc-cli.py:Epoch 87/100	test results	MRR 0.454174	H@1 0.359600	H@3 0.500000	H@5 0.560000	H@10 0.632200	H@20 0.709500	H@50 0.789900	H@100 0.830300
INFO:kbc-cli.py:Epoch 88/100	Loss 13.0057 ± 0.3225
INFO:kbc-cli.py:Epoch 89/100	Loss 12.9975 ± 0.3241
INFO:kbc-cli.py:Epoch 90/100	Loss 12.9895 ± 0.3241
INFO:kbc-cli.py:Epoch 90/100	dev results	MRR 0.452738	H@1 0.357600	H@3 0.500900	H@5 0.556800	H@10 0.633800	H@20 0.705800	H@50 0.786000	H@100 0.826200
INFO:kbc-cli.py:Epoch 90/100	test results	MRR 0.454088	H@1 0.359700	H@3 0.499500	H@5 0.560800	H@10 0.635300	H@20 0.708200	H@50 0.789800	H@100 0.829900
