./bin/kbc-cli.py --train data/yago3-10/train.tsv --dev data/yago3-10/dev.tsv --test data/yago3-10/test.tsv -m complex -k 1000 -b 500 -e 100 --F2 0 --N3 0.5 -l 0.1 -I standard -V 3 -o adagrad -c so -q
{'F2': 0.0,
 'N3': 0.5,
 'batch_size': 500,
 'corruption': 'so',
 'dev': 'data/yago3-10/dev.tsv',
 'embedding_size': 1000,
 'epochs': 100,
 'eval_batch_size': None,
 'input_type': 'standard',
 'learning_rate': 0.1,
 'load': None,
 'model': 'complex',
 'optimizer': 'adagrad',
 'quiet': True,
 'save': None,
 'seed': 0,
 'test': 'data/yago3-10/test.tsv',
 'test_i': None,
 'test_ii': None,
 'train': 'data/yago3-10/train.tsv',
 'validate_every': 3}
INFO:kbc-cli.py:Device: cuda
INFO:kbc-cli.py:Model state:
INFO:kbc-cli.py:	entities.weight	torch.Size([123182, 2000])
INFO:kbc-cli.py:	predicates.weight	torch.Size([37, 2000])
INFO:kbc-cli.py:Epoch 1/100	Loss 67.6483 ± 16.1042
INFO:kbc-cli.py:Epoch 2/100	Loss 41.5979 ± 2.4825
INFO:kbc-cli.py:Epoch 3/100	Loss 35.6697 ± 1.5125
INFO:kbc-cli.py:Epoch 3/100	dev results	MRR 0.040248	H@1 0.022600	H@3 0.046900	H@5 0.053500	H@10 0.065400	H@20 0.078100	H@50 0.109400	H@100 0.148300
INFO:kbc-cli.py:Epoch 3/100	test results	MRR 0.039855	H@1 0.023100	H@3 0.045800	H@5 0.051000	H@10 0.062600	H@20 0.077500	H@50 0.110300	H@100 0.150100
INFO:kbc-cli.py:Epoch 4/100	Loss 32.6438 ± 1.1800
INFO:kbc-cli.py:Epoch 5/100	Loss 30.7701 ± 1.0016
INFO:kbc-cli.py:Epoch 6/100	Loss 29.4859 ± 0.9249
INFO:kbc-cli.py:Epoch 6/100	dev results	MRR 0.037071	H@1 0.015600	H@3 0.045000	H@5 0.053400	H@10 0.068300	H@20 0.084900	H@50 0.121100	H@100 0.168000
INFO:kbc-cli.py:Epoch 6/100	test results	MRR 0.035749	H@1 0.014700	H@3 0.042900	H@5 0.053000	H@10 0.065800	H@20 0.084600	H@50 0.124000	H@100 0.169700
INFO:kbc-cli.py:Epoch 7/100	Loss 28.5469 ± 0.8163
INFO:kbc-cli.py:Epoch 8/100	Loss 27.8267 ± 0.7701
INFO:kbc-cli.py:Epoch 9/100	Loss 27.2500 ± 0.7535
INFO:kbc-cli.py:Epoch 9/100	dev results	MRR 0.045237	H@1 0.022000	H@3 0.050200	H@5 0.063800	H@10 0.083700	H@20 0.107600	H@50 0.155500	H@100 0.211600
INFO:kbc-cli.py:Epoch 9/100	test results	MRR 0.045772	H@1 0.023100	H@3 0.050200	H@5 0.064800	H@10 0.081900	H@20 0.109400	H@50 0.161200	H@100 0.214500
INFO:kbc-cli.py:Epoch 10/100	Loss 26.7781 ± 0.7071
INFO:kbc-cli.py:Epoch 11/100	Loss 26.3883 ± 0.6733
INFO:kbc-cli.py:Epoch 12/100	Loss 26.0655 ± 0.6552
INFO:kbc-cli.py:Epoch 12/100	dev results	MRR 0.052314	H@1 0.027400	H@3 0.051200	H@5 0.072700	H@10 0.097800	H@20 0.135400	H@50 0.199000	H@100 0.265400
INFO:kbc-cli.py:Epoch 12/100	test results	MRR 0.054170	H@1 0.028800	H@3 0.053300	H@5 0.073200	H@10 0.101100	H@20 0.139200	H@50 0.206400	H@100 0.276200
INFO:kbc-cli.py:Epoch 13/100	Loss 25.7923 ± 0.6356
INFO:kbc-cli.py:Epoch 14/100	Loss 25.5577 ± 0.6030
INFO:kbc-cli.py:Epoch 15/100	Loss 25.3554 ± 0.5912
INFO:kbc-cli.py:Epoch 15/100	dev results	MRR 0.054146	H@1 0.024800	H@3 0.055700	H@5 0.075500	H@10 0.107000	H@20 0.151600	H@50 0.225300	H@100 0.299700
INFO:kbc-cli.py:Epoch 15/100	test results	MRR 0.055806	H@1 0.025700	H@3 0.055700	H@5 0.078000	H@10 0.112400	H@20 0.158500	H@50 0.233700	H@100 0.303400
INFO:kbc-cli.py:Epoch 16/100	Loss 25.1779 ± 0.5709
INFO:kbc-cli.py:Epoch 17/100	Loss 25.0210 ± 0.5827
INFO:kbc-cli.py:Epoch 18/100	Loss 24.8826 ± 0.5541
INFO:kbc-cli.py:Epoch 18/100	dev results	MRR 0.055139	H@1 0.025200	H@3 0.052600	H@5 0.075900	H@10 0.111600	H@20 0.160300	H@50 0.244800	H@100 0.325700
INFO:kbc-cli.py:Epoch 18/100	test results	MRR 0.057851	H@1 0.028000	H@3 0.053000	H@5 0.079500	H@10 0.117300	H@20 0.168100	H@50 0.249300	H@100 0.328900
INFO:kbc-cli.py:Epoch 19/100	Loss 24.7589 ± 0.5385
INFO:kbc-cli.py:Epoch 20/100	Loss 24.6485 ± 0.5104
INFO:kbc-cli.py:Epoch 21/100	Loss 24.5496 ± 0.5352
INFO:kbc-cli.py:Epoch 21/100	dev results	MRR 0.056847	H@1 0.025500	H@3 0.054600	H@5 0.073400	H@10 0.114100	H@20 0.169200	H@50 0.258900	H@100 0.344500
INFO:kbc-cli.py:Epoch 21/100	test results	MRR 0.058674	H@1 0.026900	H@3 0.055800	H@5 0.078500	H@10 0.118000	H@20 0.174200	H@50 0.266200	H@100 0.347200
INFO:kbc-cli.py:Epoch 22/100	Loss 24.4592 ± 0.5035
INFO:kbc-cli.py:Epoch 23/100	Loss 24.3774 ± 0.4891
INFO:kbc-cli.py:Epoch 24/100	Loss 24.3026 ± 0.4925
INFO:kbc-cli.py:Epoch 24/100	dev results	MRR 0.060847	H@1 0.030000	H@3 0.057900	H@5 0.076700	H@10 0.114800	H@20 0.170400	H@50 0.270600	H@100 0.362400
INFO:kbc-cli.py:Epoch 24/100	test results	MRR 0.061023	H@1 0.028600	H@3 0.058100	H@5 0.081800	H@10 0.121800	H@20 0.182100	H@50 0.278300	H@100 0.363600
INFO:kbc-cli.py:Epoch 25/100	Loss 24.2351 ± 0.4919
INFO:kbc-cli.py:Epoch 26/100	Loss 24.1718 ± 0.4687
INFO:kbc-cli.py:Epoch 27/100	Loss 24.1144 ± 0.4724
INFO:kbc-cli.py:Epoch 27/100	dev results	MRR 0.061942	H@1 0.029700	H@3 0.060900	H@5 0.079900	H@10 0.115500	H@20 0.173100	H@50 0.276000	H@100 0.368400
INFO:kbc-cli.py:Epoch 27/100	test results	MRR 0.063096	H@1 0.030700	H@3 0.059800	H@5 0.081400	H@10 0.120800	H@20 0.183400	H@50 0.286600	H@100 0.376400
INFO:kbc-cli.py:Epoch 28/100	Loss 24.0622 ± 0.4715
INFO:kbc-cli.py:Epoch 29/100	Loss 24.0128 ± 0.4606
INFO:kbc-cli.py:Epoch 30/100	Loss 23.9673 ± 0.4488
INFO:kbc-cli.py:Epoch 30/100	dev results	MRR 0.063021	H@1 0.031300	H@3 0.060000	H@5 0.080200	H@10 0.118300	H@20 0.174200	H@50 0.281200	H@100 0.377800
INFO:kbc-cli.py:Epoch 30/100	test results	MRR 0.064107	H@1 0.031100	H@3 0.059900	H@5 0.083600	H@10 0.123700	H@20 0.180900	H@50 0.290500	H@100 0.380700
INFO:kbc-cli.py:Epoch 31/100	Loss 23.9285 ± 0.4646
INFO:kbc-cli.py:Epoch 32/100	Loss 23.8860 ± 0.4360
INFO:kbc-cli.py:Epoch 33/100	Loss 23.8515 ± 0.4458
INFO:kbc-cli.py:Epoch 33/100	dev results	MRR 0.064984	H@1 0.033000	H@3 0.062500	H@5 0.082600	H@10 0.119500	H@20 0.175100	H@50 0.283100	H@100 0.378500
INFO:kbc-cli.py:Epoch 33/100	test results	MRR 0.064817	H@1 0.031600	H@3 0.062000	H@5 0.083300	H@10 0.123100	H@20 0.183200	H@50 0.292000	H@100 0.385900
INFO:kbc-cli.py:Epoch 34/100	Loss 23.8148 ± 0.4232
INFO:kbc-cli.py:Epoch 35/100	Loss 23.7830 ± 0.4211
INFO:kbc-cli.py:Epoch 36/100	Loss 23.7525 ± 0.4163
INFO:kbc-cli.py:Epoch 36/100	dev results	MRR 0.066777	H@1 0.034000	H@3 0.065800	H@5 0.084900	H@10 0.119800	H@20 0.178600	H@50 0.285300	H@100 0.385600
INFO:kbc-cli.py:Epoch 36/100	test results	MRR 0.066455	H@1 0.033700	H@3 0.062800	H@5 0.084200	H@10 0.125600	H@20 0.185700	H@50 0.293700	H@100 0.389900
INFO:kbc-cli.py:Epoch 37/100	Loss 23.7240 ± 0.4046
INFO:kbc-cli.py:Epoch 38/100	Loss 23.6968 ± 0.4125
INFO:kbc-cli.py:Epoch 39/100	Loss 23.6713 ± 0.4065
INFO:kbc-cli.py:Epoch 39/100	dev results	MRR 0.066989	H@1 0.033800	H@3 0.065800	H@5 0.085600	H@10 0.122300	H@20 0.176700	H@50 0.286300	H@100 0.387700
INFO:kbc-cli.py:Epoch 39/100	test results	MRR 0.067508	H@1 0.034600	H@3 0.063800	H@5 0.086800	H@10 0.124900	H@20 0.184100	H@50 0.293800	H@100 0.392300
INFO:kbc-cli.py:Epoch 40/100	Loss 23.6483 ± 0.4063
INFO:kbc-cli.py:Epoch 41/100	Loss 23.6247 ± 0.4007
INFO:kbc-cli.py:Epoch 42/100	Loss 23.6031 ± 0.3938
INFO:kbc-cli.py:Epoch 42/100	dev results	MRR 0.068162	H@1 0.035000	H@3 0.067600	H@5 0.087400	H@10 0.125000	H@20 0.182600	H@50 0.291200	H@100 0.390200
INFO:kbc-cli.py:Epoch 42/100	test results	MRR 0.068423	H@1 0.035600	H@3 0.065400	H@5 0.086400	H@10 0.125900	H@20 0.186100	H@50 0.295500	H@100 0.391300
INFO:kbc-cli.py:Epoch 43/100	Loss 23.5826 ± 0.4109
INFO:kbc-cli.py:Epoch 44/100	Loss 23.5628 ± 0.3825
INFO:kbc-cli.py:Epoch 45/100	Loss 23.5444 ± 0.3769
INFO:kbc-cli.py:Epoch 45/100	dev results	MRR 0.067985	H@1 0.035300	H@3 0.065900	H@5 0.085800	H@10 0.123500	H@20 0.182600	H@50 0.292300	H@100 0.391400
INFO:kbc-cli.py:Epoch 45/100	test results	MRR 0.068482	H@1 0.035400	H@3 0.065900	H@5 0.087000	H@10 0.127400	H@20 0.184700	H@50 0.296600	H@100 0.390700
INFO:kbc-cli.py:Epoch 46/100	Loss 23.5267 ± 0.3848
INFO:kbc-cli.py:Epoch 47/100	Loss 23.5098 ± 0.3765
INFO:kbc-cli.py:Epoch 48/100	Loss 23.4937 ± 0.3792
INFO:kbc-cli.py:Epoch 48/100	dev results	MRR 0.069655	H@1 0.036400	H@3 0.068200	H@5 0.088400	H@10 0.128800	H@20 0.184900	H@50 0.297100	H@100 0.393600
INFO:kbc-cli.py:Epoch 48/100	test results	MRR 0.069069	H@1 0.035200	H@3 0.066300	H@5 0.088400	H@10 0.129200	H@20 0.189900	H@50 0.299400	H@100 0.394000
INFO:kbc-cli.py:Epoch 49/100	Loss 23.4785 ± 0.3767
INFO:kbc-cli.py:Epoch 50/100	Loss 23.4636 ± 0.3759
INFO:kbc-cli.py:Epoch 51/100	Loss 23.4493 ± 0.3813
INFO:kbc-cli.py:Epoch 51/100	dev results	MRR 0.068789	H@1 0.034700	H@3 0.067700	H@5 0.087500	H@10 0.127700	H@20 0.185700	H@50 0.296600	H@100 0.395000
INFO:kbc-cli.py:Epoch 51/100	test results	MRR 0.070042	H@1 0.035400	H@3 0.068200	H@5 0.090400	H@10 0.131400	H@20 0.190700	H@50 0.301200	H@100 0.398600
INFO:kbc-cli.py:Epoch 52/100	Loss 23.4359 ± 0.3723
INFO:kbc-cli.py:Epoch 53/100	Loss 23.4229 ± 0.3685
INFO:kbc-cli.py:Epoch 54/100	Loss 23.4113 ± 0.3673
INFO:kbc-cli.py:Epoch 54/100	dev results	MRR 0.070726	H@1 0.036800	H@3 0.067700	H@5 0.090700	H@10 0.131800	H@20 0.188000	H@50 0.298600	H@100 0.395800
INFO:kbc-cli.py:Epoch 54/100	test results	MRR 0.069420	H@1 0.034400	H@3 0.067000	H@5 0.089200	H@10 0.132400	H@20 0.193300	H@50 0.302000	H@100 0.399500
INFO:kbc-cli.py:Epoch 55/100	Loss 23.3982 ± 0.3554
INFO:kbc-cli.py:Epoch 56/100	Loss 23.3868 ± 0.3615
INFO:kbc-cli.py:Epoch 57/100	Loss 23.3756 ± 0.3509
INFO:kbc-cli.py:Epoch 57/100	dev results	MRR 0.070667	H@1 0.036100	H@3 0.068300	H@5 0.089400	H@10 0.133000	H@20 0.190100	H@50 0.301100	H@100 0.400000
INFO:kbc-cli.py:Epoch 57/100	test results	MRR 0.071126	H@1 0.037000	H@3 0.067700	H@5 0.088900	H@10 0.130000	H@20 0.191800	H@50 0.301800	H@100 0.400700
INFO:kbc-cli.py:Epoch 58/100	Loss 23.3647 ± 0.3501
INFO:kbc-cli.py:Epoch 59/100	Loss 23.3545 ± 0.3521
INFO:kbc-cli.py:Epoch 60/100	Loss 23.3448 ± 0.3563
INFO:kbc-cli.py:Epoch 60/100	dev results	MRR 0.071123	H@1 0.036200	H@3 0.068900	H@5 0.091900	H@10 0.134200	H@20 0.191000	H@50 0.304600	H@100 0.400600
INFO:kbc-cli.py:Epoch 60/100	test results	MRR 0.072337	H@1 0.037600	H@3 0.067900	H@5 0.093600	H@10 0.136000	H@20 0.195600	H@50 0.307500	H@100 0.405600
INFO:kbc-cli.py:Epoch 61/100	Loss 23.3345 ± 0.3323
INFO:kbc-cli.py:Epoch 62/100	Loss 23.3251 ± 0.3486
INFO:kbc-cli.py:Epoch 63/100	Loss 23.3160 ± 0.3398
INFO:kbc-cli.py:Epoch 63/100	dev results	MRR 0.072948	H@1 0.038700	H@3 0.069700	H@5 0.092400	H@10 0.136800	H@20 0.192300	H@50 0.307400	H@100 0.403600
INFO:kbc-cli.py:Epoch 63/100	test results	MRR 0.072362	H@1 0.037300	H@3 0.069500	H@5 0.090800	H@10 0.133200	H@20 0.197300	H@50 0.309200	H@100 0.407900
INFO:kbc-cli.py:Epoch 64/100	Loss 23.3074 ± 0.3389
INFO:kbc-cli.py:Epoch 65/100	Loss 23.2987 ± 0.3220
INFO:kbc-cli.py:Epoch 66/100	Loss 23.2913 ± 0.3328
INFO:kbc-cli.py:Epoch 66/100	dev results	MRR 0.073236	H@1 0.039400	H@3 0.068000	H@5 0.093000	H@10 0.137500	H@20 0.194300	H@50 0.306300	H@100 0.404700
INFO:kbc-cli.py:Epoch 66/100	test results	MRR 0.072336	H@1 0.037700	H@3 0.068100	H@5 0.092300	H@10 0.134700	H@20 0.197900	H@50 0.310900	H@100 0.408200
INFO:kbc-cli.py:Epoch 67/100	Loss 23.2827 ± 0.3231
INFO:kbc-cli.py:Epoch 68/100	Loss 23.2750 ± 0.3396
INFO:kbc-cli.py:Epoch 69/100	Loss 23.2678 ± 0.3262
INFO:kbc-cli.py:Epoch 69/100	dev results	MRR 0.073379	H@1 0.039100	H@3 0.067500	H@5 0.094000	H@10 0.137800	H@20 0.192400	H@50 0.304200	H@100 0.406900
INFO:kbc-cli.py:Epoch 69/100	test results	MRR 0.073075	H@1 0.038100	H@3 0.069300	H@5 0.092500	H@10 0.136000	H@20 0.198400	H@50 0.312400	H@100 0.410600
INFO:kbc-cli.py:Epoch 70/100	Loss 23.2606 ± 0.3318
INFO:kbc-cli.py:Epoch 71/100	Loss 23.2536 ± 0.3194
INFO:kbc-cli.py:Epoch 72/100	Loss 23.2467 ± 0.3209
INFO:kbc-cli.py:Epoch 72/100	dev results	MRR 0.074400	H@1 0.040000	H@3 0.070800	H@5 0.094000	H@10 0.138900	H@20 0.193500	H@50 0.307100	H@100 0.409400
INFO:kbc-cli.py:Epoch 72/100	test results	MRR 0.072172	H@1 0.036500	H@3 0.070200	H@5 0.093000	H@10 0.137400	H@20 0.198800	H@50 0.311200	H@100 0.409000
INFO:kbc-cli.py:Epoch 73/100	Loss 23.2404 ± 0.3189
INFO:kbc-cli.py:Epoch 74/100	Loss 23.2338 ± 0.3240
INFO:kbc-cli.py:Epoch 75/100	Loss 23.2277 ± 0.3147
INFO:kbc-cli.py:Epoch 75/100	dev results	MRR 0.075612	H@1 0.041100	H@3 0.071100	H@5 0.096000	H@10 0.138600	H@20 0.196400	H@50 0.306100	H@100 0.407600
INFO:kbc-cli.py:Epoch 75/100	test results	MRR 0.073399	H@1 0.038400	H@3 0.069300	H@5 0.093000	H@10 0.135300	H@20 0.200800	H@50 0.313300	H@100 0.412400
INFO:kbc-cli.py:Epoch 76/100	Loss 23.2217 ± 0.3269
INFO:kbc-cli.py:Epoch 77/100	Loss 23.2159 ± 0.3202
INFO:kbc-cli.py:Epoch 78/100	Loss 23.2101 ± 0.3048
INFO:kbc-cli.py:Epoch 78/100	dev results	MRR 0.074790	H@1 0.040300	H@3 0.069800	H@5 0.095200	H@10 0.139300	H@20 0.195900	H@50 0.307600	H@100 0.410200
INFO:kbc-cli.py:Epoch 78/100	test results	MRR 0.074464	H@1 0.038500	H@3 0.071900	H@5 0.096200	H@10 0.137900	H@20 0.201400	H@50 0.314300	H@100 0.412800
INFO:kbc-cli.py:Epoch 79/100	Loss 23.2045 ± 0.3194
INFO:kbc-cli.py:Epoch 80/100	Loss 23.1992 ± 0.3110
INFO:kbc-cli.py:Epoch 81/100	Loss 23.1941 ± 0.3128
INFO:kbc-cli.py:Epoch 81/100	dev results	MRR 0.074336	H@1 0.039200	H@3 0.070000	H@5 0.096700	H@10 0.139500	H@20 0.195200	H@50 0.309600	H@100 0.411500
INFO:kbc-cli.py:Epoch 81/100	test results	MRR 0.073951	H@1 0.038300	H@3 0.070000	H@5 0.094800	H@10 0.137600	H@20 0.202700	H@50 0.315000	H@100 0.414800
INFO:kbc-cli.py:Epoch 82/100	Loss 23.1889 ± 0.3173
INFO:kbc-cli.py:Epoch 83/100	Loss 23.1841 ± 0.2993
INFO:kbc-cli.py:Epoch 84/100	Loss 23.1791 ± 0.3078
INFO:kbc-cli.py:Epoch 84/100	dev results	MRR 0.075295	H@1 0.041000	H@3 0.070700	H@5 0.094900	H@10 0.139500	H@20 0.198500	H@50 0.309700	H@100 0.409100
INFO:kbc-cli.py:Epoch 84/100	test results	MRR 0.074278	H@1 0.038300	H@3 0.071400	H@5 0.094600	H@10 0.139000	H@20 0.203700	H@50 0.314800	H@100 0.412300
INFO:kbc-cli.py:Epoch 85/100	Loss 23.1745 ± 0.3036
INFO:kbc-cli.py:Epoch 86/100	Loss 23.1697 ± 0.3062
INFO:kbc-cli.py:Epoch 87/100	Loss 23.1652 ± 0.2948
INFO:kbc-cli.py:Epoch 87/100	dev results	MRR 0.075734	H@1 0.040800	H@3 0.071200	H@5 0.096900	H@10 0.141300	H@20 0.198100	H@50 0.309500	H@100 0.410900
INFO:kbc-cli.py:Epoch 87/100	test results	MRR 0.074519	H@1 0.038600	H@3 0.070900	H@5 0.094300	H@10 0.139000	H@20 0.206000	H@50 0.316600	H@100 0.416900
INFO:kbc-cli.py:Epoch 88/100	Loss 23.1609 ± 0.2962
INFO:kbc-cli.py:Epoch 89/100	Loss 23.1566 ± 0.3013
INFO:kbc-cli.py:Epoch 90/100	Loss 23.1525 ± 0.2941
INFO:kbc-cli.py:Epoch 90/100	dev results	MRR 0.074528	H@1 0.038900	H@3 0.070800	H@5 0.094000	H@10 0.140200	H@20 0.197600	H@50 0.312300	H@100 0.413800
INFO:kbc-cli.py:Epoch 90/100	test results	MRR 0.074722	H@1 0.038200	H@3 0.073400	H@5 0.096500	H@10 0.138300	H@20 0.204900	H@50 0.315900	H@100 0.415900
INFO:kbc-cli.py:Epoch 91/100	Loss 23.1483 ± 0.2879
INFO:kbc-cli.py:Epoch 92/100	Loss 23.1444 ± 0.2950
INFO:kbc-cli.py:Epoch 93/100	Loss 23.1405 ± 0.2946
INFO:kbc-cli.py:Epoch 93/100	dev results	MRR 0.075251	H@1 0.039500	H@3 0.071500	H@5 0.096000	H@10 0.143000	H@20 0.199100	H@50 0.312300	H@100 0.414200
INFO:kbc-cli.py:Epoch 93/100	test results	MRR 0.074054	H@1 0.038000	H@3 0.071000	H@5 0.094200	H@10 0.138400	H@20 0.206800	H@50 0.316100	H@100 0.416100
INFO:kbc-cli.py:Epoch 94/100	Loss 23.1366 ± 0.2808
INFO:kbc-cli.py:Epoch 95/100	Loss 23.1329 ± 0.2924
INFO:kbc-cli.py:Epoch 96/100	Loss 23.1296 ± 0.2864
INFO:kbc-cli.py:Epoch 96/100	dev results	MRR 0.075370	H@1 0.039400	H@3 0.073100	H@5 0.095500	H@10 0.142500	H@20 0.201500	H@50 0.313000	H@100 0.413300
INFO:kbc-cli.py:Epoch 96/100	test results	MRR 0.074941	H@1 0.038000	H@3 0.074100	H@5 0.095700	H@10 0.140000	H@20 0.206400	H@50 0.319600	H@100 0.417200
INFO:kbc-cli.py:Epoch 97/100	Loss 23.1256 ± 0.2800
INFO:kbc-cli.py:Epoch 98/100	Loss 23.1222 ± 0.2815
INFO:kbc-cli.py:Epoch 99/100	Loss 23.1186 ± 0.2979
INFO:kbc-cli.py:Epoch 99/100	dev results	MRR 0.075536	H@1 0.039600	H@3 0.072000	H@5 0.097700	H@10 0.144600	H@20 0.201300	H@50 0.312500	H@100 0.415300
INFO:kbc-cli.py:Epoch 99/100	test results	MRR 0.075360	H@1 0.039000	H@3 0.072800	H@5 0.095200	H@10 0.142900	H@20 0.207200	H@50 0.318500	H@100 0.418000
INFO:kbc-cli.py:Epoch 100/100	Loss 23.1155 ± 0.2807
INFO:kbc-cli.py:Final 	dev results	MRR 0.075303	H@1 0.040000	H@3 0.071500	H@5 0.096500	H@10 0.142600	H@20 0.201600	H@50 0.313700	H@100 0.414200
INFO:kbc-cli.py:Final 	test results	MRR 0.074957	H@1 0.037900	H@3 0.072500	H@5 0.095000	H@10 0.141800	H@20 0.207800	H@50 0.318900	H@100 0.419200
INFO:kbc-cli.py:Training finished
