./bin/kbc-cli.py --train data/yago3-10/train.tsv --dev data/yago3-10/dev.tsv --test data/yago3-10/test.tsv -m complex -k 1000 -b 500 -e 100 --F2 0 --N3 0.5 -l 0.1 -I standard -V 3 -o adagrad -c spo -q
{'F2': 0.0,
 'N3': 0.5,
 'batch_size': 500,
 'corruption': 'spo',
 'dev': 'data/yago3-10/dev.tsv',
 'embedding_size': 1000,
 'epochs': 100,
 'eval_batch_size': None,
 'input_type': 'standard',
 'learning_rate': 0.1,
 'load': None,
 'model': 'complex',
 'optimizer': 'adagrad',
 'quiet': True,
 'save': None,
 'seed': 0,
 'test': 'data/yago3-10/test.tsv',
 'test_i': None,
 'test_ii': None,
 'train': 'data/yago3-10/train.tsv',
 'validate_every': 3}
INFO:kbc-cli.py:Device: cuda
INFO:kbc-cli.py:Model state:
INFO:kbc-cli.py:	entities.weight	torch.Size([123182, 2000])
INFO:kbc-cli.py:	predicates.weight	torch.Size([37, 2000])
INFO:kbc-cli.py:Epoch 1/100	Loss 49.8525 ± 4.7172
INFO:kbc-cli.py:Epoch 2/100	Loss 37.3007 ± 1.7090
INFO:kbc-cli.py:Epoch 3/100	Loss 33.1988 ± 1.1310
INFO:kbc-cli.py:Epoch 3/100	dev results	MRR 0.073273	H@1 0.041800	H@3 0.075400	H@5 0.094300	H@10 0.124100	H@20 0.167400	H@50 0.254100	H@100 0.338200
INFO:kbc-cli.py:Epoch 3/100	test results	MRR 0.076254	H@1 0.045200	H@3 0.078200	H@5 0.096300	H@10 0.128400	H@20 0.173700	H@50 0.259100	H@100 0.339300
INFO:kbc-cli.py:Epoch 4/100	Loss 31.0490 ± 0.8934
INFO:kbc-cli.py:Epoch 5/100	Loss 29.7248 ± 0.7597
INFO:kbc-cli.py:Epoch 6/100	Loss 28.8124 ± 0.6900
INFO:kbc-cli.py:Epoch 6/100	dev results	MRR 0.093067	H@1 0.052700	H@3 0.098700	H@5 0.118500	H@10 0.161100	H@20 0.215800	H@50 0.318900	H@100 0.415100
INFO:kbc-cli.py:Epoch 6/100	test results	MRR 0.095803	H@1 0.053800	H@3 0.101900	H@5 0.125800	H@10 0.169200	H@20 0.224000	H@50 0.325700	H@100 0.415700
INFO:kbc-cli.py:Epoch 7/100	Loss 28.1421 ± 0.6135
INFO:kbc-cli.py:Epoch 8/100	Loss 27.6279 ± 0.5671
INFO:kbc-cli.py:Epoch 9/100	Loss 27.2214 ± 0.5495
INFO:kbc-cli.py:Epoch 9/100	dev results	MRR 0.105387	H@1 0.060800	H@3 0.111700	H@5 0.136800	H@10 0.181600	H@20 0.244100	H@50 0.351600	H@100 0.448800
INFO:kbc-cli.py:Epoch 9/100	test results	MRR 0.109133	H@1 0.063700	H@3 0.116000	H@5 0.143000	H@10 0.188300	H@20 0.249600	H@50 0.354200	H@100 0.446600
INFO:kbc-cli.py:Epoch 10/100	Loss 26.8950 ± 0.5102
INFO:kbc-cli.py:Epoch 11/100	Loss 26.6233 ± 0.4688
INFO:kbc-cli.py:Epoch 12/100	Loss 26.3956 ± 0.4675
INFO:kbc-cli.py:Epoch 12/100	dev results	MRR 0.111624	H@1 0.064900	H@3 0.118000	H@5 0.147200	H@10 0.191700	H@20 0.255900	H@50 0.368100	H@100 0.463900
INFO:kbc-cli.py:Epoch 12/100	test results	MRR 0.115021	H@1 0.067900	H@3 0.121300	H@5 0.150500	H@10 0.195800	H@20 0.261800	H@50 0.369600	H@100 0.465300
INFO:kbc-cli.py:Epoch 13/100	Loss 26.2018 ± 0.4435
INFO:kbc-cli.py:Epoch 14/100	Loss 26.0346 ± 0.4249
INFO:kbc-cli.py:Epoch 15/100	Loss 25.8903 ± 0.4055
INFO:kbc-cli.py:Epoch 15/100	dev results	MRR 0.116644	H@1 0.069900	H@3 0.121800	H@5 0.149300	H@10 0.200800	H@20 0.263500	H@50 0.373900	H@100 0.474000
INFO:kbc-cli.py:Epoch 15/100	test results	MRR 0.118155	H@1 0.071300	H@3 0.123500	H@5 0.151200	H@10 0.200900	H@20 0.268900	H@50 0.379400	H@100 0.474600
INFO:kbc-cli.py:Epoch 16/100	Loss 25.7627 ± 0.4028
INFO:kbc-cli.py:Epoch 17/100	Loss 25.6495 ± 0.3905
INFO:kbc-cli.py:Epoch 18/100	Loss 25.5491 ± 0.3751
INFO:kbc-cli.py:Epoch 18/100	dev results	MRR 0.118834	H@1 0.071600	H@3 0.123800	H@5 0.152600	H@10 0.202900	H@20 0.266300	H@50 0.380600	H@100 0.481000
INFO:kbc-cli.py:Epoch 18/100	test results	MRR 0.121564	H@1 0.075000	H@3 0.125800	H@5 0.154600	H@10 0.206300	H@20 0.273100	H@50 0.383700	H@100 0.478500
INFO:kbc-cli.py:Epoch 19/100	Loss 25.4586 ± 0.3638
INFO:kbc-cli.py:Epoch 20/100	Loss 25.3772 ± 0.3445
INFO:kbc-cli.py:Epoch 21/100	Loss 25.3039 ± 0.3484
INFO:kbc-cli.py:Epoch 21/100	dev results	MRR 0.120373	H@1 0.073500	H@3 0.123300	H@5 0.153400	H@10 0.204400	H@20 0.269400	H@50 0.382900	H@100 0.481600
INFO:kbc-cli.py:Epoch 21/100	test results	MRR 0.121533	H@1 0.073900	H@3 0.126700	H@5 0.156300	H@10 0.207400	H@20 0.276300	H@50 0.392000	H@100 0.486300
INFO:kbc-cli.py:Epoch 22/100	Loss 25.2364 ± 0.3270
INFO:kbc-cli.py:Epoch 23/100	Loss 25.1750 ± 0.3201
INFO:kbc-cli.py:Epoch 24/100	Loss 25.1185 ± 0.3157
INFO:kbc-cli.py:Epoch 24/100	dev results	MRR 0.120970	H@1 0.072000	H@3 0.128500	H@5 0.156600	H@10 0.208200	H@20 0.270700	H@50 0.388000	H@100 0.486500
INFO:kbc-cli.py:Epoch 24/100	test results	MRR 0.124178	H@1 0.077100	H@3 0.128700	H@5 0.158800	H@10 0.210800	H@20 0.280400	H@50 0.394500	H@100 0.488200
INFO:kbc-cli.py:Epoch 25/100	Loss 25.0676 ± 0.3118
INFO:kbc-cli.py:Epoch 26/100	Loss 25.0186 ± 0.2949
INFO:kbc-cli.py:Epoch 27/100	Loss 24.9741 ± 0.3055
INFO:kbc-cli.py:Epoch 27/100	dev results	MRR 0.121460	H@1 0.073100	H@3 0.127300	H@5 0.156500	H@10 0.209600	H@20 0.276700	H@50 0.387300	H@100 0.488000
INFO:kbc-cli.py:Epoch 27/100	test results	MRR 0.123909	H@1 0.076500	H@3 0.128200	H@5 0.159700	H@10 0.211500	H@20 0.276100	H@50 0.395300	H@100 0.490400
INFO:kbc-cli.py:Epoch 28/100	Loss 24.9333 ± 0.2957
INFO:kbc-cli.py:Epoch 29/100	Loss 24.8943 ± 0.2928
INFO:kbc-cli.py:Epoch 30/100	Loss 24.8580 ± 0.2830
INFO:kbc-cli.py:Epoch 30/100	dev results	MRR 0.121335	H@1 0.072600	H@3 0.126600	H@5 0.156400	H@10 0.208300	H@20 0.276500	H@50 0.393500	H@100 0.490700
INFO:kbc-cli.py:Epoch 30/100	test results	MRR 0.123435	H@1 0.075400	H@3 0.128300	H@5 0.160000	H@10 0.210600	H@20 0.281600	H@50 0.399200	H@100 0.491900
INFO:kbc-cli.py:Epoch 31/100	Loss 24.8266 ± 0.2963
INFO:kbc-cli.py:Epoch 32/100	Loss 24.7926 ± 0.2667
INFO:kbc-cli.py:Epoch 33/100	Loss 24.7661 ± 0.3114
INFO:kbc-cli.py:Epoch 33/100	dev results	MRR 0.121883	H@1 0.072800	H@3 0.127800	H@5 0.158300	H@10 0.207200	H@20 0.276700	H@50 0.394600	H@100 0.493200
INFO:kbc-cli.py:Epoch 33/100	test results	MRR 0.124505	H@1 0.076600	H@3 0.129200	H@5 0.159900	H@10 0.210500	H@20 0.282800	H@50 0.400100	H@100 0.492300
INFO:kbc-cli.py:Epoch 34/100	Loss 24.7345 ± 0.2622
INFO:kbc-cli.py:Epoch 35/100	Loss 24.7085 ± 0.2546
INFO:kbc-cli.py:Epoch 36/100	Loss 24.6831 ± 0.2497
INFO:kbc-cli.py:Epoch 36/100	dev results	MRR 0.123010	H@1 0.073900	H@3 0.128900	H@5 0.160300	H@10 0.209600	H@20 0.280500	H@50 0.393400	H@100 0.492900
INFO:kbc-cli.py:Epoch 36/100	test results	MRR 0.124611	H@1 0.077000	H@3 0.129300	H@5 0.157900	H@10 0.212700	H@20 0.283100	H@50 0.400500	H@100 0.494100
INFO:kbc-cli.py:Epoch 37/100	Loss 24.6603 ± 0.2462
INFO:kbc-cli.py:Epoch 38/100	Loss 24.6366 ± 0.2457
INFO:kbc-cli.py:Epoch 39/100	Loss 24.6153 ± 0.2385
INFO:kbc-cli.py:Epoch 39/100	dev results	MRR 0.123211	H@1 0.073700	H@3 0.130300	H@5 0.160900	H@10 0.212000	H@20 0.282300	H@50 0.396000	H@100 0.494900
INFO:kbc-cli.py:Epoch 39/100	test results	MRR 0.124516	H@1 0.076500	H@3 0.127500	H@5 0.158700	H@10 0.212300	H@20 0.282400	H@50 0.400500	H@100 0.496400
INFO:kbc-cli.py:Epoch 40/100	Loss 24.5959 ± 0.2380
INFO:kbc-cli.py:Epoch 41/100	Loss 24.5760 ± 0.2413
INFO:kbc-cli.py:Epoch 42/100	Loss 24.5575 ± 0.2298
INFO:kbc-cli.py:Epoch 42/100	dev results	MRR 0.123627	H@1 0.074000	H@3 0.129900	H@5 0.161100	H@10 0.213000	H@20 0.280800	H@50 0.398600	H@100 0.495200
INFO:kbc-cli.py:Epoch 42/100	test results	MRR 0.125148	H@1 0.077900	H@3 0.129100	H@5 0.158900	H@10 0.211600	H@20 0.283200	H@50 0.401700	H@100 0.496400
INFO:kbc-cli.py:Epoch 43/100	Loss 24.5401 ± 0.2358
INFO:kbc-cli.py:Epoch 44/100	Loss 24.5230 ± 0.2303
INFO:kbc-cli.py:Epoch 45/100	Loss 24.5070 ± 0.2204
INFO:kbc-cli.py:Epoch 45/100	dev results	MRR 0.123646	H@1 0.074100	H@3 0.128600	H@5 0.159900	H@10 0.212500	H@20 0.281200	H@50 0.397400	H@100 0.496700
INFO:kbc-cli.py:Epoch 45/100	test results	MRR 0.124733	H@1 0.076800	H@3 0.128300	H@5 0.158500	H@10 0.212800	H@20 0.281600	H@50 0.399000	H@100 0.496000
INFO:kbc-cli.py:Epoch 46/100	Loss 24.4917 ± 0.2252
INFO:kbc-cli.py:Epoch 47/100	Loss 24.4769 ± 0.2214
INFO:kbc-cli.py:Epoch 48/100	Loss 24.4630 ± 0.2160
INFO:kbc-cli.py:Epoch 48/100	dev results	MRR 0.124169	H@1 0.075000	H@3 0.130400	H@5 0.158700	H@10 0.212300	H@20 0.281800	H@50 0.399500	H@100 0.497600
INFO:kbc-cli.py:Epoch 48/100	test results	MRR 0.125811	H@1 0.078100	H@3 0.129800	H@5 0.160000	H@10 0.215100	H@20 0.284700	H@50 0.399500	H@100 0.498600
INFO:kbc-cli.py:Epoch 49/100	Loss 24.4498 ± 0.2138
INFO:kbc-cli.py:Epoch 50/100	Loss 24.4366 ± 0.2135
INFO:kbc-cli.py:Epoch 51/100	Loss 24.4240 ± 0.2108
INFO:kbc-cli.py:Epoch 51/100	dev results	MRR 0.123614	H@1 0.075200	H@3 0.127600	H@5 0.158800	H@10 0.212100	H@20 0.278800	H@50 0.399800	H@100 0.497800
INFO:kbc-cli.py:Epoch 51/100	test results	MRR 0.125242	H@1 0.077200	H@3 0.130000	H@5 0.158500	H@10 0.212400	H@20 0.284700	H@50 0.400900	H@100 0.499600
INFO:kbc-cli.py:Epoch 52/100	Loss 24.4122 ± 0.2056
INFO:kbc-cli.py:Epoch 53/100	Loss 24.4007 ± 0.2052
INFO:kbc-cli.py:Epoch 54/100	Loss 24.3900 ± 0.1979
INFO:kbc-cli.py:Epoch 54/100	dev results	MRR 0.125388	H@1 0.076700	H@3 0.130200	H@5 0.159900	H@10 0.213500	H@20 0.280200	H@50 0.401100	H@100 0.498200
INFO:kbc-cli.py:Epoch 54/100	test results	MRR 0.124301	H@1 0.075900	H@3 0.128600	H@5 0.159900	H@10 0.212400	H@20 0.285900	H@50 0.403200	H@100 0.499900
INFO:kbc-cli.py:Epoch 55/100	Loss 24.3789 ± 0.2006
INFO:kbc-cli.py:Epoch 56/100	Loss 24.3688 ± 0.1954
INFO:kbc-cli.py:Epoch 57/100	Loss 24.3588 ± 0.1942
INFO:kbc-cli.py:Epoch 57/100	dev results	MRR 0.124124	H@1 0.075300	H@3 0.127700	H@5 0.159700	H@10 0.215100	H@20 0.281400	H@50 0.401800	H@100 0.497900
INFO:kbc-cli.py:Epoch 57/100	test results	MRR 0.124532	H@1 0.076000	H@3 0.128800	H@5 0.159900	H@10 0.212400	H@20 0.283500	H@50 0.400100	H@100 0.498200
INFO:kbc-cli.py:Epoch 58/100	Loss 24.3492 ± 0.1936
INFO:kbc-cli.py:Epoch 59/100	Loss 24.3413 ± 0.2015
INFO:kbc-cli.py:Epoch 60/100	Loss 24.3315 ± 0.1953
INFO:kbc-cli.py:Epoch 60/100	dev results	MRR 0.125234	H@1 0.077000	H@3 0.128900	H@5 0.159400	H@10 0.214500	H@20 0.282700	H@50 0.401800	H@100 0.497800
INFO:kbc-cli.py:Epoch 60/100	test results	MRR 0.124643	H@1 0.075700	H@3 0.129700	H@5 0.158800	H@10 0.213600	H@20 0.286100	H@50 0.401600	H@100 0.502200
INFO:kbc-cli.py:Epoch 61/100	Loss 24.3224 ± 0.1866
INFO:kbc-cli.py:Epoch 62/100	Loss 24.3140 ± 0.1932
INFO:kbc-cli.py:Epoch 63/100	Loss 24.3058 ± 0.1842
INFO:kbc-cli.py:Epoch 63/100	dev results	MRR 0.125157	H@1 0.076600	H@3 0.129100	H@5 0.160600	H@10 0.214300	H@20 0.283200	H@50 0.402000	H@100 0.499800
INFO:kbc-cli.py:Epoch 63/100	test results	MRR 0.124408	H@1 0.075900	H@3 0.129800	H@5 0.158600	H@10 0.212300	H@20 0.285500	H@50 0.402400	H@100 0.500600
INFO:kbc-cli.py:Epoch 64/100	Loss 24.2983 ± 0.1794
INFO:kbc-cli.py:Epoch 65/100	Loss 24.2904 ± 0.1783
INFO:kbc-cli.py:Epoch 66/100	Loss 24.2839 ± 0.1816
INFO:kbc-cli.py:Epoch 66/100	dev results	MRR 0.124867	H@1 0.075900	H@3 0.128700	H@5 0.159800	H@10 0.212300	H@20 0.282900	H@50 0.401400	H@100 0.500400
INFO:kbc-cli.py:Epoch 66/100	test results	MRR 0.125048	H@1 0.076700	H@3 0.129400	H@5 0.158700	H@10 0.212300	H@20 0.286100	H@50 0.403300	H@100 0.501600
INFO:kbc-cli.py:Epoch 67/100	Loss 24.2761 ± 0.1742
INFO:kbc-cli.py:Epoch 68/100	Loss 24.2691 ± 0.1820
INFO:kbc-cli.py:Epoch 69/100	Loss 24.2627 ± 0.1754
INFO:kbc-cli.py:Epoch 69/100	dev results	MRR 0.124591	H@1 0.075900	H@3 0.128300	H@5 0.159700	H@10 0.213300	H@20 0.281600	H@50 0.400700	H@100 0.499400
INFO:kbc-cli.py:Epoch 69/100	test results	MRR 0.125471	H@1 0.077800	H@3 0.128600	H@5 0.157900	H@10 0.213000	H@20 0.287200	H@50 0.400700	H@100 0.502500
INFO:kbc-cli.py:Epoch 70/100	Loss 24.2563 ± 0.1799
INFO:kbc-cli.py:Epoch 71/100	Loss 24.2498 ± 0.1732
INFO:kbc-cli.py:Epoch 72/100	Loss 24.2435 ± 0.1726
INFO:kbc-cli.py:Epoch 72/100	dev results	MRR 0.125089	H@1 0.076700	H@3 0.128600	H@5 0.158000	H@10 0.214300	H@20 0.283800	H@50 0.401800	H@100 0.500000
INFO:kbc-cli.py:Epoch 72/100	test results	MRR 0.124728	H@1 0.076100	H@3 0.130100	H@5 0.159300	H@10 0.212200	H@20 0.286400	H@50 0.403000	H@100 0.502800
INFO:kbc-cli.py:Epoch 73/100	Loss 24.2377 ± 0.1719
INFO:kbc-cli.py:Epoch 74/100	Loss 24.2318 ± 0.1708
INFO:kbc-cli.py:Epoch 75/100	Loss 24.2262 ± 0.1683
INFO:kbc-cli.py:Epoch 75/100	dev results	MRR 0.125501	H@1 0.076900	H@3 0.129600	H@5 0.159500	H@10 0.215500	H@20 0.282100	H@50 0.401900	H@100 0.498200
INFO:kbc-cli.py:Epoch 75/100	test results	MRR 0.124919	H@1 0.076500	H@3 0.128500	H@5 0.159300	H@10 0.213200	H@20 0.284300	H@50 0.403900	H@100 0.501900
INFO:kbc-cli.py:Epoch 76/100	Loss 24.2207 ± 0.1669
INFO:kbc-cli.py:Epoch 77/100	Loss 24.2155 ± 0.1687
INFO:kbc-cli.py:Epoch 78/100	Loss 24.2106 ± 0.1664
INFO:kbc-cli.py:Epoch 78/100	dev results	MRR 0.125202	H@1 0.076200	H@3 0.129300	H@5 0.161600	H@10 0.214600	H@20 0.283500	H@50 0.402800	H@100 0.500700
INFO:kbc-cli.py:Epoch 78/100	test results	MRR 0.125075	H@1 0.076900	H@3 0.128900	H@5 0.158900	H@10 0.213100	H@20 0.284800	H@50 0.404600	H@100 0.503200
INFO:kbc-cli.py:Epoch 79/100	Loss 24.2049 ± 0.1667
INFO:kbc-cli.py:Epoch 80/100	Loss 24.2002 ± 0.1670
INFO:kbc-cli.py:Epoch 81/100	Loss 24.1954 ± 0.1577
INFO:kbc-cli.py:Epoch 81/100	dev results	MRR 0.124873	H@1 0.076200	H@3 0.129600	H@5 0.160200	H@10 0.213200	H@20 0.282600	H@50 0.403900	H@100 0.498700
INFO:kbc-cli.py:Epoch 81/100	test results	MRR 0.124030	H@1 0.075500	H@3 0.126500	H@5 0.158000	H@10 0.214600	H@20 0.286800	H@50 0.402500	H@100 0.503600
INFO:kbc-cli.py:Epoch 82/100	Loss 24.1906 ± 0.1606
INFO:kbc-cli.py:Epoch 83/100	Loss 24.1863 ± 0.1579
INFO:kbc-cli.py:Epoch 84/100	Loss 24.1816 ± 0.1573
INFO:kbc-cli.py:Epoch 84/100	dev results	MRR 0.124845	H@1 0.075800	H@3 0.129800	H@5 0.159400	H@10 0.214200	H@20 0.284500	H@50 0.403000	H@100 0.500900
INFO:kbc-cli.py:Epoch 84/100	test results	MRR 0.124885	H@1 0.076200	H@3 0.129100	H@5 0.158900	H@10 0.215300	H@20 0.285300	H@50 0.404700	H@100 0.504000
INFO:kbc-cli.py:Epoch 85/100	Loss 24.1774 ± 0.1564
INFO:kbc-cli.py:Epoch 86/100	Loss 24.1730 ± 0.1561
INFO:kbc-cli.py:Epoch 87/100	Loss 24.1689 ± 0.1554
INFO:kbc-cli.py:Epoch 87/100	dev results	MRR 0.125675	H@1 0.077200	H@3 0.128900	H@5 0.160400	H@10 0.213700	H@20 0.281800	H@50 0.402500	H@100 0.500900
INFO:kbc-cli.py:Epoch 87/100	test results	MRR 0.124599	H@1 0.076300	H@3 0.128200	H@5 0.157400	H@10 0.213500	H@20 0.286700	H@50 0.403900	H@100 0.503500
INFO:kbc-cli.py:Epoch 88/100	Loss 24.1648 ± 0.1536
INFO:kbc-cli.py:Epoch 89/100	Loss 24.1608 ± 0.1565
INFO:kbc-cli.py:Epoch 90/100	Loss 24.1569 ± 0.1549
INFO:kbc-cli.py:Epoch 90/100	dev results	MRR 0.124840	H@1 0.075900	H@3 0.129300	H@5 0.160200	H@10 0.213400	H@20 0.281600	H@50 0.404500	H@100 0.502500
INFO:kbc-cli.py:Epoch 90/100	test results	MRR 0.124369	H@1 0.075400	H@3 0.129000	H@5 0.155900	H@10 0.214100	H@20 0.284900	H@50 0.404200	H@100 0.503600
INFO:kbc-cli.py:Epoch 91/100	Loss 24.1531 ± 0.1464
INFO:kbc-cli.py:Epoch 92/100	Loss 24.1495 ± 0.1513
INFO:kbc-cli.py:Epoch 93/100	Loss 24.1458 ± 0.1482
INFO:kbc-cli.py:Epoch 93/100	dev results	MRR 0.125485	H@1 0.076500	H@3 0.129700	H@5 0.161800	H@10 0.213800	H@20 0.285400	H@50 0.404600	H@100 0.500200
INFO:kbc-cli.py:Epoch 93/100	test results	MRR 0.124173	H@1 0.076400	H@3 0.126500	H@5 0.156600	H@10 0.213300	H@20 0.286300	H@50 0.404100	H@100 0.503800
INFO:kbc-cli.py:Epoch 94/100	Loss 24.1423 ± 0.1484
INFO:kbc-cli.py:Epoch 95/100	Loss 24.1388 ± 0.1479
INFO:kbc-cli.py:Epoch 96/100	Loss 24.1354 ± 0.1499
INFO:kbc-cli.py:Epoch 96/100	dev results	MRR 0.125110	H@1 0.076000	H@3 0.129100	H@5 0.161000	H@10 0.213600	H@20 0.281900	H@50 0.403300	H@100 0.501300
INFO:kbc-cli.py:Epoch 96/100	test results	MRR 0.124922	H@1 0.076400	H@3 0.129800	H@5 0.158000	H@10 0.214300	H@20 0.286400	H@50 0.402400	H@100 0.506800
INFO:kbc-cli.py:Epoch 97/100	Loss 24.1321 ± 0.1428
INFO:kbc-cli.py:Epoch 98/100	Loss 24.1290 ± 0.1405
INFO:kbc-cli.py:Epoch 99/100	Loss 24.1255 ± 0.1488
INFO:kbc-cli.py:Epoch 99/100	dev results	MRR 0.124746	H@1 0.075700	H@3 0.129200	H@5 0.159100	H@10 0.213200	H@20 0.284800	H@50 0.404200	H@100 0.501900
INFO:kbc-cli.py:Epoch 99/100	test results	MRR 0.125565	H@1 0.077200	H@3 0.129900	H@5 0.158400	H@10 0.214400	H@20 0.287700	H@50 0.404800	H@100 0.505800
INFO:kbc-cli.py:Epoch 100/100	Loss 24.1228 ± 0.1416
INFO:kbc-cli.py:Final 	dev results	MRR 0.124727	H@1 0.075300	H@3 0.128500	H@5 0.162100	H@10 0.214200	H@20 0.283500	H@50 0.403700	H@100 0.502400
INFO:kbc-cli.py:Final 	test results	MRR 0.125643	H@1 0.077900	H@3 0.127700	H@5 0.156700	H@10 0.215100	H@20 0.287600	H@50 0.405200	H@100 0.505700
INFO:kbc-cli.py:Training finished
