./bin/kbc-cli.py --train data/yago3-10/train.tsv --dev data/yago3-10/dev.tsv --test data/yago3-10/test.tsv -m complex -k 500 -b 50 -e 100 --F2 0 --N3 0.01 -l 0.1 -I standard -V 3 -o adagrad -c so -q
{'F2': 0.0,
 'N3': 0.01,
 'batch_size': 50,
 'corruption': 'so',
 'dev': 'data/yago3-10/dev.tsv',
 'embedding_size': 500,
 'epochs': 100,
 'eval_batch_size': None,
 'input_type': 'standard',
 'learning_rate': 0.1,
 'load': None,
 'model': 'complex',
 'optimizer': 'adagrad',
 'quiet': True,
 'save': None,
 'seed': 0,
 'test': 'data/yago3-10/test.tsv',
 'test_i': None,
 'test_ii': None,
 'train': 'data/yago3-10/train.tsv',
 'validate_every': 3}
INFO:kbc-cli.py:Device: cuda
INFO:kbc-cli.py:Model state:
INFO:kbc-cli.py:	entities.weight	torch.Size([123182, 1000])
INFO:kbc-cli.py:	predicates.weight	torch.Size([37, 1000])
INFO:kbc-cli.py:Epoch 1/100	Loss 19.3507 ± 2.8521
INFO:kbc-cli.py:Epoch 2/100	Loss 12.5735 ± 0.3853
INFO:kbc-cli.py:Epoch 3/100	Loss 10.8257 ± 0.3263
INFO:kbc-cli.py:Epoch 3/100	dev results	MRR 0.454014	H@1 0.363600	H@3 0.497300	H@5 0.554700	H@10 0.627800	H@20 0.695200	H@50 0.768300	H@100 0.804800
INFO:kbc-cli.py:Epoch 3/100	test results	MRR 0.456878	H@1 0.369100	H@3 0.500200	H@5 0.555100	H@10 0.623700	H@20 0.690100	H@50 0.764600	H@100 0.802200
INFO:kbc-cli.py:Epoch 4/100	Loss 10.1288 ± 0.3337
INFO:kbc-cli.py:Epoch 5/100	Loss 9.7149 ± 0.3372
INFO:kbc-cli.py:Epoch 6/100	Loss 9.4289 ± 0.3378
INFO:kbc-cli.py:Epoch 6/100	dev results	MRR 0.514227	H@1 0.427700	H@3 0.564400	H@5 0.610500	H@10 0.674400	H@20 0.730100	H@50 0.783000	H@100 0.817300
INFO:kbc-cli.py:Epoch 6/100	test results	MRR 0.510827	H@1 0.426600	H@3 0.557000	H@5 0.606400	H@10 0.667500	H@20 0.723500	H@50 0.782800	H@100 0.816400
INFO:kbc-cli.py:Epoch 7/100	Loss 9.2141 ± 0.3387
INFO:kbc-cli.py:Epoch 8/100	Loss 9.0446 ± 0.3390
INFO:kbc-cli.py:Epoch 9/100	Loss 8.9070 ± 0.3384
INFO:kbc-cli.py:Epoch 9/100	dev results	MRR 0.537201	H@1 0.454000	H@3 0.585600	H@5 0.635700	H@10 0.691500	H@20 0.736600	H@50 0.787700	H@100 0.818800
INFO:kbc-cli.py:Epoch 9/100	test results	MRR 0.531118	H@1 0.448800	H@3 0.576400	H@5 0.627900	H@10 0.684800	H@20 0.733800	H@50 0.789200	H@100 0.823000
INFO:kbc-cli.py:Epoch 10/100	Loss 8.7916 ± 0.3404
INFO:kbc-cli.py:Epoch 11/100	Loss 8.6933 ± 0.3342
INFO:kbc-cli.py:Epoch 12/100	Loss 8.6089 ± 0.3336
INFO:kbc-cli.py:Epoch 12/100	dev results	MRR 0.549655	H@1 0.468000	H@3 0.600300	H@5 0.641900	H@10 0.698200	H@20 0.739200	H@50 0.789200	H@100 0.822700
INFO:kbc-cli.py:Epoch 12/100	test results	MRR 0.548625	H@1 0.469200	H@3 0.594800	H@5 0.637300	H@10 0.691800	H@20 0.739900	H@50 0.789000	H@100 0.823500
INFO:kbc-cli.py:Epoch 13/100	Loss 8.5345 ± 0.3366
INFO:kbc-cli.py:Epoch 14/100	Loss 8.4687 ± 0.3340
INFO:kbc-cli.py:Epoch 15/100	Loss 8.4104 ± 0.3348
INFO:kbc-cli.py:Epoch 15/100	dev results	MRR 0.560050	H@1 0.480500	H@3 0.611600	H@5 0.651900	H@10 0.701000	H@20 0.743800	H@50 0.790900	H@100 0.822700
INFO:kbc-cli.py:Epoch 15/100	test results	MRR 0.553022	H@1 0.472300	H@3 0.601300	H@5 0.644500	H@10 0.696200	H@20 0.741000	H@50 0.791200	H@100 0.826300
INFO:kbc-cli.py:Epoch 16/100	Loss 8.3577 ± 0.3340
INFO:kbc-cli.py:Epoch 17/100	Loss 8.3102 ± 0.3316
INFO:kbc-cli.py:Epoch 18/100	Loss 8.2669 ± 0.3315
INFO:kbc-cli.py:Epoch 18/100	dev results	MRR 0.565081	H@1 0.487700	H@3 0.614000	H@5 0.655000	H@10 0.703900	H@20 0.743400	H@50 0.791000	H@100 0.824100
INFO:kbc-cli.py:Epoch 18/100	test results	MRR 0.558438	H@1 0.479800	H@3 0.604400	H@5 0.649600	H@10 0.699900	H@20 0.743800	H@50 0.791400	H@100 0.827400
INFO:kbc-cli.py:Epoch 19/100	Loss 8.2271 ± 0.3330
INFO:kbc-cli.py:Epoch 20/100	Loss 8.1908 ± 0.3336
INFO:kbc-cli.py:Epoch 21/100	Loss 8.1572 ± 0.3309
INFO:kbc-cli.py:Epoch 21/100	dev results	MRR 0.566974	H@1 0.488900	H@3 0.616500	H@5 0.658200	H@10 0.708900	H@20 0.743200	H@50 0.792600	H@100 0.822600
INFO:kbc-cli.py:Epoch 21/100	test results	MRR 0.563774	H@1 0.485900	H@3 0.611400	H@5 0.650500	H@10 0.701400	H@20 0.744600	H@50 0.793500	H@100 0.828000
INFO:kbc-cli.py:Epoch 22/100	Loss 8.1261 ± 0.3323
INFO:kbc-cli.py:Epoch 23/100	Loss 8.0972 ± 0.3309
INFO:kbc-cli.py:Epoch 24/100	Loss 8.0703 ± 0.3320
INFO:kbc-cli.py:Epoch 24/100	dev results	MRR 0.570555	H@1 0.492500	H@3 0.620700	H@5 0.662100	H@10 0.708100	H@20 0.743800	H@50 0.792700	H@100 0.823600
INFO:kbc-cli.py:Epoch 24/100	test results	MRR 0.568191	H@1 0.493000	H@3 0.611800	H@5 0.653000	H@10 0.703300	H@20 0.745800	H@50 0.794500	H@100 0.828500
INFO:kbc-cli.py:Epoch 25/100	Loss 8.0450 ± 0.3281
INFO:kbc-cli.py:Epoch 26/100	Loss 8.0214 ± 0.3307
INFO:kbc-cli.py:Epoch 27/100	Loss 7.9992 ± 0.3322
INFO:kbc-cli.py:Epoch 27/100	dev results	MRR 0.572865	H@1 0.496900	H@3 0.620000	H@5 0.659200	H@10 0.706300	H@20 0.746000	H@50 0.792600	H@100 0.824200
INFO:kbc-cli.py:Epoch 27/100	test results	MRR 0.569944	H@1 0.494100	H@3 0.615600	H@5 0.655100	H@10 0.703800	H@20 0.745400	H@50 0.793200	H@100 0.829300
INFO:kbc-cli.py:Epoch 28/100	Loss 7.9783 ± 0.3314
INFO:kbc-cli.py:Epoch 29/100	Loss 7.9586 ± 0.3277
INFO:kbc-cli.py:Epoch 30/100	Loss 7.9400 ± 0.3302
INFO:kbc-cli.py:Epoch 30/100	dev results	MRR 0.575902	H@1 0.500700	H@3 0.623900	H@5 0.663300	H@10 0.709500	H@20 0.746000	H@50 0.792100	H@100 0.824300
INFO:kbc-cli.py:Epoch 30/100	test results	MRR 0.571465	H@1 0.495700	H@3 0.616300	H@5 0.657000	H@10 0.704900	H@20 0.745200	H@50 0.794700	H@100 0.829600
INFO:kbc-cli.py:Epoch 31/100	Loss 7.9224 ± 0.3295
INFO:kbc-cli.py:Epoch 32/100	Loss 7.9056 ± 0.3301
INFO:kbc-cli.py:Epoch 33/100	Loss 7.8896 ± 0.3273
INFO:kbc-cli.py:Epoch 33/100	dev results	MRR 0.575493	H@1 0.499500	H@3 0.624700	H@5 0.663000	H@10 0.710000	H@20 0.746600	H@50 0.792500	H@100 0.823500
INFO:kbc-cli.py:Epoch 33/100	test results	MRR 0.572942	H@1 0.497500	H@3 0.617200	H@5 0.659500	H@10 0.705300	H@20 0.746100	H@50 0.795400	H@100 0.829400
INFO:kbc-cli.py:Epoch 34/100	Loss 7.8745 ± 0.3263
INFO:kbc-cli.py:Epoch 35/100	Loss 7.8601 ± 0.3292
INFO:kbc-cli.py:Epoch 36/100	Loss 7.8465 ± 0.3303
INFO:kbc-cli.py:Epoch 36/100	dev results	MRR 0.576674	H@1 0.502400	H@3 0.622300	H@5 0.661800	H@10 0.708600	H@20 0.746900	H@50 0.793400	H@100 0.824500
INFO:kbc-cli.py:Epoch 36/100	test results	MRR 0.573389	H@1 0.498500	H@3 0.617500	H@5 0.660600	H@10 0.706100	H@20 0.746700	H@50 0.795700	H@100 0.829400
INFO:kbc-cli.py:Epoch 37/100	Loss 7.8331 ± 0.3287
INFO:kbc-cli.py:Epoch 38/100	Loss 7.8207 ± 0.3297
INFO:kbc-cli.py:Epoch 39/100	Loss 7.8087 ± 0.3275
INFO:kbc-cli.py:Epoch 39/100	dev results	MRR 0.577964	H@1 0.501800	H@3 0.626600	H@5 0.664600	H@10 0.709700	H@20 0.745500	H@50 0.793400	H@100 0.824600
INFO:kbc-cli.py:Epoch 39/100	test results	MRR 0.575597	H@1 0.501500	H@3 0.619600	H@5 0.661000	H@10 0.706700	H@20 0.747600	H@50 0.796600	H@100 0.830300
INFO:kbc-cli.py:Epoch 40/100	Loss 7.7970 ± 0.3281
INFO:kbc-cli.py:Epoch 41/100	Loss 7.7860 ± 0.3308
INFO:kbc-cli.py:Epoch 42/100	Loss 7.7754 ± 0.3261
INFO:kbc-cli.py:Epoch 42/100	dev results	MRR 0.577041	H@1 0.501100	H@3 0.626000	H@5 0.664300	H@10 0.708500	H@20 0.746600	H@50 0.793500	H@100 0.824300
INFO:kbc-cli.py:Epoch 42/100	test results	MRR 0.576761	H@1 0.502800	H@3 0.619400	H@5 0.660300	H@10 0.705500	H@20 0.748500	H@50 0.796900	H@100 0.829900
INFO:kbc-cli.py:Epoch 43/100	Loss 7.7651 ± 0.3305
INFO:kbc-cli.py:Epoch 44/100	Loss 7.7553 ± 0.3277
INFO:kbc-cli.py:Epoch 45/100	Loss 7.7459 ± 0.3285
INFO:kbc-cli.py:Epoch 45/100	dev results	MRR 0.580072	H@1 0.506300	H@3 0.624500	H@5 0.662800	H@10 0.709600	H@20 0.747100	H@50 0.792900	H@100 0.823400
INFO:kbc-cli.py:Epoch 45/100	test results	MRR 0.577566	H@1 0.503500	H@3 0.621500	H@5 0.663600	H@10 0.707400	H@20 0.747200	H@50 0.798100	H@100 0.830500
INFO:kbc-cli.py:Epoch 46/100	Loss 7.7368 ± 0.3268
INFO:kbc-cli.py:Epoch 47/100	Loss 7.7279 ± 0.3278
INFO:kbc-cli.py:Epoch 48/100	Loss 7.7194 ± 0.3251
INFO:kbc-cli.py:Epoch 48/100	dev results	MRR 0.580051	H@1 0.506500	H@3 0.624900	H@5 0.662300	H@10 0.709600	H@20 0.747300	H@50 0.793800	H@100 0.824800
INFO:kbc-cli.py:Epoch 48/100	test results	MRR 0.577683	H@1 0.504100	H@3 0.620700	H@5 0.661800	H@10 0.707100	H@20 0.748800	H@50 0.797200	H@100 0.831000
INFO:kbc-cli.py:Epoch 49/100	Loss 7.7112 ± 0.3276
INFO:kbc-cli.py:Epoch 50/100	Loss 7.7033 ± 0.3277
INFO:kbc-cli.py:Epoch 51/100	Loss 7.6957 ± 0.3279
INFO:kbc-cli.py:Epoch 51/100	dev results	MRR 0.580786	H@1 0.507600	H@3 0.625700	H@5 0.663500	H@10 0.708700	H@20 0.747600	H@50 0.794000	H@100 0.825100
INFO:kbc-cli.py:Epoch 51/100	test results	MRR 0.578246	H@1 0.504200	H@3 0.624100	H@5 0.662900	H@10 0.706000	H@20 0.749000	H@50 0.798200	H@100 0.831100
INFO:kbc-cli.py:Epoch 52/100	Loss 7.6883 ± 0.3311
INFO:kbc-cli.py:Epoch 53/100	Loss 7.6811 ± 0.3253
INFO:kbc-cli.py:Epoch 54/100	Loss 7.6741 ± 0.3283
INFO:kbc-cli.py:Epoch 54/100	dev results	MRR 0.580066	H@1 0.505700	H@3 0.626700	H@5 0.666400	H@10 0.709300	H@20 0.747400	H@50 0.794000	H@100 0.824000
INFO:kbc-cli.py:Epoch 54/100	test results	MRR 0.579378	H@1 0.506100	H@3 0.623500	H@5 0.661700	H@10 0.707800	H@20 0.748800	H@50 0.798600	H@100 0.831400
INFO:kbc-cli.py:Epoch 55/100	Loss 7.6673 ± 0.3261
INFO:kbc-cli.py:Epoch 56/100	Loss 7.6608 ± 0.3254
INFO:kbc-cli.py:Epoch 57/100	Loss 7.6544 ± 0.3265
INFO:kbc-cli.py:Epoch 57/100	dev results	MRR 0.579735	H@1 0.506200	H@3 0.626300	H@5 0.663800	H@10 0.708500	H@20 0.748200	H@50 0.794100	H@100 0.824400
INFO:kbc-cli.py:Epoch 57/100	test results	MRR 0.578611	H@1 0.504800	H@3 0.622600	H@5 0.662000	H@10 0.706700	H@20 0.748900	H@50 0.798700	H@100 0.831500
INFO:kbc-cli.py:Epoch 58/100	Loss 7.6482 ± 0.3267
INFO:kbc-cli.py:Epoch 59/100	Loss 7.6421 ± 0.3257
INFO:kbc-cli.py:Epoch 60/100	Loss 7.6364 ± 0.3279
INFO:kbc-cli.py:Epoch 60/100	dev results	MRR 0.581479	H@1 0.508900	H@3 0.626400	H@5 0.662500	H@10 0.708300	H@20 0.747700	H@50 0.793900	H@100 0.825000
INFO:kbc-cli.py:Epoch 60/100	test results	MRR 0.579775	H@1 0.506800	H@3 0.623100	H@5 0.662900	H@10 0.708800	H@20 0.749800	H@50 0.798700	H@100 0.831100
