./bin/kbc-cli.py --train data/wn18rr/train.tsv --dev data/wn18rr/dev.tsv --test data/wn18rr/test.tsv -m transe -k 100 -b 100 -e 100 --F2 0.01 --N3 0 -l 0.1 -I standard -V 3 -o adagrad -c so -q
{'F2': 0.01,
 'N3': 0.0,
 'batch_size': 100,
 'corruption': 'so',
 'dev': 'data/wn18rr/dev.tsv',
 'embedding_size': 100,
 'epochs': 100,
 'eval_batch_size': None,
 'input_type': 'standard',
 'learning_rate': 0.1,
 'load': None,
 'model': 'transe',
 'optimizer': 'adagrad',
 'quiet': True,
 'save': None,
 'seed': 0,
 'test': 'data/wn18rr/test.tsv',
 'test_i': None,
 'test_ii': None,
 'train': 'data/wn18rr/train.tsv',
 'validate_every': 3}
INFO:kbc-cli.py:Device: cuda
INFO:kbc-cli.py:Model state:
INFO:kbc-cli.py:	entities.weight	torch.Size([40943, 100])
INFO:kbc-cli.py:	predicates.weight	torch.Size([11, 100])
INFO:kbc-cli.py:Epoch 1/100	Loss 27.3019 ± 1.3080
INFO:kbc-cli.py:Epoch 2/100	Loss 24.3208 ± 0.4523
INFO:kbc-cli.py:Epoch 3/100	Loss 22.9078 ± 0.4002
INFO:kbc-cli.py:Epoch 3/100	dev results	MRR 0.019839	H@1 0.000989	H@3 0.026533	H@5 0.037574	H@10 0.051252	H@20 0.072182	H@50 0.094595	H@100 0.112393
INFO:kbc-cli.py:Epoch 3/100	test results	MRR 0.021695	H@1 0.000000	H@3 0.031749	H@5 0.040523	H@10 0.057116	H@20 0.074505	H@50 0.097798	H@100 0.118539
INFO:kbc-cli.py:Epoch 4/100	Loss 21.9230 ± 0.3779
INFO:kbc-cli.py:Epoch 5/100	Loss 21.1475 ± 0.3475
INFO:kbc-cli.py:Epoch 6/100	Loss 20.4996 ± 0.3473
INFO:kbc-cli.py:Epoch 6/100	dev results	MRR 0.027884	H@1 0.000824	H@3 0.038893	H@5 0.053889	H@10 0.071688	H@20 0.095583	H@50 0.131674	H@100 0.167436
INFO:kbc-cli.py:Epoch 6/100	test results	MRR 0.030048	H@1 0.000319	H@3 0.045150	H@5 0.057435	H@10 0.078175	H@20 0.101149	H@50 0.135609	H@100 0.167198
INFO:kbc-cli.py:Epoch 7/100	Loss 19.9403 ± 0.3358
INFO:kbc-cli.py:Epoch 8/100	Loss 19.4429 ± 0.3182
INFO:kbc-cli.py:Epoch 9/100	Loss 18.9943 ± 0.3151
INFO:kbc-cli.py:Epoch 9/100	dev results	MRR 0.040949	H@1 0.001154	H@3 0.060811	H@5 0.081905	H@10 0.108603	H@20 0.140079	H@50 0.185399	H@100 0.224786
INFO:kbc-cli.py:Epoch 9/100	test results	MRR 0.042146	H@1 0.000479	H@3 0.066209	H@5 0.084876	H@10 0.112157	H@20 0.143586	H@50 0.186503	H@100 0.223357
INFO:kbc-cli.py:Epoch 10/100	Loss 18.5850 ± 0.3310
INFO:kbc-cli.py:Epoch 11/100	Loss 18.2079 ± 0.3278
INFO:kbc-cli.py:Epoch 12/100	Loss 17.8580 ± 0.3244
INFO:kbc-cli.py:Epoch 12/100	dev results	MRR 0.056149	H@1 0.000989	H@3 0.088497	H@5 0.115854	H@10 0.152439	H@20 0.187541	H@50 0.237146	H@100 0.277192
INFO:kbc-cli.py:Epoch 12/100	test results	MRR 0.057873	H@1 0.000638	H@3 0.094288	H@5 0.120134	H@10 0.156031	H@20 0.187141	H@50 0.234525	H@100 0.274410
INFO:kbc-cli.py:Epoch 13/100	Loss 17.5317 ± 0.3262
INFO:kbc-cli.py:Epoch 14/100	Loss 17.2265 ± 0.3103
INFO:kbc-cli.py:Epoch 15/100	Loss 16.9400 ± 0.3051
INFO:kbc-cli.py:Epoch 15/100	dev results	MRR 0.071848	H@1 0.000989	H@3 0.120468	H@5 0.155570	H@10 0.191661	H@20 0.228247	H@50 0.278345	H@100 0.320699
INFO:kbc-cli.py:Epoch 15/100	test results	MRR 0.073006	H@1 0.000957	H@3 0.126197	H@5 0.156828	H@10 0.195118	H@20 0.227026	H@50 0.275207	H@100 0.314135
INFO:kbc-cli.py:Epoch 16/100	Loss 16.6691 ± 0.3179
INFO:kbc-cli.py:Epoch 17/100	Loss 16.4136 ± 0.3196
INFO:kbc-cli.py:Epoch 18/100	Loss 16.1706 ± 0.3198
INFO:kbc-cli.py:Epoch 18/100	dev results	MRR 0.084592	H@1 0.001154	H@3 0.145023	H@5 0.186717	H@10 0.227423	H@20 0.264832	H@50 0.314601	H@100 0.353823
INFO:kbc-cli.py:Epoch 18/100	test results	MRR 0.085035	H@1 0.000957	H@3 0.151723	H@5 0.189853	H@10 0.224952	H@20 0.261806	H@50 0.310785	H@100 0.350191
INFO:kbc-cli.py:Epoch 19/100	Loss 15.9399 ± 0.3353
INFO:kbc-cli.py:Epoch 20/100	Loss 15.7222 ± 0.3394
INFO:kbc-cli.py:Epoch 21/100	Loss 15.5121 ± 0.3461
INFO:kbc-cli.py:Epoch 21/100	dev results	MRR 0.095279	H@1 0.001318	H@3 0.168919	H@5 0.216711	H@10 0.257086	H@20 0.294496	H@50 0.343606	H@100 0.382334
INFO:kbc-cli.py:Epoch 21/100	test results	MRR 0.095959	H@1 0.000957	H@3 0.169432	H@5 0.216816	H@10 0.256063	H@20 0.293076	H@50 0.342055	H@100 0.377154
INFO:kbc-cli.py:Epoch 22/100	Loss 15.3140 ± 0.3375
INFO:kbc-cli.py:Epoch 23/100	Loss 15.1246 ± 0.3290
INFO:kbc-cli.py:Epoch 24/100	Loss 14.9422 ± 0.3481
INFO:kbc-cli.py:Epoch 24/100	dev results	MRR 0.103728	H@1 0.002142	H@3 0.184904	H@5 0.237640	H@10 0.280488	H@20 0.321358	H@50 0.366678	H@100 0.405570
INFO:kbc-cli.py:Epoch 24/100	test results	MRR 0.105592	H@1 0.001436	H@3 0.184907	H@5 0.243778	H@10 0.284461	H@20 0.320836	H@50 0.360881	H@100 0.396458
INFO:kbc-cli.py:Epoch 25/100	Loss 14.7683 ± 0.3414
INFO:kbc-cli.py:Epoch 26/100	Loss 14.6016 ± 0.3545
INFO:kbc-cli.py:Epoch 27/100	Loss 14.4415 ± 0.3340
INFO:kbc-cli.py:Epoch 27/100	dev results	MRR 0.110302	H@1 0.002142	H@3 0.197429	H@5 0.254285	H@10 0.303065	H@20 0.339815	H@50 0.385465	H@100 0.421391
INFO:kbc-cli.py:Epoch 27/100	test results	MRR 0.112900	H@1 0.001914	H@3 0.200064	H@5 0.260689	H@10 0.305041	H@20 0.337747	H@50 0.377313	H@100 0.412572
INFO:kbc-cli.py:Epoch 28/100	Loss 14.2883 ± 0.3459
INFO:kbc-cli.py:Epoch 29/100	Loss 14.1403 ± 0.3435
INFO:kbc-cli.py:Epoch 30/100	Loss 13.9996 ± 0.3378
INFO:kbc-cli.py:Epoch 30/100	dev results	MRR 0.116400	H@1 0.002472	H@3 0.206493	H@5 0.272248	H@10 0.319051	H@20 0.357119	H@50 0.399308	H@100 0.435069
INFO:kbc-cli.py:Epoch 30/100	test results	MRR 0.118101	H@1 0.002074	H@3 0.211710	H@5 0.274729	H@10 0.320357	H@20 0.350989	H@50 0.393906	H@100 0.429164
INFO:kbc-cli.py:Epoch 31/100	Loss 13.8624 ± 0.3712
INFO:kbc-cli.py:Epoch 32/100	Loss 13.7312 ± 0.3479
INFO:kbc-cli.py:Epoch 33/100	Loss 13.6050 ± 0.3536
INFO:kbc-cli.py:Epoch 33/100	dev results	MRR 0.120835	H@1 0.002637	H@3 0.215227	H@5 0.286256	H@10 0.335036	H@20 0.368490	H@50 0.412657	H@100 0.446111
INFO:kbc-cli.py:Epoch 33/100	test results	MRR 0.122590	H@1 0.002234	H@3 0.219209	H@5 0.287971	H@10 0.334556	H@20 0.365029	H@50 0.406350	H@100 0.442087
INFO:kbc-cli.py:Epoch 34/100	Loss 13.4825 ± 0.3552
INFO:kbc-cli.py:Epoch 35/100	Loss 13.3646 ± 0.3454
INFO:kbc-cli.py:Epoch 36/100	Loss 13.2507 ± 0.3526
INFO:kbc-cli.py:Epoch 36/100	dev results	MRR 0.124424	H@1 0.002637	H@3 0.221819	H@5 0.294331	H@10 0.346243	H@20 0.379697	H@50 0.423698	H@100 0.454186
INFO:kbc-cli.py:Epoch 36/100	test results	MRR 0.126469	H@1 0.002872	H@3 0.224793	H@5 0.298181	H@10 0.346682	H@20 0.377154	H@50 0.418794	H@100 0.452297
INFO:kbc-cli.py:Epoch 37/100	Loss 13.1408 ± 0.3623
INFO:kbc-cli.py:Epoch 38/100	Loss 13.0346 ± 0.3489
INFO:kbc-cli.py:Epoch 39/100	Loss 12.9314 ± 0.3539
INFO:kbc-cli.py:Epoch 39/100	dev results	MRR 0.127743	H@1 0.003131	H@3 0.227587	H@5 0.303065	H@10 0.355636	H@20 0.391727	H@50 0.431608	H@100 0.464239
INFO:kbc-cli.py:Epoch 39/100	test results	MRR 0.129904	H@1 0.003031	H@3 0.231174	H@5 0.304244	H@10 0.354978	H@20 0.387683	H@50 0.430121	H@100 0.461870
INFO:kbc-cli.py:Epoch 40/100	Loss 12.8314 ± 0.3706
INFO:kbc-cli.py:Epoch 41/100	Loss 12.7346 ± 0.3722
INFO:kbc-cli.py:Epoch 42/100	Loss 12.6430 ± 0.3686
INFO:kbc-cli.py:Epoch 42/100	dev results	MRR 0.130507	H@1 0.003296	H@3 0.231872	H@5 0.309657	H@10 0.366678	H@20 0.399473	H@50 0.440178	H@100 0.470171
INFO:kbc-cli.py:Epoch 42/100	test results	MRR 0.132310	H@1 0.003191	H@3 0.235163	H@5 0.309828	H@10 0.364710	H@20 0.398054	H@50 0.439375	H@100 0.469687
INFO:kbc-cli.py:Epoch 43/100	Loss 12.5517 ± 0.3661
INFO:kbc-cli.py:Epoch 44/100	Loss 12.4640 ± 0.3700
INFO:kbc-cli.py:Epoch 45/100	Loss 12.3792 ± 0.3660
INFO:kbc-cli.py:Epoch 45/100	dev results	MRR 0.132876	H@1 0.003790	H@3 0.234838	H@5 0.317073	H@10 0.372610	H@20 0.405735	H@50 0.446935	H@100 0.479565
INFO:kbc-cli.py:Epoch 45/100	test results	MRR 0.134442	H@1 0.003510	H@3 0.235482	H@5 0.316369	H@10 0.369496	H@20 0.407466	H@50 0.447830	H@100 0.476228
INFO:kbc-cli.py:Epoch 46/100	Loss 12.2956 ± 0.3629
INFO:kbc-cli.py:Epoch 47/100	Loss 12.2166 ± 0.3796
INFO:kbc-cli.py:Epoch 48/100	Loss 12.1383 ± 0.3569
INFO:kbc-cli.py:Epoch 48/100	dev results	MRR 0.134996	H@1 0.004120	H@3 0.239288	H@5 0.320864	H@10 0.380026	H@20 0.413645	H@50 0.453856	H@100 0.487146
INFO:kbc-cli.py:Epoch 48/100	test results	MRR 0.136371	H@1 0.003510	H@3 0.238513	H@5 0.322112	H@10 0.376994	H@20 0.414805	H@50 0.455169	H@100 0.482610
INFO:kbc-cli.py:Epoch 49/100	Loss 12.0623 ± 0.3733
INFO:kbc-cli.py:Epoch 50/100	Loss 11.9888 ± 0.3697
