./bin/kbc-cli.py --train data/fb15k-237/train.tsv --dev data/fb15k-237/dev.tsv --test data/fb15k-237/test.tsv -m complex -k 200 -b 100 -e 100 --F2 0.001 --N3 0 -l 0.1 -I standard -V 3 -o adagrad -c so -q
{'F2': 0.001,
 'N3': 0.0,
 'batch_size': 100,
 'corruption': 'so',
 'dev': 'data/fb15k-237/dev.tsv',
 'embedding_size': 200,
 'epochs': 100,
 'eval_batch_size': None,
 'input_type': 'standard',
 'learning_rate': 0.1,
 'load': None,
 'model': 'complex',
 'optimizer': 'adagrad',
 'quiet': True,
 'save': None,
 'seed': 0,
 'test': 'data/fb15k-237/test.tsv',
 'test_i': None,
 'test_ii': None,
 'train': 'data/fb15k-237/train.tsv',
 'validate_every': 3}
INFO:kbc-cli.py:Device: cuda
INFO:kbc-cli.py:Model state:
INFO:kbc-cli.py:	entities.weight	torch.Size([14541, 400])
INFO:kbc-cli.py:	predicates.weight	torch.Size([237, 400])
INFO:kbc-cli.py:Epoch 1/100	Loss 12.1968 ± 1.8909
INFO:kbc-cli.py:Epoch 2/100	Loss 8.1427 ± 0.2635
INFO:kbc-cli.py:Epoch 3/100	Loss 7.0684 ± 0.3102
INFO:kbc-cli.py:Epoch 3/100	dev results	MRR 0.307994	H@1 0.224009	H@3 0.334559	H@5 0.395723	H@10 0.479755	H@20 0.562789	H@50 0.664471	H@100 0.735329
INFO:kbc-cli.py:Epoch 3/100	test results	MRR 0.301962	H@1 0.215895	H@3 0.330744	H@5 0.390892	H@10 0.474983	H@20 0.558707	H@50 0.663808	H@100 0.734975
INFO:kbc-cli.py:Epoch 4/100	Loss 6.6667 ± 0.3231
INFO:kbc-cli.py:Epoch 5/100	Loss 6.4584 ± 0.3293
INFO:kbc-cli.py:Epoch 6/100	Loss 6.3234 ± 0.3122
INFO:kbc-cli.py:Epoch 6/100	dev results	MRR 0.312048	H@1 0.226262	H@3 0.341032	H@5 0.400143	H@10 0.486484	H@20 0.567351	H@50 0.669518	H@100 0.739607
INFO:kbc-cli.py:Epoch 6/100	test results	MRR 0.308354	H@1 0.222564	H@3 0.337364	H@5 0.398857	H@10 0.483973	H@20 0.563935	H@50 0.669085	H@100 0.738957
INFO:kbc-cli.py:Epoch 7/100	Loss 6.2277 ± 0.3082
INFO:kbc-cli.py:Epoch 8/100	Loss 6.1548 ± 0.3067
INFO:kbc-cli.py:Epoch 9/100	Loss 6.0969 ± 0.3000
INFO:kbc-cli.py:Epoch 9/100	dev results	MRR 0.313105	H@1 0.227089	H@3 0.344169	H@5 0.402452	H@10 0.485030	H@20 0.565070	H@50 0.669347	H@100 0.738124
INFO:kbc-cli.py:Epoch 9/100	test results	MRR 0.309245	H@1 0.222833	H@3 0.339514	H@5 0.399590	H@10 0.481750	H@20 0.565230	H@50 0.668768	H@100 0.738493
INFO:kbc-cli.py:Epoch 10/100	Loss 6.0488 ± 0.2990
INFO:kbc-cli.py:Epoch 11/100	Loss 6.0085 ± 0.3011
INFO:kbc-cli.py:Epoch 12/100	Loss 5.9751 ± 0.2982
INFO:kbc-cli.py:Epoch 12/100	dev results	MRR 0.313686	H@1 0.229113	H@3 0.341488	H@5 0.400057	H@10 0.485115	H@20 0.566210	H@50 0.669176	H@100 0.739806
INFO:kbc-cli.py:Epoch 12/100	test results	MRR 0.309513	H@1 0.224348	H@3 0.337022	H@5 0.395925	H@10 0.482434	H@20 0.566110	H@50 0.668865	H@100 0.738029
INFO:kbc-cli.py:Epoch 13/100	Loss 5.9449 ± 0.2872
INFO:kbc-cli.py:Epoch 14/100	Loss 5.9196 ± 0.2908
INFO:kbc-cli.py:Epoch 15/100	Loss 5.8961 ± 0.2854
INFO:kbc-cli.py:Epoch 15/100	dev results	MRR 0.315048	H@1 0.230368	H@3 0.344226	H@5 0.402595	H@10 0.485058	H@20 0.566039	H@50 0.668606	H@100 0.739036
INFO:kbc-cli.py:Epoch 15/100	test results	MRR 0.310854	H@1 0.225862	H@3 0.338904	H@5 0.398857	H@10 0.482654	H@20 0.564546	H@50 0.667742	H@100 0.736636
INFO:kbc-cli.py:Epoch 16/100	Loss 5.8759 ± 0.2827
INFO:kbc-cli.py:Epoch 17/100	Loss 5.8572 ± 0.2858
INFO:kbc-cli.py:Epoch 18/100	Loss 5.8398 ± 0.2841
INFO:kbc-cli.py:Epoch 18/100	dev results	MRR 0.317048	H@1 0.233077	H@3 0.345965	H@5 0.403650	H@10 0.487653	H@20 0.566980	H@50 0.668206	H@100 0.738209
INFO:kbc-cli.py:Epoch 18/100	test results	MRR 0.312416	H@1 0.227744	H@3 0.340369	H@5 0.400689	H@10 0.483363	H@20 0.565181	H@50 0.667864	H@100 0.736123
INFO:kbc-cli.py:Epoch 19/100	Loss 5.8247 ± 0.2745
INFO:kbc-cli.py:Epoch 20/100	Loss 5.8108 ± 0.2745
INFO:kbc-cli.py:Epoch 21/100	Loss 5.7975 ± 0.2667
INFO:kbc-cli.py:Epoch 21/100	dev results	MRR 0.316603	H@1 0.231993	H@3 0.346393	H@5 0.402880	H@10 0.487682	H@20 0.566096	H@50 0.667693	H@100 0.738209
INFO:kbc-cli.py:Epoch 21/100	test results	MRR 0.312463	H@1 0.228061	H@3 0.340907	H@5 0.399370	H@10 0.482532	H@20 0.564668	H@50 0.666887	H@100 0.735586
INFO:kbc-cli.py:Epoch 22/100	Loss 5.7859 ± 0.2742
INFO:kbc-cli.py:Epoch 23/100	Loss 5.7740 ± 0.2723
INFO:kbc-cli.py:Epoch 24/100	Loss 5.7637 ± 0.2705
INFO:kbc-cli.py:Epoch 24/100	dev results	MRR 0.318249	H@1 0.234559	H@3 0.346735	H@5 0.404220	H@10 0.486969	H@20 0.566239	H@50 0.668777	H@100 0.737981
INFO:kbc-cli.py:Epoch 24/100	test results	MRR 0.313466	H@1 0.228892	H@3 0.341615	H@5 0.400811	H@10 0.483729	H@20 0.565499	H@50 0.667522	H@100 0.734951
INFO:kbc-cli.py:Epoch 25/100	Loss 5.7535 ± 0.2702
INFO:kbc-cli.py:Epoch 26/100	Loss 5.7443 ± 0.2638
INFO:kbc-cli.py:Epoch 27/100	Loss 5.7360 ± 0.2675
INFO:kbc-cli.py:Epoch 27/100	dev results	MRR 0.318030	H@1 0.233733	H@3 0.348047	H@5 0.404277	H@10 0.488708	H@20 0.567037	H@50 0.668720	H@100 0.738295
INFO:kbc-cli.py:Epoch 27/100	test results	MRR 0.313309	H@1 0.228501	H@3 0.342861	H@5 0.400469	H@10 0.483778	H@20 0.565279	H@50 0.666764	H@100 0.735586
INFO:kbc-cli.py:Epoch 28/100	Loss 5.7279 ± 0.2637
INFO:kbc-cli.py:Epoch 29/100	Loss 5.7201 ± 0.2593
INFO:kbc-cli.py:Epoch 30/100	Loss 5.7129 ± 0.2668
INFO:kbc-cli.py:Epoch 30/100	dev results	MRR 0.317955	H@1 0.233390	H@3 0.348075	H@5 0.405133	H@10 0.487967	H@20 0.565897	H@50 0.668435	H@100 0.736926
INFO:kbc-cli.py:Epoch 30/100	test results	MRR 0.313861	H@1 0.229112	H@3 0.341884	H@5 0.401910	H@10 0.484144	H@20 0.564693	H@50 0.666251	H@100 0.734462
INFO:kbc-cli.py:Epoch 31/100	Loss 5.7059 ± 0.2621
INFO:kbc-cli.py:Epoch 32/100	Loss 5.6993 ± 0.2616
INFO:kbc-cli.py:Epoch 33/100	Loss 5.6928 ± 0.2560
INFO:kbc-cli.py:Epoch 33/100	dev results	MRR 0.318856	H@1 0.234873	H@3 0.348047	H@5 0.404277	H@10 0.488566	H@20 0.567009	H@50 0.669204	H@100 0.736555
INFO:kbc-cli.py:Epoch 33/100	test results	MRR 0.314464	H@1 0.229918	H@3 0.343081	H@5 0.401495	H@10 0.483876	H@20 0.565206	H@50 0.666471	H@100 0.734682
INFO:kbc-cli.py:Epoch 34/100	Loss 5.6869 ± 0.2581
INFO:kbc-cli.py:Epoch 35/100	Loss 5.6813 ± 0.2630
INFO:kbc-cli.py:Epoch 36/100	Loss 5.6757 ± 0.2558
INFO:kbc-cli.py:Epoch 36/100	dev results	MRR 0.317927	H@1 0.234075	H@3 0.346478	H@5 0.403593	H@10 0.488081	H@20 0.567237	H@50 0.667380	H@100 0.736270
INFO:kbc-cli.py:Epoch 36/100	test results	MRR 0.313981	H@1 0.229551	H@3 0.342128	H@5 0.401397	H@10 0.483387	H@20 0.564399	H@50 0.665958	H@100 0.734267
INFO:kbc-cli.py:Epoch 37/100	Loss 5.6707 ± 0.2535
INFO:kbc-cli.py:Epoch 38/100	Loss 5.6659 ± 0.2592
INFO:kbc-cli.py:Epoch 39/100	Loss 5.6609 ± 0.2579
INFO:kbc-cli.py:Epoch 39/100	dev results	MRR 0.318816	H@1 0.234930	H@3 0.347819	H@5 0.404733	H@10 0.488794	H@20 0.566724	H@50 0.667579	H@100 0.735529
INFO:kbc-cli.py:Epoch 39/100	test results	MRR 0.314623	H@1 0.230578	H@3 0.343106	H@5 0.401984	H@10 0.484144	H@20 0.564888	H@50 0.666080	H@100 0.733998
INFO:kbc-cli.py:Epoch 40/100	Loss 5.6561 ± 0.2563
INFO:kbc-cli.py:Epoch 41/100	Loss 5.6519 ± 0.2511
INFO:kbc-cli.py:Epoch 42/100	Loss 5.6472 ± 0.2544
INFO:kbc-cli.py:Epoch 42/100	dev results	MRR 0.318844	H@1 0.234616	H@3 0.348275	H@5 0.404534	H@10 0.489250	H@20 0.567750	H@50 0.667465	H@100 0.735843
INFO:kbc-cli.py:Epoch 42/100	test results	MRR 0.314804	H@1 0.230260	H@3 0.344669	H@5 0.402033	H@10 0.484706	H@20 0.564913	H@50 0.665860	H@100 0.734144
INFO:kbc-cli.py:Epoch 43/100	Loss 5.6435 ± 0.2546
INFO:kbc-cli.py:Epoch 44/100	Loss 5.6394 ± 0.2545
INFO:kbc-cli.py:Epoch 45/100	Loss 5.6359 ± 0.2556
INFO:kbc-cli.py:Epoch 45/100	dev results	MRR 0.318757	H@1 0.235130	H@3 0.347933	H@5 0.404135	H@10 0.488309	H@20 0.566980	H@50 0.667750	H@100 0.734873
INFO:kbc-cli.py:Epoch 45/100	test results	MRR 0.314055	H@1 0.229478	H@3 0.343277	H@5 0.401910	H@10 0.482801	H@20 0.564253	H@50 0.665323	H@100 0.733973
INFO:kbc-cli.py:Epoch 46/100	Loss 5.6318 ± 0.2567
INFO:kbc-cli.py:Epoch 47/100	Loss 5.6285 ± 0.2487
INFO:kbc-cli.py:Epoch 48/100	Loss 5.6251 ± 0.2529
INFO:kbc-cli.py:Epoch 48/100	dev results	MRR 0.318787	H@1 0.234845	H@3 0.348132	H@5 0.405845	H@10 0.489792	H@20 0.566695	H@50 0.667151	H@100 0.735130
INFO:kbc-cli.py:Epoch 48/100	test results	MRR 0.314668	H@1 0.230309	H@3 0.343423	H@5 0.402888	H@10 0.484462	H@20 0.564546	H@50 0.666202	H@100 0.733558
INFO:kbc-cli.py:Epoch 49/100	Loss 5.6216 ± 0.2517
INFO:kbc-cli.py:Epoch 50/100	Loss 5.6186 ± 0.2508
INFO:kbc-cli.py:Epoch 51/100	Loss 5.6152 ± 0.2478
INFO:kbc-cli.py:Epoch 51/100	dev results	MRR 0.319105	H@1 0.235244	H@3 0.348275	H@5 0.404876	H@10 0.489963	H@20 0.567294	H@50 0.667351	H@100 0.734987
INFO:kbc-cli.py:Epoch 51/100	test results	MRR 0.314886	H@1 0.230407	H@3 0.344010	H@5 0.402668	H@10 0.484071	H@20 0.565108	H@50 0.664981	H@100 0.733876
INFO:kbc-cli.py:Epoch 52/100	Loss 5.6126 ± 0.2531
INFO:kbc-cli.py:Epoch 53/100	Loss 5.6094 ± 0.2519
INFO:kbc-cli.py:Epoch 54/100	Loss 5.6065 ± 0.2577
INFO:kbc-cli.py:Epoch 54/100	dev results	MRR 0.319511	H@1 0.235928	H@3 0.349273	H@5 0.406359	H@10 0.488566	H@20 0.566296	H@50 0.667437	H@100 0.735358
INFO:kbc-cli.py:Epoch 54/100	test results	MRR 0.315287	H@1 0.231262	H@3 0.344376	H@5 0.403376	H@10 0.484267	H@20 0.564082	H@50 0.665641	H@100 0.733583
INFO:kbc-cli.py:Epoch 55/100	Loss 5.6036 ± 0.2438
INFO:kbc-cli.py:Epoch 56/100	Loss 5.6013 ± 0.2493
INFO:kbc-cli.py:Epoch 57/100	Loss 5.5990 ± 0.2480
INFO:kbc-cli.py:Epoch 57/100	dev results	MRR 0.319039	H@1 0.235729	H@3 0.347077	H@5 0.406102	H@10 0.488708	H@20 0.567037	H@50 0.666638	H@100 0.734845
INFO:kbc-cli.py:Epoch 57/100	test results	MRR 0.314913	H@1 0.230968	H@3 0.343203	H@5 0.402937	H@10 0.485000	H@20 0.564644	H@50 0.664346	H@100 0.733680
INFO:kbc-cli.py:Epoch 58/100	Loss 5.5962 ± 0.2484
INFO:kbc-cli.py:Epoch 59/100	Loss 5.5935 ± 0.2436
INFO:kbc-cli.py:Epoch 60/100	Loss 5.5916 ± 0.2483
INFO:kbc-cli.py:Epoch 60/100	dev results	MRR 0.319879	H@1 0.235814	H@3 0.350556	H@5 0.406615	H@10 0.489193	H@20 0.566581	H@50 0.666353	H@100 0.734445
INFO:kbc-cli.py:Epoch 60/100	test results	MRR 0.315401	H@1 0.231237	H@3 0.345769	H@5 0.403376	H@10 0.484902	H@20 0.563838	H@50 0.664566	H@100 0.733167
INFO:kbc-cli.py:Epoch 61/100	Loss 5.5886 ± 0.2443
INFO:kbc-cli.py:Epoch 62/100	Loss 5.5866 ± 0.2472
INFO:kbc-cli.py:Epoch 63/100	Loss 5.5844 ± 0.2422
INFO:kbc-cli.py:Epoch 63/100	dev results	MRR 0.319524	H@1 0.235757	H@3 0.348988	H@5 0.405247	H@10 0.489022	H@20 0.567836	H@50 0.666467	H@100 0.735016
INFO:kbc-cli.py:Epoch 63/100	test results	MRR 0.315197	H@1 0.230529	H@3 0.344669	H@5 0.404109	H@10 0.485097	H@20 0.564742	H@50 0.664468	H@100 0.732654
INFO:kbc-cli.py:Epoch 64/100	Loss 5.5823 ± 0.2480
INFO:kbc-cli.py:Epoch 65/100	Loss 5.5803 ± 0.2445
INFO:kbc-cli.py:Epoch 66/100	Loss 5.5785 ± 0.2415
INFO:kbc-cli.py:Epoch 66/100	dev results	MRR 0.319269	H@1 0.235187	H@3 0.348703	H@5 0.406729	H@10 0.489136	H@20 0.566239	H@50 0.666353	H@100 0.734759
INFO:kbc-cli.py:Epoch 66/100	test results	MRR 0.315646	H@1 0.231677	H@3 0.344327	H@5 0.403621	H@10 0.484560	H@20 0.564228	H@50 0.664199	H@100 0.733265
INFO:kbc-cli.py:Epoch 67/100	Loss 5.5761 ± 0.2439
INFO:kbc-cli.py:Epoch 68/100	Loss 5.5740 ± 0.2487
INFO:kbc-cli.py:Epoch 69/100	Loss 5.5720 ± 0.2468
INFO:kbc-cli.py:Epoch 69/100	dev results	MRR 0.319823	H@1 0.236185	H@3 0.349016	H@5 0.405988	H@10 0.488452	H@20 0.566410	H@50 0.666296	H@100 0.734816
INFO:kbc-cli.py:Epoch 69/100	test results	MRR 0.315412	H@1 0.231115	H@3 0.345036	H@5 0.403450	H@10 0.484315	H@20 0.564424	H@50 0.664101	H@100 0.733289
INFO:kbc-cli.py:Epoch 70/100	Loss 5.5702 ± 0.2456
INFO:kbc-cli.py:Epoch 71/100	Loss 5.5682 ± 0.2449
INFO:kbc-cli.py:Epoch 72/100	Loss 5.5663 ± 0.2430
INFO:kbc-cli.py:Epoch 72/100	dev results	MRR 0.320476	H@1 0.237268	H@3 0.349415	H@5 0.406416	H@10 0.489364	H@20 0.566410	H@50 0.666039	H@100 0.734588
INFO:kbc-cli.py:Epoch 72/100	test results	MRR 0.315859	H@1 0.231775	H@3 0.345378	H@5 0.404427	H@10 0.485219	H@20 0.564351	H@50 0.663979	H@100 0.732850
INFO:kbc-cli.py:Epoch 73/100	Loss 5.5651 ± 0.2442
INFO:kbc-cli.py:Epoch 74/100	Loss 5.5629 ± 0.2472
INFO:kbc-cli.py:Epoch 75/100	Loss 5.5615 ± 0.2491
INFO:kbc-cli.py:Epoch 75/100	dev results	MRR 0.319792	H@1 0.236213	H@3 0.348617	H@5 0.405988	H@10 0.488138	H@20 0.566638	H@50 0.666267	H@100 0.734360
INFO:kbc-cli.py:Epoch 75/100	test results	MRR 0.315579	H@1 0.231677	H@3 0.344010	H@5 0.403181	H@10 0.484315	H@20 0.564497	H@50 0.663906	H@100 0.733192
INFO:kbc-cli.py:Epoch 76/100	Loss 5.5595 ± 0.2473
INFO:kbc-cli.py:Epoch 77/100	Loss 5.5582 ± 0.2421
INFO:kbc-cli.py:Epoch 78/100	Loss 5.5563 ± 0.2431
INFO:kbc-cli.py:Epoch 78/100	dev results	MRR 0.319702	H@1 0.236185	H@3 0.349045	H@5 0.405389	H@10 0.488879	H@20 0.566895	H@50 0.666068	H@100 0.734360
INFO:kbc-cli.py:Epoch 78/100	test results	MRR 0.315090	H@1 0.230797	H@3 0.344571	H@5 0.402961	H@10 0.484560	H@20 0.564888	H@50 0.663564	H@100 0.732630
INFO:kbc-cli.py:Epoch 79/100	Loss 5.5551 ± 0.2428
INFO:kbc-cli.py:Epoch 80/100	Loss 5.5538 ± 0.2414
INFO:kbc-cli.py:Epoch 81/100	Loss 5.5523 ± 0.2397
INFO:kbc-cli.py:Epoch 81/100	dev results	MRR 0.319809	H@1 0.236213	H@3 0.348902	H@5 0.406872	H@10 0.488651	H@20 0.566923	H@50 0.666096	H@100 0.734189
INFO:kbc-cli.py:Epoch 81/100	test results	MRR 0.315108	H@1 0.230651	H@3 0.344865	H@5 0.403547	H@10 0.484315	H@20 0.564106	H@50 0.663515	H@100 0.732483
INFO:kbc-cli.py:Epoch 82/100	Loss 5.5504 ± 0.2424
INFO:kbc-cli.py:Epoch 83/100	Loss 5.5488 ± 0.2412
INFO:kbc-cli.py:Epoch 84/100	Loss 5.5477 ± 0.2408
INFO:kbc-cli.py:Epoch 84/100	dev results	MRR 0.320128	H@1 0.236584	H@3 0.349558	H@5 0.406131	H@10 0.489393	H@20 0.566581	H@50 0.665127	H@100 0.734103
INFO:kbc-cli.py:Epoch 84/100	test results	MRR 0.315449	H@1 0.230968	H@3 0.344742	H@5 0.404549	H@10 0.484731	H@20 0.564424	H@50 0.663637	H@100 0.732532
INFO:kbc-cli.py:Epoch 85/100	Loss 5.5463 ± 0.2412
INFO:kbc-cli.py:Epoch 86/100	Loss 5.5450 ± 0.2385
INFO:kbc-cli.py:Epoch 87/100	Loss 5.5438 ± 0.2384
INFO:kbc-cli.py:Epoch 87/100	dev results	MRR 0.320174	H@1 0.236527	H@3 0.349843	H@5 0.406359	H@10 0.489478	H@20 0.566125	H@50 0.665384	H@100 0.734531
INFO:kbc-cli.py:Epoch 87/100	test results	MRR 0.316228	H@1 0.232288	H@3 0.345671	H@5 0.403743	H@10 0.485732	H@20 0.564668	H@50 0.663955	H@100 0.732532
INFO:kbc-cli.py:Epoch 88/100	Loss 5.5423 ± 0.2398
INFO:kbc-cli.py:Epoch 89/100	Loss 5.5409 ± 0.2403
INFO:kbc-cli.py:Epoch 90/100	Loss 5.5397 ± 0.2383
INFO:kbc-cli.py:Epoch 90/100	dev results	MRR 0.320211	H@1 0.236670	H@3 0.349900	H@5 0.406729	H@10 0.488794	H@20 0.566496	H@50 0.666011	H@100 0.734360
INFO:kbc-cli.py:Epoch 90/100	test results	MRR 0.316280	H@1 0.232630	H@3 0.345402	H@5 0.404573	H@10 0.484853	H@20 0.564571	H@50 0.663955	H@100 0.732996
INFO:kbc-cli.py:Epoch 91/100	Loss 5.5385 ± 0.2402
INFO:kbc-cli.py:Epoch 92/100	Loss 5.5370 ± 0.2379
INFO:kbc-cli.py:Epoch 93/100	Loss 5.5360 ± 0.2426
INFO:kbc-cli.py:Epoch 93/100	dev results	MRR 0.320567	H@1 0.237411	H@3 0.348874	H@5 0.406929	H@10 0.489165	H@20 0.567180	H@50 0.665697	H@100 0.734046
INFO:kbc-cli.py:Epoch 93/100	test results	MRR 0.316379	H@1 0.232923	H@3 0.344645	H@5 0.403743	H@10 0.485146	H@20 0.564473	H@50 0.663515	H@100 0.732239
INFO:kbc-cli.py:Epoch 94/100	Loss 5.5347 ± 0.2346
INFO:kbc-cli.py:Epoch 95/100	Loss 5.5334 ± 0.2384
INFO:kbc-cli.py:Epoch 96/100	Loss 5.5323 ± 0.2420
INFO:kbc-cli.py:Epoch 96/100	dev results	MRR 0.320377	H@1 0.236841	H@3 0.349786	H@5 0.407214	H@10 0.488537	H@20 0.566695	H@50 0.665241	H@100 0.734217
INFO:kbc-cli.py:Epoch 96/100	test results	MRR 0.316340	H@1 0.232556	H@3 0.344938	H@5 0.404134	H@10 0.484486	H@20 0.564082	H@50 0.663613	H@100 0.732312
INFO:kbc-cli.py:Epoch 97/100	Loss 5.5311 ± 0.2395
INFO:kbc-cli.py:Epoch 98/100	Loss 5.5302 ± 0.2358
INFO:kbc-cli.py:Epoch 99/100	Loss 5.5293 ± 0.2366
INFO:kbc-cli.py:Epoch 99/100	dev results	MRR 0.320520	H@1 0.237012	H@3 0.349701	H@5 0.407129	H@10 0.489336	H@20 0.566895	H@50 0.665583	H@100 0.733875
INFO:kbc-cli.py:Epoch 99/100	test results	MRR 0.316213	H@1 0.232288	H@3 0.345744	H@5 0.403914	H@10 0.484951	H@20 0.565206	H@50 0.663735	H@100 0.732385
INFO:kbc-cli.py:Epoch 100/100	Loss 5.5281 ± 0.2351
INFO:kbc-cli.py:Final 	dev results	MRR 0.320428	H@1 0.236641	H@3 0.350613	H@5 0.406758	H@10 0.489022	H@20 0.566895	H@50 0.665412	H@100 0.733847
INFO:kbc-cli.py:Final 	test results	MRR 0.316251	H@1 0.232434	H@3 0.345720	H@5 0.403816	H@10 0.485024	H@20 0.564595	H@50 0.663759	H@100 0.732166
INFO:kbc-cli.py:Training finished
