./bin/kbc-cli.py --train data/fb15k-237/train.tsv --dev data/fb15k-237/dev.tsv --test data/fb15k-237/test.tsv -m complex -k 200 -b 500 -e 100 --F2 0 --N3 0.001 -l 0.1 -I standard -V 3 -o adagrad -c so -q
{'F2': 0.0,
 'N3': 0.001,
 'batch_size': 500,
 'corruption': 'so',
 'dev': 'data/fb15k-237/dev.tsv',
 'embedding_size': 200,
 'epochs': 100,
 'eval_batch_size': None,
 'input_type': 'standard',
 'learning_rate': 0.1,
 'load': None,
 'model': 'complex',
 'optimizer': 'adagrad',
 'quiet': True,
 'save': None,
 'seed': 0,
 'test': 'data/fb15k-237/test.tsv',
 'test_i': None,
 'test_ii': None,
 'train': 'data/fb15k-237/train.tsv',
 'validate_every': 3}
INFO:kbc-cli.py:Device: cuda
INFO:kbc-cli.py:Model state:
INFO:kbc-cli.py:	entities.weight	torch.Size([14541, 400])
INFO:kbc-cli.py:	predicates.weight	torch.Size([237, 400])
INFO:kbc-cli.py:Epoch 1/100	Loss 11.9546 ± 1.8843
INFO:kbc-cli.py:Epoch 2/100	Loss 8.1171 ± 0.1222
INFO:kbc-cli.py:Epoch 3/100	Loss 7.0543 ± 0.2217
INFO:kbc-cli.py:Epoch 3/100	dev results	MRR 0.306533	H@1 0.222669	H@3 0.333590	H@5 0.392273	H@10 0.477588	H@20 0.557941	H@50 0.661990	H@100 0.736185
INFO:kbc-cli.py:Epoch 3/100	test results	MRR 0.302060	H@1 0.217458	H@3 0.328301	H@5 0.390819	H@10 0.474274	H@20 0.557168	H@50 0.663491	H@100 0.734780
INFO:kbc-cli.py:Epoch 4/100	Loss 6.6357 ± 0.2383
INFO:kbc-cli.py:Epoch 5/100	Loss 6.4181 ± 0.2441
INFO:kbc-cli.py:Epoch 6/100	Loss 6.2775 ± 0.2330
INFO:kbc-cli.py:Epoch 6/100	dev results	MRR 0.312428	H@1 0.228001	H@3 0.340490	H@5 0.398717	H@10 0.483633	H@20 0.565441	H@50 0.666553	H@100 0.740148
INFO:kbc-cli.py:Epoch 6/100	test results	MRR 0.309010	H@1 0.222711	H@3 0.339441	H@5 0.399101	H@10 0.482043	H@20 0.564375	H@50 0.670063	H@100 0.740521
INFO:kbc-cli.py:Epoch 7/100	Loss 6.1791 ± 0.2262
INFO:kbc-cli.py:Epoch 8/100	Loss 6.1033 ± 0.2234
INFO:kbc-cli.py:Epoch 9/100	Loss 6.0443 ± 0.2222
INFO:kbc-cli.py:Epoch 9/100	dev results	MRR 0.313277	H@1 0.229199	H@3 0.341660	H@5 0.399772	H@10 0.484117	H@20 0.564443	H@50 0.666838	H@100 0.738580
INFO:kbc-cli.py:Epoch 9/100	test results	MRR 0.310435	H@1 0.225398	H@3 0.338904	H@5 0.398270	H@10 0.482605	H@20 0.565597	H@50 0.672066	H@100 0.739886
INFO:kbc-cli.py:Epoch 10/100	Loss 5.9949 ± 0.2128
INFO:kbc-cli.py:Epoch 11/100	Loss 5.9536 ± 0.2160
INFO:kbc-cli.py:Epoch 12/100	Loss 5.9196 ± 0.2190
INFO:kbc-cli.py:Epoch 12/100	dev results	MRR 0.314327	H@1 0.230510	H@3 0.341973	H@5 0.401312	H@10 0.484802	H@20 0.564557	H@50 0.667893	H@100 0.739293
INFO:kbc-cli.py:Epoch 12/100	test results	MRR 0.312290	H@1 0.227182	H@3 0.339905	H@5 0.400176	H@10 0.483387	H@20 0.566281	H@50 0.672164	H@100 0.739544
INFO:kbc-cli.py:Epoch 13/100	Loss 5.8894 ± 0.2031
INFO:kbc-cli.py:Epoch 14/100	Loss 5.8631 ± 0.2118
INFO:kbc-cli.py:Epoch 15/100	Loss 5.8391 ± 0.2019
INFO:kbc-cli.py:Epoch 15/100	dev results	MRR 0.314999	H@1 0.230881	H@3 0.342686	H@5 0.401796	H@10 0.486399	H@20 0.566011	H@50 0.667066	H@100 0.738209
INFO:kbc-cli.py:Epoch 15/100	test results	MRR 0.311652	H@1 0.226351	H@3 0.339514	H@5 0.399932	H@10 0.485317	H@20 0.567331	H@50 0.671040	H@100 0.739690
INFO:kbc-cli.py:Epoch 16/100	Loss 5.8184 ± 0.1985
INFO:kbc-cli.py:Epoch 17/100	Loss 5.8000 ± 0.1982
INFO:kbc-cli.py:Epoch 18/100	Loss 5.7828 ± 0.1980
INFO:kbc-cli.py:Epoch 18/100	dev results	MRR 0.317664	H@1 0.234274	H@3 0.344368	H@5 0.403422	H@10 0.487226	H@20 0.566610	H@50 0.666210	H@100 0.738551
INFO:kbc-cli.py:Epoch 18/100	test results	MRR 0.313692	H@1 0.229161	H@3 0.340907	H@5 0.400811	H@10 0.484242	H@20 0.566794	H@50 0.670893	H@100 0.738078
INFO:kbc-cli.py:Epoch 19/100	Loss 5.7669 ± 0.1884
INFO:kbc-cli.py:Epoch 20/100	Loss 5.7530 ± 0.1884
INFO:kbc-cli.py:Epoch 21/100	Loss 5.7400 ± 0.1778
INFO:kbc-cli.py:Epoch 21/100	dev results	MRR 0.317166	H@1 0.233476	H@3 0.344682	H@5 0.403906	H@10 0.485600	H@20 0.567836	H@50 0.666667	H@100 0.737297
INFO:kbc-cli.py:Epoch 21/100	test results	MRR 0.314478	H@1 0.230187	H@3 0.342837	H@5 0.401520	H@10 0.484755	H@20 0.569237	H@50 0.670820	H@100 0.737736
INFO:kbc-cli.py:Epoch 22/100	Loss 5.7280 ± 0.1826
INFO:kbc-cli.py:Epoch 23/100	Loss 5.7160 ± 0.1842
INFO:kbc-cli.py:Epoch 24/100	Loss 5.7059 ± 0.1799
INFO:kbc-cli.py:Epoch 24/100	dev results	MRR 0.317720	H@1 0.234645	H@3 0.345081	H@5 0.403935	H@10 0.486199	H@20 0.566695	H@50 0.666667	H@100 0.737439
INFO:kbc-cli.py:Epoch 24/100	test results	MRR 0.314442	H@1 0.229991	H@3 0.342861	H@5 0.403303	H@10 0.485122	H@20 0.567282	H@50 0.669940	H@100 0.737149
INFO:kbc-cli.py:Epoch 25/100	Loss 5.6954 ± 0.1804
INFO:kbc-cli.py:Epoch 26/100	Loss 5.6857 ± 0.1783
INFO:kbc-cli.py:Epoch 27/100	Loss 5.6778 ± 0.1756
INFO:kbc-cli.py:Epoch 27/100	dev results	MRR 0.318414	H@1 0.234816	H@3 0.346564	H@5 0.403707	H@10 0.486256	H@20 0.568206	H@50 0.666809	H@100 0.737582
INFO:kbc-cli.py:Epoch 27/100	test results	MRR 0.315071	H@1 0.230358	H@3 0.344254	H@5 0.403450	H@10 0.485903	H@20 0.568089	H@50 0.670331	H@100 0.737003
INFO:kbc-cli.py:Epoch 28/100	Loss 5.6696 ± 0.1737
INFO:kbc-cli.py:Epoch 29/100	Loss 5.6616 ± 0.1685
INFO:kbc-cli.py:Epoch 30/100	Loss 5.6543 ± 0.1689
INFO:kbc-cli.py:Epoch 30/100	dev results	MRR 0.318878	H@1 0.235843	H@3 0.345880	H@5 0.404220	H@10 0.486883	H@20 0.567864	H@50 0.666182	H@100 0.736755
INFO:kbc-cli.py:Epoch 30/100	test results	MRR 0.315223	H@1 0.231042	H@3 0.343008	H@5 0.402814	H@10 0.486270	H@20 0.567502	H@50 0.669574	H@100 0.736074
INFO:kbc-cli.py:Epoch 31/100	Loss 5.6472 ± 0.1665
INFO:kbc-cli.py:Epoch 32/100	Loss 5.6404 ± 0.1718
INFO:kbc-cli.py:Epoch 33/100	Loss 5.6343 ± 0.1621
INFO:kbc-cli.py:Epoch 33/100	dev results	MRR 0.318659	H@1 0.235557	H@3 0.346022	H@5 0.403422	H@10 0.486912	H@20 0.567465	H@50 0.666781	H@100 0.737354
INFO:kbc-cli.py:Epoch 33/100	test results	MRR 0.315442	H@1 0.230895	H@3 0.343521	H@5 0.403108	H@10 0.485219	H@20 0.568211	H@50 0.670136	H@100 0.736588
INFO:kbc-cli.py:Epoch 34/100	Loss 5.6280 ± 0.1626
INFO:kbc-cli.py:Epoch 35/100	Loss 5.6224 ± 0.1693
INFO:kbc-cli.py:Epoch 36/100	Loss 5.6169 ± 0.1554
INFO:kbc-cli.py:Epoch 36/100	dev results	MRR 0.318831	H@1 0.236156	H@3 0.346821	H@5 0.404534	H@10 0.487853	H@20 0.567522	H@50 0.665954	H@100 0.737069
INFO:kbc-cli.py:Epoch 36/100	test results	MRR 0.315063	H@1 0.230504	H@3 0.345231	H@5 0.403401	H@10 0.486392	H@20 0.567820	H@50 0.669892	H@100 0.736245
INFO:kbc-cli.py:Epoch 37/100	Loss 5.6115 ± 0.1559
INFO:kbc-cli.py:Epoch 38/100	Loss 5.6071 ± 0.1662
INFO:kbc-cli.py:Epoch 39/100	Loss 5.6019 ± 0.1551
INFO:kbc-cli.py:Epoch 39/100	dev results	MRR 0.319192	H@1 0.235928	H@3 0.345794	H@5 0.405076	H@10 0.487197	H@20 0.566809	H@50 0.665783	H@100 0.736441
INFO:kbc-cli.py:Epoch 39/100	test results	MRR 0.315924	H@1 0.231628	H@3 0.345475	H@5 0.404256	H@10 0.484780	H@20 0.567649	H@50 0.669305	H@100 0.735415
INFO:kbc-cli.py:Epoch 40/100	Loss 5.5974 ± 0.1595
INFO:kbc-cli.py:Epoch 41/100	Loss 5.5925 ± 0.1587
INFO:kbc-cli.py:Epoch 42/100	Loss 5.5883 ± 0.1539
INFO:kbc-cli.py:Epoch 42/100	dev results	MRR 0.319653	H@1 0.236612	H@3 0.347191	H@5 0.405275	H@10 0.487853	H@20 0.568263	H@50 0.665868	H@100 0.736327
INFO:kbc-cli.py:Epoch 42/100	test results	MRR 0.316114	H@1 0.231604	H@3 0.345915	H@5 0.404940	H@10 0.486319	H@20 0.567575	H@50 0.668743	H@100 0.735000
INFO:kbc-cli.py:Epoch 43/100	Loss 5.5842 ± 0.1543
INFO:kbc-cli.py:Epoch 44/100	Loss 5.5801 ± 0.1553
INFO:kbc-cli.py:Epoch 45/100	Loss 5.5769 ± 0.1583
INFO:kbc-cli.py:Epoch 45/100	dev results	MRR 0.319104	H@1 0.236099	H@3 0.347448	H@5 0.405845	H@10 0.487111	H@20 0.568149	H@50 0.665269	H@100 0.736413
INFO:kbc-cli.py:Epoch 45/100	test results	MRR 0.315835	H@1 0.231506	H@3 0.344376	H@5 0.404915	H@10 0.485561	H@20 0.567649	H@50 0.668939	H@100 0.735244
INFO:kbc-cli.py:Epoch 46/100	Loss 5.5728 ± 0.1558
INFO:kbc-cli.py:Epoch 47/100	Loss 5.5692 ± 0.1546
INFO:kbc-cli.py:Epoch 48/100	Loss 5.5659 ± 0.1579
INFO:kbc-cli.py:Epoch 48/100	dev results	MRR 0.319480	H@1 0.236441	H@3 0.346906	H@5 0.405247	H@10 0.487767	H@20 0.568805	H@50 0.665640	H@100 0.736071
INFO:kbc-cli.py:Epoch 48/100	test results	MRR 0.316057	H@1 0.231555	H@3 0.345011	H@5 0.404354	H@10 0.485781	H@20 0.568137	H@50 0.669354	H@100 0.735219
INFO:kbc-cli.py:Epoch 49/100	Loss 5.5627 ± 0.1526
INFO:kbc-cli.py:Epoch 50/100	Loss 5.5592 ± 0.1417
INFO:kbc-cli.py:Epoch 51/100	Loss 5.5563 ± 0.1460
INFO:kbc-cli.py:Epoch 51/100	dev results	MRR 0.319800	H@1 0.236698	H@3 0.347163	H@5 0.406273	H@10 0.488851	H@20 0.568321	H@50 0.665697	H@100 0.736128
INFO:kbc-cli.py:Epoch 51/100	test results	MRR 0.315980	H@1 0.231262	H@3 0.346233	H@5 0.405013	H@10 0.486514	H@20 0.568333	H@50 0.669134	H@100 0.735781
INFO:kbc-cli.py:Epoch 52/100	Loss 5.5538 ± 0.1593
INFO:kbc-cli.py:Epoch 53/100	Loss 5.5497 ± 0.1542
INFO:kbc-cli.py:Epoch 54/100	Loss 5.5476 ± 0.1609
INFO:kbc-cli.py:Epoch 54/100	dev results	MRR 0.319867	H@1 0.237382	H@3 0.346393	H@5 0.405931	H@10 0.488395	H@20 0.567779	H@50 0.665526	H@100 0.735500
INFO:kbc-cli.py:Epoch 54/100	test results	MRR 0.316906	H@1 0.232679	H@3 0.346208	H@5 0.405575	H@10 0.486343	H@20 0.567062	H@50 0.668328	H@100 0.735732
INFO:kbc-cli.py:Epoch 55/100	Loss 5.5443 ± 0.1420
INFO:kbc-cli.py:Epoch 56/100	Loss 5.5423 ± 0.1504
INFO:kbc-cli.py:Epoch 57/100	Loss 5.5399 ± 0.1478
INFO:kbc-cli.py:Epoch 57/100	dev results	MRR 0.319570	H@1 0.236128	H@3 0.347419	H@5 0.406416	H@10 0.489279	H@20 0.567551	H@50 0.665469	H@100 0.734731
INFO:kbc-cli.py:Epoch 57/100	test results	MRR 0.316409	H@1 0.232190	H@3 0.345158	H@5 0.404549	H@10 0.486343	H@20 0.567624	H@50 0.668084	H@100 0.735000
INFO:kbc-cli.py:Epoch 58/100	Loss 5.5375 ± 0.1528
INFO:kbc-cli.py:Epoch 59/100	Loss 5.5341 ± 0.1384
INFO:kbc-cli.py:Epoch 60/100	Loss 5.5325 ± 0.1461
INFO:kbc-cli.py:Epoch 60/100	dev results	MRR 0.320330	H@1 0.237411	H@3 0.348503	H@5 0.405703	H@10 0.488851	H@20 0.567779	H@50 0.665612	H@100 0.734959
INFO:kbc-cli.py:Epoch 60/100	test results	MRR 0.316981	H@1 0.232630	H@3 0.346111	H@5 0.405404	H@10 0.487418	H@20 0.567771	H@50 0.668010	H@100 0.735000
INFO:kbc-cli.py:Epoch 61/100	Loss 5.5301 ± 0.1428
INFO:kbc-cli.py:Epoch 62/100	Loss 5.5275 ± 0.1442
INFO:kbc-cli.py:Epoch 63/100	Loss 5.5251 ± 0.1380
INFO:kbc-cli.py:Epoch 63/100	dev results	MRR 0.319569	H@1 0.235871	H@3 0.348788	H@5 0.407129	H@10 0.488623	H@20 0.567807	H@50 0.665583	H@100 0.734217
INFO:kbc-cli.py:Epoch 63/100	test results	MRR 0.316686	H@1 0.232092	H@3 0.346135	H@5 0.405624	H@10 0.487003	H@20 0.567307	H@50 0.667888	H@100 0.734609
INFO:kbc-cli.py:Epoch 64/100	Loss 5.5234 ± 0.1506
INFO:kbc-cli.py:Epoch 65/100	Loss 5.5213 ± 0.1424
INFO:kbc-cli.py:Epoch 66/100	Loss 5.5191 ± 0.1404
INFO:kbc-cli.py:Epoch 66/100	dev results	MRR 0.319726	H@1 0.236213	H@3 0.348731	H@5 0.406359	H@10 0.489079	H@20 0.567123	H@50 0.665041	H@100 0.734559
INFO:kbc-cli.py:Epoch 66/100	test results	MRR 0.316968	H@1 0.232508	H@3 0.347015	H@5 0.405306	H@10 0.487516	H@20 0.566745	H@50 0.667839	H@100 0.734853
INFO:kbc-cli.py:Epoch 67/100	Loss 5.5171 ± 0.1406
INFO:kbc-cli.py:Epoch 68/100	Loss 5.5154 ± 0.1412
INFO:kbc-cli.py:Epoch 69/100	Loss 5.5128 ± 0.1477
INFO:kbc-cli.py:Epoch 69/100	dev results	MRR 0.320186	H@1 0.236898	H@3 0.348731	H@5 0.406615	H@10 0.488423	H@20 0.567579	H@50 0.665326	H@100 0.734702
INFO:kbc-cli.py:Epoch 69/100	test results	MRR 0.317104	H@1 0.233021	H@3 0.346184	H@5 0.405771	H@10 0.487345	H@20 0.567258	H@50 0.667937	H@100 0.734682
INFO:kbc-cli.py:Epoch 70/100	Loss 5.5108 ± 0.1364
INFO:kbc-cli.py:Epoch 71/100	Loss 5.5092 ± 0.1417
INFO:kbc-cli.py:Epoch 72/100	Loss 5.5077 ± 0.1422
INFO:kbc-cli.py:Epoch 72/100	dev results	MRR 0.320285	H@1 0.237069	H@3 0.348646	H@5 0.405703	H@10 0.488395	H@20 0.567722	H@50 0.665212	H@100 0.734559
INFO:kbc-cli.py:Epoch 72/100	test results	MRR 0.316956	H@1 0.232556	H@3 0.346746	H@5 0.405282	H@10 0.488224	H@20 0.567600	H@50 0.667717	H@100 0.734242
INFO:kbc-cli.py:Epoch 73/100	Loss 5.5061 ± 0.1454
INFO:kbc-cli.py:Epoch 74/100	Loss 5.5040 ± 0.1413
INFO:kbc-cli.py:Epoch 75/100	Loss 5.5025 ± 0.1446
INFO:kbc-cli.py:Epoch 75/100	dev results	MRR 0.320612	H@1 0.237496	H@3 0.348988	H@5 0.406958	H@10 0.489136	H@20 0.568149	H@50 0.664956	H@100 0.734189
INFO:kbc-cli.py:Epoch 75/100	test results	MRR 0.317236	H@1 0.233094	H@3 0.346477	H@5 0.405893	H@10 0.487174	H@20 0.567185	H@50 0.667986	H@100 0.734682
INFO:kbc-cli.py:Epoch 76/100	Loss 5.5009 ± 0.1398
INFO:kbc-cli.py:Epoch 77/100	Loss 5.4995 ± 0.1410
INFO:kbc-cli.py:Epoch 78/100	Loss 5.4977 ± 0.1416
INFO:kbc-cli.py:Epoch 78/100	dev results	MRR 0.320209	H@1 0.237069	H@3 0.348474	H@5 0.405703	H@10 0.489050	H@20 0.567208	H@50 0.665441	H@100 0.734388
INFO:kbc-cli.py:Epoch 78/100	test results	MRR 0.316989	H@1 0.232532	H@3 0.346697	H@5 0.405868	H@10 0.487858	H@20 0.567331	H@50 0.667839	H@100 0.734633
INFO:kbc-cli.py:Epoch 79/100	Loss 5.4966 ± 0.1363
INFO:kbc-cli.py:Epoch 80/100	Loss 5.4948 ± 0.1398
INFO:kbc-cli.py:Epoch 81/100	Loss 5.4931 ± 0.1361
INFO:kbc-cli.py:Epoch 81/100	dev results	MRR 0.320217	H@1 0.236869	H@3 0.349045	H@5 0.406615	H@10 0.488252	H@20 0.567123	H@50 0.665013	H@100 0.734046
INFO:kbc-cli.py:Epoch 81/100	test results	MRR 0.317030	H@1 0.232727	H@3 0.346746	H@5 0.406210	H@10 0.487296	H@20 0.567600	H@50 0.667155	H@100 0.733851
INFO:kbc-cli.py:Epoch 82/100	Loss 5.4915 ± 0.1380
INFO:kbc-cli.py:Epoch 83/100	Loss 5.4902 ± 0.1357
INFO:kbc-cli.py:Epoch 84/100	Loss 5.4887 ± 0.1294
INFO:kbc-cli.py:Epoch 84/100	dev results	MRR 0.320242	H@1 0.236641	H@3 0.349244	H@5 0.407328	H@10 0.488936	H@20 0.567265	H@50 0.664271	H@100 0.734360
INFO:kbc-cli.py:Epoch 84/100	test results	MRR 0.317223	H@1 0.232874	H@3 0.347357	H@5 0.405868	H@10 0.487101	H@20 0.566794	H@50 0.667522	H@100 0.733973
INFO:kbc-cli.py:Epoch 85/100	Loss 5.4871 ± 0.1329
INFO:kbc-cli.py:Epoch 86/100	Loss 5.4859 ± 0.1340
INFO:kbc-cli.py:Epoch 87/100	Loss 5.4848 ± 0.1319
INFO:kbc-cli.py:Epoch 87/100	dev results	MRR 0.320247	H@1 0.236869	H@3 0.348931	H@5 0.407357	H@10 0.489136	H@20 0.568263	H@50 0.665212	H@100 0.734731
INFO:kbc-cli.py:Epoch 87/100	test results	MRR 0.317621	H@1 0.233265	H@3 0.348212	H@5 0.406039	H@10 0.487956	H@20 0.567600	H@50 0.666984	H@100 0.734657
INFO:kbc-cli.py:Epoch 88/100	Loss 5.4837 ± 0.1359
INFO:kbc-cli.py:Epoch 89/100	Loss 5.4821 ± 0.1360
INFO:kbc-cli.py:Epoch 90/100	Loss 5.4809 ± 0.1321
INFO:kbc-cli.py:Epoch 90/100	dev results	MRR 0.320305	H@1 0.236441	H@3 0.350157	H@5 0.407015	H@10 0.489478	H@20 0.568206	H@50 0.664642	H@100 0.734474
INFO:kbc-cli.py:Epoch 90/100	test results	MRR 0.317079	H@1 0.232361	H@3 0.347699	H@5 0.406308	H@10 0.488249	H@20 0.567478	H@50 0.667326	H@100 0.734193
INFO:kbc-cli.py:Epoch 91/100	Loss 5.4796 ± 0.1317
INFO:kbc-cli.py:Epoch 92/100	Loss 5.4782 ± 0.1335
INFO:kbc-cli.py:Epoch 93/100	Loss 5.4770 ± 0.1362
INFO:kbc-cli.py:Epoch 93/100	dev results	MRR 0.320586	H@1 0.237382	H@3 0.349644	H@5 0.406872	H@10 0.489050	H@20 0.568121	H@50 0.664100	H@100 0.734046
INFO:kbc-cli.py:Epoch 93/100	test results	MRR 0.317297	H@1 0.232996	H@3 0.347210	H@5 0.405331	H@10 0.488078	H@20 0.567111	H@50 0.666716	H@100 0.733754
INFO:kbc-cli.py:Epoch 94/100	Loss 5.4761 ± 0.1227
INFO:kbc-cli.py:Epoch 95/100	Loss 5.4753 ± 0.1377
INFO:kbc-cli.py:Epoch 96/100	Loss 5.4732 ± 0.1341
INFO:kbc-cli.py:Epoch 96/100	dev results	MRR 0.320787	H@1 0.237439	H@3 0.349387	H@5 0.406615	H@10 0.488936	H@20 0.568178	H@50 0.664728	H@100 0.733447
INFO:kbc-cli.py:Epoch 96/100	test results	MRR 0.317542	H@1 0.233412	H@3 0.347845	H@5 0.405477	H@10 0.488395	H@20 0.567527	H@50 0.666618	H@100 0.734144
INFO:kbc-cli.py:Epoch 97/100	Loss 5.4727 ± 0.1302
INFO:kbc-cli.py:Epoch 98/100	Loss 5.4710 ± 0.1284
INFO:kbc-cli.py:Epoch 99/100	Loss 5.4704 ± 0.1283
INFO:kbc-cli.py:Epoch 99/100	dev results	MRR 0.320522	H@1 0.237012	H@3 0.349644	H@5 0.407328	H@10 0.489478	H@20 0.567893	H@50 0.664927	H@100 0.734046
INFO:kbc-cli.py:Epoch 99/100	test results	MRR 0.317573	H@1 0.233167	H@3 0.347430	H@5 0.405942	H@10 0.489153	H@20 0.567453	H@50 0.666373	H@100 0.733925
INFO:kbc-cli.py:Epoch 100/100	Loss 5.4692 ± 0.1310
INFO:kbc-cli.py:Final 	dev results	MRR 0.320319	H@1 0.236498	H@3 0.349615	H@5 0.407214	H@10 0.489564	H@20 0.568235	H@50 0.664528	H@100 0.733790
INFO:kbc-cli.py:Final 	test results	MRR 0.317483	H@1 0.233265	H@3 0.346917	H@5 0.406161	H@10 0.488884	H@20 0.567160	H@50 0.666716	H@100 0.733656
INFO:kbc-cli.py:Training finished
