./bin/kbc-cli.py --train data/fb15k-237/train.tsv --dev data/fb15k-237/dev.tsv --test data/fb15k-237/test.tsv -m complex -k 2000 -b 50 -e 100 --F2 0 --N3 0.01 -l 0.1 -I standard -V 3 -o adagrad -c so -q
{'F2': 0.0,
 'N3': 0.01,
 'batch_size': 50,
 'corruption': 'so',
 'dev': 'data/fb15k-237/dev.tsv',
 'embedding_size': 2000,
 'epochs': 100,
 'eval_batch_size': None,
 'input_type': 'standard',
 'learning_rate': 0.1,
 'load': None,
 'model': 'complex',
 'optimizer': 'adagrad',
 'quiet': True,
 'save': None,
 'seed': 0,
 'test': 'data/fb15k-237/test.tsv',
 'test_i': None,
 'test_ii': None,
 'train': 'data/fb15k-237/train.tsv',
 'validate_every': 3}
INFO:kbc-cli.py:Device: cuda
INFO:kbc-cli.py:Model state:
INFO:kbc-cli.py:	entities.weight	torch.Size([14541, 4000])
INFO:kbc-cli.py:	predicates.weight	torch.Size([237, 4000])
INFO:kbc-cli.py:Epoch 1/100	Loss 13.3735 ± 2.0528
INFO:kbc-cli.py:Epoch 2/100	Loss 9.1879 ± 0.3723
INFO:kbc-cli.py:Epoch 3/100	Loss 8.2800 ± 0.3871
INFO:kbc-cli.py:Epoch 3/100	dev results	MRR 0.332780	H@1 0.243199	H@3 0.364072	H@5 0.427032	H@10 0.512689	H@20 0.597006	H@50 0.697491	H@100 0.767750
INFO:kbc-cli.py:Epoch 3/100	test results	MRR 0.325375	H@1 0.235073	H@3 0.357446	H@5 0.422237	H@10 0.507525	H@20 0.590443	H@50 0.696301	H@100 0.765318
INFO:kbc-cli.py:Epoch 4/100	Loss 7.9048 ± 0.3921
INFO:kbc-cli.py:Epoch 5/100	Loss 7.6821 ± 0.3934
INFO:kbc-cli.py:Epoch 6/100	Loss 7.5283 ± 0.3831
INFO:kbc-cli.py:Epoch 6/100	dev results	MRR 0.344168	H@1 0.251583	H@3 0.379698	H@5 0.443142	H@10 0.527802	H@20 0.613687	H@50 0.710436	H@100 0.780382
INFO:kbc-cli.py:Epoch 6/100	test results	MRR 0.339438	H@1 0.247166	H@3 0.374230	H@5 0.437970	H@10 0.524015	H@20 0.606591	H@50 0.709494	H@100 0.778291
INFO:kbc-cli.py:Epoch 7/100	Loss 7.4136 ± 0.3823
INFO:kbc-cli.py:Epoch 8/100	Loss 7.3219 ± 0.3789
INFO:kbc-cli.py:Epoch 9/100	Loss 7.2477 ± 0.3758
INFO:kbc-cli.py:Epoch 9/100	dev results	MRR 0.348887	H@1 0.257057	H@3 0.382777	H@5 0.448560	H@10 0.533248	H@20 0.618420	H@50 0.714172	H@100 0.781323
INFO:kbc-cli.py:Epoch 9/100	test results	MRR 0.342511	H@1 0.249585	H@3 0.378164	H@5 0.442954	H@10 0.527094	H@20 0.611942	H@50 0.713354	H@100 0.781052
INFO:kbc-cli.py:Epoch 10/100	Loss 7.1842 ± 0.3750
INFO:kbc-cli.py:Epoch 11/100	Loss 7.1297 ± 0.3753
INFO:kbc-cli.py:Epoch 12/100	Loss 7.0827 ± 0.3712
INFO:kbc-cli.py:Epoch 12/100	dev results	MRR 0.350908	H@1 0.258397	H@3 0.385629	H@5 0.451126	H@10 0.536242	H@20 0.620502	H@50 0.716396	H@100 0.783604
INFO:kbc-cli.py:Epoch 12/100	test results	MRR 0.344148	H@1 0.251075	H@3 0.379092	H@5 0.445373	H@10 0.531271	H@20 0.614947	H@50 0.714575	H@100 0.782835
INFO:kbc-cli.py:Epoch 13/100	Loss 7.0409 ± 0.3633
INFO:kbc-cli.py:Epoch 14/100	Loss 7.0041 ± 0.3679
INFO:kbc-cli.py:Epoch 15/100	Loss 6.9701 ± 0.3588
INFO:kbc-cli.py:Epoch 15/100	dev results	MRR 0.352270	H@1 0.260080	H@3 0.385657	H@5 0.452124	H@10 0.537297	H@20 0.621985	H@50 0.717679	H@100 0.784688
INFO:kbc-cli.py:Epoch 15/100	test results	MRR 0.345894	H@1 0.253249	H@3 0.380876	H@5 0.447059	H@10 0.533250	H@20 0.616095	H@50 0.715797	H@100 0.783885
INFO:kbc-cli.py:Epoch 16/100	Loss 6.9396 ± 0.3620
INFO:kbc-cli.py:Epoch 17/100	Loss 6.9122 ± 0.3641
INFO:kbc-cli.py:Epoch 18/100	Loss 6.8864 ± 0.3636
INFO:kbc-cli.py:Epoch 18/100	dev results	MRR 0.354254	H@1 0.262247	H@3 0.387283	H@5 0.453493	H@10 0.540234	H@20 0.622583	H@50 0.718135	H@100 0.785230
INFO:kbc-cli.py:Epoch 18/100	test results	MRR 0.347965	H@1 0.255204	H@3 0.382635	H@5 0.447743	H@10 0.533275	H@20 0.616290	H@50 0.715675	H@100 0.784105
INFO:kbc-cli.py:Epoch 19/100	Loss 6.8628 ± 0.3542
INFO:kbc-cli.py:Epoch 20/100	Loss 6.8417 ± 0.3554
INFO:kbc-cli.py:Epoch 21/100	Loss 6.8213 ± 0.3454
INFO:kbc-cli.py:Epoch 21/100	dev results	MRR 0.354554	H@1 0.262332	H@3 0.389022	H@5 0.453179	H@10 0.540462	H@20 0.623667	H@50 0.719048	H@100 0.786085
INFO:kbc-cli.py:Epoch 21/100	test results	MRR 0.348562	H@1 0.256010	H@3 0.383465	H@5 0.448891	H@10 0.533690	H@20 0.616559	H@50 0.717018	H@100 0.784960
INFO:kbc-cli.py:Epoch 22/100	Loss 6.8026 ± 0.3534
INFO:kbc-cli.py:Epoch 23/100	Loss 6.7845 ± 0.3508
INFO:kbc-cli.py:Epoch 24/100	Loss 6.7685 ± 0.3472
INFO:kbc-cli.py:Epoch 24/100	dev results	MRR 0.355408	H@1 0.263473	H@3 0.389364	H@5 0.454748	H@10 0.540719	H@20 0.623410	H@50 0.719589	H@100 0.785828
INFO:kbc-cli.py:Epoch 24/100	test results	MRR 0.349967	H@1 0.258331	H@3 0.383783	H@5 0.449502	H@10 0.534545	H@20 0.618709	H@50 0.716872	H@100 0.784618
INFO:kbc-cli.py:Epoch 25/100	Loss 6.7523 ± 0.3489
INFO:kbc-cli.py:Epoch 26/100	Loss 6.7375 ± 0.3449
INFO:kbc-cli.py:Epoch 27/100	Loss 6.7235 ± 0.3481
INFO:kbc-cli.py:Epoch 27/100	dev results	MRR 0.356455	H@1 0.264043	H@3 0.390562	H@5 0.456943	H@10 0.543484	H@20 0.626290	H@50 0.719418	H@100 0.787283
INFO:kbc-cli.py:Epoch 27/100	test results	MRR 0.349975	H@1 0.257525	H@3 0.384736	H@5 0.450967	H@10 0.535278	H@20 0.618734	H@50 0.717434	H@100 0.785571
INFO:kbc-cli.py:Epoch 28/100	Loss 6.7108 ± 0.3439
INFO:kbc-cli.py:Epoch 29/100	Loss 6.6981 ± 0.3411
INFO:kbc-cli.py:Epoch 30/100	Loss 6.6863 ± 0.3439
INFO:kbc-cli.py:Epoch 30/100	dev results	MRR 0.356623	H@1 0.264500	H@3 0.390619	H@5 0.456658	H@10 0.542173	H@20 0.625463	H@50 0.720131	H@100 0.787454
INFO:kbc-cli.py:Epoch 30/100	test results	MRR 0.350168	H@1 0.257378	H@3 0.385884	H@5 0.452897	H@10 0.534912	H@20 0.617634	H@50 0.717312	H@100 0.785840
INFO:kbc-cli.py:Epoch 31/100	Loss 6.6750 ± 0.3408
INFO:kbc-cli.py:Epoch 32/100	Loss 6.6644 ± 0.3454
INFO:kbc-cli.py:Epoch 33/100	Loss 6.6537 ± 0.3340
INFO:kbc-cli.py:Epoch 33/100	dev results	MRR 0.357032	H@1 0.264956	H@3 0.391959	H@5 0.455489	H@10 0.542401	H@20 0.625378	H@50 0.720758	H@100 0.788167
INFO:kbc-cli.py:Epoch 33/100	test results	MRR 0.350262	H@1 0.257842	H@3 0.385371	H@5 0.450894	H@10 0.536500	H@20 0.618978	H@50 0.718020	H@100 0.785889
INFO:kbc-cli.py:Epoch 34/100	Loss 6.6439 ± 0.3355
INFO:kbc-cli.py:Epoch 35/100	Loss 6.6346 ± 0.3390
INFO:kbc-cli.py:Epoch 36/100	Loss 6.6253 ± 0.3377
INFO:kbc-cli.py:Epoch 36/100	dev results	MRR 0.356971	H@1 0.265412	H@3 0.391702	H@5 0.456573	H@10 0.543684	H@20 0.625663	H@50 0.720445	H@100 0.787311
INFO:kbc-cli.py:Epoch 36/100	test results	MRR 0.350849	H@1 0.258746	H@3 0.385640	H@5 0.451676	H@10 0.535596	H@20 0.618636	H@50 0.717629	H@100 0.785962
INFO:kbc-cli.py:Epoch 37/100	Loss 6.6169 ± 0.3376
INFO:kbc-cli.py:Epoch 38/100	Loss 6.6084 ± 0.3383
INFO:kbc-cli.py:Epoch 39/100	Loss 6.6003 ± 0.3379
INFO:kbc-cli.py:Epoch 39/100	dev results	MRR 0.356978	H@1 0.264899	H@3 0.391332	H@5 0.457171	H@10 0.542372	H@20 0.625834	H@50 0.720930	H@100 0.787226
INFO:kbc-cli.py:Epoch 39/100	test results	MRR 0.351479	H@1 0.259357	H@3 0.386079	H@5 0.452800	H@10 0.535815	H@20 0.618758	H@50 0.718216	H@100 0.786206
INFO:kbc-cli.py:Epoch 40/100	Loss 6.5923 ± 0.3377
INFO:kbc-cli.py:Epoch 41/100	Loss 6.5851 ± 0.3338
INFO:kbc-cli.py:Epoch 42/100	Loss 6.5778 ± 0.3310
INFO:kbc-cli.py:Epoch 42/100	dev results	MRR 0.357871	H@1 0.266011	H@3 0.392130	H@5 0.456401	H@10 0.543114	H@20 0.626119	H@50 0.721528	H@100 0.787625
INFO:kbc-cli.py:Epoch 42/100	test results	MRR 0.351126	H@1 0.258380	H@3 0.386030	H@5 0.450870	H@10 0.537208	H@20 0.619442	H@50 0.718313	H@100 0.786182
INFO:kbc-cli.py:Epoch 43/100	Loss 6.5708 ± 0.3328
INFO:kbc-cli.py:Epoch 44/100	Loss 6.5642 ± 0.3349
INFO:kbc-cli.py:Epoch 45/100	Loss 6.5578 ± 0.3377
INFO:kbc-cli.py:Epoch 45/100	dev results	MRR 0.357076	H@1 0.265013	H@3 0.392472	H@5 0.457143	H@10 0.542601	H@20 0.624922	H@50 0.720816	H@100 0.787625
INFO:kbc-cli.py:Epoch 45/100	test results	MRR 0.350910	H@1 0.258184	H@3 0.386030	H@5 0.451090	H@10 0.537208	H@20 0.618953	H@50 0.718240	H@100 0.786768
INFO:kbc-cli.py:Epoch 46/100	Loss 6.5511 ± 0.3377
INFO:kbc-cli.py:Epoch 47/100	Loss 6.5453 ± 0.3320
INFO:kbc-cli.py:Epoch 48/100	Loss 6.5394 ± 0.3383
INFO:kbc-cli.py:Epoch 48/100	dev results	MRR 0.357324	H@1 0.265269	H@3 0.391674	H@5 0.456487	H@10 0.542515	H@20 0.625178	H@50 0.721985	H@100 0.788052
INFO:kbc-cli.py:Epoch 48/100	test results	MRR 0.351093	H@1 0.258477	H@3 0.385224	H@5 0.451945	H@10 0.537013	H@20 0.618978	H@50 0.718509	H@100 0.786084
INFO:kbc-cli.py:Epoch 49/100	Loss 6.5336 ± 0.3312
INFO:kbc-cli.py:Epoch 50/100	Loss 6.5282 ± 0.3307
INFO:kbc-cli.py:Epoch 51/100	Loss 6.5225 ± 0.3331
INFO:kbc-cli.py:Epoch 51/100	dev results	MRR 0.357591	H@1 0.265726	H@3 0.391531	H@5 0.457114	H@10 0.542686	H@20 0.625406	H@50 0.721243	H@100 0.788993
INFO:kbc-cli.py:Epoch 51/100	test results	MRR 0.351157	H@1 0.258697	H@3 0.386568	H@5 0.452213	H@10 0.535742	H@20 0.618123	H@50 0.718387	H@100 0.787086
INFO:kbc-cli.py:Epoch 52/100	Loss 6.5176 ± 0.3339
INFO:kbc-cli.py:Epoch 53/100	Loss 6.5122 ± 0.3352
INFO:kbc-cli.py:Epoch 54/100	Loss 6.5073 ± 0.3359
INFO:kbc-cli.py:Epoch 54/100	dev results	MRR 0.358042	H@1 0.265897	H@3 0.392814	H@5 0.457171	H@10 0.544254	H@20 0.625749	H@50 0.721158	H@100 0.788195
INFO:kbc-cli.py:Epoch 54/100	test results	MRR 0.351447	H@1 0.258917	H@3 0.385908	H@5 0.451578	H@10 0.535987	H@20 0.619295	H@50 0.717776	H@100 0.786353
INFO:kbc-cli.py:Epoch 55/100	Loss 6.5024 ± 0.3275
INFO:kbc-cli.py:Epoch 56/100	Loss 6.4979 ± 0.3303
INFO:kbc-cli.py:Epoch 57/100	Loss 6.4937 ± 0.3326
INFO:kbc-cli.py:Epoch 57/100	dev results	MRR 0.357487	H@1 0.265412	H@3 0.392073	H@5 0.456858	H@10 0.543342	H@20 0.626775	H@50 0.721899	H@100 0.787910
INFO:kbc-cli.py:Epoch 57/100	test results	MRR 0.351459	H@1 0.259137	H@3 0.385859	H@5 0.452311	H@10 0.536915	H@20 0.619271	H@50 0.718093	H@100 0.786768
INFO:kbc-cli.py:Epoch 58/100	Loss 6.4889 ± 0.3295
INFO:kbc-cli.py:Epoch 59/100	Loss 6.4847 ± 0.3243
INFO:kbc-cli.py:Epoch 60/100	Loss 6.4806 ± 0.3268
INFO:kbc-cli.py:Epoch 60/100	dev results	MRR 0.358352	H@1 0.266382	H@3 0.393128	H@5 0.457171	H@10 0.543855	H@20 0.626233	H@50 0.722213	H@100 0.788081
INFO:kbc-cli.py:Epoch 60/100	test results	MRR 0.351567	H@1 0.259162	H@3 0.386421	H@5 0.452751	H@10 0.537428	H@20 0.619149	H@50 0.718533	H@100 0.786231
INFO:kbc-cli.py:Epoch 61/100	Loss 6.4761 ± 0.3278
INFO:kbc-cli.py:Epoch 62/100	Loss 6.4724 ± 0.3300
INFO:kbc-cli.py:Epoch 63/100	Loss 6.4684 ± 0.3253
INFO:kbc-cli.py:Epoch 63/100	dev results	MRR 0.358440	H@1 0.266467	H@3 0.394012	H@5 0.456658	H@10 0.544283	H@20 0.625977	H@50 0.720930	H@100 0.788680
INFO:kbc-cli.py:Epoch 63/100	test results	MRR 0.351519	H@1 0.258820	H@3 0.387154	H@5 0.452458	H@10 0.537477	H@20 0.618587	H@50 0.717703	H@100 0.785962
INFO:kbc-cli.py:Epoch 64/100	Loss 6.4646 ± 0.3305
INFO:kbc-cli.py:Epoch 65/100	Loss 6.4609 ± 0.3286
INFO:kbc-cli.py:Epoch 66/100	Loss 6.4574 ± 0.3266
INFO:kbc-cli.py:Epoch 66/100	dev results	MRR 0.358439	H@1 0.266809	H@3 0.391902	H@5 0.457542	H@10 0.544112	H@20 0.626433	H@50 0.722327	H@100 0.788794
INFO:kbc-cli.py:Epoch 66/100	test results	MRR 0.351749	H@1 0.259455	H@3 0.386079	H@5 0.452726	H@10 0.537526	H@20 0.618758	H@50 0.718484	H@100 0.786158
INFO:kbc-cli.py:Epoch 67/100	Loss 6.4536 ± 0.3263
INFO:kbc-cli.py:Epoch 68/100	Loss 6.4501 ± 0.3314
INFO:kbc-cli.py:Epoch 69/100	Loss 6.4466 ± 0.3330
INFO:kbc-cli.py:Epoch 69/100	dev results	MRR 0.358843	H@1 0.267408	H@3 0.393014	H@5 0.456430	H@10 0.543969	H@20 0.626176	H@50 0.722184	H@100 0.788965
INFO:kbc-cli.py:Epoch 69/100	test results	MRR 0.351561	H@1 0.258991	H@3 0.387057	H@5 0.451994	H@10 0.537721	H@20 0.619076	H@50 0.718533	H@100 0.787257
INFO:kbc-cli.py:Epoch 70/100	Loss 6.4433 ± 0.3235
INFO:kbc-cli.py:Epoch 71/100	Loss 6.4400 ± 0.3298
INFO:kbc-cli.py:Epoch 72/100	Loss 6.4368 ± 0.3243
INFO:kbc-cli.py:Epoch 72/100	dev results	MRR 0.358689	H@1 0.267094	H@3 0.393299	H@5 0.457057	H@10 0.543228	H@20 0.626575	H@50 0.721785	H@100 0.788623
INFO:kbc-cli.py:Epoch 72/100	test results	MRR 0.352029	H@1 0.260090	H@3 0.386324	H@5 0.452140	H@10 0.537697	H@20 0.619027	H@50 0.719242	H@100 0.786402
INFO:kbc-cli.py:Epoch 73/100	Loss 6.4338 ± 0.3277
INFO:kbc-cli.py:Epoch 74/100	Loss 6.4307 ± 0.3321
INFO:kbc-cli.py:Epoch 75/100	Loss 6.4278 ± 0.3317
INFO:kbc-cli.py:Epoch 75/100	dev results	MRR 0.359191	H@1 0.267522	H@3 0.394155	H@5 0.458340	H@10 0.543114	H@20 0.626233	H@50 0.722270	H@100 0.788594
INFO:kbc-cli.py:Epoch 75/100	test results	MRR 0.351768	H@1 0.259259	H@3 0.387057	H@5 0.452702	H@10 0.536719	H@20 0.619027	H@50 0.718484	H@100 0.786573
INFO:kbc-cli.py:Epoch 76/100	Loss 6.4247 ± 0.3283
INFO:kbc-cli.py:Epoch 77/100	Loss 6.4220 ± 0.3285
INFO:kbc-cli.py:Epoch 78/100	Loss 6.4190 ± 0.3277
INFO:kbc-cli.py:Epoch 78/100	dev results	MRR 0.358694	H@1 0.267208	H@3 0.392073	H@5 0.456658	H@10 0.542829	H@20 0.625863	H@50 0.722270	H@100 0.788879
INFO:kbc-cli.py:Epoch 78/100	test results	MRR 0.352010	H@1 0.259748	H@3 0.386910	H@5 0.452702	H@10 0.536426	H@20 0.619198	H@50 0.718826	H@100 0.786182
INFO:kbc-cli.py:Epoch 79/100	Loss 6.4163 ± 0.3271
INFO:kbc-cli.py:Epoch 80/100	Loss 6.4138 ± 0.3265
INFO:kbc-cli.py:Epoch 81/100	Loss 6.4111 ± 0.3241
INFO:kbc-cli.py:Epoch 81/100	dev results	MRR 0.359060	H@1 0.267437	H@3 0.393698	H@5 0.457628	H@10 0.542315	H@20 0.625606	H@50 0.722156	H@100 0.788936
INFO:kbc-cli.py:Epoch 81/100	test results	MRR 0.351947	H@1 0.259943	H@3 0.387032	H@5 0.452433	H@10 0.536304	H@20 0.618367	H@50 0.718924	H@100 0.785620
INFO:kbc-cli.py:Epoch 82/100	Loss 6.4082 ± 0.3248
INFO:kbc-cli.py:Epoch 83/100	Loss 6.4057 ± 0.3262
INFO:kbc-cli.py:Epoch 84/100	Loss 6.4032 ± 0.3281
INFO:kbc-cli.py:Epoch 84/100	dev results	MRR 0.358459	H@1 0.266410	H@3 0.393242	H@5 0.457685	H@10 0.543313	H@20 0.626575	H@50 0.721756	H@100 0.788052
INFO:kbc-cli.py:Epoch 84/100	test results	MRR 0.352500	H@1 0.260823	H@3 0.387228	H@5 0.452946	H@10 0.537355	H@20 0.619100	H@50 0.719413	H@100 0.786133
INFO:kbc-cli.py:Epoch 85/100	Loss 6.4007 ± 0.3254
INFO:kbc-cli.py:Epoch 86/100	Loss 6.3984 ± 0.3239
INFO:kbc-cli.py:Epoch 87/100	Loss 6.3959 ± 0.3185
INFO:kbc-cli.py:Epoch 87/100	dev results	MRR 0.359141	H@1 0.267608	H@3 0.393442	H@5 0.457171	H@10 0.544597	H@20 0.626490	H@50 0.721614	H@100 0.788395
INFO:kbc-cli.py:Epoch 87/100	test results	MRR 0.352172	H@1 0.259626	H@3 0.387399	H@5 0.453459	H@10 0.537868	H@20 0.619100	H@50 0.719364	H@100 0.786622
INFO:kbc-cli.py:Epoch 88/100	Loss 6.3936 ± 0.3227
INFO:kbc-cli.py:Epoch 89/100	Loss 6.3913 ± 0.3273
INFO:kbc-cli.py:Epoch 90/100	Loss 6.3890 ± 0.3193
INFO:kbc-cli.py:Epoch 90/100	dev results	MRR 0.358315	H@1 0.266153	H@3 0.393812	H@5 0.457742	H@10 0.543941	H@20 0.626233	H@50 0.722640	H@100 0.789050
INFO:kbc-cli.py:Epoch 90/100	test results	MRR 0.352392	H@1 0.260065	H@3 0.387912	H@5 0.453557	H@10 0.537599	H@20 0.618782	H@50 0.719535	H@100 0.786988
INFO:kbc-cli.py:Epoch 91/100	Loss 6.3868 ± 0.3213
INFO:kbc-cli.py:Epoch 92/100	Loss 6.3845 ± 0.3222
INFO:kbc-cli.py:Epoch 93/100	Loss 6.3823 ± 0.3286
INFO:kbc-cli.py:Epoch 93/100	dev results	MRR 0.358738	H@1 0.266895	H@3 0.393784	H@5 0.457057	H@10 0.543085	H@20 0.627459	H@50 0.722469	H@100 0.788737
INFO:kbc-cli.py:Epoch 93/100	test results	MRR 0.352722	H@1 0.260847	H@3 0.387447	H@5 0.452751	H@10 0.536622	H@20 0.619247	H@50 0.719510	H@100 0.786133
INFO:kbc-cli.py:Epoch 94/100	Loss 6.3803 ± 0.3161
INFO:kbc-cli.py:Epoch 95/100	Loss 6.3781 ± 0.3212
INFO:kbc-cli.py:Epoch 96/100	Loss 6.3761 ± 0.3237
INFO:kbc-cli.py:Epoch 96/100	dev results	MRR 0.359163	H@1 0.267636	H@3 0.393356	H@5 0.457514	H@10 0.543342	H@20 0.626119	H@50 0.722555	H@100 0.789507
INFO:kbc-cli.py:Epoch 96/100	test results	MRR 0.352454	H@1 0.260481	H@3 0.387496	H@5 0.453582	H@10 0.536426	H@20 0.617756	H@50 0.719315	H@100 0.786377
INFO:kbc-cli.py:Epoch 97/100	Loss 6.3739 ± 0.3253
INFO:kbc-cli.py:Epoch 98/100	Loss 6.3720 ± 0.3182
INFO:kbc-cli.py:Epoch 99/100	Loss 6.3702 ± 0.3215
INFO:kbc-cli.py:Epoch 99/100	dev results	MRR 0.359111	H@1 0.267151	H@3 0.393755	H@5 0.458255	H@10 0.543884	H@20 0.626233	H@50 0.721842	H@100 0.788765
INFO:kbc-cli.py:Epoch 99/100	test results	MRR 0.352491	H@1 0.260505	H@3 0.387374	H@5 0.452653	H@10 0.537232	H@20 0.618269	H@50 0.718802	H@100 0.786011
INFO:kbc-cli.py:Epoch 100/100	Loss 6.3682 ± 0.3168
INFO:kbc-cli.py:Final 	dev results	MRR 0.358476	H@1 0.266125	H@3 0.394155	H@5 0.458626	H@10 0.543912	H@20 0.626661	H@50 0.722241	H@100 0.789279
INFO:kbc-cli.py:Final 	test results	MRR 0.351649	H@1 0.258648	H@3 0.388180	H@5 0.452653	H@10 0.537452	H@20 0.618782	H@50 0.719462	H@100 0.786548
INFO:kbc-cli.py:Training finished
