./bin/kbc-cli.py --train data/fb15k-237/train.tsv --dev data/fb15k-237/dev.tsv --test data/fb15k-237/test.tsv -m complex -k 500 -b 500 -e 100 --F2 0 --N3 0.01 -l 0.1 -I standard -V 3 -o adagrad -c so -q
{'F2': 0.0,
 'N3': 0.01,
 'batch_size': 500,
 'corruption': 'so',
 'dev': 'data/fb15k-237/dev.tsv',
 'embedding_size': 500,
 'epochs': 100,
 'eval_batch_size': None,
 'input_type': 'standard',
 'learning_rate': 0.1,
 'load': None,
 'model': 'complex',
 'optimizer': 'adagrad',
 'quiet': True,
 'save': None,
 'seed': 0,
 'test': 'data/fb15k-237/test.tsv',
 'test_i': None,
 'test_ii': None,
 'train': 'data/fb15k-237/train.tsv',
 'validate_every': 3}
INFO:kbc-cli.py:Device: cuda
INFO:kbc-cli.py:Model state:
INFO:kbc-cli.py:	entities.weight	torch.Size([14541, 1000])
INFO:kbc-cli.py:	predicates.weight	torch.Size([237, 1000])
INFO:kbc-cli.py:Epoch 1/100	Loss 12.4146 ± 1.8413
INFO:kbc-cli.py:Epoch 2/100	Loss 8.6956 ± 0.1499
INFO:kbc-cli.py:Epoch 3/100	Loss 7.8120 ± 0.2406
INFO:kbc-cli.py:Epoch 3/100	dev results	MRR 0.326521	H@1 0.238551	H@3 0.357171	H@5 0.420217	H@10 0.505275	H@20 0.589649	H@50 0.691617	H@100 0.761990
INFO:kbc-cli.py:Epoch 3/100	test results	MRR 0.321696	H@1 0.233583	H@3 0.351656	H@5 0.416227	H@10 0.501222	H@20 0.584579	H@50 0.690096	H@100 0.758697
INFO:kbc-cli.py:Epoch 4/100	Loss 7.4696 ± 0.2498
INFO:kbc-cli.py:Epoch 5/100	Loss 7.2796 ± 0.2520
INFO:kbc-cli.py:Epoch 6/100	Loss 7.1530 ± 0.2399
INFO:kbc-cli.py:Epoch 6/100	dev results	MRR 0.335635	H@1 0.243513	H@3 0.371143	H@5 0.432620	H@10 0.519076	H@20 0.602538	H@50 0.702253	H@100 0.771315
INFO:kbc-cli.py:Epoch 6/100	test results	MRR 0.331606	H@1 0.240643	H@3 0.364507	H@5 0.428955	H@10 0.514536	H@20 0.596697	H@50 0.701163	H@100 0.769325
INFO:kbc-cli.py:Epoch 7/100	Loss 7.0626 ± 0.2332
INFO:kbc-cli.py:Epoch 8/100	Loss 6.9917 ± 0.2284
INFO:kbc-cli.py:Epoch 9/100	Loss 6.9358 ± 0.2264
INFO:kbc-cli.py:Epoch 9/100	dev results	MRR 0.339979	H@1 0.248988	H@3 0.373025	H@5 0.435443	H@10 0.522156	H@20 0.605418	H@50 0.705332	H@100 0.773767
INFO:kbc-cli.py:Epoch 9/100	test results	MRR 0.334601	H@1 0.243453	H@3 0.367805	H@5 0.431887	H@10 0.515636	H@20 0.601363	H@50 0.703704	H@100 0.771597
INFO:kbc-cli.py:Epoch 10/100	Loss 6.8884 ± 0.2183
INFO:kbc-cli.py:Epoch 11/100	Loss 6.8482 ± 0.2200
INFO:kbc-cli.py:Epoch 12/100	Loss 6.8145 ± 0.2214
INFO:kbc-cli.py:Epoch 12/100	dev results	MRR 0.342273	H@1 0.251297	H@3 0.376561	H@5 0.439008	H@10 0.526433	H@20 0.607157	H@50 0.706587	H@100 0.776219
INFO:kbc-cli.py:Epoch 12/100	test results	MRR 0.335853	H@1 0.245138	H@3 0.368343	H@5 0.433646	H@10 0.520155	H@20 0.603538	H@50 0.704974	H@100 0.773185
INFO:kbc-cli.py:Epoch 13/100	Loss 6.7844 ± 0.2069
INFO:kbc-cli.py:Epoch 14/100	Loss 6.7577 ± 0.2141
INFO:kbc-cli.py:Epoch 15/100	Loss 6.7334 ± 0.2047
INFO:kbc-cli.py:Epoch 15/100	dev results	MRR 0.343368	H@1 0.252181	H@3 0.377046	H@5 0.441346	H@10 0.527317	H@20 0.609210	H@50 0.707243	H@100 0.775506
INFO:kbc-cli.py:Epoch 15/100	test results	MRR 0.337026	H@1 0.245993	H@3 0.369051	H@5 0.435894	H@10 0.522452	H@20 0.604881	H@50 0.706293	H@100 0.773160
INFO:kbc-cli.py:Epoch 16/100	Loss 6.7121 ± 0.2011
INFO:kbc-cli.py:Epoch 17/100	Loss 6.6932 ± 0.2006
INFO:kbc-cli.py:Epoch 18/100	Loss 6.6751 ± 0.1998
INFO:kbc-cli.py:Epoch 18/100	dev results	MRR 0.345001	H@1 0.253151	H@3 0.379127	H@5 0.442743	H@10 0.530853	H@20 0.609780	H@50 0.707043	H@100 0.776789
INFO:kbc-cli.py:Epoch 18/100	test results	MRR 0.338233	H@1 0.247068	H@3 0.370322	H@5 0.437286	H@10 0.522574	H@20 0.605614	H@50 0.707393	H@100 0.774015
INFO:kbc-cli.py:Epoch 19/100	Loss 6.6584 ± 0.1908
INFO:kbc-cli.py:Epoch 20/100	Loss 6.6439 ± 0.1900
INFO:kbc-cli.py:Epoch 21/100	Loss 6.6300 ± 0.1805
INFO:kbc-cli.py:Epoch 21/100	dev results	MRR 0.345493	H@1 0.253664	H@3 0.380411	H@5 0.443057	H@10 0.530767	H@20 0.611064	H@50 0.707927	H@100 0.776390
INFO:kbc-cli.py:Epoch 21/100	test results	MRR 0.339041	H@1 0.247117	H@3 0.372789	H@5 0.438166	H@10 0.523551	H@20 0.606225	H@50 0.707173	H@100 0.773527
INFO:kbc-cli.py:Epoch 22/100	Loss 6.6173 ± 0.1848
INFO:kbc-cli.py:Epoch 23/100	Loss 6.6045 ± 0.1853
INFO:kbc-cli.py:Epoch 24/100	Loss 6.5938 ± 0.1818
INFO:kbc-cli.py:Epoch 24/100	dev results	MRR 0.346239	H@1 0.254691	H@3 0.380325	H@5 0.444654	H@10 0.530681	H@20 0.610379	H@50 0.707328	H@100 0.776476
INFO:kbc-cli.py:Epoch 24/100	test results	MRR 0.339873	H@1 0.248607	H@3 0.372374	H@5 0.439094	H@10 0.522843	H@20 0.607813	H@50 0.707344	H@100 0.774993
INFO:kbc-cli.py:Epoch 25/100	Loss 6.5824 ± 0.1818
INFO:kbc-cli.py:Epoch 26/100	Loss 6.5720 ± 0.1795
INFO:kbc-cli.py:Epoch 27/100	Loss 6.5631 ± 0.1770
INFO:kbc-cli.py:Epoch 27/100	dev results	MRR 0.347800	H@1 0.257000	H@3 0.382264	H@5 0.443912	H@10 0.532307	H@20 0.611463	H@50 0.708583	H@100 0.776618
INFO:kbc-cli.py:Epoch 27/100	test results	MRR 0.340999	H@1 0.249878	H@3 0.373278	H@5 0.439705	H@10 0.525799	H@20 0.608033	H@50 0.707955	H@100 0.775310
INFO:kbc-cli.py:Epoch 28/100	Loss 6.5544 ± 0.1742
INFO:kbc-cli.py:Epoch 29/100	Loss 6.5456 ± 0.1704
INFO:kbc-cli.py:Epoch 30/100	Loss 6.5376 ± 0.1709
INFO:kbc-cli.py:Epoch 30/100	dev results	MRR 0.347519	H@1 0.256744	H@3 0.380639	H@5 0.444568	H@10 0.532763	H@20 0.611235	H@50 0.708440	H@100 0.775905
INFO:kbc-cli.py:Epoch 30/100	test results	MRR 0.341114	H@1 0.249756	H@3 0.374035	H@5 0.440047	H@10 0.525506	H@20 0.607544	H@50 0.707808	H@100 0.775408
INFO:kbc-cli.py:Epoch 31/100	Loss 6.5298 ± 0.1675
INFO:kbc-cli.py:Epoch 32/100	Loss 6.5224 ± 0.1720
INFO:kbc-cli.py:Epoch 33/100	Loss 6.5155 ± 0.1626
INFO:kbc-cli.py:Epoch 33/100	dev results	MRR 0.347399	H@1 0.255974	H@3 0.382350	H@5 0.445252	H@10 0.532963	H@20 0.610950	H@50 0.709495	H@100 0.776162
INFO:kbc-cli.py:Epoch 33/100	test results	MRR 0.340369	H@1 0.248217	H@3 0.373669	H@5 0.440951	H@10 0.525726	H@20 0.608473	H@50 0.707466	H@100 0.775481
INFO:kbc-cli.py:Epoch 34/100	Loss 6.5086 ± 0.1628
INFO:kbc-cli.py:Epoch 35/100	Loss 6.5022 ± 0.1690
INFO:kbc-cli.py:Epoch 36/100	Loss 6.4961 ± 0.1562
INFO:kbc-cli.py:Epoch 36/100	dev results	MRR 0.347835	H@1 0.257200	H@3 0.381066	H@5 0.444311	H@10 0.532763	H@20 0.611235	H@50 0.709011	H@100 0.776447
INFO:kbc-cli.py:Epoch 36/100	test results	MRR 0.341687	H@1 0.250220	H@3 0.375501	H@5 0.439998	H@10 0.526092	H@20 0.607862	H@50 0.707979	H@100 0.775823
INFO:kbc-cli.py:Epoch 37/100	Loss 6.4901 ± 0.1578
INFO:kbc-cli.py:Epoch 38/100	Loss 6.4850 ± 0.1665
INFO:kbc-cli.py:Epoch 39/100	Loss 6.4792 ± 0.1556
INFO:kbc-cli.py:Epoch 39/100	dev results	MRR 0.348083	H@1 0.256715	H@3 0.381922	H@5 0.446364	H@10 0.533733	H@20 0.611491	H@50 0.708041	H@100 0.775991
INFO:kbc-cli.py:Epoch 39/100	test results	MRR 0.341602	H@1 0.249536	H@3 0.375281	H@5 0.440878	H@10 0.526092	H@20 0.608399	H@50 0.708004	H@100 0.775310
INFO:kbc-cli.py:Epoch 40/100	Loss 6.4741 ± 0.1605
INFO:kbc-cli.py:Epoch 41/100	Loss 6.4686 ± 0.1588
INFO:kbc-cli.py:Epoch 42/100	Loss 6.4638 ± 0.1544
INFO:kbc-cli.py:Epoch 42/100	dev results	MRR 0.349070	H@1 0.258512	H@3 0.382492	H@5 0.445595	H@10 0.533077	H@20 0.611776	H@50 0.709353	H@100 0.777017
INFO:kbc-cli.py:Epoch 42/100	test results	MRR 0.342572	H@1 0.251368	H@3 0.375892	H@5 0.441635	H@10 0.525506	H@20 0.608375	H@50 0.708272	H@100 0.775286
INFO:kbc-cli.py:Epoch 43/100	Loss 6.4591 ± 0.1548
INFO:kbc-cli.py:Epoch 44/100	Loss 6.4543 ± 0.1551
INFO:kbc-cli.py:Epoch 45/100	Loss 6.4506 ± 0.1584
INFO:kbc-cli.py:Epoch 45/100	dev results	MRR 0.348850	H@1 0.257941	H@3 0.383005	H@5 0.446079	H@10 0.533276	H@20 0.612575	H@50 0.709125	H@100 0.776476
INFO:kbc-cli.py:Epoch 45/100	test results	MRR 0.342571	H@1 0.251441	H@3 0.375037	H@5 0.441439	H@10 0.525579	H@20 0.609034	H@50 0.707026	H@100 0.775506
INFO:kbc-cli.py:Epoch 46/100	Loss 6.4460 ± 0.1559
INFO:kbc-cli.py:Epoch 47/100	Loss 6.4418 ± 0.1550
INFO:kbc-cli.py:Epoch 48/100	Loss 6.4378 ± 0.1576
INFO:kbc-cli.py:Epoch 48/100	dev results	MRR 0.347929	H@1 0.256573	H@3 0.382064	H@5 0.447077	H@10 0.532592	H@20 0.611891	H@50 0.709467	H@100 0.776903
INFO:kbc-cli.py:Epoch 48/100	test results	MRR 0.341603	H@1 0.249682	H@3 0.375476	H@5 0.441439	H@10 0.526605	H@20 0.609108	H@50 0.708565	H@100 0.775237
INFO:kbc-cli.py:Epoch 49/100	Loss 6.4341 ± 0.1530
INFO:kbc-cli.py:Epoch 50/100	Loss 6.4301 ± 0.1420
INFO:kbc-cli.py:Epoch 51/100	Loss 6.4266 ± 0.1458
INFO:kbc-cli.py:Epoch 51/100	dev results	MRR 0.348923	H@1 0.257685	H@3 0.382378	H@5 0.447248	H@10 0.533704	H@20 0.611320	H@50 0.709467	H@100 0.777303
INFO:kbc-cli.py:Epoch 51/100	test results	MRR 0.342445	H@1 0.250904	H@3 0.375623	H@5 0.443052	H@10 0.526849	H@20 0.608790	H@50 0.708639	H@100 0.775799
INFO:kbc-cli.py:Epoch 52/100	Loss 6.4236 ± 0.1587
INFO:kbc-cli.py:Epoch 53/100	Loss 6.4191 ± 0.1544
INFO:kbc-cli.py:Epoch 54/100	Loss 6.4162 ± 0.1602
INFO:kbc-cli.py:Epoch 54/100	dev results	MRR 0.349270	H@1 0.258654	H@3 0.383291	H@5 0.447248	H@10 0.533561	H@20 0.611605	H@50 0.709267	H@100 0.777131
INFO:kbc-cli.py:Epoch 54/100	test results	MRR 0.342002	H@1 0.250269	H@3 0.374841	H@5 0.442319	H@10 0.526068	H@20 0.609377	H@50 0.708907	H@100 0.775994
INFO:kbc-cli.py:Epoch 55/100	Loss 6.4126 ± 0.1425
INFO:kbc-cli.py:Epoch 56/100	Loss 6.4101 ± 0.1503
INFO:kbc-cli.py:Epoch 57/100	Loss 6.4071 ± 0.1475
INFO:kbc-cli.py:Epoch 57/100	dev results	MRR 0.349102	H@1 0.258283	H@3 0.382977	H@5 0.446364	H@10 0.533105	H@20 0.612803	H@50 0.709182	H@100 0.776846
INFO:kbc-cli.py:Epoch 57/100	test results	MRR 0.342966	H@1 0.251564	H@3 0.375941	H@5 0.443150	H@10 0.527680	H@20 0.609377	H@50 0.708468	H@100 0.775432
INFO:kbc-cli.py:Epoch 58/100	Loss 6.4041 ± 0.1525
INFO:kbc-cli.py:Epoch 59/100	Loss 6.4003 ± 0.1385
INFO:kbc-cli.py:Epoch 60/100	Loss 6.3983 ± 0.1464
INFO:kbc-cli.py:Epoch 60/100	dev results	MRR 0.350165	H@1 0.259681	H@3 0.383433	H@5 0.447847	H@10 0.533761	H@20 0.612005	H@50 0.709438	H@100 0.777188
INFO:kbc-cli.py:Epoch 60/100	test results	MRR 0.343240	H@1 0.251783	H@3 0.376820	H@5 0.444225	H@10 0.527436	H@20 0.609034	H@50 0.708761	H@100 0.776019
INFO:kbc-cli.py:Epoch 61/100	Loss 6.3953 ± 0.1427
INFO:kbc-cli.py:Epoch 62/100	Loss 6.3923 ± 0.1441
INFO:kbc-cli.py:Epoch 63/100	Loss 6.3894 ± 0.1384
INFO:kbc-cli.py:Epoch 63/100	dev results	MRR 0.349064	H@1 0.257628	H@3 0.383918	H@5 0.448275	H@10 0.533105	H@20 0.611605	H@50 0.709324	H@100 0.777417
INFO:kbc-cli.py:Epoch 63/100	test results	MRR 0.342951	H@1 0.250977	H@3 0.376551	H@5 0.443247	H@10 0.527045	H@20 0.608644	H@50 0.708419	H@100 0.776214
INFO:kbc-cli.py:Epoch 64/100	Loss 6.3872 ± 0.1503
INFO:kbc-cli.py:Epoch 65/100	Loss 6.3847 ± 0.1424
INFO:kbc-cli.py:Epoch 66/100	Loss 6.3821 ± 0.1406
INFO:kbc-cli.py:Epoch 66/100	dev results	MRR 0.349589	H@1 0.258711	H@3 0.383633	H@5 0.446992	H@10 0.533676	H@20 0.612803	H@50 0.709866	H@100 0.777274
INFO:kbc-cli.py:Epoch 66/100	test results	MRR 0.343144	H@1 0.251637	H@3 0.376331	H@5 0.442637	H@10 0.528486	H@20 0.609328	H@50 0.708394	H@100 0.775970
INFO:kbc-cli.py:Epoch 67/100	Loss 6.3797 ± 0.1397
INFO:kbc-cli.py:Epoch 68/100	Loss 6.3774 ± 0.1411
INFO:kbc-cli.py:Epoch 69/100	Loss 6.3745 ± 0.1474
INFO:kbc-cli.py:Epoch 69/100	dev results	MRR 0.349552	H@1 0.258312	H@3 0.384317	H@5 0.448018	H@10 0.533105	H@20 0.612575	H@50 0.709410	H@100 0.777445
INFO:kbc-cli.py:Epoch 69/100	test results	MRR 0.343312	H@1 0.251588	H@3 0.376307	H@5 0.443223	H@10 0.527656	H@20 0.608888	H@50 0.709030	H@100 0.776190
INFO:kbc-cli.py:Epoch 70/100	Loss 6.3721 ± 0.1365
INFO:kbc-cli.py:Epoch 71/100	Loss 6.3700 ± 0.1414
INFO:kbc-cli.py:Epoch 72/100	Loss 6.3681 ± 0.1420
INFO:kbc-cli.py:Epoch 72/100	dev results	MRR 0.350500	H@1 0.260051	H@3 0.384089	H@5 0.447990	H@10 0.534331	H@20 0.611833	H@50 0.710208	H@100 0.777417
INFO:kbc-cli.py:Epoch 72/100	test results	MRR 0.343476	H@1 0.251612	H@3 0.377455	H@5 0.443296	H@10 0.528340	H@20 0.609645	H@50 0.709152	H@100 0.776849
INFO:kbc-cli.py:Epoch 73/100	Loss 6.3662 ± 0.1454
INFO:kbc-cli.py:Epoch 74/100	Loss 6.3637 ± 0.1417
INFO:kbc-cli.py:Epoch 75/100	Loss 6.3618 ± 0.1448
INFO:kbc-cli.py:Epoch 75/100	dev results	MRR 0.349998	H@1 0.258569	H@3 0.385258	H@5 0.448075	H@10 0.533618	H@20 0.613003	H@50 0.710265	H@100 0.777417
INFO:kbc-cli.py:Epoch 75/100	test results	MRR 0.343552	H@1 0.251735	H@3 0.377529	H@5 0.443712	H@10 0.527851	H@20 0.609157	H@50 0.708810	H@100 0.776312
INFO:kbc-cli.py:Epoch 76/100	Loss 6.3598 ± 0.1399
INFO:kbc-cli.py:Epoch 77/100	Loss 6.3580 ± 0.1407
INFO:kbc-cli.py:Epoch 78/100	Loss 6.3558 ± 0.1414
INFO:kbc-cli.py:Epoch 78/100	dev results	MRR 0.349651	H@1 0.258854	H@3 0.383234	H@5 0.447248	H@10 0.534046	H@20 0.612404	H@50 0.709467	H@100 0.777702
INFO:kbc-cli.py:Epoch 78/100	test results	MRR 0.343180	H@1 0.251441	H@3 0.376502	H@5 0.442783	H@10 0.528364	H@20 0.608888	H@50 0.708785	H@100 0.775872
INFO:kbc-cli.py:Epoch 79/100	Loss 6.3543 ± 0.1373
INFO:kbc-cli.py:Epoch 80/100	Loss 6.3522 ± 0.1384
INFO:kbc-cli.py:Epoch 81/100	Loss 6.3501 ± 0.1359
INFO:kbc-cli.py:Epoch 81/100	dev results	MRR 0.350466	H@1 0.259994	H@3 0.385258	H@5 0.447248	H@10 0.533447	H@20 0.612318	H@50 0.709780	H@100 0.777388
INFO:kbc-cli.py:Epoch 81/100	test results	MRR 0.343633	H@1 0.252370	H@3 0.377309	H@5 0.443027	H@10 0.527827	H@20 0.608595	H@50 0.708468	H@100 0.776263
INFO:kbc-cli.py:Epoch 82/100	Loss 6.3482 ± 0.1381
INFO:kbc-cli.py:Epoch 83/100	Loss 6.3466 ± 0.1352
INFO:kbc-cli.py:Epoch 84/100	Loss 6.3446 ± 0.1291
INFO:kbc-cli.py:Epoch 84/100	dev results	MRR 0.350131	H@1 0.259082	H@3 0.385600	H@5 0.448360	H@10 0.532849	H@20 0.612432	H@50 0.709609	H@100 0.777445
INFO:kbc-cli.py:Epoch 84/100	test results	MRR 0.343629	H@1 0.251686	H@3 0.377773	H@5 0.443247	H@10 0.527411	H@20 0.608619	H@50 0.708639	H@100 0.775945
INFO:kbc-cli.py:Epoch 85/100	Loss 6.3427 ± 0.1330
INFO:kbc-cli.py:Epoch 86/100	Loss 6.3412 ± 0.1338
INFO:kbc-cli.py:Epoch 87/100	Loss 6.3398 ± 0.1321
INFO:kbc-cli.py:Epoch 87/100	dev results	MRR 0.350465	H@1 0.259395	H@3 0.385058	H@5 0.449016	H@10 0.534246	H@20 0.613316	H@50 0.709780	H@100 0.778301
INFO:kbc-cli.py:Epoch 87/100	test results	MRR 0.344060	H@1 0.252345	H@3 0.378408	H@5 0.443589	H@10 0.527729	H@20 0.609865	H@50 0.709298	H@100 0.776483
INFO:kbc-cli.py:Epoch 88/100	Loss 6.3383 ± 0.1355
INFO:kbc-cli.py:Epoch 89/100	Loss 6.3364 ± 0.1357
INFO:kbc-cli.py:Epoch 90/100	Loss 6.3349 ± 0.1319
INFO:kbc-cli.py:Epoch 90/100	dev results	MRR 0.350084	H@1 0.259253	H@3 0.384317	H@5 0.447562	H@10 0.533504	H@20 0.612717	H@50 0.710009	H@100 0.778101
INFO:kbc-cli.py:Epoch 90/100	test results	MRR 0.344171	H@1 0.252516	H@3 0.377846	H@5 0.443687	H@10 0.528462	H@20 0.609694	H@50 0.709665	H@100 0.776630
INFO:kbc-cli.py:Epoch 91/100	Loss 6.3333 ± 0.1316
INFO:kbc-cli.py:Epoch 92/100	Loss 6.3316 ± 0.1338
INFO:kbc-cli.py:Epoch 93/100	Loss 6.3300 ± 0.1365
INFO:kbc-cli.py:Epoch 93/100	dev results	MRR 0.350322	H@1 0.259082	H@3 0.384973	H@5 0.447876	H@10 0.534360	H@20 0.613031	H@50 0.709524	H@100 0.778101
INFO:kbc-cli.py:Epoch 93/100	test results	MRR 0.344196	H@1 0.252394	H@3 0.377602	H@5 0.443541	H@10 0.528218	H@20 0.609816	H@50 0.708810	H@100 0.775994
INFO:kbc-cli.py:Epoch 94/100	Loss 6.3288 ± 0.1227
INFO:kbc-cli.py:Epoch 95/100	Loss 6.3277 ± 0.1368
INFO:kbc-cli.py:Epoch 96/100	Loss 6.3253 ± 0.1341
INFO:kbc-cli.py:Epoch 96/100	dev results	MRR 0.350783	H@1 0.260165	H@3 0.384773	H@5 0.447933	H@10 0.534674	H@20 0.612946	H@50 0.709552	H@100 0.777958
INFO:kbc-cli.py:Epoch 96/100	test results	MRR 0.344064	H@1 0.252565	H@3 0.377773	H@5 0.443516	H@10 0.528608	H@20 0.609352	H@50 0.708932	H@100 0.776336
INFO:kbc-cli.py:Epoch 97/100	Loss 6.3245 ± 0.1304
INFO:kbc-cli.py:Epoch 98/100	Loss 6.3225 ± 0.1279
INFO:kbc-cli.py:Epoch 99/100	Loss 6.3216 ± 0.1283
INFO:kbc-cli.py:Epoch 99/100	dev results	MRR 0.350407	H@1 0.259338	H@3 0.384602	H@5 0.448845	H@10 0.534531	H@20 0.612746	H@50 0.710322	H@100 0.777816
INFO:kbc-cli.py:Epoch 99/100	test results	MRR 0.344023	H@1 0.252443	H@3 0.377138	H@5 0.443369	H@10 0.528779	H@20 0.609450	H@50 0.708712	H@100 0.776459
INFO:kbc-cli.py:Epoch 100/100	Loss 6.3202 ± 0.1309
INFO:kbc-cli.py:Final 	dev results	MRR 0.350768	H@1 0.259994	H@3 0.384460	H@5 0.447990	H@10 0.534160	H@20 0.613630	H@50 0.709837	H@100 0.778728
INFO:kbc-cli.py:Final 	test results	MRR 0.343877	H@1 0.252003	H@3 0.377773	H@5 0.443345	H@10 0.528242	H@20 0.609157	H@50 0.708614	H@100 0.776703
INFO:kbc-cli.py:Training finished
