./bin/kbc-cli.py --train data/fb15k-237/train.tsv --dev data/fb15k-237/dev.tsv --test data/fb15k-237/test.tsv -m complex -k 4000 -b 500 -e 100 --F2 0.001 --N3 0 -l 0.1 -I standard -V 3 -o adagrad -c spo -q
{'F2': 0.001,
 'N3': 0.0,
 'batch_size': 500,
 'corruption': 'spo',
 'dev': 'data/fb15k-237/dev.tsv',
 'embedding_size': 4000,
 'epochs': 100,
 'eval_batch_size': None,
 'input_type': 'standard',
 'learning_rate': 0.1,
 'load': None,
 'model': 'complex',
 'optimizer': 'adagrad',
 'quiet': True,
 'save': None,
 'seed': 0,
 'test': 'data/fb15k-237/test.tsv',
 'test_i': None,
 'test_ii': None,
 'train': 'data/fb15k-237/train.tsv',
 'validate_every': 3}
INFO:kbc-cli.py:Device: cuda
INFO:kbc-cli.py:Model state:
INFO:kbc-cli.py:	entities.weight	torch.Size([14541, 8000])
INFO:kbc-cli.py:	predicates.weight	torch.Size([237, 8000])
INFO:kbc-cli.py:Epoch 1/100	Loss 13.5486 ± 3.0971
INFO:kbc-cli.py:Epoch 2/100	Loss 8.5397 ± 0.1791
INFO:kbc-cli.py:Epoch 3/100	Loss 7.6787 ± 0.2744
INFO:kbc-cli.py:Epoch 3/100	dev results	MRR 0.322821	H@1 0.234902	H@3 0.354149	H@5 0.415455	H@10 0.499059	H@20 0.580325	H@50 0.683604	H@100 0.755033
INFO:kbc-cli.py:Epoch 3/100	test results	MRR 0.315742	H@1 0.228281	H@3 0.344547	H@5 0.407432	H@10 0.493917	H@20 0.576639	H@50 0.683499	H@100 0.754495
INFO:kbc-cli.py:Epoch 4/100	Loss 7.3133 ± 0.2896
INFO:kbc-cli.py:Epoch 5/100	Loss 7.0973 ± 0.2947
INFO:kbc-cli.py:Epoch 6/100	Loss 6.9468 ± 0.2879
INFO:kbc-cli.py:Epoch 6/100	dev results	MRR 0.335329	H@1 0.244397	H@3 0.368378	H@5 0.432877	H@10 0.516082	H@20 0.598945	H@50 0.701796	H@100 0.770003
INFO:kbc-cli.py:Epoch 6/100	test results	MRR 0.330680	H@1 0.240692	H@3 0.362601	H@5 0.427905	H@10 0.511531	H@20 0.598114	H@50 0.701652	H@100 0.769642
INFO:kbc-cli.py:Epoch 7/100	Loss 6.8368 ± 0.2809
INFO:kbc-cli.py:Epoch 8/100	Loss 6.7480 ± 0.2783
INFO:kbc-cli.py:Epoch 9/100	Loss 6.6757 ± 0.2790
INFO:kbc-cli.py:Epoch 9/100	dev results	MRR 0.343017	H@1 0.252153	H@3 0.377331	H@5 0.439407	H@10 0.524323	H@20 0.607414	H@50 0.707699	H@100 0.774109
INFO:kbc-cli.py:Epoch 9/100	test results	MRR 0.338972	H@1 0.248803	H@3 0.371323	H@5 0.433939	H@10 0.519080	H@20 0.605419	H@50 0.705878	H@100 0.773820
INFO:kbc-cli.py:Epoch 10/100	Loss 6.6145 ± 0.2661
INFO:kbc-cli.py:Epoch 11/100	Loss 6.5613 ± 0.2710
INFO:kbc-cli.py:Epoch 12/100	Loss 6.5169 ± 0.2721
INFO:kbc-cli.py:Epoch 12/100	dev results	MRR 0.347964	H@1 0.258198	H@3 0.382150	H@5 0.443912	H@10 0.528058	H@20 0.609296	H@50 0.711520	H@100 0.777844
INFO:kbc-cli.py:Epoch 12/100	test results	MRR 0.341721	H@1 0.251222	H@3 0.374646	H@5 0.440340	H@10 0.522183	H@20 0.607153	H@50 0.710447	H@100 0.776288
INFO:kbc-cli.py:Epoch 13/100	Loss 6.4763 ± 0.2578
INFO:kbc-cli.py:Epoch 14/100	Loss 6.4405 ± 0.2622
INFO:kbc-cli.py:Epoch 15/100	Loss 6.4077 ± 0.2523
INFO:kbc-cli.py:Epoch 15/100	dev results	MRR 0.350303	H@1 0.259994	H@3 0.384574	H@5 0.446022	H@10 0.530539	H@20 0.611919	H@50 0.710950	H@100 0.778015
INFO:kbc-cli.py:Epoch 15/100	test results	MRR 0.344898	H@1 0.254788	H@3 0.377724	H@5 0.442026	H@10 0.527240	H@20 0.608986	H@50 0.711033	H@100 0.777020
INFO:kbc-cli.py:Epoch 16/100	Loss 6.3786 ± 0.2477
INFO:kbc-cli.py:Epoch 17/100	Loss 6.3523 ± 0.2473
INFO:kbc-cli.py:Epoch 18/100	Loss 6.3277 ± 0.2454
INFO:kbc-cli.py:Epoch 18/100	dev results	MRR 0.352863	H@1 0.262133	H@3 0.386940	H@5 0.449558	H@10 0.533020	H@20 0.615398	H@50 0.712119	H@100 0.779983
INFO:kbc-cli.py:Epoch 18/100	test results	MRR 0.345942	H@1 0.255106	H@3 0.379434	H@5 0.444151	H@10 0.527143	H@20 0.611917	H@50 0.711546	H@100 0.778266
INFO:kbc-cli.py:Epoch 19/100	Loss 6.3053 ± 0.2361
INFO:kbc-cli.py:Epoch 20/100	Loss 6.2849 ± 0.2350
INFO:kbc-cli.py:Epoch 21/100	Loss 6.2655 ± 0.2236
INFO:kbc-cli.py:Epoch 21/100	dev results	MRR 0.352567	H@1 0.262361	H@3 0.385800	H@5 0.448047	H@10 0.534331	H@20 0.616225	H@50 0.713487	H@100 0.780867
INFO:kbc-cli.py:Epoch 21/100	test results	MRR 0.347111	H@1 0.256328	H@3 0.381511	H@5 0.443541	H@10 0.529170	H@20 0.611844	H@50 0.711717	H@100 0.779219
INFO:kbc-cli.py:Epoch 22/100	Loss 6.2481 ± 0.2269
INFO:kbc-cli.py:Epoch 23/100	Loss 6.2306 ± 0.2291
INFO:kbc-cli.py:Epoch 24/100	Loss 6.2155 ± 0.2220
INFO:kbc-cli.py:Epoch 24/100	dev results	MRR 0.354662	H@1 0.264728	H@3 0.388281	H@5 0.450470	H@10 0.534132	H@20 0.616595	H@50 0.713972	H@100 0.780924
INFO:kbc-cli.py:Epoch 24/100	test results	MRR 0.348604	H@1 0.258160	H@3 0.383172	H@5 0.445055	H@10 0.528779	H@20 0.613481	H@50 0.711961	H@100 0.779732
INFO:kbc-cli.py:Epoch 25/100	Loss 6.1996 ± 0.2227
INFO:kbc-cli.py:Epoch 26/100	Loss 6.1854 ± 0.2193
INFO:kbc-cli.py:Epoch 27/100	Loss 6.1726 ± 0.2160
INFO:kbc-cli.py:Epoch 27/100	dev results	MRR 0.354781	H@1 0.263673	H@3 0.389279	H@5 0.453350	H@10 0.536498	H@20 0.616595	H@50 0.715312	H@100 0.781266
INFO:kbc-cli.py:Epoch 27/100	test results	MRR 0.349744	H@1 0.259235	H@3 0.383343	H@5 0.446423	H@10 0.532322	H@20 0.614531	H@50 0.712743	H@100 0.779195
INFO:kbc-cli.py:Epoch 28/100	Loss 6.1605 ± 0.2115
INFO:kbc-cli.py:Epoch 29/100	Loss 6.1484 ± 0.2082
INFO:kbc-cli.py:Epoch 30/100	Loss 6.1371 ± 0.2084
INFO:kbc-cli.py:Epoch 30/100	dev results	MRR 0.354529	H@1 0.263273	H@3 0.389193	H@5 0.451640	H@10 0.537582	H@20 0.617764	H@50 0.713487	H@100 0.781095
INFO:kbc-cli.py:Epoch 30/100	test results	MRR 0.349141	H@1 0.258062	H@3 0.382781	H@5 0.445226	H@10 0.531516	H@20 0.614654	H@50 0.713525	H@100 0.779219
INFO:kbc-cli.py:Epoch 31/100	Loss 6.1262 ± 0.2055
INFO:kbc-cli.py:Epoch 32/100	Loss 6.1157 ± 0.2103
INFO:kbc-cli.py:Epoch 33/100	Loss 6.1061 ± 0.1992
INFO:kbc-cli.py:Epoch 33/100	dev results	MRR 0.355854	H@1 0.265298	H@3 0.390163	H@5 0.452352	H@10 0.536727	H@20 0.617736	H@50 0.713887	H@100 0.781437
INFO:kbc-cli.py:Epoch 33/100	test results	MRR 0.349357	H@1 0.258306	H@3 0.383636	H@5 0.445861	H@10 0.531882	H@20 0.614531	H@50 0.713598	H@100 0.779659
INFO:kbc-cli.py:Epoch 34/100	Loss 6.0964 ± 0.1998
INFO:kbc-cli.py:Epoch 35/100	Loss 6.0877 ± 0.2046
INFO:kbc-cli.py:Epoch 36/100	Loss 6.0790 ± 0.1907
INFO:kbc-cli.py:Epoch 36/100	dev results	MRR 0.355209	H@1 0.264842	H@3 0.389507	H@5 0.451069	H@10 0.537867	H@20 0.618135	H@50 0.714143	H@100 0.782606
INFO:kbc-cli.py:Epoch 36/100	test results	MRR 0.349414	H@1 0.258087	H@3 0.385371	H@5 0.446961	H@10 0.531613	H@20 0.613847	H@50 0.713525	H@100 0.780196
INFO:kbc-cli.py:Epoch 37/100	Loss 6.0707 ± 0.1914
INFO:kbc-cli.py:Epoch 38/100	Loss 6.0632 ± 0.2008
INFO:kbc-cli.py:Epoch 39/100	Loss 6.0553 ± 0.1883
INFO:kbc-cli.py:Epoch 39/100	dev results	MRR 0.356418	H@1 0.266039	H@3 0.391759	H@5 0.452495	H@10 0.535871	H@20 0.618107	H@50 0.714742	H@100 0.782036
INFO:kbc-cli.py:Epoch 39/100	test results	MRR 0.349939	H@1 0.258820	H@3 0.385053	H@5 0.446863	H@10 0.531833	H@20 0.614067	H@50 0.713647	H@100 0.779415
INFO:kbc-cli.py:Epoch 40/100	Loss 6.0480 ± 0.1935
INFO:kbc-cli.py:Epoch 41/100	Loss 6.0404 ± 0.1919
INFO:kbc-cli.py:Epoch 42/100	Loss 6.0337 ± 0.1872
INFO:kbc-cli.py:Epoch 42/100	dev results	MRR 0.357516	H@1 0.267978	H@3 0.390619	H@5 0.452495	H@10 0.539721	H@20 0.618705	H@50 0.715369	H@100 0.782720
INFO:kbc-cli.py:Epoch 42/100	test results	MRR 0.350856	H@1 0.259992	H@3 0.386373	H@5 0.447034	H@10 0.532566	H@20 0.614751	H@50 0.713745	H@100 0.780123
INFO:kbc-cli.py:Epoch 43/100	Loss 6.0269 ± 0.1869
INFO:kbc-cli.py:Epoch 44/100	Loss 6.0205 ± 0.1858
INFO:kbc-cli.py:Epoch 45/100	Loss 6.0150 ± 0.1900
INFO:kbc-cli.py:Epoch 45/100	dev results	MRR 0.356475	H@1 0.265811	H@3 0.391275	H@5 0.451839	H@10 0.538409	H@20 0.617451	H@50 0.714656	H@100 0.782321
INFO:kbc-cli.py:Epoch 45/100	test results	MRR 0.350392	H@1 0.259357	H@3 0.386470	H@5 0.447718	H@10 0.531613	H@20 0.613212	H@50 0.713134	H@100 0.778755
INFO:kbc-cli.py:Epoch 46/100	Loss 6.0084 ± 0.1868
INFO:kbc-cli.py:Epoch 47/100	Loss 6.0027 ± 0.1865
INFO:kbc-cli.py:Epoch 48/100	Loss 5.9971 ± 0.1871
INFO:kbc-cli.py:Epoch 48/100	dev results	MRR 0.356166	H@1 0.265241	H@3 0.390676	H@5 0.453835	H@10 0.537297	H@20 0.618306	H@50 0.714172	H@100 0.781608
INFO:kbc-cli.py:Epoch 48/100	test results	MRR 0.350351	H@1 0.259430	H@3 0.385029	H@5 0.447767	H@10 0.530783	H@20 0.615753	H@50 0.714258	H@100 0.779586
INFO:kbc-cli.py:Epoch 49/100	Loss 5.9918 ± 0.1824
INFO:kbc-cli.py:Epoch 50/100	Loss 5.9864 ± 0.1715
INFO:kbc-cli.py:Epoch 51/100	Loss 5.9815 ± 0.1754
INFO:kbc-cli.py:Epoch 51/100	dev results	MRR 0.356502	H@1 0.265868	H@3 0.391104	H@5 0.453037	H@10 0.538323	H@20 0.619618	H@50 0.715027	H@100 0.781665
INFO:kbc-cli.py:Epoch 51/100	test results	MRR 0.350753	H@1 0.259821	H@3 0.384198	H@5 0.446814	H@10 0.532811	H@20 0.615240	H@50 0.714380	H@100 0.780294
INFO:kbc-cli.py:Epoch 52/100	Loss 5.9769 ± 0.1887
INFO:kbc-cli.py:Epoch 53/100	Loss 5.9708 ± 0.1825
INFO:kbc-cli.py:Epoch 54/100	Loss 5.9670 ± 0.1898
INFO:kbc-cli.py:Epoch 54/100	dev results	MRR 0.357383	H@1 0.267009	H@3 0.391503	H@5 0.453750	H@10 0.539435	H@20 0.618962	H@50 0.715255	H@100 0.782492
INFO:kbc-cli.py:Epoch 54/100	test results	MRR 0.350848	H@1 0.260603	H@3 0.384882	H@5 0.446863	H@10 0.531589	H@20 0.614873	H@50 0.713207	H@100 0.779366
INFO:kbc-cli.py:Epoch 55/100	Loss 5.9618 ± 0.1701
INFO:kbc-cli.py:Epoch 56/100	Loss 5.9580 ± 0.1775
INFO:kbc-cli.py:Epoch 57/100	Loss 5.9540 ± 0.1752
INFO:kbc-cli.py:Epoch 57/100	dev results	MRR 0.356487	H@1 0.266125	H@3 0.390761	H@5 0.453151	H@10 0.538837	H@20 0.618677	H@50 0.715341	H@100 0.781922
INFO:kbc-cli.py:Epoch 57/100	test results	MRR 0.350461	H@1 0.259846	H@3 0.384956	H@5 0.446814	H@10 0.532249	H@20 0.615484	H@50 0.713500	H@100 0.779292
INFO:kbc-cli.py:Epoch 58/100	Loss 5.9498 ± 0.1791
INFO:kbc-cli.py:Epoch 59/100	Loss 5.9448 ± 0.1652
INFO:kbc-cli.py:Epoch 60/100	Loss 5.9416 ± 0.1713
INFO:kbc-cli.py:Epoch 60/100	dev results	MRR 0.357818	H@1 0.267779	H@3 0.391360	H@5 0.453864	H@10 0.539464	H@20 0.618192	H@50 0.714942	H@100 0.781694
INFO:kbc-cli.py:Epoch 60/100	test results	MRR 0.350664	H@1 0.259943	H@3 0.384736	H@5 0.447254	H@10 0.533397	H@20 0.614092	H@50 0.713012	H@100 0.779366
INFO:kbc-cli.py:Epoch 61/100	Loss 5.9378 ± 0.1700
INFO:kbc-cli.py:Epoch 62/100	Loss 5.9335 ± 0.1709
INFO:kbc-cli.py:Epoch 63/100	Loss 5.9297 ± 0.1632
INFO:kbc-cli.py:Epoch 63/100	dev results	MRR 0.357316	H@1 0.267037	H@3 0.391560	H@5 0.454149	H@10 0.539179	H@20 0.618420	H@50 0.714314	H@100 0.782121
INFO:kbc-cli.py:Epoch 63/100	test results	MRR 0.350420	H@1 0.259455	H@3 0.385004	H@5 0.447914	H@10 0.533446	H@20 0.614409	H@50 0.713110	H@100 0.778853
INFO:kbc-cli.py:Epoch 64/100	Loss 5.9263 ± 0.1756
INFO:kbc-cli.py:Epoch 65/100	Loss 5.9228 ± 0.1663
INFO:kbc-cli.py:Epoch 66/100	Loss 5.9194 ± 0.1655
INFO:kbc-cli.py:Epoch 66/100	dev results	MRR 0.356378	H@1 0.265412	H@3 0.391275	H@5 0.453693	H@10 0.539977	H@20 0.618135	H@50 0.715113	H@100 0.781352
INFO:kbc-cli.py:Epoch 66/100	test results	MRR 0.350843	H@1 0.260041	H@3 0.385517	H@5 0.447376	H@10 0.532615	H@20 0.614531	H@50 0.712694	H@100 0.778144
INFO:kbc-cli.py:Epoch 67/100	Loss 5.9159 ± 0.1651
INFO:kbc-cli.py:Epoch 68/100	Loss 5.9129 ± 0.1675
INFO:kbc-cli.py:Epoch 69/100	Loss 5.9090 ± 0.1715
INFO:kbc-cli.py:Epoch 69/100	dev results	MRR 0.357809	H@1 0.267722	H@3 0.392073	H@5 0.454291	H@10 0.538295	H@20 0.617565	H@50 0.714999	H@100 0.781352
INFO:kbc-cli.py:Epoch 69/100	test results	MRR 0.350872	H@1 0.260383	H@3 0.384589	H@5 0.447620	H@10 0.533885	H@20 0.615753	H@50 0.712572	H@100 0.778486
INFO:kbc-cli.py:Epoch 70/100	Loss 5.9057 ± 0.1615
INFO:kbc-cli.py:Epoch 71/100	Loss 5.9028 ± 0.1647
INFO:kbc-cli.py:Epoch 72/100	Loss 5.9000 ± 0.1655
INFO:kbc-cli.py:Epoch 72/100	dev results	MRR 0.357533	H@1 0.267465	H@3 0.391417	H@5 0.454177	H@10 0.538951	H@20 0.618991	H@50 0.714172	H@100 0.781323
INFO:kbc-cli.py:Epoch 72/100	test results	MRR 0.352120	H@1 0.262386	H@3 0.385957	H@5 0.447718	H@10 0.532297	H@20 0.615460	H@50 0.712841	H@100 0.778486
INFO:kbc-cli.py:Epoch 73/100	Loss 5.8972 ± 0.1694
INFO:kbc-cli.py:Epoch 74/100	Loss 5.8939 ± 0.1645
INFO:kbc-cli.py:Epoch 75/100	Loss 5.8913 ± 0.1683
INFO:kbc-cli.py:Epoch 75/100	dev results	MRR 0.358040	H@1 0.268149	H@3 0.391617	H@5 0.454234	H@10 0.539179	H@20 0.617964	H@50 0.714999	H@100 0.781295
INFO:kbc-cli.py:Epoch 75/100	test results	MRR 0.351565	H@1 0.261678	H@3 0.383905	H@5 0.447645	H@10 0.533079	H@20 0.615069	H@50 0.712865	H@100 0.778169
INFO:kbc-cli.py:Epoch 76/100	Loss 5.8886 ± 0.1608
INFO:kbc-cli.py:Epoch 77/100	Loss 5.8860 ± 0.1647
INFO:kbc-cli.py:Epoch 78/100	Loss 5.8830 ± 0.1629
INFO:kbc-cli.py:Epoch 78/100	dev results	MRR 0.356363	H@1 0.265954	H@3 0.390761	H@5 0.452894	H@10 0.539008	H@20 0.617337	H@50 0.714571	H@100 0.781266
INFO:kbc-cli.py:Epoch 78/100	test results	MRR 0.350922	H@1 0.260481	H@3 0.385078	H@5 0.447523	H@10 0.532615	H@20 0.615264	H@50 0.712597	H@100 0.778266
INFO:kbc-cli.py:Epoch 79/100	Loss 5.8809 ± 0.1584
INFO:kbc-cli.py:Epoch 80/100	Loss 5.8781 ± 0.1618
INFO:kbc-cli.py:Epoch 81/100	Loss 5.8754 ± 0.1590
INFO:kbc-cli.py:Epoch 81/100	dev results	MRR 0.357719	H@1 0.267836	H@3 0.390989	H@5 0.452951	H@10 0.538551	H@20 0.618278	H@50 0.714029	H@100 0.781352
INFO:kbc-cli.py:Epoch 81/100	test results	MRR 0.352028	H@1 0.262386	H@3 0.385200	H@5 0.447401	H@10 0.532004	H@20 0.614825	H@50 0.712303	H@100 0.777411
INFO:kbc-cli.py:Epoch 82/100	Loss 5.8728 ± 0.1585
INFO:kbc-cli.py:Epoch 83/100	Loss 5.8704 ± 0.1573
INFO:kbc-cli.py:Epoch 84/100	Loss 5.8679 ± 0.1503
INFO:kbc-cli.py:Epoch 84/100	dev results	MRR 0.356702	H@1 0.266553	H@3 0.389735	H@5 0.453407	H@10 0.537981	H@20 0.617679	H@50 0.713972	H@100 0.781038
INFO:kbc-cli.py:Epoch 84/100	test results	MRR 0.351213	H@1 0.261189	H@3 0.384198	H@5 0.447718	H@10 0.531125	H@20 0.614825	H@50 0.712450	H@100 0.778413
INFO:kbc-cli.py:Epoch 85/100	Loss 5.8655 ± 0.1528
INFO:kbc-cli.py:Epoch 86/100	Loss 5.8633 ± 0.1530
INFO:kbc-cli.py:Epoch 87/100	Loss 5.8613 ± 0.1529
INFO:kbc-cli.py:Epoch 87/100	dev results	MRR 0.357577	H@1 0.267693	H@3 0.391503	H@5 0.453721	H@10 0.538295	H@20 0.618221	H@50 0.714172	H@100 0.780981
INFO:kbc-cli.py:Epoch 87/100	test results	MRR 0.351510	H@1 0.261238	H@3 0.385640	H@5 0.448549	H@10 0.532102	H@20 0.614483	H@50 0.712035	H@100 0.777900
INFO:kbc-cli.py:Epoch 88/100	Loss 5.8591 ± 0.1573
INFO:kbc-cli.py:Epoch 89/100	Loss 5.8566 ± 0.1582
INFO:kbc-cli.py:Epoch 90/100	Loss 5.8544 ± 0.1516
INFO:kbc-cli.py:Epoch 90/100	dev results	MRR 0.356863	H@1 0.266553	H@3 0.390932	H@5 0.452780	H@10 0.539150	H@20 0.618506	H@50 0.714371	H@100 0.781266
INFO:kbc-cli.py:Epoch 90/100	test results	MRR 0.351096	H@1 0.260603	H@3 0.384736	H@5 0.448427	H@10 0.532786	H@20 0.615362	H@50 0.711766	H@100 0.778364
INFO:kbc-cli.py:Epoch 91/100	Loss 5.8523 ± 0.1514
INFO:kbc-cli.py:Epoch 92/100	Loss 5.8502 ± 0.1545
INFO:kbc-cli.py:Epoch 93/100	Loss 5.8480 ± 0.1561
INFO:kbc-cli.py:Epoch 93/100	dev results	MRR 0.356743	H@1 0.266752	H@3 0.390704	H@5 0.452638	H@10 0.538409	H@20 0.617679	H@50 0.713915	H@100 0.781295
INFO:kbc-cli.py:Epoch 93/100	test results	MRR 0.351114	H@1 0.260798	H@3 0.384418	H@5 0.447620	H@10 0.533275	H@20 0.614702	H@50 0.711717	H@100 0.777069
INFO:kbc-cli.py:Epoch 94/100	Loss 5.8464 ± 0.1417
INFO:kbc-cli.py:Epoch 95/100	Loss 5.8447 ± 0.1571
INFO:kbc-cli.py:Epoch 96/100	Loss 5.8418 ± 0.1536
INFO:kbc-cli.py:Epoch 96/100	dev results	MRR 0.357066	H@1 0.267037	H@3 0.390932	H@5 0.453864	H@10 0.538780	H@20 0.618192	H@50 0.713630	H@100 0.781238
INFO:kbc-cli.py:Epoch 96/100	test results	MRR 0.351923	H@1 0.262264	H@3 0.384614	H@5 0.448280	H@10 0.532542	H@20 0.614336	H@50 0.711937	H@100 0.777607
INFO:kbc-cli.py:Epoch 97/100	Loss 5.8406 ± 0.1487
INFO:kbc-cli.py:Epoch 98/100	Loss 5.8380 ± 0.1457
INFO:kbc-cli.py:Epoch 99/100	Loss 5.8367 ± 0.1460
INFO:kbc-cli.py:Epoch 99/100	dev results	MRR 0.356869	H@1 0.266382	H@3 0.391332	H@5 0.453065	H@10 0.539607	H@20 0.617479	H@50 0.713316	H@100 0.780553
INFO:kbc-cli.py:Epoch 99/100	test results	MRR 0.351675	H@1 0.261653	H@3 0.385004	H@5 0.448158	H@10 0.533153	H@20 0.615020	H@50 0.711131	H@100 0.777216
INFO:kbc-cli.py:Epoch 100/100	Loss 5.8347 ± 0.1498
INFO:kbc-cli.py:Final 	dev results	MRR 0.357003	H@1 0.266353	H@3 0.391588	H@5 0.453436	H@10 0.538323	H@20 0.617736	H@50 0.713687	H@100 0.781066
INFO:kbc-cli.py:Final 	test results	MRR 0.351333	H@1 0.261214	H@3 0.384882	H@5 0.448036	H@10 0.532493	H@20 0.614605	H@50 0.711766	H@100 0.777411
INFO:kbc-cli.py:Training finished
