./bin/kbc-cli.py --train data/fb15k-237/train.tsv --dev data/fb15k-237/dev.tsv --test data/fb15k-237/test.tsv -m complex -k 200 -b 50 -e 100 --F2 0.005 --N3 0 -l 0.1 -I standard -V 3 -o adagrad -c so -q
{'F2': 0.005,
 'N3': 0.0,
 'batch_size': 50,
 'corruption': 'so',
 'dev': 'data/fb15k-237/dev.tsv',
 'embedding_size': 200,
 'epochs': 100,
 'eval_batch_size': None,
 'input_type': 'standard',
 'learning_rate': 0.1,
 'load': None,
 'model': 'complex',
 'optimizer': 'adagrad',
 'quiet': True,
 'save': None,
 'seed': 0,
 'test': 'data/fb15k-237/test.tsv',
 'test_i': None,
 'test_ii': None,
 'train': 'data/fb15k-237/train.tsv',
 'validate_every': 3}
INFO:kbc-cli.py:Device: cuda
INFO:kbc-cli.py:Model state:
INFO:kbc-cli.py:	entities.weight	torch.Size([14541, 400])
INFO:kbc-cli.py:	predicates.weight	torch.Size([237, 400])
INFO:kbc-cli.py:Epoch 1/100	Loss 12.5909 ± 1.8955
INFO:kbc-cli.py:Epoch 2/100	Loss 8.8062 ± 0.3775
INFO:kbc-cli.py:Epoch 3/100	Loss 7.7502 ± 0.3798
INFO:kbc-cli.py:Epoch 3/100	dev results	MRR 0.314634	H@1 0.228771	H@3 0.342800	H@5 0.404192	H@10 0.488509	H@20 0.570830	H@50 0.674251	H@100 0.742030
INFO:kbc-cli.py:Epoch 3/100	test results	MRR 0.306719	H@1 0.219486	H@3 0.335410	H@5 0.400445	H@10 0.484169	H@20 0.567600	H@50 0.670942	H@100 0.742304
INFO:kbc-cli.py:Epoch 4/100	Loss 7.3388 ± 0.3783
INFO:kbc-cli.py:Epoch 5/100	Loss 7.1255 ± 0.3809
INFO:kbc-cli.py:Epoch 6/100	Loss 6.9890 ± 0.3655
INFO:kbc-cli.py:Epoch 6/100	dev results	MRR 0.319304	H@1 0.232421	H@3 0.347448	H@5 0.411035	H@10 0.495894	H@20 0.578871	H@50 0.679926	H@100 0.747591
INFO:kbc-cli.py:Epoch 6/100	test results	MRR 0.313651	H@1 0.225569	H@3 0.343961	H@5 0.407188	H@10 0.490325	H@20 0.574050	H@50 0.677978	H@100 0.747752
INFO:kbc-cli.py:Epoch 7/100	Loss 6.8920 ± 0.3652
INFO:kbc-cli.py:Epoch 8/100	Loss 6.8180 ± 0.3621
INFO:kbc-cli.py:Epoch 9/100	Loss 6.7598 ± 0.3565
INFO:kbc-cli.py:Epoch 9/100	dev results	MRR 0.321478	H@1 0.235101	H@3 0.352124	H@5 0.410778	H@10 0.496122	H@20 0.578301	H@50 0.677958	H@100 0.748760
INFO:kbc-cli.py:Epoch 9/100	test results	MRR 0.314214	H@1 0.226253	H@3 0.344645	H@5 0.408116	H@10 0.491352	H@20 0.574807	H@50 0.676634	H@100 0.747679
INFO:kbc-cli.py:Epoch 10/100	Loss 6.7114 ± 0.3561
INFO:kbc-cli.py:Epoch 11/100	Loss 6.6711 ± 0.3568
INFO:kbc-cli.py:Epoch 12/100	Loss 6.6370 ± 0.3512
INFO:kbc-cli.py:Epoch 12/100	dev results	MRR 0.321208	H@1 0.235101	H@3 0.350585	H@5 0.410436	H@10 0.496977	H@20 0.578244	H@50 0.678842	H@100 0.747847
INFO:kbc-cli.py:Epoch 12/100	test results	MRR 0.313687	H@1 0.225300	H@3 0.345427	H@5 0.407017	H@10 0.490936	H@20 0.575589	H@50 0.677514	H@100 0.747313
INFO:kbc-cli.py:Epoch 13/100	Loss 6.6072 ± 0.3435
INFO:kbc-cli.py:Epoch 14/100	Loss 6.5814 ± 0.3487
INFO:kbc-cli.py:Epoch 15/100	Loss 6.5580 ± 0.3399
INFO:kbc-cli.py:Epoch 15/100	dev results	MRR 0.322448	H@1 0.235900	H@3 0.352324	H@5 0.411833	H@10 0.496236	H@20 0.578301	H@50 0.677873	H@100 0.747077
INFO:kbc-cli.py:Epoch 15/100	test results	MRR 0.313385	H@1 0.224103	H@3 0.345817	H@5 0.407188	H@10 0.491278	H@20 0.575369	H@50 0.676219	H@100 0.746091
INFO:kbc-cli.py:Epoch 16/100	Loss 6.5373 ± 0.3431
INFO:kbc-cli.py:Epoch 17/100	Loss 6.5187 ± 0.3459
INFO:kbc-cli.py:Epoch 18/100	Loss 6.5015 ± 0.3459
INFO:kbc-cli.py:Epoch 18/100	dev results	MRR 0.323500	H@1 0.238067	H@3 0.351953	H@5 0.412404	H@10 0.497234	H@20 0.577616	H@50 0.676960	H@100 0.746250
INFO:kbc-cli.py:Epoch 18/100	test results	MRR 0.315467	H@1 0.227328	H@3 0.346770	H@5 0.409289	H@10 0.492304	H@20 0.575589	H@50 0.675511	H@100 0.745822
INFO:kbc-cli.py:Epoch 19/100	Loss 6.4861 ± 0.3369
INFO:kbc-cli.py:Epoch 20/100	Loss 6.4720 ± 0.3390
INFO:kbc-cli.py:Epoch 21/100	Loss 6.4586 ± 0.3298
INFO:kbc-cli.py:Epoch 21/100	dev results	MRR 0.322769	H@1 0.236812	H@3 0.352324	H@5 0.412518	H@10 0.496208	H@20 0.577816	H@50 0.677246	H@100 0.746051
INFO:kbc-cli.py:Epoch 21/100	test results	MRR 0.315580	H@1 0.227768	H@3 0.347088	H@5 0.409362	H@10 0.491303	H@20 0.575051	H@50 0.675364	H@100 0.744918
INFO:kbc-cli.py:Epoch 22/100	Loss 6.4464 ± 0.3366
INFO:kbc-cli.py:Epoch 23/100	Loss 6.4348 ± 0.3333
INFO:kbc-cli.py:Epoch 24/100	Loss 6.4244 ± 0.3323
INFO:kbc-cli.py:Epoch 24/100	dev results	MRR 0.323309	H@1 0.236812	H@3 0.353379	H@5 0.413430	H@10 0.496835	H@20 0.578643	H@50 0.676761	H@100 0.745823
INFO:kbc-cli.py:Epoch 24/100	test results	MRR 0.315708	H@1 0.227402	H@3 0.347821	H@5 0.409215	H@10 0.492426	H@20 0.575833	H@50 0.675828	H@100 0.744528
INFO:kbc-cli.py:Epoch 25/100	Loss 6.4140 ± 0.3336
INFO:kbc-cli.py:Epoch 26/100	Loss 6.4046 ± 0.3281
INFO:kbc-cli.py:Epoch 27/100	Loss 6.3958 ± 0.3317
INFO:kbc-cli.py:Epoch 27/100	dev results	MRR 0.323973	H@1 0.237953	H@3 0.353864	H@5 0.413516	H@10 0.497690	H@20 0.578358	H@50 0.676447	H@100 0.745195
INFO:kbc-cli.py:Epoch 27/100	test results	MRR 0.316304	H@1 0.228281	H@3 0.348212	H@5 0.409240	H@10 0.492817	H@20 0.575540	H@50 0.675315	H@100 0.744479
INFO:kbc-cli.py:Epoch 28/100	Loss 6.3875 ± 0.3298
INFO:kbc-cli.py:Epoch 29/100	Loss 6.3796 ± 0.3253
INFO:kbc-cli.py:Epoch 30/100	Loss 6.3721 ± 0.3287
INFO:kbc-cli.py:Epoch 30/100	dev results	MRR 0.324090	H@1 0.238067	H@3 0.353664	H@5 0.414371	H@10 0.498147	H@20 0.577816	H@50 0.676447	H@100 0.744482
INFO:kbc-cli.py:Epoch 30/100	test results	MRR 0.316471	H@1 0.228281	H@3 0.349238	H@5 0.410388	H@10 0.493037	H@20 0.575247	H@50 0.675193	H@100 0.743941
INFO:kbc-cli.py:Epoch 31/100	Loss 6.3649 ± 0.3253
INFO:kbc-cli.py:Epoch 32/100	Loss 6.3582 ± 0.3305
INFO:kbc-cli.py:Epoch 33/100	Loss 6.3516 ± 0.3194
INFO:kbc-cli.py:Epoch 33/100	dev results	MRR 0.324327	H@1 0.238295	H@3 0.354947	H@5 0.412946	H@10 0.497633	H@20 0.578472	H@50 0.676276	H@100 0.744311
INFO:kbc-cli.py:Epoch 33/100	test results	MRR 0.316948	H@1 0.228941	H@3 0.349702	H@5 0.409655	H@10 0.492940	H@20 0.575002	H@50 0.674924	H@100 0.744088
INFO:kbc-cli.py:Epoch 34/100	Loss 6.3454 ± 0.3210
INFO:kbc-cli.py:Epoch 35/100	Loss 6.3396 ± 0.3244
INFO:kbc-cli.py:Epoch 36/100	Loss 6.3338 ± 0.3242
INFO:kbc-cli.py:Epoch 36/100	dev results	MRR 0.323958	H@1 0.237753	H@3 0.353094	H@5 0.413459	H@10 0.498175	H@20 0.578186	H@50 0.675221	H@100 0.743827
INFO:kbc-cli.py:Epoch 36/100	test results	MRR 0.316676	H@1 0.228574	H@3 0.348505	H@5 0.410583	H@10 0.493795	H@20 0.575002	H@50 0.674436	H@100 0.743550
INFO:kbc-cli.py:Epoch 37/100	Loss 6.3284 ± 0.3246
INFO:kbc-cli.py:Epoch 38/100	Loss 6.3233 ± 0.3230
INFO:kbc-cli.py:Epoch 39/100	Loss 6.3182 ± 0.3250
INFO:kbc-cli.py:Epoch 39/100	dev results	MRR 0.323965	H@1 0.237582	H@3 0.354206	H@5 0.413687	H@10 0.497548	H@20 0.578329	H@50 0.674964	H@100 0.743599
INFO:kbc-cli.py:Epoch 39/100	test results	MRR 0.316742	H@1 0.228696	H@3 0.349360	H@5 0.410119	H@10 0.492597	H@20 0.575467	H@50 0.674656	H@100 0.742915
INFO:kbc-cli.py:Epoch 40/100	Loss 6.3132 ± 0.3236
INFO:kbc-cli.py:Epoch 41/100	Loss 6.3088 ± 0.3195
INFO:kbc-cli.py:Epoch 42/100	Loss 6.3041 ± 0.3179
INFO:kbc-cli.py:Epoch 42/100	dev results	MRR 0.324727	H@1 0.239464	H@3 0.353664	H@5 0.412575	H@10 0.498403	H@20 0.577531	H@50 0.674508	H@100 0.743484
INFO:kbc-cli.py:Epoch 42/100	test results	MRR 0.317154	H@1 0.228745	H@3 0.349384	H@5 0.410217	H@10 0.492842	H@20 0.576322	H@50 0.675291	H@100 0.742817
INFO:kbc-cli.py:Epoch 43/100	Loss 6.2999 ± 0.3194
INFO:kbc-cli.py:Epoch 44/100	Loss 6.2957 ± 0.3223
INFO:kbc-cli.py:Epoch 45/100	Loss 6.2919 ± 0.3236
INFO:kbc-cli.py:Epoch 45/100	dev results	MRR 0.325000	H@1 0.240262	H@3 0.353522	H@5 0.412489	H@10 0.497747	H@20 0.578215	H@50 0.674423	H@100 0.742601
INFO:kbc-cli.py:Epoch 45/100	test results	MRR 0.316628	H@1 0.228110	H@3 0.349555	H@5 0.410486	H@10 0.492695	H@20 0.575564	H@50 0.674020	H@100 0.742109
INFO:kbc-cli.py:Epoch 46/100	Loss 6.2877 ± 0.3256
INFO:kbc-cli.py:Epoch 47/100	Loss 6.2840 ± 0.3186
INFO:kbc-cli.py:Epoch 48/100	Loss 6.2804 ± 0.3242
INFO:kbc-cli.py:Epoch 48/100	dev results	MRR 0.323784	H@1 0.237639	H@3 0.353778	H@5 0.413259	H@10 0.496949	H@20 0.578244	H@50 0.673966	H@100 0.742116
INFO:kbc-cli.py:Epoch 48/100	test results	MRR 0.316771	H@1 0.228354	H@3 0.349482	H@5 0.409313	H@10 0.494039	H@20 0.574954	H@50 0.674436	H@100 0.741889
INFO:kbc-cli.py:Epoch 49/100	Loss 6.2768 ± 0.3180
INFO:kbc-cli.py:Epoch 50/100	Loss 6.2734 ± 0.3192
INFO:kbc-cli.py:Epoch 51/100	Loss 6.2699 ± 0.3210
INFO:kbc-cli.py:Epoch 51/100	dev results	MRR 0.324683	H@1 0.239179	H@3 0.353778	H@5 0.413288	H@10 0.496749	H@20 0.577645	H@50 0.674480	H@100 0.742772
INFO:kbc-cli.py:Epoch 51/100	test results	MRR 0.316977	H@1 0.228648	H@3 0.349604	H@5 0.409948	H@10 0.493282	H@20 0.575271	H@50 0.674827	H@100 0.742426
INFO:kbc-cli.py:Epoch 52/100	Loss 6.2669 ± 0.3196
INFO:kbc-cli.py:Epoch 53/100	Loss 6.2635 ± 0.3224
INFO:kbc-cli.py:Epoch 54/100	Loss 6.2605 ± 0.3222
INFO:kbc-cli.py:Epoch 54/100	dev results	MRR 0.324520	H@1 0.238494	H@3 0.354234	H@5 0.413630	H@10 0.497519	H@20 0.577616	H@50 0.673966	H@100 0.742401
INFO:kbc-cli.py:Epoch 54/100	test results	MRR 0.317151	H@1 0.228867	H@3 0.349873	H@5 0.409899	H@10 0.493159	H@20 0.574685	H@50 0.674216	H@100 0.742426
INFO:kbc-cli.py:Epoch 55/100	Loss 6.2575 ± 0.3150
INFO:kbc-cli.py:Epoch 56/100	Loss 6.2547 ± 0.3175
INFO:kbc-cli.py:Epoch 57/100	Loss 6.2520 ± 0.3207
INFO:kbc-cli.py:Epoch 57/100	dev results	MRR 0.324750	H@1 0.239549	H@3 0.353550	H@5 0.412461	H@10 0.497861	H@20 0.577673	H@50 0.674251	H@100 0.742344
INFO:kbc-cli.py:Epoch 57/100	test results	MRR 0.316805	H@1 0.228354	H@3 0.348993	H@5 0.409606	H@10 0.493379	H@20 0.574685	H@50 0.674118	H@100 0.742182
INFO:kbc-cli.py:Epoch 58/100	Loss 6.2491 ± 0.3169
INFO:kbc-cli.py:Epoch 59/100	Loss 6.2464 ± 0.3133
INFO:kbc-cli.py:Epoch 60/100	Loss 6.2439 ± 0.3142
INFO:kbc-cli.py:Epoch 60/100	dev results	MRR 0.325205	H@1 0.239778	H@3 0.354976	H@5 0.413373	H@10 0.498004	H@20 0.577474	H@50 0.674309	H@100 0.742458
INFO:kbc-cli.py:Epoch 60/100	test results	MRR 0.317163	H@1 0.229038	H@3 0.349946	H@5 0.409875	H@10 0.494259	H@20 0.574612	H@50 0.674167	H@100 0.742109
INFO:kbc-cli.py:Epoch 61/100	Loss 6.2411 ± 0.3162
INFO:kbc-cli.py:Epoch 62/100	Loss 6.2387 ± 0.3177
INFO:kbc-cli.py:Epoch 63/100	Loss 6.2363 ± 0.3137
INFO:kbc-cli.py:Epoch 63/100	dev results	MRR 0.324750	H@1 0.239607	H@3 0.354092	H@5 0.413829	H@10 0.497006	H@20 0.577303	H@50 0.673624	H@100 0.742002
INFO:kbc-cli.py:Epoch 63/100	test results	MRR 0.316901	H@1 0.228354	H@3 0.349751	H@5 0.409875	H@10 0.494601	H@20 0.574758	H@50 0.673923	H@100 0.742133
INFO:kbc-cli.py:Epoch 64/100	Loss 6.2339 ± 0.3183
INFO:kbc-cli.py:Epoch 65/100	Loss 6.2316 ± 0.3173
INFO:kbc-cli.py:Epoch 66/100	Loss 6.2294 ± 0.3158
INFO:kbc-cli.py:Epoch 66/100	dev results	MRR 0.324744	H@1 0.239321	H@3 0.354548	H@5 0.413288	H@10 0.497633	H@20 0.576846	H@50 0.673738	H@100 0.741774
INFO:kbc-cli.py:Epoch 66/100	test results	MRR 0.317182	H@1 0.229038	H@3 0.349409	H@5 0.410046	H@10 0.493721	H@20 0.574489	H@50 0.674094	H@100 0.741865
INFO:kbc-cli.py:Epoch 67/100	Loss 6.2270 ± 0.3147
INFO:kbc-cli.py:Epoch 68/100	Loss 6.2248 ± 0.3200
INFO:kbc-cli.py:Epoch 69/100	Loss 6.2226 ± 0.3210
INFO:kbc-cli.py:Epoch 69/100	dev results	MRR 0.325381	H@1 0.240405	H@3 0.354491	H@5 0.413801	H@10 0.497348	H@20 0.577531	H@50 0.673311	H@100 0.741460
INFO:kbc-cli.py:Epoch 69/100	test results	MRR 0.317575	H@1 0.229820	H@3 0.349531	H@5 0.409728	H@10 0.493330	H@20 0.574636	H@50 0.674020	H@100 0.741865
INFO:kbc-cli.py:Epoch 70/100	Loss 6.2205 ± 0.3129
INFO:kbc-cli.py:Epoch 71/100	Loss 6.2184 ± 0.3187
INFO:kbc-cli.py:Epoch 72/100	Loss 6.2164 ± 0.3125
INFO:kbc-cli.py:Epoch 72/100	dev results	MRR 0.325047	H@1 0.240034	H@3 0.354263	H@5 0.413174	H@10 0.497348	H@20 0.577559	H@50 0.673396	H@100 0.741118
INFO:kbc-cli.py:Epoch 72/100	test results	MRR 0.317645	H@1 0.229600	H@3 0.349702	H@5 0.409191	H@10 0.493966	H@20 0.575198	H@50 0.673654	H@100 0.742158
INFO:kbc-cli.py:Epoch 73/100	Loss 6.2146 ± 0.3155
INFO:kbc-cli.py:Epoch 74/100	Loss 6.2125 ± 0.3207
INFO:kbc-cli.py:Epoch 75/100	Loss 6.2107 ± 0.3199
INFO:kbc-cli.py:Epoch 75/100	dev results	MRR 0.325097	H@1 0.239977	H@3 0.355033	H@5 0.413459	H@10 0.497519	H@20 0.576561	H@50 0.673482	H@100 0.741061
INFO:kbc-cli.py:Epoch 75/100	test results	MRR 0.317163	H@1 0.228892	H@3 0.349531	H@5 0.409631	H@10 0.493966	H@20 0.574905	H@50 0.674216	H@100 0.741865
INFO:kbc-cli.py:Epoch 76/100	Loss 6.2087 ± 0.3172
INFO:kbc-cli.py:Epoch 77/100	Loss 6.2070 ± 0.3169
INFO:kbc-cli.py:Epoch 78/100	Loss 6.2050 ± 0.3170
INFO:kbc-cli.py:Epoch 78/100	dev results	MRR 0.324896	H@1 0.239863	H@3 0.353550	H@5 0.414257	H@10 0.497149	H@20 0.576818	H@50 0.673624	H@100 0.741146
INFO:kbc-cli.py:Epoch 78/100	test results	MRR 0.317250	H@1 0.229112	H@3 0.349384	H@5 0.409679	H@10 0.493526	H@20 0.574514	H@50 0.673410	H@100 0.742451
INFO:kbc-cli.py:Epoch 79/100	Loss 6.2034 ± 0.3171
INFO:kbc-cli.py:Epoch 80/100	Loss 6.2018 ± 0.3156
INFO:kbc-cli.py:Epoch 81/100	Loss 6.2000 ± 0.3135
INFO:kbc-cli.py:Epoch 81/100	dev results	MRR 0.324583	H@1 0.239492	H@3 0.353750	H@5 0.414286	H@10 0.496806	H@20 0.577160	H@50 0.673453	H@100 0.740633
INFO:kbc-cli.py:Epoch 81/100	test results	MRR 0.317407	H@1 0.229136	H@3 0.349238	H@5 0.409899	H@10 0.493672	H@20 0.575198	H@50 0.674020	H@100 0.741474
INFO:kbc-cli.py:Epoch 82/100	Loss 6.1981 ± 0.3143
INFO:kbc-cli.py:Epoch 83/100	Loss 6.1964 ± 0.3150
INFO:kbc-cli.py:Epoch 84/100	Loss 6.1950 ± 0.3183
INFO:kbc-cli.py:Epoch 84/100	dev results	MRR 0.324597	H@1 0.239293	H@3 0.354063	H@5 0.413487	H@10 0.497177	H@20 0.576761	H@50 0.673339	H@100 0.740776
INFO:kbc-cli.py:Epoch 84/100	test results	MRR 0.317527	H@1 0.229551	H@3 0.349922	H@5 0.409899	H@10 0.493795	H@20 0.574318	H@50 0.674118	H@100 0.741718
INFO:kbc-cli.py:Epoch 85/100	Loss 6.1934 ± 0.3150
INFO:kbc-cli.py:Epoch 86/100	Loss 6.1918 ± 0.3137
INFO:kbc-cli.py:Epoch 87/100	Loss 6.1903 ± 0.3073
INFO:kbc-cli.py:Epoch 87/100	dev results	MRR 0.325379	H@1 0.240405	H@3 0.354320	H@5 0.414115	H@10 0.497206	H@20 0.577017	H@50 0.673168	H@100 0.740975
INFO:kbc-cli.py:Epoch 87/100	test results	MRR 0.317777	H@1 0.229918	H@3 0.349922	H@5 0.409557	H@10 0.494039	H@20 0.574416	H@50 0.673556	H@100 0.741791
INFO:kbc-cli.py:Epoch 88/100	Loss 6.1887 ± 0.3119
INFO:kbc-cli.py:Epoch 89/100	Loss 6.1872 ± 0.3162
INFO:kbc-cli.py:Epoch 90/100	Loss 6.1857 ± 0.3092
INFO:kbc-cli.py:Epoch 90/100	dev results	MRR 0.325059	H@1 0.240262	H@3 0.353778	H@5 0.414029	H@10 0.496578	H@20 0.577131	H@50 0.672569	H@100 0.740947
INFO:kbc-cli.py:Epoch 90/100	test results	MRR 0.317399	H@1 0.229380	H@3 0.348774	H@5 0.409777	H@10 0.493184	H@20 0.574465	H@50 0.673385	H@100 0.741962
INFO:kbc-cli.py:Epoch 91/100	Loss 6.1843 ± 0.3122
INFO:kbc-cli.py:Epoch 92/100	Loss 6.1827 ± 0.3116
INFO:kbc-cli.py:Epoch 93/100	Loss 6.1814 ± 0.3178
INFO:kbc-cli.py:Epoch 93/100	dev results	MRR 0.324703	H@1 0.239407	H@3 0.353122	H@5 0.414086	H@10 0.496578	H@20 0.577160	H@50 0.672968	H@100 0.740662
INFO:kbc-cli.py:Epoch 93/100	test results	MRR 0.317604	H@1 0.229527	H@3 0.349482	H@5 0.410608	H@10 0.493111	H@20 0.574074	H@50 0.673410	H@100 0.742011
INFO:kbc-cli.py:Epoch 94/100	Loss 6.1800 ± 0.3064
INFO:kbc-cli.py:Epoch 95/100	Loss 6.1785 ± 0.3105
INFO:kbc-cli.py:Epoch 96/100	Loss 6.1772 ± 0.3136
INFO:kbc-cli.py:Epoch 96/100	dev results	MRR 0.324867	H@1 0.239464	H@3 0.354320	H@5 0.414428	H@10 0.497548	H@20 0.576903	H@50 0.672968	H@100 0.740234
INFO:kbc-cli.py:Epoch 96/100	test results	MRR 0.317530	H@1 0.229503	H@3 0.349042	H@5 0.410217	H@10 0.492940	H@20 0.574001	H@50 0.673141	H@100 0.741352
INFO:kbc-cli.py:Epoch 97/100	Loss 6.1758 ± 0.3159
INFO:kbc-cli.py:Epoch 98/100	Loss 6.1746 ± 0.3089
INFO:kbc-cli.py:Epoch 99/100	Loss 6.1734 ± 0.3119
INFO:kbc-cli.py:Epoch 99/100	dev results	MRR 0.324791	H@1 0.239607	H@3 0.354006	H@5 0.414058	H@10 0.497206	H@20 0.577246	H@50 0.672911	H@100 0.740148
INFO:kbc-cli.py:Epoch 99/100	test results	MRR 0.317351	H@1 0.229136	H@3 0.349409	H@5 0.410168	H@10 0.493355	H@20 0.574367	H@50 0.673483	H@100 0.741376
INFO:kbc-cli.py:Epoch 100/100	Loss 6.1721 ± 0.3063
INFO:kbc-cli.py:Final 	dev results	MRR 0.324899	H@1 0.239749	H@3 0.353750	H@5 0.414656	H@10 0.497063	H@20 0.577474	H@50 0.672854	H@100 0.740376
INFO:kbc-cli.py:Final 	test results	MRR 0.317632	H@1 0.229454	H@3 0.349409	H@5 0.411048	H@10 0.493208	H@20 0.573952	H@50 0.672872	H@100 0.741498
INFO:kbc-cli.py:Training finished
