./bin/kbc-cli.py --train data/fb15k-237/train.tsv --dev data/fb15k-237/dev.tsv --test data/fb15k-237/test.tsv -m complex -k 1000 -b 500 -e 100 --F2 0 --N3 0.05 -l 0.1 -I standard -V 3 -o adagrad -c so -q
{'F2': 0.0,
 'N3': 0.05,
 'batch_size': 500,
 'corruption': 'so',
 'dev': 'data/fb15k-237/dev.tsv',
 'embedding_size': 1000,
 'epochs': 100,
 'eval_batch_size': None,
 'input_type': 'standard',
 'learning_rate': 0.1,
 'load': None,
 'model': 'complex',
 'optimizer': 'adagrad',
 'quiet': True,
 'save': None,
 'seed': 0,
 'test': 'data/fb15k-237/test.tsv',
 'test_i': None,
 'test_ii': None,
 'train': 'data/fb15k-237/train.tsv',
 'validate_every': 3}
INFO:kbc-cli.py:Device: cuda
INFO:kbc-cli.py:Model state:
INFO:kbc-cli.py:	entities.weight	torch.Size([14541, 2000])
INFO:kbc-cli.py:	predicates.weight	torch.Size([237, 2000])
INFO:kbc-cli.py:Epoch 1/100	Loss 14.1331 ± 1.8510
INFO:kbc-cli.py:Epoch 2/100	Loss 11.0573 ± 0.1365
INFO:kbc-cli.py:Epoch 3/100	Loss 10.3248 ± 0.2058
INFO:kbc-cli.py:Epoch 3/100	dev results	MRR 0.339861	H@1 0.248931	H@3 0.372883	H@5 0.436698	H@10 0.521414	H@20 0.607129	H@50 0.709182	H@100 0.779584
INFO:kbc-cli.py:Epoch 3/100	test results	MRR 0.333589	H@1 0.242451	H@3 0.365215	H@5 0.432718	H@10 0.518543	H@20 0.601974	H@50 0.706342	H@100 0.776116
INFO:kbc-cli.py:Epoch 4/100	Loss 10.0014 ± 0.2219
INFO:kbc-cli.py:Epoch 5/100	Loss 9.8149 ± 0.2233
INFO:kbc-cli.py:Epoch 6/100	Loss 9.6886 ± 0.2159
INFO:kbc-cli.py:Epoch 6/100	dev results	MRR 0.351905	H@1 0.257571	H@3 0.386513	H@5 0.452951	H@10 0.541660	H@20 0.625663	H@50 0.724693	H@100 0.792187
INFO:kbc-cli.py:Epoch 6/100	test results	MRR 0.345513	H@1 0.251368	H@3 0.379703	H@5 0.447645	H@10 0.535425	H@20 0.620077	H@50 0.723322	H@100 0.790335
INFO:kbc-cli.py:Epoch 7/100	Loss 9.5966 ± 0.2077
INFO:kbc-cli.py:Epoch 8/100	Loss 9.5246 ± 0.2070
INFO:kbc-cli.py:Epoch 9/100	Loss 9.4673 ± 0.2064
INFO:kbc-cli.py:Epoch 9/100	dev results	MRR 0.356593	H@1 0.263159	H@3 0.390590	H@5 0.456145	H@10 0.545024	H@20 0.629683	H@50 0.728828	H@100 0.794924
INFO:kbc-cli.py:Epoch 9/100	test results	MRR 0.349847	H@1 0.255766	H@3 0.384833	H@5 0.449575	H@10 0.538625	H@20 0.623840	H@50 0.727499	H@100 0.794269
INFO:kbc-cli.py:Epoch 10/100	Loss 9.4192 ± 0.1994
INFO:kbc-cli.py:Epoch 11/100	Loss 9.3779 ± 0.2024
INFO:kbc-cli.py:Epoch 12/100	Loss 9.3433 ± 0.2011
INFO:kbc-cli.py:Epoch 12/100	dev results	MRR 0.357502	H@1 0.262903	H@3 0.393613	H@5 0.459338	H@10 0.546051	H@20 0.631565	H@50 0.732392	H@100 0.797206
INFO:kbc-cli.py:Epoch 12/100	test results	MRR 0.351708	H@1 0.257647	H@3 0.385273	H@5 0.453459	H@10 0.541361	H@20 0.626967	H@50 0.729380	H@100 0.795124
INFO:kbc-cli.py:Epoch 13/100	Loss 9.3127 ± 0.1876
INFO:kbc-cli.py:Epoch 14/100	Loss 9.2857 ± 0.1964
INFO:kbc-cli.py:Epoch 15/100	Loss 9.2611 ± 0.1870
INFO:kbc-cli.py:Epoch 15/100	dev results	MRR 0.359814	H@1 0.264813	H@3 0.395751	H@5 0.461990	H@10 0.548731	H@20 0.634388	H@50 0.730681	H@100 0.799287
INFO:kbc-cli.py:Epoch 15/100	test results	MRR 0.353434	H@1 0.258453	H@3 0.389597	H@5 0.456196	H@10 0.542876	H@20 0.627016	H@50 0.730187	H@100 0.796028
INFO:kbc-cli.py:Epoch 16/100	Loss 9.2392 ± 0.1882
INFO:kbc-cli.py:Epoch 17/100	Loss 9.2204 ± 0.1833
INFO:kbc-cli.py:Epoch 18/100	Loss 9.2018 ± 0.1821
INFO:kbc-cli.py:Epoch 18/100	dev results	MRR 0.361649	H@1 0.267265	H@3 0.397263	H@5 0.461962	H@10 0.551925	H@20 0.634902	H@50 0.733305	H@100 0.799202
INFO:kbc-cli.py:Epoch 18/100	test results	MRR 0.354209	H@1 0.259943	H@3 0.388132	H@5 0.455536	H@10 0.545515	H@20 0.628872	H@50 0.729649	H@100 0.796858
INFO:kbc-cli.py:Epoch 19/100	Loss 9.1851 ± 0.1745
INFO:kbc-cli.py:Epoch 20/100	Loss 9.1705 ± 0.1739
INFO:kbc-cli.py:Epoch 21/100	Loss 9.1565 ± 0.1682
INFO:kbc-cli.py:Epoch 21/100	dev results	MRR 0.361317	H@1 0.267037	H@3 0.397519	H@5 0.462133	H@10 0.551155	H@20 0.635187	H@50 0.734189	H@100 0.798546
INFO:kbc-cli.py:Epoch 21/100	test results	MRR 0.355210	H@1 0.260285	H@3 0.391723	H@5 0.457637	H@10 0.544171	H@20 0.629092	H@50 0.730333	H@100 0.796443
INFO:kbc-cli.py:Epoch 22/100	Loss 9.1436 ± 0.1711
INFO:kbc-cli.py:Epoch 23/100	Loss 9.1306 ± 0.1717
INFO:kbc-cli.py:Epoch 24/100	Loss 9.1199 ± 0.1689
INFO:kbc-cli.py:Epoch 24/100	dev results	MRR 0.361746	H@1 0.267294	H@3 0.397719	H@5 0.463188	H@10 0.551497	H@20 0.635500	H@50 0.734559	H@100 0.799259
INFO:kbc-cli.py:Epoch 24/100	test results	MRR 0.356010	H@1 0.261507	H@3 0.391552	H@5 0.457124	H@10 0.546760	H@20 0.629630	H@50 0.732117	H@100 0.796760
INFO:kbc-cli.py:Epoch 25/100	Loss 9.1084 ± 0.1689
INFO:kbc-cli.py:Epoch 26/100	Loss 9.0982 ± 0.1640
INFO:kbc-cli.py:Epoch 27/100	Loss 9.0892 ± 0.1647
INFO:kbc-cli.py:Epoch 27/100	dev results	MRR 0.362878	H@1 0.268178	H@3 0.398945	H@5 0.465754	H@10 0.553550	H@20 0.636413	H@50 0.734616	H@100 0.799743
INFO:kbc-cli.py:Epoch 27/100	test results	MRR 0.356244	H@1 0.261849	H@3 0.391185	H@5 0.460178	H@10 0.546028	H@20 0.630753	H@50 0.731310	H@100 0.798177
INFO:kbc-cli.py:Epoch 28/100	Loss 9.0803 ± 0.1620
INFO:kbc-cli.py:Epoch 29/100	Loss 9.0716 ± 0.1590
INFO:kbc-cli.py:Epoch 30/100	Loss 9.0634 ± 0.1601
INFO:kbc-cli.py:Epoch 30/100	dev results	MRR 0.361748	H@1 0.266239	H@3 0.400684	H@5 0.464443	H@10 0.552267	H@20 0.635044	H@50 0.734388	H@100 0.800627
INFO:kbc-cli.py:Epoch 30/100	test results	MRR 0.355603	H@1 0.259968	H@3 0.393433	H@5 0.458565	H@10 0.545637	H@20 0.629190	H@50 0.731824	H@100 0.798006
INFO:kbc-cli.py:Epoch 31/100	Loss 9.0557 ± 0.1557
INFO:kbc-cli.py:Epoch 32/100	Loss 9.0482 ± 0.1578
INFO:kbc-cli.py:Epoch 33/100	Loss 9.0412 ± 0.1493
INFO:kbc-cli.py:Epoch 33/100	dev results	MRR 0.362898	H@1 0.268035	H@3 0.398717	H@5 0.464443	H@10 0.552609	H@20 0.635529	H@50 0.735472	H@100 0.800627
INFO:kbc-cli.py:Epoch 33/100	test results	MRR 0.356600	H@1 0.261165	H@3 0.393164	H@5 0.458907	H@10 0.546345	H@20 0.630607	H@50 0.732043	H@100 0.797322
INFO:kbc-cli.py:Epoch 34/100	Loss 9.0345 ± 0.1513
INFO:kbc-cli.py:Epoch 35/100	Loss 9.0281 ± 0.1545
INFO:kbc-cli.py:Epoch 36/100	Loss 9.0218 ± 0.1457
INFO:kbc-cli.py:Epoch 36/100	dev results	MRR 0.362614	H@1 0.267921	H@3 0.398973	H@5 0.465241	H@10 0.552210	H@20 0.637211	H@50 0.733590	H@100 0.800969
INFO:kbc-cli.py:Epoch 36/100	test results	MRR 0.356484	H@1 0.261336	H@3 0.392896	H@5 0.459347	H@10 0.545710	H@20 0.630949	H@50 0.732898	H@100 0.798422
INFO:kbc-cli.py:Epoch 37/100	Loss 9.0159 ± 0.1471
INFO:kbc-cli.py:Epoch 38/100	Loss 9.0105 ± 0.1523
INFO:kbc-cli.py:Epoch 39/100	Loss 9.0050 ± 0.1443
INFO:kbc-cli.py:Epoch 39/100	dev results	MRR 0.362934	H@1 0.268520	H@3 0.398147	H@5 0.464471	H@10 0.553464	H@20 0.636270	H@50 0.733961	H@100 0.800114
INFO:kbc-cli.py:Epoch 39/100	test results	MRR 0.356894	H@1 0.262215	H@3 0.392969	H@5 0.458614	H@10 0.546760	H@20 0.629801	H@50 0.730968	H@100 0.797713
INFO:kbc-cli.py:Epoch 40/100	Loss 8.9999 ± 0.1497
INFO:kbc-cli.py:Epoch 41/100	Loss 8.9942 ± 0.1469
INFO:kbc-cli.py:Epoch 42/100	Loss 8.9896 ± 0.1428
INFO:kbc-cli.py:Epoch 42/100	dev results	MRR 0.363781	H@1 0.269604	H@3 0.399002	H@5 0.464186	H@10 0.553464	H@20 0.637183	H@50 0.735244	H@100 0.800029
INFO:kbc-cli.py:Epoch 42/100	test results	MRR 0.357080	H@1 0.262557	H@3 0.391869	H@5 0.459249	H@10 0.545612	H@20 0.631193	H@50 0.730920	H@100 0.798055
INFO:kbc-cli.py:Epoch 43/100	Loss 8.9850 ± 0.1444
INFO:kbc-cli.py:Epoch 44/100	Loss 8.9800 ± 0.1424
INFO:kbc-cli.py:Epoch 45/100	Loss 8.9763 ± 0.1472
INFO:kbc-cli.py:Epoch 45/100	dev results	MRR 0.363643	H@1 0.269261	H@3 0.399515	H@5 0.465013	H@10 0.553636	H@20 0.636242	H@50 0.734702	H@100 0.801141
INFO:kbc-cli.py:Epoch 45/100	test results	MRR 0.356810	H@1 0.261824	H@3 0.393873	H@5 0.459445	H@10 0.546760	H@20 0.630778	H@50 0.731359	H@100 0.796931
INFO:kbc-cli.py:Epoch 46/100	Loss 8.9717 ± 0.1440
INFO:kbc-cli.py:Epoch 47/100	Loss 8.9673 ± 0.1448
INFO:kbc-cli.py:Epoch 48/100	Loss 8.9634 ± 0.1462
INFO:kbc-cli.py:Epoch 48/100	dev results	MRR 0.362754	H@1 0.267094	H@3 0.400798	H@5 0.464756	H@10 0.554035	H@20 0.636413	H@50 0.734845	H@100 0.800656
INFO:kbc-cli.py:Epoch 48/100	test results	MRR 0.356746	H@1 0.261531	H@3 0.393653	H@5 0.459787	H@10 0.546028	H@20 0.630753	H@50 0.732117	H@100 0.797591
INFO:kbc-cli.py:Epoch 49/100	Loss 8.9597 ± 0.1436
INFO:kbc-cli.py:Epoch 50/100	Loss 8.9557 ± 0.1335
INFO:kbc-cli.py:Epoch 51/100	Loss 8.9522 ± 0.1359
INFO:kbc-cli.py:Epoch 51/100	dev results	MRR 0.363758	H@1 0.268321	H@3 0.400485	H@5 0.465697	H@10 0.554691	H@20 0.636527	H@50 0.735900	H@100 0.800941
INFO:kbc-cli.py:Epoch 51/100	test results	MRR 0.356855	H@1 0.261605	H@3 0.393506	H@5 0.460105	H@10 0.547005	H@20 0.630778	H@50 0.732337	H@100 0.797738
INFO:kbc-cli.py:Epoch 52/100	Loss 8.9491 ± 0.1452
INFO:kbc-cli.py:Epoch 53/100	Loss 8.9447 ± 0.1457
INFO:kbc-cli.py:Epoch 54/100	Loss 8.9416 ± 0.1457
INFO:kbc-cli.py:Epoch 54/100	dev results	MRR 0.363966	H@1 0.269319	H@3 0.400998	H@5 0.465155	H@10 0.553835	H@20 0.636555	H@50 0.734873	H@100 0.800570
INFO:kbc-cli.py:Epoch 54/100	test results	MRR 0.356984	H@1 0.261849	H@3 0.393531	H@5 0.460031	H@10 0.547860	H@20 0.630924	H@50 0.731628	H@100 0.798275
INFO:kbc-cli.py:Epoch 55/100	Loss 8.9383 ± 0.1341
INFO:kbc-cli.py:Epoch 56/100	Loss 8.9357 ± 0.1394
INFO:kbc-cli.py:Epoch 57/100	Loss 8.9326 ± 0.1358
INFO:kbc-cli.py:Epoch 57/100	dev results	MRR 0.363103	H@1 0.268007	H@3 0.398973	H@5 0.464870	H@10 0.554634	H@20 0.637040	H@50 0.735187	H@100 0.800086
INFO:kbc-cli.py:Epoch 57/100	test results	MRR 0.357391	H@1 0.262215	H@3 0.393531	H@5 0.459934	H@10 0.547176	H@20 0.630460	H@50 0.731946	H@100 0.797176
INFO:kbc-cli.py:Epoch 58/100	Loss 8.9294 ± 0.1424
INFO:kbc-cli.py:Epoch 59/100	Loss 8.9259 ± 0.1294
INFO:kbc-cli.py:Epoch 60/100	Loss 8.9237 ± 0.1373
INFO:kbc-cli.py:Epoch 60/100	dev results	MRR 0.364634	H@1 0.270231	H@3 0.401568	H@5 0.465298	H@10 0.554092	H@20 0.636641	H@50 0.734217	H@100 0.800656
INFO:kbc-cli.py:Epoch 60/100	test results	MRR 0.357720	H@1 0.263022	H@3 0.393555	H@5 0.460495	H@10 0.546247	H@20 0.630143	H@50 0.732043	H@100 0.797054
INFO:kbc-cli.py:Epoch 61/100	Loss 8.9208 ± 0.1321
INFO:kbc-cli.py:Epoch 62/100	Loss 8.9178 ± 0.1346
INFO:kbc-cli.py:Epoch 63/100	Loss 8.9149 ± 0.1313
INFO:kbc-cli.py:Epoch 63/100	dev results	MRR 0.363888	H@1 0.268663	H@3 0.401682	H@5 0.466524	H@10 0.555717	H@20 0.636470	H@50 0.733847	H@100 0.800770
INFO:kbc-cli.py:Epoch 63/100	test results	MRR 0.357363	H@1 0.261605	H@3 0.394801	H@5 0.461619	H@10 0.547469	H@20 0.629581	H@50 0.732190	H@100 0.797982
INFO:kbc-cli.py:Epoch 64/100	Loss 8.9125 ± 0.1394
INFO:kbc-cli.py:Epoch 65/100	Loss 8.9101 ± 0.1335
INFO:kbc-cli.py:Epoch 66/100	Loss 8.9076 ± 0.1321
INFO:kbc-cli.py:Epoch 66/100	dev results	MRR 0.363750	H@1 0.269062	H@3 0.399829	H@5 0.465583	H@10 0.554748	H@20 0.636584	H@50 0.734303	H@100 0.800656
INFO:kbc-cli.py:Epoch 66/100	test results	MRR 0.357987	H@1 0.263584	H@3 0.393580	H@5 0.460618	H@10 0.547860	H@20 0.630460	H@50 0.732776	H@100 0.797884
INFO:kbc-cli.py:Epoch 67/100	Loss 8.9050 ± 0.1286
INFO:kbc-cli.py:Epoch 68/100	Loss 8.9027 ± 0.1314
INFO:kbc-cli.py:Epoch 69/100	Loss 8.8998 ± 0.1372
INFO:kbc-cli.py:Epoch 69/100	dev results	MRR 0.364333	H@1 0.268919	H@3 0.401996	H@5 0.467237	H@10 0.554776	H@20 0.636128	H@50 0.734417	H@100 0.801055
INFO:kbc-cli.py:Epoch 69/100	test results	MRR 0.357442	H@1 0.261800	H@3 0.394850	H@5 0.461937	H@10 0.547274	H@20 0.631291	H@50 0.731213	H@100 0.798031
INFO:kbc-cli.py:Epoch 70/100	Loss 8.8976 ± 0.1285
INFO:kbc-cli.py:Epoch 71/100	Loss 8.8954 ± 0.1321
INFO:kbc-cli.py:Epoch 72/100	Loss 8.8934 ± 0.1310
INFO:kbc-cli.py:Epoch 72/100	dev results	MRR 0.364290	H@1 0.269718	H@3 0.400713	H@5 0.466210	H@10 0.554833	H@20 0.637240	H@50 0.734873	H@100 0.800257
INFO:kbc-cli.py:Epoch 72/100	test results	MRR 0.357664	H@1 0.262167	H@3 0.395852	H@5 0.461082	H@10 0.548568	H@20 0.630607	H@50 0.731433	H@100 0.797860
INFO:kbc-cli.py:Epoch 73/100	Loss 8.8913 ± 0.1362
INFO:kbc-cli.py:Epoch 74/100	Loss 8.8891 ± 0.1354
INFO:kbc-cli.py:Epoch 75/100	Loss 8.8870 ± 0.1355
INFO:kbc-cli.py:Epoch 75/100	dev results	MRR 0.364602	H@1 0.269946	H@3 0.402053	H@5 0.466638	H@10 0.554947	H@20 0.636641	H@50 0.734645	H@100 0.801483
INFO:kbc-cli.py:Epoch 75/100	test results	MRR 0.357652	H@1 0.261971	H@3 0.395827	H@5 0.461082	H@10 0.546663	H@20 0.630753	H@50 0.731775	H@100 0.798568
INFO:kbc-cli.py:Epoch 76/100	Loss 8.8849 ± 0.1314
INFO:kbc-cli.py:Epoch 77/100	Loss 8.8832 ± 0.1296
INFO:kbc-cli.py:Epoch 78/100	Loss 8.8809 ± 0.1312
INFO:kbc-cli.py:Epoch 78/100	dev results	MRR 0.363668	H@1 0.269062	H@3 0.400399	H@5 0.465441	H@10 0.553322	H@20 0.636441	H@50 0.734132	H@100 0.800656
INFO:kbc-cli.py:Epoch 78/100	test results	MRR 0.357670	H@1 0.262411	H@3 0.394703	H@5 0.460764	H@10 0.546883	H@20 0.629923	H@50 0.731652	H@100 0.797860
INFO:kbc-cli.py:Epoch 79/100	Loss 8.8795 ± 0.1317
INFO:kbc-cli.py:Epoch 80/100	Loss 8.8773 ± 0.1271
INFO:kbc-cli.py:Epoch 81/100	Loss 8.8753 ± 0.1280
INFO:kbc-cli.py:Epoch 81/100	dev results	MRR 0.364394	H@1 0.269889	H@3 0.400941	H@5 0.465583	H@10 0.554805	H@20 0.636441	H@50 0.733647	H@100 0.801141
INFO:kbc-cli.py:Epoch 81/100	test results	MRR 0.357833	H@1 0.262680	H@3 0.395436	H@5 0.460837	H@10 0.546223	H@20 0.629825	H@50 0.731701	H@100 0.797469
INFO:kbc-cli.py:Epoch 82/100	Loss 8.8731 ± 0.1301
INFO:kbc-cli.py:Epoch 83/100	Loss 8.8717 ± 0.1244
INFO:kbc-cli.py:Epoch 84/100	Loss 8.8695 ± 0.1213
INFO:kbc-cli.py:Epoch 84/100	dev results	MRR 0.363726	H@1 0.268606	H@3 0.400713	H@5 0.466610	H@10 0.554348	H@20 0.635928	H@50 0.733989	H@100 0.801198
INFO:kbc-cli.py:Epoch 84/100	test results	MRR 0.358361	H@1 0.263315	H@3 0.395583	H@5 0.462206	H@10 0.547274	H@20 0.630558	H@50 0.731506	H@100 0.798129
INFO:kbc-cli.py:Epoch 85/100	Loss 8.8679 ± 0.1254
INFO:kbc-cli.py:Epoch 86/100	Loss 8.8662 ± 0.1260
INFO:kbc-cli.py:Epoch 87/100	Loss 8.8649 ± 0.1241
INFO:kbc-cli.py:Epoch 87/100	dev results	MRR 0.364599	H@1 0.269604	H@3 0.401198	H@5 0.466781	H@10 0.555546	H@20 0.636670	H@50 0.734246	H@100 0.801226
INFO:kbc-cli.py:Epoch 87/100	test results	MRR 0.358087	H@1 0.262728	H@3 0.396194	H@5 0.461155	H@10 0.548080	H@20 0.630680	H@50 0.731872	H@100 0.797493
INFO:kbc-cli.py:Epoch 88/100	Loss 8.8631 ± 0.1254
INFO:kbc-cli.py:Epoch 89/100	Loss 8.8615 ± 0.1265
INFO:kbc-cli.py:Epoch 90/100	Loss 8.8598 ± 0.1223
INFO:kbc-cli.py:Epoch 90/100	dev results	MRR 0.364144	H@1 0.269319	H@3 0.401682	H@5 0.464414	H@10 0.555403	H@20 0.636584	H@50 0.734445	H@100 0.801198
INFO:kbc-cli.py:Epoch 90/100	test results	MRR 0.358690	H@1 0.263974	H@3 0.395852	H@5 0.460447	H@10 0.547762	H@20 0.631291	H@50 0.731262	H@100 0.797811
INFO:kbc-cli.py:Epoch 91/100	Loss 8.8582 ± 0.1240
INFO:kbc-cli.py:Epoch 92/100	Loss 8.8567 ± 0.1264
INFO:kbc-cli.py:Epoch 93/100	Loss 8.8549 ± 0.1311
INFO:kbc-cli.py:Epoch 93/100	dev results	MRR 0.364090	H@1 0.269261	H@3 0.400827	H@5 0.466210	H@10 0.556230	H@20 0.636755	H@50 0.734360	H@100 0.801340
INFO:kbc-cli.py:Epoch 93/100	test results	MRR 0.358803	H@1 0.263926	H@3 0.396267	H@5 0.461424	H@10 0.547274	H@20 0.631291	H@50 0.732092	H@100 0.797567
INFO:kbc-cli.py:Epoch 94/100	Loss 8.8537 ± 0.1159
INFO:kbc-cli.py:Epoch 95/100	Loss 8.8526 ± 0.1266
INFO:kbc-cli.py:Epoch 96/100	Loss 8.8503 ± 0.1269
INFO:kbc-cli.py:Epoch 96/100	dev results	MRR 0.364134	H@1 0.268862	H@3 0.401910	H@5 0.466952	H@10 0.555546	H@20 0.636242	H@50 0.733333	H@100 0.801312
INFO:kbc-cli.py:Epoch 96/100	test results	MRR 0.358540	H@1 0.263535	H@3 0.395901	H@5 0.461522	H@10 0.548251	H@20 0.630778	H@50 0.731286	H@100 0.797884
INFO:kbc-cli.py:Epoch 97/100	Loss 8.8494 ± 0.1237
INFO:kbc-cli.py:Epoch 98/100	Loss 8.8475 ± 0.1203
INFO:kbc-cli.py:Epoch 99/100	Loss 8.8465 ± 0.1220
INFO:kbc-cli.py:Epoch 99/100	dev results	MRR 0.364765	H@1 0.269889	H@3 0.401483	H@5 0.466809	H@10 0.556002	H@20 0.636584	H@50 0.734075	H@100 0.801568
INFO:kbc-cli.py:Epoch 99/100	test results	MRR 0.358058	H@1 0.262802	H@3 0.396462	H@5 0.461106	H@10 0.547396	H@20 0.631389	H@50 0.731726	H@100 0.797103
INFO:kbc-cli.py:Epoch 100/100	Loss 8.8451 ± 0.1237
INFO:kbc-cli.py:Final 	dev results	MRR 0.364391	H@1 0.269261	H@3 0.400684	H@5 0.466667	H@10 0.555461	H@20 0.637126	H@50 0.734246	H@100 0.801312
INFO:kbc-cli.py:Final 	test results	MRR 0.357996	H@1 0.262386	H@3 0.396194	H@5 0.461912	H@10 0.547762	H@20 0.631193	H@50 0.731310	H@100 0.797909
INFO:kbc-cli.py:Training finished
