./bin/kbc-cli.py --train data/fb15k-237/train.tsv --dev data/fb15k-237/dev.tsv --test data/fb15k-237/test.tsv -m complex -k 200 -b 500 -e 100 --F2 0.005 --N3 0 -l 0.1 -I standard -V 3 -o adagrad -c spo -q
{'F2': 0.005,
 'N3': 0.0,
 'batch_size': 500,
 'corruption': 'spo',
 'dev': 'data/fb15k-237/dev.tsv',
 'embedding_size': 200,
 'epochs': 100,
 'eval_batch_size': None,
 'input_type': 'standard',
 'learning_rate': 0.1,
 'load': None,
 'model': 'complex',
 'optimizer': 'adagrad',
 'quiet': True,
 'save': None,
 'seed': 0,
 'test': 'data/fb15k-237/test.tsv',
 'test_i': None,
 'test_ii': None,
 'train': 'data/fb15k-237/train.tsv',
 'validate_every': 3}
INFO:kbc-cli.py:Device: cuda
INFO:kbc-cli.py:Model state:
INFO:kbc-cli.py:	entities.weight	torch.Size([14541, 400])
INFO:kbc-cli.py:	predicates.weight	torch.Size([237, 400])
INFO:kbc-cli.py:Epoch 1/100	Loss 14.3203 ± 3.3556
INFO:kbc-cli.py:Epoch 2/100	Loss 9.0417 ± 0.1182
INFO:kbc-cli.py:Epoch 3/100	Loss 7.9471 ± 0.2222
INFO:kbc-cli.py:Epoch 3/100	dev results	MRR 0.309912	H@1 0.224494	H@3 0.339607	H@5 0.400485	H@10 0.482150	H@20 0.561506	H@50 0.665070	H@100 0.734930
INFO:kbc-cli.py:Epoch 3/100	test results	MRR 0.303891	H@1 0.218509	H@3 0.332967	H@5 0.392358	H@10 0.477499	H@20 0.559171	H@50 0.661121	H@100 0.732801
INFO:kbc-cli.py:Epoch 4/100	Loss 7.5192 ± 0.2374
INFO:kbc-cli.py:Epoch 5/100	Loss 7.2942 ± 0.2417
INFO:kbc-cli.py:Epoch 6/100	Loss 7.1482 ± 0.2282
INFO:kbc-cli.py:Epoch 6/100	dev results	MRR 0.317509	H@1 0.231508	H@3 0.345794	H@5 0.407328	H@10 0.491474	H@20 0.572398	H@50 0.673767	H@100 0.743484
INFO:kbc-cli.py:Epoch 6/100	test results	MRR 0.313047	H@1 0.226033	H@3 0.342422	H@5 0.404451	H@10 0.488689	H@20 0.569799	H@50 0.670966	H@100 0.740203
INFO:kbc-cli.py:Epoch 7/100	Loss 7.0460 ± 0.2200
INFO:kbc-cli.py:Epoch 8/100	Loss 6.9669 ± 0.2176
INFO:kbc-cli.py:Epoch 9/100	Loss 6.9052 ± 0.2151
INFO:kbc-cli.py:Epoch 9/100	dev results	MRR 0.320577	H@1 0.234474	H@3 0.349558	H@5 0.411149	H@10 0.492244	H@20 0.574508	H@50 0.675563	H@100 0.745195
INFO:kbc-cli.py:Epoch 9/100	test results	MRR 0.315961	H@1 0.229136	H@3 0.345085	H@5 0.407163	H@10 0.489837	H@20 0.570751	H@50 0.672677	H@100 0.742255
INFO:kbc-cli.py:Epoch 10/100	Loss 6.8536 ± 0.2052
INFO:kbc-cli.py:Epoch 11/100	Loss 6.8105 ± 0.2080
INFO:kbc-cli.py:Epoch 12/100	Loss 6.7748 ± 0.2071
INFO:kbc-cli.py:Epoch 12/100	dev results	MRR 0.321351	H@1 0.235329	H@3 0.351925	H@5 0.411149	H@10 0.494383	H@20 0.575135	H@50 0.676162	H@100 0.745252
INFO:kbc-cli.py:Epoch 12/100	test results	MRR 0.316251	H@1 0.229307	H@3 0.346770	H@5 0.407823	H@10 0.491449	H@20 0.572071	H@50 0.673678	H@100 0.742133
INFO:kbc-cli.py:Epoch 13/100	Loss 6.7430 ± 0.1937
INFO:kbc-cli.py:Epoch 14/100	Loss 6.7151 ± 0.2010
INFO:kbc-cli.py:Epoch 15/100	Loss 6.6901 ± 0.1912
INFO:kbc-cli.py:Epoch 15/100	dev results	MRR 0.323276	H@1 0.237297	H@3 0.353835	H@5 0.412917	H@10 0.494240	H@20 0.574907	H@50 0.675962	H@100 0.745709
INFO:kbc-cli.py:Epoch 15/100	test results	MRR 0.317909	H@1 0.231359	H@3 0.348016	H@5 0.408995	H@10 0.492817	H@20 0.572242	H@50 0.673043	H@100 0.741987
INFO:kbc-cli.py:Epoch 16/100	Loss 6.6682 ± 0.1881
INFO:kbc-cli.py:Epoch 17/100	Loss 6.6489 ± 0.1874
INFO:kbc-cli.py:Epoch 18/100	Loss 6.6305 ± 0.1866
INFO:kbc-cli.py:Epoch 18/100	dev results	MRR 0.324260	H@1 0.238837	H@3 0.353522	H@5 0.413487	H@10 0.496578	H@20 0.577074	H@50 0.676076	H@100 0.745595
INFO:kbc-cli.py:Epoch 18/100	test results	MRR 0.318362	H@1 0.232019	H@3 0.348432	H@5 0.409777	H@10 0.492622	H@20 0.571973	H@50 0.673165	H@100 0.742500
INFO:kbc-cli.py:Epoch 19/100	Loss 6.6140 ± 0.1795
INFO:kbc-cli.py:Epoch 20/100	Loss 6.5989 ± 0.1783
INFO:kbc-cli.py:Epoch 21/100	Loss 6.5849 ± 0.1683
INFO:kbc-cli.py:Epoch 21/100	dev results	MRR 0.324920	H@1 0.239407	H@3 0.354748	H@5 0.414856	H@10 0.496863	H@20 0.575506	H@50 0.677673	H@100 0.745252
INFO:kbc-cli.py:Epoch 21/100	test results	MRR 0.318720	H@1 0.232019	H@3 0.349849	H@5 0.410706	H@10 0.492940	H@20 0.572217	H@50 0.673385	H@100 0.741742
INFO:kbc-cli.py:Epoch 22/100	Loss 6.5725 ± 0.1725
INFO:kbc-cli.py:Epoch 23/100	Loss 6.5598 ± 0.1745
INFO:kbc-cli.py:Epoch 24/100	Loss 6.5490 ± 0.1695
INFO:kbc-cli.py:Epoch 24/100	dev results	MRR 0.325144	H@1 0.239492	H@3 0.354947	H@5 0.414542	H@10 0.497405	H@20 0.575677	H@50 0.676076	H@100 0.745309
INFO:kbc-cli.py:Epoch 24/100	test results	MRR 0.319350	H@1 0.232239	H@3 0.351070	H@5 0.411096	H@10 0.494063	H@20 0.572486	H@50 0.672823	H@100 0.741596
INFO:kbc-cli.py:Epoch 25/100	Loss 6.5379 ± 0.1700
INFO:kbc-cli.py:Epoch 26/100	Loss 6.5279 ± 0.1673
INFO:kbc-cli.py:Epoch 27/100	Loss 6.5192 ± 0.1641
INFO:kbc-cli.py:Epoch 27/100	dev results	MRR 0.325728	H@1 0.240063	H@3 0.356487	H@5 0.415483	H@10 0.498432	H@20 0.576362	H@50 0.676818	H@100 0.745423
INFO:kbc-cli.py:Epoch 27/100	test results	MRR 0.320441	H@1 0.234096	H@3 0.351388	H@5 0.411487	H@10 0.493355	H@20 0.572535	H@50 0.672945	H@100 0.741058
INFO:kbc-cli.py:Epoch 28/100	Loss 6.5107 ± 0.1620
INFO:kbc-cli.py:Epoch 29/100	Loss 6.5023 ± 0.1582
INFO:kbc-cli.py:Epoch 30/100	Loss 6.4945 ± 0.1593
INFO:kbc-cli.py:Epoch 30/100	dev results	MRR 0.325709	H@1 0.240205	H@3 0.354605	H@5 0.415683	H@10 0.497719	H@20 0.576447	H@50 0.676647	H@100 0.745053
INFO:kbc-cli.py:Epoch 30/100	test results	MRR 0.320596	H@1 0.234609	H@3 0.350093	H@5 0.412147	H@10 0.494185	H@20 0.572950	H@50 0.673312	H@100 0.740961
INFO:kbc-cli.py:Epoch 31/100	Loss 6.4870 ± 0.1557
INFO:kbc-cli.py:Epoch 32/100	Loss 6.4797 ± 0.1617
INFO:kbc-cli.py:Epoch 33/100	Loss 6.4733 ± 0.1522
INFO:kbc-cli.py:Epoch 33/100	dev results	MRR 0.326388	H@1 0.240975	H@3 0.357371	H@5 0.416367	H@10 0.499002	H@20 0.577188	H@50 0.675791	H@100 0.744254
INFO:kbc-cli.py:Epoch 33/100	test results	MRR 0.320547	H@1 0.234242	H@3 0.352511	H@5 0.411927	H@10 0.493795	H@20 0.573292	H@50 0.672408	H@100 0.740081
INFO:kbc-cli.py:Epoch 34/100	Loss 6.4668 ± 0.1522
INFO:kbc-cli.py:Epoch 35/100	Loss 6.4608 ± 0.1574
INFO:kbc-cli.py:Epoch 36/100	Loss 6.4550 ± 0.1459
INFO:kbc-cli.py:Epoch 36/100	dev results	MRR 0.326785	H@1 0.241717	H@3 0.356516	H@5 0.416624	H@10 0.498802	H@20 0.575706	H@50 0.675848	H@100 0.744055
INFO:kbc-cli.py:Epoch 36/100	test results	MRR 0.320831	H@1 0.234804	H@3 0.351119	H@5 0.412367	H@10 0.494479	H@20 0.573414	H@50 0.672725	H@100 0.740423
INFO:kbc-cli.py:Epoch 37/100	Loss 6.4492 ± 0.1469
INFO:kbc-cli.py:Epoch 38/100	Loss 6.4445 ± 0.1551
INFO:kbc-cli.py:Epoch 39/100	Loss 6.4391 ± 0.1439
INFO:kbc-cli.py:Epoch 39/100	dev results	MRR 0.326959	H@1 0.241603	H@3 0.357114	H@5 0.416795	H@10 0.498460	H@20 0.576133	H@50 0.676048	H@100 0.744254
INFO:kbc-cli.py:Epoch 39/100	test results	MRR 0.321651	H@1 0.235684	H@3 0.351852	H@5 0.412513	H@10 0.495529	H@20 0.573732	H@50 0.672432	H@100 0.740594
INFO:kbc-cli.py:Epoch 40/100	Loss 6.4343 ± 0.1479
INFO:kbc-cli.py:Epoch 41/100	Loss 6.4291 ± 0.1480
INFO:kbc-cli.py:Epoch 42/100	Loss 6.4247 ± 0.1445
INFO:kbc-cli.py:Epoch 42/100	dev results	MRR 0.327406	H@1 0.242002	H@3 0.357856	H@5 0.417679	H@10 0.498945	H@20 0.577417	H@50 0.676419	H@100 0.743684
INFO:kbc-cli.py:Epoch 42/100	test results	MRR 0.321338	H@1 0.235171	H@3 0.352634	H@5 0.413344	H@10 0.494576	H@20 0.574074	H@50 0.672408	H@100 0.739324
INFO:kbc-cli.py:Epoch 43/100	Loss 6.4203 ± 0.1438
INFO:kbc-cli.py:Epoch 44/100	Loss 6.4159 ± 0.1444
INFO:kbc-cli.py:Epoch 45/100	Loss 6.4124 ± 0.1476
INFO:kbc-cli.py:Epoch 45/100	dev results	MRR 0.326613	H@1 0.240804	H@3 0.358169	H@5 0.417337	H@10 0.498489	H@20 0.576219	H@50 0.675364	H@100 0.744140
INFO:kbc-cli.py:Epoch 45/100	test results	MRR 0.321201	H@1 0.235000	H@3 0.352316	H@5 0.412245	H@10 0.494039	H@20 0.573317	H@50 0.671480	H@100 0.739226
INFO:kbc-cli.py:Epoch 46/100	Loss 6.4081 ± 0.1450
INFO:kbc-cli.py:Epoch 47/100	Loss 6.4042 ± 0.1457
INFO:kbc-cli.py:Epoch 48/100	Loss 6.4006 ± 0.1459
INFO:kbc-cli.py:Epoch 48/100	dev results	MRR 0.327120	H@1 0.241717	H@3 0.358084	H@5 0.417593	H@10 0.499116	H@20 0.576818	H@50 0.675535	H@100 0.744055
INFO:kbc-cli.py:Epoch 48/100	test results	MRR 0.321575	H@1 0.235830	H@3 0.351510	H@5 0.412807	H@10 0.494063	H@20 0.573634	H@50 0.671675	H@100 0.739666
INFO:kbc-cli.py:Epoch 49/100	Loss 6.3973 ± 0.1433
INFO:kbc-cli.py:Epoch 50/100	Loss 6.3936 ± 0.1323
INFO:kbc-cli.py:Epoch 51/100	Loss 6.3904 ± 0.1358
INFO:kbc-cli.py:Epoch 51/100	dev results	MRR 0.327647	H@1 0.242344	H@3 0.358654	H@5 0.417964	H@10 0.499544	H@20 0.576875	H@50 0.675877	H@100 0.743969
INFO:kbc-cli.py:Epoch 51/100	test results	MRR 0.321200	H@1 0.234853	H@3 0.352609	H@5 0.412831	H@10 0.494259	H@20 0.574856	H@50 0.671504	H@100 0.739690
INFO:kbc-cli.py:Epoch 52/100	Loss 6.3876 ± 0.1476
INFO:kbc-cli.py:Epoch 53/100	Loss 6.3834 ± 0.1431
INFO:kbc-cli.py:Epoch 54/100	Loss 6.3811 ± 0.1497
INFO:kbc-cli.py:Epoch 54/100	dev results	MRR 0.327827	H@1 0.242572	H@3 0.358740	H@5 0.418135	H@10 0.499287	H@20 0.576818	H@50 0.675734	H@100 0.743541
INFO:kbc-cli.py:Epoch 54/100	test results	MRR 0.321824	H@1 0.235928	H@3 0.352316	H@5 0.413564	H@10 0.494259	H@20 0.573879	H@50 0.672359	H@100 0.738469
INFO:kbc-cli.py:Epoch 55/100	Loss 6.3775 ± 0.1317
INFO:kbc-cli.py:Epoch 56/100	Loss 6.3753 ± 0.1386
INFO:kbc-cli.py:Epoch 57/100	Loss 6.3727 ± 0.1388
INFO:kbc-cli.py:Epoch 57/100	dev results	MRR 0.327282	H@1 0.242401	H@3 0.358084	H@5 0.417451	H@10 0.499202	H@20 0.576732	H@50 0.675677	H@100 0.743741
INFO:kbc-cli.py:Epoch 57/100	test results	MRR 0.321215	H@1 0.235122	H@3 0.352585	H@5 0.413197	H@10 0.493917	H@20 0.574465	H@50 0.671260	H@100 0.738762
INFO:kbc-cli.py:Epoch 58/100	Loss 6.3699 ± 0.1412
INFO:kbc-cli.py:Epoch 59/100	Loss 6.3665 ± 0.1283
INFO:kbc-cli.py:Epoch 60/100	Loss 6.3647 ± 0.1359
INFO:kbc-cli.py:Epoch 60/100	dev results	MRR 0.328383	H@1 0.243370	H@3 0.359196	H@5 0.418848	H@10 0.498945	H@20 0.577559	H@50 0.676162	H@100 0.743599
INFO:kbc-cli.py:Epoch 60/100	test results	MRR 0.321739	H@1 0.235439	H@3 0.353464	H@5 0.412562	H@10 0.494674	H@20 0.574343	H@50 0.671186	H@100 0.738078
INFO:kbc-cli.py:Epoch 61/100	Loss 6.3622 ± 0.1331
INFO:kbc-cli.py:Epoch 62/100	Loss 6.3593 ± 0.1339
INFO:kbc-cli.py:Epoch 63/100	Loss 6.3568 ± 0.1272
INFO:kbc-cli.py:Epoch 63/100	dev results	MRR 0.327598	H@1 0.242287	H@3 0.358340	H@5 0.418506	H@10 0.499743	H@20 0.577987	H@50 0.675649	H@100 0.743171
INFO:kbc-cli.py:Epoch 63/100	test results	MRR 0.321597	H@1 0.235342	H@3 0.353269	H@5 0.413662	H@10 0.494625	H@20 0.574880	H@50 0.671675	H@100 0.737662
INFO:kbc-cli.py:Epoch 64/100	Loss 6.3547 ± 0.1395
INFO:kbc-cli.py:Epoch 65/100	Loss 6.3524 ± 0.1316
INFO:kbc-cli.py:Epoch 66/100	Loss 6.3501 ± 0.1315
INFO:kbc-cli.py:Epoch 66/100	dev results	MRR 0.327565	H@1 0.242287	H@3 0.359025	H@5 0.417394	H@10 0.498831	H@20 0.576989	H@50 0.675877	H@100 0.743228
INFO:kbc-cli.py:Epoch 66/100	test results	MRR 0.321863	H@1 0.236148	H@3 0.352609	H@5 0.412929	H@10 0.495114	H@20 0.574783	H@50 0.671333	H@100 0.737931
INFO:kbc-cli.py:Epoch 67/100	Loss 6.3479 ± 0.1292
INFO:kbc-cli.py:Epoch 68/100	Loss 6.3461 ± 0.1324
INFO:kbc-cli.py:Epoch 69/100	Loss 6.3434 ± 0.1366
INFO:kbc-cli.py:Epoch 69/100	dev results	MRR 0.327833	H@1 0.242715	H@3 0.358825	H@5 0.417964	H@10 0.499886	H@20 0.577103	H@50 0.674765	H@100 0.743199
INFO:kbc-cli.py:Epoch 69/100	test results	MRR 0.321889	H@1 0.235781	H@3 0.352511	H@5 0.413149	H@10 0.494894	H@20 0.574270	H@50 0.670649	H@100 0.737809
INFO:kbc-cli.py:Epoch 70/100	Loss 6.3412 ± 0.1278
INFO:kbc-cli.py:Epoch 71/100	Loss 6.3393 ± 0.1312
INFO:kbc-cli.py:Epoch 72/100	Loss 6.3376 ± 0.1321
INFO:kbc-cli.py:Epoch 72/100	dev results	MRR 0.328271	H@1 0.243313	H@3 0.358455	H@5 0.418705	H@10 0.499344	H@20 0.577844	H@50 0.675734	H@100 0.743456
INFO:kbc-cli.py:Epoch 72/100	test results	MRR 0.321874	H@1 0.235610	H@3 0.353147	H@5 0.413246	H@10 0.495676	H@20 0.574489	H@50 0.670893	H@100 0.737760
INFO:kbc-cli.py:Epoch 73/100	Loss 6.3359 ± 0.1356
INFO:kbc-cli.py:Epoch 74/100	Loss 6.3335 ± 0.1311
INFO:kbc-cli.py:Epoch 75/100	Loss 6.3319 ± 0.1353
INFO:kbc-cli.py:Epoch 75/100	dev results	MRR 0.328137	H@1 0.242971	H@3 0.358141	H@5 0.419418	H@10 0.499344	H@20 0.577531	H@50 0.675421	H@100 0.742971
INFO:kbc-cli.py:Epoch 75/100	test results	MRR 0.321926	H@1 0.235659	H@3 0.352756	H@5 0.413735	H@10 0.494967	H@20 0.574783	H@50 0.670649	H@100 0.737467
INFO:kbc-cli.py:Epoch 76/100	Loss 6.3302 ± 0.1290
INFO:kbc-cli.py:Epoch 77/100	Loss 6.3286 ± 0.1314
INFO:kbc-cli.py:Epoch 78/100	Loss 6.3266 ± 0.1313
INFO:kbc-cli.py:Epoch 78/100	dev results	MRR 0.327633	H@1 0.242372	H@3 0.358426	H@5 0.418135	H@10 0.499088	H@20 0.577844	H@50 0.675135	H@100 0.742658
INFO:kbc-cli.py:Epoch 78/100	test results	MRR 0.321450	H@1 0.235366	H@3 0.351681	H@5 0.412929	H@10 0.495896	H@20 0.573976	H@50 0.671235	H@100 0.737174
INFO:kbc-cli.py:Epoch 79/100	Loss 6.3254 ± 0.1286
INFO:kbc-cli.py:Epoch 80/100	Loss 6.3234 ± 0.1296
INFO:kbc-cli.py:Epoch 81/100	Loss 6.3216 ± 0.1275
INFO:kbc-cli.py:Epoch 81/100	dev results	MRR 0.327370	H@1 0.242002	H@3 0.358939	H@5 0.417736	H@10 0.498973	H@20 0.577958	H@50 0.675192	H@100 0.742658
INFO:kbc-cli.py:Epoch 81/100	test results	MRR 0.321663	H@1 0.235513	H@3 0.352927	H@5 0.412758	H@10 0.494259	H@20 0.574099	H@50 0.670307	H@100 0.737345
INFO:kbc-cli.py:Epoch 82/100	Loss 6.3199 ± 0.1279
INFO:kbc-cli.py:Epoch 83/100	Loss 6.3183 ± 0.1252
INFO:kbc-cli.py:Epoch 84/100	Loss 6.3167 ± 0.1196
INFO:kbc-cli.py:Epoch 84/100	dev results	MRR 0.328089	H@1 0.243028	H@3 0.358939	H@5 0.418848	H@10 0.499572	H@20 0.577531	H@50 0.674480	H@100 0.742743
INFO:kbc-cli.py:Epoch 84/100	test results	MRR 0.322048	H@1 0.236026	H@3 0.352976	H@5 0.413637	H@10 0.494821	H@20 0.573488	H@50 0.670673	H@100 0.736856
INFO:kbc-cli.py:Epoch 85/100	Loss 6.3150 ± 0.1228
INFO:kbc-cli.py:Epoch 86/100	Loss 6.3136 ± 0.1240
INFO:kbc-cli.py:Epoch 87/100	Loss 6.3124 ± 0.1226
INFO:kbc-cli.py:Epoch 87/100	dev results	MRR 0.327857	H@1 0.243085	H@3 0.358683	H@5 0.417422	H@10 0.499202	H@20 0.577958	H@50 0.674907	H@100 0.742572
INFO:kbc-cli.py:Epoch 87/100	test results	MRR 0.321925	H@1 0.235806	H@3 0.353171	H@5 0.413051	H@10 0.494381	H@20 0.574392	H@50 0.670282	H@100 0.737272
INFO:kbc-cli.py:Epoch 88/100	Loss 6.3110 ± 0.1264
INFO:kbc-cli.py:Epoch 89/100	Loss 6.3093 ± 0.1273
INFO:kbc-cli.py:Epoch 90/100	Loss 6.3079 ± 0.1236
INFO:kbc-cli.py:Epoch 90/100	dev results	MRR 0.327884	H@1 0.242800	H@3 0.358340	H@5 0.418278	H@10 0.499401	H@20 0.577759	H@50 0.674822	H@100 0.742971
INFO:kbc-cli.py:Epoch 90/100	test results	MRR 0.321964	H@1 0.235684	H@3 0.353171	H@5 0.414077	H@10 0.495798	H@20 0.574489	H@50 0.670844	H@100 0.737125
INFO:kbc-cli.py:Epoch 91/100	Loss 6.3065 ± 0.1234
INFO:kbc-cli.py:Epoch 92/100	Loss 6.3050 ± 0.1246
INFO:kbc-cli.py:Epoch 93/100	Loss 6.3036 ± 0.1266
INFO:kbc-cli.py:Epoch 93/100	dev results	MRR 0.328075	H@1 0.243228	H@3 0.358255	H@5 0.418449	H@10 0.499173	H@20 0.577673	H@50 0.675192	H@100 0.742914
INFO:kbc-cli.py:Epoch 93/100	test results	MRR 0.322376	H@1 0.236465	H@3 0.353000	H@5 0.413173	H@10 0.494894	H@20 0.573561	H@50 0.670380	H@100 0.737491
INFO:kbc-cli.py:Epoch 94/100	Loss 6.3026 ± 0.1135
INFO:kbc-cli.py:Epoch 95/100	Loss 6.3015 ± 0.1280
INFO:kbc-cli.py:Epoch 96/100	Loss 6.2994 ± 0.1247
INFO:kbc-cli.py:Epoch 96/100	dev results	MRR 0.328275	H@1 0.243513	H@3 0.359253	H@5 0.418078	H@10 0.499344	H@20 0.577531	H@50 0.674964	H@100 0.742743
INFO:kbc-cli.py:Epoch 96/100	test results	MRR 0.322007	H@1 0.235830	H@3 0.353489	H@5 0.412807	H@10 0.494821	H@20 0.573439	H@50 0.670453	H@100 0.737272
INFO:kbc-cli.py:Epoch 97/100	Loss 6.2989 ± 0.1209
INFO:kbc-cli.py:Epoch 98/100	Loss 6.2970 ± 0.1184
INFO:kbc-cli.py:Epoch 99/100	Loss 6.2962 ± 0.1186
INFO:kbc-cli.py:Epoch 99/100	dev results	MRR 0.328379	H@1 0.243256	H@3 0.359595	H@5 0.418164	H@10 0.499515	H@20 0.577816	H@50 0.675449	H@100 0.742572
INFO:kbc-cli.py:Epoch 99/100	test results	MRR 0.321871	H@1 0.235488	H@3 0.353733	H@5 0.413784	H@10 0.495163	H@20 0.573048	H@50 0.670478	H@100 0.736905
INFO:kbc-cli.py:Epoch 100/100	Loss 6.2949 ± 0.1217
INFO:kbc-cli.py:Final 	dev results	MRR 0.328201	H@1 0.243028	H@3 0.358683	H@5 0.418506	H@10 0.499601	H@20 0.577331	H@50 0.674964	H@100 0.742971
INFO:kbc-cli.py:Final 	test results	MRR 0.322033	H@1 0.235732	H@3 0.352927	H@5 0.413197	H@10 0.495871	H@20 0.572657	H@50 0.670551	H@100 0.736978
INFO:kbc-cli.py:Training finished
