./bin/kbc-cli.py --train data/fb15k-237/train.tsv --dev data/fb15k-237/dev.tsv --test data/fb15k-237/test.tsv -m complex -k 500 -b 500 -e 100 --F2 0.01 --N3 0 -l 0.1 -I standard -V 3 -o adagrad -c spo -q
{'F2': 0.01,
 'N3': 0.0,
 'batch_size': 500,
 'corruption': 'spo',
 'dev': 'data/fb15k-237/dev.tsv',
 'embedding_size': 500,
 'epochs': 100,
 'eval_batch_size': None,
 'input_type': 'standard',
 'learning_rate': 0.1,
 'load': None,
 'model': 'complex',
 'optimizer': 'adagrad',
 'quiet': True,
 'save': None,
 'seed': 0,
 'test': 'data/fb15k-237/test.tsv',
 'test_i': None,
 'test_ii': None,
 'train': 'data/fb15k-237/train.tsv',
 'validate_every': 3}
INFO:kbc-cli.py:Device: cuda
INFO:kbc-cli.py:Model state:
INFO:kbc-cli.py:	entities.weight	torch.Size([14541, 1000])
INFO:kbc-cli.py:	predicates.weight	torch.Size([237, 1000])
INFO:kbc-cli.py:Epoch 1/100	Loss 14.1910 ± 2.6967
INFO:kbc-cli.py:Epoch 2/100	Loss 9.7623 ± 0.1312
INFO:kbc-cli.py:Epoch 3/100	Loss 8.8285 ± 0.2314
INFO:kbc-cli.py:Epoch 3/100	dev results	MRR 0.325501	H@1 0.238010	H@3 0.356059	H@5 0.417365	H@10 0.503564	H@20 0.584887	H@50 0.687397	H@100 0.756116
INFO:kbc-cli.py:Epoch 3/100	test results	MRR 0.319775	H@1 0.231164	H@3 0.350826	H@5 0.414883	H@10 0.499096	H@20 0.580548	H@50 0.684526	H@100 0.754349
INFO:kbc-cli.py:Epoch 4/100	Loss 8.4521 ± 0.2412
INFO:kbc-cli.py:Epoch 5/100	Loss 8.2394 ± 0.2382
INFO:kbc-cli.py:Epoch 6/100	Loss 8.0956 ± 0.2248
INFO:kbc-cli.py:Epoch 6/100	dev results	MRR 0.335364	H@1 0.245167	H@3 0.368121	H@5 0.430026	H@10 0.517764	H@20 0.600713	H@50 0.700912	H@100 0.769119
INFO:kbc-cli.py:Epoch 6/100	test results	MRR 0.330005	H@1 0.239177	H@3 0.362919	H@5 0.427807	H@10 0.513608	H@20 0.595451	H@50 0.698476	H@100 0.766979
INFO:kbc-cli.py:Epoch 7/100	Loss 7.9910 ± 0.2173
INFO:kbc-cli.py:Epoch 8/100	Loss 7.9079 ± 0.2142
INFO:kbc-cli.py:Epoch 9/100	Loss 7.8412 ± 0.2121
INFO:kbc-cli.py:Epoch 9/100	dev results	MRR 0.338294	H@1 0.248589	H@3 0.370088	H@5 0.431765	H@10 0.518563	H@20 0.602367	H@50 0.702281	H@100 0.769803
INFO:kbc-cli.py:Epoch 9/100	test results	MRR 0.333509	H@1 0.242402	H@3 0.366657	H@5 0.429933	H@10 0.516051	H@20 0.599604	H@50 0.701187	H@100 0.768763
INFO:kbc-cli.py:Epoch 10/100	Loss 7.7844 ± 0.2007
INFO:kbc-cli.py:Epoch 11/100	Loss 7.7358 ± 0.2032
INFO:kbc-cli.py:Epoch 12/100	Loss 7.6946 ± 0.2021
INFO:kbc-cli.py:Epoch 12/100	dev results	MRR 0.338921	H@1 0.248931	H@3 0.371200	H@5 0.434246	H@10 0.520074	H@20 0.604676	H@50 0.703707	H@100 0.769746
INFO:kbc-cli.py:Epoch 12/100	test results	MRR 0.333990	H@1 0.243330	H@3 0.366681	H@5 0.430763	H@10 0.517615	H@20 0.599971	H@50 0.701823	H@100 0.769178
INFO:kbc-cli.py:Epoch 13/100	Loss 7.6572 ± 0.1901
INFO:kbc-cli.py:Epoch 14/100	Loss 7.6239 ± 0.1968
INFO:kbc-cli.py:Epoch 15/100	Loss 7.5935 ± 0.1860
INFO:kbc-cli.py:Epoch 15/100	dev results	MRR 0.339792	H@1 0.249672	H@3 0.372198	H@5 0.434502	H@10 0.520701	H@20 0.603764	H@50 0.703935	H@100 0.769632
INFO:kbc-cli.py:Epoch 15/100	test results	MRR 0.334784	H@1 0.243575	H@3 0.368636	H@5 0.432082	H@10 0.517150	H@20 0.599726	H@50 0.700674	H@100 0.769032
INFO:kbc-cli.py:Epoch 16/100	Loss 7.5664 ± 0.1842
INFO:kbc-cli.py:Epoch 17/100	Loss 7.5419 ± 0.1826
INFO:kbc-cli.py:Epoch 18/100	Loss 7.5186 ± 0.1817
INFO:kbc-cli.py:Epoch 18/100	dev results	MRR 0.340489	H@1 0.250299	H@3 0.373139	H@5 0.435643	H@10 0.522099	H@20 0.605446	H@50 0.703764	H@100 0.769746
INFO:kbc-cli.py:Epoch 18/100	test results	MRR 0.334730	H@1 0.244014	H@3 0.366901	H@5 0.431252	H@10 0.516760	H@20 0.599726	H@50 0.700137	H@100 0.768934
INFO:kbc-cli.py:Epoch 19/100	Loss 7.4972 ± 0.1735
INFO:kbc-cli.py:Epoch 20/100	Loss 7.4775 ± 0.1729
INFO:kbc-cli.py:Epoch 21/100	Loss 7.4588 ± 0.1648
INFO:kbc-cli.py:Epoch 21/100	dev results	MRR 0.339553	H@1 0.249615	H@3 0.371942	H@5 0.435101	H@10 0.519703	H@20 0.603137	H@50 0.702908	H@100 0.769404
INFO:kbc-cli.py:Epoch 21/100	test results	MRR 0.334811	H@1 0.244088	H@3 0.368294	H@5 0.431301	H@10 0.516979	H@20 0.598822	H@50 0.699355	H@100 0.767663
INFO:kbc-cli.py:Epoch 22/100	Loss 7.4419 ± 0.1682
INFO:kbc-cli.py:Epoch 23/100	Loss 7.4249 ± 0.1693
INFO:kbc-cli.py:Epoch 24/100	Loss 7.4097 ± 0.1653
INFO:kbc-cli.py:Epoch 24/100	dev results	MRR 0.340102	H@1 0.249758	H@3 0.372769	H@5 0.436327	H@10 0.520644	H@20 0.603821	H@50 0.701397	H@100 0.767551
INFO:kbc-cli.py:Epoch 24/100	test results	MRR 0.334481	H@1 0.243843	H@3 0.367341	H@5 0.431960	H@10 0.516735	H@20 0.598969	H@50 0.698744	H@100 0.767346
INFO:kbc-cli.py:Epoch 25/100	Loss 7.3946 ± 0.1646
INFO:kbc-cli.py:Epoch 26/100	Loss 7.3805 ± 0.1620
INFO:kbc-cli.py:Epoch 27/100	Loss 7.3677 ± 0.1591
INFO:kbc-cli.py:Epoch 27/100	dev results	MRR 0.339975	H@1 0.250128	H@3 0.372313	H@5 0.435957	H@10 0.521642	H@20 0.603137	H@50 0.700713	H@100 0.766980
INFO:kbc-cli.py:Epoch 27/100	test results	MRR 0.334648	H@1 0.244454	H@3 0.366681	H@5 0.431887	H@10 0.516686	H@20 0.598554	H@50 0.698744	H@100 0.766222
INFO:kbc-cli.py:Epoch 28/100	Loss 7.3553 ± 0.1562
INFO:kbc-cli.py:Epoch 29/100	Loss 7.3431 ± 0.1537
INFO:kbc-cli.py:Epoch 30/100	Loss 7.3317 ± 0.1548
INFO:kbc-cli.py:Epoch 30/100	dev results	MRR 0.339083	H@1 0.248589	H@3 0.372569	H@5 0.435386	H@10 0.521785	H@20 0.602196	H@50 0.700627	H@100 0.766610
INFO:kbc-cli.py:Epoch 30/100	test results	MRR 0.334333	H@1 0.244430	H@3 0.366290	H@5 0.431081	H@10 0.515807	H@20 0.598163	H@50 0.696814	H@100 0.765733
INFO:kbc-cli.py:Epoch 31/100	Loss 7.3206 ± 0.1503
INFO:kbc-cli.py:Epoch 32/100	Loss 7.3098 ± 0.1558
INFO:kbc-cli.py:Epoch 33/100	Loss 7.2998 ± 0.1470
INFO:kbc-cli.py:Epoch 33/100	dev results	MRR 0.338673	H@1 0.248560	H@3 0.371286	H@5 0.434445	H@10 0.521386	H@20 0.601739	H@50 0.699572	H@100 0.765925
INFO:kbc-cli.py:Epoch 33/100	test results	MRR 0.333908	H@1 0.243966	H@3 0.365215	H@5 0.430665	H@10 0.515685	H@20 0.597894	H@50 0.696863	H@100 0.764732
INFO:kbc-cli.py:Epoch 34/100	Loss 7.2900 ± 0.1472
INFO:kbc-cli.py:Epoch 35/100	Loss 7.2807 ± 0.1509
INFO:kbc-cli.py:Epoch 36/100	Loss 7.2717 ± 0.1410
INFO:kbc-cli.py:Epoch 36/100	dev results	MRR 0.338642	H@1 0.248703	H@3 0.370545	H@5 0.433676	H@10 0.520787	H@20 0.601511	H@50 0.698945	H@100 0.765526
INFO:kbc-cli.py:Epoch 36/100	test results	MRR 0.333999	H@1 0.244234	H@3 0.365924	H@5 0.430421	H@10 0.515831	H@20 0.597015	H@50 0.696668	H@100 0.764487
INFO:kbc-cli.py:Epoch 37/100	Loss 7.2628 ± 0.1430
INFO:kbc-cli.py:Epoch 38/100	Loss 7.2549 ± 0.1489
INFO:kbc-cli.py:Epoch 39/100	Loss 7.2467 ± 0.1390
INFO:kbc-cli.py:Epoch 39/100	dev results	MRR 0.338541	H@1 0.248503	H@3 0.370744	H@5 0.433790	H@10 0.520445	H@20 0.601055	H@50 0.698888	H@100 0.765783
INFO:kbc-cli.py:Epoch 39/100	test results	MRR 0.333986	H@1 0.244185	H@3 0.365460	H@5 0.430910	H@10 0.513755	H@20 0.596453	H@50 0.696130	H@100 0.763388
INFO:kbc-cli.py:Epoch 40/100	Loss 7.2388 ± 0.1426
INFO:kbc-cli.py:Epoch 41/100	Loss 7.2308 ± 0.1433
INFO:kbc-cli.py:Epoch 42/100	Loss 7.2235 ± 0.1388
INFO:kbc-cli.py:Epoch 42/100	dev results	MRR 0.338128	H@1 0.248246	H@3 0.370545	H@5 0.434160	H@10 0.520359	H@20 0.600200	H@50 0.698888	H@100 0.765298
INFO:kbc-cli.py:Epoch 42/100	test results	MRR 0.334042	H@1 0.245138	H@3 0.365069	H@5 0.429835	H@10 0.514732	H@20 0.595940	H@50 0.695984	H@100 0.763852
INFO:kbc-cli.py:Epoch 43/100	Loss 7.2165 ± 0.1387
INFO:kbc-cli.py:Epoch 44/100	Loss 7.2094 ± 0.1382
INFO:kbc-cli.py:Epoch 45/100	Loss 7.2032 ± 0.1422
INFO:kbc-cli.py:Epoch 45/100	dev results	MRR 0.337735	H@1 0.247819	H@3 0.370488	H@5 0.433048	H@10 0.519162	H@20 0.599601	H@50 0.697377	H@100 0.764357
INFO:kbc-cli.py:Epoch 45/100	test results	MRR 0.333289	H@1 0.243599	H@3 0.366242	H@5 0.428931	H@10 0.514121	H@20 0.594352	H@50 0.694689	H@100 0.762435
INFO:kbc-cli.py:Epoch 46/100	Loss 7.1964 ± 0.1396
INFO:kbc-cli.py:Epoch 47/100	Loss 7.1899 ± 0.1403
INFO:kbc-cli.py:Epoch 48/100	Loss 7.1837 ± 0.1402
INFO:kbc-cli.py:Epoch 48/100	dev results	MRR 0.337137	H@1 0.246821	H@3 0.369889	H@5 0.432820	H@10 0.518335	H@20 0.600000	H@50 0.697462	H@100 0.763473
INFO:kbc-cli.py:Epoch 48/100	test results	MRR 0.332786	H@1 0.243013	H@3 0.365484	H@5 0.429077	H@10 0.513706	H@20 0.595427	H@50 0.694444	H@100 0.762240
INFO:kbc-cli.py:Epoch 49/100	Loss 7.1780 ± 0.1381
INFO:kbc-cli.py:Epoch 50/100	Loss 7.1719 ± 0.1268
INFO:kbc-cli.py:Epoch 51/100	Loss 7.1663 ± 0.1303
INFO:kbc-cli.py:Epoch 51/100	dev results	MRR 0.337212	H@1 0.247562	H@3 0.368577	H@5 0.432792	H@10 0.519333	H@20 0.599544	H@50 0.697348	H@100 0.763644
INFO:kbc-cli.py:Epoch 51/100	test results	MRR 0.332629	H@1 0.242720	H@3 0.365289	H@5 0.429053	H@10 0.513217	H@20 0.594034	H@50 0.694371	H@100 0.761947
INFO:kbc-cli.py:Epoch 52/100	Loss 7.1612 ± 0.1410
INFO:kbc-cli.py:Epoch 53/100	Loss 7.1547 ± 0.1380
INFO:kbc-cli.py:Epoch 54/100	Loss 7.1501 ± 0.1426
INFO:kbc-cli.py:Epoch 54/100	dev results	MRR 0.337138	H@1 0.247705	H@3 0.369062	H@5 0.432849	H@10 0.517850	H@20 0.598118	H@50 0.697348	H@100 0.763330
INFO:kbc-cli.py:Epoch 54/100	test results	MRR 0.332622	H@1 0.243330	H@3 0.364507	H@5 0.428662	H@10 0.512264	H@20 0.593374	H@50 0.693931	H@100 0.760481
INFO:kbc-cli.py:Epoch 55/100	Loss 7.1445 ± 0.1269
INFO:kbc-cli.py:Epoch 56/100	Loss 7.1399 ± 0.1331
INFO:kbc-cli.py:Epoch 57/100	Loss 7.1352 ± 0.1328
INFO:kbc-cli.py:Epoch 57/100	dev results	MRR 0.336125	H@1 0.246593	H@3 0.367779	H@5 0.432107	H@10 0.517451	H@20 0.598318	H@50 0.696436	H@100 0.763131
INFO:kbc-cli.py:Epoch 57/100	test results	MRR 0.332062	H@1 0.242866	H@3 0.363896	H@5 0.426683	H@10 0.512753	H@20 0.593839	H@50 0.692734	H@100 0.760334
INFO:kbc-cli.py:Epoch 58/100	Loss 7.1303 ± 0.1355
INFO:kbc-cli.py:Epoch 59/100	Loss 7.1249 ± 0.1232
INFO:kbc-cli.py:Epoch 60/100	Loss 7.1210 ± 0.1302
INFO:kbc-cli.py:Epoch 60/100	dev results	MRR 0.336668	H@1 0.247419	H@3 0.368748	H@5 0.432136	H@10 0.517736	H@20 0.597092	H@50 0.695808	H@100 0.762732
INFO:kbc-cli.py:Epoch 60/100	test results	MRR 0.331865	H@1 0.242255	H@3 0.364092	H@5 0.427367	H@10 0.512460	H@20 0.592886	H@50 0.693101	H@100 0.759601
INFO:kbc-cli.py:Epoch 61/100	Loss 7.1165 ± 0.1273
INFO:kbc-cli.py:Epoch 62/100	Loss 7.1117 ± 0.1288
INFO:kbc-cli.py:Epoch 63/100	Loss 7.1072 ± 0.1228
INFO:kbc-cli.py:Epoch 63/100	dev results	MRR 0.335700	H@1 0.245794	H@3 0.368235	H@5 0.431622	H@10 0.518477	H@20 0.596863	H@50 0.695181	H@100 0.762247
INFO:kbc-cli.py:Epoch 63/100	test results	MRR 0.331079	H@1 0.241009	H@3 0.363603	H@5 0.426732	H@10 0.512680	H@20 0.591713	H@50 0.692246	H@100 0.759284
INFO:kbc-cli.py:Epoch 64/100	Loss 7.1032 ± 0.1338
INFO:kbc-cli.py:Epoch 65/100	Loss 7.0990 ± 0.1258
INFO:kbc-cli.py:Epoch 66/100	Loss 7.0949 ± 0.1270
INFO:kbc-cli.py:Epoch 66/100	dev results	MRR 0.335081	H@1 0.245395	H@3 0.367322	H@5 0.430653	H@10 0.516253	H@20 0.596607	H@50 0.695352	H@100 0.761848
INFO:kbc-cli.py:Epoch 66/100	test results	MRR 0.330950	H@1 0.241352	H@3 0.363432	H@5 0.425975	H@10 0.512215	H@20 0.592153	H@50 0.691977	H@100 0.758258
INFO:kbc-cli.py:Epoch 67/100	Loss 7.0909 ± 0.1223
INFO:kbc-cli.py:Epoch 68/100	Loss 7.0871 ± 0.1267
INFO:kbc-cli.py:Epoch 69/100	Loss 7.0828 ± 0.1314
INFO:kbc-cli.py:Epoch 69/100	dev results	MRR 0.335797	H@1 0.246536	H@3 0.367494	H@5 0.429940	H@10 0.516966	H@20 0.596293	H@50 0.694839	H@100 0.762247
INFO:kbc-cli.py:Epoch 69/100	test results	MRR 0.331283	H@1 0.241913	H@3 0.363627	H@5 0.425779	H@10 0.511678	H@20 0.591444	H@50 0.691562	H@100 0.758477
INFO:kbc-cli.py:Epoch 70/100	Loss 7.0789 ± 0.1222
INFO:kbc-cli.py:Epoch 71/100	Loss 7.0752 ± 0.1256
INFO:kbc-cli.py:Epoch 72/100	Loss 7.0718 ± 0.1266
INFO:kbc-cli.py:Epoch 72/100	dev results	MRR 0.334928	H@1 0.245224	H@3 0.367237	H@5 0.430168	H@10 0.516766	H@20 0.595552	H@50 0.694639	H@100 0.761905
INFO:kbc-cli.py:Epoch 72/100	test results	MRR 0.330801	H@1 0.241474	H@3 0.362430	H@5 0.425144	H@10 0.511165	H@20 0.591249	H@50 0.691195	H@100 0.758209
INFO:kbc-cli.py:Epoch 73/100	Loss 7.0684 ± 0.1302
INFO:kbc-cli.py:Epoch 74/100	Loss 7.0644 ± 0.1257
INFO:kbc-cli.py:Epoch 75/100	Loss 7.0611 ± 0.1297
INFO:kbc-cli.py:Epoch 75/100	dev results	MRR 0.334685	H@1 0.244967	H@3 0.367151	H@5 0.429455	H@10 0.515997	H@20 0.594924	H@50 0.693926	H@100 0.761021
INFO:kbc-cli.py:Epoch 75/100	test results	MRR 0.330322	H@1 0.240912	H@3 0.362210	H@5 0.425779	H@10 0.510750	H@20 0.590027	H@50 0.691244	H@100 0.757525
INFO:kbc-cli.py:Epoch 76/100	Loss 7.0578 ± 0.1232
INFO:kbc-cli.py:Epoch 77/100	Loss 7.0546 ± 0.1257
INFO:kbc-cli.py:Epoch 78/100	Loss 7.0511 ± 0.1257
INFO:kbc-cli.py:Epoch 78/100	dev results	MRR 0.333853	H@1 0.244055	H@3 0.366923	H@5 0.429085	H@10 0.515768	H@20 0.595038	H@50 0.693556	H@100 0.760992
INFO:kbc-cli.py:Epoch 78/100	test results	MRR 0.329767	H@1 0.240301	H@3 0.362162	H@5 0.424704	H@10 0.510310	H@20 0.589636	H@50 0.690584	H@100 0.757427
INFO:kbc-cli.py:Epoch 79/100	Loss 7.0483 ± 0.1247
INFO:kbc-cli.py:Epoch 80/100	Loss 7.0448 ± 0.1239
INFO:kbc-cli.py:Epoch 81/100	Loss 7.0415 ± 0.1226
INFO:kbc-cli.py:Epoch 81/100	dev results	MRR 0.334274	H@1 0.244996	H@3 0.366410	H@5 0.428486	H@10 0.514628	H@20 0.594668	H@50 0.693271	H@100 0.761021
INFO:kbc-cli.py:Epoch 81/100	test results	MRR 0.329700	H@1 0.240277	H@3 0.361746	H@5 0.424142	H@10 0.510236	H@20 0.589392	H@50 0.689705	H@100 0.756572
INFO:kbc-cli.py:Epoch 82/100	Loss 7.0383 ± 0.1224
INFO:kbc-cli.py:Epoch 83/100	Loss 7.0353 ± 0.1199
INFO:kbc-cli.py:Epoch 84/100	Loss 7.0322 ± 0.1145
INFO:kbc-cli.py:Epoch 84/100	dev results	MRR 0.333635	H@1 0.243969	H@3 0.365669	H@5 0.428286	H@10 0.514856	H@20 0.593670	H@50 0.693442	H@100 0.760679
INFO:kbc-cli.py:Epoch 84/100	test results	MRR 0.329379	H@1 0.240032	H@3 0.361649	H@5 0.423825	H@10 0.509479	H@20 0.589050	H@50 0.689632	H@100 0.756523
INFO:kbc-cli.py:Epoch 85/100	Loss 7.0293 ± 0.1177
INFO:kbc-cli.py:Epoch 86/100	Loss 7.0263 ± 0.1194
INFO:kbc-cli.py:Epoch 87/100	Loss 7.0237 ± 0.1171
INFO:kbc-cli.py:Epoch 87/100	dev results	MRR 0.333748	H@1 0.244083	H@3 0.366439	H@5 0.428201	H@10 0.514343	H@20 0.593841	H@50 0.693128	H@100 0.759453
INFO:kbc-cli.py:Epoch 87/100	test results	MRR 0.328883	H@1 0.239079	H@3 0.361429	H@5 0.424460	H@10 0.509308	H@20 0.589099	H@50 0.689436	H@100 0.755839
INFO:kbc-cli.py:Epoch 88/100	Loss 7.0209 ± 0.1205
INFO:kbc-cli.py:Epoch 89/100	Loss 7.0179 ± 0.1219
INFO:kbc-cli.py:Epoch 90/100	Loss 7.0152 ± 0.1184
INFO:kbc-cli.py:Epoch 90/100	dev results	MRR 0.333080	H@1 0.243114	H@3 0.365840	H@5 0.428714	H@10 0.513858	H@20 0.593755	H@50 0.693014	H@100 0.759738
INFO:kbc-cli.py:Epoch 90/100	test results	MRR 0.328891	H@1 0.239739	H@3 0.360525	H@5 0.424338	H@10 0.509577	H@20 0.588635	H@50 0.688850	H@100 0.755472
INFO:kbc-cli.py:Epoch 91/100	Loss 7.0124 ± 0.1178
INFO:kbc-cli.py:Epoch 92/100	Loss 7.0096 ± 0.1190
INFO:kbc-cli.py:Epoch 93/100	Loss 7.0069 ± 0.1213
INFO:kbc-cli.py:Epoch 93/100	dev results	MRR 0.332778	H@1 0.242971	H@3 0.365384	H@5 0.427545	H@10 0.513715	H@20 0.593271	H@50 0.692244	H@100 0.759681
INFO:kbc-cli.py:Epoch 93/100	test results	MRR 0.328683	H@1 0.239324	H@3 0.361013	H@5 0.424167	H@10 0.508942	H@20 0.588073	H@50 0.688190	H@100 0.755424
INFO:kbc-cli.py:Epoch 94/100	Loss 7.0047 ± 0.1093
INFO:kbc-cli.py:Epoch 95/100	Loss 7.0023 ± 0.1225
INFO:kbc-cli.py:Epoch 96/100	Loss 6.9989 ± 0.1202
INFO:kbc-cli.py:Epoch 96/100	dev results	MRR 0.332955	H@1 0.243541	H@3 0.365726	H@5 0.427630	H@10 0.513231	H@20 0.592757	H@50 0.691446	H@100 0.759110
INFO:kbc-cli.py:Epoch 96/100	test results	MRR 0.328117	H@1 0.238518	H@3 0.360891	H@5 0.423849	H@10 0.508551	H@20 0.587975	H@50 0.688263	H@100 0.755057
INFO:kbc-cli.py:Epoch 97/100	Loss 6.9972 ± 0.1165
INFO:kbc-cli.py:Epoch 98/100	Loss 6.9941 ± 0.1134
INFO:kbc-cli.py:Epoch 99/100	Loss 6.9921 ± 0.1139
INFO:kbc-cli.py:Epoch 99/100	dev results	MRR 0.332746	H@1 0.243656	H@3 0.364984	H@5 0.427032	H@10 0.513715	H@20 0.592586	H@50 0.692130	H@100 0.758569
INFO:kbc-cli.py:Epoch 99/100	test results	MRR 0.327855	H@1 0.238322	H@3 0.360378	H@5 0.422677	H@10 0.508795	H@20 0.587706	H@50 0.688044	H@100 0.754837
INFO:kbc-cli.py:Epoch 100/100	Loss 6.9896 ± 0.1174
INFO:kbc-cli.py:Final 	dev results	MRR 0.332294	H@1 0.242658	H@3 0.365384	H@5 0.426547	H@10 0.513345	H@20 0.592814	H@50 0.691446	H@100 0.759025
INFO:kbc-cli.py:Final 	test results	MRR 0.327849	H@1 0.238347	H@3 0.360525	H@5 0.422994	H@10 0.508771	H@20 0.587560	H@50 0.687677	H@100 0.754446
INFO:kbc-cli.py:Training finished
