./bin/kbc-cli.py --train data/fb15k-237/train.tsv --dev data/fb15k-237/dev.tsv --test data/fb15k-237/test.tsv -m complex -k 500 -b 500 -e 100 --F2 0 --N3 0.1 -l 0.1 -I standard -V 3 -o adagrad -c spo -q
{'F2': 0.0,
 'N3': 0.1,
 'batch_size': 500,
 'corruption': 'spo',
 'dev': 'data/fb15k-237/dev.tsv',
 'embedding_size': 500,
 'epochs': 100,
 'eval_batch_size': None,
 'input_type': 'standard',
 'learning_rate': 0.1,
 'load': None,
 'model': 'complex',
 'optimizer': 'adagrad',
 'quiet': True,
 'save': None,
 'seed': 0,
 'test': 'data/fb15k-237/test.tsv',
 'test_i': None,
 'test_ii': None,
 'train': 'data/fb15k-237/train.tsv',
 'validate_every': 3}
INFO:kbc-cli.py:Device: cuda
INFO:kbc-cli.py:Model state:
INFO:kbc-cli.py:	entities.weight	torch.Size([14541, 1000])
INFO:kbc-cli.py:	predicates.weight	torch.Size([237, 1000])
INFO:kbc-cli.py:Epoch 1/100	Loss 17.0735 ± 2.6297
INFO:kbc-cli.py:Epoch 2/100	Loss 13.6540 ± 0.1180
INFO:kbc-cli.py:Epoch 3/100	Loss 12.9918 ± 0.1659
INFO:kbc-cli.py:Epoch 3/100	dev results	MRR 0.332244	H@1 0.243855	H@3 0.363330	H@5 0.426119	H@10 0.510607	H@20 0.594668	H@50 0.696578	H@100 0.766296
INFO:kbc-cli.py:Epoch 3/100	test results	MRR 0.328091	H@1 0.238860	H@3 0.359621	H@5 0.423703	H@10 0.506694	H@20 0.590809	H@50 0.692783	H@100 0.762240
INFO:kbc-cli.py:Epoch 4/100	Loss 12.6871 ± 0.1872
INFO:kbc-cli.py:Epoch 5/100	Loss 12.5079 ± 0.1883
INFO:kbc-cli.py:Epoch 6/100	Loss 12.3869 ± 0.1891
INFO:kbc-cli.py:Epoch 6/100	dev results	MRR 0.349210	H@1 0.257799	H@3 0.382207	H@5 0.448161	H@10 0.532392	H@20 0.616424	H@50 0.716938	H@100 0.785230
INFO:kbc-cli.py:Epoch 6/100	test results	MRR 0.343234	H@1 0.251344	H@3 0.377284	H@5 0.442637	H@10 0.529073	H@20 0.611991	H@50 0.712548	H@100 0.781858
INFO:kbc-cli.py:Epoch 7/100	Loss 12.2992 ± 0.1786
INFO:kbc-cli.py:Epoch 8/100	Loss 12.2312 ± 0.1795
INFO:kbc-cli.py:Epoch 9/100	Loss 12.1770 ± 0.1822
INFO:kbc-cli.py:Epoch 9/100	dev results	MRR 0.353146	H@1 0.261220	H@3 0.385401	H@5 0.453293	H@10 0.538637	H@20 0.623781	H@50 0.723182	H@100 0.791503
INFO:kbc-cli.py:Epoch 9/100	test results	MRR 0.349272	H@1 0.257769	H@3 0.381560	H@5 0.447205	H@10 0.535107	H@20 0.618758	H@50 0.719779	H@100 0.787159
INFO:kbc-cli.py:Epoch 10/100	Loss 12.1321 ± 0.1726
INFO:kbc-cli.py:Epoch 11/100	Loss 12.0942 ± 0.1769
INFO:kbc-cli.py:Epoch 12/100	Loss 12.0615 ± 0.1734
INFO:kbc-cli.py:Epoch 12/100	dev results	MRR 0.356260	H@1 0.263416	H@3 0.391816	H@5 0.456772	H@10 0.542144	H@20 0.627802	H@50 0.727288	H@100 0.794155
INFO:kbc-cli.py:Epoch 12/100	test results	MRR 0.351688	H@1 0.259455	H@3 0.386030	H@5 0.452458	H@10 0.537403	H@20 0.622300	H@50 0.722051	H@100 0.789431
INFO:kbc-cli.py:Epoch 13/100	Loss 12.0332 ± 0.1631
INFO:kbc-cli.py:Epoch 14/100	Loss 12.0082 ± 0.1687
INFO:kbc-cli.py:Epoch 15/100	Loss 11.9858 ± 0.1622
INFO:kbc-cli.py:Epoch 15/100	dev results	MRR 0.359857	H@1 0.265897	H@3 0.397320	H@5 0.460536	H@10 0.546536	H@20 0.630967	H@50 0.729455	H@100 0.795865
INFO:kbc-cli.py:Epoch 15/100	test results	MRR 0.354560	H@1 0.261214	H@3 0.390477	H@5 0.454925	H@10 0.540799	H@20 0.625061	H@50 0.724861	H@100 0.791899
INFO:kbc-cli.py:Epoch 16/100	Loss 11.9657 ± 0.1684
INFO:kbc-cli.py:Epoch 17/100	Loss 11.9482 ± 0.1558
INFO:kbc-cli.py:Epoch 18/100	Loss 11.9312 ± 0.1549
INFO:kbc-cli.py:Epoch 18/100	dev results	MRR 0.360603	H@1 0.266980	H@3 0.395837	H@5 0.461563	H@10 0.548845	H@20 0.631565	H@50 0.730681	H@100 0.796721
INFO:kbc-cli.py:Epoch 18/100	test results	MRR 0.355021	H@1 0.262680	H@3 0.387863	H@5 0.455756	H@10 0.542192	H@20 0.628066	H@50 0.725276	H@100 0.793438
INFO:kbc-cli.py:Epoch 19/100	Loss 11.9163 ± 0.1494
INFO:kbc-cli.py:Epoch 20/100	Loss 11.9027 ± 0.1497
INFO:kbc-cli.py:Epoch 21/100	Loss 11.8896 ± 0.1478
INFO:kbc-cli.py:Epoch 21/100	dev results	MRR 0.361261	H@1 0.267408	H@3 0.397206	H@5 0.461933	H@10 0.549530	H@20 0.632022	H@50 0.732164	H@100 0.798204
INFO:kbc-cli.py:Epoch 21/100	test results	MRR 0.356199	H@1 0.262948	H@3 0.391796	H@5 0.456196	H@10 0.543975	H@20 0.627235	H@50 0.727182	H@100 0.794220
INFO:kbc-cli.py:Epoch 22/100	Loss 11.8779 ± 0.1494
INFO:kbc-cli.py:Epoch 23/100	Loss 11.8661 ± 0.1475
INFO:kbc-cli.py:Epoch 24/100	Loss 11.8563 ± 0.1467
INFO:kbc-cli.py:Epoch 24/100	dev results	MRR 0.362410	H@1 0.268691	H@3 0.398859	H@5 0.462561	H@10 0.549558	H@20 0.632307	H@50 0.731537	H@100 0.798574
INFO:kbc-cli.py:Epoch 24/100	test results	MRR 0.357867	H@1 0.265416	H@3 0.391112	H@5 0.457564	H@10 0.543878	H@20 0.629068	H@50 0.728428	H@100 0.794733
INFO:kbc-cli.py:Epoch 25/100	Loss 11.8458 ± 0.1456
INFO:kbc-cli.py:Epoch 26/100	Loss 11.8370 ± 0.1387
INFO:kbc-cli.py:Epoch 27/100	Loss 11.8284 ± 0.1416
INFO:kbc-cli.py:Epoch 27/100	dev results	MRR 0.363580	H@1 0.269946	H@3 0.398546	H@5 0.464357	H@10 0.552096	H@20 0.636071	H@50 0.732307	H@100 0.799173
INFO:kbc-cli.py:Epoch 27/100	test results	MRR 0.358814	H@1 0.266491	H@3 0.392285	H@5 0.458883	H@10 0.545979	H@20 0.630338	H@50 0.729356	H@100 0.795710
INFO:kbc-cli.py:Epoch 28/100	Loss 11.8200 ± 0.1386
INFO:kbc-cli.py:Epoch 29/100	Loss 11.8124 ± 0.1397
INFO:kbc-cli.py:Epoch 30/100	Loss 11.8048 ± 0.1406
INFO:kbc-cli.py:Epoch 30/100	dev results	MRR 0.363532	H@1 0.269661	H@3 0.400057	H@5 0.464984	H@10 0.552096	H@20 0.634588	H@50 0.733447	H@100 0.799059
INFO:kbc-cli.py:Epoch 30/100	test results	MRR 0.358107	H@1 0.265147	H@3 0.393775	H@5 0.458223	H@10 0.546443	H@20 0.628872	H@50 0.729234	H@100 0.796223
INFO:kbc-cli.py:Epoch 31/100	Loss 11.7979 ± 0.1338
INFO:kbc-cli.py:Epoch 32/100	Loss 11.7908 ± 0.1370
INFO:kbc-cli.py:Epoch 33/100	Loss 11.7846 ± 0.1299
INFO:kbc-cli.py:Epoch 33/100	dev results	MRR 0.363223	H@1 0.269433	H@3 0.399230	H@5 0.463131	H@10 0.551697	H@20 0.633875	H@50 0.733390	H@100 0.798147
INFO:kbc-cli.py:Epoch 33/100	test results	MRR 0.358430	H@1 0.265318	H@3 0.393506	H@5 0.458468	H@10 0.546370	H@20 0.629165	H@50 0.729845	H@100 0.796345
INFO:kbc-cli.py:Epoch 34/100	Loss 11.7786 ± 0.1317
INFO:kbc-cli.py:Epoch 35/100	Loss 11.7726 ± 0.1315
INFO:kbc-cli.py:Epoch 36/100	Loss 11.7670 ± 0.1277
INFO:kbc-cli.py:Epoch 36/100	dev results	MRR 0.363630	H@1 0.269946	H@3 0.398603	H@5 0.466553	H@10 0.552067	H@20 0.636213	H@50 0.732963	H@100 0.799800
INFO:kbc-cli.py:Epoch 36/100	test results	MRR 0.359954	H@1 0.267566	H@3 0.394093	H@5 0.461815	H@10 0.545466	H@20 0.630558	H@50 0.731384	H@100 0.796760
INFO:kbc-cli.py:Epoch 37/100	Loss 11.7617 ± 0.1300
INFO:kbc-cli.py:Epoch 38/100	Loss 11.7566 ± 0.1292
INFO:kbc-cli.py:Epoch 39/100	Loss 11.7517 ± 0.1249
INFO:kbc-cli.py:Epoch 39/100	dev results	MRR 0.364592	H@1 0.270801	H@3 0.400570	H@5 0.466724	H@10 0.552466	H@20 0.635871	H@50 0.733733	H@100 0.799914
INFO:kbc-cli.py:Epoch 39/100	test results	MRR 0.359959	H@1 0.267053	H@3 0.395387	H@5 0.461595	H@10 0.546223	H@20 0.630900	H@50 0.730920	H@100 0.796150
INFO:kbc-cli.py:Epoch 40/100	Loss 11.7469 ± 0.1292
INFO:kbc-cli.py:Epoch 41/100	Loss 11.7417 ± 0.1267
INFO:kbc-cli.py:Epoch 42/100	Loss 11.7377 ± 0.1234
INFO:kbc-cli.py:Epoch 42/100	dev results	MRR 0.365219	H@1 0.272255	H@3 0.400057	H@5 0.465954	H@10 0.552210	H@20 0.637439	H@50 0.734816	H@100 0.799800
INFO:kbc-cli.py:Epoch 42/100	test results	MRR 0.359948	H@1 0.267150	H@3 0.394508	H@5 0.460960	H@10 0.546638	H@20 0.630363	H@50 0.731555	H@100 0.796931
INFO:kbc-cli.py:Epoch 43/100	Loss 11.7335 ± 0.1255
INFO:kbc-cli.py:Epoch 44/100	Loss 11.7287 ± 0.1223
INFO:kbc-cli.py:Epoch 45/100	Loss 11.7257 ± 0.1281
INFO:kbc-cli.py:Epoch 45/100	dev results	MRR 0.366183	H@1 0.273225	H@3 0.400456	H@5 0.466553	H@10 0.553864	H@20 0.635985	H@50 0.733419	H@100 0.799458
INFO:kbc-cli.py:Epoch 45/100	test results	MRR 0.360466	H@1 0.267444	H@3 0.395461	H@5 0.461106	H@10 0.548080	H@20 0.631389	H@50 0.731604	H@100 0.797054
INFO:kbc-cli.py:Epoch 46/100	Loss 11.7212 ± 0.1249
INFO:kbc-cli.py:Epoch 47/100	Loss 11.7172 ± 0.1262
INFO:kbc-cli.py:Epoch 48/100	Loss 11.7137 ± 0.1262
INFO:kbc-cli.py:Epoch 48/100	dev results	MRR 0.365909	H@1 0.272198	H@3 0.400684	H@5 0.467836	H@10 0.553721	H@20 0.635643	H@50 0.734502	H@100 0.800656
INFO:kbc-cli.py:Epoch 48/100	test results	MRR 0.361828	H@1 0.269471	H@3 0.396120	H@5 0.461009	H@10 0.547738	H@20 0.632244	H@50 0.731897	H@100 0.797884
INFO:kbc-cli.py:Epoch 49/100	Loss 11.7103 ± 0.1283
INFO:kbc-cli.py:Epoch 50/100	Loss 11.7067 ± 0.1196
INFO:kbc-cli.py:Epoch 51/100	Loss 11.7033 ± 0.1198
INFO:kbc-cli.py:Epoch 51/100	dev results	MRR 0.365713	H@1 0.271628	H@3 0.400200	H@5 0.468720	H@10 0.555147	H@20 0.636327	H@50 0.734702	H@100 0.800827
INFO:kbc-cli.py:Epoch 51/100	test results	MRR 0.360920	H@1 0.267883	H@3 0.395363	H@5 0.463110	H@10 0.548568	H@20 0.631144	H@50 0.732190	H@100 0.798715
INFO:kbc-cli.py:Epoch 52/100	Loss 11.7004 ± 0.1229
INFO:kbc-cli.py:Epoch 53/100	Loss 11.6968 ± 0.1276
INFO:kbc-cli.py:Epoch 54/100	Loss 11.6938 ± 0.1235
INFO:kbc-cli.py:Epoch 54/100	dev results	MRR 0.366438	H@1 0.273168	H@3 0.401483	H@5 0.468064	H@10 0.553293	H@20 0.637154	H@50 0.735016	H@100 0.800713
INFO:kbc-cli.py:Epoch 54/100	test results	MRR 0.361060	H@1 0.268250	H@3 0.395998	H@5 0.461961	H@10 0.548006	H@20 0.632097	H@50 0.732361	H@100 0.798104
INFO:kbc-cli.py:Epoch 55/100	Loss 11.6907 ± 0.1174
INFO:kbc-cli.py:Epoch 56/100	Loss 11.6883 ± 0.1181
INFO:kbc-cli.py:Epoch 57/100	Loss 11.6856 ± 0.1180
INFO:kbc-cli.py:Epoch 57/100	dev results	MRR 0.366046	H@1 0.272027	H@3 0.401112	H@5 0.468406	H@10 0.556487	H@20 0.637639	H@50 0.734588	H@100 0.799914
INFO:kbc-cli.py:Epoch 57/100	test results	MRR 0.361373	H@1 0.268494	H@3 0.395998	H@5 0.462987	H@10 0.549741	H@20 0.630949	H@50 0.732263	H@100 0.798031
INFO:kbc-cli.py:Epoch 58/100	Loss 11.6823 ± 0.1231
INFO:kbc-cli.py:Epoch 59/100	Loss 11.6794 ± 0.1152
INFO:kbc-cli.py:Epoch 60/100	Loss 11.6774 ± 0.1205
INFO:kbc-cli.py:Epoch 60/100	dev results	MRR 0.366574	H@1 0.272997	H@3 0.401540	H@5 0.467180	H@10 0.555118	H@20 0.638010	H@50 0.734331	H@100 0.800741
INFO:kbc-cli.py:Epoch 60/100	test results	MRR 0.361709	H@1 0.269080	H@3 0.396462	H@5 0.462914	H@10 0.548422	H@20 0.632293	H@50 0.732654	H@100 0.797640
INFO:kbc-cli.py:Epoch 61/100	Loss 11.6747 ± 0.1145
INFO:kbc-cli.py:Epoch 62/100	Loss 11.6721 ± 0.1192
INFO:kbc-cli.py:Epoch 63/100	Loss 11.6697 ± 0.1177
INFO:kbc-cli.py:Epoch 63/100	dev results	MRR 0.366679	H@1 0.273196	H@3 0.402053	H@5 0.468149	H@10 0.555489	H@20 0.638608	H@50 0.734987	H@100 0.800684
INFO:kbc-cli.py:Epoch 63/100	test results	MRR 0.362026	H@1 0.269178	H@3 0.398246	H@5 0.463378	H@10 0.549228	H@20 0.632122	H@50 0.732654	H@100 0.797787
INFO:kbc-cli.py:Epoch 64/100	Loss 11.6672 ± 0.1200
INFO:kbc-cli.py:Epoch 65/100	Loss 11.6650 ± 0.1177
INFO:kbc-cli.py:Epoch 66/100	Loss 11.6627 ± 0.1180
INFO:kbc-cli.py:Epoch 66/100	dev results	MRR 0.365901	H@1 0.272255	H@3 0.401055	H@5 0.468149	H@10 0.555831	H@20 0.637896	H@50 0.735215	H@100 0.801825
INFO:kbc-cli.py:Epoch 66/100	test results	MRR 0.361738	H@1 0.268836	H@3 0.397049	H@5 0.462230	H@10 0.549057	H@20 0.632073	H@50 0.732508	H@100 0.798300
INFO:kbc-cli.py:Epoch 67/100	Loss 11.6603 ± 0.1106
INFO:kbc-cli.py:Epoch 68/100	Loss 11.6581 ± 0.1156
INFO:kbc-cli.py:Epoch 69/100	Loss 11.6555 ± 0.1178
INFO:kbc-cli.py:Epoch 69/100	dev results	MRR 0.366699	H@1 0.272854	H@3 0.403564	H@5 0.468121	H@10 0.555033	H@20 0.637354	H@50 0.735757	H@100 0.801711
INFO:kbc-cli.py:Epoch 69/100	test results	MRR 0.362085	H@1 0.268885	H@3 0.398734	H@5 0.462963	H@10 0.549619	H@20 0.632928	H@50 0.732214	H@100 0.798642
INFO:kbc-cli.py:Epoch 70/100	Loss 11.6538 ± 0.1149
INFO:kbc-cli.py:Epoch 71/100	Loss 11.6515 ± 0.1146
INFO:kbc-cli.py:Epoch 72/100	Loss 11.6498 ± 0.1138
INFO:kbc-cli.py:Epoch 72/100	dev results	MRR 0.367467	H@1 0.273966	H@3 0.402338	H@5 0.467836	H@10 0.556544	H@20 0.637810	H@50 0.735358	H@100 0.801169
INFO:kbc-cli.py:Epoch 72/100	test results	MRR 0.362117	H@1 0.269227	H@3 0.396487	H@5 0.462303	H@10 0.549765	H@20 0.632708	H@50 0.732825	H@100 0.798495
INFO:kbc-cli.py:Epoch 73/100	Loss 11.6477 ± 0.1188
INFO:kbc-cli.py:Epoch 74/100	Loss 11.6457 ± 0.1227
INFO:kbc-cli.py:Epoch 75/100	Loss 11.6439 ± 0.1180
INFO:kbc-cli.py:Epoch 75/100	dev results	MRR 0.367226	H@1 0.273453	H@3 0.403650	H@5 0.468549	H@10 0.556002	H@20 0.638266	H@50 0.735672	H@100 0.801055
INFO:kbc-cli.py:Epoch 75/100	test results	MRR 0.362794	H@1 0.270033	H@3 0.397904	H@5 0.463183	H@10 0.549106	H@20 0.631511	H@50 0.733534	H@100 0.798715
INFO:kbc-cli.py:Epoch 76/100	Loss 11.6419 ± 0.1159
INFO:kbc-cli.py:Epoch 77/100	Loss 11.6403 ± 0.1106
INFO:kbc-cli.py:Epoch 78/100	Loss 11.6381 ± 0.1146
INFO:kbc-cli.py:Epoch 78/100	dev results	MRR 0.366767	H@1 0.272968	H@3 0.402823	H@5 0.468805	H@10 0.556430	H@20 0.638437	H@50 0.734845	H@100 0.801511
INFO:kbc-cli.py:Epoch 78/100	test results	MRR 0.363069	H@1 0.270424	H@3 0.398808	H@5 0.464087	H@10 0.548935	H@20 0.632146	H@50 0.732581	H@100 0.798715
INFO:kbc-cli.py:Epoch 79/100	Loss 11.6370 ± 0.1198
INFO:kbc-cli.py:Epoch 80/100	Loss 11.6348 ± 0.1110
INFO:kbc-cli.py:Epoch 81/100	Loss 11.6331 ± 0.1153
INFO:kbc-cli.py:Epoch 81/100	dev results	MRR 0.367283	H@1 0.273710	H@3 0.403194	H@5 0.468435	H@10 0.556202	H@20 0.638209	H@50 0.734902	H@100 0.801397
INFO:kbc-cli.py:Epoch 81/100	test results	MRR 0.362635	H@1 0.269838	H@3 0.396927	H@5 0.463158	H@10 0.549570	H@20 0.632586	H@50 0.732166	H@100 0.798519
INFO:kbc-cli.py:Epoch 82/100	Loss 11.6309 ± 0.1155
INFO:kbc-cli.py:Epoch 83/100	Loss 11.6298 ± 0.1070
INFO:kbc-cli.py:Epoch 84/100	Loss 11.6277 ± 0.1078
INFO:kbc-cli.py:Epoch 84/100	dev results	MRR 0.368358	H@1 0.275307	H@3 0.403479	H@5 0.468862	H@10 0.556259	H@20 0.639179	H@50 0.734902	H@100 0.800713
INFO:kbc-cli.py:Epoch 84/100	test results	MRR 0.363505	H@1 0.270815	H@3 0.398857	H@5 0.464527	H@10 0.550083	H@20 0.632317	H@50 0.733387	H@100 0.799423
INFO:kbc-cli.py:Epoch 85/100	Loss 11.6265 ± 0.1095
INFO:kbc-cli.py:Epoch 86/100	Loss 11.6246 ± 0.1105
INFO:kbc-cli.py:Epoch 87/100	Loss 11.6236 ± 0.1110
INFO:kbc-cli.py:Epoch 87/100	dev results	MRR 0.368142	H@1 0.274651	H@3 0.404192	H@5 0.468435	H@10 0.557399	H@20 0.638951	H@50 0.735586	H@100 0.801255
INFO:kbc-cli.py:Epoch 87/100	test results	MRR 0.363193	H@1 0.270449	H@3 0.398246	H@5 0.463916	H@10 0.549643	H@20 0.633001	H@50 0.733143	H@100 0.799228
INFO:kbc-cli.py:Epoch 88/100	Loss 11.6218 ± 0.1115
INFO:kbc-cli.py:Epoch 89/100	Loss 11.6204 ± 0.1116
INFO:kbc-cli.py:Epoch 90/100	Loss 11.6188 ± 0.1078
INFO:kbc-cli.py:Epoch 90/100	dev results	MRR 0.367442	H@1 0.273311	H@3 0.403251	H@5 0.469461	H@10 0.556972	H@20 0.638580	H@50 0.735985	H@100 0.801768
INFO:kbc-cli.py:Epoch 90/100	test results	MRR 0.363232	H@1 0.270253	H@3 0.398197	H@5 0.464209	H@10 0.550205	H@20 0.633612	H@50 0.733387	H@100 0.799179
INFO:kbc-cli.py:Epoch 91/100	Loss 11.6176 ± 0.1122
INFO:kbc-cli.py:Epoch 92/100	Loss 11.6161 ± 0.1118
INFO:kbc-cli.py:Epoch 93/100	Loss 11.6142 ± 0.1183
INFO:kbc-cli.py:Epoch 93/100	dev results	MRR 0.367747	H@1 0.273824	H@3 0.403849	H@5 0.470003	H@10 0.558027	H@20 0.638209	H@50 0.735985	H@100 0.801853
INFO:kbc-cli.py:Epoch 93/100	test results	MRR 0.363744	H@1 0.270766	H@3 0.399101	H@5 0.465455	H@10 0.551378	H@20 0.632341	H@50 0.733192	H@100 0.799521
INFO:kbc-cli.py:Epoch 94/100	Loss 11.6132 ± 0.1065
INFO:kbc-cli.py:Epoch 95/100	Loss 11.6121 ± 0.1107
INFO:kbc-cli.py:Epoch 96/100	Loss 11.6101 ± 0.1125
INFO:kbc-cli.py:Epoch 96/100	dev results	MRR 0.368231	H@1 0.274993	H@3 0.403108	H@5 0.469176	H@10 0.557228	H@20 0.638865	H@50 0.735215	H@100 0.801796
INFO:kbc-cli.py:Epoch 96/100	test results	MRR 0.363721	H@1 0.270937	H@3 0.398759	H@5 0.464527	H@10 0.550034	H@20 0.633245	H@50 0.733387	H@100 0.799619
INFO:kbc-cli.py:Epoch 97/100	Loss 11.6095 ± 0.1116
INFO:kbc-cli.py:Epoch 98/100	Loss 11.6076 ± 0.1079
INFO:kbc-cli.py:Epoch 99/100	Loss 11.6066 ± 0.1111
INFO:kbc-cli.py:Epoch 99/100	dev results	MRR 0.368430	H@1 0.275107	H@3 0.404306	H@5 0.468720	H@10 0.557941	H@20 0.638494	H@50 0.735957	H@100 0.801939
INFO:kbc-cli.py:Epoch 99/100	test results	MRR 0.363402	H@1 0.270717	H@3 0.399077	H@5 0.463867	H@10 0.550132	H@20 0.632781	H@50 0.732996	H@100 0.799277
INFO:kbc-cli.py:Epoch 100/100	Loss 11.6053 ± 0.1099
INFO:kbc-cli.py:Final 	dev results	MRR 0.367797	H@1 0.273909	H@3 0.404192	H@5 0.469176	H@10 0.557542	H@20 0.638551	H@50 0.736213	H@100 0.802281
INFO:kbc-cli.py:Final 	test results	MRR 0.363486	H@1 0.270473	H@3 0.398441	H@5 0.464282	H@10 0.550059	H@20 0.632781	H@50 0.733876	H@100 0.799155
INFO:kbc-cli.py:Training finished
