./bin/kbc-cli.py --train data/nations/train.tsv --dev data/nations/dev.tsv --test data/nations/test.tsv -m complex -k 200 -b 100 -e 100 --F2 0 --N3 0.1 -l 0.1 -I standard -V 3 -o adagrad -c spo -q
{'F2': 0.0,
 'N3': 0.1,
 'batch_size': 100,
 'corruption': 'spo',
 'dev': 'data/nations/dev.tsv',
 'embedding_size': 200,
 'epochs': 100,
 'eval_batch_size': None,
 'input_type': 'standard',
 'learning_rate': 0.1,
 'load': None,
 'model': 'complex',
 'optimizer': 'adagrad',
 'quiet': True,
 'save': None,
 'seed': 0,
 'test': 'data/nations/test.tsv',
 'test_i': None,
 'test_ii': None,
 'train': 'data/nations/train.tsv',
 'validate_every': 3}
INFO:kbc-cli.py:Device: cuda
INFO:kbc-cli.py:Model state:
INFO:kbc-cli.py:	entities.weight	torch.Size([14, 400])
INFO:kbc-cli.py:	predicates.weight	torch.Size([55, 400])
INFO:kbc-cli.py:Epoch 1/100	Loss 9.4174 ± 0.1287
INFO:kbc-cli.py:Epoch 2/100	Loss 9.0473 ± 0.0665
INFO:kbc-cli.py:Epoch 3/100	Loss 8.8764 ± 0.0713
INFO:kbc-cli.py:Epoch 3/100	dev results	MRR 0.660155	H@1 0.487437	H@3 0.806533	H@5 0.902010	H@10 0.992462	H@20 1.000000	H@50 1.000000	H@100 1.000000
INFO:kbc-cli.py:Epoch 3/100	test results	MRR 0.683908	H@1 0.512438	H@3 0.825871	H@5 0.925373	H@10 0.990050	H@20 1.000000	H@50 1.000000	H@100 1.000000
INFO:kbc-cli.py:Epoch 4/100	Loss 8.7903 ± 0.1160
INFO:kbc-cli.py:Epoch 5/100	Loss 8.7334 ± 0.1098
INFO:kbc-cli.py:Epoch 6/100	Loss 8.7013 ± 0.1004
INFO:kbc-cli.py:Epoch 6/100	dev results	MRR 0.701061	H@1 0.540201	H@3 0.814070	H@5 0.927136	H@10 0.992462	H@20 1.000000	H@50 1.000000	H@100 1.000000
INFO:kbc-cli.py:Epoch 6/100	test results	MRR 0.734972	H@1 0.589552	H@3 0.850746	H@5 0.937811	H@10 0.992537	H@20 1.000000	H@50 1.000000	H@100 1.000000
INFO:kbc-cli.py:Epoch 7/100	Loss 8.6743 ± 0.1176
INFO:kbc-cli.py:Epoch 8/100	Loss 8.6470 ± 0.0978
INFO:kbc-cli.py:Epoch 9/100	Loss 8.6327 ± 0.1275
INFO:kbc-cli.py:Epoch 9/100	dev results	MRR 0.725119	H@1 0.580402	H@3 0.834171	H@5 0.934673	H@10 0.992462	H@20 1.000000	H@50 1.000000	H@100 1.000000
INFO:kbc-cli.py:Epoch 9/100	test results	MRR 0.761102	H@1 0.626866	H@3 0.880597	H@5 0.947761	H@10 0.995025	H@20 1.000000	H@50 1.000000	H@100 1.000000
INFO:kbc-cli.py:Epoch 10/100	Loss 8.6203 ± 0.1240
INFO:kbc-cli.py:Epoch 11/100	Loss 8.6040 ± 0.1115
INFO:kbc-cli.py:Epoch 12/100	Loss 8.5899 ± 0.1190
INFO:kbc-cli.py:Epoch 12/100	dev results	MRR 0.729851	H@1 0.585427	H@3 0.846734	H@5 0.939698	H@10 0.992462	H@20 1.000000	H@50 1.000000	H@100 1.000000
INFO:kbc-cli.py:Epoch 12/100	test results	MRR 0.780977	H@1 0.659204	H@3 0.888060	H@5 0.955224	H@10 0.995025	H@20 1.000000	H@50 1.000000	H@100 1.000000
INFO:kbc-cli.py:Epoch 13/100	Loss 8.5798 ± 0.0883
INFO:kbc-cli.py:Epoch 14/100	Loss 8.5712 ± 0.0838
INFO:kbc-cli.py:Epoch 15/100	Loss 8.5625 ± 0.1016
INFO:kbc-cli.py:Epoch 15/100	dev results	MRR 0.734410	H@1 0.587940	H@3 0.851759	H@5 0.939698	H@10 0.992462	H@20 1.000000	H@50 1.000000	H@100 1.000000
INFO:kbc-cli.py:Epoch 15/100	test results	MRR 0.788396	H@1 0.666667	H@3 0.895522	H@5 0.957711	H@10 0.995025	H@20 1.000000	H@50 1.000000	H@100 1.000000
INFO:kbc-cli.py:Epoch 16/100	Loss 8.5568 ± 0.1145
INFO:kbc-cli.py:Epoch 17/100	Loss 8.5483 ± 0.1022
INFO:kbc-cli.py:Epoch 18/100	Loss 8.5427 ± 0.1107
INFO:kbc-cli.py:Epoch 18/100	dev results	MRR 0.735858	H@1 0.592965	H@3 0.851759	H@5 0.939698	H@10 0.992462	H@20 1.000000	H@50 1.000000	H@100 1.000000
INFO:kbc-cli.py:Epoch 18/100	test results	MRR 0.792530	H@1 0.674129	H@3 0.888060	H@5 0.960199	H@10 0.997512	H@20 1.000000	H@50 1.000000	H@100 1.000000
INFO:kbc-cli.py:Epoch 19/100	Loss 8.5385 ± 0.1242
INFO:kbc-cli.py:Epoch 20/100	Loss 8.5322 ± 0.0669
INFO:kbc-cli.py:Epoch 21/100	Loss 8.5281 ± 0.1052
INFO:kbc-cli.py:Epoch 21/100	dev results	MRR 0.743026	H@1 0.600503	H@3 0.864322	H@5 0.942211	H@10 0.989950	H@20 1.000000	H@50 1.000000	H@100 1.000000
INFO:kbc-cli.py:Epoch 21/100	test results	MRR 0.786837	H@1 0.661692	H@3 0.890547	H@5 0.962687	H@10 0.997512	H@20 1.000000	H@50 1.000000	H@100 1.000000
INFO:kbc-cli.py:Epoch 22/100	Loss 8.5231 ± 0.1017
INFO:kbc-cli.py:Epoch 23/100	Loss 8.5191 ± 0.0955
INFO:kbc-cli.py:Epoch 24/100	Loss 8.5152 ± 0.0749
INFO:kbc-cli.py:Epoch 24/100	dev results	MRR 0.750916	H@1 0.615578	H@3 0.866834	H@5 0.944724	H@10 0.989950	H@20 1.000000	H@50 1.000000	H@100 1.000000
INFO:kbc-cli.py:Epoch 24/100	test results	MRR 0.790900	H@1 0.666667	H@3 0.898010	H@5 0.962687	H@10 0.997512	H@20 1.000000	H@50 1.000000	H@100 1.000000
INFO:kbc-cli.py:Epoch 25/100	Loss 8.5106 ± 0.1075
INFO:kbc-cli.py:Epoch 26/100	Loss 8.5096 ± 0.0863
INFO:kbc-cli.py:Epoch 27/100	Loss 8.5063 ± 0.0910
INFO:kbc-cli.py:Epoch 27/100	dev results	MRR 0.753878	H@1 0.623116	H@3 0.866834	H@5 0.947236	H@10 0.992462	H@20 1.000000	H@50 1.000000	H@100 1.000000
INFO:kbc-cli.py:Epoch 27/100	test results	MRR 0.790959	H@1 0.666667	H@3 0.895522	H@5 0.960199	H@10 0.997512	H@20 1.000000	H@50 1.000000	H@100 1.000000
INFO:kbc-cli.py:Epoch 28/100	Loss 8.5037 ± 0.0869
INFO:kbc-cli.py:Epoch 29/100	Loss 8.4987 ± 0.0777
INFO:kbc-cli.py:Epoch 30/100	Loss 8.4968 ± 0.1125
INFO:kbc-cli.py:Epoch 30/100	dev results	MRR 0.757900	H@1 0.630653	H@3 0.871859	H@5 0.949749	H@10 0.992462	H@20 1.000000	H@50 1.000000	H@100 1.000000
INFO:kbc-cli.py:Epoch 30/100	test results	MRR 0.792024	H@1 0.669154	H@3 0.898010	H@5 0.965174	H@10 1.000000	H@20 1.000000	H@50 1.000000	H@100 1.000000
INFO:kbc-cli.py:Epoch 31/100	Loss 8.4949 ± 0.0683
INFO:kbc-cli.py:Epoch 32/100	Loss 8.4913 ± 0.0676
INFO:kbc-cli.py:Epoch 33/100	Loss 8.4902 ± 0.0856
INFO:kbc-cli.py:Epoch 33/100	dev results	MRR 0.753663	H@1 0.623116	H@3 0.864322	H@5 0.949749	H@10 0.992462	H@20 1.000000	H@50 1.000000	H@100 1.000000
INFO:kbc-cli.py:Epoch 33/100	test results	MRR 0.797953	H@1 0.679104	H@3 0.900498	H@5 0.967662	H@10 1.000000	H@20 1.000000	H@50 1.000000	H@100 1.000000
INFO:kbc-cli.py:Epoch 34/100	Loss 8.4874 ± 0.1264
INFO:kbc-cli.py:Epoch 35/100	Loss 8.4867 ± 0.1158
INFO:kbc-cli.py:Epoch 36/100	Loss 8.4842 ± 0.0965
INFO:kbc-cli.py:Epoch 36/100	dev results	MRR 0.757655	H@1 0.630653	H@3 0.866834	H@5 0.954774	H@10 0.992462	H@20 1.000000	H@50 1.000000	H@100 1.000000
INFO:kbc-cli.py:Epoch 36/100	test results	MRR 0.798645	H@1 0.681592	H@3 0.900498	H@5 0.967662	H@10 1.000000	H@20 1.000000	H@50 1.000000	H@100 1.000000
INFO:kbc-cli.py:Epoch 37/100	Loss 8.4821 ± 0.0701
INFO:kbc-cli.py:Epoch 38/100	Loss 8.4796 ± 0.0653
INFO:kbc-cli.py:Epoch 39/100	Loss 8.4769 ± 0.0543
INFO:kbc-cli.py:Epoch 39/100	dev results	MRR 0.758538	H@1 0.633166	H@3 0.866834	H@5 0.952261	H@10 0.992462	H@20 1.000000	H@50 1.000000	H@100 1.000000
INFO:kbc-cli.py:Epoch 39/100	test results	MRR 0.793904	H@1 0.671642	H@3 0.898010	H@5 0.967662	H@10 1.000000	H@20 1.000000	H@50 1.000000	H@100 1.000000
INFO:kbc-cli.py:Epoch 40/100	Loss 8.4768 ± 0.1272
INFO:kbc-cli.py:Epoch 41/100	Loss 8.4770 ± 0.1017
INFO:kbc-cli.py:Epoch 42/100	Loss 8.4740 ± 0.0862
INFO:kbc-cli.py:Epoch 42/100	dev results	MRR 0.754783	H@1 0.628141	H@3 0.866834	H@5 0.949749	H@10 0.992462	H@20 1.000000	H@50 1.000000	H@100 1.000000
INFO:kbc-cli.py:Epoch 42/100	test results	MRR 0.800929	H@1 0.684080	H@3 0.895522	H@5 0.967662	H@10 1.000000	H@20 1.000000	H@50 1.000000	H@100 1.000000
INFO:kbc-cli.py:Epoch 43/100	Loss 8.4720 ± 0.1063
INFO:kbc-cli.py:Epoch 44/100	Loss 8.4700 ± 0.1584
INFO:kbc-cli.py:Epoch 45/100	Loss 8.4698 ± 0.1149
INFO:kbc-cli.py:Epoch 45/100	dev results	MRR 0.755710	H@1 0.628141	H@3 0.866834	H@5 0.949749	H@10 0.992462	H@20 1.000000	H@50 1.000000	H@100 1.000000
INFO:kbc-cli.py:Epoch 45/100	test results	MRR 0.797940	H@1 0.679104	H@3 0.895522	H@5 0.967662	H@10 1.000000	H@20 1.000000	H@50 1.000000	H@100 1.000000
INFO:kbc-cli.py:Epoch 46/100	Loss 8.4674 ± 0.0962
INFO:kbc-cli.py:Epoch 47/100	Loss 8.4667 ± 0.0912
INFO:kbc-cli.py:Epoch 48/100	Loss 8.4639 ± 0.0799
INFO:kbc-cli.py:Epoch 48/100	dev results	MRR 0.757124	H@1 0.630653	H@3 0.869347	H@5 0.952261	H@10 0.992462	H@20 1.000000	H@50 1.000000	H@100 1.000000
INFO:kbc-cli.py:Epoch 48/100	test results	MRR 0.796819	H@1 0.676617	H@3 0.898010	H@5 0.967662	H@10 0.997512	H@20 1.000000	H@50 1.000000	H@100 1.000000
INFO:kbc-cli.py:Epoch 49/100	Loss 8.4649 ± 0.0727
INFO:kbc-cli.py:Epoch 50/100	Loss 8.4633 ± 0.0898
INFO:kbc-cli.py:Epoch 51/100	Loss 8.4634 ± 0.0946
INFO:kbc-cli.py:Epoch 51/100	dev results	MRR 0.756831	H@1 0.628141	H@3 0.866834	H@5 0.949749	H@10 0.992462	H@20 1.000000	H@50 1.000000	H@100 1.000000
INFO:kbc-cli.py:Epoch 51/100	test results	MRR 0.797417	H@1 0.676617	H@3 0.898010	H@5 0.967662	H@10 0.997512	H@20 1.000000	H@50 1.000000	H@100 1.000000
INFO:kbc-cli.py:Epoch 52/100	Loss 8.4613 ± 0.0619
INFO:kbc-cli.py:Epoch 53/100	Loss 8.4605 ± 0.0758
INFO:kbc-cli.py:Epoch 54/100	Loss 8.4588 ± 0.0915
INFO:kbc-cli.py:Epoch 54/100	dev results	MRR 0.754828	H@1 0.625628	H@3 0.864322	H@5 0.947236	H@10 0.992462	H@20 1.000000	H@50 1.000000	H@100 1.000000
INFO:kbc-cli.py:Epoch 54/100	test results	MRR 0.798313	H@1 0.679104	H@3 0.898010	H@5 0.967662	H@10 1.000000	H@20 1.000000	H@50 1.000000	H@100 1.000000
INFO:kbc-cli.py:Epoch 55/100	Loss 8.4591 ± 0.1049
INFO:kbc-cli.py:Epoch 56/100	Loss 8.4565 ± 0.0835
INFO:kbc-cli.py:Epoch 57/100	Loss 8.4567 ± 0.0980
INFO:kbc-cli.py:Epoch 57/100	dev results	MRR 0.756875	H@1 0.628141	H@3 0.871859	H@5 0.949749	H@10 0.992462	H@20 1.000000	H@50 1.000000	H@100 1.000000
INFO:kbc-cli.py:Epoch 57/100	test results	MRR 0.794882	H@1 0.674129	H@3 0.895522	H@5 0.962687	H@10 1.000000	H@20 1.000000	H@50 1.000000	H@100 1.000000
INFO:kbc-cli.py:Epoch 58/100	Loss 8.4553 ± 0.1006
INFO:kbc-cli.py:Epoch 59/100	Loss 8.4546 ± 0.1133
INFO:kbc-cli.py:Epoch 60/100	Loss 8.4535 ± 0.1076
INFO:kbc-cli.py:Epoch 60/100	dev results	MRR 0.756917	H@1 0.625628	H@3 0.869347	H@5 0.949749	H@10 0.992462	H@20 1.000000	H@50 1.000000	H@100 1.000000
INFO:kbc-cli.py:Epoch 60/100	test results	MRR 0.796644	H@1 0.676617	H@3 0.900498	H@5 0.962687	H@10 1.000000	H@20 1.000000	H@50 1.000000	H@100 1.000000
INFO:kbc-cli.py:Epoch 61/100	Loss 8.4529 ± 0.0904
INFO:kbc-cli.py:Epoch 62/100	Loss 8.4516 ± 0.1130
INFO:kbc-cli.py:Epoch 63/100	Loss 8.4499 ± 0.0604
INFO:kbc-cli.py:Epoch 63/100	dev results	MRR 0.755013	H@1 0.623116	H@3 0.869347	H@5 0.947236	H@10 0.992462	H@20 1.000000	H@50 1.000000	H@100 1.000000
INFO:kbc-cli.py:Epoch 63/100	test results	MRR 0.795276	H@1 0.674129	H@3 0.898010	H@5 0.965174	H@10 1.000000	H@20 1.000000	H@50 1.000000	H@100 1.000000
INFO:kbc-cli.py:Epoch 64/100	Loss 8.4500 ± 0.1012
INFO:kbc-cli.py:Epoch 65/100	Loss 8.4505 ± 0.1048
INFO:kbc-cli.py:Epoch 66/100	Loss 8.4486 ± 0.1326
INFO:kbc-cli.py:Epoch 66/100	dev results	MRR 0.754755	H@1 0.623116	H@3 0.869347	H@5 0.947236	H@10 0.992462	H@20 1.000000	H@50 1.000000	H@100 1.000000
INFO:kbc-cli.py:Epoch 66/100	test results	MRR 0.799048	H@1 0.681592	H@3 0.898010	H@5 0.962687	H@10 1.000000	H@20 1.000000	H@50 1.000000	H@100 1.000000
INFO:kbc-cli.py:Epoch 67/100	Loss 8.4471 ± 0.1130
INFO:kbc-cli.py:Epoch 68/100	Loss 8.4469 ± 0.0676
INFO:kbc-cli.py:Epoch 69/100	Loss 8.4450 ± 0.0873
INFO:kbc-cli.py:Epoch 69/100	dev results	MRR 0.756395	H@1 0.625628	H@3 0.869347	H@5 0.947236	H@10 0.992462	H@20 1.000000	H@50 1.000000	H@100 1.000000
INFO:kbc-cli.py:Epoch 69/100	test results	MRR 0.799463	H@1 0.681592	H@3 0.898010	H@5 0.962687	H@10 1.000000	H@20 1.000000	H@50 1.000000	H@100 1.000000
INFO:kbc-cli.py:Epoch 70/100	Loss 8.4459 ± 0.0769
INFO:kbc-cli.py:Epoch 71/100	Loss 8.4455 ± 0.1068
INFO:kbc-cli.py:Epoch 72/100	Loss 8.4439 ± 0.0779
INFO:kbc-cli.py:Epoch 72/100	dev results	MRR 0.754720	H@1 0.623116	H@3 0.864322	H@5 0.947236	H@10 0.992462	H@20 1.000000	H@50 1.000000	H@100 1.000000
INFO:kbc-cli.py:Epoch 72/100	test results	MRR 0.799256	H@1 0.681592	H@3 0.900498	H@5 0.962687	H@10 1.000000	H@20 1.000000	H@50 1.000000	H@100 1.000000
INFO:kbc-cli.py:Epoch 73/100	Loss 8.4437 ± 0.0998
INFO:kbc-cli.py:Epoch 74/100	Loss 8.4433 ± 0.0876
INFO:kbc-cli.py:Epoch 75/100	Loss 8.4421 ± 0.1010
INFO:kbc-cli.py:Epoch 75/100	dev results	MRR 0.754930	H@1 0.623116	H@3 0.869347	H@5 0.949749	H@10 0.992462	H@20 1.000000	H@50 1.000000	H@100 1.000000
INFO:kbc-cli.py:Epoch 75/100	test results	MRR 0.801830	H@1 0.686567	H@3 0.902985	H@5 0.960199	H@10 1.000000	H@20 1.000000	H@50 1.000000	H@100 1.000000
INFO:kbc-cli.py:Epoch 76/100	Loss 8.4408 ± 0.0837
INFO:kbc-cli.py:Epoch 77/100	Loss 8.4411 ± 0.0975
INFO:kbc-cli.py:Epoch 78/100	Loss 8.4400 ± 0.0626
INFO:kbc-cli.py:Epoch 78/100	dev results	MRR 0.756311	H@1 0.628141	H@3 0.866834	H@5 0.947236	H@10 0.992462	H@20 1.000000	H@50 1.000000	H@100 1.000000
INFO:kbc-cli.py:Epoch 78/100	test results	MRR 0.803336	H@1 0.689055	H@3 0.902985	H@5 0.965174	H@10 1.000000	H@20 1.000000	H@50 1.000000	H@100 1.000000
INFO:kbc-cli.py:Epoch 79/100	Loss 8.4405 ± 0.1009
INFO:kbc-cli.py:Epoch 80/100	Loss 8.4385 ± 0.0833
INFO:kbc-cli.py:Epoch 81/100	Loss 8.4375 ± 0.0799
INFO:kbc-cli.py:Epoch 81/100	dev results	MRR 0.754427	H@1 0.625628	H@3 0.864322	H@5 0.947236	H@10 0.992462	H@20 1.000000	H@50 1.000000	H@100 1.000000
INFO:kbc-cli.py:Epoch 81/100	test results	MRR 0.803779	H@1 0.689055	H@3 0.902985	H@5 0.965174	H@10 1.000000	H@20 1.000000	H@50 1.000000	H@100 1.000000
INFO:kbc-cli.py:Epoch 82/100	Loss 8.4383 ± 0.0947
INFO:kbc-cli.py:Epoch 83/100	Loss 8.4381 ± 0.0957
INFO:kbc-cli.py:Epoch 84/100	Loss 8.4379 ± 0.1174
INFO:kbc-cli.py:Epoch 84/100	dev results	MRR 0.751496	H@1 0.618090	H@3 0.864322	H@5 0.947236	H@10 0.992462	H@20 1.000000	H@50 1.000000	H@100 1.000000
INFO:kbc-cli.py:Epoch 84/100	test results	MRR 0.804898	H@1 0.691542	H@3 0.902985	H@5 0.965174	H@10 1.000000	H@20 1.000000	H@50 1.000000	H@100 1.000000
INFO:kbc-cli.py:Epoch 85/100	Loss 8.4370 ± 0.0848
INFO:kbc-cli.py:Epoch 86/100	Loss 8.4356 ± 0.0946
INFO:kbc-cli.py:Epoch 87/100	Loss 8.4354 ± 0.0647
INFO:kbc-cli.py:Epoch 87/100	dev results	MRR 0.755181	H@1 0.625628	H@3 0.861809	H@5 0.947236	H@10 0.992462	H@20 1.000000	H@50 1.000000	H@100 1.000000
INFO:kbc-cli.py:Epoch 87/100	test results	MRR 0.802908	H@1 0.686567	H@3 0.902985	H@5 0.967662	H@10 1.000000	H@20 1.000000	H@50 1.000000	H@100 1.000000
INFO:kbc-cli.py:Epoch 88/100	Loss 8.4345 ± 0.0678
INFO:kbc-cli.py:Epoch 89/100	Loss 8.4338 ± 0.0721
INFO:kbc-cli.py:Epoch 90/100	Loss 8.4346 ± 0.0859
INFO:kbc-cli.py:Epoch 90/100	dev results	MRR 0.755390	H@1 0.625628	H@3 0.869347	H@5 0.947236	H@10 0.992462	H@20 1.000000	H@50 1.000000	H@100 1.000000
INFO:kbc-cli.py:Epoch 90/100	test results	MRR 0.805437	H@1 0.691542	H@3 0.902985	H@5 0.965174	H@10 1.000000	H@20 1.000000	H@50 1.000000	H@100 1.000000
INFO:kbc-cli.py:Epoch 91/100	Loss 8.4329 ± 0.0617
INFO:kbc-cli.py:Epoch 92/100	Loss 8.4340 ± 0.1007
INFO:kbc-cli.py:Epoch 93/100	Loss 8.4327 ± 0.0667
INFO:kbc-cli.py:Epoch 93/100	dev results	MRR 0.756263	H@1 0.628141	H@3 0.864322	H@5 0.947236	H@10 0.992462	H@20 1.000000	H@50 1.000000	H@100 1.000000
INFO:kbc-cli.py:Epoch 93/100	test results	MRR 0.803986	H@1 0.689055	H@3 0.902985	H@5 0.962687	H@10 1.000000	H@20 1.000000	H@50 1.000000	H@100 1.000000
INFO:kbc-cli.py:Epoch 94/100	Loss 8.4323 ± 0.0830
INFO:kbc-cli.py:Epoch 95/100	Loss 8.4312 ± 0.0906
INFO:kbc-cli.py:Epoch 96/100	Loss 8.4307 ± 0.1167
INFO:kbc-cli.py:Epoch 96/100	dev results	MRR 0.757100	H@1 0.628141	H@3 0.864322	H@5 0.947236	H@10 0.992462	H@20 1.000000	H@50 1.000000	H@100 1.000000
INFO:kbc-cli.py:Epoch 96/100	test results	MRR 0.803862	H@1 0.689055	H@3 0.905473	H@5 0.965174	H@10 1.000000	H@20 1.000000	H@50 1.000000	H@100 1.000000
INFO:kbc-cli.py:Epoch 97/100	Loss 8.4312 ± 0.0829
INFO:kbc-cli.py:Epoch 98/100	Loss 8.4305 ± 0.0970
INFO:kbc-cli.py:Epoch 99/100	Loss 8.4299 ± 0.0838
INFO:kbc-cli.py:Epoch 99/100	dev results	MRR 0.756681	H@1 0.628141	H@3 0.864322	H@5 0.947236	H@10 0.992462	H@20 1.000000	H@50 1.000000	H@100 1.000000
INFO:kbc-cli.py:Epoch 99/100	test results	MRR 0.803571	H@1 0.689055	H@3 0.905473	H@5 0.965174	H@10 1.000000	H@20 1.000000	H@50 1.000000	H@100 1.000000
INFO:kbc-cli.py:Epoch 100/100	Loss 8.4288 ± 0.0583
INFO:kbc-cli.py:Final 	dev results	MRR 0.756346	H@1 0.628141	H@3 0.864322	H@5 0.949749	H@10 0.992462	H@20 1.000000	H@50 1.000000	H@100 1.000000
INFO:kbc-cli.py:Final 	test results	MRR 0.803599	H@1 0.689055	H@3 0.905473	H@5 0.965174	H@10 1.000000	H@20 1.000000	H@50 1.000000	H@100 1.000000
INFO:kbc-cli.py:Training finished
