./bin/kbc-cli.py --train data/umls/train.tsv --dev data/umls/dev.tsv --test data/umls/test.tsv -m complex -k 200 -b 100 -e 100 --F2 0 --N3 0.001 -l 0.1 -I standard -V 3 -o adagrad -c spo -q
{'F2': 0.0,
 'N3': 0.001,
 'batch_size': 100,
 'corruption': 'spo',
 'dev': 'data/umls/dev.tsv',
 'embedding_size': 200,
 'epochs': 100,
 'eval_batch_size': None,
 'input_type': 'standard',
 'learning_rate': 0.1,
 'load': None,
 'model': 'complex',
 'optimizer': 'adagrad',
 'quiet': True,
 'save': None,
 'seed': 0,
 'test': 'data/umls/test.tsv',
 'test_i': None,
 'test_ii': None,
 'train': 'data/umls/train.tsv',
 'validate_every': 3}
INFO:kbc-cli.py:Device: cuda
INFO:kbc-cli.py:Model state:
INFO:kbc-cli.py:	entities.weight	torch.Size([135, 400])
INFO:kbc-cli.py:	predicates.weight	torch.Size([46, 400])
INFO:kbc-cli.py:Epoch 1/100	Loss 10.3986 ± 2.0889
INFO:kbc-cli.py:Epoch 2/100	Loss 6.8868 ± 0.2021
INFO:kbc-cli.py:Epoch 3/100	Loss 6.4869 ± 0.2463
INFO:kbc-cli.py:Epoch 3/100	dev results	MRR 0.904625	H@1 0.832055	H@3 0.971626	H@5 0.986196	H@10 0.993098	H@20 0.998466	H@50 1.000000	H@100 1.000000
INFO:kbc-cli.py:Epoch 3/100	test results	MRR 0.894142	H@1 0.807867	H@3 0.979576	H@5 0.988654	H@10 0.996218	H@20 0.996974	H@50 0.998487	H@100 1.000000
INFO:kbc-cli.py:Epoch 4/100	Loss 6.3109 ± 0.2544
INFO:kbc-cli.py:Epoch 5/100	Loss 6.2346 ± 0.2216
INFO:kbc-cli.py:Epoch 6/100	Loss 6.1629 ± 0.2189
INFO:kbc-cli.py:Epoch 6/100	dev results	MRR 0.899139	H@1 0.814417	H@3 0.982362	H@5 0.988497	H@10 0.995399	H@20 0.997699	H@50 1.000000	H@100 1.000000
INFO:kbc-cli.py:Epoch 6/100	test results	MRR 0.885182	H@1 0.785174	H@3 0.984871	H@5 0.991679	H@10 0.996218	H@20 0.996974	H@50 0.999244	H@100 1.000000
INFO:kbc-cli.py:Epoch 7/100	Loss 6.1078 ± 0.2208
INFO:kbc-cli.py:Epoch 8/100	Loss 6.0678 ± 0.2244
INFO:kbc-cli.py:Epoch 9/100	Loss 6.0171 ± 0.2448
INFO:kbc-cli.py:Epoch 9/100	dev results	MRR 0.933011	H@1 0.884202	H@3 0.977761	H@5 0.988497	H@10 0.995399	H@20 0.998466	H@50 1.000000	H@100 1.000000
INFO:kbc-cli.py:Epoch 9/100	test results	MRR 0.925041	H@1 0.864599	H@3 0.987897	H@5 0.991679	H@10 0.995461	H@20 0.996974	H@50 0.999244	H@100 1.000000
INFO:kbc-cli.py:Epoch 10/100	Loss 6.0004 ± 0.2144
INFO:kbc-cli.py:Epoch 11/100	Loss 5.9703 ± 0.2024
INFO:kbc-cli.py:Epoch 12/100	Loss 5.9458 ± 0.2283
INFO:kbc-cli.py:Epoch 12/100	dev results	MRR 0.932839	H@1 0.881135	H@3 0.983129	H@5 0.987730	H@10 0.996166	H@20 0.999233	H@50 1.000000	H@100 1.000000
INFO:kbc-cli.py:Epoch 12/100	test results	MRR 0.925726	H@1 0.866112	H@3 0.985628	H@5 0.992436	H@10 0.996974	H@20 0.996974	H@50 0.999244	H@100 1.000000
INFO:kbc-cli.py:Epoch 13/100	Loss 5.9312 ± 0.2156
INFO:kbc-cli.py:Epoch 14/100	Loss 5.9071 ± 0.2006
INFO:kbc-cli.py:Epoch 15/100	Loss 5.8994 ± 0.2330
INFO:kbc-cli.py:Epoch 15/100	dev results	MRR 0.927898	H@1 0.871166	H@3 0.982362	H@5 0.986963	H@10 0.995399	H@20 0.998466	H@50 1.000000	H@100 1.000000
INFO:kbc-cli.py:Epoch 15/100	test results	MRR 0.921969	H@1 0.858548	H@3 0.984871	H@5 0.990166	H@10 0.996218	H@20 0.996974	H@50 0.998487	H@100 1.000000
INFO:kbc-cli.py:Epoch 16/100	Loss 5.8681 ± 0.1713
INFO:kbc-cli.py:Epoch 17/100	Loss 5.8549 ± 0.1840
INFO:kbc-cli.py:Epoch 18/100	Loss 5.8449 ± 0.2096
INFO:kbc-cli.py:Epoch 18/100	dev results	MRR 0.932605	H@1 0.880368	H@3 0.982362	H@5 0.988497	H@10 0.995399	H@20 0.999233	H@50 1.000000	H@100 1.000000
INFO:kbc-cli.py:Epoch 18/100	test results	MRR 0.933927	H@1 0.882753	H@3 0.983359	H@5 0.989410	H@10 0.996218	H@20 0.996974	H@50 0.998487	H@100 1.000000
INFO:kbc-cli.py:Epoch 19/100	Loss 5.8269 ± 0.1742
INFO:kbc-cli.py:Epoch 20/100	Loss 5.8206 ± 0.2099
INFO:kbc-cli.py:Epoch 21/100	Loss 5.8231 ± 0.2230
INFO:kbc-cli.py:Epoch 21/100	dev results	MRR 0.943016	H@1 0.901840	H@3 0.983129	H@5 0.987730	H@10 0.994632	H@20 0.998466	H@50 1.000000	H@100 1.000000
INFO:kbc-cli.py:Epoch 21/100	test results	MRR 0.940988	H@1 0.896369	H@3 0.984871	H@5 0.990166	H@10 0.996218	H@20 0.996974	H@50 0.999244	H@100 1.000000
INFO:kbc-cli.py:Epoch 22/100	Loss 5.7937 ± 0.2053
INFO:kbc-cli.py:Epoch 23/100	Loss 5.7979 ± 0.1815
INFO:kbc-cli.py:Epoch 24/100	Loss 5.7852 ± 0.1985
INFO:kbc-cli.py:Epoch 24/100	dev results	MRR 0.931275	H@1 0.878067	H@3 0.982362	H@5 0.987730	H@10 0.994632	H@20 0.999233	H@50 1.000000	H@100 1.000000
INFO:kbc-cli.py:Epoch 24/100	test results	MRR 0.925000	H@1 0.864599	H@3 0.984115	H@5 0.990923	H@10 0.996218	H@20 0.996974	H@50 0.999244	H@100 1.000000
INFO:kbc-cli.py:Epoch 25/100	Loss 5.7781 ± 0.1876
INFO:kbc-cli.py:Epoch 26/100	Loss 5.7620 ± 0.2158
INFO:kbc-cli.py:Epoch 27/100	Loss 5.7698 ± 0.1988
INFO:kbc-cli.py:Epoch 27/100	dev results	MRR 0.936148	H@1 0.889571	H@3 0.982362	H@5 0.988497	H@10 0.996933	H@20 0.999233	H@50 1.000000	H@100 1.000000
INFO:kbc-cli.py:Epoch 27/100	test results	MRR 0.931189	H@1 0.878215	H@3 0.982602	H@5 0.989410	H@10 0.996974	H@20 0.996974	H@50 0.998487	H@100 1.000000
INFO:kbc-cli.py:Epoch 28/100	Loss 5.7496 ± 0.2032
INFO:kbc-cli.py:Epoch 29/100	Loss 5.7549 ± 0.1910
INFO:kbc-cli.py:Epoch 30/100	Loss 5.7550 ± 0.2218
INFO:kbc-cli.py:Epoch 30/100	dev results	MRR 0.941997	H@1 0.899540	H@3 0.981595	H@5 0.987730	H@10 0.995399	H@20 0.998466	H@50 1.000000	H@100 1.000000
INFO:kbc-cli.py:Epoch 30/100	test results	MRR 0.939674	H@1 0.894856	H@3 0.982602	H@5 0.990166	H@10 0.996218	H@20 0.996974	H@50 0.998487	H@100 1.000000
INFO:kbc-cli.py:Epoch 31/100	Loss 5.7414 ± 0.1835
INFO:kbc-cli.py:Epoch 32/100	Loss 5.7271 ± 0.1810
INFO:kbc-cli.py:Epoch 33/100	Loss 5.7329 ± 0.1978
INFO:kbc-cli.py:Epoch 33/100	dev results	MRR 0.942464	H@1 0.900307	H@3 0.983129	H@5 0.986963	H@10 0.996933	H@20 0.999233	H@50 1.000000	H@100 1.000000
INFO:kbc-cli.py:Epoch 33/100	test results	MRR 0.937915	H@1 0.892587	H@3 0.981846	H@5 0.988654	H@10 0.996218	H@20 0.996974	H@50 0.999244	H@100 1.000000
INFO:kbc-cli.py:Epoch 34/100	Loss 5.7205 ± 0.1814
INFO:kbc-cli.py:Epoch 35/100	Loss 5.7232 ± 0.1833
INFO:kbc-cli.py:Epoch 36/100	Loss 5.7154 ± 0.1687
INFO:kbc-cli.py:Epoch 36/100	dev results	MRR 0.939198	H@1 0.894939	H@3 0.981595	H@5 0.987730	H@10 0.995399	H@20 0.999233	H@50 1.000000	H@100 1.000000
INFO:kbc-cli.py:Epoch 36/100	test results	MRR 0.940561	H@1 0.897882	H@3 0.981846	H@5 0.989410	H@10 0.996218	H@20 0.996974	H@50 0.999244	H@100 1.000000
INFO:kbc-cli.py:Epoch 37/100	Loss 5.7224 ± 0.1763
INFO:kbc-cli.py:Epoch 38/100	Loss 5.7021 ± 0.1907
INFO:kbc-cli.py:Epoch 39/100	Loss 5.7035 ± 0.2093
INFO:kbc-cli.py:Epoch 39/100	dev results	MRR 0.945093	H@1 0.907209	H@3 0.980828	H@5 0.985429	H@10 0.994632	H@20 0.998466	H@50 0.999233	H@100 1.000000
INFO:kbc-cli.py:Epoch 39/100	test results	MRR 0.940393	H@1 0.897882	H@3 0.981089	H@5 0.990166	H@10 0.996218	H@20 0.996974	H@50 0.999244	H@100 1.000000
INFO:kbc-cli.py:Epoch 40/100	Loss 5.7066 ± 0.1815
INFO:kbc-cli.py:Epoch 41/100	Loss 5.6875 ± 0.1832
INFO:kbc-cli.py:Epoch 42/100	Loss 5.6954 ± 0.1923
INFO:kbc-cli.py:Epoch 42/100	dev results	MRR 0.947136	H@1 0.911043	H@3 0.980061	H@5 0.987730	H@10 0.993865	H@20 0.998466	H@50 1.000000	H@100 1.000000
INFO:kbc-cli.py:Epoch 42/100	test results	MRR 0.944131	H@1 0.904690	H@3 0.981846	H@5 0.990166	H@10 0.995461	H@20 0.996974	H@50 0.999244	H@100 1.000000
INFO:kbc-cli.py:Epoch 43/100	Loss 5.7003 ± 0.2137
INFO:kbc-cli.py:Epoch 44/100	Loss 5.6844 ± 0.1729
INFO:kbc-cli.py:Epoch 45/100	Loss 5.6883 ± 0.1659
INFO:kbc-cli.py:Epoch 45/100	dev results	MRR 0.938653	H@1 0.894939	H@3 0.980061	H@5 0.986963	H@10 0.995399	H@20 0.998466	H@50 1.000000	H@100 1.000000
INFO:kbc-cli.py:Epoch 45/100	test results	MRR 0.937431	H@1 0.892587	H@3 0.981089	H@5 0.989410	H@10 0.996218	H@20 0.996974	H@50 0.999244	H@100 1.000000
INFO:kbc-cli.py:Epoch 46/100	Loss 5.6718 ± 0.1757
INFO:kbc-cli.py:Epoch 47/100	Loss 5.6638 ± 0.2039
INFO:kbc-cli.py:Epoch 48/100	Loss 5.6829 ± 0.1879
INFO:kbc-cli.py:Epoch 48/100	dev results	MRR 0.934532	H@1 0.885736	H@3 0.981595	H@5 0.986963	H@10 0.995399	H@20 0.998466	H@50 1.000000	H@100 1.000000
INFO:kbc-cli.py:Epoch 48/100	test results	MRR 0.935557	H@1 0.888805	H@3 0.979576	H@5 0.989410	H@10 0.996218	H@20 0.996974	H@50 0.999244	H@100 1.000000
INFO:kbc-cli.py:Epoch 49/100	Loss 5.6763 ± 0.1814
INFO:kbc-cli.py:Epoch 50/100	Loss 5.6731 ± 0.1762
INFO:kbc-cli.py:Epoch 51/100	Loss 5.6653 ± 0.1639
INFO:kbc-cli.py:Epoch 51/100	dev results	MRR 0.943177	H@1 0.904141	H@3 0.982362	H@5 0.986196	H@10 0.994632	H@20 0.998466	H@50 1.000000	H@100 1.000000
INFO:kbc-cli.py:Epoch 51/100	test results	MRR 0.941170	H@1 0.899395	H@3 0.981089	H@5 0.990166	H@10 0.996218	H@20 0.996974	H@50 0.999244	H@100 1.000000
INFO:kbc-cli.py:Epoch 52/100	Loss 5.6548 ± 0.1779
INFO:kbc-cli.py:Epoch 53/100	Loss 5.6666 ± 0.1678
INFO:kbc-cli.py:Epoch 54/100	Loss 5.6611 ± 0.2085
INFO:kbc-cli.py:Epoch 54/100	dev results	MRR 0.936964	H@1 0.891104	H@3 0.981595	H@5 0.987730	H@10 0.994632	H@20 0.999233	H@50 1.000000	H@100 1.000000
INFO:kbc-cli.py:Epoch 54/100	test results	MRR 0.935715	H@1 0.889561	H@3 0.980333	H@5 0.989410	H@10 0.996218	H@20 0.996974	H@50 0.999244	H@100 1.000000
INFO:kbc-cli.py:Epoch 55/100	Loss 5.6604 ± 0.1707
INFO:kbc-cli.py:Epoch 56/100	Loss 5.6595 ± 0.1937
INFO:kbc-cli.py:Epoch 57/100	Loss 5.6506 ± 0.1681
INFO:kbc-cli.py:Epoch 57/100	dev results	MRR 0.943544	H@1 0.905675	H@3 0.981595	H@5 0.986963	H@10 0.993865	H@20 0.998466	H@50 1.000000	H@100 1.000000
INFO:kbc-cli.py:Epoch 57/100	test results	MRR 0.940656	H@1 0.899395	H@3 0.978820	H@5 0.989410	H@10 0.996218	H@20 0.996974	H@50 0.999244	H@100 1.000000
INFO:kbc-cli.py:Epoch 58/100	Loss 5.6531 ± 0.1504
INFO:kbc-cli.py:Epoch 59/100	Loss 5.6439 ± 0.1818
INFO:kbc-cli.py:Epoch 60/100	Loss 5.6520 ± 0.1787
INFO:kbc-cli.py:Epoch 60/100	dev results	MRR 0.932781	H@1 0.884202	H@3 0.980061	H@5 0.987730	H@10 0.993865	H@20 0.998466	H@50 1.000000	H@100 1.000000
INFO:kbc-cli.py:Epoch 60/100	test results	MRR 0.927356	H@1 0.872920	H@3 0.981089	H@5 0.988654	H@10 0.996218	H@20 0.996974	H@50 0.999244	H@100 1.000000
INFO:kbc-cli.py:Epoch 61/100	Loss 5.6419 ± 0.1720
INFO:kbc-cli.py:Epoch 62/100	Loss 5.6577 ± 0.2108
INFO:kbc-cli.py:Epoch 63/100	Loss 5.6414 ± 0.1602
INFO:kbc-cli.py:Epoch 63/100	dev results	MRR 0.939780	H@1 0.898006	H@3 0.980828	H@5 0.986963	H@10 0.995399	H@20 0.998466	H@50 1.000000	H@100 1.000000
INFO:kbc-cli.py:Epoch 63/100	test results	MRR 0.937687	H@1 0.894100	H@3 0.977307	H@5 0.989410	H@10 0.996218	H@20 0.996974	H@50 0.999244	H@100 1.000000
INFO:kbc-cli.py:Epoch 64/100	Loss 5.6452 ± 0.1453
INFO:kbc-cli.py:Epoch 65/100	Loss 5.6345 ± 0.1802
INFO:kbc-cli.py:Epoch 66/100	Loss 5.6347 ± 0.1461
INFO:kbc-cli.py:Epoch 66/100	dev results	MRR 0.935537	H@1 0.889571	H@3 0.980061	H@5 0.987730	H@10 0.993865	H@20 0.998466	H@50 1.000000	H@100 1.000000
INFO:kbc-cli.py:Epoch 66/100	test results	MRR 0.934709	H@1 0.888048	H@3 0.978820	H@5 0.990166	H@10 0.996218	H@20 0.996974	H@50 0.999244	H@100 1.000000
INFO:kbc-cli.py:Epoch 67/100	Loss 5.6413 ± 0.1858
INFO:kbc-cli.py:Epoch 68/100	Loss 5.6299 ± 0.1645
INFO:kbc-cli.py:Epoch 69/100	Loss 5.6298 ± 0.1784
INFO:kbc-cli.py:Epoch 69/100	dev results	MRR 0.942685	H@1 0.902607	H@3 0.982362	H@5 0.987730	H@10 0.993865	H@20 0.998466	H@50 1.000000	H@100 1.000000
INFO:kbc-cli.py:Epoch 69/100	test results	MRR 0.939719	H@1 0.897126	H@3 0.978820	H@5 0.990166	H@10 0.996218	H@20 0.996974	H@50 0.999244	H@100 1.000000
INFO:kbc-cli.py:Epoch 70/100	Loss 5.6286 ± 0.1748
INFO:kbc-cli.py:Epoch 71/100	Loss 5.6297 ± 0.1613
INFO:kbc-cli.py:Epoch 72/100	Loss 5.6380 ± 0.2015
INFO:kbc-cli.py:Epoch 72/100	dev results	MRR 0.940509	H@1 0.899540	H@3 0.980061	H@5 0.987730	H@10 0.993865	H@20 0.998466	H@50 1.000000	H@100 1.000000
INFO:kbc-cli.py:Epoch 72/100	test results	MRR 0.938360	H@1 0.894100	H@3 0.978064	H@5 0.990166	H@10 0.996974	H@20 0.996974	H@50 0.999244	H@100 1.000000
INFO:kbc-cli.py:Epoch 73/100	Loss 5.6295 ± 0.1670
INFO:kbc-cli.py:Epoch 74/100	Loss 5.6310 ± 0.1800
INFO:kbc-cli.py:Epoch 75/100	Loss 5.6135 ± 0.1778
INFO:kbc-cli.py:Epoch 75/100	dev results	MRR 0.942411	H@1 0.903374	H@3 0.979294	H@5 0.987730	H@10 0.993865	H@20 0.998466	H@50 0.999233	H@100 1.000000
INFO:kbc-cli.py:Epoch 75/100	test results	MRR 0.940169	H@1 0.898638	H@3 0.978820	H@5 0.989410	H@10 0.996218	H@20 0.996974	H@50 0.999244	H@100 1.000000
INFO:kbc-cli.py:Epoch 76/100	Loss 5.6279 ± 0.1810
INFO:kbc-cli.py:Epoch 77/100	Loss 5.6168 ± 0.1621
INFO:kbc-cli.py:Epoch 78/100	Loss 5.6195 ± 0.1804
INFO:kbc-cli.py:Epoch 78/100	dev results	MRR 0.937973	H@1 0.894939	H@3 0.977761	H@5 0.987730	H@10 0.993865	H@20 0.998466	H@50 0.999233	H@100 1.000000
INFO:kbc-cli.py:Epoch 78/100	test results	MRR 0.933939	H@1 0.887292	H@3 0.976551	H@5 0.989410	H@10 0.996218	H@20 0.996974	H@50 0.999244	H@100 1.000000
INFO:kbc-cli.py:Epoch 79/100	Loss 5.6182 ± 0.1252
INFO:kbc-cli.py:Epoch 80/100	Loss 5.6177 ± 0.1402
INFO:kbc-cli.py:Epoch 81/100	Loss 5.6174 ± 0.1450
INFO:kbc-cli.py:Epoch 81/100	dev results	MRR 0.940720	H@1 0.900307	H@3 0.979294	H@5 0.987730	H@10 0.993865	H@20 0.998466	H@50 1.000000	H@100 1.000000
INFO:kbc-cli.py:Epoch 81/100	test results	MRR 0.935752	H@1 0.890318	H@3 0.977307	H@5 0.989410	H@10 0.996974	H@20 0.996974	H@50 0.998487	H@100 1.000000
INFO:kbc-cli.py:Epoch 82/100	Loss 5.5997 ± 0.1990
INFO:kbc-cli.py:Epoch 83/100	Loss 5.6132 ± 0.1665
INFO:kbc-cli.py:Epoch 84/100	Loss 5.6113 ± 0.1544
INFO:kbc-cli.py:Epoch 84/100	dev results	MRR 0.940145	H@1 0.898773	H@3 0.979294	H@5 0.986963	H@10 0.993865	H@20 0.997699	H@50 0.999233	H@100 1.000000
INFO:kbc-cli.py:Epoch 84/100	test results	MRR 0.937484	H@1 0.894856	H@3 0.976551	H@5 0.987141	H@10 0.996218	H@20 0.996974	H@50 0.999244	H@100 1.000000
INFO:kbc-cli.py:Epoch 85/100	Loss 5.6159 ± 0.1851
INFO:kbc-cli.py:Epoch 86/100	Loss 5.6111 ± 0.1639
INFO:kbc-cli.py:Epoch 87/100	Loss 5.6070 ± 0.1671
INFO:kbc-cli.py:Epoch 87/100	dev results	MRR 0.941681	H@1 0.903374	H@3 0.975460	H@5 0.986963	H@10 0.994632	H@20 0.997699	H@50 0.999233	H@100 1.000000
INFO:kbc-cli.py:Epoch 87/100	test results	MRR 0.940364	H@1 0.900151	H@3 0.977307	H@5 0.988654	H@10 0.996218	H@20 0.996974	H@50 0.999244	H@100 1.000000
INFO:kbc-cli.py:Epoch 88/100	Loss 5.6111 ± 0.1513
INFO:kbc-cli.py:Epoch 89/100	Loss 5.6046 ± 0.1645
INFO:kbc-cli.py:Epoch 90/100	Loss 5.6077 ± 0.1628
INFO:kbc-cli.py:Epoch 90/100	dev results	MRR 0.938829	H@1 0.898006	H@3 0.978528	H@5 0.986196	H@10 0.993865	H@20 0.997699	H@50 0.999233	H@100 1.000000
INFO:kbc-cli.py:Epoch 90/100	test results	MRR 0.938049	H@1 0.894856	H@3 0.978820	H@5 0.987141	H@10 0.996218	H@20 0.996974	H@50 0.999244	H@100 1.000000
INFO:kbc-cli.py:Epoch 91/100	Loss 5.6136 ± 0.1724
INFO:kbc-cli.py:Epoch 92/100	Loss 5.6112 ± 0.1854
INFO:kbc-cli.py:Epoch 93/100	Loss 5.5944 ± 0.1621
INFO:kbc-cli.py:Epoch 93/100	dev results	MRR 0.941577	H@1 0.903374	H@3 0.976227	H@5 0.987730	H@10 0.993865	H@20 0.997699	H@50 0.999233	H@100 1.000000
INFO:kbc-cli.py:Epoch 93/100	test results	MRR 0.938594	H@1 0.896369	H@3 0.977307	H@5 0.988654	H@10 0.996218	H@20 0.996974	H@50 0.999244	H@100 1.000000
INFO:kbc-cli.py:Epoch 94/100	Loss 5.6081 ± 0.1670
INFO:kbc-cli.py:Epoch 95/100	Loss 5.6036 ± 0.1596
INFO:kbc-cli.py:Epoch 96/100	Loss 5.5940 ± 0.1722
INFO:kbc-cli.py:Epoch 96/100	dev results	MRR 0.939008	H@1 0.897239	H@3 0.976227	H@5 0.986963	H@10 0.993865	H@20 0.997699	H@50 0.999233	H@100 1.000000
INFO:kbc-cli.py:Epoch 96/100	test results	MRR 0.936957	H@1 0.893343	H@3 0.977307	H@5 0.988654	H@10 0.995461	H@20 0.996974	H@50 0.999244	H@100 1.000000
INFO:kbc-cli.py:Epoch 97/100	Loss 5.6040 ± 0.1789
INFO:kbc-cli.py:Epoch 98/100	Loss 5.6055 ± 0.1951
INFO:kbc-cli.py:Epoch 99/100	Loss 5.5945 ± 0.1459
INFO:kbc-cli.py:Epoch 99/100	dev results	MRR 0.936245	H@1 0.892638	H@3 0.977761	H@5 0.986963	H@10 0.993865	H@20 0.998466	H@50 0.999233	H@100 1.000000
INFO:kbc-cli.py:Epoch 99/100	test results	MRR 0.932614	H@1 0.884266	H@3 0.979576	H@5 0.987141	H@10 0.996218	H@20 0.996974	H@50 0.999244	H@100 1.000000
INFO:kbc-cli.py:Epoch 100/100	Loss 5.5901 ± 0.1756
INFO:kbc-cli.py:Final 	dev results	MRR 0.939158	H@1 0.898773	H@3 0.975460	H@5 0.987730	H@10 0.993865	H@20 0.997699	H@50 0.999233	H@100 1.000000
INFO:kbc-cli.py:Final 	test results	MRR 0.936613	H@1 0.892587	H@3 0.978820	H@5 0.988654	H@10 0.996218	H@20 0.996974	H@50 0.999244	H@100 1.000000
INFO:kbc-cli.py:Training finished
