./bin/kbc-cli.py --train data/nations/train.tsv --dev data/nations/dev.tsv --test data/nations/test.tsv -m complex -k 500 -b 100 -e 100 --F2 0 --N3 0.0001 -l 0.1 -I standard -V 3 -o adagrad -c spo -q
{'F2': 0.0,
 'N3': 0.0001,
 'batch_size': 100,
 'corruption': 'spo',
 'dev': 'data/nations/dev.tsv',
 'embedding_size': 500,
 'epochs': 100,
 'eval_batch_size': None,
 'input_type': 'standard',
 'learning_rate': 0.1,
 'load': None,
 'model': 'complex',
 'optimizer': 'adagrad',
 'quiet': True,
 'save': None,
 'seed': 0,
 'test': 'data/nations/test.tsv',
 'test_i': None,
 'test_ii': None,
 'train': 'data/nations/train.tsv',
 'validate_every': 3}
INFO:kbc-cli.py:Device: cuda
INFO:kbc-cli.py:Model state:
INFO:kbc-cli.py:	entities.weight	torch.Size([14, 1000])
INFO:kbc-cli.py:	predicates.weight	torch.Size([55, 1000])
INFO:kbc-cli.py:Epoch 1/100	Loss 9.4520 ± 0.2998
INFO:kbc-cli.py:Epoch 2/100	Loss 7.8790 ± 0.2074
INFO:kbc-cli.py:Epoch 3/100	Loss 7.2255 ± 0.3489
INFO:kbc-cli.py:Epoch 3/100	dev results	MRR 0.788643	H@1 0.665829	H@3 0.894472	H@5 0.962312	H@10 0.994975	H@20 1.000000	H@50 1.000000	H@100 1.000000
INFO:kbc-cli.py:Epoch 3/100	test results	MRR 0.818481	H@1 0.708955	H@3 0.912935	H@5 0.967662	H@10 0.995025	H@20 1.000000	H@50 1.000000	H@100 1.000000
INFO:kbc-cli.py:Epoch 4/100	Loss 6.8994 ± 0.3711
INFO:kbc-cli.py:Epoch 5/100	Loss 6.7016 ± 0.3461
INFO:kbc-cli.py:Epoch 6/100	Loss 6.5640 ± 0.3629
INFO:kbc-cli.py:Epoch 6/100	dev results	MRR 0.813548	H@1 0.703518	H@3 0.909548	H@5 0.967337	H@10 0.997487	H@20 1.000000	H@50 1.000000	H@100 1.000000
INFO:kbc-cli.py:Epoch 6/100	test results	MRR 0.831973	H@1 0.728856	H@3 0.922886	H@5 0.970149	H@10 1.000000	H@20 1.000000	H@50 1.000000	H@100 1.000000
INFO:kbc-cli.py:Epoch 7/100	Loss 6.4722 ± 0.3088
INFO:kbc-cli.py:Epoch 8/100	Loss 6.3824 ± 0.3198
INFO:kbc-cli.py:Epoch 9/100	Loss 6.3289 ± 0.3174
INFO:kbc-cli.py:Epoch 9/100	dev results	MRR 0.812836	H@1 0.698492	H@3 0.914573	H@5 0.972362	H@10 0.997487	H@20 1.000000	H@50 1.000000	H@100 1.000000
INFO:kbc-cli.py:Epoch 9/100	test results	MRR 0.843496	H@1 0.751244	H@3 0.937811	H@5 0.970149	H@10 1.000000	H@20 1.000000	H@50 1.000000	H@100 1.000000
INFO:kbc-cli.py:Epoch 10/100	Loss 6.2857 ± 0.3557
INFO:kbc-cli.py:Epoch 11/100	Loss 6.2384 ± 0.3174
INFO:kbc-cli.py:Epoch 12/100	Loss 6.2036 ± 0.3074
INFO:kbc-cli.py:Epoch 12/100	dev results	MRR 0.824177	H@1 0.721106	H@3 0.914573	H@5 0.972362	H@10 0.997487	H@20 1.000000	H@50 1.000000	H@100 1.000000
INFO:kbc-cli.py:Epoch 12/100	test results	MRR 0.837342	H@1 0.736318	H@3 0.930348	H@5 0.972637	H@10 1.000000	H@20 1.000000	H@50 1.000000	H@100 1.000000
INFO:kbc-cli.py:Epoch 13/100	Loss 6.1663 ± 0.2710
INFO:kbc-cli.py:Epoch 14/100	Loss 6.1415 ± 0.2772
INFO:kbc-cli.py:Epoch 15/100	Loss 6.1131 ± 0.2495
INFO:kbc-cli.py:Epoch 15/100	dev results	MRR 0.822665	H@1 0.713568	H@3 0.927136	H@5 0.967337	H@10 0.997487	H@20 1.000000	H@50 1.000000	H@100 1.000000
INFO:kbc-cli.py:Epoch 15/100	test results	MRR 0.839947	H@1 0.743781	H@3 0.920398	H@5 0.970149	H@10 1.000000	H@20 1.000000	H@50 1.000000	H@100 1.000000
INFO:kbc-cli.py:Epoch 16/100	Loss 6.0915 ± 0.2772
INFO:kbc-cli.py:Epoch 17/100	Loss 6.0714 ± 0.2985
INFO:kbc-cli.py:Epoch 18/100	Loss 6.0516 ± 0.2786
INFO:kbc-cli.py:Epoch 18/100	dev results	MRR 0.822659	H@1 0.713568	H@3 0.927136	H@5 0.969849	H@10 0.997487	H@20 1.000000	H@50 1.000000	H@100 1.000000
INFO:kbc-cli.py:Epoch 18/100	test results	MRR 0.839982	H@1 0.743781	H@3 0.932836	H@5 0.970149	H@10 1.000000	H@20 1.000000	H@50 1.000000	H@100 1.000000
INFO:kbc-cli.py:Epoch 19/100	Loss 6.0402 ± 0.2725
INFO:kbc-cli.py:Epoch 20/100	Loss 6.0223 ± 0.2377
INFO:kbc-cli.py:Epoch 21/100	Loss 6.0080 ± 0.3073
INFO:kbc-cli.py:Epoch 21/100	dev results	MRR 0.825851	H@1 0.718593	H@3 0.932161	H@5 0.967337	H@10 0.997487	H@20 1.000000	H@50 1.000000	H@100 1.000000
INFO:kbc-cli.py:Epoch 21/100	test results	MRR 0.831033	H@1 0.728856	H@3 0.927861	H@5 0.975124	H@10 1.000000	H@20 1.000000	H@50 1.000000	H@100 1.000000
INFO:kbc-cli.py:Epoch 22/100	Loss 5.9940 ± 0.2674
INFO:kbc-cli.py:Epoch 23/100	Loss 5.9819 ± 0.2906
INFO:kbc-cli.py:Epoch 24/100	Loss 5.9696 ± 0.2764
INFO:kbc-cli.py:Epoch 24/100	dev results	MRR 0.822330	H@1 0.713568	H@3 0.922111	H@5 0.967337	H@10 0.997487	H@20 1.000000	H@50 1.000000	H@100 1.000000
INFO:kbc-cli.py:Epoch 24/100	test results	MRR 0.835552	H@1 0.733831	H@3 0.925373	H@5 0.975124	H@10 1.000000	H@20 1.000000	H@50 1.000000	H@100 1.000000
INFO:kbc-cli.py:Epoch 25/100	Loss 5.9575 ± 0.2568
INFO:kbc-cli.py:Epoch 26/100	Loss 5.9495 ± 0.2108
INFO:kbc-cli.py:Epoch 27/100	Loss 5.9398 ± 0.2438
INFO:kbc-cli.py:Epoch 27/100	dev results	MRR 0.827900	H@1 0.723618	H@3 0.929648	H@5 0.969849	H@10 0.997487	H@20 1.000000	H@50 1.000000	H@100 1.000000
INFO:kbc-cli.py:Epoch 27/100	test results	MRR 0.834097	H@1 0.736318	H@3 0.925373	H@5 0.975124	H@10 1.000000	H@20 1.000000	H@50 1.000000	H@100 1.000000
INFO:kbc-cli.py:Epoch 28/100	Loss 5.9337 ± 0.1820
INFO:kbc-cli.py:Epoch 29/100	Loss 5.9205 ± 0.2220
INFO:kbc-cli.py:Epoch 30/100	Loss 5.9108 ± 0.2350
INFO:kbc-cli.py:Epoch 30/100	dev results	MRR 0.826559	H@1 0.718593	H@3 0.929648	H@5 0.967337	H@10 0.997487	H@20 1.000000	H@50 1.000000	H@100 1.000000
INFO:kbc-cli.py:Epoch 30/100	test results	MRR 0.835839	H@1 0.736318	H@3 0.932836	H@5 0.975124	H@10 1.000000	H@20 1.000000	H@50 1.000000	H@100 1.000000
INFO:kbc-cli.py:Epoch 31/100	Loss 5.9045 ± 0.1853
INFO:kbc-cli.py:Epoch 32/100	Loss 5.8969 ± 0.1964
INFO:kbc-cli.py:Epoch 33/100	Loss 5.8923 ± 0.3006
INFO:kbc-cli.py:Epoch 33/100	dev results	MRR 0.830370	H@1 0.728643	H@3 0.924623	H@5 0.964824	H@10 0.997487	H@20 1.000000	H@50 1.000000	H@100 1.000000
INFO:kbc-cli.py:Epoch 33/100	test results	MRR 0.829389	H@1 0.728856	H@3 0.922886	H@5 0.975124	H@10 1.000000	H@20 1.000000	H@50 1.000000	H@100 1.000000
INFO:kbc-cli.py:Epoch 34/100	Loss 5.8823 ± 0.2211
INFO:kbc-cli.py:Epoch 35/100	Loss 5.8789 ± 0.2412
INFO:kbc-cli.py:Epoch 36/100	Loss 5.8738 ± 0.2966
INFO:kbc-cli.py:Epoch 36/100	dev results	MRR 0.825806	H@1 0.718593	H@3 0.934673	H@5 0.969849	H@10 0.997487	H@20 1.000000	H@50 1.000000	H@100 1.000000
INFO:kbc-cli.py:Epoch 36/100	test results	MRR 0.831876	H@1 0.733831	H@3 0.927861	H@5 0.975124	H@10 1.000000	H@20 1.000000	H@50 1.000000	H@100 1.000000
INFO:kbc-cli.py:Epoch 37/100	Loss 5.8677 ± 0.1983
INFO:kbc-cli.py:Epoch 38/100	Loss 5.8605 ± 0.1685
INFO:kbc-cli.py:Epoch 39/100	Loss 5.8519 ± 0.1604
INFO:kbc-cli.py:Epoch 39/100	dev results	MRR 0.820948	H@1 0.708543	H@3 0.927136	H@5 0.964824	H@10 0.997487	H@20 1.000000	H@50 1.000000	H@100 1.000000
INFO:kbc-cli.py:Epoch 39/100	test results	MRR 0.834983	H@1 0.733831	H@3 0.932836	H@5 0.975124	H@10 1.000000	H@20 1.000000	H@50 1.000000	H@100 1.000000
INFO:kbc-cli.py:Epoch 40/100	Loss 5.8499 ± 0.2736
INFO:kbc-cli.py:Epoch 41/100	Loss 5.8493 ± 0.2619
INFO:kbc-cli.py:Epoch 42/100	Loss 5.8413 ± 0.2003
INFO:kbc-cli.py:Epoch 42/100	dev results	MRR 0.827253	H@1 0.723618	H@3 0.929648	H@5 0.964824	H@10 0.997487	H@20 1.000000	H@50 1.000000	H@100 1.000000
INFO:kbc-cli.py:Epoch 42/100	test results	MRR 0.830923	H@1 0.731343	H@3 0.922886	H@5 0.975124	H@10 1.000000	H@20 1.000000	H@50 1.000000	H@100 1.000000
INFO:kbc-cli.py:Epoch 43/100	Loss 5.8351 ± 0.2224
INFO:kbc-cli.py:Epoch 44/100	Loss 5.8306 ± 0.2657
INFO:kbc-cli.py:Epoch 45/100	Loss 5.8262 ± 0.2266
INFO:kbc-cli.py:Epoch 45/100	dev results	MRR 0.829347	H@1 0.726131	H@3 0.929648	H@5 0.964824	H@10 0.997487	H@20 1.000000	H@50 1.000000	H@100 1.000000
INFO:kbc-cli.py:Epoch 45/100	test results	MRR 0.827769	H@1 0.728856	H@3 0.925373	H@5 0.975124	H@10 1.000000	H@20 1.000000	H@50 1.000000	H@100 1.000000
INFO:kbc-cli.py:Epoch 46/100	Loss 5.8222 ± 0.1957
INFO:kbc-cli.py:Epoch 47/100	Loss 5.8191 ± 0.1991
INFO:kbc-cli.py:Epoch 48/100	Loss 5.8162 ± 0.1873
INFO:kbc-cli.py:Epoch 48/100	dev results	MRR 0.825495	H@1 0.718593	H@3 0.932161	H@5 0.964824	H@10 0.997487	H@20 1.000000	H@50 1.000000	H@100 1.000000
INFO:kbc-cli.py:Epoch 48/100	test results	MRR 0.829013	H@1 0.728856	H@3 0.925373	H@5 0.975124	H@10 1.000000	H@20 1.000000	H@50 1.000000	H@100 1.000000
INFO:kbc-cli.py:Epoch 49/100	Loss 5.8115 ± 0.1672
INFO:kbc-cli.py:Epoch 50/100	Loss 5.8067 ± 0.1895
INFO:kbc-cli.py:Epoch 51/100	Loss 5.8069 ± 0.1829
INFO:kbc-cli.py:Epoch 51/100	dev results	MRR 0.821771	H@1 0.708543	H@3 0.937186	H@5 0.964824	H@10 0.997487	H@20 1.000000	H@50 1.000000	H@100 1.000000
INFO:kbc-cli.py:Epoch 51/100	test results	MRR 0.832620	H@1 0.736318	H@3 0.925373	H@5 0.975124	H@10 1.000000	H@20 1.000000	H@50 1.000000	H@100 1.000000
INFO:kbc-cli.py:Epoch 52/100	Loss 5.8025 ± 0.1856
INFO:kbc-cli.py:Epoch 53/100	Loss 5.8001 ± 0.2485
INFO:kbc-cli.py:Epoch 54/100	Loss 5.7940 ± 0.1950
INFO:kbc-cli.py:Epoch 54/100	dev results	MRR 0.824493	H@1 0.716080	H@3 0.934673	H@5 0.964824	H@10 0.997487	H@20 1.000000	H@50 1.000000	H@100 1.000000
INFO:kbc-cli.py:Epoch 54/100	test results	MRR 0.832164	H@1 0.736318	H@3 0.920398	H@5 0.975124	H@10 1.000000	H@20 1.000000	H@50 1.000000	H@100 1.000000
INFO:kbc-cli.py:Epoch 55/100	Loss 5.7922 ± 0.2328
INFO:kbc-cli.py:Epoch 56/100	Loss 5.7871 ± 0.2132
INFO:kbc-cli.py:Epoch 57/100	Loss 5.7857 ± 0.1825
INFO:kbc-cli.py:Epoch 57/100	dev results	MRR 0.825958	H@1 0.718593	H@3 0.932161	H@5 0.964824	H@10 0.997487	H@20 1.000000	H@50 1.000000	H@100 1.000000
INFO:kbc-cli.py:Epoch 57/100	test results	MRR 0.831915	H@1 0.733831	H@3 0.920398	H@5 0.975124	H@10 1.000000	H@20 1.000000	H@50 1.000000	H@100 1.000000
INFO:kbc-cli.py:Epoch 58/100	Loss 5.7827 ± 0.2281
INFO:kbc-cli.py:Epoch 59/100	Loss 5.7800 ± 0.2051
INFO:kbc-cli.py:Epoch 60/100	Loss 5.7786 ± 0.2001
INFO:kbc-cli.py:Epoch 60/100	dev results	MRR 0.820514	H@1 0.708543	H@3 0.932161	H@5 0.964824	H@10 0.997487	H@20 1.000000	H@50 1.000000	H@100 1.000000
INFO:kbc-cli.py:Epoch 60/100	test results	MRR 0.827064	H@1 0.726368	H@3 0.925373	H@5 0.975124	H@10 1.000000	H@20 1.000000	H@50 1.000000	H@100 1.000000
INFO:kbc-cli.py:Epoch 61/100	Loss 5.7757 ± 0.1861
INFO:kbc-cli.py:Epoch 62/100	Loss 5.7719 ± 0.2332
INFO:kbc-cli.py:Epoch 63/100	Loss 5.7679 ± 0.2308
INFO:kbc-cli.py:Epoch 63/100	dev results	MRR 0.820888	H@1 0.711055	H@3 0.932161	H@5 0.964824	H@10 0.997487	H@20 1.000000	H@50 1.000000	H@100 1.000000
INFO:kbc-cli.py:Epoch 63/100	test results	MRR 0.833905	H@1 0.738806	H@3 0.922886	H@5 0.975124	H@10 1.000000	H@20 1.000000	H@50 1.000000	H@100 1.000000
INFO:kbc-cli.py:Epoch 64/100	Loss 5.7670 ± 0.1893
INFO:kbc-cli.py:Epoch 65/100	Loss 5.7658 ± 0.1736
INFO:kbc-cli.py:Epoch 66/100	Loss 5.7618 ± 0.2089
INFO:kbc-cli.py:Epoch 66/100	dev results	MRR 0.824014	H@1 0.716080	H@3 0.934673	H@5 0.964824	H@10 0.997487	H@20 1.000000	H@50 1.000000	H@100 1.000000
INFO:kbc-cli.py:Epoch 66/100	test results	MRR 0.830049	H@1 0.733831	H@3 0.922886	H@5 0.975124	H@10 1.000000	H@20 1.000000	H@50 1.000000	H@100 1.000000
INFO:kbc-cli.py:Epoch 67/100	Loss 5.7551 ± 0.2138
INFO:kbc-cli.py:Epoch 68/100	Loss 5.7571 ± 0.2041
INFO:kbc-cli.py:Epoch 69/100	Loss 5.7519 ± 0.1657
INFO:kbc-cli.py:Epoch 69/100	dev results	MRR 0.820664	H@1 0.708543	H@3 0.939698	H@5 0.964824	H@10 0.997487	H@20 1.000000	H@50 1.000000	H@100 1.000000
INFO:kbc-cli.py:Epoch 69/100	test results	MRR 0.823167	H@1 0.718905	H@3 0.922886	H@5 0.972637	H@10 1.000000	H@20 1.000000	H@50 1.000000	H@100 1.000000
INFO:kbc-cli.py:Epoch 70/100	Loss 5.7514 ± 0.1950
INFO:kbc-cli.py:Epoch 71/100	Loss 5.7510 ± 0.1893
INFO:kbc-cli.py:Epoch 72/100	Loss 5.7492 ± 0.1589
INFO:kbc-cli.py:Epoch 72/100	dev results	MRR 0.821875	H@1 0.711055	H@3 0.934673	H@5 0.964824	H@10 0.997487	H@20 1.000000	H@50 1.000000	H@100 1.000000
INFO:kbc-cli.py:Epoch 72/100	test results	MRR 0.826774	H@1 0.726368	H@3 0.927861	H@5 0.972637	H@10 1.000000	H@20 1.000000	H@50 1.000000	H@100 1.000000
INFO:kbc-cli.py:Epoch 73/100	Loss 5.7475 ± 0.2207
INFO:kbc-cli.py:Epoch 74/100	Loss 5.7448 ± 0.1707
INFO:kbc-cli.py:Epoch 75/100	Loss 5.7422 ± 0.1772
INFO:kbc-cli.py:Epoch 75/100	dev results	MRR 0.817478	H@1 0.703518	H@3 0.932161	H@5 0.964824	H@10 0.997487	H@20 1.000000	H@50 1.000000	H@100 1.000000
INFO:kbc-cli.py:Epoch 75/100	test results	MRR 0.826857	H@1 0.726368	H@3 0.925373	H@5 0.972637	H@10 1.000000	H@20 1.000000	H@50 1.000000	H@100 1.000000
INFO:kbc-cli.py:Epoch 76/100	Loss 5.7403 ± 0.1643
INFO:kbc-cli.py:Epoch 77/100	Loss 5.7385 ± 0.2029
INFO:kbc-cli.py:Epoch 78/100	Loss 5.7363 ± 0.1437
INFO:kbc-cli.py:Epoch 78/100	dev results	MRR 0.822713	H@1 0.713568	H@3 0.934673	H@5 0.964824	H@10 0.997487	H@20 1.000000	H@50 1.000000	H@100 1.000000
INFO:kbc-cli.py:Epoch 78/100	test results	MRR 0.827686	H@1 0.726368	H@3 0.925373	H@5 0.972637	H@10 1.000000	H@20 1.000000	H@50 1.000000	H@100 1.000000
INFO:kbc-cli.py:Epoch 79/100	Loss 5.7360 ± 0.2012
INFO:kbc-cli.py:Epoch 80/100	Loss 5.7338 ± 0.1896
INFO:kbc-cli.py:Epoch 81/100	Loss 5.7292 ± 0.1909
INFO:kbc-cli.py:Epoch 81/100	dev results	MRR 0.823595	H@1 0.716080	H@3 0.934673	H@5 0.964824	H@10 0.997487	H@20 1.000000	H@50 1.000000	H@100 1.000000
INFO:kbc-cli.py:Epoch 81/100	test results	MRR 0.831915	H@1 0.733831	H@3 0.925373	H@5 0.975124	H@10 1.000000	H@20 1.000000	H@50 1.000000	H@100 1.000000
INFO:kbc-cli.py:Epoch 82/100	Loss 5.7286 ± 0.1570
INFO:kbc-cli.py:Epoch 83/100	Loss 5.7270 ± 0.1763
INFO:kbc-cli.py:Epoch 84/100	Loss 5.7264 ± 0.1979
INFO:kbc-cli.py:Epoch 84/100	dev results	MRR 0.823550	H@1 0.713568	H@3 0.939698	H@5 0.964824	H@10 0.997487	H@20 1.000000	H@50 1.000000	H@100 1.000000
INFO:kbc-cli.py:Epoch 84/100	test results	MRR 0.829137	H@1 0.731343	H@3 0.922886	H@5 0.972637	H@10 1.000000	H@20 1.000000	H@50 1.000000	H@100 1.000000
INFO:kbc-cli.py:Epoch 85/100	Loss 5.7249 ± 0.1852
INFO:kbc-cli.py:Epoch 86/100	Loss 5.7237 ± 0.1503
INFO:kbc-cli.py:Epoch 87/100	Loss 5.7203 ± 0.1508
INFO:kbc-cli.py:Epoch 87/100	dev results	MRR 0.823341	H@1 0.713568	H@3 0.937186	H@5 0.964824	H@10 0.997487	H@20 1.000000	H@50 1.000000	H@100 1.000000
INFO:kbc-cli.py:Epoch 87/100	test results	MRR 0.828971	H@1 0.731343	H@3 0.920398	H@5 0.970149	H@10 1.000000	H@20 1.000000	H@50 1.000000	H@100 1.000000
INFO:kbc-cli.py:Epoch 88/100	Loss 5.7173 ± 0.1728
INFO:kbc-cli.py:Epoch 89/100	Loss 5.7190 ± 0.1512
INFO:kbc-cli.py:Epoch 90/100	Loss 5.7176 ± 0.1724
INFO:kbc-cli.py:Epoch 90/100	dev results	MRR 0.823341	H@1 0.713568	H@3 0.937186	H@5 0.964824	H@10 0.997487	H@20 1.000000	H@50 1.000000	H@100 1.000000
INFO:kbc-cli.py:Epoch 90/100	test results	MRR 0.827935	H@1 0.728856	H@3 0.917910	H@5 0.970149	H@10 1.000000	H@20 1.000000	H@50 1.000000	H@100 1.000000
INFO:kbc-cli.py:Epoch 91/100	Loss 5.7146 ± 0.1717
INFO:kbc-cli.py:Epoch 92/100	Loss 5.7128 ± 0.2055
INFO:kbc-cli.py:Epoch 93/100	Loss 5.7128 ± 0.1598
INFO:kbc-cli.py:Epoch 93/100	dev results	MRR 0.821038	H@1 0.711055	H@3 0.934673	H@5 0.964824	H@10 0.997487	H@20 1.000000	H@50 1.000000	H@100 1.000000
INFO:kbc-cli.py:Epoch 93/100	test results	MRR 0.826276	H@1 0.726368	H@3 0.917910	H@5 0.970149	H@10 1.000000	H@20 1.000000	H@50 1.000000	H@100 1.000000
INFO:kbc-cli.py:Epoch 94/100	Loss 5.7114 ± 0.1333
INFO:kbc-cli.py:Epoch 95/100	Loss 5.7078 ± 0.1589
INFO:kbc-cli.py:Epoch 96/100	Loss 5.7086 ± 0.1592
INFO:kbc-cli.py:Epoch 96/100	dev results	MRR 0.817897	H@1 0.703518	H@3 0.937186	H@5 0.964824	H@10 0.997487	H@20 1.000000	H@50 1.000000	H@100 1.000000
INFO:kbc-cli.py:Epoch 96/100	test results	MRR 0.829386	H@1 0.731343	H@3 0.915423	H@5 0.970149	H@10 1.000000	H@20 1.000000	H@50 1.000000	H@100 1.000000
INFO:kbc-cli.py:Epoch 97/100	Loss 5.7073 ± 0.1657
INFO:kbc-cli.py:Epoch 98/100	Loss 5.7069 ± 0.1990
INFO:kbc-cli.py:Epoch 99/100	Loss 5.7034 ± 0.1942
INFO:kbc-cli.py:Epoch 99/100	dev results	MRR 0.818525	H@1 0.703518	H@3 0.939698	H@5 0.964824	H@10 0.997487	H@20 1.000000	H@50 1.000000	H@100 1.000000
INFO:kbc-cli.py:Epoch 99/100	test results	MRR 0.829676	H@1 0.731343	H@3 0.917910	H@5 0.972637	H@10 1.000000	H@20 1.000000	H@50 1.000000	H@100 1.000000
INFO:kbc-cli.py:Epoch 100/100	Loss 5.7030 ± 0.1927
INFO:kbc-cli.py:Final 	dev results	MRR 0.818502	H@1 0.703518	H@3 0.939698	H@5 0.964824	H@10 0.994975	H@20 1.000000	H@50 1.000000	H@100 1.000000
INFO:kbc-cli.py:Final 	test results	MRR 0.828971	H@1 0.728856	H@3 0.920398	H@5 0.970149	H@10 1.000000	H@20 1.000000	H@50 1.000000	H@100 1.000000
INFO:kbc-cli.py:Training finished
