./bin/kbc-cli.py --train data/kinship/train.tsv --dev data/kinship/dev.tsv --test data/kinship/test.tsv -m complex -k 100 -b 500 -e 100 --F2 0 --N3 0.5 -l 0.1 -I reciprocal -V 3 -o adagrad -c spo -q
{'F2': 0.0,
 'N3': 0.5,
 'batch_size': 500,
 'corruption': 'spo',
 'dev': 'data/kinship/dev.tsv',
 'embedding_size': 100,
 'epochs': 100,
 'eval_batch_size': None,
 'input_type': 'reciprocal',
 'learning_rate': 0.1,
 'load': None,
 'model': 'complex',
 'optimizer': 'adagrad',
 'quiet': True,
 'save': None,
 'seed': 0,
 'test': 'data/kinship/test.tsv',
 'test_i': None,
 'test_ii': None,
 'train': 'data/kinship/train.tsv',
 'validate_every': 3}
INFO:kbc-cli.py:Device: cuda
INFO:kbc-cli.py:Model state:
INFO:kbc-cli.py:	entities.weight	torch.Size([104, 200])
INFO:kbc-cli.py:	predicates.weight	torch.Size([50, 200])
INFO:kbc-cli.py:Epoch 1/100	Loss 13.2184 ± 0.0711
INFO:kbc-cli.py:Epoch 2/100	Loss 12.8710 ± 0.1725
INFO:kbc-cli.py:Epoch 3/100	Loss 12.4003 ± 0.0459
INFO:kbc-cli.py:Epoch 3/100	dev results	MRR 0.215445	H@1 0.066011	H@3 0.210206	H@5 0.322097	H@10 0.602528	H@20 0.939139	H@50 0.992041	H@100 1.000000
INFO:kbc-cli.py:Epoch 3/100	test results	MRR 0.220770	H@1 0.078678	H@3 0.209497	H@5 0.319367	H@10 0.597765	H@20 0.928771	H@50 0.996276	H@100 1.000000
INFO:kbc-cli.py:Epoch 4/100	Loss 12.3740 ± 0.0314
INFO:kbc-cli.py:Epoch 5/100	Loss 12.3695 ± 0.0357
INFO:kbc-cli.py:Epoch 6/100	Loss 12.3724 ± 0.0329
INFO:kbc-cli.py:Epoch 6/100	dev results	MRR 0.231024	H@1 0.086610	H@3 0.226592	H@5 0.342228	H@10 0.612360	H@20 0.928371	H@50 0.993446	H@100 1.000000
INFO:kbc-cli.py:Epoch 6/100	test results	MRR 0.228950	H@1 0.085661	H@3 0.224395	H@5 0.345903	H@10 0.601024	H@20 0.922719	H@50 0.996741	H@100 1.000000
INFO:kbc-cli.py:Epoch 7/100	Loss 12.3683 ± 0.0348
INFO:kbc-cli.py:Epoch 8/100	Loss 12.3720 ± 0.0312
INFO:kbc-cli.py:Epoch 9/100	Loss 12.3710 ± 0.0264
INFO:kbc-cli.py:Epoch 9/100	dev results	MRR 0.240121	H@1 0.103464	H@3 0.227528	H@5 0.346442	H@10 0.600187	H@20 0.920412	H@50 0.992978	H@100 0.999532
INFO:kbc-cli.py:Epoch 9/100	test results	MRR 0.234959	H@1 0.097765	H@3 0.227654	H@5 0.317970	H@10 0.610335	H@20 0.928771	H@50 0.995810	H@100 1.000000
INFO:kbc-cli.py:Epoch 10/100	Loss 12.3704 ± 0.0298
INFO:kbc-cli.py:Epoch 11/100	Loss 12.3724 ± 0.0357
INFO:kbc-cli.py:Epoch 12/100	Loss 12.3708 ± 0.0293
INFO:kbc-cli.py:Epoch 12/100	dev results	MRR 0.225041	H@1 0.078652	H@3 0.233614	H@5 0.341292	H@10 0.583333	H@20 0.935393	H@50 0.993446	H@100 1.000000
INFO:kbc-cli.py:Epoch 12/100	test results	MRR 0.222854	H@1 0.074953	H@3 0.237896	H@5 0.343110	H@10 0.584264	H@20 0.931099	H@50 0.995810	H@100 1.000000
INFO:kbc-cli.py:Epoch 13/100	Loss 12.3711 ± 0.0386
INFO:kbc-cli.py:Epoch 14/100	Loss 12.3687 ± 0.0368
INFO:kbc-cli.py:Epoch 15/100	Loss 12.3713 ± 0.0347
INFO:kbc-cli.py:Epoch 15/100	dev results	MRR 0.227354	H@1 0.078652	H@3 0.218165	H@5 0.349719	H@10 0.609082	H@20 0.936330	H@50 0.992978	H@100 1.000000
INFO:kbc-cli.py:Epoch 15/100	test results	MRR 0.220819	H@1 0.071229	H@3 0.212291	H@5 0.351490	H@10 0.590782	H@20 0.923184	H@50 0.995810	H@100 1.000000
INFO:kbc-cli.py:Epoch 16/100	Loss 12.3696 ± 0.0328
INFO:kbc-cli.py:Epoch 17/100	Loss 12.3665 ± 0.0407
INFO:kbc-cli.py:Epoch 18/100	Loss 12.3674 ± 0.0389
INFO:kbc-cli.py:Epoch 18/100	dev results	MRR 0.215639	H@1 0.063670	H@3 0.221442	H@5 0.345974	H@10 0.596910	H@20 0.941479	H@50 0.993446	H@100 1.000000
INFO:kbc-cli.py:Epoch 18/100	test results	MRR 0.224785	H@1 0.077281	H@3 0.223464	H@5 0.354283	H@10 0.597300	H@20 0.927374	H@50 0.994879	H@100 1.000000
INFO:kbc-cli.py:Epoch 19/100	Loss 12.3682 ± 0.0270
INFO:kbc-cli.py:Epoch 20/100	Loss 12.3698 ± 0.0311
INFO:kbc-cli.py:Epoch 21/100	Loss 12.3661 ± 0.0367
INFO:kbc-cli.py:Epoch 21/100	dev results	MRR 0.228162	H@1 0.083801	H@3 0.203652	H@5 0.354869	H@10 0.601592	H@20 0.929307	H@50 0.992978	H@100 1.000000
INFO:kbc-cli.py:Epoch 21/100	test results	MRR 0.217151	H@1 0.072626	H@3 0.200186	H@5 0.336592	H@10 0.600093	H@20 0.923184	H@50 0.996276	H@100 1.000000
INFO:kbc-cli.py:Epoch 22/100	Loss 12.3709 ± 0.0306
INFO:kbc-cli.py:Epoch 23/100	Loss 12.3681 ± 0.0304
INFO:kbc-cli.py:Epoch 24/100	Loss 12.3706 ± 0.0294
INFO:kbc-cli.py:Epoch 24/100	dev results	MRR 0.223955	H@1 0.080056	H@3 0.211610	H@5 0.344101	H@10 0.595037	H@20 0.941479	H@50 0.992978	H@100 1.000000
INFO:kbc-cli.py:Epoch 24/100	test results	MRR 0.221700	H@1 0.074488	H@3 0.220205	H@5 0.346834	H@10 0.602421	H@20 0.927374	H@50 0.995810	H@100 1.000000
INFO:kbc-cli.py:Epoch 25/100	Loss 12.3693 ± 0.0366
INFO:kbc-cli.py:Epoch 26/100	Loss 12.3677 ± 0.0298
INFO:kbc-cli.py:Epoch 27/100	Loss 12.3678 ± 0.0331
INFO:kbc-cli.py:Epoch 27/100	dev results	MRR 0.229373	H@1 0.081461	H@3 0.224719	H@5 0.345037	H@10 0.595037	H@20 0.938202	H@50 0.992978	H@100 0.999532
INFO:kbc-cli.py:Epoch 27/100	test results	MRR 0.219894	H@1 0.069367	H@3 0.216946	H@5 0.340317	H@10 0.582402	H@20 0.934358	H@50 0.995345	H@100 1.000000
INFO:kbc-cli.py:Epoch 28/100	Loss 12.3691 ± 0.0261
INFO:kbc-cli.py:Epoch 29/100	Loss 12.3707 ± 0.0304
INFO:kbc-cli.py:Epoch 30/100	Loss 12.3684 ± 0.0323
INFO:kbc-cli.py:Epoch 30/100	dev results	MRR 0.234348	H@1 0.088483	H@3 0.232678	H@5 0.348783	H@10 0.585206	H@20 0.936330	H@50 0.993446	H@100 1.000000
INFO:kbc-cli.py:Epoch 30/100	test results	MRR 0.233346	H@1 0.090782	H@3 0.232775	H@5 0.333333	H@10 0.582402	H@20 0.926443	H@50 0.995810	H@100 1.000000
INFO:kbc-cli.py:Epoch 31/100	Loss 12.3665 ± 0.0329
INFO:kbc-cli.py:Epoch 32/100	Loss 12.3703 ± 0.0368
INFO:kbc-cli.py:Epoch 33/100	Loss 12.3705 ± 0.0302
INFO:kbc-cli.py:Epoch 33/100	dev results	MRR 0.238289	H@1 0.095974	H@3 0.233146	H@5 0.346910	H@10 0.595037	H@20 0.934457	H@50 0.994382	H@100 1.000000
INFO:kbc-cli.py:Epoch 33/100	test results	MRR 0.227813	H@1 0.087523	H@3 0.212756	H@5 0.337989	H@10 0.594041	H@20 0.923650	H@50 0.995345	H@100 1.000000
INFO:kbc-cli.py:Epoch 34/100	Loss 12.3679 ± 0.0329
INFO:kbc-cli.py:Epoch 35/100	Loss 12.3674 ± 0.0244
INFO:kbc-cli.py:Epoch 36/100	Loss 12.3657 ± 0.0330
INFO:kbc-cli.py:Epoch 36/100	dev results	MRR 0.302581	H@1 0.131086	H@3 0.337547	H@5 0.495318	H@10 0.724719	H@20 0.956929	H@50 0.992509	H@100 1.000000
INFO:kbc-cli.py:Epoch 36/100	test results	MRR 0.297620	H@1 0.130354	H@3 0.324953	H@5 0.476257	H@10 0.724860	H@20 0.951583	H@50 0.996741	H@100 1.000000
INFO:kbc-cli.py:Epoch 37/100	Loss 12.3655 ± 0.0324
INFO:kbc-cli.py:Epoch 38/100	Loss 12.3664 ± 0.0367
INFO:kbc-cli.py:Epoch 39/100	Loss 12.3656 ± 0.0316
INFO:kbc-cli.py:Epoch 39/100	dev results	MRR 0.469570	H@1 0.311330	H@3 0.523876	H@5 0.656367	H@10 0.848315	H@20 0.970037	H@50 0.992509	H@100 1.000000
INFO:kbc-cli.py:Epoch 39/100	test results	MRR 0.451704	H@1 0.290503	H@3 0.514432	H@5 0.642458	H@10 0.832402	H@20 0.964618	H@50 0.997207	H@100 1.000000
INFO:kbc-cli.py:Epoch 40/100	Loss 12.3650 ± 0.0315
INFO:kbc-cli.py:Epoch 41/100	Loss 12.3671 ± 0.0332
INFO:kbc-cli.py:Epoch 42/100	Loss 12.3668 ± 0.0321
INFO:kbc-cli.py:Epoch 42/100	dev results	MRR 0.473467	H@1 0.314607	H@3 0.530899	H@5 0.662453	H@10 0.842697	H@20 0.971910	H@50 0.992509	H@100 1.000000
INFO:kbc-cli.py:Epoch 42/100	test results	MRR 0.457876	H@1 0.293296	H@3 0.521881	H@5 0.646648	H@10 0.833799	H@20 0.965549	H@50 0.996276	H@100 1.000000
INFO:kbc-cli.py:Epoch 43/100	Loss 12.3673 ± 0.0380
INFO:kbc-cli.py:Epoch 44/100	Loss 12.3633 ± 0.0320
INFO:kbc-cli.py:Epoch 45/100	Loss 12.3663 ± 0.0339
INFO:kbc-cli.py:Epoch 45/100	dev results	MRR 0.476568	H@1 0.316948	H@3 0.534176	H@5 0.670412	H@10 0.860955	H@20 0.971910	H@50 0.992509	H@100 1.000000
INFO:kbc-cli.py:Epoch 45/100	test results	MRR 0.458172	H@1 0.293296	H@3 0.522346	H@5 0.655028	H@10 0.844041	H@20 0.963687	H@50 0.996741	H@100 1.000000
INFO:kbc-cli.py:Epoch 46/100	Loss 12.3654 ± 0.0376
INFO:kbc-cli.py:Epoch 47/100	Loss 12.3611 ± 0.0393
INFO:kbc-cli.py:Epoch 48/100	Loss 12.3644 ± 0.0316
INFO:kbc-cli.py:Epoch 48/100	dev results	MRR 0.487830	H@1 0.328652	H@3 0.558521	H@5 0.682116	H@10 0.860955	H@20 0.974251	H@50 0.991573	H@100 1.000000
INFO:kbc-cli.py:Epoch 48/100	test results	MRR 0.471665	H@1 0.307263	H@3 0.534451	H@5 0.658752	H@10 0.851955	H@20 0.964618	H@50 0.997672	H@100 1.000000
INFO:kbc-cli.py:Epoch 49/100	Loss 12.3634 ± 0.0313
INFO:kbc-cli.py:Epoch 50/100	Loss 12.3643 ± 0.0275
INFO:kbc-cli.py:Epoch 51/100	Loss 12.3623 ± 0.0346
INFO:kbc-cli.py:Epoch 51/100	dev results	MRR 0.479713	H@1 0.320225	H@3 0.540730	H@5 0.664794	H@10 0.853933	H@20 0.973783	H@50 0.992978	H@100 1.000000
INFO:kbc-cli.py:Epoch 51/100	test results	MRR 0.463834	H@1 0.301676	H@3 0.529330	H@5 0.655028	H@10 0.847765	H@20 0.967412	H@50 0.997207	H@100 1.000000
INFO:kbc-cli.py:Epoch 52/100	Loss 12.3669 ± 0.0389
INFO:kbc-cli.py:Epoch 53/100	Loss 12.3627 ± 0.0362
INFO:kbc-cli.py:Epoch 54/100	Loss 12.3654 ± 0.0394
INFO:kbc-cli.py:Epoch 54/100	dev results	MRR 0.478571	H@1 0.321161	H@3 0.530899	H@5 0.658708	H@10 0.851124	H@20 0.970974	H@50 0.992041	H@100 1.000000
INFO:kbc-cli.py:Epoch 54/100	test results	MRR 0.462207	H@1 0.298883	H@3 0.522812	H@5 0.655028	H@10 0.844972	H@20 0.963222	H@50 0.997207	H@100 1.000000
INFO:kbc-cli.py:Epoch 55/100	Loss 12.3632 ± 0.0319
INFO:kbc-cli.py:Epoch 56/100	Loss 12.3619 ± 0.0347
INFO:kbc-cli.py:Epoch 57/100	Loss 12.3619 ± 0.0312
INFO:kbc-cli.py:Epoch 57/100	dev results	MRR 0.484166	H@1 0.319288	H@3 0.551966	H@5 0.681180	H@10 0.860019	H@20 0.973783	H@50 0.992978	H@100 1.000000
INFO:kbc-cli.py:Epoch 57/100	test results	MRR 0.462474	H@1 0.290503	H@3 0.540503	H@5 0.667598	H@10 0.847765	H@20 0.962756	H@50 0.997207	H@100 1.000000
INFO:kbc-cli.py:Epoch 58/100	Loss 12.3602 ± 0.0364
INFO:kbc-cli.py:Epoch 59/100	Loss 12.3650 ± 0.0369
INFO:kbc-cli.py:Epoch 60/100	Loss 12.3662 ± 0.0371
INFO:kbc-cli.py:Epoch 60/100	dev results	MRR 0.485943	H@1 0.325375	H@3 0.553839	H@5 0.670880	H@10 0.859551	H@20 0.970506	H@50 0.992509	H@100 1.000000
INFO:kbc-cli.py:Epoch 60/100	test results	MRR 0.467989	H@1 0.304004	H@3 0.533985	H@5 0.664804	H@10 0.846834	H@20 0.969274	H@50 0.997672	H@100 1.000000
INFO:kbc-cli.py:Epoch 61/100	Loss 12.3613 ± 0.0299
INFO:kbc-cli.py:Epoch 62/100	Loss 12.3663 ± 0.0377
INFO:kbc-cli.py:Epoch 63/100	Loss 12.3617 ± 0.0327
INFO:kbc-cli.py:Epoch 63/100	dev results	MRR 0.488721	H@1 0.328652	H@3 0.557584	H@5 0.694288	H@10 0.863764	H@20 0.973783	H@50 0.992509	H@100 1.000000
INFO:kbc-cli.py:Epoch 63/100	test results	MRR 0.467628	H@1 0.300745	H@3 0.546089	H@5 0.671322	H@10 0.841713	H@20 0.965084	H@50 0.997207	H@100 1.000000
INFO:kbc-cli.py:Epoch 64/100	Loss 12.3629 ± 0.0361
INFO:kbc-cli.py:Epoch 65/100	Loss 12.3666 ± 0.0410
INFO:kbc-cli.py:Epoch 66/100	Loss 12.3624 ± 0.0355
INFO:kbc-cli.py:Epoch 66/100	dev results	MRR 0.492398	H@1 0.331929	H@3 0.561798	H@5 0.685861	H@10 0.857210	H@20 0.970506	H@50 0.992509	H@100 1.000000
INFO:kbc-cli.py:Epoch 66/100	test results	MRR 0.478438	H@1 0.316108	H@3 0.550745	H@5 0.666201	H@10 0.838920	H@20 0.963687	H@50 0.997207	H@100 1.000000
INFO:kbc-cli.py:Epoch 67/100	Loss 12.3613 ± 0.0298
INFO:kbc-cli.py:Epoch 68/100	Loss 12.3645 ± 0.0351
INFO:kbc-cli.py:Epoch 69/100	Loss 12.3636 ± 0.0393
INFO:kbc-cli.py:Epoch 69/100	dev results	MRR 0.474100	H@1 0.309925	H@3 0.541199	H@5 0.664794	H@10 0.861423	H@20 0.974719	H@50 0.993446	H@100 1.000000
INFO:kbc-cli.py:Epoch 69/100	test results	MRR 0.456141	H@1 0.282588	H@3 0.540037	H@5 0.657356	H@10 0.844041	H@20 0.963687	H@50 0.997207	H@100 1.000000
INFO:kbc-cli.py:Epoch 70/100	Loss 12.3618 ± 0.0377
INFO:kbc-cli.py:Epoch 71/100	Loss 12.3625 ± 0.0340
INFO:kbc-cli.py:Epoch 72/100	Loss 12.3654 ± 0.0414
INFO:kbc-cli.py:Epoch 72/100	dev results	MRR 0.493094	H@1 0.336610	H@3 0.554307	H@5 0.683052	H@10 0.862360	H@20 0.971442	H@50 0.992978	H@100 1.000000
INFO:kbc-cli.py:Epoch 72/100	test results	MRR 0.469494	H@1 0.309590	H@3 0.528864	H@5 0.655028	H@10 0.847300	H@20 0.962756	H@50 0.997207	H@100 1.000000
INFO:kbc-cli.py:Epoch 73/100	Loss 12.3607 ± 0.0385
INFO:kbc-cli.py:Epoch 74/100	Loss 12.3645 ± 0.0349
INFO:kbc-cli.py:Epoch 75/100	Loss 12.3652 ± 0.0355
INFO:kbc-cli.py:Epoch 75/100	dev results	MRR 0.494832	H@1 0.340824	H@3 0.555243	H@5 0.685861	H@10 0.860487	H@20 0.973783	H@50 0.992509	H@100 1.000000
INFO:kbc-cli.py:Epoch 75/100	test results	MRR 0.468485	H@1 0.303538	H@3 0.542365	H@5 0.673184	H@10 0.844041	H@20 0.965084	H@50 0.997672	H@100 1.000000
INFO:kbc-cli.py:Epoch 76/100	Loss 12.3622 ± 0.0276
INFO:kbc-cli.py:Epoch 77/100	Loss 12.3612 ± 0.0326
INFO:kbc-cli.py:Epoch 78/100	Loss 12.3626 ± 0.0338
INFO:kbc-cli.py:Epoch 78/100	dev results	MRR 0.488066	H@1 0.332865	H@3 0.544944	H@5 0.675562	H@10 0.856273	H@20 0.973315	H@50 0.993446	H@100 1.000000
INFO:kbc-cli.py:Epoch 78/100	test results	MRR 0.465154	H@1 0.301210	H@3 0.535847	H@5 0.661080	H@10 0.848231	H@20 0.965549	H@50 0.997672	H@100 1.000000
INFO:kbc-cli.py:Epoch 79/100	Loss 12.3620 ± 0.0305
INFO:kbc-cli.py:Epoch 80/100	Loss 12.3643 ± 0.0301
INFO:kbc-cli.py:Epoch 81/100	Loss 12.3651 ± 0.0327
INFO:kbc-cli.py:Epoch 81/100	dev results	MRR 0.492329	H@1 0.337547	H@3 0.552903	H@5 0.672753	H@10 0.861891	H@20 0.973783	H@50 0.992978	H@100 1.000000
INFO:kbc-cli.py:Epoch 81/100	test results	MRR 0.468374	H@1 0.305400	H@3 0.540503	H@5 0.650838	H@10 0.845438	H@20 0.965549	H@50 0.997672	H@100 1.000000
INFO:kbc-cli.py:Epoch 82/100	Loss 12.3644 ± 0.0285
INFO:kbc-cli.py:Epoch 83/100	Loss 12.3634 ± 0.0356
INFO:kbc-cli.py:Epoch 84/100	Loss 12.3643 ± 0.0297
INFO:kbc-cli.py:Epoch 84/100	dev results	MRR 0.491682	H@1 0.335206	H@3 0.550094	H@5 0.690075	H@10 0.860019	H@20 0.973315	H@50 0.992509	H@100 1.000000
INFO:kbc-cli.py:Epoch 84/100	test results	MRR 0.467517	H@1 0.301676	H@3 0.534916	H@5 0.670391	H@10 0.846834	H@20 0.963222	H@50 0.997207	H@100 1.000000
INFO:kbc-cli.py:Epoch 85/100	Loss 12.3647 ± 0.0358
INFO:kbc-cli.py:Epoch 86/100	Loss 12.3627 ± 0.0313
INFO:kbc-cli.py:Epoch 87/100	Loss 12.3594 ± 0.0404
INFO:kbc-cli.py:Epoch 87/100	dev results	MRR 0.491141	H@1 0.335674	H@3 0.551498	H@5 0.683052	H@10 0.870318	H@20 0.972378	H@50 0.993446	H@100 1.000000
INFO:kbc-cli.py:Epoch 87/100	test results	MRR 0.466426	H@1 0.302142	H@3 0.536313	H@5 0.661546	H@10 0.850093	H@20 0.966946	H@50 0.997207	H@100 1.000000
INFO:kbc-cli.py:Epoch 88/100	Loss 12.3642 ± 0.0395
INFO:kbc-cli.py:Epoch 89/100	Loss 12.3617 ± 0.0415
INFO:kbc-cli.py:Epoch 90/100	Loss 12.3645 ± 0.0349
INFO:kbc-cli.py:Epoch 90/100	dev results	MRR 0.482119	H@1 0.317416	H@3 0.555243	H@5 0.675562	H@10 0.861891	H@20 0.972846	H@50 0.992509	H@100 1.000000
INFO:kbc-cli.py:Epoch 90/100	test results	MRR 0.465536	H@1 0.293762	H@3 0.542831	H@5 0.660615	H@10 0.847300	H@20 0.963687	H@50 0.997207	H@100 1.000000
INFO:kbc-cli.py:Epoch 91/100	Loss 12.3625 ± 0.0213
INFO:kbc-cli.py:Epoch 92/100	Loss 12.3644 ± 0.0302
INFO:kbc-cli.py:Epoch 93/100	Loss 12.3632 ± 0.0300
INFO:kbc-cli.py:Epoch 93/100	dev results	MRR 0.500852	H@1 0.347378	H@3 0.565075	H@5 0.683052	H@10 0.860487	H@20 0.974251	H@50 0.992509	H@100 1.000000
INFO:kbc-cli.py:Epoch 93/100	test results	MRR 0.473605	H@1 0.313315	H@3 0.543296	H@5 0.663408	H@10 0.849162	H@20 0.966015	H@50 0.997672	H@100 1.000000
INFO:kbc-cli.py:Epoch 94/100	Loss 12.3619 ± 0.0299
INFO:kbc-cli.py:Epoch 95/100	Loss 12.3607 ± 0.0354
INFO:kbc-cli.py:Epoch 96/100	Loss 12.3638 ± 0.0300
INFO:kbc-cli.py:Epoch 96/100	dev results	MRR 0.486437	H@1 0.325375	H@3 0.556648	H@5 0.678839	H@10 0.864700	H@20 0.975187	H@50 0.992978	H@100 1.000000
INFO:kbc-cli.py:Epoch 96/100	test results	MRR 0.467828	H@1 0.302142	H@3 0.541899	H@5 0.663408	H@10 0.856145	H@20 0.965084	H@50 0.997207	H@100 1.000000
INFO:kbc-cli.py:Epoch 97/100	Loss 12.3613 ± 0.0380
INFO:kbc-cli.py:Epoch 98/100	Loss 12.3647 ± 0.0342
INFO:kbc-cli.py:Epoch 99/100	Loss 12.3617 ± 0.0325
INFO:kbc-cli.py:Epoch 99/100	dev results	MRR 0.495276	H@1 0.341292	H@3 0.558989	H@5 0.676030	H@10 0.859082	H@20 0.970506	H@50 0.993446	H@100 1.000000
INFO:kbc-cli.py:Epoch 99/100	test results	MRR 0.471130	H@1 0.306331	H@3 0.551210	H@5 0.662942	H@10 0.846369	H@20 0.966480	H@50 0.997207	H@100 1.000000
INFO:kbc-cli.py:Epoch 100/100	Loss 12.3610 ± 0.0357
INFO:kbc-cli.py:Final 	dev results	MRR 0.494999	H@1 0.341292	H@3 0.558989	H@5 0.671816	H@10 0.862828	H@20 0.972378	H@50 0.992978	H@100 1.000000
INFO:kbc-cli.py:Final 	test results	MRR 0.473673	H@1 0.311918	H@3 0.538175	H@5 0.661080	H@10 0.851024	H@20 0.963222	H@50 0.997672	H@100 1.000000
INFO:kbc-cli.py:Training finished
