./bin/kbc-cli.py --train data/nations/train.tsv --dev data/nations/dev.tsv --test data/nations/test.tsv -m complex -k 200 -b 100 -e 100 --F2 0 --N3 0.005 -l 0.1 -I standard -V 3 -o adagrad -c so -q
{'F2': 0.0,
 'N3': 0.005,
 'batch_size': 100,
 'corruption': 'so',
 'dev': 'data/nations/dev.tsv',
 'embedding_size': 200,
 'epochs': 100,
 'eval_batch_size': None,
 'input_type': 'standard',
 'learning_rate': 0.1,
 'load': None,
 'model': 'complex',
 'optimizer': 'adagrad',
 'quiet': True,
 'save': None,
 'seed': 0,
 'test': 'data/nations/test.tsv',
 'test_i': None,
 'test_ii': None,
 'train': 'data/nations/train.tsv',
 'validate_every': 3}
INFO:kbc-cli.py:Device: cuda
INFO:kbc-cli.py:Model state:
INFO:kbc-cli.py:	entities.weight	torch.Size([14, 400])
INFO:kbc-cli.py:	predicates.weight	torch.Size([55, 400])
INFO:kbc-cli.py:Epoch 1/100	Loss 5.3629 ± 0.0638
INFO:kbc-cli.py:Epoch 2/100	Loss 4.7852 ± 0.0901
INFO:kbc-cli.py:Epoch 3/100	Loss 4.3681 ± 0.1412
INFO:kbc-cli.py:Epoch 3/100	dev results	MRR 0.769458	H@1 0.638191	H@3 0.879397	H@5 0.954774	H@10 0.997487	H@20 1.000000	H@50 1.000000	H@100 1.000000
INFO:kbc-cli.py:Epoch 3/100	test results	MRR 0.771410	H@1 0.639303	H@3 0.883085	H@5 0.947761	H@10 0.997512	H@20 1.000000	H@50 1.000000	H@100 1.000000
INFO:kbc-cli.py:Epoch 4/100	Loss 4.1462 ± 0.1829
INFO:kbc-cli.py:Epoch 5/100	Loss 4.0142 ± 0.2176
INFO:kbc-cli.py:Epoch 6/100	Loss 3.9290 ± 0.2014
INFO:kbc-cli.py:Epoch 6/100	dev results	MRR 0.762510	H@1 0.628141	H@3 0.889447	H@5 0.957286	H@10 0.997487	H@20 1.000000	H@50 1.000000	H@100 1.000000
INFO:kbc-cli.py:Epoch 6/100	test results	MRR 0.783613	H@1 0.656716	H@3 0.898010	H@5 0.952736	H@10 0.995025	H@20 1.000000	H@50 1.000000	H@100 1.000000
INFO:kbc-cli.py:Epoch 7/100	Loss 3.8741 ± 0.1715
INFO:kbc-cli.py:Epoch 8/100	Loss 3.8236 ± 0.1670
INFO:kbc-cli.py:Epoch 9/100	Loss 3.7923 ± 0.1739
INFO:kbc-cli.py:Epoch 9/100	dev results	MRR 0.772620	H@1 0.638191	H@3 0.902010	H@5 0.959799	H@10 0.997487	H@20 1.000000	H@50 1.000000	H@100 1.000000
INFO:kbc-cli.py:Epoch 9/100	test results	MRR 0.781445	H@1 0.649254	H@3 0.890547	H@5 0.955224	H@10 0.995025	H@20 1.000000	H@50 1.000000	H@100 1.000000
INFO:kbc-cli.py:Epoch 10/100	Loss 3.7663 ± 0.1978
INFO:kbc-cli.py:Epoch 11/100	Loss 3.7428 ± 0.1974
INFO:kbc-cli.py:Epoch 12/100	Loss 3.7210 ± 0.1490
INFO:kbc-cli.py:Epoch 12/100	dev results	MRR 0.777192	H@1 0.648241	H@3 0.896985	H@5 0.964824	H@10 0.997487	H@20 1.000000	H@50 1.000000	H@100 1.000000
INFO:kbc-cli.py:Epoch 12/100	test results	MRR 0.774186	H@1 0.634328	H@3 0.895522	H@5 0.965174	H@10 0.995025	H@20 1.000000	H@50 1.000000	H@100 1.000000
INFO:kbc-cli.py:Epoch 13/100	Loss 3.7021 ± 0.1515
INFO:kbc-cli.py:Epoch 14/100	Loss 3.6899 ± 0.1608
INFO:kbc-cli.py:Epoch 15/100	Loss 3.6764 ± 0.1705
INFO:kbc-cli.py:Epoch 15/100	dev results	MRR 0.782281	H@1 0.653266	H@3 0.899497	H@5 0.959799	H@10 0.997487	H@20 1.000000	H@50 1.000000	H@100 1.000000
INFO:kbc-cli.py:Epoch 15/100	test results	MRR 0.779108	H@1 0.644279	H@3 0.900498	H@5 0.957711	H@10 0.997512	H@20 1.000000	H@50 1.000000	H@100 1.000000
INFO:kbc-cli.py:Epoch 16/100	Loss 3.6611 ± 0.1729
INFO:kbc-cli.py:Epoch 17/100	Loss 3.6552 ± 0.1811
INFO:kbc-cli.py:Epoch 18/100	Loss 3.6415 ± 0.1531
INFO:kbc-cli.py:Epoch 18/100	dev results	MRR 0.782423	H@1 0.658291	H@3 0.891960	H@5 0.962312	H@10 0.997487	H@20 1.000000	H@50 1.000000	H@100 1.000000
INFO:kbc-cli.py:Epoch 18/100	test results	MRR 0.777311	H@1 0.641791	H@3 0.898010	H@5 0.962687	H@10 0.997512	H@20 1.000000	H@50 1.000000	H@100 1.000000
INFO:kbc-cli.py:Epoch 19/100	Loss 3.6386 ± 0.1502
INFO:kbc-cli.py:Epoch 20/100	Loss 3.6296 ± 0.1465
INFO:kbc-cli.py:Epoch 21/100	Loss 3.6210 ± 0.1973
INFO:kbc-cli.py:Epoch 21/100	dev results	MRR 0.782007	H@1 0.655779	H@3 0.891960	H@5 0.964824	H@10 0.997487	H@20 1.000000	H@50 1.000000	H@100 1.000000
INFO:kbc-cli.py:Epoch 21/100	test results	MRR 0.778324	H@1 0.644279	H@3 0.898010	H@5 0.957711	H@10 0.997512	H@20 1.000000	H@50 1.000000	H@100 1.000000
INFO:kbc-cli.py:Epoch 22/100	Loss 3.6150 ± 0.1674
INFO:kbc-cli.py:Epoch 23/100	Loss 3.6082 ± 0.1732
INFO:kbc-cli.py:Epoch 24/100	Loss 3.6046 ± 0.1149
INFO:kbc-cli.py:Epoch 24/100	dev results	MRR 0.783948	H@1 0.655779	H@3 0.889447	H@5 0.964824	H@10 0.997487	H@20 1.000000	H@50 1.000000	H@100 1.000000
INFO:kbc-cli.py:Epoch 24/100	test results	MRR 0.776648	H@1 0.639303	H@3 0.900498	H@5 0.957711	H@10 0.997512	H@20 1.000000	H@50 1.000000	H@100 1.000000
INFO:kbc-cli.py:Epoch 25/100	Loss 3.5963 ± 0.1707
INFO:kbc-cli.py:Epoch 26/100	Loss 3.5941 ± 0.1358
INFO:kbc-cli.py:Epoch 27/100	Loss 3.5884 ± 0.1372
INFO:kbc-cli.py:Epoch 27/100	dev results	MRR 0.784452	H@1 0.658291	H@3 0.902010	H@5 0.964824	H@10 0.997487	H@20 1.000000	H@50 1.000000	H@100 1.000000
INFO:kbc-cli.py:Epoch 27/100	test results	MRR 0.775835	H@1 0.636816	H@3 0.915423	H@5 0.955224	H@10 0.997512	H@20 1.000000	H@50 1.000000	H@100 1.000000
INFO:kbc-cli.py:Epoch 28/100	Loss 3.5845 ± 0.1027
INFO:kbc-cli.py:Epoch 29/100	Loss 3.5776 ± 0.1172
INFO:kbc-cli.py:Epoch 30/100	Loss 3.5737 ± 0.1234
INFO:kbc-cli.py:Epoch 30/100	dev results	MRR 0.781079	H@1 0.653266	H@3 0.894472	H@5 0.964824	H@10 0.997487	H@20 1.000000	H@50 1.000000	H@100 1.000000
INFO:kbc-cli.py:Epoch 30/100	test results	MRR 0.771027	H@1 0.629353	H@3 0.907960	H@5 0.955224	H@10 0.997512	H@20 1.000000	H@50 1.000000	H@100 1.000000
INFO:kbc-cli.py:Epoch 31/100	Loss 3.5709 ± 0.1142
INFO:kbc-cli.py:Epoch 32/100	Loss 3.5672 ± 0.1360
INFO:kbc-cli.py:Epoch 33/100	Loss 3.5653 ± 0.1903
INFO:kbc-cli.py:Epoch 33/100	dev results	MRR 0.778608	H@1 0.648241	H@3 0.891960	H@5 0.967337	H@10 0.997487	H@20 1.000000	H@50 1.000000	H@100 1.000000
INFO:kbc-cli.py:Epoch 33/100	test results	MRR 0.772519	H@1 0.631841	H@3 0.902985	H@5 0.955224	H@10 0.997512	H@20 1.000000	H@50 1.000000	H@100 1.000000
INFO:kbc-cli.py:Epoch 34/100	Loss 3.5595 ± 0.1325
INFO:kbc-cli.py:Epoch 35/100	Loss 3.5581 ± 0.1365
INFO:kbc-cli.py:Epoch 36/100	Loss 3.5556 ± 0.1771
INFO:kbc-cli.py:Epoch 36/100	dev results	MRR 0.774463	H@1 0.640704	H@3 0.884422	H@5 0.967337	H@10 0.997487	H@20 1.000000	H@50 1.000000	H@100 1.000000
INFO:kbc-cli.py:Epoch 36/100	test results	MRR 0.770802	H@1 0.629353	H@3 0.902985	H@5 0.955224	H@10 0.997512	H@20 1.000000	H@50 1.000000	H@100 1.000000
INFO:kbc-cli.py:Epoch 37/100	Loss 3.5542 ± 0.1300
INFO:kbc-cli.py:Epoch 38/100	Loss 3.5509 ± 0.1092
INFO:kbc-cli.py:Epoch 39/100	Loss 3.5461 ± 0.0670
INFO:kbc-cli.py:Epoch 39/100	dev results	MRR 0.778106	H@1 0.645729	H@3 0.889447	H@5 0.967337	H@10 0.997487	H@20 1.000000	H@50 1.000000	H@100 1.000000
INFO:kbc-cli.py:Epoch 39/100	test results	MRR 0.769734	H@1 0.624378	H@3 0.915423	H@5 0.955224	H@10 0.997512	H@20 1.000000	H@50 1.000000	H@100 1.000000
INFO:kbc-cli.py:Epoch 40/100	Loss 3.5456 ± 0.1670
INFO:kbc-cli.py:Epoch 41/100	Loss 3.5446 ± 0.1629
INFO:kbc-cli.py:Epoch 42/100	Loss 3.5407 ± 0.1368
INFO:kbc-cli.py:Epoch 42/100	dev results	MRR 0.773690	H@1 0.638191	H@3 0.886935	H@5 0.967337	H@10 0.997487	H@20 1.000000	H@50 1.000000	H@100 1.000000
INFO:kbc-cli.py:Epoch 42/100	test results	MRR 0.774032	H@1 0.631841	H@3 0.912935	H@5 0.952736	H@10 0.997512	H@20 1.000000	H@50 1.000000	H@100 1.000000
INFO:kbc-cli.py:Epoch 43/100	Loss 3.5376 ± 0.1482
INFO:kbc-cli.py:Epoch 44/100	Loss 3.5365 ± 0.1451
INFO:kbc-cli.py:Epoch 45/100	Loss 3.5313 ± 0.1258
INFO:kbc-cli.py:Epoch 45/100	dev results	MRR 0.775365	H@1 0.643216	H@3 0.886935	H@5 0.967337	H@10 0.997487	H@20 1.000000	H@50 1.000000	H@100 1.000000
INFO:kbc-cli.py:Epoch 45/100	test results	MRR 0.766528	H@1 0.619403	H@3 0.910448	H@5 0.957711	H@10 0.997512	H@20 1.000000	H@50 1.000000	H@100 1.000000
INFO:kbc-cli.py:Epoch 46/100	Loss 3.5320 ± 0.1306
INFO:kbc-cli.py:Epoch 47/100	Loss 3.5292 ± 0.1486
INFO:kbc-cli.py:Epoch 48/100	Loss 3.5282 ± 0.1224
INFO:kbc-cli.py:Epoch 48/100	dev results	MRR 0.773546	H@1 0.638191	H@3 0.884422	H@5 0.967337	H@10 0.997487	H@20 1.000000	H@50 1.000000	H@100 1.000000
INFO:kbc-cli.py:Epoch 48/100	test results	MRR 0.766002	H@1 0.619403	H@3 0.905473	H@5 0.955224	H@10 0.997512	H@20 1.000000	H@50 1.000000	H@100 1.000000
INFO:kbc-cli.py:Epoch 49/100	Loss 3.5258 ± 0.1070
INFO:kbc-cli.py:Epoch 50/100	Loss 3.5245 ± 0.1132
INFO:kbc-cli.py:Epoch 51/100	Loss 3.5238 ± 0.1212
INFO:kbc-cli.py:Epoch 51/100	dev results	MRR 0.773463	H@1 0.638191	H@3 0.889447	H@5 0.964824	H@10 0.997487	H@20 1.000000	H@50 1.000000	H@100 1.000000
INFO:kbc-cli.py:Epoch 51/100	test results	MRR 0.766334	H@1 0.619403	H@3 0.907960	H@5 0.955224	H@10 0.997512	H@20 1.000000	H@50 1.000000	H@100 1.000000
INFO:kbc-cli.py:Epoch 52/100	Loss 3.5219 ± 0.1205
INFO:kbc-cli.py:Epoch 53/100	Loss 3.5188 ± 0.1474
INFO:kbc-cli.py:Epoch 54/100	Loss 3.5179 ± 0.1265
INFO:kbc-cli.py:Epoch 54/100	dev results	MRR 0.773546	H@1 0.638191	H@3 0.886935	H@5 0.964824	H@10 0.997487	H@20 1.000000	H@50 1.000000	H@100 1.000000
INFO:kbc-cli.py:Epoch 54/100	test results	MRR 0.766528	H@1 0.619403	H@3 0.905473	H@5 0.952736	H@10 0.997512	H@20 1.000000	H@50 1.000000	H@100 1.000000
INFO:kbc-cli.py:Epoch 55/100	Loss 3.5183 ± 0.1695
INFO:kbc-cli.py:Epoch 56/100	Loss 3.5140 ± 0.1479
INFO:kbc-cli.py:Epoch 57/100	Loss 3.5134 ± 0.1096
INFO:kbc-cli.py:Epoch 57/100	dev results	MRR 0.772332	H@1 0.635678	H@3 0.886935	H@5 0.962312	H@10 0.997487	H@20 1.000000	H@50 1.000000	H@100 1.000000
INFO:kbc-cli.py:Epoch 57/100	test results	MRR 0.765097	H@1 0.616915	H@3 0.907960	H@5 0.955224	H@10 0.997512	H@20 1.000000	H@50 1.000000	H@100 1.000000
INFO:kbc-cli.py:Epoch 58/100	Loss 3.5127 ± 0.1471
INFO:kbc-cli.py:Epoch 59/100	Loss 3.5117 ± 0.1408
INFO:kbc-cli.py:Epoch 60/100	Loss 3.5093 ± 0.1154
INFO:kbc-cli.py:Epoch 60/100	dev results	MRR 0.770741	H@1 0.633166	H@3 0.886935	H@5 0.964824	H@10 0.997487	H@20 1.000000	H@50 1.000000	H@100 1.000000
INFO:kbc-cli.py:Epoch 60/100	test results	MRR 0.764351	H@1 0.616915	H@3 0.907960	H@5 0.957711	H@10 0.997512	H@20 1.000000	H@50 1.000000	H@100 1.000000
INFO:kbc-cli.py:Epoch 61/100	Loss 3.5099 ± 0.1229
INFO:kbc-cli.py:Epoch 62/100	Loss 3.5068 ± 0.1712
INFO:kbc-cli.py:Epoch 63/100	Loss 3.5049 ± 0.1331
INFO:kbc-cli.py:Epoch 63/100	dev results	MRR 0.771094	H@1 0.635678	H@3 0.886935	H@5 0.964824	H@10 0.997487	H@20 1.000000	H@50 1.000000	H@100 1.000000
INFO:kbc-cli.py:Epoch 63/100	test results	MRR 0.769181	H@1 0.624378	H@3 0.907960	H@5 0.955224	H@10 0.997512	H@20 1.000000	H@50 1.000000	H@100 1.000000
INFO:kbc-cli.py:Epoch 64/100	Loss 3.5057 ± 0.0971
INFO:kbc-cli.py:Epoch 65/100	Loss 3.5041 ± 0.1347
INFO:kbc-cli.py:Epoch 66/100	Loss 3.5022 ± 0.1399
INFO:kbc-cli.py:Epoch 66/100	dev results	MRR 0.768294	H@1 0.628141	H@3 0.886935	H@5 0.964824	H@10 0.997487	H@20 1.000000	H@50 1.000000	H@100 1.000000
INFO:kbc-cli.py:Epoch 66/100	test results	MRR 0.763556	H@1 0.614428	H@3 0.905473	H@5 0.955224	H@10 0.997512	H@20 1.000000	H@50 1.000000	H@100 1.000000
INFO:kbc-cli.py:Epoch 67/100	Loss 3.4996 ± 0.1293
INFO:kbc-cli.py:Epoch 68/100	Loss 3.5018 ± 0.1248
INFO:kbc-cli.py:Epoch 69/100	Loss 3.4981 ± 0.1054
INFO:kbc-cli.py:Epoch 69/100	dev results	MRR 0.771435	H@1 0.633166	H@3 0.889447	H@5 0.964824	H@10 0.997487	H@20 1.000000	H@50 1.000000	H@100 1.000000
INFO:kbc-cli.py:Epoch 69/100	test results	MRR 0.766458	H@1 0.621891	H@3 0.905473	H@5 0.955224	H@10 0.997512	H@20 1.000000	H@50 1.000000	H@100 1.000000
INFO:kbc-cli.py:Epoch 70/100	Loss 3.4973 ± 0.1290
INFO:kbc-cli.py:Epoch 71/100	Loss 3.4979 ± 0.1069
INFO:kbc-cli.py:Epoch 72/100	Loss 3.4961 ± 0.1235
INFO:kbc-cli.py:Epoch 72/100	dev results	MRR 0.768668	H@1 0.630653	H@3 0.889447	H@5 0.962312	H@10 0.997487	H@20 1.000000	H@50 1.000000	H@100 1.000000
INFO:kbc-cli.py:Epoch 72/100	test results	MRR 0.766997	H@1 0.621891	H@3 0.905473	H@5 0.955224	H@10 0.997512	H@20 1.000000	H@50 1.000000	H@100 1.000000
INFO:kbc-cli.py:Epoch 73/100	Loss 3.4957 ± 0.1303
INFO:kbc-cli.py:Epoch 74/100	Loss 3.4946 ± 0.0910
INFO:kbc-cli.py:Epoch 75/100	Loss 3.4931 ± 0.1038
INFO:kbc-cli.py:Epoch 75/100	dev results	MRR 0.771097	H@1 0.633166	H@3 0.891960	H@5 0.962312	H@10 0.997487	H@20 1.000000	H@50 1.000000	H@100 1.000000
INFO:kbc-cli.py:Epoch 75/100	test results	MRR 0.761483	H@1 0.611940	H@3 0.902985	H@5 0.957711	H@10 0.997512	H@20 1.000000	H@50 1.000000	H@100 1.000000
INFO:kbc-cli.py:Epoch 76/100	Loss 3.4919 ± 0.1054
INFO:kbc-cli.py:Epoch 77/100	Loss 3.4921 ± 0.1224
INFO:kbc-cli.py:Epoch 78/100	Loss 3.4910 ± 0.0980
INFO:kbc-cli.py:Epoch 78/100	dev results	MRR 0.768081	H@1 0.628141	H@3 0.891960	H@5 0.959799	H@10 0.997487	H@20 1.000000	H@50 1.000000	H@100 1.000000
INFO:kbc-cli.py:Epoch 78/100	test results	MRR 0.764593	H@1 0.616915	H@3 0.902985	H@5 0.955224	H@10 0.997512	H@20 1.000000	H@50 1.000000	H@100 1.000000
INFO:kbc-cli.py:Epoch 79/100	Loss 3.4907 ± 0.1243
INFO:kbc-cli.py:Epoch 80/100	Loss 3.4886 ± 0.1234
INFO:kbc-cli.py:Epoch 81/100	Loss 3.4866 ± 0.1190
INFO:kbc-cli.py:Epoch 81/100	dev results	MRR 0.768165	H@1 0.628141	H@3 0.891960	H@5 0.962312	H@10 0.997487	H@20 1.000000	H@50 1.000000	H@100 1.000000
INFO:kbc-cli.py:Epoch 81/100	test results	MRR 0.763349	H@1 0.616915	H@3 0.907960	H@5 0.955224	H@10 0.997512	H@20 1.000000	H@50 1.000000	H@100 1.000000
INFO:kbc-cli.py:Epoch 82/100	Loss 3.4876 ± 0.1046
INFO:kbc-cli.py:Epoch 83/100	Loss 3.4863 ± 0.1318
INFO:kbc-cli.py:Epoch 84/100	Loss 3.4870 ± 0.1268
INFO:kbc-cli.py:Epoch 84/100	dev results	MRR 0.768458	H@1 0.628141	H@3 0.891960	H@5 0.962312	H@10 0.997487	H@20 1.000000	H@50 1.000000	H@100 1.000000
INFO:kbc-cli.py:Epoch 84/100	test results	MRR 0.762520	H@1 0.614428	H@3 0.907960	H@5 0.955224	H@10 0.997512	H@20 1.000000	H@50 1.000000	H@100 1.000000
INFO:kbc-cli.py:Epoch 85/100	Loss 3.4862 ± 0.1206
INFO:kbc-cli.py:Epoch 86/100	Loss 3.4845 ± 0.0961
INFO:kbc-cli.py:Epoch 87/100	Loss 3.4828 ± 0.0880
INFO:kbc-cli.py:Epoch 87/100	dev results	MRR 0.769003	H@1 0.630653	H@3 0.889447	H@5 0.959799	H@10 0.997487	H@20 1.000000	H@50 1.000000	H@100 1.000000
INFO:kbc-cli.py:Epoch 87/100	test results	MRR 0.767495	H@1 0.624378	H@3 0.902985	H@5 0.955224	H@10 0.997512	H@20 1.000000	H@50 1.000000	H@100 1.000000
INFO:kbc-cli.py:Epoch 88/100	Loss 3.4809 ± 0.1084
INFO:kbc-cli.py:Epoch 89/100	Loss 3.4810 ± 0.0776
INFO:kbc-cli.py:Epoch 90/100	Loss 3.4819 ± 0.1360
INFO:kbc-cli.py:Epoch 90/100	dev results	MRR 0.766071	H@1 0.625628	H@3 0.884422	H@5 0.959799	H@10 0.997487	H@20 1.000000	H@50 1.000000	H@100 1.000000
INFO:kbc-cli.py:Epoch 90/100	test results	MRR 0.764386	H@1 0.616915	H@3 0.905473	H@5 0.955224	H@10 0.997512	H@20 1.000000	H@50 1.000000	H@100 1.000000
INFO:kbc-cli.py:Epoch 91/100	Loss 3.4799 ± 0.1392
INFO:kbc-cli.py:Epoch 92/100	Loss 3.4791 ± 0.1210
INFO:kbc-cli.py:Epoch 93/100	Loss 3.4798 ± 0.0954
INFO:kbc-cli.py:Epoch 93/100	dev results	MRR 0.766490	H@1 0.625628	H@3 0.886935	H@5 0.962312	H@10 0.997487	H@20 1.000000	H@50 1.000000	H@100 1.000000
INFO:kbc-cli.py:Epoch 93/100	test results	MRR 0.765757	H@1 0.619403	H@3 0.905473	H@5 0.957711	H@10 0.997512	H@20 1.000000	H@50 1.000000	H@100 1.000000
INFO:kbc-cli.py:Epoch 94/100	Loss 3.4789 ± 0.1175
INFO:kbc-cli.py:Epoch 95/100	Loss 3.4771 ± 0.1064
INFO:kbc-cli.py:Epoch 96/100	Loss 3.4771 ± 0.1129
INFO:kbc-cli.py:Epoch 96/100	dev results	MRR 0.766406	H@1 0.625628	H@3 0.891960	H@5 0.959799	H@10 0.997487	H@20 1.000000	H@50 1.000000	H@100 1.000000
INFO:kbc-cli.py:Epoch 96/100	test results	MRR 0.764098	H@1 0.619403	H@3 0.900498	H@5 0.957711	H@10 0.997512	H@20 1.000000	H@50 1.000000	H@100 1.000000
INFO:kbc-cli.py:Epoch 97/100	Loss 3.4757 ± 0.1285
INFO:kbc-cli.py:Epoch 98/100	Loss 3.4772 ± 0.1563
INFO:kbc-cli.py:Epoch 99/100	Loss 3.4751 ± 0.1338
INFO:kbc-cli.py:Epoch 99/100	dev results	MRR 0.765276	H@1 0.623116	H@3 0.886935	H@5 0.959799	H@10 0.997487	H@20 1.000000	H@50 1.000000	H@100 1.000000
INFO:kbc-cli.py:Epoch 99/100	test results	MRR 0.763891	H@1 0.616915	H@3 0.902985	H@5 0.957711	H@10 0.997512	H@20 1.000000	H@50 1.000000	H@100 1.000000
INFO:kbc-cli.py:Epoch 100/100	Loss 3.4734 ± 0.1189
INFO:kbc-cli.py:Final 	dev results	MRR 0.766867	H@1 0.625628	H@3 0.889447	H@5 0.959799	H@10 0.997487	H@20 1.000000	H@50 1.000000	H@100 1.000000
INFO:kbc-cli.py:Final 	test results	MRR 0.765366	H@1 0.619403	H@3 0.900498	H@5 0.960199	H@10 0.997512	H@20 1.000000	H@50 1.000000	H@100 1.000000
INFO:kbc-cli.py:Training finished
