./bin/kbc-cli.py --train data/umls/train.tsv --dev data/umls/dev.tsv --test data/umls/test.tsv -m complex -k 200 -b 50 -e 100 --F2 0 --N3 0.05 -l 0.1 -I standard -V 3 -o adagrad -c spo -q
{'F2': 0.0,
 'N3': 0.05,
 'batch_size': 50,
 'corruption': 'spo',
 'dev': 'data/umls/dev.tsv',
 'embedding_size': 200,
 'epochs': 100,
 'eval_batch_size': None,
 'input_type': 'standard',
 'learning_rate': 0.1,
 'load': None,
 'model': 'complex',
 'optimizer': 'adagrad',
 'quiet': True,
 'save': None,
 'seed': 0,
 'test': 'data/umls/test.tsv',
 'test_i': None,
 'test_ii': None,
 'train': 'data/umls/train.tsv',
 'validate_every': 3}
INFO:kbc-cli.py:Device: cuda
INFO:kbc-cli.py:Model state:
INFO:kbc-cli.py:	entities.weight	torch.Size([135, 400])
INFO:kbc-cli.py:	predicates.weight	torch.Size([46, 400])
INFO:kbc-cli.py:Epoch 1/100	Loss 10.6491 ± 1.5774
INFO:kbc-cli.py:Epoch 2/100	Loss 8.5244 ± 0.2324
INFO:kbc-cli.py:Epoch 3/100	Loss 8.2518 ± 0.2383
INFO:kbc-cli.py:Epoch 3/100	dev results	MRR 0.900577	H@1 0.826687	H@3 0.969325	H@5 0.983896	H@10 0.994632	H@20 0.995399	H@50 0.999233	H@100 1.000000
INFO:kbc-cli.py:Epoch 3/100	test results	MRR 0.891855	H@1 0.811649	H@3 0.968986	H@5 0.978064	H@10 0.992436	H@20 0.995461	H@50 0.996974	H@100 0.999244
INFO:kbc-cli.py:Epoch 4/100	Loss 8.1289 ± 0.2285
INFO:kbc-cli.py:Epoch 5/100	Loss 8.0669 ± 0.2232
INFO:kbc-cli.py:Epoch 6/100	Loss 8.0186 ± 0.2025
INFO:kbc-cli.py:Epoch 6/100	dev results	MRR 0.899199	H@1 0.813650	H@3 0.981595	H@5 0.992331	H@10 0.994632	H@20 0.997699	H@50 1.000000	H@100 1.000000
INFO:kbc-cli.py:Epoch 6/100	test results	MRR 0.887368	H@1 0.796520	H@3 0.975794	H@5 0.986384	H@10 0.996218	H@20 0.996974	H@50 0.998487	H@100 0.999244
INFO:kbc-cli.py:Epoch 7/100	Loss 7.9850 ± 0.2191
INFO:kbc-cli.py:Epoch 8/100	Loss 7.9569 ± 0.2300
INFO:kbc-cli.py:Epoch 9/100	Loss 7.9301 ± 0.2387
INFO:kbc-cli.py:Epoch 9/100	dev results	MRR 0.918707	H@1 0.851994	H@3 0.984663	H@5 0.990031	H@10 0.995399	H@20 0.998466	H@50 1.000000	H@100 1.000000
INFO:kbc-cli.py:Epoch 9/100	test results	MRR 0.909834	H@1 0.836611	H@3 0.978820	H@5 0.989410	H@10 0.996218	H@20 0.997731	H@50 0.998487	H@100 1.000000
INFO:kbc-cli.py:Epoch 10/100	Loss 7.9185 ± 0.2312
INFO:kbc-cli.py:Epoch 11/100	Loss 7.8996 ± 0.1944
INFO:kbc-cli.py:Epoch 12/100	Loss 7.8848 ± 0.2234
INFO:kbc-cli.py:Epoch 12/100	dev results	MRR 0.919350	H@1 0.852761	H@3 0.983896	H@5 0.992331	H@10 0.996166	H@20 0.998466	H@50 1.000000	H@100 1.000000
INFO:kbc-cli.py:Epoch 12/100	test results	MRR 0.911601	H@1 0.839637	H@3 0.981089	H@5 0.990166	H@10 0.996218	H@20 0.997731	H@50 0.998487	H@100 1.000000
INFO:kbc-cli.py:Epoch 13/100	Loss 7.8749 ± 0.2020
INFO:kbc-cli.py:Epoch 14/100	Loss 7.8631 ± 0.2039
INFO:kbc-cli.py:Epoch 15/100	Loss 7.8557 ± 0.2269
INFO:kbc-cli.py:Epoch 15/100	dev results	MRR 0.926046	H@1 0.864264	H@3 0.986963	H@5 0.992331	H@10 0.996166	H@20 0.998466	H@50 1.000000	H@100 1.000000
INFO:kbc-cli.py:Epoch 15/100	test results	MRR 0.922507	H@1 0.859304	H@3 0.983359	H@5 0.989410	H@10 0.996974	H@20 0.997731	H@50 0.999244	H@100 1.000000
INFO:kbc-cli.py:Epoch 16/100	Loss 7.8414 ± 0.1977
INFO:kbc-cli.py:Epoch 17/100	Loss 7.8334 ± 0.2088
INFO:kbc-cli.py:Epoch 18/100	Loss 7.8238 ± 0.2073
INFO:kbc-cli.py:Epoch 18/100	dev results	MRR 0.924657	H@1 0.861963	H@3 0.986196	H@5 0.990031	H@10 0.996166	H@20 0.998466	H@50 1.000000	H@100 1.000000
INFO:kbc-cli.py:Epoch 18/100	test results	MRR 0.919526	H@1 0.854009	H@3 0.980333	H@5 0.990923	H@10 0.997731	H@20 0.997731	H@50 0.999244	H@100 1.000000
INFO:kbc-cli.py:Epoch 19/100	Loss 7.8178 ± 0.2014
INFO:kbc-cli.py:Epoch 20/100	Loss 7.8136 ± 0.2203
INFO:kbc-cli.py:Epoch 21/100	Loss 7.8101 ± 0.2293
INFO:kbc-cli.py:Epoch 21/100	dev results	MRR 0.928113	H@1 0.868098	H@3 0.986196	H@5 0.993098	H@10 0.996166	H@20 0.998466	H@50 1.000000	H@100 1.000000
INFO:kbc-cli.py:Epoch 21/100	test results	MRR 0.925474	H@1 0.863843	H@3 0.986384	H@5 0.992436	H@10 0.997731	H@20 0.997731	H@50 0.999244	H@100 1.000000
INFO:kbc-cli.py:Epoch 22/100	Loss 7.7974 ± 0.2276
INFO:kbc-cli.py:Epoch 23/100	Loss 7.7985 ± 0.1922
INFO:kbc-cli.py:Epoch 24/100	Loss 7.7921 ± 0.2022
INFO:kbc-cli.py:Epoch 24/100	dev results	MRR 0.920536	H@1 0.853528	H@3 0.986196	H@5 0.991564	H@10 0.996166	H@20 0.998466	H@50 1.000000	H@100 1.000000
INFO:kbc-cli.py:Epoch 24/100	test results	MRR 0.916878	H@1 0.846445	H@3 0.985628	H@5 0.993192	H@10 0.997731	H@20 0.997731	H@50 0.999244	H@100 1.000000
INFO:kbc-cli.py:Epoch 25/100	Loss 7.7891 ± 0.2077
INFO:kbc-cli.py:Epoch 26/100	Loss 7.7812 ± 0.2097
INFO:kbc-cli.py:Epoch 27/100	Loss 7.7844 ± 0.2140
INFO:kbc-cli.py:Epoch 27/100	dev results	MRR 0.926157	H@1 0.863497	H@3 0.986196	H@5 0.992331	H@10 0.996933	H@20 0.998466	H@50 1.000000	H@100 1.000000
INFO:kbc-cli.py:Epoch 27/100	test results	MRR 0.926246	H@1 0.864599	H@3 0.984871	H@5 0.992436	H@10 0.997731	H@20 0.997731	H@50 0.999244	H@100 1.000000
INFO:kbc-cli.py:Epoch 28/100	Loss 7.7733 ± 0.2439
INFO:kbc-cli.py:Epoch 29/100	Loss 7.7744 ± 0.2010
INFO:kbc-cli.py:Epoch 30/100	Loss 7.7714 ± 0.2015
INFO:kbc-cli.py:Epoch 30/100	dev results	MRR 0.935409	H@1 0.881902	H@3 0.986196	H@5 0.990798	H@10 0.996933	H@20 0.999233	H@50 1.000000	H@100 1.000000
INFO:kbc-cli.py:Epoch 30/100	test results	MRR 0.932811	H@1 0.878971	H@3 0.985628	H@5 0.990923	H@10 0.996974	H@20 0.997731	H@50 0.999244	H@100 1.000000
INFO:kbc-cli.py:Epoch 31/100	Loss 7.7674 ± 0.2218
INFO:kbc-cli.py:Epoch 32/100	Loss 7.7604 ± 0.2363
INFO:kbc-cli.py:Epoch 33/100	Loss 7.7610 ± 0.2073
INFO:kbc-cli.py:Epoch 33/100	dev results	MRR 0.932902	H@1 0.877301	H@3 0.985429	H@5 0.992331	H@10 0.996166	H@20 0.999233	H@50 1.000000	H@100 1.000000
INFO:kbc-cli.py:Epoch 33/100	test results	MRR 0.934095	H@1 0.880484	H@3 0.988654	H@5 0.992436	H@10 0.997731	H@20 0.997731	H@50 0.999244	H@100 1.000000
INFO:kbc-cli.py:Epoch 34/100	Loss 7.7565 ± 0.2178
INFO:kbc-cli.py:Epoch 35/100	Loss 7.7560 ± 0.2176
INFO:kbc-cli.py:Epoch 36/100	Loss 7.7508 ± 0.2040
INFO:kbc-cli.py:Epoch 36/100	dev results	MRR 0.933402	H@1 0.878834	H@3 0.985429	H@5 0.991564	H@10 0.996166	H@20 0.999233	H@50 1.000000	H@100 1.000000
INFO:kbc-cli.py:Epoch 36/100	test results	MRR 0.932768	H@1 0.877458	H@3 0.988654	H@5 0.992436	H@10 0.997731	H@20 0.997731	H@50 0.999244	H@100 1.000000
INFO:kbc-cli.py:Epoch 37/100	Loss 7.7530 ± 0.1917
INFO:kbc-cli.py:Epoch 38/100	Loss 7.7431 ± 0.2145
INFO:kbc-cli.py:Epoch 39/100	Loss 7.7448 ± 0.2331
INFO:kbc-cli.py:Epoch 39/100	dev results	MRR 0.936180	H@1 0.884202	H@3 0.985429	H@5 0.992331	H@10 0.996166	H@20 0.998466	H@50 1.000000	H@100 1.000000
INFO:kbc-cli.py:Epoch 39/100	test results	MRR 0.935495	H@1 0.882753	H@3 0.988654	H@5 0.992436	H@10 0.997731	H@20 0.997731	H@50 0.999244	H@100 1.000000
INFO:kbc-cli.py:Epoch 40/100	Loss 7.7446 ± 0.2066
INFO:kbc-cli.py:Epoch 41/100	Loss 7.7368 ± 0.2154
INFO:kbc-cli.py:Epoch 42/100	Loss 7.7387 ± 0.1986
INFO:kbc-cli.py:Epoch 42/100	dev results	MRR 0.937128	H@1 0.885736	H@3 0.985429	H@5 0.992331	H@10 0.996166	H@20 0.998466	H@50 1.000000	H@100 1.000000
INFO:kbc-cli.py:Epoch 42/100	test results	MRR 0.937812	H@1 0.886536	H@3 0.988654	H@5 0.992436	H@10 0.997731	H@20 0.997731	H@50 0.999244	H@100 1.000000
INFO:kbc-cli.py:Epoch 43/100	Loss 7.7394 ± 0.2342
INFO:kbc-cli.py:Epoch 44/100	Loss 7.7319 ± 0.2013
INFO:kbc-cli.py:Epoch 45/100	Loss 7.7338 ± 0.2052
INFO:kbc-cli.py:Epoch 45/100	dev results	MRR 0.937800	H@1 0.887270	H@3 0.986196	H@5 0.992331	H@10 0.996166	H@20 0.999233	H@50 1.000000	H@100 1.000000
INFO:kbc-cli.py:Epoch 45/100	test results	MRR 0.936017	H@1 0.883510	H@3 0.988654	H@5 0.993192	H@10 0.997731	H@20 0.997731	H@50 0.999244	H@100 1.000000
INFO:kbc-cli.py:Epoch 46/100	Loss 7.7262 ± 0.1807
INFO:kbc-cli.py:Epoch 47/100	Loss 7.7242 ± 0.2067
INFO:kbc-cli.py:Epoch 48/100	Loss 7.7276 ± 0.2026
INFO:kbc-cli.py:Epoch 48/100	dev results	MRR 0.930686	H@1 0.872699	H@3 0.985429	H@5 0.991564	H@10 0.996166	H@20 0.999233	H@50 1.000000	H@100 1.000000
INFO:kbc-cli.py:Epoch 48/100	test results	MRR 0.932058	H@1 0.874433	H@3 0.988654	H@5 0.993192	H@10 0.997731	H@20 0.997731	H@50 0.999244	H@100 1.000000
INFO:kbc-cli.py:Epoch 49/100	Loss 7.7257 ± 0.2037
INFO:kbc-cli.py:Epoch 50/100	Loss 7.7236 ± 0.1966
INFO:kbc-cli.py:Epoch 51/100	Loss 7.7194 ± 0.1918
INFO:kbc-cli.py:Epoch 51/100	dev results	MRR 0.935840	H@1 0.883436	H@3 0.985429	H@5 0.991564	H@10 0.996166	H@20 0.999233	H@50 1.000000	H@100 1.000000
INFO:kbc-cli.py:Epoch 51/100	test results	MRR 0.936337	H@1 0.883510	H@3 0.988654	H@5 0.992436	H@10 0.997731	H@20 0.997731	H@50 0.999244	H@100 1.000000
INFO:kbc-cli.py:Epoch 52/100	Loss 7.7164 ± 0.2091
INFO:kbc-cli.py:Epoch 53/100	Loss 7.7201 ± 0.1693
INFO:kbc-cli.py:Epoch 54/100	Loss 7.7167 ± 0.2180
INFO:kbc-cli.py:Epoch 54/100	dev results	MRR 0.936987	H@1 0.885736	H@3 0.985429	H@5 0.991564	H@10 0.996166	H@20 0.999233	H@50 1.000000	H@100 1.000000
INFO:kbc-cli.py:Epoch 54/100	test results	MRR 0.934760	H@1 0.880484	H@3 0.988654	H@5 0.993949	H@10 0.997731	H@20 0.997731	H@50 0.999244	H@100 1.000000
INFO:kbc-cli.py:Epoch 55/100	Loss 7.7156 ± 0.2194
INFO:kbc-cli.py:Epoch 56/100	Loss 7.7129 ± 0.2144
INFO:kbc-cli.py:Epoch 57/100	Loss 7.7123 ± 0.2020
INFO:kbc-cli.py:Epoch 57/100	dev results	MRR 0.940007	H@1 0.891871	H@3 0.984663	H@5 0.991564	H@10 0.996166	H@20 0.999233	H@50 1.000000	H@100 1.000000
INFO:kbc-cli.py:Epoch 57/100	test results	MRR 0.935945	H@1 0.883510	H@3 0.987897	H@5 0.993949	H@10 0.997731	H@20 0.997731	H@50 0.999244	H@100 1.000000
INFO:kbc-cli.py:Epoch 58/100	Loss 7.7109 ± 0.1895
INFO:kbc-cli.py:Epoch 59/100	Loss 7.7063 ± 0.2044
INFO:kbc-cli.py:Epoch 60/100	Loss 7.7097 ± 0.2012
INFO:kbc-cli.py:Epoch 60/100	dev results	MRR 0.933643	H@1 0.879601	H@3 0.985429	H@5 0.990798	H@10 0.996166	H@20 0.999233	H@50 1.000000	H@100 1.000000
INFO:kbc-cli.py:Epoch 60/100	test results	MRR 0.931055	H@1 0.873676	H@3 0.987897	H@5 0.993192	H@10 0.997731	H@20 0.997731	H@50 0.999244	H@100 1.000000
INFO:kbc-cli.py:Epoch 61/100	Loss 7.7037 ± 0.2048
INFO:kbc-cli.py:Epoch 62/100	Loss 7.7104 ± 0.2013
INFO:kbc-cli.py:Epoch 63/100	Loss 7.7047 ± 0.2084
INFO:kbc-cli.py:Epoch 63/100	dev results	MRR 0.936486	H@1 0.884969	H@3 0.986196	H@5 0.992331	H@10 0.996166	H@20 0.999233	H@50 1.000000	H@100 1.000000
INFO:kbc-cli.py:Epoch 63/100	test results	MRR 0.934246	H@1 0.879728	H@3 0.987897	H@5 0.993949	H@10 0.997731	H@20 0.997731	H@50 0.999244	H@100 1.000000
INFO:kbc-cli.py:Epoch 64/100	Loss 7.7038 ± 0.1736
INFO:kbc-cli.py:Epoch 65/100	Loss 7.7016 ± 0.2144
INFO:kbc-cli.py:Epoch 66/100	Loss 7.7009 ± 0.1828
INFO:kbc-cli.py:Epoch 66/100	dev results	MRR 0.939139	H@1 0.889571	H@3 0.985429	H@5 0.992331	H@10 0.996166	H@20 0.999233	H@50 1.000000	H@100 1.000000
INFO:kbc-cli.py:Epoch 66/100	test results	MRR 0.936589	H@1 0.884266	H@3 0.988654	H@5 0.994705	H@10 0.997731	H@20 0.997731	H@50 0.999244	H@100 1.000000
INFO:kbc-cli.py:Epoch 67/100	Loss 7.7010 ± 0.1893
INFO:kbc-cli.py:Epoch 68/100	Loss 7.6973 ± 0.1850
INFO:kbc-cli.py:Epoch 69/100	Loss 7.6985 ± 0.2009
INFO:kbc-cli.py:Epoch 69/100	dev results	MRR 0.943280	H@1 0.898006	H@3 0.986196	H@5 0.993098	H@10 0.996166	H@20 0.999233	H@50 1.000000	H@100 1.000000
INFO:kbc-cli.py:Epoch 69/100	test results	MRR 0.942766	H@1 0.896369	H@3 0.987897	H@5 0.994705	H@10 0.997731	H@20 0.997731	H@50 0.999244	H@100 1.000000
INFO:kbc-cli.py:Epoch 70/100	Loss 7.6960 ± 0.2361
INFO:kbc-cli.py:Epoch 71/100	Loss 7.6967 ± 0.2017
INFO:kbc-cli.py:Epoch 72/100	Loss 7.6988 ± 0.2183
INFO:kbc-cli.py:Epoch 72/100	dev results	MRR 0.940396	H@1 0.892638	H@3 0.986196	H@5 0.992331	H@10 0.996166	H@20 0.999233	H@50 1.000000	H@100 1.000000
INFO:kbc-cli.py:Epoch 72/100	test results	MRR 0.938690	H@1 0.888048	H@3 0.989410	H@5 0.994705	H@10 0.997731	H@20 0.997731	H@50 0.999244	H@100 1.000000
INFO:kbc-cli.py:Epoch 73/100	Loss 7.6957 ± 0.1960
INFO:kbc-cli.py:Epoch 74/100	Loss 7.6944 ± 0.2271
INFO:kbc-cli.py:Epoch 75/100	Loss 7.6885 ± 0.1948
INFO:kbc-cli.py:Epoch 75/100	dev results	MRR 0.941912	H@1 0.895706	H@3 0.986196	H@5 0.992331	H@10 0.996933	H@20 0.999233	H@50 1.000000	H@100 1.000000
INFO:kbc-cli.py:Epoch 75/100	test results	MRR 0.941154	H@1 0.892587	H@3 0.990166	H@5 0.994705	H@10 0.997731	H@20 0.997731	H@50 0.999244	H@100 1.000000
INFO:kbc-cli.py:Epoch 76/100	Loss 7.6969 ± 0.2236
INFO:kbc-cli.py:Epoch 77/100	Loss 7.6881 ± 0.1911
INFO:kbc-cli.py:Epoch 78/100	Loss 7.6897 ± 0.1877
INFO:kbc-cli.py:Epoch 78/100	dev results	MRR 0.937822	H@1 0.887270	H@3 0.986963	H@5 0.991564	H@10 0.996166	H@20 0.999233	H@50 1.000000	H@100 1.000000
INFO:kbc-cli.py:Epoch 78/100	test results	MRR 0.937222	H@1 0.885779	H@3 0.987141	H@5 0.994705	H@10 0.997731	H@20 0.997731	H@50 0.999244	H@100 1.000000
INFO:kbc-cli.py:Epoch 79/100	Loss 7.6907 ± 0.1925
INFO:kbc-cli.py:Epoch 80/100	Loss 7.6879 ± 0.1810
INFO:kbc-cli.py:Epoch 81/100	Loss 7.6869 ± 0.1800
INFO:kbc-cli.py:Epoch 81/100	dev results	MRR 0.938518	H@1 0.888804	H@3 0.986963	H@5 0.991564	H@10 0.996933	H@20 0.999233	H@50 1.000000	H@100 1.000000
INFO:kbc-cli.py:Epoch 81/100	test results	MRR 0.939568	H@1 0.889561	H@3 0.988654	H@5 0.994705	H@10 0.997731	H@20 0.997731	H@50 0.999244	H@100 1.000000
INFO:kbc-cli.py:Epoch 82/100	Loss 7.6796 ± 0.2079
INFO:kbc-cli.py:Epoch 83/100	Loss 7.6841 ± 0.2017
INFO:kbc-cli.py:Epoch 84/100	Loss 7.6851 ± 0.2160
INFO:kbc-cli.py:Epoch 84/100	dev results	MRR 0.942512	H@1 0.896472	H@3 0.986196	H@5 0.992331	H@10 0.996933	H@20 0.999233	H@50 1.000000	H@100 1.000000
INFO:kbc-cli.py:Epoch 84/100	test results	MRR 0.941625	H@1 0.894100	H@3 0.987897	H@5 0.994705	H@10 0.997731	H@20 0.997731	H@50 0.999244	H@100 1.000000
INFO:kbc-cli.py:Epoch 85/100	Loss 7.6855 ± 0.1997
INFO:kbc-cli.py:Epoch 86/100	Loss 7.6834 ± 0.1947
INFO:kbc-cli.py:Epoch 87/100	Loss 7.6793 ± 0.1868
INFO:kbc-cli.py:Epoch 87/100	dev results	MRR 0.944810	H@1 0.901074	H@3 0.986196	H@5 0.992331	H@10 0.996933	H@20 0.999233	H@50 1.000000	H@100 1.000000
INFO:kbc-cli.py:Epoch 87/100	test results	MRR 0.945909	H@1 0.902421	H@3 0.987897	H@5 0.994705	H@10 0.997731	H@20 0.997731	H@50 0.999244	H@100 1.000000
INFO:kbc-cli.py:Epoch 88/100	Loss 7.6811 ± 0.1940
INFO:kbc-cli.py:Epoch 89/100	Loss 7.6815 ± 0.2139
INFO:kbc-cli.py:Epoch 90/100	Loss 7.6791 ± 0.1954
INFO:kbc-cli.py:Epoch 90/100	dev results	MRR 0.938904	H@1 0.889571	H@3 0.986963	H@5 0.991564	H@10 0.996933	H@20 0.999233	H@50 1.000000	H@100 1.000000
INFO:kbc-cli.py:Epoch 90/100	test results	MRR 0.936983	H@1 0.885023	H@3 0.987141	H@5 0.994705	H@10 0.997731	H@20 0.997731	H@50 0.999244	H@100 1.000000
INFO:kbc-cli.py:Epoch 91/100	Loss 7.6811 ± 0.1952
INFO:kbc-cli.py:Epoch 92/100	Loss 7.6809 ± 0.1946
INFO:kbc-cli.py:Epoch 93/100	Loss 7.6738 ± 0.2114
INFO:kbc-cli.py:Epoch 93/100	dev results	MRR 0.940816	H@1 0.892638	H@3 0.986963	H@5 0.991564	H@10 0.996166	H@20 0.999233	H@50 1.000000	H@100 1.000000
INFO:kbc-cli.py:Epoch 93/100	test results	MRR 0.940122	H@1 0.891074	H@3 0.988654	H@5 0.994705	H@10 0.997731	H@20 0.997731	H@50 0.999244	H@100 1.000000
INFO:kbc-cli.py:Epoch 94/100	Loss 7.6785 ± 0.1921
INFO:kbc-cli.py:Epoch 95/100	Loss 7.6776 ± 0.2049
INFO:kbc-cli.py:Epoch 96/100	Loss 7.6722 ± 0.2054
INFO:kbc-cli.py:Epoch 96/100	dev results	MRR 0.940548	H@1 0.892638	H@3 0.986196	H@5 0.992331	H@10 0.996933	H@20 0.999233	H@50 1.000000	H@100 1.000000
INFO:kbc-cli.py:Epoch 96/100	test results	MRR 0.942103	H@1 0.894856	H@3 0.988654	H@5 0.994705	H@10 0.997731	H@20 0.997731	H@50 0.999244	H@100 1.000000
INFO:kbc-cli.py:Epoch 97/100	Loss 7.6775 ± 0.2184
INFO:kbc-cli.py:Epoch 98/100	Loss 7.6763 ± 0.1908
INFO:kbc-cli.py:Epoch 99/100	Loss 7.6719 ± 0.1861
INFO:kbc-cli.py:Epoch 99/100	dev results	MRR 0.937236	H@1 0.886503	H@3 0.985429	H@5 0.991564	H@10 0.996166	H@20 0.999233	H@50 1.000000	H@100 1.000000
INFO:kbc-cli.py:Epoch 99/100	test results	MRR 0.936919	H@1 0.885023	H@3 0.988654	H@5 0.994705	H@10 0.997731	H@20 0.997731	H@50 0.999244	H@100 1.000000
INFO:kbc-cli.py:Epoch 100/100	Loss 7.6696 ± 0.2105
INFO:kbc-cli.py:Final 	dev results	MRR 0.940460	H@1 0.892638	H@3 0.985429	H@5 0.991564	H@10 0.996933	H@20 0.999233	H@50 1.000000	H@100 1.000000
INFO:kbc-cli.py:Final 	test results	MRR 0.942643	H@1 0.896369	H@3 0.988654	H@5 0.994705	H@10 0.997731	H@20 0.997731	H@50 0.999244	H@100 1.000000
INFO:kbc-cli.py:Training finished
