./bin/kbc-cli.py --train data/nations/train.tsv --dev data/nations/dev.tsv --test data/nations/test.tsv -m complex -k 1000 -b 100 -e 100 --F2 0 --N3 0.0001 -l 0.1 -I reciprocal -V 3 -o adagrad -c spo -q
{'F2': 0.0,
 'N3': 0.0001,
 'batch_size': 100,
 'corruption': 'spo',
 'dev': 'data/nations/dev.tsv',
 'embedding_size': 1000,
 'epochs': 100,
 'eval_batch_size': None,
 'input_type': 'reciprocal',
 'learning_rate': 0.1,
 'load': None,
 'model': 'complex',
 'optimizer': 'adagrad',
 'quiet': True,
 'save': None,
 'seed': 0,
 'test': 'data/nations/test.tsv',
 'test_i': None,
 'test_ii': None,
 'train': 'data/nations/train.tsv',
 'validate_every': 3}
INFO:kbc-cli.py:Device: cuda
INFO:kbc-cli.py:Model state:
INFO:kbc-cli.py:	entities.weight	torch.Size([14, 2000])
INFO:kbc-cli.py:	predicates.weight	torch.Size([110, 2000])
INFO:kbc-cli.py:Epoch 1/100	Loss 9.9184 ± 0.5695
INFO:kbc-cli.py:Epoch 2/100	Loss 8.3220 ± 0.2094
INFO:kbc-cli.py:Epoch 3/100	Loss 7.7598 ± 0.3565
INFO:kbc-cli.py:Epoch 3/100	dev results	MRR 0.811883	H@1 0.708543	H@3 0.899497	H@5 0.969849	H@10 0.997487	H@20 1.000000	H@50 1.000000	H@100 1.000000
INFO:kbc-cli.py:Epoch 3/100	test results	MRR 0.804543	H@1 0.681592	H@3 0.915423	H@5 0.972637	H@10 1.000000	H@20 1.000000	H@50 1.000000	H@100 1.000000
INFO:kbc-cli.py:Epoch 4/100	Loss 7.4844 ± 0.3248
INFO:kbc-cli.py:Epoch 5/100	Loss 7.3064 ± 0.3666
INFO:kbc-cli.py:Epoch 6/100	Loss 7.1758 ± 0.3740
INFO:kbc-cli.py:Epoch 6/100	dev results	MRR 0.822791	H@1 0.721106	H@3 0.912060	H@5 0.969849	H@10 0.997487	H@20 1.000000	H@50 1.000000	H@100 1.000000
INFO:kbc-cli.py:Epoch 6/100	test results	MRR 0.829801	H@1 0.736318	H@3 0.902985	H@5 0.975124	H@10 1.000000	H@20 1.000000	H@50 1.000000	H@100 1.000000
INFO:kbc-cli.py:Epoch 7/100	Loss 7.0826 ± 0.3315
INFO:kbc-cli.py:Epoch 8/100	Loss 7.0161 ± 0.3460
INFO:kbc-cli.py:Epoch 9/100	Loss 6.9570 ± 0.3381
INFO:kbc-cli.py:Epoch 9/100	dev results	MRR 0.821875	H@1 0.716080	H@3 0.914573	H@5 0.972362	H@10 0.997487	H@20 1.000000	H@50 1.000000	H@100 1.000000
INFO:kbc-cli.py:Epoch 9/100	test results	MRR 0.828732	H@1 0.731343	H@3 0.905473	H@5 0.975124	H@10 1.000000	H@20 1.000000	H@50 1.000000	H@100 1.000000
INFO:kbc-cli.py:Epoch 10/100	Loss 6.9081 ± 0.3147
INFO:kbc-cli.py:Epoch 11/100	Loss 6.8679 ± 0.2874
INFO:kbc-cli.py:Epoch 12/100	Loss 6.8302 ± 0.3047
INFO:kbc-cli.py:Epoch 12/100	dev results	MRR 0.826108	H@1 0.726131	H@3 0.914573	H@5 0.969849	H@10 0.997487	H@20 1.000000	H@50 1.000000	H@100 1.000000
INFO:kbc-cli.py:Epoch 12/100	test results	MRR 0.834217	H@1 0.741294	H@3 0.915423	H@5 0.975124	H@10 1.000000	H@20 1.000000	H@50 1.000000	H@100 1.000000
INFO:kbc-cli.py:Epoch 13/100	Loss 6.8036 ± 0.2869
INFO:kbc-cli.py:Epoch 14/100	Loss 6.7768 ± 0.2960
INFO:kbc-cli.py:Epoch 15/100	Loss 6.7486 ± 0.2695
INFO:kbc-cli.py:Epoch 15/100	dev results	MRR 0.825620	H@1 0.721106	H@3 0.922111	H@5 0.964824	H@10 0.997487	H@20 1.000000	H@50 1.000000	H@100 1.000000
INFO:kbc-cli.py:Epoch 15/100	test results	MRR 0.843006	H@1 0.751244	H@3 0.920398	H@5 0.977612	H@10 1.000000	H@20 1.000000	H@50 1.000000	H@100 1.000000
INFO:kbc-cli.py:Epoch 16/100	Loss 6.7306 ± 0.2927
INFO:kbc-cli.py:Epoch 17/100	Loss 6.7106 ± 0.2788
INFO:kbc-cli.py:Epoch 18/100	Loss 6.6917 ± 0.2552
INFO:kbc-cli.py:Epoch 18/100	dev results	MRR 0.829536	H@1 0.731156	H@3 0.917085	H@5 0.967337	H@10 0.997487	H@20 1.000000	H@50 1.000000	H@100 1.000000
INFO:kbc-cli.py:Epoch 18/100	test results	MRR 0.826648	H@1 0.723881	H@3 0.920398	H@5 0.975124	H@10 1.000000	H@20 1.000000	H@50 1.000000	H@100 1.000000
INFO:kbc-cli.py:Epoch 19/100	Loss 6.6706 ± 0.2090
INFO:kbc-cli.py:Epoch 20/100	Loss 6.6606 ± 0.2868
INFO:kbc-cli.py:Epoch 21/100	Loss 6.6472 ± 0.2592
INFO:kbc-cli.py:Epoch 21/100	dev results	MRR 0.827627	H@1 0.728643	H@3 0.922111	H@5 0.967337	H@10 0.997487	H@20 1.000000	H@50 1.000000	H@100 1.000000
INFO:kbc-cli.py:Epoch 21/100	test results	MRR 0.824499	H@1 0.721393	H@3 0.915423	H@5 0.975124	H@10 1.000000	H@20 1.000000	H@50 1.000000	H@100 1.000000
INFO:kbc-cli.py:Epoch 22/100	Loss 6.6314 ± 0.2065
INFO:kbc-cli.py:Epoch 23/100	Loss 6.6197 ± 0.2569
INFO:kbc-cli.py:Epoch 24/100	Loss 6.6125 ± 0.2300
INFO:kbc-cli.py:Epoch 24/100	dev results	MRR 0.823673	H@1 0.723618	H@3 0.912060	H@5 0.967337	H@10 0.997487	H@20 1.000000	H@50 1.000000	H@100 1.000000
INFO:kbc-cli.py:Epoch 24/100	test results	MRR 0.828541	H@1 0.726368	H@3 0.922886	H@5 0.975124	H@10 1.000000	H@20 1.000000	H@50 1.000000	H@100 1.000000
INFO:kbc-cli.py:Epoch 25/100	Loss 6.5957 ± 0.2135
INFO:kbc-cli.py:Epoch 26/100	Loss 6.5850 ± 0.2091
INFO:kbc-cli.py:Epoch 27/100	Loss 6.5811 ± 0.2406
INFO:kbc-cli.py:Epoch 27/100	dev results	MRR 0.827819	H@1 0.728643	H@3 0.914573	H@5 0.964824	H@10 0.997487	H@20 1.000000	H@50 1.000000	H@100 1.000000
INFO:kbc-cli.py:Epoch 27/100	test results	MRR 0.821331	H@1 0.713930	H@3 0.920398	H@5 0.975124	H@10 1.000000	H@20 1.000000	H@50 1.000000	H@100 1.000000
INFO:kbc-cli.py:Epoch 28/100	Loss 6.5713 ± 0.1959
INFO:kbc-cli.py:Epoch 29/100	Loss 6.5619 ± 0.2152
INFO:kbc-cli.py:Epoch 30/100	Loss 6.5534 ± 0.2454
INFO:kbc-cli.py:Epoch 30/100	dev results	MRR 0.831438	H@1 0.733668	H@3 0.922111	H@5 0.964824	H@10 0.997487	H@20 1.000000	H@50 1.000000	H@100 1.000000
INFO:kbc-cli.py:Epoch 30/100	test results	MRR 0.821783	H@1 0.713930	H@3 0.922886	H@5 0.975124	H@10 1.000000	H@20 1.000000	H@50 1.000000	H@100 1.000000
INFO:kbc-cli.py:Epoch 31/100	Loss 6.5482 ± 0.2579
INFO:kbc-cli.py:Epoch 32/100	Loss 6.5393 ± 0.1981
INFO:kbc-cli.py:Epoch 33/100	Loss 6.5361 ± 0.2063
INFO:kbc-cli.py:Epoch 33/100	dev results	MRR 0.829333	H@1 0.731156	H@3 0.917085	H@5 0.967337	H@10 0.997487	H@20 1.000000	H@50 1.000000	H@100 1.000000
INFO:kbc-cli.py:Epoch 33/100	test results	MRR 0.822350	H@1 0.718905	H@3 0.912935	H@5 0.975124	H@10 1.000000	H@20 1.000000	H@50 1.000000	H@100 1.000000
INFO:kbc-cli.py:Epoch 34/100	Loss 6.5297 ± 0.2356
INFO:kbc-cli.py:Epoch 35/100	Loss 6.5205 ± 0.1878
INFO:kbc-cli.py:Epoch 36/100	Loss 6.5163 ± 0.2077
INFO:kbc-cli.py:Epoch 36/100	dev results	MRR 0.830624	H@1 0.733668	H@3 0.917085	H@5 0.967337	H@10 0.997487	H@20 1.000000	H@50 1.000000	H@100 1.000000
INFO:kbc-cli.py:Epoch 36/100	test results	MRR 0.821910	H@1 0.713930	H@3 0.917910	H@5 0.975124	H@10 1.000000	H@20 1.000000	H@50 1.000000	H@100 1.000000
INFO:kbc-cli.py:Epoch 37/100	Loss 6.5067 ± 0.2201
INFO:kbc-cli.py:Epoch 38/100	Loss 6.5049 ± 0.2234
INFO:kbc-cli.py:Epoch 39/100	Loss 6.4996 ± 0.2304
INFO:kbc-cli.py:Epoch 39/100	dev results	MRR 0.832174	H@1 0.736181	H@3 0.917085	H@5 0.967337	H@10 0.997487	H@20 1.000000	H@50 1.000000	H@100 1.000000
INFO:kbc-cli.py:Epoch 39/100	test results	MRR 0.819800	H@1 0.711443	H@3 0.915423	H@5 0.972637	H@10 1.000000	H@20 1.000000	H@50 1.000000	H@100 1.000000
INFO:kbc-cli.py:Epoch 40/100	Loss 6.4954 ± 0.2160
INFO:kbc-cli.py:Epoch 41/100	Loss 6.4869 ± 0.1784
INFO:kbc-cli.py:Epoch 42/100	Loss 6.4838 ± 0.2058
INFO:kbc-cli.py:Epoch 42/100	dev results	MRR 0.828496	H@1 0.728643	H@3 0.914573	H@5 0.964824	H@10 0.997487	H@20 1.000000	H@50 1.000000	H@100 1.000000
INFO:kbc-cli.py:Epoch 42/100	test results	MRR 0.823006	H@1 0.718905	H@3 0.917910	H@5 0.975124	H@10 1.000000	H@20 1.000000	H@50 1.000000	H@100 1.000000
INFO:kbc-cli.py:Epoch 43/100	Loss 6.4798 ± 0.2279
INFO:kbc-cli.py:Epoch 44/100	Loss 6.4760 ± 0.1881
INFO:kbc-cli.py:Epoch 45/100	Loss 6.4707 ± 0.2164
INFO:kbc-cli.py:Epoch 45/100	dev results	MRR 0.827048	H@1 0.726131	H@3 0.917085	H@5 0.967337	H@10 0.997487	H@20 1.000000	H@50 1.000000	H@100 1.000000
INFO:kbc-cli.py:Epoch 45/100	test results	MRR 0.821621	H@1 0.713930	H@3 0.915423	H@5 0.975124	H@10 1.000000	H@20 1.000000	H@50 1.000000	H@100 1.000000
INFO:kbc-cli.py:Epoch 46/100	Loss 6.4675 ± 0.1905
INFO:kbc-cli.py:Epoch 47/100	Loss 6.4645 ± 0.1583
INFO:kbc-cli.py:Epoch 48/100	Loss 6.4584 ± 0.1718
INFO:kbc-cli.py:Epoch 48/100	dev results	MRR 0.826988	H@1 0.726131	H@3 0.917085	H@5 0.967337	H@10 0.997487	H@20 1.000000	H@50 1.000000	H@100 1.000000
INFO:kbc-cli.py:Epoch 48/100	test results	MRR 0.822920	H@1 0.716418	H@3 0.920398	H@5 0.977612	H@10 1.000000	H@20 1.000000	H@50 1.000000	H@100 1.000000
INFO:kbc-cli.py:Epoch 49/100	Loss 6.4554 ± 0.2148
INFO:kbc-cli.py:Epoch 50/100	Loss 6.4534 ± 0.1819
INFO:kbc-cli.py:Epoch 51/100	Loss 6.4501 ± 0.1688
INFO:kbc-cli.py:Epoch 51/100	dev results	MRR 0.829166	H@1 0.731156	H@3 0.914573	H@5 0.967337	H@10 0.997487	H@20 1.000000	H@50 1.000000	H@100 1.000000
INFO:kbc-cli.py:Epoch 51/100	test results	MRR 0.817268	H@1 0.708955	H@3 0.917910	H@5 0.975124	H@10 1.000000	H@20 1.000000	H@50 1.000000	H@100 1.000000
INFO:kbc-cli.py:Epoch 52/100	Loss 6.4471 ± 0.2026
INFO:kbc-cli.py:Epoch 53/100	Loss 6.4408 ± 0.2080
INFO:kbc-cli.py:Epoch 54/100	Loss 6.4401 ± 0.2378
INFO:kbc-cli.py:Epoch 54/100	dev results	MRR 0.827449	H@1 0.723618	H@3 0.919598	H@5 0.962312	H@10 0.997487	H@20 1.000000	H@50 1.000000	H@100 1.000000
INFO:kbc-cli.py:Epoch 54/100	test results	MRR 0.814407	H@1 0.703980	H@3 0.917910	H@5 0.975124	H@10 1.000000	H@20 1.000000	H@50 1.000000	H@100 1.000000
INFO:kbc-cli.py:Epoch 55/100	Loss 6.4368 ± 0.2142
INFO:kbc-cli.py:Epoch 56/100	Loss 6.4306 ± 0.1904
INFO:kbc-cli.py:Epoch 57/100	Loss 6.4298 ± 0.1619
INFO:kbc-cli.py:Epoch 57/100	dev results	MRR 0.828179	H@1 0.728643	H@3 0.917085	H@5 0.967337	H@10 0.997487	H@20 1.000000	H@50 1.000000	H@100 1.000000
INFO:kbc-cli.py:Epoch 57/100	test results	MRR 0.819894	H@1 0.713930	H@3 0.917910	H@5 0.975124	H@10 1.000000	H@20 1.000000	H@50 1.000000	H@100 1.000000
INFO:kbc-cli.py:Epoch 58/100	Loss 6.4279 ± 0.1644
INFO:kbc-cli.py:Epoch 59/100	Loss 6.4235 ± 0.1590
INFO:kbc-cli.py:Epoch 60/100	Loss 6.4206 ± 0.1598
INFO:kbc-cli.py:Epoch 60/100	dev results	MRR 0.830213	H@1 0.733668	H@3 0.917085	H@5 0.967337	H@10 0.997487	H@20 1.000000	H@50 1.000000	H@100 1.000000
INFO:kbc-cli.py:Epoch 60/100	test results	MRR 0.816038	H@1 0.703980	H@3 0.917910	H@5 0.975124	H@10 1.000000	H@20 1.000000	H@50 1.000000	H@100 1.000000
INFO:kbc-cli.py:Epoch 61/100	Loss 6.4200 ± 0.1866
INFO:kbc-cli.py:Epoch 62/100	Loss 6.4178 ± 0.1929
INFO:kbc-cli.py:Epoch 63/100	Loss 6.4139 ± 0.1709
INFO:kbc-cli.py:Epoch 63/100	dev results	MRR 0.823991	H@1 0.721106	H@3 0.922111	H@5 0.967337	H@10 0.997487	H@20 1.000000	H@50 1.000000	H@100 1.000000
INFO:kbc-cli.py:Epoch 63/100	test results	MRR 0.815257	H@1 0.706468	H@3 0.920398	H@5 0.975124	H@10 1.000000	H@20 1.000000	H@50 1.000000	H@100 1.000000
INFO:kbc-cli.py:Epoch 64/100	Loss 6.4109 ± 0.2065
INFO:kbc-cli.py:Epoch 65/100	Loss 6.4073 ± 0.2054
INFO:kbc-cli.py:Epoch 66/100	Loss 6.4062 ± 0.1759
INFO:kbc-cli.py:Epoch 66/100	dev results	MRR 0.824395	H@1 0.721106	H@3 0.917085	H@5 0.967337	H@10 0.997487	H@20 1.000000	H@50 1.000000	H@100 1.000000
INFO:kbc-cli.py:Epoch 66/100	test results	MRR 0.817786	H@1 0.711443	H@3 0.917910	H@5 0.975124	H@10 1.000000	H@20 1.000000	H@50 1.000000	H@100 1.000000
INFO:kbc-cli.py:Epoch 67/100	Loss 6.4041 ± 0.1714
INFO:kbc-cli.py:Epoch 68/100	Loss 6.4023 ± 0.1959
INFO:kbc-cli.py:Epoch 69/100	Loss 6.3974 ± 0.1791
INFO:kbc-cli.py:Epoch 69/100	dev results	MRR 0.823013	H@1 0.721106	H@3 0.922111	H@5 0.967337	H@10 0.997487	H@20 1.000000	H@50 1.000000	H@100 1.000000
INFO:kbc-cli.py:Epoch 69/100	test results	MRR 0.817140	H@1 0.711443	H@3 0.915423	H@5 0.975124	H@10 1.000000	H@20 1.000000	H@50 1.000000	H@100 1.000000
INFO:kbc-cli.py:Epoch 70/100	Loss 6.3978 ± 0.1327
INFO:kbc-cli.py:Epoch 71/100	Loss 6.3957 ± 0.1582
INFO:kbc-cli.py:Epoch 72/100	Loss 6.3934 ± 0.2198
INFO:kbc-cli.py:Epoch 72/100	dev results	MRR 0.823931	H@1 0.721106	H@3 0.917085	H@5 0.967337	H@10 0.997487	H@20 1.000000	H@50 1.000000	H@100 1.000000
INFO:kbc-cli.py:Epoch 72/100	test results	MRR 0.815768	H@1 0.706468	H@3 0.917910	H@5 0.977612	H@10 1.000000	H@20 1.000000	H@50 1.000000	H@100 1.000000
INFO:kbc-cli.py:Epoch 73/100	Loss 6.3905 ± 0.1420
INFO:kbc-cli.py:Epoch 74/100	Loss 6.3902 ± 0.1723
INFO:kbc-cli.py:Epoch 75/100	Loss 6.3886 ± 0.1837
INFO:kbc-cli.py:Epoch 75/100	dev results	MRR 0.824284	H@1 0.721106	H@3 0.917085	H@5 0.967337	H@10 0.997487	H@20 1.000000	H@50 1.000000	H@100 1.000000
INFO:kbc-cli.py:Epoch 75/100	test results	MRR 0.815589	H@1 0.706468	H@3 0.915423	H@5 0.977612	H@10 1.000000	H@20 1.000000	H@50 1.000000	H@100 1.000000
INFO:kbc-cli.py:Epoch 76/100	Loss 6.3854 ± 0.1507
INFO:kbc-cli.py:Epoch 77/100	Loss 6.3833 ± 0.1772
INFO:kbc-cli.py:Epoch 78/100	Loss 6.3816 ± 0.1717
INFO:kbc-cli.py:Epoch 78/100	dev results	MRR 0.829480	H@1 0.728643	H@3 0.917085	H@5 0.967337	H@10 0.997487	H@20 1.000000	H@50 1.000000	H@100 1.000000
INFO:kbc-cli.py:Epoch 78/100	test results	MRR 0.817040	H@1 0.708955	H@3 0.917910	H@5 0.977612	H@10 1.000000	H@20 1.000000	H@50 1.000000	H@100 1.000000
INFO:kbc-cli.py:Epoch 79/100	Loss 6.3797 ± 0.1415
INFO:kbc-cli.py:Epoch 80/100	Loss 6.3793 ± 0.1678
INFO:kbc-cli.py:Epoch 81/100	Loss 6.3780 ± 0.1372
INFO:kbc-cli.py:Epoch 81/100	dev results	MRR 0.825624	H@1 0.723618	H@3 0.914573	H@5 0.967337	H@10 0.997487	H@20 1.000000	H@50 1.000000	H@100 1.000000
INFO:kbc-cli.py:Epoch 81/100	test results	MRR 0.815831	H@1 0.706468	H@3 0.915423	H@5 0.975124	H@10 1.000000	H@20 1.000000	H@50 1.000000	H@100 1.000000
INFO:kbc-cli.py:Epoch 82/100	Loss 6.3749 ± 0.1712
INFO:kbc-cli.py:Epoch 83/100	Loss 6.3727 ± 0.1485
INFO:kbc-cli.py:Epoch 84/100	Loss 6.3726 ± 0.1894
INFO:kbc-cli.py:Epoch 84/100	dev results	MRR 0.824619	H@1 0.721106	H@3 0.919598	H@5 0.967337	H@10 0.997487	H@20 1.000000	H@50 1.000000	H@100 1.000000
INFO:kbc-cli.py:Epoch 84/100	test results	MRR 0.816660	H@1 0.708955	H@3 0.915423	H@5 0.975124	H@10 1.000000	H@20 1.000000	H@50 1.000000	H@100 1.000000
INFO:kbc-cli.py:Epoch 85/100	Loss 6.3713 ± 0.1973
INFO:kbc-cli.py:Epoch 86/100	Loss 6.3673 ± 0.1340
INFO:kbc-cli.py:Epoch 87/100	Loss 6.3700 ± 0.1843
INFO:kbc-cli.py:Epoch 87/100	dev results	MRR 0.827341	H@1 0.726131	H@3 0.914573	H@5 0.964824	H@10 0.997487	H@20 1.000000	H@50 1.000000	H@100 1.000000
INFO:kbc-cli.py:Epoch 87/100	test results	MRR 0.814382	H@1 0.703980	H@3 0.917910	H@5 0.975124	H@10 1.000000	H@20 1.000000	H@50 1.000000	H@100 1.000000
INFO:kbc-cli.py:Epoch 88/100	Loss 6.3668 ± 0.1485
INFO:kbc-cli.py:Epoch 89/100	Loss 6.3641 ± 0.1772
INFO:kbc-cli.py:Epoch 90/100	Loss 6.3617 ± 0.1427
INFO:kbc-cli.py:Epoch 90/100	dev results	MRR 0.825457	H@1 0.723618	H@3 0.917085	H@5 0.964824	H@10 0.997487	H@20 1.000000	H@50 1.000000	H@100 1.000000
INFO:kbc-cli.py:Epoch 90/100	test results	MRR 0.812866	H@1 0.701493	H@3 0.917910	H@5 0.977612	H@10 1.000000	H@20 1.000000	H@50 1.000000	H@100 1.000000
INFO:kbc-cli.py:Epoch 91/100	Loss 6.3615 ± 0.1393
INFO:kbc-cli.py:Epoch 92/100	Loss 6.3612 ± 0.1463
INFO:kbc-cli.py:Epoch 93/100	Loss 6.3587 ± 0.1948
INFO:kbc-cli.py:Epoch 93/100	dev results	MRR 0.828517	H@1 0.728643	H@3 0.917085	H@5 0.967337	H@10 0.997487	H@20 1.000000	H@50 1.000000	H@100 1.000000
INFO:kbc-cli.py:Epoch 93/100	test results	MRR 0.817219	H@1 0.708955	H@3 0.915423	H@5 0.977612	H@10 1.000000	H@20 1.000000	H@50 1.000000	H@100 1.000000
INFO:kbc-cli.py:Epoch 94/100	Loss 6.3567 ± 0.1754
INFO:kbc-cli.py:Epoch 95/100	Loss 6.3575 ± 0.1780
INFO:kbc-cli.py:Epoch 96/100	Loss 6.3544 ± 0.1947
INFO:kbc-cli.py:Epoch 96/100	dev results	MRR 0.828388	H@1 0.728643	H@3 0.917085	H@5 0.964824	H@10 0.997487	H@20 1.000000	H@50 1.000000	H@100 1.000000
INFO:kbc-cli.py:Epoch 96/100	test results	MRR 0.813843	H@1 0.703980	H@3 0.915423	H@5 0.977612	H@10 1.000000	H@20 1.000000	H@50 1.000000	H@100 1.000000
INFO:kbc-cli.py:Epoch 97/100	Loss 6.3536 ± 0.1632
INFO:kbc-cli.py:Epoch 98/100	Loss 6.3514 ± 0.1473
INFO:kbc-cli.py:Epoch 99/100	Loss 6.3516 ± 0.1700
INFO:kbc-cli.py:Epoch 99/100	dev results	MRR 0.826169	H@1 0.723618	H@3 0.917085	H@5 0.964824	H@10 0.997487	H@20 1.000000	H@50 1.000000	H@100 1.000000
INFO:kbc-cli.py:Epoch 99/100	test results	MRR 0.815295	H@1 0.706468	H@3 0.917910	H@5 0.977612	H@10 1.000000	H@20 1.000000	H@50 1.000000	H@100 1.000000
INFO:kbc-cli.py:Epoch 100/100	Loss 6.3487 ± 0.1305
INFO:kbc-cli.py:Final 	dev results	MRR 0.827341	H@1 0.726131	H@3 0.917085	H@5 0.962312	H@10 0.997487	H@20 1.000000	H@50 1.000000	H@100 1.000000
INFO:kbc-cli.py:Final 	test results	MRR 0.815146	H@1 0.706468	H@3 0.915423	H@5 0.977612	H@10 1.000000	H@20 1.000000	H@50 1.000000	H@100 1.000000
INFO:kbc-cli.py:Training finished
