./bin/kbc-cli.py --train data/kinship/train.tsv --dev data/kinship/dev.tsv --test data/kinship/test.tsv -m complex -k 1000 -b 100 -e 100 --F2 0 --N3 0.05 -l 0.1 -I standard -V 3 -o adagrad -c spo -q
{'F2': 0.0,
 'N3': 0.05,
 'batch_size': 100,
 'corruption': 'spo',
 'dev': 'data/kinship/dev.tsv',
 'embedding_size': 1000,
 'epochs': 100,
 'eval_batch_size': None,
 'input_type': 'standard',
 'learning_rate': 0.1,
 'load': None,
 'model': 'complex',
 'optimizer': 'adagrad',
 'quiet': True,
 'save': None,
 'seed': 0,
 'test': 'data/kinship/test.tsv',
 'test_i': None,
 'test_ii': None,
 'train': 'data/kinship/train.tsv',
 'validate_every': 3}
INFO:kbc-cli.py:Device: cuda
INFO:kbc-cli.py:Model state:
INFO:kbc-cli.py:	entities.weight	torch.Size([104, 2000])
INFO:kbc-cli.py:	predicates.weight	torch.Size([25, 2000])
INFO:kbc-cli.py:Epoch 1/100	Loss 10.0524 ± 2.0824
INFO:kbc-cli.py:Epoch 2/100	Loss 7.6883 ± 0.1918
INFO:kbc-cli.py:Epoch 3/100	Loss 7.4419 ± 0.2196
INFO:kbc-cli.py:Epoch 3/100	dev results	MRR 0.846887	H@1 0.760300	H@3 0.922285	H@5 0.955524	H@10 0.977528	H@20 0.986891	H@50 0.995318	H@100 1.000000
INFO:kbc-cli.py:Epoch 3/100	test results	MRR 0.847985	H@1 0.764432	H@3 0.918994	H@5 0.958101	H@10 0.982309	H@20 0.991620	H@50 0.996276	H@100 1.000000
INFO:kbc-cli.py:Epoch 4/100	Loss 7.3192 ± 0.1859
INFO:kbc-cli.py:Epoch 5/100	Loss 7.2499 ± 0.1938
INFO:kbc-cli.py:Epoch 6/100	Loss 7.1971 ± 0.1780
INFO:kbc-cli.py:Epoch 6/100	dev results	MRR 0.874892	H@1 0.806648	H@3 0.934925	H@5 0.961610	H@10 0.980337	H@20 0.989232	H@50 0.993914	H@100 1.000000
INFO:kbc-cli.py:Epoch 6/100	test results	MRR 0.876002	H@1 0.807263	H@3 0.934358	H@5 0.969739	H@10 0.985568	H@20 0.993017	H@50 0.996741	H@100 1.000000
INFO:kbc-cli.py:Epoch 7/100	Loss 7.1590 ± 0.1824
INFO:kbc-cli.py:Epoch 8/100	Loss 7.1322 ± 0.1923
INFO:kbc-cli.py:Epoch 9/100	Loss 7.1022 ± 0.1749
INFO:kbc-cli.py:Epoch 9/100	dev results	MRR 0.879629	H@1 0.811798	H@3 0.941011	H@5 0.963483	H@10 0.979401	H@20 0.989232	H@50 0.993914	H@100 1.000000
INFO:kbc-cli.py:Epoch 9/100	test results	MRR 0.884283	H@1 0.819832	H@3 0.942737	H@5 0.967877	H@10 0.986965	H@20 0.993017	H@50 0.996741	H@100 1.000000
INFO:kbc-cli.py:Epoch 10/100	Loss 7.0816 ± 0.1725
INFO:kbc-cli.py:Epoch 11/100	Loss 7.0653 ± 0.1639
INFO:kbc-cli.py:Epoch 12/100	Loss 7.0468 ± 0.1579
INFO:kbc-cli.py:Epoch 12/100	dev results	MRR 0.885556	H@1 0.822097	H@3 0.943352	H@5 0.964419	H@10 0.978464	H@20 0.989232	H@50 0.993914	H@100 1.000000
INFO:kbc-cli.py:Epoch 12/100	test results	MRR 0.890363	H@1 0.828678	H@3 0.946462	H@5 0.971601	H@10 0.986965	H@20 0.993017	H@50 0.996741	H@100 1.000000
INFO:kbc-cli.py:Epoch 13/100	Loss 7.0319 ± 0.1854
INFO:kbc-cli.py:Epoch 14/100	Loss 7.0208 ± 0.1673
INFO:kbc-cli.py:Epoch 15/100	Loss 7.0089 ± 0.1694
INFO:kbc-cli.py:Epoch 15/100	dev results	MRR 0.889157	H@1 0.828184	H@3 0.946161	H@5 0.963951	H@10 0.979869	H@20 0.989232	H@50 0.992978	H@100 1.000000
INFO:kbc-cli.py:Epoch 15/100	test results	MRR 0.894394	H@1 0.834730	H@3 0.945531	H@5 0.974395	H@10 0.986499	H@20 0.993017	H@50 0.996741	H@100 1.000000
INFO:kbc-cli.py:Epoch 16/100	Loss 6.9992 ± 0.1797
INFO:kbc-cli.py:Epoch 17/100	Loss 6.9892 ± 0.1713
INFO:kbc-cli.py:Epoch 18/100	Loss 6.9817 ± 0.1449
INFO:kbc-cli.py:Epoch 18/100	dev results	MRR 0.887260	H@1 0.823970	H@3 0.943352	H@5 0.965356	H@10 0.978933	H@20 0.989700	H@50 0.992978	H@100 1.000000
INFO:kbc-cli.py:Epoch 18/100	test results	MRR 0.891349	H@1 0.830074	H@3 0.945065	H@5 0.972533	H@10 0.986499	H@20 0.993017	H@50 0.996741	H@100 1.000000
INFO:kbc-cli.py:Epoch 19/100	Loss 6.9727 ± 0.1562
INFO:kbc-cli.py:Epoch 20/100	Loss 6.9647 ± 0.1421
INFO:kbc-cli.py:Epoch 21/100	Loss 6.9591 ± 0.1591
INFO:kbc-cli.py:Epoch 21/100	dev results	MRR 0.892116	H@1 0.832397	H@3 0.947097	H@5 0.964419	H@10 0.978933	H@20 0.989700	H@50 0.992978	H@100 1.000000
INFO:kbc-cli.py:Epoch 21/100	test results	MRR 0.894354	H@1 0.833333	H@3 0.949255	H@5 0.973464	H@10 0.986965	H@20 0.993017	H@50 0.996741	H@100 1.000000
INFO:kbc-cli.py:Epoch 22/100	Loss 6.9507 ± 0.1612
INFO:kbc-cli.py:Epoch 23/100	Loss 6.9451 ± 0.1664
INFO:kbc-cli.py:Epoch 24/100	Loss 6.9408 ± 0.1420
INFO:kbc-cli.py:Epoch 24/100	dev results	MRR 0.894005	H@1 0.836610	H@3 0.945225	H@5 0.964419	H@10 0.979869	H@20 0.989700	H@50 0.992978	H@100 1.000000
INFO:kbc-cli.py:Epoch 24/100	test results	MRR 0.898486	H@1 0.841713	H@3 0.950186	H@5 0.971601	H@10 0.986034	H@20 0.992551	H@50 0.996741	H@100 1.000000
INFO:kbc-cli.py:Epoch 25/100	Loss 6.9355 ± 0.1603
INFO:kbc-cli.py:Epoch 26/100	Loss 6.9270 ± 0.1468
INFO:kbc-cli.py:Epoch 27/100	Loss 6.9282 ± 0.1409
INFO:kbc-cli.py:Epoch 27/100	dev results	MRR 0.894293	H@1 0.837079	H@3 0.945225	H@5 0.965356	H@10 0.979869	H@20 0.989700	H@50 0.992978	H@100 1.000000
INFO:kbc-cli.py:Epoch 27/100	test results	MRR 0.898394	H@1 0.841713	H@3 0.948790	H@5 0.971136	H@10 0.986034	H@20 0.992551	H@50 0.996741	H@100 1.000000
INFO:kbc-cli.py:Epoch 28/100	Loss 6.9215 ± 0.1574
INFO:kbc-cli.py:Epoch 29/100	Loss 6.9182 ± 0.1419
INFO:kbc-cli.py:Epoch 30/100	Loss 6.9164 ± 0.1773
INFO:kbc-cli.py:Epoch 30/100	dev results	MRR 0.895930	H@1 0.840356	H@3 0.945693	H@5 0.964888	H@10 0.979401	H@20 0.989700	H@50 0.992978	H@100 1.000000
INFO:kbc-cli.py:Epoch 30/100	test results	MRR 0.897889	H@1 0.839385	H@3 0.949255	H@5 0.973929	H@10 0.986965	H@20 0.992551	H@50 0.996741	H@100 1.000000
INFO:kbc-cli.py:Epoch 31/100	Loss 6.9097 ± 0.1443
INFO:kbc-cli.py:Epoch 32/100	Loss 6.9055 ± 0.1368
INFO:kbc-cli.py:Epoch 33/100	Loss 6.9027 ± 0.1418
INFO:kbc-cli.py:Epoch 33/100	dev results	MRR 0.895393	H@1 0.838483	H@3 0.946629	H@5 0.965356	H@10 0.979869	H@20 0.989700	H@50 0.992978	H@100 1.000000
INFO:kbc-cli.py:Epoch 33/100	test results	MRR 0.900176	H@1 0.844507	H@3 0.952048	H@5 0.974395	H@10 0.986034	H@20 0.991620	H@50 0.996741	H@100 1.000000
INFO:kbc-cli.py:Epoch 34/100	Loss 6.8998 ± 0.1667
INFO:kbc-cli.py:Epoch 35/100	Loss 6.8953 ± 0.1550
INFO:kbc-cli.py:Epoch 36/100	Loss 6.8925 ± 0.1483
INFO:kbc-cli.py:Epoch 36/100	dev results	MRR 0.896445	H@1 0.840356	H@3 0.948034	H@5 0.965824	H@10 0.979869	H@20 0.989700	H@50 0.992978	H@100 1.000000
INFO:kbc-cli.py:Epoch 36/100	test results	MRR 0.900969	H@1 0.844507	H@3 0.953911	H@5 0.974395	H@10 0.986034	H@20 0.991620	H@50 0.996741	H@100 1.000000
INFO:kbc-cli.py:Epoch 37/100	Loss 6.8918 ± 0.1391
INFO:kbc-cli.py:Epoch 38/100	Loss 6.8891 ± 0.1430
INFO:kbc-cli.py:Epoch 39/100	Loss 6.8832 ± 0.1434
INFO:kbc-cli.py:Epoch 39/100	dev results	MRR 0.896316	H@1 0.840356	H@3 0.946629	H@5 0.965356	H@10 0.979869	H@20 0.989700	H@50 0.993446	H@100 1.000000
INFO:kbc-cli.py:Epoch 39/100	test results	MRR 0.899854	H@1 0.844041	H@3 0.951117	H@5 0.972998	H@10 0.986499	H@20 0.991620	H@50 0.996741	H@100 1.000000
INFO:kbc-cli.py:Epoch 40/100	Loss 6.8797 ± 0.1519
INFO:kbc-cli.py:Epoch 41/100	Loss 6.8786 ± 0.1276
INFO:kbc-cli.py:Epoch 42/100	Loss 6.8762 ± 0.1420
INFO:kbc-cli.py:Epoch 42/100	dev results	MRR 0.896057	H@1 0.839888	H@3 0.945693	H@5 0.965356	H@10 0.978933	H@20 0.989700	H@50 0.992978	H@100 1.000000
INFO:kbc-cli.py:Epoch 42/100	test results	MRR 0.902250	H@1 0.847765	H@3 0.952048	H@5 0.974395	H@10 0.986499	H@20 0.991620	H@50 0.996741	H@100 1.000000
INFO:kbc-cli.py:Epoch 43/100	Loss 6.8733 ± 0.1415
INFO:kbc-cli.py:Epoch 44/100	Loss 6.8736 ± 0.1397
INFO:kbc-cli.py:Epoch 45/100	Loss 6.8695 ± 0.1261
INFO:kbc-cli.py:Epoch 45/100	dev results	MRR 0.895135	H@1 0.838483	H@3 0.944757	H@5 0.965356	H@10 0.979869	H@20 0.989700	H@50 0.992978	H@100 1.000000
INFO:kbc-cli.py:Epoch 45/100	test results	MRR 0.901116	H@1 0.844972	H@3 0.950652	H@5 0.973929	H@10 0.986965	H@20 0.991620	H@50 0.996741	H@100 1.000000
INFO:kbc-cli.py:Epoch 46/100	Loss 6.8684 ± 0.1364
INFO:kbc-cli.py:Epoch 47/100	Loss 6.8656 ± 0.1516
INFO:kbc-cli.py:Epoch 48/100	Loss 6.8630 ± 0.1418
INFO:kbc-cli.py:Epoch 48/100	dev results	MRR 0.896827	H@1 0.841292	H@3 0.947097	H@5 0.964888	H@10 0.977996	H@20 0.989700	H@50 0.992978	H@100 1.000000
INFO:kbc-cli.py:Epoch 48/100	test results	MRR 0.899034	H@1 0.841713	H@3 0.952048	H@5 0.973464	H@10 0.985568	H@20 0.991620	H@50 0.996741	H@100 1.000000
INFO:kbc-cli.py:Epoch 49/100	Loss 6.8610 ± 0.1453
INFO:kbc-cli.py:Epoch 50/100	Loss 6.8602 ± 0.1205
INFO:kbc-cli.py:Epoch 51/100	Loss 6.8570 ± 0.1102
INFO:kbc-cli.py:Epoch 51/100	dev results	MRR 0.895891	H@1 0.838951	H@3 0.947566	H@5 0.965356	H@10 0.979401	H@20 0.989700	H@50 0.993446	H@100 1.000000
INFO:kbc-cli.py:Epoch 51/100	test results	MRR 0.900867	H@1 0.844972	H@3 0.952514	H@5 0.975326	H@10 0.985568	H@20 0.991620	H@50 0.996741	H@100 1.000000
INFO:kbc-cli.py:Epoch 52/100	Loss 6.8561 ± 0.1130
INFO:kbc-cli.py:Epoch 53/100	Loss 6.8571 ± 0.1450
INFO:kbc-cli.py:Epoch 54/100	Loss 6.8532 ± 0.1254
INFO:kbc-cli.py:Epoch 54/100	dev results	MRR 0.898053	H@1 0.843165	H@3 0.948034	H@5 0.964888	H@10 0.977996	H@20 0.989700	H@50 0.993446	H@100 1.000000
INFO:kbc-cli.py:Epoch 54/100	test results	MRR 0.899338	H@1 0.841248	H@3 0.954376	H@5 0.974395	H@10 0.985568	H@20 0.991620	H@50 0.996741	H@100 1.000000
INFO:kbc-cli.py:Epoch 55/100	Loss 6.8525 ± 0.1332
INFO:kbc-cli.py:Epoch 56/100	Loss 6.8492 ± 0.1326
INFO:kbc-cli.py:Epoch 57/100	Loss 6.8489 ± 0.1437
INFO:kbc-cli.py:Epoch 57/100	dev results	MRR 0.897416	H@1 0.842228	H@3 0.947097	H@5 0.965356	H@10 0.978933	H@20 0.989700	H@50 0.993446	H@100 1.000000
INFO:kbc-cli.py:Epoch 57/100	test results	MRR 0.900302	H@1 0.844041	H@3 0.951583	H@5 0.973929	H@10 0.985568	H@20 0.991620	H@50 0.996741	H@100 1.000000
INFO:kbc-cli.py:Epoch 58/100	Loss 6.8460 ± 0.1347
INFO:kbc-cli.py:Epoch 59/100	Loss 6.8460 ± 0.1279
INFO:kbc-cli.py:Epoch 60/100	Loss 6.8436 ± 0.1323
INFO:kbc-cli.py:Epoch 60/100	dev results	MRR 0.898001	H@1 0.843165	H@3 0.948034	H@5 0.965356	H@10 0.977996	H@20 0.990169	H@50 0.993446	H@100 1.000000
INFO:kbc-cli.py:Epoch 60/100	test results	MRR 0.899150	H@1 0.841713	H@3 0.949721	H@5 0.973929	H@10 0.986034	H@20 0.991620	H@50 0.996741	H@100 1.000000
INFO:kbc-cli.py:Epoch 61/100	Loss 6.8440 ± 0.1184
INFO:kbc-cli.py:Epoch 62/100	Loss 6.8416 ± 0.1261
INFO:kbc-cli.py:Epoch 63/100	Loss 6.8418 ± 0.1216
INFO:kbc-cli.py:Epoch 63/100	dev results	MRR 0.898107	H@1 0.843633	H@3 0.947566	H@5 0.964888	H@10 0.977996	H@20 0.989700	H@50 0.993446	H@100 1.000000
INFO:kbc-cli.py:Epoch 63/100	test results	MRR 0.901717	H@1 0.845903	H@3 0.952048	H@5 0.973464	H@10 0.986034	H@20 0.991620	H@50 0.996276	H@100 1.000000
INFO:kbc-cli.py:Epoch 64/100	Loss 6.8394 ± 0.1216
INFO:kbc-cli.py:Epoch 65/100	Loss 6.8380 ± 0.1141
INFO:kbc-cli.py:Epoch 66/100	Loss 6.8355 ± 0.1170
INFO:kbc-cli.py:Epoch 66/100	dev results	MRR 0.897849	H@1 0.843633	H@3 0.947097	H@5 0.964888	H@10 0.978933	H@20 0.990169	H@50 0.992978	H@100 1.000000
INFO:kbc-cli.py:Epoch 66/100	test results	MRR 0.900946	H@1 0.844041	H@3 0.953445	H@5 0.973929	H@10 0.986499	H@20 0.991620	H@50 0.996276	H@100 1.000000
INFO:kbc-cli.py:Epoch 67/100	Loss 6.8342 ± 0.1144
INFO:kbc-cli.py:Epoch 68/100	Loss 6.8349 ± 0.1378
INFO:kbc-cli.py:Epoch 69/100	Loss 6.8325 ± 0.1067
INFO:kbc-cli.py:Epoch 69/100	dev results	MRR 0.897907	H@1 0.842697	H@3 0.947097	H@5 0.965356	H@10 0.979401	H@20 0.990169	H@50 0.992978	H@100 1.000000
INFO:kbc-cli.py:Epoch 69/100	test results	MRR 0.901458	H@1 0.845438	H@3 0.951117	H@5 0.974860	H@10 0.986034	H@20 0.991620	H@50 0.996276	H@100 1.000000
INFO:kbc-cli.py:Epoch 70/100	Loss 6.8310 ± 0.1224
INFO:kbc-cli.py:Epoch 71/100	Loss 6.8316 ± 0.1373
INFO:kbc-cli.py:Epoch 72/100	Loss 6.8309 ± 0.1215
INFO:kbc-cli.py:Epoch 72/100	dev results	MRR 0.897430	H@1 0.841292	H@3 0.949438	H@5 0.965356	H@10 0.977528	H@20 0.990169	H@50 0.992978	H@100 1.000000
INFO:kbc-cli.py:Epoch 72/100	test results	MRR 0.903211	H@1 0.849162	H@3 0.952980	H@5 0.974860	H@10 0.986499	H@20 0.991620	H@50 0.996276	H@100 1.000000
INFO:kbc-cli.py:Epoch 73/100	Loss 6.8286 ± 0.1071
INFO:kbc-cli.py:Epoch 74/100	Loss 6.8276 ± 0.1293
INFO:kbc-cli.py:Epoch 75/100	Loss 6.8266 ± 0.1238
INFO:kbc-cli.py:Epoch 75/100	dev results	MRR 0.899664	H@1 0.846442	H@3 0.948502	H@5 0.964888	H@10 0.978933	H@20 0.989700	H@50 0.993446	H@100 1.000000
INFO:kbc-cli.py:Epoch 75/100	test results	MRR 0.900915	H@1 0.844507	H@3 0.952048	H@5 0.975326	H@10 0.986034	H@20 0.991620	H@50 0.996276	H@100 1.000000
INFO:kbc-cli.py:Epoch 76/100	Loss 6.8247 ± 0.1210
INFO:kbc-cli.py:Epoch 77/100	Loss 6.8236 ± 0.1376
INFO:kbc-cli.py:Epoch 78/100	Loss 6.8222 ± 0.1173
INFO:kbc-cli.py:Epoch 78/100	dev results	MRR 0.900843	H@1 0.848315	H@3 0.948970	H@5 0.965356	H@10 0.977996	H@20 0.990169	H@50 0.992978	H@100 1.000000
INFO:kbc-cli.py:Epoch 78/100	test results	MRR 0.903150	H@1 0.849162	H@3 0.953911	H@5 0.974395	H@10 0.986034	H@20 0.991620	H@50 0.996276	H@100 1.000000
INFO:kbc-cli.py:Epoch 79/100	Loss 6.8231 ± 0.1115
INFO:kbc-cli.py:Epoch 80/100	Loss 6.8220 ± 0.1334
INFO:kbc-cli.py:Epoch 81/100	Loss 6.8230 ± 0.1270
INFO:kbc-cli.py:Epoch 81/100	dev results	MRR 0.900311	H@1 0.846910	H@3 0.949438	H@5 0.965356	H@10 0.978464	H@20 0.989700	H@50 0.992978	H@100 1.000000
INFO:kbc-cli.py:Epoch 81/100	test results	MRR 0.900739	H@1 0.844507	H@3 0.951583	H@5 0.974860	H@10 0.986034	H@20 0.991620	H@50 0.996276	H@100 1.000000
INFO:kbc-cli.py:Epoch 82/100	Loss 6.8197 ± 0.1192
INFO:kbc-cli.py:Epoch 83/100	Loss 6.8202 ± 0.1111
INFO:kbc-cli.py:Epoch 84/100	Loss 6.8202 ± 0.1351
INFO:kbc-cli.py:Epoch 84/100	dev results	MRR 0.897602	H@1 0.841760	H@3 0.949438	H@5 0.965356	H@10 0.978464	H@20 0.989700	H@50 0.992978	H@100 1.000000
INFO:kbc-cli.py:Epoch 84/100	test results	MRR 0.903647	H@1 0.849628	H@3 0.953911	H@5 0.974395	H@10 0.986034	H@20 0.991620	H@50 0.996276	H@100 1.000000
INFO:kbc-cli.py:Epoch 85/100	Loss 6.8190 ± 0.1304
INFO:kbc-cli.py:Epoch 86/100	Loss 6.8186 ± 0.1297
INFO:kbc-cli.py:Epoch 87/100	Loss 6.8150 ± 0.1193
INFO:kbc-cli.py:Epoch 87/100	dev results	MRR 0.898054	H@1 0.842697	H@3 0.948502	H@5 0.965824	H@10 0.977996	H@20 0.989700	H@50 0.993446	H@100 1.000000
INFO:kbc-cli.py:Epoch 87/100	test results	MRR 0.903642	H@1 0.849628	H@3 0.952514	H@5 0.974860	H@10 0.986499	H@20 0.991620	H@50 0.996276	H@100 1.000000
INFO:kbc-cli.py:Epoch 88/100	Loss 6.8178 ± 0.1280
INFO:kbc-cli.py:Epoch 89/100	Loss 6.8131 ± 0.1261
INFO:kbc-cli.py:Epoch 90/100	Loss 6.8127 ± 0.1255
INFO:kbc-cli.py:Epoch 90/100	dev results	MRR 0.899250	H@1 0.845506	H@3 0.947566	H@5 0.965356	H@10 0.977996	H@20 0.989700	H@50 0.992978	H@100 1.000000
INFO:kbc-cli.py:Epoch 90/100	test results	MRR 0.902818	H@1 0.848231	H@3 0.953911	H@5 0.974860	H@10 0.986034	H@20 0.991620	H@50 0.996276	H@100 1.000000
INFO:kbc-cli.py:Epoch 91/100	Loss 6.8120 ± 0.1347
INFO:kbc-cli.py:Epoch 92/100	Loss 6.8115 ± 0.1244
INFO:kbc-cli.py:Epoch 93/100	Loss 6.8127 ± 0.1191
INFO:kbc-cli.py:Epoch 93/100	dev results	MRR 0.900663	H@1 0.848315	H@3 0.948034	H@5 0.965824	H@10 0.977996	H@20 0.990169	H@50 0.992509	H@100 1.000000
INFO:kbc-cli.py:Epoch 93/100	test results	MRR 0.901481	H@1 0.846369	H@3 0.949721	H@5 0.974395	H@10 0.986034	H@20 0.991620	H@50 0.996276	H@100 1.000000
INFO:kbc-cli.py:Epoch 94/100	Loss 6.8107 ± 0.1180
INFO:kbc-cli.py:Epoch 95/100	Loss 6.8089 ± 0.1316
INFO:kbc-cli.py:Epoch 96/100	Loss 6.8106 ± 0.1315
INFO:kbc-cli.py:Epoch 96/100	dev results	MRR 0.898494	H@1 0.843633	H@3 0.948970	H@5 0.966292	H@10 0.977996	H@20 0.989700	H@50 0.992978	H@100 1.000000
INFO:kbc-cli.py:Epoch 96/100	test results	MRR 0.904017	H@1 0.850093	H@3 0.953445	H@5 0.974860	H@10 0.986034	H@20 0.991620	H@50 0.996276	H@100 1.000000
INFO:kbc-cli.py:Epoch 97/100	Loss 6.8091 ± 0.1102
INFO:kbc-cli.py:Epoch 98/100	Loss 6.8096 ± 0.1087
INFO:kbc-cli.py:Epoch 99/100	Loss 6.8067 ± 0.1086
INFO:kbc-cli.py:Epoch 99/100	dev results	MRR 0.900707	H@1 0.847846	H@3 0.949438	H@5 0.964888	H@10 0.977996	H@20 0.989700	H@50 0.992978	H@100 1.000000
INFO:kbc-cli.py:Epoch 99/100	test results	MRR 0.903701	H@1 0.849628	H@3 0.952980	H@5 0.973929	H@10 0.986499	H@20 0.991620	H@50 0.996276	H@100 1.000000
INFO:kbc-cli.py:Epoch 100/100	Loss 6.8084 ± 0.1320
INFO:kbc-cli.py:Final 	dev results	MRR 0.900024	H@1 0.846910	H@3 0.949438	H@5 0.965356	H@10 0.977996	H@20 0.989700	H@50 0.992509	H@100 1.000000
INFO:kbc-cli.py:Final 	test results	MRR 0.903487	H@1 0.849162	H@3 0.952514	H@5 0.973929	H@10 0.986499	H@20 0.991620	H@50 0.996276	H@100 1.000000
INFO:kbc-cli.py:Training finished
