./bin/kbc-cli.py --train data/nations/train.tsv --dev data/nations/dev.tsv --test data/nations/test.tsv -m complex -k 500 -b 500 -e 100 --F2 0 --N3 0.01 -l 0.1 -I standard -V 3 -o adagrad -c spo -q
{'F2': 0.0,
 'N3': 0.01,
 'batch_size': 500,
 'corruption': 'spo',
 'dev': 'data/nations/dev.tsv',
 'embedding_size': 500,
 'epochs': 100,
 'eval_batch_size': None,
 'input_type': 'standard',
 'learning_rate': 0.1,
 'load': None,
 'model': 'complex',
 'optimizer': 'adagrad',
 'quiet': True,
 'save': None,
 'seed': 0,
 'test': 'data/nations/test.tsv',
 'test_i': None,
 'test_ii': None,
 'train': 'data/nations/train.tsv',
 'validate_every': 3}
INFO:kbc-cli.py:Device: cuda
INFO:kbc-cli.py:Model state:
INFO:kbc-cli.py:	entities.weight	torch.Size([14, 1000])
INFO:kbc-cli.py:	predicates.weight	torch.Size([55, 1000])
INFO:kbc-cli.py:Epoch 1/100	Loss 9.4405 ± 0.1471
INFO:kbc-cli.py:Epoch 2/100	Loss 8.8956 ± 0.1368
INFO:kbc-cli.py:Epoch 3/100	Loss 7.9256 ± 0.2468
INFO:kbc-cli.py:Epoch 3/100	dev results	MRR 0.728778	H@1 0.577889	H@3 0.859296	H@5 0.939698	H@10 0.994975	H@20 1.000000	H@50 1.000000	H@100 1.000000
INFO:kbc-cli.py:Epoch 3/100	test results	MRR 0.753033	H@1 0.616915	H@3 0.870647	H@5 0.947761	H@10 0.997512	H@20 1.000000	H@50 1.000000	H@100 1.000000
INFO:kbc-cli.py:Epoch 4/100	Loss 7.5216 ± 0.2838
INFO:kbc-cli.py:Epoch 5/100	Loss 7.2200 ± 0.1492
INFO:kbc-cli.py:Epoch 6/100	Loss 7.2042 ± 0.3049
INFO:kbc-cli.py:Epoch 6/100	dev results	MRR 0.738974	H@1 0.605528	H@3 0.836683	H@5 0.934673	H@10 0.997487	H@20 1.000000	H@50 1.000000	H@100 1.000000
INFO:kbc-cli.py:Epoch 6/100	test results	MRR 0.792688	H@1 0.671642	H@3 0.912935	H@5 0.957711	H@10 0.997512	H@20 1.000000	H@50 1.000000	H@100 1.000000
INFO:kbc-cli.py:Epoch 7/100	Loss 6.9897 ± 0.1151
INFO:kbc-cli.py:Epoch 8/100	Loss 6.9682 ± 0.1669
INFO:kbc-cli.py:Epoch 9/100	Loss 6.8141 ± 0.1490
INFO:kbc-cli.py:Epoch 9/100	dev results	MRR 0.744259	H@1 0.603015	H@3 0.859296	H@5 0.954774	H@10 0.994975	H@20 1.000000	H@50 1.000000	H@100 1.000000
INFO:kbc-cli.py:Epoch 9/100	test results	MRR 0.811732	H@1 0.703980	H@3 0.898010	H@5 0.962687	H@10 1.000000	H@20 1.000000	H@50 1.000000	H@100 1.000000
INFO:kbc-cli.py:Epoch 10/100	Loss 6.8767 ± 0.2252
INFO:kbc-cli.py:Epoch 11/100	Loss 6.7926 ± 0.1249
INFO:kbc-cli.py:Epoch 12/100	Loss 6.7728 ± 0.1881
INFO:kbc-cli.py:Epoch 12/100	dev results	MRR 0.781229	H@1 0.660804	H@3 0.891960	H@5 0.957286	H@10 0.997487	H@20 1.000000	H@50 1.000000	H@100 1.000000
INFO:kbc-cli.py:Epoch 12/100	test results	MRR 0.822134	H@1 0.718905	H@3 0.912935	H@5 0.960199	H@10 1.000000	H@20 1.000000	H@50 1.000000	H@100 1.000000
INFO:kbc-cli.py:Epoch 13/100	Loss 6.7584 ± 0.1670
INFO:kbc-cli.py:Epoch 14/100	Loss 6.6769 ± 0.1423
INFO:kbc-cli.py:Epoch 15/100	Loss 6.6585 ± 0.0975
INFO:kbc-cli.py:Epoch 15/100	dev results	MRR 0.799417	H@1 0.683417	H@3 0.896985	H@5 0.967337	H@10 0.997487	H@20 1.000000	H@50 1.000000	H@100 1.000000
INFO:kbc-cli.py:Epoch 15/100	test results	MRR 0.814283	H@1 0.708955	H@3 0.905473	H@5 0.960199	H@10 0.997512	H@20 1.000000	H@50 1.000000	H@100 1.000000
INFO:kbc-cli.py:Epoch 16/100	Loss 6.6284 ± 0.1025
INFO:kbc-cli.py:Epoch 17/100	Loss 6.6496 ± 0.1749
INFO:kbc-cli.py:Epoch 18/100	Loss 6.5965 ± 0.1241
INFO:kbc-cli.py:Epoch 18/100	dev results	MRR 0.791660	H@1 0.670854	H@3 0.907035	H@5 0.962312	H@10 0.997487	H@20 1.000000	H@50 1.000000	H@100 1.000000
INFO:kbc-cli.py:Epoch 18/100	test results	MRR 0.814768	H@1 0.706468	H@3 0.907960	H@5 0.965174	H@10 0.997512	H@20 1.000000	H@50 1.000000	H@100 1.000000
INFO:kbc-cli.py:Epoch 19/100	Loss 6.6480 ± 0.2206
INFO:kbc-cli.py:Epoch 20/100	Loss 6.6190 ± 0.1956
INFO:kbc-cli.py:Epoch 21/100	Loss 6.6278 ± 0.2475
INFO:kbc-cli.py:Epoch 21/100	dev results	MRR 0.790071	H@1 0.668342	H@3 0.899497	H@5 0.962312	H@10 0.997487	H@20 1.000000	H@50 1.000000	H@100 1.000000
INFO:kbc-cli.py:Epoch 21/100	test results	MRR 0.830307	H@1 0.736318	H@3 0.915423	H@5 0.965174	H@10 0.997512	H@20 1.000000	H@50 1.000000	H@100 1.000000
INFO:kbc-cli.py:Epoch 22/100	Loss 6.5178 ± 0.1498
INFO:kbc-cli.py:Epoch 23/100	Loss 6.5612 ± 0.1786
INFO:kbc-cli.py:Epoch 24/100	Loss 6.5569 ± 0.1943
INFO:kbc-cli.py:Epoch 24/100	dev results	MRR 0.796915	H@1 0.673367	H@3 0.904523	H@5 0.967337	H@10 0.997487	H@20 1.000000	H@50 1.000000	H@100 1.000000
INFO:kbc-cli.py:Epoch 24/100	test results	MRR 0.822116	H@1 0.718905	H@3 0.910448	H@5 0.970149	H@10 0.997512	H@20 1.000000	H@50 1.000000	H@100 1.000000
INFO:kbc-cli.py:Epoch 25/100	Loss 6.4751 ± 0.1320
INFO:kbc-cli.py:Epoch 26/100	Loss 6.5230 ± 0.1209
INFO:kbc-cli.py:Epoch 27/100	Loss 6.5029 ± 0.1586
INFO:kbc-cli.py:Epoch 27/100	dev results	MRR 0.793034	H@1 0.673367	H@3 0.891960	H@5 0.969849	H@10 0.997487	H@20 1.000000	H@50 1.000000	H@100 1.000000
INFO:kbc-cli.py:Epoch 27/100	test results	MRR 0.822347	H@1 0.718905	H@3 0.917910	H@5 0.972637	H@10 0.997512	H@20 1.000000	H@50 1.000000	H@100 1.000000
INFO:kbc-cli.py:Epoch 28/100	Loss 6.5032 ± 0.1100
INFO:kbc-cli.py:Epoch 29/100	Loss 6.5215 ± 0.1672
INFO:kbc-cli.py:Epoch 30/100	Loss 6.4643 ± 0.1078
INFO:kbc-cli.py:Epoch 30/100	dev results	MRR 0.786818	H@1 0.663317	H@3 0.891960	H@5 0.954774	H@10 0.997487	H@20 1.000000	H@50 1.000000	H@100 1.000000
INFO:kbc-cli.py:Epoch 30/100	test results	MRR 0.827011	H@1 0.736318	H@3 0.905473	H@5 0.967662	H@10 0.997512	H@20 1.000000	H@50 1.000000	H@100 1.000000
INFO:kbc-cli.py:Epoch 31/100	Loss 6.4312 ± 0.0292
INFO:kbc-cli.py:Epoch 32/100	Loss 6.4241 ± 0.0787
INFO:kbc-cli.py:Epoch 33/100	Loss 6.4419 ± 0.1627
INFO:kbc-cli.py:Epoch 33/100	dev results	MRR 0.790084	H@1 0.668342	H@3 0.896985	H@5 0.957286	H@10 0.997487	H@20 1.000000	H@50 1.000000	H@100 1.000000
INFO:kbc-cli.py:Epoch 33/100	test results	MRR 0.827242	H@1 0.726368	H@3 0.925373	H@5 0.967662	H@10 0.995025	H@20 1.000000	H@50 1.000000	H@100 1.000000
INFO:kbc-cli.py:Epoch 34/100	Loss 6.4383 ± 0.1001
INFO:kbc-cli.py:Epoch 35/100	Loss 6.4335 ± 0.1277
INFO:kbc-cli.py:Epoch 36/100	Loss 6.4838 ± 0.2287
INFO:kbc-cli.py:Epoch 36/100	dev results	MRR 0.793212	H@1 0.670854	H@3 0.891960	H@5 0.974874	H@10 0.997487	H@20 1.000000	H@50 1.000000	H@100 1.000000
INFO:kbc-cli.py:Epoch 36/100	test results	MRR 0.818281	H@1 0.713930	H@3 0.905473	H@5 0.967662	H@10 0.997512	H@20 1.000000	H@50 1.000000	H@100 1.000000
INFO:kbc-cli.py:Epoch 37/100	Loss 6.4748 ± 0.1759
INFO:kbc-cli.py:Epoch 38/100	Loss 6.3924 ± 0.0277
INFO:kbc-cli.py:Epoch 39/100	Loss 6.4247 ± 0.0752
INFO:kbc-cli.py:Epoch 39/100	dev results	MRR 0.795156	H@1 0.675879	H@3 0.896985	H@5 0.974874	H@10 0.997487	H@20 1.000000	H@50 1.000000	H@100 1.000000
INFO:kbc-cli.py:Epoch 39/100	test results	MRR 0.819313	H@1 0.713930	H@3 0.912935	H@5 0.970149	H@10 0.997512	H@20 1.000000	H@50 1.000000	H@100 1.000000
INFO:kbc-cli.py:Epoch 40/100	Loss 6.4073 ± 0.1523
INFO:kbc-cli.py:Epoch 41/100	Loss 6.4698 ± 0.2269
INFO:kbc-cli.py:Epoch 42/100	Loss 6.4309 ± 0.1326
INFO:kbc-cli.py:Epoch 42/100	dev results	MRR 0.803259	H@1 0.688442	H@3 0.902010	H@5 0.974874	H@10 0.997487	H@20 1.000000	H@50 1.000000	H@100 1.000000
INFO:kbc-cli.py:Epoch 42/100	test results	MRR 0.822039	H@1 0.716418	H@3 0.907960	H@5 0.970149	H@10 0.995025	H@20 1.000000	H@50 1.000000	H@100 1.000000
INFO:kbc-cli.py:Epoch 43/100	Loss 6.4454 ± 0.1933
INFO:kbc-cli.py:Epoch 44/100	Loss 6.3840 ± 0.1382
INFO:kbc-cli.py:Epoch 45/100	Loss 6.3776 ± 0.1385
INFO:kbc-cli.py:Epoch 45/100	dev results	MRR 0.794744	H@1 0.680905	H@3 0.889447	H@5 0.962312	H@10 0.997487	H@20 1.000000	H@50 1.000000	H@100 1.000000
INFO:kbc-cli.py:Epoch 45/100	test results	MRR 0.814790	H@1 0.701493	H@3 0.912935	H@5 0.970149	H@10 1.000000	H@20 1.000000	H@50 1.000000	H@100 1.000000
INFO:kbc-cli.py:Epoch 46/100	Loss 6.4097 ± 0.1128
INFO:kbc-cli.py:Epoch 47/100	Loss 6.3955 ± 0.1298
INFO:kbc-cli.py:Epoch 48/100	Loss 6.3711 ± 0.0867
INFO:kbc-cli.py:Epoch 48/100	dev results	MRR 0.798153	H@1 0.680905	H@3 0.907035	H@5 0.969849	H@10 0.997487	H@20 1.000000	H@50 1.000000	H@100 1.000000
INFO:kbc-cli.py:Epoch 48/100	test results	MRR 0.810948	H@1 0.696517	H@3 0.912935	H@5 0.975124	H@10 1.000000	H@20 1.000000	H@50 1.000000	H@100 1.000000
INFO:kbc-cli.py:Epoch 49/100	Loss 6.3980 ± 0.1038
INFO:kbc-cli.py:Epoch 50/100	Loss 6.3563 ± 0.0836
INFO:kbc-cli.py:Epoch 51/100	Loss 6.3808 ± 0.1049
INFO:kbc-cli.py:Epoch 51/100	dev results	MRR 0.793837	H@1 0.670854	H@3 0.904523	H@5 0.967337	H@10 0.997487	H@20 1.000000	H@50 1.000000	H@100 1.000000
INFO:kbc-cli.py:Epoch 51/100	test results	MRR 0.819627	H@1 0.713930	H@3 0.917910	H@5 0.972637	H@10 1.000000	H@20 1.000000	H@50 1.000000	H@100 1.000000
INFO:kbc-cli.py:Epoch 52/100	Loss 6.3993 ± 0.1479
INFO:kbc-cli.py:Epoch 53/100	Loss 6.3971 ± 0.1937
INFO:kbc-cli.py:Epoch 54/100	Loss 6.3709 ± 0.0927
INFO:kbc-cli.py:Epoch 54/100	dev results	MRR 0.793823	H@1 0.670854	H@3 0.899497	H@5 0.959799	H@10 0.997487	H@20 1.000000	H@50 1.000000	H@100 1.000000
INFO:kbc-cli.py:Epoch 54/100	test results	MRR 0.822753	H@1 0.718905	H@3 0.910448	H@5 0.970149	H@10 1.000000	H@20 1.000000	H@50 1.000000	H@100 1.000000
INFO:kbc-cli.py:Epoch 55/100	Loss 6.3626 ± 0.0849
INFO:kbc-cli.py:Epoch 56/100	Loss 6.3390 ± 0.1004
INFO:kbc-cli.py:Epoch 57/100	Loss 6.3785 ± 0.1108
INFO:kbc-cli.py:Epoch 57/100	dev results	MRR 0.803015	H@1 0.685930	H@3 0.904523	H@5 0.957286	H@10 0.997487	H@20 1.000000	H@50 1.000000	H@100 1.000000
INFO:kbc-cli.py:Epoch 57/100	test results	MRR 0.824515	H@1 0.723881	H@3 0.907960	H@5 0.970149	H@10 1.000000	H@20 1.000000	H@50 1.000000	H@100 1.000000
INFO:kbc-cli.py:Epoch 58/100	Loss 6.3859 ± 0.1587
INFO:kbc-cli.py:Epoch 59/100	Loss 6.3783 ± 0.1417
INFO:kbc-cli.py:Epoch 60/100	Loss 6.3508 ± 0.1104
INFO:kbc-cli.py:Epoch 60/100	dev results	MRR 0.797824	H@1 0.680905	H@3 0.904523	H@5 0.959799	H@10 1.000000	H@20 1.000000	H@50 1.000000	H@100 1.000000
INFO:kbc-cli.py:Epoch 60/100	test results	MRR 0.818666	H@1 0.711443	H@3 0.915423	H@5 0.967662	H@10 1.000000	H@20 1.000000	H@50 1.000000	H@100 1.000000
INFO:kbc-cli.py:Epoch 61/100	Loss 6.3927 ± 0.1640
INFO:kbc-cli.py:Epoch 62/100	Loss 6.3538 ± 0.1423
INFO:kbc-cli.py:Epoch 63/100	Loss 6.3226 ± 0.1241
INFO:kbc-cli.py:Epoch 63/100	dev results	MRR 0.788992	H@1 0.663317	H@3 0.912060	H@5 0.962312	H@10 0.997487	H@20 1.000000	H@50 1.000000	H@100 1.000000
INFO:kbc-cli.py:Epoch 63/100	test results	MRR 0.820008	H@1 0.708955	H@3 0.920398	H@5 0.972637	H@10 0.997512	H@20 1.000000	H@50 1.000000	H@100 1.000000
INFO:kbc-cli.py:Epoch 64/100	Loss 6.3130 ± 0.0488
INFO:kbc-cli.py:Epoch 65/100	Loss 6.3260 ± 0.0773
INFO:kbc-cli.py:Epoch 66/100	Loss 6.3495 ± 0.1065
INFO:kbc-cli.py:Epoch 66/100	dev results	MRR 0.790964	H@1 0.660804	H@3 0.904523	H@5 0.964824	H@10 0.997487	H@20 1.000000	H@50 1.000000	H@100 1.000000
INFO:kbc-cli.py:Epoch 66/100	test results	MRR 0.820602	H@1 0.713930	H@3 0.917910	H@5 0.967662	H@10 0.997512	H@20 1.000000	H@50 1.000000	H@100 1.000000
INFO:kbc-cli.py:Epoch 67/100	Loss 6.3214 ± 0.0989
INFO:kbc-cli.py:Epoch 68/100	Loss 6.3302 ± 0.0942
INFO:kbc-cli.py:Epoch 69/100	Loss 6.2813 ± 0.0711
INFO:kbc-cli.py:Epoch 69/100	dev results	MRR 0.799281	H@1 0.675879	H@3 0.907035	H@5 0.972362	H@10 0.994975	H@20 1.000000	H@50 1.000000	H@100 1.000000
INFO:kbc-cli.py:Epoch 69/100	test results	MRR 0.821673	H@1 0.716418	H@3 0.907960	H@5 0.975124	H@10 0.997512	H@20 1.000000	H@50 1.000000	H@100 1.000000
INFO:kbc-cli.py:Epoch 70/100	Loss 6.3350 ± 0.1114
INFO:kbc-cli.py:Epoch 71/100	Loss 6.3470 ± 0.1062
INFO:kbc-cli.py:Epoch 72/100	Loss 6.3373 ± 0.0949
INFO:kbc-cli.py:Epoch 72/100	dev results	MRR 0.797435	H@1 0.680905	H@3 0.896985	H@5 0.977387	H@10 0.994975	H@20 1.000000	H@50 1.000000	H@100 1.000000
INFO:kbc-cli.py:Epoch 72/100	test results	MRR 0.824656	H@1 0.723881	H@3 0.915423	H@5 0.970149	H@10 1.000000	H@20 1.000000	H@50 1.000000	H@100 1.000000
INFO:kbc-cli.py:Epoch 73/100	Loss 6.3201 ± 0.1335
INFO:kbc-cli.py:Epoch 74/100	Loss 6.3131 ± 0.0883
INFO:kbc-cli.py:Epoch 75/100	Loss 6.2943 ± 0.0569
INFO:kbc-cli.py:Epoch 75/100	dev results	MRR 0.790759	H@1 0.670854	H@3 0.894472	H@5 0.972362	H@10 0.997487	H@20 1.000000	H@50 1.000000	H@100 1.000000
INFO:kbc-cli.py:Epoch 75/100	test results	MRR 0.825936	H@1 0.723881	H@3 0.915423	H@5 0.970149	H@10 1.000000	H@20 1.000000	H@50 1.000000	H@100 1.000000
INFO:kbc-cli.py:Epoch 76/100	Loss 6.3235 ± 0.0755
INFO:kbc-cli.py:Epoch 77/100	Loss 6.3542 ± 0.1698
INFO:kbc-cli.py:Epoch 78/100	Loss 6.2779 ± 0.0715
INFO:kbc-cli.py:Epoch 78/100	dev results	MRR 0.805455	H@1 0.693467	H@3 0.904523	H@5 0.972362	H@10 0.997487	H@20 1.000000	H@50 1.000000	H@100 1.000000
INFO:kbc-cli.py:Epoch 78/100	test results	MRR 0.824606	H@1 0.723881	H@3 0.905473	H@5 0.972637	H@10 0.997512	H@20 1.000000	H@50 1.000000	H@100 1.000000
INFO:kbc-cli.py:Epoch 79/100	Loss 6.3329 ± 0.1234
INFO:kbc-cli.py:Epoch 80/100	Loss 6.3063 ± 0.0871
INFO:kbc-cli.py:Epoch 81/100	Loss 6.3062 ± 0.0784
INFO:kbc-cli.py:Epoch 81/100	dev results	MRR 0.795939	H@1 0.675879	H@3 0.902010	H@5 0.974874	H@10 0.997487	H@20 1.000000	H@50 1.000000	H@100 1.000000
INFO:kbc-cli.py:Epoch 81/100	test results	MRR 0.825626	H@1 0.723881	H@3 0.927861	H@5 0.975124	H@10 0.997512	H@20 1.000000	H@50 1.000000	H@100 1.000000
INFO:kbc-cli.py:Epoch 82/100	Loss 6.3251 ± 0.1071
INFO:kbc-cli.py:Epoch 83/100	Loss 6.3401 ± 0.1503
INFO:kbc-cli.py:Epoch 84/100	Loss 6.3441 ± 0.1763
INFO:kbc-cli.py:Epoch 84/100	dev results	MRR 0.799204	H@1 0.678392	H@3 0.902010	H@5 0.972362	H@10 0.997487	H@20 1.000000	H@50 1.000000	H@100 1.000000
INFO:kbc-cli.py:Epoch 84/100	test results	MRR 0.827552	H@1 0.728856	H@3 0.917910	H@5 0.967662	H@10 0.997512	H@20 1.000000	H@50 1.000000	H@100 1.000000
INFO:kbc-cli.py:Epoch 85/100	Loss 6.3584 ± 0.1936
INFO:kbc-cli.py:Epoch 86/100	Loss 6.3050 ± 0.0881
INFO:kbc-cli.py:Epoch 87/100	Loss 6.2762 ± 0.0388
INFO:kbc-cli.py:Epoch 87/100	dev results	MRR 0.804711	H@1 0.693467	H@3 0.899497	H@5 0.962312	H@10 0.997487	H@20 1.000000	H@50 1.000000	H@100 1.000000
INFO:kbc-cli.py:Epoch 87/100	test results	MRR 0.827034	H@1 0.723881	H@3 0.922886	H@5 0.972637	H@10 1.000000	H@20 1.000000	H@50 1.000000	H@100 1.000000
INFO:kbc-cli.py:Epoch 88/100	Loss 6.2713 ± 0.0738
INFO:kbc-cli.py:Epoch 89/100	Loss 6.2400 ± 0.0948
INFO:kbc-cli.py:Epoch 90/100	Loss 6.2916 ± 0.0756
INFO:kbc-cli.py:Epoch 90/100	dev results	MRR 0.800973	H@1 0.683417	H@3 0.909548	H@5 0.972362	H@10 0.994975	H@20 1.000000	H@50 1.000000	H@100 1.000000
INFO:kbc-cli.py:Epoch 90/100	test results	MRR 0.824412	H@1 0.711443	H@3 0.930348	H@5 0.972637	H@10 1.000000	H@20 1.000000	H@50 1.000000	H@100 1.000000
INFO:kbc-cli.py:Epoch 91/100	Loss 6.2756 ± 0.0785
INFO:kbc-cli.py:Epoch 92/100	Loss 6.3035 ± 0.1312
INFO:kbc-cli.py:Epoch 93/100	Loss 6.2756 ± 0.0648
INFO:kbc-cli.py:Epoch 93/100	dev results	MRR 0.798906	H@1 0.678392	H@3 0.909548	H@5 0.969849	H@10 0.994975	H@20 1.000000	H@50 1.000000	H@100 1.000000
INFO:kbc-cli.py:Epoch 93/100	test results	MRR 0.822663	H@1 0.716418	H@3 0.927861	H@5 0.972637	H@10 1.000000	H@20 1.000000	H@50 1.000000	H@100 1.000000
INFO:kbc-cli.py:Epoch 94/100	Loss 6.3095 ± 0.1054
INFO:kbc-cli.py:Epoch 95/100	Loss 6.3150 ± 0.1284
INFO:kbc-cli.py:Epoch 96/100	Loss 6.2550 ± 0.0525
INFO:kbc-cli.py:Epoch 96/100	dev results	MRR 0.788653	H@1 0.660804	H@3 0.907035	H@5 0.972362	H@10 0.997487	H@20 1.000000	H@50 1.000000	H@100 1.000000
INFO:kbc-cli.py:Epoch 96/100	test results	MRR 0.825562	H@1 0.721393	H@3 0.920398	H@5 0.972637	H@10 1.000000	H@20 1.000000	H@50 1.000000	H@100 1.000000
INFO:kbc-cli.py:Epoch 97/100	Loss 6.2947 ± 0.1013
INFO:kbc-cli.py:Epoch 98/100	Loss 6.3429 ± 0.1918
INFO:kbc-cli.py:Epoch 99/100	Loss 6.2928 ± 0.0987
INFO:kbc-cli.py:Epoch 99/100	dev results	MRR 0.798225	H@1 0.678392	H@3 0.904523	H@5 0.967337	H@10 0.994975	H@20 1.000000	H@50 1.000000	H@100 1.000000
INFO:kbc-cli.py:Epoch 99/100	test results	MRR 0.825867	H@1 0.721393	H@3 0.927861	H@5 0.970149	H@10 1.000000	H@20 1.000000	H@50 1.000000	H@100 1.000000
INFO:kbc-cli.py:Epoch 100/100	Loss 6.2612 ± 0.0873
INFO:kbc-cli.py:Final 	dev results	MRR 0.796136	H@1 0.675879	H@3 0.909548	H@5 0.964824	H@10 0.994975	H@20 1.000000	H@50 1.000000	H@100 1.000000
INFO:kbc-cli.py:Final 	test results	MRR 0.812610	H@1 0.701493	H@3 0.910448	H@5 0.970149	H@10 1.000000	H@20 1.000000	H@50 1.000000	H@100 1.000000
INFO:kbc-cli.py:Training finished
