./bin/kbc-cli.py --train data/kinship/train.tsv --dev data/kinship/dev.tsv --test data/kinship/test.tsv -m complex -k 1000 -b 50 -e 100 --F2 0 --N3 0.0005 -l 0.1 -I reciprocal -V 3 -o adagrad -c spo -q
{'F2': 0.0,
 'N3': 0.0005,
 'batch_size': 50,
 'corruption': 'spo',
 'dev': 'data/kinship/dev.tsv',
 'embedding_size': 1000,
 'epochs': 100,
 'eval_batch_size': None,
 'input_type': 'reciprocal',
 'learning_rate': 0.1,
 'load': None,
 'model': 'complex',
 'optimizer': 'adagrad',
 'quiet': True,
 'save': None,
 'seed': 0,
 'test': 'data/kinship/test.tsv',
 'test_i': None,
 'test_ii': None,
 'train': 'data/kinship/train.tsv',
 'validate_every': 3}
INFO:kbc-cli.py:Device: cuda
INFO:kbc-cli.py:Model state:
INFO:kbc-cli.py:	entities.weight	torch.Size([104, 2000])
INFO:kbc-cli.py:	predicates.weight	torch.Size([50, 2000])
INFO:kbc-cli.py:Epoch 1/100	Loss 9.1383 ± 2.2575
INFO:kbc-cli.py:Epoch 2/100	Loss 6.1490 ± 0.3261
INFO:kbc-cli.py:Epoch 3/100	Loss 5.7763 ± 0.3386
INFO:kbc-cli.py:Epoch 3/100	dev results	MRR 0.883090	H@1 0.819288	H@3 0.941948	H@5 0.961610	H@10 0.980805	H@20 0.988764	H@50 0.995318	H@100 1.000000
INFO:kbc-cli.py:Epoch 3/100	test results	MRR 0.888231	H@1 0.822160	H@3 0.949255	H@5 0.972533	H@10 0.986499	H@20 0.993948	H@50 0.997207	H@100 1.000000
INFO:kbc-cli.py:Epoch 4/100	Loss 5.5868 ± 0.3290
INFO:kbc-cli.py:Epoch 5/100	Loss 5.4672 ± 0.3252
INFO:kbc-cli.py:Epoch 6/100	Loss 5.3821 ± 0.2974
INFO:kbc-cli.py:Epoch 6/100	dev results	MRR 0.890854	H@1 0.830056	H@3 0.947097	H@5 0.963483	H@10 0.983146	H@20 0.988296	H@50 0.995318	H@100 1.000000
INFO:kbc-cli.py:Epoch 6/100	test results	MRR 0.894760	H@1 0.831937	H@3 0.952514	H@5 0.972067	H@10 0.986965	H@20 0.994879	H@50 0.997672	H@100 1.000000
INFO:kbc-cli.py:Epoch 7/100	Loss 5.3187 ± 0.2884
INFO:kbc-cli.py:Epoch 8/100	Loss 5.2684 ± 0.2907
INFO:kbc-cli.py:Epoch 9/100	Loss 5.2295 ± 0.2744
INFO:kbc-cli.py:Epoch 9/100	dev results	MRR 0.892742	H@1 0.832397	H@3 0.947097	H@5 0.964888	H@10 0.981273	H@20 0.988296	H@50 0.995318	H@100 1.000000
INFO:kbc-cli.py:Epoch 9/100	test results	MRR 0.897874	H@1 0.836127	H@3 0.955773	H@5 0.972067	H@10 0.986965	H@20 0.994879	H@50 0.997672	H@100 1.000000
INFO:kbc-cli.py:Epoch 10/100	Loss 5.1955 ± 0.2882
INFO:kbc-cli.py:Epoch 11/100	Loss 5.1663 ± 0.2812
INFO:kbc-cli.py:Epoch 12/100	Loss 5.1399 ± 0.2662
INFO:kbc-cli.py:Epoch 12/100	dev results	MRR 0.894810	H@1 0.836610	H@3 0.947097	H@5 0.963951	H@10 0.982678	H@20 0.988764	H@50 0.995318	H@100 1.000000
INFO:kbc-cli.py:Epoch 12/100	test results	MRR 0.899407	H@1 0.838920	H@3 0.954376	H@5 0.973929	H@10 0.986965	H@20 0.994879	H@50 0.998138	H@100 1.000000
INFO:kbc-cli.py:Epoch 13/100	Loss 5.1177 ± 0.2553
INFO:kbc-cli.py:Epoch 14/100	Loss 5.0996 ± 0.2576
INFO:kbc-cli.py:Epoch 15/100	Loss 5.0811 ± 0.2486
INFO:kbc-cli.py:Epoch 15/100	dev results	MRR 0.895396	H@1 0.838483	H@3 0.947097	H@5 0.964419	H@10 0.983146	H@20 0.988764	H@50 0.994850	H@100 1.000000
INFO:kbc-cli.py:Epoch 15/100	test results	MRR 0.897381	H@1 0.836127	H@3 0.953911	H@5 0.972533	H@10 0.987430	H@20 0.994879	H@50 0.998138	H@100 1.000000
INFO:kbc-cli.py:Epoch 16/100	Loss 5.0644 ± 0.2403
INFO:kbc-cli.py:Epoch 17/100	Loss 5.0503 ± 0.2285
INFO:kbc-cli.py:Epoch 18/100	Loss 5.0373 ± 0.2406
INFO:kbc-cli.py:Epoch 18/100	dev results	MRR 0.898510	H@1 0.845037	H@3 0.944757	H@5 0.964888	H@10 0.983146	H@20 0.988296	H@50 0.994382	H@100 1.000000
INFO:kbc-cli.py:Epoch 18/100	test results	MRR 0.902323	H@1 0.844972	H@3 0.955773	H@5 0.972998	H@10 0.987430	H@20 0.994879	H@50 0.998603	H@100 1.000000
INFO:kbc-cli.py:Epoch 19/100	Loss 5.0244 ± 0.2430
INFO:kbc-cli.py:Epoch 20/100	Loss 5.0139 ± 0.2296
INFO:kbc-cli.py:Epoch 21/100	Loss 5.0038 ± 0.2309
INFO:kbc-cli.py:Epoch 21/100	dev results	MRR 0.896261	H@1 0.838015	H@3 0.946629	H@5 0.964888	H@10 0.983614	H@20 0.988764	H@50 0.994382	H@100 1.000000
INFO:kbc-cli.py:Epoch 21/100	test results	MRR 0.903254	H@1 0.846834	H@3 0.954842	H@5 0.973929	H@10 0.986965	H@20 0.994879	H@50 0.998603	H@100 1.000000
INFO:kbc-cli.py:Epoch 22/100	Loss 4.9932 ± 0.2321
INFO:kbc-cli.py:Epoch 23/100	Loss 4.9834 ± 0.2303
INFO:kbc-cli.py:Epoch 24/100	Loss 4.9759 ± 0.2200
INFO:kbc-cli.py:Epoch 24/100	dev results	MRR 0.896454	H@1 0.839888	H@3 0.947097	H@5 0.966292	H@10 0.983146	H@20 0.988296	H@50 0.994382	H@100 1.000000
INFO:kbc-cli.py:Epoch 24/100	test results	MRR 0.902023	H@1 0.843110	H@3 0.954842	H@5 0.974860	H@10 0.987896	H@20 0.994879	H@50 0.998603	H@100 1.000000
INFO:kbc-cli.py:Epoch 25/100	Loss 4.9676 ± 0.2199
INFO:kbc-cli.py:Epoch 26/100	Loss 4.9599 ± 0.2207
INFO:kbc-cli.py:Epoch 27/100	Loss 4.9532 ± 0.2127
INFO:kbc-cli.py:Epoch 27/100	dev results	MRR 0.898121	H@1 0.842697	H@3 0.946629	H@5 0.964888	H@10 0.983614	H@20 0.988296	H@50 0.994382	H@100 1.000000
INFO:kbc-cli.py:Epoch 27/100	test results	MRR 0.901145	H@1 0.843110	H@3 0.954376	H@5 0.972998	H@10 0.987430	H@20 0.994879	H@50 0.998603	H@100 1.000000
INFO:kbc-cli.py:Epoch 28/100	Loss 4.9466 ± 0.2091
INFO:kbc-cli.py:Epoch 29/100	Loss 4.9407 ± 0.2110
INFO:kbc-cli.py:Epoch 30/100	Loss 4.9336 ± 0.2285
INFO:kbc-cli.py:Epoch 30/100	dev results	MRR 0.897672	H@1 0.842697	H@3 0.947566	H@5 0.963015	H@10 0.984082	H@20 0.988296	H@50 0.994382	H@100 1.000000
INFO:kbc-cli.py:Epoch 30/100	test results	MRR 0.903190	H@1 0.847300	H@3 0.953445	H@5 0.973464	H@10 0.986965	H@20 0.994879	H@50 0.998603	H@100 1.000000
INFO:kbc-cli.py:Epoch 31/100	Loss 4.9286 ± 0.2188
INFO:kbc-cli.py:Epoch 32/100	Loss 4.9231 ± 0.2130
INFO:kbc-cli.py:Epoch 33/100	Loss 4.9176 ± 0.2093
INFO:kbc-cli.py:Epoch 33/100	dev results	MRR 0.895326	H@1 0.838015	H@3 0.947566	H@5 0.965824	H@10 0.983614	H@20 0.988296	H@50 0.994382	H@100 1.000000
INFO:kbc-cli.py:Epoch 33/100	test results	MRR 0.901834	H@1 0.844507	H@3 0.953911	H@5 0.974395	H@10 0.986965	H@20 0.994879	H@50 0.998603	H@100 1.000000
INFO:kbc-cli.py:Epoch 34/100	Loss 4.9132 ± 0.1996
INFO:kbc-cli.py:Epoch 35/100	Loss 4.9085 ± 0.1943
INFO:kbc-cli.py:Epoch 36/100	Loss 4.9026 ± 0.1942
INFO:kbc-cli.py:Epoch 36/100	dev results	MRR 0.896159	H@1 0.839888	H@3 0.946161	H@5 0.964419	H@10 0.983146	H@20 0.988296	H@50 0.994382	H@100 1.000000
INFO:kbc-cli.py:Epoch 36/100	test results	MRR 0.903194	H@1 0.847300	H@3 0.953911	H@5 0.973464	H@10 0.986965	H@20 0.994879	H@50 0.998603	H@100 1.000000
INFO:kbc-cli.py:Epoch 37/100	Loss 4.8987 ± 0.2008
INFO:kbc-cli.py:Epoch 38/100	Loss 4.8943 ± 0.1983
INFO:kbc-cli.py:Epoch 39/100	Loss 4.8906 ± 0.2039
INFO:kbc-cli.py:Epoch 39/100	dev results	MRR 0.896370	H@1 0.839888	H@3 0.947097	H@5 0.963951	H@10 0.983614	H@20 0.988296	H@50 0.994382	H@100 1.000000
INFO:kbc-cli.py:Epoch 39/100	test results	MRR 0.900890	H@1 0.842179	H@3 0.954376	H@5 0.974395	H@10 0.987430	H@20 0.994879	H@50 0.998603	H@100 1.000000
INFO:kbc-cli.py:Epoch 40/100	Loss 4.8860 ± 0.2088
INFO:kbc-cli.py:Epoch 41/100	Loss 4.8837 ± 0.1917
INFO:kbc-cli.py:Epoch 42/100	Loss 4.8792 ± 0.1907
INFO:kbc-cli.py:Epoch 42/100	dev results	MRR 0.896244	H@1 0.838951	H@3 0.947566	H@5 0.964419	H@10 0.984551	H@20 0.988764	H@50 0.994382	H@100 1.000000
INFO:kbc-cli.py:Epoch 42/100	test results	MRR 0.900049	H@1 0.840317	H@3 0.954842	H@5 0.973929	H@10 0.986965	H@20 0.994879	H@50 0.998603	H@100 1.000000
INFO:kbc-cli.py:Epoch 43/100	Loss 4.8756 ± 0.2041
INFO:kbc-cli.py:Epoch 44/100	Loss 4.8728 ± 0.2049
INFO:kbc-cli.py:Epoch 45/100	Loss 4.8689 ± 0.1926
INFO:kbc-cli.py:Epoch 45/100	dev results	MRR 0.894701	H@1 0.836142	H@3 0.946629	H@5 0.964419	H@10 0.984551	H@20 0.988296	H@50 0.994382	H@100 1.000000
INFO:kbc-cli.py:Epoch 45/100	test results	MRR 0.901644	H@1 0.843110	H@3 0.955773	H@5 0.974395	H@10 0.987430	H@20 0.994879	H@50 0.998603	H@100 1.000000
INFO:kbc-cli.py:Epoch 46/100	Loss 4.8660 ± 0.2138
INFO:kbc-cli.py:Epoch 47/100	Loss 4.8628 ± 0.1894
INFO:kbc-cli.py:Epoch 48/100	Loss 4.8599 ± 0.2059
INFO:kbc-cli.py:Epoch 48/100	dev results	MRR 0.895875	H@1 0.838951	H@3 0.946161	H@5 0.965356	H@10 0.983614	H@20 0.988296	H@50 0.994382	H@100 1.000000
INFO:kbc-cli.py:Epoch 48/100	test results	MRR 0.901433	H@1 0.842644	H@3 0.955307	H@5 0.973929	H@10 0.986965	H@20 0.994879	H@50 0.998603	H@100 1.000000
INFO:kbc-cli.py:Epoch 49/100	Loss 4.8563 ± 0.1988
INFO:kbc-cli.py:Epoch 50/100	Loss 4.8540 ± 0.2048
INFO:kbc-cli.py:Epoch 51/100	Loss 4.8517 ± 0.1878
INFO:kbc-cli.py:Epoch 51/100	dev results	MRR 0.895326	H@1 0.837547	H@3 0.946629	H@5 0.966292	H@10 0.984551	H@20 0.988296	H@50 0.994382	H@100 1.000000
INFO:kbc-cli.py:Epoch 51/100	test results	MRR 0.900801	H@1 0.841713	H@3 0.954376	H@5 0.974395	H@10 0.987896	H@20 0.994879	H@50 0.998603	H@100 1.000000
INFO:kbc-cli.py:Epoch 52/100	Loss 4.8485 ± 0.1905
INFO:kbc-cli.py:Epoch 53/100	Loss 4.8463 ± 0.1894
INFO:kbc-cli.py:Epoch 54/100	Loss 4.8436 ± 0.1864
INFO:kbc-cli.py:Epoch 54/100	dev results	MRR 0.895303	H@1 0.837079	H@3 0.945225	H@5 0.967228	H@10 0.984082	H@20 0.988296	H@50 0.994382	H@100 1.000000
INFO:kbc-cli.py:Epoch 54/100	test results	MRR 0.899848	H@1 0.840317	H@3 0.953911	H@5 0.973464	H@10 0.987430	H@20 0.994879	H@50 0.998603	H@100 1.000000
INFO:kbc-cli.py:Epoch 55/100	Loss 4.8414 ± 0.2004
INFO:kbc-cli.py:Epoch 56/100	Loss 4.8389 ± 0.1832
INFO:kbc-cli.py:Epoch 57/100	Loss 4.8364 ± 0.1887
INFO:kbc-cli.py:Epoch 57/100	dev results	MRR 0.895916	H@1 0.838015	H@3 0.946629	H@5 0.965824	H@10 0.983614	H@20 0.988296	H@50 0.994382	H@100 1.000000
INFO:kbc-cli.py:Epoch 57/100	test results	MRR 0.901891	H@1 0.844507	H@3 0.952980	H@5 0.973929	H@10 0.987896	H@20 0.994879	H@50 0.998603	H@100 1.000000
INFO:kbc-cli.py:Epoch 58/100	Loss 4.8346 ± 0.1996
INFO:kbc-cli.py:Epoch 59/100	Loss 4.8319 ± 0.1916
INFO:kbc-cli.py:Epoch 60/100	Loss 4.8295 ± 0.1901
INFO:kbc-cli.py:Epoch 60/100	dev results	MRR 0.895377	H@1 0.837547	H@3 0.946161	H@5 0.966760	H@10 0.984082	H@20 0.988296	H@50 0.994382	H@100 1.000000
INFO:kbc-cli.py:Epoch 60/100	test results	MRR 0.902457	H@1 0.845438	H@3 0.955307	H@5 0.973929	H@10 0.987896	H@20 0.994879	H@50 0.998603	H@100 1.000000
INFO:kbc-cli.py:Epoch 61/100	Loss 4.8280 ± 0.1875
INFO:kbc-cli.py:Epoch 62/100	Loss 4.8255 ± 0.1855
INFO:kbc-cli.py:Epoch 63/100	Loss 4.8237 ± 0.1821
INFO:kbc-cli.py:Epoch 63/100	dev results	MRR 0.895223	H@1 0.836610	H@3 0.947566	H@5 0.966292	H@10 0.984082	H@20 0.988296	H@50 0.994382	H@100 1.000000
INFO:kbc-cli.py:Epoch 63/100	test results	MRR 0.900335	H@1 0.841248	H@3 0.954376	H@5 0.974395	H@10 0.987896	H@20 0.994879	H@50 0.999069	H@100 1.000000
INFO:kbc-cli.py:Epoch 64/100	Loss 4.8212 ± 0.1801
INFO:kbc-cli.py:Epoch 65/100	Loss 4.8199 ± 0.1822
INFO:kbc-cli.py:Epoch 66/100	Loss 4.8175 ± 0.1857
INFO:kbc-cli.py:Epoch 66/100	dev results	MRR 0.895461	H@1 0.837547	H@3 0.946161	H@5 0.966292	H@10 0.984551	H@20 0.988296	H@50 0.994382	H@100 1.000000
INFO:kbc-cli.py:Epoch 66/100	test results	MRR 0.900202	H@1 0.840317	H@3 0.953911	H@5 0.974395	H@10 0.987896	H@20 0.994879	H@50 0.999069	H@100 1.000000
INFO:kbc-cli.py:Epoch 67/100	Loss 4.8161 ± 0.1861
INFO:kbc-cli.py:Epoch 68/100	Loss 4.8143 ± 0.1851
INFO:kbc-cli.py:Epoch 69/100	Loss 4.8128 ± 0.1734
INFO:kbc-cli.py:Epoch 69/100	dev results	MRR 0.895782	H@1 0.838015	H@3 0.947566	H@5 0.965824	H@10 0.983614	H@20 0.988296	H@50 0.994382	H@100 1.000000
INFO:kbc-cli.py:Epoch 69/100	test results	MRR 0.902414	H@1 0.844507	H@3 0.953911	H@5 0.973929	H@10 0.987896	H@20 0.994879	H@50 0.999069	H@100 1.000000
INFO:kbc-cli.py:Epoch 70/100	Loss 4.8110 ± 0.1917
INFO:kbc-cli.py:Epoch 71/100	Loss 4.8089 ± 0.1829
INFO:kbc-cli.py:Epoch 72/100	Loss 4.8079 ± 0.1747
INFO:kbc-cli.py:Epoch 72/100	dev results	MRR 0.896257	H@1 0.838483	H@3 0.947097	H@5 0.966760	H@10 0.984082	H@20 0.988296	H@50 0.994382	H@100 1.000000
INFO:kbc-cli.py:Epoch 72/100	test results	MRR 0.902256	H@1 0.844972	H@3 0.954376	H@5 0.973929	H@10 0.987896	H@20 0.994879	H@50 0.999069	H@100 1.000000
INFO:kbc-cli.py:Epoch 73/100	Loss 4.8065 ± 0.1782
INFO:kbc-cli.py:Epoch 74/100	Loss 4.8044 ± 0.1845
INFO:kbc-cli.py:Epoch 75/100	Loss 4.8029 ± 0.1807
INFO:kbc-cli.py:Epoch 75/100	dev results	MRR 0.894259	H@1 0.834738	H@3 0.947566	H@5 0.965356	H@10 0.984082	H@20 0.988296	H@50 0.994382	H@100 1.000000
INFO:kbc-cli.py:Epoch 75/100	test results	MRR 0.902087	H@1 0.844507	H@3 0.954842	H@5 0.974395	H@10 0.987896	H@20 0.994879	H@50 0.998603	H@100 1.000000
INFO:kbc-cli.py:Epoch 76/100	Loss 4.8016 ± 0.1730
INFO:kbc-cli.py:Epoch 77/100	Loss 4.8002 ± 0.1828
INFO:kbc-cli.py:Epoch 78/100	Loss 4.7984 ± 0.1688
INFO:kbc-cli.py:Epoch 78/100	dev results	MRR 0.894878	H@1 0.836142	H@3 0.947097	H@5 0.965356	H@10 0.984082	H@20 0.988296	H@50 0.994382	H@100 1.000000
INFO:kbc-cli.py:Epoch 78/100	test results	MRR 0.900319	H@1 0.839851	H@3 0.954842	H@5 0.974395	H@10 0.987896	H@20 0.994879	H@50 0.999069	H@100 1.000000
INFO:kbc-cli.py:Epoch 79/100	Loss 4.7968 ± 0.1809
INFO:kbc-cli.py:Epoch 80/100	Loss 4.7954 ± 0.1926
INFO:kbc-cli.py:Epoch 81/100	Loss 4.7947 ± 0.1846
INFO:kbc-cli.py:Epoch 81/100	dev results	MRR 0.894953	H@1 0.836142	H@3 0.946629	H@5 0.965356	H@10 0.984082	H@20 0.988296	H@50 0.994382	H@100 1.000000
INFO:kbc-cli.py:Epoch 81/100	test results	MRR 0.900626	H@1 0.841248	H@3 0.953911	H@5 0.974860	H@10 0.987896	H@20 0.994879	H@50 0.998603	H@100 1.000000
INFO:kbc-cli.py:Epoch 82/100	Loss 4.7929 ± 0.1723
INFO:kbc-cli.py:Epoch 83/100	Loss 4.7919 ± 0.1921
INFO:kbc-cli.py:Epoch 84/100	Loss 4.7903 ± 0.1690
INFO:kbc-cli.py:Epoch 84/100	dev results	MRR 0.896938	H@1 0.839888	H@3 0.947566	H@5 0.965356	H@10 0.984551	H@20 0.988296	H@50 0.994382	H@100 1.000000
INFO:kbc-cli.py:Epoch 84/100	test results	MRR 0.900245	H@1 0.840317	H@3 0.954842	H@5 0.973929	H@10 0.987896	H@20 0.994879	H@50 0.998603	H@100 1.000000
INFO:kbc-cli.py:Epoch 85/100	Loss 4.7887 ± 0.1856
INFO:kbc-cli.py:Epoch 86/100	Loss 4.7880 ± 0.1779
INFO:kbc-cli.py:Epoch 87/100	Loss 4.7863 ± 0.1926
INFO:kbc-cli.py:Epoch 87/100	dev results	MRR 0.895276	H@1 0.837079	H@3 0.946161	H@5 0.965356	H@10 0.984082	H@20 0.988296	H@50 0.994382	H@100 1.000000
INFO:kbc-cli.py:Epoch 87/100	test results	MRR 0.900742	H@1 0.842179	H@3 0.953445	H@5 0.974395	H@10 0.987896	H@20 0.994879	H@50 0.998603	H@100 1.000000
INFO:kbc-cli.py:Epoch 88/100	Loss 4.7857 ± 0.1613
INFO:kbc-cli.py:Epoch 89/100	Loss 4.7840 ± 0.1704
INFO:kbc-cli.py:Epoch 90/100	Loss 4.7829 ± 0.1735
INFO:kbc-cli.py:Epoch 90/100	dev results	MRR 0.896066	H@1 0.838483	H@3 0.947566	H@5 0.965824	H@10 0.984551	H@20 0.988296	H@50 0.994382	H@100 1.000000
INFO:kbc-cli.py:Epoch 90/100	test results	MRR 0.900879	H@1 0.841248	H@3 0.956704	H@5 0.974395	H@10 0.987896	H@20 0.994879	H@50 0.998603	H@100 1.000000
INFO:kbc-cli.py:Epoch 91/100	Loss 4.7813 ± 0.1752
INFO:kbc-cli.py:Epoch 92/100	Loss 4.7809 ± 0.1891
INFO:kbc-cli.py:Epoch 93/100	Loss 4.7792 ± 0.1707
INFO:kbc-cli.py:Epoch 93/100	dev results	MRR 0.896655	H@1 0.839888	H@3 0.945693	H@5 0.966292	H@10 0.984082	H@20 0.988296	H@50 0.994382	H@100 1.000000
INFO:kbc-cli.py:Epoch 93/100	test results	MRR 0.902090	H@1 0.843575	H@3 0.954842	H@5 0.974395	H@10 0.987896	H@20 0.994879	H@50 0.998603	H@100 1.000000
INFO:kbc-cli.py:Epoch 94/100	Loss 4.7780 ± 0.1692
INFO:kbc-cli.py:Epoch 95/100	Loss 4.7771 ± 0.1850
INFO:kbc-cli.py:Epoch 96/100	Loss 4.7759 ± 0.1707
INFO:kbc-cli.py:Epoch 96/100	dev results	MRR 0.894998	H@1 0.836610	H@3 0.946629	H@5 0.965356	H@10 0.984082	H@20 0.988296	H@50 0.994382	H@100 1.000000
INFO:kbc-cli.py:Epoch 96/100	test results	MRR 0.901977	H@1 0.843575	H@3 0.954842	H@5 0.974395	H@10 0.987896	H@20 0.994879	H@50 0.998603	H@100 1.000000
INFO:kbc-cli.py:Epoch 97/100	Loss 4.7749 ± 0.1723
INFO:kbc-cli.py:Epoch 98/100	Loss 4.7740 ± 0.1848
INFO:kbc-cli.py:Epoch 99/100	Loss 4.7733 ± 0.1789
INFO:kbc-cli.py:Epoch 99/100	dev results	MRR 0.895645	H@1 0.838015	H@3 0.946629	H@5 0.966292	H@10 0.984082	H@20 0.988296	H@50 0.994382	H@100 1.000000
INFO:kbc-cli.py:Epoch 99/100	test results	MRR 0.900998	H@1 0.841713	H@3 0.953911	H@5 0.973929	H@10 0.987896	H@20 0.994879	H@50 0.998603	H@100 1.000000
INFO:kbc-cli.py:Epoch 100/100	Loss 4.7719 ± 0.1641
INFO:kbc-cli.py:Final 	dev results	MRR 0.894985	H@1 0.836610	H@3 0.946629	H@5 0.965824	H@10 0.984082	H@20 0.988296	H@50 0.994382	H@100 1.000000
INFO:kbc-cli.py:Final 	test results	MRR 0.901771	H@1 0.843110	H@3 0.954376	H@5 0.974395	H@10 0.987896	H@20 0.994879	H@50 0.998603	H@100 1.000000
INFO:kbc-cli.py:Training finished
