./bin/kbc-cli.py --train data/nations/train.tsv --dev data/nations/dev.tsv --test data/nations/test.tsv -m complex -k 500 -b 50 -e 100 --F2 0 --N3 0.0001 -l 0.1 -I reciprocal -V 3 -o adagrad -c spo -q
{'F2': 0.0,
 'N3': 0.0001,
 'batch_size': 50,
 'corruption': 'spo',
 'dev': 'data/nations/dev.tsv',
 'embedding_size': 500,
 'epochs': 100,
 'eval_batch_size': None,
 'input_type': 'reciprocal',
 'learning_rate': 0.1,
 'load': None,
 'model': 'complex',
 'optimizer': 'adagrad',
 'quiet': True,
 'save': None,
 'seed': 0,
 'test': 'data/nations/test.tsv',
 'test_i': None,
 'test_ii': None,
 'train': 'data/nations/train.tsv',
 'validate_every': 3}
INFO:kbc-cli.py:Device: cuda
INFO:kbc-cli.py:Model state:
INFO:kbc-cli.py:	entities.weight	torch.Size([14, 1000])
INFO:kbc-cli.py:	predicates.weight	torch.Size([110, 1000])
INFO:kbc-cli.py:Epoch 1/100	Loss 9.7442 ± 0.5237
INFO:kbc-cli.py:Epoch 2/100	Loss 8.2318 ± 0.2257
INFO:kbc-cli.py:Epoch 3/100	Loss 7.6978 ± 0.3321
INFO:kbc-cli.py:Epoch 3/100	dev results	MRR 0.801991	H@1 0.690955	H@3 0.899497	H@5 0.959799	H@10 0.989950	H@20 1.000000	H@50 1.000000	H@100 1.000000
INFO:kbc-cli.py:Epoch 3/100	test results	MRR 0.804778	H@1 0.689055	H@3 0.910448	H@5 0.980100	H@10 1.000000	H@20 1.000000	H@50 1.000000	H@100 1.000000
INFO:kbc-cli.py:Epoch 4/100	Loss 7.4108 ± 0.3006
INFO:kbc-cli.py:Epoch 5/100	Loss 7.2372 ± 0.3511
INFO:kbc-cli.py:Epoch 6/100	Loss 7.1058 ± 0.3514
INFO:kbc-cli.py:Epoch 6/100	dev results	MRR 0.813324	H@1 0.711055	H@3 0.886935	H@5 0.959799	H@10 0.992462	H@20 1.000000	H@50 1.000000	H@100 1.000000
INFO:kbc-cli.py:Epoch 6/100	test results	MRR 0.813255	H@1 0.701493	H@3 0.912935	H@5 0.977612	H@10 1.000000	H@20 1.000000	H@50 1.000000	H@100 1.000000
INFO:kbc-cli.py:Epoch 7/100	Loss 7.0149 ± 0.3120
INFO:kbc-cli.py:Epoch 8/100	Loss 6.9476 ± 0.3339
INFO:kbc-cli.py:Epoch 9/100	Loss 6.8913 ± 0.3348
INFO:kbc-cli.py:Epoch 9/100	dev results	MRR 0.817517	H@1 0.716080	H@3 0.899497	H@5 0.957286	H@10 0.994975	H@20 1.000000	H@50 1.000000	H@100 1.000000
INFO:kbc-cli.py:Epoch 9/100	test results	MRR 0.821319	H@1 0.713930	H@3 0.922886	H@5 0.980100	H@10 1.000000	H@20 1.000000	H@50 1.000000	H@100 1.000000
INFO:kbc-cli.py:Epoch 10/100	Loss 6.8441 ± 0.3195
INFO:kbc-cli.py:Epoch 11/100	Loss 6.8030 ± 0.2875
INFO:kbc-cli.py:Epoch 12/100	Loss 6.7740 ± 0.3096
INFO:kbc-cli.py:Epoch 12/100	dev results	MRR 0.820023	H@1 0.721106	H@3 0.894472	H@5 0.962312	H@10 0.994975	H@20 1.000000	H@50 1.000000	H@100 1.000000
INFO:kbc-cli.py:Epoch 12/100	test results	MRR 0.822711	H@1 0.718905	H@3 0.912935	H@5 0.982587	H@10 1.000000	H@20 1.000000	H@50 1.000000	H@100 1.000000
INFO:kbc-cli.py:Epoch 13/100	Loss 6.7425 ± 0.2765
INFO:kbc-cli.py:Epoch 14/100	Loss 6.7176 ± 0.2917
INFO:kbc-cli.py:Epoch 15/100	Loss 6.6926 ± 0.2748
INFO:kbc-cli.py:Epoch 15/100	dev results	MRR 0.817821	H@1 0.716080	H@3 0.902010	H@5 0.962312	H@10 0.994975	H@20 1.000000	H@50 1.000000	H@100 1.000000
INFO:kbc-cli.py:Epoch 15/100	test results	MRR 0.822691	H@1 0.713930	H@3 0.925373	H@5 0.982587	H@10 1.000000	H@20 1.000000	H@50 1.000000	H@100 1.000000
INFO:kbc-cli.py:Epoch 16/100	Loss 6.6770 ± 0.2958
INFO:kbc-cli.py:Epoch 17/100	Loss 6.6561 ± 0.2785
INFO:kbc-cli.py:Epoch 18/100	Loss 6.6388 ± 0.2568
INFO:kbc-cli.py:Epoch 18/100	dev results	MRR 0.824737	H@1 0.726131	H@3 0.899497	H@5 0.962312	H@10 0.994975	H@20 1.000000	H@50 1.000000	H@100 1.000000
INFO:kbc-cli.py:Epoch 18/100	test results	MRR 0.817760	H@1 0.703980	H@3 0.915423	H@5 0.982587	H@10 1.000000	H@20 1.000000	H@50 1.000000	H@100 1.000000
INFO:kbc-cli.py:Epoch 19/100	Loss 6.6244 ± 0.2347
INFO:kbc-cli.py:Epoch 20/100	Loss 6.6106 ± 0.2820
INFO:kbc-cli.py:Epoch 21/100	Loss 6.5994 ± 0.2688
INFO:kbc-cli.py:Epoch 21/100	dev results	MRR 0.818369	H@1 0.718593	H@3 0.896985	H@5 0.962312	H@10 0.994975	H@20 1.000000	H@50 1.000000	H@100 1.000000
INFO:kbc-cli.py:Epoch 21/100	test results	MRR 0.817377	H@1 0.706468	H@3 0.915423	H@5 0.982587	H@10 1.000000	H@20 1.000000	H@50 1.000000	H@100 1.000000
INFO:kbc-cli.py:Epoch 22/100	Loss 6.5856 ± 0.2245
INFO:kbc-cli.py:Epoch 23/100	Loss 6.5723 ± 0.2575
INFO:kbc-cli.py:Epoch 24/100	Loss 6.5666 ± 0.2449
INFO:kbc-cli.py:Epoch 24/100	dev results	MRR 0.823310	H@1 0.728643	H@3 0.902010	H@5 0.959799	H@10 0.994975	H@20 1.000000	H@50 1.000000	H@100 1.000000
INFO:kbc-cli.py:Epoch 24/100	test results	MRR 0.824224	H@1 0.721393	H@3 0.907960	H@5 0.982587	H@10 1.000000	H@20 1.000000	H@50 1.000000	H@100 1.000000
INFO:kbc-cli.py:Epoch 25/100	Loss 6.5514 ± 0.2124
INFO:kbc-cli.py:Epoch 26/100	Loss 6.5446 ± 0.2316
INFO:kbc-cli.py:Epoch 27/100	Loss 6.5391 ± 0.2471
INFO:kbc-cli.py:Epoch 27/100	dev results	MRR 0.822727	H@1 0.726131	H@3 0.907035	H@5 0.962312	H@10 0.994975	H@20 1.000000	H@50 1.000000	H@100 1.000000
INFO:kbc-cli.py:Epoch 27/100	test results	MRR 0.818728	H@1 0.708955	H@3 0.912935	H@5 0.982587	H@10 1.000000	H@20 1.000000	H@50 1.000000	H@100 1.000000
INFO:kbc-cli.py:Epoch 28/100	Loss 6.5278 ± 0.2086
INFO:kbc-cli.py:Epoch 29/100	Loss 6.5224 ± 0.2311
INFO:kbc-cli.py:Epoch 30/100	Loss 6.5129 ± 0.2516
INFO:kbc-cli.py:Epoch 30/100	dev results	MRR 0.822975	H@1 0.726131	H@3 0.904523	H@5 0.964824	H@10 0.994975	H@20 1.000000	H@50 1.000000	H@100 1.000000
INFO:kbc-cli.py:Epoch 30/100	test results	MRR 0.817896	H@1 0.706468	H@3 0.917910	H@5 0.982587	H@10 1.000000	H@20 1.000000	H@50 1.000000	H@100 1.000000
INFO:kbc-cli.py:Epoch 31/100	Loss 6.5095 ± 0.2617
INFO:kbc-cli.py:Epoch 32/100	Loss 6.5005 ± 0.2227
INFO:kbc-cli.py:Epoch 33/100	Loss 6.4958 ± 0.2301
INFO:kbc-cli.py:Epoch 33/100	dev results	MRR 0.824901	H@1 0.728643	H@3 0.909548	H@5 0.959799	H@10 0.994975	H@20 1.000000	H@50 1.000000	H@100 1.000000
INFO:kbc-cli.py:Epoch 33/100	test results	MRR 0.820559	H@1 0.711443	H@3 0.910448	H@5 0.982587	H@10 1.000000	H@20 1.000000	H@50 1.000000	H@100 1.000000
INFO:kbc-cli.py:Epoch 34/100	Loss 6.4906 ± 0.2573
INFO:kbc-cli.py:Epoch 35/100	Loss 6.4806 ± 0.2092
INFO:kbc-cli.py:Epoch 36/100	Loss 6.4796 ± 0.2186
INFO:kbc-cli.py:Epoch 36/100	dev results	MRR 0.819332	H@1 0.718593	H@3 0.907035	H@5 0.962312	H@10 0.994975	H@20 1.000000	H@50 1.000000	H@100 1.000000
INFO:kbc-cli.py:Epoch 36/100	test results	MRR 0.822270	H@1 0.713930	H@3 0.910448	H@5 0.980100	H@10 1.000000	H@20 1.000000	H@50 1.000000	H@100 1.000000
INFO:kbc-cli.py:Epoch 37/100	Loss 6.4687 ± 0.2344
INFO:kbc-cli.py:Epoch 38/100	Loss 6.4685 ± 0.2274
INFO:kbc-cli.py:Epoch 39/100	Loss 6.4653 ± 0.2355
INFO:kbc-cli.py:Epoch 39/100	dev results	MRR 0.822640	H@1 0.723618	H@3 0.907035	H@5 0.964824	H@10 0.994975	H@20 1.000000	H@50 1.000000	H@100 1.000000
INFO:kbc-cli.py:Epoch 39/100	test results	MRR 0.823023	H@1 0.718905	H@3 0.910448	H@5 0.980100	H@10 1.000000	H@20 1.000000	H@50 1.000000	H@100 1.000000
INFO:kbc-cli.py:Epoch 40/100	Loss 6.4585 ± 0.2365
INFO:kbc-cli.py:Epoch 41/100	Loss 6.4534 ± 0.2097
INFO:kbc-cli.py:Epoch 42/100	Loss 6.4499 ± 0.2297
INFO:kbc-cli.py:Epoch 42/100	dev results	MRR 0.828006	H@1 0.733668	H@3 0.912060	H@5 0.962312	H@10 0.994975	H@20 1.000000	H@50 1.000000	H@100 1.000000
INFO:kbc-cli.py:Epoch 42/100	test results	MRR 0.821779	H@1 0.713930	H@3 0.910448	H@5 0.980100	H@10 1.000000	H@20 1.000000	H@50 1.000000	H@100 1.000000
INFO:kbc-cli.py:Epoch 43/100	Loss 6.4465 ± 0.2397
INFO:kbc-cli.py:Epoch 44/100	Loss 6.4427 ± 0.2001
INFO:kbc-cli.py:Epoch 45/100	Loss 6.4370 ± 0.2254
INFO:kbc-cli.py:Epoch 45/100	dev results	MRR 0.824297	H@1 0.726131	H@3 0.909548	H@5 0.959799	H@10 0.994975	H@20 1.000000	H@50 1.000000	H@100 1.000000
INFO:kbc-cli.py:Epoch 45/100	test results	MRR 0.819471	H@1 0.708955	H@3 0.912935	H@5 0.980100	H@10 1.000000	H@20 1.000000	H@50 1.000000	H@100 1.000000
INFO:kbc-cli.py:Epoch 46/100	Loss 6.4348 ± 0.2163
INFO:kbc-cli.py:Epoch 47/100	Loss 6.4325 ± 0.1999
INFO:kbc-cli.py:Epoch 48/100	Loss 6.4274 ± 0.2036
INFO:kbc-cli.py:Epoch 48/100	dev results	MRR 0.824590	H@1 0.728643	H@3 0.907035	H@5 0.962312	H@10 0.994975	H@20 1.000000	H@50 1.000000	H@100 1.000000
INFO:kbc-cli.py:Epoch 48/100	test results	MRR 0.821212	H@1 0.713930	H@3 0.912935	H@5 0.982587	H@10 1.000000	H@20 1.000000	H@50 1.000000	H@100 1.000000
INFO:kbc-cli.py:Epoch 49/100	Loss 6.4227 ± 0.2295
INFO:kbc-cli.py:Epoch 50/100	Loss 6.4219 ± 0.1996
INFO:kbc-cli.py:Epoch 51/100	Loss 6.4186 ± 0.2074
INFO:kbc-cli.py:Epoch 51/100	dev results	MRR 0.820762	H@1 0.718593	H@3 0.912060	H@5 0.962312	H@10 0.994975	H@20 1.000000	H@50 1.000000	H@100 1.000000
INFO:kbc-cli.py:Epoch 51/100	test results	MRR 0.822581	H@1 0.716418	H@3 0.910448	H@5 0.980100	H@10 1.000000	H@20 1.000000	H@50 1.000000	H@100 1.000000
INFO:kbc-cli.py:Epoch 52/100	Loss 6.4150 ± 0.2327
INFO:kbc-cli.py:Epoch 53/100	Loss 6.4111 ± 0.2319
INFO:kbc-cli.py:Epoch 54/100	Loss 6.4106 ± 0.2642
INFO:kbc-cli.py:Epoch 54/100	dev results	MRR 0.822018	H@1 0.721106	H@3 0.909548	H@5 0.959799	H@10 0.994975	H@20 1.000000	H@50 1.000000	H@100 1.000000
INFO:kbc-cli.py:Epoch 54/100	test results	MRR 0.820093	H@1 0.711443	H@3 0.910448	H@5 0.980100	H@10 1.000000	H@20 1.000000	H@50 1.000000	H@100 1.000000
INFO:kbc-cli.py:Epoch 55/100	Loss 6.4076 ± 0.2432
INFO:kbc-cli.py:Epoch 56/100	Loss 6.4023 ± 0.2069
INFO:kbc-cli.py:Epoch 57/100	Loss 6.4004 ± 0.1865
INFO:kbc-cli.py:Epoch 57/100	dev results	MRR 0.821767	H@1 0.721106	H@3 0.909548	H@5 0.964824	H@10 0.994975	H@20 1.000000	H@50 1.000000	H@100 1.000000
INFO:kbc-cli.py:Epoch 57/100	test results	MRR 0.822891	H@1 0.716418	H@3 0.912935	H@5 0.980100	H@10 1.000000	H@20 1.000000	H@50 1.000000	H@100 1.000000
INFO:kbc-cli.py:Epoch 58/100	Loss 6.3992 ± 0.1776
INFO:kbc-cli.py:Epoch 59/100	Loss 6.3950 ± 0.1832
INFO:kbc-cli.py:Epoch 60/100	Loss 6.3921 ± 0.1811
INFO:kbc-cli.py:Epoch 60/100	dev results	MRR 0.824370	H@1 0.726131	H@3 0.912060	H@5 0.962312	H@10 0.994975	H@20 1.000000	H@50 1.000000	H@100 1.000000
INFO:kbc-cli.py:Epoch 60/100	test results	MRR 0.822350	H@1 0.713930	H@3 0.915423	H@5 0.980100	H@10 1.000000	H@20 1.000000	H@50 1.000000	H@100 1.000000
INFO:kbc-cli.py:Epoch 61/100	Loss 6.3934 ± 0.2111
INFO:kbc-cli.py:Epoch 62/100	Loss 6.3906 ± 0.2156
INFO:kbc-cli.py:Epoch 63/100	Loss 6.3869 ± 0.2016
INFO:kbc-cli.py:Epoch 63/100	dev results	MRR 0.824321	H@1 0.726131	H@3 0.909548	H@5 0.962312	H@10 0.994975	H@20 1.000000	H@50 1.000000	H@100 1.000000
INFO:kbc-cli.py:Epoch 63/100	test results	MRR 0.820994	H@1 0.711443	H@3 0.915423	H@5 0.980100	H@10 1.000000	H@20 1.000000	H@50 1.000000	H@100 1.000000
INFO:kbc-cli.py:Epoch 64/100	Loss 6.3840 ± 0.2264
INFO:kbc-cli.py:Epoch 65/100	Loss 6.3818 ± 0.2312
INFO:kbc-cli.py:Epoch 66/100	Loss 6.3796 ± 0.2036
INFO:kbc-cli.py:Epoch 66/100	dev results	MRR 0.826750	H@1 0.731156	H@3 0.909548	H@5 0.959799	H@10 0.994975	H@20 1.000000	H@50 1.000000	H@100 1.000000
INFO:kbc-cli.py:Epoch 66/100	test results	MRR 0.823147	H@1 0.713930	H@3 0.920398	H@5 0.980100	H@10 1.000000	H@20 1.000000	H@50 1.000000	H@100 1.000000
INFO:kbc-cli.py:Epoch 67/100	Loss 6.3778 ± 0.1923
INFO:kbc-cli.py:Epoch 68/100	Loss 6.3758 ± 0.2065
INFO:kbc-cli.py:Epoch 69/100	Loss 6.3723 ± 0.2011
INFO:kbc-cli.py:Epoch 69/100	dev results	MRR 0.828718	H@1 0.733668	H@3 0.912060	H@5 0.962312	H@10 0.994975	H@20 1.000000	H@50 1.000000	H@100 1.000000
INFO:kbc-cli.py:Epoch 69/100	test results	MRR 0.819934	H@1 0.708955	H@3 0.915423	H@5 0.980100	H@10 1.000000	H@20 1.000000	H@50 1.000000	H@100 1.000000
INFO:kbc-cli.py:Epoch 70/100	Loss 6.3717 ± 0.1579
INFO:kbc-cli.py:Epoch 71/100	Loss 6.3698 ± 0.1851
INFO:kbc-cli.py:Epoch 72/100	Loss 6.3676 ± 0.2308
INFO:kbc-cli.py:Epoch 72/100	dev results	MRR 0.823208	H@1 0.723618	H@3 0.912060	H@5 0.962312	H@10 0.994975	H@20 1.000000	H@50 1.000000	H@100 1.000000
INFO:kbc-cli.py:Epoch 72/100	test results	MRR 0.824080	H@1 0.716418	H@3 0.920398	H@5 0.980100	H@10 1.000000	H@20 1.000000	H@50 1.000000	H@100 1.000000
INFO:kbc-cli.py:Epoch 73/100	Loss 6.3646 ± 0.1817
INFO:kbc-cli.py:Epoch 74/100	Loss 6.3638 ± 0.1883
INFO:kbc-cli.py:Epoch 75/100	Loss 6.3637 ± 0.1898
INFO:kbc-cli.py:Epoch 75/100	dev results	MRR 0.824112	H@1 0.723618	H@3 0.912060	H@5 0.962312	H@10 0.994975	H@20 1.000000	H@50 1.000000	H@100 1.000000
INFO:kbc-cli.py:Epoch 75/100	test results	MRR 0.820180	H@1 0.711443	H@3 0.915423	H@5 0.980100	H@10 1.000000	H@20 1.000000	H@50 1.000000	H@100 1.000000
INFO:kbc-cli.py:Epoch 76/100	Loss 6.3599 ± 0.1855
INFO:kbc-cli.py:Epoch 77/100	Loss 6.3595 ± 0.2045
INFO:kbc-cli.py:Epoch 78/100	Loss 6.3570 ± 0.1925
INFO:kbc-cli.py:Epoch 78/100	dev results	MRR 0.828927	H@1 0.733668	H@3 0.912060	H@5 0.959799	H@10 0.994975	H@20 1.000000	H@50 1.000000	H@100 1.000000
INFO:kbc-cli.py:Epoch 78/100	test results	MRR 0.820512	H@1 0.711443	H@3 0.917910	H@5 0.980100	H@10 1.000000	H@20 1.000000	H@50 1.000000	H@100 1.000000
INFO:kbc-cli.py:Epoch 79/100	Loss 6.3563 ± 0.1762
INFO:kbc-cli.py:Epoch 80/100	Loss 6.3560 ± 0.1890
INFO:kbc-cli.py:Epoch 81/100	Loss 6.3536 ± 0.1652
INFO:kbc-cli.py:Epoch 81/100	dev results	MRR 0.824450	H@1 0.726131	H@3 0.912060	H@5 0.962312	H@10 0.994975	H@20 1.000000	H@50 1.000000	H@100 1.000000
INFO:kbc-cli.py:Epoch 81/100	test results	MRR 0.822460	H@1 0.713930	H@3 0.917910	H@5 0.980100	H@10 1.000000	H@20 1.000000	H@50 1.000000	H@100 1.000000
INFO:kbc-cli.py:Epoch 82/100	Loss 6.3494 ± 0.1997
INFO:kbc-cli.py:Epoch 83/100	Loss 6.3487 ± 0.1646
INFO:kbc-cli.py:Epoch 84/100	Loss 6.3488 ± 0.2181
INFO:kbc-cli.py:Epoch 84/100	dev results	MRR 0.822737	H@1 0.723618	H@3 0.912060	H@5 0.959799	H@10 0.994975	H@20 1.000000	H@50 1.000000	H@100 1.000000
INFO:kbc-cli.py:Epoch 84/100	test results	MRR 0.820846	H@1 0.711443	H@3 0.917910	H@5 0.980100	H@10 1.000000	H@20 1.000000	H@50 1.000000	H@100 1.000000
INFO:kbc-cli.py:Epoch 85/100	Loss 6.3493 ± 0.2253
INFO:kbc-cli.py:Epoch 86/100	Loss 6.3446 ± 0.1794
INFO:kbc-cli.py:Epoch 87/100	Loss 6.3479 ± 0.2026
INFO:kbc-cli.py:Epoch 87/100	dev results	MRR 0.825333	H@1 0.728643	H@3 0.909548	H@5 0.959799	H@10 0.994975	H@20 1.000000	H@50 1.000000	H@100 1.000000
INFO:kbc-cli.py:Epoch 87/100	test results	MRR 0.821074	H@1 0.711443	H@3 0.920398	H@5 0.980100	H@10 1.000000	H@20 1.000000	H@50 1.000000	H@100 1.000000
INFO:kbc-cli.py:Epoch 88/100	Loss 6.3427 ± 0.1774
INFO:kbc-cli.py:Epoch 89/100	Loss 6.3396 ± 0.2109
INFO:kbc-cli.py:Epoch 90/100	Loss 6.3391 ± 0.1680
INFO:kbc-cli.py:Epoch 90/100	dev results	MRR 0.826296	H@1 0.728643	H@3 0.909548	H@5 0.959799	H@10 0.994975	H@20 1.000000	H@50 1.000000	H@100 1.000000
INFO:kbc-cli.py:Epoch 90/100	test results	MRR 0.819727	H@1 0.708955	H@3 0.917910	H@5 0.980100	H@10 1.000000	H@20 1.000000	H@50 1.000000	H@100 1.000000
INFO:kbc-cli.py:Epoch 91/100	Loss 6.3383 ± 0.1674
INFO:kbc-cli.py:Epoch 92/100	Loss 6.3371 ± 0.1860
INFO:kbc-cli.py:Epoch 93/100	Loss 6.3363 ± 0.2215
INFO:kbc-cli.py:Epoch 93/100	dev results	MRR 0.824370	H@1 0.726131	H@3 0.907035	H@5 0.962312	H@10 0.994975	H@20 1.000000	H@50 1.000000	H@100 1.000000
INFO:kbc-cli.py:Epoch 93/100	test results	MRR 0.822270	H@1 0.713930	H@3 0.920398	H@5 0.980100	H@10 1.000000	H@20 1.000000	H@50 1.000000	H@100 1.000000
INFO:kbc-cli.py:Epoch 94/100	Loss 6.3342 ± 0.2053
INFO:kbc-cli.py:Epoch 95/100	Loss 6.3354 ± 0.2008
INFO:kbc-cli.py:Epoch 96/100	Loss 6.3313 ± 0.2114
INFO:kbc-cli.py:Epoch 96/100	dev results	MRR 0.823867	H@1 0.726131	H@3 0.907035	H@5 0.959799	H@10 0.994975	H@20 1.000000	H@50 1.000000	H@100 1.000000
INFO:kbc-cli.py:Epoch 96/100	test results	MRR 0.818151	H@1 0.706468	H@3 0.920398	H@5 0.980100	H@10 1.000000	H@20 1.000000	H@50 1.000000	H@100 1.000000
INFO:kbc-cli.py:Epoch 97/100	Loss 6.3322 ± 0.1983
INFO:kbc-cli.py:Epoch 98/100	Loss 6.3308 ± 0.1732
INFO:kbc-cli.py:Epoch 99/100	Loss 6.3306 ± 0.2152
INFO:kbc-cli.py:Epoch 99/100	dev results	MRR 0.826799	H@1 0.731156	H@3 0.912060	H@5 0.959799	H@10 0.994975	H@20 1.000000	H@50 1.000000	H@100 1.000000
INFO:kbc-cli.py:Epoch 99/100	test results	MRR 0.816656	H@1 0.703980	H@3 0.917910	H@5 0.980100	H@10 1.000000	H@20 1.000000	H@50 1.000000	H@100 1.000000
INFO:kbc-cli.py:Epoch 100/100	Loss 6.3273 ± 0.1687
INFO:kbc-cli.py:Final 	dev results	MRR 0.822946	H@1 0.723618	H@3 0.909548	H@5 0.959799	H@10 0.994975	H@20 1.000000	H@50 1.000000	H@100 1.000000
INFO:kbc-cli.py:Final 	test results	MRR 0.818936	H@1 0.708955	H@3 0.915423	H@5 0.980100	H@10 1.000000	H@20 1.000000	H@50 1.000000	H@100 1.000000
INFO:kbc-cli.py:Training finished
