./bin/kbc-cli.py --train data/nations/train.tsv --dev data/nations/dev.tsv --test data/nations/test.tsv -m complex -k 1000 -b 100 -e 100 --F2 0 --N3 0.01 -l 0.1 -I standard -V 3 -o adagrad -c spo -q
{'F2': 0.0,
 'N3': 0.01,
 'batch_size': 100,
 'corruption': 'spo',
 'dev': 'data/nations/dev.tsv',
 'embedding_size': 1000,
 'epochs': 100,
 'eval_batch_size': None,
 'input_type': 'standard',
 'learning_rate': 0.1,
 'load': None,
 'model': 'complex',
 'optimizer': 'adagrad',
 'quiet': True,
 'save': None,
 'seed': 0,
 'test': 'data/nations/test.tsv',
 'test_i': None,
 'test_ii': None,
 'train': 'data/nations/train.tsv',
 'validate_every': 3}
INFO:kbc-cli.py:Device: cuda
INFO:kbc-cli.py:Model state:
INFO:kbc-cli.py:	entities.weight	torch.Size([14, 2000])
INFO:kbc-cli.py:	predicates.weight	torch.Size([55, 2000])
INFO:kbc-cli.py:Epoch 1/100	Loss 9.7928 ± 0.5029
INFO:kbc-cli.py:Epoch 2/100	Loss 8.2061 ± 0.2411
INFO:kbc-cli.py:Epoch 3/100	Loss 7.6292 ± 0.3294
INFO:kbc-cli.py:Epoch 3/100	dev results	MRR 0.806524	H@1 0.701005	H@3 0.871859	H@5 0.964824	H@10 0.997487	H@20 1.000000	H@50 1.000000	H@100 1.000000
INFO:kbc-cli.py:Epoch 3/100	test results	MRR 0.819863	H@1 0.713930	H@3 0.905473	H@5 0.977612	H@10 0.997512	H@20 1.000000	H@50 1.000000	H@100 1.000000
INFO:kbc-cli.py:Epoch 4/100	Loss 7.3682 ± 0.3509
INFO:kbc-cli.py:Epoch 5/100	Loss 7.1984 ± 0.3156
INFO:kbc-cli.py:Epoch 6/100	Loss 7.0835 ± 0.3292
INFO:kbc-cli.py:Epoch 6/100	dev results	MRR 0.818921	H@1 0.718593	H@3 0.886935	H@5 0.964824	H@10 0.997487	H@20 1.000000	H@50 1.000000	H@100 1.000000
INFO:kbc-cli.py:Epoch 6/100	test results	MRR 0.831712	H@1 0.733831	H@3 0.915423	H@5 0.987562	H@10 1.000000	H@20 1.000000	H@50 1.000000	H@100 1.000000
INFO:kbc-cli.py:Epoch 7/100	Loss 7.0075 ± 0.2884
INFO:kbc-cli.py:Epoch 8/100	Loss 6.9263 ± 0.3063
INFO:kbc-cli.py:Epoch 9/100	Loss 6.8825 ± 0.2945
INFO:kbc-cli.py:Epoch 9/100	dev results	MRR 0.812704	H@1 0.703518	H@3 0.902010	H@5 0.974874	H@10 0.997487	H@20 1.000000	H@50 1.000000	H@100 1.000000
INFO:kbc-cli.py:Epoch 9/100	test results	MRR 0.838678	H@1 0.746269	H@3 0.925373	H@5 0.977612	H@10 1.000000	H@20 1.000000	H@50 1.000000	H@100 1.000000
INFO:kbc-cli.py:Epoch 10/100	Loss 6.8406 ± 0.3317
INFO:kbc-cli.py:Epoch 11/100	Loss 6.8000 ± 0.2969
INFO:kbc-cli.py:Epoch 12/100	Loss 6.7665 ± 0.2934
INFO:kbc-cli.py:Epoch 12/100	dev results	MRR 0.823864	H@1 0.721106	H@3 0.909548	H@5 0.974874	H@10 0.997487	H@20 1.000000	H@50 1.000000	H@100 1.000000
INFO:kbc-cli.py:Epoch 12/100	test results	MRR 0.836625	H@1 0.741294	H@3 0.922886	H@5 0.980100	H@10 1.000000	H@20 1.000000	H@50 1.000000	H@100 1.000000
INFO:kbc-cli.py:Epoch 13/100	Loss 6.7318 ± 0.2374
INFO:kbc-cli.py:Epoch 14/100	Loss 6.7090 ± 0.2491
INFO:kbc-cli.py:Epoch 15/100	Loss 6.6828 ± 0.2237
INFO:kbc-cli.py:Epoch 15/100	dev results	MRR 0.825529	H@1 0.723618	H@3 0.914573	H@5 0.974874	H@10 0.997487	H@20 1.000000	H@50 1.000000	H@100 1.000000
INFO:kbc-cli.py:Epoch 15/100	test results	MRR 0.834013	H@1 0.738806	H@3 0.915423	H@5 0.972637	H@10 1.000000	H@20 1.000000	H@50 1.000000	H@100 1.000000
INFO:kbc-cli.py:Epoch 16/100	Loss 6.6611 ± 0.2642
INFO:kbc-cli.py:Epoch 17/100	Loss 6.6434 ± 0.2728
INFO:kbc-cli.py:Epoch 18/100	Loss 6.6246 ± 0.2558
INFO:kbc-cli.py:Epoch 18/100	dev results	MRR 0.820363	H@1 0.711055	H@3 0.914573	H@5 0.974874	H@10 0.997487	H@20 1.000000	H@50 1.000000	H@100 1.000000
INFO:kbc-cli.py:Epoch 18/100	test results	MRR 0.832314	H@1 0.733831	H@3 0.915423	H@5 0.970149	H@10 1.000000	H@20 1.000000	H@50 1.000000	H@100 1.000000
INFO:kbc-cli.py:Epoch 19/100	Loss 6.6118 ± 0.2536
INFO:kbc-cli.py:Epoch 20/100	Loss 6.5970 ± 0.2142
INFO:kbc-cli.py:Epoch 21/100	Loss 6.5826 ± 0.2894
INFO:kbc-cli.py:Epoch 21/100	dev results	MRR 0.826310	H@1 0.721106	H@3 0.914573	H@5 0.977387	H@10 0.997487	H@20 1.000000	H@50 1.000000	H@100 1.000000
INFO:kbc-cli.py:Epoch 21/100	test results	MRR 0.829308	H@1 0.731343	H@3 0.905473	H@5 0.970149	H@10 1.000000	H@20 1.000000	H@50 1.000000	H@100 1.000000
INFO:kbc-cli.py:Epoch 22/100	Loss 6.5705 ± 0.2497
INFO:kbc-cli.py:Epoch 23/100	Loss 6.5578 ± 0.2603
INFO:kbc-cli.py:Epoch 24/100	Loss 6.5466 ± 0.2547
INFO:kbc-cli.py:Epoch 24/100	dev results	MRR 0.824826	H@1 0.723618	H@3 0.909548	H@5 0.972362	H@10 0.997487	H@20 1.000000	H@50 1.000000	H@100 1.000000
INFO:kbc-cli.py:Epoch 24/100	test results	MRR 0.818556	H@1 0.713930	H@3 0.905473	H@5 0.975124	H@10 1.000000	H@20 1.000000	H@50 1.000000	H@100 1.000000
INFO:kbc-cli.py:Epoch 25/100	Loss 6.5341 ± 0.2376
INFO:kbc-cli.py:Epoch 26/100	Loss 6.5270 ± 0.1907
INFO:kbc-cli.py:Epoch 27/100	Loss 6.5186 ± 0.2258
INFO:kbc-cli.py:Epoch 27/100	dev results	MRR 0.815673	H@1 0.706030	H@3 0.912060	H@5 0.974874	H@10 0.997487	H@20 1.000000	H@50 1.000000	H@100 1.000000
INFO:kbc-cli.py:Epoch 27/100	test results	MRR 0.816214	H@1 0.708955	H@3 0.900498	H@5 0.972637	H@10 1.000000	H@20 1.000000	H@50 1.000000	H@100 1.000000
INFO:kbc-cli.py:Epoch 28/100	Loss 6.5106 ± 0.1699
INFO:kbc-cli.py:Epoch 29/100	Loss 6.4989 ± 0.1988
INFO:kbc-cli.py:Epoch 30/100	Loss 6.4921 ± 0.2129
INFO:kbc-cli.py:Epoch 30/100	dev results	MRR 0.814510	H@1 0.703518	H@3 0.909548	H@5 0.977387	H@10 0.997487	H@20 1.000000	H@50 1.000000	H@100 1.000000
INFO:kbc-cli.py:Epoch 30/100	test results	MRR 0.817616	H@1 0.711443	H@3 0.905473	H@5 0.972637	H@10 1.000000	H@20 1.000000	H@50 1.000000	H@100 1.000000
INFO:kbc-cli.py:Epoch 31/100	Loss 6.4847 ± 0.1713
INFO:kbc-cli.py:Epoch 32/100	Loss 6.4764 ± 0.1738
INFO:kbc-cli.py:Epoch 33/100	Loss 6.4722 ± 0.2722
INFO:kbc-cli.py:Epoch 33/100	dev results	MRR 0.812244	H@1 0.701005	H@3 0.904523	H@5 0.977387	H@10 0.997487	H@20 1.000000	H@50 1.000000	H@100 1.000000
INFO:kbc-cli.py:Epoch 33/100	test results	MRR 0.818238	H@1 0.711443	H@3 0.902985	H@5 0.972637	H@10 1.000000	H@20 1.000000	H@50 1.000000	H@100 1.000000
INFO:kbc-cli.py:Epoch 34/100	Loss 6.4612 ± 0.2087
INFO:kbc-cli.py:Epoch 35/100	Loss 6.4589 ± 0.2226
INFO:kbc-cli.py:Epoch 36/100	Loss 6.4545 ± 0.2684
INFO:kbc-cli.py:Epoch 36/100	dev results	MRR 0.814205	H@1 0.703518	H@3 0.904523	H@5 0.974874	H@10 0.994975	H@20 1.000000	H@50 1.000000	H@100 1.000000
INFO:kbc-cli.py:Epoch 36/100	test results	MRR 0.813270	H@1 0.706468	H@3 0.893035	H@5 0.972637	H@10 1.000000	H@20 1.000000	H@50 1.000000	H@100 1.000000
INFO:kbc-cli.py:Epoch 37/100	Loss 6.4462 ± 0.1785
INFO:kbc-cli.py:Epoch 38/100	Loss 6.4417 ± 0.1478
INFO:kbc-cli.py:Epoch 39/100	Loss 6.4331 ± 0.1422
INFO:kbc-cli.py:Epoch 39/100	dev results	MRR 0.814038	H@1 0.703518	H@3 0.909548	H@5 0.974874	H@10 0.994975	H@20 1.000000	H@50 1.000000	H@100 1.000000
INFO:kbc-cli.py:Epoch 39/100	test results	MRR 0.814431	H@1 0.706468	H@3 0.902985	H@5 0.970149	H@10 1.000000	H@20 1.000000	H@50 1.000000	H@100 1.000000
INFO:kbc-cli.py:Epoch 40/100	Loss 6.4317 ± 0.2538
INFO:kbc-cli.py:Epoch 41/100	Loss 6.4308 ± 0.2410
INFO:kbc-cli.py:Epoch 42/100	Loss 6.4218 ± 0.1824
INFO:kbc-cli.py:Epoch 42/100	dev results	MRR 0.812198	H@1 0.698492	H@3 0.912060	H@5 0.974874	H@10 0.994975	H@20 1.000000	H@50 1.000000	H@100 1.000000
INFO:kbc-cli.py:Epoch 42/100	test results	MRR 0.811211	H@1 0.701493	H@3 0.900498	H@5 0.967662	H@10 1.000000	H@20 1.000000	H@50 1.000000	H@100 1.000000
INFO:kbc-cli.py:Epoch 43/100	Loss 6.4165 ± 0.2064
INFO:kbc-cli.py:Epoch 44/100	Loss 6.4123 ± 0.2498
INFO:kbc-cli.py:Epoch 45/100	Loss 6.4071 ± 0.2075
INFO:kbc-cli.py:Epoch 45/100	dev results	MRR 0.813544	H@1 0.701005	H@3 0.912060	H@5 0.972362	H@10 0.997487	H@20 1.000000	H@50 1.000000	H@100 1.000000
INFO:kbc-cli.py:Epoch 45/100	test results	MRR 0.811826	H@1 0.701493	H@3 0.902985	H@5 0.967662	H@10 1.000000	H@20 1.000000	H@50 1.000000	H@100 1.000000
INFO:kbc-cli.py:Epoch 46/100	Loss 6.4041 ± 0.1794
INFO:kbc-cli.py:Epoch 47/100	Loss 6.4016 ± 0.1805
INFO:kbc-cli.py:Epoch 48/100	Loss 6.3966 ± 0.1668
INFO:kbc-cli.py:Epoch 48/100	dev results	MRR 0.814866	H@1 0.703518	H@3 0.917085	H@5 0.972362	H@10 0.997487	H@20 1.000000	H@50 1.000000	H@100 1.000000
INFO:kbc-cli.py:Epoch 48/100	test results	MRR 0.809394	H@1 0.701493	H@3 0.895522	H@5 0.967662	H@10 1.000000	H@20 1.000000	H@50 1.000000	H@100 1.000000
INFO:kbc-cli.py:Epoch 49/100	Loss 6.3938 ± 0.1487
INFO:kbc-cli.py:Epoch 50/100	Loss 6.3882 ± 0.1683
INFO:kbc-cli.py:Epoch 51/100	Loss 6.3885 ± 0.1653
INFO:kbc-cli.py:Epoch 51/100	dev results	MRR 0.811851	H@1 0.698492	H@3 0.914573	H@5 0.972362	H@10 0.997487	H@20 1.000000	H@50 1.000000	H@100 1.000000
INFO:kbc-cli.py:Epoch 51/100	test results	MRR 0.807082	H@1 0.696517	H@3 0.898010	H@5 0.967662	H@10 1.000000	H@20 1.000000	H@50 1.000000	H@100 1.000000
INFO:kbc-cli.py:Epoch 52/100	Loss 6.3842 ± 0.1664
INFO:kbc-cli.py:Epoch 53/100	Loss 6.3811 ± 0.2243
INFO:kbc-cli.py:Epoch 54/100	Loss 6.3768 ± 0.1772
INFO:kbc-cli.py:Epoch 54/100	dev results	MRR 0.811372	H@1 0.698492	H@3 0.909548	H@5 0.972362	H@10 0.997487	H@20 1.000000	H@50 1.000000	H@100 1.000000
INFO:kbc-cli.py:Epoch 54/100	test results	MRR 0.810824	H@1 0.701493	H@3 0.905473	H@5 0.967662	H@10 1.000000	H@20 1.000000	H@50 1.000000	H@100 1.000000
INFO:kbc-cli.py:Epoch 55/100	Loss 6.3751 ± 0.2141
INFO:kbc-cli.py:Epoch 56/100	Loss 6.3684 ± 0.1920
INFO:kbc-cli.py:Epoch 57/100	Loss 6.3684 ± 0.1601
INFO:kbc-cli.py:Epoch 57/100	dev results	MRR 0.810529	H@1 0.695980	H@3 0.914573	H@5 0.972362	H@10 0.997487	H@20 1.000000	H@50 1.000000	H@100 1.000000
INFO:kbc-cli.py:Epoch 57/100	test results	MRR 0.807403	H@1 0.696517	H@3 0.895522	H@5 0.965174	H@10 1.000000	H@20 1.000000	H@50 1.000000	H@100 1.000000
INFO:kbc-cli.py:Epoch 58/100	Loss 6.3653 ± 0.2096
INFO:kbc-cli.py:Epoch 59/100	Loss 6.3621 ± 0.1914
INFO:kbc-cli.py:Epoch 60/100	Loss 6.3609 ± 0.1857
INFO:kbc-cli.py:Epoch 60/100	dev results	MRR 0.809859	H@1 0.695980	H@3 0.907035	H@5 0.974874	H@10 0.997487	H@20 1.000000	H@50 1.000000	H@100 1.000000
INFO:kbc-cli.py:Epoch 60/100	test results	MRR 0.806791	H@1 0.696517	H@3 0.898010	H@5 0.962687	H@10 1.000000	H@20 1.000000	H@50 1.000000	H@100 1.000000
INFO:kbc-cli.py:Epoch 61/100	Loss 6.3586 ± 0.1750
INFO:kbc-cli.py:Epoch 62/100	Loss 6.3537 ± 0.2145
INFO:kbc-cli.py:Epoch 63/100	Loss 6.3508 ± 0.2074
INFO:kbc-cli.py:Epoch 63/100	dev results	MRR 0.808920	H@1 0.693467	H@3 0.912060	H@5 0.969849	H@10 0.997487	H@20 1.000000	H@50 1.000000	H@100 1.000000
INFO:kbc-cli.py:Epoch 63/100	test results	MRR 0.808947	H@1 0.699005	H@3 0.898010	H@5 0.965174	H@10 1.000000	H@20 1.000000	H@50 1.000000	H@100 1.000000
INFO:kbc-cli.py:Epoch 64/100	Loss 6.3502 ± 0.1711
INFO:kbc-cli.py:Epoch 65/100	Loss 6.3491 ± 0.1639
INFO:kbc-cli.py:Epoch 66/100	Loss 6.3450 ± 0.1984
INFO:kbc-cli.py:Epoch 66/100	dev results	MRR 0.808980	H@1 0.695980	H@3 0.907035	H@5 0.969849	H@10 0.997487	H@20 1.000000	H@50 1.000000	H@100 1.000000
INFO:kbc-cli.py:Epoch 66/100	test results	MRR 0.801419	H@1 0.684080	H@3 0.898010	H@5 0.965174	H@10 1.000000	H@20 1.000000	H@50 1.000000	H@100 1.000000
INFO:kbc-cli.py:Epoch 67/100	Loss 6.3395 ± 0.1921
INFO:kbc-cli.py:Epoch 68/100	Loss 6.3405 ± 0.1830
INFO:kbc-cli.py:Epoch 69/100	Loss 6.3361 ± 0.1452
INFO:kbc-cli.py:Epoch 69/100	dev results	MRR 0.806551	H@1 0.690955	H@3 0.904523	H@5 0.969849	H@10 0.997487	H@20 1.000000	H@50 1.000000	H@100 1.000000
INFO:kbc-cli.py:Epoch 69/100	test results	MRR 0.806054	H@1 0.696517	H@3 0.895522	H@5 0.962687	H@10 0.997512	H@20 1.000000	H@50 1.000000	H@100 1.000000
INFO:kbc-cli.py:Epoch 70/100	Loss 6.3354 ± 0.1759
INFO:kbc-cli.py:Epoch 71/100	Loss 6.3349 ± 0.1720
INFO:kbc-cli.py:Epoch 72/100	Loss 6.3319 ± 0.1436
INFO:kbc-cli.py:Epoch 72/100	dev results	MRR 0.809063	H@1 0.695980	H@3 0.909548	H@5 0.969849	H@10 0.997487	H@20 1.000000	H@50 1.000000	H@100 1.000000
INFO:kbc-cli.py:Epoch 72/100	test results	MRR 0.803069	H@1 0.689055	H@3 0.893035	H@5 0.962687	H@10 0.997512	H@20 1.000000	H@50 1.000000	H@100 1.000000
INFO:kbc-cli.py:Epoch 73/100	Loss 6.3295 ± 0.2001
INFO:kbc-cli.py:Epoch 74/100	Loss 6.3285 ± 0.1574
INFO:kbc-cli.py:Epoch 75/100	Loss 6.3257 ± 0.1655
INFO:kbc-cli.py:Epoch 75/100	dev results	MRR 0.806341	H@1 0.690955	H@3 0.907035	H@5 0.969849	H@10 0.997487	H@20 1.000000	H@50 1.000000	H@100 1.000000
INFO:kbc-cli.py:Epoch 75/100	test results	MRR 0.802737	H@1 0.689055	H@3 0.895522	H@5 0.962687	H@10 0.997512	H@20 1.000000	H@50 1.000000	H@100 1.000000
INFO:kbc-cli.py:Epoch 76/100	Loss 6.3238 ± 0.1488
INFO:kbc-cli.py:Epoch 77/100	Loss 6.3227 ± 0.1851
INFO:kbc-cli.py:Epoch 78/100	Loss 6.3201 ± 0.1294
INFO:kbc-cli.py:Epoch 78/100	dev results	MRR 0.811223	H@1 0.701005	H@3 0.904523	H@5 0.969849	H@10 0.997487	H@20 1.000000	H@50 1.000000	H@100 1.000000
INFO:kbc-cli.py:Epoch 78/100	test results	MRR 0.803411	H@1 0.691542	H@3 0.898010	H@5 0.965174	H@10 0.997512	H@20 1.000000	H@50 1.000000	H@100 1.000000
INFO:kbc-cli.py:Epoch 79/100	Loss 6.3195 ± 0.1831
INFO:kbc-cli.py:Epoch 80/100	Loss 6.3170 ± 0.1700
INFO:kbc-cli.py:Epoch 81/100	Loss 6.3126 ± 0.1748
INFO:kbc-cli.py:Epoch 81/100	dev results	MRR 0.809446	H@1 0.698492	H@3 0.907035	H@5 0.969849	H@10 0.997487	H@20 1.000000	H@50 1.000000	H@100 1.000000
INFO:kbc-cli.py:Epoch 81/100	test results	MRR 0.803116	H@1 0.689055	H@3 0.900498	H@5 0.965174	H@10 0.997512	H@20 1.000000	H@50 1.000000	H@100 1.000000
INFO:kbc-cli.py:Epoch 82/100	Loss 6.3131 ± 0.1397
INFO:kbc-cli.py:Epoch 83/100	Loss 6.3114 ± 0.1655
INFO:kbc-cli.py:Epoch 84/100	Loss 6.3110 ± 0.1836
INFO:kbc-cli.py:Epoch 84/100	dev results	MRR 0.805444	H@1 0.690955	H@3 0.907035	H@5 0.969849	H@10 0.997487	H@20 1.000000	H@50 1.000000	H@100 1.000000
INFO:kbc-cli.py:Epoch 84/100	test results	MRR 0.799620	H@1 0.684080	H@3 0.898010	H@5 0.965174	H@10 0.997512	H@20 1.000000	H@50 1.000000	H@100 1.000000
INFO:kbc-cli.py:Epoch 85/100	Loss 6.3095 ± 0.1647
INFO:kbc-cli.py:Epoch 86/100	Loss 6.3075 ± 0.1364
INFO:kbc-cli.py:Epoch 87/100	Loss 6.3043 ± 0.1356
INFO:kbc-cli.py:Epoch 87/100	dev results	MRR 0.805325	H@1 0.690955	H@3 0.904523	H@5 0.969849	H@10 0.997487	H@20 1.000000	H@50 1.000000	H@100 1.000000
INFO:kbc-cli.py:Epoch 87/100	test results	MRR 0.801946	H@1 0.689055	H@3 0.898010	H@5 0.965174	H@10 0.997512	H@20 1.000000	H@50 1.000000	H@100 1.000000
INFO:kbc-cli.py:Epoch 88/100	Loss 6.3014 ± 0.1577
INFO:kbc-cli.py:Epoch 89/100	Loss 6.3027 ± 0.1382
INFO:kbc-cli.py:Epoch 90/100	Loss 6.3021 ± 0.1549
INFO:kbc-cli.py:Epoch 90/100	dev results	MRR 0.805946	H@1 0.690955	H@3 0.909548	H@5 0.969849	H@10 0.997487	H@20 1.000000	H@50 1.000000	H@100 1.000000
INFO:kbc-cli.py:Epoch 90/100	test results	MRR 0.801541	H@1 0.686567	H@3 0.898010	H@5 0.970149	H@10 0.997512	H@20 1.000000	H@50 1.000000	H@100 1.000000
INFO:kbc-cli.py:Epoch 91/100	Loss 6.2985 ± 0.1592
INFO:kbc-cli.py:Epoch 92/100	Loss 6.2979 ± 0.1869
INFO:kbc-cli.py:Epoch 93/100	Loss 6.2973 ± 0.1473
INFO:kbc-cli.py:Epoch 93/100	dev results	MRR 0.806540	H@1 0.693467	H@3 0.907035	H@5 0.969849	H@10 0.997487	H@20 1.000000	H@50 1.000000	H@100 1.000000
INFO:kbc-cli.py:Epoch 93/100	test results	MRR 0.801251	H@1 0.686567	H@3 0.895522	H@5 0.967662	H@10 0.997512	H@20 1.000000	H@50 1.000000	H@100 1.000000
INFO:kbc-cli.py:Epoch 94/100	Loss 6.2962 ± 0.1269
INFO:kbc-cli.py:Epoch 95/100	Loss 6.2924 ± 0.1447
INFO:kbc-cli.py:Epoch 96/100	Loss 6.2921 ± 0.1452
INFO:kbc-cli.py:Epoch 96/100	dev results	MRR 0.804237	H@1 0.688442	H@3 0.909548	H@5 0.969849	H@10 0.997487	H@20 1.000000	H@50 1.000000	H@100 1.000000
INFO:kbc-cli.py:Epoch 96/100	test results	MRR 0.796211	H@1 0.676617	H@3 0.895522	H@5 0.967662	H@10 0.997512	H@20 1.000000	H@50 1.000000	H@100 1.000000
INFO:kbc-cli.py:Epoch 97/100	Loss 6.2910 ± 0.1543
INFO:kbc-cli.py:Epoch 98/100	Loss 6.2918 ± 0.1844
INFO:kbc-cli.py:Epoch 99/100	Loss 6.2886 ± 0.1739
INFO:kbc-cli.py:Epoch 99/100	dev results	MRR 0.805074	H@1 0.690955	H@3 0.904523	H@5 0.969849	H@10 0.997487	H@20 1.000000	H@50 1.000000	H@100 1.000000
INFO:kbc-cli.py:Epoch 99/100	test results	MRR 0.796515	H@1 0.679104	H@3 0.893035	H@5 0.967662	H@10 0.997512	H@20 1.000000	H@50 1.000000	H@100 1.000000
INFO:kbc-cli.py:Epoch 100/100	Loss 6.2868 ± 0.1698
INFO:kbc-cli.py:Final 	dev results	MRR 0.804990	H@1 0.690955	H@3 0.907035	H@5 0.969849	H@10 0.997487	H@20 1.000000	H@50 1.000000	H@100 1.000000
INFO:kbc-cli.py:Final 	test results	MRR 0.798297	H@1 0.681592	H@3 0.893035	H@5 0.967662	H@10 0.997512	H@20 1.000000	H@50 1.000000	H@100 1.000000
INFO:kbc-cli.py:Training finished
