./bin/kbc-cli.py --train data/umls/train.tsv --dev data/umls/dev.tsv --test data/umls/test.tsv -m complex -k 500 -b 50 -e 100 --F2 0 --N3 0.5 -l 0.1 -I standard -V 3 -o adagrad -c spo -q
{'F2': 0.0,
 'N3': 0.5,
 'batch_size': 50,
 'corruption': 'spo',
 'dev': 'data/umls/dev.tsv',
 'embedding_size': 500,
 'epochs': 100,
 'eval_batch_size': None,
 'input_type': 'standard',
 'learning_rate': 0.1,
 'load': None,
 'model': 'complex',
 'optimizer': 'adagrad',
 'quiet': True,
 'save': None,
 'seed': 0,
 'test': 'data/umls/test.tsv',
 'test_i': None,
 'test_ii': None,
 'train': 'data/umls/train.tsv',
 'validate_every': 3}
INFO:kbc-cli.py:Device: cuda
INFO:kbc-cli.py:Model state:
INFO:kbc-cli.py:	entities.weight	torch.Size([135, 1000])
INFO:kbc-cli.py:	predicates.weight	torch.Size([46, 1000])
INFO:kbc-cli.py:Epoch 1/100	Loss 14.2856 ± 1.1885
INFO:kbc-cli.py:Epoch 2/100	Loss 13.5130 ± 0.5941
INFO:kbc-cli.py:Epoch 3/100	Loss 13.3586 ± 0.4341
INFO:kbc-cli.py:Epoch 3/100	dev results	MRR 0.538182	H@1 0.395706	H@3 0.598160	H@5 0.705521	H@10 0.837423	H@20 0.901074	H@50 0.963957	H@100 0.989264
INFO:kbc-cli.py:Epoch 3/100	test results	MRR 0.537396	H@1 0.404690	H@3 0.591528	H@5 0.689107	H@10 0.815431	H@20 0.880484	H@50 0.958396	H@100 0.993192
INFO:kbc-cli.py:Epoch 4/100	Loss 13.3043 ± 0.3892
INFO:kbc-cli.py:Epoch 5/100	Loss 13.2664 ± 0.3470
INFO:kbc-cli.py:Epoch 6/100	Loss 13.2447 ± 0.2991
INFO:kbc-cli.py:Epoch 6/100	dev results	MRR 0.549825	H@1 0.401840	H@3 0.641104	H@5 0.736196	H@10 0.838190	H@20 0.894172	H@50 0.958589	H@100 0.986963
INFO:kbc-cli.py:Epoch 6/100	test results	MRR 0.548129	H@1 0.406959	H@3 0.628593	H@5 0.723903	H@10 0.831316	H@20 0.885779	H@50 0.955371	H@100 0.993949
INFO:kbc-cli.py:Epoch 7/100	Loss 13.2259 ± 0.2630
INFO:kbc-cli.py:Epoch 8/100	Loss 13.2145 ± 0.2306
INFO:kbc-cli.py:Epoch 9/100	Loss 13.2132 ± 0.2705
INFO:kbc-cli.py:Epoch 9/100	dev results	MRR 0.574213	H@1 0.436350	H@3 0.641871	H@5 0.744632	H@10 0.842791	H@20 0.904908	H@50 0.958589	H@100 0.992331
INFO:kbc-cli.py:Epoch 9/100	test results	MRR 0.569089	H@1 0.430408	H@3 0.642209	H@5 0.731467	H@10 0.835098	H@20 0.890318	H@50 0.954614	H@100 0.993192
INFO:kbc-cli.py:Epoch 10/100	Loss 13.1956 ± 0.2110
INFO:kbc-cli.py:Epoch 11/100	Loss 13.1854 ± 0.2033
INFO:kbc-cli.py:Epoch 12/100	Loss 13.1829 ± 0.2081
INFO:kbc-cli.py:Epoch 12/100	dev results	MRR 0.583533	H@1 0.443252	H@3 0.658742	H@5 0.748466	H@10 0.853528	H@20 0.901074	H@50 0.960123	H@100 0.990031
INFO:kbc-cli.py:Epoch 12/100	test results	MRR 0.575048	H@1 0.437973	H@3 0.642965	H@5 0.735250	H@10 0.844175	H@20 0.891074	H@50 0.953858	H@100 0.993192
INFO:kbc-cli.py:Epoch 13/100	Loss 13.1770 ± 0.1926
INFO:kbc-cli.py:Epoch 14/100	Loss 13.1768 ± 0.1779
INFO:kbc-cli.py:Epoch 15/100	Loss 13.1697 ± 0.1965
INFO:kbc-cli.py:Epoch 15/100	dev results	MRR 0.578126	H@1 0.437117	H@3 0.649540	H@5 0.742331	H@10 0.854294	H@20 0.908742	H@50 0.958589	H@100 0.990798
INFO:kbc-cli.py:Epoch 15/100	test results	MRR 0.572552	H@1 0.430408	H@3 0.646747	H@5 0.730711	H@10 0.843419	H@20 0.895613	H@50 0.955371	H@100 0.991679
INFO:kbc-cli.py:Epoch 16/100	Loss 13.1683 ± 0.1801
INFO:kbc-cli.py:Epoch 17/100	Loss 13.1621 ± 0.1895
INFO:kbc-cli.py:Epoch 18/100	Loss 13.1587 ± 0.1790
INFO:kbc-cli.py:Epoch 18/100	dev results	MRR 0.580290	H@1 0.444018	H@3 0.643405	H@5 0.744632	H@10 0.852761	H@20 0.912577	H@50 0.961656	H@100 0.990798
INFO:kbc-cli.py:Epoch 18/100	test results	MRR 0.569480	H@1 0.427383	H@3 0.636157	H@5 0.746596	H@10 0.848714	H@20 0.896369	H@50 0.951589	H@100 0.993192
INFO:kbc-cli.py:Epoch 19/100	Loss 13.1589 ± 0.1774
INFO:kbc-cli.py:Epoch 20/100	Loss 13.1602 ± 0.1832
INFO:kbc-cli.py:Epoch 21/100	Loss 13.1547 ± 0.1687
INFO:kbc-cli.py:Epoch 21/100	dev results	MRR 0.590394	H@1 0.453221	H@3 0.659509	H@5 0.759202	H@10 0.858129	H@20 0.906442	H@50 0.959356	H@100 0.990798
INFO:kbc-cli.py:Epoch 21/100	test results	MRR 0.590131	H@1 0.454614	H@3 0.661120	H@5 0.746596	H@10 0.844932	H@20 0.897126	H@50 0.953101	H@100 0.991679
INFO:kbc-cli.py:Epoch 22/100	Loss 13.1545 ± 0.1700
INFO:kbc-cli.py:Epoch 23/100	Loss 13.1543 ± 0.1783
INFO:kbc-cli.py:Epoch 24/100	Loss 13.1525 ± 0.1512
INFO:kbc-cli.py:Epoch 24/100	dev results	MRR 0.602004	H@1 0.470092	H@3 0.666411	H@5 0.772239	H@10 0.859663	H@20 0.906442	H@50 0.959356	H@100 0.990031
INFO:kbc-cli.py:Epoch 24/100	test results	MRR 0.592963	H@1 0.462179	H@3 0.656581	H@5 0.757186	H@10 0.847958	H@20 0.894856	H@50 0.955371	H@100 0.992436
INFO:kbc-cli.py:Epoch 25/100	Loss 13.1512 ± 0.1624
INFO:kbc-cli.py:Epoch 26/100	Loss 13.1517 ± 0.1592
INFO:kbc-cli.py:Epoch 27/100	Loss 13.1513 ± 0.1722
INFO:kbc-cli.py:Epoch 27/100	dev results	MRR 0.585171	H@1 0.441718	H@3 0.661043	H@5 0.765337	H@10 0.859663	H@20 0.913344	H@50 0.958589	H@100 0.993865
INFO:kbc-cli.py:Epoch 27/100	test results	MRR 0.585213	H@1 0.446293	H@3 0.651286	H@5 0.756430	H@10 0.845688	H@20 0.898638	H@50 0.956127	H@100 0.993949
INFO:kbc-cli.py:Epoch 28/100	Loss 13.1465 ± 0.1523
INFO:kbc-cli.py:Epoch 29/100	Loss 13.1486 ± 0.1548
INFO:kbc-cli.py:Epoch 30/100	Loss 13.1438 ± 0.1652
INFO:kbc-cli.py:Epoch 30/100	dev results	MRR 0.594388	H@1 0.455521	H@3 0.664110	H@5 0.766871	H@10 0.861196	H@20 0.911810	H@50 0.956288	H@100 0.990031
INFO:kbc-cli.py:Epoch 30/100	test results	MRR 0.583950	H@1 0.439486	H@3 0.663389	H@5 0.748109	H@10 0.846445	H@20 0.897126	H@50 0.955371	H@100 0.990923
INFO:kbc-cli.py:Epoch 31/100	Loss 13.1431 ± 0.1561
INFO:kbc-cli.py:Epoch 32/100	Loss 13.1436 ± 0.1761
INFO:kbc-cli.py:Epoch 33/100	Loss 13.1435 ± 0.1428
INFO:kbc-cli.py:Epoch 33/100	dev results	MRR 0.597483	H@1 0.457822	H@3 0.669479	H@5 0.767638	H@10 0.866564	H@20 0.911810	H@50 0.959356	H@100 0.990798
INFO:kbc-cli.py:Epoch 33/100	test results	MRR 0.592302	H@1 0.459153	H@3 0.656581	H@5 0.751135	H@10 0.855522	H@20 0.897126	H@50 0.953101	H@100 0.993192
INFO:kbc-cli.py:Epoch 34/100	Loss 13.1443 ± 0.1685
INFO:kbc-cli.py:Epoch 35/100	Loss 13.1417 ± 0.1564
INFO:kbc-cli.py:Epoch 36/100	Loss 13.1420 ± 0.1653
INFO:kbc-cli.py:Epoch 36/100	dev results	MRR 0.595035	H@1 0.460123	H@3 0.658742	H@5 0.766871	H@10 0.861196	H@20 0.913344	H@50 0.958589	H@100 0.990798
INFO:kbc-cli.py:Epoch 36/100	test results	MRR 0.585774	H@1 0.453101	H@3 0.648260	H@5 0.737519	H@10 0.850227	H@20 0.897126	H@50 0.953101	H@100 0.993192
INFO:kbc-cli.py:Epoch 37/100	Loss 13.1399 ± 0.1777
INFO:kbc-cli.py:Epoch 38/100	Loss 13.1371 ± 0.1834
INFO:kbc-cli.py:Epoch 39/100	Loss 13.1389 ± 0.1591
INFO:kbc-cli.py:Epoch 39/100	dev results	MRR 0.596200	H@1 0.463957	H@3 0.658742	H@5 0.759202	H@10 0.863497	H@20 0.909509	H@50 0.958589	H@100 0.990798
INFO:kbc-cli.py:Epoch 39/100	test results	MRR 0.603027	H@1 0.474281	H@3 0.667927	H@5 0.751135	H@10 0.854009	H@20 0.896369	H@50 0.953101	H@100 0.992436
INFO:kbc-cli.py:Epoch 40/100	Loss 13.1414 ± 0.1589
INFO:kbc-cli.py:Epoch 41/100	Loss 13.1379 ± 0.1407
INFO:kbc-cli.py:Epoch 42/100	Loss 13.1359 ± 0.1773
INFO:kbc-cli.py:Epoch 42/100	dev results	MRR 0.602364	H@1 0.463957	H@3 0.678681	H@5 0.768405	H@10 0.858896	H@20 0.906442	H@50 0.956288	H@100 0.991564
INFO:kbc-cli.py:Epoch 42/100	test results	MRR 0.594664	H@1 0.455371	H@3 0.667927	H@5 0.758699	H@10 0.852496	H@20 0.894856	H@50 0.953858	H@100 0.992436
INFO:kbc-cli.py:Epoch 43/100	Loss 13.1347 ± 0.1535
INFO:kbc-cli.py:Epoch 44/100	Loss 13.1377 ± 0.1502
INFO:kbc-cli.py:Epoch 45/100	Loss 13.1378 ± 0.1732
INFO:kbc-cli.py:Epoch 45/100	dev results	MRR 0.606190	H@1 0.471626	H@3 0.675613	H@5 0.768405	H@10 0.864264	H@20 0.909509	H@50 0.957822	H@100 0.991564
INFO:kbc-cli.py:Epoch 45/100	test results	MRR 0.602588	H@1 0.468986	H@3 0.673979	H@5 0.768533	H@10 0.854009	H@20 0.897126	H@50 0.953858	H@100 0.992436
INFO:kbc-cli.py:Epoch 46/100	Loss 13.1358 ± 0.1324
INFO:kbc-cli.py:Epoch 47/100	Loss 13.1360 ± 0.1715
INFO:kbc-cli.py:Epoch 48/100	Loss 13.1343 ± 0.1643
INFO:kbc-cli.py:Epoch 48/100	dev results	MRR 0.609441	H@1 0.483129	H@3 0.665644	H@5 0.766104	H@10 0.865798	H@20 0.910276	H@50 0.958589	H@100 0.990798
INFO:kbc-cli.py:Epoch 48/100	test results	MRR 0.605442	H@1 0.476551	H@3 0.673222	H@5 0.760212	H@10 0.854766	H@20 0.899395	H@50 0.953101	H@100 0.993192
INFO:kbc-cli.py:Epoch 49/100	Loss 13.1355 ± 0.1476
INFO:kbc-cli.py:Epoch 50/100	Loss 13.1316 ± 0.1586
INFO:kbc-cli.py:Epoch 51/100	Loss 13.1309 ± 0.1531
INFO:kbc-cli.py:Epoch 51/100	dev results	MRR 0.600606	H@1 0.462423	H@3 0.680215	H@5 0.759202	H@10 0.868098	H@20 0.912577	H@50 0.958589	H@100 0.991564
INFO:kbc-cli.py:Epoch 51/100	test results	MRR 0.602545	H@1 0.470499	H@3 0.674735	H@5 0.766263	H@10 0.857035	H@20 0.899395	H@50 0.951589	H@100 0.993949
INFO:kbc-cli.py:Epoch 52/100	Loss 13.1315 ± 0.1486
INFO:kbc-cli.py:Epoch 53/100	Loss 13.1392 ± 0.1667
INFO:kbc-cli.py:Epoch 54/100	Loss 13.1308 ± 0.1557
INFO:kbc-cli.py:Epoch 54/100	dev results	MRR 0.603196	H@1 0.467791	H@3 0.670245	H@5 0.769172	H@10 0.865798	H@20 0.911043	H@50 0.957822	H@100 0.991564
INFO:kbc-cli.py:Epoch 54/100	test results	MRR 0.597276	H@1 0.466717	H@3 0.657337	H@5 0.751891	H@10 0.857035	H@20 0.897882	H@50 0.952345	H@100 0.993192
INFO:kbc-cli.py:Epoch 55/100	Loss 13.1298 ± 0.1494
INFO:kbc-cli.py:Epoch 56/100	Loss 13.1305 ± 0.1637
INFO:kbc-cli.py:Epoch 57/100	Loss 13.1337 ± 0.1806
INFO:kbc-cli.py:Epoch 57/100	dev results	MRR 0.597898	H@1 0.462423	H@3 0.664877	H@5 0.763804	H@10 0.865031	H@20 0.911810	H@50 0.958589	H@100 0.990798
INFO:kbc-cli.py:Epoch 57/100	test results	MRR 0.605072	H@1 0.479576	H@3 0.665658	H@5 0.757943	H@10 0.859304	H@20 0.897126	H@50 0.953101	H@100 0.993949
INFO:kbc-cli.py:Epoch 58/100	Loss 13.1335 ± 0.1222
INFO:kbc-cli.py:Epoch 59/100	Loss 13.1297 ± 0.1644
INFO:kbc-cli.py:Epoch 60/100	Loss 13.1302 ± 0.1447
INFO:kbc-cli.py:Epoch 60/100	dev results	MRR 0.603377	H@1 0.468558	H@3 0.668712	H@5 0.767638	H@10 0.870399	H@20 0.912577	H@50 0.959356	H@100 0.991564
INFO:kbc-cli.py:Epoch 60/100	test results	MRR 0.603594	H@1 0.468986	H@3 0.677761	H@5 0.765507	H@10 0.851740	H@20 0.897126	H@50 0.953858	H@100 0.993949
INFO:kbc-cli.py:Epoch 61/100	Loss 13.1293 ± 0.1378
INFO:kbc-cli.py:Epoch 62/100	Loss 13.1315 ± 0.1488
INFO:kbc-cli.py:Epoch 63/100	Loss 13.1327 ± 0.1703
INFO:kbc-cli.py:Epoch 63/100	dev results	MRR 0.606234	H@1 0.473926	H@3 0.668712	H@5 0.766871	H@10 0.871933	H@20 0.913344	H@50 0.958589	H@100 0.990798
INFO:kbc-cli.py:Epoch 63/100	test results	MRR 0.608321	H@1 0.481846	H@3 0.665658	H@5 0.755673	H@10 0.855522	H@20 0.897126	H@50 0.952345	H@100 0.993949
INFO:kbc-cli.py:Epoch 64/100	Loss 13.1282 ± 0.1682
INFO:kbc-cli.py:Epoch 65/100	Loss 13.1293 ± 0.1555
INFO:kbc-cli.py:Epoch 66/100	Loss 13.1308 ± 0.1560
INFO:kbc-cli.py:Epoch 66/100	dev results	MRR 0.599041	H@1 0.462423	H@3 0.665644	H@5 0.767638	H@10 0.865798	H@20 0.912577	H@50 0.960123	H@100 0.990798
INFO:kbc-cli.py:Epoch 66/100	test results	MRR 0.597212	H@1 0.462935	H@3 0.665658	H@5 0.760968	H@10 0.855522	H@20 0.897882	H@50 0.953101	H@100 0.993949
INFO:kbc-cli.py:Epoch 67/100	Loss 13.1282 ± 0.1381
INFO:kbc-cli.py:Epoch 68/100	Loss 13.1327 ± 0.1601
INFO:kbc-cli.py:Epoch 69/100	Loss 13.1290 ± 0.1458
INFO:kbc-cli.py:Epoch 69/100	dev results	MRR 0.605575	H@1 0.473160	H@3 0.671779	H@5 0.766104	H@10 0.860429	H@20 0.909509	H@50 0.960123	H@100 0.991564
INFO:kbc-cli.py:Epoch 69/100	test results	MRR 0.600763	H@1 0.468986	H@3 0.664145	H@5 0.752648	H@10 0.852496	H@20 0.897882	H@50 0.955371	H@100 0.993949
INFO:kbc-cli.py:Epoch 70/100	Loss 13.1297 ± 0.1504
INFO:kbc-cli.py:Epoch 71/100	Loss 13.1299 ± 0.1686
INFO:kbc-cli.py:Epoch 72/100	Loss 13.1294 ± 0.1623
INFO:kbc-cli.py:Epoch 72/100	dev results	MRR 0.607348	H@1 0.474693	H@3 0.670245	H@5 0.773773	H@10 0.869632	H@20 0.913344	H@50 0.959356	H@100 0.991564
INFO:kbc-cli.py:Epoch 72/100	test results	MRR 0.599435	H@1 0.463691	H@3 0.673979	H@5 0.763994	H@10 0.858548	H@20 0.898638	H@50 0.953858	H@100 0.993949
INFO:kbc-cli.py:Epoch 73/100	Loss 13.1309 ± 0.1538
INFO:kbc-cli.py:Epoch 74/100	Loss 13.1264 ± 0.1612
INFO:kbc-cli.py:Epoch 75/100	Loss 13.1274 ± 0.1556
INFO:kbc-cli.py:Epoch 75/100	dev results	MRR 0.607151	H@1 0.476227	H@3 0.667178	H@5 0.769939	H@10 0.868098	H@20 0.909509	H@50 0.959356	H@100 0.991564
INFO:kbc-cli.py:Epoch 75/100	test results	MRR 0.601349	H@1 0.473525	H@3 0.663389	H@5 0.754160	H@10 0.856278	H@20 0.897126	H@50 0.952345	H@100 0.993949
INFO:kbc-cli.py:Epoch 76/100	Loss 13.1272 ± 0.1516
INFO:kbc-cli.py:Epoch 77/100	Loss 13.1255 ± 0.1255
INFO:kbc-cli.py:Epoch 78/100	Loss 13.1270 ± 0.1553
INFO:kbc-cli.py:Epoch 78/100	dev results	MRR 0.620722	H@1 0.492331	H@3 0.684816	H@5 0.776074	H@10 0.875000	H@20 0.911810	H@50 0.959356	H@100 0.990798
INFO:kbc-cli.py:Epoch 78/100	test results	MRR 0.608186	H@1 0.478064	H@3 0.673222	H@5 0.770802	H@10 0.858548	H@20 0.899395	H@50 0.951589	H@100 0.993949
INFO:kbc-cli.py:Epoch 79/100	Loss 13.1312 ± 0.1687
INFO:kbc-cli.py:Epoch 80/100	Loss 13.1258 ± 0.1478
INFO:kbc-cli.py:Epoch 81/100	Loss 13.1242 ± 0.1525
INFO:kbc-cli.py:Epoch 81/100	dev results	MRR 0.610467	H@1 0.478528	H@3 0.682515	H@5 0.777607	H@10 0.867331	H@20 0.911043	H@50 0.957822	H@100 0.990031
INFO:kbc-cli.py:Epoch 81/100	test results	MRR 0.606670	H@1 0.476551	H@3 0.671710	H@5 0.760212	H@10 0.855522	H@20 0.896369	H@50 0.953101	H@100 0.993949
INFO:kbc-cli.py:Epoch 82/100	Loss 13.1244 ± 0.1674
INFO:kbc-cli.py:Epoch 83/100	Loss 13.1244 ± 0.1440
INFO:kbc-cli.py:Epoch 84/100	Loss 13.1281 ± 0.1550
INFO:kbc-cli.py:Epoch 84/100	dev results	MRR 0.614540	H@1 0.480061	H@3 0.686350	H@5 0.786043	H@10 0.867331	H@20 0.911810	H@50 0.960123	H@100 0.990798
INFO:kbc-cli.py:Epoch 84/100	test results	MRR 0.605041	H@1 0.475038	H@3 0.668684	H@5 0.762481	H@10 0.858548	H@20 0.898638	H@50 0.950832	H@100 0.993949
INFO:kbc-cli.py:Epoch 85/100	Loss 13.1237 ± 0.1709
INFO:kbc-cli.py:Epoch 86/100	Loss 13.1247 ± 0.1388
INFO:kbc-cli.py:Epoch 87/100	Loss 13.1248 ± 0.1423
INFO:kbc-cli.py:Epoch 87/100	dev results	MRR 0.609878	H@1 0.477761	H@3 0.673313	H@5 0.769939	H@10 0.868098	H@20 0.910276	H@50 0.960123	H@100 0.990798
INFO:kbc-cli.py:Epoch 87/100	test results	MRR 0.608424	H@1 0.480333	H@3 0.666415	H@5 0.763994	H@10 0.857035	H@20 0.897882	H@50 0.953858	H@100 0.993949
INFO:kbc-cli.py:Epoch 88/100	Loss 13.1235 ± 0.1490
INFO:kbc-cli.py:Epoch 89/100	Loss 13.1296 ± 0.1742
INFO:kbc-cli.py:Epoch 90/100	Loss 13.1248 ± 0.1566
INFO:kbc-cli.py:Epoch 90/100	dev results	MRR 0.614943	H@1 0.486963	H@3 0.676380	H@5 0.775307	H@10 0.872699	H@20 0.911810	H@50 0.958589	H@100 0.990798
INFO:kbc-cli.py:Epoch 90/100	test results	MRR 0.608657	H@1 0.479576	H@3 0.670953	H@5 0.763994	H@10 0.859304	H@20 0.898638	H@50 0.952345	H@100 0.993949
INFO:kbc-cli.py:Epoch 91/100	Loss 13.1252 ± 0.1463
INFO:kbc-cli.py:Epoch 92/100	Loss 13.1251 ± 0.1263
INFO:kbc-cli.py:Epoch 93/100	Loss 13.1222 ± 0.1597
INFO:kbc-cli.py:Epoch 93/100	dev results	MRR 0.612873	H@1 0.481595	H@3 0.680215	H@5 0.769172	H@10 0.872699	H@20 0.910276	H@50 0.960123	H@100 0.990798
INFO:kbc-cli.py:Epoch 93/100	test results	MRR 0.611160	H@1 0.481846	H@3 0.670953	H@5 0.766263	H@10 0.862330	H@20 0.897882	H@50 0.951589	H@100 0.993949
INFO:kbc-cli.py:Epoch 94/100	Loss 13.1257 ± 0.1652
INFO:kbc-cli.py:Epoch 95/100	Loss 13.1265 ± 0.1532
INFO:kbc-cli.py:Epoch 96/100	Loss 13.1250 ± 0.1369
INFO:kbc-cli.py:Epoch 96/100	dev results	MRR 0.612799	H@1 0.482362	H@3 0.677914	H@5 0.769939	H@10 0.869632	H@20 0.912577	H@50 0.958589	H@100 0.991564
INFO:kbc-cli.py:Epoch 96/100	test results	MRR 0.606874	H@1 0.475794	H@3 0.671710	H@5 0.770045	H@10 0.860817	H@20 0.901664	H@50 0.953858	H@100 0.993949
INFO:kbc-cli.py:Epoch 97/100	Loss 13.1231 ± 0.1642
INFO:kbc-cli.py:Epoch 98/100	Loss 13.1227 ± 0.1380
INFO:kbc-cli.py:Epoch 99/100	Loss 13.1264 ± 0.1425
INFO:kbc-cli.py:Epoch 99/100	dev results	MRR 0.616140	H@1 0.484663	H@3 0.680215	H@5 0.776840	H@10 0.870399	H@20 0.912577	H@50 0.958589	H@100 0.990798
INFO:kbc-cli.py:Epoch 99/100	test results	MRR 0.613438	H@1 0.485628	H@3 0.679274	H@5 0.763994	H@10 0.859304	H@20 0.897126	H@50 0.953858	H@100 0.993949
INFO:kbc-cli.py:Epoch 100/100	Loss 13.1215 ± 0.1359
INFO:kbc-cli.py:Final 	dev results	MRR 0.614440	H@1 0.483129	H@3 0.674847	H@5 0.772239	H@10 0.871933	H@20 0.911810	H@50 0.957822	H@100 0.990798
INFO:kbc-cli.py:Final 	test results	MRR 0.607875	H@1 0.478064	H@3 0.670197	H@5 0.760968	H@10 0.857035	H@20 0.898638	H@50 0.953858	H@100 0.993949
INFO:kbc-cli.py:Training finished
