./bin/kbc-cli.py --train data/nations/train.tsv --dev data/nations/dev.tsv --test data/nations/test.tsv -m complex -k 500 -b 500 -e 100 --F2 0 --N3 0.0001 -l 0.1 -I reciprocal -V 3 -o adagrad -c spo -q
{'F2': 0.0,
 'N3': 0.0001,
 'batch_size': 500,
 'corruption': 'spo',
 'dev': 'data/nations/dev.tsv',
 'embedding_size': 500,
 'epochs': 100,
 'eval_batch_size': None,
 'input_type': 'reciprocal',
 'learning_rate': 0.1,
 'load': None,
 'model': 'complex',
 'optimizer': 'adagrad',
 'quiet': True,
 'save': None,
 'seed': 0,
 'test': 'data/nations/test.tsv',
 'test_i': None,
 'test_ii': None,
 'train': 'data/nations/train.tsv',
 'validate_every': 3}
INFO:kbc-cli.py:Device: cuda
INFO:kbc-cli.py:Model state:
INFO:kbc-cli.py:	entities.weight	torch.Size([14, 1000])
INFO:kbc-cli.py:	predicates.weight	torch.Size([110, 1000])
INFO:kbc-cli.py:Epoch 1/100	Loss 10.0735 ± 0.1269
INFO:kbc-cli.py:Epoch 2/100	Loss 8.7457 ± 0.1127
INFO:kbc-cli.py:Epoch 3/100	Loss 7.8609 ± 0.2914
INFO:kbc-cli.py:Epoch 3/100	dev results	MRR 0.774304	H@1 0.640704	H@3 0.886935	H@5 0.972362	H@10 1.000000	H@20 1.000000	H@50 1.000000	H@100 1.000000
INFO:kbc-cli.py:Epoch 3/100	test results	MRR 0.790882	H@1 0.664179	H@3 0.898010	H@5 0.957711	H@10 0.997512	H@20 1.000000	H@50 1.000000	H@100 1.000000
INFO:kbc-cli.py:Epoch 4/100	Loss 7.5016 ± 0.2794
INFO:kbc-cli.py:Epoch 5/100	Loss 7.2795 ± 0.3097
INFO:kbc-cli.py:Epoch 6/100	Loss 7.1425 ± 0.3181
INFO:kbc-cli.py:Epoch 6/100	dev results	MRR 0.796879	H@1 0.670854	H@3 0.919598	H@5 0.964824	H@10 1.000000	H@20 1.000000	H@50 1.000000	H@100 1.000000
INFO:kbc-cli.py:Epoch 6/100	test results	MRR 0.817384	H@1 0.711443	H@3 0.905473	H@5 0.962687	H@10 0.995025	H@20 1.000000	H@50 1.000000	H@100 1.000000
INFO:kbc-cli.py:Epoch 7/100	Loss 7.0437 ± 0.2570
INFO:kbc-cli.py:Epoch 8/100	Loss 6.9766 ± 0.2949
INFO:kbc-cli.py:Epoch 9/100	Loss 6.9143 ± 0.2937
INFO:kbc-cli.py:Epoch 9/100	dev results	MRR 0.810093	H@1 0.695980	H@3 0.914573	H@5 0.969849	H@10 1.000000	H@20 1.000000	H@50 1.000000	H@100 1.000000
INFO:kbc-cli.py:Epoch 9/100	test results	MRR 0.810562	H@1 0.694030	H@3 0.907960	H@5 0.965174	H@10 0.995025	H@20 1.000000	H@50 1.000000	H@100 1.000000
INFO:kbc-cli.py:Epoch 10/100	Loss 6.8696 ± 0.3036
INFO:kbc-cli.py:Epoch 11/100	Loss 6.8199 ± 0.2407
INFO:kbc-cli.py:Epoch 12/100	Loss 6.7864 ± 0.2669
INFO:kbc-cli.py:Epoch 12/100	dev results	MRR 0.800135	H@1 0.663317	H@3 0.922111	H@5 0.979899	H@10 1.000000	H@20 1.000000	H@50 1.000000	H@100 1.000000
INFO:kbc-cli.py:Epoch 12/100	test results	MRR 0.812048	H@1 0.696517	H@3 0.922886	H@5 0.960199	H@10 0.995025	H@20 1.000000	H@50 1.000000	H@100 1.000000
INFO:kbc-cli.py:Epoch 13/100	Loss 6.7511 ± 0.2027
INFO:kbc-cli.py:Epoch 14/100	Loss 6.7408 ± 0.2627
INFO:kbc-cli.py:Epoch 15/100	Loss 6.7078 ± 0.2481
INFO:kbc-cli.py:Epoch 15/100	dev results	MRR 0.810759	H@1 0.688442	H@3 0.919598	H@5 0.979899	H@10 1.000000	H@20 1.000000	H@50 1.000000	H@100 1.000000
INFO:kbc-cli.py:Epoch 15/100	test results	MRR 0.821683	H@1 0.713930	H@3 0.917910	H@5 0.962687	H@10 0.995025	H@20 1.000000	H@50 1.000000	H@100 1.000000
INFO:kbc-cli.py:Epoch 16/100	Loss 6.7014 ± 0.2573
INFO:kbc-cli.py:Epoch 17/100	Loss 6.6718 ± 0.2582
INFO:kbc-cli.py:Epoch 18/100	Loss 6.6365 ± 0.2032
INFO:kbc-cli.py:Epoch 18/100	dev results	MRR 0.824800	H@1 0.713568	H@3 0.919598	H@5 0.979899	H@10 1.000000	H@20 1.000000	H@50 1.000000	H@100 1.000000
INFO:kbc-cli.py:Epoch 18/100	test results	MRR 0.817665	H@1 0.703980	H@3 0.922886	H@5 0.960199	H@10 0.995025	H@20 1.000000	H@50 1.000000	H@100 1.000000
INFO:kbc-cli.py:Epoch 19/100	Loss 6.6293 ± 0.1763
INFO:kbc-cli.py:Epoch 20/100	Loss 6.6251 ± 0.2495
INFO:kbc-cli.py:Epoch 21/100	Loss 6.6154 ± 0.2263
INFO:kbc-cli.py:Epoch 21/100	dev results	MRR 0.808754	H@1 0.683417	H@3 0.917085	H@5 0.982412	H@10 1.000000	H@20 1.000000	H@50 1.000000	H@100 1.000000
INFO:kbc-cli.py:Epoch 21/100	test results	MRR 0.804765	H@1 0.681592	H@3 0.915423	H@5 0.960199	H@10 0.995025	H@20 1.000000	H@50 1.000000	H@100 1.000000
INFO:kbc-cli.py:Epoch 22/100	Loss 6.5885 ± 0.1798
INFO:kbc-cli.py:Epoch 23/100	Loss 6.5755 ± 0.2064
INFO:kbc-cli.py:Epoch 24/100	Loss 6.5764 ± 0.1897
INFO:kbc-cli.py:Epoch 24/100	dev results	MRR 0.813992	H@1 0.693467	H@3 0.917085	H@5 0.979899	H@10 1.000000	H@20 1.000000	H@50 1.000000	H@100 1.000000
INFO:kbc-cli.py:Epoch 24/100	test results	MRR 0.816003	H@1 0.696517	H@3 0.922886	H@5 0.960199	H@10 0.995025	H@20 1.000000	H@50 1.000000	H@100 1.000000
INFO:kbc-cli.py:Epoch 25/100	Loss 6.5509 ± 0.1697
INFO:kbc-cli.py:Epoch 26/100	Loss 6.5387 ± 0.1467
INFO:kbc-cli.py:Epoch 27/100	Loss 6.5556 ± 0.2224
INFO:kbc-cli.py:Epoch 27/100	dev results	MRR 0.816108	H@1 0.695980	H@3 0.917085	H@5 0.977387	H@10 1.000000	H@20 1.000000	H@50 1.000000	H@100 1.000000
INFO:kbc-cli.py:Epoch 27/100	test results	MRR 0.811325	H@1 0.691542	H@3 0.920398	H@5 0.962687	H@10 0.995025	H@20 1.000000	H@50 1.000000	H@100 1.000000
INFO:kbc-cli.py:Epoch 28/100	Loss 6.5220 ± 0.1389
INFO:kbc-cli.py:Epoch 29/100	Loss 6.5261 ± 0.1733
INFO:kbc-cli.py:Epoch 30/100	Loss 6.5151 ± 0.1668
INFO:kbc-cli.py:Epoch 30/100	dev results	MRR 0.816183	H@1 0.695980	H@3 0.922111	H@5 0.977387	H@10 1.000000	H@20 1.000000	H@50 1.000000	H@100 1.000000
INFO:kbc-cli.py:Epoch 30/100	test results	MRR 0.803501	H@1 0.676617	H@3 0.925373	H@5 0.962687	H@10 0.995025	H@20 1.000000	H@50 1.000000	H@100 1.000000
INFO:kbc-cli.py:Epoch 31/100	Loss 6.5210 ± 0.2127
INFO:kbc-cli.py:Epoch 32/100	Loss 6.4950 ± 0.1455
INFO:kbc-cli.py:Epoch 33/100	Loss 6.5180 ± 0.1969
INFO:kbc-cli.py:Epoch 33/100	dev results	MRR 0.814388	H@1 0.693467	H@3 0.917085	H@5 0.977387	H@10 1.000000	H@20 1.000000	H@50 1.000000	H@100 1.000000
INFO:kbc-cli.py:Epoch 33/100	test results	MRR 0.804001	H@1 0.674129	H@3 0.925373	H@5 0.960199	H@10 0.995025	H@20 1.000000	H@50 1.000000	H@100 1.000000
INFO:kbc-cli.py:Epoch 34/100	Loss 6.4978 ± 0.1966
INFO:kbc-cli.py:Epoch 35/100	Loss 6.4859 ± 0.1556
INFO:kbc-cli.py:Epoch 36/100	Loss 6.4855 ± 0.1742
INFO:kbc-cli.py:Epoch 36/100	dev results	MRR 0.815645	H@1 0.695980	H@3 0.919598	H@5 0.979899	H@10 1.000000	H@20 1.000000	H@50 1.000000	H@100 1.000000
INFO:kbc-cli.py:Epoch 36/100	test results	MRR 0.805438	H@1 0.684080	H@3 0.930348	H@5 0.957711	H@10 0.995025	H@20 1.000000	H@50 1.000000	H@100 1.000000
INFO:kbc-cli.py:Epoch 37/100	Loss 6.4802 ± 0.1788
INFO:kbc-cli.py:Epoch 38/100	Loss 6.4817 ± 0.1982
INFO:kbc-cli.py:Epoch 39/100	Loss 6.4749 ± 0.1972
INFO:kbc-cli.py:Epoch 39/100	dev results	MRR 0.810805	H@1 0.688442	H@3 0.917085	H@5 0.977387	H@10 1.000000	H@20 1.000000	H@50 1.000000	H@100 1.000000
INFO:kbc-cli.py:Epoch 39/100	test results	MRR 0.807816	H@1 0.686567	H@3 0.922886	H@5 0.960199	H@10 0.995025	H@20 1.000000	H@50 1.000000	H@100 1.000000
INFO:kbc-cli.py:Epoch 40/100	Loss 6.4695 ± 0.1790
INFO:kbc-cli.py:Epoch 41/100	Loss 6.4423 ± 0.1314
INFO:kbc-cli.py:Epoch 42/100	Loss 6.4630 ± 0.1809
INFO:kbc-cli.py:Epoch 42/100	dev results	MRR 0.816647	H@1 0.695980	H@3 0.917085	H@5 0.979899	H@10 1.000000	H@20 1.000000	H@50 1.000000	H@100 1.000000
INFO:kbc-cli.py:Epoch 42/100	test results	MRR 0.809823	H@1 0.691542	H@3 0.925373	H@5 0.962687	H@10 0.995025	H@20 1.000000	H@50 1.000000	H@100 1.000000
INFO:kbc-cli.py:Epoch 43/100	Loss 6.4572 ± 0.1856
INFO:kbc-cli.py:Epoch 44/100	Loss 6.4333 ± 0.1252
INFO:kbc-cli.py:Epoch 45/100	Loss 6.4400 ± 0.1677
INFO:kbc-cli.py:Epoch 45/100	dev results	MRR 0.822548	H@1 0.706030	H@3 0.924623	H@5 0.979899	H@10 1.000000	H@20 1.000000	H@50 1.000000	H@100 1.000000
INFO:kbc-cli.py:Epoch 45/100	test results	MRR 0.804632	H@1 0.681592	H@3 0.922886	H@5 0.962687	H@10 0.997512	H@20 1.000000	H@50 1.000000	H@100 1.000000
INFO:kbc-cli.py:Epoch 46/100	Loss 6.4447 ± 0.1418
INFO:kbc-cli.py:Epoch 47/100	Loss 6.4297 ± 0.1170
INFO:kbc-cli.py:Epoch 48/100	Loss 6.4283 ± 0.1180
INFO:kbc-cli.py:Epoch 48/100	dev results	MRR 0.818245	H@1 0.698492	H@3 0.922111	H@5 0.977387	H@10 1.000000	H@20 1.000000	H@50 1.000000	H@100 1.000000
INFO:kbc-cli.py:Epoch 48/100	test results	MRR 0.803844	H@1 0.681592	H@3 0.922886	H@5 0.955224	H@10 0.997512	H@20 1.000000	H@50 1.000000	H@100 1.000000
INFO:kbc-cli.py:Epoch 49/100	Loss 6.4220 ± 0.1607
INFO:kbc-cli.py:Epoch 50/100	Loss 6.4150 ± 0.1493
INFO:kbc-cli.py:Epoch 51/100	Loss 6.4171 ± 0.1273
INFO:kbc-cli.py:Epoch 51/100	dev results	MRR 0.817607	H@1 0.698492	H@3 0.922111	H@5 0.979899	H@10 1.000000	H@20 1.000000	H@50 1.000000	H@100 1.000000
INFO:kbc-cli.py:Epoch 51/100	test results	MRR 0.802056	H@1 0.679104	H@3 0.922886	H@5 0.960199	H@10 0.995025	H@20 1.000000	H@50 1.000000	H@100 1.000000
INFO:kbc-cli.py:Epoch 52/100	Loss 6.4300 ± 0.1723
INFO:kbc-cli.py:Epoch 53/100	Loss 6.4161 ± 0.1737
INFO:kbc-cli.py:Epoch 54/100	Loss 6.4219 ± 0.1935
INFO:kbc-cli.py:Epoch 54/100	dev results	MRR 0.814448	H@1 0.693467	H@3 0.922111	H@5 0.974874	H@10 1.000000	H@20 1.000000	H@50 1.000000	H@100 1.000000
INFO:kbc-cli.py:Epoch 54/100	test results	MRR 0.805604	H@1 0.686567	H@3 0.922886	H@5 0.960199	H@10 0.995025	H@20 1.000000	H@50 1.000000	H@100 1.000000
INFO:kbc-cli.py:Epoch 55/100	Loss 6.4203 ± 0.1829
INFO:kbc-cli.py:Epoch 56/100	Loss 6.4020 ± 0.1423
INFO:kbc-cli.py:Epoch 57/100	Loss 6.4081 ± 0.1142
INFO:kbc-cli.py:Epoch 57/100	dev results	MRR 0.812962	H@1 0.695980	H@3 0.919598	H@5 0.979899	H@10 1.000000	H@20 1.000000	H@50 1.000000	H@100 1.000000
INFO:kbc-cli.py:Epoch 57/100	test results	MRR 0.804994	H@1 0.684080	H@3 0.917910	H@5 0.960199	H@10 0.997512	H@20 1.000000	H@50 1.000000	H@100 1.000000
INFO:kbc-cli.py:Epoch 58/100	Loss 6.3948 ± 0.1111
INFO:kbc-cli.py:Epoch 59/100	Loss 6.3928 ± 0.1119
INFO:kbc-cli.py:Epoch 60/100	Loss 6.3949 ± 0.1281
INFO:kbc-cli.py:Epoch 60/100	dev results	MRR 0.817359	H@1 0.698492	H@3 0.917085	H@5 0.979899	H@10 1.000000	H@20 1.000000	H@50 1.000000	H@100 1.000000
INFO:kbc-cli.py:Epoch 60/100	test results	MRR 0.809278	H@1 0.689055	H@3 0.925373	H@5 0.962687	H@10 0.997512	H@20 1.000000	H@50 1.000000	H@100 1.000000
INFO:kbc-cli.py:Epoch 61/100	Loss 6.4086 ± 0.1702
INFO:kbc-cli.py:Epoch 62/100	Loss 6.4032 ± 0.1724
INFO:kbc-cli.py:Epoch 63/100	Loss 6.3962 ± 0.1405
INFO:kbc-cli.py:Epoch 63/100	dev results	MRR 0.819913	H@1 0.701005	H@3 0.927136	H@5 0.977387	H@10 1.000000	H@20 1.000000	H@50 1.000000	H@100 1.000000
INFO:kbc-cli.py:Epoch 63/100	test results	MRR 0.801541	H@1 0.676617	H@3 0.922886	H@5 0.962687	H@10 0.995025	H@20 1.000000	H@50 1.000000	H@100 1.000000
INFO:kbc-cli.py:Epoch 64/100	Loss 6.4022 ± 0.1935
INFO:kbc-cli.py:Epoch 65/100	Loss 6.3864 ± 0.1744
INFO:kbc-cli.py:Epoch 66/100	Loss 6.3764 ± 0.1260
INFO:kbc-cli.py:Epoch 66/100	dev results	MRR 0.817813	H@1 0.698492	H@3 0.927136	H@5 0.979899	H@10 1.000000	H@20 1.000000	H@50 1.000000	H@100 1.000000
INFO:kbc-cli.py:Epoch 66/100	test results	MRR 0.803201	H@1 0.679104	H@3 0.925373	H@5 0.960199	H@10 0.997512	H@20 1.000000	H@50 1.000000	H@100 1.000000
INFO:kbc-cli.py:Epoch 67/100	Loss 6.3742 ± 0.1228
INFO:kbc-cli.py:Epoch 68/100	Loss 6.3796 ± 0.1660
INFO:kbc-cli.py:Epoch 69/100	Loss 6.3709 ± 0.1452
INFO:kbc-cli.py:Epoch 69/100	dev results	MRR 0.819334	H@1 0.701005	H@3 0.929648	H@5 0.979899	H@10 1.000000	H@20 1.000000	H@50 1.000000	H@100 1.000000
INFO:kbc-cli.py:Epoch 69/100	test results	MRR 0.806601	H@1 0.689055	H@3 0.925373	H@5 0.962687	H@10 0.997512	H@20 1.000000	H@50 1.000000	H@100 1.000000
INFO:kbc-cli.py:Epoch 70/100	Loss 6.3686 ± 0.0787
INFO:kbc-cli.py:Epoch 71/100	Loss 6.3641 ± 0.1106
INFO:kbc-cli.py:Epoch 72/100	Loss 6.3405 ± 0.1686
INFO:kbc-cli.py:Epoch 72/100	dev results	MRR 0.813168	H@1 0.690955	H@3 0.919598	H@5 0.979899	H@10 1.000000	H@20 1.000000	H@50 1.000000	H@100 1.000000
INFO:kbc-cli.py:Epoch 72/100	test results	MRR 0.801419	H@1 0.674129	H@3 0.927861	H@5 0.962687	H@10 0.997512	H@20 1.000000	H@50 1.000000	H@100 1.000000
INFO:kbc-cli.py:Epoch 73/100	Loss 6.3578 ± 0.0913
INFO:kbc-cli.py:Epoch 74/100	Loss 6.3623 ± 0.1156
INFO:kbc-cli.py:Epoch 75/100	Loss 6.3693 ± 0.1562
INFO:kbc-cli.py:Epoch 75/100	dev results	MRR 0.817039	H@1 0.698492	H@3 0.929648	H@5 0.979899	H@10 1.000000	H@20 1.000000	H@50 1.000000	H@100 1.000000
INFO:kbc-cli.py:Epoch 75/100	test results	MRR 0.800897	H@1 0.676617	H@3 0.917910	H@5 0.962687	H@10 0.997512	H@20 1.000000	H@50 1.000000	H@100 1.000000
INFO:kbc-cli.py:Epoch 76/100	Loss 6.3454 ± 0.1156
INFO:kbc-cli.py:Epoch 77/100	Loss 6.3672 ± 0.1453
INFO:kbc-cli.py:Epoch 78/100	Loss 6.3672 ± 0.1624
INFO:kbc-cli.py:Epoch 78/100	dev results	MRR 0.814762	H@1 0.693467	H@3 0.919598	H@5 0.979899	H@10 1.000000	H@20 1.000000	H@50 1.000000	H@100 1.000000
INFO:kbc-cli.py:Epoch 78/100	test results	MRR 0.799543	H@1 0.674129	H@3 0.917910	H@5 0.962687	H@10 0.997512	H@20 1.000000	H@50 1.000000	H@100 1.000000
INFO:kbc-cli.py:Epoch 79/100	Loss 6.3656 ± 0.1168
INFO:kbc-cli.py:Epoch 80/100	Loss 6.3535 ± 0.1210
INFO:kbc-cli.py:Epoch 81/100	Loss 6.3536 ± 0.1046
INFO:kbc-cli.py:Epoch 81/100	dev results	MRR 0.815935	H@1 0.698492	H@3 0.927136	H@5 0.979899	H@10 1.000000	H@20 1.000000	H@50 1.000000	H@100 1.000000
INFO:kbc-cli.py:Epoch 81/100	test results	MRR 0.803713	H@1 0.679104	H@3 0.922886	H@5 0.957711	H@10 0.997512	H@20 1.000000	H@50 1.000000	H@100 1.000000
INFO:kbc-cli.py:Epoch 82/100	Loss 6.3459 ± 0.1155
INFO:kbc-cli.py:Epoch 83/100	Loss 6.3520 ± 0.1156
INFO:kbc-cli.py:Epoch 84/100	Loss 6.3501 ± 0.1369
INFO:kbc-cli.py:Epoch 84/100	dev results	MRR 0.814361	H@1 0.695980	H@3 0.927136	H@5 0.977387	H@10 1.000000	H@20 1.000000	H@50 1.000000	H@100 1.000000
INFO:kbc-cli.py:Epoch 84/100	test results	MRR 0.802966	H@1 0.679104	H@3 0.920398	H@5 0.962687	H@10 0.997512	H@20 1.000000	H@50 1.000000	H@100 1.000000
INFO:kbc-cli.py:Epoch 85/100	Loss 6.3573 ± 0.1753
INFO:kbc-cli.py:Epoch 86/100	Loss 6.3402 ± 0.0897
INFO:kbc-cli.py:Epoch 87/100	Loss 6.3675 ± 0.1877
INFO:kbc-cli.py:Epoch 87/100	dev results	MRR 0.813653	H@1 0.690955	H@3 0.922111	H@5 0.977387	H@10 1.000000	H@20 1.000000	H@50 1.000000	H@100 1.000000
INFO:kbc-cli.py:Epoch 87/100	test results	MRR 0.802387	H@1 0.681592	H@3 0.912935	H@5 0.962687	H@10 0.997512	H@20 1.000000	H@50 1.000000	H@100 1.000000
INFO:kbc-cli.py:Epoch 88/100	Loss 6.3510 ± 0.1339
INFO:kbc-cli.py:Epoch 89/100	Loss 6.3342 ± 0.1270
INFO:kbc-cli.py:Epoch 90/100	Loss 6.3376 ± 0.0911
INFO:kbc-cli.py:Epoch 90/100	dev results	MRR 0.813108	H@1 0.693467	H@3 0.922111	H@5 0.977387	H@10 1.000000	H@20 1.000000	H@50 1.000000	H@100 1.000000
INFO:kbc-cli.py:Epoch 90/100	test results	MRR 0.802531	H@1 0.681592	H@3 0.925373	H@5 0.960199	H@10 0.997512	H@20 1.000000	H@50 1.000000	H@100 1.000000
INFO:kbc-cli.py:Epoch 91/100	Loss 6.3311 ± 0.1075
INFO:kbc-cli.py:Epoch 92/100	Loss 6.3425 ± 0.1240
INFO:kbc-cli.py:Epoch 93/100	Loss 6.3520 ± 0.1780
INFO:kbc-cli.py:Epoch 93/100	dev results	MRR 0.811723	H@1 0.688442	H@3 0.919598	H@5 0.977387	H@10 1.000000	H@20 1.000000	H@50 1.000000	H@100 1.000000
INFO:kbc-cli.py:Epoch 93/100	test results	MRR 0.808913	H@1 0.691542	H@3 0.922886	H@5 0.960199	H@10 0.997512	H@20 1.000000	H@50 1.000000	H@100 1.000000
INFO:kbc-cli.py:Epoch 94/100	Loss 6.3355 ± 0.1366
INFO:kbc-cli.py:Epoch 95/100	Loss 6.3488 ± 0.1593
INFO:kbc-cli.py:Epoch 96/100	Loss 6.3325 ± 0.1609
INFO:kbc-cli.py:Epoch 96/100	dev results	MRR 0.811349	H@1 0.690955	H@3 0.924623	H@5 0.977387	H@10 1.000000	H@20 1.000000	H@50 1.000000	H@100 1.000000
INFO:kbc-cli.py:Epoch 96/100	test results	MRR 0.803240	H@1 0.679104	H@3 0.922886	H@5 0.965174	H@10 0.997512	H@20 1.000000	H@50 1.000000	H@100 1.000000
INFO:kbc-cli.py:Epoch 97/100	Loss 6.3407 ± 0.1307
INFO:kbc-cli.py:Epoch 98/100	Loss 6.3271 ± 0.0950
INFO:kbc-cli.py:Epoch 99/100	Loss 6.3416 ± 0.1467
INFO:kbc-cli.py:Epoch 99/100	dev results	MRR 0.814215	H@1 0.693467	H@3 0.924623	H@5 0.977387	H@10 1.000000	H@20 1.000000	H@50 1.000000	H@100 1.000000
INFO:kbc-cli.py:Epoch 99/100	test results	MRR 0.800462	H@1 0.676617	H@3 0.922886	H@5 0.960199	H@10 0.997512	H@20 1.000000	H@50 1.000000	H@100 1.000000
INFO:kbc-cli.py:Epoch 100/100	Loss 6.3158 ± 0.0786
INFO:kbc-cli.py:Final 	dev results	MRR 0.816016	H@1 0.695980	H@3 0.924623	H@5 0.977387	H@10 1.000000	H@20 1.000000	H@50 1.000000	H@100 1.000000
INFO:kbc-cli.py:Final 	test results	MRR 0.801540	H@1 0.681592	H@3 0.915423	H@5 0.965174	H@10 0.997512	H@20 1.000000	H@50 1.000000	H@100 1.000000
INFO:kbc-cli.py:Training finished
