./bin/kbc-cli.py --train data/umls/train.tsv --dev data/umls/dev.tsv --test data/umls/test.tsv -m complex -k 100 -b 500 -e 100 --F2 0 --N3 0.0001 -l 0.1 -I standard -V 3 -o adagrad -c spo -q
{'F2': 0.0,
 'N3': 0.0001,
 'batch_size': 500,
 'corruption': 'spo',
 'dev': 'data/umls/dev.tsv',
 'embedding_size': 100,
 'epochs': 100,
 'eval_batch_size': None,
 'input_type': 'standard',
 'learning_rate': 0.1,
 'load': None,
 'model': 'complex',
 'optimizer': 'adagrad',
 'quiet': True,
 'save': None,
 'seed': 0,
 'test': 'data/umls/test.tsv',
 'test_i': None,
 'test_ii': None,
 'train': 'data/umls/train.tsv',
 'validate_every': 3}
INFO:kbc-cli.py:Device: cuda
INFO:kbc-cli.py:Model state:
INFO:kbc-cli.py:	entities.weight	torch.Size([135, 200])
INFO:kbc-cli.py:	predicates.weight	torch.Size([46, 200])
INFO:kbc-cli.py:Epoch 1/100	Loss 12.0329 ± 1.7127
INFO:kbc-cli.py:Epoch 2/100	Loss 7.6585 ± 0.1575
INFO:kbc-cli.py:Epoch 3/100	Loss 6.7871 ± 0.1230
INFO:kbc-cli.py:Epoch 3/100	dev results	MRR 0.867999	H@1 0.767638	H@3 0.964724	H@5 0.974693	H@10 0.983129	H@20 0.993098	H@50 0.999233	H@100 1.000000
INFO:kbc-cli.py:Epoch 3/100	test results	MRR 0.855308	H@1 0.735250	H@3 0.972769	H@5 0.983359	H@10 0.993949	H@20 0.996218	H@50 0.996974	H@100 0.999244
INFO:kbc-cli.py:Epoch 4/100	Loss 6.4120 ± 0.1594
INFO:kbc-cli.py:Epoch 5/100	Loss 6.2283 ± 0.1634
INFO:kbc-cli.py:Epoch 6/100	Loss 6.1345 ± 0.1601
INFO:kbc-cli.py:Epoch 6/100	dev results	MRR 0.881303	H@1 0.780675	H@3 0.977761	H@5 0.986196	H@10 0.992331	H@20 0.996933	H@50 1.000000	H@100 1.000000
INFO:kbc-cli.py:Epoch 6/100	test results	MRR 0.857315	H@1 0.730711	H@3 0.982602	H@5 0.993192	H@10 0.996974	H@20 0.997731	H@50 0.998487	H@100 1.000000
INFO:kbc-cli.py:Epoch 7/100	Loss 6.0629 ± 0.1424
INFO:kbc-cli.py:Epoch 8/100	Loss 6.0137 ± 0.1481
INFO:kbc-cli.py:Epoch 9/100	Loss 5.9624 ± 0.1727
INFO:kbc-cli.py:Epoch 9/100	dev results	MRR 0.889710	H@1 0.796012	H@3 0.979294	H@5 0.986196	H@10 0.990798	H@20 0.997699	H@50 1.000000	H@100 1.000000
INFO:kbc-cli.py:Epoch 9/100	test results	MRR 0.874587	H@1 0.763238	H@3 0.984871	H@5 0.990923	H@10 0.996218	H@20 0.997731	H@50 0.998487	H@100 1.000000
INFO:kbc-cli.py:Epoch 10/100	Loss 5.9394 ± 0.1319
INFO:kbc-cli.py:Epoch 11/100	Loss 5.9108 ± 0.1351
INFO:kbc-cli.py:Epoch 12/100	Loss 5.8859 ± 0.1634
INFO:kbc-cli.py:Epoch 12/100	dev results	MRR 0.891333	H@1 0.799847	H@3 0.977761	H@5 0.985429	H@10 0.992331	H@20 0.997699	H@50 1.000000	H@100 1.000000
INFO:kbc-cli.py:Epoch 12/100	test results	MRR 0.879804	H@1 0.774584	H@3 0.984871	H@5 0.992436	H@10 0.996974	H@20 0.997731	H@50 1.000000	H@100 1.000000
INFO:kbc-cli.py:Epoch 13/100	Loss 5.8681 ± 0.1391
INFO:kbc-cli.py:Epoch 14/100	Loss 5.8470 ± 0.1229
INFO:kbc-cli.py:Epoch 15/100	Loss 5.8297 ± 0.1507
INFO:kbc-cli.py:Epoch 15/100	dev results	MRR 0.906071	H@1 0.828988	H@3 0.980061	H@5 0.987730	H@10 0.993098	H@20 0.998466	H@50 1.000000	H@100 1.000000
INFO:kbc-cli.py:Epoch 15/100	test results	MRR 0.894351	H@1 0.803328	H@3 0.984115	H@5 0.991679	H@10 0.996218	H@20 0.997731	H@50 1.000000	H@100 1.000000
INFO:kbc-cli.py:Epoch 16/100	Loss 5.8122 ± 0.1231
INFO:kbc-cli.py:Epoch 17/100	Loss 5.7878 ± 0.0923
INFO:kbc-cli.py:Epoch 18/100	Loss 5.7796 ± 0.1553
INFO:kbc-cli.py:Epoch 18/100	dev results	MRR 0.893120	H@1 0.803681	H@3 0.980828	H@5 0.986963	H@10 0.991564	H@20 0.998466	H@50 1.000000	H@100 1.000000
INFO:kbc-cli.py:Epoch 18/100	test results	MRR 0.879738	H@1 0.774584	H@3 0.984115	H@5 0.990166	H@10 0.996218	H@20 0.998487	H@50 1.000000	H@100 1.000000
INFO:kbc-cli.py:Epoch 19/100	Loss 5.7722 ± 0.1151
INFO:kbc-cli.py:Epoch 20/100	Loss 5.7512 ± 0.1590
INFO:kbc-cli.py:Epoch 21/100	Loss 5.7477 ± 0.1337
INFO:kbc-cli.py:Epoch 21/100	dev results	MRR 0.901882	H@1 0.820552	H@3 0.981595	H@5 0.987730	H@10 0.993098	H@20 0.998466	H@50 1.000000	H@100 1.000000
INFO:kbc-cli.py:Epoch 21/100	test results	MRR 0.892057	H@1 0.799546	H@3 0.984871	H@5 0.989410	H@10 0.995461	H@20 0.998487	H@50 1.000000	H@100 1.000000
INFO:kbc-cli.py:Epoch 22/100	Loss 5.7240 ± 0.1057
INFO:kbc-cli.py:Epoch 23/100	Loss 5.7192 ± 0.1039
INFO:kbc-cli.py:Epoch 24/100	Loss 5.7222 ± 0.1372
INFO:kbc-cli.py:Epoch 24/100	dev results	MRR 0.899694	H@1 0.816718	H@3 0.980061	H@5 0.987730	H@10 0.993098	H@20 0.998466	H@50 1.000000	H@100 1.000000
INFO:kbc-cli.py:Epoch 24/100	test results	MRR 0.890538	H@1 0.795008	H@3 0.985628	H@5 0.990166	H@10 0.995461	H@20 0.998487	H@50 1.000000	H@100 1.000000
INFO:kbc-cli.py:Epoch 25/100	Loss 5.7129 ± 0.1511
INFO:kbc-cli.py:Epoch 26/100	Loss 5.6826 ± 0.1541
INFO:kbc-cli.py:Epoch 27/100	Loss 5.6958 ± 0.1381
INFO:kbc-cli.py:Epoch 27/100	dev results	MRR 0.898902	H@1 0.816718	H@3 0.978528	H@5 0.986963	H@10 0.992331	H@20 0.999233	H@50 1.000000	H@100 1.000000
INFO:kbc-cli.py:Epoch 27/100	test results	MRR 0.892115	H@1 0.798790	H@3 0.984871	H@5 0.988654	H@10 0.995461	H@20 0.998487	H@50 1.000000	H@100 1.000000
INFO:kbc-cli.py:Epoch 28/100	Loss 5.6856 ± 0.1312
INFO:kbc-cli.py:Epoch 29/100	Loss 5.6804 ± 0.1338
INFO:kbc-cli.py:Epoch 30/100	Loss 5.6763 ± 0.1493
INFO:kbc-cli.py:Epoch 30/100	dev results	MRR 0.905551	H@1 0.828988	H@3 0.979294	H@5 0.986963	H@10 0.991564	H@20 0.998466	H@50 1.000000	H@100 1.000000
INFO:kbc-cli.py:Epoch 30/100	test results	MRR 0.900661	H@1 0.819213	H@3 0.983359	H@5 0.988654	H@10 0.995461	H@20 0.998487	H@50 1.000000	H@100 1.000000
INFO:kbc-cli.py:Epoch 31/100	Loss 5.6670 ± 0.1051
INFO:kbc-cli.py:Epoch 32/100	Loss 5.6630 ± 0.1282
INFO:kbc-cli.py:Epoch 33/100	Loss 5.6498 ± 0.1132
INFO:kbc-cli.py:Epoch 33/100	dev results	MRR 0.902904	H@1 0.823620	H@3 0.980061	H@5 0.986196	H@10 0.992331	H@20 0.999233	H@50 1.000000	H@100 1.000000
INFO:kbc-cli.py:Epoch 33/100	test results	MRR 0.896261	H@1 0.808623	H@3 0.982602	H@5 0.988654	H@10 0.995461	H@20 0.998487	H@50 1.000000	H@100 1.000000
INFO:kbc-cli.py:Epoch 34/100	Loss 5.6415 ± 0.0747
INFO:kbc-cli.py:Epoch 35/100	Loss 5.6415 ± 0.1016
INFO:kbc-cli.py:Epoch 36/100	Loss 5.6370 ± 0.1039
INFO:kbc-cli.py:Epoch 36/100	dev results	MRR 0.898766	H@1 0.815184	H@3 0.980828	H@5 0.986963	H@10 0.990798	H@20 0.997699	H@50 1.000000	H@100 1.000000
INFO:kbc-cli.py:Epoch 36/100	test results	MRR 0.894419	H@1 0.804841	H@3 0.984115	H@5 0.988654	H@10 0.995461	H@20 0.998487	H@50 1.000000	H@100 1.000000
INFO:kbc-cli.py:Epoch 37/100	Loss 5.6342 ± 0.0946
INFO:kbc-cli.py:Epoch 38/100	Loss 5.6286 ± 0.1316
INFO:kbc-cli.py:Epoch 39/100	Loss 5.6267 ± 0.1600
INFO:kbc-cli.py:Epoch 39/100	dev results	MRR 0.904017	H@1 0.825920	H@3 0.978528	H@5 0.986196	H@10 0.991564	H@20 0.997699	H@50 1.000000	H@100 1.000000
INFO:kbc-cli.py:Epoch 39/100	test results	MRR 0.901250	H@1 0.817700	H@3 0.984871	H@5 0.988654	H@10 0.995461	H@20 0.998487	H@50 1.000000	H@100 1.000000
INFO:kbc-cli.py:Epoch 40/100	Loss 5.6173 ± 0.1089
INFO:kbc-cli.py:Epoch 41/100	Loss 5.6009 ± 0.1102
INFO:kbc-cli.py:Epoch 42/100	Loss 5.6220 ± 0.1314
INFO:kbc-cli.py:Epoch 42/100	dev results	MRR 0.905492	H@1 0.829755	H@3 0.980061	H@5 0.985429	H@10 0.990798	H@20 0.997699	H@50 1.000000	H@100 1.000000
INFO:kbc-cli.py:Epoch 42/100	test results	MRR 0.902019	H@1 0.819213	H@3 0.984115	H@5 0.990166	H@10 0.995461	H@20 0.998487	H@50 1.000000	H@100 1.000000
INFO:kbc-cli.py:Epoch 43/100	Loss 5.6254 ± 0.1620
INFO:kbc-cli.py:Epoch 44/100	Loss 5.5996 ± 0.1001
INFO:kbc-cli.py:Epoch 45/100	Loss 5.6076 ± 0.1141
INFO:kbc-cli.py:Epoch 45/100	dev results	MRR 0.901524	H@1 0.822086	H@3 0.977761	H@5 0.986196	H@10 0.990798	H@20 0.996166	H@50 1.000000	H@100 1.000000
INFO:kbc-cli.py:Epoch 45/100	test results	MRR 0.897761	H@1 0.811649	H@3 0.984115	H@5 0.988654	H@10 0.994705	H@20 0.998487	H@50 1.000000	H@100 1.000000
INFO:kbc-cli.py:Epoch 46/100	Loss 5.6002 ± 0.0986
INFO:kbc-cli.py:Epoch 47/100	Loss 5.5963 ± 0.1242
INFO:kbc-cli.py:Epoch 48/100	Loss 5.5891 ± 0.1173
INFO:kbc-cli.py:Epoch 48/100	dev results	MRR 0.901529	H@1 0.822853	H@3 0.977761	H@5 0.983896	H@10 0.991564	H@20 0.997699	H@50 1.000000	H@100 1.000000
INFO:kbc-cli.py:Epoch 48/100	test results	MRR 0.897288	H@1 0.811649	H@3 0.981846	H@5 0.987897	H@10 0.995461	H@20 0.998487	H@50 1.000000	H@100 1.000000
INFO:kbc-cli.py:Epoch 49/100	Loss 5.5902 ± 0.1176
INFO:kbc-cli.py:Epoch 50/100	Loss 5.5890 ± 0.1252
INFO:kbc-cli.py:Epoch 51/100	Loss 5.5777 ± 0.1115
INFO:kbc-cli.py:Epoch 51/100	dev results	MRR 0.899651	H@1 0.819018	H@3 0.976994	H@5 0.984663	H@10 0.990798	H@20 0.997699	H@50 1.000000	H@100 1.000000
INFO:kbc-cli.py:Epoch 51/100	test results	MRR 0.898757	H@1 0.814675	H@3 0.981846	H@5 0.987897	H@10 0.995461	H@20 0.998487	H@50 1.000000	H@100 1.000000
INFO:kbc-cli.py:Epoch 52/100	Loss 5.5788 ± 0.1105
INFO:kbc-cli.py:Epoch 53/100	Loss 5.5810 ± 0.0999
INFO:kbc-cli.py:Epoch 54/100	Loss 5.5836 ± 0.1498
INFO:kbc-cli.py:Epoch 54/100	dev results	MRR 0.903664	H@1 0.826687	H@3 0.979294	H@5 0.983896	H@10 0.990798	H@20 0.997699	H@50 1.000000	H@100 1.000000
INFO:kbc-cli.py:Epoch 54/100	test results	MRR 0.898252	H@1 0.813918	H@3 0.980333	H@5 0.987897	H@10 0.994705	H@20 0.997731	H@50 1.000000	H@100 1.000000
INFO:kbc-cli.py:Epoch 55/100	Loss 5.5725 ± 0.1236
INFO:kbc-cli.py:Epoch 56/100	Loss 5.5776 ± 0.1483
INFO:kbc-cli.py:Epoch 57/100	Loss 5.5612 ± 0.1037
INFO:kbc-cli.py:Epoch 57/100	dev results	MRR 0.902432	H@1 0.825153	H@3 0.976994	H@5 0.983896	H@10 0.990798	H@20 0.996933	H@50 1.000000	H@100 1.000000
INFO:kbc-cli.py:Epoch 57/100	test results	MRR 0.896205	H@1 0.810136	H@3 0.981089	H@5 0.987141	H@10 0.995461	H@20 0.998487	H@50 1.000000	H@100 1.000000
INFO:kbc-cli.py:Epoch 58/100	Loss 5.5626 ± 0.0989
INFO:kbc-cli.py:Epoch 59/100	Loss 5.5575 ± 0.1102
INFO:kbc-cli.py:Epoch 60/100	Loss 5.5650 ± 0.1183
INFO:kbc-cli.py:Epoch 60/100	dev results	MRR 0.900972	H@1 0.822086	H@3 0.977761	H@5 0.983896	H@10 0.990031	H@20 0.996933	H@50 1.000000	H@100 1.000000
INFO:kbc-cli.py:Epoch 60/100	test results	MRR 0.891763	H@1 0.801815	H@3 0.980333	H@5 0.987141	H@10 0.994705	H@20 0.998487	H@50 1.000000	H@100 1.000000
INFO:kbc-cli.py:Epoch 61/100	Loss 5.5589 ± 0.1098
INFO:kbc-cli.py:Epoch 62/100	Loss 5.5596 ± 0.1255
INFO:kbc-cli.py:Epoch 63/100	Loss 5.5546 ± 0.1033
INFO:kbc-cli.py:Epoch 63/100	dev results	MRR 0.900264	H@1 0.822086	H@3 0.976994	H@5 0.983129	H@10 0.989264	H@20 0.996933	H@50 1.000000	H@100 1.000000
INFO:kbc-cli.py:Epoch 63/100	test results	MRR 0.893062	H@1 0.804085	H@3 0.981846	H@5 0.988654	H@10 0.993949	H@20 0.998487	H@50 1.000000	H@100 1.000000
INFO:kbc-cli.py:Epoch 64/100	Loss 5.5436 ± 0.0604
INFO:kbc-cli.py:Epoch 65/100	Loss 5.5491 ± 0.1226
INFO:kbc-cli.py:Epoch 66/100	Loss 5.5495 ± 0.0942
INFO:kbc-cli.py:Epoch 66/100	dev results	MRR 0.903683	H@1 0.828221	H@3 0.976994	H@5 0.983896	H@10 0.990031	H@20 0.996933	H@50 1.000000	H@100 1.000000
INFO:kbc-cli.py:Epoch 66/100	test results	MRR 0.895916	H@1 0.810136	H@3 0.980333	H@5 0.988654	H@10 0.994705	H@20 0.998487	H@50 1.000000	H@100 1.000000
INFO:kbc-cli.py:Epoch 67/100	Loss 5.5535 ± 0.1246
INFO:kbc-cli.py:Epoch 68/100	Loss 5.5456 ± 0.0945
INFO:kbc-cli.py:Epoch 69/100	Loss 5.5332 ± 0.1122
INFO:kbc-cli.py:Epoch 69/100	dev results	MRR 0.902385	H@1 0.825153	H@3 0.976994	H@5 0.983129	H@10 0.990031	H@20 0.996933	H@50 1.000000	H@100 1.000000
INFO:kbc-cli.py:Epoch 69/100	test results	MRR 0.900523	H@1 0.819970	H@3 0.979576	H@5 0.987897	H@10 0.994705	H@20 0.998487	H@50 1.000000	H@100 1.000000
INFO:kbc-cli.py:Epoch 70/100	Loss 5.5444 ± 0.1260
INFO:kbc-cli.py:Epoch 71/100	Loss 5.5416 ± 0.1137
INFO:kbc-cli.py:Epoch 72/100	Loss 5.5318 ± 0.0761
INFO:kbc-cli.py:Epoch 72/100	dev results	MRR 0.901044	H@1 0.822853	H@3 0.977761	H@5 0.984663	H@10 0.990031	H@20 0.996166	H@50 1.000000	H@100 1.000000
INFO:kbc-cli.py:Epoch 72/100	test results	MRR 0.895961	H@1 0.810893	H@3 0.978064	H@5 0.987897	H@10 0.994705	H@20 0.998487	H@50 1.000000	H@100 1.000000
INFO:kbc-cli.py:Epoch 73/100	Loss 5.5407 ± 0.1327
INFO:kbc-cli.py:Epoch 74/100	Loss 5.5278 ± 0.0824
INFO:kbc-cli.py:Epoch 75/100	Loss 5.5258 ± 0.0785
INFO:kbc-cli.py:Epoch 75/100	dev results	MRR 0.903032	H@1 0.827454	H@3 0.977761	H@5 0.983896	H@10 0.990031	H@20 0.996166	H@50 1.000000	H@100 1.000000
INFO:kbc-cli.py:Epoch 75/100	test results	MRR 0.897879	H@1 0.815431	H@3 0.978064	H@5 0.987897	H@10 0.994705	H@20 0.997731	H@50 1.000000	H@100 1.000000
INFO:kbc-cli.py:Epoch 76/100	Loss 5.5341 ± 0.1121
INFO:kbc-cli.py:Epoch 77/100	Loss 5.5238 ± 0.1143
INFO:kbc-cli.py:Epoch 78/100	Loss 5.5364 ± 0.1323
INFO:kbc-cli.py:Epoch 78/100	dev results	MRR 0.903458	H@1 0.828988	H@3 0.977761	H@5 0.983896	H@10 0.989264	H@20 0.995399	H@50 1.000000	H@100 1.000000
INFO:kbc-cli.py:Epoch 78/100	test results	MRR 0.897503	H@1 0.813918	H@3 0.980333	H@5 0.988654	H@10 0.994705	H@20 0.997731	H@50 1.000000	H@100 1.000000
INFO:kbc-cli.py:Epoch 79/100	Loss 5.5297 ± 0.0763
INFO:kbc-cli.py:Epoch 80/100	Loss 5.5232 ± 0.0631
INFO:kbc-cli.py:Epoch 81/100	Loss 5.5192 ± 0.0751
INFO:kbc-cli.py:Epoch 81/100	dev results	MRR 0.902254	H@1 0.825920	H@3 0.978528	H@5 0.983896	H@10 0.989264	H@20 0.996166	H@50 1.000000	H@100 1.000000
INFO:kbc-cli.py:Epoch 81/100	test results	MRR 0.896948	H@1 0.813162	H@3 0.980333	H@5 0.987897	H@10 0.994705	H@20 0.997731	H@50 1.000000	H@100 1.000000
INFO:kbc-cli.py:Epoch 82/100	Loss 5.5213 ± 0.1222
INFO:kbc-cli.py:Epoch 83/100	Loss 5.5228 ± 0.1051
INFO:kbc-cli.py:Epoch 84/100	Loss 5.5157 ± 0.0812
INFO:kbc-cli.py:Epoch 84/100	dev results	MRR 0.901882	H@1 0.825920	H@3 0.976994	H@5 0.982362	H@10 0.989264	H@20 0.995399	H@50 1.000000	H@100 1.000000
INFO:kbc-cli.py:Epoch 84/100	test results	MRR 0.893874	H@1 0.807110	H@3 0.978820	H@5 0.989410	H@10 0.994705	H@20 0.997731	H@50 1.000000	H@100 1.000000
INFO:kbc-cli.py:Epoch 85/100	Loss 5.5203 ± 0.1115
INFO:kbc-cli.py:Epoch 86/100	Loss 5.5178 ± 0.0843
INFO:kbc-cli.py:Epoch 87/100	Loss 5.5176 ± 0.1335
INFO:kbc-cli.py:Epoch 87/100	dev results	MRR 0.900557	H@1 0.822853	H@3 0.976227	H@5 0.983129	H@10 0.989264	H@20 0.995399	H@50 1.000000	H@100 1.000000
INFO:kbc-cli.py:Epoch 87/100	test results	MRR 0.896097	H@1 0.810893	H@3 0.978820	H@5 0.989410	H@10 0.994705	H@20 0.997731	H@50 1.000000	H@100 1.000000
INFO:kbc-cli.py:Epoch 88/100	Loss 5.5239 ± 0.1155
INFO:kbc-cli.py:Epoch 89/100	Loss 5.5179 ± 0.1052
INFO:kbc-cli.py:Epoch 90/100	Loss 5.5137 ± 0.1086
INFO:kbc-cli.py:Epoch 90/100	dev results	MRR 0.898619	H@1 0.819785	H@3 0.976994	H@5 0.982362	H@10 0.989264	H@20 0.996166	H@50 1.000000	H@100 1.000000
INFO:kbc-cli.py:Epoch 90/100	test results	MRR 0.891781	H@1 0.803328	H@3 0.977307	H@5 0.987897	H@10 0.994705	H@20 0.997731	H@50 1.000000	H@100 1.000000
INFO:kbc-cli.py:Epoch 91/100	Loss 5.5087 ± 0.0884
INFO:kbc-cli.py:Epoch 92/100	Loss 5.5067 ± 0.0912
INFO:kbc-cli.py:Epoch 93/100	Loss 5.5052 ± 0.1053
INFO:kbc-cli.py:Epoch 93/100	dev results	MRR 0.897222	H@1 0.815184	H@3 0.976994	H@5 0.981595	H@10 0.989264	H@20 0.996166	H@50 1.000000	H@100 1.000000
INFO:kbc-cli.py:Epoch 93/100	test results	MRR 0.894975	H@1 0.810136	H@3 0.977307	H@5 0.988654	H@10 0.994705	H@20 0.997731	H@50 1.000000	H@100 1.000000
INFO:kbc-cli.py:Epoch 94/100	Loss 5.5078 ± 0.0849
INFO:kbc-cli.py:Epoch 95/100	Loss 5.5023 ± 0.0808
INFO:kbc-cli.py:Epoch 96/100	Loss 5.5112 ± 0.1221
INFO:kbc-cli.py:Epoch 96/100	dev results	MRR 0.901640	H@1 0.824387	H@3 0.976227	H@5 0.981595	H@10 0.989264	H@20 0.996166	H@50 1.000000	H@100 1.000000
INFO:kbc-cli.py:Epoch 96/100	test results	MRR 0.892637	H@1 0.805598	H@3 0.977307	H@5 0.988654	H@10 0.994705	H@20 0.997731	H@50 1.000000	H@100 1.000000
INFO:kbc-cli.py:Epoch 97/100	Loss 5.5019 ± 0.1077
INFO:kbc-cli.py:Epoch 98/100	Loss 5.5172 ± 0.1446
INFO:kbc-cli.py:Epoch 99/100	Loss 5.5044 ± 0.0988
INFO:kbc-cli.py:Epoch 99/100	dev results	MRR 0.900364	H@1 0.822853	H@3 0.975460	H@5 0.981595	H@10 0.989264	H@20 0.995399	H@50 1.000000	H@100 1.000000
INFO:kbc-cli.py:Epoch 99/100	test results	MRR 0.893369	H@1 0.806354	H@3 0.976551	H@5 0.987897	H@10 0.994705	H@20 0.997731	H@50 1.000000	H@100 1.000000
INFO:kbc-cli.py:Epoch 100/100	Loss 5.4953 ± 0.1106
INFO:kbc-cli.py:Final 	dev results	MRR 0.901129	H@1 0.824387	H@3 0.974693	H@5 0.981595	H@10 0.989264	H@20 0.995399	H@50 1.000000	H@100 1.000000
INFO:kbc-cli.py:Final 	test results	MRR 0.897588	H@1 0.815431	H@3 0.977307	H@5 0.987897	H@10 0.994705	H@20 0.997731	H@50 1.000000	H@100 1.000000
INFO:kbc-cli.py:Training finished
