./bin/kbc-cli.py --train data/nations/train.tsv --dev data/nations/dev.tsv --test data/nations/test.tsv -m complex -k 1000 -b 100 -e 100 --F2 0 --N3 0.05 -l 0.1 -I standard -V 3 -o adagrad -c spo -q
{'F2': 0.0,
 'N3': 0.05,
 'batch_size': 100,
 'corruption': 'spo',
 'dev': 'data/nations/dev.tsv',
 'embedding_size': 1000,
 'epochs': 100,
 'eval_batch_size': None,
 'input_type': 'standard',
 'learning_rate': 0.1,
 'load': None,
 'model': 'complex',
 'optimizer': 'adagrad',
 'quiet': True,
 'save': None,
 'seed': 0,
 'test': 'data/nations/test.tsv',
 'test_i': None,
 'test_ii': None,
 'train': 'data/nations/train.tsv',
 'validate_every': 3}
INFO:kbc-cli.py:Device: cuda
INFO:kbc-cli.py:Model state:
INFO:kbc-cli.py:	entities.weight	torch.Size([14, 2000])
INFO:kbc-cli.py:	predicates.weight	torch.Size([55, 2000])
INFO:kbc-cli.py:Epoch 1/100	Loss 10.0009 ± 0.5515
INFO:kbc-cli.py:Epoch 2/100	Loss 8.7828 ± 0.1281
INFO:kbc-cli.py:Epoch 3/100	Loss 8.4351 ± 0.1730
INFO:kbc-cli.py:Epoch 3/100	dev results	MRR 0.765962	H@1 0.635678	H@3 0.871859	H@5 0.957286	H@10 0.994975	H@20 1.000000	H@50 1.000000	H@100 1.000000
INFO:kbc-cli.py:Epoch 3/100	test results	MRR 0.798287	H@1 0.676617	H@3 0.905473	H@5 0.957711	H@10 0.997512	H@20 1.000000	H@50 1.000000	H@100 1.000000
INFO:kbc-cli.py:Epoch 4/100	Loss 8.2773 ± 0.2169
INFO:kbc-cli.py:Epoch 5/100	Loss 8.1739 ± 0.2085
INFO:kbc-cli.py:Epoch 6/100	Loss 8.1013 ± 0.1902
INFO:kbc-cli.py:Epoch 6/100	dev results	MRR 0.791384	H@1 0.668342	H@3 0.896985	H@5 0.972362	H@10 0.994975	H@20 1.000000	H@50 1.000000	H@100 1.000000
INFO:kbc-cli.py:Epoch 6/100	test results	MRR 0.830799	H@1 0.728856	H@3 0.920398	H@5 0.975124	H@10 1.000000	H@20 1.000000	H@50 1.000000	H@100 1.000000
INFO:kbc-cli.py:Epoch 7/100	Loss 8.0539 ± 0.1823
INFO:kbc-cli.py:Epoch 8/100	Loss 7.9987 ± 0.2028
INFO:kbc-cli.py:Epoch 9/100	Loss 7.9734 ± 0.2147
INFO:kbc-cli.py:Epoch 9/100	dev results	MRR 0.790210	H@1 0.665829	H@3 0.907035	H@5 0.972362	H@10 0.997487	H@20 1.000000	H@50 1.000000	H@100 1.000000
INFO:kbc-cli.py:Epoch 9/100	test results	MRR 0.841455	H@1 0.751244	H@3 0.912935	H@5 0.977612	H@10 1.000000	H@20 1.000000	H@50 1.000000	H@100 1.000000
INFO:kbc-cli.py:Epoch 10/100	Loss 7.9447 ± 0.2219
INFO:kbc-cli.py:Epoch 11/100	Loss 7.9171 ± 0.2193
INFO:kbc-cli.py:Epoch 12/100	Loss 7.8894 ± 0.1998
INFO:kbc-cli.py:Epoch 12/100	dev results	MRR 0.798959	H@1 0.683417	H@3 0.902010	H@5 0.972362	H@10 0.997487	H@20 1.000000	H@50 1.000000	H@100 1.000000
INFO:kbc-cli.py:Epoch 12/100	test results	MRR 0.843428	H@1 0.753731	H@3 0.915423	H@5 0.982587	H@10 1.000000	H@20 1.000000	H@50 1.000000	H@100 1.000000
INFO:kbc-cli.py:Epoch 13/100	Loss 7.8687 ± 0.1373
INFO:kbc-cli.py:Epoch 14/100	Loss 7.8531 ± 0.1673
INFO:kbc-cli.py:Epoch 15/100	Loss 7.8336 ± 0.1566
INFO:kbc-cli.py:Epoch 15/100	dev results	MRR 0.799503	H@1 0.680905	H@3 0.902010	H@5 0.972362	H@10 0.997487	H@20 1.000000	H@50 1.000000	H@100 1.000000
INFO:kbc-cli.py:Epoch 15/100	test results	MRR 0.844583	H@1 0.758706	H@3 0.915423	H@5 0.985075	H@10 1.000000	H@20 1.000000	H@50 1.000000	H@100 1.000000
INFO:kbc-cli.py:Epoch 16/100	Loss 7.8213 ± 0.1999
INFO:kbc-cli.py:Epoch 17/100	Loss 7.8056 ± 0.1818
INFO:kbc-cli.py:Epoch 18/100	Loss 7.7931 ± 0.1713
INFO:kbc-cli.py:Epoch 18/100	dev results	MRR 0.797875	H@1 0.683417	H@3 0.889447	H@5 0.969849	H@10 0.997487	H@20 1.000000	H@50 1.000000	H@100 1.000000
INFO:kbc-cli.py:Epoch 18/100	test results	MRR 0.841231	H@1 0.751244	H@3 0.922886	H@5 0.975124	H@10 1.000000	H@20 1.000000	H@50 1.000000	H@100 1.000000
INFO:kbc-cli.py:Epoch 19/100	Loss 7.7860 ± 0.1925
INFO:kbc-cli.py:Epoch 20/100	Loss 7.7740 ± 0.1367
INFO:kbc-cli.py:Epoch 21/100	Loss 7.7644 ± 0.2173
INFO:kbc-cli.py:Epoch 21/100	dev results	MRR 0.799713	H@1 0.685930	H@3 0.896985	H@5 0.969849	H@10 0.997487	H@20 1.000000	H@50 1.000000	H@100 1.000000
INFO:kbc-cli.py:Epoch 21/100	test results	MRR 0.838180	H@1 0.746269	H@3 0.920398	H@5 0.982587	H@10 1.000000	H@20 1.000000	H@50 1.000000	H@100 1.000000
INFO:kbc-cli.py:Epoch 22/100	Loss 7.7550 ± 0.1743
INFO:kbc-cli.py:Epoch 23/100	Loss 7.7451 ± 0.1739
INFO:kbc-cli.py:Epoch 24/100	Loss 7.7375 ± 0.1635
INFO:kbc-cli.py:Epoch 24/100	dev results	MRR 0.796950	H@1 0.683417	H@3 0.907035	H@5 0.967337	H@10 0.997487	H@20 1.000000	H@50 1.000000	H@100 1.000000
INFO:kbc-cli.py:Epoch 24/100	test results	MRR 0.837517	H@1 0.746269	H@3 0.907960	H@5 0.980100	H@10 1.000000	H@20 1.000000	H@50 1.000000	H@100 1.000000
INFO:kbc-cli.py:Epoch 25/100	Loss 7.7282 ± 0.1629
INFO:kbc-cli.py:Epoch 26/100	Loss 7.7250 ± 0.1355
INFO:kbc-cli.py:Epoch 27/100	Loss 7.7178 ± 0.1544
INFO:kbc-cli.py:Epoch 27/100	dev results	MRR 0.799109	H@1 0.685930	H@3 0.902010	H@5 0.969849	H@10 0.997487	H@20 1.000000	H@50 1.000000	H@100 1.000000
INFO:kbc-cli.py:Epoch 27/100	test results	MRR 0.835302	H@1 0.743781	H@3 0.907960	H@5 0.970149	H@10 1.000000	H@20 1.000000	H@50 1.000000	H@100 1.000000
INFO:kbc-cli.py:Epoch 28/100	Loss 7.7124 ± 0.1306
INFO:kbc-cli.py:Epoch 29/100	Loss 7.7028 ± 0.1256
INFO:kbc-cli.py:Epoch 30/100	Loss 7.6988 ± 0.1644
INFO:kbc-cli.py:Epoch 30/100	dev results	MRR 0.790436	H@1 0.670854	H@3 0.899497	H@5 0.967337	H@10 0.994975	H@20 1.000000	H@50 1.000000	H@100 1.000000
INFO:kbc-cli.py:Epoch 30/100	test results	MRR 0.827880	H@1 0.731343	H@3 0.902985	H@5 0.970149	H@10 1.000000	H@20 1.000000	H@50 1.000000	H@100 1.000000
INFO:kbc-cli.py:Epoch 31/100	Loss 7.6939 ± 0.1179
INFO:kbc-cli.py:Epoch 32/100	Loss 7.6874 ± 0.1219
INFO:kbc-cli.py:Epoch 33/100	Loss 7.6855 ± 0.1742
INFO:kbc-cli.py:Epoch 33/100	dev results	MRR 0.790878	H@1 0.670854	H@3 0.904523	H@5 0.967337	H@10 0.997487	H@20 1.000000	H@50 1.000000	H@100 1.000000
INFO:kbc-cli.py:Epoch 33/100	test results	MRR 0.833253	H@1 0.738806	H@3 0.907960	H@5 0.977612	H@10 1.000000	H@20 1.000000	H@50 1.000000	H@100 1.000000
INFO:kbc-cli.py:Epoch 34/100	Loss 7.6773 ± 0.1686
INFO:kbc-cli.py:Epoch 35/100	Loss 7.6758 ± 0.1625
INFO:kbc-cli.py:Epoch 36/100	Loss 7.6723 ± 0.1934
INFO:kbc-cli.py:Epoch 36/100	dev results	MRR 0.787567	H@1 0.663317	H@3 0.904523	H@5 0.969849	H@10 0.997487	H@20 1.000000	H@50 1.000000	H@100 1.000000
INFO:kbc-cli.py:Epoch 36/100	test results	MRR 0.833333	H@1 0.741294	H@3 0.905473	H@5 0.975124	H@10 1.000000	H@20 1.000000	H@50 1.000000	H@100 1.000000
INFO:kbc-cli.py:Epoch 37/100	Loss 7.6669 ± 0.1248
INFO:kbc-cli.py:Epoch 38/100	Loss 7.6631 ± 0.0950
INFO:kbc-cli.py:Epoch 39/100	Loss 7.6564 ± 0.0929
INFO:kbc-cli.py:Epoch 39/100	dev results	MRR 0.786147	H@1 0.663317	H@3 0.896985	H@5 0.967337	H@10 0.997487	H@20 1.000000	H@50 1.000000	H@100 1.000000
INFO:kbc-cli.py:Epoch 39/100	test results	MRR 0.826727	H@1 0.726368	H@3 0.905473	H@5 0.977612	H@10 1.000000	H@20 1.000000	H@50 1.000000	H@100 1.000000
INFO:kbc-cli.py:Epoch 40/100	Loss 7.6563 ± 0.1985
INFO:kbc-cli.py:Epoch 41/100	Loss 7.6557 ± 0.1752
INFO:kbc-cli.py:Epoch 42/100	Loss 7.6497 ± 0.1368
INFO:kbc-cli.py:Epoch 42/100	dev results	MRR 0.784552	H@1 0.658291	H@3 0.909548	H@5 0.967337	H@10 0.997487	H@20 1.000000	H@50 1.000000	H@100 1.000000
INFO:kbc-cli.py:Epoch 42/100	test results	MRR 0.824744	H@1 0.721393	H@3 0.912935	H@5 0.975124	H@10 1.000000	H@20 1.000000	H@50 1.000000	H@100 1.000000
INFO:kbc-cli.py:Epoch 43/100	Loss 7.6463 ± 0.1507
INFO:kbc-cli.py:Epoch 44/100	Loss 7.6416 ± 0.2114
INFO:kbc-cli.py:Epoch 45/100	Loss 7.6396 ± 0.1573
INFO:kbc-cli.py:Epoch 45/100	dev results	MRR 0.781644	H@1 0.653266	H@3 0.909548	H@5 0.964824	H@10 0.997487	H@20 1.000000	H@50 1.000000	H@100 1.000000
INFO:kbc-cli.py:Epoch 45/100	test results	MRR 0.824496	H@1 0.723881	H@3 0.902985	H@5 0.972637	H@10 1.000000	H@20 1.000000	H@50 1.000000	H@100 1.000000
INFO:kbc-cli.py:Epoch 46/100	Loss 7.6373 ± 0.1377
INFO:kbc-cli.py:Epoch 47/100	Loss 7.6348 ± 0.1380
INFO:kbc-cli.py:Epoch 48/100	Loss 7.6309 ± 0.1134
INFO:kbc-cli.py:Epoch 48/100	dev results	MRR 0.780747	H@1 0.653266	H@3 0.902010	H@5 0.967337	H@10 0.997487	H@20 1.000000	H@50 1.000000	H@100 1.000000
INFO:kbc-cli.py:Epoch 48/100	test results	MRR 0.823003	H@1 0.718905	H@3 0.907960	H@5 0.972637	H@10 1.000000	H@20 1.000000	H@50 1.000000	H@100 1.000000
INFO:kbc-cli.py:Epoch 49/100	Loss 7.6303 ± 0.1115
INFO:kbc-cli.py:Epoch 50/100	Loss 7.6263 ± 0.1250
INFO:kbc-cli.py:Epoch 51/100	Loss 7.6268 ± 0.1290
INFO:kbc-cli.py:Epoch 51/100	dev results	MRR 0.783422	H@1 0.658291	H@3 0.902010	H@5 0.962312	H@10 0.994975	H@20 1.000000	H@50 1.000000	H@100 1.000000
INFO:kbc-cli.py:Epoch 51/100	test results	MRR 0.823376	H@1 0.721393	H@3 0.905473	H@5 0.977612	H@10 1.000000	H@20 1.000000	H@50 1.000000	H@100 1.000000
INFO:kbc-cli.py:Epoch 52/100	Loss 7.6234 ± 0.1070
INFO:kbc-cli.py:Epoch 53/100	Loss 7.6210 ± 0.1559
INFO:kbc-cli.py:Epoch 54/100	Loss 7.6174 ± 0.1287
INFO:kbc-cli.py:Epoch 54/100	dev results	MRR 0.783027	H@1 0.658291	H@3 0.902010	H@5 0.964824	H@10 0.994975	H@20 1.000000	H@50 1.000000	H@100 1.000000
INFO:kbc-cli.py:Epoch 54/100	test results	MRR 0.824578	H@1 0.723881	H@3 0.902985	H@5 0.975124	H@10 1.000000	H@20 1.000000	H@50 1.000000	H@100 1.000000
INFO:kbc-cli.py:Epoch 55/100	Loss 7.6176 ± 0.1605
INFO:kbc-cli.py:Epoch 56/100	Loss 7.6123 ± 0.1339
INFO:kbc-cli.py:Epoch 57/100	Loss 7.6120 ± 0.1166
INFO:kbc-cli.py:Epoch 57/100	dev results	MRR 0.782459	H@1 0.655779	H@3 0.902010	H@5 0.967337	H@10 0.994975	H@20 1.000000	H@50 1.000000	H@100 1.000000
INFO:kbc-cli.py:Epoch 57/100	test results	MRR 0.819603	H@1 0.716418	H@3 0.900498	H@5 0.972637	H@10 1.000000	H@20 1.000000	H@50 1.000000	H@100 1.000000
INFO:kbc-cli.py:Epoch 58/100	Loss 7.6098 ± 0.1665
INFO:kbc-cli.py:Epoch 59/100	Loss 7.6075 ± 0.1531
INFO:kbc-cli.py:Epoch 60/100	Loss 7.6065 ± 0.1480
INFO:kbc-cli.py:Epoch 60/100	dev results	MRR 0.782338	H@1 0.655779	H@3 0.899497	H@5 0.962312	H@10 0.997487	H@20 1.000000	H@50 1.000000	H@100 1.000000
INFO:kbc-cli.py:Epoch 60/100	test results	MRR 0.821220	H@1 0.716418	H@3 0.910448	H@5 0.975124	H@10 1.000000	H@20 1.000000	H@50 1.000000	H@100 1.000000
INFO:kbc-cli.py:Epoch 61/100	Loss 7.6055 ± 0.1342
INFO:kbc-cli.py:Epoch 62/100	Loss 7.6023 ± 0.1727
INFO:kbc-cli.py:Epoch 63/100	Loss 7.5992 ± 0.1373
INFO:kbc-cli.py:Epoch 63/100	dev results	MRR 0.780434	H@1 0.653266	H@3 0.896985	H@5 0.964824	H@10 0.994975	H@20 1.000000	H@50 1.000000	H@100 1.000000
INFO:kbc-cli.py:Epoch 63/100	test results	MRR 0.822962	H@1 0.721393	H@3 0.895522	H@5 0.977612	H@10 1.000000	H@20 1.000000	H@50 1.000000	H@100 1.000000
INFO:kbc-cli.py:Epoch 64/100	Loss 7.5996 ± 0.1251
INFO:kbc-cli.py:Epoch 65/100	Loss 7.5992 ± 0.1315
INFO:kbc-cli.py:Epoch 66/100	Loss 7.5965 ± 0.1663
INFO:kbc-cli.py:Epoch 66/100	dev results	MRR 0.777796	H@1 0.648241	H@3 0.896985	H@5 0.964824	H@10 0.994975	H@20 1.000000	H@50 1.000000	H@100 1.000000
INFO:kbc-cli.py:Epoch 66/100	test results	MRR 0.820101	H@1 0.713930	H@3 0.902985	H@5 0.972637	H@10 1.000000	H@20 1.000000	H@50 1.000000	H@100 1.000000
INFO:kbc-cli.py:Epoch 67/100	Loss 7.5921 ± 0.1544
INFO:kbc-cli.py:Epoch 68/100	Loss 7.5933 ± 0.1220
INFO:kbc-cli.py:Epoch 69/100	Loss 7.5894 ± 0.0945
INFO:kbc-cli.py:Epoch 69/100	dev results	MRR 0.777502	H@1 0.648241	H@3 0.899497	H@5 0.964824	H@10 0.997487	H@20 1.000000	H@50 1.000000	H@100 1.000000
INFO:kbc-cli.py:Epoch 69/100	test results	MRR 0.821932	H@1 0.718905	H@3 0.900498	H@5 0.972637	H@10 1.000000	H@20 1.000000	H@50 1.000000	H@100 1.000000
INFO:kbc-cli.py:Epoch 70/100	Loss 7.5896 ± 0.1201
INFO:kbc-cli.py:Epoch 71/100	Loss 7.5890 ± 0.1377
INFO:kbc-cli.py:Epoch 72/100	Loss 7.5871 ± 0.1115
INFO:kbc-cli.py:Epoch 72/100	dev results	MRR 0.775237	H@1 0.643216	H@3 0.899497	H@5 0.964824	H@10 0.997487	H@20 1.000000	H@50 1.000000	H@100 1.000000
INFO:kbc-cli.py:Epoch 72/100	test results	MRR 0.822347	H@1 0.718905	H@3 0.900498	H@5 0.972637	H@10 1.000000	H@20 1.000000	H@50 1.000000	H@100 1.000000
INFO:kbc-cli.py:Epoch 73/100	Loss 7.5853 ± 0.1593
INFO:kbc-cli.py:Epoch 74/100	Loss 7.5849 ± 0.1198
INFO:kbc-cli.py:Epoch 75/100	Loss 7.5827 ± 0.1295
INFO:kbc-cli.py:Epoch 75/100	dev results	MRR 0.772976	H@1 0.640704	H@3 0.899497	H@5 0.967337	H@10 0.997487	H@20 1.000000	H@50 1.000000	H@100 1.000000
INFO:kbc-cli.py:Epoch 75/100	test results	MRR 0.821227	H@1 0.716418	H@3 0.902985	H@5 0.975124	H@10 1.000000	H@20 1.000000	H@50 1.000000	H@100 1.000000
INFO:kbc-cli.py:Epoch 76/100	Loss 7.5808 ± 0.1154
INFO:kbc-cli.py:Epoch 77/100	Loss 7.5804 ± 0.1399
INFO:kbc-cli.py:Epoch 78/100	Loss 7.5784 ± 0.1012
INFO:kbc-cli.py:Epoch 78/100	dev results	MRR 0.774210	H@1 0.640704	H@3 0.899497	H@5 0.964824	H@10 0.994975	H@20 1.000000	H@50 1.000000	H@100 1.000000
INFO:kbc-cli.py:Epoch 78/100	test results	MRR 0.820397	H@1 0.716418	H@3 0.898010	H@5 0.972637	H@10 1.000000	H@20 1.000000	H@50 1.000000	H@100 1.000000
INFO:kbc-cli.py:Epoch 79/100	Loss 7.5789 ± 0.1321
INFO:kbc-cli.py:Epoch 80/100	Loss 7.5763 ± 0.1237
INFO:kbc-cli.py:Epoch 81/100	Loss 7.5734 ± 0.1329
INFO:kbc-cli.py:Epoch 81/100	dev results	MRR 0.778942	H@1 0.650754	H@3 0.899497	H@5 0.967337	H@10 0.994975	H@20 1.000000	H@50 1.000000	H@100 1.000000
INFO:kbc-cli.py:Epoch 81/100	test results	MRR 0.819827	H@1 0.713930	H@3 0.902985	H@5 0.975124	H@10 1.000000	H@20 1.000000	H@50 1.000000	H@100 1.000000
INFO:kbc-cli.py:Epoch 82/100	Loss 7.5745 ± 0.1037
INFO:kbc-cli.py:Epoch 83/100	Loss 7.5738 ± 0.1345
INFO:kbc-cli.py:Epoch 84/100	Loss 7.5730 ± 0.1471
INFO:kbc-cli.py:Epoch 84/100	dev results	MRR 0.776516	H@1 0.645729	H@3 0.899497	H@5 0.964824	H@10 0.994975	H@20 1.000000	H@50 1.000000	H@100 1.000000
INFO:kbc-cli.py:Epoch 84/100	test results	MRR 0.816584	H@1 0.708955	H@3 0.900498	H@5 0.975124	H@10 1.000000	H@20 1.000000	H@50 1.000000	H@100 1.000000
INFO:kbc-cli.py:Epoch 85/100	Loss 7.5716 ± 0.1208
INFO:kbc-cli.py:Epoch 86/100	Loss 7.5702 ± 0.1114
INFO:kbc-cli.py:Epoch 87/100	Loss 7.5685 ± 0.0992
INFO:kbc-cli.py:Epoch 87/100	dev results	MRR 0.776097	H@1 0.645729	H@3 0.899497	H@5 0.964824	H@10 0.994975	H@20 1.000000	H@50 1.000000	H@100 1.000000
INFO:kbc-cli.py:Epoch 87/100	test results	MRR 0.822575	H@1 0.718905	H@3 0.902985	H@5 0.972637	H@10 1.000000	H@20 1.000000	H@50 1.000000	H@100 1.000000
INFO:kbc-cli.py:Epoch 88/100	Loss 7.5664 ± 0.1125
INFO:kbc-cli.py:Epoch 89/100	Loss 7.5663 ± 0.1051
INFO:kbc-cli.py:Epoch 90/100	Loss 7.5669 ± 0.1079
INFO:kbc-cli.py:Epoch 90/100	dev results	MRR 0.775005	H@1 0.643216	H@3 0.899497	H@5 0.962312	H@10 0.994975	H@20 1.000000	H@50 1.000000	H@100 1.000000
INFO:kbc-cli.py:Epoch 90/100	test results	MRR 0.817765	H@1 0.708955	H@3 0.905473	H@5 0.975124	H@10 1.000000	H@20 1.000000	H@50 1.000000	H@100 1.000000
INFO:kbc-cli.py:Epoch 91/100	Loss 7.5638 ± 0.1162
INFO:kbc-cli.py:Epoch 92/100	Loss 7.5642 ± 0.1458
INFO:kbc-cli.py:Epoch 93/100	Loss 7.5638 ± 0.1124
INFO:kbc-cli.py:Epoch 93/100	dev results	MRR 0.776303	H@1 0.645729	H@3 0.899497	H@5 0.967337	H@10 0.994975	H@20 1.000000	H@50 1.000000	H@100 1.000000
INFO:kbc-cli.py:Epoch 93/100	test results	MRR 0.822354	H@1 0.718905	H@3 0.900498	H@5 0.975124	H@10 1.000000	H@20 1.000000	H@50 1.000000	H@100 1.000000
INFO:kbc-cli.py:Epoch 94/100	Loss 7.5629 ± 0.1038
INFO:kbc-cli.py:Epoch 95/100	Loss 7.5600 ± 0.1167
INFO:kbc-cli.py:Epoch 96/100	Loss 7.5596 ± 0.1226
INFO:kbc-cli.py:Epoch 96/100	dev results	MRR 0.770776	H@1 0.635678	H@3 0.902010	H@5 0.967337	H@10 0.994975	H@20 1.000000	H@50 1.000000	H@100 1.000000
INFO:kbc-cli.py:Epoch 96/100	test results	MRR 0.816314	H@1 0.708955	H@3 0.902985	H@5 0.975124	H@10 1.000000	H@20 1.000000	H@50 1.000000	H@100 1.000000
INFO:kbc-cli.py:Epoch 97/100	Loss 7.5595 ± 0.1252
INFO:kbc-cli.py:Epoch 98/100	Loss 7.5597 ± 0.1354
INFO:kbc-cli.py:Epoch 99/100	Loss 7.5579 ± 0.1249
INFO:kbc-cli.py:Epoch 99/100	dev results	MRR 0.774419	H@1 0.643216	H@3 0.902010	H@5 0.967337	H@10 0.994975	H@20 1.000000	H@50 1.000000	H@100 1.000000
INFO:kbc-cli.py:Epoch 99/100	test results	MRR 0.814891	H@1 0.706468	H@3 0.900498	H@5 0.975124	H@10 1.000000	H@20 1.000000	H@50 1.000000	H@100 1.000000
INFO:kbc-cli.py:Epoch 100/100	Loss 7.5561 ± 0.1121
INFO:kbc-cli.py:Final 	dev results	MRR 0.775636	H@1 0.645729	H@3 0.899497	H@5 0.967337	H@10 0.994975	H@20 1.000000	H@50 1.000000	H@100 1.000000
INFO:kbc-cli.py:Final 	test results	MRR 0.818622	H@1 0.713930	H@3 0.905473	H@5 0.975124	H@10 1.000000	H@20 1.000000	H@50 1.000000	H@100 1.000000
INFO:kbc-cli.py:Training finished
