./bin/kbc-cli.py --train data/kinship/train.tsv --dev data/kinship/dev.tsv --test data/kinship/test.tsv -m complex -k 500 -b 500 -e 100 --F2 0 --N3 0.005 -l 0.1 -I reciprocal -V 3 -o adagrad -c spo -q
{'F2': 0.0,
 'N3': 0.005,
 'batch_size': 500,
 'corruption': 'spo',
 'dev': 'data/kinship/dev.tsv',
 'embedding_size': 500,
 'epochs': 100,
 'eval_batch_size': None,
 'input_type': 'reciprocal',
 'learning_rate': 0.1,
 'load': None,
 'model': 'complex',
 'optimizer': 'adagrad',
 'quiet': True,
 'save': None,
 'seed': 0,
 'test': 'data/kinship/test.tsv',
 'test_i': None,
 'test_ii': None,
 'train': 'data/kinship/train.tsv',
 'validate_every': 3}
INFO:kbc-cli.py:Device: cuda
INFO:kbc-cli.py:Model state:
INFO:kbc-cli.py:	entities.weight	torch.Size([104, 1000])
INFO:kbc-cli.py:	predicates.weight	torch.Size([50, 1000])
INFO:kbc-cli.py:Epoch 1/100	Loss 9.4906 ± 2.1455
INFO:kbc-cli.py:Epoch 2/100	Loss 6.5351 ± 0.1472
INFO:kbc-cli.py:Epoch 3/100	Loss 6.1273 ± 0.1907
INFO:kbc-cli.py:Epoch 3/100	dev results	MRR 0.865614	H@1 0.787453	H@3 0.937734	H@5 0.960674	H@10 0.977528	H@20 0.987828	H@50 0.992978	H@100 1.000000
INFO:kbc-cli.py:Epoch 3/100	test results	MRR 0.873604	H@1 0.798417	H@3 0.941806	H@5 0.966480	H@10 0.986034	H@20 0.992551	H@50 0.996276	H@100 1.000000
INFO:kbc-cli.py:Epoch 4/100	Loss 5.9399 ± 0.2007
INFO:kbc-cli.py:Epoch 5/100	Loss 5.8153 ± 0.1971
INFO:kbc-cli.py:Epoch 6/100	Loss 5.7365 ± 0.1923
INFO:kbc-cli.py:Epoch 6/100	dev results	MRR 0.876629	H@1 0.807584	H@3 0.938202	H@5 0.963483	H@10 0.976592	H@20 0.988296	H@50 0.993446	H@100 1.000000
INFO:kbc-cli.py:Epoch 6/100	test results	MRR 0.884793	H@1 0.815642	H@3 0.947858	H@5 0.972067	H@10 0.987430	H@20 0.993482	H@50 0.996276	H@100 1.000000
INFO:kbc-cli.py:Epoch 7/100	Loss 5.6674 ± 0.1787
INFO:kbc-cli.py:Epoch 8/100	Loss 5.6165 ± 0.1785
INFO:kbc-cli.py:Epoch 9/100	Loss 5.5825 ± 0.1686
INFO:kbc-cli.py:Epoch 9/100	dev results	MRR 0.881558	H@1 0.816479	H@3 0.941479	H@5 0.959270	H@10 0.977996	H@20 0.988296	H@50 0.992978	H@100 1.000000
INFO:kbc-cli.py:Epoch 9/100	test results	MRR 0.894432	H@1 0.832868	H@3 0.949721	H@5 0.970205	H@10 0.987896	H@20 0.993017	H@50 0.996276	H@100 1.000000
INFO:kbc-cli.py:Epoch 10/100	Loss 5.5512 ± 0.1795
INFO:kbc-cli.py:Epoch 11/100	Loss 5.5221 ± 0.1769
INFO:kbc-cli.py:Epoch 12/100	Loss 5.5001 ± 0.1577
INFO:kbc-cli.py:Epoch 12/100	dev results	MRR 0.883151	H@1 0.818820	H@3 0.940543	H@5 0.963951	H@10 0.977996	H@20 0.987828	H@50 0.992978	H@100 1.000000
INFO:kbc-cli.py:Epoch 12/100	test results	MRR 0.889530	H@1 0.824488	H@3 0.948790	H@5 0.970670	H@10 0.987430	H@20 0.992551	H@50 0.996276	H@100 1.000000
INFO:kbc-cli.py:Epoch 13/100	Loss 5.4773 ± 0.1553
INFO:kbc-cli.py:Epoch 14/100	Loss 5.4615 ± 0.1557
INFO:kbc-cli.py:Epoch 15/100	Loss 5.4522 ± 0.1648
INFO:kbc-cli.py:Epoch 15/100	dev results	MRR 0.886154	H@1 0.824438	H@3 0.939607	H@5 0.965356	H@10 0.978464	H@20 0.988296	H@50 0.992978	H@100 1.000000
INFO:kbc-cli.py:Epoch 15/100	test results	MRR 0.893774	H@1 0.829609	H@3 0.952980	H@5 0.972067	H@10 0.986965	H@20 0.993482	H@50 0.996276	H@100 1.000000
INFO:kbc-cli.py:Epoch 16/100	Loss 5.4341 ± 0.1516
INFO:kbc-cli.py:Epoch 17/100	Loss 5.4183 ± 0.1290
INFO:kbc-cli.py:Epoch 18/100	Loss 5.4110 ± 0.1584
INFO:kbc-cli.py:Epoch 18/100	dev results	MRR 0.888722	H@1 0.828652	H@3 0.942416	H@5 0.964419	H@10 0.977996	H@20 0.988296	H@50 0.992978	H@100 1.000000
INFO:kbc-cli.py:Epoch 18/100	test results	MRR 0.894446	H@1 0.832868	H@3 0.949721	H@5 0.971601	H@10 0.986965	H@20 0.993017	H@50 0.996741	H@100 1.000000
INFO:kbc-cli.py:Epoch 19/100	Loss 5.4015 ± 0.1550
INFO:kbc-cli.py:Epoch 20/100	Loss 5.3847 ± 0.1288
INFO:kbc-cli.py:Epoch 21/100	Loss 5.3757 ± 0.1314
INFO:kbc-cli.py:Epoch 21/100	dev results	MRR 0.888895	H@1 0.828652	H@3 0.942416	H@5 0.963015	H@10 0.977996	H@20 0.988296	H@50 0.992978	H@100 1.000000
INFO:kbc-cli.py:Epoch 21/100	test results	MRR 0.894886	H@1 0.831937	H@3 0.951117	H@5 0.972067	H@10 0.986965	H@20 0.992551	H@50 0.996741	H@100 1.000000
INFO:kbc-cli.py:Epoch 22/100	Loss 5.3660 ± 0.1354
INFO:kbc-cli.py:Epoch 23/100	Loss 5.3574 ± 0.1202
INFO:kbc-cli.py:Epoch 24/100	Loss 5.3542 ± 0.1275
INFO:kbc-cli.py:Epoch 24/100	dev results	MRR 0.888925	H@1 0.828652	H@3 0.944288	H@5 0.962547	H@10 0.977996	H@20 0.988296	H@50 0.993446	H@100 1.000000
INFO:kbc-cli.py:Epoch 24/100	test results	MRR 0.894622	H@1 0.832402	H@3 0.951117	H@5 0.973464	H@10 0.987896	H@20 0.993017	H@50 0.996741	H@100 1.000000
INFO:kbc-cli.py:Epoch 25/100	Loss 5.3491 ± 0.1256
INFO:kbc-cli.py:Epoch 26/100	Loss 5.3429 ± 0.1395
INFO:kbc-cli.py:Epoch 27/100	Loss 5.3334 ± 0.1205
INFO:kbc-cli.py:Epoch 27/100	dev results	MRR 0.885449	H@1 0.821629	H@3 0.943352	H@5 0.963483	H@10 0.977996	H@20 0.988296	H@50 0.992978	H@100 1.000000
INFO:kbc-cli.py:Epoch 27/100	test results	MRR 0.895389	H@1 0.832868	H@3 0.950186	H@5 0.975791	H@10 0.988361	H@20 0.993017	H@50 0.996741	H@100 1.000000
INFO:kbc-cli.py:Epoch 28/100	Loss 5.3273 ± 0.1174
INFO:kbc-cli.py:Epoch 29/100	Loss 5.3194 ± 0.1108
INFO:kbc-cli.py:Epoch 30/100	Loss 5.3164 ± 0.1357
INFO:kbc-cli.py:Epoch 30/100	dev results	MRR 0.886092	H@1 0.823970	H@3 0.940543	H@5 0.964888	H@10 0.978464	H@20 0.988296	H@50 0.992978	H@100 1.000000
INFO:kbc-cli.py:Epoch 30/100	test results	MRR 0.894020	H@1 0.831006	H@3 0.949721	H@5 0.973464	H@10 0.987430	H@20 0.993017	H@50 0.996741	H@100 1.000000
INFO:kbc-cli.py:Epoch 31/100	Loss 5.3105 ± 0.1191
INFO:kbc-cli.py:Epoch 32/100	Loss 5.3088 ± 0.1232
INFO:kbc-cli.py:Epoch 33/100	Loss 5.2966 ± 0.1136
INFO:kbc-cli.py:Epoch 33/100	dev results	MRR 0.885315	H@1 0.822097	H@3 0.940075	H@5 0.964888	H@10 0.978464	H@20 0.988296	H@50 0.993446	H@100 1.000000
INFO:kbc-cli.py:Epoch 33/100	test results	MRR 0.895285	H@1 0.833333	H@3 0.950186	H@5 0.975326	H@10 0.988361	H@20 0.993017	H@50 0.996741	H@100 1.000000
INFO:kbc-cli.py:Epoch 34/100	Loss 5.3006 ± 0.1198
INFO:kbc-cli.py:Epoch 35/100	Loss 5.2981 ± 0.1142
INFO:kbc-cli.py:Epoch 36/100	Loss 5.2901 ± 0.1071
INFO:kbc-cli.py:Epoch 36/100	dev results	MRR 0.888546	H@1 0.827247	H@3 0.940543	H@5 0.965824	H@10 0.978464	H@20 0.988296	H@50 0.992978	H@100 1.000000
INFO:kbc-cli.py:Epoch 36/100	test results	MRR 0.894338	H@1 0.831471	H@3 0.951117	H@5 0.974395	H@10 0.986499	H@20 0.993017	H@50 0.996741	H@100 1.000000
INFO:kbc-cli.py:Epoch 37/100	Loss 5.2879 ± 0.1125
INFO:kbc-cli.py:Epoch 38/100	Loss 5.2793 ± 0.1067
INFO:kbc-cli.py:Epoch 39/100	Loss 5.2779 ± 0.1042
INFO:kbc-cli.py:Epoch 39/100	dev results	MRR 0.888658	H@1 0.829588	H@3 0.940543	H@5 0.963483	H@10 0.977996	H@20 0.987828	H@50 0.992978	H@100 1.000000
INFO:kbc-cli.py:Epoch 39/100	test results	MRR 0.894197	H@1 0.831006	H@3 0.952514	H@5 0.976257	H@10 0.987896	H@20 0.993017	H@50 0.996741	H@100 1.000000
INFO:kbc-cli.py:Epoch 40/100	Loss 5.2763 ± 0.1136
INFO:kbc-cli.py:Epoch 41/100	Loss 5.2736 ± 0.1031
INFO:kbc-cli.py:Epoch 42/100	Loss 5.2649 ± 0.0908
INFO:kbc-cli.py:Epoch 42/100	dev results	MRR 0.885106	H@1 0.822097	H@3 0.940543	H@5 0.963951	H@10 0.978464	H@20 0.988296	H@50 0.992978	H@100 1.000000
INFO:kbc-cli.py:Epoch 42/100	test results	MRR 0.894099	H@1 0.830074	H@3 0.951583	H@5 0.973929	H@10 0.988827	H@20 0.993017	H@50 0.996741	H@100 1.000000
INFO:kbc-cli.py:Epoch 43/100	Loss 5.2648 ± 0.1072
INFO:kbc-cli.py:Epoch 44/100	Loss 5.2649 ± 0.1188
INFO:kbc-cli.py:Epoch 45/100	Loss 5.2609 ± 0.1022
INFO:kbc-cli.py:Epoch 45/100	dev results	MRR 0.887215	H@1 0.825375	H@3 0.942884	H@5 0.964888	H@10 0.979401	H@20 0.988296	H@50 0.992978	H@100 1.000000
INFO:kbc-cli.py:Epoch 45/100	test results	MRR 0.890414	H@1 0.824488	H@3 0.949255	H@5 0.972998	H@10 0.987896	H@20 0.993017	H@50 0.996741	H@100 1.000000
INFO:kbc-cli.py:Epoch 46/100	Loss 5.2603 ± 0.1274
INFO:kbc-cli.py:Epoch 47/100	Loss 5.2526 ± 0.0992
INFO:kbc-cli.py:Epoch 48/100	Loss 5.2516 ± 0.1155
INFO:kbc-cli.py:Epoch 48/100	dev results	MRR 0.892099	H@1 0.834270	H@3 0.942416	H@5 0.964888	H@10 0.977996	H@20 0.988296	H@50 0.993446	H@100 1.000000
INFO:kbc-cli.py:Epoch 48/100	test results	MRR 0.895308	H@1 0.832402	H@3 0.952514	H@5 0.973929	H@10 0.988361	H@20 0.993017	H@50 0.996741	H@100 1.000000
INFO:kbc-cli.py:Epoch 49/100	Loss 5.2487 ± 0.1060
INFO:kbc-cli.py:Epoch 50/100	Loss 5.2446 ± 0.1087
INFO:kbc-cli.py:Epoch 51/100	Loss 5.2414 ± 0.0890
INFO:kbc-cli.py:Epoch 51/100	dev results	MRR 0.888980	H@1 0.828652	H@3 0.942884	H@5 0.963951	H@10 0.978464	H@20 0.988296	H@50 0.993446	H@100 1.000000
INFO:kbc-cli.py:Epoch 51/100	test results	MRR 0.893876	H@1 0.829609	H@3 0.949721	H@5 0.972533	H@10 0.987896	H@20 0.992551	H@50 0.996741	H@100 1.000000
INFO:kbc-cli.py:Epoch 52/100	Loss 5.2407 ± 0.0937
INFO:kbc-cli.py:Epoch 53/100	Loss 5.2386 ± 0.1037
INFO:kbc-cli.py:Epoch 54/100	Loss 5.2394 ± 0.1015
INFO:kbc-cli.py:Epoch 54/100	dev results	MRR 0.888228	H@1 0.826779	H@3 0.942416	H@5 0.964419	H@10 0.977996	H@20 0.988764	H@50 0.992978	H@100 1.000000
INFO:kbc-cli.py:Epoch 54/100	test results	MRR 0.892123	H@1 0.825885	H@3 0.952048	H@5 0.973464	H@10 0.989292	H@20 0.993017	H@50 0.996741	H@100 1.000000
INFO:kbc-cli.py:Epoch 55/100	Loss 5.2378 ± 0.1117
INFO:kbc-cli.py:Epoch 56/100	Loss 5.2324 ± 0.0968
INFO:kbc-cli.py:Epoch 57/100	Loss 5.2292 ± 0.1011
INFO:kbc-cli.py:Epoch 57/100	dev results	MRR 0.887772	H@1 0.826311	H@3 0.942884	H@5 0.964419	H@10 0.977996	H@20 0.988296	H@50 0.992978	H@100 1.000000
INFO:kbc-cli.py:Epoch 57/100	test results	MRR 0.892299	H@1 0.826816	H@3 0.949721	H@5 0.973929	H@10 0.988827	H@20 0.993017	H@50 0.996741	H@100 1.000000
INFO:kbc-cli.py:Epoch 58/100	Loss 5.2265 ± 0.1082
INFO:kbc-cli.py:Epoch 59/100	Loss 5.2230 ± 0.0843
INFO:kbc-cli.py:Epoch 60/100	Loss 5.2231 ± 0.0907
INFO:kbc-cli.py:Epoch 60/100	dev results	MRR 0.888001	H@1 0.824906	H@3 0.947097	H@5 0.963483	H@10 0.978933	H@20 0.988296	H@50 0.993446	H@100 1.000000
INFO:kbc-cli.py:Epoch 60/100	test results	MRR 0.894871	H@1 0.832402	H@3 0.950652	H@5 0.973929	H@10 0.988827	H@20 0.993017	H@50 0.996741	H@100 1.000000
INFO:kbc-cli.py:Epoch 61/100	Loss 5.2229 ± 0.0971
INFO:kbc-cli.py:Epoch 62/100	Loss 5.2198 ± 0.0905
INFO:kbc-cli.py:Epoch 63/100	Loss 5.2182 ± 0.0790
INFO:kbc-cli.py:Epoch 63/100	dev results	MRR 0.888396	H@1 0.826779	H@3 0.945225	H@5 0.965356	H@10 0.978464	H@20 0.988296	H@50 0.993446	H@100 1.000000
INFO:kbc-cli.py:Epoch 63/100	test results	MRR 0.893762	H@1 0.830540	H@3 0.951583	H@5 0.973929	H@10 0.988361	H@20 0.993017	H@50 0.996741	H@100 1.000000
INFO:kbc-cli.py:Epoch 64/100	Loss 5.2124 ± 0.0882
INFO:kbc-cli.py:Epoch 65/100	Loss 5.2173 ± 0.0984
INFO:kbc-cli.py:Epoch 66/100	Loss 5.2129 ± 0.0955
INFO:kbc-cli.py:Epoch 66/100	dev results	MRR 0.887241	H@1 0.824906	H@3 0.944757	H@5 0.965356	H@10 0.978464	H@20 0.988296	H@50 0.993446	H@100 1.000000
INFO:kbc-cli.py:Epoch 66/100	test results	MRR 0.895367	H@1 0.833799	H@3 0.949721	H@5 0.974395	H@10 0.988361	H@20 0.993017	H@50 0.996741	H@100 1.000000
INFO:kbc-cli.py:Epoch 67/100	Loss 5.2146 ± 0.0975
INFO:kbc-cli.py:Epoch 68/100	Loss 5.2055 ± 0.0813
INFO:kbc-cli.py:Epoch 69/100	Loss 5.2111 ± 0.0850
INFO:kbc-cli.py:Epoch 69/100	dev results	MRR 0.888849	H@1 0.828652	H@3 0.942884	H@5 0.965356	H@10 0.978464	H@20 0.988296	H@50 0.993914	H@100 1.000000
INFO:kbc-cli.py:Epoch 69/100	test results	MRR 0.896427	H@1 0.835661	H@3 0.951583	H@5 0.973929	H@10 0.988361	H@20 0.993017	H@50 0.996741	H@100 1.000000
INFO:kbc-cli.py:Epoch 70/100	Loss 5.2083 ± 0.0947
INFO:kbc-cli.py:Epoch 71/100	Loss 5.2030 ± 0.0862
INFO:kbc-cli.py:Epoch 72/100	Loss 5.2030 ± 0.0873
INFO:kbc-cli.py:Epoch 72/100	dev results	MRR 0.889477	H@1 0.829120	H@3 0.942416	H@5 0.964888	H@10 0.978933	H@20 0.987828	H@50 0.992978	H@100 1.000000
INFO:kbc-cli.py:Epoch 72/100	test results	MRR 0.893321	H@1 0.829609	H@3 0.950186	H@5 0.972533	H@10 0.988361	H@20 0.993017	H@50 0.996741	H@100 1.000000
INFO:kbc-cli.py:Epoch 73/100	Loss 5.2036 ± 0.0917
INFO:kbc-cli.py:Epoch 74/100	Loss 5.2045 ± 0.0973
INFO:kbc-cli.py:Epoch 75/100	Loss 5.2000 ± 0.0840
INFO:kbc-cli.py:Epoch 75/100	dev results	MRR 0.887436	H@1 0.825375	H@3 0.943352	H@5 0.964419	H@10 0.978464	H@20 0.988296	H@50 0.993914	H@100 1.000000
INFO:kbc-cli.py:Epoch 75/100	test results	MRR 0.893779	H@1 0.830074	H@3 0.951583	H@5 0.974395	H@10 0.987896	H@20 0.993017	H@50 0.996741	H@100 1.000000
INFO:kbc-cli.py:Epoch 76/100	Loss 5.1965 ± 0.0758
INFO:kbc-cli.py:Epoch 77/100	Loss 5.1978 ± 0.0858
INFO:kbc-cli.py:Epoch 78/100	Loss 5.1948 ± 0.0764
INFO:kbc-cli.py:Epoch 78/100	dev results	MRR 0.889929	H@1 0.828184	H@3 0.946161	H@5 0.965356	H@10 0.977528	H@20 0.988764	H@50 0.993446	H@100 1.000000
INFO:kbc-cli.py:Epoch 78/100	test results	MRR 0.894626	H@1 0.832868	H@3 0.950652	H@5 0.973464	H@10 0.988361	H@20 0.993017	H@50 0.996741	H@100 1.000000
INFO:kbc-cli.py:Epoch 79/100	Loss 5.1931 ± 0.0899
INFO:kbc-cli.py:Epoch 80/100	Loss 5.1953 ± 0.0891
INFO:kbc-cli.py:Epoch 81/100	Loss 5.1908 ± 0.0917
INFO:kbc-cli.py:Epoch 81/100	dev results	MRR 0.886578	H@1 0.823970	H@3 0.942416	H@5 0.965824	H@10 0.978464	H@20 0.988296	H@50 0.993446	H@100 1.000000
INFO:kbc-cli.py:Epoch 81/100	test results	MRR 0.893966	H@1 0.829143	H@3 0.951583	H@5 0.974395	H@10 0.988827	H@20 0.993017	H@50 0.996741	H@100 1.000000
INFO:kbc-cli.py:Epoch 82/100	Loss 5.1884 ± 0.0808
INFO:kbc-cli.py:Epoch 83/100	Loss 5.1906 ± 0.0970
INFO:kbc-cli.py:Epoch 84/100	Loss 5.1895 ± 0.0796
INFO:kbc-cli.py:Epoch 84/100	dev results	MRR 0.888475	H@1 0.827715	H@3 0.941948	H@5 0.964888	H@10 0.978464	H@20 0.988296	H@50 0.994382	H@100 1.000000
INFO:kbc-cli.py:Epoch 84/100	test results	MRR 0.893486	H@1 0.830074	H@3 0.950652	H@5 0.972998	H@10 0.988827	H@20 0.993017	H@50 0.996741	H@100 1.000000
INFO:kbc-cli.py:Epoch 85/100	Loss 5.1896 ± 0.0898
INFO:kbc-cli.py:Epoch 86/100	Loss 5.1845 ± 0.0850
INFO:kbc-cli.py:Epoch 87/100	Loss 5.1831 ± 0.0948
INFO:kbc-cli.py:Epoch 87/100	dev results	MRR 0.888257	H@1 0.825375	H@3 0.945225	H@5 0.964419	H@10 0.978464	H@20 0.988764	H@50 0.994382	H@100 1.000000
INFO:kbc-cli.py:Epoch 87/100	test results	MRR 0.895726	H@1 0.834264	H@3 0.949255	H@5 0.972998	H@10 0.989292	H@20 0.993017	H@50 0.996741	H@100 1.000000
INFO:kbc-cli.py:Epoch 88/100	Loss 5.1871 ± 0.0790
INFO:kbc-cli.py:Epoch 89/100	Loss 5.1821 ± 0.0644
INFO:kbc-cli.py:Epoch 90/100	Loss 5.1812 ± 0.0774
INFO:kbc-cli.py:Epoch 90/100	dev results	MRR 0.888067	H@1 0.825375	H@3 0.945693	H@5 0.965824	H@10 0.978933	H@20 0.988764	H@50 0.994382	H@100 1.000000
INFO:kbc-cli.py:Epoch 90/100	test results	MRR 0.893357	H@1 0.829143	H@3 0.954376	H@5 0.974860	H@10 0.989292	H@20 0.993017	H@50 0.996741	H@100 1.000000
INFO:kbc-cli.py:Epoch 91/100	Loss 5.1800 ± 0.0800
INFO:kbc-cli.py:Epoch 92/100	Loss 5.1824 ± 0.0965
INFO:kbc-cli.py:Epoch 93/100	Loss 5.1800 ± 0.0813
INFO:kbc-cli.py:Epoch 93/100	dev results	MRR 0.887145	H@1 0.823970	H@3 0.943820	H@5 0.965824	H@10 0.977996	H@20 0.988764	H@50 0.993446	H@100 1.000000
INFO:kbc-cli.py:Epoch 93/100	test results	MRR 0.895076	H@1 0.832868	H@3 0.950186	H@5 0.975326	H@10 0.988827	H@20 0.993017	H@50 0.996741	H@100 1.000000
INFO:kbc-cli.py:Epoch 94/100	Loss 5.1772 ± 0.0749
INFO:kbc-cli.py:Epoch 95/100	Loss 5.1787 ± 0.0959
INFO:kbc-cli.py:Epoch 96/100	Loss 5.1719 ± 0.0775
INFO:kbc-cli.py:Epoch 96/100	dev results	MRR 0.885796	H@1 0.823502	H@3 0.941479	H@5 0.966760	H@10 0.977996	H@20 0.988764	H@50 0.993446	H@100 1.000000
INFO:kbc-cli.py:Epoch 96/100	test results	MRR 0.894108	H@1 0.831006	H@3 0.950186	H@5 0.973929	H@10 0.988827	H@20 0.993017	H@50 0.996741	H@100 1.000000
INFO:kbc-cli.py:Epoch 97/100	Loss 5.1724 ± 0.0811
INFO:kbc-cli.py:Epoch 98/100	Loss 5.1732 ± 0.0854
INFO:kbc-cli.py:Epoch 99/100	Loss 5.1745 ± 0.0848
INFO:kbc-cli.py:Epoch 99/100	dev results	MRR 0.886975	H@1 0.823970	H@3 0.943352	H@5 0.965356	H@10 0.978464	H@20 0.988764	H@50 0.993914	H@100 1.000000
INFO:kbc-cli.py:Epoch 99/100	test results	MRR 0.892228	H@1 0.828212	H@3 0.950186	H@5 0.973464	H@10 0.988827	H@20 0.993017	H@50 0.996741	H@100 1.000000
INFO:kbc-cli.py:Epoch 100/100	Loss 5.1722 ± 0.0689
INFO:kbc-cli.py:Final 	dev results	MRR 0.887254	H@1 0.825375	H@3 0.942416	H@5 0.966292	H@10 0.978464	H@20 0.988764	H@50 0.994382	H@100 1.000000
INFO:kbc-cli.py:Final 	test results	MRR 0.893551	H@1 0.830074	H@3 0.951583	H@5 0.972998	H@10 0.989292	H@20 0.993017	H@50 0.996741	H@100 1.000000
INFO:kbc-cli.py:Training finished
