./bin/kbc-cli.py --train data/kinship/train.tsv --dev data/kinship/dev.tsv --test data/kinship/test.tsv -m complex -k 100 -b 100 -e 100 --F2 0 --N3 0.0001 -l 0.1 -I reciprocal -V 3 -o adagrad -c so -q
{'F2': 0.0,
 'N3': 0.0001,
 'batch_size': 100,
 'corruption': 'so',
 'dev': 'data/kinship/dev.tsv',
 'embedding_size': 100,
 'epochs': 100,
 'eval_batch_size': None,
 'input_type': 'reciprocal',
 'learning_rate': 0.1,
 'load': None,
 'model': 'complex',
 'optimizer': 'adagrad',
 'quiet': True,
 'save': None,
 'seed': 0,
 'test': 'data/kinship/test.tsv',
 'test_i': None,
 'test_ii': None,
 'train': 'data/kinship/train.tsv',
 'validate_every': 3}
INFO:kbc-cli.py:Device: cuda
INFO:kbc-cli.py:Model state:
INFO:kbc-cli.py:	entities.weight	torch.Size([104, 200])
INFO:kbc-cli.py:	predicates.weight	torch.Size([50, 200])
INFO:kbc-cli.py:Epoch 1/100	Loss 6.9343 ± 1.2674
INFO:kbc-cli.py:Epoch 2/100	Loss 5.2841 ± 0.1442
INFO:kbc-cli.py:Epoch 3/100	Loss 4.9745 ± 0.1645
INFO:kbc-cli.py:Epoch 3/100	dev results	MRR 0.819802	H@1 0.721442	H@3 0.905899	H@5 0.947566	H@10 0.974719	H@20 0.985487	H@50 0.991105	H@100 1.000000
INFO:kbc-cli.py:Epoch 3/100	test results	MRR 0.815260	H@1 0.711825	H@3 0.904562	H@5 0.947393	H@10 0.979516	H@20 0.991155	H@50 0.997207	H@100 1.000000
INFO:kbc-cli.py:Epoch 4/100	Loss 4.8074 ± 0.1753
INFO:kbc-cli.py:Epoch 5/100	Loss 4.6976 ± 0.1676
INFO:kbc-cli.py:Epoch 6/100	Loss 4.6182 ± 0.1608
INFO:kbc-cli.py:Epoch 6/100	dev results	MRR 0.821184	H@1 0.722378	H@3 0.905899	H@5 0.947566	H@10 0.972846	H@20 0.984551	H@50 0.991573	H@100 1.000000
INFO:kbc-cli.py:Epoch 6/100	test results	MRR 0.829246	H@1 0.734637	H@3 0.908752	H@5 0.945531	H@10 0.979516	H@20 0.992086	H@50 0.996741	H@100 1.000000
INFO:kbc-cli.py:Epoch 7/100	Loss 4.5566 ± 0.1555
INFO:kbc-cli.py:Epoch 8/100	Loss 4.5075 ± 0.1588
INFO:kbc-cli.py:Epoch 9/100	Loss 4.4698 ± 0.1478
INFO:kbc-cli.py:Epoch 9/100	dev results	MRR 0.816125	H@1 0.717697	H@3 0.899813	H@5 0.942884	H@10 0.970974	H@20 0.984551	H@50 0.992041	H@100 1.000000
INFO:kbc-cli.py:Epoch 9/100	test results	MRR 0.827641	H@1 0.731844	H@3 0.905493	H@5 0.943669	H@10 0.980447	H@20 0.993017	H@50 0.996741	H@100 1.000000
INFO:kbc-cli.py:Epoch 10/100	Loss 4.4366 ± 0.1449
INFO:kbc-cli.py:Epoch 11/100	Loss 4.4092 ± 0.1521
INFO:kbc-cli.py:Epoch 12/100	Loss 4.3861 ± 0.1435
INFO:kbc-cli.py:Epoch 12/100	dev results	MRR 0.808912	H@1 0.707397	H@3 0.897004	H@5 0.942416	H@10 0.970506	H@20 0.983614	H@50 0.992509	H@100 1.000000
INFO:kbc-cli.py:Epoch 12/100	test results	MRR 0.818361	H@1 0.718343	H@3 0.906890	H@5 0.942737	H@10 0.977188	H@20 0.993017	H@50 0.996741	H@100 1.000000
INFO:kbc-cli.py:Epoch 13/100	Loss 4.3653 ± 0.1369
INFO:kbc-cli.py:Epoch 14/100	Loss 4.3468 ± 0.1375
INFO:kbc-cli.py:Epoch 15/100	Loss 4.3307 ± 0.1410
INFO:kbc-cli.py:Epoch 15/100	dev results	MRR 0.802357	H@1 0.697097	H@3 0.888109	H@5 0.939607	H@10 0.969569	H@20 0.983614	H@50 0.992041	H@100 1.000000
INFO:kbc-cli.py:Epoch 15/100	test results	MRR 0.814980	H@1 0.712756	H@3 0.903631	H@5 0.938547	H@10 0.977188	H@20 0.992551	H@50 0.996741	H@100 1.000000
INFO:kbc-cli.py:Epoch 16/100	Loss 4.3162 ± 0.1369
INFO:kbc-cli.py:Epoch 17/100	Loss 4.3026 ± 0.1241
INFO:kbc-cli.py:Epoch 18/100	Loss 4.2917 ± 0.1374
INFO:kbc-cli.py:Epoch 18/100	dev results	MRR 0.795597	H@1 0.688670	H@3 0.885300	H@5 0.936798	H@10 0.969101	H@20 0.984082	H@50 0.992041	H@100 1.000000
INFO:kbc-cli.py:Epoch 18/100	test results	MRR 0.806743	H@1 0.701117	H@3 0.898976	H@5 0.938082	H@10 0.975791	H@20 0.992551	H@50 0.996741	H@100 1.000000
INFO:kbc-cli.py:Epoch 19/100	Loss 4.2800 ± 0.1380
INFO:kbc-cli.py:Epoch 20/100	Loss 4.2696 ± 0.1271
INFO:kbc-cli.py:Epoch 21/100	Loss 4.2608 ± 0.1339
INFO:kbc-cli.py:Epoch 21/100	dev results	MRR 0.796256	H@1 0.690075	H@3 0.885768	H@5 0.936330	H@10 0.967697	H@20 0.983614	H@50 0.992509	H@100 1.000000
INFO:kbc-cli.py:Epoch 21/100	test results	MRR 0.802439	H@1 0.695996	H@3 0.895251	H@5 0.937616	H@10 0.975791	H@20 0.992551	H@50 0.997672	H@100 1.000000
INFO:kbc-cli.py:Epoch 22/100	Loss 4.2521 ± 0.1382
INFO:kbc-cli.py:Epoch 23/100	Loss 4.2443 ± 0.1172
INFO:kbc-cli.py:Epoch 24/100	Loss 4.2374 ± 0.1331
INFO:kbc-cli.py:Epoch 24/100	dev results	MRR 0.788195	H@1 0.677903	H@3 0.879682	H@5 0.932116	H@10 0.966292	H@20 0.984082	H@50 0.992041	H@100 1.000000
INFO:kbc-cli.py:Epoch 24/100	test results	MRR 0.798168	H@1 0.689944	H@3 0.890130	H@5 0.936685	H@10 0.974860	H@20 0.992086	H@50 0.998138	H@100 1.000000
INFO:kbc-cli.py:Epoch 25/100	Loss 4.2305 ± 0.1201
INFO:kbc-cli.py:Epoch 26/100	Loss 4.2237 ± 0.1307
INFO:kbc-cli.py:Epoch 27/100	Loss 4.2181 ± 0.1278
INFO:kbc-cli.py:Epoch 27/100	dev results	MRR 0.786143	H@1 0.677434	H@3 0.877809	H@5 0.930712	H@10 0.966292	H@20 0.984551	H@50 0.992041	H@100 1.000000
INFO:kbc-cli.py:Epoch 27/100	test results	MRR 0.797226	H@1 0.689013	H@3 0.886872	H@5 0.936220	H@10 0.973464	H@20 0.991620	H@50 0.997672	H@100 1.000000
INFO:kbc-cli.py:Epoch 28/100	Loss 4.2128 ± 0.1239
INFO:kbc-cli.py:Epoch 29/100	Loss 4.2076 ± 0.1178
INFO:kbc-cli.py:Epoch 30/100	Loss 4.2021 ± 0.1272
INFO:kbc-cli.py:Epoch 30/100	dev results	MRR 0.781580	H@1 0.669007	H@3 0.878277	H@5 0.929307	H@10 0.965824	H@20 0.983146	H@50 0.992509	H@100 1.000000
INFO:kbc-cli.py:Epoch 30/100	test results	MRR 0.791309	H@1 0.681564	H@3 0.882216	H@5 0.934823	H@10 0.972998	H@20 0.991155	H@50 0.997207	H@100 1.000000
INFO:kbc-cli.py:Epoch 31/100	Loss 4.1980 ± 0.1226
INFO:kbc-cli.py:Epoch 32/100	Loss 4.1932 ± 0.1236
INFO:kbc-cli.py:Epoch 33/100	Loss 4.1885 ± 0.1127
INFO:kbc-cli.py:Epoch 33/100	dev results	MRR 0.780286	H@1 0.668539	H@3 0.873127	H@5 0.929307	H@10 0.964888	H@20 0.982678	H@50 0.992509	H@100 1.000000
INFO:kbc-cli.py:Epoch 33/100	test results	MRR 0.788010	H@1 0.675978	H@3 0.879423	H@5 0.932495	H@10 0.971601	H@20 0.992086	H@50 0.998138	H@100 1.000000
INFO:kbc-cli.py:Epoch 34/100	Loss 4.1849 ± 0.1257
INFO:kbc-cli.py:Epoch 35/100	Loss 4.1810 ± 0.1144
INFO:kbc-cli.py:Epoch 36/100	Loss 4.1768 ± 0.1178
INFO:kbc-cli.py:Epoch 36/100	dev results	MRR 0.778733	H@1 0.666199	H@3 0.873596	H@5 0.929775	H@10 0.966292	H@20 0.983146	H@50 0.992509	H@100 1.000000
INFO:kbc-cli.py:Epoch 36/100	test results	MRR 0.787069	H@1 0.675047	H@3 0.878492	H@5 0.932495	H@10 0.970670	H@20 0.992086	H@50 0.998138	H@100 1.000000
INFO:kbc-cli.py:Epoch 37/100	Loss 4.1735 ± 0.1110
INFO:kbc-cli.py:Epoch 38/100	Loss 4.1704 ± 0.1151
INFO:kbc-cli.py:Epoch 39/100	Loss 4.1673 ± 0.1183
INFO:kbc-cli.py:Epoch 39/100	dev results	MRR 0.777010	H@1 0.663858	H@3 0.873127	H@5 0.925094	H@10 0.965824	H@20 0.982678	H@50 0.992509	H@100 1.000000
INFO:kbc-cli.py:Epoch 39/100	test results	MRR 0.783864	H@1 0.669926	H@3 0.876164	H@5 0.930633	H@10 0.970205	H@20 0.990223	H@50 0.997672	H@100 1.000000
INFO:kbc-cli.py:Epoch 40/100	Loss 4.1641 ± 0.1254
INFO:kbc-cli.py:Epoch 41/100	Loss 4.1614 ± 0.1050
INFO:kbc-cli.py:Epoch 42/100	Loss 4.1579 ± 0.1184
INFO:kbc-cli.py:Epoch 42/100	dev results	MRR 0.777175	H@1 0.665262	H@3 0.869382	H@5 0.925562	H@10 0.965356	H@20 0.982678	H@50 0.992509	H@100 1.000000
INFO:kbc-cli.py:Epoch 42/100	test results	MRR 0.780971	H@1 0.664339	H@3 0.874302	H@5 0.928305	H@10 0.969274	H@20 0.991620	H@50 0.997672	H@100 1.000000
INFO:kbc-cli.py:Epoch 43/100	Loss 4.1554 ± 0.1219
INFO:kbc-cli.py:Epoch 44/100	Loss 4.1532 ± 0.1258
INFO:kbc-cli.py:Epoch 45/100	Loss 4.1503 ± 0.1092
INFO:kbc-cli.py:Epoch 45/100	dev results	MRR 0.773479	H@1 0.659644	H@3 0.865169	H@5 0.923689	H@10 0.964888	H@20 0.983146	H@50 0.992509	H@100 1.000000
INFO:kbc-cli.py:Epoch 45/100	test results	MRR 0.777802	H@1 0.660615	H@3 0.873371	H@5 0.926909	H@10 0.970205	H@20 0.991155	H@50 0.998138	H@100 1.000000
INFO:kbc-cli.py:Epoch 46/100	Loss 4.1480 ± 0.1321
INFO:kbc-cli.py:Epoch 47/100	Loss 4.1458 ± 0.1161
INFO:kbc-cli.py:Epoch 48/100	Loss 4.1433 ± 0.1238
INFO:kbc-cli.py:Epoch 48/100	dev results	MRR 0.771000	H@1 0.655431	H@3 0.867041	H@5 0.922285	H@10 0.963951	H@20 0.983146	H@50 0.992509	H@100 1.000000
INFO:kbc-cli.py:Epoch 48/100	test results	MRR 0.778254	H@1 0.662011	H@3 0.871974	H@5 0.925512	H@10 0.969274	H@20 0.991155	H@50 0.997672	H@100 1.000000
INFO:kbc-cli.py:Epoch 49/100	Loss 4.1411 ± 0.1146
INFO:kbc-cli.py:Epoch 50/100	Loss 4.1393 ± 0.1149
INFO:kbc-cli.py:Epoch 51/100	Loss 4.1373 ± 0.1138
INFO:kbc-cli.py:Epoch 51/100	dev results	MRR 0.771030	H@1 0.656367	H@3 0.864232	H@5 0.920880	H@10 0.963483	H@20 0.983146	H@50 0.992509	H@100 1.000000
INFO:kbc-cli.py:Epoch 51/100	test results	MRR 0.775436	H@1 0.657821	H@3 0.871508	H@5 0.924581	H@10 0.969739	H@20 0.991155	H@50 0.998138	H@100 1.000000
INFO:kbc-cli.py:Epoch 52/100	Loss 4.1350 ± 0.1112
INFO:kbc-cli.py:Epoch 53/100	Loss 4.1333 ± 0.1102
INFO:kbc-cli.py:Epoch 54/100	Loss 4.1312 ± 0.1088
INFO:kbc-cli.py:Epoch 54/100	dev results	MRR 0.769197	H@1 0.654026	H@3 0.864232	H@5 0.921348	H@10 0.963951	H@20 0.983146	H@50 0.992509	H@100 1.000000
INFO:kbc-cli.py:Epoch 54/100	test results	MRR 0.772645	H@1 0.652235	H@3 0.871043	H@5 0.924115	H@10 0.968808	H@20 0.990223	H@50 0.997672	H@100 1.000000
INFO:kbc-cli.py:Epoch 55/100	Loss 4.1298 ± 0.1213
INFO:kbc-cli.py:Epoch 56/100	Loss 4.1277 ± 0.1073
INFO:kbc-cli.py:Epoch 57/100	Loss 4.1262 ± 0.1207
INFO:kbc-cli.py:Epoch 57/100	dev results	MRR 0.766426	H@1 0.649813	H@3 0.860487	H@5 0.921348	H@10 0.963483	H@20 0.983146	H@50 0.992509	H@100 1.000000
INFO:kbc-cli.py:Epoch 57/100	test results	MRR 0.773888	H@1 0.655959	H@3 0.869646	H@5 0.923650	H@10 0.969274	H@20 0.990689	H@50 0.998603	H@100 1.000000
INFO:kbc-cli.py:Epoch 58/100	Loss 4.1247 ± 0.1163
INFO:kbc-cli.py:Epoch 59/100	Loss 4.1226 ± 0.1182
INFO:kbc-cli.py:Epoch 60/100	Loss 4.1213 ± 0.1134
INFO:kbc-cli.py:Epoch 60/100	dev results	MRR 0.766180	H@1 0.648876	H@3 0.864232	H@5 0.919944	H@10 0.963483	H@20 0.983146	H@50 0.992509	H@100 1.000000
INFO:kbc-cli.py:Epoch 60/100	test results	MRR 0.771642	H@1 0.652235	H@3 0.869646	H@5 0.921788	H@10 0.968343	H@20 0.990223	H@50 0.998138	H@100 1.000000
INFO:kbc-cli.py:Epoch 61/100	Loss 4.1200 ± 0.1106
INFO:kbc-cli.py:Epoch 62/100	Loss 4.1181 ± 0.1163
INFO:kbc-cli.py:Epoch 63/100	Loss 4.1167 ± 0.1175
INFO:kbc-cli.py:Epoch 63/100	dev results	MRR 0.764813	H@1 0.646536	H@3 0.860487	H@5 0.919944	H@10 0.963483	H@20 0.983146	H@50 0.992509	H@100 1.000000
INFO:kbc-cli.py:Epoch 63/100	test results	MRR 0.769091	H@1 0.648045	H@3 0.868715	H@5 0.921788	H@10 0.968343	H@20 0.990689	H@50 0.998138	H@100 1.000000
INFO:kbc-cli.py:Epoch 64/100	Loss 4.1153 ± 0.1110
INFO:kbc-cli.py:Epoch 65/100	Loss 4.1141 ± 0.1118
INFO:kbc-cli.py:Epoch 66/100	Loss 4.1126 ± 0.1142
INFO:kbc-cli.py:Epoch 66/100	dev results	MRR 0.765374	H@1 0.648876	H@3 0.859551	H@5 0.919476	H@10 0.963483	H@20 0.982678	H@50 0.992509	H@100 1.000000
INFO:kbc-cli.py:Epoch 66/100	test results	MRR 0.767213	H@1 0.644786	H@3 0.868715	H@5 0.921788	H@10 0.968808	H@20 0.990223	H@50 0.998138	H@100 1.000000
INFO:kbc-cli.py:Epoch 67/100	Loss 4.1117 ± 0.1130
INFO:kbc-cli.py:Epoch 68/100	Loss 4.1101 ± 0.1197
INFO:kbc-cli.py:Epoch 69/100	Loss 4.1092 ± 0.1027
INFO:kbc-cli.py:Epoch 69/100	dev results	MRR 0.763252	H@1 0.645599	H@3 0.859082	H@5 0.919476	H@10 0.962547	H@20 0.983146	H@50 0.992509	H@100 1.000000
INFO:kbc-cli.py:Epoch 69/100	test results	MRR 0.765990	H@1 0.643389	H@3 0.866387	H@5 0.921788	H@10 0.968343	H@20 0.989758	H@50 0.998138	H@100 1.000000
INFO:kbc-cli.py:Epoch 70/100	Loss 4.1079 ± 0.1150
INFO:kbc-cli.py:Epoch 71/100	Loss 4.1065 ± 0.1055
INFO:kbc-cli.py:Epoch 72/100	Loss 4.1055 ± 0.1099
INFO:kbc-cli.py:Epoch 72/100	dev results	MRR 0.760513	H@1 0.641386	H@3 0.856742	H@5 0.918071	H@10 0.962079	H@20 0.982678	H@50 0.992509	H@100 1.000000
INFO:kbc-cli.py:Epoch 72/100	test results	MRR 0.765377	H@1 0.642924	H@3 0.865922	H@5 0.920857	H@10 0.968343	H@20 0.989758	H@50 0.998138	H@100 1.000000
INFO:kbc-cli.py:Epoch 73/100	Loss 4.1046 ± 0.1076
INFO:kbc-cli.py:Epoch 74/100	Loss 4.1035 ± 0.1105
INFO:kbc-cli.py:Epoch 75/100	Loss 4.1024 ± 0.1102
INFO:kbc-cli.py:Epoch 75/100	dev results	MRR 0.760593	H@1 0.641854	H@3 0.855337	H@5 0.919476	H@10 0.962547	H@20 0.982678	H@50 0.992509	H@100 1.000000
INFO:kbc-cli.py:Epoch 75/100	test results	MRR 0.764755	H@1 0.642924	H@3 0.865922	H@5 0.920391	H@10 0.967412	H@20 0.989758	H@50 0.998138	H@100 1.000000
INFO:kbc-cli.py:Epoch 76/100	Loss 4.1014 ± 0.1079
INFO:kbc-cli.py:Epoch 77/100	Loss 4.1003 ± 0.1131
INFO:kbc-cli.py:Epoch 78/100	Loss 4.0989 ± 0.1006
INFO:kbc-cli.py:Epoch 78/100	dev results	MRR 0.758521	H@1 0.638577	H@3 0.855805	H@5 0.916667	H@10 0.962547	H@20 0.982210	H@50 0.992509	H@100 1.000000
INFO:kbc-cli.py:Epoch 78/100	test results	MRR 0.762812	H@1 0.638734	H@3 0.866387	H@5 0.920857	H@10 0.966946	H@20 0.989758	H@50 0.998603	H@100 1.000000
INFO:kbc-cli.py:Epoch 79/100	Loss 4.0982 ± 0.1100
INFO:kbc-cli.py:Epoch 80/100	Loss 4.0973 ± 0.1177
INFO:kbc-cli.py:Epoch 81/100	Loss 4.0966 ± 0.1200
INFO:kbc-cli.py:Epoch 81/100	dev results	MRR 0.760218	H@1 0.641854	H@3 0.853933	H@5 0.916667	H@10 0.961610	H@20 0.982210	H@50 0.992509	H@100 1.000000
INFO:kbc-cli.py:Epoch 81/100	test results	MRR 0.762936	H@1 0.637803	H@3 0.868250	H@5 0.920391	H@10 0.967412	H@20 0.989292	H@50 0.998603	H@100 1.000000
INFO:kbc-cli.py:Epoch 82/100	Loss 4.0954 ± 0.1014
INFO:kbc-cli.py:Epoch 83/100	Loss 4.0948 ± 0.1258
INFO:kbc-cli.py:Epoch 84/100	Loss 4.0936 ± 0.1006
INFO:kbc-cli.py:Epoch 84/100	dev results	MRR 0.759953	H@1 0.641854	H@3 0.854401	H@5 0.917603	H@10 0.961610	H@20 0.982210	H@50 0.992509	H@100 1.000000
INFO:kbc-cli.py:Epoch 84/100	test results	MRR 0.761344	H@1 0.636872	H@3 0.863128	H@5 0.920391	H@10 0.966946	H@20 0.989758	H@50 0.999069	H@100 1.000000
INFO:kbc-cli.py:Epoch 85/100	Loss 4.0926 ± 0.1126
INFO:kbc-cli.py:Epoch 86/100	Loss 4.0922 ± 0.1150
INFO:kbc-cli.py:Epoch 87/100	Loss 4.0913 ± 0.1162
INFO:kbc-cli.py:Epoch 87/100	dev results	MRR 0.757759	H@1 0.638577	H@3 0.852996	H@5 0.915262	H@10 0.961142	H@20 0.982210	H@50 0.992509	H@100 1.000000
INFO:kbc-cli.py:Epoch 87/100	test results	MRR 0.758929	H@1 0.632682	H@3 0.863594	H@5 0.920391	H@10 0.967877	H@20 0.989292	H@50 0.998603	H@100 1.000000
INFO:kbc-cli.py:Epoch 88/100	Loss 4.0905 ± 0.0965
INFO:kbc-cli.py:Epoch 89/100	Loss 4.0892 ± 0.0970
INFO:kbc-cli.py:Epoch 90/100	Loss 4.0886 ± 0.1054
INFO:kbc-cli.py:Epoch 90/100	dev results	MRR 0.756465	H@1 0.636236	H@3 0.852528	H@5 0.915262	H@10 0.961142	H@20 0.982210	H@50 0.992509	H@100 1.000000
INFO:kbc-cli.py:Epoch 90/100	test results	MRR 0.759461	H@1 0.635009	H@3 0.861732	H@5 0.919460	H@10 0.967412	H@20 0.989758	H@50 0.999069	H@100 1.000000
INFO:kbc-cli.py:Epoch 91/100	Loss 4.0878 ± 0.1087
INFO:kbc-cli.py:Epoch 92/100	Loss 4.0875 ± 0.1204
INFO:kbc-cli.py:Epoch 93/100	Loss 4.0864 ± 0.1095
INFO:kbc-cli.py:Epoch 93/100	dev results	MRR 0.755999	H@1 0.635768	H@3 0.851124	H@5 0.914794	H@10 0.961142	H@20 0.982210	H@50 0.992509	H@100 1.000000
INFO:kbc-cli.py:Epoch 93/100	test results	MRR 0.758689	H@1 0.632682	H@3 0.862197	H@5 0.920391	H@10 0.966480	H@20 0.989758	H@50 0.998603	H@100 1.000000
INFO:kbc-cli.py:Epoch 94/100	Loss 4.0858 ± 0.1071
INFO:kbc-cli.py:Epoch 95/100	Loss 4.0848 ± 0.1232
INFO:kbc-cli.py:Epoch 96/100	Loss 4.0841 ± 0.1089
INFO:kbc-cli.py:Epoch 96/100	dev results	MRR 0.757696	H@1 0.639045	H@3 0.851592	H@5 0.914326	H@10 0.961142	H@20 0.981742	H@50 0.992509	H@100 1.000000
INFO:kbc-cli.py:Epoch 96/100	test results	MRR 0.757866	H@1 0.631285	H@3 0.861266	H@5 0.920391	H@10 0.967877	H@20 0.989758	H@50 0.998603	H@100 1.000000
INFO:kbc-cli.py:Epoch 97/100	Loss 4.0834 ± 0.1066
INFO:kbc-cli.py:Epoch 98/100	Loss 4.0828 ± 0.1149
INFO:kbc-cli.py:Epoch 99/100	Loss 4.0822 ± 0.1090
INFO:kbc-cli.py:Epoch 99/100	dev results	MRR 0.756023	H@1 0.636236	H@3 0.851124	H@5 0.914326	H@10 0.961142	H@20 0.981742	H@50 0.992509	H@100 1.000000
INFO:kbc-cli.py:Epoch 99/100	test results	MRR 0.758004	H@1 0.632682	H@3 0.859870	H@5 0.919926	H@10 0.966480	H@20 0.989758	H@50 0.999069	H@100 1.000000
INFO:kbc-cli.py:Epoch 100/100	Loss 4.0815 ± 0.1006
INFO:kbc-cli.py:Final 	dev results	MRR 0.755507	H@1 0.635768	H@3 0.850655	H@5 0.914326	H@10 0.961142	H@20 0.981742	H@50 0.992509	H@100 1.000000
INFO:kbc-cli.py:Final 	test results	MRR 0.757419	H@1 0.631285	H@3 0.859404	H@5 0.919926	H@10 0.966480	H@20 0.989758	H@50 0.999069	H@100 1.000000
INFO:kbc-cli.py:Training finished
