./bin/kbc-cli.py --train data/nations/train.tsv --dev data/nations/dev.tsv --test data/nations/test.tsv -m complex -k 200 -b 500 -e 100 --F2 0 --N3 0.001 -l 0.1 -I standard -V 3 -o adagrad -c spo -q
{'F2': 0.0,
 'N3': 0.001,
 'batch_size': 500,
 'corruption': 'spo',
 'dev': 'data/nations/dev.tsv',
 'embedding_size': 200,
 'epochs': 100,
 'eval_batch_size': None,
 'input_type': 'standard',
 'learning_rate': 0.1,
 'load': None,
 'model': 'complex',
 'optimizer': 'adagrad',
 'quiet': True,
 'save': None,
 'seed': 0,
 'test': 'data/nations/test.tsv',
 'test_i': None,
 'test_ii': None,
 'train': 'data/nations/train.tsv',
 'validate_every': 3}
INFO:kbc-cli.py:Device: cuda
INFO:kbc-cli.py:Model state:
INFO:kbc-cli.py:	entities.weight	torch.Size([14, 400])
INFO:kbc-cli.py:	predicates.weight	torch.Size([55, 400])
INFO:kbc-cli.py:Epoch 1/100	Loss 9.3181 ± 0.0385
INFO:kbc-cli.py:Epoch 2/100	Loss 8.8150 ± 0.0924
INFO:kbc-cli.py:Epoch 3/100	Loss 7.8244 ± 0.1295
INFO:kbc-cli.py:Epoch 3/100	dev results	MRR 0.707814	H@1 0.550251	H@3 0.834171	H@5 0.937186	H@10 0.994975	H@20 1.000000	H@50 1.000000	H@100 1.000000
INFO:kbc-cli.py:Epoch 3/100	test results	MRR 0.716736	H@1 0.564677	H@3 0.843284	H@5 0.942786	H@10 0.995025	H@20 1.000000	H@50 1.000000	H@100 1.000000
INFO:kbc-cli.py:Epoch 4/100	Loss 7.2693 ± 0.2719
INFO:kbc-cli.py:Epoch 5/100	Loss 6.8678 ± 0.1160
INFO:kbc-cli.py:Epoch 6/100	Loss 6.8065 ± 0.2994
INFO:kbc-cli.py:Epoch 6/100	dev results	MRR 0.729636	H@1 0.585427	H@3 0.856784	H@5 0.949749	H@10 0.989950	H@20 1.000000	H@50 1.000000	H@100 1.000000
INFO:kbc-cli.py:Epoch 6/100	test results	MRR 0.775141	H@1 0.649254	H@3 0.873134	H@5 0.942786	H@10 0.997512	H@20 1.000000	H@50 1.000000	H@100 1.000000
INFO:kbc-cli.py:Epoch 7/100	Loss 6.5548 ± 0.1068
INFO:kbc-cli.py:Epoch 8/100	Loss 6.5208 ± 0.1930
INFO:kbc-cli.py:Epoch 9/100	Loss 6.3405 ± 0.1520
INFO:kbc-cli.py:Epoch 9/100	dev results	MRR 0.747109	H@1 0.605528	H@3 0.866834	H@5 0.944724	H@10 0.989950	H@20 1.000000	H@50 1.000000	H@100 1.000000
INFO:kbc-cli.py:Epoch 9/100	test results	MRR 0.802941	H@1 0.694030	H@3 0.890547	H@5 0.947761	H@10 0.995025	H@20 1.000000	H@50 1.000000	H@100 1.000000
INFO:kbc-cli.py:Epoch 10/100	Loss 6.4254 ± 0.2731
INFO:kbc-cli.py:Epoch 11/100	Loss 6.3028 ± 0.1284
INFO:kbc-cli.py:Epoch 12/100	Loss 6.2721 ± 0.1702
INFO:kbc-cli.py:Epoch 12/100	dev results	MRR 0.783654	H@1 0.665829	H@3 0.884422	H@5 0.957286	H@10 0.994975	H@20 1.000000	H@50 1.000000	H@100 1.000000
INFO:kbc-cli.py:Epoch 12/100	test results	MRR 0.800160	H@1 0.689055	H@3 0.885572	H@5 0.947761	H@10 0.995025	H@20 1.000000	H@50 1.000000	H@100 1.000000
INFO:kbc-cli.py:Epoch 13/100	Loss 6.2598 ± 0.1666
INFO:kbc-cli.py:Epoch 14/100	Loss 6.1749 ± 0.1498
INFO:kbc-cli.py:Epoch 15/100	Loss 6.1526 ± 0.1079
INFO:kbc-cli.py:Epoch 15/100	dev results	MRR 0.785059	H@1 0.670854	H@3 0.884422	H@5 0.957286	H@10 0.994975	H@20 1.000000	H@50 1.000000	H@100 1.000000
INFO:kbc-cli.py:Epoch 15/100	test results	MRR 0.799924	H@1 0.686567	H@3 0.893035	H@5 0.947761	H@10 0.997512	H@20 1.000000	H@50 1.000000	H@100 1.000000
INFO:kbc-cli.py:Epoch 16/100	Loss 6.1228 ± 0.1055
INFO:kbc-cli.py:Epoch 17/100	Loss 6.1303 ± 0.1669
INFO:kbc-cli.py:Epoch 18/100	Loss 6.0803 ± 0.1328
INFO:kbc-cli.py:Epoch 18/100	dev results	MRR 0.777858	H@1 0.653266	H@3 0.874372	H@5 0.957286	H@10 0.994975	H@20 1.000000	H@50 1.000000	H@100 1.000000
INFO:kbc-cli.py:Epoch 18/100	test results	MRR 0.798510	H@1 0.679104	H@3 0.900498	H@5 0.962687	H@10 0.995025	H@20 1.000000	H@50 1.000000	H@100 1.000000
INFO:kbc-cli.py:Epoch 19/100	Loss 6.1292 ± 0.2334
INFO:kbc-cli.py:Epoch 20/100	Loss 6.0962 ± 0.2031
INFO:kbc-cli.py:Epoch 21/100	Loss 6.1000 ± 0.2462
INFO:kbc-cli.py:Epoch 21/100	dev results	MRR 0.786456	H@1 0.665829	H@3 0.891960	H@5 0.962312	H@10 0.994975	H@20 1.000000	H@50 1.000000	H@100 1.000000
INFO:kbc-cli.py:Epoch 21/100	test results	MRR 0.801000	H@1 0.691542	H@3 0.890547	H@5 0.952736	H@10 0.995025	H@20 1.000000	H@50 1.000000	H@100 1.000000
INFO:kbc-cli.py:Epoch 22/100	Loss 5.9840 ± 0.1512
INFO:kbc-cli.py:Epoch 23/100	Loss 6.0324 ± 0.1892
INFO:kbc-cli.py:Epoch 24/100	Loss 6.0221 ± 0.1898
INFO:kbc-cli.py:Epoch 24/100	dev results	MRR 0.789837	H@1 0.673367	H@3 0.891960	H@5 0.957286	H@10 0.994975	H@20 1.000000	H@50 1.000000	H@100 1.000000
INFO:kbc-cli.py:Epoch 24/100	test results	MRR 0.807373	H@1 0.696517	H@3 0.900498	H@5 0.957711	H@10 0.995025	H@20 1.000000	H@50 1.000000	H@100 1.000000
INFO:kbc-cli.py:Epoch 25/100	Loss 5.9435 ± 0.1288
INFO:kbc-cli.py:Epoch 26/100	Loss 5.9874 ± 0.1218
INFO:kbc-cli.py:Epoch 27/100	Loss 5.9737 ± 0.1613
INFO:kbc-cli.py:Epoch 27/100	dev results	MRR 0.789964	H@1 0.675879	H@3 0.889447	H@5 0.959799	H@10 0.994975	H@20 1.000000	H@50 1.000000	H@100 1.000000
INFO:kbc-cli.py:Epoch 27/100	test results	MRR 0.795752	H@1 0.679104	H@3 0.905473	H@5 0.957711	H@10 0.995025	H@20 1.000000	H@50 1.000000	H@100 1.000000
INFO:kbc-cli.py:Epoch 28/100	Loss 5.9632 ± 0.0962
INFO:kbc-cli.py:Epoch 29/100	Loss 5.9943 ± 0.1757
INFO:kbc-cli.py:Epoch 30/100	Loss 5.9308 ± 0.1072
INFO:kbc-cli.py:Epoch 30/100	dev results	MRR 0.796622	H@1 0.685930	H@3 0.894472	H@5 0.954774	H@10 0.994975	H@20 1.000000	H@50 1.000000	H@100 1.000000
INFO:kbc-cli.py:Epoch 30/100	test results	MRR 0.805484	H@1 0.689055	H@3 0.905473	H@5 0.950249	H@10 0.995025	H@20 1.000000	H@50 1.000000	H@100 1.000000
INFO:kbc-cli.py:Epoch 31/100	Loss 5.8951 ± 0.0233
INFO:kbc-cli.py:Epoch 32/100	Loss 5.8942 ± 0.0788
INFO:kbc-cli.py:Epoch 33/100	Loss 5.9038 ± 0.1794
INFO:kbc-cli.py:Epoch 33/100	dev results	MRR 0.791387	H@1 0.668342	H@3 0.894472	H@5 0.952261	H@10 0.994975	H@20 1.000000	H@50 1.000000	H@100 1.000000
INFO:kbc-cli.py:Epoch 33/100	test results	MRR 0.807526	H@1 0.694030	H@3 0.905473	H@5 0.952736	H@10 0.992537	H@20 1.000000	H@50 1.000000	H@100 1.000000
INFO:kbc-cli.py:Epoch 34/100	Loss 5.9064 ± 0.1057
INFO:kbc-cli.py:Epoch 35/100	Loss 5.8927 ± 0.1259
INFO:kbc-cli.py:Epoch 36/100	Loss 5.9506 ± 0.2349
INFO:kbc-cli.py:Epoch 36/100	dev results	MRR 0.780102	H@1 0.648241	H@3 0.902010	H@5 0.964824	H@10 0.994975	H@20 1.000000	H@50 1.000000	H@100 1.000000
INFO:kbc-cli.py:Epoch 36/100	test results	MRR 0.808702	H@1 0.699005	H@3 0.898010	H@5 0.955224	H@10 0.992537	H@20 1.000000	H@50 1.000000	H@100 1.000000
INFO:kbc-cli.py:Epoch 37/100	Loss 5.9392 ± 0.1798
INFO:kbc-cli.py:Epoch 38/100	Loss 5.8703 ± 0.0458
INFO:kbc-cli.py:Epoch 39/100	Loss 5.8854 ± 0.0751
INFO:kbc-cli.py:Epoch 39/100	dev results	MRR 0.784988	H@1 0.663317	H@3 0.909548	H@5 0.957286	H@10 0.997487	H@20 1.000000	H@50 1.000000	H@100 1.000000
INFO:kbc-cli.py:Epoch 39/100	test results	MRR 0.800030	H@1 0.676617	H@3 0.910448	H@5 0.957711	H@10 0.992537	H@20 1.000000	H@50 1.000000	H@100 1.000000
INFO:kbc-cli.py:Epoch 40/100	Loss 5.8700 ± 0.1496
INFO:kbc-cli.py:Epoch 41/100	Loss 5.9330 ± 0.2288
INFO:kbc-cli.py:Epoch 42/100	Loss 5.8880 ± 0.1256
INFO:kbc-cli.py:Epoch 42/100	dev results	MRR 0.794267	H@1 0.678392	H@3 0.902010	H@5 0.964824	H@10 0.994975	H@20 1.000000	H@50 1.000000	H@100 1.000000
INFO:kbc-cli.py:Epoch 42/100	test results	MRR 0.802911	H@1 0.684080	H@3 0.900498	H@5 0.955224	H@10 0.992537	H@20 1.000000	H@50 1.000000	H@100 1.000000
INFO:kbc-cli.py:Epoch 43/100	Loss 5.9080 ± 0.1946
INFO:kbc-cli.py:Epoch 44/100	Loss 5.8493 ± 0.1403
INFO:kbc-cli.py:Epoch 45/100	Loss 5.8377 ± 0.1438
INFO:kbc-cli.py:Epoch 45/100	dev results	MRR 0.795274	H@1 0.675879	H@3 0.894472	H@5 0.957286	H@10 0.997487	H@20 1.000000	H@50 1.000000	H@100 1.000000
INFO:kbc-cli.py:Epoch 45/100	test results	MRR 0.799984	H@1 0.684080	H@3 0.900498	H@5 0.955224	H@10 0.995025	H@20 1.000000	H@50 1.000000	H@100 1.000000
INFO:kbc-cli.py:Epoch 46/100	Loss 5.8728 ± 0.1081
INFO:kbc-cli.py:Epoch 47/100	Loss 5.8582 ± 0.1217
INFO:kbc-cli.py:Epoch 48/100	Loss 5.8350 ± 0.0912
INFO:kbc-cli.py:Epoch 48/100	dev results	MRR 0.801567	H@1 0.685930	H@3 0.904523	H@5 0.959799	H@10 0.997487	H@20 1.000000	H@50 1.000000	H@100 1.000000
INFO:kbc-cli.py:Epoch 48/100	test results	MRR 0.802386	H@1 0.691542	H@3 0.898010	H@5 0.952736	H@10 0.992537	H@20 1.000000	H@50 1.000000	H@100 1.000000
INFO:kbc-cli.py:Epoch 49/100	Loss 5.8636 ± 0.1092
INFO:kbc-cli.py:Epoch 50/100	Loss 5.8193 ± 0.0913
INFO:kbc-cli.py:Epoch 51/100	Loss 5.8357 ± 0.0932
INFO:kbc-cli.py:Epoch 51/100	dev results	MRR 0.795185	H@1 0.673367	H@3 0.912060	H@5 0.962312	H@10 0.997487	H@20 1.000000	H@50 1.000000	H@100 1.000000
INFO:kbc-cli.py:Epoch 51/100	test results	MRR 0.804051	H@1 0.689055	H@3 0.910448	H@5 0.952736	H@10 0.992537	H@20 1.000000	H@50 1.000000	H@100 1.000000
INFO:kbc-cli.py:Epoch 52/100	Loss 5.8631 ± 0.1450
INFO:kbc-cli.py:Epoch 53/100	Loss 5.8612 ± 0.1967
INFO:kbc-cli.py:Epoch 54/100	Loss 5.8337 ± 0.0940
INFO:kbc-cli.py:Epoch 54/100	dev results	MRR 0.795185	H@1 0.678392	H@3 0.894472	H@5 0.959799	H@10 0.997487	H@20 1.000000	H@50 1.000000	H@100 1.000000
INFO:kbc-cli.py:Epoch 54/100	test results	MRR 0.816942	H@1 0.716418	H@3 0.910448	H@5 0.952736	H@10 0.992537	H@20 1.000000	H@50 1.000000	H@100 1.000000
INFO:kbc-cli.py:Epoch 55/100	Loss 5.8252 ± 0.0873
INFO:kbc-cli.py:Epoch 56/100	Loss 5.7989 ± 0.1017
INFO:kbc-cli.py:Epoch 57/100	Loss 5.8333 ± 0.0933
INFO:kbc-cli.py:Epoch 57/100	dev results	MRR 0.792992	H@1 0.673367	H@3 0.896985	H@5 0.959799	H@10 0.997487	H@20 1.000000	H@50 1.000000	H@100 1.000000
INFO:kbc-cli.py:Epoch 57/100	test results	MRR 0.808985	H@1 0.699005	H@3 0.910448	H@5 0.955224	H@10 0.992537	H@20 1.000000	H@50 1.000000	H@100 1.000000
INFO:kbc-cli.py:Epoch 58/100	Loss 5.8416 ± 0.1506
INFO:kbc-cli.py:Epoch 59/100	Loss 5.8420 ± 0.1402
INFO:kbc-cli.py:Epoch 60/100	Loss 5.8144 ± 0.1180
INFO:kbc-cli.py:Epoch 60/100	dev results	MRR 0.796512	H@1 0.678392	H@3 0.907035	H@5 0.959799	H@10 0.997487	H@20 1.000000	H@50 1.000000	H@100 1.000000
INFO:kbc-cli.py:Epoch 60/100	test results	MRR 0.808359	H@1 0.701493	H@3 0.910448	H@5 0.960199	H@10 0.992537	H@20 1.000000	H@50 1.000000	H@100 1.000000
INFO:kbc-cli.py:Epoch 61/100	Loss 5.8511 ± 0.1600
INFO:kbc-cli.py:Epoch 62/100	Loss 5.8156 ± 0.1405
INFO:kbc-cli.py:Epoch 63/100	Loss 5.7856 ± 0.1306
INFO:kbc-cli.py:Epoch 63/100	dev results	MRR 0.791331	H@1 0.670854	H@3 0.902010	H@5 0.962312	H@10 0.997487	H@20 1.000000	H@50 1.000000	H@100 1.000000
INFO:kbc-cli.py:Epoch 63/100	test results	MRR 0.807666	H@1 0.696517	H@3 0.912935	H@5 0.955224	H@10 0.992537	H@20 1.000000	H@50 1.000000	H@100 1.000000
INFO:kbc-cli.py:Epoch 64/100	Loss 5.7779 ± 0.0554
INFO:kbc-cli.py:Epoch 65/100	Loss 5.7850 ± 0.0778
INFO:kbc-cli.py:Epoch 66/100	Loss 5.8090 ± 0.0989
INFO:kbc-cli.py:Epoch 66/100	dev results	MRR 0.798073	H@1 0.680905	H@3 0.902010	H@5 0.962312	H@10 0.997487	H@20 1.000000	H@50 1.000000	H@100 1.000000
INFO:kbc-cli.py:Epoch 66/100	test results	MRR 0.813858	H@1 0.706468	H@3 0.905473	H@5 0.957711	H@10 0.992537	H@20 1.000000	H@50 1.000000	H@100 1.000000
INFO:kbc-cli.py:Epoch 67/100	Loss 5.7832 ± 0.1049
INFO:kbc-cli.py:Epoch 68/100	Loss 5.7939 ± 0.0987
INFO:kbc-cli.py:Epoch 69/100	Loss 5.7458 ± 0.0742
INFO:kbc-cli.py:Epoch 69/100	dev results	MRR 0.797836	H@1 0.678392	H@3 0.902010	H@5 0.962312	H@10 0.997487	H@20 1.000000	H@50 1.000000	H@100 1.000000
INFO:kbc-cli.py:Epoch 69/100	test results	MRR 0.804746	H@1 0.696517	H@3 0.905473	H@5 0.957711	H@10 0.992537	H@20 1.000000	H@50 1.000000	H@100 1.000000
INFO:kbc-cli.py:Epoch 70/100	Loss 5.8009 ± 0.1199
INFO:kbc-cli.py:Epoch 71/100	Loss 5.8061 ± 0.1029
INFO:kbc-cli.py:Epoch 72/100	Loss 5.8031 ± 0.1044
INFO:kbc-cli.py:Epoch 72/100	dev results	MRR 0.799676	H@1 0.680905	H@3 0.899497	H@5 0.959799	H@10 0.997487	H@20 1.000000	H@50 1.000000	H@100 1.000000
INFO:kbc-cli.py:Epoch 72/100	test results	MRR 0.799300	H@1 0.681592	H@3 0.910448	H@5 0.955224	H@10 0.992537	H@20 1.000000	H@50 1.000000	H@100 1.000000
INFO:kbc-cli.py:Epoch 73/100	Loss 5.7762 ± 0.1275
INFO:kbc-cli.py:Epoch 74/100	Loss 5.7780 ± 0.0976
INFO:kbc-cli.py:Epoch 75/100	Loss 5.7614 ± 0.0567
INFO:kbc-cli.py:Epoch 75/100	dev results	MRR 0.801594	H@1 0.685930	H@3 0.896985	H@5 0.959799	H@10 0.997487	H@20 1.000000	H@50 1.000000	H@100 1.000000
INFO:kbc-cli.py:Epoch 75/100	test results	MRR 0.800200	H@1 0.681592	H@3 0.900498	H@5 0.955224	H@10 0.992537	H@20 1.000000	H@50 1.000000	H@100 1.000000
INFO:kbc-cli.py:Epoch 76/100	Loss 5.7872 ± 0.0779
INFO:kbc-cli.py:Epoch 77/100	Loss 5.8174 ± 0.1700
INFO:kbc-cli.py:Epoch 78/100	Loss 5.7459 ± 0.0646
INFO:kbc-cli.py:Epoch 78/100	dev results	MRR 0.805094	H@1 0.693467	H@3 0.902010	H@5 0.957286	H@10 0.997487	H@20 1.000000	H@50 1.000000	H@100 1.000000
INFO:kbc-cli.py:Epoch 78/100	test results	MRR 0.809952	H@1 0.699005	H@3 0.905473	H@5 0.952736	H@10 0.992537	H@20 1.000000	H@50 1.000000	H@100 1.000000
INFO:kbc-cli.py:Epoch 79/100	Loss 5.7927 ± 0.1194
INFO:kbc-cli.py:Epoch 80/100	Loss 5.7773 ± 0.1010
INFO:kbc-cli.py:Epoch 81/100	Loss 5.7712 ± 0.0835
INFO:kbc-cli.py:Epoch 81/100	dev results	MRR 0.811138	H@1 0.703518	H@3 0.907035	H@5 0.959799	H@10 0.997487	H@20 1.000000	H@50 1.000000	H@100 1.000000
INFO:kbc-cli.py:Epoch 81/100	test results	MRR 0.819209	H@1 0.718905	H@3 0.902985	H@5 0.952736	H@10 0.992537	H@20 1.000000	H@50 1.000000	H@100 1.000000
INFO:kbc-cli.py:Epoch 82/100	Loss 5.7851 ± 0.1044
INFO:kbc-cli.py:Epoch 83/100	Loss 5.8080 ± 0.1601
INFO:kbc-cli.py:Epoch 84/100	Loss 5.8074 ± 0.1791
INFO:kbc-cli.py:Epoch 84/100	dev results	MRR 0.800607	H@1 0.683417	H@3 0.907035	H@5 0.969849	H@10 0.997487	H@20 1.000000	H@50 1.000000	H@100 1.000000
INFO:kbc-cli.py:Epoch 84/100	test results	MRR 0.812423	H@1 0.708955	H@3 0.895522	H@5 0.950249	H@10 0.992537	H@20 1.000000	H@50 1.000000	H@100 1.000000
INFO:kbc-cli.py:Epoch 85/100	Loss 5.8228 ± 0.1971
INFO:kbc-cli.py:Epoch 86/100	Loss 5.7681 ± 0.0824
INFO:kbc-cli.py:Epoch 87/100	Loss 5.7420 ± 0.0342
INFO:kbc-cli.py:Epoch 87/100	dev results	MRR 0.799180	H@1 0.683417	H@3 0.904523	H@5 0.962312	H@10 0.997487	H@20 1.000000	H@50 1.000000	H@100 1.000000
INFO:kbc-cli.py:Epoch 87/100	test results	MRR 0.812162	H@1 0.708955	H@3 0.902985	H@5 0.952736	H@10 0.992537	H@20 1.000000	H@50 1.000000	H@100 1.000000
INFO:kbc-cli.py:Epoch 88/100	Loss 5.7276 ± 0.0780
INFO:kbc-cli.py:Epoch 89/100	Loss 5.7056 ± 0.0930
INFO:kbc-cli.py:Epoch 90/100	Loss 5.7553 ± 0.0817
INFO:kbc-cli.py:Epoch 90/100	dev results	MRR 0.802195	H@1 0.683417	H@3 0.909548	H@5 0.964824	H@10 0.997487	H@20 1.000000	H@50 1.000000	H@100 1.000000
INFO:kbc-cli.py:Epoch 90/100	test results	MRR 0.815112	H@1 0.713930	H@3 0.895522	H@5 0.955224	H@10 0.992537	H@20 1.000000	H@50 1.000000	H@100 1.000000
INFO:kbc-cli.py:Epoch 91/100	Loss 5.7441 ± 0.0830
INFO:kbc-cli.py:Epoch 92/100	Loss 5.7627 ± 0.1236
INFO:kbc-cli.py:Epoch 93/100	Loss 5.7388 ± 0.0684
INFO:kbc-cli.py:Epoch 93/100	dev results	MRR 0.793560	H@1 0.673367	H@3 0.902010	H@5 0.962312	H@10 0.997487	H@20 1.000000	H@50 1.000000	H@100 1.000000
INFO:kbc-cli.py:Epoch 93/100	test results	MRR 0.820487	H@1 0.721393	H@3 0.912935	H@5 0.955224	H@10 0.992537	H@20 1.000000	H@50 1.000000	H@100 1.000000
INFO:kbc-cli.py:Epoch 94/100	Loss 5.7705 ± 0.1060
INFO:kbc-cli.py:Epoch 95/100	Loss 5.7773 ± 0.1265
INFO:kbc-cli.py:Epoch 96/100	Loss 5.7181 ± 0.0559
INFO:kbc-cli.py:Epoch 96/100	dev results	MRR 0.796003	H@1 0.678392	H@3 0.899497	H@5 0.962312	H@10 0.997487	H@20 1.000000	H@50 1.000000	H@100 1.000000
INFO:kbc-cli.py:Epoch 96/100	test results	MRR 0.816317	H@1 0.711443	H@3 0.912935	H@5 0.952736	H@10 0.992537	H@20 1.000000	H@50 1.000000	H@100 1.000000
INFO:kbc-cli.py:Epoch 97/100	Loss 5.7632 ± 0.1094
INFO:kbc-cli.py:Epoch 98/100	Loss 5.8088 ± 0.2037
INFO:kbc-cli.py:Epoch 99/100	Loss 5.7536 ± 0.1018
INFO:kbc-cli.py:Epoch 99/100	dev results	MRR 0.795183	H@1 0.675879	H@3 0.904523	H@5 0.957286	H@10 0.997487	H@20 1.000000	H@50 1.000000	H@100 1.000000
INFO:kbc-cli.py:Epoch 99/100	test results	MRR 0.820197	H@1 0.716418	H@3 0.922886	H@5 0.950249	H@10 0.992537	H@20 1.000000	H@50 1.000000	H@100 1.000000
INFO:kbc-cli.py:Epoch 100/100	Loss 5.7264 ± 0.0952
INFO:kbc-cli.py:Final 	dev results	MRR 0.797606	H@1 0.680905	H@3 0.907035	H@5 0.957286	H@10 0.997487	H@20 1.000000	H@50 1.000000	H@100 1.000000
INFO:kbc-cli.py:Final 	test results	MRR 0.814362	H@1 0.711443	H@3 0.910448	H@5 0.950249	H@10 0.992537	H@20 1.000000	H@50 1.000000	H@100 1.000000
INFO:kbc-cli.py:Training finished
