./bin/kbc-cli.py --train data/kinship/train.tsv --dev data/kinship/dev.tsv --test data/kinship/test.tsv -m complex -k 200 -b 100 -e 100 --F2 0 --N3 0.05 -l 0.1 -I reciprocal -V 3 -o adagrad -c spo -q
{'F2': 0.0,
 'N3': 0.05,
 'batch_size': 100,
 'corruption': 'spo',
 'dev': 'data/kinship/dev.tsv',
 'embedding_size': 200,
 'epochs': 100,
 'eval_batch_size': None,
 'input_type': 'reciprocal',
 'learning_rate': 0.1,
 'load': None,
 'model': 'complex',
 'optimizer': 'adagrad',
 'quiet': True,
 'save': None,
 'seed': 0,
 'test': 'data/kinship/test.tsv',
 'test_i': None,
 'test_ii': None,
 'train': 'data/kinship/train.tsv',
 'validate_every': 3}
INFO:kbc-cli.py:Device: cuda
INFO:kbc-cli.py:Model state:
INFO:kbc-cli.py:	entities.weight	torch.Size([104, 400])
INFO:kbc-cli.py:	predicates.weight	torch.Size([50, 400])
INFO:kbc-cli.py:Epoch 1/100	Loss 9.7458 ± 1.7238
INFO:kbc-cli.py:Epoch 2/100	Loss 8.1692 ± 0.1776
INFO:kbc-cli.py:Epoch 3/100	Loss 7.9861 ± 0.1881
INFO:kbc-cli.py:Epoch 3/100	dev results	MRR 0.841841	H@1 0.754213	H@3 0.917603	H@5 0.956461	H@10 0.977996	H@20 0.985955	H@50 0.991573	H@100 1.000000
INFO:kbc-cli.py:Epoch 3/100	test results	MRR 0.844654	H@1 0.758380	H@3 0.919460	H@5 0.958101	H@10 0.982775	H@20 0.992551	H@50 0.997207	H@100 1.000000
INFO:kbc-cli.py:Epoch 4/100	Loss 7.8954 ± 0.1998
INFO:kbc-cli.py:Epoch 5/100	Loss 7.8367 ± 0.1781
INFO:kbc-cli.py:Epoch 6/100	Loss 7.7952 ± 0.1725
INFO:kbc-cli.py:Epoch 6/100	dev results	MRR 0.864893	H@1 0.788390	H@3 0.933521	H@5 0.962079	H@10 0.977528	H@20 0.986891	H@50 0.992509	H@100 1.000000
INFO:kbc-cli.py:Epoch 6/100	test results	MRR 0.868626	H@1 0.792831	H@3 0.936685	H@5 0.967412	H@10 0.984637	H@20 0.993017	H@50 0.996276	H@100 1.000000
INFO:kbc-cli.py:Epoch 7/100	Loss 7.7632 ± 0.1720
INFO:kbc-cli.py:Epoch 8/100	Loss 7.7380 ± 0.1683
INFO:kbc-cli.py:Epoch 9/100	Loss 7.7172 ± 0.1562
INFO:kbc-cli.py:Epoch 9/100	dev results	MRR 0.876486	H@1 0.808521	H@3 0.938670	H@5 0.961142	H@10 0.977528	H@20 0.988296	H@50 0.992509	H@100 1.000000
INFO:kbc-cli.py:Epoch 9/100	test results	MRR 0.883308	H@1 0.818901	H@3 0.943203	H@5 0.968808	H@10 0.986034	H@20 0.993482	H@50 0.996276	H@100 1.000000
INFO:kbc-cli.py:Epoch 10/100	Loss 7.6997 ± 0.1711
INFO:kbc-cli.py:Epoch 11/100	Loss 7.6849 ± 0.1666
INFO:kbc-cli.py:Epoch 12/100	Loss 7.6713 ± 0.1523
INFO:kbc-cli.py:Epoch 12/100	dev results	MRR 0.879438	H@1 0.812734	H@3 0.941011	H@5 0.961610	H@10 0.978464	H@20 0.988296	H@50 0.992041	H@100 1.000000
INFO:kbc-cli.py:Epoch 12/100	test results	MRR 0.886158	H@1 0.823091	H@3 0.946927	H@5 0.969274	H@10 0.986499	H@20 0.993482	H@50 0.996276	H@100 1.000000
INFO:kbc-cli.py:Epoch 13/100	Loss 7.6604 ± 0.1576
INFO:kbc-cli.py:Epoch 14/100	Loss 7.6495 ± 0.1640
INFO:kbc-cli.py:Epoch 15/100	Loss 7.6406 ± 0.1598
INFO:kbc-cli.py:Epoch 15/100	dev results	MRR 0.884319	H@1 0.821629	H@3 0.941479	H@5 0.962547	H@10 0.978464	H@20 0.988764	H@50 0.992509	H@100 1.000000
INFO:kbc-cli.py:Epoch 15/100	test results	MRR 0.890077	H@1 0.828678	H@3 0.945996	H@5 0.971136	H@10 0.986034	H@20 0.993482	H@50 0.996276	H@100 1.000000
INFO:kbc-cli.py:Epoch 16/100	Loss 7.6316 ± 0.1503
INFO:kbc-cli.py:Epoch 17/100	Loss 7.6240 ± 0.1419
INFO:kbc-cli.py:Epoch 18/100	Loss 7.6166 ± 0.1547
INFO:kbc-cli.py:Epoch 18/100	dev results	MRR 0.883498	H@1 0.818820	H@3 0.943352	H@5 0.963483	H@10 0.977528	H@20 0.988764	H@50 0.992509	H@100 1.000000
INFO:kbc-cli.py:Epoch 18/100	test results	MRR 0.893161	H@1 0.833333	H@3 0.947858	H@5 0.971601	H@10 0.986499	H@20 0.993482	H@50 0.996276	H@100 1.000000
INFO:kbc-cli.py:Epoch 19/100	Loss 7.6104 ± 0.1549
INFO:kbc-cli.py:Epoch 20/100	Loss 7.6042 ± 0.1469
INFO:kbc-cli.py:Epoch 21/100	Loss 7.5986 ± 0.1438
INFO:kbc-cli.py:Epoch 21/100	dev results	MRR 0.886912	H@1 0.826779	H@3 0.942416	H@5 0.962547	H@10 0.977528	H@20 0.988296	H@50 0.992509	H@100 1.000000
INFO:kbc-cli.py:Epoch 21/100	test results	MRR 0.893416	H@1 0.834264	H@3 0.947858	H@5 0.972998	H@10 0.986034	H@20 0.993482	H@50 0.996276	H@100 1.000000
INFO:kbc-cli.py:Epoch 22/100	Loss 7.5934 ± 0.1538
INFO:kbc-cli.py:Epoch 23/100	Loss 7.5881 ± 0.1437
INFO:kbc-cli.py:Epoch 24/100	Loss 7.5844 ± 0.1645
INFO:kbc-cli.py:Epoch 24/100	dev results	MRR 0.887694	H@1 0.827247	H@3 0.944288	H@5 0.961610	H@10 0.978464	H@20 0.988296	H@50 0.992041	H@100 1.000000
INFO:kbc-cli.py:Epoch 24/100	test results	MRR 0.891534	H@1 0.831006	H@3 0.946927	H@5 0.971601	H@10 0.985568	H@20 0.993482	H@50 0.996276	H@100 1.000000
INFO:kbc-cli.py:Epoch 25/100	Loss 7.5796 ± 0.1316
INFO:kbc-cli.py:Epoch 26/100	Loss 7.5753 ± 0.1393
INFO:kbc-cli.py:Epoch 27/100	Loss 7.5718 ± 0.1453
INFO:kbc-cli.py:Epoch 27/100	dev results	MRR 0.885635	H@1 0.823034	H@3 0.943820	H@5 0.963015	H@10 0.978464	H@20 0.988296	H@50 0.992509	H@100 1.000000
INFO:kbc-cli.py:Epoch 27/100	test results	MRR 0.892881	H@1 0.832402	H@3 0.948790	H@5 0.973464	H@10 0.986965	H@20 0.993482	H@50 0.996276	H@100 1.000000
INFO:kbc-cli.py:Epoch 28/100	Loss 7.5683 ± 0.1274
INFO:kbc-cli.py:Epoch 29/100	Loss 7.5650 ± 0.1338
INFO:kbc-cli.py:Epoch 30/100	Loss 7.5612 ± 0.1394
INFO:kbc-cli.py:Epoch 30/100	dev results	MRR 0.888263	H@1 0.828184	H@3 0.941948	H@5 0.963015	H@10 0.977996	H@20 0.988296	H@50 0.992509	H@100 1.000000
INFO:kbc-cli.py:Epoch 30/100	test results	MRR 0.891766	H@1 0.829609	H@3 0.949255	H@5 0.973464	H@10 0.986499	H@20 0.993482	H@50 0.996276	H@100 1.000000
INFO:kbc-cli.py:Epoch 31/100	Loss 7.5581 ± 0.1384
INFO:kbc-cli.py:Epoch 32/100	Loss 7.5552 ± 0.1381
INFO:kbc-cli.py:Epoch 33/100	Loss 7.5522 ± 0.1287
INFO:kbc-cli.py:Epoch 33/100	dev results	MRR 0.888790	H@1 0.828184	H@3 0.942416	H@5 0.963015	H@10 0.978464	H@20 0.988296	H@50 0.992041	H@100 1.000000
INFO:kbc-cli.py:Epoch 33/100	test results	MRR 0.894755	H@1 0.835661	H@3 0.948324	H@5 0.974395	H@10 0.986965	H@20 0.993482	H@50 0.996276	H@100 1.000000
INFO:kbc-cli.py:Epoch 34/100	Loss 7.5498 ± 0.1222
INFO:kbc-cli.py:Epoch 35/100	Loss 7.5468 ± 0.1260
INFO:kbc-cli.py:Epoch 36/100	Loss 7.5441 ± 0.1303
INFO:kbc-cli.py:Epoch 36/100	dev results	MRR 0.888314	H@1 0.828184	H@3 0.942884	H@5 0.963483	H@10 0.978464	H@20 0.988764	H@50 0.992041	H@100 1.000000
INFO:kbc-cli.py:Epoch 36/100	test results	MRR 0.892828	H@1 0.831937	H@3 0.948324	H@5 0.973464	H@10 0.987430	H@20 0.993482	H@50 0.996276	H@100 1.000000
INFO:kbc-cli.py:Epoch 37/100	Loss 7.5418 ± 0.1313
INFO:kbc-cli.py:Epoch 38/100	Loss 7.5395 ± 0.1324
INFO:kbc-cli.py:Epoch 39/100	Loss 7.5373 ± 0.1358
INFO:kbc-cli.py:Epoch 39/100	dev results	MRR 0.888884	H@1 0.829120	H@3 0.942884	H@5 0.963015	H@10 0.977996	H@20 0.988764	H@50 0.992041	H@100 1.000000
INFO:kbc-cli.py:Epoch 39/100	test results	MRR 0.894285	H@1 0.834730	H@3 0.948324	H@5 0.973464	H@10 0.986499	H@20 0.993482	H@50 0.996276	H@100 1.000000
INFO:kbc-cli.py:Epoch 40/100	Loss 7.5349 ± 0.1290
INFO:kbc-cli.py:Epoch 41/100	Loss 7.5332 ± 0.1315
INFO:kbc-cli.py:Epoch 42/100	Loss 7.5307 ± 0.1165
INFO:kbc-cli.py:Epoch 42/100	dev results	MRR 0.890034	H@1 0.830524	H@3 0.943820	H@5 0.963951	H@10 0.977528	H@20 0.988296	H@50 0.992509	H@100 1.000000
INFO:kbc-cli.py:Epoch 42/100	test results	MRR 0.894355	H@1 0.834264	H@3 0.949255	H@5 0.975326	H@10 0.986499	H@20 0.993482	H@50 0.996276	H@100 1.000000
INFO:kbc-cli.py:Epoch 43/100	Loss 7.5291 ± 0.1477
INFO:kbc-cli.py:Epoch 44/100	Loss 7.5273 ± 0.1264
INFO:kbc-cli.py:Epoch 45/100	Loss 7.5254 ± 0.1312
INFO:kbc-cli.py:Epoch 45/100	dev results	MRR 0.889785	H@1 0.830524	H@3 0.943820	H@5 0.963483	H@10 0.977996	H@20 0.988296	H@50 0.992509	H@100 1.000000
INFO:kbc-cli.py:Epoch 45/100	test results	MRR 0.893637	H@1 0.832868	H@3 0.946462	H@5 0.974395	H@10 0.986965	H@20 0.993482	H@50 0.996276	H@100 1.000000
INFO:kbc-cli.py:Epoch 46/100	Loss 7.5237 ± 0.1345
INFO:kbc-cli.py:Epoch 47/100	Loss 7.5217 ± 0.1410
INFO:kbc-cli.py:Epoch 48/100	Loss 7.5200 ± 0.1330
INFO:kbc-cli.py:Epoch 48/100	dev results	MRR 0.889894	H@1 0.830056	H@3 0.942884	H@5 0.963483	H@10 0.977528	H@20 0.988296	H@50 0.992509	H@100 1.000000
INFO:kbc-cli.py:Epoch 48/100	test results	MRR 0.893284	H@1 0.831937	H@3 0.948324	H@5 0.974395	H@10 0.986965	H@20 0.993482	H@50 0.996276	H@100 1.000000
INFO:kbc-cli.py:Epoch 49/100	Loss 7.5183 ± 0.1206
INFO:kbc-cli.py:Epoch 50/100	Loss 7.5171 ± 0.1308
INFO:kbc-cli.py:Epoch 51/100	Loss 7.5155 ± 0.1212
INFO:kbc-cli.py:Epoch 51/100	dev results	MRR 0.890821	H@1 0.831929	H@3 0.941479	H@5 0.964888	H@10 0.977996	H@20 0.988296	H@50 0.992509	H@100 1.000000
INFO:kbc-cli.py:Epoch 51/100	test results	MRR 0.895154	H@1 0.834730	H@3 0.949255	H@5 0.975326	H@10 0.986499	H@20 0.993482	H@50 0.996276	H@100 1.000000
INFO:kbc-cli.py:Epoch 52/100	Loss 7.5140 ± 0.1211
INFO:kbc-cli.py:Epoch 53/100	Loss 7.5125 ± 0.1261
INFO:kbc-cli.py:Epoch 54/100	Loss 7.5108 ± 0.1178
INFO:kbc-cli.py:Epoch 54/100	dev results	MRR 0.890376	H@1 0.830524	H@3 0.943352	H@5 0.964888	H@10 0.978464	H@20 0.988296	H@50 0.992509	H@100 1.000000
INFO:kbc-cli.py:Epoch 54/100	test results	MRR 0.895689	H@1 0.836127	H@3 0.947858	H@5 0.974860	H@10 0.986499	H@20 0.993482	H@50 0.996276	H@100 1.000000
INFO:kbc-cli.py:Epoch 55/100	Loss 7.5096 ± 0.1344
INFO:kbc-cli.py:Epoch 56/100	Loss 7.5081 ± 0.1280
INFO:kbc-cli.py:Epoch 57/100	Loss 7.5068 ± 0.1298
INFO:kbc-cli.py:Epoch 57/100	dev results	MRR 0.891552	H@1 0.832397	H@3 0.943352	H@5 0.964888	H@10 0.978933	H@20 0.988296	H@50 0.992509	H@100 1.000000
INFO:kbc-cli.py:Epoch 57/100	test results	MRR 0.892501	H@1 0.829609	H@3 0.948790	H@5 0.975326	H@10 0.986499	H@20 0.993482	H@50 0.996276	H@100 1.000000
INFO:kbc-cli.py:Epoch 58/100	Loss 7.5057 ± 0.1338
INFO:kbc-cli.py:Epoch 59/100	Loss 7.5044 ± 0.1316
INFO:kbc-cli.py:Epoch 60/100	Loss 7.5032 ± 0.1316
INFO:kbc-cli.py:Epoch 60/100	dev results	MRR 0.892079	H@1 0.833801	H@3 0.942416	H@5 0.963951	H@10 0.978933	H@20 0.987828	H@50 0.992509	H@100 1.000000
INFO:kbc-cli.py:Epoch 60/100	test results	MRR 0.894009	H@1 0.832402	H@3 0.949255	H@5 0.974860	H@10 0.986965	H@20 0.993482	H@50 0.996276	H@100 1.000000
INFO:kbc-cli.py:Epoch 61/100	Loss 7.5018 ± 0.1318
INFO:kbc-cli.py:Epoch 62/100	Loss 7.5006 ± 0.1254
INFO:kbc-cli.py:Epoch 63/100	Loss 7.4995 ± 0.1247
INFO:kbc-cli.py:Epoch 63/100	dev results	MRR 0.891199	H@1 0.831929	H@3 0.943352	H@5 0.963015	H@10 0.977996	H@20 0.987828	H@50 0.992041	H@100 1.000000
INFO:kbc-cli.py:Epoch 63/100	test results	MRR 0.894566	H@1 0.833799	H@3 0.949255	H@5 0.975326	H@10 0.986499	H@20 0.993482	H@50 0.996276	H@100 1.000000
INFO:kbc-cli.py:Epoch 64/100	Loss 7.4983 ± 0.1195
INFO:kbc-cli.py:Epoch 65/100	Loss 7.4973 ± 0.1268
INFO:kbc-cli.py:Epoch 66/100	Loss 7.4963 ± 0.1291
INFO:kbc-cli.py:Epoch 66/100	dev results	MRR 0.891293	H@1 0.831929	H@3 0.944757	H@5 0.963951	H@10 0.978933	H@20 0.987828	H@50 0.992978	H@100 1.000000
INFO:kbc-cli.py:Epoch 66/100	test results	MRR 0.896760	H@1 0.837989	H@3 0.949255	H@5 0.974395	H@10 0.986499	H@20 0.993482	H@50 0.996276	H@100 1.000000
INFO:kbc-cli.py:Epoch 67/100	Loss 7.4952 ± 0.1277
INFO:kbc-cli.py:Epoch 68/100	Loss 7.4942 ± 0.1303
INFO:kbc-cli.py:Epoch 69/100	Loss 7.4931 ± 0.1206
INFO:kbc-cli.py:Epoch 69/100	dev results	MRR 0.891927	H@1 0.833333	H@3 0.944288	H@5 0.963951	H@10 0.977996	H@20 0.987828	H@50 0.992509	H@100 1.000000
INFO:kbc-cli.py:Epoch 69/100	test results	MRR 0.895763	H@1 0.836127	H@3 0.947858	H@5 0.975326	H@10 0.986499	H@20 0.993482	H@50 0.996276	H@100 1.000000
INFO:kbc-cli.py:Epoch 70/100	Loss 7.4921 ± 0.1189
INFO:kbc-cli.py:Epoch 71/100	Loss 7.4912 ± 0.1155
INFO:kbc-cli.py:Epoch 72/100	Loss 7.4904 ± 0.1259
INFO:kbc-cli.py:Epoch 72/100	dev results	MRR 0.891856	H@1 0.832865	H@3 0.945225	H@5 0.963951	H@10 0.978464	H@20 0.987828	H@50 0.992978	H@100 1.000000
INFO:kbc-cli.py:Epoch 72/100	test results	MRR 0.896528	H@1 0.837523	H@3 0.949255	H@5 0.975791	H@10 0.986499	H@20 0.993482	H@50 0.996276	H@100 1.000000
INFO:kbc-cli.py:Epoch 73/100	Loss 7.4895 ± 0.1268
INFO:kbc-cli.py:Epoch 74/100	Loss 7.4885 ± 0.1245
INFO:kbc-cli.py:Epoch 75/100	Loss 7.4879 ± 0.1271
INFO:kbc-cli.py:Epoch 75/100	dev results	MRR 0.892141	H@1 0.833333	H@3 0.944288	H@5 0.963951	H@10 0.978933	H@20 0.987360	H@50 0.992978	H@100 1.000000
INFO:kbc-cli.py:Epoch 75/100	test results	MRR 0.896805	H@1 0.837989	H@3 0.948324	H@5 0.975326	H@10 0.986499	H@20 0.993482	H@50 0.996276	H@100 1.000000
INFO:kbc-cli.py:Epoch 76/100	Loss 7.4868 ± 0.1278
INFO:kbc-cli.py:Epoch 77/100	Loss 7.4859 ± 0.1103
INFO:kbc-cli.py:Epoch 78/100	Loss 7.4847 ± 0.1145
INFO:kbc-cli.py:Epoch 78/100	dev results	MRR 0.892253	H@1 0.833801	H@3 0.944757	H@5 0.963951	H@10 0.977528	H@20 0.987360	H@50 0.992978	H@100 1.000000
INFO:kbc-cli.py:Epoch 78/100	test results	MRR 0.897496	H@1 0.838920	H@3 0.948324	H@5 0.974860	H@10 0.986499	H@20 0.993482	H@50 0.996276	H@100 1.000000
INFO:kbc-cli.py:Epoch 79/100	Loss 7.4841 ± 0.1248
INFO:kbc-cli.py:Epoch 80/100	Loss 7.4832 ± 0.1196
INFO:kbc-cli.py:Epoch 81/100	Loss 7.4828 ± 0.1279
INFO:kbc-cli.py:Epoch 81/100	dev results	MRR 0.891530	H@1 0.831461	H@3 0.946629	H@5 0.963951	H@10 0.978464	H@20 0.987360	H@50 0.992978	H@100 1.000000
INFO:kbc-cli.py:Epoch 81/100	test results	MRR 0.896292	H@1 0.836592	H@3 0.948790	H@5 0.974395	H@10 0.986499	H@20 0.993482	H@50 0.996276	H@100 1.000000
INFO:kbc-cli.py:Epoch 82/100	Loss 7.4817 ± 0.1130
INFO:kbc-cli.py:Epoch 83/100	Loss 7.4811 ± 0.1142
INFO:kbc-cli.py:Epoch 84/100	Loss 7.4803 ± 0.1073
INFO:kbc-cli.py:Epoch 84/100	dev results	MRR 0.891448	H@1 0.831461	H@3 0.945693	H@5 0.963483	H@10 0.978464	H@20 0.987360	H@50 0.992978	H@100 1.000000
INFO:kbc-cli.py:Epoch 84/100	test results	MRR 0.895947	H@1 0.835661	H@3 0.949255	H@5 0.974860	H@10 0.986499	H@20 0.993482	H@50 0.996276	H@100 1.000000
INFO:kbc-cli.py:Epoch 85/100	Loss 7.4795 ± 0.1216
INFO:kbc-cli.py:Epoch 86/100	Loss 7.4788 ± 0.1266
INFO:kbc-cli.py:Epoch 87/100	Loss 7.4781 ± 0.1316
INFO:kbc-cli.py:Epoch 87/100	dev results	MRR 0.891901	H@1 0.832397	H@3 0.946629	H@5 0.964419	H@10 0.977996	H@20 0.987360	H@50 0.992978	H@100 1.000000
INFO:kbc-cli.py:Epoch 87/100	test results	MRR 0.895514	H@1 0.834730	H@3 0.949721	H@5 0.975791	H@10 0.986499	H@20 0.993482	H@50 0.996276	H@100 1.000000
INFO:kbc-cli.py:Epoch 88/100	Loss 7.4775 ± 0.1190
INFO:kbc-cli.py:Epoch 89/100	Loss 7.4765 ± 0.1246
INFO:kbc-cli.py:Epoch 90/100	Loss 7.4759 ± 0.1107
INFO:kbc-cli.py:Epoch 90/100	dev results	MRR 0.891838	H@1 0.832865	H@3 0.945693	H@5 0.963951	H@10 0.978464	H@20 0.987360	H@50 0.992978	H@100 1.000000
INFO:kbc-cli.py:Epoch 90/100	test results	MRR 0.895585	H@1 0.835196	H@3 0.949255	H@5 0.974395	H@10 0.986499	H@20 0.993482	H@50 0.996276	H@100 1.000000
INFO:kbc-cli.py:Epoch 91/100	Loss 7.4753 ± 0.1161
INFO:kbc-cli.py:Epoch 92/100	Loss 7.4748 ± 0.1239
INFO:kbc-cli.py:Epoch 93/100	Loss 7.4739 ± 0.1279
INFO:kbc-cli.py:Epoch 93/100	dev results	MRR 0.892042	H@1 0.832397	H@3 0.945225	H@5 0.963951	H@10 0.978464	H@20 0.987360	H@50 0.992978	H@100 1.000000
INFO:kbc-cli.py:Epoch 93/100	test results	MRR 0.897643	H@1 0.838454	H@3 0.950652	H@5 0.975791	H@10 0.986499	H@20 0.993482	H@50 0.996276	H@100 1.000000
INFO:kbc-cli.py:Epoch 94/100	Loss 7.4732 ± 0.1149
INFO:kbc-cli.py:Epoch 95/100	Loss 7.4725 ± 0.1138
INFO:kbc-cli.py:Epoch 96/100	Loss 7.4719 ± 0.1241
INFO:kbc-cli.py:Epoch 96/100	dev results	MRR 0.891192	H@1 0.831461	H@3 0.944288	H@5 0.964419	H@10 0.978933	H@20 0.987360	H@50 0.992978	H@100 1.000000
INFO:kbc-cli.py:Epoch 96/100	test results	MRR 0.896183	H@1 0.836592	H@3 0.949255	H@5 0.974395	H@10 0.986499	H@20 0.993482	H@50 0.996276	H@100 1.000000
INFO:kbc-cli.py:Epoch 97/100	Loss 7.4713 ± 0.1110
INFO:kbc-cli.py:Epoch 98/100	Loss 7.4708 ± 0.1242
INFO:kbc-cli.py:Epoch 99/100	Loss 7.4703 ± 0.1094
INFO:kbc-cli.py:Epoch 99/100	dev results	MRR 0.891041	H@1 0.830993	H@3 0.945693	H@5 0.964419	H@10 0.978933	H@20 0.987360	H@50 0.992978	H@100 1.000000
INFO:kbc-cli.py:Epoch 99/100	test results	MRR 0.896320	H@1 0.837523	H@3 0.949721	H@5 0.973929	H@10 0.986499	H@20 0.993482	H@50 0.996276	H@100 1.000000
INFO:kbc-cli.py:Epoch 100/100	Loss 7.4695 ± 0.1162
INFO:kbc-cli.py:Final 	dev results	MRR 0.890973	H@1 0.830524	H@3 0.946161	H@5 0.964888	H@10 0.978933	H@20 0.987360	H@50 0.992978	H@100 1.000000
INFO:kbc-cli.py:Final 	test results	MRR 0.896372	H@1 0.836592	H@3 0.950186	H@5 0.974395	H@10 0.986499	H@20 0.993482	H@50 0.996276	H@100 1.000000
INFO:kbc-cli.py:Training finished
