./bin/kbc-cli.py --train data/kinship/train.tsv --dev data/kinship/dev.tsv --test data/kinship/test.tsv -m complex -k 200 -b 100 -e 100 --F2 0 --N3 0.0001 -l 0.1 -I reciprocal -V 3 -o adagrad -c spo -q
{'F2': 0.0,
 'N3': 0.0001,
 'batch_size': 100,
 'corruption': 'spo',
 'dev': 'data/kinship/dev.tsv',
 'embedding_size': 200,
 'epochs': 100,
 'eval_batch_size': None,
 'input_type': 'reciprocal',
 'learning_rate': 0.1,
 'load': None,
 'model': 'complex',
 'optimizer': 'adagrad',
 'quiet': True,
 'save': None,
 'seed': 0,
 'test': 'data/kinship/test.tsv',
 'test_i': None,
 'test_ii': None,
 'train': 'data/kinship/train.tsv',
 'validate_every': 3}
INFO:kbc-cli.py:Device: cuda
INFO:kbc-cli.py:Model state:
INFO:kbc-cli.py:	entities.weight	torch.Size([104, 400])
INFO:kbc-cli.py:	predicates.weight	torch.Size([50, 400])
INFO:kbc-cli.py:Epoch 1/100	Loss 8.8337 ± 2.0114
INFO:kbc-cli.py:Epoch 2/100	Loss 6.1874 ± 0.2016
INFO:kbc-cli.py:Epoch 3/100	Loss 5.7402 ± 0.2360
INFO:kbc-cli.py:Epoch 3/100	dev results	MRR 0.862418	H@1 0.792135	H@3 0.923221	H@5 0.953652	H@10 0.975655	H@20 0.988764	H@50 0.992509	H@100 1.000000
INFO:kbc-cli.py:Epoch 3/100	test results	MRR 0.857180	H@1 0.775140	H@3 0.929702	H@5 0.962756	H@10 0.985102	H@20 0.992086	H@50 0.995810	H@100 1.000000
INFO:kbc-cli.py:Epoch 4/100	Loss 5.5070 ± 0.2355
INFO:kbc-cli.py:Epoch 5/100	Loss 5.3573 ± 0.2373
INFO:kbc-cli.py:Epoch 6/100	Loss 5.2569 ± 0.2137
INFO:kbc-cli.py:Epoch 6/100	dev results	MRR 0.865210	H@1 0.794007	H@3 0.927434	H@5 0.954120	H@10 0.975655	H@20 0.988296	H@50 0.992978	H@100 1.000000
INFO:kbc-cli.py:Epoch 6/100	test results	MRR 0.860540	H@1 0.781192	H@3 0.929702	H@5 0.959032	H@10 0.985102	H@20 0.991620	H@50 0.995810	H@100 1.000000
INFO:kbc-cli.py:Epoch 7/100	Loss 5.1816 ± 0.2104
INFO:kbc-cli.py:Epoch 8/100	Loss 5.1244 ± 0.2082
INFO:kbc-cli.py:Epoch 9/100	Loss 5.0802 ± 0.1982
INFO:kbc-cli.py:Epoch 9/100	dev results	MRR 0.863597	H@1 0.793539	H@3 0.922753	H@5 0.954120	H@10 0.975187	H@20 0.987828	H@50 0.993446	H@100 1.000000
INFO:kbc-cli.py:Epoch 9/100	test results	MRR 0.860122	H@1 0.782123	H@3 0.926909	H@5 0.960428	H@10 0.986499	H@20 0.992086	H@50 0.996276	H@100 1.000000
INFO:kbc-cli.py:Epoch 10/100	Loss 5.0430 ± 0.2045
INFO:kbc-cli.py:Epoch 11/100	Loss 5.0129 ± 0.2084
INFO:kbc-cli.py:Epoch 12/100	Loss 4.9873 ± 0.1907
INFO:kbc-cli.py:Epoch 12/100	dev results	MRR 0.864470	H@1 0.794476	H@3 0.925094	H@5 0.953652	H@10 0.975655	H@20 0.987360	H@50 0.993446	H@100 1.000000
INFO:kbc-cli.py:Epoch 12/100	test results	MRR 0.858689	H@1 0.781192	H@3 0.924115	H@5 0.956704	H@10 0.985102	H@20 0.992086	H@50 0.996276	H@100 1.000000
INFO:kbc-cli.py:Epoch 13/100	Loss 4.9657 ± 0.1836
INFO:kbc-cli.py:Epoch 14/100	Loss 4.9463 ± 0.1868
INFO:kbc-cli.py:Epoch 15/100	Loss 4.9290 ± 0.1821
INFO:kbc-cli.py:Epoch 15/100	dev results	MRR 0.859138	H@1 0.786049	H@3 0.924157	H@5 0.953652	H@10 0.976124	H@20 0.987360	H@50 0.993446	H@100 1.000000
INFO:kbc-cli.py:Epoch 15/100	test results	MRR 0.855958	H@1 0.775605	H@3 0.925047	H@5 0.957635	H@10 0.985568	H@20 0.991620	H@50 0.996276	H@100 1.000000
INFO:kbc-cli.py:Epoch 16/100	Loss 4.9136 ± 0.1781
INFO:kbc-cli.py:Epoch 17/100	Loss 4.8997 ± 0.1590
INFO:kbc-cli.py:Epoch 18/100	Loss 4.8879 ± 0.1773
INFO:kbc-cli.py:Epoch 18/100	dev results	MRR 0.854997	H@1 0.779494	H@3 0.921816	H@5 0.954120	H@10 0.976124	H@20 0.987828	H@50 0.993446	H@100 1.000000
INFO:kbc-cli.py:Epoch 18/100	test results	MRR 0.854511	H@1 0.775140	H@3 0.921788	H@5 0.958101	H@10 0.985102	H@20 0.992086	H@50 0.996276	H@100 1.000000
INFO:kbc-cli.py:Epoch 19/100	Loss 4.8761 ± 0.1732
INFO:kbc-cli.py:Epoch 20/100	Loss 4.8668 ± 0.1691
INFO:kbc-cli.py:Epoch 21/100	Loss 4.8576 ± 0.1674
INFO:kbc-cli.py:Epoch 21/100	dev results	MRR 0.854533	H@1 0.777622	H@3 0.922753	H@5 0.954588	H@10 0.975655	H@20 0.987828	H@50 0.993446	H@100 1.000000
INFO:kbc-cli.py:Epoch 21/100	test results	MRR 0.855734	H@1 0.777933	H@3 0.921788	H@5 0.958101	H@10 0.986034	H@20 0.992551	H@50 0.996276	H@100 1.000000
INFO:kbc-cli.py:Epoch 22/100	Loss 4.8488 ± 0.1705
INFO:kbc-cli.py:Epoch 23/100	Loss 4.8399 ± 0.1592
INFO:kbc-cli.py:Epoch 24/100	Loss 4.8338 ± 0.1590
INFO:kbc-cli.py:Epoch 24/100	dev results	MRR 0.853629	H@1 0.778090	H@3 0.920880	H@5 0.953652	H@10 0.975655	H@20 0.987360	H@50 0.993446	H@100 1.000000
INFO:kbc-cli.py:Epoch 24/100	test results	MRR 0.851614	H@1 0.770019	H@3 0.922719	H@5 0.956704	H@10 0.985102	H@20 0.992086	H@50 0.996276	H@100 1.000000
INFO:kbc-cli.py:Epoch 25/100	Loss 4.8262 ± 0.1552
INFO:kbc-cli.py:Epoch 26/100	Loss 4.8192 ± 0.1662
INFO:kbc-cli.py:Epoch 27/100	Loss 4.8138 ± 0.1580
INFO:kbc-cli.py:Epoch 27/100	dev results	MRR 0.851730	H@1 0.774345	H@3 0.921348	H@5 0.950375	H@10 0.973783	H@20 0.987828	H@50 0.993446	H@100 1.000000
INFO:kbc-cli.py:Epoch 27/100	test results	MRR 0.853180	H@1 0.773743	H@3 0.921322	H@5 0.957169	H@10 0.985568	H@20 0.992086	H@50 0.996276	H@100 1.000000
INFO:kbc-cli.py:Epoch 28/100	Loss 4.8080 ± 0.1489
INFO:kbc-cli.py:Epoch 29/100	Loss 4.8031 ± 0.1487
INFO:kbc-cli.py:Epoch 30/100	Loss 4.7971 ± 0.1626
INFO:kbc-cli.py:Epoch 30/100	dev results	MRR 0.852153	H@1 0.775281	H@3 0.920880	H@5 0.949906	H@10 0.974719	H@20 0.987828	H@50 0.993446	H@100 1.000000
INFO:kbc-cli.py:Epoch 30/100	test results	MRR 0.849412	H@1 0.766294	H@3 0.921788	H@5 0.955773	H@10 0.985102	H@20 0.992086	H@50 0.996276	H@100 1.000000
INFO:kbc-cli.py:Epoch 31/100	Loss 4.7926 ± 0.1599
INFO:kbc-cli.py:Epoch 32/100	Loss 4.7880 ± 0.1538
INFO:kbc-cli.py:Epoch 33/100	Loss 4.7836 ± 0.1466
INFO:kbc-cli.py:Epoch 33/100	dev results	MRR 0.849452	H@1 0.771536	H@3 0.920880	H@5 0.949906	H@10 0.974719	H@20 0.987828	H@50 0.993446	H@100 1.000000
INFO:kbc-cli.py:Epoch 33/100	test results	MRR 0.850117	H@1 0.767691	H@3 0.921322	H@5 0.956238	H@10 0.986034	H@20 0.992086	H@50 0.996276	H@100 1.000000
INFO:kbc-cli.py:Epoch 34/100	Loss 4.7800 ± 0.1473
INFO:kbc-cli.py:Epoch 35/100	Loss 4.7755 ± 0.1372
INFO:kbc-cli.py:Epoch 36/100	Loss 4.7711 ± 0.1400
INFO:kbc-cli.py:Epoch 36/100	dev results	MRR 0.850523	H@1 0.772940	H@3 0.918071	H@5 0.950375	H@10 0.973783	H@20 0.987828	H@50 0.993446	H@100 1.000000
INFO:kbc-cli.py:Epoch 36/100	test results	MRR 0.849233	H@1 0.765829	H@3 0.920857	H@5 0.956238	H@10 0.984171	H@20 0.992086	H@50 0.996276	H@100 1.000000
INFO:kbc-cli.py:Epoch 37/100	Loss 4.7677 ± 0.1435
INFO:kbc-cli.py:Epoch 38/100	Loss 4.7639 ± 0.1405
INFO:kbc-cli.py:Epoch 39/100	Loss 4.7612 ± 0.1441
INFO:kbc-cli.py:Epoch 39/100	dev results	MRR 0.848992	H@1 0.769663	H@3 0.918071	H@5 0.948502	H@10 0.974251	H@20 0.987360	H@50 0.993446	H@100 1.000000
INFO:kbc-cli.py:Epoch 39/100	test results	MRR 0.846033	H@1 0.761173	H@3 0.920391	H@5 0.956704	H@10 0.984637	H@20 0.992086	H@50 0.996276	H@100 1.000000
INFO:kbc-cli.py:Epoch 40/100	Loss 4.7572 ± 0.1484
INFO:kbc-cli.py:Epoch 41/100	Loss 4.7551 ± 0.1308
INFO:kbc-cli.py:Epoch 42/100	Loss 4.7512 ± 0.1365
INFO:kbc-cli.py:Epoch 42/100	dev results	MRR 0.850220	H@1 0.772472	H@3 0.919476	H@5 0.949906	H@10 0.973783	H@20 0.987360	H@50 0.993446	H@100 1.000000
INFO:kbc-cli.py:Epoch 42/100	test results	MRR 0.844968	H@1 0.758380	H@3 0.918994	H@5 0.954842	H@10 0.984637	H@20 0.992086	H@50 0.996276	H@100 1.000000
INFO:kbc-cli.py:Epoch 43/100	Loss 4.7488 ± 0.1485
INFO:kbc-cli.py:Epoch 44/100	Loss 4.7464 ± 0.1499
INFO:kbc-cli.py:Epoch 45/100	Loss 4.7433 ± 0.1379
INFO:kbc-cli.py:Epoch 45/100	dev results	MRR 0.849552	H@1 0.771067	H@3 0.919007	H@5 0.948034	H@10 0.973315	H@20 0.987360	H@50 0.992978	H@100 1.000000
INFO:kbc-cli.py:Epoch 45/100	test results	MRR 0.845961	H@1 0.761173	H@3 0.917598	H@5 0.954842	H@10 0.983706	H@20 0.991620	H@50 0.996276	H@100 1.000000
INFO:kbc-cli.py:Epoch 46/100	Loss 4.7406 ± 0.1585
INFO:kbc-cli.py:Epoch 47/100	Loss 4.7381 ± 0.1415
INFO:kbc-cli.py:Epoch 48/100	Loss 4.7357 ± 0.1521
INFO:kbc-cli.py:Epoch 48/100	dev results	MRR 0.848606	H@1 0.769663	H@3 0.917135	H@5 0.948970	H@10 0.973315	H@20 0.987360	H@50 0.992509	H@100 1.000000
INFO:kbc-cli.py:Epoch 48/100	test results	MRR 0.844527	H@1 0.757914	H@3 0.920391	H@5 0.954376	H@10 0.984637	H@20 0.991620	H@50 0.996276	H@100 1.000000
INFO:kbc-cli.py:Epoch 49/100	Loss 4.7328 ± 0.1399
INFO:kbc-cli.py:Epoch 50/100	Loss 4.7314 ± 0.1444
INFO:kbc-cli.py:Epoch 51/100	Loss 4.7292 ± 0.1350
INFO:kbc-cli.py:Epoch 51/100	dev results	MRR 0.848006	H@1 0.769195	H@3 0.919007	H@5 0.948034	H@10 0.971910	H@20 0.987360	H@50 0.992509	H@100 1.000000
INFO:kbc-cli.py:Epoch 51/100	test results	MRR 0.843602	H@1 0.756052	H@3 0.919926	H@5 0.954842	H@10 0.984171	H@20 0.992086	H@50 0.996276	H@100 1.000000
INFO:kbc-cli.py:Epoch 52/100	Loss 4.7267 ± 0.1345
INFO:kbc-cli.py:Epoch 53/100	Loss 4.7251 ± 0.1372
INFO:kbc-cli.py:Epoch 54/100	Loss 4.7226 ± 0.1318
INFO:kbc-cli.py:Epoch 54/100	dev results	MRR 0.848387	H@1 0.769195	H@3 0.919007	H@5 0.948034	H@10 0.972846	H@20 0.987360	H@50 0.992509	H@100 1.000000
INFO:kbc-cli.py:Epoch 54/100	test results	MRR 0.844134	H@1 0.757914	H@3 0.918994	H@5 0.954376	H@10 0.984637	H@20 0.991620	H@50 0.996276	H@100 1.000000
INFO:kbc-cli.py:Epoch 55/100	Loss 4.7209 ± 0.1451
INFO:kbc-cli.py:Epoch 56/100	Loss 4.7188 ± 0.1304
INFO:kbc-cli.py:Epoch 57/100	Loss 4.7169 ± 0.1403
INFO:kbc-cli.py:Epoch 57/100	dev results	MRR 0.847644	H@1 0.768258	H@3 0.916667	H@5 0.948034	H@10 0.972846	H@20 0.987360	H@50 0.992509	H@100 1.000000
INFO:kbc-cli.py:Epoch 57/100	test results	MRR 0.843477	H@1 0.756983	H@3 0.919460	H@5 0.954376	H@10 0.984171	H@20 0.991620	H@50 0.996741	H@100 1.000000
INFO:kbc-cli.py:Epoch 58/100	Loss 4.7155 ± 0.1470
INFO:kbc-cli.py:Epoch 59/100	Loss 4.7134 ± 0.1383
INFO:kbc-cli.py:Epoch 60/100	Loss 4.7115 ± 0.1369
INFO:kbc-cli.py:Epoch 60/100	dev results	MRR 0.846976	H@1 0.767322	H@3 0.916199	H@5 0.948502	H@10 0.972378	H@20 0.987360	H@50 0.992509	H@100 1.000000
INFO:kbc-cli.py:Epoch 60/100	test results	MRR 0.842166	H@1 0.753724	H@3 0.918994	H@5 0.955307	H@10 0.984171	H@20 0.991620	H@50 0.996741	H@100 1.000000
INFO:kbc-cli.py:Epoch 61/100	Loss 4.7102 ± 0.1346
INFO:kbc-cli.py:Epoch 62/100	Loss 4.7083 ± 0.1353
INFO:kbc-cli.py:Epoch 63/100	Loss 4.7068 ± 0.1332
INFO:kbc-cli.py:Epoch 63/100	dev results	MRR 0.847445	H@1 0.767790	H@3 0.917135	H@5 0.948034	H@10 0.972378	H@20 0.987360	H@50 0.992509	H@100 1.000000
INFO:kbc-cli.py:Epoch 63/100	test results	MRR 0.843328	H@1 0.756518	H@3 0.917598	H@5 0.954842	H@10 0.984637	H@20 0.992086	H@50 0.996741	H@100 1.000000
INFO:kbc-cli.py:Epoch 64/100	Loss 4.7048 ± 0.1314
INFO:kbc-cli.py:Epoch 65/100	Loss 4.7036 ± 0.1351
INFO:kbc-cli.py:Epoch 66/100	Loss 4.7021 ± 0.1389
INFO:kbc-cli.py:Epoch 66/100	dev results	MRR 0.846661	H@1 0.766854	H@3 0.916199	H@5 0.947097	H@10 0.971910	H@20 0.987360	H@50 0.992509	H@100 1.000000
INFO:kbc-cli.py:Epoch 66/100	test results	MRR 0.842180	H@1 0.754190	H@3 0.917132	H@5 0.953911	H@10 0.984171	H@20 0.992086	H@50 0.996741	H@100 1.000000
INFO:kbc-cli.py:Epoch 67/100	Loss 4.7012 ± 0.1317
INFO:kbc-cli.py:Epoch 68/100	Loss 4.6994 ± 0.1386
INFO:kbc-cli.py:Epoch 69/100	Loss 4.6979 ± 0.1226
INFO:kbc-cli.py:Epoch 69/100	dev results	MRR 0.845868	H@1 0.765449	H@3 0.916667	H@5 0.947097	H@10 0.972846	H@20 0.987360	H@50 0.992509	H@100 1.000000
INFO:kbc-cli.py:Epoch 69/100	test results	MRR 0.842008	H@1 0.754190	H@3 0.918063	H@5 0.954376	H@10 0.984637	H@20 0.991620	H@50 0.996741	H@100 1.000000
INFO:kbc-cli.py:Epoch 70/100	Loss 4.6964 ± 0.1380
INFO:kbc-cli.py:Epoch 71/100	Loss 4.6952 ± 0.1257
INFO:kbc-cli.py:Epoch 72/100	Loss 4.6941 ± 0.1250
INFO:kbc-cli.py:Epoch 72/100	dev results	MRR 0.846307	H@1 0.765918	H@3 0.918071	H@5 0.946161	H@10 0.971442	H@20 0.987360	H@50 0.992509	H@100 1.000000
INFO:kbc-cli.py:Epoch 72/100	test results	MRR 0.842061	H@1 0.754190	H@3 0.918529	H@5 0.954376	H@10 0.984171	H@20 0.991620	H@50 0.996741	H@100 1.000000
INFO:kbc-cli.py:Epoch 73/100	Loss 4.6933 ± 0.1288
INFO:kbc-cli.py:Epoch 74/100	Loss 4.6915 ± 0.1333
INFO:kbc-cli.py:Epoch 75/100	Loss 4.6905 ± 0.1279
INFO:kbc-cli.py:Epoch 75/100	dev results	MRR 0.843844	H@1 0.761704	H@3 0.917603	H@5 0.946161	H@10 0.971910	H@20 0.987360	H@50 0.992509	H@100 1.000000
INFO:kbc-cli.py:Epoch 75/100	test results	MRR 0.840963	H@1 0.751862	H@3 0.917598	H@5 0.953911	H@10 0.984171	H@20 0.992086	H@50 0.996741	H@100 1.000000
INFO:kbc-cli.py:Epoch 76/100	Loss 4.6894 ± 0.1239
INFO:kbc-cli.py:Epoch 77/100	Loss 4.6882 ± 0.1332
INFO:kbc-cli.py:Epoch 78/100	Loss 4.6866 ± 0.1160
INFO:kbc-cli.py:Epoch 78/100	dev results	MRR 0.844474	H@1 0.762172	H@3 0.917135	H@5 0.946161	H@10 0.971442	H@20 0.987360	H@50 0.992509	H@100 1.000000
INFO:kbc-cli.py:Epoch 78/100	test results	MRR 0.839969	H@1 0.750000	H@3 0.917132	H@5 0.953445	H@10 0.984171	H@20 0.991620	H@50 0.996741	H@100 1.000000
INFO:kbc-cli.py:Epoch 79/100	Loss 4.6857 ± 0.1314
INFO:kbc-cli.py:Epoch 80/100	Loss 4.6844 ± 0.1361
INFO:kbc-cli.py:Epoch 81/100	Loss 4.6838 ± 0.1398
INFO:kbc-cli.py:Epoch 81/100	dev results	MRR 0.843783	H@1 0.761704	H@3 0.917603	H@5 0.947097	H@10 0.971442	H@20 0.987360	H@50 0.992509	H@100 1.000000
INFO:kbc-cli.py:Epoch 81/100	test results	MRR 0.840013	H@1 0.750000	H@3 0.917598	H@5 0.952980	H@10 0.984171	H@20 0.991620	H@50 0.996741	H@100 1.000000
INFO:kbc-cli.py:Epoch 82/100	Loss 4.6825 ± 0.1199
INFO:kbc-cli.py:Epoch 83/100	Loss 4.6818 ± 0.1467
INFO:kbc-cli.py:Epoch 84/100	Loss 4.6805 ± 0.1181
INFO:kbc-cli.py:Epoch 84/100	dev results	MRR 0.844851	H@1 0.763577	H@3 0.917135	H@5 0.945225	H@10 0.971442	H@20 0.987360	H@50 0.992978	H@100 1.000000
INFO:kbc-cli.py:Epoch 84/100	test results	MRR 0.839161	H@1 0.749534	H@3 0.915270	H@5 0.952048	H@10 0.984171	H@20 0.992086	H@50 0.996741	H@100 1.000000
INFO:kbc-cli.py:Epoch 85/100	Loss 4.6796 ± 0.1324
INFO:kbc-cli.py:Epoch 86/100	Loss 4.6788 ± 0.1311
INFO:kbc-cli.py:Epoch 87/100	Loss 4.6776 ± 0.1389
INFO:kbc-cli.py:Epoch 87/100	dev results	MRR 0.844018	H@1 0.762172	H@3 0.915730	H@5 0.945693	H@10 0.971442	H@20 0.987360	H@50 0.992978	H@100 1.000000
INFO:kbc-cli.py:Epoch 87/100	test results	MRR 0.838224	H@1 0.748138	H@3 0.916201	H@5 0.952980	H@10 0.984637	H@20 0.992086	H@50 0.997207	H@100 1.000000
INFO:kbc-cli.py:Epoch 88/100	Loss 4.6768 ± 0.1090
INFO:kbc-cli.py:Epoch 89/100	Loss 4.6755 ± 0.1139
INFO:kbc-cli.py:Epoch 90/100	Loss 4.6747 ± 0.1187
INFO:kbc-cli.py:Epoch 90/100	dev results	MRR 0.842508	H@1 0.758895	H@3 0.917135	H@5 0.945693	H@10 0.971910	H@20 0.987360	H@50 0.992509	H@100 1.000000
INFO:kbc-cli.py:Epoch 90/100	test results	MRR 0.838306	H@1 0.747672	H@3 0.916201	H@5 0.953445	H@10 0.984171	H@20 0.991620	H@50 0.996741	H@100 1.000000
INFO:kbc-cli.py:Epoch 91/100	Loss 4.6737 ± 0.1251
INFO:kbc-cli.py:Epoch 92/100	Loss 4.6732 ± 0.1398
INFO:kbc-cli.py:Epoch 93/100	Loss 4.6720 ± 0.1246
INFO:kbc-cli.py:Epoch 93/100	dev results	MRR 0.843034	H@1 0.760300	H@3 0.917135	H@5 0.945225	H@10 0.971442	H@20 0.987360	H@50 0.992978	H@100 1.000000
INFO:kbc-cli.py:Epoch 93/100	test results	MRR 0.839152	H@1 0.749534	H@3 0.915270	H@5 0.952514	H@10 0.984171	H@20 0.992086	H@50 0.996741	H@100 1.000000
INFO:kbc-cli.py:Epoch 94/100	Loss 4.6711 ± 0.1206
INFO:kbc-cli.py:Epoch 95/100	Loss 4.6705 ± 0.1374
INFO:kbc-cli.py:Epoch 96/100	Loss 4.6694 ± 0.1263
INFO:kbc-cli.py:Epoch 96/100	dev results	MRR 0.843662	H@1 0.761236	H@3 0.916667	H@5 0.945225	H@10 0.971442	H@20 0.987360	H@50 0.992978	H@100 1.000000
INFO:kbc-cli.py:Epoch 96/100	test results	MRR 0.837204	H@1 0.745810	H@3 0.915736	H@5 0.953445	H@10 0.984171	H@20 0.992086	H@50 0.997207	H@100 1.000000
INFO:kbc-cli.py:Epoch 97/100	Loss 4.6686 ± 0.1233
INFO:kbc-cli.py:Epoch 98/100	Loss 4.6676 ± 0.1315
INFO:kbc-cli.py:Epoch 99/100	Loss 4.6674 ± 0.1260
INFO:kbc-cli.py:Epoch 99/100	dev results	MRR 0.842829	H@1 0.759363	H@3 0.917135	H@5 0.944757	H@10 0.972846	H@20 0.987360	H@50 0.992978	H@100 1.000000
INFO:kbc-cli.py:Epoch 99/100	test results	MRR 0.837135	H@1 0.745345	H@3 0.916201	H@5 0.953445	H@10 0.984171	H@20 0.992086	H@50 0.997207	H@100 1.000000
INFO:kbc-cli.py:Epoch 100/100	Loss 4.6664 ± 0.1119
INFO:kbc-cli.py:Final 	dev results	MRR 0.842585	H@1 0.759363	H@3 0.916667	H@5 0.945225	H@10 0.971910	H@20 0.987360	H@50 0.992978	H@100 1.000000
INFO:kbc-cli.py:Final 	test results	MRR 0.839219	H@1 0.749534	H@3 0.915736	H@5 0.953911	H@10 0.984171	H@20 0.992086	H@50 0.997207	H@100 1.000000
INFO:kbc-cli.py:Training finished
