./bin/kbc-cli.py --train data/kinship/train.tsv --dev data/kinship/dev.tsv --test data/kinship/test.tsv -m complex -k 1000 -b 10 -e 100 --F2 0 --N3 0.001 -l 0.1 -I standard -V 3 -o adagrad -c spo -q
{'F2': 0.0,
 'N3': 0.001,
 'batch_size': 10,
 'corruption': 'spo',
 'dev': 'data/kinship/dev.tsv',
 'embedding_size': 1000,
 'epochs': 100,
 'eval_batch_size': None,
 'input_type': 'standard',
 'learning_rate': 0.1,
 'load': None,
 'model': 'complex',
 'optimizer': 'adagrad',
 'quiet': True,
 'save': None,
 'seed': 0,
 'test': 'data/kinship/test.tsv',
 'test_i': None,
 'test_ii': None,
 'train': 'data/kinship/train.tsv',
 'validate_every': 3}
INFO:kbc-cli.py:Device: cuda
INFO:kbc-cli.py:Model state:
INFO:kbc-cli.py:	entities.weight	torch.Size([104, 2000])
INFO:kbc-cli.py:	predicates.weight	torch.Size([25, 2000])
INFO:kbc-cli.py:Epoch 1/100	Loss 8.7290 ± 2.4279
INFO:kbc-cli.py:Epoch 2/100	Loss 5.7239 ± 0.6155
INFO:kbc-cli.py:Epoch 3/100	Loss 5.3197 ± 0.5410
INFO:kbc-cli.py:Epoch 3/100	dev results	MRR 0.890788	H@1 0.831461	H@3 0.943352	H@5 0.964419	H@10 0.980337	H@20 0.986891	H@50 0.995318	H@100 1.000000
INFO:kbc-cli.py:Epoch 3/100	test results	MRR 0.891466	H@1 0.829143	H@3 0.946927	H@5 0.969274	H@10 0.986965	H@20 0.993482	H@50 0.997207	H@100 1.000000
INFO:kbc-cli.py:Epoch 4/100	Loss 5.1207 ± 0.4838
INFO:kbc-cli.py:Epoch 5/100	Loss 4.9976 ± 0.4625
INFO:kbc-cli.py:Epoch 6/100	Loss 4.9082 ± 0.4305
INFO:kbc-cli.py:Epoch 6/100	dev results	MRR 0.906130	H@1 0.856742	H@3 0.950375	H@5 0.965824	H@10 0.980805	H@20 0.988296	H@50 0.995787	H@100 1.000000
INFO:kbc-cli.py:Epoch 6/100	test results	MRR 0.914109	H@1 0.864991	H@3 0.958101	H@5 0.976723	H@10 0.988361	H@20 0.993948	H@50 0.997207	H@100 1.000000
INFO:kbc-cli.py:Epoch 7/100	Loss 4.8459 ± 0.4112
INFO:kbc-cli.py:Epoch 8/100	Loss 4.7946 ± 0.3987
INFO:kbc-cli.py:Epoch 9/100	Loss 4.7521 ± 0.3980
INFO:kbc-cli.py:Epoch 9/100	dev results	MRR 0.912593	H@1 0.866105	H@3 0.952247	H@5 0.968633	H@10 0.981742	H@20 0.987828	H@50 0.995787	H@100 1.000000
INFO:kbc-cli.py:Epoch 9/100	test results	MRR 0.913346	H@1 0.864060	H@3 0.957635	H@5 0.974860	H@10 0.988361	H@20 0.993948	H@50 0.997207	H@100 1.000000
INFO:kbc-cli.py:Epoch 10/100	Loss 4.7172 ± 0.3951
INFO:kbc-cli.py:Epoch 11/100	Loss 4.6894 ± 0.3909
INFO:kbc-cli.py:Epoch 12/100	Loss 4.6623 ± 0.3741
INFO:kbc-cli.py:Epoch 12/100	dev results	MRR 0.913180	H@1 0.867041	H@3 0.953652	H@5 0.967697	H@10 0.982678	H@20 0.988764	H@50 0.996255	H@100 1.000000
INFO:kbc-cli.py:Epoch 12/100	test results	MRR 0.915365	H@1 0.867318	H@3 0.959032	H@5 0.975791	H@10 0.987430	H@20 0.993482	H@50 0.997207	H@100 1.000000
INFO:kbc-cli.py:Epoch 13/100	Loss 4.6390 ± 0.3926
INFO:kbc-cli.py:Epoch 14/100	Loss 4.6198 ± 0.3780
INFO:kbc-cli.py:Epoch 15/100	Loss 4.6023 ± 0.3648
INFO:kbc-cli.py:Epoch 15/100	dev results	MRR 0.916078	H@1 0.872191	H@3 0.955993	H@5 0.968633	H@10 0.982210	H@20 0.987828	H@50 0.996255	H@100 1.000000
INFO:kbc-cli.py:Epoch 15/100	test results	MRR 0.916857	H@1 0.868715	H@3 0.961825	H@5 0.975791	H@10 0.989292	H@20 0.993948	H@50 0.997207	H@100 1.000000
INFO:kbc-cli.py:Epoch 16/100	Loss 4.5861 ± 0.3666
INFO:kbc-cli.py:Epoch 17/100	Loss 4.5714 ± 0.3609
INFO:kbc-cli.py:Epoch 18/100	Loss 4.5589 ± 0.3778
INFO:kbc-cli.py:Epoch 18/100	dev results	MRR 0.913801	H@1 0.867978	H@3 0.955524	H@5 0.969101	H@10 0.981742	H@20 0.988296	H@50 0.996255	H@100 1.000000
INFO:kbc-cli.py:Epoch 18/100	test results	MRR 0.917976	H@1 0.871043	H@3 0.961359	H@5 0.975791	H@10 0.989292	H@20 0.993482	H@50 0.997207	H@100 1.000000
INFO:kbc-cli.py:Epoch 19/100	Loss 4.5459 ± 0.3653
INFO:kbc-cli.py:Epoch 20/100	Loss 4.5358 ± 0.3570
INFO:kbc-cli.py:Epoch 21/100	Loss 4.5242 ± 0.3658
INFO:kbc-cli.py:Epoch 21/100	dev results	MRR 0.914857	H@1 0.870318	H@3 0.956929	H@5 0.971910	H@10 0.981742	H@20 0.988296	H@50 0.996723	H@100 1.000000
INFO:kbc-cli.py:Epoch 21/100	test results	MRR 0.918216	H@1 0.870112	H@3 0.963222	H@5 0.976723	H@10 0.989292	H@20 0.993482	H@50 0.997207	H@100 1.000000
INFO:kbc-cli.py:Epoch 22/100	Loss 4.5135 ± 0.3667
INFO:kbc-cli.py:Epoch 23/100	Loss 4.5029 ± 0.3820
INFO:kbc-cli.py:Epoch 24/100	Loss 4.4963 ± 0.3542
INFO:kbc-cli.py:Epoch 24/100	dev results	MRR 0.914424	H@1 0.869382	H@3 0.956461	H@5 0.970974	H@10 0.982210	H@20 0.988296	H@50 0.996255	H@100 1.000000
INFO:kbc-cli.py:Epoch 24/100	test results	MRR 0.917146	H@1 0.869646	H@3 0.961359	H@5 0.975326	H@10 0.988827	H@20 0.993482	H@50 0.997207	H@100 1.000000
INFO:kbc-cli.py:Epoch 25/100	Loss 4.4877 ± 0.3551
INFO:kbc-cli.py:Epoch 26/100	Loss 4.4789 ± 0.3664
INFO:kbc-cli.py:Epoch 27/100	Loss 4.4734 ± 0.3564
INFO:kbc-cli.py:Epoch 27/100	dev results	MRR 0.914950	H@1 0.870787	H@3 0.956461	H@5 0.969101	H@10 0.982210	H@20 0.988296	H@50 0.996255	H@100 1.000000
INFO:kbc-cli.py:Epoch 27/100	test results	MRR 0.916428	H@1 0.867318	H@3 0.960894	H@5 0.976723	H@10 0.989758	H@20 0.993482	H@50 0.997207	H@100 1.000000
INFO:kbc-cli.py:Epoch 28/100	Loss 4.4660 ± 0.3540
INFO:kbc-cli.py:Epoch 29/100	Loss 4.4592 ± 0.3581
INFO:kbc-cli.py:Epoch 30/100	Loss 4.4536 ± 0.3488
INFO:kbc-cli.py:Epoch 30/100	dev results	MRR 0.914989	H@1 0.870318	H@3 0.958333	H@5 0.969569	H@10 0.982210	H@20 0.988296	H@50 0.996723	H@100 1.000000
INFO:kbc-cli.py:Epoch 30/100	test results	MRR 0.918561	H@1 0.871974	H@3 0.960894	H@5 0.974860	H@10 0.988827	H@20 0.993482	H@50 0.997207	H@100 1.000000
INFO:kbc-cli.py:Epoch 31/100	Loss 4.4474 ± 0.3479
INFO:kbc-cli.py:Epoch 32/100	Loss 4.4416 ± 0.3399
INFO:kbc-cli.py:Epoch 33/100	Loss 4.4355 ± 0.3428
INFO:kbc-cli.py:Epoch 33/100	dev results	MRR 0.916740	H@1 0.873127	H@3 0.955524	H@5 0.969101	H@10 0.982210	H@20 0.988296	H@50 0.996723	H@100 1.000000
INFO:kbc-cli.py:Epoch 33/100	test results	MRR 0.918680	H@1 0.872439	H@3 0.961825	H@5 0.974860	H@10 0.988361	H@20 0.993482	H@50 0.997207	H@100 1.000000
INFO:kbc-cli.py:Epoch 34/100	Loss 4.4309 ± 0.3515
INFO:kbc-cli.py:Epoch 35/100	Loss 4.4264 ± 0.3478
INFO:kbc-cli.py:Epoch 36/100	Loss 4.4216 ± 0.3395
INFO:kbc-cli.py:Epoch 36/100	dev results	MRR 0.915414	H@1 0.870787	H@3 0.954588	H@5 0.970506	H@10 0.982210	H@20 0.987828	H@50 0.996255	H@100 1.000000
INFO:kbc-cli.py:Epoch 36/100	test results	MRR 0.918281	H@1 0.871043	H@3 0.962756	H@5 0.975791	H@10 0.989292	H@20 0.993482	H@50 0.997207	H@100 1.000000
INFO:kbc-cli.py:Epoch 37/100	Loss 4.4174 ± 0.3411
INFO:kbc-cli.py:Epoch 38/100	Loss 4.4128 ± 0.3579
INFO:kbc-cli.py:Epoch 39/100	Loss 4.4092 ± 0.3370
INFO:kbc-cli.py:Epoch 39/100	dev results	MRR 0.915792	H@1 0.872191	H@3 0.957397	H@5 0.971442	H@10 0.982210	H@20 0.987828	H@50 0.996255	H@100 1.000000
INFO:kbc-cli.py:Epoch 39/100	test results	MRR 0.919317	H@1 0.873371	H@3 0.961359	H@5 0.975326	H@10 0.988827	H@20 0.993482	H@50 0.997207	H@100 1.000000
INFO:kbc-cli.py:Epoch 40/100	Loss 4.4036 ± 0.3563
INFO:kbc-cli.py:Epoch 41/100	Loss 4.4005 ± 0.3346
INFO:kbc-cli.py:Epoch 42/100	Loss 4.3960 ± 0.3447
INFO:kbc-cli.py:Epoch 42/100	dev results	MRR 0.915371	H@1 0.870318	H@3 0.957865	H@5 0.970506	H@10 0.981273	H@20 0.987828	H@50 0.996255	H@100 1.000000
INFO:kbc-cli.py:Epoch 42/100	test results	MRR 0.916648	H@1 0.868250	H@3 0.960428	H@5 0.975326	H@10 0.988361	H@20 0.993482	H@50 0.997207	H@100 1.000000
INFO:kbc-cli.py:Epoch 43/100	Loss 4.3927 ± 0.3336
INFO:kbc-cli.py:Epoch 44/100	Loss 4.3890 ± 0.3506
INFO:kbc-cli.py:Epoch 45/100	Loss 4.3859 ± 0.3356
INFO:kbc-cli.py:Epoch 45/100	dev results	MRR 0.915030	H@1 0.869850	H@3 0.956929	H@5 0.970037	H@10 0.981742	H@20 0.987828	H@50 0.995787	H@100 1.000000
INFO:kbc-cli.py:Epoch 45/100	test results	MRR 0.917942	H@1 0.870577	H@3 0.961359	H@5 0.975326	H@10 0.989758	H@20 0.993482	H@50 0.997207	H@100 1.000000
INFO:kbc-cli.py:Epoch 46/100	Loss 4.3826 ± 0.3369
INFO:kbc-cli.py:Epoch 47/100	Loss 4.3802 ± 0.3484
INFO:kbc-cli.py:Epoch 48/100	Loss 4.3766 ± 0.3370
INFO:kbc-cli.py:Epoch 48/100	dev results	MRR 0.917241	H@1 0.874064	H@3 0.958333	H@5 0.970506	H@10 0.981742	H@20 0.987828	H@50 0.995787	H@100 1.000000
INFO:kbc-cli.py:Epoch 48/100	test results	MRR 0.918836	H@1 0.871974	H@3 0.961825	H@5 0.974860	H@10 0.989292	H@20 0.993482	H@50 0.997207	H@100 1.000000
INFO:kbc-cli.py:Epoch 49/100	Loss 4.3736 ± 0.3420
INFO:kbc-cli.py:Epoch 50/100	Loss 4.3711 ± 0.3385
INFO:kbc-cli.py:Epoch 51/100	Loss 4.3680 ± 0.3299
INFO:kbc-cli.py:Epoch 51/100	dev results	MRR 0.913861	H@1 0.868446	H@3 0.957397	H@5 0.971442	H@10 0.981273	H@20 0.987828	H@50 0.995787	H@100 1.000000
INFO:kbc-cli.py:Epoch 51/100	test results	MRR 0.917889	H@1 0.871043	H@3 0.961825	H@5 0.974860	H@10 0.989758	H@20 0.993482	H@50 0.997207	H@100 1.000000
INFO:kbc-cli.py:Epoch 52/100	Loss 4.3643 ± 0.3213
INFO:kbc-cli.py:Epoch 53/100	Loss 4.3619 ± 0.3301
INFO:kbc-cli.py:Epoch 54/100	Loss 4.3607 ± 0.3383
INFO:kbc-cli.py:Epoch 54/100	dev results	MRR 0.913763	H@1 0.867509	H@3 0.957865	H@5 0.970506	H@10 0.981273	H@20 0.987828	H@50 0.995787	H@100 1.000000
INFO:kbc-cli.py:Epoch 54/100	test results	MRR 0.916343	H@1 0.868715	H@3 0.959963	H@5 0.974395	H@10 0.988827	H@20 0.993482	H@50 0.997207	H@100 1.000000
INFO:kbc-cli.py:Epoch 55/100	Loss 4.3579 ± 0.3352
INFO:kbc-cli.py:Epoch 56/100	Loss 4.3554 ± 0.3337
INFO:kbc-cli.py:Epoch 57/100	Loss 4.3528 ± 0.3332
INFO:kbc-cli.py:Epoch 57/100	dev results	MRR 0.916356	H@1 0.872191	H@3 0.957865	H@5 0.970506	H@10 0.981273	H@20 0.987828	H@50 0.995787	H@100 1.000000
INFO:kbc-cli.py:Epoch 57/100	test results	MRR 0.917100	H@1 0.869181	H@3 0.961825	H@5 0.974395	H@10 0.989292	H@20 0.993482	H@50 0.997207	H@100 1.000000
INFO:kbc-cli.py:Epoch 58/100	Loss 4.3497 ± 0.3314
INFO:kbc-cli.py:Epoch 59/100	Loss 4.3487 ± 0.3288
INFO:kbc-cli.py:Epoch 60/100	Loss 4.3459 ± 0.3380
INFO:kbc-cli.py:Epoch 60/100	dev results	MRR 0.914098	H@1 0.867978	H@3 0.958333	H@5 0.970037	H@10 0.981273	H@20 0.987828	H@50 0.995787	H@100 1.000000
INFO:kbc-cli.py:Epoch 60/100	test results	MRR 0.915699	H@1 0.866853	H@3 0.959963	H@5 0.973929	H@10 0.989292	H@20 0.993482	H@50 0.997207	H@100 1.000000
INFO:kbc-cli.py:Epoch 61/100	Loss 4.3432 ± 0.3267
INFO:kbc-cli.py:Epoch 62/100	Loss 4.3414 ± 0.3364
INFO:kbc-cli.py:Epoch 63/100	Loss 4.3390 ± 0.3416
INFO:kbc-cli.py:Epoch 63/100	dev results	MRR 0.914853	H@1 0.869382	H@3 0.957397	H@5 0.970506	H@10 0.981273	H@20 0.987360	H@50 0.995787	H@100 1.000000
INFO:kbc-cli.py:Epoch 63/100	test results	MRR 0.915987	H@1 0.867318	H@3 0.962291	H@5 0.974395	H@10 0.989292	H@20 0.993482	H@50 0.997207	H@100 1.000000
INFO:kbc-cli.py:Epoch 64/100	Loss 4.3382 ± 0.3381
INFO:kbc-cli.py:Epoch 65/100	Loss 4.3360 ± 0.3325
INFO:kbc-cli.py:Epoch 66/100	Loss 4.3329 ± 0.3173
INFO:kbc-cli.py:Epoch 66/100	dev results	MRR 0.914535	H@1 0.869382	H@3 0.956461	H@5 0.970506	H@10 0.981273	H@20 0.987828	H@50 0.995787	H@100 1.000000
INFO:kbc-cli.py:Epoch 66/100	test results	MRR 0.914743	H@1 0.864991	H@3 0.962291	H@5 0.974395	H@10 0.989292	H@20 0.993482	H@50 0.997207	H@100 1.000000
INFO:kbc-cli.py:Epoch 67/100	Loss 4.3311 ± 0.3359
INFO:kbc-cli.py:Epoch 68/100	Loss 4.3300 ± 0.3356
INFO:kbc-cli.py:Epoch 69/100	Loss 4.3274 ± 0.3294
INFO:kbc-cli.py:Epoch 69/100	dev results	MRR 0.915639	H@1 0.870787	H@3 0.955993	H@5 0.970037	H@10 0.981273	H@20 0.987828	H@50 0.995787	H@100 1.000000
INFO:kbc-cli.py:Epoch 69/100	test results	MRR 0.917187	H@1 0.869181	H@3 0.962756	H@5 0.973929	H@10 0.989758	H@20 0.993482	H@50 0.997207	H@100 1.000000
INFO:kbc-cli.py:Epoch 70/100	Loss 4.3261 ± 0.3324
INFO:kbc-cli.py:Epoch 71/100	Loss 4.3248 ± 0.3466
INFO:kbc-cli.py:Epoch 72/100	Loss 4.3229 ± 0.3263
INFO:kbc-cli.py:Epoch 72/100	dev results	MRR 0.915211	H@1 0.869382	H@3 0.957865	H@5 0.970037	H@10 0.981273	H@20 0.987828	H@50 0.995787	H@100 1.000000
INFO:kbc-cli.py:Epoch 72/100	test results	MRR 0.914991	H@1 0.866387	H@3 0.960894	H@5 0.973464	H@10 0.989758	H@20 0.993482	H@50 0.997207	H@100 1.000000
INFO:kbc-cli.py:Epoch 73/100	Loss 4.3206 ± 0.3256
INFO:kbc-cli.py:Epoch 74/100	Loss 4.3201 ± 0.3244
INFO:kbc-cli.py:Epoch 75/100	Loss 4.3174 ± 0.3128
INFO:kbc-cli.py:Epoch 75/100	dev results	MRR 0.914894	H@1 0.868914	H@3 0.957397	H@5 0.970506	H@10 0.981273	H@20 0.987828	H@50 0.995318	H@100 1.000000
INFO:kbc-cli.py:Epoch 75/100	test results	MRR 0.915420	H@1 0.866853	H@3 0.962756	H@5 0.973464	H@10 0.989758	H@20 0.993482	H@50 0.997207	H@100 1.000000
INFO:kbc-cli.py:Epoch 76/100	Loss 4.3163 ± 0.3400
INFO:kbc-cli.py:Epoch 77/100	Loss 4.3143 ± 0.3229
INFO:kbc-cli.py:Epoch 78/100	Loss 4.3130 ± 0.3310
INFO:kbc-cli.py:Epoch 78/100	dev results	MRR 0.914122	H@1 0.867978	H@3 0.955993	H@5 0.970037	H@10 0.980805	H@20 0.987828	H@50 0.995318	H@100 1.000000
INFO:kbc-cli.py:Epoch 78/100	test results	MRR 0.916534	H@1 0.868715	H@3 0.962291	H@5 0.973929	H@10 0.989292	H@20 0.993482	H@50 0.997207	H@100 1.000000
INFO:kbc-cli.py:Epoch 79/100	Loss 4.3111 ± 0.3164
INFO:kbc-cli.py:Epoch 80/100	Loss 4.3100 ± 0.3328
INFO:kbc-cli.py:Epoch 81/100	Loss 4.3087 ± 0.3347
INFO:kbc-cli.py:Epoch 81/100	dev results	MRR 0.914908	H@1 0.869382	H@3 0.957397	H@5 0.970506	H@10 0.980805	H@20 0.987828	H@50 0.995318	H@100 1.000000
INFO:kbc-cli.py:Epoch 81/100	test results	MRR 0.914388	H@1 0.864525	H@3 0.960894	H@5 0.974395	H@10 0.989292	H@20 0.993482	H@50 0.997207	H@100 1.000000
INFO:kbc-cli.py:Epoch 82/100	Loss 4.3070 ± 0.3322
INFO:kbc-cli.py:Epoch 83/100	Loss 4.3068 ± 0.3213
INFO:kbc-cli.py:Epoch 84/100	Loss 4.3043 ± 0.3334
INFO:kbc-cli.py:Epoch 84/100	dev results	MRR 0.912928	H@1 0.865637	H@3 0.957397	H@5 0.970506	H@10 0.981273	H@20 0.987828	H@50 0.995318	H@100 1.000000
INFO:kbc-cli.py:Epoch 84/100	test results	MRR 0.914653	H@1 0.864991	H@3 0.961825	H@5 0.973464	H@10 0.989292	H@20 0.993482	H@50 0.997207	H@100 1.000000
INFO:kbc-cli.py:Epoch 85/100	Loss 4.3025 ± 0.3271
INFO:kbc-cli.py:Epoch 86/100	Loss 4.3017 ± 0.3353
INFO:kbc-cli.py:Epoch 87/100	Loss 4.3006 ± 0.3269
INFO:kbc-cli.py:Epoch 87/100	dev results	MRR 0.915690	H@1 0.871255	H@3 0.956461	H@5 0.970037	H@10 0.980805	H@20 0.987360	H@50 0.995318	H@100 1.000000
INFO:kbc-cli.py:Epoch 87/100	test results	MRR 0.915202	H@1 0.866387	H@3 0.962291	H@5 0.973929	H@10 0.989292	H@20 0.993482	H@50 0.997207	H@100 1.000000
INFO:kbc-cli.py:Epoch 88/100	Loss 4.2995 ± 0.3323
INFO:kbc-cli.py:Epoch 89/100	Loss 4.2977 ± 0.3273
INFO:kbc-cli.py:Epoch 90/100	Loss 4.2972 ± 0.3195
INFO:kbc-cli.py:Epoch 90/100	dev results	MRR 0.913965	H@1 0.867509	H@3 0.956929	H@5 0.970037	H@10 0.980805	H@20 0.987828	H@50 0.995318	H@100 1.000000
INFO:kbc-cli.py:Epoch 90/100	test results	MRR 0.914108	H@1 0.864525	H@3 0.961825	H@5 0.973464	H@10 0.989758	H@20 0.993482	H@50 0.997207	H@100 1.000000
INFO:kbc-cli.py:Epoch 91/100	Loss 4.2962 ± 0.3278
INFO:kbc-cli.py:Epoch 92/100	Loss 4.2953 ± 0.3160
INFO:kbc-cli.py:Epoch 93/100	Loss 4.2936 ± 0.3261
INFO:kbc-cli.py:Epoch 93/100	dev results	MRR 0.913946	H@1 0.867509	H@3 0.955993	H@5 0.969101	H@10 0.980805	H@20 0.987828	H@50 0.995318	H@100 1.000000
INFO:kbc-cli.py:Epoch 93/100	test results	MRR 0.916324	H@1 0.868715	H@3 0.962756	H@5 0.973929	H@10 0.989292	H@20 0.993482	H@50 0.997207	H@100 1.000000
INFO:kbc-cli.py:Epoch 94/100	Loss 4.2921 ± 0.3330
INFO:kbc-cli.py:Epoch 95/100	Loss 4.2914 ± 0.3348
INFO:kbc-cli.py:Epoch 96/100	Loss 4.2900 ± 0.3358
INFO:kbc-cli.py:Epoch 96/100	dev results	MRR 0.914852	H@1 0.868914	H@3 0.956461	H@5 0.970506	H@10 0.980805	H@20 0.987828	H@50 0.995318	H@100 1.000000
INFO:kbc-cli.py:Epoch 96/100	test results	MRR 0.914951	H@1 0.865456	H@3 0.962291	H@5 0.973929	H@10 0.989292	H@20 0.993482	H@50 0.997207	H@100 1.000000
INFO:kbc-cli.py:Epoch 97/100	Loss 4.2892 ± 0.3264
INFO:kbc-cli.py:Epoch 98/100	Loss 4.2880 ± 0.3166
INFO:kbc-cli.py:Epoch 99/100	Loss 4.2868 ± 0.3233
INFO:kbc-cli.py:Epoch 99/100	dev results	MRR 0.913936	H@1 0.867509	H@3 0.954588	H@5 0.970037	H@10 0.980805	H@20 0.987828	H@50 0.995318	H@100 1.000000
INFO:kbc-cli.py:Epoch 99/100	test results	MRR 0.914806	H@1 0.865922	H@3 0.961359	H@5 0.973464	H@10 0.989292	H@20 0.993482	H@50 0.997207	H@100 1.000000
INFO:kbc-cli.py:Epoch 100/100	Loss 4.2861 ± 0.3392
INFO:kbc-cli.py:Final 	dev results	MRR 0.914280	H@1 0.867509	H@3 0.956461	H@5 0.970506	H@10 0.980805	H@20 0.987828	H@50 0.995318	H@100 1.000000
INFO:kbc-cli.py:Final 	test results	MRR 0.914047	H@1 0.864060	H@3 0.961825	H@5 0.972998	H@10 0.989292	H@20 0.993482	H@50 0.997207	H@100 1.000000
INFO:kbc-cli.py:Training finished
