./bin/kbc-cli.py --train data/nations/train.tsv --dev data/nations/dev.tsv --test data/nations/test.tsv -m complex -k 1000 -b 500 -e 100 --F2 0 --N3 0.1 -l 0.1 -I reciprocal -V 3 -o adagrad -c spo -q
{'F2': 0.0,
 'N3': 0.1,
 'batch_size': 500,
 'corruption': 'spo',
 'dev': 'data/nations/dev.tsv',
 'embedding_size': 1000,
 'epochs': 100,
 'eval_batch_size': None,
 'input_type': 'reciprocal',
 'learning_rate': 0.1,
 'load': None,
 'model': 'complex',
 'optimizer': 'adagrad',
 'quiet': True,
 'save': None,
 'seed': 0,
 'test': 'data/nations/test.tsv',
 'test_i': None,
 'test_ii': None,
 'train': 'data/nations/train.tsv',
 'validate_every': 3}
INFO:kbc-cli.py:Device: cuda
INFO:kbc-cli.py:Model state:
INFO:kbc-cli.py:	entities.weight	torch.Size([14, 2000])
INFO:kbc-cli.py:	predicates.weight	torch.Size([110, 2000])
INFO:kbc-cli.py:Epoch 1/100	Loss 10.4358 ± 0.3940
INFO:kbc-cli.py:Epoch 2/100	Loss 9.7835 ± 0.0781
INFO:kbc-cli.py:Epoch 3/100	Loss 9.5652 ± 0.0395
INFO:kbc-cli.py:Epoch 3/100	dev results	MRR 0.654245	H@1 0.472362	H@3 0.791457	H@5 0.902010	H@10 0.994975	H@20 1.000000	H@50 1.000000	H@100 1.000000
INFO:kbc-cli.py:Epoch 3/100	test results	MRR 0.652793	H@1 0.467662	H@3 0.796020	H@5 0.917910	H@10 0.995025	H@20 1.000000	H@50 1.000000	H@100 1.000000
INFO:kbc-cli.py:Epoch 4/100	Loss 9.4838 ± 0.0644
INFO:kbc-cli.py:Epoch 5/100	Loss 9.4248 ± 0.0944
INFO:kbc-cli.py:Epoch 6/100	Loss 9.3826 ± 0.0882
INFO:kbc-cli.py:Epoch 6/100	dev results	MRR 0.691256	H@1 0.530151	H@3 0.809045	H@5 0.939698	H@10 0.992462	H@20 1.000000	H@50 1.000000	H@100 1.000000
INFO:kbc-cli.py:Epoch 6/100	test results	MRR 0.742899	H@1 0.604478	H@3 0.845771	H@5 0.935323	H@10 0.995025	H@20 1.000000	H@50 1.000000	H@100 1.000000
INFO:kbc-cli.py:Epoch 7/100	Loss 9.3584 ± 0.0626
INFO:kbc-cli.py:Epoch 8/100	Loss 9.3343 ± 0.1019
INFO:kbc-cli.py:Epoch 9/100	Loss 9.3141 ± 0.0564
INFO:kbc-cli.py:Epoch 9/100	dev results	MRR 0.723308	H@1 0.567839	H@3 0.859296	H@5 0.944724	H@10 0.992462	H@20 1.000000	H@50 1.000000	H@100 1.000000
INFO:kbc-cli.py:Epoch 9/100	test results	MRR 0.761275	H@1 0.619403	H@3 0.885572	H@5 0.960199	H@10 1.000000	H@20 1.000000	H@50 1.000000	H@100 1.000000
INFO:kbc-cli.py:Epoch 10/100	Loss 9.2949 ± 0.0652
INFO:kbc-cli.py:Epoch 11/100	Loss 9.2811 ± 0.0795
INFO:kbc-cli.py:Epoch 12/100	Loss 9.2742 ± 0.0771
INFO:kbc-cli.py:Epoch 12/100	dev results	MRR 0.742897	H@1 0.603015	H@3 0.859296	H@5 0.947236	H@10 0.994975	H@20 1.000000	H@50 1.000000	H@100 1.000000
INFO:kbc-cli.py:Epoch 12/100	test results	MRR 0.783814	H@1 0.661692	H@3 0.885572	H@5 0.962687	H@10 1.000000	H@20 1.000000	H@50 1.000000	H@100 1.000000
INFO:kbc-cli.py:Epoch 13/100	Loss 9.2532 ± 0.0570
INFO:kbc-cli.py:Epoch 14/100	Loss 9.2577 ± 0.0812
INFO:kbc-cli.py:Epoch 15/100	Loss 9.2431 ± 0.0624
INFO:kbc-cli.py:Epoch 15/100	dev results	MRR 0.748771	H@1 0.613065	H@3 0.859296	H@5 0.957286	H@10 0.994975	H@20 1.000000	H@50 1.000000	H@100 1.000000
INFO:kbc-cli.py:Epoch 15/100	test results	MRR 0.797487	H@1 0.676617	H@3 0.898010	H@5 0.972637	H@10 1.000000	H@20 1.000000	H@50 1.000000	H@100 1.000000
INFO:kbc-cli.py:Epoch 16/100	Loss 9.2392 ± 0.0704
INFO:kbc-cli.py:Epoch 17/100	Loss 9.2284 ± 0.0805
INFO:kbc-cli.py:Epoch 18/100	Loss 9.2161 ± 0.0633
INFO:kbc-cli.py:Epoch 18/100	dev results	MRR 0.755518	H@1 0.620603	H@3 0.864322	H@5 0.944724	H@10 0.992462	H@20 1.000000	H@50 1.000000	H@100 1.000000
INFO:kbc-cli.py:Epoch 18/100	test results	MRR 0.791109	H@1 0.666667	H@3 0.907960	H@5 0.967662	H@10 1.000000	H@20 1.000000	H@50 1.000000	H@100 1.000000
INFO:kbc-cli.py:Epoch 19/100	Loss 9.2125 ± 0.0456
INFO:kbc-cli.py:Epoch 20/100	Loss 9.2164 ± 0.0937
INFO:kbc-cli.py:Epoch 21/100	Loss 9.2034 ± 0.0649
INFO:kbc-cli.py:Epoch 21/100	dev results	MRR 0.745062	H@1 0.600503	H@3 0.851759	H@5 0.954774	H@10 0.994975	H@20 1.000000	H@50 1.000000	H@100 1.000000
INFO:kbc-cli.py:Epoch 21/100	test results	MRR 0.777014	H@1 0.639303	H@3 0.907960	H@5 0.965174	H@10 0.997512	H@20 1.000000	H@50 1.000000	H@100 1.000000
INFO:kbc-cli.py:Epoch 22/100	Loss 9.2030 ± 0.0795
INFO:kbc-cli.py:Epoch 23/100	Loss 9.1986 ± 0.0742
INFO:kbc-cli.py:Epoch 24/100	Loss 9.1954 ± 0.0635
INFO:kbc-cli.py:Epoch 24/100	dev results	MRR 0.761567	H@1 0.630653	H@3 0.869347	H@5 0.954774	H@10 0.992462	H@20 1.000000	H@50 1.000000	H@100 1.000000
INFO:kbc-cli.py:Epoch 24/100	test results	MRR 0.793929	H@1 0.674129	H@3 0.900498	H@5 0.965174	H@10 0.997512	H@20 1.000000	H@50 1.000000	H@100 1.000000
INFO:kbc-cli.py:Epoch 25/100	Loss 9.1785 ± 0.0443
INFO:kbc-cli.py:Epoch 26/100	Loss 9.1844 ± 0.0541
INFO:kbc-cli.py:Epoch 27/100	Loss 9.1796 ± 0.0599
INFO:kbc-cli.py:Epoch 27/100	dev results	MRR 0.759007	H@1 0.625628	H@3 0.871859	H@5 0.964824	H@10 0.997487	H@20 1.000000	H@50 1.000000	H@100 1.000000
INFO:kbc-cli.py:Epoch 27/100	test results	MRR 0.790508	H@1 0.664179	H@3 0.907960	H@5 0.965174	H@10 1.000000	H@20 1.000000	H@50 1.000000	H@100 1.000000
INFO:kbc-cli.py:Epoch 28/100	Loss 9.1637 ± 0.0540
INFO:kbc-cli.py:Epoch 29/100	Loss 9.1705 ± 0.0502
INFO:kbc-cli.py:Epoch 30/100	Loss 9.1713 ± 0.0762
INFO:kbc-cli.py:Epoch 30/100	dev results	MRR 0.768490	H@1 0.643216	H@3 0.866834	H@5 0.954774	H@10 0.992462	H@20 1.000000	H@50 1.000000	H@100 1.000000
INFO:kbc-cli.py:Epoch 30/100	test results	MRR 0.795855	H@1 0.671642	H@3 0.915423	H@5 0.970149	H@10 1.000000	H@20 1.000000	H@50 1.000000	H@100 1.000000
INFO:kbc-cli.py:Epoch 31/100	Loss 9.1736 ± 0.0765
INFO:kbc-cli.py:Epoch 32/100	Loss 9.1566 ± 0.0402
INFO:kbc-cli.py:Epoch 33/100	Loss 9.1721 ± 0.0817
INFO:kbc-cli.py:Epoch 33/100	dev results	MRR 0.771436	H@1 0.645729	H@3 0.879397	H@5 0.954774	H@10 0.994975	H@20 1.000000	H@50 1.000000	H@100 1.000000
INFO:kbc-cli.py:Epoch 33/100	test results	MRR 0.793781	H@1 0.666667	H@3 0.907960	H@5 0.960199	H@10 1.000000	H@20 1.000000	H@50 1.000000	H@100 1.000000
INFO:kbc-cli.py:Epoch 34/100	Loss 9.1579 ± 0.0738
INFO:kbc-cli.py:Epoch 35/100	Loss 9.1640 ± 0.0678
INFO:kbc-cli.py:Epoch 36/100	Loss 9.1554 ± 0.0626
INFO:kbc-cli.py:Epoch 36/100	dev results	MRR 0.775178	H@1 0.648241	H@3 0.879397	H@5 0.957286	H@10 0.992462	H@20 1.000000	H@50 1.000000	H@100 1.000000
INFO:kbc-cli.py:Epoch 36/100	test results	MRR 0.795172	H@1 0.669154	H@3 0.912935	H@5 0.962687	H@10 1.000000	H@20 1.000000	H@50 1.000000	H@100 1.000000
INFO:kbc-cli.py:Epoch 37/100	Loss 9.1471 ± 0.0466
INFO:kbc-cli.py:Epoch 38/100	Loss 9.1521 ± 0.0849
INFO:kbc-cli.py:Epoch 39/100	Loss 9.1497 ± 0.0810
INFO:kbc-cli.py:Epoch 39/100	dev results	MRR 0.774516	H@1 0.653266	H@3 0.876884	H@5 0.962312	H@10 0.992462	H@20 1.000000	H@50 1.000000	H@100 1.000000
INFO:kbc-cli.py:Epoch 39/100	test results	MRR 0.804021	H@1 0.686567	H@3 0.912935	H@5 0.965174	H@10 1.000000	H@20 1.000000	H@50 1.000000	H@100 1.000000
INFO:kbc-cli.py:Epoch 40/100	Loss 9.1523 ± 0.0779
INFO:kbc-cli.py:Epoch 41/100	Loss 9.1325 ± 0.0595
INFO:kbc-cli.py:Epoch 42/100	Loss 9.1462 ± 0.0562
INFO:kbc-cli.py:Epoch 42/100	dev results	MRR 0.777652	H@1 0.658291	H@3 0.879397	H@5 0.954774	H@10 0.992462	H@20 1.000000	H@50 1.000000	H@100 1.000000
INFO:kbc-cli.py:Epoch 42/100	test results	MRR 0.798468	H@1 0.681592	H@3 0.910448	H@5 0.965174	H@10 1.000000	H@20 1.000000	H@50 1.000000	H@100 1.000000
INFO:kbc-cli.py:Epoch 43/100	Loss 9.1461 ± 0.0700
INFO:kbc-cli.py:Epoch 44/100	Loss 9.1344 ± 0.0596
INFO:kbc-cli.py:Epoch 45/100	Loss 9.1369 ± 0.0555
INFO:kbc-cli.py:Epoch 45/100	dev results	MRR 0.776354	H@1 0.655779	H@3 0.876884	H@5 0.949749	H@10 0.992462	H@20 1.000000	H@50 1.000000	H@100 1.000000
INFO:kbc-cli.py:Epoch 45/100	test results	MRR 0.797100	H@1 0.679104	H@3 0.902985	H@5 0.965174	H@10 1.000000	H@20 1.000000	H@50 1.000000	H@100 1.000000
INFO:kbc-cli.py:Epoch 46/100	Loss 9.1415 ± 0.0442
INFO:kbc-cli.py:Epoch 47/100	Loss 9.1294 ± 0.0489
INFO:kbc-cli.py:Epoch 48/100	Loss 9.1291 ± 0.0372
INFO:kbc-cli.py:Epoch 48/100	dev results	MRR 0.775020	H@1 0.650754	H@3 0.876884	H@5 0.947236	H@10 0.992462	H@20 1.000000	H@50 1.000000	H@100 1.000000
INFO:kbc-cli.py:Epoch 48/100	test results	MRR 0.794861	H@1 0.669154	H@3 0.912935	H@5 0.967662	H@10 1.000000	H@20 1.000000	H@50 1.000000	H@100 1.000000
INFO:kbc-cli.py:Epoch 49/100	Loss 9.1357 ± 0.0800
INFO:kbc-cli.py:Epoch 50/100	Loss 9.1226 ± 0.0526
INFO:kbc-cli.py:Epoch 51/100	Loss 9.1231 ± 0.0413
INFO:kbc-cli.py:Epoch 51/100	dev results	MRR 0.772696	H@1 0.645729	H@3 0.881910	H@5 0.952261	H@10 0.992462	H@20 1.000000	H@50 1.000000	H@100 1.000000
INFO:kbc-cli.py:Epoch 51/100	test results	MRR 0.799459	H@1 0.679104	H@3 0.915423	H@5 0.962687	H@10 1.000000	H@20 1.000000	H@50 1.000000	H@100 1.000000
INFO:kbc-cli.py:Epoch 52/100	Loss 9.1402 ± 0.0809
INFO:kbc-cli.py:Epoch 53/100	Loss 9.1272 ± 0.0582
INFO:kbc-cli.py:Epoch 54/100	Loss 9.1301 ± 0.0664
INFO:kbc-cli.py:Epoch 54/100	dev results	MRR 0.778005	H@1 0.655779	H@3 0.881910	H@5 0.952261	H@10 0.992462	H@20 1.000000	H@50 1.000000	H@100 1.000000
INFO:kbc-cli.py:Epoch 54/100	test results	MRR 0.797525	H@1 0.679104	H@3 0.907960	H@5 0.960199	H@10 1.000000	H@20 1.000000	H@50 1.000000	H@100 1.000000
INFO:kbc-cli.py:Epoch 55/100	Loss 9.1405 ± 0.0975
INFO:kbc-cli.py:Epoch 56/100	Loss 9.1219 ± 0.0676
INFO:kbc-cli.py:Epoch 57/100	Loss 9.1204 ± 0.0116
INFO:kbc-cli.py:Epoch 57/100	dev results	MRR 0.772229	H@1 0.645729	H@3 0.884422	H@5 0.954774	H@10 0.992462	H@20 1.000000	H@50 1.000000	H@100 1.000000
INFO:kbc-cli.py:Epoch 57/100	test results	MRR 0.802397	H@1 0.686567	H@3 0.910448	H@5 0.960199	H@10 1.000000	H@20 1.000000	H@50 1.000000	H@100 1.000000
INFO:kbc-cli.py:Epoch 58/100	Loss 9.1245 ± 0.0494
INFO:kbc-cli.py:Epoch 59/100	Loss 9.1128 ± 0.0425
INFO:kbc-cli.py:Epoch 60/100	Loss 9.1200 ± 0.0484
INFO:kbc-cli.py:Epoch 60/100	dev results	MRR 0.765501	H@1 0.640704	H@3 0.866834	H@5 0.957286	H@10 0.992462	H@20 1.000000	H@50 1.000000	H@100 1.000000
INFO:kbc-cli.py:Epoch 60/100	test results	MRR 0.802192	H@1 0.681592	H@3 0.915423	H@5 0.960199	H@10 1.000000	H@20 1.000000	H@50 1.000000	H@100 1.000000
INFO:kbc-cli.py:Epoch 61/100	Loss 9.1229 ± 0.0631
INFO:kbc-cli.py:Epoch 62/100	Loss 9.1281 ± 0.0628
INFO:kbc-cli.py:Epoch 63/100	Loss 9.1192 ± 0.0512
INFO:kbc-cli.py:Epoch 63/100	dev results	MRR 0.765082	H@1 0.640704	H@3 0.869347	H@5 0.957286	H@10 0.992462	H@20 1.000000	H@50 1.000000	H@100 1.000000
INFO:kbc-cli.py:Epoch 63/100	test results	MRR 0.801281	H@1 0.684080	H@3 0.907960	H@5 0.955224	H@10 1.000000	H@20 1.000000	H@50 1.000000	H@100 1.000000
INFO:kbc-cli.py:Epoch 64/100	Loss 9.1344 ± 0.1074
INFO:kbc-cli.py:Epoch 65/100	Loss 9.1244 ± 0.0913
INFO:kbc-cli.py:Epoch 66/100	Loss 9.1095 ± 0.0398
INFO:kbc-cli.py:Epoch 66/100	dev results	MRR 0.772164	H@1 0.650754	H@3 0.874372	H@5 0.962312	H@10 0.992462	H@20 1.000000	H@50 1.000000	H@100 1.000000
INFO:kbc-cli.py:Epoch 66/100	test results	MRR 0.795819	H@1 0.669154	H@3 0.915423	H@5 0.962687	H@10 1.000000	H@20 1.000000	H@50 1.000000	H@100 1.000000
INFO:kbc-cli.py:Epoch 67/100	Loss 9.1223 ± 0.0847
INFO:kbc-cli.py:Epoch 68/100	Loss 9.1136 ± 0.0615
INFO:kbc-cli.py:Epoch 69/100	Loss 9.1104 ± 0.0384
INFO:kbc-cli.py:Epoch 69/100	dev results	MRR 0.772788	H@1 0.653266	H@3 0.879397	H@5 0.959799	H@10 0.989950	H@20 1.000000	H@50 1.000000	H@100 1.000000
INFO:kbc-cli.py:Epoch 69/100	test results	MRR 0.795684	H@1 0.671642	H@3 0.915423	H@5 0.965174	H@10 1.000000	H@20 1.000000	H@50 1.000000	H@100 1.000000
INFO:kbc-cli.py:Epoch 70/100	Loss 9.1102 ± 0.0247
INFO:kbc-cli.py:Epoch 71/100	Loss 9.1151 ± 0.0498
INFO:kbc-cli.py:Epoch 72/100	Loss 9.0977 ± 0.0831
INFO:kbc-cli.py:Epoch 72/100	dev results	MRR 0.775453	H@1 0.653266	H@3 0.871859	H@5 0.959799	H@10 0.992462	H@20 1.000000	H@50 1.000000	H@100 1.000000
INFO:kbc-cli.py:Epoch 72/100	test results	MRR 0.802929	H@1 0.686567	H@3 0.910448	H@5 0.970149	H@10 1.000000	H@20 1.000000	H@50 1.000000	H@100 1.000000
INFO:kbc-cli.py:Epoch 73/100	Loss 9.1024 ± 0.0329
INFO:kbc-cli.py:Epoch 74/100	Loss 9.1094 ± 0.0590
INFO:kbc-cli.py:Epoch 75/100	Loss 9.1131 ± 0.0582
INFO:kbc-cli.py:Epoch 75/100	dev results	MRR 0.776100	H@1 0.653266	H@3 0.871859	H@5 0.962312	H@10 0.992462	H@20 1.000000	H@50 1.000000	H@100 1.000000
INFO:kbc-cli.py:Epoch 75/100	test results	MRR 0.804543	H@1 0.689055	H@3 0.910448	H@5 0.965174	H@10 1.000000	H@20 1.000000	H@50 1.000000	H@100 1.000000
INFO:kbc-cli.py:Epoch 76/100	Loss 9.1013 ± 0.0379
INFO:kbc-cli.py:Epoch 77/100	Loss 9.1185 ± 0.0627
INFO:kbc-cli.py:Epoch 78/100	Loss 9.1044 ± 0.0676
INFO:kbc-cli.py:Epoch 78/100	dev results	MRR 0.773266	H@1 0.648241	H@3 0.884422	H@5 0.964824	H@10 0.992462	H@20 1.000000	H@50 1.000000	H@100 1.000000
INFO:kbc-cli.py:Epoch 78/100	test results	MRR 0.801904	H@1 0.681592	H@3 0.907960	H@5 0.970149	H@10 0.997512	H@20 1.000000	H@50 1.000000	H@100 1.000000
INFO:kbc-cli.py:Epoch 79/100	Loss 9.1100 ± 0.0431
INFO:kbc-cli.py:Epoch 80/100	Loss 9.1079 ± 0.0451
INFO:kbc-cli.py:Epoch 81/100	Loss 9.1080 ± 0.0480
INFO:kbc-cli.py:Epoch 81/100	dev results	MRR 0.775052	H@1 0.650754	H@3 0.874372	H@5 0.959799	H@10 0.992462	H@20 1.000000	H@50 1.000000	H@100 1.000000
INFO:kbc-cli.py:Epoch 81/100	test results	MRR 0.808514	H@1 0.694030	H@3 0.907960	H@5 0.967662	H@10 0.997512	H@20 1.000000	H@50 1.000000	H@100 1.000000
INFO:kbc-cli.py:Epoch 82/100	Loss 9.0974 ± 0.0555
INFO:kbc-cli.py:Epoch 83/100	Loss 9.1061 ± 0.0420
INFO:kbc-cli.py:Epoch 84/100	Loss 9.0975 ± 0.0327
INFO:kbc-cli.py:Epoch 84/100	dev results	MRR 0.780919	H@1 0.660804	H@3 0.879397	H@5 0.959799	H@10 0.994975	H@20 1.000000	H@50 1.000000	H@100 1.000000
INFO:kbc-cli.py:Epoch 84/100	test results	MRR 0.809377	H@1 0.696517	H@3 0.910448	H@5 0.967662	H@10 0.997512	H@20 1.000000	H@50 1.000000	H@100 1.000000
INFO:kbc-cli.py:Epoch 85/100	Loss 9.1071 ± 0.0676
INFO:kbc-cli.py:Epoch 86/100	Loss 9.1053 ± 0.0412
INFO:kbc-cli.py:Epoch 87/100	Loss 9.1125 ± 0.0669
INFO:kbc-cli.py:Epoch 87/100	dev results	MRR 0.776337	H@1 0.653266	H@3 0.874372	H@5 0.957286	H@10 0.994975	H@20 1.000000	H@50 1.000000	H@100 1.000000
INFO:kbc-cli.py:Epoch 87/100	test results	MRR 0.801430	H@1 0.681592	H@3 0.902985	H@5 0.965174	H@10 0.997512	H@20 1.000000	H@50 1.000000	H@100 1.000000
INFO:kbc-cli.py:Epoch 88/100	Loss 9.1034 ± 0.0525
INFO:kbc-cli.py:Epoch 89/100	Loss 9.0944 ± 0.0771
INFO:kbc-cli.py:Epoch 90/100	Loss 9.0952 ± 0.0454
INFO:kbc-cli.py:Epoch 90/100	dev results	MRR 0.774195	H@1 0.648241	H@3 0.879397	H@5 0.959799	H@10 0.992462	H@20 1.000000	H@50 1.000000	H@100 1.000000
INFO:kbc-cli.py:Epoch 90/100	test results	MRR 0.798090	H@1 0.676617	H@3 0.905473	H@5 0.965174	H@10 0.997512	H@20 1.000000	H@50 1.000000	H@100 1.000000
INFO:kbc-cli.py:Epoch 91/100	Loss 9.0872 ± 0.0563
INFO:kbc-cli.py:Epoch 92/100	Loss 9.1025 ± 0.0457
INFO:kbc-cli.py:Epoch 93/100	Loss 9.1035 ± 0.0713
INFO:kbc-cli.py:Epoch 93/100	dev results	MRR 0.776096	H@1 0.650754	H@3 0.879397	H@5 0.962312	H@10 0.992462	H@20 1.000000	H@50 1.000000	H@100 1.000000
INFO:kbc-cli.py:Epoch 93/100	test results	MRR 0.804987	H@1 0.689055	H@3 0.912935	H@5 0.965174	H@10 1.000000	H@20 1.000000	H@50 1.000000	H@100 1.000000
INFO:kbc-cli.py:Epoch 94/100	Loss 9.1061 ± 0.0689
INFO:kbc-cli.py:Epoch 95/100	Loss 9.1067 ± 0.0651
INFO:kbc-cli.py:Epoch 96/100	Loss 9.0947 ± 0.0652
INFO:kbc-cli.py:Epoch 96/100	dev results	MRR 0.770320	H@1 0.638191	H@3 0.876884	H@5 0.957286	H@10 0.992462	H@20 1.000000	H@50 1.000000	H@100 1.000000
INFO:kbc-cli.py:Epoch 96/100	test results	MRR 0.800406	H@1 0.676617	H@3 0.910448	H@5 0.960199	H@10 1.000000	H@20 1.000000	H@50 1.000000	H@100 1.000000
INFO:kbc-cli.py:Epoch 97/100	Loss 9.1004 ± 0.0565
INFO:kbc-cli.py:Epoch 98/100	Loss 9.0995 ± 0.0535
INFO:kbc-cli.py:Epoch 99/100	Loss 9.1013 ± 0.0642
INFO:kbc-cli.py:Epoch 99/100	dev results	MRR 0.770467	H@1 0.640704	H@3 0.881910	H@5 0.957286	H@10 0.992462	H@20 1.000000	H@50 1.000000	H@100 1.000000
INFO:kbc-cli.py:Epoch 99/100	test results	MRR 0.800289	H@1 0.684080	H@3 0.910448	H@5 0.962687	H@10 1.000000	H@20 1.000000	H@50 1.000000	H@100 1.000000
INFO:kbc-cli.py:Epoch 100/100	Loss 9.0911 ± 0.0503
INFO:kbc-cli.py:Final 	dev results	MRR 0.768053	H@1 0.635678	H@3 0.879397	H@5 0.957286	H@10 0.992462	H@20 1.000000	H@50 1.000000	H@100 1.000000
INFO:kbc-cli.py:Final 	test results	MRR 0.797370	H@1 0.674129	H@3 0.910448	H@5 0.965174	H@10 1.000000	H@20 1.000000	H@50 1.000000	H@100 1.000000
INFO:kbc-cli.py:Training finished
