./bin/kbc-cli.py --train data/nations/train.tsv --dev data/nations/dev.tsv --test data/nations/test.tsv -m complex -k 500 -b 10 -e 100 --F2 0 --N3 0.0005 -l 0.1 -I standard -V 3 -o adagrad -c spo -q
{'F2': 0.0,
 'N3': 0.0005,
 'batch_size': 10,
 'corruption': 'spo',
 'dev': 'data/nations/dev.tsv',
 'embedding_size': 500,
 'epochs': 100,
 'eval_batch_size': None,
 'input_type': 'standard',
 'learning_rate': 0.1,
 'load': None,
 'model': 'complex',
 'optimizer': 'adagrad',
 'quiet': True,
 'save': None,
 'seed': 0,
 'test': 'data/nations/test.tsv',
 'test_i': None,
 'test_ii': None,
 'train': 'data/nations/train.tsv',
 'validate_every': 3}
INFO:kbc-cli.py:Device: cuda
INFO:kbc-cli.py:Model state:
INFO:kbc-cli.py:	entities.weight	torch.Size([14, 1000])
INFO:kbc-cli.py:	predicates.weight	torch.Size([55, 1000])
INFO:kbc-cli.py:Epoch 1/100	Loss 9.1236 ± 0.6105
INFO:kbc-cli.py:Epoch 2/100	Loss 7.6713 ± 0.4289
INFO:kbc-cli.py:Epoch 3/100	Loss 7.1767 ± 0.4771
INFO:kbc-cli.py:Epoch 3/100	dev results	MRR 0.806653	H@1 0.693467	H@3 0.899497	H@5 0.967337	H@10 0.997487	H@20 1.000000	H@50 1.000000	H@100 1.000000
INFO:kbc-cli.py:Epoch 3/100	test results	MRR 0.826401	H@1 0.723881	H@3 0.912935	H@5 0.967662	H@10 1.000000	H@20 1.000000	H@50 1.000000	H@100 1.000000
INFO:kbc-cli.py:Epoch 4/100	Loss 6.9078 ± 0.5257
INFO:kbc-cli.py:Epoch 5/100	Loss 6.7207 ± 0.4988
INFO:kbc-cli.py:Epoch 6/100	Loss 6.5911 ± 0.4862
INFO:kbc-cli.py:Epoch 6/100	dev results	MRR 0.815065	H@1 0.708543	H@3 0.904523	H@5 0.974874	H@10 0.997487	H@20 1.000000	H@50 1.000000	H@100 1.000000
INFO:kbc-cli.py:Epoch 6/100	test results	MRR 0.827124	H@1 0.728856	H@3 0.910448	H@5 0.972637	H@10 1.000000	H@20 1.000000	H@50 1.000000	H@100 1.000000
INFO:kbc-cli.py:Epoch 7/100	Loss 6.5011 ± 0.4769
INFO:kbc-cli.py:Epoch 8/100	Loss 6.4217 ± 0.4551
INFO:kbc-cli.py:Epoch 9/100	Loss 6.3655 ± 0.4707
INFO:kbc-cli.py:Epoch 9/100	dev results	MRR 0.817715	H@1 0.708543	H@3 0.914573	H@5 0.972362	H@10 1.000000	H@20 1.000000	H@50 1.000000	H@100 1.000000
INFO:kbc-cli.py:Epoch 9/100	test results	MRR 0.831552	H@1 0.731343	H@3 0.930348	H@5 0.977612	H@10 1.000000	H@20 1.000000	H@50 1.000000	H@100 1.000000
INFO:kbc-cli.py:Epoch 10/100	Loss 6.3210 ± 0.5243
INFO:kbc-cli.py:Epoch 11/100	Loss 6.2798 ± 0.4678
INFO:kbc-cli.py:Epoch 12/100	Loss 6.2381 ± 0.4575
INFO:kbc-cli.py:Epoch 12/100	dev results	MRR 0.826317	H@1 0.721106	H@3 0.929648	H@5 0.969849	H@10 1.000000	H@20 1.000000	H@50 1.000000	H@100 1.000000
INFO:kbc-cli.py:Epoch 12/100	test results	MRR 0.834572	H@1 0.733831	H@3 0.932836	H@5 0.977612	H@10 1.000000	H@20 1.000000	H@50 1.000000	H@100 1.000000
INFO:kbc-cli.py:Epoch 13/100	Loss 6.1974 ± 0.4371
INFO:kbc-cli.py:Epoch 14/100	Loss 6.1866 ± 0.4550
INFO:kbc-cli.py:Epoch 15/100	Loss 6.1483 ± 0.4262
INFO:kbc-cli.py:Epoch 15/100	dev results	MRR 0.825591	H@1 0.721106	H@3 0.927136	H@5 0.974874	H@10 1.000000	H@20 1.000000	H@50 1.000000	H@100 1.000000
INFO:kbc-cli.py:Epoch 15/100	test results	MRR 0.833094	H@1 0.736318	H@3 0.925373	H@5 0.975124	H@10 1.000000	H@20 1.000000	H@50 1.000000	H@100 1.000000
INFO:kbc-cli.py:Epoch 16/100	Loss 6.1346 ± 0.4619
INFO:kbc-cli.py:Epoch 17/100	Loss 6.1130 ± 0.4359
INFO:kbc-cli.py:Epoch 18/100	Loss 6.0839 ± 0.4250
INFO:kbc-cli.py:Epoch 18/100	dev results	MRR 0.822295	H@1 0.716080	H@3 0.927136	H@5 0.972362	H@10 0.997487	H@20 1.000000	H@50 1.000000	H@100 1.000000
INFO:kbc-cli.py:Epoch 18/100	test results	MRR 0.827448	H@1 0.726368	H@3 0.922886	H@5 0.967662	H@10 1.000000	H@20 1.000000	H@50 1.000000	H@100 1.000000
INFO:kbc-cli.py:Epoch 19/100	Loss 6.0752 ± 0.4302
INFO:kbc-cli.py:Epoch 20/100	Loss 6.0660 ± 0.4271
INFO:kbc-cli.py:Epoch 21/100	Loss 6.0497 ± 0.4885
INFO:kbc-cli.py:Epoch 21/100	dev results	MRR 0.822043	H@1 0.716080	H@3 0.924623	H@5 0.977387	H@10 1.000000	H@20 1.000000	H@50 1.000000	H@100 1.000000
INFO:kbc-cli.py:Epoch 21/100	test results	MRR 0.827304	H@1 0.726368	H@3 0.912935	H@5 0.967662	H@10 1.000000	H@20 1.000000	H@50 1.000000	H@100 1.000000
INFO:kbc-cli.py:Epoch 22/100	Loss 6.0363 ± 0.4253
INFO:kbc-cli.py:Epoch 23/100	Loss 6.0269 ± 0.4577
INFO:kbc-cli.py:Epoch 24/100	Loss 6.0150 ± 0.4476
INFO:kbc-cli.py:Epoch 24/100	dev results	MRR 0.822119	H@1 0.713568	H@3 0.929648	H@5 0.969849	H@10 1.000000	H@20 1.000000	H@50 1.000000	H@100 1.000000
INFO:kbc-cli.py:Epoch 24/100	test results	MRR 0.823610	H@1 0.716418	H@3 0.922886	H@5 0.975124	H@10 1.000000	H@20 1.000000	H@50 1.000000	H@100 1.000000
INFO:kbc-cli.py:Epoch 25/100	Loss 6.0002 ± 0.4124
INFO:kbc-cli.py:Epoch 26/100	Loss 5.9832 ± 0.4178
INFO:kbc-cli.py:Epoch 27/100	Loss 5.9875 ± 0.4364
INFO:kbc-cli.py:Epoch 27/100	dev results	MRR 0.821554	H@1 0.716080	H@3 0.924623	H@5 0.969849	H@10 1.000000	H@20 1.000000	H@50 1.000000	H@100 1.000000
INFO:kbc-cli.py:Epoch 27/100	test results	MRR 0.827725	H@1 0.726368	H@3 0.922886	H@5 0.975124	H@10 1.000000	H@20 1.000000	H@50 1.000000	H@100 1.000000
INFO:kbc-cli.py:Epoch 28/100	Loss 5.9702 ± 0.3887
INFO:kbc-cli.py:Epoch 29/100	Loss 5.9576 ± 0.3702
INFO:kbc-cli.py:Epoch 30/100	Loss 5.9582 ± 0.4294
INFO:kbc-cli.py:Epoch 30/100	dev results	MRR 0.827895	H@1 0.723618	H@3 0.932161	H@5 0.972362	H@10 1.000000	H@20 1.000000	H@50 1.000000	H@100 1.000000
INFO:kbc-cli.py:Epoch 30/100	test results	MRR 0.829473	H@1 0.728856	H@3 0.915423	H@5 0.975124	H@10 1.000000	H@20 1.000000	H@50 1.000000	H@100 1.000000
INFO:kbc-cli.py:Epoch 31/100	Loss 5.9425 ± 0.4249
INFO:kbc-cli.py:Epoch 32/100	Loss 5.9420 ± 0.3856
INFO:kbc-cli.py:Epoch 33/100	Loss 5.9351 ± 0.4414
INFO:kbc-cli.py:Epoch 33/100	dev results	MRR 0.820641	H@1 0.711055	H@3 0.929648	H@5 0.969849	H@10 1.000000	H@20 1.000000	H@50 1.000000	H@100 1.000000
INFO:kbc-cli.py:Epoch 33/100	test results	MRR 0.825624	H@1 0.723881	H@3 0.917910	H@5 0.970149	H@10 1.000000	H@20 1.000000	H@50 1.000000	H@100 1.000000
INFO:kbc-cli.py:Epoch 34/100	Loss 5.9234 ± 0.4030
INFO:kbc-cli.py:Epoch 35/100	Loss 5.9219 ± 0.3795
INFO:kbc-cli.py:Epoch 36/100	Loss 5.9134 ± 0.4299
INFO:kbc-cli.py:Epoch 36/100	dev results	MRR 0.821823	H@1 0.716080	H@3 0.922111	H@5 0.969849	H@10 1.000000	H@20 1.000000	H@50 1.000000	H@100 1.000000
INFO:kbc-cli.py:Epoch 36/100	test results	MRR 0.824560	H@1 0.721393	H@3 0.912935	H@5 0.972637	H@10 1.000000	H@20 1.000000	H@50 1.000000	H@100 1.000000
INFO:kbc-cli.py:Epoch 37/100	Loss 5.9094 ± 0.4239
INFO:kbc-cli.py:Epoch 38/100	Loss 5.8959 ± 0.3879
INFO:kbc-cli.py:Epoch 39/100	Loss 5.9015 ± 0.3775
INFO:kbc-cli.py:Epoch 39/100	dev results	MRR 0.822654	H@1 0.716080	H@3 0.927136	H@5 0.972362	H@10 1.000000	H@20 1.000000	H@50 1.000000	H@100 1.000000
INFO:kbc-cli.py:Epoch 39/100	test results	MRR 0.825774	H@1 0.723881	H@3 0.915423	H@5 0.977612	H@10 1.000000	H@20 1.000000	H@50 1.000000	H@100 1.000000
INFO:kbc-cli.py:Epoch 40/100	Loss 5.8983 ± 0.4518
INFO:kbc-cli.py:Epoch 41/100	Loss 5.8943 ± 0.4064
INFO:kbc-cli.py:Epoch 42/100	Loss 5.8893 ± 0.4079
INFO:kbc-cli.py:Epoch 42/100	dev results	MRR 0.821429	H@1 0.713568	H@3 0.927136	H@5 0.972362	H@10 1.000000	H@20 1.000000	H@50 1.000000	H@100 1.000000
INFO:kbc-cli.py:Epoch 42/100	test results	MRR 0.822149	H@1 0.716418	H@3 0.912935	H@5 0.975124	H@10 1.000000	H@20 1.000000	H@50 1.000000	H@100 1.000000
INFO:kbc-cli.py:Epoch 43/100	Loss 5.8770 ± 0.4150
INFO:kbc-cli.py:Epoch 44/100	Loss 5.8693 ± 0.4362
INFO:kbc-cli.py:Epoch 45/100	Loss 5.8681 ± 0.3984
INFO:kbc-cli.py:Epoch 45/100	dev results	MRR 0.823732	H@1 0.718593	H@3 0.924623	H@5 0.972362	H@10 1.000000	H@20 1.000000	H@50 1.000000	H@100 1.000000
INFO:kbc-cli.py:Epoch 45/100	test results	MRR 0.824850	H@1 0.721393	H@3 0.922886	H@5 0.972637	H@10 1.000000	H@20 1.000000	H@50 1.000000	H@100 1.000000
INFO:kbc-cli.py:Epoch 46/100	Loss 5.8644 ± 0.3988
INFO:kbc-cli.py:Epoch 47/100	Loss 5.8645 ± 0.4023
INFO:kbc-cli.py:Epoch 48/100	Loss 5.8592 ± 0.3985
INFO:kbc-cli.py:Epoch 48/100	dev results	MRR 0.823390	H@1 0.718593	H@3 0.924623	H@5 0.969849	H@10 1.000000	H@20 1.000000	H@50 1.000000	H@100 1.000000
INFO:kbc-cli.py:Epoch 48/100	test results	MRR 0.814562	H@1 0.703980	H@3 0.910448	H@5 0.977612	H@10 1.000000	H@20 1.000000	H@50 1.000000	H@100 1.000000
INFO:kbc-cli.py:Epoch 49/100	Loss 5.8602 ± 0.4167
INFO:kbc-cli.py:Epoch 50/100	Loss 5.8487 ± 0.3403
INFO:kbc-cli.py:Epoch 51/100	Loss 5.8494 ± 0.4017
INFO:kbc-cli.py:Epoch 51/100	dev results	MRR 0.820417	H@1 0.713568	H@3 0.929648	H@5 0.972362	H@10 1.000000	H@20 1.000000	H@50 1.000000	H@100 1.000000
INFO:kbc-cli.py:Epoch 51/100	test results	MRR 0.821053	H@1 0.716418	H@3 0.915423	H@5 0.975124	H@10 1.000000	H@20 1.000000	H@50 1.000000	H@100 1.000000
INFO:kbc-cli.py:Epoch 52/100	Loss 5.8454 ± 0.4211
INFO:kbc-cli.py:Epoch 53/100	Loss 5.8400 ± 0.4614
INFO:kbc-cli.py:Epoch 54/100	Loss 5.8406 ± 0.4096
INFO:kbc-cli.py:Epoch 54/100	dev results	MRR 0.821505	H@1 0.713568	H@3 0.932161	H@5 0.969849	H@10 1.000000	H@20 1.000000	H@50 1.000000	H@100 1.000000
INFO:kbc-cli.py:Epoch 54/100	test results	MRR 0.822712	H@1 0.718905	H@3 0.915423	H@5 0.975124	H@10 1.000000	H@20 1.000000	H@50 1.000000	H@100 1.000000
INFO:kbc-cli.py:Epoch 55/100	Loss 5.8295 ± 0.4240
INFO:kbc-cli.py:Epoch 56/100	Loss 5.8308 ± 0.4161
INFO:kbc-cli.py:Epoch 57/100	Loss 5.8267 ± 0.3659
INFO:kbc-cli.py:Epoch 57/100	dev results	MRR 0.826883	H@1 0.723618	H@3 0.927136	H@5 0.969849	H@10 1.000000	H@20 1.000000	H@50 1.000000	H@100 1.000000
INFO:kbc-cli.py:Epoch 57/100	test results	MRR 0.826591	H@1 0.726368	H@3 0.907960	H@5 0.975124	H@10 1.000000	H@20 1.000000	H@50 1.000000	H@100 1.000000
INFO:kbc-cli.py:Epoch 58/100	Loss 5.8268 ± 0.4080
INFO:kbc-cli.py:Epoch 59/100	Loss 5.8257 ± 0.4121
INFO:kbc-cli.py:Epoch 60/100	Loss 5.8269 ± 0.4117
INFO:kbc-cli.py:Epoch 60/100	dev results	MRR 0.824437	H@1 0.718593	H@3 0.929648	H@5 0.967337	H@10 1.000000	H@20 1.000000	H@50 1.000000	H@100 1.000000
INFO:kbc-cli.py:Epoch 60/100	test results	MRR 0.816890	H@1 0.706468	H@3 0.917910	H@5 0.970149	H@10 1.000000	H@20 1.000000	H@50 1.000000	H@100 1.000000
INFO:kbc-cli.py:Epoch 61/100	Loss 5.8194 ± 0.4098
INFO:kbc-cli.py:Epoch 62/100	Loss 5.8152 ± 0.4510
INFO:kbc-cli.py:Epoch 63/100	Loss 5.8145 ± 0.4240
INFO:kbc-cli.py:Epoch 63/100	dev results	MRR 0.824520	H@1 0.721106	H@3 0.929648	H@5 0.969849	H@10 1.000000	H@20 1.000000	H@50 1.000000	H@100 1.000000
INFO:kbc-cli.py:Epoch 63/100	test results	MRR 0.818051	H@1 0.708955	H@3 0.917910	H@5 0.975124	H@10 1.000000	H@20 1.000000	H@50 1.000000	H@100 1.000000
INFO:kbc-cli.py:Epoch 64/100	Loss 5.8146 ± 0.4053
INFO:kbc-cli.py:Epoch 65/100	Loss 5.7997 ± 0.4054
INFO:kbc-cli.py:Epoch 66/100	Loss 5.8046 ± 0.3994
INFO:kbc-cli.py:Epoch 66/100	dev results	MRR 0.821739	H@1 0.716080	H@3 0.922111	H@5 0.969849	H@10 1.000000	H@20 1.000000	H@50 1.000000	H@100 1.000000
INFO:kbc-cli.py:Epoch 66/100	test results	MRR 0.822297	H@1 0.718905	H@3 0.917910	H@5 0.972637	H@10 1.000000	H@20 1.000000	H@50 1.000000	H@100 1.000000
INFO:kbc-cli.py:Epoch 67/100	Loss 5.7967 ± 0.4117
INFO:kbc-cli.py:Epoch 68/100	Loss 5.7983 ± 0.4064
INFO:kbc-cli.py:Epoch 69/100	Loss 5.7921 ± 0.3965
INFO:kbc-cli.py:Epoch 69/100	dev results	MRR 0.823788	H@1 0.718593	H@3 0.927136	H@5 0.969849	H@10 1.000000	H@20 1.000000	H@50 1.000000	H@100 1.000000
INFO:kbc-cli.py:Epoch 69/100	test results	MRR 0.824270	H@1 0.723881	H@3 0.912935	H@5 0.975124	H@10 1.000000	H@20 1.000000	H@50 1.000000	H@100 1.000000
INFO:kbc-cli.py:Epoch 70/100	Loss 5.7967 ± 0.3994
INFO:kbc-cli.py:Epoch 71/100	Loss 5.7994 ± 0.3807
INFO:kbc-cli.py:Epoch 72/100	Loss 5.7868 ± 0.4006
INFO:kbc-cli.py:Epoch 72/100	dev results	MRR 0.823511	H@1 0.718593	H@3 0.924623	H@5 0.967337	H@10 1.000000	H@20 1.000000	H@50 1.000000	H@100 1.000000
INFO:kbc-cli.py:Epoch 72/100	test results	MRR 0.819709	H@1 0.713930	H@3 0.915423	H@5 0.977612	H@10 1.000000	H@20 1.000000	H@50 1.000000	H@100 1.000000
INFO:kbc-cli.py:Epoch 73/100	Loss 5.7887 ± 0.4028
INFO:kbc-cli.py:Epoch 74/100	Loss 5.7881 ± 0.3976
INFO:kbc-cli.py:Epoch 75/100	Loss 5.7878 ± 0.3972
INFO:kbc-cli.py:Epoch 75/100	dev results	MRR 0.823243	H@1 0.716080	H@3 0.924623	H@5 0.967337	H@10 1.000000	H@20 1.000000	H@50 1.000000	H@100 1.000000
INFO:kbc-cli.py:Epoch 75/100	test results	MRR 0.819377	H@1 0.713930	H@3 0.915423	H@5 0.975124	H@10 1.000000	H@20 1.000000	H@50 1.000000	H@100 1.000000
INFO:kbc-cli.py:Epoch 76/100	Loss 5.7760 ± 0.3763
INFO:kbc-cli.py:Epoch 77/100	Loss 5.7799 ± 0.3871
INFO:kbc-cli.py:Epoch 78/100	Loss 5.7788 ± 0.3583
INFO:kbc-cli.py:Epoch 78/100	dev results	MRR 0.823571	H@1 0.718593	H@3 0.924623	H@5 0.967337	H@10 1.000000	H@20 1.000000	H@50 1.000000	H@100 1.000000
INFO:kbc-cli.py:Epoch 78/100	test results	MRR 0.824394	H@1 0.723881	H@3 0.915423	H@5 0.972637	H@10 1.000000	H@20 1.000000	H@50 1.000000	H@100 1.000000
INFO:kbc-cli.py:Epoch 79/100	Loss 5.7782 ± 0.4073
INFO:kbc-cli.py:Epoch 80/100	Loss 5.7770 ± 0.3759
INFO:kbc-cli.py:Epoch 81/100	Loss 5.7767 ± 0.3794
INFO:kbc-cli.py:Epoch 81/100	dev results	MRR 0.821274	H@1 0.713568	H@3 0.927136	H@5 0.967337	H@10 1.000000	H@20 1.000000	H@50 1.000000	H@100 1.000000
INFO:kbc-cli.py:Epoch 81/100	test results	MRR 0.822691	H@1 0.718905	H@3 0.915423	H@5 0.972637	H@10 1.000000	H@20 1.000000	H@50 1.000000	H@100 1.000000
INFO:kbc-cli.py:Epoch 82/100	Loss 5.7767 ± 0.3774
INFO:kbc-cli.py:Epoch 83/100	Loss 5.7680 ± 0.3738
INFO:kbc-cli.py:Epoch 84/100	Loss 5.7710 ± 0.4055
INFO:kbc-cli.py:Epoch 84/100	dev results	MRR 0.822859	H@1 0.716080	H@3 0.929648	H@5 0.967337	H@10 1.000000	H@20 1.000000	H@50 1.000000	H@100 1.000000
INFO:kbc-cli.py:Epoch 84/100	test results	MRR 0.812602	H@1 0.699005	H@3 0.915423	H@5 0.977612	H@10 1.000000	H@20 1.000000	H@50 1.000000	H@100 1.000000
INFO:kbc-cli.py:Epoch 85/100	Loss 5.7672 ± 0.3863
INFO:kbc-cli.py:Epoch 86/100	Loss 5.7674 ± 0.3934
INFO:kbc-cli.py:Epoch 87/100	Loss 5.7551 ± 0.3825
INFO:kbc-cli.py:Epoch 87/100	dev results	MRR 0.822859	H@1 0.716080	H@3 0.929648	H@5 0.967337	H@10 1.000000	H@20 1.000000	H@50 1.000000	H@100 1.000000
INFO:kbc-cli.py:Epoch 87/100	test results	MRR 0.817187	H@1 0.708955	H@3 0.915423	H@5 0.977612	H@10 1.000000	H@20 1.000000	H@50 1.000000	H@100 1.000000
INFO:kbc-cli.py:Epoch 88/100	Loss 5.7571 ± 0.3863
INFO:kbc-cli.py:Epoch 89/100	Loss 5.7569 ± 0.3927
INFO:kbc-cli.py:Epoch 90/100	Loss 5.7625 ± 0.3985
INFO:kbc-cli.py:Epoch 90/100	dev results	MRR 0.822928	H@1 0.716080	H@3 0.932161	H@5 0.967337	H@10 1.000000	H@20 1.000000	H@50 1.000000	H@100 1.000000
INFO:kbc-cli.py:Epoch 90/100	test results	MRR 0.819982	H@1 0.711443	H@3 0.925373	H@5 0.972637	H@10 1.000000	H@20 1.000000	H@50 1.000000	H@100 1.000000
INFO:kbc-cli.py:Epoch 91/100	Loss 5.7509 ± 0.3882
INFO:kbc-cli.py:Epoch 92/100	Loss 5.7478 ± 0.4414
INFO:kbc-cli.py:Epoch 93/100	Loss 5.7591 ± 0.3802
INFO:kbc-cli.py:Epoch 93/100	dev results	MRR 0.823218	H@1 0.718593	H@3 0.929648	H@5 0.967337	H@10 1.000000	H@20 1.000000	H@50 1.000000	H@100 1.000000
INFO:kbc-cli.py:Epoch 93/100	test results	MRR 0.819211	H@1 0.711443	H@3 0.922886	H@5 0.972637	H@10 1.000000	H@20 1.000000	H@50 1.000000	H@100 1.000000
INFO:kbc-cli.py:Epoch 94/100	Loss 5.7566 ± 0.3888
INFO:kbc-cli.py:Epoch 95/100	Loss 5.7588 ± 0.3823
INFO:kbc-cli.py:Epoch 96/100	Loss 5.7542 ± 0.4201
INFO:kbc-cli.py:Epoch 96/100	dev results	MRR 0.824475	H@1 0.718593	H@3 0.929648	H@5 0.967337	H@10 1.000000	H@20 1.000000	H@50 1.000000	H@100 1.000000
INFO:kbc-cli.py:Epoch 96/100	test results	MRR 0.817879	H@1 0.711443	H@3 0.920398	H@5 0.972637	H@10 1.000000	H@20 1.000000	H@50 1.000000	H@100 1.000000
INFO:kbc-cli.py:Epoch 97/100	Loss 5.7445 ± 0.4164
INFO:kbc-cli.py:Epoch 98/100	Loss 5.7514 ± 0.3843
INFO:kbc-cli.py:Epoch 99/100	Loss 5.7492 ± 0.4024
INFO:kbc-cli.py:Epoch 99/100	dev results	MRR 0.820161	H@1 0.713568	H@3 0.929648	H@5 0.967337	H@10 1.000000	H@20 1.000000	H@50 1.000000	H@100 1.000000
INFO:kbc-cli.py:Epoch 99/100	test results	MRR 0.818283	H@1 0.711443	H@3 0.915423	H@5 0.975124	H@10 1.000000	H@20 1.000000	H@50 1.000000	H@100 1.000000
INFO:kbc-cli.py:Epoch 100/100	Loss 5.7456 ± 0.3787
INFO:kbc-cli.py:Final 	dev results	MRR 0.821446	H@1 0.716080	H@3 0.929648	H@5 0.967337	H@10 1.000000	H@20 1.000000	H@50 1.000000	H@100 1.000000
INFO:kbc-cli.py:Final 	test results	MRR 0.816873	H@1 0.708955	H@3 0.917910	H@5 0.972637	H@10 1.000000	H@20 1.000000	H@50 1.000000	H@100 1.000000
INFO:kbc-cli.py:Training finished
