./bin/kbc-cli.py --train data/kinship/train.tsv --dev data/kinship/dev.tsv --test data/kinship/test.tsv -m complex -k 500 -b 50 -e 100 --F2 0 --N3 0.0001 -l 0.1 -I standard -V 3 -o adagrad -c so -q
{'F2': 0.0,
 'N3': 0.0001,
 'batch_size': 50,
 'corruption': 'so',
 'dev': 'data/kinship/dev.tsv',
 'embedding_size': 500,
 'epochs': 100,
 'eval_batch_size': None,
 'input_type': 'standard',
 'learning_rate': 0.1,
 'load': None,
 'model': 'complex',
 'optimizer': 'adagrad',
 'quiet': True,
 'save': None,
 'seed': 0,
 'test': 'data/kinship/test.tsv',
 'test_i': None,
 'test_ii': None,
 'train': 'data/kinship/train.tsv',
 'validate_every': 3}
INFO:kbc-cli.py:Device: cuda
INFO:kbc-cli.py:Model state:
INFO:kbc-cli.py:	entities.weight	torch.Size([104, 1000])
INFO:kbc-cli.py:	predicates.weight	torch.Size([25, 1000])
INFO:kbc-cli.py:Epoch 1/100	Loss 7.2177 ± 1.1278
INFO:kbc-cli.py:Epoch 2/100	Loss 5.4321 ± 0.2527
INFO:kbc-cli.py:Epoch 3/100	Loss 5.1112 ± 0.2768
INFO:kbc-cli.py:Epoch 3/100	dev results	MRR 0.856302	H@1 0.775281	H@3 0.927903	H@5 0.960206	H@10 0.977528	H@20 0.987360	H@50 0.992978	H@100 1.000000
INFO:kbc-cli.py:Epoch 3/100	test results	MRR 0.858708	H@1 0.777933	H@3 0.930633	H@5 0.966015	H@10 0.983240	H@20 0.992551	H@50 0.996276	H@100 1.000000
INFO:kbc-cli.py:Epoch 4/100	Loss 4.9397 ± 0.2736
INFO:kbc-cli.py:Epoch 5/100	Loss 4.8259 ± 0.2688
INFO:kbc-cli.py:Epoch 6/100	Loss 4.7395 ± 0.2520
INFO:kbc-cli.py:Epoch 6/100	dev results	MRR 0.882603	H@1 0.818820	H@3 0.939607	H@5 0.964419	H@10 0.979401	H@20 0.987828	H@50 0.993446	H@100 1.000000
INFO:kbc-cli.py:Epoch 6/100	test results	MRR 0.881258	H@1 0.810987	H@3 0.946927	H@5 0.971601	H@10 0.987430	H@20 0.992551	H@50 0.996741	H@100 1.000000
INFO:kbc-cli.py:Epoch 7/100	Loss 4.6771 ± 0.2526
INFO:kbc-cli.py:Epoch 8/100	Loss 4.6272 ± 0.2398
INFO:kbc-cli.py:Epoch 9/100	Loss 4.5849 ± 0.2306
INFO:kbc-cli.py:Epoch 9/100	dev results	MRR 0.876732	H@1 0.805243	H@3 0.940543	H@5 0.965356	H@10 0.979869	H@20 0.988296	H@50 0.993446	H@100 1.000000
INFO:kbc-cli.py:Epoch 9/100	test results	MRR 0.881264	H@1 0.808659	H@3 0.948790	H@5 0.972998	H@10 0.987896	H@20 0.992551	H@50 0.996741	H@100 1.000000
INFO:kbc-cli.py:Epoch 10/100	Loss 4.5517 ± 0.2380
INFO:kbc-cli.py:Epoch 11/100	Loss 4.5226 ± 0.2495
INFO:kbc-cli.py:Epoch 12/100	Loss 4.4963 ± 0.2293
INFO:kbc-cli.py:Epoch 12/100	dev results	MRR 0.877011	H@1 0.803839	H@3 0.946161	H@5 0.966292	H@10 0.979401	H@20 0.988296	H@50 0.992978	H@100 1.000000
INFO:kbc-cli.py:Epoch 12/100	test results	MRR 0.881502	H@1 0.808194	H@3 0.949721	H@5 0.975791	H@10 0.988361	H@20 0.992551	H@50 0.996741	H@100 1.000000
INFO:kbc-cli.py:Epoch 13/100	Loss 4.4736 ± 0.2406
INFO:kbc-cli.py:Epoch 14/100	Loss 4.4541 ± 0.2269
INFO:kbc-cli.py:Epoch 15/100	Loss 4.4374 ± 0.2098
INFO:kbc-cli.py:Epoch 15/100	dev results	MRR 0.878672	H@1 0.808521	H@3 0.942884	H@5 0.966760	H@10 0.979869	H@20 0.988296	H@50 0.992978	H@100 1.000000
INFO:kbc-cli.py:Epoch 15/100	test results	MRR 0.882300	H@1 0.812384	H@3 0.947393	H@5 0.974395	H@10 0.988361	H@20 0.992086	H@50 0.996741	H@100 1.000000
INFO:kbc-cli.py:Epoch 16/100	Loss 4.4209 ± 0.2263
INFO:kbc-cli.py:Epoch 17/100	Loss 4.4064 ± 0.2077
INFO:kbc-cli.py:Epoch 18/100	Loss 4.3949 ± 0.2264
INFO:kbc-cli.py:Epoch 18/100	dev results	MRR 0.877251	H@1 0.805712	H@3 0.942416	H@5 0.967697	H@10 0.979869	H@20 0.988296	H@50 0.992978	H@100 1.000000
INFO:kbc-cli.py:Epoch 18/100	test results	MRR 0.880982	H@1 0.809590	H@3 0.947393	H@5 0.972998	H@10 0.988361	H@20 0.992086	H@50 0.996741	H@100 1.000000
INFO:kbc-cli.py:Epoch 19/100	Loss 4.3830 ± 0.2159
INFO:kbc-cli.py:Epoch 20/100	Loss 4.3713 ± 0.1973
INFO:kbc-cli.py:Epoch 21/100	Loss 4.3615 ± 0.2140
INFO:kbc-cli.py:Epoch 21/100	dev results	MRR 0.879136	H@1 0.809457	H@3 0.943352	H@5 0.967228	H@10 0.979869	H@20 0.988296	H@50 0.992509	H@100 1.000000
INFO:kbc-cli.py:Epoch 21/100	test results	MRR 0.882874	H@1 0.811918	H@3 0.947858	H@5 0.973929	H@10 0.987896	H@20 0.992086	H@50 0.996741	H@100 1.000000
INFO:kbc-cli.py:Epoch 22/100	Loss 4.3518 ± 0.2125
INFO:kbc-cli.py:Epoch 23/100	Loss 4.3428 ± 0.2219
INFO:kbc-cli.py:Epoch 24/100	Loss 4.3357 ± 0.1917
INFO:kbc-cli.py:Epoch 24/100	dev results	MRR 0.878986	H@1 0.809925	H@3 0.941011	H@5 0.966292	H@10 0.979869	H@20 0.988296	H@50 0.992509	H@100 1.000000
INFO:kbc-cli.py:Epoch 24/100	test results	MRR 0.882270	H@1 0.812849	H@3 0.945065	H@5 0.972533	H@10 0.987896	H@20 0.992551	H@50 0.996741	H@100 1.000000
INFO:kbc-cli.py:Epoch 25/100	Loss 4.3275 ± 0.1990
INFO:kbc-cli.py:Epoch 26/100	Loss 4.3191 ± 0.2099
INFO:kbc-cli.py:Epoch 27/100	Loss 4.3143 ± 0.2042
INFO:kbc-cli.py:Epoch 27/100	dev results	MRR 0.878119	H@1 0.807116	H@3 0.943352	H@5 0.966760	H@10 0.980337	H@20 0.988296	H@50 0.992509	H@100 1.000000
INFO:kbc-cli.py:Epoch 27/100	test results	MRR 0.881984	H@1 0.811918	H@3 0.947858	H@5 0.971601	H@10 0.987430	H@20 0.992551	H@50 0.996741	H@100 1.000000
INFO:kbc-cli.py:Epoch 28/100	Loss 4.3069 ± 0.2003
INFO:kbc-cli.py:Epoch 29/100	Loss 4.3011 ± 0.2064
INFO:kbc-cli.py:Epoch 30/100	Loss 4.2953 ± 0.2019
INFO:kbc-cli.py:Epoch 30/100	dev results	MRR 0.877546	H@1 0.806180	H@3 0.942416	H@5 0.967697	H@10 0.980805	H@20 0.988296	H@50 0.992509	H@100 1.000000
INFO:kbc-cli.py:Epoch 30/100	test results	MRR 0.882582	H@1 0.812384	H@3 0.947858	H@5 0.971601	H@10 0.987896	H@20 0.992551	H@50 0.996741	H@100 1.000000
INFO:kbc-cli.py:Epoch 31/100	Loss 4.2901 ± 0.1883
INFO:kbc-cli.py:Epoch 32/100	Loss 4.2847 ± 0.1792
INFO:kbc-cli.py:Epoch 33/100	Loss 4.2800 ± 0.1938
INFO:kbc-cli.py:Epoch 33/100	dev results	MRR 0.877902	H@1 0.807116	H@3 0.944757	H@5 0.968165	H@10 0.981273	H@20 0.988296	H@50 0.992509	H@100 1.000000
INFO:kbc-cli.py:Epoch 33/100	test results	MRR 0.881157	H@1 0.809125	H@3 0.947393	H@5 0.973929	H@10 0.987896	H@20 0.992551	H@50 0.996741	H@100 1.000000
INFO:kbc-cli.py:Epoch 34/100	Loss 4.2748 ± 0.2040
INFO:kbc-cli.py:Epoch 35/100	Loss 4.2703 ± 0.1999
INFO:kbc-cli.py:Epoch 36/100	Loss 4.2659 ± 0.1857
INFO:kbc-cli.py:Epoch 36/100	dev results	MRR 0.876474	H@1 0.804775	H@3 0.944757	H@5 0.967697	H@10 0.980805	H@20 0.988296	H@50 0.992509	H@100 1.000000
INFO:kbc-cli.py:Epoch 36/100	test results	MRR 0.880182	H@1 0.808194	H@3 0.945996	H@5 0.972998	H@10 0.987430	H@20 0.992551	H@50 0.996741	H@100 1.000000
INFO:kbc-cli.py:Epoch 37/100	Loss 4.2624 ± 0.1925
INFO:kbc-cli.py:Epoch 38/100	Loss 4.2583 ± 0.1964
INFO:kbc-cli.py:Epoch 39/100	Loss 4.2549 ± 0.1730
INFO:kbc-cli.py:Epoch 39/100	dev results	MRR 0.874662	H@1 0.801030	H@3 0.944757	H@5 0.967228	H@10 0.980805	H@20 0.988296	H@50 0.992509	H@100 1.000000
INFO:kbc-cli.py:Epoch 39/100	test results	MRR 0.881608	H@1 0.810521	H@3 0.946462	H@5 0.971601	H@10 0.987430	H@20 0.992551	H@50 0.996741	H@100 1.000000
INFO:kbc-cli.py:Epoch 40/100	Loss 4.2503 ± 0.2001
INFO:kbc-cli.py:Epoch 41/100	Loss 4.2470 ± 0.1837
INFO:kbc-cli.py:Epoch 42/100	Loss 4.2436 ± 0.1949
INFO:kbc-cli.py:Epoch 42/100	dev results	MRR 0.874791	H@1 0.801966	H@3 0.942884	H@5 0.966760	H@10 0.981273	H@20 0.988296	H@50 0.992509	H@100 1.000000
INFO:kbc-cli.py:Epoch 42/100	test results	MRR 0.878070	H@1 0.804469	H@3 0.946462	H@5 0.971601	H@10 0.987430	H@20 0.992551	H@50 0.996741	H@100 1.000000
INFO:kbc-cli.py:Epoch 43/100	Loss 4.2398 ± 0.1800
INFO:kbc-cli.py:Epoch 44/100	Loss 4.2372 ± 0.2001
INFO:kbc-cli.py:Epoch 45/100	Loss 4.2338 ± 0.1803
INFO:kbc-cli.py:Epoch 45/100	dev results	MRR 0.873166	H@1 0.798689	H@3 0.942884	H@5 0.966292	H@10 0.981273	H@20 0.988296	H@50 0.992509	H@100 1.000000
INFO:kbc-cli.py:Epoch 45/100	test results	MRR 0.880173	H@1 0.808659	H@3 0.945531	H@5 0.972067	H@10 0.987430	H@20 0.992551	H@50 0.996741	H@100 1.000000
INFO:kbc-cli.py:Epoch 46/100	Loss 4.2311 ± 0.1870
INFO:kbc-cli.py:Epoch 47/100	Loss 4.2286 ± 0.1876
INFO:kbc-cli.py:Epoch 48/100	Loss 4.2253 ± 0.1747
INFO:kbc-cli.py:Epoch 48/100	dev results	MRR 0.874338	H@1 0.801030	H@3 0.941948	H@5 0.966760	H@10 0.981742	H@20 0.988296	H@50 0.992509	H@100 1.000000
INFO:kbc-cli.py:Epoch 48/100	test results	MRR 0.880264	H@1 0.808194	H@3 0.946927	H@5 0.972067	H@10 0.987430	H@20 0.992551	H@50 0.996741	H@100 1.000000
INFO:kbc-cli.py:Epoch 49/100	Loss 4.2226 ± 0.1786
INFO:kbc-cli.py:Epoch 50/100	Loss 4.2210 ± 0.1806
INFO:kbc-cli.py:Epoch 51/100	Loss 4.2178 ± 0.1640
INFO:kbc-cli.py:Epoch 51/100	dev results	MRR 0.873691	H@1 0.799625	H@3 0.943352	H@5 0.967228	H@10 0.981273	H@20 0.988296	H@50 0.992509	H@100 1.000000
INFO:kbc-cli.py:Epoch 51/100	test results	MRR 0.878382	H@1 0.804004	H@3 0.945531	H@5 0.972067	H@10 0.987430	H@20 0.992551	H@50 0.996741	H@100 1.000000
INFO:kbc-cli.py:Epoch 52/100	Loss 4.2150 ± 0.1489
INFO:kbc-cli.py:Epoch 53/100	Loss 4.2130 ± 0.1796
INFO:kbc-cli.py:Epoch 54/100	Loss 4.2109 ± 0.1831
INFO:kbc-cli.py:Epoch 54/100	dev results	MRR 0.874439	H@1 0.801030	H@3 0.942416	H@5 0.965356	H@10 0.981273	H@20 0.988296	H@50 0.992509	H@100 1.000000
INFO:kbc-cli.py:Epoch 54/100	test results	MRR 0.878163	H@1 0.803538	H@3 0.946462	H@5 0.970670	H@10 0.987430	H@20 0.992551	H@50 0.996741	H@100 1.000000
INFO:kbc-cli.py:Epoch 55/100	Loss 4.2085 ± 0.1797
INFO:kbc-cli.py:Epoch 56/100	Loss 4.2064 ± 0.1807
INFO:kbc-cli.py:Epoch 57/100	Loss 4.2044 ± 0.1689
INFO:kbc-cli.py:Epoch 57/100	dev results	MRR 0.872998	H@1 0.798221	H@3 0.941948	H@5 0.966760	H@10 0.981273	H@20 0.988296	H@50 0.992509	H@100 1.000000
INFO:kbc-cli.py:Epoch 57/100	test results	MRR 0.878056	H@1 0.804004	H@3 0.945065	H@5 0.970670	H@10 0.987430	H@20 0.992551	H@50 0.996741	H@100 1.000000
INFO:kbc-cli.py:Epoch 58/100	Loss 4.2017 ± 0.1761
INFO:kbc-cli.py:Epoch 59/100	Loss 4.1999 ± 0.1773
INFO:kbc-cli.py:Epoch 60/100	Loss 4.1978 ± 0.1864
INFO:kbc-cli.py:Epoch 60/100	dev results	MRR 0.871019	H@1 0.794944	H@3 0.940543	H@5 0.965824	H@10 0.981742	H@20 0.988296	H@50 0.992509	H@100 1.000000
INFO:kbc-cli.py:Epoch 60/100	test results	MRR 0.877785	H@1 0.804004	H@3 0.945065	H@5 0.971136	H@10 0.987430	H@20 0.992551	H@50 0.996741	H@100 1.000000
INFO:kbc-cli.py:Epoch 61/100	Loss 4.1960 ± 0.1576
INFO:kbc-cli.py:Epoch 62/100	Loss 4.1942 ± 0.1761
INFO:kbc-cli.py:Epoch 63/100	Loss 4.1928 ± 0.1729
INFO:kbc-cli.py:Epoch 63/100	dev results	MRR 0.871143	H@1 0.794944	H@3 0.942416	H@5 0.964888	H@10 0.981742	H@20 0.988296	H@50 0.992509	H@100 1.000000
INFO:kbc-cli.py:Epoch 63/100	test results	MRR 0.877722	H@1 0.803073	H@3 0.944600	H@5 0.970205	H@10 0.987430	H@20 0.992551	H@50 0.996741	H@100 1.000000
INFO:kbc-cli.py:Epoch 64/100	Loss 4.1908 ± 0.1729
INFO:kbc-cli.py:Epoch 65/100	Loss 4.1891 ± 0.1957
INFO:kbc-cli.py:Epoch 66/100	Loss 4.1873 ± 0.1685
INFO:kbc-cli.py:Epoch 66/100	dev results	MRR 0.871587	H@1 0.795880	H@3 0.941479	H@5 0.964419	H@10 0.981742	H@20 0.988296	H@50 0.992509	H@100 1.000000
INFO:kbc-cli.py:Epoch 66/100	test results	MRR 0.876941	H@1 0.802142	H@3 0.943669	H@5 0.970205	H@10 0.987896	H@20 0.992551	H@50 0.996741	H@100 1.000000
INFO:kbc-cli.py:Epoch 67/100	Loss 4.1854 ± 0.1656
INFO:kbc-cli.py:Epoch 68/100	Loss 4.1839 ± 0.1844
INFO:kbc-cli.py:Epoch 69/100	Loss 4.1820 ± 0.1776
INFO:kbc-cli.py:Epoch 69/100	dev results	MRR 0.869371	H@1 0.792135	H@3 0.943352	H@5 0.965824	H@10 0.981742	H@20 0.988296	H@50 0.992509	H@100 1.000000
INFO:kbc-cli.py:Epoch 69/100	test results	MRR 0.876890	H@1 0.802142	H@3 0.944134	H@5 0.970670	H@10 0.987896	H@20 0.992551	H@50 0.996741	H@100 1.000000
INFO:kbc-cli.py:Epoch 70/100	Loss 4.1806 ± 0.1781
INFO:kbc-cli.py:Epoch 71/100	Loss 4.1794 ± 0.1793
INFO:kbc-cli.py:Epoch 72/100	Loss 4.1775 ± 0.1686
INFO:kbc-cli.py:Epoch 72/100	dev results	MRR 0.870938	H@1 0.794944	H@3 0.941948	H@5 0.965824	H@10 0.980805	H@20 0.988296	H@50 0.992509	H@100 1.000000
INFO:kbc-cli.py:Epoch 72/100	test results	MRR 0.878279	H@1 0.804004	H@3 0.944600	H@5 0.970205	H@10 0.987896	H@20 0.992551	H@50 0.996741	H@100 1.000000
INFO:kbc-cli.py:Epoch 73/100	Loss 4.1758 ± 0.1505
INFO:kbc-cli.py:Epoch 74/100	Loss 4.1750 ± 0.1788
INFO:kbc-cli.py:Epoch 75/100	Loss 4.1734 ± 0.1561
INFO:kbc-cli.py:Epoch 75/100	dev results	MRR 0.870590	H@1 0.794476	H@3 0.942416	H@5 0.966292	H@10 0.981742	H@20 0.988296	H@50 0.992509	H@100 1.000000
INFO:kbc-cli.py:Epoch 75/100	test results	MRR 0.878259	H@1 0.804469	H@3 0.945531	H@5 0.970205	H@10 0.987896	H@20 0.992551	H@50 0.996741	H@100 1.000000
INFO:kbc-cli.py:Epoch 76/100	Loss 4.1719 ± 0.1925
INFO:kbc-cli.py:Epoch 77/100	Loss 4.1704 ± 0.1662
INFO:kbc-cli.py:Epoch 78/100	Loss 4.1691 ± 0.1512
INFO:kbc-cli.py:Epoch 78/100	dev results	MRR 0.869633	H@1 0.792135	H@3 0.942416	H@5 0.966760	H@10 0.981273	H@20 0.987828	H@50 0.992509	H@100 1.000000
INFO:kbc-cli.py:Epoch 78/100	test results	MRR 0.877677	H@1 0.802607	H@3 0.945531	H@5 0.970205	H@10 0.987896	H@20 0.992086	H@50 0.996741	H@100 1.000000
INFO:kbc-cli.py:Epoch 79/100	Loss 4.1681 ± 0.1586
INFO:kbc-cli.py:Epoch 80/100	Loss 4.1665 ± 0.1816
INFO:kbc-cli.py:Epoch 81/100	Loss 4.1657 ± 0.1587
INFO:kbc-cli.py:Epoch 81/100	dev results	MRR 0.870103	H@1 0.793539	H@3 0.941479	H@5 0.966292	H@10 0.981742	H@20 0.988296	H@50 0.992509	H@100 1.000000
INFO:kbc-cli.py:Epoch 81/100	test results	MRR 0.876248	H@1 0.800279	H@3 0.945531	H@5 0.970205	H@10 0.987896	H@20 0.992551	H@50 0.996741	H@100 1.000000
INFO:kbc-cli.py:Epoch 82/100	Loss 4.1641 ± 0.1601
INFO:kbc-cli.py:Epoch 83/100	Loss 4.1636 ± 0.1770
INFO:kbc-cli.py:Epoch 84/100	Loss 4.1623 ± 0.1676
INFO:kbc-cli.py:Epoch 84/100	dev results	MRR 0.871191	H@1 0.795412	H@3 0.940543	H@5 0.966292	H@10 0.981273	H@20 0.988296	H@50 0.992509	H@100 1.000000
INFO:kbc-cli.py:Epoch 84/100	test results	MRR 0.876276	H@1 0.800279	H@3 0.944600	H@5 0.970670	H@10 0.987896	H@20 0.992551	H@50 0.996741	H@100 1.000000
INFO:kbc-cli.py:Epoch 85/100	Loss 4.1603 ± 0.1673
INFO:kbc-cli.py:Epoch 86/100	Loss 4.1597 ± 0.1726
INFO:kbc-cli.py:Epoch 87/100	Loss 4.1584 ± 0.1561
INFO:kbc-cli.py:Epoch 87/100	dev results	MRR 0.869663	H@1 0.792603	H@3 0.941011	H@5 0.965824	H@10 0.981742	H@20 0.988296	H@50 0.992509	H@100 1.000000
INFO:kbc-cli.py:Epoch 87/100	test results	MRR 0.875632	H@1 0.799814	H@3 0.943669	H@5 0.970670	H@10 0.987430	H@20 0.992086	H@50 0.996741	H@100 1.000000
INFO:kbc-cli.py:Epoch 88/100	Loss 4.1573 ± 0.1680
INFO:kbc-cli.py:Epoch 89/100	Loss 4.1560 ± 0.1690
INFO:kbc-cli.py:Epoch 90/100	Loss 4.1550 ± 0.1581
INFO:kbc-cli.py:Epoch 90/100	dev results	MRR 0.869755	H@1 0.793071	H@3 0.941011	H@5 0.965356	H@10 0.981742	H@20 0.988296	H@50 0.992509	H@100 1.000000
INFO:kbc-cli.py:Epoch 90/100	test results	MRR 0.876004	H@1 0.800745	H@3 0.943669	H@5 0.969274	H@10 0.987896	H@20 0.992551	H@50 0.996741	H@100 1.000000
INFO:kbc-cli.py:Epoch 91/100	Loss 4.1540 ± 0.1803
INFO:kbc-cli.py:Epoch 92/100	Loss 4.1532 ± 0.1590
INFO:kbc-cli.py:Epoch 93/100	Loss 4.1522 ± 0.1557
INFO:kbc-cli.py:Epoch 93/100	dev results	MRR 0.869901	H@1 0.793071	H@3 0.941479	H@5 0.965356	H@10 0.981742	H@20 0.987828	H@50 0.992509	H@100 1.000000
INFO:kbc-cli.py:Epoch 93/100	test results	MRR 0.877590	H@1 0.803538	H@3 0.944134	H@5 0.969739	H@10 0.987430	H@20 0.992551	H@50 0.996741	H@100 1.000000
INFO:kbc-cli.py:Epoch 94/100	Loss 4.1506 ± 0.1634
INFO:kbc-cli.py:Epoch 95/100	Loss 4.1500 ± 0.1745
INFO:kbc-cli.py:Epoch 96/100	Loss 4.1489 ± 0.1696
INFO:kbc-cli.py:Epoch 96/100	dev results	MRR 0.868904	H@1 0.791199	H@3 0.941011	H@5 0.964888	H@10 0.981742	H@20 0.987828	H@50 0.992509	H@100 1.000000
INFO:kbc-cli.py:Epoch 96/100	test results	MRR 0.875953	H@1 0.799814	H@3 0.944134	H@5 0.970670	H@10 0.987896	H@20 0.992551	H@50 0.996741	H@100 1.000000
INFO:kbc-cli.py:Epoch 97/100	Loss 4.1479 ± 0.1575
INFO:kbc-cli.py:Epoch 98/100	Loss 4.1470 ± 0.1549
INFO:kbc-cli.py:Epoch 99/100	Loss 4.1461 ± 0.1598
INFO:kbc-cli.py:Epoch 99/100	dev results	MRR 0.868797	H@1 0.791199	H@3 0.941011	H@5 0.965824	H@10 0.981742	H@20 0.987828	H@50 0.992509	H@100 1.000000
INFO:kbc-cli.py:Epoch 99/100	test results	MRR 0.876621	H@1 0.801676	H@3 0.943203	H@5 0.970670	H@10 0.987896	H@20 0.992086	H@50 0.996741	H@100 1.000000
INFO:kbc-cli.py:Epoch 100/100	Loss 4.1452 ± 0.1683
INFO:kbc-cli.py:Final 	dev results	MRR 0.868164	H@1 0.790262	H@3 0.941479	H@5 0.965356	H@10 0.981742	H@20 0.987828	H@50 0.992509	H@100 1.000000
INFO:kbc-cli.py:Final 	test results	MRR 0.876718	H@1 0.802142	H@3 0.943669	H@5 0.970205	H@10 0.987896	H@20 0.992086	H@50 0.996741	H@100 1.000000
INFO:kbc-cli.py:Training finished
