./bin/kbc-cli.py --train data/nations/train.tsv --dev data/nations/dev.tsv --test data/nations/test.tsv -m complex -k 500 -b 50 -e 100 --F2 0 --N3 0.05 -l 0.1 -I standard -V 3 -o adagrad -c spo -q
{'F2': 0.0,
 'N3': 0.05,
 'batch_size': 50,
 'corruption': 'spo',
 'dev': 'data/nations/dev.tsv',
 'embedding_size': 500,
 'epochs': 100,
 'eval_batch_size': None,
 'input_type': 'standard',
 'learning_rate': 0.1,
 'load': None,
 'model': 'complex',
 'optimizer': 'adagrad',
 'quiet': True,
 'save': None,
 'seed': 0,
 'test': 'data/nations/test.tsv',
 'test_i': None,
 'test_ii': None,
 'train': 'data/nations/train.tsv',
 'validate_every': 3}
INFO:kbc-cli.py:Device: cuda
INFO:kbc-cli.py:Model state:
INFO:kbc-cli.py:	entities.weight	torch.Size([14, 1000])
INFO:kbc-cli.py:	predicates.weight	torch.Size([55, 1000])
INFO:kbc-cli.py:Epoch 1/100	Loss 9.5879 ± 0.4042
INFO:kbc-cli.py:Epoch 2/100	Loss 8.6462 ± 0.1404
INFO:kbc-cli.py:Epoch 3/100	Loss 8.3762 ± 0.2116
INFO:kbc-cli.py:Epoch 3/100	dev results	MRR 0.744009	H@1 0.595477	H@3 0.876884	H@5 0.954774	H@10 0.994975	H@20 1.000000	H@50 1.000000	H@100 1.000000
INFO:kbc-cli.py:Epoch 3/100	test results	MRR 0.785498	H@1 0.664179	H@3 0.888060	H@5 0.960199	H@10 1.000000	H@20 1.000000	H@50 1.000000	H@100 1.000000
INFO:kbc-cli.py:Epoch 4/100	Loss 8.2289 ± 0.2272
INFO:kbc-cli.py:Epoch 5/100	Loss 8.1359 ± 0.2064
INFO:kbc-cli.py:Epoch 6/100	Loss 8.0665 ± 0.2331
INFO:kbc-cli.py:Epoch 6/100	dev results	MRR 0.772894	H@1 0.640704	H@3 0.886935	H@5 0.964824	H@10 0.997487	H@20 1.000000	H@50 1.000000	H@100 1.000000
INFO:kbc-cli.py:Epoch 6/100	test results	MRR 0.818379	H@1 0.708955	H@3 0.927861	H@5 0.977612	H@10 1.000000	H@20 1.000000	H@50 1.000000	H@100 1.000000
INFO:kbc-cli.py:Epoch 7/100	Loss 8.0150 ± 0.1903
INFO:kbc-cli.py:Epoch 8/100	Loss 7.9671 ± 0.2045
INFO:kbc-cli.py:Epoch 9/100	Loss 7.9359 ± 0.2224
INFO:kbc-cli.py:Epoch 9/100	dev results	MRR 0.782128	H@1 0.655779	H@3 0.902010	H@5 0.969849	H@10 0.997487	H@20 1.000000	H@50 1.000000	H@100 1.000000
INFO:kbc-cli.py:Epoch 9/100	test results	MRR 0.826425	H@1 0.723881	H@3 0.920398	H@5 0.977612	H@10 0.997512	H@20 1.000000	H@50 1.000000	H@100 1.000000
INFO:kbc-cli.py:Epoch 10/100	Loss 7.9044 ± 0.2356
INFO:kbc-cli.py:Epoch 11/100	Loss 7.8825 ± 0.2273
INFO:kbc-cli.py:Epoch 12/100	Loss 7.8547 ± 0.2136
INFO:kbc-cli.py:Epoch 12/100	dev results	MRR 0.792050	H@1 0.670854	H@3 0.902010	H@5 0.972362	H@10 0.997487	H@20 1.000000	H@50 1.000000	H@100 1.000000
INFO:kbc-cli.py:Epoch 12/100	test results	MRR 0.827111	H@1 0.723881	H@3 0.922886	H@5 0.970149	H@10 0.997512	H@20 1.000000	H@50 1.000000	H@100 1.000000
INFO:kbc-cli.py:Epoch 13/100	Loss 7.8361 ± 0.1549
INFO:kbc-cli.py:Epoch 14/100	Loss 7.8225 ± 0.1783
INFO:kbc-cli.py:Epoch 15/100	Loss 7.8014 ± 0.1749
INFO:kbc-cli.py:Epoch 15/100	dev results	MRR 0.787781	H@1 0.663317	H@3 0.891960	H@5 0.972362	H@10 0.997487	H@20 1.000000	H@50 1.000000	H@100 1.000000
INFO:kbc-cli.py:Epoch 15/100	test results	MRR 0.828274	H@1 0.728856	H@3 0.927861	H@5 0.970149	H@10 0.997512	H@20 1.000000	H@50 1.000000	H@100 1.000000
INFO:kbc-cli.py:Epoch 16/100	Loss 7.7899 ± 0.2072
INFO:kbc-cli.py:Epoch 17/100	Loss 7.7780 ± 0.1816
INFO:kbc-cli.py:Epoch 18/100	Loss 7.7656 ± 0.1828
INFO:kbc-cli.py:Epoch 18/100	dev results	MRR 0.779801	H@1 0.655779	H@3 0.884422	H@5 0.972362	H@10 0.997487	H@20 1.000000	H@50 1.000000	H@100 1.000000
INFO:kbc-cli.py:Epoch 18/100	test results	MRR 0.824792	H@1 0.723881	H@3 0.917910	H@5 0.965174	H@10 0.997512	H@20 1.000000	H@50 1.000000	H@100 1.000000
INFO:kbc-cli.py:Epoch 19/100	Loss 7.7562 ± 0.1963
INFO:kbc-cli.py:Epoch 20/100	Loss 7.7459 ± 0.1513
INFO:kbc-cli.py:Epoch 21/100	Loss 7.7362 ± 0.2228
INFO:kbc-cli.py:Epoch 21/100	dev results	MRR 0.786124	H@1 0.668342	H@3 0.879397	H@5 0.964824	H@10 0.997487	H@20 1.000000	H@50 1.000000	H@100 1.000000
INFO:kbc-cli.py:Epoch 21/100	test results	MRR 0.828067	H@1 0.726368	H@3 0.915423	H@5 0.970149	H@10 0.997512	H@20 1.000000	H@50 1.000000	H@100 1.000000
INFO:kbc-cli.py:Epoch 22/100	Loss 7.7260 ± 0.2052
INFO:kbc-cli.py:Epoch 23/100	Loss 7.7212 ± 0.1842
INFO:kbc-cli.py:Epoch 24/100	Loss 7.7129 ± 0.1878
INFO:kbc-cli.py:Epoch 24/100	dev results	MRR 0.790184	H@1 0.678392	H@3 0.876884	H@5 0.967337	H@10 0.994975	H@20 1.000000	H@50 1.000000	H@100 1.000000
INFO:kbc-cli.py:Epoch 24/100	test results	MRR 0.828354	H@1 0.728856	H@3 0.910448	H@5 0.967662	H@10 0.997512	H@20 1.000000	H@50 1.000000	H@100 1.000000
INFO:kbc-cli.py:Epoch 25/100	Loss 7.7045 ± 0.1726
INFO:kbc-cli.py:Epoch 26/100	Loss 7.6997 ± 0.1590
INFO:kbc-cli.py:Epoch 27/100	Loss 7.6950 ± 0.1922
INFO:kbc-cli.py:Epoch 27/100	dev results	MRR 0.777370	H@1 0.655779	H@3 0.869347	H@5 0.964824	H@10 0.994975	H@20 1.000000	H@50 1.000000	H@100 1.000000
INFO:kbc-cli.py:Epoch 27/100	test results	MRR 0.827735	H@1 0.726368	H@3 0.907960	H@5 0.967662	H@10 0.997512	H@20 1.000000	H@50 1.000000	H@100 1.000000
INFO:kbc-cli.py:Epoch 28/100	Loss 7.6890 ± 0.1432
INFO:kbc-cli.py:Epoch 29/100	Loss 7.6816 ± 0.1350
INFO:kbc-cli.py:Epoch 30/100	Loss 7.6764 ± 0.1754
INFO:kbc-cli.py:Epoch 30/100	dev results	MRR 0.781623	H@1 0.663317	H@3 0.866834	H@5 0.967337	H@10 0.994975	H@20 1.000000	H@50 1.000000	H@100 1.000000
INFO:kbc-cli.py:Epoch 30/100	test results	MRR 0.829038	H@1 0.728856	H@3 0.907960	H@5 0.967662	H@10 0.997512	H@20 1.000000	H@50 1.000000	H@100 1.000000
INFO:kbc-cli.py:Epoch 31/100	Loss 7.6725 ± 0.1852
INFO:kbc-cli.py:Epoch 32/100	Loss 7.6664 ± 0.1469
INFO:kbc-cli.py:Epoch 33/100	Loss 7.6656 ± 0.1898
INFO:kbc-cli.py:Epoch 33/100	dev results	MRR 0.770149	H@1 0.643216	H@3 0.866834	H@5 0.962312	H@10 0.994975	H@20 1.000000	H@50 1.000000	H@100 1.000000
INFO:kbc-cli.py:Epoch 33/100	test results	MRR 0.827408	H@1 0.723881	H@3 0.917910	H@5 0.967662	H@10 0.997512	H@20 1.000000	H@50 1.000000	H@100 1.000000
INFO:kbc-cli.py:Epoch 34/100	Loss 7.6579 ± 0.1865
INFO:kbc-cli.py:Epoch 35/100	Loss 7.6556 ± 0.1916
INFO:kbc-cli.py:Epoch 36/100	Loss 7.6538 ± 0.1914
INFO:kbc-cli.py:Epoch 36/100	dev results	MRR 0.772578	H@1 0.648241	H@3 0.861809	H@5 0.967337	H@10 0.994975	H@20 1.000000	H@50 1.000000	H@100 1.000000
INFO:kbc-cli.py:Epoch 36/100	test results	MRR 0.826758	H@1 0.726368	H@3 0.905473	H@5 0.967662	H@10 0.997512	H@20 1.000000	H@50 1.000000	H@100 1.000000
INFO:kbc-cli.py:Epoch 37/100	Loss 7.6482 ± 0.1647
INFO:kbc-cli.py:Epoch 38/100	Loss 7.6426 ± 0.1398
INFO:kbc-cli.py:Epoch 39/100	Loss 7.6380 ± 0.1379
INFO:kbc-cli.py:Epoch 39/100	dev results	MRR 0.771675	H@1 0.648241	H@3 0.861809	H@5 0.967337	H@10 0.994975	H@20 1.000000	H@50 1.000000	H@100 1.000000
INFO:kbc-cli.py:Epoch 39/100	test results	MRR 0.826634	H@1 0.723881	H@3 0.915423	H@5 0.967662	H@10 0.997512	H@20 1.000000	H@50 1.000000	H@100 1.000000
INFO:kbc-cli.py:Epoch 40/100	Loss 7.6378 ± 0.2052
INFO:kbc-cli.py:Epoch 41/100	Loss 7.6391 ± 0.2091
INFO:kbc-cli.py:Epoch 42/100	Loss 7.6313 ± 0.1668
INFO:kbc-cli.py:Epoch 42/100	dev results	MRR 0.769731	H@1 0.643216	H@3 0.864322	H@5 0.967337	H@10 0.994975	H@20 1.000000	H@50 1.000000	H@100 1.000000
INFO:kbc-cli.py:Epoch 42/100	test results	MRR 0.828285	H@1 0.726368	H@3 0.915423	H@5 0.967662	H@10 0.997512	H@20 1.000000	H@50 1.000000	H@100 1.000000
INFO:kbc-cli.py:Epoch 43/100	Loss 7.6295 ± 0.1719
INFO:kbc-cli.py:Epoch 44/100	Loss 7.6249 ± 0.2251
INFO:kbc-cli.py:Epoch 45/100	Loss 7.6234 ± 0.1542
INFO:kbc-cli.py:Epoch 45/100	dev results	MRR 0.768618	H@1 0.640704	H@3 0.859296	H@5 0.969849	H@10 0.994975	H@20 1.000000	H@50 1.000000	H@100 1.000000
INFO:kbc-cli.py:Epoch 45/100	test results	MRR 0.823321	H@1 0.718905	H@3 0.910448	H@5 0.970149	H@10 0.997512	H@20 1.000000	H@50 1.000000	H@100 1.000000
INFO:kbc-cli.py:Epoch 46/100	Loss 7.6206 ± 0.1833
INFO:kbc-cli.py:Epoch 47/100	Loss 7.6184 ± 0.1656
INFO:kbc-cli.py:Epoch 48/100	Loss 7.6149 ± 0.1469
INFO:kbc-cli.py:Epoch 48/100	dev results	MRR 0.768471	H@1 0.638191	H@3 0.859296	H@5 0.967337	H@10 0.994975	H@20 1.000000	H@50 1.000000	H@100 1.000000
INFO:kbc-cli.py:Epoch 48/100	test results	MRR 0.819056	H@1 0.706468	H@3 0.912935	H@5 0.970149	H@10 0.997512	H@20 1.000000	H@50 1.000000	H@100 1.000000
INFO:kbc-cli.py:Epoch 49/100	Loss 7.6143 ± 0.1485
INFO:kbc-cli.py:Epoch 50/100	Loss 7.6112 ± 0.1306
INFO:kbc-cli.py:Epoch 51/100	Loss 7.6102 ± 0.1534
INFO:kbc-cli.py:Epoch 51/100	dev results	MRR 0.768615	H@1 0.640704	H@3 0.854271	H@5 0.969849	H@10 0.994975	H@20 1.000000	H@50 1.000000	H@100 1.000000
INFO:kbc-cli.py:Epoch 51/100	test results	MRR 0.819021	H@1 0.708955	H@3 0.915423	H@5 0.967662	H@10 0.997512	H@20 1.000000	H@50 1.000000	H@100 1.000000
INFO:kbc-cli.py:Epoch 52/100	Loss 7.6086 ± 0.1436
INFO:kbc-cli.py:Epoch 53/100	Loss 7.6067 ± 0.1803
INFO:kbc-cli.py:Epoch 54/100	Loss 7.6044 ± 0.1578
INFO:kbc-cli.py:Epoch 54/100	dev results	MRR 0.764451	H@1 0.633166	H@3 0.861809	H@5 0.969849	H@10 0.994975	H@20 1.000000	H@50 1.000000	H@100 1.000000
INFO:kbc-cli.py:Epoch 54/100	test results	MRR 0.822925	H@1 0.713930	H@3 0.915423	H@5 0.970149	H@10 0.997512	H@20 1.000000	H@50 1.000000	H@100 1.000000
INFO:kbc-cli.py:Epoch 55/100	Loss 7.6023 ± 0.1885
INFO:kbc-cli.py:Epoch 56/100	Loss 7.5992 ± 0.1538
INFO:kbc-cli.py:Epoch 57/100	Loss 7.5970 ± 0.1431
INFO:kbc-cli.py:Epoch 57/100	dev results	MRR 0.765370	H@1 0.635678	H@3 0.859296	H@5 0.967337	H@10 0.994975	H@20 1.000000	H@50 1.000000	H@100 1.000000
INFO:kbc-cli.py:Epoch 57/100	test results	MRR 0.824035	H@1 0.718905	H@3 0.915423	H@5 0.970149	H@10 0.997512	H@20 1.000000	H@50 1.000000	H@100 1.000000
INFO:kbc-cli.py:Epoch 58/100	Loss 7.5968 ± 0.1879
INFO:kbc-cli.py:Epoch 59/100	Loss 7.5938 ± 0.1635
INFO:kbc-cli.py:Epoch 60/100	Loss 7.5928 ± 0.1554
INFO:kbc-cli.py:Epoch 60/100	dev results	MRR 0.767128	H@1 0.638191	H@3 0.864322	H@5 0.969849	H@10 0.994975	H@20 1.000000	H@50 1.000000	H@100 1.000000
INFO:kbc-cli.py:Epoch 60/100	test results	MRR 0.827036	H@1 0.723881	H@3 0.917910	H@5 0.967662	H@10 0.997512	H@20 1.000000	H@50 1.000000	H@100 1.000000
INFO:kbc-cli.py:Epoch 61/100	Loss 7.5919 ± 0.1667
INFO:kbc-cli.py:Epoch 62/100	Loss 7.5906 ± 0.1991
INFO:kbc-cli.py:Epoch 63/100	Loss 7.5877 ± 0.1608
INFO:kbc-cli.py:Epoch 63/100	dev results	MRR 0.769438	H@1 0.640704	H@3 0.861809	H@5 0.967337	H@10 0.994975	H@20 1.000000	H@50 1.000000	H@100 1.000000
INFO:kbc-cli.py:Epoch 63/100	test results	MRR 0.825382	H@1 0.721393	H@3 0.917910	H@5 0.970149	H@10 0.997512	H@20 1.000000	H@50 1.000000	H@100 1.000000
INFO:kbc-cli.py:Epoch 64/100	Loss 7.5857 ± 0.1621
INFO:kbc-cli.py:Epoch 65/100	Loss 7.5864 ± 0.1549
INFO:kbc-cli.py:Epoch 66/100	Loss 7.5847 ± 0.1793
INFO:kbc-cli.py:Epoch 66/100	dev results	MRR 0.763892	H@1 0.630653	H@3 0.869347	H@5 0.967337	H@10 0.997487	H@20 1.000000	H@50 1.000000	H@100 1.000000
INFO:kbc-cli.py:Epoch 66/100	test results	MRR 0.822218	H@1 0.713930	H@3 0.920398	H@5 0.972637	H@10 0.997512	H@20 1.000000	H@50 1.000000	H@100 1.000000
INFO:kbc-cli.py:Epoch 67/100	Loss 7.5800 ± 0.1816
INFO:kbc-cli.py:Epoch 68/100	Loss 7.5818 ± 0.1620
INFO:kbc-cli.py:Epoch 69/100	Loss 7.5774 ± 0.1493
INFO:kbc-cli.py:Epoch 69/100	dev results	MRR 0.762968	H@1 0.628141	H@3 0.869347	H@5 0.967337	H@10 0.994975	H@20 1.000000	H@50 1.000000	H@100 1.000000
INFO:kbc-cli.py:Epoch 69/100	test results	MRR 0.826170	H@1 0.721393	H@3 0.917910	H@5 0.972637	H@10 0.997512	H@20 1.000000	H@50 1.000000	H@100 1.000000
INFO:kbc-cli.py:Epoch 70/100	Loss 7.5780 ± 0.1540
INFO:kbc-cli.py:Epoch 71/100	Loss 7.5771 ± 0.1526
INFO:kbc-cli.py:Epoch 72/100	Loss 7.5755 ± 0.1384
INFO:kbc-cli.py:Epoch 72/100	dev results	MRR 0.760953	H@1 0.625628	H@3 0.864322	H@5 0.967337	H@10 0.994975	H@20 1.000000	H@50 1.000000	H@100 1.000000
INFO:kbc-cli.py:Epoch 72/100	test results	MRR 0.826495	H@1 0.723881	H@3 0.917910	H@5 0.970149	H@10 0.997512	H@20 1.000000	H@50 1.000000	H@100 1.000000
INFO:kbc-cli.py:Epoch 73/100	Loss 7.5735 ± 0.1747
INFO:kbc-cli.py:Epoch 74/100	Loss 7.5729 ± 0.1504
INFO:kbc-cli.py:Epoch 75/100	Loss 7.5710 ± 0.1584
INFO:kbc-cli.py:Epoch 75/100	dev results	MRR 0.762049	H@1 0.628141	H@3 0.864322	H@5 0.967337	H@10 0.994975	H@20 1.000000	H@50 1.000000	H@100 1.000000
INFO:kbc-cli.py:Epoch 75/100	test results	MRR 0.829289	H@1 0.728856	H@3 0.917910	H@5 0.967662	H@10 0.997512	H@20 1.000000	H@50 1.000000	H@100 1.000000
INFO:kbc-cli.py:Epoch 76/100	Loss 7.5700 ± 0.1557
INFO:kbc-cli.py:Epoch 77/100	Loss 7.5703 ± 0.1655
INFO:kbc-cli.py:Epoch 78/100	Loss 7.5668 ± 0.1237
INFO:kbc-cli.py:Epoch 78/100	dev results	MRR 0.762317	H@1 0.628141	H@3 0.864322	H@5 0.967337	H@10 0.994975	H@20 1.000000	H@50 1.000000	H@100 1.000000
INFO:kbc-cli.py:Epoch 78/100	test results	MRR 0.825143	H@1 0.718905	H@3 0.920398	H@5 0.970149	H@10 0.997512	H@20 1.000000	H@50 1.000000	H@100 1.000000
INFO:kbc-cli.py:Epoch 79/100	Loss 7.5674 ± 0.1609
INFO:kbc-cli.py:Epoch 80/100	Loss 7.5655 ± 0.1506
INFO:kbc-cli.py:Epoch 81/100	Loss 7.5640 ± 0.1658
INFO:kbc-cli.py:Epoch 81/100	dev results	MRR 0.767703	H@1 0.638191	H@3 0.866834	H@5 0.969849	H@10 0.997487	H@20 1.000000	H@50 1.000000	H@100 1.000000
INFO:kbc-cli.py:Epoch 81/100	test results	MRR 0.824764	H@1 0.716418	H@3 0.922886	H@5 0.977612	H@10 0.997512	H@20 1.000000	H@50 1.000000	H@100 1.000000
INFO:kbc-cli.py:Epoch 82/100	Loss 7.5643 ± 0.1331
INFO:kbc-cli.py:Epoch 83/100	Loss 7.5628 ± 0.1488
INFO:kbc-cli.py:Epoch 84/100	Loss 7.5634 ± 0.1709
INFO:kbc-cli.py:Epoch 84/100	dev results	MRR 0.767553	H@1 0.638191	H@3 0.864322	H@5 0.969849	H@10 0.997487	H@20 1.000000	H@50 1.000000	H@100 1.000000
INFO:kbc-cli.py:Epoch 84/100	test results	MRR 0.822899	H@1 0.713930	H@3 0.920398	H@5 0.975124	H@10 0.997512	H@20 1.000000	H@50 1.000000	H@100 1.000000
INFO:kbc-cli.py:Epoch 85/100	Loss 7.5618 ± 0.1804
INFO:kbc-cli.py:Epoch 86/100	Loss 7.5595 ± 0.1335
INFO:kbc-cli.py:Epoch 87/100	Loss 7.5567 ± 0.1621
INFO:kbc-cli.py:Epoch 87/100	dev results	MRR 0.764729	H@1 0.630653	H@3 0.866834	H@5 0.969849	H@10 0.997487	H@20 1.000000	H@50 1.000000	H@100 1.000000
INFO:kbc-cli.py:Epoch 87/100	test results	MRR 0.820767	H@1 0.708955	H@3 0.920398	H@5 0.975124	H@10 0.997512	H@20 1.000000	H@50 1.000000	H@100 1.000000
INFO:kbc-cli.py:Epoch 88/100	Loss 7.5558 ± 0.1608
INFO:kbc-cli.py:Epoch 89/100	Loss 7.5564 ± 0.1434
INFO:kbc-cli.py:Epoch 90/100	Loss 7.5573 ± 0.1381
INFO:kbc-cli.py:Epoch 90/100	dev results	MRR 0.766153	H@1 0.635678	H@3 0.866834	H@5 0.969849	H@10 0.997487	H@20 1.000000	H@50 1.000000	H@100 1.000000
INFO:kbc-cli.py:Epoch 90/100	test results	MRR 0.824456	H@1 0.716418	H@3 0.920398	H@5 0.972637	H@10 0.997512	H@20 1.000000	H@50 1.000000	H@100 1.000000
INFO:kbc-cli.py:Epoch 91/100	Loss 7.5545 ± 0.1499
INFO:kbc-cli.py:Epoch 92/100	Loss 7.5548 ± 0.1780
INFO:kbc-cli.py:Epoch 93/100	Loss 7.5538 ± 0.1488
INFO:kbc-cli.py:Epoch 93/100	dev results	MRR 0.764287	H@1 0.630653	H@3 0.871859	H@5 0.969849	H@10 0.997487	H@20 1.000000	H@50 1.000000	H@100 1.000000
INFO:kbc-cli.py:Epoch 93/100	test results	MRR 0.821465	H@1 0.711443	H@3 0.920398	H@5 0.970149	H@10 0.997512	H@20 1.000000	H@50 1.000000	H@100 1.000000
INFO:kbc-cli.py:Epoch 94/100	Loss 7.5547 ± 0.1339
INFO:kbc-cli.py:Epoch 95/100	Loss 7.5507 ± 0.1471
INFO:kbc-cli.py:Epoch 96/100	Loss 7.5510 ± 0.1512
INFO:kbc-cli.py:Epoch 96/100	dev results	MRR 0.763868	H@1 0.630653	H@3 0.869347	H@5 0.972362	H@10 0.997487	H@20 1.000000	H@50 1.000000	H@100 1.000000
INFO:kbc-cli.py:Epoch 96/100	test results	MRR 0.824653	H@1 0.716418	H@3 0.922886	H@5 0.975124	H@10 0.997512	H@20 1.000000	H@50 1.000000	H@100 1.000000
INFO:kbc-cli.py:Epoch 97/100	Loss 7.5519 ± 0.1853
INFO:kbc-cli.py:Epoch 98/100	Loss 7.5511 ± 0.1520
INFO:kbc-cli.py:Epoch 99/100	Loss 7.5488 ± 0.1589
INFO:kbc-cli.py:Epoch 99/100	dev results	MRR 0.762947	H@1 0.630653	H@3 0.869347	H@5 0.969849	H@10 0.997487	H@20 1.000000	H@50 1.000000	H@100 1.000000
INFO:kbc-cli.py:Epoch 99/100	test results	MRR 0.823063	H@1 0.713930	H@3 0.920398	H@5 0.972637	H@10 0.997512	H@20 1.000000	H@50 1.000000	H@100 1.000000
INFO:kbc-cli.py:Epoch 100/100	Loss 7.5483 ± 0.1518
INFO:kbc-cli.py:Final 	dev results	MRR 0.761631	H@1 0.628141	H@3 0.869347	H@5 0.969849	H@10 0.997487	H@20 1.000000	H@50 1.000000	H@100 1.000000
INFO:kbc-cli.py:Final 	test results	MRR 0.824514	H@1 0.716418	H@3 0.922886	H@5 0.972637	H@10 0.997512	H@20 1.000000	H@50 1.000000	H@100 1.000000
INFO:kbc-cli.py:Training finished
