./bin/kbc-cli.py --train data/kinship/train.tsv --dev data/kinship/dev.tsv --test data/kinship/test.tsv -m complex -k 200 -b 500 -e 100 --F2 0 --N3 0.5 -l 0.1 -I standard -V 3 -o adagrad -c spo -q
{'F2': 0.0,
 'N3': 0.5,
 'batch_size': 500,
 'corruption': 'spo',
 'dev': 'data/kinship/dev.tsv',
 'embedding_size': 200,
 'epochs': 100,
 'eval_batch_size': None,
 'input_type': 'standard',
 'learning_rate': 0.1,
 'load': None,
 'model': 'complex',
 'optimizer': 'adagrad',
 'quiet': True,
 'save': None,
 'seed': 0,
 'test': 'data/kinship/test.tsv',
 'test_i': None,
 'test_ii': None,
 'train': 'data/kinship/train.tsv',
 'validate_every': 3}
INFO:kbc-cli.py:Device: cuda
INFO:kbc-cli.py:Model state:
INFO:kbc-cli.py:	entities.weight	torch.Size([104, 400])
INFO:kbc-cli.py:	predicates.weight	torch.Size([25, 400])
INFO:kbc-cli.py:Epoch 1/100	Loss 12.5721 ± 0.1921
INFO:kbc-cli.py:Epoch 2/100	Loss 12.4452 ± 0.1059
INFO:kbc-cli.py:Epoch 3/100	Loss 11.9143 ± 0.1332
INFO:kbc-cli.py:Epoch 3/100	dev results	MRR 0.217969	H@1 0.070693	H@3 0.206461	H@5 0.340824	H@10 0.603933	H@20 0.927434	H@50 0.994850	H@100 1.000000
INFO:kbc-cli.py:Epoch 3/100	test results	MRR 0.207613	H@1 0.059590	H@3 0.190875	H@5 0.324488	H@10 0.617318	H@20 0.926909	H@50 0.996741	H@100 1.000000
INFO:kbc-cli.py:Epoch 4/100	Loss 11.8020 ± 0.0346
INFO:kbc-cli.py:Epoch 5/100	Loss 11.7299 ± 0.0578
INFO:kbc-cli.py:Epoch 6/100	Loss 11.6879 ± 0.0316
INFO:kbc-cli.py:Epoch 6/100	dev results	MRR 0.216932	H@1 0.068820	H@3 0.201311	H@5 0.332865	H@10 0.611423	H@20 0.939607	H@50 0.992509	H@100 1.000000
INFO:kbc-cli.py:Epoch 6/100	test results	MRR 0.204661	H@1 0.058659	H@3 0.179702	H@5 0.316574	H@10 0.589385	H@20 0.925512	H@50 0.995810	H@100 1.000000
INFO:kbc-cli.py:Epoch 7/100	Loss 11.6870 ± 0.0338
INFO:kbc-cli.py:Epoch 8/100	Loss 11.6936 ± 0.0628
INFO:kbc-cli.py:Epoch 9/100	Loss 11.6792 ± 0.0278
INFO:kbc-cli.py:Epoch 9/100	dev results	MRR 0.228904	H@1 0.094101	H@3 0.206461	H@5 0.328184	H@10 0.595974	H@20 0.941948	H@50 0.993446	H@100 1.000000
INFO:kbc-cli.py:Epoch 9/100	test results	MRR 0.232543	H@1 0.097765	H@3 0.210894	H@5 0.339851	H@10 0.585196	H@20 0.938082	H@50 0.997207	H@100 1.000000
INFO:kbc-cli.py:Epoch 10/100	Loss 11.6729 ± 0.0426
INFO:kbc-cli.py:Epoch 11/100	Loss 11.6741 ± 0.0352
INFO:kbc-cli.py:Epoch 12/100	Loss 11.6721 ± 0.0541
INFO:kbc-cli.py:Epoch 12/100	dev results	MRR 0.216727	H@1 0.073502	H@3 0.191479	H@5 0.340824	H@10 0.625936	H@20 0.926030	H@50 0.993914	H@100 1.000000
INFO:kbc-cli.py:Epoch 12/100	test results	MRR 0.215133	H@1 0.073557	H@3 0.192737	H@5 0.332868	H@10 0.611732	H@20 0.921322	H@50 0.996276	H@100 1.000000
INFO:kbc-cli.py:Epoch 13/100	Loss 11.6686 ± 0.0557
INFO:kbc-cli.py:Epoch 14/100	Loss 11.6772 ± 0.0326
INFO:kbc-cli.py:Epoch 15/100	Loss 11.6812 ± 0.0358
INFO:kbc-cli.py:Epoch 15/100	dev results	MRR 0.221653	H@1 0.077247	H@3 0.212079	H@5 0.339419	H@10 0.611891	H@20 0.931180	H@50 0.992978	H@100 1.000000
INFO:kbc-cli.py:Epoch 15/100	test results	MRR 0.229993	H@1 0.084730	H@3 0.227654	H@5 0.352421	H@10 0.608473	H@20 0.928305	H@50 0.996741	H@100 1.000000
INFO:kbc-cli.py:Epoch 16/100	Loss 11.6717 ± 0.0459
INFO:kbc-cli.py:Epoch 17/100	Loss 11.6762 ± 0.0317
INFO:kbc-cli.py:Epoch 18/100	Loss 11.6825 ± 0.0338
INFO:kbc-cli.py:Epoch 18/100	dev results	MRR 0.226459	H@1 0.072097	H@3 0.240169	H@5 0.362828	H@10 0.583333	H@20 0.936330	H@50 0.993914	H@100 1.000000
INFO:kbc-cli.py:Epoch 18/100	test results	MRR 0.226594	H@1 0.072160	H@3 0.242086	H@5 0.347765	H@10 0.574953	H@20 0.921788	H@50 0.995345	H@100 1.000000
INFO:kbc-cli.py:Epoch 19/100	Loss 11.6769 ± 0.0207
INFO:kbc-cli.py:Epoch 20/100	Loss 11.6710 ± 0.0410
INFO:kbc-cli.py:Epoch 21/100	Loss 11.6818 ± 0.0437
INFO:kbc-cli.py:Epoch 21/100	dev results	MRR 0.234830	H@1 0.089419	H@3 0.222378	H@5 0.358614	H@10 0.589888	H@20 0.936330	H@50 0.992509	H@100 0.999532
INFO:kbc-cli.py:Epoch 21/100	test results	MRR 0.235031	H@1 0.096834	H@3 0.212291	H@5 0.339851	H@10 0.587058	H@20 0.935754	H@50 0.995810	H@100 1.000000
INFO:kbc-cli.py:Epoch 22/100	Loss 11.6793 ± 0.0412
INFO:kbc-cli.py:Epoch 23/100	Loss 11.6843 ± 0.0472
INFO:kbc-cli.py:Epoch 24/100	Loss 11.6796 ± 0.0398
INFO:kbc-cli.py:Epoch 24/100	dev results	MRR 0.215507	H@1 0.064607	H@3 0.202715	H@5 0.370318	H@10 0.601124	H@20 0.930712	H@50 0.992978	H@100 0.999532
INFO:kbc-cli.py:Epoch 24/100	test results	MRR 0.204097	H@1 0.052607	H@3 0.184358	H@5 0.356611	H@10 0.599628	H@20 0.931099	H@50 0.997207	H@100 1.000000
INFO:kbc-cli.py:Epoch 25/100	Loss 11.6746 ± 0.0376
INFO:kbc-cli.py:Epoch 26/100	Loss 11.6749 ± 0.0310
INFO:kbc-cli.py:Epoch 27/100	Loss 11.6797 ± 0.0284
INFO:kbc-cli.py:Epoch 27/100	dev results	MRR 0.218921	H@1 0.071629	H@3 0.216292	H@5 0.346910	H@10 0.596910	H@20 0.941479	H@50 0.993446	H@100 1.000000
INFO:kbc-cli.py:Epoch 27/100	test results	MRR 0.211475	H@1 0.066574	H@3 0.200186	H@5 0.332402	H@10 0.582868	H@20 0.928771	H@50 0.995810	H@100 1.000000
INFO:kbc-cli.py:Epoch 28/100	Loss 11.6805 ± 0.0406
INFO:kbc-cli.py:Epoch 29/100	Loss 11.6743 ± 0.0400
INFO:kbc-cli.py:Epoch 30/100	Loss 11.6876 ± 0.0599
INFO:kbc-cli.py:Epoch 30/100	dev results	MRR 0.206521	H@1 0.050094	H@3 0.200375	H@5 0.353933	H@10 0.590824	H@20 0.933521	H@50 0.992978	H@100 1.000000
INFO:kbc-cli.py:Epoch 30/100	test results	MRR 0.211841	H@1 0.060521	H@3 0.199721	H@5 0.356611	H@10 0.605214	H@20 0.926909	H@50 0.996276	H@100 1.000000
INFO:kbc-cli.py:Epoch 31/100	Loss 11.6737 ± 0.0354
INFO:kbc-cli.py:Epoch 32/100	Loss 11.6744 ± 0.0277
INFO:kbc-cli.py:Epoch 33/100	Loss 11.6715 ± 0.0398
INFO:kbc-cli.py:Epoch 33/100	dev results	MRR 0.229527	H@1 0.074438	H@3 0.239700	H@5 0.357210	H@10 0.602060	H@20 0.926030	H@50 0.992509	H@100 1.000000
INFO:kbc-cli.py:Epoch 33/100	test results	MRR 0.228494	H@1 0.080074	H@3 0.233706	H@5 0.349162	H@10 0.582402	H@20 0.920857	H@50 0.994879	H@100 1.000000
INFO:kbc-cli.py:Epoch 34/100	Loss 11.6757 ± 0.0400
INFO:kbc-cli.py:Epoch 35/100	Loss 11.6676 ± 0.0473
INFO:kbc-cli.py:Epoch 36/100	Loss 11.6745 ± 0.0377
INFO:kbc-cli.py:Epoch 36/100	dev results	MRR 0.216046	H@1 0.063202	H@3 0.214419	H@5 0.356273	H@10 0.605337	H@20 0.933989	H@50 0.992509	H@100 1.000000
INFO:kbc-cli.py:Epoch 36/100	test results	MRR 0.213715	H@1 0.061453	H@3 0.209963	H@5 0.351955	H@10 0.601490	H@20 0.918063	H@50 0.995810	H@100 1.000000
INFO:kbc-cli.py:Epoch 37/100	Loss 11.6829 ± 0.0446
INFO:kbc-cli.py:Epoch 38/100	Loss 11.6772 ± 0.0309
INFO:kbc-cli.py:Epoch 39/100	Loss 11.6730 ± 0.0399
INFO:kbc-cli.py:Epoch 39/100	dev results	MRR 0.222473	H@1 0.075375	H@3 0.213483	H@5 0.349251	H@10 0.601124	H@20 0.924625	H@50 0.993446	H@100 1.000000
INFO:kbc-cli.py:Epoch 39/100	test results	MRR 0.230436	H@1 0.087058	H@3 0.211825	H@5 0.346834	H@10 0.614060	H@20 0.924115	H@50 0.995810	H@100 1.000000
INFO:kbc-cli.py:Epoch 40/100	Loss 11.6776 ± 0.0331
INFO:kbc-cli.py:Epoch 41/100	Loss 11.6749 ± 0.0301
INFO:kbc-cli.py:Epoch 42/100	Loss 11.6757 ± 0.0286
INFO:kbc-cli.py:Epoch 42/100	dev results	MRR 0.222719	H@1 0.078652	H@3 0.206929	H@5 0.338951	H@10 0.602528	H@20 0.927434	H@50 0.993914	H@100 1.000000
INFO:kbc-cli.py:Epoch 42/100	test results	MRR 0.217791	H@1 0.073557	H@3 0.210428	H@5 0.340317	H@10 0.593575	H@20 0.924581	H@50 0.995810	H@100 1.000000
INFO:kbc-cli.py:Epoch 43/100	Loss 11.6701 ± 0.0459
INFO:kbc-cli.py:Epoch 44/100	Loss 11.6757 ± 0.0287
INFO:kbc-cli.py:Epoch 45/100	Loss 11.6793 ± 0.0235
INFO:kbc-cli.py:Epoch 45/100	dev results	MRR 0.228568	H@1 0.081929	H@3 0.216292	H@5 0.356742	H@10 0.606742	H@20 0.933989	H@50 0.993446	H@100 1.000000
INFO:kbc-cli.py:Epoch 45/100	test results	MRR 0.220593	H@1 0.072626	H@3 0.216015	H@5 0.353818	H@10 0.599162	H@20 0.928305	H@50 0.996276	H@100 1.000000
INFO:kbc-cli.py:Epoch 46/100	Loss 11.6681 ± 0.0497
INFO:kbc-cli.py:Epoch 47/100	Loss 11.6749 ± 0.0305
INFO:kbc-cli.py:Epoch 48/100	Loss 11.6681 ± 0.0435
INFO:kbc-cli.py:Epoch 48/100	dev results	MRR 0.223795	H@1 0.079588	H@3 0.210674	H@5 0.335206	H@10 0.574906	H@20 0.937266	H@50 0.993914	H@100 1.000000
INFO:kbc-cli.py:Epoch 48/100	test results	MRR 0.238066	H@1 0.093110	H@3 0.231844	H@5 0.352421	H@10 0.572626	H@20 0.936220	H@50 0.995810	H@100 1.000000
INFO:kbc-cli.py:Epoch 49/100	Loss 11.6717 ± 0.0371
INFO:kbc-cli.py:Epoch 50/100	Loss 11.6744 ± 0.0255
INFO:kbc-cli.py:Epoch 51/100	Loss 11.6775 ± 0.0327
INFO:kbc-cli.py:Epoch 51/100	dev results	MRR 0.247968	H@1 0.113296	H@3 0.237828	H@5 0.345506	H@10 0.577247	H@20 0.935861	H@50 0.992509	H@100 1.000000
INFO:kbc-cli.py:Epoch 51/100	test results	MRR 0.237724	H@1 0.100093	H@3 0.226723	H@5 0.350093	H@10 0.579143	H@20 0.927374	H@50 0.996276	H@100 1.000000
INFO:kbc-cli.py:Epoch 52/100	Loss 11.6706 ± 0.0421
INFO:kbc-cli.py:Epoch 53/100	Loss 11.6786 ± 0.0314
INFO:kbc-cli.py:Epoch 54/100	Loss 11.6770 ± 0.0319
INFO:kbc-cli.py:Epoch 54/100	dev results	MRR 0.214327	H@1 0.057584	H@3 0.219569	H@5 0.359082	H@10 0.602996	H@20 0.940075	H@50 0.993914	H@100 0.999532
INFO:kbc-cli.py:Epoch 54/100	test results	MRR 0.208479	H@1 0.052607	H@3 0.217412	H@5 0.355680	H@10 0.599162	H@20 0.934358	H@50 0.996276	H@100 1.000000
INFO:kbc-cli.py:Epoch 55/100	Loss 11.6741 ± 0.0263
INFO:kbc-cli.py:Epoch 56/100	Loss 11.6695 ± 0.0406
INFO:kbc-cli.py:Epoch 57/100	Loss 11.6750 ± 0.0270
INFO:kbc-cli.py:Epoch 57/100	dev results	MRR 0.217021	H@1 0.069288	H@3 0.210206	H@5 0.339888	H@10 0.603464	H@20 0.941011	H@50 0.993446	H@100 1.000000
INFO:kbc-cli.py:Epoch 57/100	test results	MRR 0.208928	H@1 0.061918	H@3 0.199721	H@5 0.327747	H@10 0.586592	H@20 0.930168	H@50 0.996276	H@100 1.000000
INFO:kbc-cli.py:Epoch 58/100	Loss 11.6713 ± 0.0375
INFO:kbc-cli.py:Epoch 59/100	Loss 11.6793 ± 0.0371
INFO:kbc-cli.py:Epoch 60/100	Loss 11.6718 ± 0.0355
INFO:kbc-cli.py:Epoch 60/100	dev results	MRR 0.224052	H@1 0.075375	H@3 0.223315	H@5 0.346442	H@10 0.592228	H@20 0.930243	H@50 0.993446	H@100 1.000000
INFO:kbc-cli.py:Epoch 60/100	test results	MRR 0.228540	H@1 0.083799	H@3 0.227654	H@5 0.342644	H@10 0.595903	H@20 0.916201	H@50 0.995810	H@100 1.000000
INFO:kbc-cli.py:Epoch 61/100	Loss 11.6758 ± 0.0258
INFO:kbc-cli.py:Epoch 62/100	Loss 11.6711 ± 0.0427
INFO:kbc-cli.py:Epoch 63/100	Loss 11.6814 ± 0.0427
INFO:kbc-cli.py:Epoch 63/100	dev results	MRR 0.245065	H@1 0.106742	H@3 0.239232	H@5 0.354869	H@10 0.588951	H@20 0.921348	H@50 0.993446	H@100 1.000000
INFO:kbc-cli.py:Epoch 63/100	test results	MRR 0.250586	H@1 0.108939	H@3 0.255121	H@5 0.369646	H@10 0.599162	H@20 0.921322	H@50 0.995810	H@100 1.000000
INFO:kbc-cli.py:Epoch 64/100	Loss 11.6729 ± 0.0369
INFO:kbc-cli.py:Epoch 65/100	Loss 11.6662 ± 0.0557
INFO:kbc-cli.py:Epoch 66/100	Loss 11.6734 ± 0.0348
INFO:kbc-cli.py:Epoch 66/100	dev results	MRR 0.226678	H@1 0.066948	H@3 0.249532	H@5 0.367041	H@10 0.592228	H@20 0.933989	H@50 0.994382	H@100 1.000000
INFO:kbc-cli.py:Epoch 66/100	test results	MRR 0.236446	H@1 0.083333	H@3 0.250931	H@5 0.354749	H@10 0.587523	H@20 0.932030	H@50 0.996741	H@100 1.000000
INFO:kbc-cli.py:Epoch 67/100	Loss 11.6768 ± 0.0353
INFO:kbc-cli.py:Epoch 68/100	Loss 11.6690 ± 0.0460
INFO:kbc-cli.py:Epoch 69/100	Loss 11.6688 ± 0.0374
INFO:kbc-cli.py:Epoch 69/100	dev results	MRR 0.238156	H@1 0.092697	H@3 0.250936	H@5 0.364700	H@10 0.588483	H@20 0.933052	H@50 0.993446	H@100 1.000000
INFO:kbc-cli.py:Epoch 69/100	test results	MRR 0.242225	H@1 0.096369	H@3 0.254190	H@5 0.364991	H@10 0.597765	H@20 0.923184	H@50 0.996276	H@100 1.000000
INFO:kbc-cli.py:Epoch 70/100	Loss 11.6754 ± 0.0274
INFO:kbc-cli.py:Epoch 71/100	Loss 11.6720 ± 0.0362
INFO:kbc-cli.py:Epoch 72/100	Loss 11.6732 ± 0.0389
INFO:kbc-cli.py:Epoch 72/100	dev results	MRR 0.253677	H@1 0.107678	H@3 0.257022	H@5 0.374532	H@10 0.606273	H@20 0.937266	H@50 0.993446	H@100 1.000000
INFO:kbc-cli.py:Epoch 72/100	test results	MRR 0.252011	H@1 0.106145	H@3 0.254190	H@5 0.372439	H@10 0.598231	H@20 0.934358	H@50 0.997207	H@100 1.000000
INFO:kbc-cli.py:Epoch 73/100	Loss 11.6827 ± 0.0400
INFO:kbc-cli.py:Epoch 74/100	Loss 11.6754 ± 0.0337
INFO:kbc-cli.py:Epoch 75/100	Loss 11.6737 ± 0.0298
INFO:kbc-cli.py:Epoch 75/100	dev results	MRR 0.296127	H@1 0.128277	H@3 0.338483	H@5 0.473315	H@10 0.680243	H@20 0.951779	H@50 0.993914	H@100 1.000000
INFO:kbc-cli.py:Epoch 75/100	test results	MRR 0.293920	H@1 0.132216	H@3 0.323557	H@5 0.451117	H@10 0.675978	H@20 0.951117	H@50 0.996276	H@100 1.000000
INFO:kbc-cli.py:Epoch 76/100	Loss 11.6683 ± 0.0410
INFO:kbc-cli.py:Epoch 77/100	Loss 11.6675 ± 0.0501
INFO:kbc-cli.py:Epoch 78/100	Loss 11.6691 ± 0.0408
INFO:kbc-cli.py:Epoch 78/100	dev results	MRR 0.434325	H@1 0.278090	H@3 0.478464	H@5 0.600655	H@10 0.820225	H@20 0.965824	H@50 0.992978	H@100 1.000000
INFO:kbc-cli.py:Epoch 78/100	test results	MRR 0.413869	H@1 0.250000	H@3 0.473464	H@5 0.590317	H@10 0.804004	H@20 0.959497	H@50 0.996276	H@100 1.000000
INFO:kbc-cli.py:Epoch 79/100	Loss 11.6733 ± 0.0392
INFO:kbc-cli.py:Epoch 80/100	Loss 11.6770 ± 0.0256
INFO:kbc-cli.py:Epoch 81/100	Loss 11.6799 ± 0.0396
INFO:kbc-cli.py:Epoch 81/100	dev results	MRR 0.436493	H@1 0.272940	H@3 0.499064	H@5 0.624064	H@10 0.812734	H@20 0.967228	H@50 0.993446	H@100 1.000000
INFO:kbc-cli.py:Epoch 81/100	test results	MRR 0.419409	H@1 0.254655	H@3 0.486965	H@5 0.607542	H@10 0.806331	H@20 0.962291	H@50 0.996276	H@100 1.000000
INFO:kbc-cli.py:Epoch 82/100	Loss 11.6656 ± 0.0426
INFO:kbc-cli.py:Epoch 83/100	Loss 11.6628 ± 0.0547
INFO:kbc-cli.py:Epoch 84/100	Loss 11.6893 ± 0.0831
INFO:kbc-cli.py:Epoch 84/100	dev results	MRR 0.452782	H@1 0.287921	H@3 0.514981	H@5 0.654026	H@10 0.840824	H@20 0.971442	H@50 0.993446	H@100 1.000000
INFO:kbc-cli.py:Epoch 84/100	test results	MRR 0.435351	H@1 0.264898	H@3 0.502328	H@5 0.636872	H@10 0.827747	H@20 0.961825	H@50 0.995810	H@100 1.000000
INFO:kbc-cli.py:Epoch 85/100	Loss 11.6793 ± 0.0448
INFO:kbc-cli.py:Epoch 86/100	Loss 11.6760 ± 0.0350
INFO:kbc-cli.py:Epoch 87/100	Loss 11.6669 ± 0.0440
INFO:kbc-cli.py:Epoch 87/100	dev results	MRR 0.464421	H@1 0.295880	H@3 0.536049	H@5 0.668539	H@10 0.860019	H@20 0.971910	H@50 0.993446	H@100 1.000000
INFO:kbc-cli.py:Epoch 87/100	test results	MRR 0.451256	H@1 0.282123	H@3 0.522346	H@5 0.650838	H@10 0.844041	H@20 0.962291	H@50 0.995345	H@100 1.000000
INFO:kbc-cli.py:Epoch 88/100	Loss 11.6830 ± 0.0591
INFO:kbc-cli.py:Epoch 89/100	Loss 11.6740 ± 0.0285
INFO:kbc-cli.py:Epoch 90/100	Loss 11.6747 ± 0.0347
INFO:kbc-cli.py:Epoch 90/100	dev results	MRR 0.469413	H@1 0.306648	H@3 0.537921	H@5 0.661985	H@10 0.852996	H@20 0.970506	H@50 0.992978	H@100 1.000000
INFO:kbc-cli.py:Epoch 90/100	test results	MRR 0.456702	H@1 0.294693	H@3 0.527933	H@5 0.649907	H@10 0.841248	H@20 0.963687	H@50 0.995810	H@100 1.000000
INFO:kbc-cli.py:Epoch 91/100	Loss 11.6682 ± 0.0438
INFO:kbc-cli.py:Epoch 92/100	Loss 11.6745 ± 0.0333
INFO:kbc-cli.py:Epoch 93/100	Loss 11.6837 ± 0.0617
INFO:kbc-cli.py:Epoch 93/100	dev results	MRR 0.467718	H@1 0.297753	H@3 0.542603	H@5 0.677903	H@10 0.852060	H@20 0.970974	H@50 0.992978	H@100 1.000000
INFO:kbc-cli.py:Epoch 93/100	test results	MRR 0.457626	H@1 0.287709	H@3 0.527467	H@5 0.651304	H@10 0.842179	H@20 0.963687	H@50 0.995810	H@100 1.000000
INFO:kbc-cli.py:Epoch 94/100	Loss 11.6756 ± 0.0261
INFO:kbc-cli.py:Epoch 95/100	Loss 11.6651 ± 0.0416
INFO:kbc-cli.py:Epoch 96/100	Loss 11.6729 ± 0.0282
INFO:kbc-cli.py:Epoch 96/100	dev results	MRR 0.489791	H@1 0.338483	H@3 0.540730	H@5 0.672753	H@10 0.855337	H@20 0.970037	H@50 0.992978	H@100 1.000000
INFO:kbc-cli.py:Epoch 96/100	test results	MRR 0.466414	H@1 0.307728	H@3 0.525605	H@5 0.646648	H@10 0.840782	H@20 0.958566	H@50 0.995810	H@100 1.000000
INFO:kbc-cli.py:Epoch 97/100	Loss 11.6708 ± 0.0241
INFO:kbc-cli.py:Epoch 98/100	Loss 11.6822 ± 0.0628
INFO:kbc-cli.py:Epoch 99/100	Loss 11.6691 ± 0.0350
INFO:kbc-cli.py:Epoch 99/100	dev results	MRR 0.479038	H@1 0.320225	H@3 0.549157	H@5 0.678839	H@10 0.858146	H@20 0.970506	H@50 0.992978	H@100 0.999532
INFO:kbc-cli.py:Epoch 99/100	test results	MRR 0.462973	H@1 0.301210	H@3 0.529330	H@5 0.656425	H@10 0.845438	H@20 0.963687	H@50 0.995345	H@100 1.000000
INFO:kbc-cli.py:Epoch 100/100	Loss 11.6713 ± 0.0283
INFO:kbc-cli.py:Final 	dev results	MRR 0.483417	H@1 0.323502	H@3 0.544944	H@5 0.676966	H@10 0.854869	H@20 0.974251	H@50 0.992978	H@100 0.999532
INFO:kbc-cli.py:Final 	test results	MRR 0.465336	H@1 0.301676	H@3 0.533985	H@5 0.657821	H@10 0.845903	H@20 0.965549	H@50 0.995345	H@100 1.000000
INFO:kbc-cli.py:Training finished
