./bin/kbc-cli.py --train data/kinship/train.tsv --dev data/kinship/dev.tsv --test data/kinship/test.tsv -m complex -k 1000 -b 500 -e 100 --F2 0 --N3 0.005 -l 0.1 -I reciprocal -V 3 -o adagrad -c so -q
{'F2': 0.0,
 'N3': 0.005,
 'batch_size': 500,
 'corruption': 'so',
 'dev': 'data/kinship/dev.tsv',
 'embedding_size': 1000,
 'epochs': 100,
 'eval_batch_size': None,
 'input_type': 'reciprocal',
 'learning_rate': 0.1,
 'load': None,
 'model': 'complex',
 'optimizer': 'adagrad',
 'quiet': True,
 'save': None,
 'seed': 0,
 'test': 'data/kinship/test.tsv',
 'test_i': None,
 'test_ii': None,
 'train': 'data/kinship/train.tsv',
 'validate_every': 3}
INFO:kbc-cli.py:Device: cuda
INFO:kbc-cli.py:Model state:
INFO:kbc-cli.py:	entities.weight	torch.Size([104, 2000])
INFO:kbc-cli.py:	predicates.weight	torch.Size([50, 2000])
INFO:kbc-cli.py:Epoch 1/100	Loss 7.3643 ± 1.2271
INFO:kbc-cli.py:Epoch 2/100	Loss 5.5436 ± 0.1051
INFO:kbc-cli.py:Epoch 3/100	Loss 5.2654 ± 0.1456
INFO:kbc-cli.py:Epoch 3/100	dev results	MRR 0.856680	H@1 0.772940	H@3 0.936330	H@5 0.962547	H@10 0.978464	H@20 0.986891	H@50 0.992041	H@100 1.000000
INFO:kbc-cli.py:Epoch 3/100	test results	MRR 0.855439	H@1 0.767225	H@3 0.937616	H@5 0.970670	H@10 0.986965	H@20 0.993017	H@50 0.996741	H@100 1.000000
INFO:kbc-cli.py:Epoch 4/100	Loss 5.1315 ± 0.1508
INFO:kbc-cli.py:Epoch 5/100	Loss 5.0458 ± 0.1532
INFO:kbc-cli.py:Epoch 6/100	Loss 4.9862 ± 0.1496
INFO:kbc-cli.py:Epoch 6/100	dev results	MRR 0.873989	H@1 0.800562	H@3 0.939607	H@5 0.961610	H@10 0.980337	H@20 0.987828	H@50 0.992041	H@100 1.000000
INFO:kbc-cli.py:Epoch 6/100	test results	MRR 0.880827	H@1 0.807728	H@3 0.944134	H@5 0.971136	H@10 0.985568	H@20 0.993017	H@50 0.996741	H@100 1.000000
INFO:kbc-cli.py:Epoch 7/100	Loss 4.9336 ± 0.1428
INFO:kbc-cli.py:Epoch 8/100	Loss 4.8968 ± 0.1444
INFO:kbc-cli.py:Epoch 9/100	Loss 4.8726 ± 0.1361
INFO:kbc-cli.py:Epoch 9/100	dev results	MRR 0.874845	H@1 0.803371	H@3 0.943352	H@5 0.963951	H@10 0.979401	H@20 0.987828	H@50 0.992041	H@100 1.000000
INFO:kbc-cli.py:Epoch 9/100	test results	MRR 0.885362	H@1 0.816574	H@3 0.950186	H@5 0.971601	H@10 0.986499	H@20 0.993017	H@50 0.996741	H@100 1.000000
INFO:kbc-cli.py:Epoch 10/100	Loss 4.8449 ± 0.1416
INFO:kbc-cli.py:Epoch 11/100	Loss 4.8224 ± 0.1471
INFO:kbc-cli.py:Epoch 12/100	Loss 4.8050 ± 0.1289
INFO:kbc-cli.py:Epoch 12/100	dev results	MRR 0.879175	H@1 0.809457	H@3 0.941479	H@5 0.966760	H@10 0.978933	H@20 0.987360	H@50 0.992041	H@100 1.000000
INFO:kbc-cli.py:Epoch 12/100	test results	MRR 0.883242	H@1 0.811453	H@3 0.948324	H@5 0.972533	H@10 0.986034	H@20 0.992551	H@50 0.996741	H@100 1.000000
INFO:kbc-cli.py:Epoch 13/100	Loss 4.7884 ± 0.1259
INFO:kbc-cli.py:Epoch 14/100	Loss 4.7735 ± 0.1251
INFO:kbc-cli.py:Epoch 15/100	Loss 4.7664 ± 0.1356
INFO:kbc-cli.py:Epoch 15/100	dev results	MRR 0.881750	H@1 0.813202	H@3 0.944288	H@5 0.965824	H@10 0.979869	H@20 0.988296	H@50 0.992041	H@100 1.000000
INFO:kbc-cli.py:Epoch 15/100	test results	MRR 0.887304	H@1 0.817970	H@3 0.951117	H@5 0.972067	H@10 0.987896	H@20 0.993482	H@50 0.996741	H@100 1.000000
INFO:kbc-cli.py:Epoch 16/100	Loss 4.7516 ± 0.1280
INFO:kbc-cli.py:Epoch 17/100	Loss 4.7382 ± 0.1058
INFO:kbc-cli.py:Epoch 18/100	Loss 4.7319 ± 0.1292
INFO:kbc-cli.py:Epoch 18/100	dev results	MRR 0.879848	H@1 0.809925	H@3 0.942884	H@5 0.965824	H@10 0.979401	H@20 0.987360	H@50 0.992041	H@100 1.000000
INFO:kbc-cli.py:Epoch 18/100	test results	MRR 0.883930	H@1 0.811453	H@3 0.950652	H@5 0.972533	H@10 0.986499	H@20 0.992551	H@50 0.996741	H@100 1.000000
INFO:kbc-cli.py:Epoch 19/100	Loss 4.7250 ± 0.1374
INFO:kbc-cli.py:Epoch 20/100	Loss 4.7101 ± 0.1083
INFO:kbc-cli.py:Epoch 21/100	Loss 4.7014 ± 0.1069
INFO:kbc-cli.py:Epoch 21/100	dev results	MRR 0.886492	H@1 0.822566	H@3 0.941948	H@5 0.964888	H@10 0.979401	H@20 0.987360	H@50 0.991573	H@100 1.000000
INFO:kbc-cli.py:Epoch 21/100	test results	MRR 0.889490	H@1 0.822626	H@3 0.950652	H@5 0.973464	H@10 0.986499	H@20 0.992551	H@50 0.996741	H@100 1.000000
INFO:kbc-cli.py:Epoch 22/100	Loss 4.6943 ± 0.1168
INFO:kbc-cli.py:Epoch 23/100	Loss 4.6865 ± 0.0970
INFO:kbc-cli.py:Epoch 24/100	Loss 4.6848 ± 0.1103
INFO:kbc-cli.py:Epoch 24/100	dev results	MRR 0.884593	H@1 0.818352	H@3 0.943820	H@5 0.965356	H@10 0.978464	H@20 0.987360	H@50 0.992041	H@100 1.000000
INFO:kbc-cli.py:Epoch 24/100	test results	MRR 0.891286	H@1 0.825419	H@3 0.955773	H@5 0.973464	H@10 0.986499	H@20 0.992551	H@50 0.996741	H@100 1.000000
INFO:kbc-cli.py:Epoch 25/100	Loss 4.6794 ± 0.1015
INFO:kbc-cli.py:Epoch 26/100	Loss 4.6755 ± 0.1175
INFO:kbc-cli.py:Epoch 27/100	Loss 4.6649 ± 0.1003
INFO:kbc-cli.py:Epoch 27/100	dev results	MRR 0.879307	H@1 0.810393	H@3 0.941948	H@5 0.965824	H@10 0.978464	H@20 0.987360	H@50 0.991573	H@100 1.000000
INFO:kbc-cli.py:Epoch 27/100	test results	MRR 0.887050	H@1 0.815642	H@3 0.953911	H@5 0.974860	H@10 0.986499	H@20 0.992551	H@50 0.996741	H@100 1.000000
INFO:kbc-cli.py:Epoch 28/100	Loss 4.6608 ± 0.1005
INFO:kbc-cli.py:Epoch 29/100	Loss 4.6549 ± 0.0923
INFO:kbc-cli.py:Epoch 30/100	Loss 4.6523 ± 0.1162
INFO:kbc-cli.py:Epoch 30/100	dev results	MRR 0.880885	H@1 0.813202	H@3 0.941479	H@5 0.964888	H@10 0.979401	H@20 0.987360	H@50 0.991573	H@100 1.000000
INFO:kbc-cli.py:Epoch 30/100	test results	MRR 0.889201	H@1 0.820298	H@3 0.953445	H@5 0.974395	H@10 0.987896	H@20 0.992551	H@50 0.996741	H@100 1.000000
INFO:kbc-cli.py:Epoch 31/100	Loss 4.6471 ± 0.0988
INFO:kbc-cli.py:Epoch 32/100	Loss 4.6451 ± 0.1037
INFO:kbc-cli.py:Epoch 33/100	Loss 4.6351 ± 0.0932
INFO:kbc-cli.py:Epoch 33/100	dev results	MRR 0.879759	H@1 0.810861	H@3 0.941948	H@5 0.963483	H@10 0.979401	H@20 0.987360	H@50 0.991573	H@100 1.000000
INFO:kbc-cli.py:Epoch 33/100	test results	MRR 0.889219	H@1 0.820764	H@3 0.951117	H@5 0.975791	H@10 0.985568	H@20 0.992551	H@50 0.996741	H@100 1.000000
INFO:kbc-cli.py:Epoch 34/100	Loss 4.6371 ± 0.0982
INFO:kbc-cli.py:Epoch 35/100	Loss 4.6360 ± 0.0963
INFO:kbc-cli.py:Epoch 36/100	Loss 4.6305 ± 0.0921
INFO:kbc-cli.py:Epoch 36/100	dev results	MRR 0.883355	H@1 0.817416	H@3 0.942416	H@5 0.966760	H@10 0.978933	H@20 0.987360	H@50 0.991573	H@100 1.000000
INFO:kbc-cli.py:Epoch 36/100	test results	MRR 0.885496	H@1 0.813780	H@3 0.954376	H@5 0.974395	H@10 0.986499	H@20 0.992551	H@50 0.996741	H@100 1.000000
INFO:kbc-cli.py:Epoch 37/100	Loss 4.6278 ± 0.0917
INFO:kbc-cli.py:Epoch 38/100	Loss 4.6212 ± 0.0913
INFO:kbc-cli.py:Epoch 39/100	Loss 4.6202 ± 0.0892
INFO:kbc-cli.py:Epoch 39/100	dev results	MRR 0.885200	H@1 0.821629	H@3 0.943352	H@5 0.966292	H@10 0.978933	H@20 0.987360	H@50 0.992041	H@100 1.000000
INFO:kbc-cli.py:Epoch 39/100	test results	MRR 0.887128	H@1 0.817039	H@3 0.949721	H@5 0.973464	H@10 0.987430	H@20 0.992551	H@50 0.996741	H@100 1.000000
INFO:kbc-cli.py:Epoch 40/100	Loss 4.6202 ± 0.1035
INFO:kbc-cli.py:Epoch 41/100	Loss 4.6171 ± 0.0925
INFO:kbc-cli.py:Epoch 42/100	Loss 4.6082 ± 0.0803
INFO:kbc-cli.py:Epoch 42/100	dev results	MRR 0.883366	H@1 0.815543	H@3 0.943352	H@5 0.963951	H@10 0.978933	H@20 0.987360	H@50 0.991573	H@100 1.000000
INFO:kbc-cli.py:Epoch 42/100	test results	MRR 0.888220	H@1 0.819367	H@3 0.953911	H@5 0.974395	H@10 0.986034	H@20 0.992551	H@50 0.996741	H@100 1.000000
INFO:kbc-cli.py:Epoch 43/100	Loss 4.6075 ± 0.0877
INFO:kbc-cli.py:Epoch 44/100	Loss 4.6080 ± 0.0987
INFO:kbc-cli.py:Epoch 45/100	Loss 4.6043 ± 0.0882
INFO:kbc-cli.py:Epoch 45/100	dev results	MRR 0.880198	H@1 0.812734	H@3 0.941948	H@5 0.966292	H@10 0.979869	H@20 0.987828	H@50 0.991573	H@100 1.000000
INFO:kbc-cli.py:Epoch 45/100	test results	MRR 0.887050	H@1 0.818436	H@3 0.950652	H@5 0.974860	H@10 0.986965	H@20 0.992551	H@50 0.996741	H@100 1.000000
INFO:kbc-cli.py:Epoch 46/100	Loss 4.6049 ± 0.1081
INFO:kbc-cli.py:Epoch 47/100	Loss 4.5969 ± 0.0799
INFO:kbc-cli.py:Epoch 48/100	Loss 4.5974 ± 0.0993
INFO:kbc-cli.py:Epoch 48/100	dev results	MRR 0.884895	H@1 0.819757	H@3 0.943352	H@5 0.966292	H@10 0.978464	H@20 0.987360	H@50 0.991573	H@100 1.000000
INFO:kbc-cli.py:Epoch 48/100	test results	MRR 0.889530	H@1 0.822626	H@3 0.952514	H@5 0.975326	H@10 0.986034	H@20 0.992551	H@50 0.996741	H@100 1.000000
INFO:kbc-cli.py:Epoch 49/100	Loss 4.5946 ± 0.0916
INFO:kbc-cli.py:Epoch 50/100	Loss 4.5904 ± 0.0903
INFO:kbc-cli.py:Epoch 51/100	Loss 4.5879 ± 0.0768
INFO:kbc-cli.py:Epoch 51/100	dev results	MRR 0.880723	H@1 0.813670	H@3 0.940543	H@5 0.965356	H@10 0.979401	H@20 0.987360	H@50 0.991573	H@100 1.000000
INFO:kbc-cli.py:Epoch 51/100	test results	MRR 0.884267	H@1 0.813780	H@3 0.952514	H@5 0.972998	H@10 0.986034	H@20 0.992551	H@50 0.996741	H@100 1.000000
INFO:kbc-cli.py:Epoch 52/100	Loss 4.5890 ± 0.0854
INFO:kbc-cli.py:Epoch 53/100	Loss 4.5881 ± 0.0925
INFO:kbc-cli.py:Epoch 54/100	Loss 4.5867 ± 0.0848
INFO:kbc-cli.py:Epoch 54/100	dev results	MRR 0.882713	H@1 0.815075	H@3 0.945225	H@5 0.965356	H@10 0.979869	H@20 0.987360	H@50 0.991573	H@100 1.000000
INFO:kbc-cli.py:Epoch 54/100	test results	MRR 0.887320	H@1 0.818436	H@3 0.952514	H@5 0.974395	H@10 0.986499	H@20 0.992551	H@50 0.996741	H@100 1.000000
INFO:kbc-cli.py:Epoch 55/100	Loss 4.5872 ± 0.1031
INFO:kbc-cli.py:Epoch 56/100	Loss 4.5813 ± 0.0841
INFO:kbc-cli.py:Epoch 57/100	Loss 4.5804 ± 0.0911
INFO:kbc-cli.py:Epoch 57/100	dev results	MRR 0.882980	H@1 0.817416	H@3 0.945225	H@5 0.963951	H@10 0.979401	H@20 0.987360	H@50 0.991573	H@100 1.000000
INFO:kbc-cli.py:Epoch 57/100	test results	MRR 0.890097	H@1 0.822160	H@3 0.954842	H@5 0.973464	H@10 0.986034	H@20 0.992551	H@50 0.996741	H@100 1.000000
INFO:kbc-cli.py:Epoch 58/100	Loss 4.5775 ± 0.0927
INFO:kbc-cli.py:Epoch 59/100	Loss 4.5730 ± 0.0765
INFO:kbc-cli.py:Epoch 60/100	Loss 4.5731 ± 0.0808
INFO:kbc-cli.py:Epoch 60/100	dev results	MRR 0.881562	H@1 0.813202	H@3 0.943352	H@5 0.964888	H@10 0.980337	H@20 0.987828	H@50 0.991573	H@100 1.000000
INFO:kbc-cli.py:Epoch 60/100	test results	MRR 0.888065	H@1 0.818901	H@3 0.956238	H@5 0.974395	H@10 0.986499	H@20 0.992551	H@50 0.996741	H@100 1.000000
INFO:kbc-cli.py:Epoch 61/100	Loss 4.5753 ± 0.0888
INFO:kbc-cli.py:Epoch 62/100	Loss 4.5705 ± 0.0773
INFO:kbc-cli.py:Epoch 63/100	Loss 4.5710 ± 0.0717
INFO:kbc-cli.py:Epoch 63/100	dev results	MRR 0.882580	H@1 0.814607	H@3 0.944288	H@5 0.966292	H@10 0.979869	H@20 0.987360	H@50 0.991573	H@100 1.000000
INFO:kbc-cli.py:Epoch 63/100	test results	MRR 0.889077	H@1 0.821229	H@3 0.953911	H@5 0.973464	H@10 0.985568	H@20 0.992551	H@50 0.996741	H@100 1.000000
INFO:kbc-cli.py:Epoch 64/100	Loss 4.5637 ± 0.0806
INFO:kbc-cli.py:Epoch 65/100	Loss 4.5687 ± 0.0844
INFO:kbc-cli.py:Epoch 66/100	Loss 4.5662 ± 0.0855
INFO:kbc-cli.py:Epoch 66/100	dev results	MRR 0.884721	H@1 0.821161	H@3 0.941948	H@5 0.964888	H@10 0.979401	H@20 0.987360	H@50 0.991573	H@100 1.000000
INFO:kbc-cli.py:Epoch 66/100	test results	MRR 0.892170	H@1 0.827281	H@3 0.953445	H@5 0.974395	H@10 0.985568	H@20 0.992551	H@50 0.996741	H@100 1.000000
INFO:kbc-cli.py:Epoch 67/100	Loss 4.5670 ± 0.0854
INFO:kbc-cli.py:Epoch 68/100	Loss 4.5577 ± 0.0704
INFO:kbc-cli.py:Epoch 69/100	Loss 4.5642 ± 0.0756
INFO:kbc-cli.py:Epoch 69/100	dev results	MRR 0.880411	H@1 0.813202	H@3 0.941011	H@5 0.964888	H@10 0.978933	H@20 0.987360	H@50 0.991573	H@100 1.000000
INFO:kbc-cli.py:Epoch 69/100	test results	MRR 0.888575	H@1 0.821695	H@3 0.951117	H@5 0.973464	H@10 0.986034	H@20 0.992551	H@50 0.996741	H@100 1.000000
INFO:kbc-cli.py:Epoch 70/100	Loss 4.5622 ± 0.0858
INFO:kbc-cli.py:Epoch 71/100	Loss 4.5555 ± 0.0765
INFO:kbc-cli.py:Epoch 72/100	Loss 4.5561 ± 0.0803
INFO:kbc-cli.py:Epoch 72/100	dev results	MRR 0.882520	H@1 0.816011	H@3 0.943352	H@5 0.965824	H@10 0.978933	H@20 0.987360	H@50 0.991573	H@100 1.000000
INFO:kbc-cli.py:Epoch 72/100	test results	MRR 0.888312	H@1 0.820764	H@3 0.952048	H@5 0.974395	H@10 0.985102	H@20 0.992551	H@50 0.996741	H@100 1.000000
INFO:kbc-cli.py:Epoch 73/100	Loss 4.5581 ± 0.0793
INFO:kbc-cli.py:Epoch 74/100	Loss 4.5569 ± 0.0815
INFO:kbc-cli.py:Epoch 75/100	Loss 4.5534 ± 0.0749
INFO:kbc-cli.py:Epoch 75/100	dev results	MRR 0.885451	H@1 0.821629	H@3 0.943820	H@5 0.965356	H@10 0.978933	H@20 0.987360	H@50 0.991573	H@100 1.000000
INFO:kbc-cli.py:Epoch 75/100	test results	MRR 0.891115	H@1 0.825419	H@3 0.955307	H@5 0.973464	H@10 0.986034	H@20 0.992551	H@50 0.996741	H@100 1.000000
INFO:kbc-cli.py:Epoch 76/100	Loss 4.5514 ± 0.0658
INFO:kbc-cli.py:Epoch 77/100	Loss 4.5513 ± 0.0734
INFO:kbc-cli.py:Epoch 78/100	Loss 4.5491 ± 0.0690
INFO:kbc-cli.py:Epoch 78/100	dev results	MRR 0.880349	H@1 0.811798	H@3 0.941948	H@5 0.965356	H@10 0.978933	H@20 0.987360	H@50 0.991573	H@100 1.000000
INFO:kbc-cli.py:Epoch 78/100	test results	MRR 0.888915	H@1 0.821229	H@3 0.953445	H@5 0.972998	H@10 0.986034	H@20 0.992086	H@50 0.996741	H@100 1.000000
INFO:kbc-cli.py:Epoch 79/100	Loss 4.5483 ± 0.0797
INFO:kbc-cli.py:Epoch 80/100	Loss 4.5505 ± 0.0774
INFO:kbc-cli.py:Epoch 81/100	Loss 4.5474 ± 0.0786
INFO:kbc-cli.py:Epoch 81/100	dev results	MRR 0.880165	H@1 0.811798	H@3 0.941948	H@5 0.965824	H@10 0.979401	H@20 0.987360	H@50 0.991573	H@100 1.000000
INFO:kbc-cli.py:Epoch 81/100	test results	MRR 0.888191	H@1 0.818436	H@3 0.954842	H@5 0.973464	H@10 0.986499	H@20 0.991620	H@50 0.996741	H@100 1.000000
INFO:kbc-cli.py:Epoch 82/100	Loss 4.5450 ± 0.0682
INFO:kbc-cli.py:Epoch 83/100	Loss 4.5459 ± 0.0858
INFO:kbc-cli.py:Epoch 84/100	Loss 4.5444 ± 0.0717
INFO:kbc-cli.py:Epoch 84/100	dev results	MRR 0.882160	H@1 0.815543	H@3 0.941011	H@5 0.964888	H@10 0.978933	H@20 0.987360	H@50 0.991573	H@100 1.000000
INFO:kbc-cli.py:Epoch 84/100	test results	MRR 0.887339	H@1 0.818436	H@3 0.953911	H@5 0.974395	H@10 0.985568	H@20 0.991620	H@50 0.996741	H@100 1.000000
INFO:kbc-cli.py:Epoch 85/100	Loss 4.5444 ± 0.0778
INFO:kbc-cli.py:Epoch 86/100	Loss 4.5402 ± 0.0719
INFO:kbc-cli.py:Epoch 87/100	Loss 4.5392 ± 0.0806
INFO:kbc-cli.py:Epoch 87/100	dev results	MRR 0.882073	H@1 0.815075	H@3 0.941479	H@5 0.963483	H@10 0.979401	H@20 0.987360	H@50 0.991573	H@100 1.000000
INFO:kbc-cli.py:Epoch 87/100	test results	MRR 0.889745	H@1 0.823091	H@3 0.953445	H@5 0.972998	H@10 0.985102	H@20 0.992551	H@50 0.996741	H@100 1.000000
INFO:kbc-cli.py:Epoch 88/100	Loss 4.5434 ± 0.0711
INFO:kbc-cli.py:Epoch 89/100	Loss 4.5390 ± 0.0570
INFO:kbc-cli.py:Epoch 90/100	Loss 4.5373 ± 0.0663
INFO:kbc-cli.py:Epoch 90/100	dev results	MRR 0.877938	H@1 0.807116	H@3 0.941479	H@5 0.963951	H@10 0.979401	H@20 0.987828	H@50 0.991573	H@100 1.000000
INFO:kbc-cli.py:Epoch 90/100	test results	MRR 0.890078	H@1 0.824022	H@3 0.952980	H@5 0.975326	H@10 0.986034	H@20 0.991620	H@50 0.996741	H@100 1.000000
INFO:kbc-cli.py:Epoch 91/100	Loss 4.5385 ± 0.0700
INFO:kbc-cli.py:Epoch 92/100	Loss 4.5416 ± 0.0883
INFO:kbc-cli.py:Epoch 93/100	Loss 4.5397 ± 0.0760
INFO:kbc-cli.py:Epoch 93/100	dev results	MRR 0.882488	H@1 0.816011	H@3 0.941948	H@5 0.964888	H@10 0.979869	H@20 0.987828	H@50 0.991573	H@100 1.000000
INFO:kbc-cli.py:Epoch 93/100	test results	MRR 0.888498	H@1 0.819832	H@3 0.953911	H@5 0.973929	H@10 0.985568	H@20 0.992086	H@50 0.996741	H@100 1.000000
INFO:kbc-cli.py:Epoch 94/100	Loss 4.5343 ± 0.0608
INFO:kbc-cli.py:Epoch 95/100	Loss 4.5375 ± 0.0914
INFO:kbc-cli.py:Epoch 96/100	Loss 4.5298 ± 0.0662
INFO:kbc-cli.py:Epoch 96/100	dev results	MRR 0.884588	H@1 0.821161	H@3 0.940543	H@5 0.963951	H@10 0.979869	H@20 0.987360	H@50 0.991105	H@100 1.000000
INFO:kbc-cli.py:Epoch 96/100	test results	MRR 0.889313	H@1 0.822160	H@3 0.955307	H@5 0.972533	H@10 0.986034	H@20 0.992086	H@50 0.996741	H@100 1.000000
INFO:kbc-cli.py:Epoch 97/100	Loss 4.5310 ± 0.0734
INFO:kbc-cli.py:Epoch 98/100	Loss 4.5314 ± 0.0752
INFO:kbc-cli.py:Epoch 99/100	Loss 4.5323 ± 0.0750
INFO:kbc-cli.py:Epoch 99/100	dev results	MRR 0.879150	H@1 0.809925	H@3 0.939607	H@5 0.965824	H@10 0.979401	H@20 0.987360	H@50 0.991105	H@100 1.000000
INFO:kbc-cli.py:Epoch 99/100	test results	MRR 0.886439	H@1 0.816574	H@3 0.952048	H@5 0.973464	H@10 0.986499	H@20 0.992086	H@50 0.996741	H@100 1.000000
INFO:kbc-cli.py:Epoch 100/100	Loss 4.5294 ± 0.0594
INFO:kbc-cli.py:Final 	dev results	MRR 0.879105	H@1 0.809925	H@3 0.941011	H@5 0.965824	H@10 0.979401	H@20 0.987360	H@50 0.991105	H@100 1.000000
INFO:kbc-cli.py:Final 	test results	MRR 0.886526	H@1 0.817970	H@3 0.952048	H@5 0.972998	H@10 0.984171	H@20 0.992086	H@50 0.996741	H@100 1.000000
INFO:kbc-cli.py:Training finished
