./bin/kbc-cli.py --train data/kinship/train.tsv --dev data/kinship/dev.tsv --test data/kinship/test.tsv -m complex -k 1000 -b 50 -e 100 --F2 0 --N3 0.5 -l 0.1 -I standard -V 3 -o adagrad -c so -q
{'F2': 0.0,
 'N3': 0.5,
 'batch_size': 50,
 'corruption': 'so',
 'dev': 'data/kinship/dev.tsv',
 'embedding_size': 1000,
 'epochs': 100,
 'eval_batch_size': None,
 'input_type': 'standard',
 'learning_rate': 0.1,
 'load': None,
 'model': 'complex',
 'optimizer': 'adagrad',
 'quiet': True,
 'save': None,
 'seed': 0,
 'test': 'data/kinship/test.tsv',
 'test_i': None,
 'test_ii': None,
 'train': 'data/kinship/train.tsv',
 'validate_every': 3}
INFO:kbc-cli.py:Device: cuda
INFO:kbc-cli.py:Model state:
INFO:kbc-cli.py:	entities.weight	torch.Size([104, 2000])
INFO:kbc-cli.py:	predicates.weight	torch.Size([25, 2000])
INFO:kbc-cli.py:Epoch 1/100	Loss 9.4173 ± 0.6618
INFO:kbc-cli.py:Epoch 2/100	Loss 9.2565 ± 0.0255
INFO:kbc-cli.py:Epoch 3/100	Loss 9.2143 ± 0.0234
INFO:kbc-cli.py:Epoch 3/100	dev results	MRR 0.221241	H@1 0.069757	H@3 0.220037	H@5 0.350655	H@10 0.601592	H@20 0.939139	H@50 0.993914	H@100 1.000000
INFO:kbc-cli.py:Epoch 3/100	test results	MRR 0.210535	H@1 0.060056	H@3 0.206238	H@5 0.331937	H@10 0.582402	H@20 0.921322	H@50 0.996741	H@100 1.000000
INFO:kbc-cli.py:Epoch 4/100	Loss 9.1884 ± 0.0268
INFO:kbc-cli.py:Epoch 5/100	Loss 9.1768 ± 0.0308
INFO:kbc-cli.py:Epoch 6/100	Loss 9.1762 ± 0.0282
INFO:kbc-cli.py:Epoch 6/100	dev results	MRR 0.227654	H@1 0.085674	H@3 0.220037	H@5 0.330993	H@10 0.586610	H@20 0.940075	H@50 0.993914	H@100 1.000000
INFO:kbc-cli.py:Epoch 6/100	test results	MRR 0.225215	H@1 0.085661	H@3 0.206238	H@5 0.322626	H@10 0.594041	H@20 0.932495	H@50 0.996741	H@100 1.000000
INFO:kbc-cli.py:Epoch 7/100	Loss 9.1759 ± 0.0278
INFO:kbc-cli.py:Epoch 8/100	Loss 9.1757 ± 0.0306
INFO:kbc-cli.py:Epoch 9/100	Loss 9.1755 ± 0.0285
INFO:kbc-cli.py:Epoch 9/100	dev results	MRR 0.228007	H@1 0.079588	H@3 0.240169	H@5 0.337079	H@10 0.590356	H@20 0.940075	H@50 0.993914	H@100 1.000000
INFO:kbc-cli.py:Epoch 9/100	test results	MRR 0.240932	H@1 0.091713	H@3 0.266294	H@5 0.354283	H@10 0.592179	H@20 0.933892	H@50 0.997672	H@100 1.000000
INFO:kbc-cli.py:Epoch 10/100	Loss 9.1754 ± 0.0312
INFO:kbc-cli.py:Epoch 11/100	Loss 9.1753 ± 0.0300
INFO:kbc-cli.py:Epoch 12/100	Loss 9.1752 ± 0.0301
INFO:kbc-cli.py:Epoch 12/100	dev results	MRR 0.225546	H@1 0.080056	H@3 0.223783	H@5 0.342228	H@10 0.589888	H@20 0.941479	H@50 0.994382	H@100 1.000000
INFO:kbc-cli.py:Epoch 12/100	test results	MRR 0.231245	H@1 0.084264	H@3 0.229981	H@5 0.352421	H@10 0.587523	H@20 0.934358	H@50 0.995810	H@100 1.000000
INFO:kbc-cli.py:Epoch 13/100	Loss 9.1751 ± 0.0311
INFO:kbc-cli.py:Epoch 14/100	Loss 9.1751 ± 0.0270
INFO:kbc-cli.py:Epoch 15/100	Loss 9.1751 ± 0.0304
INFO:kbc-cli.py:Epoch 15/100	dev results	MRR 0.233465	H@1 0.097846	H@3 0.220974	H@5 0.344569	H@10 0.586610	H@20 0.937734	H@50 0.994382	H@100 1.000000
INFO:kbc-cli.py:Epoch 15/100	test results	MRR 0.241596	H@1 0.097300	H@3 0.246276	H@5 0.370112	H@10 0.602421	H@20 0.926909	H@50 0.997207	H@100 1.000000
INFO:kbc-cli.py:Epoch 16/100	Loss 9.1750 ± 0.0294
INFO:kbc-cli.py:Epoch 17/100	Loss 9.1750 ± 0.0277
INFO:kbc-cli.py:Epoch 18/100	Loss 9.1750 ± 0.0261
INFO:kbc-cli.py:Epoch 18/100	dev results	MRR 0.226499	H@1 0.084738	H@3 0.216292	H@5 0.334270	H@10 0.581929	H@20 0.941948	H@50 0.993446	H@100 1.000000
INFO:kbc-cli.py:Epoch 18/100	test results	MRR 0.230118	H@1 0.087523	H@3 0.217412	H@5 0.339851	H@10 0.593575	H@20 0.932961	H@50 0.996741	H@100 1.000000
INFO:kbc-cli.py:Epoch 19/100	Loss 9.1750 ± 0.0277
INFO:kbc-cli.py:Epoch 20/100	Loss 9.1749 ± 0.0298
INFO:kbc-cli.py:Epoch 21/100	Loss 9.1749 ± 0.0311
INFO:kbc-cli.py:Epoch 21/100	dev results	MRR 0.216232	H@1 0.075375	H@3 0.178839	H@5 0.335674	H@10 0.606742	H@20 0.938202	H@50 0.994382	H@100 0.999532
INFO:kbc-cli.py:Epoch 21/100	test results	MRR 0.221236	H@1 0.079143	H@3 0.195065	H@5 0.347765	H@10 0.601024	H@20 0.928771	H@50 0.996276	H@100 1.000000
INFO:kbc-cli.py:Epoch 22/100	Loss 9.1749 ± 0.0309
INFO:kbc-cli.py:Epoch 23/100	Loss 9.1749 ± 0.0290
INFO:kbc-cli.py:Epoch 24/100	Loss 9.1749 ± 0.0286
INFO:kbc-cli.py:Epoch 24/100	dev results	MRR 0.232118	H@1 0.087079	H@3 0.233614	H@5 0.349251	H@10 0.588015	H@20 0.932116	H@50 0.994850	H@100 1.000000
INFO:kbc-cli.py:Epoch 24/100	test results	MRR 0.236172	H@1 0.089385	H@3 0.243482	H@5 0.355214	H@10 0.588454	H@20 0.925047	H@50 0.996741	H@100 1.000000
INFO:kbc-cli.py:Epoch 25/100	Loss 9.1749 ± 0.0332
INFO:kbc-cli.py:Epoch 26/100	Loss 9.1748 ± 0.0288
INFO:kbc-cli.py:Epoch 27/100	Loss 9.1748 ± 0.0303
INFO:kbc-cli.py:Epoch 27/100	dev results	MRR 0.234875	H@1 0.102996	H@3 0.206929	H@5 0.308052	H@10 0.607678	H@20 0.940543	H@50 0.993914	H@100 1.000000
INFO:kbc-cli.py:Epoch 27/100	test results	MRR 0.232501	H@1 0.096369	H@3 0.217877	H@5 0.320764	H@10 0.608473	H@20 0.925978	H@50 0.996741	H@100 1.000000
INFO:kbc-cli.py:Epoch 28/100	Loss 9.1748 ± 0.0264
INFO:kbc-cli.py:Epoch 29/100	Loss 9.1747 ± 0.0319
INFO:kbc-cli.py:Epoch 30/100	Loss 9.1748 ± 0.0306
INFO:kbc-cli.py:Epoch 30/100	dev results	MRR 0.223698	H@1 0.072097	H@3 0.231273	H@5 0.366573	H@10 0.578184	H@20 0.933052	H@50 0.994850	H@100 1.000000
INFO:kbc-cli.py:Epoch 30/100	test results	MRR 0.229329	H@1 0.077747	H@3 0.243017	H@5 0.363128	H@10 0.591248	H@20 0.924115	H@50 0.996741	H@100 1.000000
INFO:kbc-cli.py:Epoch 31/100	Loss 9.1748 ± 0.0282
INFO:kbc-cli.py:Epoch 32/100	Loss 9.1747 ± 0.0276
INFO:kbc-cli.py:Epoch 33/100	Loss 9.1747 ± 0.0314
INFO:kbc-cli.py:Epoch 33/100	dev results	MRR 0.228222	H@1 0.087547	H@3 0.215356	H@5 0.348315	H@10 0.587079	H@20 0.930712	H@50 0.992978	H@100 0.999532
INFO:kbc-cli.py:Epoch 33/100	test results	MRR 0.233402	H@1 0.084264	H@3 0.232775	H@5 0.374767	H@10 0.587058	H@20 0.928771	H@50 0.996276	H@100 0.999534
INFO:kbc-cli.py:Epoch 34/100	Loss 9.1747 ± 0.0293
INFO:kbc-cli.py:Epoch 35/100	Loss 9.1746 ± 0.0282
INFO:kbc-cli.py:Epoch 36/100	Loss 9.1747 ± 0.0294
INFO:kbc-cli.py:Epoch 36/100	dev results	MRR 0.226835	H@1 0.084270	H@3 0.202715	H@5 0.345037	H@10 0.613764	H@20 0.929775	H@50 0.993914	H@100 1.000000
INFO:kbc-cli.py:Epoch 36/100	test results	MRR 0.229077	H@1 0.086127	H@3 0.213687	H@5 0.348231	H@10 0.594507	H@20 0.923184	H@50 0.996741	H@100 0.999534
INFO:kbc-cli.py:Epoch 37/100	Loss 9.1747 ± 0.0299
INFO:kbc-cli.py:Epoch 38/100	Loss 9.1746 ± 0.0278
INFO:kbc-cli.py:Epoch 39/100	Loss 9.1746 ± 0.0312
INFO:kbc-cli.py:Epoch 39/100	dev results	MRR 0.233839	H@1 0.080524	H@3 0.257022	H@5 0.361891	H@10 0.584270	H@20 0.933521	H@50 0.994382	H@100 1.000000
INFO:kbc-cli.py:Epoch 39/100	test results	MRR 0.235262	H@1 0.080540	H@3 0.256052	H@5 0.357076	H@10 0.588920	H@20 0.929236	H@50 0.995810	H@100 1.000000
INFO:kbc-cli.py:Epoch 40/100	Loss 9.1746 ± 0.0281
INFO:kbc-cli.py:Epoch 41/100	Loss 9.1746 ± 0.0275
INFO:kbc-cli.py:Epoch 42/100	Loss 9.1746 ± 0.0287
INFO:kbc-cli.py:Epoch 42/100	dev results	MRR 0.225966	H@1 0.082865	H@3 0.218633	H@5 0.348783	H@10 0.592228	H@20 0.935393	H@50 0.992978	H@100 1.000000
INFO:kbc-cli.py:Epoch 42/100	test results	MRR 0.224198	H@1 0.076816	H@3 0.221136	H@5 0.353818	H@10 0.599628	H@20 0.925978	H@50 0.995810	H@100 1.000000
INFO:kbc-cli.py:Epoch 43/100	Loss 9.1746 ± 0.0314
INFO:kbc-cli.py:Epoch 44/100	Loss 9.1746 ± 0.0290
INFO:kbc-cli.py:Epoch 45/100	Loss 9.1746 ± 0.0269
INFO:kbc-cli.py:Epoch 45/100	dev results	MRR 0.233618	H@1 0.090824	H@3 0.224719	H@5 0.335206	H@10 0.604401	H@20 0.932584	H@50 0.994382	H@100 1.000000
INFO:kbc-cli.py:Epoch 45/100	test results	MRR 0.234214	H@1 0.086592	H@3 0.235102	H@5 0.347300	H@10 0.602421	H@20 0.932030	H@50 0.996741	H@100 1.000000
INFO:kbc-cli.py:Epoch 46/100	Loss 9.1746 ± 0.0324
INFO:kbc-cli.py:Epoch 47/100	Loss 9.1746 ± 0.0313
INFO:kbc-cli.py:Epoch 48/100	Loss 9.1745 ± 0.0297
INFO:kbc-cli.py:Epoch 48/100	dev results	MRR 0.219095	H@1 0.076311	H@3 0.209738	H@5 0.335206	H@10 0.593165	H@20 0.940075	H@50 0.993914	H@100 1.000000
INFO:kbc-cli.py:Epoch 48/100	test results	MRR 0.224430	H@1 0.079143	H@3 0.223929	H@5 0.348231	H@10 0.595903	H@20 0.935754	H@50 0.997207	H@100 1.000000
INFO:kbc-cli.py:Epoch 49/100	Loss 9.1746 ± 0.0317
INFO:kbc-cli.py:Epoch 50/100	Loss 9.1746 ± 0.0264
INFO:kbc-cli.py:Epoch 51/100	Loss 9.1746 ± 0.0291
INFO:kbc-cli.py:Epoch 51/100	dev results	MRR 0.229689	H@1 0.081461	H@3 0.233614	H@5 0.370318	H@10 0.595037	H@20 0.937266	H@50 0.994382	H@100 1.000000
INFO:kbc-cli.py:Epoch 51/100	test results	MRR 0.236488	H@1 0.087058	H@3 0.247672	H@5 0.375233	H@10 0.592179	H@20 0.930633	H@50 0.997672	H@100 1.000000
INFO:kbc-cli.py:Epoch 52/100	Loss 9.1745 ± 0.0282
INFO:kbc-cli.py:Epoch 53/100	Loss 9.1746 ± 0.0282
INFO:kbc-cli.py:Epoch 54/100	Loss 9.1745 ± 0.0288
INFO:kbc-cli.py:Epoch 54/100	dev results	MRR 0.224384	H@1 0.085674	H@3 0.192416	H@5 0.350655	H@10 0.610019	H@20 0.944288	H@50 0.994382	H@100 0.999532
INFO:kbc-cli.py:Epoch 54/100	test results	MRR 0.232627	H@1 0.096834	H@3 0.204376	H@5 0.348231	H@10 0.600559	H@20 0.930633	H@50 0.996741	H@100 1.000000
INFO:kbc-cli.py:Epoch 55/100	Loss 9.1745 ± 0.0273
INFO:kbc-cli.py:Epoch 56/100	Loss 9.1745 ± 0.0262
INFO:kbc-cli.py:Epoch 57/100	Loss 9.1745 ± 0.0318
INFO:kbc-cli.py:Epoch 57/100	dev results	MRR 0.222579	H@1 0.073502	H@3 0.224719	H@5 0.351592	H@10 0.595506	H@20 0.932116	H@50 0.994850	H@100 1.000000
INFO:kbc-cli.py:Epoch 57/100	test results	MRR 0.230238	H@1 0.078678	H@3 0.239292	H@5 0.363128	H@10 0.592644	H@20 0.932495	H@50 0.996276	H@100 1.000000
INFO:kbc-cli.py:Epoch 58/100	Loss 9.1745 ± 0.0278
INFO:kbc-cli.py:Epoch 59/100	Loss 9.1745 ± 0.0276
INFO:kbc-cli.py:Epoch 60/100	Loss 9.1745 ± 0.0309
INFO:kbc-cli.py:Epoch 60/100	dev results	MRR 0.226179	H@1 0.068352	H@3 0.252341	H@5 0.366573	H@10 0.588015	H@20 0.937266	H@50 0.994382	H@100 1.000000
INFO:kbc-cli.py:Epoch 60/100	test results	MRR 0.227322	H@1 0.067970	H@3 0.257449	H@5 0.372905	H@10 0.586592	H@20 0.925512	H@50 0.995810	H@100 1.000000
INFO:kbc-cli.py:Epoch 61/100	Loss 9.1745 ± 0.0281
INFO:kbc-cli.py:Epoch 62/100	Loss 9.1745 ± 0.0292
INFO:kbc-cli.py:Epoch 63/100	Loss 9.1745 ± 0.0288
INFO:kbc-cli.py:Epoch 63/100	dev results	MRR 0.222698	H@1 0.076311	H@3 0.220037	H@5 0.337079	H@10 0.595037	H@20 0.925562	H@50 0.994382	H@100 1.000000
INFO:kbc-cli.py:Epoch 63/100	test results	MRR 0.228957	H@1 0.079143	H@3 0.232775	H@5 0.360801	H@10 0.603352	H@20 0.923184	H@50 0.996276	H@100 1.000000
INFO:kbc-cli.py:Epoch 64/100	Loss 9.1745 ± 0.0287
INFO:kbc-cli.py:Epoch 65/100	Loss 9.1744 ± 0.0282
INFO:kbc-cli.py:Epoch 66/100	Loss 9.1745 ± 0.0298
INFO:kbc-cli.py:Epoch 66/100	dev results	MRR 0.226300	H@1 0.088483	H@3 0.202247	H@5 0.344569	H@10 0.604869	H@20 0.935861	H@50 0.993914	H@100 1.000000
INFO:kbc-cli.py:Epoch 66/100	test results	MRR 0.229160	H@1 0.091248	H@3 0.201583	H@5 0.349162	H@10 0.600093	H@20 0.931564	H@50 0.996276	H@100 0.999534
INFO:kbc-cli.py:Epoch 67/100	Loss 9.1745 ± 0.0290
INFO:kbc-cli.py:Epoch 68/100	Loss 9.1744 ± 0.0296
INFO:kbc-cli.py:Epoch 69/100	Loss 9.1744 ± 0.0268
INFO:kbc-cli.py:Epoch 69/100	dev results	MRR 0.240474	H@1 0.098315	H@3 0.237360	H@5 0.353933	H@10 0.574906	H@20 0.930243	H@50 0.995318	H@100 1.000000
INFO:kbc-cli.py:Epoch 69/100	test results	MRR 0.252002	H@1 0.112197	H@3 0.243017	H@5 0.368715	H@10 0.579609	H@20 0.933426	H@50 0.996741	H@100 1.000000
INFO:kbc-cli.py:Epoch 70/100	Loss 9.1744 ± 0.0290
INFO:kbc-cli.py:Epoch 71/100	Loss 9.1744 ± 0.0283
INFO:kbc-cli.py:Epoch 72/100	Loss 9.1745 ± 0.0293
INFO:kbc-cli.py:Epoch 72/100	dev results	MRR 0.239940	H@1 0.091292	H@3 0.262172	H@5 0.360955	H@10 0.575843	H@20 0.937734	H@50 0.993914	H@100 1.000000
INFO:kbc-cli.py:Epoch 72/100	test results	MRR 0.243966	H@1 0.096369	H@3 0.261639	H@5 0.369646	H@10 0.576816	H@20 0.930633	H@50 0.995810	H@100 1.000000
INFO:kbc-cli.py:Epoch 73/100	Loss 9.1745 ± 0.0283
INFO:kbc-cli.py:Epoch 74/100	Loss 9.1745 ± 0.0280
INFO:kbc-cli.py:Epoch 75/100	Loss 9.1744 ± 0.0265
INFO:kbc-cli.py:Epoch 75/100	dev results	MRR 0.231246	H@1 0.099251	H@3 0.209738	H@5 0.338015	H@10 0.584270	H@20 0.930712	H@50 0.993914	H@100 1.000000
INFO:kbc-cli.py:Epoch 75/100	test results	MRR 0.243615	H@1 0.107542	H@3 0.231378	H@5 0.352886	H@10 0.597765	H@20 0.929236	H@50 0.995810	H@100 0.999534
INFO:kbc-cli.py:Epoch 76/100	Loss 9.1744 ± 0.0304
INFO:kbc-cli.py:Epoch 77/100	Loss 9.1744 ± 0.0291
INFO:kbc-cli.py:Epoch 78/100	Loss 9.1744 ± 0.0308
INFO:kbc-cli.py:Epoch 78/100	dev results	MRR 0.230412	H@1 0.081929	H@3 0.237360	H@5 0.355805	H@10 0.578652	H@20 0.933521	H@50 0.995318	H@100 1.000000
INFO:kbc-cli.py:Epoch 78/100	test results	MRR 0.235931	H@1 0.087523	H@3 0.247672	H@5 0.360335	H@10 0.583333	H@20 0.933892	H@50 0.996276	H@100 1.000000
INFO:kbc-cli.py:Epoch 79/100	Loss 9.1744 ± 0.0285
INFO:kbc-cli.py:Epoch 80/100	Loss 9.1744 ± 0.0265
INFO:kbc-cli.py:Epoch 81/100	Loss 9.1745 ± 0.0303
INFO:kbc-cli.py:Epoch 81/100	dev results	MRR 0.243555	H@1 0.103933	H@3 0.242041	H@5 0.364232	H@10 0.575375	H@20 0.935861	H@50 0.993914	H@100 1.000000
INFO:kbc-cli.py:Epoch 81/100	test results	MRR 0.243719	H@1 0.103352	H@3 0.243948	H@5 0.370577	H@10 0.574488	H@20 0.928771	H@50 0.996741	H@100 0.999534
INFO:kbc-cli.py:Epoch 82/100	Loss 9.1744 ± 0.0285
INFO:kbc-cli.py:Epoch 83/100	Loss 9.1744 ± 0.0281
INFO:kbc-cli.py:Epoch 84/100	Loss 9.1745 ± 0.0328
INFO:kbc-cli.py:Epoch 84/100	dev results	MRR 0.227827	H@1 0.080993	H@3 0.227528	H@5 0.361891	H@10 0.590356	H@20 0.935393	H@50 0.993914	H@100 1.000000
INFO:kbc-cli.py:Epoch 84/100	test results	MRR 0.235330	H@1 0.090317	H@3 0.232309	H@5 0.374302	H@10 0.589851	H@20 0.932030	H@50 0.996276	H@100 0.999534
INFO:kbc-cli.py:Epoch 85/100	Loss 9.1744 ± 0.0301
INFO:kbc-cli.py:Epoch 86/100	Loss 9.1744 ± 0.0306
INFO:kbc-cli.py:Epoch 87/100	Loss 9.1744 ± 0.0277
INFO:kbc-cli.py:Epoch 87/100	dev results	MRR 0.232225	H@1 0.080056	H@3 0.238296	H@5 0.367509	H@10 0.586610	H@20 0.930712	H@50 0.993914	H@100 1.000000
INFO:kbc-cli.py:Epoch 87/100	test results	MRR 0.234005	H@1 0.081006	H@3 0.253259	H@5 0.385475	H@10 0.591713	H@20 0.924581	H@50 0.996276	H@100 1.000000
INFO:kbc-cli.py:Epoch 88/100	Loss 9.1744 ± 0.0289
INFO:kbc-cli.py:Epoch 89/100	Loss 9.1744 ± 0.0290
INFO:kbc-cli.py:Epoch 90/100	Loss 9.1744 ± 0.0292
INFO:kbc-cli.py:Epoch 90/100	dev results	MRR 0.228559	H@1 0.081929	H@3 0.227996	H@5 0.329588	H@10 0.590824	H@20 0.929307	H@50 0.993914	H@100 1.000000
INFO:kbc-cli.py:Epoch 90/100	test results	MRR 0.229661	H@1 0.081937	H@3 0.227188	H@5 0.348231	H@10 0.593110	H@20 0.924581	H@50 0.997207	H@100 1.000000
INFO:kbc-cli.py:Epoch 91/100	Loss 9.1744 ± 0.0304
INFO:kbc-cli.py:Epoch 92/100	Loss 9.1744 ± 0.0294
INFO:kbc-cli.py:Epoch 93/100	Loss 9.1744 ± 0.0278
INFO:kbc-cli.py:Epoch 93/100	dev results	MRR 0.219629	H@1 0.070225	H@3 0.218165	H@5 0.358146	H@10 0.590356	H@20 0.933989	H@50 0.993914	H@100 1.000000
INFO:kbc-cli.py:Epoch 93/100	test results	MRR 0.218569	H@1 0.067039	H@3 0.222533	H@5 0.355680	H@10 0.589385	H@20 0.929236	H@50 0.996276	H@100 0.999534
INFO:kbc-cli.py:Epoch 94/100	Loss 9.1744 ± 0.0288
INFO:kbc-cli.py:Epoch 95/100	Loss 9.1744 ± 0.0276
INFO:kbc-cli.py:Epoch 96/100	Loss 9.1744 ± 0.0270
INFO:kbc-cli.py:Epoch 96/100	dev results	MRR 0.239958	H@1 0.095037	H@3 0.242041	H@5 0.364232	H@10 0.576311	H@20 0.930243	H@50 0.994850	H@100 1.000000
INFO:kbc-cli.py:Epoch 96/100	test results	MRR 0.241422	H@1 0.093110	H@3 0.246276	H@5 0.378492	H@10 0.583333	H@20 0.931099	H@50 0.996276	H@100 0.999534
INFO:kbc-cli.py:Epoch 97/100	Loss 9.1744 ± 0.0291
INFO:kbc-cli.py:Epoch 98/100	Loss 9.1744 ± 0.0310
INFO:kbc-cli.py:Epoch 99/100	Loss 9.1744 ± 0.0311
INFO:kbc-cli.py:Epoch 99/100	dev results	MRR 0.237834	H@1 0.094101	H@3 0.233146	H@5 0.371723	H@10 0.585206	H@20 0.932584	H@50 0.993914	H@100 1.000000
INFO:kbc-cli.py:Epoch 99/100	test results	MRR 0.231672	H@1 0.087989	H@3 0.226257	H@5 0.355680	H@10 0.577281	H@20 0.925512	H@50 0.996276	H@100 0.999534
INFO:kbc-cli.py:Epoch 100/100	Loss 9.1744 ± 0.0281
INFO:kbc-cli.py:Final 	dev results	MRR 0.227935	H@1 0.071629	H@3 0.245787	H@5 0.359551	H@10 0.577247	H@20 0.937266	H@50 0.994382	H@100 1.000000
INFO:kbc-cli.py:Final 	test results	MRR 0.236929	H@1 0.085661	H@3 0.248603	H@5 0.371043	H@10 0.583799	H@20 0.933426	H@50 0.995345	H@100 1.000000
INFO:kbc-cli.py:Training finished
