./bin/kbc-cli.py --train data/umls/train.tsv --dev data/umls/dev.tsv --test data/umls/test.tsv -m complex -k 100 -b 100 -e 100 --F2 0 --N3 0.01 -l 0.1 -I reciprocal -V 3 -o adagrad -c spo -q
{'F2': 0.0,
 'N3': 0.01,
 'batch_size': 100,
 'corruption': 'spo',
 'dev': 'data/umls/dev.tsv',
 'embedding_size': 100,
 'epochs': 100,
 'eval_batch_size': None,
 'input_type': 'reciprocal',
 'learning_rate': 0.1,
 'load': None,
 'model': 'complex',
 'optimizer': 'adagrad',
 'quiet': True,
 'save': None,
 'seed': 0,
 'test': 'data/umls/test.tsv',
 'test_i': None,
 'test_ii': None,
 'train': 'data/umls/train.tsv',
 'validate_every': 3}
INFO:kbc-cli.py:Device: cuda
INFO:kbc-cli.py:Model state:
INFO:kbc-cli.py:	entities.weight	torch.Size([135, 200])
INFO:kbc-cli.py:	predicates.weight	torch.Size([92, 200])
INFO:kbc-cli.py:Epoch 1/100	Loss 10.0176 ± 2.2970
INFO:kbc-cli.py:Epoch 2/100	Loss 7.2809 ± 0.1824
INFO:kbc-cli.py:Epoch 3/100	Loss 7.0112 ± 0.1810
INFO:kbc-cli.py:Epoch 3/100	dev results	MRR 0.896217	H@1 0.809816	H@3 0.977761	H@5 0.986963	H@10 0.993865	H@20 0.997699	H@50 0.999233	H@100 1.000000
INFO:kbc-cli.py:Epoch 3/100	test results	MRR 0.880520	H@1 0.782148	H@3 0.975794	H@5 0.987141	H@10 0.994705	H@20 0.996218	H@50 0.999244	H@100 1.000000
INFO:kbc-cli.py:Epoch 4/100	Loss 6.9000 ± 0.2108
INFO:kbc-cli.py:Epoch 5/100	Loss 6.8283 ± 0.1853
INFO:kbc-cli.py:Epoch 6/100	Loss 6.7790 ± 0.1990
INFO:kbc-cli.py:Epoch 6/100	dev results	MRR 0.925675	H@1 0.866564	H@3 0.978528	H@5 0.990031	H@10 0.996933	H@20 0.998466	H@50 1.000000	H@100 1.000000
INFO:kbc-cli.py:Epoch 6/100	test results	MRR 0.920475	H@1 0.856278	H@3 0.984115	H@5 0.992436	H@10 0.996218	H@20 0.996974	H@50 0.999244	H@100 1.000000
INFO:kbc-cli.py:Epoch 7/100	Loss 6.7396 ± 0.1828
INFO:kbc-cli.py:Epoch 8/100	Loss 6.7107 ± 0.1888
INFO:kbc-cli.py:Epoch 9/100	Loss 6.6844 ± 0.1845
INFO:kbc-cli.py:Epoch 9/100	dev results	MRR 0.931961	H@1 0.880368	H@3 0.980828	H@5 0.990031	H@10 0.996933	H@20 0.998466	H@50 1.000000	H@100 1.000000
INFO:kbc-cli.py:Epoch 9/100	test results	MRR 0.927748	H@1 0.871407	H@3 0.984871	H@5 0.990923	H@10 0.996974	H@20 0.997731	H@50 0.999244	H@100 1.000000
INFO:kbc-cli.py:Epoch 10/100	Loss 6.6607 ± 0.1778
INFO:kbc-cli.py:Epoch 11/100	Loss 6.6415 ± 0.1884
INFO:kbc-cli.py:Epoch 12/100	Loss 6.6250 ± 0.1760
INFO:kbc-cli.py:Epoch 12/100	dev results	MRR 0.937758	H@1 0.891104	H@3 0.981595	H@5 0.989264	H@10 0.996933	H@20 0.998466	H@50 1.000000	H@100 1.000000
INFO:kbc-cli.py:Epoch 12/100	test results	MRR 0.928411	H@1 0.873676	H@3 0.982602	H@5 0.990166	H@10 0.996974	H@20 0.997731	H@50 0.999244	H@100 1.000000
INFO:kbc-cli.py:Epoch 13/100	Loss 6.6112 ± 0.1508
INFO:kbc-cli.py:Epoch 14/100	Loss 6.6022 ± 0.1819
INFO:kbc-cli.py:Epoch 15/100	Loss 6.5875 ± 0.1783
INFO:kbc-cli.py:Epoch 15/100	dev results	MRR 0.931185	H@1 0.878834	H@3 0.980828	H@5 0.989264	H@10 0.997699	H@20 0.998466	H@50 1.000000	H@100 1.000000
INFO:kbc-cli.py:Epoch 15/100	test results	MRR 0.936642	H@1 0.888048	H@3 0.985628	H@5 0.990923	H@10 0.996974	H@20 0.997731	H@50 0.999244	H@100 1.000000
INFO:kbc-cli.py:Epoch 16/100	Loss 6.5740 ± 0.1604
INFO:kbc-cli.py:Epoch 17/100	Loss 6.5665 ± 0.1702
INFO:kbc-cli.py:Epoch 18/100	Loss 6.5560 ± 0.1633
INFO:kbc-cli.py:Epoch 18/100	dev results	MRR 0.936754	H@1 0.889571	H@3 0.981595	H@5 0.988497	H@10 0.997699	H@20 0.998466	H@50 1.000000	H@100 1.000000
INFO:kbc-cli.py:Epoch 18/100	test results	MRR 0.935275	H@1 0.885023	H@3 0.985628	H@5 0.991679	H@10 0.996974	H@20 0.997731	H@50 0.999244	H@100 1.000000
INFO:kbc-cli.py:Epoch 19/100	Loss 6.5483 ± 0.1759
INFO:kbc-cli.py:Epoch 20/100	Loss 6.5425 ± 0.1778
INFO:kbc-cli.py:Epoch 21/100	Loss 6.5370 ± 0.1793
INFO:kbc-cli.py:Epoch 21/100	dev results	MRR 0.934837	H@1 0.886503	H@3 0.976994	H@5 0.987730	H@10 0.997699	H@20 0.998466	H@50 1.000000	H@100 1.000000
INFO:kbc-cli.py:Epoch 21/100	test results	MRR 0.932720	H@1 0.879728	H@3 0.984115	H@5 0.992436	H@10 0.996974	H@20 0.997731	H@50 0.999244	H@100 1.000000
INFO:kbc-cli.py:Epoch 22/100	Loss 6.5252 ± 0.1800
INFO:kbc-cli.py:Epoch 23/100	Loss 6.5232 ± 0.1769
INFO:kbc-cli.py:Epoch 24/100	Loss 6.5205 ± 0.1837
INFO:kbc-cli.py:Epoch 24/100	dev results	MRR 0.936762	H@1 0.889571	H@3 0.979294	H@5 0.988497	H@10 0.997699	H@20 0.998466	H@50 1.000000	H@100 1.000000
INFO:kbc-cli.py:Epoch 24/100	test results	MRR 0.936060	H@1 0.886536	H@3 0.984871	H@5 0.992436	H@10 0.996974	H@20 0.997731	H@50 0.999244	H@100 1.000000
INFO:kbc-cli.py:Epoch 25/100	Loss 6.5125 ± 0.1790
INFO:kbc-cli.py:Epoch 26/100	Loss 6.5041 ± 0.1759
INFO:kbc-cli.py:Epoch 27/100	Loss 6.4998 ± 0.1693
INFO:kbc-cli.py:Epoch 27/100	dev results	MRR 0.941965	H@1 0.900307	H@3 0.977761	H@5 0.990031	H@10 0.996933	H@20 0.998466	H@50 1.000000	H@100 1.000000
INFO:kbc-cli.py:Epoch 27/100	test results	MRR 0.939861	H@1 0.895613	H@3 0.983359	H@5 0.991679	H@10 0.996974	H@20 0.997731	H@50 0.999244	H@100 1.000000
INFO:kbc-cli.py:Epoch 28/100	Loss 6.4955 ± 0.1747
INFO:kbc-cli.py:Epoch 29/100	Loss 6.4923 ± 0.1570
INFO:kbc-cli.py:Epoch 30/100	Loss 6.4919 ± 0.1791
INFO:kbc-cli.py:Epoch 30/100	dev results	MRR 0.942052	H@1 0.901074	H@3 0.976994	H@5 0.990031	H@10 0.996933	H@20 0.998466	H@50 1.000000	H@100 1.000000
INFO:kbc-cli.py:Epoch 30/100	test results	MRR 0.939566	H@1 0.894856	H@3 0.981846	H@5 0.992436	H@10 0.996974	H@20 0.998487	H@50 0.999244	H@100 1.000000
INFO:kbc-cli.py:Epoch 31/100	Loss 6.4853 ± 0.1740
INFO:kbc-cli.py:Epoch 32/100	Loss 6.4801 ± 0.1617
INFO:kbc-cli.py:Epoch 33/100	Loss 6.4751 ± 0.1692
INFO:kbc-cli.py:Epoch 33/100	dev results	MRR 0.940528	H@1 0.898006	H@3 0.977761	H@5 0.988497	H@10 0.996166	H@20 0.998466	H@50 1.000000	H@100 1.000000
INFO:kbc-cli.py:Epoch 33/100	test results	MRR 0.937730	H@1 0.891831	H@3 0.981846	H@5 0.991679	H@10 0.996974	H@20 0.998487	H@50 0.999244	H@100 1.000000
INFO:kbc-cli.py:Epoch 34/100	Loss 6.4723 ± 0.1444
INFO:kbc-cli.py:Epoch 35/100	Loss 6.4710 ± 0.1558
INFO:kbc-cli.py:Epoch 36/100	Loss 6.4684 ± 0.1429
INFO:kbc-cli.py:Epoch 36/100	dev results	MRR 0.940242	H@1 0.898006	H@3 0.976994	H@5 0.987730	H@10 0.996166	H@20 0.998466	H@50 1.000000	H@100 1.000000
INFO:kbc-cli.py:Epoch 36/100	test results	MRR 0.937651	H@1 0.891831	H@3 0.981846	H@5 0.991679	H@10 0.996974	H@20 0.998487	H@50 0.999244	H@100 1.000000
INFO:kbc-cli.py:Epoch 37/100	Loss 6.4680 ± 0.1694
INFO:kbc-cli.py:Epoch 38/100	Loss 6.4587 ± 0.1669
INFO:kbc-cli.py:Epoch 39/100	Loss 6.4606 ± 0.1688
INFO:kbc-cli.py:Epoch 39/100	dev results	MRR 0.937972	H@1 0.893405	H@3 0.976994	H@5 0.988497	H@10 0.996166	H@20 0.998466	H@50 1.000000	H@100 1.000000
INFO:kbc-cli.py:Epoch 39/100	test results	MRR 0.934318	H@1 0.885023	H@3 0.982602	H@5 0.992436	H@10 0.996974	H@20 0.998487	H@50 0.999244	H@100 1.000000
INFO:kbc-cli.py:Epoch 40/100	Loss 6.4581 ± 0.1663
INFO:kbc-cli.py:Epoch 41/100	Loss 6.4542 ± 0.1569
INFO:kbc-cli.py:Epoch 42/100	Loss 6.4496 ± 0.1685
INFO:kbc-cli.py:Epoch 42/100	dev results	MRR 0.936825	H@1 0.891104	H@3 0.976994	H@5 0.988497	H@10 0.996166	H@20 0.998466	H@50 1.000000	H@100 1.000000
INFO:kbc-cli.py:Epoch 42/100	test results	MRR 0.936859	H@1 0.890318	H@3 0.981846	H@5 0.991679	H@10 0.996974	H@20 0.998487	H@50 0.999244	H@100 1.000000
INFO:kbc-cli.py:Epoch 43/100	Loss 6.4476 ± 0.1395
INFO:kbc-cli.py:Epoch 44/100	Loss 6.4448 ± 0.1698
INFO:kbc-cli.py:Epoch 45/100	Loss 6.4421 ± 0.1766
INFO:kbc-cli.py:Epoch 45/100	dev results	MRR 0.938748	H@1 0.894172	H@3 0.976994	H@5 0.988497	H@10 0.995399	H@20 0.998466	H@50 1.000000	H@100 1.000000
INFO:kbc-cli.py:Epoch 45/100	test results	MRR 0.936307	H@1 0.888805	H@3 0.983359	H@5 0.990923	H@10 0.997731	H@20 0.998487	H@50 0.999244	H@100 1.000000
INFO:kbc-cli.py:Epoch 46/100	Loss 6.4399 ± 0.1486
INFO:kbc-cli.py:Epoch 47/100	Loss 6.4410 ± 0.1603
INFO:kbc-cli.py:Epoch 48/100	Loss 6.4349 ± 0.1629
INFO:kbc-cli.py:Epoch 48/100	dev results	MRR 0.934799	H@1 0.887270	H@3 0.978528	H@5 0.988497	H@10 0.995399	H@20 0.998466	H@50 1.000000	H@100 1.000000
INFO:kbc-cli.py:Epoch 48/100	test results	MRR 0.933056	H@1 0.881997	H@3 0.984115	H@5 0.992436	H@10 0.997731	H@20 0.998487	H@50 0.999244	H@100 1.000000
INFO:kbc-cli.py:Epoch 49/100	Loss 6.4373 ± 0.1701
INFO:kbc-cli.py:Epoch 50/100	Loss 6.4317 ± 0.1354
INFO:kbc-cli.py:Epoch 51/100	Loss 6.4334 ± 0.1866
INFO:kbc-cli.py:Epoch 51/100	dev results	MRR 0.937305	H@1 0.892638	H@3 0.976994	H@5 0.988497	H@10 0.995399	H@20 0.998466	H@50 1.000000	H@100 1.000000
INFO:kbc-cli.py:Epoch 51/100	test results	MRR 0.935915	H@1 0.888805	H@3 0.981089	H@5 0.990923	H@10 0.997731	H@20 0.998487	H@50 0.999244	H@100 1.000000
INFO:kbc-cli.py:Epoch 52/100	Loss 6.4311 ± 0.1617
INFO:kbc-cli.py:Epoch 53/100	Loss 6.4265 ± 0.1630
INFO:kbc-cli.py:Epoch 54/100	Loss 6.4287 ± 0.1791
INFO:kbc-cli.py:Epoch 54/100	dev results	MRR 0.937158	H@1 0.892638	H@3 0.977761	H@5 0.988497	H@10 0.995399	H@20 0.999233	H@50 1.000000	H@100 1.000000
INFO:kbc-cli.py:Epoch 54/100	test results	MRR 0.937414	H@1 0.891074	H@3 0.982602	H@5 0.990923	H@10 0.997731	H@20 0.998487	H@50 0.999244	H@100 1.000000
INFO:kbc-cli.py:Epoch 55/100	Loss 6.4256 ± 0.1545
INFO:kbc-cli.py:Epoch 56/100	Loss 6.4237 ± 0.1446
INFO:kbc-cli.py:Epoch 57/100	Loss 6.4236 ± 0.1648
INFO:kbc-cli.py:Epoch 57/100	dev results	MRR 0.939663	H@1 0.896472	H@3 0.978528	H@5 0.988497	H@10 0.994632	H@20 0.998466	H@50 1.000000	H@100 1.000000
INFO:kbc-cli.py:Epoch 57/100	test results	MRR 0.938003	H@1 0.892587	H@3 0.981846	H@5 0.989410	H@10 0.997731	H@20 0.998487	H@50 0.999244	H@100 1.000000
INFO:kbc-cli.py:Epoch 58/100	Loss 6.4181 ± 0.1464
INFO:kbc-cli.py:Epoch 59/100	Loss 6.4169 ± 0.1647
INFO:kbc-cli.py:Epoch 60/100	Loss 6.4191 ± 0.1476
INFO:kbc-cli.py:Epoch 60/100	dev results	MRR 0.939879	H@1 0.897239	H@3 0.979294	H@5 0.988497	H@10 0.995399	H@20 0.998466	H@50 1.000000	H@100 1.000000
INFO:kbc-cli.py:Epoch 60/100	test results	MRR 0.934367	H@1 0.885779	H@3 0.981089	H@5 0.989410	H@10 0.996974	H@20 0.998487	H@50 0.999244	H@100 1.000000
INFO:kbc-cli.py:Epoch 61/100	Loss 6.4173 ± 0.1419
INFO:kbc-cli.py:Epoch 62/100	Loss 6.4168 ± 0.1783
INFO:kbc-cli.py:Epoch 63/100	Loss 6.4177 ± 0.1689
INFO:kbc-cli.py:Epoch 63/100	dev results	MRR 0.938308	H@1 0.894172	H@3 0.978528	H@5 0.988497	H@10 0.994632	H@20 0.998466	H@50 1.000000	H@100 1.000000
INFO:kbc-cli.py:Epoch 63/100	test results	MRR 0.935542	H@1 0.888805	H@3 0.981089	H@5 0.988654	H@10 0.997731	H@20 0.998487	H@50 0.999244	H@100 1.000000
INFO:kbc-cli.py:Epoch 64/100	Loss 6.4131 ± 0.1625
INFO:kbc-cli.py:Epoch 65/100	Loss 6.4104 ± 0.1400
INFO:kbc-cli.py:Epoch 66/100	Loss 6.4065 ± 0.1838
INFO:kbc-cli.py:Epoch 66/100	dev results	MRR 0.939412	H@1 0.895706	H@3 0.979294	H@5 0.988497	H@10 0.995399	H@20 0.998466	H@50 1.000000	H@100 1.000000
INFO:kbc-cli.py:Epoch 66/100	test results	MRR 0.937748	H@1 0.892587	H@3 0.982602	H@5 0.988654	H@10 0.997731	H@20 0.998487	H@50 0.999244	H@100 1.000000
INFO:kbc-cli.py:Epoch 67/100	Loss 6.4072 ± 0.1505
INFO:kbc-cli.py:Epoch 68/100	Loss 6.4095 ± 0.1738
INFO:kbc-cli.py:Epoch 69/100	Loss 6.4072 ± 0.1595
INFO:kbc-cli.py:Epoch 69/100	dev results	MRR 0.937862	H@1 0.892638	H@3 0.979294	H@5 0.988497	H@10 0.995399	H@20 0.998466	H@50 1.000000	H@100 1.000000
INFO:kbc-cli.py:Epoch 69/100	test results	MRR 0.935950	H@1 0.888805	H@3 0.982602	H@5 0.990923	H@10 0.997731	H@20 0.998487	H@50 0.999244	H@100 1.000000
INFO:kbc-cli.py:Epoch 70/100	Loss 6.4064 ± 0.1511
INFO:kbc-cli.py:Epoch 71/100	Loss 6.4067 ± 0.1568
INFO:kbc-cli.py:Epoch 72/100	Loss 6.4030 ± 0.1318
INFO:kbc-cli.py:Epoch 72/100	dev results	MRR 0.936457	H@1 0.890337	H@3 0.976994	H@5 0.988497	H@10 0.994632	H@20 0.998466	H@50 1.000000	H@100 1.000000
INFO:kbc-cli.py:Epoch 72/100	test results	MRR 0.932606	H@1 0.882753	H@3 0.981089	H@5 0.989410	H@10 0.997731	H@20 0.998487	H@50 0.999244	H@100 1.000000
INFO:kbc-cli.py:Epoch 73/100	Loss 6.4021 ± 0.1678
INFO:kbc-cli.py:Epoch 74/100	Loss 6.4023 ± 0.1482
INFO:kbc-cli.py:Epoch 75/100	Loss 6.3994 ± 0.1594
INFO:kbc-cli.py:Epoch 75/100	dev results	MRR 0.937150	H@1 0.891871	H@3 0.978528	H@5 0.988497	H@10 0.994632	H@20 0.998466	H@50 1.000000	H@100 1.000000
INFO:kbc-cli.py:Epoch 75/100	test results	MRR 0.932389	H@1 0.881997	H@3 0.981846	H@5 0.988654	H@10 0.997731	H@20 0.998487	H@50 0.999244	H@100 1.000000
INFO:kbc-cli.py:Epoch 76/100	Loss 6.4005 ± 0.1585
INFO:kbc-cli.py:Epoch 77/100	Loss 6.3971 ± 0.1578
INFO:kbc-cli.py:Epoch 78/100	Loss 6.3959 ± 0.1624
INFO:kbc-cli.py:Epoch 78/100	dev results	MRR 0.939002	H@1 0.894939	H@3 0.978528	H@5 0.988497	H@10 0.994632	H@20 0.998466	H@50 1.000000	H@100 1.000000
INFO:kbc-cli.py:Epoch 78/100	test results	MRR 0.933365	H@1 0.884266	H@3 0.980333	H@5 0.990166	H@10 0.997731	H@20 0.998487	H@50 0.999244	H@100 1.000000
INFO:kbc-cli.py:Epoch 79/100	Loss 6.3949 ± 0.1641
INFO:kbc-cli.py:Epoch 80/100	Loss 6.3935 ± 0.1470
INFO:kbc-cli.py:Epoch 81/100	Loss 6.3951 ± 0.1552
INFO:kbc-cli.py:Epoch 81/100	dev results	MRR 0.936561	H@1 0.891104	H@3 0.977761	H@5 0.988497	H@10 0.994632	H@20 0.998466	H@50 1.000000	H@100 1.000000
INFO:kbc-cli.py:Epoch 81/100	test results	MRR 0.930707	H@1 0.878971	H@3 0.981089	H@5 0.988654	H@10 0.997731	H@20 0.998487	H@50 0.999244	H@100 1.000000
INFO:kbc-cli.py:Epoch 82/100	Loss 6.3929 ± 0.1589
INFO:kbc-cli.py:Epoch 83/100	Loss 6.3920 ± 0.1474
INFO:kbc-cli.py:Epoch 84/100	Loss 6.3893 ± 0.1510
INFO:kbc-cli.py:Epoch 84/100	dev results	MRR 0.936336	H@1 0.890337	H@3 0.978528	H@5 0.988497	H@10 0.994632	H@20 0.998466	H@50 1.000000	H@100 1.000000
INFO:kbc-cli.py:Epoch 84/100	test results	MRR 0.930758	H@1 0.878971	H@3 0.981089	H@5 0.988654	H@10 0.997731	H@20 0.998487	H@50 0.999244	H@100 1.000000
INFO:kbc-cli.py:Epoch 85/100	Loss 6.3917 ± 0.1609
INFO:kbc-cli.py:Epoch 86/100	Loss 6.3921 ± 0.1599
INFO:kbc-cli.py:Epoch 87/100	Loss 6.3862 ± 0.1562
INFO:kbc-cli.py:Epoch 87/100	dev results	MRR 0.937711	H@1 0.893405	H@3 0.977761	H@5 0.988497	H@10 0.994632	H@20 0.998466	H@50 1.000000	H@100 1.000000
INFO:kbc-cli.py:Epoch 87/100	test results	MRR 0.934074	H@1 0.885779	H@3 0.981846	H@5 0.987897	H@10 0.997731	H@20 0.998487	H@50 0.999244	H@100 1.000000
INFO:kbc-cli.py:Epoch 88/100	Loss 6.3895 ± 0.1526
INFO:kbc-cli.py:Epoch 89/100	Loss 6.3881 ± 0.1552
INFO:kbc-cli.py:Epoch 90/100	Loss 6.3860 ± 0.1374
INFO:kbc-cli.py:Epoch 90/100	dev results	MRR 0.937987	H@1 0.894172	H@3 0.976994	H@5 0.987730	H@10 0.994632	H@20 0.998466	H@50 1.000000	H@100 1.000000
INFO:kbc-cli.py:Epoch 90/100	test results	MRR 0.932540	H@1 0.882753	H@3 0.980333	H@5 0.988654	H@10 0.997731	H@20 0.998487	H@50 0.999244	H@100 1.000000
INFO:kbc-cli.py:Epoch 91/100	Loss 6.3845 ± 0.1342
INFO:kbc-cli.py:Epoch 92/100	Loss 6.3857 ± 0.1503
INFO:kbc-cli.py:Epoch 93/100	Loss 6.3855 ± 0.1539
INFO:kbc-cli.py:Epoch 93/100	dev results	MRR 0.936946	H@1 0.891871	H@3 0.976994	H@5 0.988497	H@10 0.994632	H@20 0.998466	H@50 1.000000	H@100 1.000000
INFO:kbc-cli.py:Epoch 93/100	test results	MRR 0.932345	H@1 0.881997	H@3 0.980333	H@5 0.987897	H@10 0.997731	H@20 0.998487	H@50 0.999244	H@100 1.000000
INFO:kbc-cli.py:Epoch 94/100	Loss 6.3824 ± 0.1801
INFO:kbc-cli.py:Epoch 95/100	Loss 6.3839 ± 0.1600
INFO:kbc-cli.py:Epoch 96/100	Loss 6.3798 ± 0.1520
INFO:kbc-cli.py:Epoch 96/100	dev results	MRR 0.936710	H@1 0.891871	H@3 0.976227	H@5 0.987730	H@10 0.994632	H@20 0.998466	H@50 1.000000	H@100 1.000000
INFO:kbc-cli.py:Epoch 96/100	test results	MRR 0.934749	H@1 0.887292	H@3 0.980333	H@5 0.987897	H@10 0.997731	H@20 0.998487	H@50 0.999244	H@100 1.000000
INFO:kbc-cli.py:Epoch 97/100	Loss 6.3804 ± 0.1504
INFO:kbc-cli.py:Epoch 98/100	Loss 6.3781 ± 0.1574
INFO:kbc-cli.py:Epoch 99/100	Loss 6.3831 ± 0.1529
INFO:kbc-cli.py:Epoch 99/100	dev results	MRR 0.937286	H@1 0.892638	H@3 0.976994	H@5 0.988497	H@10 0.994632	H@20 0.998466	H@50 1.000000	H@100 1.000000
INFO:kbc-cli.py:Epoch 99/100	test results	MRR 0.934751	H@1 0.887292	H@3 0.980333	H@5 0.987897	H@10 0.997731	H@20 0.998487	H@50 1.000000	H@100 1.000000
INFO:kbc-cli.py:Epoch 100/100	Loss 6.3811 ± 0.1447
INFO:kbc-cli.py:Final 	dev results	MRR 0.937608	H@1 0.893405	H@3 0.976227	H@5 0.988497	H@10 0.994632	H@20 0.998466	H@50 1.000000	H@100 1.000000
INFO:kbc-cli.py:Final 	test results	MRR 0.934641	H@1 0.887292	H@3 0.980333	H@5 0.987897	H@10 0.997731	H@20 0.998487	H@50 1.000000	H@100 1.000000
INFO:kbc-cli.py:Training finished
