./bin/kbc-cli.py --train data/kinship/train.tsv --dev data/kinship/dev.tsv --test data/kinship/test.tsv -m complex -k 100 -b 10 -e 100 --F2 0 --N3 0.0001 -l 0.1 -I reciprocal -V 3 -o adagrad -c spo -q
{'F2': 0.0,
 'N3': 0.0001,
 'batch_size': 10,
 'corruption': 'spo',
 'dev': 'data/kinship/dev.tsv',
 'embedding_size': 100,
 'epochs': 100,
 'eval_batch_size': None,
 'input_type': 'reciprocal',
 'learning_rate': 0.1,
 'load': None,
 'model': 'complex',
 'optimizer': 'adagrad',
 'quiet': True,
 'save': None,
 'seed': 0,
 'test': 'data/kinship/test.tsv',
 'test_i': None,
 'test_ii': None,
 'train': 'data/kinship/train.tsv',
 'validate_every': 3}
INFO:kbc-cli.py:Device: cuda
INFO:kbc-cli.py:Model state:
INFO:kbc-cli.py:	entities.weight	torch.Size([104, 200])
INFO:kbc-cli.py:	predicates.weight	torch.Size([50, 200])
INFO:kbc-cli.py:Epoch 1/100	Loss 8.7183 ± 2.2926
INFO:kbc-cli.py:Epoch 2/100	Loss 6.3059 ± 0.6699
INFO:kbc-cli.py:Epoch 3/100	Loss 5.9218 ± 0.5976
INFO:kbc-cli.py:Epoch 3/100	dev results	MRR 0.833634	H@1 0.742509	H@3 0.908240	H@5 0.946629	H@10 0.977060	H@20 0.987828	H@50 0.992041	H@100 1.000000
INFO:kbc-cli.py:Epoch 3/100	test results	MRR 0.839837	H@1 0.750466	H@3 0.912477	H@5 0.954376	H@10 0.984171	H@20 0.992086	H@50 0.997672	H@100 1.000000
INFO:kbc-cli.py:Epoch 4/100	Loss 5.7031 ± 0.5673
INFO:kbc-cli.py:Epoch 5/100	Loss 5.5512 ± 0.5100
INFO:kbc-cli.py:Epoch 6/100	Loss 5.4405 ± 0.4886
INFO:kbc-cli.py:Epoch 6/100	dev results	MRR 0.842915	H@1 0.756554	H@3 0.914794	H@5 0.948970	H@10 0.976124	H@20 0.987828	H@50 0.992041	H@100 1.000000
INFO:kbc-cli.py:Epoch 6/100	test results	MRR 0.847406	H@1 0.762570	H@3 0.917598	H@5 0.958566	H@10 0.985568	H@20 0.993017	H@50 0.997672	H@100 1.000000
INFO:kbc-cli.py:Epoch 7/100	Loss 5.3535 ± 0.4730
INFO:kbc-cli.py:Epoch 8/100	Loss 5.2853 ± 0.4506
INFO:kbc-cli.py:Epoch 9/100	Loss 5.2289 ± 0.4360
INFO:kbc-cli.py:Epoch 9/100	dev results	MRR 0.841026	H@1 0.756086	H@3 0.910112	H@5 0.945693	H@10 0.975655	H@20 0.986891	H@50 0.991573	H@100 1.000000
INFO:kbc-cli.py:Epoch 9/100	test results	MRR 0.842954	H@1 0.756983	H@3 0.915270	H@5 0.953445	H@10 0.984171	H@20 0.992551	H@50 0.997672	H@100 1.000000
INFO:kbc-cli.py:Epoch 10/100	Loss 5.1805 ± 0.4299
INFO:kbc-cli.py:Epoch 11/100	Loss 5.1406 ± 0.4075
INFO:kbc-cli.py:Epoch 12/100	Loss 5.1060 ± 0.4001
INFO:kbc-cli.py:Epoch 12/100	dev results	MRR 0.834357	H@1 0.747191	H@3 0.905431	H@5 0.942416	H@10 0.973783	H@20 0.986891	H@50 0.992041	H@100 1.000000
INFO:kbc-cli.py:Epoch 12/100	test results	MRR 0.834422	H@1 0.744413	H@3 0.908287	H@5 0.948790	H@10 0.984637	H@20 0.992086	H@50 0.997672	H@100 1.000000
INFO:kbc-cli.py:Epoch 13/100	Loss 5.0755 ± 0.4067
INFO:kbc-cli.py:Epoch 14/100	Loss 5.0484 ± 0.4039
INFO:kbc-cli.py:Epoch 15/100	Loss 5.0245 ± 0.3818
INFO:kbc-cli.py:Epoch 15/100	dev results	MRR 0.825956	H@1 0.734082	H@3 0.903558	H@5 0.939607	H@10 0.969569	H@20 0.986423	H@50 0.992041	H@100 1.000000
INFO:kbc-cli.py:Epoch 15/100	test results	MRR 0.825788	H@1 0.729981	H@3 0.909218	H@5 0.948790	H@10 0.983240	H@20 0.991620	H@50 0.997672	H@100 1.000000
INFO:kbc-cli.py:Epoch 16/100	Loss 5.0023 ± 0.3736
INFO:kbc-cli.py:Epoch 17/100	Loss 4.9844 ± 0.3737
INFO:kbc-cli.py:Epoch 18/100	Loss 4.9658 ± 0.3765
INFO:kbc-cli.py:Epoch 18/100	dev results	MRR 0.817749	H@1 0.722378	H@3 0.899345	H@5 0.937266	H@10 0.968633	H@20 0.985487	H@50 0.992041	H@100 1.000000
INFO:kbc-cli.py:Epoch 18/100	test results	MRR 0.823292	H@1 0.728119	H@3 0.903166	H@5 0.947858	H@10 0.983240	H@20 0.993017	H@50 0.997672	H@100 1.000000
INFO:kbc-cli.py:Epoch 19/100	Loss 4.9502 ± 0.3814
INFO:kbc-cli.py:Epoch 20/100	Loss 4.9366 ± 0.3651
INFO:kbc-cli.py:Epoch 21/100	Loss 4.9232 ± 0.3632
INFO:kbc-cli.py:Epoch 21/100	dev results	MRR 0.814737	H@1 0.718633	H@3 0.898876	H@5 0.932584	H@10 0.967697	H@20 0.984082	H@50 0.991573	H@100 1.000000
INFO:kbc-cli.py:Epoch 21/100	test results	MRR 0.818560	H@1 0.721601	H@3 0.899441	H@5 0.945996	H@10 0.981844	H@20 0.991620	H@50 0.997672	H@100 1.000000
INFO:kbc-cli.py:Epoch 22/100	Loss 4.9103 ± 0.3788
INFO:kbc-cli.py:Epoch 23/100	Loss 4.8993 ± 0.3636
INFO:kbc-cli.py:Epoch 24/100	Loss 4.8890 ± 0.3562
INFO:kbc-cli.py:Epoch 24/100	dev results	MRR 0.810361	H@1 0.712547	H@3 0.896067	H@5 0.933052	H@10 0.968165	H@20 0.982210	H@50 0.990637	H@100 1.000000
INFO:kbc-cli.py:Epoch 24/100	test results	MRR 0.815645	H@1 0.716946	H@3 0.897579	H@5 0.947393	H@10 0.980912	H@20 0.992086	H@50 0.997672	H@100 1.000000
INFO:kbc-cli.py:Epoch 25/100	Loss 4.8789 ± 0.3584
INFO:kbc-cli.py:Epoch 26/100	Loss 4.8695 ± 0.3554
INFO:kbc-cli.py:Epoch 27/100	Loss 4.8616 ± 0.3494
INFO:kbc-cli.py:Epoch 27/100	dev results	MRR 0.808079	H@1 0.709738	H@3 0.897004	H@5 0.932116	H@10 0.966760	H@20 0.982210	H@50 0.990637	H@100 1.000000
INFO:kbc-cli.py:Epoch 27/100	test results	MRR 0.811453	H@1 0.711825	H@3 0.891993	H@5 0.946462	H@10 0.981378	H@20 0.992086	H@50 0.997672	H@100 1.000000
INFO:kbc-cli.py:Epoch 28/100	Loss 4.8534 ± 0.3549
INFO:kbc-cli.py:Epoch 29/100	Loss 4.8466 ± 0.3507
INFO:kbc-cli.py:Epoch 30/100	Loss 4.8380 ± 0.3565
INFO:kbc-cli.py:Epoch 30/100	dev results	MRR 0.803931	H@1 0.704120	H@3 0.893258	H@5 0.933521	H@10 0.965824	H@20 0.982210	H@50 0.990637	H@100 1.000000
INFO:kbc-cli.py:Epoch 30/100	test results	MRR 0.809243	H@1 0.708566	H@3 0.891527	H@5 0.944600	H@10 0.980447	H@20 0.992086	H@50 0.997207	H@100 1.000000
INFO:kbc-cli.py:Epoch 31/100	Loss 4.8325 ± 0.3500
INFO:kbc-cli.py:Epoch 32/100	Loss 4.8259 ± 0.3469
INFO:kbc-cli.py:Epoch 33/100	Loss 4.8200 ± 0.3448
INFO:kbc-cli.py:Epoch 33/100	dev results	MRR 0.802970	H@1 0.704588	H@3 0.887640	H@5 0.932116	H@10 0.964888	H@20 0.982678	H@50 0.990637	H@100 1.000000
INFO:kbc-cli.py:Epoch 33/100	test results	MRR 0.805436	H@1 0.702980	H@3 0.889199	H@5 0.941806	H@10 0.980912	H@20 0.991620	H@50 0.997207	H@100 1.000000
INFO:kbc-cli.py:Epoch 34/100	Loss 4.8148 ± 0.3434
INFO:kbc-cli.py:Epoch 35/100	Loss 4.8093 ± 0.3407
INFO:kbc-cli.py:Epoch 36/100	Loss 4.8031 ± 0.3388
INFO:kbc-cli.py:Epoch 36/100	dev results	MRR 0.802783	H@1 0.705524	H@3 0.887640	H@5 0.932116	H@10 0.964419	H@20 0.982678	H@50 0.990637	H@100 1.000000
INFO:kbc-cli.py:Epoch 36/100	test results	MRR 0.801817	H@1 0.696927	H@3 0.886872	H@5 0.940875	H@10 0.980447	H@20 0.991620	H@50 0.997207	H@100 1.000000
INFO:kbc-cli.py:Epoch 37/100	Loss 4.7983 ± 0.3410
INFO:kbc-cli.py:Epoch 38/100	Loss 4.7940 ± 0.3430
INFO:kbc-cli.py:Epoch 39/100	Loss 4.7895 ± 0.3425
INFO:kbc-cli.py:Epoch 39/100	dev results	MRR 0.798332	H@1 0.697097	H@3 0.883427	H@5 0.930712	H@10 0.963951	H@20 0.982678	H@50 0.990637	H@100 1.000000
INFO:kbc-cli.py:Epoch 39/100	test results	MRR 0.804522	H@1 0.702980	H@3 0.886872	H@5 0.939479	H@10 0.980912	H@20 0.991620	H@50 0.997207	H@100 1.000000
INFO:kbc-cli.py:Epoch 40/100	Loss 4.7851 ± 0.3469
INFO:kbc-cli.py:Epoch 41/100	Loss 4.7819 ± 0.3439
INFO:kbc-cli.py:Epoch 42/100	Loss 4.7774 ± 0.3400
INFO:kbc-cli.py:Epoch 42/100	dev results	MRR 0.797264	H@1 0.696629	H@3 0.881554	H@5 0.929775	H@10 0.963951	H@20 0.982678	H@50 0.990169	H@100 1.000000
INFO:kbc-cli.py:Epoch 42/100	test results	MRR 0.799220	H@1 0.695065	H@3 0.884544	H@5 0.938082	H@10 0.979981	H@20 0.991155	H@50 0.997207	H@100 1.000000
INFO:kbc-cli.py:Epoch 43/100	Loss 4.7738 ± 0.3483
INFO:kbc-cli.py:Epoch 44/100	Loss 4.7701 ± 0.3395
INFO:kbc-cli.py:Epoch 45/100	Loss 4.7664 ± 0.3276
INFO:kbc-cli.py:Epoch 45/100	dev results	MRR 0.793295	H@1 0.689607	H@3 0.880150	H@5 0.929307	H@10 0.963483	H@20 0.982678	H@50 0.990637	H@100 1.000000
INFO:kbc-cli.py:Epoch 45/100	test results	MRR 0.797583	H@1 0.691806	H@3 0.884544	H@5 0.936685	H@10 0.980912	H@20 0.991155	H@50 0.996741	H@100 1.000000
INFO:kbc-cli.py:Epoch 46/100	Loss 4.7632 ± 0.3500
INFO:kbc-cli.py:Epoch 47/100	Loss 4.7606 ± 0.3462
INFO:kbc-cli.py:Epoch 48/100	Loss 4.7570 ± 0.3412
INFO:kbc-cli.py:Epoch 48/100	dev results	MRR 0.792744	H@1 0.689139	H@3 0.880150	H@5 0.927903	H@10 0.963483	H@20 0.982678	H@50 0.990169	H@100 1.000000
INFO:kbc-cli.py:Epoch 48/100	test results	MRR 0.794644	H@1 0.685754	H@3 0.885009	H@5 0.937616	H@10 0.978585	H@20 0.990689	H@50 0.996741	H@100 1.000000
INFO:kbc-cli.py:Epoch 49/100	Loss 4.7537 ± 0.3488
INFO:kbc-cli.py:Epoch 50/100	Loss 4.7507 ± 0.3389
INFO:kbc-cli.py:Epoch 51/100	Loss 4.7485 ± 0.3356
INFO:kbc-cli.py:Epoch 51/100	dev results	MRR 0.788675	H@1 0.682584	H@3 0.879213	H@5 0.928839	H@10 0.963483	H@20 0.982678	H@50 0.990169	H@100 1.000000
INFO:kbc-cli.py:Epoch 51/100	test results	MRR 0.793077	H@1 0.684358	H@3 0.882682	H@5 0.936220	H@10 0.979516	H@20 0.990689	H@50 0.996741	H@100 1.000000
INFO:kbc-cli.py:Epoch 52/100	Loss 4.7456 ± 0.3435
INFO:kbc-cli.py:Epoch 53/100	Loss 4.7431 ± 0.3313
INFO:kbc-cli.py:Epoch 54/100	Loss 4.7404 ± 0.3288
INFO:kbc-cli.py:Epoch 54/100	dev results	MRR 0.785137	H@1 0.677434	H@3 0.876873	H@5 0.927903	H@10 0.962547	H@20 0.982678	H@50 0.990169	H@100 1.000000
INFO:kbc-cli.py:Epoch 54/100	test results	MRR 0.791942	H@1 0.682495	H@3 0.881285	H@5 0.935289	H@10 0.979516	H@20 0.990689	H@50 0.996741	H@100 1.000000
INFO:kbc-cli.py:Epoch 55/100	Loss 4.7379 ± 0.3450
INFO:kbc-cli.py:Epoch 56/100	Loss 4.7353 ± 0.3383
INFO:kbc-cli.py:Epoch 57/100	Loss 4.7331 ± 0.3389
INFO:kbc-cli.py:Epoch 57/100	dev results	MRR 0.788541	H@1 0.684925	H@3 0.877341	H@5 0.927434	H@10 0.962547	H@20 0.982678	H@50 0.990637	H@100 1.000000
INFO:kbc-cli.py:Epoch 57/100	test results	MRR 0.790105	H@1 0.679702	H@3 0.879888	H@5 0.934823	H@10 0.977654	H@20 0.990689	H@50 0.996741	H@100 1.000000
INFO:kbc-cli.py:Epoch 58/100	Loss 4.7312 ± 0.3410
INFO:kbc-cli.py:Epoch 59/100	Loss 4.7291 ± 0.3415
INFO:kbc-cli.py:Epoch 60/100	Loss 4.7267 ± 0.3390
INFO:kbc-cli.py:Epoch 60/100	dev results	MRR 0.785105	H@1 0.679775	H@3 0.875468	H@5 0.926966	H@10 0.962547	H@20 0.982210	H@50 0.990637	H@100 1.000000
INFO:kbc-cli.py:Epoch 60/100	test results	MRR 0.789389	H@1 0.679236	H@3 0.878492	H@5 0.933892	H@10 0.978119	H@20 0.990223	H@50 0.996741	H@100 1.000000
INFO:kbc-cli.py:Epoch 61/100	Loss 4.7246 ± 0.3334
INFO:kbc-cli.py:Epoch 62/100	Loss 4.7223 ± 0.3312
INFO:kbc-cli.py:Epoch 63/100	Loss 4.7205 ± 0.3309
INFO:kbc-cli.py:Epoch 63/100	dev results	MRR 0.784662	H@1 0.678839	H@3 0.873596	H@5 0.926966	H@10 0.961610	H@20 0.981742	H@50 0.990637	H@100 1.000000
INFO:kbc-cli.py:Epoch 63/100	test results	MRR 0.789221	H@1 0.678771	H@3 0.877561	H@5 0.932495	H@10 0.978119	H@20 0.989758	H@50 0.996741	H@100 1.000000
INFO:kbc-cli.py:Epoch 64/100	Loss 4.7183 ± 0.3284
INFO:kbc-cli.py:Epoch 65/100	Loss 4.7170 ± 0.3275
INFO:kbc-cli.py:Epoch 66/100	Loss 4.7148 ± 0.3365
INFO:kbc-cli.py:Epoch 66/100	dev results	MRR 0.781730	H@1 0.674625	H@3 0.872659	H@5 0.925562	H@10 0.962547	H@20 0.981742	H@50 0.990169	H@100 1.000000
INFO:kbc-cli.py:Epoch 66/100	test results	MRR 0.789426	H@1 0.680168	H@3 0.876164	H@5 0.931564	H@10 0.977654	H@20 0.989758	H@50 0.997207	H@100 1.000000
INFO:kbc-cli.py:Epoch 67/100	Loss 4.7132 ± 0.3379
INFO:kbc-cli.py:Epoch 68/100	Loss 4.7117 ± 0.3394
INFO:kbc-cli.py:Epoch 69/100	Loss 4.7099 ± 0.3215
INFO:kbc-cli.py:Epoch 69/100	dev results	MRR 0.779244	H@1 0.670412	H@3 0.871255	H@5 0.926030	H@10 0.962079	H@20 0.982210	H@50 0.989700	H@100 1.000000
INFO:kbc-cli.py:Epoch 69/100	test results	MRR 0.787337	H@1 0.676909	H@3 0.876164	H@5 0.932495	H@10 0.977188	H@20 0.989758	H@50 0.997207	H@100 1.000000
INFO:kbc-cli.py:Epoch 70/100	Loss 4.7083 ± 0.3332
INFO:kbc-cli.py:Epoch 71/100	Loss 4.7066 ± 0.3284
INFO:kbc-cli.py:Epoch 72/100	Loss 4.7051 ± 0.3299
INFO:kbc-cli.py:Epoch 72/100	dev results	MRR 0.779554	H@1 0.673221	H@3 0.869382	H@5 0.924625	H@10 0.961142	H@20 0.981742	H@50 0.989700	H@100 1.000000
INFO:kbc-cli.py:Epoch 72/100	test results	MRR 0.787120	H@1 0.676443	H@3 0.875233	H@5 0.931099	H@10 0.977188	H@20 0.989758	H@50 0.997207	H@100 1.000000
INFO:kbc-cli.py:Epoch 73/100	Loss 4.7040 ± 0.3379
INFO:kbc-cli.py:Epoch 74/100	Loss 4.7025 ± 0.3343
INFO:kbc-cli.py:Epoch 75/100	Loss 4.7009 ± 0.3362
INFO:kbc-cli.py:Epoch 75/100	dev results	MRR 0.779177	H@1 0.671816	H@3 0.868446	H@5 0.922285	H@10 0.961610	H@20 0.982210	H@50 0.989700	H@100 1.000000
INFO:kbc-cli.py:Epoch 75/100	test results	MRR 0.783326	H@1 0.670391	H@3 0.872905	H@5 0.931564	H@10 0.977188	H@20 0.989758	H@50 0.996741	H@100 1.000000
INFO:kbc-cli.py:Epoch 76/100	Loss 4.6996 ± 0.3270
INFO:kbc-cli.py:Epoch 77/100	Loss 4.6982 ± 0.3302
INFO:kbc-cli.py:Epoch 78/100	Loss 4.6966 ± 0.3222
INFO:kbc-cli.py:Epoch 78/100	dev results	MRR 0.777663	H@1 0.669944	H@3 0.868914	H@5 0.923689	H@10 0.961142	H@20 0.982210	H@50 0.989700	H@100 1.000000
INFO:kbc-cli.py:Epoch 78/100	test results	MRR 0.784477	H@1 0.671788	H@3 0.873836	H@5 0.933426	H@10 0.977654	H@20 0.989758	H@50 0.997207	H@100 1.000000
INFO:kbc-cli.py:Epoch 79/100	Loss 4.6952 ± 0.3372
INFO:kbc-cli.py:Epoch 80/100	Loss 4.6937 ± 0.3430
INFO:kbc-cli.py:Epoch 81/100	Loss 4.6931 ± 0.3266
INFO:kbc-cli.py:Epoch 81/100	dev results	MRR 0.778240	H@1 0.671348	H@3 0.868446	H@5 0.922753	H@10 0.961142	H@20 0.981273	H@50 0.989232	H@100 1.000000
INFO:kbc-cli.py:Epoch 81/100	test results	MRR 0.782650	H@1 0.669926	H@3 0.872905	H@5 0.931564	H@10 0.977188	H@20 0.989758	H@50 0.996741	H@100 1.000000
INFO:kbc-cli.py:Epoch 82/100	Loss 4.6916 ± 0.3339
INFO:kbc-cli.py:Epoch 83/100	Loss 4.6906 ± 0.3390
INFO:kbc-cli.py:Epoch 84/100	Loss 4.6891 ± 0.3168
INFO:kbc-cli.py:Epoch 84/100	dev results	MRR 0.774706	H@1 0.665262	H@3 0.867041	H@5 0.921816	H@10 0.961142	H@20 0.981742	H@50 0.989232	H@100 1.000000
INFO:kbc-cli.py:Epoch 84/100	test results	MRR 0.780620	H@1 0.666201	H@3 0.871508	H@5 0.931564	H@10 0.977188	H@20 0.989758	H@50 0.997207	H@100 1.000000
INFO:kbc-cli.py:Epoch 85/100	Loss 4.6878 ± 0.3272
INFO:kbc-cli.py:Epoch 86/100	Loss 4.6870 ± 0.3279
INFO:kbc-cli.py:Epoch 87/100	Loss 4.6856 ± 0.3358
INFO:kbc-cli.py:Epoch 87/100	dev results	MRR 0.774713	H@1 0.665730	H@3 0.865637	H@5 0.922285	H@10 0.961142	H@20 0.981273	H@50 0.989700	H@100 1.000000
INFO:kbc-cli.py:Epoch 87/100	test results	MRR 0.779234	H@1 0.664804	H@3 0.870112	H@5 0.931564	H@10 0.977188	H@20 0.989758	H@50 0.996741	H@100 1.000000
INFO:kbc-cli.py:Epoch 88/100	Loss 4.6846 ± 0.3277
INFO:kbc-cli.py:Epoch 89/100	Loss 4.6835 ± 0.3288
INFO:kbc-cli.py:Epoch 90/100	Loss 4.6823 ± 0.3272
INFO:kbc-cli.py:Epoch 90/100	dev results	MRR 0.772911	H@1 0.662453	H@3 0.865169	H@5 0.921348	H@10 0.961142	H@20 0.980805	H@50 0.989232	H@100 1.000000
INFO:kbc-cli.py:Epoch 90/100	test results	MRR 0.779184	H@1 0.665270	H@3 0.870577	H@5 0.930633	H@10 0.976723	H@20 0.989758	H@50 0.996741	H@100 1.000000
INFO:kbc-cli.py:Epoch 91/100	Loss 4.6812 ± 0.3350
INFO:kbc-cli.py:Epoch 92/100	Loss 4.6805 ± 0.3433
INFO:kbc-cli.py:Epoch 93/100	Loss 4.6794 ± 0.3324
INFO:kbc-cli.py:Epoch 93/100	dev results	MRR 0.773759	H@1 0.664326	H@3 0.865637	H@5 0.922285	H@10 0.960674	H@20 0.980805	H@50 0.989232	H@100 1.000000
INFO:kbc-cli.py:Epoch 93/100	test results	MRR 0.779016	H@1 0.664804	H@3 0.870577	H@5 0.932030	H@10 0.976723	H@20 0.989758	H@50 0.996741	H@100 1.000000
INFO:kbc-cli.py:Epoch 94/100	Loss 4.6781 ± 0.3356
INFO:kbc-cli.py:Epoch 95/100	Loss 4.6772 ± 0.3316
INFO:kbc-cli.py:Epoch 96/100	Loss 4.6764 ± 0.3223
INFO:kbc-cli.py:Epoch 96/100	dev results	MRR 0.772656	H@1 0.662453	H@3 0.864700	H@5 0.921348	H@10 0.960674	H@20 0.980337	H@50 0.989232	H@100 1.000000
INFO:kbc-cli.py:Epoch 96/100	test results	MRR 0.776970	H@1 0.660615	H@3 0.871043	H@5 0.931564	H@10 0.976257	H@20 0.989758	H@50 0.997207	H@100 1.000000
INFO:kbc-cli.py:Epoch 97/100	Loss 4.6754 ± 0.3302
INFO:kbc-cli.py:Epoch 98/100	Loss 4.6747 ± 0.3384
INFO:kbc-cli.py:Epoch 99/100	Loss 4.6737 ± 0.3280
INFO:kbc-cli.py:Epoch 99/100	dev results	MRR 0.769937	H@1 0.657772	H@3 0.863296	H@5 0.921348	H@10 0.960206	H@20 0.980337	H@50 0.989232	H@100 1.000000
INFO:kbc-cli.py:Epoch 99/100	test results	MRR 0.777764	H@1 0.663408	H@3 0.868250	H@5 0.930633	H@10 0.976723	H@20 0.989758	H@50 0.996741	H@100 1.000000
INFO:kbc-cli.py:Epoch 100/100	Loss 4.6728 ± 0.3281
INFO:kbc-cli.py:Final 	dev results	MRR 0.772025	H@1 0.661985	H@3 0.861891	H@5 0.921348	H@10 0.960206	H@20 0.980337	H@50 0.989232	H@100 1.000000
INFO:kbc-cli.py:Final 	test results	MRR 0.777005	H@1 0.662477	H@3 0.867318	H@5 0.930168	H@10 0.977188	H@20 0.989758	H@50 0.996741	H@100 1.000000
INFO:kbc-cli.py:Training finished
