./bin/kbc-cli.py --train data/umls/train.tsv --dev data/umls/dev.tsv --test data/umls/test.tsv -m complex -k 100 -b 10 -e 100 --F2 0 --N3 0.001 -l 0.1 -I reciprocal -V 3 -o adagrad -c spo -q
{'F2': 0.0,
 'N3': 0.001,
 'batch_size': 10,
 'corruption': 'spo',
 'dev': 'data/umls/dev.tsv',
 'embedding_size': 100,
 'epochs': 100,
 'eval_batch_size': None,
 'input_type': 'reciprocal',
 'learning_rate': 0.1,
 'load': None,
 'model': 'complex',
 'optimizer': 'adagrad',
 'quiet': True,
 'save': None,
 'seed': 0,
 'test': 'data/umls/test.tsv',
 'test_i': None,
 'test_ii': None,
 'train': 'data/umls/train.tsv',
 'validate_every': 3}
INFO:kbc-cli.py:Device: cuda
INFO:kbc-cli.py:Model state:
INFO:kbc-cli.py:	entities.weight	torch.Size([135, 200])
INFO:kbc-cli.py:	predicates.weight	torch.Size([92, 200])
INFO:kbc-cli.py:Epoch 1/100	Loss 9.3034 ± 2.1338
INFO:kbc-cli.py:Epoch 2/100	Loss 6.9443 ± 0.5918
INFO:kbc-cli.py:Epoch 3/100	Loss 6.6065 ± 0.5287
INFO:kbc-cli.py:Epoch 3/100	dev results	MRR 0.917934	H@1 0.861196	H@3 0.973160	H@5 0.981595	H@10 0.985429	H@20 0.993865	H@50 0.997699	H@100 0.999233
INFO:kbc-cli.py:Epoch 3/100	test results	MRR 0.909447	H@1 0.838880	H@3 0.977307	H@5 0.985628	H@10 0.993192	H@20 0.996974	H@50 0.998487	H@100 0.999244
INFO:kbc-cli.py:Epoch 4/100	Loss 6.4584 ± 0.5331
INFO:kbc-cli.py:Epoch 5/100	Loss 6.3670 ± 0.5059
INFO:kbc-cli.py:Epoch 6/100	Loss 6.2997 ± 0.5145
INFO:kbc-cli.py:Epoch 6/100	dev results	MRR 0.939785	H@1 0.899540	H@3 0.978528	H@5 0.985429	H@10 0.991564	H@20 0.995399	H@50 0.998466	H@100 0.999233
INFO:kbc-cli.py:Epoch 6/100	test results	MRR 0.942735	H@1 0.899395	H@3 0.984871	H@5 0.993949	H@10 0.996218	H@20 0.997731	H@50 0.998487	H@100 1.000000
INFO:kbc-cli.py:Epoch 7/100	Loss 6.2526 ± 0.5131
INFO:kbc-cli.py:Epoch 8/100	Loss 6.2145 ± 0.5303
INFO:kbc-cli.py:Epoch 9/100	Loss 6.1798 ± 0.5041
INFO:kbc-cli.py:Epoch 9/100	dev results	MRR 0.948041	H@1 0.914877	H@3 0.980828	H@5 0.985429	H@10 0.992331	H@20 0.994632	H@50 0.998466	H@100 1.000000
INFO:kbc-cli.py:Epoch 9/100	test results	MRR 0.947793	H@1 0.909228	H@3 0.984871	H@5 0.993192	H@10 0.996218	H@20 0.997731	H@50 0.998487	H@100 1.000000
INFO:kbc-cli.py:Epoch 10/100	Loss 6.1521 ± 0.5116
INFO:kbc-cli.py:Epoch 11/100	Loss 6.1296 ± 0.5221
INFO:kbc-cli.py:Epoch 12/100	Loss 6.1084 ± 0.5246
INFO:kbc-cli.py:Epoch 12/100	dev results	MRR 0.951372	H@1 0.921012	H@3 0.978528	H@5 0.987730	H@10 0.993098	H@20 0.995399	H@50 0.998466	H@100 1.000000
INFO:kbc-cli.py:Epoch 12/100	test results	MRR 0.949982	H@1 0.913011	H@3 0.984871	H@5 0.993192	H@10 0.996974	H@20 0.997731	H@50 0.999244	H@100 1.000000
INFO:kbc-cli.py:Epoch 13/100	Loss 6.0896 ± 0.4934
INFO:kbc-cli.py:Epoch 14/100	Loss 6.0739 ± 0.5035
INFO:kbc-cli.py:Epoch 15/100	Loss 6.0573 ± 0.5075
INFO:kbc-cli.py:Epoch 15/100	dev results	MRR 0.948619	H@1 0.914877	H@3 0.979294	H@5 0.986963	H@10 0.993098	H@20 0.995399	H@50 0.998466	H@100 1.000000
INFO:kbc-cli.py:Epoch 15/100	test results	MRR 0.947503	H@1 0.909228	H@3 0.984115	H@5 0.993192	H@10 0.996974	H@20 0.997731	H@50 0.999244	H@100 1.000000
INFO:kbc-cli.py:Epoch 16/100	Loss 6.0426 ± 0.4989
INFO:kbc-cli.py:Epoch 17/100	Loss 6.0315 ± 0.5036
INFO:kbc-cli.py:Epoch 18/100	Loss 6.0188 ± 0.4892
INFO:kbc-cli.py:Epoch 18/100	dev results	MRR 0.952168	H@1 0.921779	H@3 0.978528	H@5 0.986963	H@10 0.992331	H@20 0.995399	H@50 0.998466	H@100 1.000000
INFO:kbc-cli.py:Epoch 18/100	test results	MRR 0.945822	H@1 0.906959	H@3 0.982602	H@5 0.993192	H@10 0.996218	H@20 0.997731	H@50 0.999244	H@100 1.000000
INFO:kbc-cli.py:Epoch 19/100	Loss 6.0096 ± 0.5028
INFO:kbc-cli.py:Epoch 20/100	Loss 5.9979 ± 0.4971
INFO:kbc-cli.py:Epoch 21/100	Loss 5.9930 ± 0.4990
INFO:kbc-cli.py:Epoch 21/100	dev results	MRR 0.948674	H@1 0.916411	H@3 0.977761	H@5 0.986196	H@10 0.992331	H@20 0.995399	H@50 0.998466	H@100 1.000000
INFO:kbc-cli.py:Epoch 21/100	test results	MRR 0.946009	H@1 0.907716	H@3 0.980333	H@5 0.992436	H@10 0.995461	H@20 0.997731	H@50 0.999244	H@100 1.000000
INFO:kbc-cli.py:Epoch 22/100	Loss 5.9813 ± 0.4787
INFO:kbc-cli.py:Epoch 23/100	Loss 5.9738 ± 0.4868
INFO:kbc-cli.py:Epoch 24/100	Loss 5.9675 ± 0.4696
INFO:kbc-cli.py:Epoch 24/100	dev results	MRR 0.948338	H@1 0.915644	H@3 0.977761	H@5 0.986963	H@10 0.992331	H@20 0.995399	H@50 0.998466	H@100 1.000000
INFO:kbc-cli.py:Epoch 24/100	test results	MRR 0.948922	H@1 0.914523	H@3 0.979576	H@5 0.991679	H@10 0.995461	H@20 0.997731	H@50 0.999244	H@100 1.000000
INFO:kbc-cli.py:Epoch 25/100	Loss 5.9601 ± 0.4894
INFO:kbc-cli.py:Epoch 26/100	Loss 5.9539 ± 0.5129
INFO:kbc-cli.py:Epoch 27/100	Loss 5.9485 ± 0.4739
INFO:kbc-cli.py:Epoch 27/100	dev results	MRR 0.950593	H@1 0.920245	H@3 0.978528	H@5 0.986196	H@10 0.992331	H@20 0.995399	H@50 0.998466	H@100 1.000000
INFO:kbc-cli.py:Epoch 27/100	test results	MRR 0.946233	H@1 0.909228	H@3 0.980333	H@5 0.990923	H@10 0.995461	H@20 0.997731	H@50 0.999244	H@100 1.000000
INFO:kbc-cli.py:Epoch 28/100	Loss 5.9426 ± 0.4957
INFO:kbc-cli.py:Epoch 29/100	Loss 5.9374 ± 0.4938
INFO:kbc-cli.py:Epoch 30/100	Loss 5.9321 ± 0.4890
INFO:kbc-cli.py:Epoch 30/100	dev results	MRR 0.952599	H@1 0.924080	H@3 0.977761	H@5 0.986963	H@10 0.992331	H@20 0.995399	H@50 0.998466	H@100 1.000000
INFO:kbc-cli.py:Epoch 30/100	test results	MRR 0.948882	H@1 0.914523	H@3 0.979576	H@5 0.990923	H@10 0.994705	H@20 0.997731	H@50 0.999244	H@100 1.000000
INFO:kbc-cli.py:Epoch 31/100	Loss 5.9262 ± 0.4933
INFO:kbc-cli.py:Epoch 32/100	Loss 5.9219 ± 0.4926
INFO:kbc-cli.py:Epoch 33/100	Loss 5.9180 ± 0.4854
INFO:kbc-cli.py:Epoch 33/100	dev results	MRR 0.949791	H@1 0.918712	H@3 0.976994	H@5 0.986963	H@10 0.992331	H@20 0.995399	H@50 0.998466	H@100 1.000000
INFO:kbc-cli.py:Epoch 33/100	test results	MRR 0.946632	H@1 0.910741	H@3 0.979576	H@5 0.989410	H@10 0.994705	H@20 0.997731	H@50 0.999244	H@100 1.000000
INFO:kbc-cli.py:Epoch 34/100	Loss 5.9135 ± 0.4796
INFO:kbc-cli.py:Epoch 35/100	Loss 5.9109 ± 0.4656
INFO:kbc-cli.py:Epoch 36/100	Loss 5.9051 ± 0.4844
INFO:kbc-cli.py:Epoch 36/100	dev results	MRR 0.949731	H@1 0.918712	H@3 0.979294	H@5 0.986963	H@10 0.991564	H@20 0.995399	H@50 0.998466	H@100 1.000000
INFO:kbc-cli.py:Epoch 36/100	test results	MRR 0.946742	H@1 0.911498	H@3 0.981089	H@5 0.988654	H@10 0.995461	H@20 0.997731	H@50 0.999244	H@100 1.000000
INFO:kbc-cli.py:Epoch 37/100	Loss 5.9052 ± 0.4845
INFO:kbc-cli.py:Epoch 38/100	Loss 5.8989 ± 0.4829
INFO:kbc-cli.py:Epoch 39/100	Loss 5.8967 ± 0.4791
INFO:kbc-cli.py:Epoch 39/100	dev results	MRR 0.950342	H@1 0.918712	H@3 0.979294	H@5 0.986963	H@10 0.991564	H@20 0.995399	H@50 0.998466	H@100 1.000000
INFO:kbc-cli.py:Epoch 39/100	test results	MRR 0.944548	H@1 0.906959	H@3 0.981089	H@5 0.987897	H@10 0.996218	H@20 0.997731	H@50 0.999244	H@100 1.000000
INFO:kbc-cli.py:Epoch 40/100	Loss 5.8920 ± 0.4821
INFO:kbc-cli.py:Epoch 41/100	Loss 5.8885 ± 0.4864
INFO:kbc-cli.py:Epoch 42/100	Loss 5.8858 ± 0.4816
INFO:kbc-cli.py:Epoch 42/100	dev results	MRR 0.948982	H@1 0.917178	H@3 0.977761	H@5 0.986196	H@10 0.991564	H@20 0.995399	H@50 0.998466	H@100 1.000000
INFO:kbc-cli.py:Epoch 42/100	test results	MRR 0.945355	H@1 0.909228	H@3 0.980333	H@5 0.987141	H@10 0.993949	H@20 0.997731	H@50 1.000000	H@100 1.000000
INFO:kbc-cli.py:Epoch 43/100	Loss 5.8810 ± 0.4683
INFO:kbc-cli.py:Epoch 44/100	Loss 5.8806 ± 0.4954
INFO:kbc-cli.py:Epoch 45/100	Loss 5.8762 ± 0.4808
INFO:kbc-cli.py:Epoch 45/100	dev results	MRR 0.944739	H@1 0.908742	H@3 0.978528	H@5 0.986196	H@10 0.991564	H@20 0.995399	H@50 0.998466	H@100 1.000000
INFO:kbc-cli.py:Epoch 45/100	test results	MRR 0.941995	H@1 0.902421	H@3 0.979576	H@5 0.987141	H@10 0.994705	H@20 0.997731	H@50 1.000000	H@100 1.000000
INFO:kbc-cli.py:Epoch 46/100	Loss 5.8736 ± 0.4793
INFO:kbc-cli.py:Epoch 47/100	Loss 5.8732 ± 0.4904
INFO:kbc-cli.py:Epoch 48/100	Loss 5.8702 ± 0.4726
INFO:kbc-cli.py:Epoch 48/100	dev results	MRR 0.945722	H@1 0.911043	H@3 0.978528	H@5 0.984663	H@10 0.991564	H@20 0.995399	H@50 0.998466	H@100 1.000000
INFO:kbc-cli.py:Epoch 48/100	test results	MRR 0.944185	H@1 0.906959	H@3 0.980333	H@5 0.987897	H@10 0.994705	H@20 0.997731	H@50 1.000000	H@100 1.000000
INFO:kbc-cli.py:Epoch 49/100	Loss 5.8698 ± 0.4730
INFO:kbc-cli.py:Epoch 50/100	Loss 5.8638 ± 0.4697
INFO:kbc-cli.py:Epoch 51/100	Loss 5.8632 ± 0.4822
INFO:kbc-cli.py:Epoch 51/100	dev results	MRR 0.946213	H@1 0.912577	H@3 0.978528	H@5 0.986196	H@10 0.991564	H@20 0.995399	H@50 0.998466	H@100 1.000000
INFO:kbc-cli.py:Epoch 51/100	test results	MRR 0.943472	H@1 0.905446	H@3 0.980333	H@5 0.987141	H@10 0.994705	H@20 0.997731	H@50 1.000000	H@100 1.000000
INFO:kbc-cli.py:Epoch 52/100	Loss 5.8627 ± 0.4800
INFO:kbc-cli.py:Epoch 53/100	Loss 5.8583 ± 0.4672
INFO:kbc-cli.py:Epoch 54/100	Loss 5.8566 ± 0.4795
INFO:kbc-cli.py:Epoch 54/100	dev results	MRR 0.948219	H@1 0.916411	H@3 0.979294	H@5 0.985429	H@10 0.991564	H@20 0.995399	H@50 0.998466	H@100 1.000000
INFO:kbc-cli.py:Epoch 54/100	test results	MRR 0.943074	H@1 0.904690	H@3 0.978064	H@5 0.988654	H@10 0.994705	H@20 0.997731	H@50 1.000000	H@100 1.000000
INFO:kbc-cli.py:Epoch 55/100	Loss 5.8541 ± 0.4691
INFO:kbc-cli.py:Epoch 56/100	Loss 5.8520 ± 0.4624
INFO:kbc-cli.py:Epoch 57/100	Loss 5.8501 ± 0.4843
INFO:kbc-cli.py:Epoch 57/100	dev results	MRR 0.945804	H@1 0.912577	H@3 0.976227	H@5 0.985429	H@10 0.991564	H@20 0.995399	H@50 0.998466	H@100 1.000000
INFO:kbc-cli.py:Epoch 57/100	test results	MRR 0.942069	H@1 0.903177	H@3 0.977307	H@5 0.987897	H@10 0.994705	H@20 0.997731	H@50 1.000000	H@100 1.000000
INFO:kbc-cli.py:Epoch 58/100	Loss 5.8482 ± 0.4592
INFO:kbc-cli.py:Epoch 59/100	Loss 5.8487 ± 0.4841
INFO:kbc-cli.py:Epoch 60/100	Loss 5.8471 ± 0.4701
INFO:kbc-cli.py:Epoch 60/100	dev results	MRR 0.946305	H@1 0.913344	H@3 0.976994	H@5 0.985429	H@10 0.991564	H@20 0.995399	H@50 0.998466	H@100 1.000000
INFO:kbc-cli.py:Epoch 60/100	test results	MRR 0.942135	H@1 0.903177	H@3 0.978820	H@5 0.987141	H@10 0.994705	H@20 0.997731	H@50 1.000000	H@100 1.000000
INFO:kbc-cli.py:Epoch 61/100	Loss 5.8439 ± 0.4683
INFO:kbc-cli.py:Epoch 62/100	Loss 5.8435 ± 0.4827
INFO:kbc-cli.py:Epoch 63/100	Loss 5.8409 ± 0.4719
INFO:kbc-cli.py:Epoch 63/100	dev results	MRR 0.945375	H@1 0.911810	H@3 0.976994	H@5 0.984663	H@10 0.991564	H@20 0.995399	H@50 0.998466	H@100 1.000000
INFO:kbc-cli.py:Epoch 63/100	test results	MRR 0.941624	H@1 0.901664	H@3 0.978064	H@5 0.987141	H@10 0.994705	H@20 0.997731	H@50 1.000000	H@100 1.000000
INFO:kbc-cli.py:Epoch 64/100	Loss 5.8392 ± 0.4671
INFO:kbc-cli.py:Epoch 65/100	Loss 5.8389 ± 0.4671
INFO:kbc-cli.py:Epoch 66/100	Loss 5.8347 ± 0.4911
INFO:kbc-cli.py:Epoch 66/100	dev results	MRR 0.944313	H@1 0.910276	H@3 0.976994	H@5 0.984663	H@10 0.991564	H@20 0.995399	H@50 0.998466	H@100 1.000000
INFO:kbc-cli.py:Epoch 66/100	test results	MRR 0.941238	H@1 0.901664	H@3 0.977307	H@5 0.987897	H@10 0.994705	H@20 0.997731	H@50 1.000000	H@100 1.000000
INFO:kbc-cli.py:Epoch 67/100	Loss 5.8361 ± 0.4668
INFO:kbc-cli.py:Epoch 68/100	Loss 5.8344 ± 0.4762
INFO:kbc-cli.py:Epoch 69/100	Loss 5.8317 ± 0.4809
INFO:kbc-cli.py:Epoch 69/100	dev results	MRR 0.944495	H@1 0.911043	H@3 0.975460	H@5 0.986196	H@10 0.991564	H@20 0.995399	H@50 0.998466	H@100 1.000000
INFO:kbc-cli.py:Epoch 69/100	test results	MRR 0.939994	H@1 0.899395	H@3 0.978064	H@5 0.987141	H@10 0.994705	H@20 0.997731	H@50 1.000000	H@100 1.000000
INFO:kbc-cli.py:Epoch 70/100	Loss 5.8315 ± 0.4547
INFO:kbc-cli.py:Epoch 71/100	Loss 5.8302 ± 0.4658
INFO:kbc-cli.py:Epoch 72/100	Loss 5.8294 ± 0.4736
INFO:kbc-cli.py:Epoch 72/100	dev results	MRR 0.943715	H@1 0.909509	H@3 0.975460	H@5 0.983896	H@10 0.991564	H@20 0.995399	H@50 0.998466	H@100 1.000000
INFO:kbc-cli.py:Epoch 72/100	test results	MRR 0.939937	H@1 0.899395	H@3 0.977307	H@5 0.987141	H@10 0.994705	H@20 0.996974	H@50 1.000000	H@100 1.000000
INFO:kbc-cli.py:Epoch 73/100	Loss 5.8279 ± 0.4874
INFO:kbc-cli.py:Epoch 74/100	Loss 5.8265 ± 0.4718
INFO:kbc-cli.py:Epoch 75/100	Loss 5.8254 ± 0.4712
INFO:kbc-cli.py:Epoch 75/100	dev results	MRR 0.943639	H@1 0.909509	H@3 0.975460	H@5 0.986196	H@10 0.991564	H@20 0.995399	H@50 0.998466	H@100 1.000000
INFO:kbc-cli.py:Epoch 75/100	test results	MRR 0.939680	H@1 0.898638	H@3 0.978820	H@5 0.987141	H@10 0.994705	H@20 0.996974	H@50 1.000000	H@100 1.000000
INFO:kbc-cli.py:Epoch 76/100	Loss 5.8232 ± 0.4814
INFO:kbc-cli.py:Epoch 77/100	Loss 5.8219 ± 0.4687
INFO:kbc-cli.py:Epoch 78/100	Loss 5.8215 ± 0.4739
INFO:kbc-cli.py:Epoch 78/100	dev results	MRR 0.943460	H@1 0.909509	H@3 0.973926	H@5 0.986196	H@10 0.990798	H@20 0.995399	H@50 0.998466	H@100 1.000000
INFO:kbc-cli.py:Epoch 78/100	test results	MRR 0.939573	H@1 0.898638	H@3 0.977307	H@5 0.987141	H@10 0.995461	H@20 0.996974	H@50 1.000000	H@100 1.000000
INFO:kbc-cli.py:Epoch 79/100	Loss 5.8217 ± 0.4715
INFO:kbc-cli.py:Epoch 80/100	Loss 5.8188 ± 0.4665
INFO:kbc-cli.py:Epoch 81/100	Loss 5.8160 ± 0.4684
INFO:kbc-cli.py:Epoch 81/100	dev results	MRR 0.944556	H@1 0.911810	H@3 0.974693	H@5 0.986196	H@10 0.990798	H@20 0.994632	H@50 0.998466	H@100 1.000000
INFO:kbc-cli.py:Epoch 81/100	test results	MRR 0.940532	H@1 0.900908	H@3 0.978064	H@5 0.987897	H@10 0.994705	H@20 0.996974	H@50 1.000000	H@100 1.000000
INFO:kbc-cli.py:Epoch 82/100	Loss 5.8175 ± 0.4755
INFO:kbc-cli.py:Epoch 83/100	Loss 5.8145 ± 0.4700
INFO:kbc-cli.py:Epoch 84/100	Loss 5.8154 ± 0.4599
INFO:kbc-cli.py:Epoch 84/100	dev results	MRR 0.942483	H@1 0.907209	H@3 0.973926	H@5 0.986196	H@10 0.990798	H@20 0.994632	H@50 0.998466	H@100 1.000000
INFO:kbc-cli.py:Epoch 84/100	test results	MRR 0.938642	H@1 0.897882	H@3 0.977307	H@5 0.987141	H@10 0.994705	H@20 0.996974	H@50 1.000000	H@100 1.000000
INFO:kbc-cli.py:Epoch 85/100	Loss 5.8144 ± 0.4649
INFO:kbc-cli.py:Epoch 86/100	Loss 5.8130 ± 0.4730
INFO:kbc-cli.py:Epoch 87/100	Loss 5.8099 ± 0.4759
INFO:kbc-cli.py:Epoch 87/100	dev results	MRR 0.944712	H@1 0.911810	H@3 0.973160	H@5 0.985429	H@10 0.990798	H@20 0.994632	H@50 0.998466	H@100 1.000000
INFO:kbc-cli.py:Epoch 87/100	test results	MRR 0.940558	H@1 0.900908	H@3 0.977307	H@5 0.987141	H@10 0.994705	H@20 0.996974	H@50 1.000000	H@100 1.000000
INFO:kbc-cli.py:Epoch 88/100	Loss 5.8119 ± 0.4570
INFO:kbc-cli.py:Epoch 89/100	Loss 5.8098 ± 0.4714
INFO:kbc-cli.py:Epoch 90/100	Loss 5.8098 ± 0.4732
INFO:kbc-cli.py:Epoch 90/100	dev results	MRR 0.941063	H@1 0.904908	H@3 0.972393	H@5 0.986196	H@10 0.990798	H@20 0.994632	H@50 0.998466	H@100 1.000000
INFO:kbc-cli.py:Epoch 90/100	test results	MRR 0.939132	H@1 0.898638	H@3 0.976551	H@5 0.987897	H@10 0.994705	H@20 0.996974	H@50 1.000000	H@100 1.000000
INFO:kbc-cli.py:Epoch 91/100	Loss 5.8080 ± 0.4747
INFO:kbc-cli.py:Epoch 92/100	Loss 5.8075 ± 0.4856
INFO:kbc-cli.py:Epoch 93/100	Loss 5.8063 ± 0.4701
INFO:kbc-cli.py:Epoch 93/100	dev results	MRR 0.940489	H@1 0.904908	H@3 0.971626	H@5 0.983129	H@10 0.990031	H@20 0.994632	H@50 0.998466	H@100 1.000000
INFO:kbc-cli.py:Epoch 93/100	test results	MRR 0.938250	H@1 0.897126	H@3 0.975794	H@5 0.987141	H@10 0.994705	H@20 0.996974	H@50 1.000000	H@100 1.000000
INFO:kbc-cli.py:Epoch 94/100	Loss 5.8056 ± 0.4763
INFO:kbc-cli.py:Epoch 95/100	Loss 5.8057 ± 0.4691
INFO:kbc-cli.py:Epoch 96/100	Loss 5.8042 ± 0.4662
INFO:kbc-cli.py:Epoch 96/100	dev results	MRR 0.940827	H@1 0.904908	H@3 0.973160	H@5 0.984663	H@10 0.990798	H@20 0.994632	H@50 0.998466	H@100 1.000000
INFO:kbc-cli.py:Epoch 96/100	test results	MRR 0.938108	H@1 0.897126	H@3 0.975038	H@5 0.987897	H@10 0.993949	H@20 0.996974	H@50 1.000000	H@100 1.000000
INFO:kbc-cli.py:Epoch 97/100	Loss 5.8043 ± 0.4625
INFO:kbc-cli.py:Epoch 98/100	Loss 5.8022 ± 0.4565
INFO:kbc-cli.py:Epoch 99/100	Loss 5.8027 ± 0.4691
INFO:kbc-cli.py:Epoch 99/100	dev results	MRR 0.941217	H@1 0.905675	H@3 0.973160	H@5 0.984663	H@10 0.990798	H@20 0.994632	H@50 0.998466	H@100 1.000000
INFO:kbc-cli.py:Epoch 99/100	test results	MRR 0.937241	H@1 0.895613	H@3 0.974281	H@5 0.987897	H@10 0.993949	H@20 0.996974	H@50 1.000000	H@100 1.000000
INFO:kbc-cli.py:Epoch 100/100	Loss 5.8010 ± 0.4747
INFO:kbc-cli.py:Final 	dev results	MRR 0.940293	H@1 0.904141	H@3 0.973160	H@5 0.983896	H@10 0.990031	H@20 0.994632	H@50 0.998466	H@100 1.000000
INFO:kbc-cli.py:Final 	test results	MRR 0.938134	H@1 0.897126	H@3 0.975794	H@5 0.987897	H@10 0.993949	H@20 0.996974	H@50 1.000000	H@100 1.000000
INFO:kbc-cli.py:Training finished
