./bin/kbc-cli.py --train data/umls/train.tsv --dev data/umls/dev.tsv --test data/umls/test.tsv -m complex -k 100 -b 500 -e 100 --F2 0 --N3 0.0001 -l 0.1 -I standard -V 3 -o adagrad -c so -q
{'F2': 0.0,
 'N3': 0.0001,
 'batch_size': 500,
 'corruption': 'so',
 'dev': 'data/umls/dev.tsv',
 'embedding_size': 100,
 'epochs': 100,
 'eval_batch_size': None,
 'input_type': 'standard',
 'learning_rate': 0.1,
 'load': None,
 'model': 'complex',
 'optimizer': 'adagrad',
 'quiet': True,
 'save': None,
 'seed': 0,
 'test': 'data/umls/test.tsv',
 'test_i': None,
 'test_ii': None,
 'train': 'data/umls/train.tsv',
 'validate_every': 3}
INFO:kbc-cli.py:Device: cuda
INFO:kbc-cli.py:Model state:
INFO:kbc-cli.py:	entities.weight	torch.Size([135, 200])
INFO:kbc-cli.py:	predicates.weight	torch.Size([46, 200])
INFO:kbc-cli.py:Epoch 1/100	Loss 8.9388 ± 0.9292
INFO:kbc-cli.py:Epoch 2/100	Loss 6.4771 ± 0.0704
INFO:kbc-cli.py:Epoch 3/100	Loss 5.9577 ± 0.1033
INFO:kbc-cli.py:Epoch 3/100	dev results	MRR 0.884608	H@1 0.804448	H@3 0.958589	H@5 0.973926	H@10 0.986963	H@20 0.990798	H@50 0.993098	H@100 0.997699
INFO:kbc-cli.py:Epoch 3/100	test results	MRR 0.866052	H@1 0.763994	H@3 0.965204	H@5 0.978064	H@10 0.989410	H@20 0.990923	H@50 0.993192	H@100 0.994705
INFO:kbc-cli.py:Epoch 4/100	Loss 5.7372 ± 0.1297
INFO:kbc-cli.py:Epoch 5/100	Loss 5.5840 ± 0.1140
INFO:kbc-cli.py:Epoch 6/100	Loss 5.4844 ± 0.1217
INFO:kbc-cli.py:Epoch 6/100	dev results	MRR 0.897603	H@1 0.813650	H@3 0.979294	H@5 0.986963	H@10 0.990798	H@20 0.992331	H@50 0.995399	H@100 0.998466
INFO:kbc-cli.py:Epoch 6/100	test results	MRR 0.879131	H@1 0.774584	H@3 0.982602	H@5 0.989410	H@10 0.993949	H@20 0.996218	H@50 0.997731	H@100 0.999244
INFO:kbc-cli.py:Epoch 7/100	Loss 5.4233 ± 0.1171
INFO:kbc-cli.py:Epoch 8/100	Loss 5.3767 ± 0.1312
INFO:kbc-cli.py:Epoch 9/100	Loss 5.3299 ± 0.1554
INFO:kbc-cli.py:Epoch 9/100	dev results	MRR 0.921267	H@1 0.859663	H@3 0.980061	H@5 0.986196	H@10 0.989264	H@20 0.993865	H@50 0.996933	H@100 0.998466
INFO:kbc-cli.py:Epoch 9/100	test results	MRR 0.915121	H@1 0.845688	H@3 0.982602	H@5 0.989410	H@10 0.996218	H@20 0.997731	H@50 0.998487	H@100 0.999244
INFO:kbc-cli.py:Epoch 10/100	Loss 5.3123 ± 0.1203
INFO:kbc-cli.py:Epoch 11/100	Loss 5.2823 ± 0.1104
INFO:kbc-cli.py:Epoch 12/100	Loss 5.2633 ± 0.1328
INFO:kbc-cli.py:Epoch 12/100	dev results	MRR 0.922980	H@1 0.865031	H@3 0.976227	H@5 0.984663	H@10 0.992331	H@20 0.994632	H@50 0.997699	H@100 0.999233
INFO:kbc-cli.py:Epoch 12/100	test results	MRR 0.911688	H@1 0.838124	H@3 0.983359	H@5 0.992436	H@10 0.996218	H@20 0.997731	H@50 0.998487	H@100 0.999244
INFO:kbc-cli.py:Epoch 13/100	Loss 5.2485 ± 0.1291
INFO:kbc-cli.py:Epoch 14/100	Loss 5.2274 ± 0.0967
INFO:kbc-cli.py:Epoch 15/100	Loss 5.2150 ± 0.1224
INFO:kbc-cli.py:Epoch 15/100	dev results	MRR 0.938524	H@1 0.894939	H@3 0.980061	H@5 0.986963	H@10 0.991564	H@20 0.993865	H@50 0.997699	H@100 0.999233
INFO:kbc-cli.py:Epoch 15/100	test results	MRR 0.928971	H@1 0.872920	H@3 0.985628	H@5 0.991679	H@10 0.996218	H@20 0.998487	H@50 0.999244	H@100 1.000000
INFO:kbc-cli.py:Epoch 16/100	Loss 5.1981 ± 0.0979
INFO:kbc-cli.py:Epoch 17/100	Loss 5.1831 ± 0.0915
INFO:kbc-cli.py:Epoch 18/100	Loss 5.1787 ± 0.1350
INFO:kbc-cli.py:Epoch 18/100	dev results	MRR 0.925519	H@1 0.869632	H@3 0.977761	H@5 0.986963	H@10 0.990798	H@20 0.994632	H@50 0.997699	H@100 0.999233
INFO:kbc-cli.py:Epoch 18/100	test results	MRR 0.918016	H@1 0.850983	H@3 0.984115	H@5 0.992436	H@10 0.996218	H@20 0.998487	H@50 0.999244	H@100 1.000000
INFO:kbc-cli.py:Epoch 19/100	Loss 5.1666 ± 0.0975
INFO:kbc-cli.py:Epoch 20/100	Loss 5.1517 ± 0.1072
INFO:kbc-cli.py:Epoch 21/100	Loss 5.1485 ± 0.1131
INFO:kbc-cli.py:Epoch 21/100	dev results	MRR 0.932723	H@1 0.884202	H@3 0.976994	H@5 0.987730	H@10 0.990031	H@20 0.993865	H@50 0.997699	H@100 0.999233
INFO:kbc-cli.py:Epoch 21/100	test results	MRR 0.923773	H@1 0.862330	H@3 0.984871	H@5 0.990923	H@10 0.996218	H@20 0.998487	H@50 0.999244	H@100 0.999244
INFO:kbc-cli.py:Epoch 22/100	Loss 5.1319 ± 0.0959
INFO:kbc-cli.py:Epoch 23/100	Loss 5.1257 ± 0.0976
INFO:kbc-cli.py:Epoch 24/100	Loss 5.1240 ± 0.0969
INFO:kbc-cli.py:Epoch 24/100	dev results	MRR 0.926319	H@1 0.871166	H@3 0.980061	H@5 0.986196	H@10 0.990798	H@20 0.994632	H@50 0.997699	H@100 1.000000
INFO:kbc-cli.py:Epoch 24/100	test results	MRR 0.919270	H@1 0.854766	H@3 0.984871	H@5 0.989410	H@10 0.996218	H@20 0.998487	H@50 0.999244	H@100 1.000000
INFO:kbc-cli.py:Epoch 25/100	Loss 5.1197 ± 0.1267
INFO:kbc-cli.py:Epoch 26/100	Loss 5.1003 ± 0.1066
INFO:kbc-cli.py:Epoch 27/100	Loss 5.1035 ± 0.1139
INFO:kbc-cli.py:Epoch 27/100	dev results	MRR 0.926966	H@1 0.872699	H@3 0.976994	H@5 0.987730	H@10 0.990031	H@20 0.994632	H@50 0.999233	H@100 0.999233
INFO:kbc-cli.py:Epoch 27/100	test results	MRR 0.917822	H@1 0.851740	H@3 0.984871	H@5 0.989410	H@10 0.995461	H@20 0.998487	H@50 0.999244	H@100 0.999244
INFO:kbc-cli.py:Epoch 28/100	Loss 5.1008 ± 0.1052
INFO:kbc-cli.py:Epoch 29/100	Loss 5.0937 ± 0.0974
INFO:kbc-cli.py:Epoch 30/100	Loss 5.0898 ± 0.1166
INFO:kbc-cli.py:Epoch 30/100	dev results	MRR 0.931518	H@1 0.881902	H@3 0.979294	H@5 0.986963	H@10 0.990798	H@20 0.994632	H@50 0.997699	H@100 0.999233
INFO:kbc-cli.py:Epoch 30/100	test results	MRR 0.923653	H@1 0.863086	H@3 0.985628	H@5 0.990166	H@10 0.995461	H@20 0.998487	H@50 0.999244	H@100 0.999244
INFO:kbc-cli.py:Epoch 31/100	Loss 5.0839 ± 0.0877
INFO:kbc-cli.py:Epoch 32/100	Loss 5.0784 ± 0.0930
INFO:kbc-cli.py:Epoch 33/100	Loss 5.0716 ± 0.0927
INFO:kbc-cli.py:Epoch 33/100	dev results	MRR 0.933040	H@1 0.884969	H@3 0.979294	H@5 0.986963	H@10 0.990031	H@20 0.994632	H@50 0.997699	H@100 1.000000
INFO:kbc-cli.py:Epoch 33/100	test results	MRR 0.924105	H@1 0.865356	H@3 0.985628	H@5 0.990166	H@10 0.995461	H@20 0.998487	H@50 0.999244	H@100 0.999244
INFO:kbc-cli.py:Epoch 34/100	Loss 5.0628 ± 0.0723
INFO:kbc-cli.py:Epoch 35/100	Loss 5.0661 ± 0.1089
INFO:kbc-cli.py:Epoch 36/100	Loss 5.0583 ± 0.1070
INFO:kbc-cli.py:Epoch 36/100	dev results	MRR 0.922646	H@1 0.864264	H@3 0.979294	H@5 0.986963	H@10 0.990031	H@20 0.994632	H@50 0.997699	H@100 0.999233
INFO:kbc-cli.py:Epoch 36/100	test results	MRR 0.918813	H@1 0.854009	H@3 0.984871	H@5 0.989410	H@10 0.994705	H@20 0.998487	H@50 0.999244	H@100 0.999244
INFO:kbc-cli.py:Epoch 37/100	Loss 5.0562 ± 0.0767
INFO:kbc-cli.py:Epoch 38/100	Loss 5.0499 ± 0.1079
INFO:kbc-cli.py:Epoch 39/100	Loss 5.0527 ± 0.1423
INFO:kbc-cli.py:Epoch 39/100	dev results	MRR 0.933525	H@1 0.885736	H@3 0.977761	H@5 0.986963	H@10 0.989264	H@20 0.994632	H@50 0.997699	H@100 1.000000
INFO:kbc-cli.py:Epoch 39/100	test results	MRR 0.924998	H@1 0.866868	H@3 0.984115	H@5 0.989410	H@10 0.994705	H@20 0.998487	H@50 0.999244	H@100 0.999244
INFO:kbc-cli.py:Epoch 40/100	Loss 5.0464 ± 0.0856
INFO:kbc-cli.py:Epoch 41/100	Loss 5.0315 ± 0.0870
INFO:kbc-cli.py:Epoch 42/100	Loss 5.0490 ± 0.1215
INFO:kbc-cli.py:Epoch 42/100	dev results	MRR 0.931192	H@1 0.881135	H@3 0.978528	H@5 0.986963	H@10 0.989264	H@20 0.994632	H@50 0.997699	H@100 0.999233
INFO:kbc-cli.py:Epoch 42/100	test results	MRR 0.927899	H@1 0.872920	H@3 0.984115	H@5 0.988654	H@10 0.994705	H@20 0.998487	H@50 0.999244	H@100 0.999244
INFO:kbc-cli.py:Epoch 43/100	Loss 5.0485 ± 0.1304
INFO:kbc-cli.py:Epoch 44/100	Loss 5.0311 ± 0.0942
INFO:kbc-cli.py:Epoch 45/100	Loss 5.0360 ± 0.0973
INFO:kbc-cli.py:Epoch 45/100	dev results	MRR 0.929190	H@1 0.877301	H@3 0.977761	H@5 0.986963	H@10 0.989264	H@20 0.994632	H@50 0.997699	H@100 0.999233
INFO:kbc-cli.py:Epoch 45/100	test results	MRR 0.926110	H@1 0.869894	H@3 0.984115	H@5 0.988654	H@10 0.994705	H@20 0.998487	H@50 0.999244	H@100 0.999244
INFO:kbc-cli.py:Epoch 46/100	Loss 5.0300 ± 0.0912
INFO:kbc-cli.py:Epoch 47/100	Loss 5.0248 ± 0.0976
INFO:kbc-cli.py:Epoch 48/100	Loss 5.0232 ± 0.0972
INFO:kbc-cli.py:Epoch 48/100	dev results	MRR 0.926340	H@1 0.872699	H@3 0.976227	H@5 0.986196	H@10 0.989264	H@20 0.993865	H@50 0.997699	H@100 0.999233
INFO:kbc-cli.py:Epoch 48/100	test results	MRR 0.924036	H@1 0.866868	H@3 0.982602	H@5 0.987897	H@10 0.993949	H@20 0.998487	H@50 0.999244	H@100 0.999244
INFO:kbc-cli.py:Epoch 49/100	Loss 5.0222 ± 0.0807
INFO:kbc-cli.py:Epoch 50/100	Loss 5.0225 ± 0.1116
INFO:kbc-cli.py:Epoch 51/100	Loss 5.0130 ± 0.0912
INFO:kbc-cli.py:Epoch 51/100	dev results	MRR 0.932003	H@1 0.882669	H@3 0.978528	H@5 0.986196	H@10 0.989264	H@20 0.994632	H@50 0.997699	H@100 1.000000
INFO:kbc-cli.py:Epoch 51/100	test results	MRR 0.921136	H@1 0.861573	H@3 0.982602	H@5 0.988654	H@10 0.993949	H@20 0.998487	H@50 0.999244	H@100 0.999244
INFO:kbc-cli.py:Epoch 52/100	Loss 5.0146 ± 0.0866
INFO:kbc-cli.py:Epoch 53/100	Loss 5.0132 ± 0.0671
INFO:kbc-cli.py:Epoch 54/100	Loss 5.0159 ± 0.1212
INFO:kbc-cli.py:Epoch 54/100	dev results	MRR 0.929141	H@1 0.877301	H@3 0.977761	H@5 0.986196	H@10 0.989264	H@20 0.993865	H@50 0.997699	H@100 1.000000
INFO:kbc-cli.py:Epoch 54/100	test results	MRR 0.922699	H@1 0.864599	H@3 0.981846	H@5 0.988654	H@10 0.993949	H@20 0.998487	H@50 0.999244	H@100 0.999244
INFO:kbc-cli.py:Epoch 55/100	Loss 5.0114 ± 0.1199
INFO:kbc-cli.py:Epoch 56/100	Loss 5.0099 ± 0.1150
INFO:kbc-cli.py:Epoch 57/100	Loss 4.9990 ± 0.0880
INFO:kbc-cli.py:Epoch 57/100	dev results	MRR 0.928352	H@1 0.876534	H@3 0.976994	H@5 0.986196	H@10 0.989264	H@20 0.993865	H@50 0.997699	H@100 1.000000
INFO:kbc-cli.py:Epoch 57/100	test results	MRR 0.923516	H@1 0.866112	H@3 0.982602	H@5 0.988654	H@10 0.993192	H@20 0.998487	H@50 0.999244	H@100 0.999244
INFO:kbc-cli.py:Epoch 58/100	Loss 5.0018 ± 0.0879
INFO:kbc-cli.py:Epoch 59/100	Loss 4.9995 ± 0.1040
INFO:kbc-cli.py:Epoch 60/100	Loss 5.0038 ± 0.0945
INFO:kbc-cli.py:Epoch 60/100	dev results	MRR 0.924782	H@1 0.868098	H@3 0.980061	H@5 0.986196	H@10 0.989264	H@20 0.993865	H@50 0.997699	H@100 1.000000
INFO:kbc-cli.py:Epoch 60/100	test results	MRR 0.921013	H@1 0.862330	H@3 0.982602	H@5 0.987141	H@10 0.993949	H@20 0.998487	H@50 0.999244	H@100 0.999244
INFO:kbc-cli.py:Epoch 61/100	Loss 4.9976 ± 0.0852
INFO:kbc-cli.py:Epoch 62/100	Loss 5.0011 ± 0.1146
INFO:kbc-cli.py:Epoch 63/100	Loss 4.9927 ± 0.0844
INFO:kbc-cli.py:Epoch 63/100	dev results	MRR 0.926387	H@1 0.872699	H@3 0.976227	H@5 0.986196	H@10 0.989264	H@20 0.993865	H@50 0.997699	H@100 0.999233
INFO:kbc-cli.py:Epoch 63/100	test results	MRR 0.922786	H@1 0.864599	H@3 0.982602	H@5 0.987141	H@10 0.993192	H@20 0.997731	H@50 0.999244	H@100 0.999244
INFO:kbc-cli.py:Epoch 64/100	Loss 4.9860 ± 0.0558
INFO:kbc-cli.py:Epoch 65/100	Loss 4.9886 ± 0.0958
INFO:kbc-cli.py:Epoch 66/100	Loss 4.9916 ± 0.0856
INFO:kbc-cli.py:Epoch 66/100	dev results	MRR 0.928059	H@1 0.876534	H@3 0.977761	H@5 0.985429	H@10 0.989264	H@20 0.993865	H@50 0.997699	H@100 1.000000
INFO:kbc-cli.py:Epoch 66/100	test results	MRR 0.924084	H@1 0.867625	H@3 0.982602	H@5 0.987897	H@10 0.992436	H@20 0.997731	H@50 0.999244	H@100 0.999244
INFO:kbc-cli.py:Epoch 67/100	Loss 4.9935 ± 0.0984
INFO:kbc-cli.py:Epoch 68/100	Loss 4.9855 ± 0.0679
INFO:kbc-cli.py:Epoch 69/100	Loss 4.9760 ± 0.1031
INFO:kbc-cli.py:Epoch 69/100	dev results	MRR 0.929184	H@1 0.879601	H@3 0.978528	H@5 0.986196	H@10 0.989264	H@20 0.993865	H@50 0.997699	H@100 1.000000
INFO:kbc-cli.py:Epoch 69/100	test results	MRR 0.925315	H@1 0.870651	H@3 0.982602	H@5 0.987141	H@10 0.993949	H@20 0.997731	H@50 0.999244	H@100 0.999244
INFO:kbc-cli.py:Epoch 70/100	Loss 4.9826 ± 0.0906
INFO:kbc-cli.py:Epoch 71/100	Loss 4.9841 ± 0.0925
INFO:kbc-cli.py:Epoch 72/100	Loss 4.9776 ± 0.0548
INFO:kbc-cli.py:Epoch 72/100	dev results	MRR 0.928152	H@1 0.877301	H@3 0.976227	H@5 0.985429	H@10 0.989264	H@20 0.993098	H@50 0.997699	H@100 1.000000
INFO:kbc-cli.py:Epoch 72/100	test results	MRR 0.923029	H@1 0.866868	H@3 0.980333	H@5 0.987141	H@10 0.993192	H@20 0.997731	H@50 0.999244	H@100 0.999244
INFO:kbc-cli.py:Epoch 73/100	Loss 4.9815 ± 0.0943
INFO:kbc-cli.py:Epoch 74/100	Loss 4.9735 ± 0.0644
INFO:kbc-cli.py:Epoch 75/100	Loss 4.9690 ± 0.0725
INFO:kbc-cli.py:Epoch 75/100	dev results	MRR 0.926120	H@1 0.873466	H@3 0.976227	H@5 0.986196	H@10 0.989264	H@20 0.993098	H@50 0.997699	H@100 1.000000
INFO:kbc-cli.py:Epoch 75/100	test results	MRR 0.925186	H@1 0.871407	H@3 0.980333	H@5 0.986384	H@10 0.992436	H@20 0.996974	H@50 0.999244	H@100 0.999244
INFO:kbc-cli.py:Epoch 76/100	Loss 4.9753 ± 0.0951
INFO:kbc-cli.py:Epoch 77/100	Loss 4.9661 ± 0.1047
INFO:kbc-cli.py:Epoch 78/100	Loss 4.9816 ± 0.1112
INFO:kbc-cli.py:Epoch 78/100	dev results	MRR 0.925601	H@1 0.871933	H@3 0.976994	H@5 0.986196	H@10 0.989264	H@20 0.993098	H@50 0.998466	H@100 1.000000
INFO:kbc-cli.py:Epoch 78/100	test results	MRR 0.923662	H@1 0.869138	H@3 0.978820	H@5 0.987141	H@10 0.992436	H@20 0.996974	H@50 0.999244	H@100 0.999244
INFO:kbc-cli.py:Epoch 79/100	Loss 4.9702 ± 0.0517
INFO:kbc-cli.py:Epoch 80/100	Loss 4.9664 ± 0.0480
INFO:kbc-cli.py:Epoch 81/100	Loss 4.9693 ± 0.0759
INFO:kbc-cli.py:Epoch 81/100	dev results	MRR 0.928803	H@1 0.878067	H@3 0.977761	H@5 0.985429	H@10 0.989264	H@20 0.993098	H@50 0.998466	H@100 1.000000
INFO:kbc-cli.py:Epoch 81/100	test results	MRR 0.921428	H@1 0.865356	H@3 0.979576	H@5 0.987141	H@10 0.992436	H@20 0.996974	H@50 0.999244	H@100 0.999244
INFO:kbc-cli.py:Epoch 82/100	Loss 4.9687 ± 0.0846
INFO:kbc-cli.py:Epoch 83/100	Loss 4.9670 ± 0.0789
INFO:kbc-cli.py:Epoch 84/100	Loss 4.9617 ± 0.0668
INFO:kbc-cli.py:Epoch 84/100	dev results	MRR 0.923398	H@1 0.868098	H@3 0.976994	H@5 0.986196	H@10 0.988497	H@20 0.993098	H@50 0.997699	H@100 1.000000
INFO:kbc-cli.py:Epoch 84/100	test results	MRR 0.918452	H@1 0.858548	H@3 0.979576	H@5 0.987141	H@10 0.992436	H@20 0.996974	H@50 0.999244	H@100 0.999244
INFO:kbc-cli.py:Epoch 85/100	Loss 4.9642 ± 0.0920
INFO:kbc-cli.py:Epoch 86/100	Loss 4.9670 ± 0.0918
INFO:kbc-cli.py:Epoch 87/100	Loss 4.9635 ± 0.1037
INFO:kbc-cli.py:Epoch 87/100	dev results	MRR 0.925638	H@1 0.872699	H@3 0.977761	H@5 0.985429	H@10 0.988497	H@20 0.993098	H@50 0.998466	H@100 1.000000
INFO:kbc-cli.py:Epoch 87/100	test results	MRR 0.918835	H@1 0.860061	H@3 0.978820	H@5 0.986384	H@10 0.992436	H@20 0.996974	H@50 0.999244	H@100 0.999244
INFO:kbc-cli.py:Epoch 88/100	Loss 4.9667 ± 0.0743
INFO:kbc-cli.py:Epoch 89/100	Loss 4.9618 ± 0.0720
INFO:kbc-cli.py:Epoch 90/100	Loss 4.9626 ± 0.0834
INFO:kbc-cli.py:Epoch 90/100	dev results	MRR 0.922563	H@1 0.867331	H@3 0.976994	H@5 0.986196	H@10 0.988497	H@20 0.993098	H@50 0.997699	H@100 1.000000
INFO:kbc-cli.py:Epoch 90/100	test results	MRR 0.918037	H@1 0.858548	H@3 0.978820	H@5 0.986384	H@10 0.991679	H@20 0.996974	H@50 0.999244	H@100 0.999244
INFO:kbc-cli.py:Epoch 91/100	Loss 4.9623 ± 0.0818
INFO:kbc-cli.py:Epoch 92/100	Loss 4.9568 ± 0.0758
INFO:kbc-cli.py:Epoch 93/100	Loss 4.9580 ± 0.0815
INFO:kbc-cli.py:Epoch 93/100	dev results	MRR 0.923348	H@1 0.868865	H@3 0.977761	H@5 0.986196	H@10 0.988497	H@20 0.993098	H@50 0.998466	H@100 1.000000
INFO:kbc-cli.py:Epoch 93/100	test results	MRR 0.918358	H@1 0.858548	H@3 0.979576	H@5 0.986384	H@10 0.992436	H@20 0.996974	H@50 0.999244	H@100 0.999244
INFO:kbc-cli.py:Epoch 94/100	Loss 4.9544 ± 0.0595
INFO:kbc-cli.py:Epoch 95/100	Loss 4.9487 ± 0.0621
INFO:kbc-cli.py:Epoch 96/100	Loss 4.9555 ± 0.0923
INFO:kbc-cli.py:Epoch 96/100	dev results	MRR 0.923477	H@1 0.868865	H@3 0.977761	H@5 0.985429	H@10 0.988497	H@20 0.993865	H@50 0.998466	H@100 1.000000
INFO:kbc-cli.py:Epoch 96/100	test results	MRR 0.916767	H@1 0.854766	H@3 0.980333	H@5 0.986384	H@10 0.992436	H@20 0.996974	H@50 0.999244	H@100 0.999244
INFO:kbc-cli.py:Epoch 97/100	Loss 4.9522 ± 0.0852
INFO:kbc-cli.py:Epoch 98/100	Loss 4.9600 ± 0.1098
INFO:kbc-cli.py:Epoch 99/100	Loss 4.9537 ± 0.0821
INFO:kbc-cli.py:Epoch 99/100	dev results	MRR 0.924381	H@1 0.871166	H@3 0.973926	H@5 0.985429	H@10 0.988497	H@20 0.993098	H@50 0.998466	H@100 1.000000
INFO:kbc-cli.py:Epoch 99/100	test results	MRR 0.918271	H@1 0.859304	H@3 0.975794	H@5 0.986384	H@10 0.992436	H@20 0.996974	H@50 0.999244	H@100 0.999244
INFO:kbc-cli.py:Epoch 100/100	Loss 4.9449 ± 0.0843
INFO:kbc-cli.py:Final 	dev results	MRR 0.925895	H@1 0.874233	H@3 0.976227	H@5 0.985429	H@10 0.988497	H@20 0.993098	H@50 0.998466	H@100 1.000000
INFO:kbc-cli.py:Final 	test results	MRR 0.919545	H@1 0.861573	H@3 0.977307	H@5 0.986384	H@10 0.992436	H@20 0.996974	H@50 0.999244	H@100 0.999244
INFO:kbc-cli.py:Training finished
