./bin/kbc-cli.py --train data/umls/train.tsv --dev data/umls/dev.tsv --test data/umls/test.tsv -m complex -k 200 -b 50 -e 100 --F2 0 --N3 0.0001 -l 0.1 -I standard -V 3 -o adagrad -c spo -q
{'F2': 0.0,
 'N3': 0.0001,
 'batch_size': 50,
 'corruption': 'spo',
 'dev': 'data/umls/dev.tsv',
 'embedding_size': 200,
 'epochs': 100,
 'eval_batch_size': None,
 'input_type': 'standard',
 'learning_rate': 0.1,
 'load': None,
 'model': 'complex',
 'optimizer': 'adagrad',
 'quiet': True,
 'save': None,
 'seed': 0,
 'test': 'data/umls/test.tsv',
 'test_i': None,
 'test_ii': None,
 'train': 'data/umls/train.tsv',
 'validate_every': 3}
INFO:kbc-cli.py:Device: cuda
INFO:kbc-cli.py:Model state:
INFO:kbc-cli.py:	entities.weight	torch.Size([135, 400])
INFO:kbc-cli.py:	predicates.weight	torch.Size([46, 400])
INFO:kbc-cli.py:Epoch 1/100	Loss 9.5952 ± 1.8010
INFO:kbc-cli.py:Epoch 2/100	Loss 6.7834 ± 0.2752
INFO:kbc-cli.py:Epoch 3/100	Loss 6.4197 ± 0.2880
INFO:kbc-cli.py:Epoch 3/100	dev results	MRR 0.931827	H@1 0.885736	H@3 0.973160	H@5 0.983129	H@10 0.990031	H@20 0.995399	H@50 0.998466	H@100 0.998466
INFO:kbc-cli.py:Epoch 3/100	test results	MRR 0.917416	H@1 0.857035	H@3 0.973525	H@5 0.987897	H@10 0.994705	H@20 0.997731	H@50 0.999244	H@100 1.000000
INFO:kbc-cli.py:Epoch 4/100	Loss 6.2533 ± 0.2829
INFO:kbc-cli.py:Epoch 5/100	Loss 6.1663 ± 0.2684
INFO:kbc-cli.py:Epoch 6/100	Loss 6.0949 ± 0.2635
INFO:kbc-cli.py:Epoch 6/100	dev results	MRR 0.924670	H@1 0.866564	H@3 0.981595	H@5 0.986963	H@10 0.991564	H@20 0.995399	H@50 0.998466	H@100 1.000000
INFO:kbc-cli.py:Epoch 6/100	test results	MRR 0.915645	H@1 0.847958	H@3 0.982602	H@5 0.992436	H@10 0.996218	H@20 0.998487	H@50 1.000000	H@100 1.000000
INFO:kbc-cli.py:Epoch 7/100	Loss 6.0366 ± 0.2712
INFO:kbc-cli.py:Epoch 8/100	Loss 5.9962 ± 0.2633
INFO:kbc-cli.py:Epoch 9/100	Loss 5.9530 ± 0.2868
INFO:kbc-cli.py:Epoch 9/100	dev results	MRR 0.951821	H@1 0.920245	H@3 0.981595	H@5 0.987730	H@10 0.990798	H@20 0.996933	H@50 0.998466	H@100 1.000000
INFO:kbc-cli.py:Epoch 9/100	test results	MRR 0.942546	H@1 0.899395	H@3 0.984871	H@5 0.993949	H@10 0.996974	H@20 0.998487	H@50 1.000000	H@100 1.000000
INFO:kbc-cli.py:Epoch 10/100	Loss 5.9295 ± 0.2631
INFO:kbc-cli.py:Epoch 11/100	Loss 5.9003 ± 0.2514
INFO:kbc-cli.py:Epoch 12/100	Loss 5.8738 ± 0.2798
INFO:kbc-cli.py:Epoch 12/100	dev results	MRR 0.952292	H@1 0.921012	H@3 0.981595	H@5 0.987730	H@10 0.990798	H@20 0.996166	H@50 0.998466	H@100 1.000000
INFO:kbc-cli.py:Epoch 12/100	test results	MRR 0.945539	H@1 0.904690	H@3 0.985628	H@5 0.993192	H@10 0.997731	H@20 0.998487	H@50 1.000000	H@100 1.000000
INFO:kbc-cli.py:Epoch 13/100	Loss 5.8582 ± 0.2691
INFO:kbc-cli.py:Epoch 14/100	Loss 5.8369 ± 0.2515
INFO:kbc-cli.py:Epoch 15/100	Loss 5.8225 ± 0.2706
INFO:kbc-cli.py:Epoch 15/100	dev results	MRR 0.951017	H@1 0.917945	H@3 0.983896	H@5 0.987730	H@10 0.991564	H@20 0.996166	H@50 0.998466	H@100 1.000000
INFO:kbc-cli.py:Epoch 15/100	test results	MRR 0.947820	H@1 0.909228	H@3 0.986384	H@5 0.993949	H@10 0.997731	H@20 0.998487	H@50 1.000000	H@100 1.000000
INFO:kbc-cli.py:Epoch 16/100	Loss 5.7992 ± 0.2271
INFO:kbc-cli.py:Epoch 17/100	Loss 5.7870 ± 0.2516
INFO:kbc-cli.py:Epoch 18/100	Loss 5.7731 ± 0.2652
INFO:kbc-cli.py:Epoch 18/100	dev results	MRR 0.947480	H@1 0.912577	H@3 0.979294	H@5 0.986963	H@10 0.990031	H@20 0.996166	H@50 0.998466	H@100 1.000000
INFO:kbc-cli.py:Epoch 18/100	test results	MRR 0.946417	H@1 0.906959	H@3 0.985628	H@5 0.992436	H@10 0.996974	H@20 0.998487	H@50 1.000000	H@100 1.000000
INFO:kbc-cli.py:Epoch 19/100	Loss 5.7604 ± 0.2334
INFO:kbc-cli.py:Epoch 20/100	Loss 5.7514 ± 0.2621
INFO:kbc-cli.py:Epoch 21/100	Loss 5.7459 ± 0.2673
INFO:kbc-cli.py:Epoch 21/100	dev results	MRR 0.947743	H@1 0.913344	H@3 0.980828	H@5 0.987730	H@10 0.990798	H@20 0.997699	H@50 0.998466	H@100 1.000000
INFO:kbc-cli.py:Epoch 21/100	test results	MRR 0.948789	H@1 0.911498	H@3 0.986384	H@5 0.993192	H@10 0.996974	H@20 0.998487	H@50 1.000000	H@100 1.000000
INFO:kbc-cli.py:Epoch 22/100	Loss 5.7272 ± 0.2532
INFO:kbc-cli.py:Epoch 23/100	Loss 5.7250 ± 0.2327
INFO:kbc-cli.py:Epoch 24/100	Loss 5.7121 ± 0.2502
INFO:kbc-cli.py:Epoch 24/100	dev results	MRR 0.947576	H@1 0.912577	H@3 0.981595	H@5 0.987730	H@10 0.990031	H@20 0.996166	H@50 0.998466	H@100 1.000000
INFO:kbc-cli.py:Epoch 24/100	test results	MRR 0.949202	H@1 0.912254	H@3 0.986384	H@5 0.991679	H@10 0.997731	H@20 0.998487	H@50 1.000000	H@100 1.000000
INFO:kbc-cli.py:Epoch 25/100	Loss 5.7076 ± 0.2468
INFO:kbc-cli.py:Epoch 26/100	Loss 5.6943 ± 0.2586
INFO:kbc-cli.py:Epoch 27/100	Loss 5.6945 ± 0.2461
INFO:kbc-cli.py:Epoch 27/100	dev results	MRR 0.946952	H@1 0.911043	H@3 0.980828	H@5 0.988497	H@10 0.991564	H@20 0.995399	H@50 0.998466	H@100 1.000000
INFO:kbc-cli.py:Epoch 27/100	test results	MRR 0.950172	H@1 0.914523	H@3 0.986384	H@5 0.990923	H@10 0.996974	H@20 0.998487	H@50 1.000000	H@100 1.000000
INFO:kbc-cli.py:Epoch 28/100	Loss 5.6817 ± 0.2639
INFO:kbc-cli.py:Epoch 29/100	Loss 5.6810 ± 0.2343
INFO:kbc-cli.py:Epoch 30/100	Loss 5.6750 ± 0.2567
INFO:kbc-cli.py:Epoch 30/100	dev results	MRR 0.950620	H@1 0.918712	H@3 0.981595	H@5 0.987730	H@10 0.990798	H@20 0.996166	H@50 0.998466	H@100 1.000000
INFO:kbc-cli.py:Epoch 30/100	test results	MRR 0.951723	H@1 0.918306	H@3 0.984871	H@5 0.990166	H@10 0.996218	H@20 0.998487	H@50 1.000000	H@100 1.000000
INFO:kbc-cli.py:Epoch 31/100	Loss 5.6680 ± 0.2331
INFO:kbc-cli.py:Epoch 32/100	Loss 5.6594 ± 0.2431
INFO:kbc-cli.py:Epoch 33/100	Loss 5.6579 ± 0.2406
INFO:kbc-cli.py:Epoch 33/100	dev results	MRR 0.951016	H@1 0.919479	H@3 0.980828	H@5 0.987730	H@10 0.991564	H@20 0.996166	H@50 0.998466	H@100 1.000000
INFO:kbc-cli.py:Epoch 33/100	test results	MRR 0.948645	H@1 0.911498	H@3 0.984871	H@5 0.990923	H@10 0.996974	H@20 0.998487	H@50 1.000000	H@100 1.000000
INFO:kbc-cli.py:Epoch 34/100	Loss 5.6497 ± 0.2434
INFO:kbc-cli.py:Epoch 35/100	Loss 5.6480 ± 0.2376
INFO:kbc-cli.py:Epoch 36/100	Loss 5.6423 ± 0.2343
INFO:kbc-cli.py:Epoch 36/100	dev results	MRR 0.946687	H@1 0.911043	H@3 0.980828	H@5 0.987730	H@10 0.989264	H@20 0.995399	H@50 0.998466	H@100 1.000000
INFO:kbc-cli.py:Epoch 36/100	test results	MRR 0.948460	H@1 0.911498	H@3 0.986384	H@5 0.990923	H@10 0.997731	H@20 0.998487	H@50 0.999244	H@100 1.000000
INFO:kbc-cli.py:Epoch 37/100	Loss 5.6434 ± 0.2118
INFO:kbc-cli.py:Epoch 38/100	Loss 5.6314 ± 0.2373
INFO:kbc-cli.py:Epoch 39/100	Loss 5.6298 ± 0.2669
INFO:kbc-cli.py:Epoch 39/100	dev results	MRR 0.951769	H@1 0.921012	H@3 0.981595	H@5 0.987730	H@10 0.989264	H@20 0.996166	H@50 0.998466	H@100 1.000000
INFO:kbc-cli.py:Epoch 39/100	test results	MRR 0.950060	H@1 0.914523	H@3 0.985628	H@5 0.990166	H@10 0.996974	H@20 0.998487	H@50 1.000000	H@100 1.000000
INFO:kbc-cli.py:Epoch 40/100	Loss 5.6287 ± 0.2352
INFO:kbc-cli.py:Epoch 41/100	Loss 5.6175 ± 0.2277
INFO:kbc-cli.py:Epoch 42/100	Loss 5.6203 ± 0.2422
INFO:kbc-cli.py:Epoch 42/100	dev results	MRR 0.951259	H@1 0.920245	H@3 0.980828	H@5 0.986963	H@10 0.989264	H@20 0.996166	H@50 0.998466	H@100 1.000000
INFO:kbc-cli.py:Epoch 42/100	test results	MRR 0.952976	H@1 0.920575	H@3 0.986384	H@5 0.990166	H@10 0.996974	H@20 0.998487	H@50 1.000000	H@100 1.000000
INFO:kbc-cli.py:Epoch 43/100	Loss 5.6191 ± 0.2634
INFO:kbc-cli.py:Epoch 44/100	Loss 5.6110 ± 0.2311
INFO:kbc-cli.py:Epoch 45/100	Loss 5.6102 ± 0.2170
INFO:kbc-cli.py:Epoch 45/100	dev results	MRR 0.949266	H@1 0.916411	H@3 0.980061	H@5 0.986963	H@10 0.989264	H@20 0.996166	H@50 0.998466	H@100 1.000000
INFO:kbc-cli.py:Epoch 45/100	test results	MRR 0.949881	H@1 0.913767	H@3 0.986384	H@5 0.990923	H@10 0.996218	H@20 0.998487	H@50 1.000000	H@100 1.000000
INFO:kbc-cli.py:Epoch 46/100	Loss 5.6013 ± 0.2096
INFO:kbc-cli.py:Epoch 47/100	Loss 5.5972 ± 0.2317
INFO:kbc-cli.py:Epoch 48/100	Loss 5.6025 ± 0.2406
INFO:kbc-cli.py:Epoch 48/100	dev results	MRR 0.947055	H@1 0.912577	H@3 0.978528	H@5 0.987730	H@10 0.988497	H@20 0.996166	H@50 0.998466	H@100 1.000000
INFO:kbc-cli.py:Epoch 48/100	test results	MRR 0.947272	H@1 0.909228	H@3 0.985628	H@5 0.991679	H@10 0.996974	H@20 0.998487	H@50 1.000000	H@100 1.000000
INFO:kbc-cli.py:Epoch 49/100	Loss 5.5979 ± 0.2171
INFO:kbc-cli.py:Epoch 50/100	Loss 5.5958 ± 0.2291
INFO:kbc-cli.py:Epoch 51/100	Loss 5.5907 ± 0.2183
INFO:kbc-cli.py:Epoch 51/100	dev results	MRR 0.951583	H@1 0.921779	H@3 0.980061	H@5 0.987730	H@10 0.989264	H@20 0.996166	H@50 0.998466	H@100 1.000000
INFO:kbc-cli.py:Epoch 51/100	test results	MRR 0.950078	H@1 0.915280	H@3 0.984871	H@5 0.989410	H@10 0.997731	H@20 0.998487	H@50 1.000000	H@100 1.000000
INFO:kbc-cli.py:Epoch 52/100	Loss 5.5845 ± 0.2265
INFO:kbc-cli.py:Epoch 53/100	Loss 5.5882 ± 0.2041
INFO:kbc-cli.py:Epoch 54/100	Loss 5.5848 ± 0.2510
INFO:kbc-cli.py:Epoch 54/100	dev results	MRR 0.949647	H@1 0.917178	H@3 0.980828	H@5 0.987730	H@10 0.989264	H@20 0.996933	H@50 0.998466	H@100 1.000000
INFO:kbc-cli.py:Epoch 54/100	test results	MRR 0.949668	H@1 0.913767	H@3 0.986384	H@5 0.989410	H@10 0.996974	H@20 0.998487	H@50 1.000000	H@100 1.000000
INFO:kbc-cli.py:Epoch 55/100	Loss 5.5827 ± 0.2437
INFO:kbc-cli.py:Epoch 56/100	Loss 5.5800 ± 0.2358
INFO:kbc-cli.py:Epoch 57/100	Loss 5.5764 ± 0.2213
INFO:kbc-cli.py:Epoch 57/100	dev results	MRR 0.949334	H@1 0.917178	H@3 0.981595	H@5 0.986963	H@10 0.989264	H@20 0.996933	H@50 0.998466	H@100 1.000000
INFO:kbc-cli.py:Epoch 57/100	test results	MRR 0.952388	H@1 0.919818	H@3 0.984871	H@5 0.989410	H@10 0.996974	H@20 0.998487	H@50 1.000000	H@100 1.000000
INFO:kbc-cli.py:Epoch 58/100	Loss 5.5754 ± 0.2147
INFO:kbc-cli.py:Epoch 59/100	Loss 5.5703 ± 0.2187
INFO:kbc-cli.py:Epoch 60/100	Loss 5.5722 ± 0.2273
INFO:kbc-cli.py:Epoch 60/100	dev results	MRR 0.949655	H@1 0.917178	H@3 0.980828	H@5 0.986963	H@10 0.990031	H@20 0.996166	H@50 0.998466	H@100 1.000000
INFO:kbc-cli.py:Epoch 60/100	test results	MRR 0.948350	H@1 0.912254	H@3 0.983359	H@5 0.989410	H@10 0.996218	H@20 0.998487	H@50 1.000000	H@100 1.000000
INFO:kbc-cli.py:Epoch 61/100	Loss 5.5673 ± 0.2237
INFO:kbc-cli.py:Epoch 62/100	Loss 5.5727 ± 0.2400
INFO:kbc-cli.py:Epoch 63/100	Loss 5.5645 ± 0.2235
INFO:kbc-cli.py:Epoch 63/100	dev results	MRR 0.949875	H@1 0.918712	H@3 0.979294	H@5 0.986963	H@10 0.989264	H@20 0.996166	H@50 0.998466	H@100 1.000000
INFO:kbc-cli.py:Epoch 63/100	test results	MRR 0.949382	H@1 0.914523	H@3 0.984115	H@5 0.989410	H@10 0.996974	H@20 0.998487	H@50 1.000000	H@100 1.000000
INFO:kbc-cli.py:Epoch 64/100	Loss 5.5646 ± 0.2008
INFO:kbc-cli.py:Epoch 65/100	Loss 5.5592 ± 0.2273
INFO:kbc-cli.py:Epoch 66/100	Loss 5.5582 ± 0.1997
INFO:kbc-cli.py:Epoch 66/100	dev results	MRR 0.948876	H@1 0.916411	H@3 0.980828	H@5 0.986963	H@10 0.989264	H@20 0.995399	H@50 0.998466	H@100 1.000000
INFO:kbc-cli.py:Epoch 66/100	test results	MRR 0.950086	H@1 0.915280	H@3 0.985628	H@5 0.989410	H@10 0.997731	H@20 0.998487	H@50 1.000000	H@100 1.000000
INFO:kbc-cli.py:Epoch 67/100	Loss 5.5601 ± 0.2141
INFO:kbc-cli.py:Epoch 68/100	Loss 5.5539 ± 0.2094
INFO:kbc-cli.py:Epoch 69/100	Loss 5.5531 ± 0.2154
INFO:kbc-cli.py:Epoch 69/100	dev results	MRR 0.950235	H@1 0.919479	H@3 0.980828	H@5 0.986963	H@10 0.989264	H@20 0.995399	H@50 0.998466	H@100 1.000000
INFO:kbc-cli.py:Epoch 69/100	test results	MRR 0.950199	H@1 0.915280	H@3 0.985628	H@5 0.989410	H@10 0.996974	H@20 0.998487	H@50 1.000000	H@100 1.000000
INFO:kbc-cli.py:Epoch 70/100	Loss 5.5520 ± 0.2495
INFO:kbc-cli.py:Epoch 71/100	Loss 5.5521 ± 0.2133
INFO:kbc-cli.py:Epoch 72/100	Loss 5.5539 ± 0.2222
INFO:kbc-cli.py:Epoch 72/100	dev results	MRR 0.948119	H@1 0.915644	H@3 0.980828	H@5 0.986196	H@10 0.988497	H@20 0.995399	H@50 0.998466	H@100 1.000000
INFO:kbc-cli.py:Epoch 72/100	test results	MRR 0.952217	H@1 0.919818	H@3 0.985628	H@5 0.989410	H@10 0.996974	H@20 0.998487	H@50 1.000000	H@100 1.000000
INFO:kbc-cli.py:Epoch 73/100	Loss 5.5496 ± 0.2190
INFO:kbc-cli.py:Epoch 74/100	Loss 5.5498 ± 0.2241
INFO:kbc-cli.py:Epoch 75/100	Loss 5.5409 ± 0.2170
INFO:kbc-cli.py:Epoch 75/100	dev results	MRR 0.951122	H@1 0.921012	H@3 0.981595	H@5 0.986196	H@10 0.988497	H@20 0.995399	H@50 0.998466	H@100 1.000000
INFO:kbc-cli.py:Epoch 75/100	test results	MRR 0.951808	H@1 0.919062	H@3 0.984115	H@5 0.989410	H@10 0.996218	H@20 0.998487	H@50 1.000000	H@100 1.000000
INFO:kbc-cli.py:Epoch 76/100	Loss 5.5459 ± 0.2224
INFO:kbc-cli.py:Epoch 77/100	Loss 5.5408 ± 0.2182
INFO:kbc-cli.py:Epoch 78/100	Loss 5.5414 ± 0.2265
INFO:kbc-cli.py:Epoch 78/100	dev results	MRR 0.949804	H@1 0.917945	H@3 0.981595	H@5 0.986196	H@10 0.988497	H@20 0.995399	H@50 0.998466	H@100 1.000000
INFO:kbc-cli.py:Epoch 78/100	test results	MRR 0.948887	H@1 0.913767	H@3 0.984115	H@5 0.989410	H@10 0.996218	H@20 0.998487	H@50 1.000000	H@100 1.000000
INFO:kbc-cli.py:Epoch 79/100	Loss 5.5395 ± 0.1920
INFO:kbc-cli.py:Epoch 80/100	Loss 5.5391 ± 0.1866
INFO:kbc-cli.py:Epoch 81/100	Loss 5.5378 ± 0.1866
INFO:kbc-cli.py:Epoch 81/100	dev results	MRR 0.950691	H@1 0.920245	H@3 0.980061	H@5 0.986196	H@10 0.988497	H@20 0.995399	H@50 0.998466	H@100 1.000000
INFO:kbc-cli.py:Epoch 81/100	test results	MRR 0.950064	H@1 0.915280	H@3 0.984115	H@5 0.989410	H@10 0.996974	H@20 0.998487	H@50 1.000000	H@100 1.000000
INFO:kbc-cli.py:Epoch 82/100	Loss 5.5288 ± 0.2308
INFO:kbc-cli.py:Epoch 83/100	Loss 5.5349 ± 0.2097
INFO:kbc-cli.py:Epoch 84/100	Loss 5.5330 ± 0.2198
INFO:kbc-cli.py:Epoch 84/100	dev results	MRR 0.950700	H@1 0.921012	H@3 0.980061	H@5 0.986196	H@10 0.988497	H@20 0.995399	H@50 0.998466	H@100 1.000000
INFO:kbc-cli.py:Epoch 84/100	test results	MRR 0.952021	H@1 0.919818	H@3 0.983359	H@5 0.990166	H@10 0.996218	H@20 0.998487	H@50 1.000000	H@100 1.000000
INFO:kbc-cli.py:Epoch 85/100	Loss 5.5345 ± 0.2243
INFO:kbc-cli.py:Epoch 86/100	Loss 5.5319 ± 0.2182
INFO:kbc-cli.py:Epoch 87/100	Loss 5.5293 ± 0.2098
INFO:kbc-cli.py:Epoch 87/100	dev results	MRR 0.952518	H@1 0.924847	H@3 0.979294	H@5 0.986196	H@10 0.989264	H@20 0.996166	H@50 0.998466	H@100 1.000000
INFO:kbc-cli.py:Epoch 87/100	test results	MRR 0.951643	H@1 0.919062	H@3 0.981846	H@5 0.990166	H@10 0.997731	H@20 0.998487	H@50 1.000000	H@100 1.000000
INFO:kbc-cli.py:Epoch 88/100	Loss 5.5300 ± 0.2132
INFO:kbc-cli.py:Epoch 89/100	Loss 5.5269 ± 0.2130
INFO:kbc-cli.py:Epoch 90/100	Loss 5.5269 ± 0.2164
INFO:kbc-cli.py:Epoch 90/100	dev results	MRR 0.949938	H@1 0.918712	H@3 0.980061	H@5 0.986196	H@10 0.989264	H@20 0.995399	H@50 0.998466	H@100 1.000000
INFO:kbc-cli.py:Epoch 90/100	test results	MRR 0.950022	H@1 0.916036	H@3 0.982602	H@5 0.990166	H@10 0.996974	H@20 0.998487	H@50 0.999244	H@100 1.000000
INFO:kbc-cli.py:Epoch 91/100	Loss 5.5291 ± 0.2093
INFO:kbc-cli.py:Epoch 92/100	Loss 5.5273 ± 0.2203
INFO:kbc-cli.py:Epoch 93/100	Loss 5.5189 ± 0.2088
INFO:kbc-cli.py:Epoch 93/100	dev results	MRR 0.951193	H@1 0.921779	H@3 0.980828	H@5 0.986196	H@10 0.989264	H@20 0.995399	H@50 0.998466	H@100 1.000000
INFO:kbc-cli.py:Epoch 93/100	test results	MRR 0.949886	H@1 0.916036	H@3 0.983359	H@5 0.990166	H@10 0.995461	H@20 0.998487	H@50 1.000000	H@100 1.000000
INFO:kbc-cli.py:Epoch 94/100	Loss 5.5252 ± 0.1982
INFO:kbc-cli.py:Epoch 95/100	Loss 5.5221 ± 0.2084
INFO:kbc-cli.py:Epoch 96/100	Loss 5.5176 ± 0.2063
INFO:kbc-cli.py:Epoch 96/100	dev results	MRR 0.950551	H@1 0.920245	H@3 0.980828	H@5 0.986963	H@10 0.988497	H@20 0.995399	H@50 0.998466	H@100 1.000000
INFO:kbc-cli.py:Epoch 96/100	test results	MRR 0.950680	H@1 0.918306	H@3 0.981089	H@5 0.989410	H@10 0.995461	H@20 0.998487	H@50 1.000000	H@100 1.000000
INFO:kbc-cli.py:Epoch 97/100	Loss 5.5216 ± 0.2326
INFO:kbc-cli.py:Epoch 98/100	Loss 5.5216 ± 0.2265
INFO:kbc-cli.py:Epoch 99/100	Loss 5.5165 ± 0.2023
INFO:kbc-cli.py:Epoch 99/100	dev results	MRR 0.950572	H@1 0.920245	H@3 0.980061	H@5 0.986196	H@10 0.989264	H@20 0.995399	H@50 0.998466	H@100 1.000000
INFO:kbc-cli.py:Epoch 99/100	test results	MRR 0.950486	H@1 0.917549	H@3 0.981089	H@5 0.990166	H@10 0.996974	H@20 0.998487	H@50 1.000000	H@100 1.000000
INFO:kbc-cli.py:Epoch 100/100	Loss 5.5134 ± 0.2216
INFO:kbc-cli.py:Final 	dev results	MRR 0.950644	H@1 0.920245	H@3 0.980828	H@5 0.986196	H@10 0.989264	H@20 0.995399	H@50 0.998466	H@100 1.000000
INFO:kbc-cli.py:Final 	test results	MRR 0.950475	H@1 0.917549	H@3 0.982602	H@5 0.990166	H@10 0.996974	H@20 0.998487	H@50 1.000000	H@100 1.000000
INFO:kbc-cli.py:Training finished
