./bin/kbc-cli.py --train data/kinship/train.tsv --dev data/kinship/dev.tsv --test data/kinship/test.tsv -m complex -k 100 -b 50 -e 100 --F2 0 --N3 0.0001 -l 0.1 -I reciprocal -V 3 -o adagrad -c spo -q
{'F2': 0.0,
 'N3': 0.0001,
 'batch_size': 50,
 'corruption': 'spo',
 'dev': 'data/kinship/dev.tsv',
 'embedding_size': 100,
 'epochs': 100,
 'eval_batch_size': None,
 'input_type': 'reciprocal',
 'learning_rate': 0.1,
 'load': None,
 'model': 'complex',
 'optimizer': 'adagrad',
 'quiet': True,
 'save': None,
 'seed': 0,
 'test': 'data/kinship/test.tsv',
 'test_i': None,
 'test_ii': None,
 'train': 'data/kinship/train.tsv',
 'validate_every': 3}
INFO:kbc-cli.py:Device: cuda
INFO:kbc-cli.py:Model state:
INFO:kbc-cli.py:	entities.weight	torch.Size([104, 200])
INFO:kbc-cli.py:	predicates.weight	torch.Size([50, 200])
INFO:kbc-cli.py:Epoch 1/100	Loss 8.9295 ± 2.1202
INFO:kbc-cli.py:Epoch 2/100	Loss 6.3159 ± 0.3005
INFO:kbc-cli.py:Epoch 3/100	Loss 5.8792 ± 0.3089
INFO:kbc-cli.py:Epoch 3/100	dev results	MRR 0.841467	H@1 0.758427	H@3 0.910112	H@5 0.946161	H@10 0.976592	H@20 0.986891	H@50 0.993914	H@100 1.000000
INFO:kbc-cli.py:Epoch 3/100	test results	MRR 0.838559	H@1 0.753259	H@3 0.912477	H@5 0.955307	H@10 0.982309	H@20 0.994413	H@50 0.997207	H@100 1.000000
INFO:kbc-cli.py:Epoch 4/100	Loss 5.6469 ± 0.2917
INFO:kbc-cli.py:Epoch 5/100	Loss 5.4940 ± 0.2568
INFO:kbc-cli.py:Epoch 6/100	Loss 5.3848 ± 0.2489
INFO:kbc-cli.py:Epoch 6/100	dev results	MRR 0.845210	H@1 0.762172	H@3 0.917135	H@5 0.948034	H@10 0.975187	H@20 0.988764	H@50 0.994850	H@100 1.000000
INFO:kbc-cli.py:Epoch 6/100	test results	MRR 0.842176	H@1 0.754655	H@3 0.914339	H@5 0.956238	H@10 0.985102	H@20 0.994413	H@50 0.997207	H@100 1.000000
INFO:kbc-cli.py:Epoch 7/100	Loss 5.3003 ± 0.2437
INFO:kbc-cli.py:Epoch 8/100	Loss 5.2331 ± 0.2320
INFO:kbc-cli.py:Epoch 9/100	Loss 5.1809 ± 0.2174
INFO:kbc-cli.py:Epoch 9/100	dev results	MRR 0.837677	H@1 0.748127	H@3 0.916199	H@5 0.949906	H@10 0.976592	H@20 0.987360	H@50 0.994382	H@100 1.000000
INFO:kbc-cli.py:Epoch 9/100	test results	MRR 0.835459	H@1 0.747672	H@3 0.905028	H@5 0.952980	H@10 0.985102	H@20 0.993948	H@50 0.997672	H@100 1.000000
INFO:kbc-cli.py:Epoch 10/100	Loss 5.1354 ± 0.2299
INFO:kbc-cli.py:Epoch 11/100	Loss 5.0972 ± 0.2163
INFO:kbc-cli.py:Epoch 12/100	Loss 5.0644 ± 0.2055
INFO:kbc-cli.py:Epoch 12/100	dev results	MRR 0.834733	H@1 0.745787	H@3 0.911517	H@5 0.948034	H@10 0.974251	H@20 0.986423	H@50 0.994850	H@100 1.000000
INFO:kbc-cli.py:Epoch 12/100	test results	MRR 0.825312	H@1 0.731844	H@3 0.901769	H@5 0.949255	H@10 0.985568	H@20 0.992086	H@50 0.997672	H@100 1.000000
INFO:kbc-cli.py:Epoch 13/100	Loss 5.0362 ± 0.2087
INFO:kbc-cli.py:Epoch 14/100	Loss 5.0117 ± 0.2027
INFO:kbc-cli.py:Epoch 15/100	Loss 4.9906 ± 0.1969
INFO:kbc-cli.py:Epoch 15/100	dev results	MRR 0.829417	H@1 0.739700	H@3 0.908240	H@5 0.944288	H@10 0.970974	H@20 0.986423	H@50 0.994850	H@100 1.000000
INFO:kbc-cli.py:Epoch 15/100	test results	MRR 0.820370	H@1 0.727188	H@3 0.895251	H@5 0.946927	H@10 0.984171	H@20 0.991620	H@50 0.997672	H@100 1.000000
INFO:kbc-cli.py:Epoch 16/100	Loss 4.9703 ± 0.1860
INFO:kbc-cli.py:Epoch 17/100	Loss 4.9529 ± 0.1781
INFO:kbc-cli.py:Epoch 18/100	Loss 4.9370 ± 0.1931
INFO:kbc-cli.py:Epoch 18/100	dev results	MRR 0.825551	H@1 0.734551	H@3 0.903090	H@5 0.941948	H@10 0.970037	H@20 0.986891	H@50 0.994850	H@100 1.000000
INFO:kbc-cli.py:Epoch 18/100	test results	MRR 0.814756	H@1 0.716015	H@3 0.894786	H@5 0.945996	H@10 0.983706	H@20 0.991620	H@50 0.997672	H@100 1.000000
INFO:kbc-cli.py:Epoch 19/100	Loss 4.9230 ± 0.1954
INFO:kbc-cli.py:Epoch 20/100	Loss 4.9097 ± 0.1889
INFO:kbc-cli.py:Epoch 21/100	Loss 4.8976 ± 0.1867
INFO:kbc-cli.py:Epoch 21/100	dev results	MRR 0.821310	H@1 0.728464	H@3 0.903090	H@5 0.938202	H@10 0.969569	H@20 0.986891	H@50 0.994382	H@100 1.000000
INFO:kbc-cli.py:Epoch 21/100	test results	MRR 0.812461	H@1 0.715549	H@3 0.893389	H@5 0.943669	H@10 0.983240	H@20 0.991620	H@50 0.997672	H@100 1.000000
INFO:kbc-cli.py:Epoch 22/100	Loss 4.8861 ± 0.1892
INFO:kbc-cli.py:Epoch 23/100	Loss 4.8759 ± 0.1873
INFO:kbc-cli.py:Epoch 24/100	Loss 4.8664 ± 0.1816
INFO:kbc-cli.py:Epoch 24/100	dev results	MRR 0.816111	H@1 0.719569	H@3 0.899345	H@5 0.937734	H@10 0.969101	H@20 0.986423	H@50 0.994850	H@100 1.000000
INFO:kbc-cli.py:Epoch 24/100	test results	MRR 0.806127	H@1 0.704842	H@3 0.888734	H@5 0.942737	H@10 0.980447	H@20 0.991155	H@50 0.997672	H@100 1.000000
INFO:kbc-cli.py:Epoch 25/100	Loss 4.8578 ± 0.1724
INFO:kbc-cli.py:Epoch 26/100	Loss 4.8496 ± 0.1831
INFO:kbc-cli.py:Epoch 27/100	Loss 4.8417 ± 0.1715
INFO:kbc-cli.py:Epoch 27/100	dev results	MRR 0.814816	H@1 0.717697	H@3 0.896536	H@5 0.936798	H@10 0.968165	H@20 0.985019	H@50 0.993914	H@100 1.000000
INFO:kbc-cli.py:Epoch 27/100	test results	MRR 0.801585	H@1 0.698790	H@3 0.884544	H@5 0.940410	H@10 0.980912	H@20 0.991155	H@50 0.997207	H@100 1.000000
INFO:kbc-cli.py:Epoch 28/100	Loss 4.8349 ± 0.1706
INFO:kbc-cli.py:Epoch 29/100	Loss 4.8285 ± 0.1731
INFO:kbc-cli.py:Epoch 30/100	Loss 4.8217 ± 0.1897
INFO:kbc-cli.py:Epoch 30/100	dev results	MRR 0.814615	H@1 0.720037	H@3 0.897004	H@5 0.936798	H@10 0.968633	H@20 0.985487	H@50 0.994382	H@100 1.000000
INFO:kbc-cli.py:Epoch 30/100	test results	MRR 0.800160	H@1 0.696927	H@3 0.884078	H@5 0.939013	H@10 0.979516	H@20 0.991155	H@50 0.997207	H@100 1.000000
INFO:kbc-cli.py:Epoch 31/100	Loss 4.8154 ± 0.1805
INFO:kbc-cli.py:Epoch 32/100	Loss 4.8101 ± 0.1720
INFO:kbc-cli.py:Epoch 33/100	Loss 4.8043 ± 0.1746
INFO:kbc-cli.py:Epoch 33/100	dev results	MRR 0.812101	H@1 0.716760	H@3 0.891854	H@5 0.933989	H@10 0.968165	H@20 0.985019	H@50 0.994382	H@100 1.000000
INFO:kbc-cli.py:Epoch 33/100	test results	MRR 0.799634	H@1 0.697393	H@3 0.880819	H@5 0.938082	H@10 0.979516	H@20 0.990689	H@50 0.997207	H@100 1.000000
INFO:kbc-cli.py:Epoch 34/100	Loss 4.7996 ± 0.1639
INFO:kbc-cli.py:Epoch 35/100	Loss 4.7944 ± 0.1609
INFO:kbc-cli.py:Epoch 36/100	Loss 4.7891 ± 0.1615
INFO:kbc-cli.py:Epoch 36/100	dev results	MRR 0.809275	H@1 0.712079	H@3 0.892322	H@5 0.933989	H@10 0.968165	H@20 0.985019	H@50 0.993914	H@100 1.000000
INFO:kbc-cli.py:Epoch 36/100	test results	MRR 0.795820	H@1 0.691341	H@3 0.881285	H@5 0.938547	H@10 0.979516	H@20 0.990223	H@50 0.997207	H@100 1.000000
INFO:kbc-cli.py:Epoch 37/100	Loss 4.7849 ± 0.1639
INFO:kbc-cli.py:Epoch 38/100	Loss 4.7806 ± 0.1667
INFO:kbc-cli.py:Epoch 39/100	Loss 4.7765 ± 0.1758
INFO:kbc-cli.py:Epoch 39/100	dev results	MRR 0.809455	H@1 0.712079	H@3 0.891386	H@5 0.933521	H@10 0.967697	H@20 0.985019	H@50 0.993914	H@100 1.000000
INFO:kbc-cli.py:Epoch 39/100	test results	MRR 0.794683	H@1 0.690410	H@3 0.876629	H@5 0.937616	H@10 0.978585	H@20 0.990689	H@50 0.997207	H@100 1.000000
INFO:kbc-cli.py:Epoch 40/100	Loss 4.7723 ± 0.1784
INFO:kbc-cli.py:Epoch 41/100	Loss 4.7696 ± 0.1603
INFO:kbc-cli.py:Epoch 42/100	Loss 4.7654 ± 0.1640
INFO:kbc-cli.py:Epoch 42/100	dev results	MRR 0.805960	H@1 0.705993	H@3 0.891854	H@5 0.933989	H@10 0.966760	H@20 0.985019	H@50 0.993914	H@100 1.000000
INFO:kbc-cli.py:Epoch 42/100	test results	MRR 0.789941	H@1 0.684358	H@3 0.873371	H@5 0.935754	H@10 0.977188	H@20 0.990223	H@50 0.997207	H@100 1.000000
INFO:kbc-cli.py:Epoch 43/100	Loss 4.7618 ± 0.1719
INFO:kbc-cli.py:Epoch 44/100	Loss 4.7586 ± 0.1756
INFO:kbc-cli.py:Epoch 45/100	Loss 4.7552 ± 0.1641
INFO:kbc-cli.py:Epoch 45/100	dev results	MRR 0.801417	H@1 0.698970	H@3 0.888577	H@5 0.932116	H@10 0.966760	H@20 0.985019	H@50 0.993914	H@100 1.000000
INFO:kbc-cli.py:Epoch 45/100	test results	MRR 0.786986	H@1 0.679702	H@3 0.872439	H@5 0.935754	H@10 0.978119	H@20 0.989758	H@50 0.997207	H@100 1.000000
INFO:kbc-cli.py:Epoch 46/100	Loss 4.7524 ± 0.1813
INFO:kbc-cli.py:Epoch 47/100	Loss 4.7495 ± 0.1639
INFO:kbc-cli.py:Epoch 48/100	Loss 4.7465 ± 0.1756
INFO:kbc-cli.py:Epoch 48/100	dev results	MRR 0.803257	H@1 0.702715	H@3 0.886704	H@5 0.930243	H@10 0.966760	H@20 0.985019	H@50 0.993914	H@100 1.000000
INFO:kbc-cli.py:Epoch 48/100	test results	MRR 0.786533	H@1 0.679236	H@3 0.873371	H@5 0.932961	H@10 0.977188	H@20 0.990223	H@50 0.997207	H@100 1.000000
INFO:kbc-cli.py:Epoch 49/100	Loss 4.7430 ± 0.1685
INFO:kbc-cli.py:Epoch 50/100	Loss 4.7409 ± 0.1752
INFO:kbc-cli.py:Epoch 51/100	Loss 4.7385 ± 0.1612
INFO:kbc-cli.py:Epoch 51/100	dev results	MRR 0.798021	H@1 0.693820	H@3 0.886236	H@5 0.931180	H@10 0.966292	H@20 0.985019	H@50 0.993914	H@100 1.000000
INFO:kbc-cli.py:Epoch 51/100	test results	MRR 0.783251	H@1 0.674115	H@3 0.871508	H@5 0.932030	H@10 0.975791	H@20 0.990223	H@50 0.997207	H@100 1.000000
INFO:kbc-cli.py:Epoch 52/100	Loss 4.7358 ± 0.1636
INFO:kbc-cli.py:Epoch 53/100	Loss 4.7336 ± 0.1597
INFO:kbc-cli.py:Epoch 54/100	Loss 4.7310 ± 0.1620
INFO:kbc-cli.py:Epoch 54/100	dev results	MRR 0.797397	H@1 0.692884	H@3 0.883427	H@5 0.929307	H@10 0.966760	H@20 0.985019	H@50 0.994382	H@100 1.000000
INFO:kbc-cli.py:Epoch 54/100	test results	MRR 0.780985	H@1 0.670391	H@3 0.869181	H@5 0.932030	H@10 0.975791	H@20 0.990223	H@50 0.997207	H@100 1.000000
INFO:kbc-cli.py:Epoch 55/100	Loss 4.7294 ± 0.1757
INFO:kbc-cli.py:Epoch 56/100	Loss 4.7266 ± 0.1591
INFO:kbc-cli.py:Epoch 57/100	Loss 4.7246 ± 0.1612
INFO:kbc-cli.py:Epoch 57/100	dev results	MRR 0.795986	H@1 0.691011	H@3 0.882959	H@5 0.928839	H@10 0.966292	H@20 0.985019	H@50 0.993914	H@100 1.000000
INFO:kbc-cli.py:Epoch 57/100	test results	MRR 0.780719	H@1 0.670391	H@3 0.868250	H@5 0.932030	H@10 0.975791	H@20 0.990223	H@50 0.997207	H@100 1.000000
INFO:kbc-cli.py:Epoch 58/100	Loss 4.7227 ± 0.1686
INFO:kbc-cli.py:Epoch 59/100	Loss 4.7203 ± 0.1688
INFO:kbc-cli.py:Epoch 60/100	Loss 4.7182 ± 0.1651
INFO:kbc-cli.py:Epoch 60/100	dev results	MRR 0.794865	H@1 0.690075	H@3 0.880150	H@5 0.927903	H@10 0.965824	H@20 0.985019	H@50 0.994382	H@100 1.000000
INFO:kbc-cli.py:Epoch 60/100	test results	MRR 0.778722	H@1 0.667132	H@3 0.867318	H@5 0.932030	H@10 0.975791	H@20 0.990223	H@50 0.997207	H@100 1.000000
INFO:kbc-cli.py:Epoch 61/100	Loss 4.7168 ± 0.1623
INFO:kbc-cli.py:Epoch 62/100	Loss 4.7145 ± 0.1593
INFO:kbc-cli.py:Epoch 63/100	Loss 4.7129 ± 0.1608
INFO:kbc-cli.py:Epoch 63/100	dev results	MRR 0.794782	H@1 0.690543	H@3 0.877809	H@5 0.926498	H@10 0.966292	H@20 0.985019	H@50 0.994382	H@100 1.000000
INFO:kbc-cli.py:Epoch 63/100	test results	MRR 0.779893	H@1 0.668529	H@3 0.869646	H@5 0.931564	H@10 0.975791	H@20 0.990689	H@50 0.997207	H@100 1.000000
INFO:kbc-cli.py:Epoch 64/100	Loss 4.7106 ± 0.1572
INFO:kbc-cli.py:Epoch 65/100	Loss 4.7094 ± 0.1563
INFO:kbc-cli.py:Epoch 66/100	Loss 4.7073 ± 0.1608
INFO:kbc-cli.py:Epoch 66/100	dev results	MRR 0.792019	H@1 0.686330	H@3 0.878745	H@5 0.925562	H@10 0.965824	H@20 0.984551	H@50 0.994382	H@100 1.000000
INFO:kbc-cli.py:Epoch 66/100	test results	MRR 0.778657	H@1 0.667598	H@3 0.867318	H@5 0.931099	H@10 0.974395	H@20 0.990689	H@50 0.997207	H@100 1.000000
INFO:kbc-cli.py:Epoch 67/100	Loss 4.7057 ± 0.1613
INFO:kbc-cli.py:Epoch 68/100	Loss 4.7044 ± 0.1649
INFO:kbc-cli.py:Epoch 69/100	Loss 4.7029 ± 0.1529
INFO:kbc-cli.py:Epoch 69/100	dev results	MRR 0.791110	H@1 0.684925	H@3 0.877809	H@5 0.925562	H@10 0.965824	H@20 0.985019	H@50 0.994382	H@100 1.000000
INFO:kbc-cli.py:Epoch 69/100	test results	MRR 0.778695	H@1 0.667598	H@3 0.867318	H@5 0.931099	H@10 0.974860	H@20 0.990689	H@50 0.997207	H@100 1.000000
INFO:kbc-cli.py:Epoch 70/100	Loss 4.7014 ± 0.1690
INFO:kbc-cli.py:Epoch 71/100	Loss 4.6997 ± 0.1622
INFO:kbc-cli.py:Epoch 72/100	Loss 4.6984 ± 0.1528
INFO:kbc-cli.py:Epoch 72/100	dev results	MRR 0.790125	H@1 0.683052	H@3 0.877809	H@5 0.924625	H@10 0.965824	H@20 0.985019	H@50 0.994382	H@100 1.000000
INFO:kbc-cli.py:Epoch 72/100	test results	MRR 0.776999	H@1 0.664804	H@3 0.865922	H@5 0.929702	H@10 0.975326	H@20 0.990689	H@50 0.997207	H@100 1.000000
INFO:kbc-cli.py:Epoch 73/100	Loss 4.6973 ± 0.1577
INFO:kbc-cli.py:Epoch 74/100	Loss 4.6955 ± 0.1637
INFO:kbc-cli.py:Epoch 75/100	Loss 4.6944 ± 0.1600
INFO:kbc-cli.py:Epoch 75/100	dev results	MRR 0.790349	H@1 0.684457	H@3 0.875468	H@5 0.925094	H@10 0.965824	H@20 0.985019	H@50 0.994382	H@100 1.000000
INFO:kbc-cli.py:Epoch 75/100	test results	MRR 0.775277	H@1 0.662011	H@3 0.866387	H@5 0.927840	H@10 0.974860	H@20 0.990689	H@50 0.997207	H@100 1.000000
INFO:kbc-cli.py:Epoch 76/100	Loss 4.6929 ± 0.1547
INFO:kbc-cli.py:Epoch 77/100	Loss 4.6918 ± 0.1634
INFO:kbc-cli.py:Epoch 78/100	Loss 4.6902 ± 0.1495
INFO:kbc-cli.py:Epoch 78/100	dev results	MRR 0.788637	H@1 0.681180	H@3 0.876404	H@5 0.923221	H@10 0.965356	H@20 0.985019	H@50 0.994382	H@100 1.000000
INFO:kbc-cli.py:Epoch 78/100	test results	MRR 0.775199	H@1 0.662011	H@3 0.866853	H@5 0.930168	H@10 0.975326	H@20 0.990689	H@50 0.997207	H@100 1.000000
INFO:kbc-cli.py:Epoch 79/100	Loss 4.6890 ± 0.1578
INFO:kbc-cli.py:Epoch 80/100	Loss 4.6876 ± 0.1740
INFO:kbc-cli.py:Epoch 81/100	Loss 4.6871 ± 0.1639
INFO:kbc-cli.py:Epoch 81/100	dev results	MRR 0.787899	H@1 0.681180	H@3 0.873596	H@5 0.923689	H@10 0.964888	H@20 0.985019	H@50 0.994382	H@100 1.000000
INFO:kbc-cli.py:Epoch 81/100	test results	MRR 0.773223	H@1 0.658752	H@3 0.866387	H@5 0.927840	H@10 0.974395	H@20 0.990689	H@50 0.997207	H@100 1.000000
INFO:kbc-cli.py:Epoch 82/100	Loss 4.6855 ± 0.1516
INFO:kbc-cli.py:Epoch 83/100	Loss 4.6846 ± 0.1696
INFO:kbc-cli.py:Epoch 84/100	Loss 4.6832 ± 0.1500
INFO:kbc-cli.py:Epoch 84/100	dev results	MRR 0.785781	H@1 0.677903	H@3 0.872191	H@5 0.922753	H@10 0.965356	H@20 0.985019	H@50 0.993914	H@100 1.000000
INFO:kbc-cli.py:Epoch 84/100	test results	MRR 0.773288	H@1 0.659683	H@3 0.866853	H@5 0.925978	H@10 0.973929	H@20 0.990223	H@50 0.997207	H@100 1.000000
INFO:kbc-cli.py:Epoch 85/100	Loss 4.6820 ± 0.1659
INFO:kbc-cli.py:Epoch 86/100	Loss 4.6813 ± 0.1594
INFO:kbc-cli.py:Epoch 87/100	Loss 4.6798 ± 0.1733
INFO:kbc-cli.py:Epoch 87/100	dev results	MRR 0.786331	H@1 0.678839	H@3 0.872659	H@5 0.922285	H@10 0.965824	H@20 0.985019	H@50 0.994382	H@100 1.000000
INFO:kbc-cli.py:Epoch 87/100	test results	MRR 0.772802	H@1 0.659218	H@3 0.866853	H@5 0.927374	H@10 0.974395	H@20 0.990689	H@50 0.997207	H@100 1.000000
INFO:kbc-cli.py:Epoch 88/100	Loss 4.6793 ± 0.1425
INFO:kbc-cli.py:Epoch 89/100	Loss 4.6778 ± 0.1545
INFO:kbc-cli.py:Epoch 90/100	Loss 4.6769 ± 0.1577
INFO:kbc-cli.py:Epoch 90/100	dev results	MRR 0.784071	H@1 0.675094	H@3 0.870787	H@5 0.922753	H@10 0.965356	H@20 0.985019	H@50 0.993914	H@100 1.000000
INFO:kbc-cli.py:Epoch 90/100	test results	MRR 0.770976	H@1 0.655959	H@3 0.867318	H@5 0.926909	H@10 0.973929	H@20 0.990689	H@50 0.997207	H@100 1.000000
INFO:kbc-cli.py:Epoch 91/100	Loss 4.6756 ± 0.1582
INFO:kbc-cli.py:Epoch 92/100	Loss 4.6751 ± 0.1715
INFO:kbc-cli.py:Epoch 93/100	Loss 4.6738 ± 0.1518
INFO:kbc-cli.py:Epoch 93/100	dev results	MRR 0.782710	H@1 0.672285	H@3 0.871255	H@5 0.922285	H@10 0.964888	H@20 0.985019	H@50 0.994382	H@100 1.000000
INFO:kbc-cli.py:Epoch 93/100	test results	MRR 0.770271	H@1 0.654562	H@3 0.865456	H@5 0.925978	H@10 0.973929	H@20 0.990689	H@50 0.997207	H@100 1.000000
INFO:kbc-cli.py:Epoch 94/100	Loss 4.6727 ± 0.1545
INFO:kbc-cli.py:Epoch 95/100	Loss 4.6720 ± 0.1657
INFO:kbc-cli.py:Epoch 96/100	Loss 4.6709 ± 0.1557
INFO:kbc-cli.py:Epoch 96/100	dev results	MRR 0.783982	H@1 0.674625	H@3 0.872191	H@5 0.921816	H@10 0.965356	H@20 0.985019	H@50 0.993914	H@100 1.000000
INFO:kbc-cli.py:Epoch 96/100	test results	MRR 0.769815	H@1 0.655028	H@3 0.864525	H@5 0.924581	H@10 0.973929	H@20 0.990689	H@50 0.997207	H@100 1.000000
INFO:kbc-cli.py:Epoch 97/100	Loss 4.6702 ± 0.1557
INFO:kbc-cli.py:Epoch 98/100	Loss 4.6692 ± 0.1679
INFO:kbc-cli.py:Epoch 99/100	Loss 4.6688 ± 0.1617
INFO:kbc-cli.py:Epoch 99/100	dev results	MRR 0.783518	H@1 0.674157	H@3 0.872659	H@5 0.921816	H@10 0.964888	H@20 0.985019	H@50 0.993914	H@100 1.000000
INFO:kbc-cli.py:Epoch 99/100	test results	MRR 0.770146	H@1 0.655959	H@3 0.864991	H@5 0.923650	H@10 0.973929	H@20 0.990689	H@50 0.997207	H@100 1.000000
INFO:kbc-cli.py:Epoch 100/100	Loss 4.6675 ± 0.1473
INFO:kbc-cli.py:Final 	dev results	MRR 0.782746	H@1 0.673689	H@3 0.871723	H@5 0.921816	H@10 0.965356	H@20 0.984551	H@50 0.993914	H@100 1.000000
INFO:kbc-cli.py:Final 	test results	MRR 0.768864	H@1 0.652700	H@3 0.865456	H@5 0.925047	H@10 0.973929	H@20 0.990689	H@50 0.997207	H@100 1.000000
INFO:kbc-cli.py:Training finished
