./bin/kbc-cli.py --train data/umls/train.tsv --dev data/umls/dev.tsv --test data/umls/test.tsv -m complex -k 1000 -b 10 -e 100 --F2 0 --N3 0.1 -l 0.1 -I reciprocal -V 3 -o adagrad -c spo -q
{'F2': 0.0,
 'N3': 0.1,
 'batch_size': 10,
 'corruption': 'spo',
 'dev': 'data/umls/dev.tsv',
 'embedding_size': 1000,
 'epochs': 100,
 'eval_batch_size': None,
 'input_type': 'reciprocal',
 'learning_rate': 0.1,
 'load': None,
 'model': 'complex',
 'optimizer': 'adagrad',
 'quiet': True,
 'save': None,
 'seed': 0,
 'test': 'data/umls/test.tsv',
 'test_i': None,
 'test_ii': None,
 'train': 'data/umls/train.tsv',
 'validate_every': 3}
INFO:kbc-cli.py:Device: cuda
INFO:kbc-cli.py:Model state:
INFO:kbc-cli.py:	entities.weight	torch.Size([135, 2000])
INFO:kbc-cli.py:	predicates.weight	torch.Size([92, 2000])
INFO:kbc-cli.py:Epoch 1/100	Loss 12.1141 ± 3.1235
INFO:kbc-cli.py:Epoch 2/100	Loss 9.9371 ± 0.6170
INFO:kbc-cli.py:Epoch 3/100	Loss 9.7314 ± 0.5368
INFO:kbc-cli.py:Epoch 3/100	dev results	MRR 0.903827	H@1 0.829755	H@3 0.974693	H@5 0.986196	H@10 0.992331	H@20 0.995399	H@50 1.000000	H@100 1.000000
INFO:kbc-cli.py:Epoch 3/100	test results	MRR 0.883984	H@1 0.793495	H@3 0.972769	H@5 0.984115	H@10 0.996218	H@20 0.997731	H@50 0.998487	H@100 0.999244
INFO:kbc-cli.py:Epoch 4/100	Loss 9.6442 ± 0.5229
INFO:kbc-cli.py:Epoch 5/100	Loss 9.5935 ± 0.4930
INFO:kbc-cli.py:Epoch 6/100	Loss 9.5553 ± 0.5041
INFO:kbc-cli.py:Epoch 6/100	dev results	MRR 0.911671	H@1 0.844325	H@3 0.974693	H@5 0.982362	H@10 0.993098	H@20 0.996166	H@50 0.999233	H@100 1.000000
INFO:kbc-cli.py:Epoch 6/100	test results	MRR 0.904484	H@1 0.824508	H@3 0.982602	H@5 0.988654	H@10 0.996974	H@20 0.998487	H@50 0.998487	H@100 0.999244
INFO:kbc-cli.py:Epoch 7/100	Loss 9.5278 ± 0.5029
INFO:kbc-cli.py:Epoch 8/100	Loss 9.5090 ± 0.5224
INFO:kbc-cli.py:Epoch 9/100	Loss 9.4901 ± 0.5067
INFO:kbc-cli.py:Epoch 9/100	dev results	MRR 0.908148	H@1 0.839724	H@3 0.971626	H@5 0.983896	H@10 0.993865	H@20 0.996166	H@50 1.000000	H@100 1.000000
INFO:kbc-cli.py:Epoch 9/100	test results	MRR 0.904354	H@1 0.828290	H@3 0.977307	H@5 0.987897	H@10 0.996974	H@20 0.998487	H@50 0.998487	H@100 0.999244
INFO:kbc-cli.py:Epoch 10/100	Loss 9.4762 ± 0.4853
INFO:kbc-cli.py:Epoch 11/100	Loss 9.4656 ± 0.4850
INFO:kbc-cli.py:Epoch 12/100	Loss 9.4555 ± 0.5017
INFO:kbc-cli.py:Epoch 12/100	dev results	MRR 0.916125	H@1 0.851994	H@3 0.975460	H@5 0.984663	H@10 0.995399	H@20 0.996166	H@50 1.000000	H@100 1.000000
INFO:kbc-cli.py:Epoch 12/100	test results	MRR 0.913348	H@1 0.843419	H@3 0.980333	H@5 0.990923	H@10 0.997731	H@20 0.998487	H@50 0.998487	H@100 0.999244
INFO:kbc-cli.py:Epoch 13/100	Loss 9.4471 ± 0.4750
INFO:kbc-cli.py:Epoch 14/100	Loss 9.4403 ± 0.4911
INFO:kbc-cli.py:Epoch 15/100	Loss 9.4305 ± 0.4973
INFO:kbc-cli.py:Epoch 15/100	dev results	MRR 0.917427	H@1 0.853528	H@3 0.978528	H@5 0.983129	H@10 0.995399	H@20 0.996166	H@50 1.000000	H@100 1.000000
INFO:kbc-cli.py:Epoch 15/100	test results	MRR 0.921223	H@1 0.858548	H@3 0.981846	H@5 0.990166	H@10 0.997731	H@20 0.998487	H@50 0.998487	H@100 1.000000
INFO:kbc-cli.py:Epoch 16/100	Loss 9.4240 ± 0.4811
INFO:kbc-cli.py:Epoch 17/100	Loss 9.4194 ± 0.4841
INFO:kbc-cli.py:Epoch 18/100	Loss 9.4133 ± 0.4842
INFO:kbc-cli.py:Epoch 18/100	dev results	MRR 0.921600	H@1 0.861196	H@3 0.979294	H@5 0.988497	H@10 0.996166	H@20 0.996166	H@50 1.000000	H@100 1.000000
INFO:kbc-cli.py:Epoch 18/100	test results	MRR 0.918868	H@1 0.855522	H@3 0.979576	H@5 0.990923	H@10 0.997731	H@20 0.998487	H@50 0.999244	H@100 1.000000
INFO:kbc-cli.py:Epoch 19/100	Loss 9.4093 ± 0.4920
INFO:kbc-cli.py:Epoch 20/100	Loss 9.4024 ± 0.4781
INFO:kbc-cli.py:Epoch 21/100	Loss 9.4019 ± 0.4872
INFO:kbc-cli.py:Epoch 21/100	dev results	MRR 0.910161	H@1 0.839724	H@3 0.977761	H@5 0.986196	H@10 0.996166	H@20 0.996166	H@50 1.000000	H@100 1.000000
INFO:kbc-cli.py:Epoch 21/100	test results	MRR 0.910920	H@1 0.838880	H@3 0.980333	H@5 0.990166	H@10 0.997731	H@20 0.998487	H@50 0.999244	H@100 1.000000
INFO:kbc-cli.py:Epoch 22/100	Loss 9.3950 ± 0.4662
INFO:kbc-cli.py:Epoch 23/100	Loss 9.3919 ± 0.4850
INFO:kbc-cli.py:Epoch 24/100	Loss 9.3888 ± 0.4811
INFO:kbc-cli.py:Epoch 24/100	dev results	MRR 0.916602	H@1 0.851227	H@3 0.980061	H@5 0.986196	H@10 0.994632	H@20 0.996933	H@50 1.000000	H@100 1.000000
INFO:kbc-cli.py:Epoch 24/100	test results	MRR 0.917752	H@1 0.849470	H@3 0.982602	H@5 0.991679	H@10 0.997731	H@20 0.998487	H@50 0.999244	H@100 1.000000
INFO:kbc-cli.py:Epoch 25/100	Loss 9.3855 ± 0.4693
INFO:kbc-cli.py:Epoch 26/100	Loss 9.3818 ± 0.5024
INFO:kbc-cli.py:Epoch 27/100	Loss 9.3799 ± 0.4881
INFO:kbc-cli.py:Epoch 27/100	dev results	MRR 0.922643	H@1 0.863497	H@3 0.980061	H@5 0.986196	H@10 0.995399	H@20 0.996933	H@50 1.000000	H@100 1.000000
INFO:kbc-cli.py:Epoch 27/100	test results	MRR 0.919031	H@1 0.853253	H@3 0.983359	H@5 0.990166	H@10 0.997731	H@20 0.998487	H@50 0.999244	H@100 1.000000
INFO:kbc-cli.py:Epoch 28/100	Loss 9.3777 ± 0.4790
INFO:kbc-cli.py:Epoch 29/100	Loss 9.3751 ± 0.4976
INFO:kbc-cli.py:Epoch 30/100	Loss 9.3719 ± 0.4641
INFO:kbc-cli.py:Epoch 30/100	dev results	MRR 0.924495	H@1 0.866564	H@3 0.981595	H@5 0.987730	H@10 0.995399	H@20 0.996933	H@50 1.000000	H@100 1.000000
INFO:kbc-cli.py:Epoch 30/100	test results	MRR 0.919846	H@1 0.855522	H@3 0.982602	H@5 0.990166	H@10 0.997731	H@20 0.998487	H@50 0.999244	H@100 1.000000
INFO:kbc-cli.py:Epoch 31/100	Loss 9.3693 ± 0.4824
INFO:kbc-cli.py:Epoch 32/100	Loss 9.3670 ± 0.5026
INFO:kbc-cli.py:Epoch 33/100	Loss 9.3657 ± 0.4896
INFO:kbc-cli.py:Epoch 33/100	dev results	MRR 0.919534	H@1 0.856595	H@3 0.980828	H@5 0.987730	H@10 0.994632	H@20 0.996933	H@50 1.000000	H@100 1.000000
INFO:kbc-cli.py:Epoch 33/100	test results	MRR 0.917789	H@1 0.850983	H@3 0.981846	H@5 0.991679	H@10 0.996974	H@20 0.998487	H@50 0.999244	H@100 1.000000
INFO:kbc-cli.py:Epoch 34/100	Loss 9.3632 ± 0.4882
INFO:kbc-cli.py:Epoch 35/100	Loss 9.3623 ± 0.4743
INFO:kbc-cli.py:Epoch 36/100	Loss 9.3585 ± 0.4935
INFO:kbc-cli.py:Epoch 36/100	dev results	MRR 0.921212	H@1 0.859663	H@3 0.981595	H@5 0.987730	H@10 0.995399	H@20 0.996933	H@50 1.000000	H@100 1.000000
INFO:kbc-cli.py:Epoch 36/100	test results	MRR 0.918849	H@1 0.854009	H@3 0.983359	H@5 0.989410	H@10 0.996974	H@20 0.998487	H@50 0.999244	H@100 1.000000
INFO:kbc-cli.py:Epoch 37/100	Loss 9.3601 ± 0.4893
INFO:kbc-cli.py:Epoch 38/100	Loss 9.3562 ± 0.4837
INFO:kbc-cli.py:Epoch 39/100	Loss 9.3559 ± 0.4811
INFO:kbc-cli.py:Epoch 39/100	dev results	MRR 0.918171	H@1 0.853528	H@3 0.980828	H@5 0.988497	H@10 0.995399	H@20 0.996933	H@50 1.000000	H@100 1.000000
INFO:kbc-cli.py:Epoch 39/100	test results	MRR 0.919598	H@1 0.854766	H@3 0.984871	H@5 0.992436	H@10 0.996974	H@20 0.998487	H@50 0.999244	H@100 1.000000
INFO:kbc-cli.py:Epoch 40/100	Loss 9.3527 ± 0.4785
INFO:kbc-cli.py:Epoch 41/100	Loss 9.3508 ± 0.4952
INFO:kbc-cli.py:Epoch 42/100	Loss 9.3502 ± 0.4731
INFO:kbc-cli.py:Epoch 42/100	dev results	MRR 0.919963	H@1 0.857362	H@3 0.980828	H@5 0.986963	H@10 0.994632	H@20 0.996933	H@50 1.000000	H@100 1.000000
INFO:kbc-cli.py:Epoch 42/100	test results	MRR 0.918024	H@1 0.851740	H@3 0.983359	H@5 0.990923	H@10 0.996974	H@20 0.998487	H@50 0.999244	H@100 1.000000
INFO:kbc-cli.py:Epoch 43/100	Loss 9.3470 ± 0.4726
INFO:kbc-cli.py:Epoch 44/100	Loss 9.3483 ± 0.4912
INFO:kbc-cli.py:Epoch 45/100	Loss 9.3434 ± 0.4934
INFO:kbc-cli.py:Epoch 45/100	dev results	MRR 0.917914	H@1 0.853528	H@3 0.980061	H@5 0.987730	H@10 0.995399	H@20 0.996933	H@50 1.000000	H@100 1.000000
INFO:kbc-cli.py:Epoch 45/100	test results	MRR 0.917015	H@1 0.849470	H@3 0.984115	H@5 0.990923	H@10 0.996974	H@20 0.998487	H@50 0.999244	H@100 1.000000
INFO:kbc-cli.py:Epoch 46/100	Loss 9.3428 ± 0.4859
INFO:kbc-cli.py:Epoch 47/100	Loss 9.3428 ± 0.5008
INFO:kbc-cli.py:Epoch 48/100	Loss 9.3412 ± 0.4724
INFO:kbc-cli.py:Epoch 48/100	dev results	MRR 0.913663	H@1 0.845092	H@3 0.980061	H@5 0.987730	H@10 0.995399	H@20 0.996933	H@50 1.000000	H@100 1.000000
INFO:kbc-cli.py:Epoch 48/100	test results	MRR 0.917086	H@1 0.849470	H@3 0.984115	H@5 0.991679	H@10 0.996974	H@20 0.998487	H@50 0.999244	H@100 1.000000
INFO:kbc-cli.py:Epoch 49/100	Loss 9.3432 ± 0.4584
INFO:kbc-cli.py:Epoch 50/100	Loss 9.3390 ± 0.4759
INFO:kbc-cli.py:Epoch 51/100	Loss 9.3381 ± 0.4909
INFO:kbc-cli.py:Epoch 51/100	dev results	MRR 0.916705	H@1 0.851227	H@3 0.980061	H@5 0.986963	H@10 0.995399	H@20 0.996933	H@50 1.000000	H@100 1.000000
INFO:kbc-cli.py:Epoch 51/100	test results	MRR 0.916783	H@1 0.850227	H@3 0.980333	H@5 0.990923	H@10 0.996974	H@20 0.998487	H@50 0.999244	H@100 1.000000
INFO:kbc-cli.py:Epoch 52/100	Loss 9.3384 ± 0.4734
INFO:kbc-cli.py:Epoch 53/100	Loss 9.3361 ± 0.4802
INFO:kbc-cli.py:Epoch 54/100	Loss 9.3358 ± 0.4815
INFO:kbc-cli.py:Epoch 54/100	dev results	MRR 0.920096	H@1 0.857362	H@3 0.980061	H@5 0.986963	H@10 0.995399	H@20 0.997699	H@50 1.000000	H@100 1.000000
INFO:kbc-cli.py:Epoch 54/100	test results	MRR 0.918950	H@1 0.854009	H@3 0.981846	H@5 0.990166	H@10 0.996974	H@20 0.998487	H@50 0.999244	H@100 1.000000
INFO:kbc-cli.py:Epoch 55/100	Loss 9.3332 ± 0.4863
INFO:kbc-cli.py:Epoch 56/100	Loss 9.3319 ± 0.4755
INFO:kbc-cli.py:Epoch 57/100	Loss 9.3311 ± 0.4916
INFO:kbc-cli.py:Epoch 57/100	dev results	MRR 0.921155	H@1 0.859663	H@3 0.981595	H@5 0.986963	H@10 0.996166	H@20 0.996933	H@50 1.000000	H@100 1.000000
INFO:kbc-cli.py:Epoch 57/100	test results	MRR 0.918298	H@1 0.851740	H@3 0.983359	H@5 0.990166	H@10 0.996974	H@20 0.998487	H@50 0.999244	H@100 1.000000
INFO:kbc-cli.py:Epoch 58/100	Loss 9.3331 ± 0.4675
INFO:kbc-cli.py:Epoch 59/100	Loss 9.3316 ± 0.4769
INFO:kbc-cli.py:Epoch 60/100	Loss 9.3308 ± 0.4793
INFO:kbc-cli.py:Epoch 60/100	dev results	MRR 0.919619	H@1 0.855828	H@3 0.980828	H@5 0.987730	H@10 0.995399	H@20 0.996933	H@50 1.000000	H@100 1.000000
INFO:kbc-cli.py:Epoch 60/100	test results	MRR 0.918728	H@1 0.853253	H@3 0.984115	H@5 0.990923	H@10 0.996974	H@20 0.998487	H@50 0.999244	H@100 1.000000
INFO:kbc-cli.py:Epoch 61/100	Loss 9.3290 ± 0.4831
INFO:kbc-cli.py:Epoch 62/100	Loss 9.3288 ± 0.4776
INFO:kbc-cli.py:Epoch 63/100	Loss 9.3264 ± 0.4661
INFO:kbc-cli.py:Epoch 63/100	dev results	MRR 0.920550	H@1 0.858129	H@3 0.980828	H@5 0.988497	H@10 0.996166	H@20 0.996933	H@50 1.000000	H@100 1.000000
INFO:kbc-cli.py:Epoch 63/100	test results	MRR 0.919589	H@1 0.854766	H@3 0.982602	H@5 0.990923	H@10 0.996974	H@20 0.998487	H@50 0.999244	H@100 1.000000
INFO:kbc-cli.py:Epoch 64/100	Loss 9.3272 ± 0.4763
INFO:kbc-cli.py:Epoch 65/100	Loss 9.3260 ± 0.4754
INFO:kbc-cli.py:Epoch 66/100	Loss 9.3227 ± 0.4951
INFO:kbc-cli.py:Epoch 66/100	dev results	MRR 0.922018	H@1 0.860429	H@3 0.981595	H@5 0.987730	H@10 0.995399	H@20 0.996933	H@50 1.000000	H@100 1.000000
INFO:kbc-cli.py:Epoch 66/100	test results	MRR 0.924279	H@1 0.863086	H@3 0.984871	H@5 0.990166	H@10 0.996974	H@20 0.998487	H@50 0.999244	H@100 1.000000
INFO:kbc-cli.py:Epoch 67/100	Loss 9.3250 ± 0.4823
INFO:kbc-cli.py:Epoch 68/100	Loss 9.3237 ± 0.4758
INFO:kbc-cli.py:Epoch 69/100	Loss 9.3210 ± 0.4918
INFO:kbc-cli.py:Epoch 69/100	dev results	MRR 0.919797	H@1 0.855828	H@3 0.982362	H@5 0.988497	H@10 0.995399	H@20 0.997699	H@50 1.000000	H@100 1.000000
INFO:kbc-cli.py:Epoch 69/100	test results	MRR 0.920757	H@1 0.857791	H@3 0.982602	H@5 0.990166	H@10 0.996974	H@20 0.998487	H@50 0.999244	H@100 1.000000
INFO:kbc-cli.py:Epoch 70/100	Loss 9.3224 ± 0.4637
INFO:kbc-cli.py:Epoch 71/100	Loss 9.3213 ± 0.4715
INFO:kbc-cli.py:Epoch 72/100	Loss 9.3210 ± 0.4824
INFO:kbc-cli.py:Epoch 72/100	dev results	MRR 0.920475	H@1 0.858129	H@3 0.980061	H@5 0.987730	H@10 0.996166	H@20 0.996933	H@50 1.000000	H@100 1.000000
INFO:kbc-cli.py:Epoch 72/100	test results	MRR 0.921177	H@1 0.857791	H@3 0.984115	H@5 0.990166	H@10 0.996974	H@20 0.998487	H@50 0.999244	H@100 1.000000
INFO:kbc-cli.py:Epoch 73/100	Loss 9.3209 ± 0.4881
INFO:kbc-cli.py:Epoch 74/100	Loss 9.3200 ± 0.4856
INFO:kbc-cli.py:Epoch 75/100	Loss 9.3191 ± 0.4818
INFO:kbc-cli.py:Epoch 75/100	dev results	MRR 0.916247	H@1 0.848926	H@3 0.980828	H@5 0.988497	H@10 0.996166	H@20 0.996933	H@50 1.000000	H@100 1.000000
INFO:kbc-cli.py:Epoch 75/100	test results	MRR 0.917885	H@1 0.850983	H@3 0.984115	H@5 0.990166	H@10 0.996974	H@20 0.998487	H@50 0.999244	H@100 1.000000
INFO:kbc-cli.py:Epoch 76/100	Loss 9.3173 ± 0.4909
INFO:kbc-cli.py:Epoch 77/100	Loss 9.3164 ± 0.4762
INFO:kbc-cli.py:Epoch 78/100	Loss 9.3173 ± 0.4796
INFO:kbc-cli.py:Epoch 78/100	dev results	MRR 0.920889	H@1 0.858896	H@3 0.981595	H@5 0.988497	H@10 0.996166	H@20 0.997699	H@50 1.000000	H@100 1.000000
INFO:kbc-cli.py:Epoch 78/100	test results	MRR 0.920664	H@1 0.856278	H@3 0.984115	H@5 0.990166	H@10 0.996974	H@20 0.998487	H@50 0.999244	H@100 1.000000
INFO:kbc-cli.py:Epoch 79/100	Loss 9.3177 ± 0.4744
INFO:kbc-cli.py:Epoch 80/100	Loss 9.3158 ± 0.4656
INFO:kbc-cli.py:Epoch 81/100	Loss 9.3135 ± 0.4711
INFO:kbc-cli.py:Epoch 81/100	dev results	MRR 0.920923	H@1 0.858129	H@3 0.982362	H@5 0.988497	H@10 0.996166	H@20 0.997699	H@50 1.000000	H@100 1.000000
INFO:kbc-cli.py:Epoch 81/100	test results	MRR 0.920699	H@1 0.857035	H@3 0.982602	H@5 0.991679	H@10 0.996974	H@20 0.998487	H@50 0.999244	H@100 1.000000
INFO:kbc-cli.py:Epoch 82/100	Loss 9.3140 ± 0.4820
INFO:kbc-cli.py:Epoch 83/100	Loss 9.3125 ± 0.4784
INFO:kbc-cli.py:Epoch 84/100	Loss 9.3129 ± 0.4675
INFO:kbc-cli.py:Epoch 84/100	dev results	MRR 0.919492	H@1 0.855828	H@3 0.980828	H@5 0.987730	H@10 0.996166	H@20 0.997699	H@50 1.000000	H@100 1.000000
INFO:kbc-cli.py:Epoch 84/100	test results	MRR 0.918901	H@1 0.853253	H@3 0.984115	H@5 0.990166	H@10 0.996974	H@20 0.998487	H@50 0.999244	H@100 1.000000
INFO:kbc-cli.py:Epoch 85/100	Loss 9.3125 ± 0.4783
INFO:kbc-cli.py:Epoch 86/100	Loss 9.3125 ± 0.4797
INFO:kbc-cli.py:Epoch 87/100	Loss 9.3098 ± 0.4800
INFO:kbc-cli.py:Epoch 87/100	dev results	MRR 0.921258	H@1 0.858896	H@3 0.981595	H@5 0.986963	H@10 0.994632	H@20 0.997699	H@50 1.000000	H@100 1.000000
INFO:kbc-cli.py:Epoch 87/100	test results	MRR 0.922202	H@1 0.859304	H@3 0.983359	H@5 0.990166	H@10 0.996974	H@20 0.998487	H@50 0.999244	H@100 1.000000
INFO:kbc-cli.py:Epoch 88/100	Loss 9.3121 ± 0.4605
INFO:kbc-cli.py:Epoch 89/100	Loss 9.3108 ± 0.4808
INFO:kbc-cli.py:Epoch 90/100	Loss 9.3105 ± 0.4752
INFO:kbc-cli.py:Epoch 90/100	dev results	MRR 0.917535	H@1 0.851994	H@3 0.981595	H@5 0.986963	H@10 0.995399	H@20 0.997699	H@50 1.000000	H@100 1.000000
INFO:kbc-cli.py:Epoch 90/100	test results	MRR 0.916873	H@1 0.849470	H@3 0.982602	H@5 0.990166	H@10 0.996974	H@20 0.998487	H@50 0.999244	H@100 1.000000
INFO:kbc-cli.py:Epoch 91/100	Loss 9.3095 ± 0.4725
INFO:kbc-cli.py:Epoch 92/100	Loss 9.3087 ± 0.5034
INFO:kbc-cli.py:Epoch 93/100	Loss 9.3075 ± 0.4859
INFO:kbc-cli.py:Epoch 93/100	dev results	MRR 0.919145	H@1 0.855061	H@3 0.982362	H@5 0.986196	H@10 0.995399	H@20 0.997699	H@50 1.000000	H@100 1.000000
INFO:kbc-cli.py:Epoch 93/100	test results	MRR 0.922112	H@1 0.858548	H@3 0.984115	H@5 0.991679	H@10 0.996974	H@20 0.998487	H@50 0.999244	H@100 1.000000
INFO:kbc-cli.py:Epoch 94/100	Loss 9.3080 ± 0.4727
INFO:kbc-cli.py:Epoch 95/100	Loss 9.3082 ± 0.4649
INFO:kbc-cli.py:Epoch 96/100	Loss 9.3064 ± 0.4780
INFO:kbc-cli.py:Epoch 96/100	dev results	MRR 0.921068	H@1 0.858129	H@3 0.981595	H@5 0.987730	H@10 0.995399	H@20 0.997699	H@50 1.000000	H@100 1.000000
INFO:kbc-cli.py:Epoch 96/100	test results	MRR 0.921403	H@1 0.858548	H@3 0.983359	H@5 0.990166	H@10 0.996974	H@20 0.998487	H@50 0.999244	H@100 1.000000
INFO:kbc-cli.py:Epoch 97/100	Loss 9.3078 ± 0.4763
INFO:kbc-cli.py:Epoch 98/100	Loss 9.3056 ± 0.4927
INFO:kbc-cli.py:Epoch 99/100	Loss 9.3058 ± 0.4657
INFO:kbc-cli.py:Epoch 99/100	dev results	MRR 0.919335	H@1 0.854294	H@3 0.980828	H@5 0.986963	H@10 0.995399	H@20 0.997699	H@50 1.000000	H@100 1.000000
INFO:kbc-cli.py:Epoch 99/100	test results	MRR 0.922135	H@1 0.859304	H@3 0.983359	H@5 0.989410	H@10 0.996974	H@20 0.998487	H@50 0.999244	H@100 1.000000
INFO:kbc-cli.py:Epoch 100/100	Loss 9.3052 ± 0.4913
INFO:kbc-cli.py:Final 	dev results	MRR 0.920676	H@1 0.857362	H@3 0.981595	H@5 0.986963	H@10 0.995399	H@20 0.997699	H@50 1.000000	H@100 1.000000
INFO:kbc-cli.py:Final 	test results	MRR 0.922017	H@1 0.859304	H@3 0.983359	H@5 0.989410	H@10 0.996974	H@20 0.998487	H@50 0.999244	H@100 1.000000
INFO:kbc-cli.py:Training finished
