./bin/kbc-cli.py --train data/nations/train.tsv --dev data/nations/dev.tsv --test data/nations/test.tsv -m complex -k 1000 -b 50 -e 100 --F2 0 --N3 0.0001 -l 0.1 -I reciprocal -V 3 -o adagrad -c so -q
{'F2': 0.0,
 'N3': 0.0001,
 'batch_size': 50,
 'corruption': 'so',
 'dev': 'data/nations/dev.tsv',
 'embedding_size': 1000,
 'epochs': 100,
 'eval_batch_size': None,
 'input_type': 'reciprocal',
 'learning_rate': 0.1,
 'load': None,
 'model': 'complex',
 'optimizer': 'adagrad',
 'quiet': True,
 'save': None,
 'seed': 0,
 'test': 'data/nations/test.tsv',
 'test_i': None,
 'test_ii': None,
 'train': 'data/nations/train.tsv',
 'validate_every': 3}
INFO:kbc-cli.py:Device: cuda
INFO:kbc-cli.py:Model state:
INFO:kbc-cli.py:	entities.weight	torch.Size([14, 2000])
INFO:kbc-cli.py:	predicates.weight	torch.Size([110, 2000])
INFO:kbc-cli.py:Epoch 1/100	Loss 5.4619 ± 0.3788
INFO:kbc-cli.py:Epoch 2/100	Loss 4.4641 ± 0.2120
INFO:kbc-cli.py:Epoch 3/100	Loss 4.0839 ± 0.2724
INFO:kbc-cli.py:Epoch 3/100	dev results	MRR 0.796567	H@1 0.675879	H@3 0.912060	H@5 0.969849	H@10 1.000000	H@20 1.000000	H@50 1.000000	H@100 1.000000
INFO:kbc-cli.py:Epoch 3/100	test results	MRR 0.823891	H@1 0.731343	H@3 0.888060	H@5 0.967662	H@10 0.997512	H@20 1.000000	H@50 1.000000	H@100 1.000000
INFO:kbc-cli.py:Epoch 4/100	Loss 3.9014 ± 0.2426
INFO:kbc-cli.py:Epoch 5/100	Loss 3.7952 ± 0.2580
INFO:kbc-cli.py:Epoch 6/100	Loss 3.7160 ± 0.2723
INFO:kbc-cli.py:Epoch 6/100	dev results	MRR 0.810922	H@1 0.695980	H@3 0.896985	H@5 0.969849	H@10 1.000000	H@20 1.000000	H@50 1.000000	H@100 1.000000
INFO:kbc-cli.py:Epoch 6/100	test results	MRR 0.831345	H@1 0.738806	H@3 0.907960	H@5 0.962687	H@10 0.997512	H@20 1.000000	H@50 1.000000	H@100 1.000000
INFO:kbc-cli.py:Epoch 7/100	Loss 3.6567 ± 0.2602
INFO:kbc-cli.py:Epoch 8/100	Loss 3.6181 ± 0.2670
INFO:kbc-cli.py:Epoch 9/100	Loss 3.5771 ± 0.2558
INFO:kbc-cli.py:Epoch 9/100	dev results	MRR 0.816186	H@1 0.703518	H@3 0.907035	H@5 0.972362	H@10 1.000000	H@20 1.000000	H@50 1.000000	H@100 1.000000
INFO:kbc-cli.py:Epoch 9/100	test results	MRR 0.832034	H@1 0.738806	H@3 0.907960	H@5 0.957711	H@10 0.997512	H@20 1.000000	H@50 1.000000	H@100 1.000000
INFO:kbc-cli.py:Epoch 10/100	Loss 3.5483 ± 0.2654
INFO:kbc-cli.py:Epoch 11/100	Loss 3.5228 ± 0.2182
INFO:kbc-cli.py:Epoch 12/100	Loss 3.5051 ± 0.2481
INFO:kbc-cli.py:Epoch 12/100	dev results	MRR 0.821062	H@1 0.708543	H@3 0.914573	H@5 0.972362	H@10 1.000000	H@20 1.000000	H@50 1.000000	H@100 1.000000
INFO:kbc-cli.py:Epoch 12/100	test results	MRR 0.827729	H@1 0.728856	H@3 0.912935	H@5 0.960199	H@10 0.997512	H@20 1.000000	H@50 1.000000	H@100 1.000000
INFO:kbc-cli.py:Epoch 13/100	Loss 3.4846 ± 0.1987
INFO:kbc-cli.py:Epoch 14/100	Loss 3.4690 ± 0.2503
INFO:kbc-cli.py:Epoch 15/100	Loss 3.4523 ± 0.2320
INFO:kbc-cli.py:Epoch 15/100	dev results	MRR 0.816532	H@1 0.703518	H@3 0.914573	H@5 0.969849	H@10 1.000000	H@20 1.000000	H@50 1.000000	H@100 1.000000
INFO:kbc-cli.py:Epoch 15/100	test results	MRR 0.841180	H@1 0.748756	H@3 0.912935	H@5 0.960199	H@10 0.997512	H@20 1.000000	H@50 1.000000	H@100 1.000000
INFO:kbc-cli.py:Epoch 16/100	Loss 3.4415 ± 0.2326
INFO:kbc-cli.py:Epoch 17/100	Loss 3.4256 ± 0.2187
INFO:kbc-cli.py:Epoch 18/100	Loss 3.4181 ± 0.2114
INFO:kbc-cli.py:Epoch 18/100	dev results	MRR 0.826777	H@1 0.721106	H@3 0.917085	H@5 0.969849	H@10 1.000000	H@20 1.000000	H@50 1.000000	H@100 1.000000
INFO:kbc-cli.py:Epoch 18/100	test results	MRR 0.828618	H@1 0.733831	H@3 0.910448	H@5 0.962687	H@10 0.997512	H@20 1.000000	H@50 1.000000	H@100 1.000000
INFO:kbc-cli.py:Epoch 19/100	Loss 3.4065 ± 0.2008
INFO:kbc-cli.py:Epoch 20/100	Loss 3.3984 ± 0.2381
INFO:kbc-cli.py:Epoch 21/100	Loss 3.3890 ± 0.2164
INFO:kbc-cli.py:Epoch 21/100	dev results	MRR 0.825912	H@1 0.721106	H@3 0.907035	H@5 0.972362	H@10 1.000000	H@20 1.000000	H@50 1.000000	H@100 1.000000
INFO:kbc-cli.py:Epoch 21/100	test results	MRR 0.831630	H@1 0.736318	H@3 0.905473	H@5 0.957711	H@10 0.997512	H@20 1.000000	H@50 1.000000	H@100 1.000000
INFO:kbc-cli.py:Epoch 22/100	Loss 3.3797 ± 0.1652
INFO:kbc-cli.py:Epoch 23/100	Loss 3.3717 ± 0.2108
INFO:kbc-cli.py:Epoch 24/100	Loss 3.3699 ± 0.2166
INFO:kbc-cli.py:Epoch 24/100	dev results	MRR 0.827678	H@1 0.726131	H@3 0.904523	H@5 0.969849	H@10 1.000000	H@20 1.000000	H@50 1.000000	H@100 1.000000
INFO:kbc-cli.py:Epoch 24/100	test results	MRR 0.827467	H@1 0.726368	H@3 0.912935	H@5 0.967662	H@10 0.997512	H@20 1.000000	H@50 1.000000	H@100 1.000000
INFO:kbc-cli.py:Epoch 25/100	Loss 3.3578 ± 0.1793
INFO:kbc-cli.py:Epoch 26/100	Loss 3.3536 ± 0.2114
INFO:kbc-cli.py:Epoch 27/100	Loss 3.3495 ± 0.1983
INFO:kbc-cli.py:Epoch 27/100	dev results	MRR 0.831643	H@1 0.731156	H@3 0.909548	H@5 0.967337	H@10 1.000000	H@20 1.000000	H@50 1.000000	H@100 1.000000
INFO:kbc-cli.py:Epoch 27/100	test results	MRR 0.830020	H@1 0.733831	H@3 0.910448	H@5 0.960199	H@10 0.997512	H@20 1.000000	H@50 1.000000	H@100 1.000000
INFO:kbc-cli.py:Epoch 28/100	Loss 3.3409 ± 0.1935
INFO:kbc-cli.py:Epoch 29/100	Loss 3.3391 ± 0.1976
INFO:kbc-cli.py:Epoch 30/100	Loss 3.3320 ± 0.2071
INFO:kbc-cli.py:Epoch 30/100	dev results	MRR 0.823107	H@1 0.716080	H@3 0.909548	H@5 0.969849	H@10 1.000000	H@20 1.000000	H@50 1.000000	H@100 1.000000
INFO:kbc-cli.py:Epoch 30/100	test results	MRR 0.828575	H@1 0.731343	H@3 0.910448	H@5 0.967662	H@10 0.997512	H@20 1.000000	H@50 1.000000	H@100 1.000000
INFO:kbc-cli.py:Epoch 31/100	Loss 3.3281 ± 0.1919
INFO:kbc-cli.py:Epoch 32/100	Loss 3.3231 ± 0.1862
INFO:kbc-cli.py:Epoch 33/100	Loss 3.3208 ± 0.1882
INFO:kbc-cli.py:Epoch 33/100	dev results	MRR 0.827528	H@1 0.723618	H@3 0.909548	H@5 0.969849	H@10 1.000000	H@20 1.000000	H@50 1.000000	H@100 1.000000
INFO:kbc-cli.py:Epoch 33/100	test results	MRR 0.829783	H@1 0.733831	H@3 0.902985	H@5 0.962687	H@10 0.995025	H@20 1.000000	H@50 1.000000	H@100 1.000000
INFO:kbc-cli.py:Epoch 34/100	Loss 3.3183 ± 0.2022
INFO:kbc-cli.py:Epoch 35/100	Loss 3.3091 ± 0.1891
INFO:kbc-cli.py:Epoch 36/100	Loss 3.3101 ± 0.1747
INFO:kbc-cli.py:Epoch 36/100	dev results	MRR 0.830115	H@1 0.728643	H@3 0.909548	H@5 0.969849	H@10 1.000000	H@20 1.000000	H@50 1.000000	H@100 1.000000
INFO:kbc-cli.py:Epoch 36/100	test results	MRR 0.822641	H@1 0.718905	H@3 0.910448	H@5 0.965174	H@10 0.995025	H@20 1.000000	H@50 1.000000	H@100 1.000000
INFO:kbc-cli.py:Epoch 37/100	Loss 3.3014 ± 0.1893
INFO:kbc-cli.py:Epoch 38/100	Loss 3.3014 ± 0.1736
INFO:kbc-cli.py:Epoch 39/100	Loss 3.2997 ± 0.1924
INFO:kbc-cli.py:Epoch 39/100	dev results	MRR 0.831775	H@1 0.731156	H@3 0.909548	H@5 0.969849	H@10 1.000000	H@20 1.000000	H@50 1.000000	H@100 1.000000
INFO:kbc-cli.py:Epoch 39/100	test results	MRR 0.823638	H@1 0.721393	H@3 0.900498	H@5 0.962687	H@10 0.997512	H@20 1.000000	H@50 1.000000	H@100 1.000000
INFO:kbc-cli.py:Epoch 40/100	Loss 3.2954 ± 0.2117
INFO:kbc-cli.py:Epoch 41/100	Loss 3.2930 ± 0.1861
INFO:kbc-cli.py:Epoch 42/100	Loss 3.2895 ± 0.1943
INFO:kbc-cli.py:Epoch 42/100	dev results	MRR 0.830100	H@1 0.728643	H@3 0.909548	H@5 0.969849	H@10 1.000000	H@20 1.000000	H@50 1.000000	H@100 1.000000
INFO:kbc-cli.py:Epoch 42/100	test results	MRR 0.822586	H@1 0.718905	H@3 0.907960	H@5 0.967662	H@10 0.995025	H@20 1.000000	H@50 1.000000	H@100 1.000000
INFO:kbc-cli.py:Epoch 43/100	Loss 3.2875 ± 0.1827
INFO:kbc-cli.py:Epoch 44/100	Loss 3.2857 ± 0.1712
INFO:kbc-cli.py:Epoch 45/100	Loss 3.2807 ± 0.1731
INFO:kbc-cli.py:Epoch 45/100	dev results	MRR 0.825867	H@1 0.721106	H@3 0.912060	H@5 0.967337	H@10 1.000000	H@20 1.000000	H@50 1.000000	H@100 1.000000
INFO:kbc-cli.py:Epoch 45/100	test results	MRR 0.826544	H@1 0.731343	H@3 0.895522	H@5 0.965174	H@10 0.995025	H@20 1.000000	H@50 1.000000	H@100 1.000000
INFO:kbc-cli.py:Epoch 46/100	Loss 3.2790 ± 0.1969
INFO:kbc-cli.py:Epoch 47/100	Loss 3.2776 ± 0.1699
INFO:kbc-cli.py:Epoch 48/100	Loss 3.2742 ± 0.1705
INFO:kbc-cli.py:Epoch 48/100	dev results	MRR 0.830274	H@1 0.728643	H@3 0.912060	H@5 0.969849	H@10 1.000000	H@20 1.000000	H@50 1.000000	H@100 1.000000
INFO:kbc-cli.py:Epoch 48/100	test results	MRR 0.822476	H@1 0.723881	H@3 0.902985	H@5 0.967662	H@10 0.995025	H@20 1.000000	H@50 1.000000	H@100 1.000000
INFO:kbc-cli.py:Epoch 49/100	Loss 3.2707 ± 0.1770
INFO:kbc-cli.py:Epoch 50/100	Loss 3.2720 ± 0.1715
INFO:kbc-cli.py:Epoch 51/100	Loss 3.2685 ± 0.1832
INFO:kbc-cli.py:Epoch 51/100	dev results	MRR 0.829448	H@1 0.728643	H@3 0.914573	H@5 0.969849	H@10 1.000000	H@20 1.000000	H@50 1.000000	H@100 1.000000
INFO:kbc-cli.py:Epoch 51/100	test results	MRR 0.824466	H@1 0.723881	H@3 0.905473	H@5 0.967662	H@10 0.995025	H@20 1.000000	H@50 1.000000	H@100 1.000000
INFO:kbc-cli.py:Epoch 52/100	Loss 3.2652 ± 0.2001
INFO:kbc-cli.py:Epoch 53/100	Loss 3.2633 ± 0.1926
INFO:kbc-cli.py:Epoch 54/100	Loss 3.2618 ± 0.2264
INFO:kbc-cli.py:Epoch 54/100	dev results	MRR 0.827312	H@1 0.723618	H@3 0.917085	H@5 0.969849	H@10 1.000000	H@20 1.000000	H@50 1.000000	H@100 1.000000
INFO:kbc-cli.py:Epoch 54/100	test results	MRR 0.820800	H@1 0.718905	H@3 0.898010	H@5 0.965174	H@10 0.995025	H@20 1.000000	H@50 1.000000	H@100 1.000000
INFO:kbc-cli.py:Epoch 55/100	Loss 3.2608 ± 0.1989
INFO:kbc-cli.py:Epoch 56/100	Loss 3.2573 ± 0.1746
INFO:kbc-cli.py:Epoch 57/100	Loss 3.2568 ± 0.1625
INFO:kbc-cli.py:Epoch 57/100	dev results	MRR 0.825930	H@1 0.721106	H@3 0.912060	H@5 0.969849	H@10 1.000000	H@20 1.000000	H@50 1.000000	H@100 1.000000
INFO:kbc-cli.py:Epoch 57/100	test results	MRR 0.824349	H@1 0.726368	H@3 0.900498	H@5 0.965174	H@10 0.995025	H@20 1.000000	H@50 1.000000	H@100 1.000000
INFO:kbc-cli.py:Epoch 58/100	Loss 3.2567 ± 0.1707
INFO:kbc-cli.py:Epoch 59/100	Loss 3.2521 ± 0.1462
INFO:kbc-cli.py:Epoch 60/100	Loss 3.2509 ± 0.1645
INFO:kbc-cli.py:Epoch 60/100	dev results	MRR 0.829950	H@1 0.726131	H@3 0.917085	H@5 0.969849	H@10 1.000000	H@20 1.000000	H@50 1.000000	H@100 1.000000
INFO:kbc-cli.py:Epoch 60/100	test results	MRR 0.828486	H@1 0.733831	H@3 0.900498	H@5 0.965174	H@10 0.995025	H@20 1.000000	H@50 1.000000	H@100 1.000000
INFO:kbc-cli.py:Epoch 61/100	Loss 3.2520 ± 0.1753
INFO:kbc-cli.py:Epoch 62/100	Loss 3.2505 ± 0.1934
INFO:kbc-cli.py:Epoch 63/100	Loss 3.2476 ± 0.1782
INFO:kbc-cli.py:Epoch 63/100	dev results	MRR 0.828150	H@1 0.723618	H@3 0.922111	H@5 0.969849	H@10 1.000000	H@20 1.000000	H@50 1.000000	H@100 1.000000
INFO:kbc-cli.py:Epoch 63/100	test results	MRR 0.826581	H@1 0.731343	H@3 0.898010	H@5 0.962687	H@10 0.995025	H@20 1.000000	H@50 1.000000	H@100 1.000000
INFO:kbc-cli.py:Epoch 64/100	Loss 3.2453 ± 0.1900
INFO:kbc-cli.py:Epoch 65/100	Loss 3.2432 ± 0.1992
INFO:kbc-cli.py:Epoch 66/100	Loss 3.2424 ± 0.1758
INFO:kbc-cli.py:Epoch 66/100	dev results	MRR 0.825619	H@1 0.718593	H@3 0.914573	H@5 0.969849	H@10 1.000000	H@20 1.000000	H@50 1.000000	H@100 1.000000
INFO:kbc-cli.py:Epoch 66/100	test results	MRR 0.829467	H@1 0.733831	H@3 0.900498	H@5 0.967662	H@10 0.995025	H@20 1.000000	H@50 1.000000	H@100 1.000000
INFO:kbc-cli.py:Epoch 67/100	Loss 3.2419 ± 0.1588
INFO:kbc-cli.py:Epoch 68/100	Loss 3.2387 ± 0.1705
INFO:kbc-cli.py:Epoch 69/100	Loss 3.2377 ± 0.1758
INFO:kbc-cli.py:Epoch 69/100	dev results	MRR 0.828599	H@1 0.726131	H@3 0.917085	H@5 0.969849	H@10 1.000000	H@20 1.000000	H@50 1.000000	H@100 1.000000
INFO:kbc-cli.py:Epoch 69/100	test results	MRR 0.827550	H@1 0.731343	H@3 0.905473	H@5 0.967662	H@10 0.995025	H@20 1.000000	H@50 1.000000	H@100 1.000000
INFO:kbc-cli.py:Epoch 70/100	Loss 3.2372 ± 0.1328
INFO:kbc-cli.py:Epoch 71/100	Loss 3.2350 ± 0.1528
INFO:kbc-cli.py:Epoch 72/100	Loss 3.2335 ± 0.1982
INFO:kbc-cli.py:Epoch 72/100	dev results	MRR 0.827214	H@1 0.723618	H@3 0.914573	H@5 0.969849	H@10 1.000000	H@20 1.000000	H@50 1.000000	H@100 1.000000
INFO:kbc-cli.py:Epoch 72/100	test results	MRR 0.822247	H@1 0.721393	H@3 0.900498	H@5 0.965174	H@10 0.995025	H@20 1.000000	H@50 1.000000	H@100 1.000000
INFO:kbc-cli.py:Epoch 73/100	Loss 3.2314 ± 0.1657
INFO:kbc-cli.py:Epoch 74/100	Loss 3.2316 ± 0.1667
INFO:kbc-cli.py:Epoch 75/100	Loss 3.2316 ± 0.1584
INFO:kbc-cli.py:Epoch 75/100	dev results	MRR 0.827103	H@1 0.723618	H@3 0.914573	H@5 0.969849	H@10 1.000000	H@20 1.000000	H@50 1.000000	H@100 1.000000
INFO:kbc-cli.py:Epoch 75/100	test results	MRR 0.824565	H@1 0.726368	H@3 0.898010	H@5 0.967662	H@10 0.995025	H@20 1.000000	H@50 1.000000	H@100 1.000000
INFO:kbc-cli.py:Epoch 76/100	Loss 3.2301 ± 0.1748
INFO:kbc-cli.py:Epoch 77/100	Loss 3.2284 ± 0.1633
INFO:kbc-cli.py:Epoch 78/100	Loss 3.2262 ± 0.1585
INFO:kbc-cli.py:Epoch 78/100	dev results	MRR 0.826018	H@1 0.721106	H@3 0.922111	H@5 0.967337	H@10 1.000000	H@20 1.000000	H@50 1.000000	H@100 1.000000
INFO:kbc-cli.py:Epoch 78/100	test results	MRR 0.821998	H@1 0.721393	H@3 0.900498	H@5 0.965174	H@10 0.995025	H@20 1.000000	H@50 1.000000	H@100 1.000000
INFO:kbc-cli.py:Epoch 79/100	Loss 3.2265 ± 0.1561
INFO:kbc-cli.py:Epoch 80/100	Loss 3.2263 ± 0.1785
INFO:kbc-cli.py:Epoch 81/100	Loss 3.2242 ± 0.1468
INFO:kbc-cli.py:Epoch 81/100	dev results	MRR 0.827612	H@1 0.723618	H@3 0.917085	H@5 0.967337	H@10 1.000000	H@20 1.000000	H@50 1.000000	H@100 1.000000
INFO:kbc-cli.py:Epoch 81/100	test results	MRR 0.819219	H@1 0.716418	H@3 0.900498	H@5 0.965174	H@10 0.995025	H@20 1.000000	H@50 1.000000	H@100 1.000000
INFO:kbc-cli.py:Epoch 82/100	Loss 3.2222 ± 0.1861
INFO:kbc-cli.py:Epoch 83/100	Loss 3.2205 ± 0.1337
INFO:kbc-cli.py:Epoch 84/100	Loss 3.2207 ± 0.1873
INFO:kbc-cli.py:Epoch 84/100	dev results	MRR 0.824510	H@1 0.718593	H@3 0.914573	H@5 0.969849	H@10 1.000000	H@20 1.000000	H@50 1.000000	H@100 1.000000
INFO:kbc-cli.py:Epoch 84/100	test results	MRR 0.821210	H@1 0.718905	H@3 0.902985	H@5 0.965174	H@10 0.995025	H@20 1.000000	H@50 1.000000	H@100 1.000000
INFO:kbc-cli.py:Epoch 85/100	Loss 3.2217 ± 0.1909
INFO:kbc-cli.py:Epoch 86/100	Loss 3.2185 ± 0.1530
INFO:kbc-cli.py:Epoch 87/100	Loss 3.2205 ± 0.1663
INFO:kbc-cli.py:Epoch 87/100	dev results	MRR 0.823145	H@1 0.716080	H@3 0.912060	H@5 0.969849	H@10 1.000000	H@20 1.000000	H@50 1.000000	H@100 1.000000
INFO:kbc-cli.py:Epoch 87/100	test results	MRR 0.823242	H@1 0.723881	H@3 0.900498	H@5 0.965174	H@10 0.995025	H@20 1.000000	H@50 1.000000	H@100 1.000000
INFO:kbc-cli.py:Epoch 88/100	Loss 3.2166 ± 0.1555
INFO:kbc-cli.py:Epoch 89/100	Loss 3.2152 ± 0.1841
INFO:kbc-cli.py:Epoch 90/100	Loss 3.2150 ± 0.1484
INFO:kbc-cli.py:Epoch 90/100	dev results	MRR 0.825961	H@1 0.721106	H@3 0.917085	H@5 0.969849	H@10 1.000000	H@20 1.000000	H@50 1.000000	H@100 1.000000
INFO:kbc-cli.py:Epoch 90/100	test results	MRR 0.823673	H@1 0.723881	H@3 0.900498	H@5 0.962687	H@10 0.995025	H@20 1.000000	H@50 1.000000	H@100 1.000000
INFO:kbc-cli.py:Epoch 91/100	Loss 3.2138 ± 0.1521
INFO:kbc-cli.py:Epoch 92/100	Loss 3.2120 ± 0.1619
INFO:kbc-cli.py:Epoch 93/100	Loss 3.2121 ± 0.1924
INFO:kbc-cli.py:Epoch 93/100	dev results	MRR 0.822036	H@1 0.713568	H@3 0.917085	H@5 0.967337	H@10 1.000000	H@20 1.000000	H@50 1.000000	H@100 1.000000
INFO:kbc-cli.py:Epoch 93/100	test results	MRR 0.824154	H@1 0.723881	H@3 0.902985	H@5 0.965174	H@10 0.995025	H@20 1.000000	H@50 1.000000	H@100 1.000000
INFO:kbc-cli.py:Epoch 94/100	Loss 3.2118 ± 0.1704
INFO:kbc-cli.py:Epoch 95/100	Loss 3.2121 ± 0.1781
INFO:kbc-cli.py:Epoch 96/100	Loss 3.2077 ± 0.1823
INFO:kbc-cli.py:Epoch 96/100	dev results	MRR 0.821002	H@1 0.713568	H@3 0.914573	H@5 0.967337	H@10 1.000000	H@20 1.000000	H@50 1.000000	H@100 1.000000
INFO:kbc-cli.py:Epoch 96/100	test results	MRR 0.823781	H@1 0.723881	H@3 0.902985	H@5 0.962687	H@10 0.995025	H@20 1.000000	H@50 1.000000	H@100 1.000000
INFO:kbc-cli.py:Epoch 97/100	Loss 3.2105 ± 0.1740
INFO:kbc-cli.py:Epoch 98/100	Loss 3.2086 ± 0.1471
INFO:kbc-cli.py:Epoch 99/100	Loss 3.2087 ± 0.1829
INFO:kbc-cli.py:Epoch 99/100	dev results	MRR 0.824241	H@1 0.718593	H@3 0.917085	H@5 0.969849	H@10 1.000000	H@20 1.000000	H@50 1.000000	H@100 1.000000
INFO:kbc-cli.py:Epoch 99/100	test results	MRR 0.821252	H@1 0.721393	H@3 0.900498	H@5 0.967662	H@10 0.995025	H@20 1.000000	H@50 1.000000	H@100 1.000000
INFO:kbc-cli.py:Epoch 100/100	Loss 3.2070 ± 0.1413
INFO:kbc-cli.py:Final 	dev results	MRR 0.822213	H@1 0.713568	H@3 0.919598	H@5 0.967337	H@10 1.000000	H@20 1.000000	H@50 1.000000	H@100 1.000000
INFO:kbc-cli.py:Final 	test results	MRR 0.818681	H@1 0.716418	H@3 0.900498	H@5 0.965174	H@10 0.995025	H@20 1.000000	H@50 1.000000	H@100 1.000000
INFO:kbc-cli.py:Training finished
