./bin/kbc-cli.py --train data/umls/train.tsv --dev data/umls/dev.tsv --test data/umls/test.tsv -m complex -k 1000 -b 100 -e 100 --F2 0 --N3 0.0005 -l 0.1 -I reciprocal -V 3 -o adagrad -c spo -q
{'F2': 0.0,
 'N3': 0.0005,
 'batch_size': 100,
 'corruption': 'spo',
 'dev': 'data/umls/dev.tsv',
 'embedding_size': 1000,
 'epochs': 100,
 'eval_batch_size': None,
 'input_type': 'reciprocal',
 'learning_rate': 0.1,
 'load': None,
 'model': 'complex',
 'optimizer': 'adagrad',
 'quiet': True,
 'save': None,
 'seed': 0,
 'test': 'data/umls/test.tsv',
 'test_i': None,
 'test_ii': None,
 'train': 'data/umls/train.tsv',
 'validate_every': 3}
INFO:kbc-cli.py:Device: cuda
INFO:kbc-cli.py:Model state:
INFO:kbc-cli.py:	entities.weight	torch.Size([135, 2000])
INFO:kbc-cli.py:	predicates.weight	torch.Size([92, 2000])
INFO:kbc-cli.py:Epoch 1/100	Loss 9.8985 ± 2.4285
INFO:kbc-cli.py:Epoch 2/100	Loss 6.9308 ± 0.2288
INFO:kbc-cli.py:Epoch 3/100	Loss 6.6264 ± 0.2530
INFO:kbc-cli.py:Epoch 3/100	dev results	MRR 0.912429	H@1 0.838957	H@3 0.982362	H@5 0.992331	H@10 0.998466	H@20 0.999233	H@50 1.000000	H@100 1.000000
INFO:kbc-cli.py:Epoch 3/100	test results	MRR 0.903272	H@1 0.822995	H@3 0.980333	H@5 0.988654	H@10 0.996218	H@20 0.997731	H@50 0.998487	H@100 1.000000
INFO:kbc-cli.py:Epoch 4/100	Loss 6.4862 ± 0.2626
INFO:kbc-cli.py:Epoch 5/100	Loss 6.4005 ± 0.2461
INFO:kbc-cli.py:Epoch 6/100	Loss 6.3316 ± 0.2652
INFO:kbc-cli.py:Epoch 6/100	dev results	MRR 0.946488	H@1 0.904141	H@3 0.984663	H@5 0.996166	H@10 0.998466	H@20 1.000000	H@50 1.000000	H@100 1.000000
INFO:kbc-cli.py:Epoch 6/100	test results	MRR 0.940636	H@1 0.894856	H@3 0.981089	H@5 0.990923	H@10 0.997731	H@20 0.998487	H@50 0.998487	H@100 1.000000
INFO:kbc-cli.py:Epoch 7/100	Loss 6.2796 ± 0.2404
INFO:kbc-cli.py:Epoch 8/100	Loss 6.2418 ± 0.2496
INFO:kbc-cli.py:Epoch 9/100	Loss 6.2043 ± 0.2386
INFO:kbc-cli.py:Epoch 9/100	dev results	MRR 0.945320	H@1 0.901840	H@3 0.986963	H@5 0.994632	H@10 0.998466	H@20 1.000000	H@50 1.000000	H@100 1.000000
INFO:kbc-cli.py:Epoch 9/100	test results	MRR 0.935103	H@1 0.883510	H@3 0.984871	H@5 0.990166	H@10 0.996974	H@20 0.998487	H@50 0.999244	H@100 1.000000
INFO:kbc-cli.py:Epoch 10/100	Loss 6.1755 ± 0.2324
INFO:kbc-cli.py:Epoch 11/100	Loss 6.1503 ± 0.2425
INFO:kbc-cli.py:Epoch 12/100	Loss 6.1290 ± 0.2304
INFO:kbc-cli.py:Epoch 12/100	dev results	MRR 0.943762	H@1 0.898773	H@3 0.985429	H@5 0.994632	H@10 0.998466	H@20 0.999233	H@50 1.000000	H@100 1.000000
INFO:kbc-cli.py:Epoch 12/100	test results	MRR 0.938928	H@1 0.889561	H@3 0.985628	H@5 0.990923	H@10 0.996974	H@20 0.998487	H@50 0.999244	H@100 1.000000
INFO:kbc-cli.py:Epoch 13/100	Loss 6.1082 ± 0.1992
INFO:kbc-cli.py:Epoch 14/100	Loss 6.0966 ± 0.2302
INFO:kbc-cli.py:Epoch 15/100	Loss 6.0771 ± 0.2336
INFO:kbc-cli.py:Epoch 15/100	dev results	MRR 0.936323	H@1 0.884202	H@3 0.983896	H@5 0.993865	H@10 0.998466	H@20 1.000000	H@50 1.000000	H@100 1.000000
INFO:kbc-cli.py:Epoch 15/100	test results	MRR 0.938577	H@1 0.888805	H@3 0.986384	H@5 0.991679	H@10 0.996974	H@20 0.998487	H@50 0.999244	H@100 1.000000
INFO:kbc-cli.py:Epoch 16/100	Loss 6.0602 ± 0.2027
INFO:kbc-cli.py:Epoch 17/100	Loss 6.0496 ± 0.2027
INFO:kbc-cli.py:Epoch 18/100	Loss 6.0347 ± 0.2083
INFO:kbc-cli.py:Epoch 18/100	dev results	MRR 0.945427	H@1 0.901840	H@3 0.986196	H@5 0.993865	H@10 0.999233	H@20 1.000000	H@50 1.000000	H@100 1.000000
INFO:kbc-cli.py:Epoch 18/100	test results	MRR 0.940594	H@1 0.894100	H@3 0.985628	H@5 0.990923	H@10 0.996974	H@20 0.998487	H@50 0.999244	H@100 1.000000
INFO:kbc-cli.py:Epoch 19/100	Loss 6.0260 ± 0.2142
INFO:kbc-cli.py:Epoch 20/100	Loss 6.0161 ± 0.2176
INFO:kbc-cli.py:Epoch 21/100	Loss 6.0083 ± 0.2191
INFO:kbc-cli.py:Epoch 21/100	dev results	MRR 0.934875	H@1 0.880368	H@3 0.985429	H@5 0.993865	H@10 0.999233	H@20 0.999233	H@50 1.000000	H@100 1.000000
INFO:kbc-cli.py:Epoch 21/100	test results	MRR 0.935981	H@1 0.883510	H@3 0.986384	H@5 0.992436	H@10 0.996974	H@20 0.998487	H@50 0.998487	H@100 1.000000
INFO:kbc-cli.py:Epoch 22/100	Loss 5.9958 ± 0.2234
INFO:kbc-cli.py:Epoch 23/100	Loss 5.9891 ± 0.2074
INFO:kbc-cli.py:Epoch 24/100	Loss 5.9856 ± 0.2203
INFO:kbc-cli.py:Epoch 24/100	dev results	MRR 0.943966	H@1 0.898006	H@3 0.987730	H@5 0.993098	H@10 0.998466	H@20 0.999233	H@50 1.000000	H@100 1.000000
INFO:kbc-cli.py:Epoch 24/100	test results	MRR 0.945716	H@1 0.903177	H@3 0.985628	H@5 0.991679	H@10 0.997731	H@20 0.998487	H@50 0.999244	H@100 1.000000
INFO:kbc-cli.py:Epoch 25/100	Loss 5.9769 ± 0.2183
INFO:kbc-cli.py:Epoch 26/100	Loss 5.9658 ± 0.2151
INFO:kbc-cli.py:Epoch 27/100	Loss 5.9598 ± 0.2037
INFO:kbc-cli.py:Epoch 27/100	dev results	MRR 0.947790	H@1 0.905675	H@3 0.986963	H@5 0.993098	H@10 0.999233	H@20 0.999233	H@50 1.000000	H@100 1.000000
INFO:kbc-cli.py:Epoch 27/100	test results	MRR 0.947817	H@1 0.908472	H@3 0.984115	H@5 0.990166	H@10 0.996974	H@20 0.998487	H@50 0.999244	H@100 1.000000
INFO:kbc-cli.py:Epoch 28/100	Loss 5.9517 ± 0.2151
INFO:kbc-cli.py:Epoch 29/100	Loss 5.9476 ± 0.1927
INFO:kbc-cli.py:Epoch 30/100	Loss 5.9474 ± 0.2098
INFO:kbc-cli.py:Epoch 30/100	dev results	MRR 0.950012	H@1 0.911043	H@3 0.986196	H@5 0.992331	H@10 0.998466	H@20 0.999233	H@50 1.000000	H@100 1.000000
INFO:kbc-cli.py:Epoch 30/100	test results	MRR 0.951338	H@1 0.914523	H@3 0.984871	H@5 0.990166	H@10 0.996974	H@20 0.998487	H@50 0.998487	H@100 1.000000
INFO:kbc-cli.py:Epoch 31/100	Loss 5.9371 ± 0.2026
INFO:kbc-cli.py:Epoch 32/100	Loss 5.9307 ± 0.1963
INFO:kbc-cli.py:Epoch 33/100	Loss 5.9246 ± 0.1952
INFO:kbc-cli.py:Epoch 33/100	dev results	MRR 0.947136	H@1 0.904908	H@3 0.986196	H@5 0.993098	H@10 0.998466	H@20 0.999233	H@50 1.000000	H@100 1.000000
INFO:kbc-cli.py:Epoch 33/100	test results	MRR 0.947233	H@1 0.906203	H@3 0.984871	H@5 0.990166	H@10 0.997731	H@20 0.998487	H@50 0.999244	H@100 1.000000
INFO:kbc-cli.py:Epoch 34/100	Loss 5.9201 ± 0.1691
INFO:kbc-cli.py:Epoch 35/100	Loss 5.9195 ± 0.1770
INFO:kbc-cli.py:Epoch 36/100	Loss 5.9144 ± 0.1835
INFO:kbc-cli.py:Epoch 36/100	dev results	MRR 0.945941	H@1 0.903374	H@3 0.985429	H@5 0.993098	H@10 0.998466	H@20 0.999233	H@50 1.000000	H@100 1.000000
INFO:kbc-cli.py:Epoch 36/100	test results	MRR 0.949355	H@1 0.910741	H@3 0.985628	H@5 0.990166	H@10 0.997731	H@20 0.998487	H@50 0.999244	H@100 1.000000
INFO:kbc-cli.py:Epoch 37/100	Loss 5.9123 ± 0.1911
INFO:kbc-cli.py:Epoch 38/100	Loss 5.9023 ± 0.1985
INFO:kbc-cli.py:Epoch 39/100	Loss 5.9028 ± 0.1954
INFO:kbc-cli.py:Epoch 39/100	dev results	MRR 0.944559	H@1 0.900307	H@3 0.986196	H@5 0.992331	H@10 0.998466	H@20 0.999233	H@50 1.000000	H@100 1.000000
INFO:kbc-cli.py:Epoch 39/100	test results	MRR 0.947230	H@1 0.906203	H@3 0.984115	H@5 0.990923	H@10 0.998487	H@20 0.998487	H@50 0.998487	H@100 1.000000
INFO:kbc-cli.py:Epoch 40/100	Loss 5.9001 ± 0.2015
INFO:kbc-cli.py:Epoch 41/100	Loss 5.8939 ± 0.1853
INFO:kbc-cli.py:Epoch 42/100	Loss 5.8887 ± 0.1967
INFO:kbc-cli.py:Epoch 42/100	dev results	MRR 0.949942	H@1 0.911043	H@3 0.986196	H@5 0.992331	H@10 0.998466	H@20 0.999233	H@50 1.000000	H@100 1.000000
INFO:kbc-cli.py:Epoch 42/100	test results	MRR 0.945900	H@1 0.903933	H@3 0.984871	H@5 0.990923	H@10 0.997731	H@20 0.998487	H@50 0.999244	H@100 1.000000
INFO:kbc-cli.py:Epoch 43/100	Loss 5.8852 ± 0.1660
INFO:kbc-cli.py:Epoch 44/100	Loss 5.8830 ± 0.1948
INFO:kbc-cli.py:Epoch 45/100	Loss 5.8784 ± 0.2017
INFO:kbc-cli.py:Epoch 45/100	dev results	MRR 0.944764	H@1 0.900307	H@3 0.986196	H@5 0.993098	H@10 0.998466	H@20 0.999233	H@50 1.000000	H@100 1.000000
INFO:kbc-cli.py:Epoch 45/100	test results	MRR 0.947321	H@1 0.906959	H@3 0.984115	H@5 0.990923	H@10 0.997731	H@20 0.998487	H@50 0.999244	H@100 1.000000
INFO:kbc-cli.py:Epoch 46/100	Loss 5.8753 ± 0.1796
INFO:kbc-cli.py:Epoch 47/100	Loss 5.8759 ± 0.1907
INFO:kbc-cli.py:Epoch 48/100	Loss 5.8701 ± 0.1875
INFO:kbc-cli.py:Epoch 48/100	dev results	MRR 0.938967	H@1 0.889571	H@3 0.986196	H@5 0.993098	H@10 0.998466	H@20 0.999233	H@50 1.000000	H@100 1.000000
INFO:kbc-cli.py:Epoch 48/100	test results	MRR 0.942014	H@1 0.895613	H@3 0.984871	H@5 0.990923	H@10 0.997731	H@20 0.998487	H@50 0.999244	H@100 1.000000
INFO:kbc-cli.py:Epoch 49/100	Loss 5.8716 ± 0.1933
INFO:kbc-cli.py:Epoch 50/100	Loss 5.8637 ± 0.1520
INFO:kbc-cli.py:Epoch 51/100	Loss 5.8643 ± 0.2162
INFO:kbc-cli.py:Epoch 51/100	dev results	MRR 0.950309	H@1 0.912577	H@3 0.985429	H@5 0.992331	H@10 0.998466	H@20 0.999233	H@50 1.000000	H@100 1.000000
INFO:kbc-cli.py:Epoch 51/100	test results	MRR 0.949166	H@1 0.910741	H@3 0.984115	H@5 0.990923	H@10 0.997731	H@20 0.998487	H@50 0.999244	H@100 1.000000
INFO:kbc-cli.py:Epoch 52/100	Loss 5.8617 ± 0.1854
INFO:kbc-cli.py:Epoch 53/100	Loss 5.8560 ± 0.1865
INFO:kbc-cli.py:Epoch 54/100	Loss 5.8577 ± 0.1987
INFO:kbc-cli.py:Epoch 54/100	dev results	MRR 0.951086	H@1 0.913344	H@3 0.985429	H@5 0.992331	H@10 0.998466	H@20 0.999233	H@50 1.000000	H@100 1.000000
INFO:kbc-cli.py:Epoch 54/100	test results	MRR 0.948278	H@1 0.907716	H@3 0.985628	H@5 0.991679	H@10 0.997731	H@20 0.998487	H@50 0.999244	H@100 1.000000
INFO:kbc-cli.py:Epoch 55/100	Loss 5.8544 ± 0.1742
INFO:kbc-cli.py:Epoch 56/100	Loss 5.8516 ± 0.1658
INFO:kbc-cli.py:Epoch 57/100	Loss 5.8505 ± 0.1840
INFO:kbc-cli.py:Epoch 57/100	dev results	MRR 0.949431	H@1 0.910276	H@3 0.984663	H@5 0.992331	H@10 0.998466	H@20 0.999233	H@50 1.000000	H@100 1.000000
INFO:kbc-cli.py:Epoch 57/100	test results	MRR 0.950988	H@1 0.913011	H@3 0.985628	H@5 0.990923	H@10 0.997731	H@20 0.998487	H@50 0.999244	H@100 1.000000
INFO:kbc-cli.py:Epoch 58/100	Loss 5.8442 ± 0.1761
INFO:kbc-cli.py:Epoch 59/100	Loss 5.8425 ± 0.1831
INFO:kbc-cli.py:Epoch 60/100	Loss 5.8450 ± 0.1670
INFO:kbc-cli.py:Epoch 60/100	dev results	MRR 0.947512	H@1 0.906442	H@3 0.986196	H@5 0.992331	H@10 0.998466	H@20 0.999233	H@50 1.000000	H@100 1.000000
INFO:kbc-cli.py:Epoch 60/100	test results	MRR 0.947829	H@1 0.906959	H@3 0.985628	H@5 0.990166	H@10 0.997731	H@20 0.998487	H@50 0.999244	H@100 1.000000
INFO:kbc-cli.py:Epoch 61/100	Loss 5.8419 ± 0.1657
INFO:kbc-cli.py:Epoch 62/100	Loss 5.8410 ± 0.2035
INFO:kbc-cli.py:Epoch 63/100	Loss 5.8411 ± 0.1832
INFO:kbc-cli.py:Epoch 63/100	dev results	MRR 0.949125	H@1 0.910276	H@3 0.983896	H@5 0.993098	H@10 0.998466	H@20 0.999233	H@50 1.000000	H@100 1.000000
INFO:kbc-cli.py:Epoch 63/100	test results	MRR 0.951505	H@1 0.914523	H@3 0.984871	H@5 0.990166	H@10 0.997731	H@20 0.998487	H@50 0.998487	H@100 1.000000
INFO:kbc-cli.py:Epoch 64/100	Loss 5.8365 ± 0.1856
INFO:kbc-cli.py:Epoch 65/100	Loss 5.8326 ± 0.1563
INFO:kbc-cli.py:Epoch 66/100	Loss 5.8282 ± 0.2049
INFO:kbc-cli.py:Epoch 66/100	dev results	MRR 0.950990	H@1 0.912577	H@3 0.986963	H@5 0.993098	H@10 0.998466	H@20 0.999233	H@50 1.000000	H@100 1.000000
INFO:kbc-cli.py:Epoch 66/100	test results	MRR 0.950154	H@1 0.912254	H@3 0.984871	H@5 0.990923	H@10 0.997731	H@20 0.998487	H@50 0.998487	H@100 1.000000
INFO:kbc-cli.py:Epoch 67/100	Loss 5.8291 ± 0.1731
INFO:kbc-cli.py:Epoch 68/100	Loss 5.8313 ± 0.1948
INFO:kbc-cli.py:Epoch 69/100	Loss 5.8271 ± 0.1868
INFO:kbc-cli.py:Epoch 69/100	dev results	MRR 0.949696	H@1 0.910276	H@3 0.985429	H@5 0.992331	H@10 0.998466	H@20 0.999233	H@50 1.000000	H@100 1.000000
INFO:kbc-cli.py:Epoch 69/100	test results	MRR 0.953036	H@1 0.917549	H@3 0.984871	H@5 0.991679	H@10 0.997731	H@20 0.998487	H@50 0.998487	H@100 1.000000
INFO:kbc-cli.py:Epoch 70/100	Loss 5.8262 ± 0.1733
INFO:kbc-cli.py:Epoch 71/100	Loss 5.8267 ± 0.1845
INFO:kbc-cli.py:Epoch 72/100	Loss 5.8221 ± 0.1536
INFO:kbc-cli.py:Epoch 72/100	dev results	MRR 0.946128	H@1 0.903374	H@3 0.986196	H@5 0.992331	H@10 0.998466	H@20 0.999233	H@50 1.000000	H@100 1.000000
INFO:kbc-cli.py:Epoch 72/100	test results	MRR 0.946764	H@1 0.905446	H@3 0.984871	H@5 0.990166	H@10 0.997731	H@20 0.998487	H@50 0.999244	H@100 1.000000
INFO:kbc-cli.py:Epoch 73/100	Loss 5.8208 ± 0.1843
INFO:kbc-cli.py:Epoch 74/100	Loss 5.8201 ± 0.1689
INFO:kbc-cli.py:Epoch 75/100	Loss 5.8174 ± 0.1770
INFO:kbc-cli.py:Epoch 75/100	dev results	MRR 0.948462	H@1 0.907975	H@3 0.985429	H@5 0.992331	H@10 0.998466	H@20 0.999233	H@50 1.000000	H@100 1.000000
INFO:kbc-cli.py:Epoch 75/100	test results	MRR 0.948493	H@1 0.908472	H@3 0.984871	H@5 0.990166	H@10 0.997731	H@20 0.998487	H@50 0.998487	H@100 1.000000
INFO:kbc-cli.py:Epoch 76/100	Loss 5.8174 ± 0.1714
INFO:kbc-cli.py:Epoch 77/100	Loss 5.8141 ± 0.1727
INFO:kbc-cli.py:Epoch 78/100	Loss 5.8125 ± 0.1776
INFO:kbc-cli.py:Epoch 78/100	dev results	MRR 0.948522	H@1 0.907975	H@3 0.985429	H@5 0.992331	H@10 0.998466	H@20 0.999233	H@50 1.000000	H@100 1.000000
INFO:kbc-cli.py:Epoch 78/100	test results	MRR 0.951246	H@1 0.913767	H@3 0.985628	H@5 0.990166	H@10 0.998487	H@20 0.998487	H@50 0.998487	H@100 1.000000
INFO:kbc-cli.py:Epoch 79/100	Loss 5.8105 ± 0.1822
INFO:kbc-cli.py:Epoch 80/100	Loss 5.8092 ± 0.1657
INFO:kbc-cli.py:Epoch 81/100	Loss 5.8107 ± 0.1725
INFO:kbc-cli.py:Epoch 81/100	dev results	MRR 0.947805	H@1 0.907209	H@3 0.985429	H@5 0.991564	H@10 0.998466	H@20 0.999233	H@50 1.000000	H@100 1.000000
INFO:kbc-cli.py:Epoch 81/100	test results	MRR 0.949048	H@1 0.909985	H@3 0.984871	H@5 0.990923	H@10 0.997731	H@20 0.998487	H@50 0.999244	H@100 1.000000
INFO:kbc-cli.py:Epoch 82/100	Loss 5.8074 ± 0.1744
INFO:kbc-cli.py:Epoch 83/100	Loss 5.8069 ± 0.1633
INFO:kbc-cli.py:Epoch 84/100	Loss 5.8029 ± 0.1690
INFO:kbc-cli.py:Epoch 84/100	dev results	MRR 0.947725	H@1 0.907209	H@3 0.984663	H@5 0.991564	H@10 0.998466	H@20 0.999233	H@50 1.000000	H@100 1.000000
INFO:kbc-cli.py:Epoch 84/100	test results	MRR 0.948442	H@1 0.908472	H@3 0.984871	H@5 0.990923	H@10 0.997731	H@20 0.998487	H@50 0.999244	H@100 1.000000
INFO:kbc-cli.py:Epoch 85/100	Loss 5.8055 ± 0.1716
INFO:kbc-cli.py:Epoch 86/100	Loss 5.8046 ± 0.1748
INFO:kbc-cli.py:Epoch 87/100	Loss 5.7988 ± 0.1704
INFO:kbc-cli.py:Epoch 87/100	dev results	MRR 0.948401	H@1 0.908742	H@3 0.984663	H@5 0.990031	H@10 0.998466	H@20 0.999233	H@50 1.000000	H@100 1.000000
INFO:kbc-cli.py:Epoch 87/100	test results	MRR 0.949696	H@1 0.910741	H@3 0.984871	H@5 0.990923	H@10 0.997731	H@20 0.998487	H@50 0.999244	H@100 1.000000
INFO:kbc-cli.py:Epoch 88/100	Loss 5.8009 ± 0.1685
INFO:kbc-cli.py:Epoch 89/100	Loss 5.8001 ± 0.1712
INFO:kbc-cli.py:Epoch 90/100	Loss 5.7984 ± 0.1491
INFO:kbc-cli.py:Epoch 90/100	dev results	MRR 0.946615	H@1 0.904908	H@3 0.985429	H@5 0.991564	H@10 0.998466	H@20 0.998466	H@50 1.000000	H@100 1.000000
INFO:kbc-cli.py:Epoch 90/100	test results	MRR 0.948024	H@1 0.907716	H@3 0.985628	H@5 0.990166	H@10 0.997731	H@20 0.998487	H@50 0.998487	H@100 1.000000
INFO:kbc-cli.py:Epoch 91/100	Loss 5.7959 ± 0.1542
INFO:kbc-cli.py:Epoch 92/100	Loss 5.7968 ± 0.1693
INFO:kbc-cli.py:Epoch 93/100	Loss 5.7961 ± 0.1775
INFO:kbc-cli.py:Epoch 93/100	dev results	MRR 0.945861	H@1 0.903374	H@3 0.985429	H@5 0.990798	H@10 0.998466	H@20 0.998466	H@50 1.000000	H@100 1.000000
INFO:kbc-cli.py:Epoch 93/100	test results	MRR 0.949517	H@1 0.910741	H@3 0.985628	H@5 0.990923	H@10 0.997731	H@20 0.998487	H@50 0.998487	H@100 1.000000
INFO:kbc-cli.py:Epoch 94/100	Loss 5.7926 ± 0.1923
INFO:kbc-cli.py:Epoch 95/100	Loss 5.7943 ± 0.1742
INFO:kbc-cli.py:Epoch 96/100	Loss 5.7891 ± 0.1681
INFO:kbc-cli.py:Epoch 96/100	dev results	MRR 0.948744	H@1 0.908742	H@3 0.986196	H@5 0.991564	H@10 0.998466	H@20 0.998466	H@50 1.000000	H@100 1.000000
INFO:kbc-cli.py:Epoch 96/100	test results	MRR 0.950023	H@1 0.911498	H@3 0.985628	H@5 0.990923	H@10 0.997731	H@20 0.998487	H@50 0.999244	H@100 1.000000
INFO:kbc-cli.py:Epoch 97/100	Loss 5.7901 ± 0.1624
INFO:kbc-cli.py:Epoch 98/100	Loss 5.7874 ± 0.1687
INFO:kbc-cli.py:Epoch 99/100	Loss 5.7920 ± 0.1671
INFO:kbc-cli.py:Epoch 99/100	dev results	MRR 0.946052	H@1 0.904141	H@3 0.984663	H@5 0.991564	H@10 0.998466	H@20 0.998466	H@50 1.000000	H@100 1.000000
INFO:kbc-cli.py:Epoch 99/100	test results	MRR 0.949453	H@1 0.910741	H@3 0.984871	H@5 0.990166	H@10 0.997731	H@20 0.998487	H@50 0.999244	H@100 1.000000
INFO:kbc-cli.py:Epoch 100/100	Loss 5.7891 ± 0.1548
INFO:kbc-cli.py:Final 	dev results	MRR 0.949274	H@1 0.910276	H@3 0.984663	H@5 0.992331	H@10 0.998466	H@20 0.998466	H@50 1.000000	H@100 1.000000
INFO:kbc-cli.py:Final 	test results	MRR 0.953029	H@1 0.916793	H@3 0.984871	H@5 0.990923	H@10 0.998487	H@20 0.998487	H@50 0.999244	H@100 1.000000
INFO:kbc-cli.py:Training finished
