./bin/kbc-cli.py --train data/umls/train.tsv --dev data/umls/dev.tsv --test data/umls/test.tsv -m complex -k 100 -b 100 -e 100 --F2 0 --N3 0.01 -l 0.1 -I standard -V 3 -o adagrad -c so -q
{'F2': 0.0,
 'N3': 0.01,
 'batch_size': 100,
 'corruption': 'so',
 'dev': 'data/umls/dev.tsv',
 'embedding_size': 100,
 'epochs': 100,
 'eval_batch_size': None,
 'input_type': 'standard',
 'learning_rate': 0.1,
 'load': None,
 'model': 'complex',
 'optimizer': 'adagrad',
 'quiet': True,
 'save': None,
 'seed': 0,
 'test': 'data/umls/test.tsv',
 'test_i': None,
 'test_ii': None,
 'train': 'data/umls/train.tsv',
 'validate_every': 3}
INFO:kbc-cli.py:Device: cuda
INFO:kbc-cli.py:Model state:
INFO:kbc-cli.py:	entities.weight	torch.Size([135, 200])
INFO:kbc-cli.py:	predicates.weight	torch.Size([46, 200])
INFO:kbc-cli.py:Epoch 1/100	Loss 8.1600 ± 1.0212
INFO:kbc-cli.py:Epoch 2/100	Loss 6.4273 ± 0.1143
INFO:kbc-cli.py:Epoch 3/100	Loss 6.1271 ± 0.1476
INFO:kbc-cli.py:Epoch 3/100	dev results	MRR 0.922711	H@1 0.868098	H@3 0.970859	H@5 0.980061	H@10 0.990798	H@20 0.997699	H@50 1.000000	H@100 1.000000
INFO:kbc-cli.py:Epoch 3/100	test results	MRR 0.905364	H@1 0.832829	H@3 0.978064	H@5 0.987141	H@10 0.992436	H@20 0.996218	H@50 0.998487	H@100 1.000000
INFO:kbc-cli.py:Epoch 4/100	Loss 6.0064 ± 0.1571
INFO:kbc-cli.py:Epoch 5/100	Loss 5.9416 ± 0.1348
INFO:kbc-cli.py:Epoch 6/100	Loss 5.8986 ± 0.1450
INFO:kbc-cli.py:Epoch 6/100	dev results	MRR 0.917404	H@1 0.851227	H@3 0.979294	H@5 0.986963	H@10 0.993865	H@20 0.998466	H@50 1.000000	H@100 1.000000
INFO:kbc-cli.py:Epoch 6/100	test results	MRR 0.909923	H@1 0.835855	H@3 0.982602	H@5 0.991679	H@10 0.996218	H@20 0.997731	H@50 0.999244	H@100 1.000000
INFO:kbc-cli.py:Epoch 7/100	Loss 5.8594 ± 0.1336
INFO:kbc-cli.py:Epoch 8/100	Loss 5.8394 ± 0.1629
INFO:kbc-cli.py:Epoch 9/100	Loss 5.8071 ± 0.1735
INFO:kbc-cli.py:Epoch 9/100	dev results	MRR 0.944763	H@1 0.905675	H@3 0.980061	H@5 0.987730	H@10 0.994632	H@20 0.998466	H@50 1.000000	H@100 1.000000
INFO:kbc-cli.py:Epoch 9/100	test results	MRR 0.941919	H@1 0.897126	H@3 0.987141	H@5 0.994705	H@10 0.996974	H@20 0.998487	H@50 0.999244	H@100 1.000000
INFO:kbc-cli.py:Epoch 10/100	Loss 5.7949 ± 0.1637
INFO:kbc-cli.py:Epoch 11/100	Loss 5.7813 ± 0.1431
INFO:kbc-cli.py:Epoch 12/100	Loss 5.7611 ± 0.1531
INFO:kbc-cli.py:Epoch 12/100	dev results	MRR 0.945956	H@1 0.907209	H@3 0.982362	H@5 0.986963	H@10 0.994632	H@20 0.998466	H@50 1.000000	H@100 1.000000
INFO:kbc-cli.py:Epoch 12/100	test results	MRR 0.942212	H@1 0.896369	H@3 0.987897	H@5 0.994705	H@10 0.996974	H@20 0.999244	H@50 0.999244	H@100 1.000000
INFO:kbc-cli.py:Epoch 13/100	Loss 5.7605 ± 0.1888
INFO:kbc-cli.py:Epoch 14/100	Loss 5.7345 ± 0.1300
INFO:kbc-cli.py:Epoch 15/100	Loss 5.7336 ± 0.1597
INFO:kbc-cli.py:Epoch 15/100	dev results	MRR 0.951356	H@1 0.918712	H@3 0.978528	H@5 0.988497	H@10 0.993865	H@20 0.999233	H@50 1.000000	H@100 1.000000
INFO:kbc-cli.py:Epoch 15/100	test results	MRR 0.950244	H@1 0.913767	H@3 0.983359	H@5 0.993949	H@10 0.996974	H@20 0.999244	H@50 0.999244	H@100 1.000000
INFO:kbc-cli.py:Epoch 16/100	Loss 5.7097 ± 0.1251
INFO:kbc-cli.py:Epoch 17/100	Loss 5.7011 ± 0.1445
INFO:kbc-cli.py:Epoch 18/100	Loss 5.6987 ± 0.1530
INFO:kbc-cli.py:Epoch 18/100	dev results	MRR 0.954659	H@1 0.924847	H@3 0.980828	H@5 0.988497	H@10 0.995399	H@20 0.999233	H@50 1.000000	H@100 1.000000
INFO:kbc-cli.py:Epoch 18/100	test results	MRR 0.953041	H@1 0.918306	H@3 0.984871	H@5 0.994705	H@10 0.996974	H@20 0.999244	H@50 0.999244	H@100 1.000000
INFO:kbc-cli.py:Epoch 19/100	Loss 5.6847 ± 0.1490
INFO:kbc-cli.py:Epoch 20/100	Loss 5.6851 ± 0.1330
INFO:kbc-cli.py:Epoch 21/100	Loss 5.6873 ± 0.1488
INFO:kbc-cli.py:Epoch 21/100	dev results	MRR 0.957448	H@1 0.930215	H@3 0.980061	H@5 0.988497	H@10 0.995399	H@20 0.999233	H@50 1.000000	H@100 1.000000
INFO:kbc-cli.py:Epoch 21/100	test results	MRR 0.954625	H@1 0.920575	H@3 0.986384	H@5 0.994705	H@10 0.997731	H@20 0.999244	H@50 0.999244	H@100 1.000000
INFO:kbc-cli.py:Epoch 22/100	Loss 5.6678 ± 0.1581
INFO:kbc-cli.py:Epoch 23/100	Loss 5.6675 ± 0.1290
INFO:kbc-cli.py:Epoch 24/100	Loss 5.6584 ± 0.1442
INFO:kbc-cli.py:Epoch 24/100	dev results	MRR 0.957446	H@1 0.930215	H@3 0.980061	H@5 0.989264	H@10 0.996166	H@20 0.999233	H@50 1.000000	H@100 1.000000
INFO:kbc-cli.py:Epoch 24/100	test results	MRR 0.952565	H@1 0.916793	H@3 0.986384	H@5 0.994705	H@10 0.997731	H@20 0.999244	H@50 0.999244	H@100 1.000000
INFO:kbc-cli.py:Epoch 25/100	Loss 5.6561 ± 0.1354
INFO:kbc-cli.py:Epoch 26/100	Loss 5.6432 ± 0.1557
INFO:kbc-cli.py:Epoch 27/100	Loss 5.6562 ± 0.1445
INFO:kbc-cli.py:Epoch 27/100	dev results	MRR 0.952491	H@1 0.921012	H@3 0.980828	H@5 0.988497	H@10 0.995399	H@20 0.998466	H@50 1.000000	H@100 1.000000
INFO:kbc-cli.py:Epoch 27/100	test results	MRR 0.951129	H@1 0.914523	H@3 0.984871	H@5 0.994705	H@10 0.997731	H@20 0.999244	H@50 0.999244	H@100 1.000000
INFO:kbc-cli.py:Epoch 28/100	Loss 5.6378 ± 0.1435
INFO:kbc-cli.py:Epoch 29/100	Loss 5.6406 ± 0.1227
INFO:kbc-cli.py:Epoch 30/100	Loss 5.6438 ± 0.1470
INFO:kbc-cli.py:Epoch 30/100	dev results	MRR 0.960207	H@1 0.936350	H@3 0.978528	H@5 0.986963	H@10 0.994632	H@20 0.999233	H@50 1.000000	H@100 1.000000
INFO:kbc-cli.py:Epoch 30/100	test results	MRR 0.956638	H@1 0.925870	H@3 0.984115	H@5 0.994705	H@10 0.997731	H@20 0.999244	H@50 0.999244	H@100 1.000000
INFO:kbc-cli.py:Epoch 31/100	Loss 5.6343 ± 0.1421
INFO:kbc-cli.py:Epoch 32/100	Loss 5.6216 ± 0.1474
INFO:kbc-cli.py:Epoch 33/100	Loss 5.6275 ± 0.1314
INFO:kbc-cli.py:Epoch 33/100	dev results	MRR 0.959377	H@1 0.935583	H@3 0.978528	H@5 0.986963	H@10 0.995399	H@20 0.998466	H@50 1.000000	H@100 1.000000
INFO:kbc-cli.py:Epoch 33/100	test results	MRR 0.956539	H@1 0.925113	H@3 0.985628	H@5 0.994705	H@10 0.997731	H@20 0.999244	H@50 0.999244	H@100 1.000000
INFO:kbc-cli.py:Epoch 34/100	Loss 5.6181 ± 0.1460
INFO:kbc-cli.py:Epoch 35/100	Loss 5.6221 ± 0.1492
INFO:kbc-cli.py:Epoch 36/100	Loss 5.6194 ± 0.1310
INFO:kbc-cli.py:Epoch 36/100	dev results	MRR 0.958443	H@1 0.934816	H@3 0.978528	H@5 0.986196	H@10 0.995399	H@20 0.998466	H@50 1.000000	H@100 1.000000
INFO:kbc-cli.py:Epoch 36/100	test results	MRR 0.955678	H@1 0.924357	H@3 0.984871	H@5 0.994705	H@10 0.997731	H@20 0.999244	H@50 0.999244	H@100 1.000000
INFO:kbc-cli.py:Epoch 37/100	Loss 5.6226 ± 0.1185
INFO:kbc-cli.py:Epoch 38/100	Loss 5.6078 ± 0.1301
INFO:kbc-cli.py:Epoch 39/100	Loss 5.6078 ± 0.1675
INFO:kbc-cli.py:Epoch 39/100	dev results	MRR 0.959186	H@1 0.936350	H@3 0.978528	H@5 0.984663	H@10 0.994632	H@20 0.998466	H@50 1.000000	H@100 1.000000
INFO:kbc-cli.py:Epoch 39/100	test results	MRR 0.957239	H@1 0.928139	H@3 0.984871	H@5 0.994705	H@10 0.997731	H@20 0.999244	H@50 0.999244	H@100 1.000000
INFO:kbc-cli.py:Epoch 40/100	Loss 5.6124 ± 0.1361
INFO:kbc-cli.py:Epoch 41/100	Loss 5.5997 ± 0.1332
INFO:kbc-cli.py:Epoch 42/100	Loss 5.6079 ± 0.1535
INFO:kbc-cli.py:Epoch 42/100	dev results	MRR 0.959838	H@1 0.937883	H@3 0.976994	H@5 0.986963	H@10 0.995399	H@20 0.997699	H@50 1.000000	H@100 1.000000
INFO:kbc-cli.py:Epoch 42/100	test results	MRR 0.957073	H@1 0.928139	H@3 0.983359	H@5 0.994705	H@10 0.997731	H@20 0.998487	H@50 0.999244	H@100 1.000000
INFO:kbc-cli.py:Epoch 43/100	Loss 5.6071 ± 0.1598
INFO:kbc-cli.py:Epoch 44/100	Loss 5.5961 ± 0.1425
INFO:kbc-cli.py:Epoch 45/100	Loss 5.6032 ± 0.1408
INFO:kbc-cli.py:Epoch 45/100	dev results	MRR 0.959377	H@1 0.937117	H@3 0.976994	H@5 0.985429	H@10 0.996166	H@20 0.998466	H@50 1.000000	H@100 1.000000
INFO:kbc-cli.py:Epoch 45/100	test results	MRR 0.954743	H@1 0.922844	H@3 0.983359	H@5 0.994705	H@10 0.997731	H@20 0.998487	H@50 0.999244	H@100 1.000000
INFO:kbc-cli.py:Epoch 46/100	Loss 5.5899 ± 0.1316
INFO:kbc-cli.py:Epoch 47/100	Loss 5.5806 ± 0.1492
INFO:kbc-cli.py:Epoch 48/100	Loss 5.5982 ± 0.1459
INFO:kbc-cli.py:Epoch 48/100	dev results	MRR 0.955808	H@1 0.930982	H@3 0.976227	H@5 0.985429	H@10 0.996166	H@20 0.998466	H@50 1.000000	H@100 1.000000
INFO:kbc-cli.py:Epoch 48/100	test results	MRR 0.952081	H@1 0.918306	H@3 0.982602	H@5 0.993949	H@10 0.997731	H@20 0.999244	H@50 0.999244	H@100 1.000000
INFO:kbc-cli.py:Epoch 49/100	Loss 5.5907 ± 0.1322
INFO:kbc-cli.py:Epoch 50/100	Loss 5.5876 ± 0.1211
INFO:kbc-cli.py:Epoch 51/100	Loss 5.5873 ± 0.1135
INFO:kbc-cli.py:Epoch 51/100	dev results	MRR 0.960004	H@1 0.939417	H@3 0.975460	H@5 0.986196	H@10 0.994632	H@20 0.998466	H@50 1.000000	H@100 1.000000
INFO:kbc-cli.py:Epoch 51/100	test results	MRR 0.955010	H@1 0.922088	H@3 0.984871	H@5 0.994705	H@10 0.997731	H@20 0.998487	H@50 0.999244	H@100 1.000000
INFO:kbc-cli.py:Epoch 52/100	Loss 5.5746 ± 0.1411
INFO:kbc-cli.py:Epoch 53/100	Loss 5.5853 ± 0.1246
INFO:kbc-cli.py:Epoch 54/100	Loss 5.5821 ± 0.1464
INFO:kbc-cli.py:Epoch 54/100	dev results	MRR 0.958816	H@1 0.936350	H@3 0.976227	H@5 0.986196	H@10 0.995399	H@20 0.998466	H@50 1.000000	H@100 1.000000
INFO:kbc-cli.py:Epoch 54/100	test results	MRR 0.953540	H@1 0.920575	H@3 0.982602	H@5 0.993949	H@10 0.997731	H@20 0.998487	H@50 0.999244	H@100 1.000000
INFO:kbc-cli.py:Epoch 55/100	Loss 5.5795 ± 0.1338
INFO:kbc-cli.py:Epoch 56/100	Loss 5.5798 ± 0.1363
INFO:kbc-cli.py:Epoch 57/100	Loss 5.5715 ± 0.1305
INFO:kbc-cli.py:Epoch 57/100	dev results	MRR 0.957934	H@1 0.935583	H@3 0.976227	H@5 0.983896	H@10 0.994632	H@20 0.998466	H@50 1.000000	H@100 1.000000
INFO:kbc-cli.py:Epoch 57/100	test results	MRR 0.953614	H@1 0.920575	H@3 0.984871	H@5 0.994705	H@10 0.997731	H@20 0.998487	H@50 0.999244	H@100 1.000000
INFO:kbc-cli.py:Epoch 58/100	Loss 5.5718 ± 0.1328
INFO:kbc-cli.py:Epoch 59/100	Loss 5.5696 ± 0.1459
INFO:kbc-cli.py:Epoch 60/100	Loss 5.5742 ± 0.1458
INFO:kbc-cli.py:Epoch 60/100	dev results	MRR 0.953752	H@1 0.927147	H@3 0.976227	H@5 0.984663	H@10 0.994632	H@20 0.998466	H@50 1.000000	H@100 1.000000
INFO:kbc-cli.py:Epoch 60/100	test results	MRR 0.951435	H@1 0.916793	H@3 0.984115	H@5 0.993949	H@10 0.997731	H@20 0.998487	H@50 0.999244	H@100 1.000000
INFO:kbc-cli.py:Epoch 61/100	Loss 5.5644 ± 0.1472
INFO:kbc-cli.py:Epoch 62/100	Loss 5.5779 ± 0.1474
INFO:kbc-cli.py:Epoch 63/100	Loss 5.5693 ± 0.1252
INFO:kbc-cli.py:Epoch 63/100	dev results	MRR 0.954916	H@1 0.930215	H@3 0.976227	H@5 0.985429	H@10 0.995399	H@20 0.998466	H@50 1.000000	H@100 1.000000
INFO:kbc-cli.py:Epoch 63/100	test results	MRR 0.952810	H@1 0.920575	H@3 0.981089	H@5 0.993949	H@10 0.997731	H@20 0.998487	H@50 0.999244	H@100 1.000000
INFO:kbc-cli.py:Epoch 64/100	Loss 5.5706 ± 0.1210
INFO:kbc-cli.py:Epoch 65/100	Loss 5.5647 ± 0.1317
INFO:kbc-cli.py:Epoch 66/100	Loss 5.5628 ± 0.1170
INFO:kbc-cli.py:Epoch 66/100	dev results	MRR 0.956919	H@1 0.934049	H@3 0.976227	H@5 0.985429	H@10 0.996166	H@20 0.998466	H@50 1.000000	H@100 1.000000
INFO:kbc-cli.py:Epoch 66/100	test results	MRR 0.950908	H@1 0.916036	H@3 0.984115	H@5 0.993192	H@10 0.997731	H@20 0.998487	H@50 0.999244	H@100 1.000000
INFO:kbc-cli.py:Epoch 67/100	Loss 5.5654 ± 0.1230
INFO:kbc-cli.py:Epoch 68/100	Loss 5.5590 ± 0.1229
INFO:kbc-cli.py:Epoch 69/100	Loss 5.5596 ± 0.1456
INFO:kbc-cli.py:Epoch 69/100	dev results	MRR 0.958120	H@1 0.935583	H@3 0.976994	H@5 0.986963	H@10 0.995399	H@20 0.998466	H@50 1.000000	H@100 1.000000
INFO:kbc-cli.py:Epoch 69/100	test results	MRR 0.952328	H@1 0.918306	H@3 0.983359	H@5 0.993192	H@10 0.997731	H@20 0.998487	H@50 0.999244	H@100 1.000000
INFO:kbc-cli.py:Epoch 70/100	Loss 5.5567 ± 0.1422
INFO:kbc-cli.py:Epoch 71/100	Loss 5.5570 ± 0.1250
INFO:kbc-cli.py:Epoch 72/100	Loss 5.5653 ± 0.1464
INFO:kbc-cli.py:Epoch 72/100	dev results	MRR 0.955339	H@1 0.930982	H@3 0.976227	H@5 0.984663	H@10 0.995399	H@20 0.998466	H@50 1.000000	H@100 1.000000
INFO:kbc-cli.py:Epoch 72/100	test results	MRR 0.951811	H@1 0.917549	H@3 0.982602	H@5 0.993949	H@10 0.997731	H@20 0.998487	H@50 0.999244	H@100 1.000000
INFO:kbc-cli.py:Epoch 73/100	Loss 5.5599 ± 0.1259
INFO:kbc-cli.py:Epoch 74/100	Loss 5.5597 ± 0.1304
INFO:kbc-cli.py:Epoch 75/100	Loss 5.5444 ± 0.1551
INFO:kbc-cli.py:Epoch 75/100	dev results	MRR 0.954268	H@1 0.928681	H@3 0.976994	H@5 0.986196	H@10 0.995399	H@20 0.998466	H@50 1.000000	H@100 1.000000
INFO:kbc-cli.py:Epoch 75/100	test results	MRR 0.954191	H@1 0.922844	H@3 0.982602	H@5 0.993192	H@10 0.997731	H@20 0.998487	H@50 0.999244	H@100 1.000000
INFO:kbc-cli.py:Epoch 76/100	Loss 5.5631 ± 0.1562
INFO:kbc-cli.py:Epoch 77/100	Loss 5.5510 ± 0.1281
INFO:kbc-cli.py:Epoch 78/100	Loss 5.5531 ± 0.1360
INFO:kbc-cli.py:Epoch 78/100	dev results	MRR 0.955785	H@1 0.931748	H@3 0.976227	H@5 0.986196	H@10 0.995399	H@20 0.998466	H@50 1.000000	H@100 1.000000
INFO:kbc-cli.py:Epoch 78/100	test results	MRR 0.951597	H@1 0.919062	H@3 0.979576	H@5 0.993192	H@10 0.997731	H@20 0.998487	H@50 0.999244	H@100 1.000000
INFO:kbc-cli.py:Epoch 79/100	Loss 5.5524 ± 0.0926
INFO:kbc-cli.py:Epoch 80/100	Loss 5.5506 ± 0.1169
INFO:kbc-cli.py:Epoch 81/100	Loss 5.5545 ± 0.1165
INFO:kbc-cli.py:Epoch 81/100	dev results	MRR 0.956098	H@1 0.932515	H@3 0.975460	H@5 0.985429	H@10 0.994632	H@20 0.998466	H@50 1.000000	H@100 1.000000
INFO:kbc-cli.py:Epoch 81/100	test results	MRR 0.954117	H@1 0.922844	H@3 0.983359	H@5 0.993192	H@10 0.997731	H@20 0.998487	H@50 0.999244	H@100 1.000000
INFO:kbc-cli.py:Epoch 82/100	Loss 5.5396 ± 0.1399
INFO:kbc-cli.py:Epoch 83/100	Loss 5.5509 ± 0.1143
INFO:kbc-cli.py:Epoch 84/100	Loss 5.5495 ± 0.1303
INFO:kbc-cli.py:Epoch 84/100	dev results	MRR 0.954534	H@1 0.929448	H@3 0.976227	H@5 0.983896	H@10 0.994632	H@20 0.998466	H@50 1.000000	H@100 1.000000
INFO:kbc-cli.py:Epoch 84/100	test results	MRR 0.954787	H@1 0.925113	H@3 0.979576	H@5 0.993949	H@10 0.997731	H@20 0.998487	H@50 0.999244	H@100 1.000000
INFO:kbc-cli.py:Epoch 85/100	Loss 5.5535 ± 0.1404
INFO:kbc-cli.py:Epoch 86/100	Loss 5.5524 ± 0.1441
INFO:kbc-cli.py:Epoch 87/100	Loss 5.5455 ± 0.1255
INFO:kbc-cli.py:Epoch 87/100	dev results	MRR 0.955775	H@1 0.931748	H@3 0.976994	H@5 0.984663	H@10 0.994632	H@20 0.998466	H@50 1.000000	H@100 1.000000
INFO:kbc-cli.py:Epoch 87/100	test results	MRR 0.953626	H@1 0.922844	H@3 0.980333	H@5 0.992436	H@10 0.997731	H@20 0.998487	H@50 0.999244	H@100 1.000000
INFO:kbc-cli.py:Epoch 88/100	Loss 5.5456 ± 0.1086
INFO:kbc-cli.py:Epoch 89/100	Loss 5.5432 ± 0.1081
INFO:kbc-cli.py:Epoch 90/100	Loss 5.5473 ± 0.1388
INFO:kbc-cli.py:Epoch 90/100	dev results	MRR 0.955420	H@1 0.930982	H@3 0.976227	H@5 0.984663	H@10 0.994632	H@20 0.998466	H@50 1.000000	H@100 1.000000
INFO:kbc-cli.py:Epoch 90/100	test results	MRR 0.951759	H@1 0.919818	H@3 0.978820	H@5 0.993192	H@10 0.997731	H@20 0.998487	H@50 0.999244	H@100 1.000000
INFO:kbc-cli.py:Epoch 91/100	Loss 5.5472 ± 0.1123
INFO:kbc-cli.py:Epoch 92/100	Loss 5.5471 ± 0.1314
INFO:kbc-cli.py:Epoch 93/100	Loss 5.5345 ± 0.1275
INFO:kbc-cli.py:Epoch 93/100	dev results	MRR 0.954485	H@1 0.929448	H@3 0.976227	H@5 0.983896	H@10 0.994632	H@20 0.998466	H@50 1.000000	H@100 1.000000
INFO:kbc-cli.py:Epoch 93/100	test results	MRR 0.952995	H@1 0.921331	H@3 0.981089	H@5 0.994705	H@10 0.997731	H@20 0.998487	H@50 0.999244	H@100 1.000000
INFO:kbc-cli.py:Epoch 94/100	Loss 5.5463 ± 0.1217
INFO:kbc-cli.py:Epoch 95/100	Loss 5.5448 ± 0.1291
INFO:kbc-cli.py:Epoch 96/100	Loss 5.5340 ± 0.1349
INFO:kbc-cli.py:Epoch 96/100	dev results	MRR 0.954074	H@1 0.928681	H@3 0.976227	H@5 0.983896	H@10 0.995399	H@20 0.998466	H@50 1.000000	H@100 1.000000
INFO:kbc-cli.py:Epoch 96/100	test results	MRR 0.948469	H@1 0.914523	H@3 0.979576	H@5 0.993949	H@10 0.997731	H@20 0.998487	H@50 0.999244	H@100 1.000000
INFO:kbc-cli.py:Epoch 97/100	Loss 5.5432 ± 0.1400
INFO:kbc-cli.py:Epoch 98/100	Loss 5.5432 ± 0.1473
INFO:kbc-cli.py:Epoch 99/100	Loss 5.5382 ± 0.1205
INFO:kbc-cli.py:Epoch 99/100	dev results	MRR 0.955143	H@1 0.930982	H@3 0.976227	H@5 0.984663	H@10 0.994632	H@20 0.998466	H@50 1.000000	H@100 1.000000
INFO:kbc-cli.py:Epoch 99/100	test results	MRR 0.950250	H@1 0.916793	H@3 0.981089	H@5 0.993192	H@10 0.997731	H@20 0.998487	H@50 0.999244	H@100 1.000000
INFO:kbc-cli.py:Epoch 100/100	Loss 5.5315 ± 0.1338
INFO:kbc-cli.py:Final 	dev results	MRR 0.954818	H@1 0.930215	H@3 0.975460	H@5 0.984663	H@10 0.993865	H@20 0.998466	H@50 1.000000	H@100 1.000000
INFO:kbc-cli.py:Final 	test results	MRR 0.949376	H@1 0.915280	H@3 0.979576	H@5 0.993192	H@10 0.997731	H@20 0.998487	H@50 0.999244	H@100 1.000000
INFO:kbc-cli.py:Training finished
