./bin/kbc-cli.py --train data/nations/train.tsv --dev data/nations/dev.tsv --test data/nations/test.tsv -m complex -k 100 -b 100 -e 100 --F2 0 --N3 0.0005 -l 0.1 -I reciprocal -V 3 -o adagrad -c so -q
{'F2': 0.0,
 'N3': 0.0005,
 'batch_size': 100,
 'corruption': 'so',
 'dev': 'data/nations/dev.tsv',
 'embedding_size': 100,
 'epochs': 100,
 'eval_batch_size': None,
 'input_type': 'reciprocal',
 'learning_rate': 0.1,
 'load': None,
 'model': 'complex',
 'optimizer': 'adagrad',
 'quiet': True,
 'save': None,
 'seed': 0,
 'test': 'data/nations/test.tsv',
 'test_i': None,
 'test_ii': None,
 'train': 'data/nations/train.tsv',
 'validate_every': 3}
INFO:kbc-cli.py:Device: cuda
INFO:kbc-cli.py:Model state:
INFO:kbc-cli.py:	entities.weight	torch.Size([14, 200])
INFO:kbc-cli.py:	predicates.weight	torch.Size([110, 200])
INFO:kbc-cli.py:Epoch 1/100	Loss 5.2355 ± 0.0786
INFO:kbc-cli.py:Epoch 2/100	Loss 4.5970 ± 0.1088
INFO:kbc-cli.py:Epoch 3/100	Loss 4.1529 ± 0.1596
INFO:kbc-cli.py:Epoch 3/100	dev results	MRR 0.761438	H@1 0.633166	H@3 0.881910	H@5 0.959799	H@10 0.989950	H@20 1.000000	H@50 1.000000	H@100 1.000000
INFO:kbc-cli.py:Epoch 3/100	test results	MRR 0.754179	H@1 0.621891	H@3 0.868159	H@5 0.942786	H@10 0.995025	H@20 1.000000	H@50 1.000000	H@100 1.000000
INFO:kbc-cli.py:Epoch 4/100	Loss 3.9108 ± 0.1680
INFO:kbc-cli.py:Epoch 5/100	Loss 3.7700 ± 0.1617
INFO:kbc-cli.py:Epoch 6/100	Loss 3.6802 ± 0.1921
INFO:kbc-cli.py:Epoch 6/100	dev results	MRR 0.782556	H@1 0.663317	H@3 0.881910	H@5 0.964824	H@10 0.992462	H@20 1.000000	H@50 1.000000	H@100 1.000000
INFO:kbc-cli.py:Epoch 6/100	test results	MRR 0.764436	H@1 0.639303	H@3 0.863184	H@5 0.940299	H@10 0.995025	H@20 1.000000	H@50 1.000000	H@100 1.000000
INFO:kbc-cli.py:Epoch 7/100	Loss 3.6109 ± 0.1808
INFO:kbc-cli.py:Epoch 8/100	Loss 3.5669 ± 0.2023
INFO:kbc-cli.py:Epoch 9/100	Loss 3.5234 ± 0.1870
INFO:kbc-cli.py:Epoch 9/100	dev results	MRR 0.778104	H@1 0.653266	H@3 0.874372	H@5 0.959799	H@10 0.994975	H@20 1.000000	H@50 1.000000	H@100 1.000000
INFO:kbc-cli.py:Epoch 9/100	test results	MRR 0.765554	H@1 0.639303	H@3 0.878109	H@5 0.927861	H@10 0.992537	H@20 1.000000	H@50 1.000000	H@100 1.000000
INFO:kbc-cli.py:Epoch 10/100	Loss 3.4959 ± 0.1993
INFO:kbc-cli.py:Epoch 11/100	Loss 3.4686 ± 0.1511
INFO:kbc-cli.py:Epoch 12/100	Loss 3.4500 ± 0.1768
INFO:kbc-cli.py:Epoch 12/100	dev results	MRR 0.781328	H@1 0.658291	H@3 0.884422	H@5 0.959799	H@10 0.994975	H@20 1.000000	H@50 1.000000	H@100 1.000000
INFO:kbc-cli.py:Epoch 12/100	test results	MRR 0.768742	H@1 0.644279	H@3 0.873134	H@5 0.927861	H@10 0.995025	H@20 1.000000	H@50 1.000000	H@100 1.000000
INFO:kbc-cli.py:Epoch 13/100	Loss 3.4318 ± 0.1509
INFO:kbc-cli.py:Epoch 14/100	Loss 3.4156 ± 0.1833
INFO:kbc-cli.py:Epoch 15/100	Loss 3.4009 ± 0.1640
INFO:kbc-cli.py:Epoch 15/100	dev results	MRR 0.775391	H@1 0.648241	H@3 0.884422	H@5 0.957286	H@10 0.997487	H@20 1.000000	H@50 1.000000	H@100 1.000000
INFO:kbc-cli.py:Epoch 15/100	test results	MRR 0.765718	H@1 0.641791	H@3 0.878109	H@5 0.932836	H@10 0.995025	H@20 1.000000	H@50 1.000000	H@100 1.000000
INFO:kbc-cli.py:Epoch 16/100	Loss 3.3903 ± 0.1754
INFO:kbc-cli.py:Epoch 17/100	Loss 3.3777 ± 0.1566
INFO:kbc-cli.py:Epoch 18/100	Loss 3.3679 ± 0.1614
INFO:kbc-cli.py:Epoch 18/100	dev results	MRR 0.776934	H@1 0.650754	H@3 0.879397	H@5 0.954774	H@10 0.994975	H@20 1.000000	H@50 1.000000	H@100 1.000000
INFO:kbc-cli.py:Epoch 18/100	test results	MRR 0.763590	H@1 0.636816	H@3 0.875622	H@5 0.930348	H@10 0.995025	H@20 1.000000	H@50 1.000000	H@100 1.000000
INFO:kbc-cli.py:Epoch 19/100	Loss 3.3571 ± 0.1120
INFO:kbc-cli.py:Epoch 20/100	Loss 3.3510 ± 0.1724
INFO:kbc-cli.py:Epoch 21/100	Loss 3.3438 ± 0.1569
INFO:kbc-cli.py:Epoch 21/100	dev results	MRR 0.774372	H@1 0.645729	H@3 0.881910	H@5 0.954774	H@10 0.997487	H@20 1.000000	H@50 1.000000	H@100 1.000000
INFO:kbc-cli.py:Epoch 21/100	test results	MRR 0.760273	H@1 0.629353	H@3 0.880597	H@5 0.935323	H@10 0.995025	H@20 1.000000	H@50 1.000000	H@100 1.000000
INFO:kbc-cli.py:Epoch 22/100	Loss 3.3355 ± 0.1059
INFO:kbc-cli.py:Epoch 23/100	Loss 3.3290 ± 0.1698
INFO:kbc-cli.py:Epoch 24/100	Loss 3.3269 ± 0.1429
INFO:kbc-cli.py:Epoch 24/100	dev results	MRR 0.773845	H@1 0.645729	H@3 0.879397	H@5 0.954774	H@10 0.997487	H@20 1.000000	H@50 1.000000	H@100 1.000000
INFO:kbc-cli.py:Epoch 24/100	test results	MRR 0.764070	H@1 0.636816	H@3 0.878109	H@5 0.932836	H@10 0.995025	H@20 1.000000	H@50 1.000000	H@100 1.000000
INFO:kbc-cli.py:Epoch 25/100	Loss 3.3182 ± 0.1306
INFO:kbc-cli.py:Epoch 26/100	Loss 3.3114 ± 0.1306
INFO:kbc-cli.py:Epoch 27/100	Loss 3.3099 ± 0.1302
INFO:kbc-cli.py:Epoch 27/100	dev results	MRR 0.772011	H@1 0.640704	H@3 0.879397	H@5 0.952261	H@10 1.000000	H@20 1.000000	H@50 1.000000	H@100 1.000000
INFO:kbc-cli.py:Epoch 27/100	test results	MRR 0.763839	H@1 0.636816	H@3 0.875622	H@5 0.940299	H@10 0.995025	H@20 1.000000	H@50 1.000000	H@100 1.000000
INFO:kbc-cli.py:Epoch 28/100	Loss 3.3026 ± 0.1448
INFO:kbc-cli.py:Epoch 29/100	Loss 3.3000 ± 0.1256
INFO:kbc-cli.py:Epoch 30/100	Loss 3.2958 ± 0.1552
INFO:kbc-cli.py:Epoch 30/100	dev results	MRR 0.775354	H@1 0.648241	H@3 0.876884	H@5 0.957286	H@10 1.000000	H@20 1.000000	H@50 1.000000	H@100 1.000000
INFO:kbc-cli.py:Epoch 30/100	test results	MRR 0.760273	H@1 0.631841	H@3 0.873134	H@5 0.935323	H@10 0.995025	H@20 1.000000	H@50 1.000000	H@100 1.000000
INFO:kbc-cli.py:Epoch 31/100	Loss 3.2931 ± 0.1482
INFO:kbc-cli.py:Epoch 32/100	Loss 3.2891 ± 0.1272
INFO:kbc-cli.py:Epoch 33/100	Loss 3.2882 ± 0.1231
INFO:kbc-cli.py:Epoch 33/100	dev results	MRR 0.773428	H@1 0.645729	H@3 0.879397	H@5 0.952261	H@10 1.000000	H@20 1.000000	H@50 1.000000	H@100 1.000000
INFO:kbc-cli.py:Epoch 33/100	test results	MRR 0.756047	H@1 0.624378	H@3 0.873134	H@5 0.935323	H@10 0.995025	H@20 1.000000	H@50 1.000000	H@100 1.000000
INFO:kbc-cli.py:Epoch 34/100	Loss 3.2838 ± 0.1499
INFO:kbc-cli.py:Epoch 35/100	Loss 3.2796 ± 0.1171
INFO:kbc-cli.py:Epoch 36/100	Loss 3.2776 ± 0.1276
INFO:kbc-cli.py:Epoch 36/100	dev results	MRR 0.773965	H@1 0.645729	H@3 0.879397	H@5 0.949749	H@10 1.000000	H@20 1.000000	H@50 1.000000	H@100 1.000000
INFO:kbc-cli.py:Epoch 36/100	test results	MRR 0.759859	H@1 0.631841	H@3 0.873134	H@5 0.935323	H@10 0.995025	H@20 1.000000	H@50 1.000000	H@100 1.000000
INFO:kbc-cli.py:Epoch 37/100	Loss 3.2728 ± 0.1460
INFO:kbc-cli.py:Epoch 38/100	Loss 3.2723 ± 0.1300
INFO:kbc-cli.py:Epoch 39/100	Loss 3.2701 ± 0.1448
INFO:kbc-cli.py:Epoch 39/100	dev results	MRR 0.776485	H@1 0.653266	H@3 0.879397	H@5 0.954774	H@10 1.000000	H@20 1.000000	H@50 1.000000	H@100 1.000000
INFO:kbc-cli.py:Epoch 39/100	test results	MRR 0.756252	H@1 0.626866	H@3 0.870647	H@5 0.932836	H@10 0.995025	H@20 1.000000	H@50 1.000000	H@100 1.000000
INFO:kbc-cli.py:Epoch 40/100	Loss 3.2674 ± 0.1428
INFO:kbc-cli.py:Epoch 41/100	Loss 3.2631 ± 0.1191
INFO:kbc-cli.py:Epoch 42/100	Loss 3.2619 ± 0.1400
INFO:kbc-cli.py:Epoch 42/100	dev results	MRR 0.777441	H@1 0.653266	H@3 0.879397	H@5 0.954774	H@10 1.000000	H@20 1.000000	H@50 1.000000	H@100 1.000000
INFO:kbc-cli.py:Epoch 42/100	test results	MRR 0.755747	H@1 0.624378	H@3 0.868159	H@5 0.935323	H@10 0.995025	H@20 1.000000	H@50 1.000000	H@100 1.000000
INFO:kbc-cli.py:Epoch 43/100	Loss 3.2603 ± 0.1260
INFO:kbc-cli.py:Epoch 44/100	Loss 3.2586 ± 0.1205
INFO:kbc-cli.py:Epoch 45/100	Loss 3.2557 ± 0.1307
INFO:kbc-cli.py:Epoch 45/100	dev results	MRR 0.774342	H@1 0.648241	H@3 0.879397	H@5 0.952261	H@10 1.000000	H@20 1.000000	H@50 1.000000	H@100 1.000000
INFO:kbc-cli.py:Epoch 45/100	test results	MRR 0.753803	H@1 0.621891	H@3 0.865672	H@5 0.935323	H@10 0.995025	H@20 1.000000	H@50 1.000000	H@100 1.000000
INFO:kbc-cli.py:Epoch 46/100	Loss 3.2544 ± 0.1295
INFO:kbc-cli.py:Epoch 47/100	Loss 3.2529 ± 0.1010
INFO:kbc-cli.py:Epoch 48/100	Loss 3.2496 ± 0.1141
INFO:kbc-cli.py:Epoch 48/100	dev results	MRR 0.771497	H@1 0.643216	H@3 0.881910	H@5 0.952261	H@10 1.000000	H@20 1.000000	H@50 1.000000	H@100 1.000000
INFO:kbc-cli.py:Epoch 48/100	test results	MRR 0.754119	H@1 0.621891	H@3 0.868159	H@5 0.935323	H@10 0.995025	H@20 1.000000	H@50 1.000000	H@100 1.000000
INFO:kbc-cli.py:Epoch 49/100	Loss 3.2475 ± 0.1361
INFO:kbc-cli.py:Epoch 50/100	Loss 3.2483 ± 0.1158
INFO:kbc-cli.py:Epoch 51/100	Loss 3.2461 ± 0.1116
INFO:kbc-cli.py:Epoch 51/100	dev results	MRR 0.774949	H@1 0.648241	H@3 0.884422	H@5 0.952261	H@10 1.000000	H@20 1.000000	H@50 1.000000	H@100 1.000000
INFO:kbc-cli.py:Epoch 51/100	test results	MRR 0.753076	H@1 0.621891	H@3 0.865672	H@5 0.937811	H@10 0.995025	H@20 1.000000	H@50 1.000000	H@100 1.000000
INFO:kbc-cli.py:Epoch 52/100	Loss 3.2440 ± 0.1395
INFO:kbc-cli.py:Epoch 53/100	Loss 3.2422 ± 0.1363
INFO:kbc-cli.py:Epoch 54/100	Loss 3.2411 ± 0.1559
INFO:kbc-cli.py:Epoch 54/100	dev results	MRR 0.770971	H@1 0.643216	H@3 0.879397	H@5 0.957286	H@10 1.000000	H@20 1.000000	H@50 1.000000	H@100 1.000000
INFO:kbc-cli.py:Epoch 54/100	test results	MRR 0.755519	H@1 0.626866	H@3 0.868159	H@5 0.935323	H@10 0.995025	H@20 1.000000	H@50 1.000000	H@100 1.000000
INFO:kbc-cli.py:Epoch 55/100	Loss 3.2394 ± 0.1416
INFO:kbc-cli.py:Epoch 56/100	Loss 3.2364 ± 0.1349
INFO:kbc-cli.py:Epoch 57/100	Loss 3.2366 ± 0.1204
INFO:kbc-cli.py:Epoch 57/100	dev results	MRR 0.772604	H@1 0.645729	H@3 0.879397	H@5 0.952261	H@10 1.000000	H@20 1.000000	H@50 1.000000	H@100 1.000000
INFO:kbc-cli.py:Epoch 57/100	test results	MRR 0.753663	H@1 0.624378	H@3 0.868159	H@5 0.937811	H@10 0.995025	H@20 1.000000	H@50 1.000000	H@100 1.000000
INFO:kbc-cli.py:Epoch 58/100	Loss 3.2359 ± 0.1217
INFO:kbc-cli.py:Epoch 59/100	Loss 3.2330 ± 0.0969
INFO:kbc-cli.py:Epoch 60/100	Loss 3.2319 ± 0.1072
INFO:kbc-cli.py:Epoch 60/100	dev results	MRR 0.770782	H@1 0.643216	H@3 0.881910	H@5 0.954774	H@10 1.000000	H@20 1.000000	H@50 1.000000	H@100 1.000000
INFO:kbc-cli.py:Epoch 60/100	test results	MRR 0.753332	H@1 0.624378	H@3 0.865672	H@5 0.937811	H@10 0.995025	H@20 1.000000	H@50 1.000000	H@100 1.000000
INFO:kbc-cli.py:Epoch 61/100	Loss 3.2322 ± 0.1271
INFO:kbc-cli.py:Epoch 62/100	Loss 3.2318 ± 0.1331
INFO:kbc-cli.py:Epoch 63/100	Loss 3.2299 ± 0.1093
INFO:kbc-cli.py:Epoch 63/100	dev results	MRR 0.769568	H@1 0.640704	H@3 0.879397	H@5 0.954774	H@10 1.000000	H@20 1.000000	H@50 1.000000	H@100 1.000000
INFO:kbc-cli.py:Epoch 63/100	test results	MRR 0.753000	H@1 0.624378	H@3 0.865672	H@5 0.940299	H@10 0.995025	H@20 1.000000	H@50 1.000000	H@100 1.000000
INFO:kbc-cli.py:Epoch 64/100	Loss 3.2284 ± 0.1385
INFO:kbc-cli.py:Epoch 65/100	Loss 3.2260 ± 0.1325
INFO:kbc-cli.py:Epoch 66/100	Loss 3.2255 ± 0.1214
INFO:kbc-cli.py:Epoch 66/100	dev results	MRR 0.772565	H@1 0.645729	H@3 0.879397	H@5 0.954774	H@10 1.000000	H@20 1.000000	H@50 1.000000	H@100 1.000000
INFO:kbc-cli.py:Epoch 66/100	test results	MRR 0.755774	H@1 0.626866	H@3 0.868159	H@5 0.940299	H@10 0.995025	H@20 1.000000	H@50 1.000000	H@100 1.000000
INFO:kbc-cli.py:Epoch 67/100	Loss 3.2245 ± 0.1190
INFO:kbc-cli.py:Epoch 68/100	Loss 3.2239 ± 0.1256
INFO:kbc-cli.py:Epoch 69/100	Loss 3.2214 ± 0.1246
INFO:kbc-cli.py:Epoch 69/100	dev results	MRR 0.771997	H@1 0.645729	H@3 0.876884	H@5 0.954774	H@10 1.000000	H@20 1.000000	H@50 1.000000	H@100 1.000000
INFO:kbc-cli.py:Epoch 69/100	test results	MRR 0.753577	H@1 0.624378	H@3 0.865672	H@5 0.942786	H@10 0.995025	H@20 1.000000	H@50 1.000000	H@100 1.000000
INFO:kbc-cli.py:Epoch 70/100	Loss 3.2218 ± 0.0902
INFO:kbc-cli.py:Epoch 71/100	Loss 3.2207 ± 0.1039
INFO:kbc-cli.py:Epoch 72/100	Loss 3.2193 ± 0.1461
INFO:kbc-cli.py:Epoch 72/100	dev results	MRR 0.770371	H@1 0.643216	H@3 0.876884	H@5 0.957286	H@10 1.000000	H@20 1.000000	H@50 1.000000	H@100 1.000000
INFO:kbc-cli.py:Epoch 72/100	test results	MRR 0.755857	H@1 0.629353	H@3 0.865672	H@5 0.940299	H@10 0.995025	H@20 1.000000	H@50 1.000000	H@100 1.000000
INFO:kbc-cli.py:Epoch 73/100	Loss 3.2180 ± 0.1112
INFO:kbc-cli.py:Epoch 74/100	Loss 3.2186 ± 0.1282
INFO:kbc-cli.py:Epoch 75/100	Loss 3.2176 ± 0.1174
INFO:kbc-cli.py:Epoch 75/100	dev results	MRR 0.770748	H@1 0.643216	H@3 0.879397	H@5 0.957286	H@10 1.000000	H@20 1.000000	H@50 1.000000	H@100 1.000000
INFO:kbc-cli.py:Epoch 75/100	test results	MRR 0.754903	H@1 0.626866	H@3 0.860697	H@5 0.940299	H@10 0.995025	H@20 1.000000	H@50 1.000000	H@100 1.000000
INFO:kbc-cli.py:Epoch 76/100	Loss 3.2165 ± 0.1183
INFO:kbc-cli.py:Epoch 77/100	Loss 3.2163 ± 0.1102
INFO:kbc-cli.py:Epoch 78/100	Loss 3.2148 ± 0.1066
INFO:kbc-cli.py:Epoch 78/100	dev results	MRR 0.774642	H@1 0.650754	H@3 0.879397	H@5 0.957286	H@10 1.000000	H@20 1.000000	H@50 1.000000	H@100 1.000000
INFO:kbc-cli.py:Epoch 78/100	test results	MRR 0.757012	H@1 0.631841	H@3 0.860697	H@5 0.940299	H@10 0.995025	H@20 1.000000	H@50 1.000000	H@100 1.000000
INFO:kbc-cli.py:Epoch 79/100	Loss 3.2138 ± 0.1043
INFO:kbc-cli.py:Epoch 80/100	Loss 3.2141 ± 0.1259
INFO:kbc-cli.py:Epoch 81/100	Loss 3.2123 ± 0.0960
INFO:kbc-cli.py:Epoch 81/100	dev results	MRR 0.769669	H@1 0.640704	H@3 0.881910	H@5 0.957286	H@10 1.000000	H@20 1.000000	H@50 1.000000	H@100 1.000000
INFO:kbc-cli.py:Epoch 81/100	test results	MRR 0.756304	H@1 0.629353	H@3 0.863184	H@5 0.942786	H@10 0.995025	H@20 1.000000	H@50 1.000000	H@100 1.000000
INFO:kbc-cli.py:Epoch 82/100	Loss 3.2118 ± 0.1162
INFO:kbc-cli.py:Epoch 83/100	Loss 3.2101 ± 0.0969
INFO:kbc-cli.py:Epoch 84/100	Loss 3.2104 ± 0.1261
INFO:kbc-cli.py:Epoch 84/100	dev results	MRR 0.769704	H@1 0.640704	H@3 0.881910	H@5 0.957286	H@10 1.000000	H@20 1.000000	H@50 1.000000	H@100 1.000000
INFO:kbc-cli.py:Epoch 84/100	test results	MRR 0.751210	H@1 0.619403	H@3 0.865672	H@5 0.942786	H@10 0.995025	H@20 1.000000	H@50 1.000000	H@100 1.000000
INFO:kbc-cli.py:Epoch 85/100	Loss 3.2102 ± 0.1425
INFO:kbc-cli.py:Epoch 86/100	Loss 3.2094 ± 0.0979
INFO:kbc-cli.py:Epoch 87/100	Loss 3.2098 ± 0.1181
INFO:kbc-cli.py:Epoch 87/100	dev results	MRR 0.771145	H@1 0.643216	H@3 0.881910	H@5 0.957286	H@10 1.000000	H@20 1.000000	H@50 1.000000	H@100 1.000000
INFO:kbc-cli.py:Epoch 87/100	test results	MRR 0.752026	H@1 0.621891	H@3 0.858209	H@5 0.940299	H@10 0.995025	H@20 1.000000	H@50 1.000000	H@100 1.000000
INFO:kbc-cli.py:Epoch 88/100	Loss 3.2082 ± 0.1027
INFO:kbc-cli.py:Epoch 89/100	Loss 3.2069 ± 0.1264
INFO:kbc-cli.py:Epoch 90/100	Loss 3.2059 ± 0.0904
INFO:kbc-cli.py:Epoch 90/100	dev results	MRR 0.769268	H@1 0.638191	H@3 0.886935	H@5 0.957286	H@10 1.000000	H@20 1.000000	H@50 1.000000	H@100 1.000000
INFO:kbc-cli.py:Epoch 90/100	test results	MRR 0.748678	H@1 0.614428	H@3 0.863184	H@5 0.940299	H@10 0.995025	H@20 1.000000	H@50 1.000000	H@100 1.000000
INFO:kbc-cli.py:Epoch 91/100	Loss 3.2058 ± 0.1036
INFO:kbc-cli.py:Epoch 92/100	Loss 3.2046 ± 0.0945
INFO:kbc-cli.py:Epoch 93/100	Loss 3.2040 ± 0.1270
INFO:kbc-cli.py:Epoch 93/100	dev results	MRR 0.766877	H@1 0.635678	H@3 0.879397	H@5 0.957286	H@10 1.000000	H@20 1.000000	H@50 1.000000	H@100 1.000000
INFO:kbc-cli.py:Epoch 93/100	test results	MRR 0.751190	H@1 0.619403	H@3 0.865672	H@5 0.940299	H@10 0.995025	H@20 1.000000	H@50 1.000000	H@100 1.000000
INFO:kbc-cli.py:Epoch 94/100	Loss 3.2034 ± 0.1134
INFO:kbc-cli.py:Epoch 95/100	Loss 3.2038 ± 0.1355
INFO:kbc-cli.py:Epoch 96/100	Loss 3.2021 ± 0.1278
INFO:kbc-cli.py:Epoch 96/100	dev results	MRR 0.768217	H@1 0.638191	H@3 0.881910	H@5 0.957286	H@10 1.000000	H@20 1.000000	H@50 1.000000	H@100 1.000000
INFO:kbc-cli.py:Epoch 96/100	test results	MRR 0.747849	H@1 0.614428	H@3 0.858209	H@5 0.940299	H@10 0.995025	H@20 1.000000	H@50 1.000000	H@100 1.000000
INFO:kbc-cli.py:Epoch 97/100	Loss 3.2028 ± 0.1200
INFO:kbc-cli.py:Epoch 98/100	Loss 3.2011 ± 0.1041
INFO:kbc-cli.py:Epoch 99/100	Loss 3.2006 ± 0.1147
INFO:kbc-cli.py:Epoch 99/100	dev results	MRR 0.769944	H@1 0.640704	H@3 0.884422	H@5 0.957286	H@10 1.000000	H@20 1.000000	H@50 1.000000	H@100 1.000000
INFO:kbc-cli.py:Epoch 99/100	test results	MRR 0.747472	H@1 0.611940	H@3 0.863184	H@5 0.940299	H@10 0.995025	H@20 1.000000	H@50 1.000000	H@100 1.000000
INFO:kbc-cli.py:Epoch 100/100	Loss 3.1999 ± 0.0966
INFO:kbc-cli.py:Final 	dev results	MRR 0.768409	H@1 0.638191	H@3 0.884422	H@5 0.957286	H@10 1.000000	H@20 1.000000	H@50 1.000000	H@100 1.000000
INFO:kbc-cli.py:Final 	test results	MRR 0.747058	H@1 0.611940	H@3 0.863184	H@5 0.940299	H@10 0.995025	H@20 1.000000	H@50 1.000000	H@100 1.000000
INFO:kbc-cli.py:Training finished
