./bin/kbc-cli.py --train data/umls/train.tsv --dev data/umls/dev.tsv --test data/umls/test.tsv -m complex -k 100 -b 10 -e 100 --F2 0 --N3 0.0005 -l 0.1 -I reciprocal -V 3 -o adagrad -c spo -q
{'F2': 0.0,
 'N3': 0.0005,
 'batch_size': 10,
 'corruption': 'spo',
 'dev': 'data/umls/dev.tsv',
 'embedding_size': 100,
 'epochs': 100,
 'eval_batch_size': None,
 'input_type': 'reciprocal',
 'learning_rate': 0.1,
 'load': None,
 'model': 'complex',
 'optimizer': 'adagrad',
 'quiet': True,
 'save': None,
 'seed': 0,
 'test': 'data/umls/test.tsv',
 'test_i': None,
 'test_ii': None,
 'train': 'data/umls/train.tsv',
 'validate_every': 3}
INFO:kbc-cli.py:Device: cuda
INFO:kbc-cli.py:Model state:
INFO:kbc-cli.py:	entities.weight	torch.Size([135, 200])
INFO:kbc-cli.py:	predicates.weight	torch.Size([92, 200])
INFO:kbc-cli.py:Epoch 1/100	Loss 9.2965 ± 2.1408
INFO:kbc-cli.py:Epoch 2/100	Loss 6.9162 ± 0.5987
INFO:kbc-cli.py:Epoch 3/100	Loss 6.5718 ± 0.5360
INFO:kbc-cli.py:Epoch 3/100	dev results	MRR 0.911288	H@1 0.849693	H@3 0.970859	H@5 0.980828	H@10 0.983896	H@20 0.993865	H@50 0.996166	H@100 0.999233
INFO:kbc-cli.py:Epoch 3/100	test results	MRR 0.912300	H@1 0.844932	H@3 0.978064	H@5 0.987141	H@10 0.995461	H@20 0.997731	H@50 0.998487	H@100 1.000000
INFO:kbc-cli.py:Epoch 4/100	Loss 6.4207 ± 0.5348
INFO:kbc-cli.py:Epoch 5/100	Loss 6.3271 ± 0.5052
INFO:kbc-cli.py:Epoch 6/100	Loss 6.2591 ± 0.5181
INFO:kbc-cli.py:Epoch 6/100	dev results	MRR 0.931091	H@1 0.884202	H@3 0.973926	H@5 0.982362	H@10 0.990031	H@20 0.993865	H@50 0.996933	H@100 1.000000
INFO:kbc-cli.py:Epoch 6/100	test results	MRR 0.936483	H@1 0.885779	H@3 0.988654	H@5 0.994705	H@10 0.996974	H@20 0.997731	H@50 0.998487	H@100 1.000000
INFO:kbc-cli.py:Epoch 7/100	Loss 6.2106 ± 0.5124
INFO:kbc-cli.py:Epoch 8/100	Loss 6.1717 ± 0.5315
INFO:kbc-cli.py:Epoch 9/100	Loss 6.1367 ± 0.5074
INFO:kbc-cli.py:Epoch 9/100	dev results	MRR 0.936299	H@1 0.893405	H@3 0.975460	H@5 0.983129	H@10 0.990031	H@20 0.993865	H@50 0.996933	H@100 1.000000
INFO:kbc-cli.py:Epoch 9/100	test results	MRR 0.948616	H@1 0.910741	H@3 0.986384	H@5 0.993192	H@10 0.996974	H@20 0.997731	H@50 0.999244	H@100 1.000000
INFO:kbc-cli.py:Epoch 10/100	Loss 6.1082 ± 0.5123
INFO:kbc-cli.py:Epoch 11/100	Loss 6.0856 ± 0.5196
INFO:kbc-cli.py:Epoch 12/100	Loss 6.0637 ± 0.5281
INFO:kbc-cli.py:Epoch 12/100	dev results	MRR 0.938693	H@1 0.899540	H@3 0.973926	H@5 0.983896	H@10 0.990031	H@20 0.993865	H@50 0.996166	H@100 1.000000
INFO:kbc-cli.py:Epoch 12/100	test results	MRR 0.949612	H@1 0.911498	H@3 0.986384	H@5 0.993949	H@10 0.997731	H@20 0.997731	H@50 0.999244	H@100 1.000000
INFO:kbc-cli.py:Epoch 13/100	Loss 6.0440 ± 0.4947
INFO:kbc-cli.py:Epoch 14/100	Loss 6.0282 ± 0.5034
INFO:kbc-cli.py:Epoch 15/100	Loss 6.0112 ± 0.5137
INFO:kbc-cli.py:Epoch 15/100	dev results	MRR 0.938016	H@1 0.897239	H@3 0.975460	H@5 0.983129	H@10 0.990031	H@20 0.993865	H@50 0.996166	H@100 1.000000
INFO:kbc-cli.py:Epoch 15/100	test results	MRR 0.948221	H@1 0.909228	H@3 0.984871	H@5 0.992436	H@10 0.996974	H@20 0.997731	H@50 1.000000	H@100 1.000000
INFO:kbc-cli.py:Epoch 16/100	Loss 5.9959 ± 0.4985
INFO:kbc-cli.py:Epoch 17/100	Loss 5.9848 ± 0.5064
INFO:kbc-cli.py:Epoch 18/100	Loss 5.9716 ± 0.4927
INFO:kbc-cli.py:Epoch 18/100	dev results	MRR 0.940097	H@1 0.901840	H@3 0.975460	H@5 0.981595	H@10 0.988497	H@20 0.993865	H@50 0.996166	H@100 1.000000
INFO:kbc-cli.py:Epoch 18/100	test results	MRR 0.949215	H@1 0.912254	H@3 0.985628	H@5 0.991679	H@10 0.996974	H@20 0.997731	H@50 1.000000	H@100 1.000000
INFO:kbc-cli.py:Epoch 19/100	Loss 5.9621 ± 0.5019
INFO:kbc-cli.py:Epoch 20/100	Loss 5.9500 ± 0.4973
INFO:kbc-cli.py:Epoch 21/100	Loss 5.9448 ± 0.5003
INFO:kbc-cli.py:Epoch 21/100	dev results	MRR 0.936677	H@1 0.895706	H@3 0.973160	H@5 0.981595	H@10 0.988497	H@20 0.993865	H@50 0.996166	H@100 1.000000
INFO:kbc-cli.py:Epoch 21/100	test results	MRR 0.946913	H@1 0.907716	H@3 0.985628	H@5 0.992436	H@10 0.996218	H@20 0.997731	H@50 1.000000	H@100 1.000000
INFO:kbc-cli.py:Epoch 22/100	Loss 5.9329 ± 0.4778
INFO:kbc-cli.py:Epoch 23/100	Loss 5.9253 ± 0.4878
INFO:kbc-cli.py:Epoch 24/100	Loss 5.9189 ± 0.4686
INFO:kbc-cli.py:Epoch 24/100	dev results	MRR 0.937710	H@1 0.898006	H@3 0.972393	H@5 0.981595	H@10 0.988497	H@20 0.993865	H@50 0.996933	H@100 0.999233
INFO:kbc-cli.py:Epoch 24/100	test results	MRR 0.949472	H@1 0.913011	H@3 0.985628	H@5 0.990923	H@10 0.996974	H@20 0.997731	H@50 1.000000	H@100 1.000000
INFO:kbc-cli.py:Epoch 25/100	Loss 5.9111 ± 0.4921
INFO:kbc-cli.py:Epoch 26/100	Loss 5.9046 ± 0.5174
INFO:kbc-cli.py:Epoch 27/100	Loss 5.8990 ± 0.4719
INFO:kbc-cli.py:Epoch 27/100	dev results	MRR 0.939223	H@1 0.901840	H@3 0.973926	H@5 0.980828	H@10 0.988497	H@20 0.993865	H@50 0.996166	H@100 1.000000
INFO:kbc-cli.py:Epoch 27/100	test results	MRR 0.948902	H@1 0.913011	H@3 0.983359	H@5 0.990923	H@10 0.996974	H@20 0.997731	H@50 1.000000	H@100 1.000000
INFO:kbc-cli.py:Epoch 28/100	Loss 5.8928 ± 0.4976
INFO:kbc-cli.py:Epoch 29/100	Loss 5.8874 ± 0.4910
INFO:kbc-cli.py:Epoch 30/100	Loss 5.8823 ± 0.4914
INFO:kbc-cli.py:Epoch 30/100	dev results	MRR 0.939020	H@1 0.901074	H@3 0.972393	H@5 0.981595	H@10 0.987730	H@20 0.993865	H@50 0.996933	H@100 1.000000
INFO:kbc-cli.py:Epoch 30/100	test results	MRR 0.950394	H@1 0.916793	H@3 0.983359	H@5 0.990923	H@10 0.996218	H@20 0.997731	H@50 1.000000	H@100 1.000000
INFO:kbc-cli.py:Epoch 31/100	Loss 5.8763 ± 0.4963
INFO:kbc-cli.py:Epoch 32/100	Loss 5.8717 ± 0.4941
INFO:kbc-cli.py:Epoch 33/100	Loss 5.8679 ± 0.4842
INFO:kbc-cli.py:Epoch 33/100	dev results	MRR 0.938409	H@1 0.900307	H@3 0.972393	H@5 0.979294	H@10 0.988497	H@20 0.993865	H@50 0.996166	H@100 1.000000
INFO:kbc-cli.py:Epoch 33/100	test results	MRR 0.948961	H@1 0.913767	H@3 0.981846	H@5 0.990923	H@10 0.996218	H@20 0.997731	H@50 1.000000	H@100 1.000000
INFO:kbc-cli.py:Epoch 34/100	Loss 5.8632 ± 0.4805
INFO:kbc-cli.py:Epoch 35/100	Loss 5.8608 ± 0.4684
INFO:kbc-cli.py:Epoch 36/100	Loss 5.8544 ± 0.4832
INFO:kbc-cli.py:Epoch 36/100	dev results	MRR 0.937098	H@1 0.897239	H@3 0.973926	H@5 0.979294	H@10 0.987730	H@20 0.993865	H@50 0.996166	H@100 1.000000
INFO:kbc-cli.py:Epoch 36/100	test results	MRR 0.948108	H@1 0.913011	H@3 0.980333	H@5 0.990923	H@10 0.996974	H@20 0.997731	H@50 1.000000	H@100 1.000000
INFO:kbc-cli.py:Epoch 37/100	Loss 5.8550 ± 0.4908
INFO:kbc-cli.py:Epoch 38/100	Loss 5.8477 ± 0.4840
INFO:kbc-cli.py:Epoch 39/100	Loss 5.8459 ± 0.4797
INFO:kbc-cli.py:Epoch 39/100	dev results	MRR 0.939522	H@1 0.902607	H@3 0.973926	H@5 0.979294	H@10 0.986963	H@20 0.993865	H@50 0.996166	H@100 1.000000
INFO:kbc-cli.py:Epoch 39/100	test results	MRR 0.947978	H@1 0.912254	H@3 0.981846	H@5 0.990166	H@10 0.996218	H@20 0.997731	H@50 1.000000	H@100 1.000000
INFO:kbc-cli.py:Epoch 40/100	Loss 5.8411 ± 0.4826
INFO:kbc-cli.py:Epoch 41/100	Loss 5.8376 ± 0.4847
INFO:kbc-cli.py:Epoch 42/100	Loss 5.8348 ± 0.4797
INFO:kbc-cli.py:Epoch 42/100	dev results	MRR 0.936977	H@1 0.898773	H@3 0.971626	H@5 0.979294	H@10 0.987730	H@20 0.993865	H@50 0.996166	H@100 0.999233
INFO:kbc-cli.py:Epoch 42/100	test results	MRR 0.948676	H@1 0.913767	H@3 0.981846	H@5 0.990166	H@10 0.996218	H@20 0.997731	H@50 1.000000	H@100 1.000000
INFO:kbc-cli.py:Epoch 43/100	Loss 5.8300 ± 0.4708
INFO:kbc-cli.py:Epoch 44/100	Loss 5.8294 ± 0.4968
INFO:kbc-cli.py:Epoch 45/100	Loss 5.8251 ± 0.4771
INFO:kbc-cli.py:Epoch 45/100	dev results	MRR 0.935142	H@1 0.894172	H@3 0.972393	H@5 0.979294	H@10 0.986963	H@20 0.993865	H@50 0.996166	H@100 1.000000
INFO:kbc-cli.py:Epoch 45/100	test results	MRR 0.947266	H@1 0.910741	H@3 0.979576	H@5 0.990166	H@10 0.996218	H@20 0.997731	H@50 1.000000	H@100 1.000000
INFO:kbc-cli.py:Epoch 46/100	Loss 5.8224 ± 0.4808
INFO:kbc-cli.py:Epoch 47/100	Loss 5.8218 ± 0.4922
INFO:kbc-cli.py:Epoch 48/100	Loss 5.8191 ± 0.4726
INFO:kbc-cli.py:Epoch 48/100	dev results	MRR 0.934279	H@1 0.893405	H@3 0.970859	H@5 0.980061	H@10 0.986963	H@20 0.993865	H@50 0.996166	H@100 1.000000
INFO:kbc-cli.py:Epoch 48/100	test results	MRR 0.945255	H@1 0.907716	H@3 0.978820	H@5 0.990166	H@10 0.996974	H@20 0.997731	H@50 1.000000	H@100 1.000000
INFO:kbc-cli.py:Epoch 49/100	Loss 5.8186 ± 0.4718
INFO:kbc-cli.py:Epoch 50/100	Loss 5.8125 ± 0.4684
INFO:kbc-cli.py:Epoch 51/100	Loss 5.8118 ± 0.4810
INFO:kbc-cli.py:Epoch 51/100	dev results	MRR 0.935829	H@1 0.896472	H@3 0.971626	H@5 0.978528	H@10 0.986963	H@20 0.993865	H@50 0.996933	H@100 0.999233
INFO:kbc-cli.py:Epoch 51/100	test results	MRR 0.947397	H@1 0.911498	H@3 0.978064	H@5 0.990166	H@10 0.996218	H@20 0.996974	H@50 1.000000	H@100 1.000000
INFO:kbc-cli.py:Epoch 52/100	Loss 5.8112 ± 0.4797
INFO:kbc-cli.py:Epoch 53/100	Loss 5.8069 ± 0.4678
INFO:kbc-cli.py:Epoch 54/100	Loss 5.8053 ± 0.4809
INFO:kbc-cli.py:Epoch 54/100	dev results	MRR 0.934814	H@1 0.895706	H@3 0.971626	H@5 0.979294	H@10 0.986196	H@20 0.993865	H@50 0.996933	H@100 1.000000
INFO:kbc-cli.py:Epoch 54/100	test results	MRR 0.946574	H@1 0.910741	H@3 0.976551	H@5 0.989410	H@10 0.996218	H@20 0.996974	H@50 1.000000	H@100 1.000000
INFO:kbc-cli.py:Epoch 55/100	Loss 5.8025 ± 0.4689
INFO:kbc-cli.py:Epoch 56/100	Loss 5.8005 ± 0.4629
INFO:kbc-cli.py:Epoch 57/100	Loss 5.7985 ± 0.4865
INFO:kbc-cli.py:Epoch 57/100	dev results	MRR 0.934102	H@1 0.894939	H@3 0.967791	H@5 0.979294	H@10 0.986963	H@20 0.993865	H@50 0.996166	H@100 0.999233
INFO:kbc-cli.py:Epoch 57/100	test results	MRR 0.946524	H@1 0.910741	H@3 0.977307	H@5 0.989410	H@10 0.995461	H@20 0.996974	H@50 1.000000	H@100 1.000000
INFO:kbc-cli.py:Epoch 58/100	Loss 5.7967 ± 0.4602
INFO:kbc-cli.py:Epoch 59/100	Loss 5.7973 ± 0.4835
INFO:kbc-cli.py:Epoch 60/100	Loss 5.7956 ± 0.4685
INFO:kbc-cli.py:Epoch 60/100	dev results	MRR 0.935965	H@1 0.898006	H@3 0.969325	H@5 0.979294	H@10 0.986196	H@20 0.993865	H@50 0.996933	H@100 1.000000
INFO:kbc-cli.py:Epoch 60/100	test results	MRR 0.946294	H@1 0.910741	H@3 0.977307	H@5 0.988654	H@10 0.995461	H@20 0.996974	H@50 1.000000	H@100 1.000000
INFO:kbc-cli.py:Epoch 61/100	Loss 5.7921 ± 0.4698
INFO:kbc-cli.py:Epoch 62/100	Loss 5.7918 ± 0.4832
INFO:kbc-cli.py:Epoch 63/100	Loss 5.7893 ± 0.4736
INFO:kbc-cli.py:Epoch 63/100	dev results	MRR 0.936579	H@1 0.899540	H@3 0.969325	H@5 0.979294	H@10 0.986196	H@20 0.993865	H@50 0.996933	H@100 1.000000
INFO:kbc-cli.py:Epoch 63/100	test results	MRR 0.944509	H@1 0.906959	H@3 0.976551	H@5 0.988654	H@10 0.995461	H@20 0.996974	H@50 1.000000	H@100 1.000000
INFO:kbc-cli.py:Epoch 64/100	Loss 5.7874 ± 0.4672
INFO:kbc-cli.py:Epoch 65/100	Loss 5.7871 ± 0.4676
INFO:kbc-cli.py:Epoch 66/100	Loss 5.7830 ± 0.4946
INFO:kbc-cli.py:Epoch 66/100	dev results	MRR 0.935396	H@1 0.897239	H@3 0.969325	H@5 0.979294	H@10 0.986196	H@20 0.993865	H@50 0.996933	H@100 1.000000
INFO:kbc-cli.py:Epoch 66/100	test results	MRR 0.944285	H@1 0.906959	H@3 0.975794	H@5 0.988654	H@10 0.996218	H@20 0.997731	H@50 1.000000	H@100 1.000000
INFO:kbc-cli.py:Epoch 67/100	Loss 5.7844 ± 0.4691
INFO:kbc-cli.py:Epoch 68/100	Loss 5.7828 ± 0.4767
INFO:kbc-cli.py:Epoch 69/100	Loss 5.7801 ± 0.4814
INFO:kbc-cli.py:Epoch 69/100	dev results	MRR 0.935525	H@1 0.897239	H@3 0.968558	H@5 0.979294	H@10 0.986963	H@20 0.993865	H@50 0.996933	H@100 1.000000
INFO:kbc-cli.py:Epoch 69/100	test results	MRR 0.944809	H@1 0.907716	H@3 0.978064	H@5 0.989410	H@10 0.995461	H@20 0.997731	H@50 1.000000	H@100 1.000000
INFO:kbc-cli.py:Epoch 70/100	Loss 5.7798 ± 0.4554
INFO:kbc-cli.py:Epoch 71/100	Loss 5.7785 ± 0.4667
INFO:kbc-cli.py:Epoch 72/100	Loss 5.7777 ± 0.4731
INFO:kbc-cli.py:Epoch 72/100	dev results	MRR 0.933194	H@1 0.893405	H@3 0.968558	H@5 0.978528	H@10 0.986963	H@20 0.993865	H@50 0.996933	H@100 1.000000
INFO:kbc-cli.py:Epoch 72/100	test results	MRR 0.943646	H@1 0.906203	H@3 0.975794	H@5 0.988654	H@10 0.995461	H@20 0.997731	H@50 1.000000	H@100 1.000000
INFO:kbc-cli.py:Epoch 73/100	Loss 5.7763 ± 0.4849
INFO:kbc-cli.py:Epoch 74/100	Loss 5.7747 ± 0.4715
INFO:kbc-cli.py:Epoch 75/100	Loss 5.7736 ± 0.4710
INFO:kbc-cli.py:Epoch 75/100	dev results	MRR 0.933953	H@1 0.894939	H@3 0.968558	H@5 0.978528	H@10 0.986963	H@20 0.993865	H@50 0.996933	H@100 1.000000
INFO:kbc-cli.py:Epoch 75/100	test results	MRR 0.942294	H@1 0.903177	H@3 0.976551	H@5 0.989410	H@10 0.996218	H@20 0.997731	H@50 1.000000	H@100 1.000000
INFO:kbc-cli.py:Epoch 76/100	Loss 5.7716 ± 0.4818
INFO:kbc-cli.py:Epoch 77/100	Loss 5.7701 ± 0.4715
INFO:kbc-cli.py:Epoch 78/100	Loss 5.7698 ± 0.4732
INFO:kbc-cli.py:Epoch 78/100	dev results	MRR 0.934863	H@1 0.896472	H@3 0.967025	H@5 0.978528	H@10 0.987730	H@20 0.993865	H@50 0.996933	H@100 1.000000
INFO:kbc-cli.py:Epoch 78/100	test results	MRR 0.942822	H@1 0.904690	H@3 0.976551	H@5 0.988654	H@10 0.995461	H@20 0.997731	H@50 1.000000	H@100 1.000000
INFO:kbc-cli.py:Epoch 79/100	Loss 5.7699 ± 0.4725
INFO:kbc-cli.py:Epoch 80/100	Loss 5.7669 ± 0.4686
INFO:kbc-cli.py:Epoch 81/100	Loss 5.7641 ± 0.4692
INFO:kbc-cli.py:Epoch 81/100	dev results	MRR 0.934850	H@1 0.897239	H@3 0.968558	H@5 0.978528	H@10 0.987730	H@20 0.993865	H@50 0.996933	H@100 1.000000
INFO:kbc-cli.py:Epoch 81/100	test results	MRR 0.943430	H@1 0.906203	H@3 0.975794	H@5 0.987897	H@10 0.996218	H@20 0.997731	H@50 1.000000	H@100 1.000000
INFO:kbc-cli.py:Epoch 82/100	Loss 5.7657 ± 0.4763
INFO:kbc-cli.py:Epoch 83/100	Loss 5.7627 ± 0.4700
INFO:kbc-cli.py:Epoch 84/100	Loss 5.7635 ± 0.4587
INFO:kbc-cli.py:Epoch 84/100	dev results	MRR 0.933893	H@1 0.894939	H@3 0.968558	H@5 0.978528	H@10 0.987730	H@20 0.993865	H@50 0.996933	H@100 1.000000
INFO:kbc-cli.py:Epoch 84/100	test results	MRR 0.942338	H@1 0.904690	H@3 0.975038	H@5 0.987897	H@10 0.995461	H@20 0.997731	H@50 1.000000	H@100 1.000000
INFO:kbc-cli.py:Epoch 85/100	Loss 5.7626 ± 0.4652
INFO:kbc-cli.py:Epoch 86/100	Loss 5.7613 ± 0.4721
INFO:kbc-cli.py:Epoch 87/100	Loss 5.7581 ± 0.4771
INFO:kbc-cli.py:Epoch 87/100	dev results	MRR 0.934122	H@1 0.896472	H@3 0.966258	H@5 0.978528	H@10 0.987730	H@20 0.993865	H@50 0.996933	H@100 1.000000
INFO:kbc-cli.py:Epoch 87/100	test results	MRR 0.942757	H@1 0.904690	H@3 0.975038	H@5 0.987897	H@10 0.995461	H@20 0.997731	H@50 1.000000	H@100 1.000000
INFO:kbc-cli.py:Epoch 88/100	Loss 5.7601 ± 0.4578
INFO:kbc-cli.py:Epoch 89/100	Loss 5.7580 ± 0.4718
INFO:kbc-cli.py:Epoch 90/100	Loss 5.7580 ± 0.4742
INFO:kbc-cli.py:Epoch 90/100	dev results	MRR 0.933603	H@1 0.894939	H@3 0.966258	H@5 0.978528	H@10 0.987730	H@20 0.993865	H@50 0.996933	H@100 1.000000
INFO:kbc-cli.py:Epoch 90/100	test results	MRR 0.942237	H@1 0.903933	H@3 0.975038	H@5 0.987897	H@10 0.996218	H@20 0.997731	H@50 1.000000	H@100 1.000000
INFO:kbc-cli.py:Epoch 91/100	Loss 5.7562 ± 0.4743
INFO:kbc-cli.py:Epoch 92/100	Loss 5.7557 ± 0.4861
INFO:kbc-cli.py:Epoch 93/100	Loss 5.7544 ± 0.4714
INFO:kbc-cli.py:Epoch 93/100	dev results	MRR 0.933805	H@1 0.895706	H@3 0.967025	H@5 0.978528	H@10 0.987730	H@20 0.993865	H@50 0.996933	H@100 1.000000
INFO:kbc-cli.py:Epoch 93/100	test results	MRR 0.940677	H@1 0.900908	H@3 0.975038	H@5 0.987897	H@10 0.995461	H@20 0.997731	H@50 1.000000	H@100 1.000000
INFO:kbc-cli.py:Epoch 94/100	Loss 5.7537 ± 0.4778
INFO:kbc-cli.py:Epoch 95/100	Loss 5.7538 ± 0.4691
INFO:kbc-cli.py:Epoch 96/100	Loss 5.7524 ± 0.4661
INFO:kbc-cli.py:Epoch 96/100	dev results	MRR 0.932980	H@1 0.894172	H@3 0.965491	H@5 0.978528	H@10 0.987730	H@20 0.993865	H@50 0.996933	H@100 1.000000
INFO:kbc-cli.py:Epoch 96/100	test results	MRR 0.942699	H@1 0.905446	H@3 0.975038	H@5 0.987141	H@10 0.996218	H@20 0.997731	H@50 1.000000	H@100 1.000000
INFO:kbc-cli.py:Epoch 97/100	Loss 5.7525 ± 0.4640
INFO:kbc-cli.py:Epoch 98/100	Loss 5.7504 ± 0.4557
INFO:kbc-cli.py:Epoch 99/100	Loss 5.7508 ± 0.4693
INFO:kbc-cli.py:Epoch 99/100	dev results	MRR 0.933613	H@1 0.895706	H@3 0.965491	H@5 0.978528	H@10 0.987730	H@20 0.993865	H@50 0.996933	H@100 1.000000
INFO:kbc-cli.py:Epoch 99/100	test results	MRR 0.941818	H@1 0.903933	H@3 0.974281	H@5 0.987897	H@10 0.996218	H@20 0.997731	H@50 1.000000	H@100 1.000000
INFO:kbc-cli.py:Epoch 100/100	Loss 5.7492 ± 0.4755
INFO:kbc-cli.py:Final 	dev results	MRR 0.932139	H@1 0.893405	H@3 0.965491	H@5 0.978528	H@10 0.987730	H@20 0.993865	H@50 0.996933	H@100 1.000000
INFO:kbc-cli.py:Final 	test results	MRR 0.941460	H@1 0.903177	H@3 0.974281	H@5 0.987897	H@10 0.996218	H@20 0.997731	H@50 1.000000	H@100 1.000000
INFO:kbc-cli.py:Training finished
