./bin/kbc-cli.py --train data/kinship/train.tsv --dev data/kinship/dev.tsv --test data/kinship/test.tsv -m complex -k 200 -b 500 -e 100 --F2 0 --N3 0.005 -l 0.1 -I standard -V 3 -o adagrad -c so -q
{'F2': 0.0,
 'N3': 0.005,
 'batch_size': 500,
 'corruption': 'so',
 'dev': 'data/kinship/dev.tsv',
 'embedding_size': 200,
 'epochs': 100,
 'eval_batch_size': None,
 'input_type': 'standard',
 'learning_rate': 0.1,
 'load': None,
 'model': 'complex',
 'optimizer': 'adagrad',
 'quiet': True,
 'save': None,
 'seed': 0,
 'test': 'data/kinship/test.tsv',
 'test_i': None,
 'test_ii': None,
 'train': 'data/kinship/train.tsv',
 'validate_every': 3}
INFO:kbc-cli.py:Device: cuda
INFO:kbc-cli.py:Model state:
INFO:kbc-cli.py:	entities.weight	torch.Size([104, 400])
INFO:kbc-cli.py:	predicates.weight	torch.Size([25, 400])
INFO:kbc-cli.py:Epoch 1/100	Loss 7.7975 ± 1.2010
INFO:kbc-cli.py:Epoch 2/100	Loss 5.8330 ± 0.0634
INFO:kbc-cli.py:Epoch 3/100	Loss 5.4980 ± 0.1133
INFO:kbc-cli.py:Epoch 3/100	dev results	MRR 0.800527	H@1 0.695693	H@3 0.890449	H@5 0.937266	H@10 0.970974	H@20 0.986423	H@50 0.991105	H@100 0.999532
INFO:kbc-cli.py:Epoch 3/100	test results	MRR 0.810987	H@1 0.708566	H@3 0.895717	H@5 0.945065	H@10 0.979981	H@20 0.992551	H@50 0.996276	H@100 1.000000
INFO:kbc-cli.py:Epoch 4/100	Loss 5.3062 ± 0.0934
INFO:kbc-cli.py:Epoch 5/100	Loss 5.2084 ± 0.1118
INFO:kbc-cli.py:Epoch 6/100	Loss 5.1229 ± 0.1031
INFO:kbc-cli.py:Epoch 6/100	dev results	MRR 0.839540	H@1 0.751873	H@3 0.920880	H@5 0.950375	H@10 0.976124	H@20 0.987360	H@50 0.990169	H@100 0.999532
INFO:kbc-cli.py:Epoch 6/100	test results	MRR 0.854430	H@1 0.774674	H@3 0.927840	H@5 0.959497	H@10 0.983240	H@20 0.992551	H@50 0.996741	H@100 0.999534
INFO:kbc-cli.py:Epoch 7/100	Loss 5.0725 ± 0.1253
INFO:kbc-cli.py:Epoch 8/100	Loss 5.0317 ± 0.1398
INFO:kbc-cli.py:Epoch 9/100	Loss 4.9776 ± 0.0905
INFO:kbc-cli.py:Epoch 9/100	dev results	MRR 0.850269	H@1 0.770599	H@3 0.921816	H@5 0.951779	H@10 0.976592	H@20 0.987360	H@50 0.990169	H@100 0.999532
INFO:kbc-cli.py:Epoch 9/100	test results	MRR 0.862361	H@1 0.784916	H@3 0.928305	H@5 0.960894	H@10 0.984171	H@20 0.993017	H@50 0.996741	H@100 0.999534
INFO:kbc-cli.py:Epoch 10/100	Loss 4.9379 ± 0.0973
INFO:kbc-cli.py:Epoch 11/100	Loss 4.9235 ± 0.0899
INFO:kbc-cli.py:Epoch 12/100	Loss 4.8974 ± 0.0871
INFO:kbc-cli.py:Epoch 12/100	dev results	MRR 0.854736	H@1 0.775749	H@3 0.928839	H@5 0.955056	H@10 0.976592	H@20 0.987828	H@50 0.991105	H@100 0.999532
INFO:kbc-cli.py:Epoch 12/100	test results	MRR 0.866896	H@1 0.792831	H@3 0.938082	H@5 0.965549	H@10 0.983240	H@20 0.993017	H@50 0.996741	H@100 1.000000
INFO:kbc-cli.py:Epoch 13/100	Loss 4.8754 ± 0.1094
INFO:kbc-cli.py:Epoch 14/100	Loss 4.8638 ± 0.1105
INFO:kbc-cli.py:Epoch 15/100	Loss 4.8407 ± 0.0802
INFO:kbc-cli.py:Epoch 15/100	dev results	MRR 0.860138	H@1 0.786517	H@3 0.921816	H@5 0.956929	H@10 0.977060	H@20 0.986891	H@50 0.990637	H@100 0.999532
INFO:kbc-cli.py:Epoch 15/100	test results	MRR 0.865339	H@1 0.788175	H@3 0.937616	H@5 0.964153	H@10 0.982309	H@20 0.992551	H@50 0.995810	H@100 1.000000
INFO:kbc-cli.py:Epoch 16/100	Loss 4.8414 ± 0.1352
INFO:kbc-cli.py:Epoch 17/100	Loss 4.7999 ± 0.0917
INFO:kbc-cli.py:Epoch 18/100	Loss 4.8046 ± 0.0989
INFO:kbc-cli.py:Epoch 18/100	dev results	MRR 0.856529	H@1 0.778090	H@3 0.926966	H@5 0.955993	H@10 0.977060	H@20 0.986891	H@50 0.991105	H@100 0.999532
INFO:kbc-cli.py:Epoch 18/100	test results	MRR 0.865605	H@1 0.790968	H@3 0.929702	H@5 0.963687	H@10 0.983240	H@20 0.993017	H@50 0.996276	H@100 1.000000
INFO:kbc-cli.py:Epoch 19/100	Loss 4.7964 ± 0.1046
INFO:kbc-cli.py:Epoch 20/100	Loss 4.7735 ± 0.0689
INFO:kbc-cli.py:Epoch 21/100	Loss 4.7815 ± 0.1143
INFO:kbc-cli.py:Epoch 21/100	dev results	MRR 0.861552	H@1 0.787921	H@3 0.926030	H@5 0.955524	H@10 0.977060	H@20 0.987360	H@50 0.991105	H@100 0.999532
INFO:kbc-cli.py:Epoch 21/100	test results	MRR 0.864931	H@1 0.786778	H@3 0.936220	H@5 0.966480	H@10 0.983240	H@20 0.992551	H@50 0.996276	H@100 1.000000
INFO:kbc-cli.py:Epoch 22/100	Loss 4.7529 ± 0.0894
INFO:kbc-cli.py:Epoch 23/100	Loss 4.7325 ± 0.1192
INFO:kbc-cli.py:Epoch 24/100	Loss 4.7446 ± 0.0718
INFO:kbc-cli.py:Epoch 24/100	dev results	MRR 0.862978	H@1 0.791199	H@3 0.928371	H@5 0.957865	H@10 0.976592	H@20 0.987828	H@50 0.990637	H@100 0.999532
INFO:kbc-cli.py:Epoch 24/100	test results	MRR 0.868662	H@1 0.796089	H@3 0.929236	H@5 0.966015	H@10 0.983240	H@20 0.992551	H@50 0.996276	H@100 1.000000
INFO:kbc-cli.py:Epoch 25/100	Loss 4.7363 ± 0.0826
INFO:kbc-cli.py:Epoch 26/100	Loss 4.7111 ± 0.1139
INFO:kbc-cli.py:Epoch 27/100	Loss 4.7266 ± 0.0825
INFO:kbc-cli.py:Epoch 27/100	dev results	MRR 0.858024	H@1 0.781835	H@3 0.926498	H@5 0.956461	H@10 0.975655	H@20 0.987828	H@50 0.991105	H@100 0.999532
INFO:kbc-cli.py:Epoch 27/100	test results	MRR 0.866164	H@1 0.791899	H@3 0.930633	H@5 0.961825	H@10 0.983706	H@20 0.993017	H@50 0.996276	H@100 1.000000
INFO:kbc-cli.py:Epoch 28/100	Loss 4.7104 ± 0.0813
INFO:kbc-cli.py:Epoch 29/100	Loss 4.7236 ± 0.1093
INFO:kbc-cli.py:Epoch 30/100	Loss 4.7051 ± 0.0938
INFO:kbc-cli.py:Epoch 30/100	dev results	MRR 0.858539	H@1 0.780431	H@3 0.927434	H@5 0.955993	H@10 0.975187	H@20 0.987360	H@50 0.991573	H@100 0.999532
INFO:kbc-cli.py:Epoch 30/100	test results	MRR 0.866704	H@1 0.793296	H@3 0.931099	H@5 0.962291	H@10 0.983240	H@20 0.993948	H@50 0.996276	H@100 1.000000
INFO:kbc-cli.py:Epoch 31/100	Loss 4.7057 ± 0.0790
INFO:kbc-cli.py:Epoch 32/100	Loss 4.6936 ± 0.0645
INFO:kbc-cli.py:Epoch 33/100	Loss 4.6964 ± 0.0820
INFO:kbc-cli.py:Epoch 33/100	dev results	MRR 0.858713	H@1 0.784176	H@3 0.921816	H@5 0.957397	H@10 0.976124	H@20 0.986423	H@50 0.991105	H@100 0.999532
INFO:kbc-cli.py:Epoch 33/100	test results	MRR 0.862464	H@1 0.783520	H@3 0.932495	H@5 0.962756	H@10 0.983706	H@20 0.993482	H@50 0.996276	H@100 1.000000
INFO:kbc-cli.py:Epoch 34/100	Loss 4.6986 ± 0.1066
INFO:kbc-cli.py:Epoch 35/100	Loss 4.6876 ± 0.0959
INFO:kbc-cli.py:Epoch 36/100	Loss 4.6716 ± 0.0626
INFO:kbc-cli.py:Epoch 36/100	dev results	MRR 0.855054	H@1 0.774345	H@3 0.928839	H@5 0.960674	H@10 0.974719	H@20 0.986423	H@50 0.992509	H@100 1.000000
INFO:kbc-cli.py:Epoch 36/100	test results	MRR 0.861940	H@1 0.785382	H@3 0.929702	H@5 0.960894	H@10 0.981844	H@20 0.993017	H@50 0.996276	H@100 1.000000
INFO:kbc-cli.py:Epoch 37/100	Loss 4.6819 ± 0.0920
INFO:kbc-cli.py:Epoch 38/100	Loss 4.6875 ± 0.1063
INFO:kbc-cli.py:Epoch 39/100	Loss 4.6735 ± 0.0788
INFO:kbc-cli.py:Epoch 39/100	dev results	MRR 0.856905	H@1 0.779494	H@3 0.925562	H@5 0.956929	H@10 0.975655	H@20 0.987360	H@50 0.992509	H@100 0.999532
INFO:kbc-cli.py:Epoch 39/100	test results	MRR 0.865713	H@1 0.788641	H@3 0.933426	H@5 0.964153	H@10 0.982775	H@20 0.993017	H@50 0.996276	H@100 1.000000
INFO:kbc-cli.py:Epoch 40/100	Loss 4.6445 ± 0.0988
INFO:kbc-cli.py:Epoch 41/100	Loss 4.6661 ± 0.0827
INFO:kbc-cli.py:Epoch 42/100	Loss 4.6457 ± 0.0810
INFO:kbc-cli.py:Epoch 42/100	dev results	MRR 0.855206	H@1 0.776217	H@3 0.926498	H@5 0.956929	H@10 0.976124	H@20 0.986891	H@50 0.992509	H@100 0.999532
INFO:kbc-cli.py:Epoch 42/100	test results	MRR 0.864619	H@1 0.790503	H@3 0.929702	H@5 0.961359	H@10 0.983240	H@20 0.993017	H@50 0.996276	H@100 1.000000
INFO:kbc-cli.py:Epoch 43/100	Loss 4.6474 ± 0.0758
INFO:kbc-cli.py:Epoch 44/100	Loss 4.6525 ± 0.0955
INFO:kbc-cli.py:Epoch 45/100	Loss 4.6410 ± 0.0762
INFO:kbc-cli.py:Epoch 45/100	dev results	MRR 0.856591	H@1 0.779494	H@3 0.923221	H@5 0.957865	H@10 0.976124	H@20 0.986423	H@50 0.993446	H@100 0.999532
INFO:kbc-cli.py:Epoch 45/100	test results	MRR 0.863295	H@1 0.787244	H@3 0.928305	H@5 0.959497	H@10 0.984171	H@20 0.993017	H@50 0.996276	H@100 1.000000
INFO:kbc-cli.py:Epoch 46/100	Loss 4.6533 ± 0.0848
INFO:kbc-cli.py:Epoch 47/100	Loss 4.6490 ± 0.0746
INFO:kbc-cli.py:Epoch 48/100	Loss 4.6437 ± 0.0678
INFO:kbc-cli.py:Epoch 48/100	dev results	MRR 0.855007	H@1 0.777622	H@3 0.925094	H@5 0.956929	H@10 0.974719	H@20 0.985487	H@50 0.992509	H@100 1.000000
INFO:kbc-cli.py:Epoch 48/100	test results	MRR 0.864212	H@1 0.789572	H@3 0.927374	H@5 0.962291	H@10 0.982775	H@20 0.993017	H@50 0.995810	H@100 1.000000
INFO:kbc-cli.py:Epoch 49/100	Loss 4.6330 ± 0.0665
INFO:kbc-cli.py:Epoch 50/100	Loss 4.6358 ± 0.0621
INFO:kbc-cli.py:Epoch 51/100	Loss 4.6242 ± 0.0545
INFO:kbc-cli.py:Epoch 51/100	dev results	MRR 0.854192	H@1 0.776685	H@3 0.926498	H@5 0.958801	H@10 0.975655	H@20 0.985955	H@50 0.992978	H@100 0.999532
INFO:kbc-cli.py:Epoch 51/100	test results	MRR 0.864096	H@1 0.788641	H@3 0.928305	H@5 0.962756	H@10 0.982775	H@20 0.993017	H@50 0.995810	H@100 1.000000
INFO:kbc-cli.py:Epoch 52/100	Loss 4.6233 ± 0.0504
INFO:kbc-cli.py:Epoch 53/100	Loss 4.6401 ± 0.1023
INFO:kbc-cli.py:Epoch 54/100	Loss 4.6098 ± 0.0959
INFO:kbc-cli.py:Epoch 54/100	dev results	MRR 0.855751	H@1 0.778558	H@3 0.925094	H@5 0.957865	H@10 0.975655	H@20 0.985955	H@50 0.992978	H@100 1.000000
INFO:kbc-cli.py:Epoch 54/100	test results	MRR 0.861275	H@1 0.782588	H@3 0.930633	H@5 0.960894	H@10 0.982309	H@20 0.993017	H@50 0.995810	H@100 1.000000
INFO:kbc-cli.py:Epoch 55/100	Loss 4.6309 ± 0.0855
INFO:kbc-cli.py:Epoch 56/100	Loss 4.6116 ± 0.0729
INFO:kbc-cli.py:Epoch 57/100	Loss 4.6187 ± 0.0669
INFO:kbc-cli.py:Epoch 57/100	dev results	MRR 0.855942	H@1 0.779494	H@3 0.921348	H@5 0.955056	H@10 0.976592	H@20 0.985955	H@50 0.992978	H@100 1.000000
INFO:kbc-cli.py:Epoch 57/100	test results	MRR 0.861626	H@1 0.785382	H@3 0.928305	H@5 0.958566	H@10 0.982309	H@20 0.993017	H@50 0.995810	H@100 1.000000
INFO:kbc-cli.py:Epoch 58/100	Loss 4.6179 ± 0.0664
INFO:kbc-cli.py:Epoch 59/100	Loss 4.6128 ± 0.0727
INFO:kbc-cli.py:Epoch 60/100	Loss 4.6149 ± 0.0816
INFO:kbc-cli.py:Epoch 60/100	dev results	MRR 0.855687	H@1 0.779494	H@3 0.924625	H@5 0.957397	H@10 0.976592	H@20 0.985955	H@50 0.992978	H@100 1.000000
INFO:kbc-cli.py:Epoch 60/100	test results	MRR 0.857366	H@1 0.775605	H@3 0.927374	H@5 0.960428	H@10 0.982775	H@20 0.993017	H@50 0.995810	H@100 1.000000
INFO:kbc-cli.py:Epoch 61/100	Loss 4.6212 ± 0.0783
INFO:kbc-cli.py:Epoch 62/100	Loss 4.6174 ± 0.0731
INFO:kbc-cli.py:Epoch 63/100	Loss 4.6068 ± 0.0673
INFO:kbc-cli.py:Epoch 63/100	dev results	MRR 0.854453	H@1 0.777154	H@3 0.920880	H@5 0.956461	H@10 0.976124	H@20 0.985955	H@50 0.992978	H@100 1.000000
INFO:kbc-cli.py:Epoch 63/100	test results	MRR 0.860412	H@1 0.783520	H@3 0.925047	H@5 0.960428	H@10 0.982309	H@20 0.993017	H@50 0.995810	H@100 1.000000
INFO:kbc-cli.py:Epoch 64/100	Loss 4.6157 ± 0.0705
INFO:kbc-cli.py:Epoch 65/100	Loss 4.6172 ± 0.0879
INFO:kbc-cli.py:Epoch 66/100	Loss 4.5985 ± 0.0572
INFO:kbc-cli.py:Epoch 66/100	dev results	MRR 0.849651	H@1 0.768258	H@3 0.920412	H@5 0.955524	H@10 0.976124	H@20 0.985955	H@50 0.992978	H@100 1.000000
INFO:kbc-cli.py:Epoch 66/100	test results	MRR 0.860294	H@1 0.782588	H@3 0.927840	H@5 0.961825	H@10 0.982309	H@20 0.993017	H@50 0.995810	H@100 1.000000
INFO:kbc-cli.py:Epoch 67/100	Loss 4.6024 ± 0.0487
INFO:kbc-cli.py:Epoch 68/100	Loss 4.6138 ± 0.0915
INFO:kbc-cli.py:Epoch 69/100	Loss 4.6066 ± 0.0639
INFO:kbc-cli.py:Epoch 69/100	dev results	MRR 0.851693	H@1 0.771067	H@3 0.921816	H@5 0.956461	H@10 0.975655	H@20 0.985955	H@50 0.992978	H@100 1.000000
INFO:kbc-cli.py:Epoch 69/100	test results	MRR 0.861236	H@1 0.783985	H@3 0.928771	H@5 0.961359	H@10 0.982775	H@20 0.993017	H@50 0.995810	H@100 1.000000
INFO:kbc-cli.py:Epoch 70/100	Loss 4.5937 ± 0.0775
INFO:kbc-cli.py:Epoch 71/100	Loss 4.6080 ± 0.0806
INFO:kbc-cli.py:Epoch 72/100	Loss 4.6051 ± 0.0724
INFO:kbc-cli.py:Epoch 72/100	dev results	MRR 0.852010	H@1 0.770599	H@3 0.925094	H@5 0.958801	H@10 0.975655	H@20 0.985955	H@50 0.992509	H@100 1.000000
INFO:kbc-cli.py:Epoch 72/100	test results	MRR 0.859794	H@1 0.781657	H@3 0.929702	H@5 0.961359	H@10 0.982775	H@20 0.993017	H@50 0.996276	H@100 1.000000
INFO:kbc-cli.py:Epoch 73/100	Loss 4.5942 ± 0.0391
INFO:kbc-cli.py:Epoch 74/100	Loss 4.5911 ± 0.0561
INFO:kbc-cli.py:Epoch 75/100	Loss 4.5988 ± 0.0634
INFO:kbc-cli.py:Epoch 75/100	dev results	MRR 0.852963	H@1 0.772940	H@3 0.924625	H@5 0.955993	H@10 0.975655	H@20 0.985955	H@50 0.992978	H@100 1.000000
INFO:kbc-cli.py:Epoch 75/100	test results	MRR 0.860083	H@1 0.782588	H@3 0.926443	H@5 0.960428	H@10 0.981378	H@20 0.993017	H@50 0.996276	H@100 1.000000
INFO:kbc-cli.py:Epoch 76/100	Loss 4.5871 ± 0.0832
INFO:kbc-cli.py:Epoch 77/100	Loss 4.5925 ± 0.0623
INFO:kbc-cli.py:Epoch 78/100	Loss 4.5828 ± 0.0512
INFO:kbc-cli.py:Epoch 78/100	dev results	MRR 0.851504	H@1 0.769195	H@3 0.926030	H@5 0.956461	H@10 0.975655	H@20 0.985955	H@50 0.992978	H@100 1.000000
INFO:kbc-cli.py:Epoch 78/100	test results	MRR 0.860265	H@1 0.783520	H@3 0.926909	H@5 0.961359	H@10 0.981378	H@20 0.993017	H@50 0.995810	H@100 1.000000
INFO:kbc-cli.py:Epoch 79/100	Loss 4.5919 ± 0.0582
INFO:kbc-cli.py:Epoch 80/100	Loss 4.5791 ± 0.0778
INFO:kbc-cli.py:Epoch 81/100	Loss 4.5942 ± 0.0747
INFO:kbc-cli.py:Epoch 81/100	dev results	MRR 0.853719	H@1 0.773876	H@3 0.925094	H@5 0.955993	H@10 0.975187	H@20 0.985955	H@50 0.993446	H@100 1.000000
INFO:kbc-cli.py:Epoch 81/100	test results	MRR 0.855866	H@1 0.776536	H@3 0.925512	H@5 0.961359	H@10 0.982309	H@20 0.993017	H@50 0.995810	H@100 1.000000
INFO:kbc-cli.py:Epoch 82/100	Loss 4.5903 ± 0.0569
INFO:kbc-cli.py:Epoch 83/100	Loss 4.5947 ± 0.0786
INFO:kbc-cli.py:Epoch 84/100	Loss 4.5975 ± 0.0944
INFO:kbc-cli.py:Epoch 84/100	dev results	MRR 0.850467	H@1 0.767790	H@3 0.925562	H@5 0.955524	H@10 0.975187	H@20 0.985955	H@50 0.993446	H@100 1.000000
INFO:kbc-cli.py:Epoch 84/100	test results	MRR 0.855316	H@1 0.775605	H@3 0.923184	H@5 0.958101	H@10 0.982309	H@20 0.993017	H@50 0.995810	H@100 1.000000
INFO:kbc-cli.py:Epoch 85/100	Loss 4.5779 ± 0.0606
INFO:kbc-cli.py:Epoch 86/100	Loss 4.5921 ± 0.0845
INFO:kbc-cli.py:Epoch 87/100	Loss 4.5794 ± 0.0541
INFO:kbc-cli.py:Epoch 87/100	dev results	MRR 0.853429	H@1 0.774345	H@3 0.925562	H@5 0.958801	H@10 0.975655	H@20 0.985955	H@50 0.992978	H@100 1.000000
INFO:kbc-cli.py:Epoch 87/100	test results	MRR 0.856042	H@1 0.776071	H@3 0.926443	H@5 0.959032	H@10 0.982309	H@20 0.993017	H@50 0.995810	H@100 1.000000
INFO:kbc-cli.py:Epoch 88/100	Loss 4.5952 ± 0.1016
INFO:kbc-cli.py:Epoch 89/100	Loss 4.5773 ± 0.0616
INFO:kbc-cli.py:Epoch 90/100	Loss 4.5810 ± 0.0537
INFO:kbc-cli.py:Epoch 90/100	dev results	MRR 0.849182	H@1 0.765918	H@3 0.922753	H@5 0.957865	H@10 0.975187	H@20 0.985955	H@50 0.992978	H@100 1.000000
INFO:kbc-cli.py:Epoch 90/100	test results	MRR 0.855933	H@1 0.775140	H@3 0.925978	H@5 0.960894	H@10 0.980912	H@20 0.993017	H@50 0.995810	H@100 1.000000
INFO:kbc-cli.py:Epoch 91/100	Loss 4.5739 ± 0.0747
INFO:kbc-cli.py:Epoch 92/100	Loss 4.5826 ± 0.0675
INFO:kbc-cli.py:Epoch 93/100	Loss 4.5794 ± 0.0667
INFO:kbc-cli.py:Epoch 93/100	dev results	MRR 0.848360	H@1 0.765449	H@3 0.921816	H@5 0.955524	H@10 0.975187	H@20 0.985955	H@50 0.992978	H@100 1.000000
INFO:kbc-cli.py:Epoch 93/100	test results	MRR 0.858775	H@1 0.779330	H@3 0.925978	H@5 0.959963	H@10 0.980447	H@20 0.993017	H@50 0.995810	H@100 1.000000
INFO:kbc-cli.py:Epoch 94/100	Loss 4.5675 ± 0.0620
INFO:kbc-cli.py:Epoch 95/100	Loss 4.5770 ± 0.0763
INFO:kbc-cli.py:Epoch 96/100	Loss 4.5740 ± 0.0693
INFO:kbc-cli.py:Epoch 96/100	dev results	MRR 0.849374	H@1 0.767322	H@3 0.923221	H@5 0.956461	H@10 0.975187	H@20 0.985487	H@50 0.992978	H@100 1.000000
INFO:kbc-cli.py:Epoch 96/100	test results	MRR 0.856285	H@1 0.775140	H@3 0.927840	H@5 0.961359	H@10 0.979516	H@20 0.993017	H@50 0.995810	H@100 1.000000
INFO:kbc-cli.py:Epoch 97/100	Loss 4.5829 ± 0.0795
INFO:kbc-cli.py:Epoch 98/100	Loss 4.5683 ± 0.0534
INFO:kbc-cli.py:Epoch 99/100	Loss 4.5753 ± 0.0757
INFO:kbc-cli.py:Epoch 99/100	dev results	MRR 0.850172	H@1 0.768258	H@3 0.921816	H@5 0.957865	H@10 0.974719	H@20 0.985487	H@50 0.992978	H@100 1.000000
INFO:kbc-cli.py:Epoch 99/100	test results	MRR 0.858017	H@1 0.778864	H@3 0.926443	H@5 0.960428	H@10 0.980912	H@20 0.993017	H@50 0.995810	H@100 1.000000
INFO:kbc-cli.py:Epoch 100/100	Loss 4.5680 ± 0.0554
INFO:kbc-cli.py:Final 	dev results	MRR 0.851023	H@1 0.769663	H@3 0.921348	H@5 0.958801	H@10 0.975655	H@20 0.985487	H@50 0.992978	H@100 1.000000
INFO:kbc-cli.py:Final 	test results	MRR 0.856979	H@1 0.777467	H@3 0.926909	H@5 0.959497	H@10 0.980912	H@20 0.993017	H@50 0.995810	H@100 1.000000
INFO:kbc-cli.py:Training finished
