./bin/kbc-cli.py --train data/kinship/train.tsv --dev data/kinship/dev.tsv --test data/kinship/test.tsv -m complex -k 500 -b 50 -e 100 --F2 0 --N3 0.0005 -l 0.1 -I reciprocal -V 3 -o adagrad -c spo -q
{'F2': 0.0,
 'N3': 0.0005,
 'batch_size': 50,
 'corruption': 'spo',
 'dev': 'data/kinship/dev.tsv',
 'embedding_size': 500,
 'epochs': 100,
 'eval_batch_size': None,
 'input_type': 'reciprocal',
 'learning_rate': 0.1,
 'load': None,
 'model': 'complex',
 'optimizer': 'adagrad',
 'quiet': True,
 'save': None,
 'seed': 0,
 'test': 'data/kinship/test.tsv',
 'test_i': None,
 'test_ii': None,
 'train': 'data/kinship/train.tsv',
 'validate_every': 3}
INFO:kbc-cli.py:Device: cuda
INFO:kbc-cli.py:Model state:
INFO:kbc-cli.py:	entities.weight	torch.Size([104, 1000])
INFO:kbc-cli.py:	predicates.weight	torch.Size([50, 1000])
INFO:kbc-cli.py:Epoch 1/100	Loss 8.9301 ± 2.0513
INFO:kbc-cli.py:Epoch 2/100	Loss 6.0926 ± 0.2934
INFO:kbc-cli.py:Epoch 3/100	Loss 5.7113 ± 0.3055
INFO:kbc-cli.py:Epoch 3/100	dev results	MRR 0.876272	H@1 0.806648	H@3 0.939607	H@5 0.965356	H@10 0.981273	H@20 0.988296	H@50 0.994382	H@100 1.000000
INFO:kbc-cli.py:Epoch 3/100	test results	MRR 0.876883	H@1 0.805866	H@3 0.941341	H@5 0.968808	H@10 0.988361	H@20 0.993482	H@50 0.997207	H@100 1.000000
INFO:kbc-cli.py:Epoch 4/100	Loss 5.5164 ± 0.2984
INFO:kbc-cli.py:Epoch 5/100	Loss 5.3946 ± 0.3026
INFO:kbc-cli.py:Epoch 6/100	Loss 5.3107 ± 0.2725
INFO:kbc-cli.py:Epoch 6/100	dev results	MRR 0.886296	H@1 0.823502	H@3 0.941948	H@5 0.965824	H@10 0.979869	H@20 0.987828	H@50 0.994850	H@100 1.000000
INFO:kbc-cli.py:Epoch 6/100	test results	MRR 0.878036	H@1 0.806331	H@3 0.942272	H@5 0.967877	H@10 0.986965	H@20 0.994413	H@50 0.997207	H@100 1.000000
INFO:kbc-cli.py:Epoch 7/100	Loss 5.2478 ± 0.2600
INFO:kbc-cli.py:Epoch 8/100	Loss 5.2004 ± 0.2666
INFO:kbc-cli.py:Epoch 9/100	Loss 5.1626 ± 0.2518
INFO:kbc-cli.py:Epoch 9/100	dev results	MRR 0.888239	H@1 0.825843	H@3 0.944288	H@5 0.967228	H@10 0.980337	H@20 0.988296	H@50 0.994850	H@100 1.000000
INFO:kbc-cli.py:Epoch 9/100	test results	MRR 0.884484	H@1 0.818436	H@3 0.943203	H@5 0.969739	H@10 0.986965	H@20 0.993948	H@50 0.997207	H@100 1.000000
INFO:kbc-cli.py:Epoch 10/100	Loss 5.1305 ± 0.2642
INFO:kbc-cli.py:Epoch 11/100	Loss 5.1025 ± 0.2616
INFO:kbc-cli.py:Epoch 12/100	Loss 5.0785 ± 0.2467
INFO:kbc-cli.py:Epoch 12/100	dev results	MRR 0.884837	H@1 0.819757	H@3 0.947097	H@5 0.965356	H@10 0.979869	H@20 0.987360	H@50 0.994850	H@100 1.000000
INFO:kbc-cli.py:Epoch 12/100	test results	MRR 0.882094	H@1 0.813315	H@3 0.940875	H@5 0.968343	H@10 0.986965	H@20 0.994413	H@50 0.997207	H@100 1.000000
INFO:kbc-cli.py:Epoch 13/100	Loss 5.0580 ± 0.2376
INFO:kbc-cli.py:Epoch 14/100	Loss 5.0401 ± 0.2389
INFO:kbc-cli.py:Epoch 15/100	Loss 5.0234 ± 0.2283
INFO:kbc-cli.py:Epoch 15/100	dev results	MRR 0.889528	H@1 0.827247	H@3 0.945693	H@5 0.966760	H@10 0.979401	H@20 0.988296	H@50 0.994850	H@100 1.000000
INFO:kbc-cli.py:Epoch 15/100	test results	MRR 0.883494	H@1 0.815642	H@3 0.942737	H@5 0.966946	H@10 0.986965	H@20 0.994413	H@50 0.997207	H@100 1.000000
INFO:kbc-cli.py:Epoch 16/100	Loss 5.0086 ± 0.2229
INFO:kbc-cli.py:Epoch 17/100	Loss 4.9955 ± 0.2117
INFO:kbc-cli.py:Epoch 18/100	Loss 4.9836 ± 0.2231
INFO:kbc-cli.py:Epoch 18/100	dev results	MRR 0.886677	H@1 0.822566	H@3 0.943820	H@5 0.967697	H@10 0.980805	H@20 0.988296	H@50 0.994850	H@100 1.000000
INFO:kbc-cli.py:Epoch 18/100	test results	MRR 0.881801	H@1 0.811453	H@3 0.943203	H@5 0.969274	H@10 0.986965	H@20 0.994413	H@50 0.997207	H@100 1.000000
INFO:kbc-cli.py:Epoch 19/100	Loss 4.9723 ± 0.2275
INFO:kbc-cli.py:Epoch 20/100	Loss 4.9623 ± 0.2128
INFO:kbc-cli.py:Epoch 21/100	Loss 4.9532 ± 0.2161
INFO:kbc-cli.py:Epoch 21/100	dev results	MRR 0.888209	H@1 0.825375	H@3 0.943820	H@5 0.967228	H@10 0.980805	H@20 0.987828	H@50 0.994850	H@100 1.000000
INFO:kbc-cli.py:Epoch 21/100	test results	MRR 0.881367	H@1 0.811918	H@3 0.945531	H@5 0.968808	H@10 0.986965	H@20 0.994413	H@50 0.997207	H@100 1.000000
INFO:kbc-cli.py:Epoch 22/100	Loss 4.9436 ± 0.2168
INFO:kbc-cli.py:Epoch 23/100	Loss 4.9351 ± 0.2148
INFO:kbc-cli.py:Epoch 24/100	Loss 4.9279 ± 0.2053
INFO:kbc-cli.py:Epoch 24/100	dev results	MRR 0.887752	H@1 0.823970	H@3 0.944757	H@5 0.967697	H@10 0.979869	H@20 0.988296	H@50 0.994850	H@100 1.000000
INFO:kbc-cli.py:Epoch 24/100	test results	MRR 0.881239	H@1 0.810521	H@3 0.944134	H@5 0.968343	H@10 0.986965	H@20 0.994413	H@50 0.997207	H@100 1.000000
INFO:kbc-cli.py:Epoch 25/100	Loss 4.9208 ± 0.2036
INFO:kbc-cli.py:Epoch 26/100	Loss 4.9137 ± 0.2073
INFO:kbc-cli.py:Epoch 27/100	Loss 4.9075 ± 0.1982
INFO:kbc-cli.py:Epoch 27/100	dev results	MRR 0.887947	H@1 0.824438	H@3 0.943352	H@5 0.968633	H@10 0.980337	H@20 0.987828	H@50 0.994382	H@100 1.000000
INFO:kbc-cli.py:Epoch 27/100	test results	MRR 0.879294	H@1 0.806331	H@3 0.943669	H@5 0.968343	H@10 0.987430	H@20 0.993948	H@50 0.997207	H@100 1.000000
INFO:kbc-cli.py:Epoch 28/100	Loss 4.9018 ± 0.1958
INFO:kbc-cli.py:Epoch 29/100	Loss 4.8966 ± 0.1978
INFO:kbc-cli.py:Epoch 30/100	Loss 4.8905 ± 0.2148
INFO:kbc-cli.py:Epoch 30/100	dev results	MRR 0.885111	H@1 0.819757	H@3 0.943352	H@5 0.966760	H@10 0.980337	H@20 0.988296	H@50 0.994382	H@100 1.000000
INFO:kbc-cli.py:Epoch 30/100	test results	MRR 0.879578	H@1 0.808194	H@3 0.944600	H@5 0.967877	H@10 0.987896	H@20 0.993948	H@50 0.997207	H@100 1.000000
INFO:kbc-cli.py:Epoch 31/100	Loss 4.8860 ± 0.2048
INFO:kbc-cli.py:Epoch 32/100	Loss 4.8812 ± 0.1999
INFO:kbc-cli.py:Epoch 33/100	Loss 4.8762 ± 0.1964
INFO:kbc-cli.py:Epoch 33/100	dev results	MRR 0.883218	H@1 0.816479	H@3 0.945225	H@5 0.965824	H@10 0.980337	H@20 0.987828	H@50 0.994382	H@100 1.000000
INFO:kbc-cli.py:Epoch 33/100	test results	MRR 0.880017	H@1 0.808659	H@3 0.944600	H@5 0.968343	H@10 0.988361	H@20 0.993948	H@50 0.997207	H@100 1.000000
INFO:kbc-cli.py:Epoch 34/100	Loss 4.8719 ± 0.1872
INFO:kbc-cli.py:Epoch 35/100	Loss 4.8677 ± 0.1814
INFO:kbc-cli.py:Epoch 36/100	Loss 4.8627 ± 0.1816
INFO:kbc-cli.py:Epoch 36/100	dev results	MRR 0.885399	H@1 0.819288	H@3 0.943820	H@5 0.966760	H@10 0.980337	H@20 0.987828	H@50 0.994382	H@100 1.000000
INFO:kbc-cli.py:Epoch 36/100	test results	MRR 0.877841	H@1 0.804004	H@3 0.945531	H@5 0.967412	H@10 0.988827	H@20 0.993948	H@50 0.997207	H@100 1.000000
INFO:kbc-cli.py:Epoch 37/100	Loss 4.8593 ± 0.1883
INFO:kbc-cli.py:Epoch 38/100	Loss 4.8554 ± 0.1861
INFO:kbc-cli.py:Epoch 39/100	Loss 4.8519 ± 0.1931
INFO:kbc-cli.py:Epoch 39/100	dev results	MRR 0.885640	H@1 0.819757	H@3 0.943352	H@5 0.966760	H@10 0.980805	H@20 0.987828	H@50 0.994850	H@100 1.000000
INFO:kbc-cli.py:Epoch 39/100	test results	MRR 0.878502	H@1 0.804004	H@3 0.946462	H@5 0.968343	H@10 0.987430	H@20 0.993948	H@50 0.997207	H@100 1.000000
INFO:kbc-cli.py:Epoch 40/100	Loss 4.8479 ± 0.1976
INFO:kbc-cli.py:Epoch 41/100	Loss 4.8460 ± 0.1809
INFO:kbc-cli.py:Epoch 42/100	Loss 4.8415 ± 0.1790
INFO:kbc-cli.py:Epoch 42/100	dev results	MRR 0.884668	H@1 0.818820	H@3 0.942884	H@5 0.968165	H@10 0.981273	H@20 0.987828	H@50 0.994850	H@100 1.000000
INFO:kbc-cli.py:Epoch 42/100	test results	MRR 0.877554	H@1 0.802607	H@3 0.945531	H@5 0.968808	H@10 0.988361	H@20 0.993948	H@50 0.997207	H@100 1.000000
INFO:kbc-cli.py:Epoch 43/100	Loss 4.8386 ± 0.1920
INFO:kbc-cli.py:Epoch 44/100	Loss 4.8361 ± 0.1941
INFO:kbc-cli.py:Epoch 45/100	Loss 4.8325 ± 0.1819
INFO:kbc-cli.py:Epoch 45/100	dev results	MRR 0.885015	H@1 0.818820	H@3 0.943352	H@5 0.967228	H@10 0.981742	H@20 0.988296	H@50 0.994850	H@100 1.000000
INFO:kbc-cli.py:Epoch 45/100	test results	MRR 0.877299	H@1 0.802607	H@3 0.945065	H@5 0.969274	H@10 0.988361	H@20 0.993948	H@50 0.997207	H@100 1.000000
INFO:kbc-cli.py:Epoch 46/100	Loss 4.8303 ± 0.2018
INFO:kbc-cli.py:Epoch 47/100	Loss 4.8275 ± 0.1789
INFO:kbc-cli.py:Epoch 48/100	Loss 4.8248 ± 0.1960
INFO:kbc-cli.py:Epoch 48/100	dev results	MRR 0.884538	H@1 0.818352	H@3 0.942884	H@5 0.967228	H@10 0.981273	H@20 0.987828	H@50 0.994850	H@100 1.000000
INFO:kbc-cli.py:Epoch 48/100	test results	MRR 0.880297	H@1 0.808659	H@3 0.945065	H@5 0.969274	H@10 0.986965	H@20 0.993948	H@50 0.997207	H@100 1.000000
INFO:kbc-cli.py:Epoch 49/100	Loss 4.8216 ± 0.1882
INFO:kbc-cli.py:Epoch 50/100	Loss 4.8195 ± 0.1943
INFO:kbc-cli.py:Epoch 51/100	Loss 4.8176 ± 0.1788
INFO:kbc-cli.py:Epoch 51/100	dev results	MRR 0.885499	H@1 0.819757	H@3 0.943820	H@5 0.967697	H@10 0.981273	H@20 0.987828	H@50 0.994382	H@100 1.000000
INFO:kbc-cli.py:Epoch 51/100	test results	MRR 0.876907	H@1 0.801676	H@3 0.945065	H@5 0.968343	H@10 0.987430	H@20 0.993948	H@50 0.997207	H@100 1.000000
INFO:kbc-cli.py:Epoch 52/100	Loss 4.8147 ± 0.1803
INFO:kbc-cli.py:Epoch 53/100	Loss 4.8129 ± 0.1783
INFO:kbc-cli.py:Epoch 54/100	Loss 4.8104 ± 0.1760
INFO:kbc-cli.py:Epoch 54/100	dev results	MRR 0.884987	H@1 0.819288	H@3 0.943820	H@5 0.965824	H@10 0.981273	H@20 0.987828	H@50 0.994850	H@100 1.000000
INFO:kbc-cli.py:Epoch 54/100	test results	MRR 0.876671	H@1 0.802607	H@3 0.944134	H@5 0.968808	H@10 0.987896	H@20 0.993948	H@50 0.997207	H@100 1.000000
INFO:kbc-cli.py:Epoch 55/100	Loss 4.8087 ± 0.1908
INFO:kbc-cli.py:Epoch 56/100	Loss 4.8062 ± 0.1737
INFO:kbc-cli.py:Epoch 57/100	Loss 4.8041 ± 0.1795
INFO:kbc-cli.py:Epoch 57/100	dev results	MRR 0.885885	H@1 0.820693	H@3 0.944288	H@5 0.965824	H@10 0.981742	H@20 0.987828	H@50 0.994850	H@100 1.000000
INFO:kbc-cli.py:Epoch 57/100	test results	MRR 0.878722	H@1 0.805400	H@3 0.945065	H@5 0.967877	H@10 0.988827	H@20 0.993948	H@50 0.997207	H@100 1.000000
INFO:kbc-cli.py:Epoch 58/100	Loss 4.8026 ± 0.1886
INFO:kbc-cli.py:Epoch 59/100	Loss 4.8003 ± 0.1826
INFO:kbc-cli.py:Epoch 60/100	Loss 4.7982 ± 0.1806
INFO:kbc-cli.py:Epoch 60/100	dev results	MRR 0.884993	H@1 0.819288	H@3 0.942416	H@5 0.966292	H@10 0.981273	H@20 0.987828	H@50 0.994382	H@100 1.000000
INFO:kbc-cli.py:Epoch 60/100	test results	MRR 0.875617	H@1 0.799814	H@3 0.944600	H@5 0.968343	H@10 0.987896	H@20 0.993948	H@50 0.997207	H@100 1.000000
INFO:kbc-cli.py:Epoch 61/100	Loss 4.7967 ± 0.1787
INFO:kbc-cli.py:Epoch 62/100	Loss 4.7946 ± 0.1759
INFO:kbc-cli.py:Epoch 63/100	Loss 4.7930 ± 0.1729
INFO:kbc-cli.py:Epoch 63/100	dev results	MRR 0.883989	H@1 0.816948	H@3 0.944288	H@5 0.966760	H@10 0.981273	H@20 0.987828	H@50 0.994850	H@100 1.000000
INFO:kbc-cli.py:Epoch 63/100	test results	MRR 0.878182	H@1 0.804469	H@3 0.946462	H@5 0.968343	H@10 0.988361	H@20 0.993948	H@50 0.997207	H@100 1.000000
INFO:kbc-cli.py:Epoch 64/100	Loss 4.7909 ± 0.1716
INFO:kbc-cli.py:Epoch 65/100	Loss 4.7896 ± 0.1725
INFO:kbc-cli.py:Epoch 66/100	Loss 4.7876 ± 0.1773
INFO:kbc-cli.py:Epoch 66/100	dev results	MRR 0.885278	H@1 0.820225	H@3 0.942884	H@5 0.966760	H@10 0.981273	H@20 0.987828	H@50 0.994850	H@100 1.000000
INFO:kbc-cli.py:Epoch 66/100	test results	MRR 0.874629	H@1 0.798883	H@3 0.943203	H@5 0.967412	H@10 0.988361	H@20 0.993948	H@50 0.997207	H@100 1.000000
INFO:kbc-cli.py:Epoch 67/100	Loss 4.7862 ± 0.1766
INFO:kbc-cli.py:Epoch 68/100	Loss 4.7849 ± 0.1763
INFO:kbc-cli.py:Epoch 69/100	Loss 4.7835 ± 0.1656
INFO:kbc-cli.py:Epoch 69/100	dev results	MRR 0.883803	H@1 0.816948	H@3 0.942416	H@5 0.967697	H@10 0.981273	H@20 0.987828	H@50 0.995318	H@100 1.000000
INFO:kbc-cli.py:Epoch 69/100	test results	MRR 0.877222	H@1 0.803073	H@3 0.943203	H@5 0.968343	H@10 0.987896	H@20 0.993948	H@50 0.997207	H@100 1.000000
INFO:kbc-cli.py:Epoch 70/100	Loss 4.7819 ± 0.1828
INFO:kbc-cli.py:Epoch 71/100	Loss 4.7800 ± 0.1740
INFO:kbc-cli.py:Epoch 72/100	Loss 4.7792 ± 0.1670
INFO:kbc-cli.py:Epoch 72/100	dev results	MRR 0.883887	H@1 0.816479	H@3 0.945693	H@5 0.966760	H@10 0.981742	H@20 0.987828	H@50 0.994850	H@100 1.000000
INFO:kbc-cli.py:Epoch 72/100	test results	MRR 0.877109	H@1 0.802607	H@3 0.944600	H@5 0.968808	H@10 0.987896	H@20 0.993948	H@50 0.997207	H@100 1.000000
INFO:kbc-cli.py:Epoch 73/100	Loss 4.7780 ± 0.1700
INFO:kbc-cli.py:Epoch 74/100	Loss 4.7761 ± 0.1763
INFO:kbc-cli.py:Epoch 75/100	Loss 4.7748 ± 0.1724
INFO:kbc-cli.py:Epoch 75/100	dev results	MRR 0.883701	H@1 0.816479	H@3 0.944288	H@5 0.967228	H@10 0.981742	H@20 0.987828	H@50 0.994850	H@100 1.000000
INFO:kbc-cli.py:Epoch 75/100	test results	MRR 0.875191	H@1 0.798883	H@3 0.944600	H@5 0.968808	H@10 0.988827	H@20 0.993948	H@50 0.997207	H@100 1.000000
INFO:kbc-cli.py:Epoch 76/100	Loss 4.7736 ± 0.1651
INFO:kbc-cli.py:Epoch 77/100	Loss 4.7724 ± 0.1745
INFO:kbc-cli.py:Epoch 78/100	Loss 4.7707 ± 0.1614
INFO:kbc-cli.py:Epoch 78/100	dev results	MRR 0.884240	H@1 0.816948	H@3 0.944757	H@5 0.966760	H@10 0.981273	H@20 0.987828	H@50 0.995318	H@100 1.000000
INFO:kbc-cli.py:Epoch 78/100	test results	MRR 0.874805	H@1 0.798417	H@3 0.945531	H@5 0.967877	H@10 0.987896	H@20 0.993948	H@50 0.997207	H@100 1.000000
INFO:kbc-cli.py:Epoch 79/100	Loss 4.7695 ± 0.1726
INFO:kbc-cli.py:Epoch 80/100	Loss 4.7683 ± 0.1857
INFO:kbc-cli.py:Epoch 81/100	Loss 4.7675 ± 0.1768
INFO:kbc-cli.py:Epoch 81/100	dev results	MRR 0.881495	H@1 0.811798	H@3 0.944757	H@5 0.966760	H@10 0.981742	H@20 0.987360	H@50 0.994850	H@100 1.000000
INFO:kbc-cli.py:Epoch 81/100	test results	MRR 0.876057	H@1 0.800745	H@3 0.946462	H@5 0.968343	H@10 0.987896	H@20 0.993948	H@50 0.997207	H@100 1.000000
INFO:kbc-cli.py:Epoch 82/100	Loss 4.7660 ± 0.1645
INFO:kbc-cli.py:Epoch 83/100	Loss 4.7651 ± 0.1829
INFO:kbc-cli.py:Epoch 84/100	Loss 4.7637 ± 0.1618
INFO:kbc-cli.py:Epoch 84/100	dev results	MRR 0.883164	H@1 0.815075	H@3 0.944757	H@5 0.965824	H@10 0.981742	H@20 0.987828	H@50 0.994850	H@100 1.000000
INFO:kbc-cli.py:Epoch 84/100	test results	MRR 0.875282	H@1 0.799814	H@3 0.944600	H@5 0.968343	H@10 0.987896	H@20 0.993948	H@50 0.997207	H@100 1.000000
INFO:kbc-cli.py:Epoch 85/100	Loss 4.7626 ± 0.1771
INFO:kbc-cli.py:Epoch 86/100	Loss 4.7618 ± 0.1707
INFO:kbc-cli.py:Epoch 87/100	Loss 4.7603 ± 0.1844
INFO:kbc-cli.py:Epoch 87/100	dev results	MRR 0.882706	H@1 0.814139	H@3 0.944757	H@5 0.966760	H@10 0.981742	H@20 0.987360	H@50 0.995318	H@100 1.000000
INFO:kbc-cli.py:Epoch 87/100	test results	MRR 0.873606	H@1 0.795624	H@3 0.945065	H@5 0.968343	H@10 0.988827	H@20 0.993948	H@50 0.997207	H@100 1.000000
INFO:kbc-cli.py:Epoch 88/100	Loss 4.7598 ± 0.1553
INFO:kbc-cli.py:Epoch 89/100	Loss 4.7583 ± 0.1638
INFO:kbc-cli.py:Epoch 90/100	Loss 4.7572 ± 0.1671
INFO:kbc-cli.py:Epoch 90/100	dev results	MRR 0.881482	H@1 0.812734	H@3 0.944288	H@5 0.966292	H@10 0.981742	H@20 0.987360	H@50 0.994850	H@100 1.000000
INFO:kbc-cli.py:Epoch 90/100	test results	MRR 0.874998	H@1 0.798417	H@3 0.947393	H@5 0.968343	H@10 0.988361	H@20 0.993948	H@50 0.997207	H@100 1.000000
INFO:kbc-cli.py:Epoch 91/100	Loss 4.7560 ± 0.1684
INFO:kbc-cli.py:Epoch 92/100	Loss 4.7555 ± 0.1824
INFO:kbc-cli.py:Epoch 93/100	Loss 4.7540 ± 0.1643
INFO:kbc-cli.py:Epoch 93/100	dev results	MRR 0.883269	H@1 0.816011	H@3 0.942884	H@5 0.966292	H@10 0.981742	H@20 0.987360	H@50 0.994850	H@100 1.000000
INFO:kbc-cli.py:Epoch 93/100	test results	MRR 0.874367	H@1 0.797020	H@3 0.946462	H@5 0.968343	H@10 0.988361	H@20 0.993948	H@50 0.997207	H@100 1.000000
INFO:kbc-cli.py:Epoch 94/100	Loss 4.7530 ± 0.1626
INFO:kbc-cli.py:Epoch 95/100	Loss 4.7524 ± 0.1779
INFO:kbc-cli.py:Epoch 96/100	Loss 4.7511 ± 0.1651
INFO:kbc-cli.py:Epoch 96/100	dev results	MRR 0.882368	H@1 0.814139	H@3 0.942884	H@5 0.965824	H@10 0.981742	H@20 0.987360	H@50 0.994382	H@100 1.000000
INFO:kbc-cli.py:Epoch 96/100	test results	MRR 0.875340	H@1 0.800279	H@3 0.943669	H@5 0.968343	H@10 0.988361	H@20 0.993948	H@50 0.997207	H@100 1.000000
INFO:kbc-cli.py:Epoch 97/100	Loss 4.7503 ± 0.1660
INFO:kbc-cli.py:Epoch 98/100	Loss 4.7495 ± 0.1784
INFO:kbc-cli.py:Epoch 99/100	Loss 4.7488 ± 0.1717
INFO:kbc-cli.py:Epoch 99/100	dev results	MRR 0.881450	H@1 0.812266	H@3 0.945225	H@5 0.965356	H@10 0.981742	H@20 0.987360	H@50 0.994382	H@100 1.000000
INFO:kbc-cli.py:Epoch 99/100	test results	MRR 0.873869	H@1 0.796555	H@3 0.944600	H@5 0.968808	H@10 0.988361	H@20 0.993948	H@50 0.997207	H@100 1.000000
INFO:kbc-cli.py:Epoch 100/100	Loss 4.7478 ± 0.1575
INFO:kbc-cli.py:Final 	dev results	MRR 0.881474	H@1 0.812266	H@3 0.944288	H@5 0.965356	H@10 0.981742	H@20 0.987360	H@50 0.994382	H@100 1.000000
INFO:kbc-cli.py:Final 	test results	MRR 0.874866	H@1 0.797952	H@3 0.947393	H@5 0.968343	H@10 0.988827	H@20 0.993948	H@50 0.997207	H@100 1.000000
INFO:kbc-cli.py:Training finished
