./bin/kbc-cli.py --train data/kinship/train.tsv --dev data/kinship/dev.tsv --test data/kinship/test.tsv -m complex -k 200 -b 500 -e 100 --F2 0 --N3 0.05 -l 0.1 -I reciprocal -V 3 -o adagrad -c so -q
{'F2': 0.0,
 'N3': 0.05,
 'batch_size': 500,
 'corruption': 'so',
 'dev': 'data/kinship/dev.tsv',
 'embedding_size': 200,
 'epochs': 100,
 'eval_batch_size': None,
 'input_type': 'reciprocal',
 'learning_rate': 0.1,
 'load': None,
 'model': 'complex',
 'optimizer': 'adagrad',
 'quiet': True,
 'save': None,
 'seed': 0,
 'test': 'data/kinship/test.tsv',
 'test_i': None,
 'test_ii': None,
 'train': 'data/kinship/train.tsv',
 'validate_every': 3}
INFO:kbc-cli.py:Device: cuda
INFO:kbc-cli.py:Model state:
INFO:kbc-cli.py:	entities.weight	torch.Size([104, 400])
INFO:kbc-cli.py:	predicates.weight	torch.Size([50, 400])
INFO:kbc-cli.py:Epoch 1/100	Loss 7.6735 ± 1.0421
INFO:kbc-cli.py:Epoch 2/100	Loss 6.6738 ± 0.0546
INFO:kbc-cli.py:Epoch 3/100	Loss 6.5758 ± 0.0634
INFO:kbc-cli.py:Epoch 3/100	dev results	MRR 0.769365	H@1 0.648408	H@3 0.867978	H@5 0.926498	H@10 0.970974	H@20 0.984551	H@50 0.991573	H@100 1.000000
INFO:kbc-cli.py:Epoch 3/100	test results	MRR 0.761053	H@1 0.634078	H@3 0.871508	H@5 0.931564	H@10 0.977188	H@20 0.993017	H@50 0.996741	H@100 1.000000
INFO:kbc-cli.py:Epoch 4/100	Loss 6.5334 ± 0.0603
INFO:kbc-cli.py:Epoch 5/100	Loss 6.4994 ± 0.0660
INFO:kbc-cli.py:Epoch 6/100	Loss 6.4879 ± 0.0626
INFO:kbc-cli.py:Epoch 6/100	dev results	MRR 0.809256	H@1 0.705056	H@3 0.898876	H@5 0.938670	H@10 0.977060	H@20 0.983146	H@50 0.991105	H@100 1.000000
INFO:kbc-cli.py:Epoch 6/100	test results	MRR 0.811290	H@1 0.708566	H@3 0.897579	H@5 0.939013	H@10 0.975326	H@20 0.993017	H@50 0.996741	H@100 1.000000
INFO:kbc-cli.py:Epoch 7/100	Loss 6.4662 ± 0.0634
INFO:kbc-cli.py:Epoch 8/100	Loss 6.4557 ± 0.0547
INFO:kbc-cli.py:Epoch 9/100	Loss 6.4497 ± 0.0596
INFO:kbc-cli.py:Epoch 9/100	dev results	MRR 0.825675	H@1 0.730337	H@3 0.907772	H@5 0.948502	H@10 0.976592	H@20 0.985019	H@50 0.991573	H@100 1.000000
INFO:kbc-cli.py:Epoch 9/100	test results	MRR 0.837425	H@1 0.750931	H@3 0.908752	H@5 0.943669	H@10 0.977654	H@20 0.993482	H@50 0.997207	H@100 1.000000
INFO:kbc-cli.py:Epoch 10/100	Loss 6.4339 ± 0.0709
INFO:kbc-cli.py:Epoch 11/100	Loss 6.4311 ± 0.0629
INFO:kbc-cli.py:Epoch 12/100	Loss 6.4245 ± 0.0626
INFO:kbc-cli.py:Epoch 12/100	dev results	MRR 0.827290	H@1 0.731273	H@3 0.911985	H@5 0.950843	H@10 0.976592	H@20 0.984082	H@50 0.991105	H@100 1.000000
INFO:kbc-cli.py:Epoch 12/100	test results	MRR 0.833885	H@1 0.743482	H@3 0.910615	H@5 0.948790	H@10 0.980447	H@20 0.993017	H@50 0.996741	H@100 1.000000
INFO:kbc-cli.py:Epoch 13/100	Loss 6.4227 ± 0.0688
INFO:kbc-cli.py:Epoch 14/100	Loss 6.4159 ± 0.0599
INFO:kbc-cli.py:Epoch 15/100	Loss 6.4156 ± 0.0715
INFO:kbc-cli.py:Epoch 15/100	dev results	MRR 0.838394	H@1 0.750000	H@3 0.915262	H@5 0.952247	H@10 0.977060	H@20 0.985487	H@50 0.991105	H@100 1.000000
INFO:kbc-cli.py:Epoch 15/100	test results	MRR 0.846418	H@1 0.764432	H@3 0.916201	H@5 0.951117	H@10 0.979981	H@20 0.994413	H@50 0.997672	H@100 1.000000
INFO:kbc-cli.py:Epoch 16/100	Loss 6.4093 ± 0.0682
INFO:kbc-cli.py:Epoch 17/100	Loss 6.4021 ± 0.0599
INFO:kbc-cli.py:Epoch 18/100	Loss 6.3998 ± 0.0634
INFO:kbc-cli.py:Epoch 18/100	dev results	MRR 0.840241	H@1 0.750936	H@3 0.917135	H@5 0.955993	H@10 0.977060	H@20 0.986423	H@50 0.991105	H@100 1.000000
INFO:kbc-cli.py:Epoch 18/100	test results	MRR 0.847604	H@1 0.764898	H@3 0.921322	H@5 0.954376	H@10 0.979516	H@20 0.993482	H@50 0.996741	H@100 1.000000
INFO:kbc-cli.py:Epoch 19/100	Loss 6.4003 ± 0.0802
INFO:kbc-cli.py:Epoch 20/100	Loss 6.3944 ± 0.0605
INFO:kbc-cli.py:Epoch 21/100	Loss 6.3872 ± 0.0614
INFO:kbc-cli.py:Epoch 21/100	dev results	MRR 0.845057	H@1 0.760768	H@3 0.915730	H@5 0.952715	H@10 0.977060	H@20 0.986891	H@50 0.991105	H@100 1.000000
INFO:kbc-cli.py:Epoch 21/100	test results	MRR 0.846659	H@1 0.763035	H@3 0.917598	H@5 0.953445	H@10 0.981378	H@20 0.993482	H@50 0.996741	H@100 1.000000
INFO:kbc-cli.py:Epoch 22/100	Loss 6.3935 ± 0.0776
INFO:kbc-cli.py:Epoch 23/100	Loss 6.3844 ± 0.0546
INFO:kbc-cli.py:Epoch 24/100	Loss 6.3899 ± 0.0753
INFO:kbc-cli.py:Epoch 24/100	dev results	MRR 0.844370	H@1 0.757959	H@3 0.920880	H@5 0.952715	H@10 0.977528	H@20 0.986423	H@50 0.990169	H@100 1.000000
INFO:kbc-cli.py:Epoch 24/100	test results	MRR 0.848685	H@1 0.765829	H@3 0.919460	H@5 0.954376	H@10 0.980447	H@20 0.993482	H@50 0.996741	H@100 1.000000
INFO:kbc-cli.py:Epoch 25/100	Loss 6.3816 ± 0.0343
INFO:kbc-cli.py:Epoch 26/100	Loss 6.3808 ± 0.0556
INFO:kbc-cli.py:Epoch 27/100	Loss 6.3767 ± 0.0586
INFO:kbc-cli.py:Epoch 27/100	dev results	MRR 0.841230	H@1 0.751404	H@3 0.919944	H@5 0.951779	H@10 0.977060	H@20 0.985955	H@50 0.990637	H@100 1.000000
INFO:kbc-cli.py:Epoch 27/100	test results	MRR 0.847757	H@1 0.763501	H@3 0.920857	H@5 0.956704	H@10 0.980912	H@20 0.993482	H@50 0.996741	H@100 1.000000
INFO:kbc-cli.py:Epoch 28/100	Loss 6.3762 ± 0.0478
INFO:kbc-cli.py:Epoch 29/100	Loss 6.3777 ± 0.0513
INFO:kbc-cli.py:Epoch 30/100	Loss 6.3711 ± 0.0551
INFO:kbc-cli.py:Epoch 30/100	dev results	MRR 0.846946	H@1 0.762172	H@3 0.921348	H@5 0.952247	H@10 0.977060	H@20 0.985955	H@50 0.990637	H@100 1.000000
INFO:kbc-cli.py:Epoch 30/100	test results	MRR 0.850138	H@1 0.768622	H@3 0.920391	H@5 0.956704	H@10 0.981378	H@20 0.993482	H@50 0.996741	H@100 1.000000
INFO:kbc-cli.py:Epoch 31/100	Loss 6.3725 ± 0.0603
INFO:kbc-cli.py:Epoch 32/100	Loss 6.3690 ± 0.0607
INFO:kbc-cli.py:Epoch 33/100	Loss 6.3670 ± 0.0485
INFO:kbc-cli.py:Epoch 33/100	dev results	MRR 0.849448	H@1 0.765918	H@3 0.924625	H@5 0.948502	H@10 0.977060	H@20 0.985955	H@50 0.990169	H@100 1.000000
INFO:kbc-cli.py:Epoch 33/100	test results	MRR 0.854963	H@1 0.777002	H@3 0.924115	H@5 0.954842	H@10 0.980447	H@20 0.993482	H@50 0.996741	H@100 1.000000
INFO:kbc-cli.py:Epoch 34/100	Loss 6.3698 ± 0.0521
INFO:kbc-cli.py:Epoch 35/100	Loss 6.3684 ± 0.0469
INFO:kbc-cli.py:Epoch 36/100	Loss 6.3653 ± 0.0527
INFO:kbc-cli.py:Epoch 36/100	dev results	MRR 0.847478	H@1 0.762172	H@3 0.924625	H@5 0.954120	H@10 0.977528	H@20 0.986891	H@50 0.990637	H@100 1.000000
INFO:kbc-cli.py:Epoch 36/100	test results	MRR 0.850431	H@1 0.769088	H@3 0.920857	H@5 0.954842	H@10 0.981844	H@20 0.993482	H@50 0.996741	H@100 1.000000
INFO:kbc-cli.py:Epoch 37/100	Loss 6.3635 ± 0.0469
INFO:kbc-cli.py:Epoch 38/100	Loss 6.3621 ± 0.0598
INFO:kbc-cli.py:Epoch 39/100	Loss 6.3669 ± 0.0622
INFO:kbc-cli.py:Epoch 39/100	dev results	MRR 0.850797	H@1 0.769663	H@3 0.925094	H@5 0.952247	H@10 0.977060	H@20 0.986423	H@50 0.990637	H@100 1.000000
INFO:kbc-cli.py:Epoch 39/100	test results	MRR 0.850908	H@1 0.769553	H@3 0.919926	H@5 0.956704	H@10 0.980447	H@20 0.993482	H@50 0.996741	H@100 1.000000
INFO:kbc-cli.py:Epoch 40/100	Loss 6.3651 ± 0.0550
INFO:kbc-cli.py:Epoch 41/100	Loss 6.3642 ± 0.0571
INFO:kbc-cli.py:Epoch 42/100	Loss 6.3605 ± 0.0476
INFO:kbc-cli.py:Epoch 42/100	dev results	MRR 0.852057	H@1 0.772004	H@3 0.922285	H@5 0.954588	H@10 0.976592	H@20 0.986423	H@50 0.990169	H@100 1.000000
INFO:kbc-cli.py:Epoch 42/100	test results	MRR 0.851937	H@1 0.769088	H@3 0.923184	H@5 0.956238	H@10 0.980912	H@20 0.993948	H@50 0.996741	H@100 1.000000
INFO:kbc-cli.py:Epoch 43/100	Loss 6.3597 ± 0.0509
INFO:kbc-cli.py:Epoch 44/100	Loss 6.3595 ± 0.0510
INFO:kbc-cli.py:Epoch 45/100	Loss 6.3617 ± 0.0624
INFO:kbc-cli.py:Epoch 45/100	dev results	MRR 0.847248	H@1 0.763109	H@3 0.922285	H@5 0.955056	H@10 0.976592	H@20 0.986423	H@50 0.990637	H@100 1.000000
INFO:kbc-cli.py:Epoch 45/100	test results	MRR 0.849435	H@1 0.764898	H@3 0.922719	H@5 0.957635	H@10 0.980912	H@20 0.993482	H@50 0.996741	H@100 1.000000
INFO:kbc-cli.py:Epoch 46/100	Loss 6.3616 ± 0.0654
INFO:kbc-cli.py:Epoch 47/100	Loss 6.3536 ± 0.0578
INFO:kbc-cli.py:Epoch 48/100	Loss 6.3560 ± 0.0469
INFO:kbc-cli.py:Epoch 48/100	dev results	MRR 0.853861	H@1 0.772940	H@3 0.926966	H@5 0.955524	H@10 0.977060	H@20 0.986423	H@50 0.990169	H@100 1.000000
INFO:kbc-cli.py:Epoch 48/100	test results	MRR 0.852416	H@1 0.770484	H@3 0.923184	H@5 0.956238	H@10 0.979981	H@20 0.993482	H@50 0.996741	H@100 1.000000
INFO:kbc-cli.py:Epoch 49/100	Loss 6.3566 ± 0.0551
INFO:kbc-cli.py:Epoch 50/100	Loss 6.3536 ± 0.0418
INFO:kbc-cli.py:Epoch 51/100	Loss 6.3520 ± 0.0513
INFO:kbc-cli.py:Epoch 51/100	dev results	MRR 0.850405	H@1 0.766386	H@3 0.926498	H@5 0.955524	H@10 0.977060	H@20 0.986423	H@50 0.990169	H@100 1.000000
INFO:kbc-cli.py:Epoch 51/100	test results	MRR 0.849501	H@1 0.763966	H@3 0.922719	H@5 0.959032	H@10 0.979981	H@20 0.993482	H@50 0.996741	H@100 1.000000
INFO:kbc-cli.py:Epoch 52/100	Loss 6.3574 ± 0.0649
INFO:kbc-cli.py:Epoch 53/100	Loss 6.3550 ± 0.0589
INFO:kbc-cli.py:Epoch 54/100	Loss 6.3528 ± 0.0497
INFO:kbc-cli.py:Epoch 54/100	dev results	MRR 0.856828	H@1 0.778090	H@3 0.925562	H@5 0.956929	H@10 0.977060	H@20 0.986423	H@50 0.990169	H@100 1.000000
INFO:kbc-cli.py:Epoch 54/100	test results	MRR 0.852922	H@1 0.770950	H@3 0.921322	H@5 0.957169	H@10 0.980912	H@20 0.993948	H@50 0.996741	H@100 1.000000
INFO:kbc-cli.py:Epoch 55/100	Loss 6.3521 ± 0.0616
INFO:kbc-cli.py:Epoch 56/100	Loss 6.3511 ± 0.0505
INFO:kbc-cli.py:Epoch 57/100	Loss 6.3490 ± 0.0550
INFO:kbc-cli.py:Epoch 57/100	dev results	MRR 0.852674	H@1 0.770131	H@3 0.924157	H@5 0.955524	H@10 0.977060	H@20 0.986891	H@50 0.990169	H@100 1.000000
INFO:kbc-cli.py:Epoch 57/100	test results	MRR 0.853434	H@1 0.771881	H@3 0.923650	H@5 0.957169	H@10 0.979981	H@20 0.993482	H@50 0.997207	H@100 1.000000
INFO:kbc-cli.py:Epoch 58/100	Loss 6.3463 ± 0.0574
INFO:kbc-cli.py:Epoch 59/100	Loss 6.3468 ± 0.0493
INFO:kbc-cli.py:Epoch 60/100	Loss 6.3501 ± 0.0544
INFO:kbc-cli.py:Epoch 60/100	dev results	MRR 0.852175	H@1 0.770131	H@3 0.929307	H@5 0.956461	H@10 0.977060	H@20 0.987360	H@50 0.990169	H@100 1.000000
INFO:kbc-cli.py:Epoch 60/100	test results	MRR 0.855305	H@1 0.774674	H@3 0.924581	H@5 0.958101	H@10 0.981378	H@20 0.993482	H@50 0.996741	H@100 1.000000
INFO:kbc-cli.py:Epoch 61/100	Loss 6.3472 ± 0.0541
INFO:kbc-cli.py:Epoch 62/100	Loss 6.3501 ± 0.0586
INFO:kbc-cli.py:Epoch 63/100	Loss 6.3473 ± 0.0394
INFO:kbc-cli.py:Epoch 63/100	dev results	MRR 0.854243	H@1 0.773408	H@3 0.928839	H@5 0.955993	H@10 0.976592	H@20 0.986891	H@50 0.990169	H@100 1.000000
INFO:kbc-cli.py:Epoch 63/100	test results	MRR 0.853869	H@1 0.772346	H@3 0.924115	H@5 0.959032	H@10 0.980447	H@20 0.993482	H@50 0.996741	H@100 1.000000
INFO:kbc-cli.py:Epoch 64/100	Loss 6.3438 ± 0.0423
INFO:kbc-cli.py:Epoch 65/100	Loss 6.3494 ± 0.0645
INFO:kbc-cli.py:Epoch 66/100	Loss 6.3458 ± 0.0514
INFO:kbc-cli.py:Epoch 66/100	dev results	MRR 0.856066	H@1 0.777622	H@3 0.927903	H@5 0.954588	H@10 0.977060	H@20 0.986423	H@50 0.990169	H@100 1.000000
INFO:kbc-cli.py:Epoch 66/100	test results	MRR 0.859021	H@1 0.782588	H@3 0.921788	H@5 0.957635	H@10 0.979981	H@20 0.993482	H@50 0.996741	H@100 1.000000
INFO:kbc-cli.py:Epoch 67/100	Loss 6.3452 ± 0.0534
INFO:kbc-cli.py:Epoch 68/100	Loss 6.3438 ± 0.0455
INFO:kbc-cli.py:Epoch 69/100	Loss 6.3452 ± 0.0495
INFO:kbc-cli.py:Epoch 69/100	dev results	MRR 0.856593	H@1 0.777622	H@3 0.929307	H@5 0.955993	H@10 0.977528	H@20 0.986423	H@50 0.990169	H@100 1.000000
INFO:kbc-cli.py:Epoch 69/100	test results	MRR 0.855231	H@1 0.775140	H@3 0.923184	H@5 0.957169	H@10 0.979981	H@20 0.993482	H@50 0.997672	H@100 1.000000
INFO:kbc-cli.py:Epoch 70/100	Loss 6.3444 ± 0.0482
INFO:kbc-cli.py:Epoch 71/100	Loss 6.3413 ± 0.0532
INFO:kbc-cli.py:Epoch 72/100	Loss 6.3475 ± 0.0654
INFO:kbc-cli.py:Epoch 72/100	dev results	MRR 0.856380	H@1 0.778090	H@3 0.927903	H@5 0.954588	H@10 0.977996	H@20 0.986423	H@50 0.990169	H@100 1.000000
INFO:kbc-cli.py:Epoch 72/100	test results	MRR 0.855770	H@1 0.776536	H@3 0.924115	H@5 0.958566	H@10 0.979981	H@20 0.993482	H@50 0.997672	H@100 1.000000
INFO:kbc-cli.py:Epoch 73/100	Loss 6.3413 ± 0.0451
INFO:kbc-cli.py:Epoch 74/100	Loss 6.3424 ± 0.0484
INFO:kbc-cli.py:Epoch 75/100	Loss 6.3453 ± 0.0532
INFO:kbc-cli.py:Epoch 75/100	dev results	MRR 0.857467	H@1 0.779494	H@3 0.929775	H@5 0.956929	H@10 0.977528	H@20 0.986423	H@50 0.990169	H@100 1.000000
INFO:kbc-cli.py:Epoch 75/100	test results	MRR 0.855971	H@1 0.777002	H@3 0.923184	H@5 0.959032	H@10 0.980447	H@20 0.993482	H@50 0.997672	H@100 1.000000
INFO:kbc-cli.py:Epoch 76/100	Loss 6.3404 ± 0.0485
INFO:kbc-cli.py:Epoch 77/100	Loss 6.3389 ± 0.0473
INFO:kbc-cli.py:Epoch 78/100	Loss 6.3374 ± 0.0481
INFO:kbc-cli.py:Epoch 78/100	dev results	MRR 0.856030	H@1 0.777622	H@3 0.927434	H@5 0.955056	H@10 0.977060	H@20 0.986423	H@50 0.990169	H@100 1.000000
INFO:kbc-cli.py:Epoch 78/100	test results	MRR 0.856979	H@1 0.778864	H@3 0.924581	H@5 0.957635	H@10 0.980912	H@20 0.993482	H@50 0.997207	H@100 1.000000
INFO:kbc-cli.py:Epoch 79/100	Loss 6.3351 ± 0.0639
INFO:kbc-cli.py:Epoch 80/100	Loss 6.3406 ± 0.0581
INFO:kbc-cli.py:Epoch 81/100	Loss 6.3406 ± 0.0482
INFO:kbc-cli.py:Epoch 81/100	dev results	MRR 0.855560	H@1 0.776217	H@3 0.926966	H@5 0.956929	H@10 0.977528	H@20 0.986423	H@50 0.990169	H@100 1.000000
INFO:kbc-cli.py:Epoch 81/100	test results	MRR 0.855669	H@1 0.775605	H@3 0.924581	H@5 0.957635	H@10 0.980912	H@20 0.993482	H@50 0.997207	H@100 1.000000
INFO:kbc-cli.py:Epoch 82/100	Loss 6.3393 ± 0.0509
INFO:kbc-cli.py:Epoch 83/100	Loss 6.3362 ± 0.0509
INFO:kbc-cli.py:Epoch 84/100	Loss 6.3392 ± 0.0375
INFO:kbc-cli.py:Epoch 84/100	dev results	MRR 0.854765	H@1 0.774345	H@3 0.926030	H@5 0.955993	H@10 0.977060	H@20 0.986423	H@50 0.990169	H@100 1.000000
INFO:kbc-cli.py:Epoch 84/100	test results	MRR 0.854604	H@1 0.773277	H@3 0.925978	H@5 0.958101	H@10 0.980447	H@20 0.993017	H@50 0.997672	H@100 1.000000
INFO:kbc-cli.py:Epoch 85/100	Loss 6.3396 ± 0.0510
INFO:kbc-cli.py:Epoch 86/100	Loss 6.3361 ± 0.0523
INFO:kbc-cli.py:Epoch 87/100	Loss 6.3328 ± 0.0572
INFO:kbc-cli.py:Epoch 87/100	dev results	MRR 0.854142	H@1 0.773408	H@3 0.928839	H@5 0.956461	H@10 0.977060	H@20 0.986891	H@50 0.990169	H@100 1.000000
INFO:kbc-cli.py:Epoch 87/100	test results	MRR 0.855869	H@1 0.776536	H@3 0.924581	H@5 0.958566	H@10 0.980447	H@20 0.993017	H@50 0.997672	H@100 1.000000
INFO:kbc-cli.py:Epoch 88/100	Loss 6.3397 ± 0.0578
INFO:kbc-cli.py:Epoch 89/100	Loss 6.3378 ± 0.0514
INFO:kbc-cli.py:Epoch 90/100	Loss 6.3372 ± 0.0428
INFO:kbc-cli.py:Epoch 90/100	dev results	MRR 0.857102	H@1 0.777622	H@3 0.930243	H@5 0.956929	H@10 0.976124	H@20 0.986423	H@50 0.990169	H@100 1.000000
INFO:kbc-cli.py:Epoch 90/100	test results	MRR 0.853993	H@1 0.772346	H@3 0.925512	H@5 0.959032	H@10 0.980447	H@20 0.993482	H@50 0.997672	H@100 1.000000
INFO:kbc-cli.py:Epoch 91/100	Loss 6.3399 ± 0.0561
INFO:kbc-cli.py:Epoch 92/100	Loss 6.3386 ± 0.0565
INFO:kbc-cli.py:Epoch 93/100	Loss 6.3377 ± 0.0507
INFO:kbc-cli.py:Epoch 93/100	dev results	MRR 0.857249	H@1 0.778558	H@3 0.927903	H@5 0.956461	H@10 0.977060	H@20 0.987360	H@50 0.990169	H@100 1.000000
INFO:kbc-cli.py:Epoch 93/100	test results	MRR 0.854853	H@1 0.774674	H@3 0.924115	H@5 0.958566	H@10 0.980912	H@20 0.993482	H@50 0.997672	H@100 1.000000
INFO:kbc-cli.py:Epoch 94/100	Loss 6.3320 ± 0.0436
INFO:kbc-cli.py:Epoch 95/100	Loss 6.3329 ± 0.0568
INFO:kbc-cli.py:Epoch 96/100	Loss 6.3305 ± 0.0539
INFO:kbc-cli.py:Epoch 96/100	dev results	MRR 0.857008	H@1 0.777622	H@3 0.927434	H@5 0.958801	H@10 0.977528	H@20 0.987360	H@50 0.990169	H@100 1.000000
INFO:kbc-cli.py:Epoch 96/100	test results	MRR 0.856381	H@1 0.777002	H@3 0.925512	H@5 0.959032	H@10 0.980912	H@20 0.993948	H@50 0.997207	H@100 1.000000
INFO:kbc-cli.py:Epoch 97/100	Loss 6.3309 ± 0.0551
INFO:kbc-cli.py:Epoch 98/100	Loss 6.3359 ± 0.0629
INFO:kbc-cli.py:Epoch 99/100	Loss 6.3357 ± 0.0462
INFO:kbc-cli.py:Epoch 99/100	dev results	MRR 0.856870	H@1 0.778090	H@3 0.928371	H@5 0.956929	H@10 0.977528	H@20 0.986891	H@50 0.990169	H@100 1.000000
INFO:kbc-cli.py:Epoch 99/100	test results	MRR 0.853351	H@1 0.772346	H@3 0.925047	H@5 0.959497	H@10 0.980447	H@20 0.993482	H@50 0.997672	H@100 1.000000
INFO:kbc-cli.py:Epoch 100/100	Loss 6.3296 ± 0.0464
INFO:kbc-cli.py:Final 	dev results	MRR 0.858534	H@1 0.781367	H@3 0.927903	H@5 0.957397	H@10 0.977528	H@20 0.986423	H@50 0.990169	H@100 1.000000
INFO:kbc-cli.py:Final 	test results	MRR 0.854466	H@1 0.773743	H@3 0.924581	H@5 0.958566	H@10 0.980447	H@20 0.993017	H@50 0.997672	H@100 1.000000
INFO:kbc-cli.py:Training finished
