./bin/kbc-cli.py --train data/kinship/train.tsv --dev data/kinship/dev.tsv --test data/kinship/test.tsv -m complex -k 1000 -b 10 -e 100 --F2 0 --N3 0.005 -l 0.1 -I standard -V 3 -o adagrad -c spo -q
{'F2': 0.0,
 'N3': 0.005,
 'batch_size': 10,
 'corruption': 'spo',
 'dev': 'data/kinship/dev.tsv',
 'embedding_size': 1000,
 'epochs': 100,
 'eval_batch_size': None,
 'input_type': 'standard',
 'learning_rate': 0.1,
 'load': None,
 'model': 'complex',
 'optimizer': 'adagrad',
 'quiet': True,
 'save': None,
 'seed': 0,
 'test': 'data/kinship/test.tsv',
 'test_i': None,
 'test_ii': None,
 'train': 'data/kinship/train.tsv',
 'validate_every': 3}
INFO:kbc-cli.py:Device: cuda
INFO:kbc-cli.py:Model state:
INFO:kbc-cli.py:	entities.weight	torch.Size([104, 2000])
INFO:kbc-cli.py:	predicates.weight	torch.Size([25, 2000])
INFO:kbc-cli.py:Epoch 1/100	Loss 8.8958 ± 2.4008
INFO:kbc-cli.py:Epoch 2/100	Loss 6.0290 ± 0.5977
INFO:kbc-cli.py:Epoch 3/100	Loss 5.6469 ± 0.5308
INFO:kbc-cli.py:Epoch 3/100	dev results	MRR 0.895231	H@1 0.836610	H@3 0.949906	H@5 0.967697	H@10 0.979869	H@20 0.987360	H@50 0.993914	H@100 1.000000
INFO:kbc-cli.py:Epoch 3/100	test results	MRR 0.894533	H@1 0.832402	H@3 0.950186	H@5 0.970205	H@10 0.987896	H@20 0.993017	H@50 0.997207	H@100 1.000000
INFO:kbc-cli.py:Epoch 4/100	Loss 5.4543 ± 0.4705
INFO:kbc-cli.py:Epoch 5/100	Loss 5.3331 ± 0.4489
INFO:kbc-cli.py:Epoch 6/100	Loss 5.2448 ± 0.4172
INFO:kbc-cli.py:Epoch 6/100	dev results	MRR 0.917386	H@1 0.874532	H@3 0.955524	H@5 0.972378	H@10 0.981742	H@20 0.987828	H@50 0.995787	H@100 1.000000
INFO:kbc-cli.py:Epoch 6/100	test results	MRR 0.917811	H@1 0.871508	H@3 0.958101	H@5 0.977188	H@10 0.988361	H@20 0.993948	H@50 0.997207	H@100 1.000000
INFO:kbc-cli.py:Epoch 7/100	Loss 5.1826 ± 0.3940
INFO:kbc-cli.py:Epoch 8/100	Loss 5.1311 ± 0.3866
INFO:kbc-cli.py:Epoch 9/100	Loss 5.0895 ± 0.3809
INFO:kbc-cli.py:Epoch 9/100	dev results	MRR 0.918518	H@1 0.874064	H@3 0.959738	H@5 0.973315	H@10 0.982210	H@20 0.988296	H@50 0.996255	H@100 1.000000
INFO:kbc-cli.py:Epoch 9/100	test results	MRR 0.917479	H@1 0.870577	H@3 0.960428	H@5 0.974860	H@10 0.987896	H@20 0.993948	H@50 0.997207	H@100 1.000000
INFO:kbc-cli.py:Epoch 10/100	Loss 5.0539 ± 0.3779
INFO:kbc-cli.py:Epoch 11/100	Loss 5.0258 ± 0.3782
INFO:kbc-cli.py:Epoch 12/100	Loss 4.9980 ± 0.3625
INFO:kbc-cli.py:Epoch 12/100	dev results	MRR 0.918526	H@1 0.874064	H@3 0.958801	H@5 0.973783	H@10 0.982210	H@20 0.988296	H@50 0.996255	H@100 1.000000
INFO:kbc-cli.py:Epoch 12/100	test results	MRR 0.916108	H@1 0.867318	H@3 0.959963	H@5 0.976723	H@10 0.987896	H@20 0.993948	H@50 0.997207	H@100 1.000000
INFO:kbc-cli.py:Epoch 13/100	Loss 4.9750 ± 0.3799
INFO:kbc-cli.py:Epoch 14/100	Loss 4.9560 ± 0.3623
INFO:kbc-cli.py:Epoch 15/100	Loss 4.9376 ± 0.3524
INFO:kbc-cli.py:Epoch 15/100	dev results	MRR 0.920333	H@1 0.878277	H@3 0.957865	H@5 0.972378	H@10 0.981742	H@20 0.988296	H@50 0.995787	H@100 1.000000
INFO:kbc-cli.py:Epoch 15/100	test results	MRR 0.917802	H@1 0.869646	H@3 0.963222	H@5 0.978119	H@10 0.988827	H@20 0.993482	H@50 0.997207	H@100 1.000000
INFO:kbc-cli.py:Epoch 16/100	Loss 4.9215 ± 0.3539
INFO:kbc-cli.py:Epoch 17/100	Loss 4.9069 ± 0.3456
INFO:kbc-cli.py:Epoch 18/100	Loss 4.8944 ± 0.3633
INFO:kbc-cli.py:Epoch 18/100	dev results	MRR 0.919542	H@1 0.876404	H@3 0.958801	H@5 0.970974	H@10 0.981742	H@20 0.988296	H@50 0.995318	H@100 1.000000
INFO:kbc-cli.py:Epoch 18/100	test results	MRR 0.916135	H@1 0.867784	H@3 0.959963	H@5 0.976257	H@10 0.989292	H@20 0.993482	H@50 0.997207	H@100 1.000000
INFO:kbc-cli.py:Epoch 19/100	Loss 4.8818 ± 0.3505
INFO:kbc-cli.py:Epoch 20/100	Loss 4.8709 ± 0.3437
INFO:kbc-cli.py:Epoch 21/100	Loss 4.8598 ± 0.3511
INFO:kbc-cli.py:Epoch 21/100	dev results	MRR 0.920777	H@1 0.878745	H@3 0.958801	H@5 0.971910	H@10 0.982210	H@20 0.988296	H@50 0.995318	H@100 1.000000
INFO:kbc-cli.py:Epoch 21/100	test results	MRR 0.916040	H@1 0.867318	H@3 0.961359	H@5 0.976723	H@10 0.988827	H@20 0.993482	H@50 0.997207	H@100 1.000000
INFO:kbc-cli.py:Epoch 22/100	Loss 4.8489 ± 0.3520
INFO:kbc-cli.py:Epoch 23/100	Loss 4.8384 ± 0.3664
INFO:kbc-cli.py:Epoch 24/100	Loss 4.8322 ± 0.3404
INFO:kbc-cli.py:Epoch 24/100	dev results	MRR 0.919161	H@1 0.876873	H@3 0.957865	H@5 0.971910	H@10 0.982678	H@20 0.988296	H@50 0.995318	H@100 1.000000
INFO:kbc-cli.py:Epoch 24/100	test results	MRR 0.916339	H@1 0.867784	H@3 0.959497	H@5 0.977654	H@10 0.988361	H@20 0.993482	H@50 0.997207	H@100 1.000000
INFO:kbc-cli.py:Epoch 25/100	Loss 4.8233 ± 0.3418
INFO:kbc-cli.py:Epoch 26/100	Loss 4.8145 ± 0.3524
INFO:kbc-cli.py:Epoch 27/100	Loss 4.8089 ± 0.3428
INFO:kbc-cli.py:Epoch 27/100	dev results	MRR 0.918576	H@1 0.875000	H@3 0.959738	H@5 0.971442	H@10 0.982678	H@20 0.988296	H@50 0.995318	H@100 1.000000
INFO:kbc-cli.py:Epoch 27/100	test results	MRR 0.915914	H@1 0.866387	H@3 0.959497	H@5 0.978119	H@10 0.987896	H@20 0.993482	H@50 0.997207	H@100 1.000000
INFO:kbc-cli.py:Epoch 28/100	Loss 4.8019 ± 0.3406
INFO:kbc-cli.py:Epoch 29/100	Loss 4.7950 ± 0.3444
INFO:kbc-cli.py:Epoch 30/100	Loss 4.7892 ± 0.3353
INFO:kbc-cli.py:Epoch 30/100	dev results	MRR 0.920445	H@1 0.879213	H@3 0.958333	H@5 0.971910	H@10 0.982678	H@20 0.988296	H@50 0.996255	H@100 1.000000
INFO:kbc-cli.py:Epoch 30/100	test results	MRR 0.915884	H@1 0.867318	H@3 0.959963	H@5 0.976723	H@10 0.988827	H@20 0.993482	H@50 0.997207	H@100 1.000000
INFO:kbc-cli.py:Epoch 31/100	Loss 4.7832 ± 0.3371
INFO:kbc-cli.py:Epoch 32/100	Loss 4.7774 ± 0.3295
INFO:kbc-cli.py:Epoch 33/100	Loss 4.7713 ± 0.3308
INFO:kbc-cli.py:Epoch 33/100	dev results	MRR 0.918782	H@1 0.875468	H@3 0.958333	H@5 0.972378	H@10 0.982678	H@20 0.988296	H@50 0.996255	H@100 1.000000
INFO:kbc-cli.py:Epoch 33/100	test results	MRR 0.916204	H@1 0.867784	H@3 0.959032	H@5 0.976723	H@10 0.988361	H@20 0.993482	H@50 0.997207	H@100 1.000000
INFO:kbc-cli.py:Epoch 34/100	Loss 4.7666 ± 0.3411
INFO:kbc-cli.py:Epoch 35/100	Loss 4.7624 ± 0.3352
INFO:kbc-cli.py:Epoch 36/100	Loss 4.7573 ± 0.3291
INFO:kbc-cli.py:Epoch 36/100	dev results	MRR 0.919191	H@1 0.875936	H@3 0.958333	H@5 0.972378	H@10 0.983146	H@20 0.988296	H@50 0.996255	H@100 1.000000
INFO:kbc-cli.py:Epoch 36/100	test results	MRR 0.915224	H@1 0.865922	H@3 0.960428	H@5 0.976723	H@10 0.988361	H@20 0.993482	H@50 0.997207	H@100 1.000000
INFO:kbc-cli.py:Epoch 37/100	Loss 4.7532 ± 0.3288
INFO:kbc-cli.py:Epoch 38/100	Loss 4.7489 ± 0.3452
INFO:kbc-cli.py:Epoch 39/100	Loss 4.7452 ± 0.3252
INFO:kbc-cli.py:Epoch 39/100	dev results	MRR 0.918520	H@1 0.875468	H@3 0.959738	H@5 0.971442	H@10 0.982678	H@20 0.988296	H@50 0.996255	H@100 1.000000
INFO:kbc-cli.py:Epoch 39/100	test results	MRR 0.915273	H@1 0.865922	H@3 0.960894	H@5 0.976723	H@10 0.987430	H@20 0.993482	H@50 0.997207	H@100 1.000000
INFO:kbc-cli.py:Epoch 40/100	Loss 4.7396 ± 0.3445
INFO:kbc-cli.py:Epoch 41/100	Loss 4.7368 ± 0.3211
INFO:kbc-cli.py:Epoch 42/100	Loss 4.7322 ± 0.3325
INFO:kbc-cli.py:Epoch 42/100	dev results	MRR 0.918656	H@1 0.875468	H@3 0.958333	H@5 0.972378	H@10 0.982678	H@20 0.988296	H@50 0.996255	H@100 1.000000
INFO:kbc-cli.py:Epoch 42/100	test results	MRR 0.914759	H@1 0.864525	H@3 0.959032	H@5 0.976257	H@10 0.988361	H@20 0.993482	H@50 0.997207	H@100 1.000000
INFO:kbc-cli.py:Epoch 43/100	Loss 4.7287 ± 0.3228
INFO:kbc-cli.py:Epoch 44/100	Loss 4.7253 ± 0.3375
INFO:kbc-cli.py:Epoch 45/100	Loss 4.7221 ± 0.3255
INFO:kbc-cli.py:Epoch 45/100	dev results	MRR 0.917630	H@1 0.874532	H@3 0.958333	H@5 0.970974	H@10 0.982678	H@20 0.988296	H@50 0.996255	H@100 1.000000
INFO:kbc-cli.py:Epoch 45/100	test results	MRR 0.913466	H@1 0.861732	H@3 0.959497	H@5 0.976257	H@10 0.987896	H@20 0.993482	H@50 0.997207	H@100 1.000000
INFO:kbc-cli.py:Epoch 46/100	Loss 4.7191 ± 0.3257
INFO:kbc-cli.py:Epoch 47/100	Loss 4.7166 ± 0.3369
INFO:kbc-cli.py:Epoch 48/100	Loss 4.7131 ± 0.3275
INFO:kbc-cli.py:Epoch 48/100	dev results	MRR 0.918272	H@1 0.875468	H@3 0.958333	H@5 0.970974	H@10 0.983146	H@20 0.988296	H@50 0.995787	H@100 1.000000
INFO:kbc-cli.py:Epoch 48/100	test results	MRR 0.915302	H@1 0.865922	H@3 0.959963	H@5 0.976723	H@10 0.988361	H@20 0.993482	H@50 0.997207	H@100 1.000000
INFO:kbc-cli.py:Epoch 49/100	Loss 4.7101 ± 0.3307
INFO:kbc-cli.py:Epoch 50/100	Loss 4.7075 ± 0.3287
INFO:kbc-cli.py:Epoch 51/100	Loss 4.7043 ± 0.3188
INFO:kbc-cli.py:Epoch 51/100	dev results	MRR 0.917732	H@1 0.873596	H@3 0.958801	H@5 0.970974	H@10 0.983146	H@20 0.988296	H@50 0.996255	H@100 1.000000
INFO:kbc-cli.py:Epoch 51/100	test results	MRR 0.913705	H@1 0.863128	H@3 0.959032	H@5 0.975791	H@10 0.988361	H@20 0.993482	H@50 0.997207	H@100 1.000000
INFO:kbc-cli.py:Epoch 52/100	Loss 4.7009 ± 0.3111
INFO:kbc-cli.py:Epoch 53/100	Loss 4.6984 ± 0.3193
INFO:kbc-cli.py:Epoch 54/100	Loss 4.6973 ± 0.3273
INFO:kbc-cli.py:Epoch 54/100	dev results	MRR 0.917461	H@1 0.873596	H@3 0.958801	H@5 0.971442	H@10 0.982678	H@20 0.988296	H@50 0.996255	H@100 1.000000
INFO:kbc-cli.py:Epoch 54/100	test results	MRR 0.913858	H@1 0.863128	H@3 0.959963	H@5 0.977188	H@10 0.988361	H@20 0.993482	H@50 0.997207	H@100 1.000000
INFO:kbc-cli.py:Epoch 55/100	Loss 4.6945 ± 0.3251
INFO:kbc-cli.py:Epoch 56/100	Loss 4.6921 ± 0.3225
INFO:kbc-cli.py:Epoch 57/100	Loss 4.6895 ± 0.3234
INFO:kbc-cli.py:Epoch 57/100	dev results	MRR 0.918263	H@1 0.875000	H@3 0.957397	H@5 0.970974	H@10 0.982678	H@20 0.988296	H@50 0.996255	H@100 1.000000
INFO:kbc-cli.py:Epoch 57/100	test results	MRR 0.914532	H@1 0.864525	H@3 0.959963	H@5 0.977188	H@10 0.987896	H@20 0.993482	H@50 0.997207	H@100 1.000000
INFO:kbc-cli.py:Epoch 58/100	Loss 4.6866 ± 0.3209
INFO:kbc-cli.py:Epoch 59/100	Loss 4.6853 ± 0.3182
INFO:kbc-cli.py:Epoch 60/100	Loss 4.6827 ± 0.3273
INFO:kbc-cli.py:Epoch 60/100	dev results	MRR 0.917043	H@1 0.872191	H@3 0.958801	H@5 0.970974	H@10 0.982678	H@20 0.988296	H@50 0.996255	H@100 1.000000
INFO:kbc-cli.py:Epoch 60/100	test results	MRR 0.913692	H@1 0.862663	H@3 0.958566	H@5 0.976723	H@10 0.987896	H@20 0.993482	H@50 0.997207	H@100 1.000000
INFO:kbc-cli.py:Epoch 61/100	Loss 4.6801 ± 0.3172
INFO:kbc-cli.py:Epoch 62/100	Loss 4.6782 ± 0.3257
INFO:kbc-cli.py:Epoch 63/100	Loss 4.6760 ± 0.3320
INFO:kbc-cli.py:Epoch 63/100	dev results	MRR 0.916346	H@1 0.870787	H@3 0.958801	H@5 0.971442	H@10 0.982210	H@20 0.988296	H@50 0.996255	H@100 1.000000
INFO:kbc-cli.py:Epoch 63/100	test results	MRR 0.914124	H@1 0.863594	H@3 0.959963	H@5 0.977188	H@10 0.987896	H@20 0.993482	H@50 0.997207	H@100 1.000000
INFO:kbc-cli.py:Epoch 64/100	Loss 4.6750 ± 0.3277
INFO:kbc-cli.py:Epoch 65/100	Loss 4.6730 ± 0.3227
INFO:kbc-cli.py:Epoch 66/100	Loss 4.6698 ± 0.3085
INFO:kbc-cli.py:Epoch 66/100	dev results	MRR 0.915527	H@1 0.869382	H@3 0.959738	H@5 0.971442	H@10 0.982678	H@20 0.988296	H@50 0.996255	H@100 1.000000
INFO:kbc-cli.py:Epoch 66/100	test results	MRR 0.912434	H@1 0.860335	H@3 0.959963	H@5 0.976723	H@10 0.987896	H@20 0.993482	H@50 0.997207	H@100 1.000000
INFO:kbc-cli.py:Epoch 67/100	Loss 4.6680 ± 0.3250
INFO:kbc-cli.py:Epoch 68/100	Loss 4.6670 ± 0.3239
INFO:kbc-cli.py:Epoch 69/100	Loss 4.6646 ± 0.3207
INFO:kbc-cli.py:Epoch 69/100	dev results	MRR 0.916542	H@1 0.871255	H@3 0.960206	H@5 0.970974	H@10 0.982678	H@20 0.988296	H@50 0.996255	H@100 1.000000
INFO:kbc-cli.py:Epoch 69/100	test results	MRR 0.912484	H@1 0.859870	H@3 0.959963	H@5 0.977188	H@10 0.987896	H@20 0.993482	H@50 0.997207	H@100 1.000000
INFO:kbc-cli.py:Epoch 70/100	Loss 4.6632 ± 0.3224
INFO:kbc-cli.py:Epoch 71/100	Loss 4.6619 ± 0.3362
INFO:kbc-cli.py:Epoch 72/100	Loss 4.6601 ± 0.3167
INFO:kbc-cli.py:Epoch 72/100	dev results	MRR 0.916722	H@1 0.871723	H@3 0.959738	H@5 0.970506	H@10 0.983146	H@20 0.988296	H@50 0.996255	H@100 1.000000
INFO:kbc-cli.py:Epoch 72/100	test results	MRR 0.915189	H@1 0.865922	H@3 0.959963	H@5 0.977654	H@10 0.987896	H@20 0.993482	H@50 0.997207	H@100 1.000000
INFO:kbc-cli.py:Epoch 73/100	Loss 4.6579 ± 0.3153
INFO:kbc-cli.py:Epoch 74/100	Loss 4.6573 ± 0.3141
INFO:kbc-cli.py:Epoch 75/100	Loss 4.6548 ± 0.3019
INFO:kbc-cli.py:Epoch 75/100	dev results	MRR 0.915888	H@1 0.870318	H@3 0.959738	H@5 0.970974	H@10 0.983146	H@20 0.988296	H@50 0.996255	H@100 1.000000
INFO:kbc-cli.py:Epoch 75/100	test results	MRR 0.914363	H@1 0.864060	H@3 0.959963	H@5 0.977188	H@10 0.988361	H@20 0.993482	H@50 0.997207	H@100 1.000000
INFO:kbc-cli.py:Epoch 76/100	Loss 4.6535 ± 0.3276
INFO:kbc-cli.py:Epoch 77/100	Loss 4.6518 ± 0.3133
INFO:kbc-cli.py:Epoch 78/100	Loss 4.6504 ± 0.3205
INFO:kbc-cli.py:Epoch 78/100	dev results	MRR 0.916175	H@1 0.870787	H@3 0.960674	H@5 0.970974	H@10 0.982678	H@20 0.988296	H@50 0.996255	H@100 1.000000
INFO:kbc-cli.py:Epoch 78/100	test results	MRR 0.913312	H@1 0.861732	H@3 0.961359	H@5 0.977654	H@10 0.988361	H@20 0.993482	H@50 0.997207	H@100 1.000000
INFO:kbc-cli.py:Epoch 79/100	Loss 4.6485 ± 0.3075
INFO:kbc-cli.py:Epoch 80/100	Loss 4.6474 ± 0.3235
INFO:kbc-cli.py:Epoch 81/100	Loss 4.6462 ± 0.3237
INFO:kbc-cli.py:Epoch 81/100	dev results	MRR 0.916616	H@1 0.871723	H@3 0.960206	H@5 0.971442	H@10 0.982678	H@20 0.988296	H@50 0.996255	H@100 1.000000
INFO:kbc-cli.py:Epoch 81/100	test results	MRR 0.912065	H@1 0.859404	H@3 0.959963	H@5 0.977654	H@10 0.988361	H@20 0.993948	H@50 0.997207	H@100 1.000000
INFO:kbc-cli.py:Epoch 82/100	Loss 4.6445 ± 0.3231
INFO:kbc-cli.py:Epoch 83/100	Loss 4.6442 ± 0.3117
INFO:kbc-cli.py:Epoch 84/100	Loss 4.6417 ± 0.3222
INFO:kbc-cli.py:Epoch 84/100	dev results	MRR 0.915656	H@1 0.869850	H@3 0.960674	H@5 0.970506	H@10 0.982678	H@20 0.988296	H@50 0.996255	H@100 1.000000
INFO:kbc-cli.py:Epoch 84/100	test results	MRR 0.913083	H@1 0.861732	H@3 0.959497	H@5 0.977654	H@10 0.987896	H@20 0.993482	H@50 0.997207	H@100 1.000000
INFO:kbc-cli.py:Epoch 85/100	Loss 4.6401 ± 0.3170
INFO:kbc-cli.py:Epoch 86/100	Loss 4.6393 ± 0.3250
INFO:kbc-cli.py:Epoch 87/100	Loss 4.6381 ± 0.3162
INFO:kbc-cli.py:Epoch 87/100	dev results	MRR 0.915187	H@1 0.868446	H@3 0.960674	H@5 0.971442	H@10 0.982678	H@20 0.988296	H@50 0.996255	H@100 1.000000
INFO:kbc-cli.py:Epoch 87/100	test results	MRR 0.912761	H@1 0.860335	H@3 0.960894	H@5 0.977654	H@10 0.987896	H@20 0.993482	H@50 0.997207	H@100 1.000000
INFO:kbc-cli.py:Epoch 88/100	Loss 4.6372 ± 0.3236
INFO:kbc-cli.py:Epoch 89/100	Loss 4.6353 ± 0.3183
INFO:kbc-cli.py:Epoch 90/100	Loss 4.6349 ± 0.3106
INFO:kbc-cli.py:Epoch 90/100	dev results	MRR 0.914747	H@1 0.867978	H@3 0.960674	H@5 0.970974	H@10 0.982678	H@20 0.988296	H@50 0.996255	H@100 1.000000
INFO:kbc-cli.py:Epoch 90/100	test results	MRR 0.910915	H@1 0.857542	H@3 0.959032	H@5 0.978119	H@10 0.988361	H@20 0.993482	H@50 0.997207	H@100 1.000000
INFO:kbc-cli.py:Epoch 91/100	Loss 4.6340 ± 0.3158
INFO:kbc-cli.py:Epoch 92/100	Loss 4.6329 ± 0.3065
INFO:kbc-cli.py:Epoch 93/100	Loss 4.6313 ± 0.3169
INFO:kbc-cli.py:Epoch 93/100	dev results	MRR 0.914618	H@1 0.867978	H@3 0.960674	H@5 0.971442	H@10 0.982678	H@20 0.988296	H@50 0.996255	H@100 1.000000
INFO:kbc-cli.py:Epoch 93/100	test results	MRR 0.912019	H@1 0.859404	H@3 0.959963	H@5 0.977654	H@10 0.988361	H@20 0.993948	H@50 0.997207	H@100 1.000000
INFO:kbc-cli.py:Epoch 94/100	Loss 4.6299 ± 0.3224
INFO:kbc-cli.py:Epoch 95/100	Loss 4.6292 ± 0.3245
INFO:kbc-cli.py:Epoch 96/100	Loss 4.6277 ± 0.3263
INFO:kbc-cli.py:Epoch 96/100	dev results	MRR 0.915204	H@1 0.868914	H@3 0.960206	H@5 0.971442	H@10 0.982678	H@20 0.988296	H@50 0.996255	H@100 1.000000
INFO:kbc-cli.py:Epoch 96/100	test results	MRR 0.911737	H@1 0.858473	H@3 0.960428	H@5 0.978119	H@10 0.987896	H@20 0.993948	H@50 0.997207	H@100 1.000000
INFO:kbc-cli.py:Epoch 97/100	Loss 4.6270 ± 0.3165
INFO:kbc-cli.py:Epoch 98/100	Loss 4.6258 ± 0.3078
INFO:kbc-cli.py:Epoch 99/100	Loss 4.6245 ± 0.3131
INFO:kbc-cli.py:Epoch 99/100	dev results	MRR 0.914397	H@1 0.867509	H@3 0.960206	H@5 0.971442	H@10 0.982678	H@20 0.988296	H@50 0.996255	H@100 1.000000
INFO:kbc-cli.py:Epoch 99/100	test results	MRR 0.913730	H@1 0.862663	H@3 0.959497	H@5 0.977654	H@10 0.987896	H@20 0.993948	H@50 0.997207	H@100 1.000000
INFO:kbc-cli.py:Epoch 100/100	Loss 4.6240 ± 0.3297
INFO:kbc-cli.py:Final 	dev results	MRR 0.915259	H@1 0.868914	H@3 0.960674	H@5 0.971442	H@10 0.983146	H@20 0.988296	H@50 0.996255	H@100 1.000000
INFO:kbc-cli.py:Final 	test results	MRR 0.912756	H@1 0.860801	H@3 0.959032	H@5 0.977654	H@10 0.987896	H@20 0.993948	H@50 0.997207	H@100 1.000000
INFO:kbc-cli.py:Training finished
