./bin/kbc-cli.py --train data/nations/train.tsv --dev data/nations/dev.tsv --test data/nations/test.tsv -m complex -k 500 -b 500 -e 100 --F2 0 --N3 0.005 -l 0.1 -I reciprocal -V 3 -o adagrad -c so -q
{'F2': 0.0,
 'N3': 0.005,
 'batch_size': 500,
 'corruption': 'so',
 'dev': 'data/nations/dev.tsv',
 'embedding_size': 500,
 'epochs': 100,
 'eval_batch_size': None,
 'input_type': 'reciprocal',
 'learning_rate': 0.1,
 'load': None,
 'model': 'complex',
 'optimizer': 'adagrad',
 'quiet': True,
 'save': None,
 'seed': 0,
 'test': 'data/nations/test.tsv',
 'test_i': None,
 'test_ii': None,
 'train': 'data/nations/train.tsv',
 'validate_every': 3}
INFO:kbc-cli.py:Device: cuda
INFO:kbc-cli.py:Model state:
INFO:kbc-cli.py:	entities.weight	torch.Size([14, 1000])
INFO:kbc-cli.py:	predicates.weight	torch.Size([110, 1000])
INFO:kbc-cli.py:Epoch 1/100	Loss 5.3779 ± 0.0808
INFO:kbc-cli.py:Epoch 2/100	Loss 4.7950 ± 0.1028
INFO:kbc-cli.py:Epoch 3/100	Loss 4.3186 ± 0.1826
INFO:kbc-cli.py:Epoch 3/100	dev results	MRR 0.761070	H@1 0.623116	H@3 0.869347	H@5 0.949749	H@10 1.000000	H@20 1.000000	H@50 1.000000	H@100 1.000000
INFO:kbc-cli.py:Epoch 3/100	test results	MRR 0.762776	H@1 0.629353	H@3 0.868159	H@5 0.940299	H@10 0.997512	H@20 1.000000	H@50 1.000000	H@100 1.000000
INFO:kbc-cli.py:Epoch 4/100	Loss 4.1089 ± 0.1542
INFO:kbc-cli.py:Epoch 5/100	Loss 3.9834 ± 0.1609
INFO:kbc-cli.py:Epoch 6/100	Loss 3.9059 ± 0.1596
INFO:kbc-cli.py:Epoch 6/100	dev results	MRR 0.792420	H@1 0.678392	H@3 0.884422	H@5 0.959799	H@10 1.000000	H@20 1.000000	H@50 1.000000	H@100 1.000000
INFO:kbc-cli.py:Epoch 6/100	test results	MRR 0.783992	H@1 0.661692	H@3 0.878109	H@5 0.960199	H@10 1.000000	H@20 1.000000	H@50 1.000000	H@100 1.000000
INFO:kbc-cli.py:Epoch 7/100	Loss 3.8558 ± 0.1473
INFO:kbc-cli.py:Epoch 8/100	Loss 3.8206 ± 0.1698
INFO:kbc-cli.py:Epoch 9/100	Loss 3.7871 ± 0.1712
INFO:kbc-cli.py:Epoch 9/100	dev results	MRR 0.796214	H@1 0.680905	H@3 0.884422	H@5 0.957286	H@10 1.000000	H@20 1.000000	H@50 1.000000	H@100 1.000000
INFO:kbc-cli.py:Epoch 9/100	test results	MRR 0.787235	H@1 0.659204	H@3 0.898010	H@5 0.962687	H@10 0.997512	H@20 1.000000	H@50 1.000000	H@100 1.000000
INFO:kbc-cli.py:Epoch 10/100	Loss 3.7643 ± 0.1797
INFO:kbc-cli.py:Epoch 11/100	Loss 3.7289 ± 0.1080
INFO:kbc-cli.py:Epoch 12/100	Loss 3.7175 ± 0.1594
INFO:kbc-cli.py:Epoch 12/100	dev results	MRR 0.809775	H@1 0.695980	H@3 0.912060	H@5 0.969849	H@10 1.000000	H@20 1.000000	H@50 1.000000	H@100 1.000000
INFO:kbc-cli.py:Epoch 12/100	test results	MRR 0.780247	H@1 0.649254	H@3 0.905473	H@5 0.965174	H@10 1.000000	H@20 1.000000	H@50 1.000000	H@100 1.000000
INFO:kbc-cli.py:Epoch 13/100	Loss 3.6907 ± 0.0946
INFO:kbc-cli.py:Epoch 14/100	Loss 3.6953 ± 0.1650
INFO:kbc-cli.py:Epoch 15/100	Loss 3.6775 ± 0.1530
INFO:kbc-cli.py:Epoch 15/100	dev results	MRR 0.795729	H@1 0.673367	H@3 0.896985	H@5 0.959799	H@10 1.000000	H@20 1.000000	H@50 1.000000	H@100 1.000000
INFO:kbc-cli.py:Epoch 15/100	test results	MRR 0.788691	H@1 0.669154	H@3 0.905473	H@5 0.975124	H@10 1.000000	H@20 1.000000	H@50 1.000000	H@100 1.000000
INFO:kbc-cli.py:Epoch 16/100	Loss 3.6765 ± 0.1550
INFO:kbc-cli.py:Epoch 17/100	Loss 3.6529 ± 0.1381
INFO:kbc-cli.py:Epoch 18/100	Loss 3.6366 ± 0.1183
INFO:kbc-cli.py:Epoch 18/100	dev results	MRR 0.804481	H@1 0.688442	H@3 0.902010	H@5 0.967337	H@10 1.000000	H@20 1.000000	H@50 1.000000	H@100 1.000000
INFO:kbc-cli.py:Epoch 18/100	test results	MRR 0.777770	H@1 0.646766	H@3 0.900498	H@5 0.977612	H@10 1.000000	H@20 1.000000	H@50 1.000000	H@100 1.000000
INFO:kbc-cli.py:Epoch 19/100	Loss 3.6352 ± 0.0964
INFO:kbc-cli.py:Epoch 20/100	Loss 3.6304 ± 0.1400
INFO:kbc-cli.py:Epoch 21/100	Loss 3.6186 ± 0.1015
INFO:kbc-cli.py:Epoch 21/100	dev results	MRR 0.791329	H@1 0.665829	H@3 0.904523	H@5 0.964824	H@10 1.000000	H@20 1.000000	H@50 1.000000	H@100 1.000000
INFO:kbc-cli.py:Epoch 21/100	test results	MRR 0.769992	H@1 0.626866	H@3 0.898010	H@5 0.970149	H@10 1.000000	H@20 1.000000	H@50 1.000000	H@100 1.000000
INFO:kbc-cli.py:Epoch 22/100	Loss 3.6081 ± 0.0733
INFO:kbc-cli.py:Epoch 23/100	Loss 3.5967 ± 0.1206
INFO:kbc-cli.py:Epoch 24/100	Loss 3.6065 ± 0.1139
INFO:kbc-cli.py:Epoch 24/100	dev results	MRR 0.801337	H@1 0.685930	H@3 0.899497	H@5 0.962312	H@10 1.000000	H@20 1.000000	H@50 1.000000	H@100 1.000000
INFO:kbc-cli.py:Epoch 24/100	test results	MRR 0.787862	H@1 0.659204	H@3 0.905473	H@5 0.977612	H@10 1.000000	H@20 1.000000	H@50 1.000000	H@100 1.000000
INFO:kbc-cli.py:Epoch 25/100	Loss 3.5928 ± 0.0978
INFO:kbc-cli.py:Epoch 26/100	Loss 3.5780 ± 0.0852
INFO:kbc-cli.py:Epoch 27/100	Loss 3.5925 ± 0.1149
INFO:kbc-cli.py:Epoch 27/100	dev results	MRR 0.802234	H@1 0.688442	H@3 0.896985	H@5 0.964824	H@10 1.000000	H@20 1.000000	H@50 1.000000	H@100 1.000000
INFO:kbc-cli.py:Epoch 27/100	test results	MRR 0.774450	H@1 0.636816	H@3 0.895522	H@5 0.975124	H@10 1.000000	H@20 1.000000	H@50 1.000000	H@100 1.000000
INFO:kbc-cli.py:Epoch 28/100	Loss 3.5640 ± 0.0913
INFO:kbc-cli.py:Epoch 29/100	Loss 3.5787 ± 0.1003
INFO:kbc-cli.py:Epoch 30/100	Loss 3.5662 ± 0.0874
INFO:kbc-cli.py:Epoch 30/100	dev results	MRR 0.799277	H@1 0.678392	H@3 0.899497	H@5 0.962312	H@10 1.000000	H@20 1.000000	H@50 1.000000	H@100 1.000000
INFO:kbc-cli.py:Epoch 30/100	test results	MRR 0.767752	H@1 0.621891	H@3 0.895522	H@5 0.980100	H@10 1.000000	H@20 1.000000	H@50 1.000000	H@100 1.000000
INFO:kbc-cli.py:Epoch 31/100	Loss 3.5725 ± 0.1100
INFO:kbc-cli.py:Epoch 32/100	Loss 3.5590 ± 0.0879
INFO:kbc-cli.py:Epoch 33/100	Loss 3.5780 ± 0.1171
INFO:kbc-cli.py:Epoch 33/100	dev results	MRR 0.808985	H@1 0.695980	H@3 0.914573	H@5 0.962312	H@10 1.000000	H@20 1.000000	H@50 1.000000	H@100 1.000000
INFO:kbc-cli.py:Epoch 33/100	test results	MRR 0.776419	H@1 0.641791	H@3 0.900498	H@5 0.977612	H@10 1.000000	H@20 1.000000	H@50 1.000000	H@100 1.000000
INFO:kbc-cli.py:Epoch 34/100	Loss 3.5598 ± 0.0980
INFO:kbc-cli.py:Epoch 35/100	Loss 3.5536 ± 0.0831
INFO:kbc-cli.py:Epoch 36/100	Loss 3.5507 ± 0.0861
INFO:kbc-cli.py:Epoch 36/100	dev results	MRR 0.808215	H@1 0.693467	H@3 0.914573	H@5 0.964824	H@10 1.000000	H@20 1.000000	H@50 1.000000	H@100 1.000000
INFO:kbc-cli.py:Epoch 36/100	test results	MRR 0.780793	H@1 0.649254	H@3 0.900498	H@5 0.980100	H@10 1.000000	H@20 1.000000	H@50 1.000000	H@100 1.000000
INFO:kbc-cli.py:Epoch 37/100	Loss 3.5534 ± 0.0884
INFO:kbc-cli.py:Epoch 38/100	Loss 3.5456 ± 0.1017
INFO:kbc-cli.py:Epoch 39/100	Loss 3.5495 ± 0.1115
INFO:kbc-cli.py:Epoch 39/100	dev results	MRR 0.806800	H@1 0.688442	H@3 0.912060	H@5 0.967337	H@10 1.000000	H@20 1.000000	H@50 1.000000	H@100 1.000000
INFO:kbc-cli.py:Epoch 39/100	test results	MRR 0.771524	H@1 0.634328	H@3 0.898010	H@5 0.975124	H@10 1.000000	H@20 1.000000	H@50 1.000000	H@100 1.000000
INFO:kbc-cli.py:Epoch 40/100	Loss 3.5517 ± 0.1121
INFO:kbc-cli.py:Epoch 41/100	Loss 3.5286 ± 0.0789
INFO:kbc-cli.py:Epoch 42/100	Loss 3.5464 ± 0.1123
INFO:kbc-cli.py:Epoch 42/100	dev results	MRR 0.800009	H@1 0.678392	H@3 0.909548	H@5 0.967337	H@10 1.000000	H@20 1.000000	H@50 1.000000	H@100 1.000000
INFO:kbc-cli.py:Epoch 42/100	test results	MRR 0.774489	H@1 0.636816	H@3 0.910448	H@5 0.972637	H@10 1.000000	H@20 1.000000	H@50 1.000000	H@100 1.000000
INFO:kbc-cli.py:Epoch 43/100	Loss 3.5363 ± 0.0936
INFO:kbc-cli.py:Epoch 44/100	Loss 3.5291 ± 0.0778
INFO:kbc-cli.py:Epoch 45/100	Loss 3.5272 ± 0.0789
INFO:kbc-cli.py:Epoch 45/100	dev results	MRR 0.798944	H@1 0.675879	H@3 0.909548	H@5 0.964824	H@10 1.000000	H@20 1.000000	H@50 1.000000	H@100 1.000000
INFO:kbc-cli.py:Epoch 45/100	test results	MRR 0.769298	H@1 0.631841	H@3 0.885572	H@5 0.975124	H@10 1.000000	H@20 1.000000	H@50 1.000000	H@100 1.000000
INFO:kbc-cli.py:Epoch 46/100	Loss 3.5305 ± 0.0715
INFO:kbc-cli.py:Epoch 47/100	Loss 3.5216 ± 0.0680
INFO:kbc-cli.py:Epoch 48/100	Loss 3.5211 ± 0.0534
INFO:kbc-cli.py:Epoch 48/100	dev results	MRR 0.800876	H@1 0.678392	H@3 0.912060	H@5 0.967337	H@10 1.000000	H@20 1.000000	H@50 1.000000	H@100 1.000000
INFO:kbc-cli.py:Epoch 48/100	test results	MRR 0.770006	H@1 0.631841	H@3 0.885572	H@5 0.977612	H@10 1.000000	H@20 1.000000	H@50 1.000000	H@100 1.000000
INFO:kbc-cli.py:Epoch 49/100	Loss 3.5170 ± 0.0760
INFO:kbc-cli.py:Epoch 50/100	Loss 3.5139 ± 0.0797
INFO:kbc-cli.py:Epoch 51/100	Loss 3.5228 ± 0.0782
INFO:kbc-cli.py:Epoch 51/100	dev results	MRR 0.797380	H@1 0.675879	H@3 0.904523	H@5 0.967337	H@10 1.000000	H@20 1.000000	H@50 1.000000	H@100 1.000000
INFO:kbc-cli.py:Epoch 51/100	test results	MRR 0.770926	H@1 0.634328	H@3 0.895522	H@5 0.972637	H@10 1.000000	H@20 1.000000	H@50 1.000000	H@100 1.000000
INFO:kbc-cli.py:Epoch 52/100	Loss 3.5232 ± 0.0965
INFO:kbc-cli.py:Epoch 53/100	Loss 3.5150 ± 0.0972
INFO:kbc-cli.py:Epoch 54/100	Loss 3.5208 ± 0.1178
INFO:kbc-cli.py:Epoch 54/100	dev results	MRR 0.799381	H@1 0.675879	H@3 0.907035	H@5 0.964824	H@10 1.000000	H@20 1.000000	H@50 1.000000	H@100 1.000000
INFO:kbc-cli.py:Epoch 54/100	test results	MRR 0.763656	H@1 0.619403	H@3 0.898010	H@5 0.972637	H@10 1.000000	H@20 1.000000	H@50 1.000000	H@100 1.000000
INFO:kbc-cli.py:Epoch 55/100	Loss 3.5165 ± 0.1034
INFO:kbc-cli.py:Epoch 56/100	Loss 3.5066 ± 0.0867
INFO:kbc-cli.py:Epoch 57/100	Loss 3.5139 ± 0.0647
INFO:kbc-cli.py:Epoch 57/100	dev results	MRR 0.795235	H@1 0.673367	H@3 0.894472	H@5 0.962312	H@10 1.000000	H@20 1.000000	H@50 1.000000	H@100 1.000000
INFO:kbc-cli.py:Epoch 57/100	test results	MRR 0.761980	H@1 0.621891	H@3 0.880597	H@5 0.975124	H@10 1.000000	H@20 1.000000	H@50 1.000000	H@100 1.000000
INFO:kbc-cli.py:Epoch 58/100	Loss 3.5099 ± 0.0724
INFO:kbc-cli.py:Epoch 59/100	Loss 3.5007 ± 0.0489
INFO:kbc-cli.py:Epoch 60/100	Loss 3.5054 ± 0.0755
INFO:kbc-cli.py:Epoch 60/100	dev results	MRR 0.794595	H@1 0.673367	H@3 0.907035	H@5 0.962312	H@10 1.000000	H@20 1.000000	H@50 1.000000	H@100 1.000000
INFO:kbc-cli.py:Epoch 60/100	test results	MRR 0.766296	H@1 0.624378	H@3 0.893035	H@5 0.977612	H@10 1.000000	H@20 1.000000	H@50 1.000000	H@100 1.000000
INFO:kbc-cli.py:Epoch 61/100	Loss 3.5119 ± 0.0925
INFO:kbc-cli.py:Epoch 62/100	Loss 3.5136 ± 0.0923
INFO:kbc-cli.py:Epoch 63/100	Loss 3.5131 ± 0.0989
INFO:kbc-cli.py:Epoch 63/100	dev results	MRR 0.787603	H@1 0.655779	H@3 0.902010	H@5 0.972362	H@10 1.000000	H@20 1.000000	H@50 1.000000	H@100 1.000000
INFO:kbc-cli.py:Epoch 63/100	test results	MRR 0.766524	H@1 0.626866	H@3 0.883085	H@5 0.977612	H@10 1.000000	H@20 1.000000	H@50 1.000000	H@100 1.000000
INFO:kbc-cli.py:Epoch 64/100	Loss 3.5102 ± 0.0975
INFO:kbc-cli.py:Epoch 65/100	Loss 3.5027 ± 0.0984
INFO:kbc-cli.py:Epoch 66/100	Loss 3.4876 ± 0.0646
INFO:kbc-cli.py:Epoch 66/100	dev results	MRR 0.789391	H@1 0.665829	H@3 0.891960	H@5 0.967337	H@10 1.000000	H@20 1.000000	H@50 1.000000	H@100 1.000000
INFO:kbc-cli.py:Epoch 66/100	test results	MRR 0.762526	H@1 0.614428	H@3 0.888060	H@5 0.975124	H@10 1.000000	H@20 1.000000	H@50 1.000000	H@100 1.000000
INFO:kbc-cli.py:Epoch 67/100	Loss 3.4945 ± 0.0683
INFO:kbc-cli.py:Epoch 68/100	Loss 3.4967 ± 0.0944
INFO:kbc-cli.py:Epoch 69/100	Loss 3.4918 ± 0.0773
INFO:kbc-cli.py:Epoch 69/100	dev results	MRR 0.788880	H@1 0.658291	H@3 0.902010	H@5 0.962312	H@10 1.000000	H@20 1.000000	H@50 1.000000	H@100 1.000000
INFO:kbc-cli.py:Epoch 69/100	test results	MRR 0.757198	H@1 0.611940	H@3 0.885572	H@5 0.972637	H@10 1.000000	H@20 1.000000	H@50 1.000000	H@100 1.000000
INFO:kbc-cli.py:Epoch 70/100	Loss 3.4902 ± 0.0254
INFO:kbc-cli.py:Epoch 71/100	Loss 3.4846 ± 0.0627
INFO:kbc-cli.py:Epoch 72/100	Loss 3.4663 ± 0.1206
INFO:kbc-cli.py:Epoch 72/100	dev results	MRR 0.790032	H@1 0.663317	H@3 0.899497	H@5 0.964824	H@10 1.000000	H@20 1.000000	H@50 1.000000	H@100 1.000000
INFO:kbc-cli.py:Epoch 72/100	test results	MRR 0.765639	H@1 0.629353	H@3 0.885572	H@5 0.980100	H@10 1.000000	H@20 1.000000	H@50 1.000000	H@100 1.000000
INFO:kbc-cli.py:Epoch 73/100	Loss 3.4783 ± 0.0502
INFO:kbc-cli.py:Epoch 74/100	Loss 3.4881 ± 0.0649
INFO:kbc-cli.py:Epoch 75/100	Loss 3.4898 ± 0.0842
INFO:kbc-cli.py:Epoch 75/100	dev results	MRR 0.791134	H@1 0.663317	H@3 0.899497	H@5 0.969849	H@10 1.000000	H@20 1.000000	H@50 1.000000	H@100 1.000000
INFO:kbc-cli.py:Epoch 75/100	test results	MRR 0.764115	H@1 0.626866	H@3 0.885572	H@5 0.972637	H@10 1.000000	H@20 1.000000	H@50 1.000000	H@100 1.000000
INFO:kbc-cli.py:Epoch 76/100	Loss 3.4837 ± 0.0819
INFO:kbc-cli.py:Epoch 77/100	Loss 3.4897 ± 0.0667
INFO:kbc-cli.py:Epoch 78/100	Loss 3.4938 ± 0.0916
INFO:kbc-cli.py:Epoch 78/100	dev results	MRR 0.794907	H@1 0.673367	H@3 0.899497	H@5 0.962312	H@10 1.000000	H@20 1.000000	H@50 1.000000	H@100 1.000000
INFO:kbc-cli.py:Epoch 78/100	test results	MRR 0.765335	H@1 0.626866	H@3 0.890547	H@5 0.970149	H@10 1.000000	H@20 1.000000	H@50 1.000000	H@100 1.000000
INFO:kbc-cli.py:Epoch 79/100	Loss 3.4951 ± 0.0742
INFO:kbc-cli.py:Epoch 80/100	Loss 3.4821 ± 0.0617
INFO:kbc-cli.py:Epoch 81/100	Loss 3.4791 ± 0.0379
INFO:kbc-cli.py:Epoch 81/100	dev results	MRR 0.789313	H@1 0.660804	H@3 0.896985	H@5 0.972362	H@10 1.000000	H@20 1.000000	H@50 1.000000	H@100 1.000000
INFO:kbc-cli.py:Epoch 81/100	test results	MRR 0.766959	H@1 0.629353	H@3 0.883085	H@5 0.980100	H@10 1.000000	H@20 1.000000	H@50 1.000000	H@100 1.000000
INFO:kbc-cli.py:Epoch 82/100	Loss 3.4753 ± 0.0622
INFO:kbc-cli.py:Epoch 83/100	Loss 3.4769 ± 0.0373
INFO:kbc-cli.py:Epoch 84/100	Loss 3.4806 ± 0.0817
INFO:kbc-cli.py:Epoch 84/100	dev results	MRR 0.789134	H@1 0.660804	H@3 0.899497	H@5 0.972362	H@10 1.000000	H@20 1.000000	H@50 1.000000	H@100 1.000000
INFO:kbc-cli.py:Epoch 84/100	test results	MRR 0.764931	H@1 0.624378	H@3 0.878109	H@5 0.977612	H@10 1.000000	H@20 1.000000	H@50 1.000000	H@100 1.000000
INFO:kbc-cli.py:Epoch 85/100	Loss 3.4901 ± 0.1191
INFO:kbc-cli.py:Epoch 86/100	Loss 3.4756 ± 0.0352
INFO:kbc-cli.py:Epoch 87/100	Loss 3.4932 ± 0.1055
INFO:kbc-cli.py:Epoch 87/100	dev results	MRR 0.790032	H@1 0.660804	H@3 0.904523	H@5 0.969849	H@10 1.000000	H@20 1.000000	H@50 1.000000	H@100 1.000000
INFO:kbc-cli.py:Epoch 87/100	test results	MRR 0.765535	H@1 0.626866	H@3 0.885572	H@5 0.975124	H@10 1.000000	H@20 1.000000	H@50 1.000000	H@100 1.000000
INFO:kbc-cli.py:Epoch 88/100	Loss 3.4873 ± 0.0852
INFO:kbc-cli.py:Epoch 89/100	Loss 3.4690 ± 0.0809
INFO:kbc-cli.py:Epoch 90/100	Loss 3.4739 ± 0.0480
INFO:kbc-cli.py:Epoch 90/100	dev results	MRR 0.788356	H@1 0.658291	H@3 0.902010	H@5 0.967337	H@10 1.000000	H@20 1.000000	H@50 1.000000	H@100 1.000000
INFO:kbc-cli.py:Epoch 90/100	test results	MRR 0.757379	H@1 0.611940	H@3 0.880597	H@5 0.975124	H@10 1.000000	H@20 1.000000	H@50 1.000000	H@100 1.000000
INFO:kbc-cli.py:Epoch 91/100	Loss 3.4717 ± 0.0527
INFO:kbc-cli.py:Epoch 92/100	Loss 3.4732 ± 0.0627
INFO:kbc-cli.py:Epoch 93/100	Loss 3.4846 ± 0.1032
INFO:kbc-cli.py:Epoch 93/100	dev results	MRR 0.787634	H@1 0.655779	H@3 0.907035	H@5 0.969849	H@10 1.000000	H@20 1.000000	H@50 1.000000	H@100 1.000000
INFO:kbc-cli.py:Epoch 93/100	test results	MRR 0.770845	H@1 0.639303	H@3 0.878109	H@5 0.970149	H@10 1.000000	H@20 1.000000	H@50 1.000000	H@100 1.000000
INFO:kbc-cli.py:Epoch 94/100	Loss 3.4723 ± 0.0729
INFO:kbc-cli.py:Epoch 95/100	Loss 3.4842 ± 0.1024
INFO:kbc-cli.py:Epoch 96/100	Loss 3.4706 ± 0.0931
INFO:kbc-cli.py:Epoch 96/100	dev results	MRR 0.787667	H@1 0.653266	H@3 0.904523	H@5 0.967337	H@10 1.000000	H@20 1.000000	H@50 1.000000	H@100 1.000000
INFO:kbc-cli.py:Epoch 96/100	test results	MRR 0.765759	H@1 0.631841	H@3 0.868159	H@5 0.972637	H@10 1.000000	H@20 1.000000	H@50 1.000000	H@100 1.000000
INFO:kbc-cli.py:Epoch 97/100	Loss 3.4818 ± 0.0926
INFO:kbc-cli.py:Epoch 98/100	Loss 3.4700 ± 0.0564
INFO:kbc-cli.py:Epoch 99/100	Loss 3.4730 ± 0.0708
INFO:kbc-cli.py:Epoch 99/100	dev results	MRR 0.789659	H@1 0.660804	H@3 0.904523	H@5 0.964824	H@10 1.000000	H@20 1.000000	H@50 1.000000	H@100 1.000000
INFO:kbc-cli.py:Epoch 99/100	test results	MRR 0.759330	H@1 0.619403	H@3 0.878109	H@5 0.972637	H@10 1.000000	H@20 1.000000	H@50 1.000000	H@100 1.000000
INFO:kbc-cli.py:Epoch 100/100	Loss 3.4552 ± 0.0453
INFO:kbc-cli.py:Final 	dev results	MRR 0.784528	H@1 0.650754	H@3 0.904523	H@5 0.969849	H@10 1.000000	H@20 1.000000	H@50 1.000000	H@100 1.000000
INFO:kbc-cli.py:Final 	test results	MRR 0.757444	H@1 0.616915	H@3 0.870647	H@5 0.970149	H@10 1.000000	H@20 1.000000	H@50 1.000000	H@100 1.000000
INFO:kbc-cli.py:Training finished
