./bin/kbc-cli.py --train data/nations/train.tsv --dev data/nations/dev.tsv --test data/nations/test.tsv -m complex -k 200 -b 50 -e 100 --F2 0 --N3 0.0001 -l 0.1 -I standard -V 3 -o adagrad -c spo -q
{'F2': 0.0,
 'N3': 0.0001,
 'batch_size': 50,
 'corruption': 'spo',
 'dev': 'data/nations/dev.tsv',
 'embedding_size': 200,
 'epochs': 100,
 'eval_batch_size': None,
 'input_type': 'standard',
 'learning_rate': 0.1,
 'load': None,
 'model': 'complex',
 'optimizer': 'adagrad',
 'quiet': True,
 'save': None,
 'seed': 0,
 'test': 'data/nations/test.tsv',
 'test_i': None,
 'test_ii': None,
 'train': 'data/nations/train.tsv',
 'validate_every': 3}
INFO:kbc-cli.py:Device: cuda
INFO:kbc-cli.py:Model state:
INFO:kbc-cli.py:	entities.weight	torch.Size([14, 400])
INFO:kbc-cli.py:	predicates.weight	torch.Size([55, 400])
INFO:kbc-cli.py:Epoch 1/100	Loss 9.2124 ± 0.2650
INFO:kbc-cli.py:Epoch 2/100	Loss 7.7917 ± 0.1922
INFO:kbc-cli.py:Epoch 3/100	Loss 7.1908 ± 0.3135
INFO:kbc-cli.py:Epoch 3/100	dev results	MRR 0.763058	H@1 0.640704	H@3 0.854271	H@5 0.949749	H@10 0.997487	H@20 1.000000	H@50 1.000000	H@100 1.000000
INFO:kbc-cli.py:Epoch 3/100	test results	MRR 0.761603	H@1 0.626866	H@3 0.870647	H@5 0.950249	H@10 0.997512	H@20 1.000000	H@50 1.000000	H@100 1.000000
INFO:kbc-cli.py:Epoch 4/100	Loss 6.8574 ± 0.3169
INFO:kbc-cli.py:Epoch 5/100	Loss 6.6434 ± 0.3166
INFO:kbc-cli.py:Epoch 6/100	Loss 6.5010 ± 0.3406
INFO:kbc-cli.py:Epoch 6/100	dev results	MRR 0.783617	H@1 0.668342	H@3 0.871859	H@5 0.952261	H@10 0.994975	H@20 1.000000	H@50 1.000000	H@100 1.000000
INFO:kbc-cli.py:Epoch 6/100	test results	MRR 0.779092	H@1 0.654229	H@3 0.885572	H@5 0.957711	H@10 0.997512	H@20 1.000000	H@50 1.000000	H@100 1.000000
INFO:kbc-cli.py:Epoch 7/100	Loss 6.3996 ± 0.2866
INFO:kbc-cli.py:Epoch 8/100	Loss 6.3141 ± 0.3185
INFO:kbc-cli.py:Epoch 9/100	Loss 6.2547 ± 0.3005
INFO:kbc-cli.py:Epoch 9/100	dev results	MRR 0.781851	H@1 0.660804	H@3 0.871859	H@5 0.954774	H@10 0.994975	H@20 1.000000	H@50 1.000000	H@100 1.000000
INFO:kbc-cli.py:Epoch 9/100	test results	MRR 0.784128	H@1 0.664179	H@3 0.893035	H@5 0.957711	H@10 0.997512	H@20 1.000000	H@50 1.000000	H@100 1.000000
INFO:kbc-cli.py:Epoch 10/100	Loss 6.2032 ± 0.3364
INFO:kbc-cli.py:Epoch 11/100	Loss 6.1645 ± 0.3083
INFO:kbc-cli.py:Epoch 12/100	Loss 6.1260 ± 0.2948
INFO:kbc-cli.py:Epoch 12/100	dev results	MRR 0.791252	H@1 0.678392	H@3 0.864322	H@5 0.959799	H@10 0.994975	H@20 1.000000	H@50 1.000000	H@100 1.000000
INFO:kbc-cli.py:Epoch 12/100	test results	MRR 0.786458	H@1 0.669154	H@3 0.885572	H@5 0.962687	H@10 0.997512	H@20 1.000000	H@50 1.000000	H@100 1.000000
INFO:kbc-cli.py:Epoch 13/100	Loss 6.0937 ± 0.2568
INFO:kbc-cli.py:Epoch 14/100	Loss 6.0699 ± 0.2552
INFO:kbc-cli.py:Epoch 15/100	Loss 6.0416 ± 0.2366
INFO:kbc-cli.py:Epoch 15/100	dev results	MRR 0.792526	H@1 0.678392	H@3 0.874372	H@5 0.962312	H@10 0.994975	H@20 1.000000	H@50 1.000000	H@100 1.000000
INFO:kbc-cli.py:Epoch 15/100	test results	MRR 0.793184	H@1 0.681592	H@3 0.890547	H@5 0.962687	H@10 0.997512	H@20 1.000000	H@50 1.000000	H@100 1.000000
INFO:kbc-cli.py:Epoch 16/100	Loss 6.0214 ± 0.2746
INFO:kbc-cli.py:Epoch 17/100	Loss 6.0042 ± 0.2871
INFO:kbc-cli.py:Epoch 18/100	Loss 5.9814 ± 0.2662
INFO:kbc-cli.py:Epoch 18/100	dev results	MRR 0.787044	H@1 0.668342	H@3 0.879397	H@5 0.957286	H@10 0.994975	H@20 1.000000	H@50 1.000000	H@100 1.000000
INFO:kbc-cli.py:Epoch 18/100	test results	MRR 0.790693	H@1 0.676617	H@3 0.890547	H@5 0.960199	H@10 0.997512	H@20 1.000000	H@50 1.000000	H@100 1.000000
INFO:kbc-cli.py:Epoch 19/100	Loss 5.9712 ± 0.2627
INFO:kbc-cli.py:Epoch 20/100	Loss 5.9585 ± 0.2330
INFO:kbc-cli.py:Epoch 21/100	Loss 5.9427 ± 0.3129
INFO:kbc-cli.py:Epoch 21/100	dev results	MRR 0.788300	H@1 0.670854	H@3 0.889447	H@5 0.959799	H@10 0.994975	H@20 1.000000	H@50 1.000000	H@100 1.000000
INFO:kbc-cli.py:Epoch 21/100	test results	MRR 0.797565	H@1 0.689055	H@3 0.890547	H@5 0.965174	H@10 0.997512	H@20 1.000000	H@50 1.000000	H@100 1.000000
INFO:kbc-cli.py:Epoch 22/100	Loss 5.9291 ± 0.2787
INFO:kbc-cli.py:Epoch 23/100	Loss 5.9189 ± 0.2723
INFO:kbc-cli.py:Epoch 24/100	Loss 5.9084 ± 0.2683
INFO:kbc-cli.py:Epoch 24/100	dev results	MRR 0.788491	H@1 0.668342	H@3 0.886935	H@5 0.957286	H@10 0.994975	H@20 1.000000	H@50 1.000000	H@100 1.000000
INFO:kbc-cli.py:Epoch 24/100	test results	MRR 0.793650	H@1 0.679104	H@3 0.895522	H@5 0.965174	H@10 0.997512	H@20 1.000000	H@50 1.000000	H@100 1.000000
INFO:kbc-cli.py:Epoch 25/100	Loss 5.8957 ± 0.2460
INFO:kbc-cli.py:Epoch 26/100	Loss 5.8887 ± 0.2370
INFO:kbc-cli.py:Epoch 27/100	Loss 5.8794 ± 0.2684
INFO:kbc-cli.py:Epoch 27/100	dev results	MRR 0.789514	H@1 0.668342	H@3 0.879397	H@5 0.959799	H@10 0.994975	H@20 1.000000	H@50 1.000000	H@100 1.000000
INFO:kbc-cli.py:Epoch 27/100	test results	MRR 0.793733	H@1 0.681592	H@3 0.893035	H@5 0.962687	H@10 0.997512	H@20 1.000000	H@50 1.000000	H@100 1.000000
INFO:kbc-cli.py:Epoch 28/100	Loss 5.8730 ± 0.1809
INFO:kbc-cli.py:Epoch 29/100	Loss 5.8643 ± 0.2090
INFO:kbc-cli.py:Epoch 30/100	Loss 5.8536 ± 0.2246
INFO:kbc-cli.py:Epoch 30/100	dev results	MRR 0.788802	H@1 0.668342	H@3 0.881910	H@5 0.962312	H@10 0.994975	H@20 1.000000	H@50 1.000000	H@100 1.000000
INFO:kbc-cli.py:Epoch 30/100	test results	MRR 0.794289	H@1 0.684080	H@3 0.895522	H@5 0.962687	H@10 0.997512	H@20 1.000000	H@50 1.000000	H@100 1.000000
INFO:kbc-cli.py:Epoch 31/100	Loss 5.8479 ± 0.2288
INFO:kbc-cli.py:Epoch 32/100	Loss 5.8397 ± 0.2050
INFO:kbc-cli.py:Epoch 33/100	Loss 5.8391 ± 0.2899
INFO:kbc-cli.py:Epoch 33/100	dev results	MRR 0.789687	H@1 0.668342	H@3 0.889447	H@5 0.962312	H@10 0.997487	H@20 1.000000	H@50 1.000000	H@100 1.000000
INFO:kbc-cli.py:Epoch 33/100	test results	MRR 0.789435	H@1 0.674129	H@3 0.895522	H@5 0.960199	H@10 0.997512	H@20 1.000000	H@50 1.000000	H@100 1.000000
INFO:kbc-cli.py:Epoch 34/100	Loss 5.8272 ± 0.2189
INFO:kbc-cli.py:Epoch 35/100	Loss 5.8242 ± 0.2472
INFO:kbc-cli.py:Epoch 36/100	Loss 5.8205 ± 0.2884
INFO:kbc-cli.py:Epoch 36/100	dev results	MRR 0.790455	H@1 0.670854	H@3 0.886935	H@5 0.962312	H@10 0.997487	H@20 1.000000	H@50 1.000000	H@100 1.000000
INFO:kbc-cli.py:Epoch 36/100	test results	MRR 0.793339	H@1 0.679104	H@3 0.895522	H@5 0.962687	H@10 0.997512	H@20 1.000000	H@50 1.000000	H@100 1.000000
INFO:kbc-cli.py:Epoch 37/100	Loss 5.8137 ± 0.2169
INFO:kbc-cli.py:Epoch 38/100	Loss 5.8064 ± 0.1802
INFO:kbc-cli.py:Epoch 39/100	Loss 5.8003 ± 0.1824
INFO:kbc-cli.py:Epoch 39/100	dev results	MRR 0.785952	H@1 0.660804	H@3 0.886935	H@5 0.962312	H@10 0.994975	H@20 1.000000	H@50 1.000000	H@100 1.000000
INFO:kbc-cli.py:Epoch 39/100	test results	MRR 0.793716	H@1 0.681592	H@3 0.895522	H@5 0.962687	H@10 0.997512	H@20 1.000000	H@50 1.000000	H@100 1.000000
INFO:kbc-cli.py:Epoch 40/100	Loss 5.7983 ± 0.2654
INFO:kbc-cli.py:Epoch 41/100	Loss 5.7986 ± 0.2848
INFO:kbc-cli.py:Epoch 42/100	Loss 5.7902 ± 0.2102
INFO:kbc-cli.py:Epoch 42/100	dev results	MRR 0.787485	H@1 0.665829	H@3 0.889447	H@5 0.962312	H@10 0.997487	H@20 1.000000	H@50 1.000000	H@100 1.000000
INFO:kbc-cli.py:Epoch 42/100	test results	MRR 0.795340	H@1 0.681592	H@3 0.902985	H@5 0.960199	H@10 0.997512	H@20 1.000000	H@50 1.000000	H@100 1.000000
INFO:kbc-cli.py:Epoch 43/100	Loss 5.7867 ± 0.2251
INFO:kbc-cli.py:Epoch 44/100	Loss 5.7812 ± 0.2684
INFO:kbc-cli.py:Epoch 45/100	Loss 5.7769 ± 0.2147
INFO:kbc-cli.py:Epoch 45/100	dev results	MRR 0.787672	H@1 0.665829	H@3 0.891960	H@5 0.962312	H@10 0.994975	H@20 1.000000	H@50 1.000000	H@100 1.000000
INFO:kbc-cli.py:Epoch 45/100	test results	MRR 0.792403	H@1 0.674129	H@3 0.902985	H@5 0.960199	H@10 0.997512	H@20 1.000000	H@50 1.000000	H@100 1.000000
INFO:kbc-cli.py:Epoch 46/100	Loss 5.7744 ± 0.2185
INFO:kbc-cli.py:Epoch 47/100	Loss 5.7696 ± 0.2210
INFO:kbc-cli.py:Epoch 48/100	Loss 5.7683 ± 0.1981
INFO:kbc-cli.py:Epoch 48/100	dev results	MRR 0.790702	H@1 0.673367	H@3 0.889447	H@5 0.962312	H@10 0.994975	H@20 1.000000	H@50 1.000000	H@100 1.000000
INFO:kbc-cli.py:Epoch 48/100	test results	MRR 0.793647	H@1 0.676617	H@3 0.907960	H@5 0.960199	H@10 0.997512	H@20 1.000000	H@50 1.000000	H@100 1.000000
INFO:kbc-cli.py:Epoch 49/100	Loss 5.7648 ± 0.1935
INFO:kbc-cli.py:Epoch 50/100	Loss 5.7608 ± 0.1766
INFO:kbc-cli.py:Epoch 51/100	Loss 5.7582 ± 0.1987
INFO:kbc-cli.py:Epoch 51/100	dev results	MRR 0.792966	H@1 0.673367	H@3 0.894472	H@5 0.962312	H@10 0.994975	H@20 1.000000	H@50 1.000000	H@100 1.000000
INFO:kbc-cli.py:Epoch 51/100	test results	MRR 0.795886	H@1 0.684080	H@3 0.902985	H@5 0.960199	H@10 0.997512	H@20 1.000000	H@50 1.000000	H@100 1.000000
INFO:kbc-cli.py:Epoch 52/100	Loss 5.7565 ± 0.2141
INFO:kbc-cli.py:Epoch 53/100	Loss 5.7536 ± 0.2653
INFO:kbc-cli.py:Epoch 54/100	Loss 5.7502 ± 0.2195
INFO:kbc-cli.py:Epoch 54/100	dev results	MRR 0.791650	H@1 0.673367	H@3 0.884422	H@5 0.962312	H@10 0.994975	H@20 1.000000	H@50 1.000000	H@100 1.000000
INFO:kbc-cli.py:Epoch 54/100	test results	MRR 0.794891	H@1 0.681592	H@3 0.902985	H@5 0.960199	H@10 0.997512	H@20 1.000000	H@50 1.000000	H@100 1.000000
INFO:kbc-cli.py:Epoch 55/100	Loss 5.7469 ± 0.2494
INFO:kbc-cli.py:Epoch 56/100	Loss 5.7422 ± 0.2285
INFO:kbc-cli.py:Epoch 57/100	Loss 5.7403 ± 0.1916
INFO:kbc-cli.py:Epoch 57/100	dev results	MRR 0.789825	H@1 0.668342	H@3 0.891960	H@5 0.962312	H@10 0.994975	H@20 1.000000	H@50 1.000000	H@100 1.000000
INFO:kbc-cli.py:Epoch 57/100	test results	MRR 0.794121	H@1 0.679104	H@3 0.907960	H@5 0.960199	H@10 0.997512	H@20 1.000000	H@50 1.000000	H@100 1.000000
INFO:kbc-cli.py:Epoch 58/100	Loss 5.7395 ± 0.2377
INFO:kbc-cli.py:Epoch 59/100	Loss 5.7353 ± 0.2084
INFO:kbc-cli.py:Epoch 60/100	Loss 5.7340 ± 0.1924
INFO:kbc-cli.py:Epoch 60/100	dev results	MRR 0.791248	H@1 0.673367	H@3 0.891960	H@5 0.964824	H@10 0.997487	H@20 1.000000	H@50 1.000000	H@100 1.000000
INFO:kbc-cli.py:Epoch 60/100	test results	MRR 0.794065	H@1 0.679104	H@3 0.905473	H@5 0.960199	H@10 0.997512	H@20 1.000000	H@50 1.000000	H@100 1.000000
INFO:kbc-cli.py:Epoch 61/100	Loss 5.7321 ± 0.2095
INFO:kbc-cli.py:Epoch 62/100	Loss 5.7303 ± 0.2506
INFO:kbc-cli.py:Epoch 63/100	Loss 5.7261 ± 0.2379
INFO:kbc-cli.py:Epoch 63/100	dev results	MRR 0.792966	H@1 0.675879	H@3 0.889447	H@5 0.962312	H@10 0.994975	H@20 1.000000	H@50 1.000000	H@100 1.000000
INFO:kbc-cli.py:Epoch 63/100	test results	MRR 0.793941	H@1 0.679104	H@3 0.905473	H@5 0.960199	H@10 0.997512	H@20 1.000000	H@50 1.000000	H@100 1.000000
INFO:kbc-cli.py:Epoch 64/100	Loss 5.7233 ± 0.2174
INFO:kbc-cli.py:Epoch 65/100	Loss 5.7243 ± 0.2039
INFO:kbc-cli.py:Epoch 66/100	Loss 5.7213 ± 0.2269
INFO:kbc-cli.py:Epoch 66/100	dev results	MRR 0.793132	H@1 0.675879	H@3 0.894472	H@5 0.964824	H@10 0.997487	H@20 1.000000	H@50 1.000000	H@100 1.000000
INFO:kbc-cli.py:Epoch 66/100	test results	MRR 0.793250	H@1 0.679104	H@3 0.905473	H@5 0.960199	H@10 0.997512	H@20 1.000000	H@50 1.000000	H@100 1.000000
INFO:kbc-cli.py:Epoch 67/100	Loss 5.7156 ± 0.2238
INFO:kbc-cli.py:Epoch 68/100	Loss 5.7170 ± 0.2176
INFO:kbc-cli.py:Epoch 69/100	Loss 5.7120 ± 0.1870
INFO:kbc-cli.py:Epoch 69/100	dev results	MRR 0.789718	H@1 0.670854	H@3 0.891960	H@5 0.962312	H@10 0.994975	H@20 1.000000	H@50 1.000000	H@100 1.000000
INFO:kbc-cli.py:Epoch 69/100	test results	MRR 0.794825	H@1 0.681592	H@3 0.902985	H@5 0.960199	H@10 0.997512	H@20 1.000000	H@50 1.000000	H@100 1.000000
INFO:kbc-cli.py:Epoch 70/100	Loss 5.7120 ± 0.2123
INFO:kbc-cli.py:Epoch 71/100	Loss 5.7092 ± 0.2058
INFO:kbc-cli.py:Epoch 72/100	Loss 5.7076 ± 0.1784
INFO:kbc-cli.py:Epoch 72/100	dev results	MRR 0.791246	H@1 0.673367	H@3 0.889447	H@5 0.962312	H@10 0.994975	H@20 1.000000	H@50 1.000000	H@100 1.000000
INFO:kbc-cli.py:Epoch 72/100	test results	MRR 0.792255	H@1 0.676617	H@3 0.902985	H@5 0.957711	H@10 0.997512	H@20 1.000000	H@50 1.000000	H@100 1.000000
INFO:kbc-cli.py:Epoch 73/100	Loss 5.7058 ± 0.2280
INFO:kbc-cli.py:Epoch 74/100	Loss 5.7064 ± 0.1944
INFO:kbc-cli.py:Epoch 75/100	Loss 5.7022 ± 0.2063
INFO:kbc-cli.py:Epoch 75/100	dev results	MRR 0.791539	H@1 0.673367	H@3 0.884422	H@5 0.962312	H@10 0.994975	H@20 1.000000	H@50 1.000000	H@100 1.000000
INFO:kbc-cli.py:Epoch 75/100	test results	MRR 0.795682	H@1 0.684080	H@3 0.900498	H@5 0.957711	H@10 0.997512	H@20 1.000000	H@50 1.000000	H@100 1.000000
INFO:kbc-cli.py:Epoch 76/100	Loss 5.7002 ± 0.1911
INFO:kbc-cli.py:Epoch 77/100	Loss 5.7010 ± 0.2134
INFO:kbc-cli.py:Epoch 78/100	Loss 5.6961 ± 0.1555
INFO:kbc-cli.py:Epoch 78/100	dev results	MRR 0.787289	H@1 0.665829	H@3 0.889447	H@5 0.962312	H@10 0.994975	H@20 1.000000	H@50 1.000000	H@100 1.000000
INFO:kbc-cli.py:Epoch 78/100	test results	MRR 0.793789	H@1 0.679104	H@3 0.902985	H@5 0.957711	H@10 0.997512	H@20 1.000000	H@50 1.000000	H@100 1.000000
INFO:kbc-cli.py:Epoch 79/100	Loss 5.6963 ± 0.2069
INFO:kbc-cli.py:Epoch 80/100	Loss 5.6943 ± 0.1947
INFO:kbc-cli.py:Epoch 81/100	Loss 5.6919 ± 0.2118
INFO:kbc-cli.py:Epoch 81/100	dev results	MRR 0.789489	H@1 0.668342	H@3 0.891960	H@5 0.962312	H@10 0.997487	H@20 1.000000	H@50 1.000000	H@100 1.000000
INFO:kbc-cli.py:Epoch 81/100	test results	MRR 0.796277	H@1 0.684080	H@3 0.902985	H@5 0.957711	H@10 0.997512	H@20 1.000000	H@50 1.000000	H@100 1.000000
INFO:kbc-cli.py:Epoch 82/100	Loss 5.6918 ± 0.1798
INFO:kbc-cli.py:Epoch 83/100	Loss 5.6891 ± 0.1951
INFO:kbc-cli.py:Epoch 84/100	Loss 5.6892 ± 0.2159
INFO:kbc-cli.py:Epoch 84/100	dev results	MRR 0.788629	H@1 0.668342	H@3 0.886935	H@5 0.962312	H@10 0.994975	H@20 1.000000	H@50 1.000000	H@100 1.000000
INFO:kbc-cli.py:Epoch 84/100	test results	MRR 0.796277	H@1 0.684080	H@3 0.902985	H@5 0.957711	H@10 0.997512	H@20 1.000000	H@50 1.000000	H@100 1.000000
INFO:kbc-cli.py:Epoch 85/100	Loss 5.6879 ± 0.2346
INFO:kbc-cli.py:Epoch 86/100	Loss 5.6852 ± 0.1772
INFO:kbc-cli.py:Epoch 87/100	Loss 5.6814 ± 0.1966
INFO:kbc-cli.py:Epoch 87/100	dev results	MRR 0.790035	H@1 0.670854	H@3 0.884422	H@5 0.962312	H@10 0.994975	H@20 1.000000	H@50 1.000000	H@100 1.000000
INFO:kbc-cli.py:Epoch 87/100	test results	MRR 0.797147	H@1 0.684080	H@3 0.900498	H@5 0.957711	H@10 0.997512	H@20 1.000000	H@50 1.000000	H@100 1.000000
INFO:kbc-cli.py:Epoch 88/100	Loss 5.6795 ± 0.2137
INFO:kbc-cli.py:Epoch 89/100	Loss 5.6810 ± 0.1737
INFO:kbc-cli.py:Epoch 90/100	Loss 5.6814 ± 0.1958
INFO:kbc-cli.py:Epoch 90/100	dev results	MRR 0.788861	H@1 0.668342	H@3 0.884422	H@5 0.962312	H@10 0.997487	H@20 1.000000	H@50 1.000000	H@100 1.000000
INFO:kbc-cli.py:Epoch 90/100	test results	MRR 0.794480	H@1 0.679104	H@3 0.902985	H@5 0.957711	H@10 0.997512	H@20 1.000000	H@50 1.000000	H@100 1.000000
INFO:kbc-cli.py:Epoch 91/100	Loss 5.6779 ± 0.1879
INFO:kbc-cli.py:Epoch 92/100	Loss 5.6770 ± 0.2279
INFO:kbc-cli.py:Epoch 93/100	Loss 5.6763 ± 0.1824
INFO:kbc-cli.py:Epoch 93/100	dev results	MRR 0.788188	H@1 0.668342	H@3 0.886935	H@5 0.962312	H@10 0.997487	H@20 1.000000	H@50 1.000000	H@100 1.000000
INFO:kbc-cli.py:Epoch 93/100	test results	MRR 0.797354	H@1 0.684080	H@3 0.902985	H@5 0.957711	H@10 0.997512	H@20 1.000000	H@50 1.000000	H@100 1.000000
INFO:kbc-cli.py:Epoch 94/100	Loss 5.6777 ± 0.1561
INFO:kbc-cli.py:Epoch 95/100	Loss 5.6727 ± 0.1700
INFO:kbc-cli.py:Epoch 96/100	Loss 5.6729 ± 0.1794
INFO:kbc-cli.py:Epoch 96/100	dev results	MRR 0.788165	H@1 0.668342	H@3 0.886935	H@5 0.962312	H@10 0.994975	H@20 1.000000	H@50 1.000000	H@100 1.000000
INFO:kbc-cli.py:Epoch 96/100	test results	MRR 0.798971	H@1 0.689055	H@3 0.900498	H@5 0.957711	H@10 0.997512	H@20 1.000000	H@50 1.000000	H@100 1.000000
INFO:kbc-cli.py:Epoch 97/100	Loss 5.6724 ± 0.2177
INFO:kbc-cli.py:Epoch 98/100	Loss 5.6730 ± 0.2117
INFO:kbc-cli.py:Epoch 99/100	Loss 5.6682 ± 0.2196
INFO:kbc-cli.py:Epoch 99/100	dev results	MRR 0.787746	H@1 0.668342	H@3 0.886935	H@5 0.962312	H@10 0.994975	H@20 1.000000	H@50 1.000000	H@100 1.000000
INFO:kbc-cli.py:Epoch 99/100	test results	MRR 0.796691	H@1 0.684080	H@3 0.900498	H@5 0.960199	H@10 0.997512	H@20 1.000000	H@50 1.000000	H@100 1.000000
INFO:kbc-cli.py:Epoch 100/100	Loss 5.6680 ± 0.2053
INFO:kbc-cli.py:Final 	dev results	MRR 0.787746	H@1 0.668342	H@3 0.886935	H@5 0.962312	H@10 0.994975	H@20 1.000000	H@50 1.000000	H@100 1.000000
INFO:kbc-cli.py:Final 	test results	MRR 0.798184	H@1 0.686567	H@3 0.900498	H@5 0.960199	H@10 0.997512	H@20 1.000000	H@50 1.000000	H@100 1.000000
INFO:kbc-cli.py:Training finished
