./bin/kbc-cli.py --train data/umls/train.tsv --dev data/umls/dev.tsv --test data/umls/test.tsv -m complex -k 1000 -b 100 -e 100 --F2 0 --N3 0.0001 -l 0.1 -I reciprocal -V 3 -o adagrad -c so -q
{'F2': 0.0,
 'N3': 0.0001,
 'batch_size': 100,
 'corruption': 'so',
 'dev': 'data/umls/dev.tsv',
 'embedding_size': 1000,
 'epochs': 100,
 'eval_batch_size': None,
 'input_type': 'reciprocal',
 'learning_rate': 0.1,
 'load': None,
 'model': 'complex',
 'optimizer': 'adagrad',
 'quiet': True,
 'save': None,
 'seed': 0,
 'test': 'data/umls/test.tsv',
 'test_i': None,
 'test_ii': None,
 'train': 'data/umls/train.tsv',
 'validate_every': 3}
INFO:kbc-cli.py:Device: cuda
INFO:kbc-cli.py:Model state:
INFO:kbc-cli.py:	entities.weight	torch.Size([135, 2000])
INFO:kbc-cli.py:	predicates.weight	torch.Size([92, 2000])
INFO:kbc-cli.py:Epoch 1/100	Loss 7.5725 ± 1.3001
INFO:kbc-cli.py:Epoch 2/100	Loss 5.8281 ± 0.1718
INFO:kbc-cli.py:Epoch 3/100	Loss 5.5952 ± 0.1821
INFO:kbc-cli.py:Epoch 3/100	dev results	MRR 0.924868	H@1 0.865031	H@3 0.980061	H@5 0.990798	H@10 0.997699	H@20 0.999233	H@50 1.000000	H@100 1.000000
INFO:kbc-cli.py:Epoch 3/100	test results	MRR 0.918711	H@1 0.853253	H@3 0.981089	H@5 0.990166	H@10 0.996974	H@20 0.999244	H@50 0.999244	H@100 1.000000
INFO:kbc-cli.py:Epoch 4/100	Loss 5.4958 ± 0.1838
INFO:kbc-cli.py:Epoch 5/100	Loss 5.4299 ± 0.1874
INFO:kbc-cli.py:Epoch 6/100	Loss 5.3775 ± 0.1922
INFO:kbc-cli.py:Epoch 6/100	dev results	MRR 0.957157	H@1 0.927147	H@3 0.984663	H@5 0.992331	H@10 0.996933	H@20 0.999233	H@50 1.000000	H@100 1.000000
INFO:kbc-cli.py:Epoch 6/100	test results	MRR 0.952427	H@1 0.916036	H@3 0.987141	H@5 0.994705	H@10 0.998487	H@20 0.999244	H@50 1.000000	H@100 1.000000
INFO:kbc-cli.py:Epoch 7/100	Loss 5.3407 ± 0.1897
INFO:kbc-cli.py:Epoch 8/100	Loss 5.3083 ± 0.1845
INFO:kbc-cli.py:Epoch 9/100	Loss 5.2812 ± 0.1888
INFO:kbc-cli.py:Epoch 9/100	dev results	MRR 0.956889	H@1 0.925613	H@3 0.988497	H@5 0.992331	H@10 0.997699	H@20 0.998466	H@50 1.000000	H@100 1.000000
INFO:kbc-cli.py:Epoch 9/100	test results	MRR 0.947929	H@1 0.907716	H@3 0.986384	H@5 0.993192	H@10 0.998487	H@20 0.999244	H@50 1.000000	H@100 1.000000
INFO:kbc-cli.py:Epoch 10/100	Loss 5.2570 ± 0.1795
INFO:kbc-cli.py:Epoch 11/100	Loss 5.2399 ± 0.1816
INFO:kbc-cli.py:Epoch 12/100	Loss 5.2222 ± 0.1852
INFO:kbc-cli.py:Epoch 12/100	dev results	MRR 0.956333	H@1 0.925613	H@3 0.983129	H@5 0.992331	H@10 0.996933	H@20 0.999233	H@50 1.000000	H@100 1.000000
INFO:kbc-cli.py:Epoch 12/100	test results	MRR 0.954495	H@1 0.919818	H@3 0.986384	H@5 0.993192	H@10 0.998487	H@20 0.999244	H@50 1.000000	H@100 1.000000
INFO:kbc-cli.py:Epoch 13/100	Loss 5.2054 ± 0.1559
INFO:kbc-cli.py:Epoch 14/100	Loss 5.1957 ± 0.1816
INFO:kbc-cli.py:Epoch 15/100	Loss 5.1798 ± 0.1670
INFO:kbc-cli.py:Epoch 15/100	dev results	MRR 0.956503	H@1 0.925613	H@3 0.983896	H@5 0.993098	H@10 0.996933	H@20 0.998466	H@50 1.000000	H@100 1.000000
INFO:kbc-cli.py:Epoch 15/100	test results	MRR 0.954707	H@1 0.919818	H@3 0.987897	H@5 0.993949	H@10 0.998487	H@20 0.999244	H@50 1.000000	H@100 1.000000
INFO:kbc-cli.py:Epoch 16/100	Loss 5.1696 ± 0.1638
INFO:kbc-cli.py:Epoch 17/100	Loss 5.1623 ± 0.1560
INFO:kbc-cli.py:Epoch 18/100	Loss 5.1507 ± 0.1581
INFO:kbc-cli.py:Epoch 18/100	dev results	MRR 0.958819	H@1 0.930982	H@3 0.983129	H@5 0.990798	H@10 0.996933	H@20 0.997699	H@50 1.000000	H@100 1.000000
INFO:kbc-cli.py:Epoch 18/100	test results	MRR 0.960575	H@1 0.932678	H@3 0.985628	H@5 0.993192	H@10 0.997731	H@20 0.999244	H@50 1.000000	H@100 1.000000
INFO:kbc-cli.py:Epoch 19/100	Loss 5.1431 ± 0.1693
INFO:kbc-cli.py:Epoch 20/100	Loss 5.1366 ± 0.1762
INFO:kbc-cli.py:Epoch 21/100	Loss 5.1293 ± 0.1674
INFO:kbc-cli.py:Epoch 21/100	dev results	MRR 0.951959	H@1 0.917178	H@3 0.983129	H@5 0.992331	H@10 0.996166	H@20 0.997699	H@50 1.000000	H@100 1.000000
INFO:kbc-cli.py:Epoch 21/100	test results	MRR 0.957216	H@1 0.925870	H@3 0.987141	H@5 0.994705	H@10 0.997731	H@20 0.999244	H@50 1.000000	H@100 1.000000
INFO:kbc-cli.py:Epoch 22/100	Loss 5.1187 ± 0.1790
INFO:kbc-cli.py:Epoch 23/100	Loss 5.1125 ± 0.1562
INFO:kbc-cli.py:Epoch 24/100	Loss 5.1093 ± 0.1626
INFO:kbc-cli.py:Epoch 24/100	dev results	MRR 0.956557	H@1 0.926380	H@3 0.984663	H@5 0.991564	H@10 0.996166	H@20 0.997699	H@50 1.000000	H@100 1.000000
INFO:kbc-cli.py:Epoch 24/100	test results	MRR 0.960689	H@1 0.931921	H@3 0.988654	H@5 0.993949	H@10 0.998487	H@20 0.999244	H@50 1.000000	H@100 1.000000
INFO:kbc-cli.py:Epoch 25/100	Loss 5.1037 ± 0.1686
INFO:kbc-cli.py:Epoch 26/100	Loss 5.0973 ± 0.1661
INFO:kbc-cli.py:Epoch 27/100	Loss 5.0923 ± 0.1437
INFO:kbc-cli.py:Epoch 27/100	dev results	MRR 0.961021	H@1 0.935583	H@3 0.981595	H@5 0.991564	H@10 0.996166	H@20 0.997699	H@50 1.000000	H@100 1.000000
INFO:kbc-cli.py:Epoch 27/100	test results	MRR 0.960960	H@1 0.933434	H@3 0.987141	H@5 0.992436	H@10 0.997731	H@20 0.999244	H@50 0.999244	H@100 1.000000
INFO:kbc-cli.py:Epoch 28/100	Loss 5.0852 ± 0.1666
INFO:kbc-cli.py:Epoch 29/100	Loss 5.0820 ± 0.1508
INFO:kbc-cli.py:Epoch 30/100	Loss 5.0798 ± 0.1569
INFO:kbc-cli.py:Epoch 30/100	dev results	MRR 0.960676	H@1 0.935583	H@3 0.982362	H@5 0.990798	H@10 0.995399	H@20 0.997699	H@50 1.000000	H@100 1.000000
INFO:kbc-cli.py:Epoch 30/100	test results	MRR 0.962135	H@1 0.935703	H@3 0.987141	H@5 0.992436	H@10 0.997731	H@20 0.998487	H@50 0.999244	H@100 1.000000
INFO:kbc-cli.py:Epoch 31/100	Loss 5.0723 ± 0.1518
INFO:kbc-cli.py:Epoch 32/100	Loss 5.0672 ± 0.1429
INFO:kbc-cli.py:Epoch 33/100	Loss 5.0645 ± 0.1513
INFO:kbc-cli.py:Epoch 33/100	dev results	MRR 0.960528	H@1 0.934816	H@3 0.983129	H@5 0.991564	H@10 0.994632	H@20 0.997699	H@50 1.000000	H@100 1.000000
INFO:kbc-cli.py:Epoch 33/100	test results	MRR 0.962980	H@1 0.936460	H@3 0.988654	H@5 0.992436	H@10 0.997731	H@20 0.999244	H@50 0.999244	H@100 1.000000
INFO:kbc-cli.py:Epoch 34/100	Loss 5.0603 ± 0.1364
INFO:kbc-cli.py:Epoch 35/100	Loss 5.0593 ± 0.1429
INFO:kbc-cli.py:Epoch 36/100	Loss 5.0554 ± 0.1431
INFO:kbc-cli.py:Epoch 36/100	dev results	MRR 0.963854	H@1 0.941718	H@3 0.981595	H@5 0.990798	H@10 0.994632	H@20 0.997699	H@50 1.000000	H@100 1.000000
INFO:kbc-cli.py:Epoch 36/100	test results	MRR 0.963445	H@1 0.938729	H@3 0.986384	H@5 0.991679	H@10 0.997731	H@20 0.998487	H@50 1.000000	H@100 1.000000
INFO:kbc-cli.py:Epoch 37/100	Loss 5.0534 ± 0.1412
INFO:kbc-cli.py:Epoch 38/100	Loss 5.0456 ± 0.1544
INFO:kbc-cli.py:Epoch 39/100	Loss 5.0463 ± 0.1546
INFO:kbc-cli.py:Epoch 39/100	dev results	MRR 0.956517	H@1 0.926380	H@3 0.983896	H@5 0.991564	H@10 0.994632	H@20 0.997699	H@50 1.000000	H@100 1.000000
INFO:kbc-cli.py:Epoch 39/100	test results	MRR 0.959277	H@1 0.929652	H@3 0.989410	H@5 0.991679	H@10 0.997731	H@20 0.999244	H@50 0.999244	H@100 1.000000
INFO:kbc-cli.py:Epoch 40/100	Loss 5.0455 ± 0.1590
INFO:kbc-cli.py:Epoch 41/100	Loss 5.0385 ± 0.1365
INFO:kbc-cli.py:Epoch 42/100	Loss 5.0361 ± 0.1533
INFO:kbc-cli.py:Epoch 42/100	dev results	MRR 0.959183	H@1 0.932515	H@3 0.982362	H@5 0.991564	H@10 0.995399	H@20 0.997699	H@50 1.000000	H@100 1.000000
INFO:kbc-cli.py:Epoch 42/100	test results	MRR 0.959767	H@1 0.930408	H@3 0.988654	H@5 0.993192	H@10 0.997731	H@20 0.998487	H@50 0.999244	H@100 1.000000
INFO:kbc-cli.py:Epoch 43/100	Loss 5.0342 ± 0.1381
INFO:kbc-cli.py:Epoch 44/100	Loss 5.0301 ± 0.1517
INFO:kbc-cli.py:Epoch 45/100	Loss 5.0281 ± 0.1549
INFO:kbc-cli.py:Epoch 45/100	dev results	MRR 0.961177	H@1 0.935583	H@3 0.983129	H@5 0.991564	H@10 0.995399	H@20 0.997699	H@50 1.000000	H@100 1.000000
INFO:kbc-cli.py:Epoch 45/100	test results	MRR 0.961299	H@1 0.933434	H@3 0.988654	H@5 0.993192	H@10 0.997731	H@20 0.998487	H@50 0.999244	H@100 1.000000
INFO:kbc-cli.py:Epoch 46/100	Loss 5.0256 ± 0.1454
INFO:kbc-cli.py:Epoch 47/100	Loss 5.0262 ± 0.1491
INFO:kbc-cli.py:Epoch 48/100	Loss 5.0212 ± 0.1457
INFO:kbc-cli.py:Epoch 48/100	dev results	MRR 0.955134	H@1 0.924847	H@3 0.982362	H@5 0.990798	H@10 0.994632	H@20 0.997699	H@50 1.000000	H@100 1.000000
INFO:kbc-cli.py:Epoch 48/100	test results	MRR 0.960916	H@1 0.933434	H@3 0.988654	H@5 0.993192	H@10 0.996974	H@20 0.999244	H@50 0.999244	H@100 1.000000
INFO:kbc-cli.py:Epoch 49/100	Loss 5.0216 ± 0.1518
INFO:kbc-cli.py:Epoch 50/100	Loss 5.0162 ± 0.1251
INFO:kbc-cli.py:Epoch 51/100	Loss 5.0159 ± 0.1629
INFO:kbc-cli.py:Epoch 51/100	dev results	MRR 0.962887	H@1 0.939417	H@3 0.982362	H@5 0.991564	H@10 0.994632	H@20 0.997699	H@50 1.000000	H@100 1.000000
INFO:kbc-cli.py:Epoch 51/100	test results	MRR 0.961566	H@1 0.934191	H@3 0.987897	H@5 0.993192	H@10 0.998487	H@20 0.999244	H@50 1.000000	H@100 1.000000
INFO:kbc-cli.py:Epoch 52/100	Loss 5.0130 ± 0.1447
INFO:kbc-cli.py:Epoch 53/100	Loss 5.0111 ± 0.1441
INFO:kbc-cli.py:Epoch 54/100	Loss 5.0105 ± 0.1539
INFO:kbc-cli.py:Epoch 54/100	dev results	MRR 0.961440	H@1 0.937117	H@3 0.979294	H@5 0.992331	H@10 0.994632	H@20 0.997699	H@50 1.000000	H@100 1.000000
INFO:kbc-cli.py:Epoch 54/100	test results	MRR 0.962976	H@1 0.936460	H@3 0.989410	H@5 0.993192	H@10 0.996974	H@20 0.999244	H@50 0.999244	H@100 1.000000
INFO:kbc-cli.py:Epoch 55/100	Loss 5.0101 ± 0.1477
INFO:kbc-cli.py:Epoch 56/100	Loss 5.0066 ± 0.1336
INFO:kbc-cli.py:Epoch 57/100	Loss 5.0055 ± 0.1357
INFO:kbc-cli.py:Epoch 57/100	dev results	MRR 0.961974	H@1 0.938650	H@3 0.980828	H@5 0.991564	H@10 0.994632	H@20 0.997699	H@50 1.000000	H@100 1.000000
INFO:kbc-cli.py:Epoch 57/100	test results	MRR 0.962168	H@1 0.936460	H@3 0.987897	H@5 0.993192	H@10 0.996974	H@20 0.999244	H@50 0.999244	H@100 1.000000
INFO:kbc-cli.py:Epoch 58/100	Loss 5.0008 ± 0.1350
INFO:kbc-cli.py:Epoch 59/100	Loss 4.9992 ± 0.1419
INFO:kbc-cli.py:Epoch 60/100	Loss 5.0013 ± 0.1317
INFO:kbc-cli.py:Epoch 60/100	dev results	MRR 0.960760	H@1 0.935583	H@3 0.982362	H@5 0.991564	H@10 0.994632	H@20 0.997699	H@50 1.000000	H@100 1.000000
INFO:kbc-cli.py:Epoch 60/100	test results	MRR 0.962872	H@1 0.937216	H@3 0.987897	H@5 0.993192	H@10 0.996974	H@20 0.999244	H@50 0.999244	H@100 1.000000
INFO:kbc-cli.py:Epoch 61/100	Loss 4.9989 ± 0.1393
INFO:kbc-cli.py:Epoch 62/100	Loss 4.9973 ± 0.1572
INFO:kbc-cli.py:Epoch 63/100	Loss 4.9974 ± 0.1433
INFO:kbc-cli.py:Epoch 63/100	dev results	MRR 0.962279	H@1 0.939417	H@3 0.982362	H@5 0.992331	H@10 0.994632	H@20 0.997699	H@50 1.000000	H@100 1.000000
INFO:kbc-cli.py:Epoch 63/100	test results	MRR 0.962618	H@1 0.936460	H@3 0.989410	H@5 0.991679	H@10 0.996974	H@20 0.999244	H@50 0.999244	H@100 1.000000
INFO:kbc-cli.py:Epoch 64/100	Loss 4.9957 ± 0.1490
INFO:kbc-cli.py:Epoch 65/100	Loss 4.9924 ± 0.1347
INFO:kbc-cli.py:Epoch 66/100	Loss 4.9893 ± 0.1666
INFO:kbc-cli.py:Epoch 66/100	dev results	MRR 0.965782	H@1 0.945552	H@3 0.982362	H@5 0.991564	H@10 0.994632	H@20 0.997699	H@50 1.000000	H@100 1.000000
INFO:kbc-cli.py:Epoch 66/100	test results	MRR 0.962365	H@1 0.936460	H@3 0.987897	H@5 0.993192	H@10 0.996974	H@20 0.999244	H@50 0.999244	H@100 1.000000
INFO:kbc-cli.py:Epoch 67/100	Loss 4.9883 ± 0.1302
INFO:kbc-cli.py:Epoch 68/100	Loss 4.9906 ± 0.1512
INFO:kbc-cli.py:Epoch 69/100	Loss 4.9865 ± 0.1267
INFO:kbc-cli.py:Epoch 69/100	dev results	MRR 0.961348	H@1 0.937117	H@3 0.980828	H@5 0.991564	H@10 0.995399	H@20 0.997699	H@50 1.000000	H@100 1.000000
INFO:kbc-cli.py:Epoch 69/100	test results	MRR 0.963059	H@1 0.937216	H@3 0.988654	H@5 0.993192	H@10 0.996974	H@20 0.999244	H@50 0.999244	H@100 1.000000
INFO:kbc-cli.py:Epoch 70/100	Loss 4.9863 ± 0.1374
INFO:kbc-cli.py:Epoch 71/100	Loss 4.9863 ± 0.1572
INFO:kbc-cli.py:Epoch 72/100	Loss 4.9833 ± 0.1294
INFO:kbc-cli.py:Epoch 72/100	dev results	MRR 0.958922	H@1 0.933282	H@3 0.979294	H@5 0.991564	H@10 0.994632	H@20 0.997699	H@50 1.000000	H@100 1.000000
INFO:kbc-cli.py:Epoch 72/100	test results	MRR 0.960956	H@1 0.933434	H@3 0.988654	H@5 0.993192	H@10 0.996974	H@20 0.999244	H@50 0.999244	H@100 1.000000
INFO:kbc-cli.py:Epoch 73/100	Loss 4.9824 ± 0.1466
INFO:kbc-cli.py:Epoch 74/100	Loss 4.9817 ± 0.1422
INFO:kbc-cli.py:Epoch 75/100	Loss 4.9801 ± 0.1329
INFO:kbc-cli.py:Epoch 75/100	dev results	MRR 0.961618	H@1 0.937883	H@3 0.981595	H@5 0.991564	H@10 0.994632	H@20 0.997699	H@50 1.000000	H@100 1.000000
INFO:kbc-cli.py:Epoch 75/100	test results	MRR 0.962302	H@1 0.936460	H@3 0.988654	H@5 0.991679	H@10 0.996974	H@20 0.999244	H@50 0.999244	H@100 1.000000
INFO:kbc-cli.py:Epoch 76/100	Loss 4.9796 ± 0.1289
INFO:kbc-cli.py:Epoch 77/100	Loss 4.9765 ± 0.1368
INFO:kbc-cli.py:Epoch 78/100	Loss 4.9765 ± 0.1363
INFO:kbc-cli.py:Epoch 78/100	dev results	MRR 0.961726	H@1 0.938650	H@3 0.981595	H@5 0.990798	H@10 0.994632	H@20 0.997699	H@50 1.000000	H@100 1.000000
INFO:kbc-cli.py:Epoch 78/100	test results	MRR 0.961359	H@1 0.934947	H@3 0.987141	H@5 0.992436	H@10 0.996974	H@20 0.999244	H@50 0.999244	H@100 1.000000
INFO:kbc-cli.py:Epoch 79/100	Loss 4.9755 ± 0.1530
INFO:kbc-cli.py:Epoch 80/100	Loss 4.9744 ± 0.1291
INFO:kbc-cli.py:Epoch 81/100	Loss 4.9737 ± 0.1407
INFO:kbc-cli.py:Epoch 81/100	dev results	MRR 0.958863	H@1 0.933282	H@3 0.980061	H@5 0.991564	H@10 0.994632	H@20 0.997699	H@50 1.000000	H@100 1.000000
INFO:kbc-cli.py:Epoch 81/100	test results	MRR 0.961399	H@1 0.934191	H@3 0.988654	H@5 0.992436	H@10 0.996974	H@20 0.999244	H@50 0.999244	H@100 1.000000
INFO:kbc-cli.py:Epoch 82/100	Loss 4.9728 ± 0.1320
INFO:kbc-cli.py:Epoch 83/100	Loss 4.9710 ± 0.1350
INFO:kbc-cli.py:Epoch 84/100	Loss 4.9689 ± 0.1320
INFO:kbc-cli.py:Epoch 84/100	dev results	MRR 0.960918	H@1 0.937117	H@3 0.980061	H@5 0.991564	H@10 0.994632	H@20 0.997699	H@50 1.000000	H@100 1.000000
INFO:kbc-cli.py:Epoch 84/100	test results	MRR 0.960893	H@1 0.933434	H@3 0.988654	H@5 0.992436	H@10 0.996974	H@20 0.999244	H@50 0.999244	H@100 1.000000
INFO:kbc-cli.py:Epoch 85/100	Loss 4.9700 ± 0.1406
INFO:kbc-cli.py:Epoch 86/100	Loss 4.9701 ± 0.1368
INFO:kbc-cli.py:Epoch 87/100	Loss 4.9657 ± 0.1263
INFO:kbc-cli.py:Epoch 87/100	dev results	MRR 0.960487	H@1 0.936350	H@3 0.980061	H@5 0.990031	H@10 0.994632	H@20 0.997699	H@50 1.000000	H@100 1.000000
INFO:kbc-cli.py:Epoch 87/100	test results	MRR 0.961944	H@1 0.934947	H@3 0.989410	H@5 0.992436	H@10 0.996974	H@20 0.999244	H@50 0.999244	H@100 1.000000
INFO:kbc-cli.py:Epoch 88/100	Loss 4.9660 ± 0.1298
INFO:kbc-cli.py:Epoch 89/100	Loss 4.9665 ± 0.1376
INFO:kbc-cli.py:Epoch 90/100	Loss 4.9654 ± 0.1293
INFO:kbc-cli.py:Epoch 90/100	dev results	MRR 0.960732	H@1 0.937117	H@3 0.979294	H@5 0.992331	H@10 0.994632	H@20 0.997699	H@50 1.000000	H@100 1.000000
INFO:kbc-cli.py:Epoch 90/100	test results	MRR 0.960130	H@1 0.931921	H@3 0.987897	H@5 0.991679	H@10 0.996974	H@20 0.999244	H@50 0.999244	H@100 1.000000
INFO:kbc-cli.py:Epoch 91/100	Loss 4.9644 ± 0.1316
INFO:kbc-cli.py:Epoch 92/100	Loss 4.9626 ± 0.1320
INFO:kbc-cli.py:Epoch 93/100	Loss 4.9626 ± 0.1343
INFO:kbc-cli.py:Epoch 93/100	dev results	MRR 0.961091	H@1 0.937117	H@3 0.980061	H@5 0.990798	H@10 0.994632	H@20 0.997699	H@50 1.000000	H@100 1.000000
INFO:kbc-cli.py:Epoch 93/100	test results	MRR 0.961416	H@1 0.934191	H@3 0.988654	H@5 0.993192	H@10 0.996974	H@20 0.999244	H@50 0.999244	H@100 1.000000
INFO:kbc-cli.py:Epoch 94/100	Loss 4.9611 ± 0.1499
INFO:kbc-cli.py:Epoch 95/100	Loss 4.9614 ± 0.1305
INFO:kbc-cli.py:Epoch 96/100	Loss 4.9591 ± 0.1341
INFO:kbc-cli.py:Epoch 96/100	dev results	MRR 0.962776	H@1 0.940951	H@3 0.978528	H@5 0.992331	H@10 0.994632	H@20 0.997699	H@50 1.000000	H@100 1.000000
INFO:kbc-cli.py:Epoch 96/100	test results	MRR 0.959795	H@1 0.931165	H@3 0.989410	H@5 0.992436	H@10 0.996974	H@20 0.999244	H@50 0.999244	H@100 1.000000
INFO:kbc-cli.py:Epoch 97/100	Loss 4.9583 ± 0.1278
INFO:kbc-cli.py:Epoch 98/100	Loss 4.9557 ± 0.1388
INFO:kbc-cli.py:Epoch 99/100	Loss 4.9595 ± 0.1245
INFO:kbc-cli.py:Epoch 99/100	dev results	MRR 0.960866	H@1 0.937117	H@3 0.980061	H@5 0.991564	H@10 0.994632	H@20 0.997699	H@50 1.000000	H@100 1.000000
INFO:kbc-cli.py:Epoch 99/100	test results	MRR 0.961231	H@1 0.933434	H@3 0.987897	H@5 0.993192	H@10 0.996974	H@20 0.999244	H@50 0.999244	H@100 1.000000
INFO:kbc-cli.py:Epoch 100/100	Loss 4.9560 ± 0.1263
INFO:kbc-cli.py:Final 	dev results	MRR 0.961906	H@1 0.939417	H@3 0.979294	H@5 0.991564	H@10 0.994632	H@20 0.997699	H@50 1.000000	H@100 1.000000
INFO:kbc-cli.py:Final 	test results	MRR 0.962851	H@1 0.937216	H@3 0.988654	H@5 0.993192	H@10 0.996974	H@20 0.999244	H@50 0.999244	H@100 1.000000
INFO:kbc-cli.py:Training finished
