./bin/kbc-cli.py --train data/umls/train.tsv --dev data/umls/dev.tsv --test data/umls/test.tsv -m complex -k 200 -b 50 -e 100 --F2 0 --N3 0.05 -l 0.1 -I reciprocal -V 3 -o adagrad -c so -q
{'F2': 0.0,
 'N3': 0.05,
 'batch_size': 50,
 'corruption': 'so',
 'dev': 'data/umls/dev.tsv',
 'embedding_size': 200,
 'epochs': 100,
 'eval_batch_size': None,
 'input_type': 'reciprocal',
 'learning_rate': 0.1,
 'load': None,
 'model': 'complex',
 'optimizer': 'adagrad',
 'quiet': True,
 'save': None,
 'seed': 0,
 'test': 'data/umls/test.tsv',
 'test_i': None,
 'test_ii': None,
 'train': 'data/umls/train.tsv',
 'validate_every': 3}
INFO:kbc-cli.py:Device: cuda
INFO:kbc-cli.py:Model state:
INFO:kbc-cli.py:	entities.weight	torch.Size([135, 400])
INFO:kbc-cli.py:	predicates.weight	torch.Size([92, 400])
INFO:kbc-cli.py:Epoch 1/100	Loss 8.1249 ± 0.8867
INFO:kbc-cli.py:Epoch 2/100	Loss 7.1559 ± 0.1705
INFO:kbc-cli.py:Epoch 3/100	Loss 7.0353 ± 0.1673
INFO:kbc-cli.py:Epoch 3/100	dev results	MRR 0.893606	H@1 0.809049	H@3 0.973160	H@5 0.985429	H@10 0.994632	H@20 0.998466	H@50 1.000000	H@100 1.000000
INFO:kbc-cli.py:Epoch 3/100	test results	MRR 0.883974	H@1 0.787443	H@3 0.979576	H@5 0.984871	H@10 0.995461	H@20 0.996218	H@50 0.997731	H@100 1.000000
INFO:kbc-cli.py:Epoch 4/100	Loss 6.9845 ± 0.1691
INFO:kbc-cli.py:Epoch 5/100	Loss 6.9523 ± 0.1516
INFO:kbc-cli.py:Epoch 6/100	Loss 6.9279 ± 0.1671
INFO:kbc-cli.py:Epoch 6/100	dev results	MRR 0.907098	H@1 0.833589	H@3 0.976994	H@5 0.982362	H@10 0.993865	H@20 0.998466	H@50 1.000000	H@100 1.000000
INFO:kbc-cli.py:Epoch 6/100	test results	MRR 0.898202	H@1 0.810136	H@3 0.983359	H@5 0.990923	H@10 0.993949	H@20 0.996218	H@50 0.997731	H@100 1.000000
INFO:kbc-cli.py:Epoch 7/100	Loss 6.9117 ± 0.1745
INFO:kbc-cli.py:Epoch 8/100	Loss 6.8982 ± 0.1602
INFO:kbc-cli.py:Epoch 9/100	Loss 6.8892 ± 0.1666
INFO:kbc-cli.py:Epoch 9/100	dev results	MRR 0.912090	H@1 0.843558	H@3 0.977761	H@5 0.984663	H@10 0.993098	H@20 0.998466	H@50 1.000000	H@100 1.000000
INFO:kbc-cli.py:Epoch 9/100	test results	MRR 0.907797	H@1 0.832073	H@3 0.980333	H@5 0.989410	H@10 0.993949	H@20 0.996974	H@50 0.998487	H@100 1.000000
INFO:kbc-cli.py:Epoch 10/100	Loss 6.8789 ± 0.1644
INFO:kbc-cli.py:Epoch 11/100	Loss 6.8707 ± 0.1670
INFO:kbc-cli.py:Epoch 12/100	Loss 6.8640 ± 0.1644
INFO:kbc-cli.py:Epoch 12/100	dev results	MRR 0.919463	H@1 0.858129	H@3 0.976994	H@5 0.984663	H@10 0.992331	H@20 0.996166	H@50 1.000000	H@100 1.000000
INFO:kbc-cli.py:Epoch 12/100	test results	MRR 0.918788	H@1 0.852496	H@3 0.981089	H@5 0.989410	H@10 0.996218	H@20 0.996974	H@50 0.999244	H@100 1.000000
INFO:kbc-cli.py:Epoch 13/100	Loss 6.8580 ± 0.1456
INFO:kbc-cli.py:Epoch 14/100	Loss 6.8541 ± 0.1625
INFO:kbc-cli.py:Epoch 15/100	Loss 6.8483 ± 0.1544
INFO:kbc-cli.py:Epoch 15/100	dev results	MRR 0.918493	H@1 0.855061	H@3 0.979294	H@5 0.984663	H@10 0.992331	H@20 0.996933	H@50 1.000000	H@100 1.000000
INFO:kbc-cli.py:Epoch 15/100	test results	MRR 0.921427	H@1 0.857035	H@3 0.984115	H@5 0.991679	H@10 0.995461	H@20 0.996974	H@50 0.999244	H@100 1.000000
INFO:kbc-cli.py:Epoch 16/100	Loss 6.8436 ± 0.1503
INFO:kbc-cli.py:Epoch 17/100	Loss 6.8414 ± 0.1583
INFO:kbc-cli.py:Epoch 18/100	Loss 6.8368 ± 0.1470
INFO:kbc-cli.py:Epoch 18/100	dev results	MRR 0.926958	H@1 0.872699	H@3 0.977761	H@5 0.984663	H@10 0.993098	H@20 0.996166	H@50 1.000000	H@100 1.000000
INFO:kbc-cli.py:Epoch 18/100	test results	MRR 0.925404	H@1 0.866112	H@3 0.981089	H@5 0.990923	H@10 0.996218	H@20 0.997731	H@50 0.999244	H@100 1.000000
INFO:kbc-cli.py:Epoch 19/100	Loss 6.8339 ± 0.1696
INFO:kbc-cli.py:Epoch 20/100	Loss 6.8310 ± 0.1623
INFO:kbc-cli.py:Epoch 21/100	Loss 6.8285 ± 0.1623
INFO:kbc-cli.py:Epoch 21/100	dev results	MRR 0.925082	H@1 0.869632	H@3 0.977761	H@5 0.984663	H@10 0.992331	H@20 0.996166	H@50 1.000000	H@100 1.000000
INFO:kbc-cli.py:Epoch 21/100	test results	MRR 0.926311	H@1 0.867625	H@3 0.981089	H@5 0.990923	H@10 0.996218	H@20 0.997731	H@50 0.999244	H@100 1.000000
INFO:kbc-cli.py:Epoch 22/100	Loss 6.8249 ± 0.1633
INFO:kbc-cli.py:Epoch 23/100	Loss 6.8228 ± 0.1618
INFO:kbc-cli.py:Epoch 24/100	Loss 6.8210 ± 0.1579
INFO:kbc-cli.py:Epoch 24/100	dev results	MRR 0.925723	H@1 0.869632	H@3 0.979294	H@5 0.983896	H@10 0.992331	H@20 0.996166	H@50 1.000000	H@100 1.000000
INFO:kbc-cli.py:Epoch 24/100	test results	MRR 0.928481	H@1 0.871407	H@3 0.984115	H@5 0.992436	H@10 0.996218	H@20 0.997731	H@50 0.999244	H@100 1.000000
INFO:kbc-cli.py:Epoch 25/100	Loss 6.8185 ± 0.1550
INFO:kbc-cli.py:Epoch 26/100	Loss 6.8163 ± 0.1680
INFO:kbc-cli.py:Epoch 27/100	Loss 6.8145 ± 0.1584
INFO:kbc-cli.py:Epoch 27/100	dev results	MRR 0.931467	H@1 0.881135	H@3 0.978528	H@5 0.986196	H@10 0.993098	H@20 0.996166	H@50 1.000000	H@100 1.000000
INFO:kbc-cli.py:Epoch 27/100	test results	MRR 0.931444	H@1 0.876702	H@3 0.981846	H@5 0.992436	H@10 0.996218	H@20 0.998487	H@50 0.999244	H@100 1.000000
INFO:kbc-cli.py:Epoch 28/100	Loss 6.8118 ± 0.1619
INFO:kbc-cli.py:Epoch 29/100	Loss 6.8107 ± 0.1654
INFO:kbc-cli.py:Epoch 30/100	Loss 6.8094 ± 0.1680
INFO:kbc-cli.py:Epoch 30/100	dev results	MRR 0.933213	H@1 0.885736	H@3 0.976227	H@5 0.983896	H@10 0.992331	H@20 0.996166	H@50 1.000000	H@100 1.000000
INFO:kbc-cli.py:Epoch 30/100	test results	MRR 0.933692	H@1 0.881241	H@3 0.982602	H@5 0.992436	H@10 0.996218	H@20 0.998487	H@50 0.999244	H@100 1.000000
INFO:kbc-cli.py:Epoch 31/100	Loss 6.8076 ± 0.1552
INFO:kbc-cli.py:Epoch 32/100	Loss 6.8056 ± 0.1602
INFO:kbc-cli.py:Epoch 33/100	Loss 6.8042 ± 0.1728
INFO:kbc-cli.py:Epoch 33/100	dev results	MRR 0.928800	H@1 0.877301	H@3 0.976227	H@5 0.984663	H@10 0.992331	H@20 0.996166	H@50 1.000000	H@100 1.000000
INFO:kbc-cli.py:Epoch 33/100	test results	MRR 0.934078	H@1 0.881241	H@3 0.984871	H@5 0.991679	H@10 0.996218	H@20 0.998487	H@50 0.999244	H@100 1.000000
INFO:kbc-cli.py:Epoch 34/100	Loss 6.8024 ± 0.1536
INFO:kbc-cli.py:Epoch 35/100	Loss 6.8021 ± 0.1680
INFO:kbc-cli.py:Epoch 36/100	Loss 6.8004 ± 0.1507
INFO:kbc-cli.py:Epoch 36/100	dev results	MRR 0.936456	H@1 0.891871	H@3 0.976994	H@5 0.983896	H@10 0.992331	H@20 0.996166	H@50 1.000000	H@100 1.000000
INFO:kbc-cli.py:Epoch 36/100	test results	MRR 0.936463	H@1 0.886536	H@3 0.984115	H@5 0.992436	H@10 0.996974	H@20 0.998487	H@50 0.999244	H@100 1.000000
INFO:kbc-cli.py:Epoch 37/100	Loss 6.7995 ± 0.1663
INFO:kbc-cli.py:Epoch 38/100	Loss 6.7973 ± 0.1642
INFO:kbc-cli.py:Epoch 39/100	Loss 6.7970 ± 0.1558
INFO:kbc-cli.py:Epoch 39/100	dev results	MRR 0.934822	H@1 0.888804	H@3 0.976994	H@5 0.983129	H@10 0.992331	H@20 0.996166	H@50 1.000000	H@100 1.000000
INFO:kbc-cli.py:Epoch 39/100	test results	MRR 0.935278	H@1 0.884266	H@3 0.983359	H@5 0.992436	H@10 0.996974	H@20 0.998487	H@50 0.999244	H@100 1.000000
INFO:kbc-cli.py:Epoch 40/100	Loss 6.7963 ± 0.1662
INFO:kbc-cli.py:Epoch 41/100	Loss 6.7944 ± 0.1679
INFO:kbc-cli.py:Epoch 42/100	Loss 6.7935 ± 0.1667
INFO:kbc-cli.py:Epoch 42/100	dev results	MRR 0.937745	H@1 0.894939	H@3 0.974693	H@5 0.986196	H@10 0.993098	H@20 0.996166	H@50 1.000000	H@100 1.000000
INFO:kbc-cli.py:Epoch 42/100	test results	MRR 0.936394	H@1 0.885023	H@3 0.984871	H@5 0.992436	H@10 0.996218	H@20 0.998487	H@50 0.999244	H@100 1.000000
INFO:kbc-cli.py:Epoch 43/100	Loss 6.7921 ± 0.1485
INFO:kbc-cli.py:Epoch 44/100	Loss 6.7913 ± 0.1525
INFO:kbc-cli.py:Epoch 45/100	Loss 6.7902 ± 0.1587
INFO:kbc-cli.py:Epoch 45/100	dev results	MRR 0.939059	H@1 0.897239	H@3 0.974693	H@5 0.985429	H@10 0.993098	H@20 0.996166	H@50 1.000000	H@100 1.000000
INFO:kbc-cli.py:Epoch 45/100	test results	MRR 0.936590	H@1 0.886536	H@3 0.984871	H@5 0.992436	H@10 0.996218	H@20 0.998487	H@50 0.999244	H@100 1.000000
INFO:kbc-cli.py:Epoch 46/100	Loss 6.7893 ± 0.1629
INFO:kbc-cli.py:Epoch 47/100	Loss 6.7898 ± 0.1663
INFO:kbc-cli.py:Epoch 48/100	Loss 6.7875 ± 0.1606
INFO:kbc-cli.py:Epoch 48/100	dev results	MRR 0.935453	H@1 0.889571	H@3 0.975460	H@5 0.986196	H@10 0.992331	H@20 0.996933	H@50 1.000000	H@100 1.000000
INFO:kbc-cli.py:Epoch 48/100	test results	MRR 0.938278	H@1 0.889561	H@3 0.984871	H@5 0.993192	H@10 0.996218	H@20 0.998487	H@50 0.999244	H@100 1.000000
INFO:kbc-cli.py:Epoch 49/100	Loss 6.7875 ± 0.1501
INFO:kbc-cli.py:Epoch 50/100	Loss 6.7859 ± 0.1571
INFO:kbc-cli.py:Epoch 51/100	Loss 6.7854 ± 0.1682
INFO:kbc-cli.py:Epoch 51/100	dev results	MRR 0.937390	H@1 0.894172	H@3 0.974693	H@5 0.983896	H@10 0.992331	H@20 0.996933	H@50 1.000000	H@100 1.000000
INFO:kbc-cli.py:Epoch 51/100	test results	MRR 0.938343	H@1 0.890318	H@3 0.984871	H@5 0.992436	H@10 0.996218	H@20 0.998487	H@50 0.999244	H@100 1.000000
INFO:kbc-cli.py:Epoch 52/100	Loss 6.7842 ± 0.1621
INFO:kbc-cli.py:Epoch 53/100	Loss 6.7837 ± 0.1563
INFO:kbc-cli.py:Epoch 54/100	Loss 6.7833 ± 0.1654
INFO:kbc-cli.py:Epoch 54/100	dev results	MRR 0.940139	H@1 0.898773	H@3 0.976994	H@5 0.984663	H@10 0.992331	H@20 0.996166	H@50 1.000000	H@100 1.000000
INFO:kbc-cli.py:Epoch 54/100	test results	MRR 0.937271	H@1 0.888048	H@3 0.985628	H@5 0.992436	H@10 0.996218	H@20 0.998487	H@50 0.999244	H@100 1.000000
INFO:kbc-cli.py:Epoch 55/100	Loss 6.7827 ± 0.1615
INFO:kbc-cli.py:Epoch 56/100	Loss 6.7817 ± 0.1616
INFO:kbc-cli.py:Epoch 57/100	Loss 6.7812 ± 0.1624
INFO:kbc-cli.py:Epoch 57/100	dev results	MRR 0.939213	H@1 0.897239	H@3 0.974693	H@5 0.983896	H@10 0.992331	H@20 0.996166	H@50 1.000000	H@100 1.000000
INFO:kbc-cli.py:Epoch 57/100	test results	MRR 0.937705	H@1 0.888048	H@3 0.985628	H@5 0.992436	H@10 0.996218	H@20 0.998487	H@50 0.999244	H@100 1.000000
INFO:kbc-cli.py:Epoch 58/100	Loss 6.7802 ± 0.1561
INFO:kbc-cli.py:Epoch 59/100	Loss 6.7797 ± 0.1640
INFO:kbc-cli.py:Epoch 60/100	Loss 6.7792 ± 0.1433
INFO:kbc-cli.py:Epoch 60/100	dev results	MRR 0.941235	H@1 0.901074	H@3 0.974693	H@5 0.984663	H@10 0.992331	H@20 0.996166	H@50 1.000000	H@100 1.000000
INFO:kbc-cli.py:Epoch 60/100	test results	MRR 0.937590	H@1 0.888048	H@3 0.985628	H@5 0.992436	H@10 0.996974	H@20 0.998487	H@50 0.999244	H@100 1.000000
INFO:kbc-cli.py:Epoch 61/100	Loss 6.7788 ± 0.1582
INFO:kbc-cli.py:Epoch 62/100	Loss 6.7781 ± 0.1576
INFO:kbc-cli.py:Epoch 63/100	Loss 6.7778 ± 0.1545
INFO:kbc-cli.py:Epoch 63/100	dev results	MRR 0.940413	H@1 0.899540	H@3 0.975460	H@5 0.984663	H@10 0.992331	H@20 0.996933	H@50 1.000000	H@100 1.000000
INFO:kbc-cli.py:Epoch 63/100	test results	MRR 0.938811	H@1 0.891074	H@3 0.985628	H@5 0.992436	H@10 0.996974	H@20 0.998487	H@50 0.999244	H@100 1.000000
INFO:kbc-cli.py:Epoch 64/100	Loss 6.7770 ± 0.1609
INFO:kbc-cli.py:Epoch 65/100	Loss 6.7763 ± 0.1553
INFO:kbc-cli.py:Epoch 66/100	Loss 6.7754 ± 0.1670
INFO:kbc-cli.py:Epoch 66/100	dev results	MRR 0.940861	H@1 0.900307	H@3 0.974693	H@5 0.986196	H@10 0.993865	H@20 0.996933	H@50 1.000000	H@100 1.000000
INFO:kbc-cli.py:Epoch 66/100	test results	MRR 0.939986	H@1 0.892587	H@3 0.985628	H@5 0.992436	H@10 0.996974	H@20 0.998487	H@50 0.999244	H@100 1.000000
INFO:kbc-cli.py:Epoch 67/100	Loss 6.7748 ± 0.1395
INFO:kbc-cli.py:Epoch 68/100	Loss 6.7750 ± 0.1765
INFO:kbc-cli.py:Epoch 69/100	Loss 6.7739 ± 0.1536
INFO:kbc-cli.py:Epoch 69/100	dev results	MRR 0.941971	H@1 0.902607	H@3 0.975460	H@5 0.985429	H@10 0.992331	H@20 0.996933	H@50 1.000000	H@100 1.000000
INFO:kbc-cli.py:Epoch 69/100	test results	MRR 0.940141	H@1 0.892587	H@3 0.986384	H@5 0.992436	H@10 0.996974	H@20 0.998487	H@50 0.999244	H@100 1.000000
INFO:kbc-cli.py:Epoch 70/100	Loss 6.7736 ± 0.1543
INFO:kbc-cli.py:Epoch 71/100	Loss 6.7734 ± 0.1623
INFO:kbc-cli.py:Epoch 72/100	Loss 6.7726 ± 0.1449
INFO:kbc-cli.py:Epoch 72/100	dev results	MRR 0.943024	H@1 0.904908	H@3 0.974693	H@5 0.984663	H@10 0.993098	H@20 0.996933	H@50 1.000000	H@100 1.000000
INFO:kbc-cli.py:Epoch 72/100	test results	MRR 0.938691	H@1 0.891074	H@3 0.984871	H@5 0.993192	H@10 0.996974	H@20 0.998487	H@50 0.999244	H@100 1.000000
INFO:kbc-cli.py:Epoch 73/100	Loss 6.7720 ± 0.1578
INFO:kbc-cli.py:Epoch 74/100	Loss 6.7720 ± 0.1584
INFO:kbc-cli.py:Epoch 75/100	Loss 6.7714 ± 0.1627
INFO:kbc-cli.py:Epoch 75/100	dev results	MRR 0.939841	H@1 0.898006	H@3 0.974693	H@5 0.985429	H@10 0.993098	H@20 0.996933	H@50 1.000000	H@100 1.000000
INFO:kbc-cli.py:Epoch 75/100	test results	MRR 0.939574	H@1 0.891074	H@3 0.986384	H@5 0.993192	H@10 0.996974	H@20 0.998487	H@50 0.999244	H@100 1.000000
INFO:kbc-cli.py:Epoch 76/100	Loss 6.7706 ± 0.1528
INFO:kbc-cli.py:Epoch 77/100	Loss 6.7700 ± 0.1687
INFO:kbc-cli.py:Epoch 78/100	Loss 6.7697 ± 0.1697
INFO:kbc-cli.py:Epoch 78/100	dev results	MRR 0.943506	H@1 0.905675	H@3 0.974693	H@5 0.986196	H@10 0.993098	H@20 0.996933	H@50 1.000000	H@100 1.000000
INFO:kbc-cli.py:Epoch 78/100	test results	MRR 0.939813	H@1 0.892587	H@3 0.986384	H@5 0.993949	H@10 0.996974	H@20 0.998487	H@50 0.999244	H@100 1.000000
INFO:kbc-cli.py:Epoch 79/100	Loss 6.7693 ± 0.1641
INFO:kbc-cli.py:Epoch 80/100	Loss 6.7691 ± 0.1590
INFO:kbc-cli.py:Epoch 81/100	Loss 6.7685 ± 0.1576
INFO:kbc-cli.py:Epoch 81/100	dev results	MRR 0.941494	H@1 0.901074	H@3 0.974693	H@5 0.985429	H@10 0.993098	H@20 0.996933	H@50 1.000000	H@100 1.000000
INFO:kbc-cli.py:Epoch 81/100	test results	MRR 0.940393	H@1 0.893343	H@3 0.985628	H@5 0.993192	H@10 0.996974	H@20 0.998487	H@50 0.999244	H@100 1.000000
INFO:kbc-cli.py:Epoch 82/100	Loss 6.7679 ± 0.1645
INFO:kbc-cli.py:Epoch 83/100	Loss 6.7677 ± 0.1603
INFO:kbc-cli.py:Epoch 84/100	Loss 6.7668 ± 0.1558
INFO:kbc-cli.py:Epoch 84/100	dev results	MRR 0.943518	H@1 0.905675	H@3 0.974693	H@5 0.986963	H@10 0.993098	H@20 0.996933	H@50 1.000000	H@100 1.000000
INFO:kbc-cli.py:Epoch 84/100	test results	MRR 0.941655	H@1 0.895613	H@3 0.985628	H@5 0.993192	H@10 0.996974	H@20 0.998487	H@50 0.999244	H@100 1.000000
INFO:kbc-cli.py:Epoch 85/100	Loss 6.7670 ± 0.1668
INFO:kbc-cli.py:Epoch 86/100	Loss 6.7670 ± 0.1573
INFO:kbc-cli.py:Epoch 87/100	Loss 6.7657 ± 0.1590
INFO:kbc-cli.py:Epoch 87/100	dev results	MRR 0.943634	H@1 0.905675	H@3 0.974693	H@5 0.986963	H@10 0.993098	H@20 0.996933	H@50 1.000000	H@100 1.000000
INFO:kbc-cli.py:Epoch 87/100	test results	MRR 0.942057	H@1 0.896369	H@3 0.985628	H@5 0.993949	H@10 0.996974	H@20 0.998487	H@50 0.999244	H@100 1.000000
INFO:kbc-cli.py:Epoch 88/100	Loss 6.7659 ± 0.1449
INFO:kbc-cli.py:Epoch 89/100	Loss 6.7659 ± 0.1574
INFO:kbc-cli.py:Epoch 90/100	Loss 6.7652 ± 0.1634
INFO:kbc-cli.py:Epoch 90/100	dev results	MRR 0.944362	H@1 0.907209	H@3 0.974693	H@5 0.986963	H@10 0.993098	H@20 0.996933	H@50 1.000000	H@100 1.000000
INFO:kbc-cli.py:Epoch 90/100	test results	MRR 0.940229	H@1 0.892587	H@3 0.986384	H@5 0.993949	H@10 0.996974	H@20 0.998487	H@50 0.999244	H@100 1.000000
INFO:kbc-cli.py:Epoch 91/100	Loss 6.7649 ± 0.1592
INFO:kbc-cli.py:Epoch 92/100	Loss 6.7644 ± 0.1599
INFO:kbc-cli.py:Epoch 93/100	Loss 6.7642 ± 0.1555
INFO:kbc-cli.py:Epoch 93/100	dev results	MRR 0.946101	H@1 0.910276	H@3 0.974693	H@5 0.986196	H@10 0.993098	H@20 0.996933	H@50 1.000000	H@100 1.000000
INFO:kbc-cli.py:Epoch 93/100	test results	MRR 0.940608	H@1 0.893343	H@3 0.986384	H@5 0.993949	H@10 0.996974	H@20 0.998487	H@50 0.999244	H@100 1.000000
INFO:kbc-cli.py:Epoch 94/100	Loss 6.7639 ± 0.1644
INFO:kbc-cli.py:Epoch 95/100	Loss 6.7636 ± 0.1511
INFO:kbc-cli.py:Epoch 96/100	Loss 6.7631 ± 0.1458
INFO:kbc-cli.py:Epoch 96/100	dev results	MRR 0.945541	H@1 0.909509	H@3 0.974693	H@5 0.986963	H@10 0.993098	H@20 0.996933	H@50 1.000000	H@100 1.000000
INFO:kbc-cli.py:Epoch 96/100	test results	MRR 0.941238	H@1 0.894856	H@3 0.986384	H@5 0.993949	H@10 0.996974	H@20 0.998487	H@50 0.999244	H@100 1.000000
INFO:kbc-cli.py:Epoch 97/100	Loss 6.7626 ± 0.1403
INFO:kbc-cli.py:Epoch 98/100	Loss 6.7622 ± 0.1591
INFO:kbc-cli.py:Epoch 99/100	Loss 6.7627 ± 0.1464
INFO:kbc-cli.py:Epoch 99/100	dev results	MRR 0.946658	H@1 0.911810	H@3 0.974693	H@5 0.985429	H@10 0.993098	H@20 0.997699	H@50 1.000000	H@100 1.000000
INFO:kbc-cli.py:Epoch 99/100	test results	MRR 0.940948	H@1 0.894100	H@3 0.986384	H@5 0.993949	H@10 0.996974	H@20 0.998487	H@50 0.999244	H@100 1.000000
INFO:kbc-cli.py:Epoch 100/100	Loss 6.7620 ± 0.1586
INFO:kbc-cli.py:Final 	dev results	MRR 0.946393	H@1 0.911043	H@3 0.974693	H@5 0.985429	H@10 0.993098	H@20 0.996933	H@50 1.000000	H@100 1.000000
INFO:kbc-cli.py:Final 	test results	MRR 0.941238	H@1 0.894856	H@3 0.986384	H@5 0.993949	H@10 0.996974	H@20 0.998487	H@50 0.999244	H@100 1.000000
INFO:kbc-cli.py:Training finished
