./bin/kbc-cli.py --train data/nations/train.tsv --dev data/nations/dev.tsv --test data/nations/test.tsv -m complex -k 500 -b 500 -e 100 --F2 0 --N3 0.0005 -l 0.1 -I reciprocal -V 3 -o adagrad -c spo -q
{'F2': 0.0,
 'N3': 0.0005,
 'batch_size': 500,
 'corruption': 'spo',
 'dev': 'data/nations/dev.tsv',
 'embedding_size': 500,
 'epochs': 100,
 'eval_batch_size': None,
 'input_type': 'reciprocal',
 'learning_rate': 0.1,
 'load': None,
 'model': 'complex',
 'optimizer': 'adagrad',
 'quiet': True,
 'save': None,
 'seed': 0,
 'test': 'data/nations/test.tsv',
 'test_i': None,
 'test_ii': None,
 'train': 'data/nations/train.tsv',
 'validate_every': 3}
INFO:kbc-cli.py:Device: cuda
INFO:kbc-cli.py:Model state:
INFO:kbc-cli.py:	entities.weight	torch.Size([14, 1000])
INFO:kbc-cli.py:	predicates.weight	torch.Size([110, 1000])
INFO:kbc-cli.py:Epoch 1/100	Loss 10.0816 ± 0.1267
INFO:kbc-cli.py:Epoch 2/100	Loss 8.7660 ± 0.1114
INFO:kbc-cli.py:Epoch 3/100	Loss 7.8828 ± 0.2882
INFO:kbc-cli.py:Epoch 3/100	dev results	MRR 0.777632	H@1 0.648241	H@3 0.879397	H@5 0.957286	H@10 1.000000	H@20 1.000000	H@50 1.000000	H@100 1.000000
INFO:kbc-cli.py:Epoch 3/100	test results	MRR 0.798729	H@1 0.676617	H@3 0.910448	H@5 0.952736	H@10 0.997512	H@20 1.000000	H@50 1.000000	H@100 1.000000
INFO:kbc-cli.py:Epoch 4/100	Loss 7.5289 ± 0.2802
INFO:kbc-cli.py:Epoch 5/100	Loss 7.3044 ± 0.3104
INFO:kbc-cli.py:Epoch 6/100	Loss 7.1690 ± 0.3181
INFO:kbc-cli.py:Epoch 6/100	dev results	MRR 0.795549	H@1 0.673367	H@3 0.909548	H@5 0.967337	H@10 1.000000	H@20 1.000000	H@50 1.000000	H@100 1.000000
INFO:kbc-cli.py:Epoch 6/100	test results	MRR 0.818441	H@1 0.713930	H@3 0.907960	H@5 0.962687	H@10 0.995025	H@20 1.000000	H@50 1.000000	H@100 1.000000
INFO:kbc-cli.py:Epoch 7/100	Loss 7.0699 ± 0.2544
INFO:kbc-cli.py:Epoch 8/100	Loss 7.0024 ± 0.2938
INFO:kbc-cli.py:Epoch 9/100	Loss 6.9423 ± 0.2924
INFO:kbc-cli.py:Epoch 9/100	dev results	MRR 0.807652	H@1 0.688442	H@3 0.904523	H@5 0.974874	H@10 1.000000	H@20 1.000000	H@50 1.000000	H@100 1.000000
INFO:kbc-cli.py:Epoch 9/100	test results	MRR 0.810255	H@1 0.691542	H@3 0.917910	H@5 0.960199	H@10 0.995025	H@20 1.000000	H@50 1.000000	H@100 1.000000
INFO:kbc-cli.py:Epoch 10/100	Loss 6.8966 ± 0.3007
INFO:kbc-cli.py:Epoch 11/100	Loss 6.8472 ± 0.2378
INFO:kbc-cli.py:Epoch 12/100	Loss 6.8146 ± 0.2655
INFO:kbc-cli.py:Epoch 12/100	dev results	MRR 0.798467	H@1 0.665829	H@3 0.914573	H@5 0.974874	H@10 1.000000	H@20 1.000000	H@50 1.000000	H@100 1.000000
INFO:kbc-cli.py:Epoch 12/100	test results	MRR 0.815320	H@1 0.706468	H@3 0.910448	H@5 0.957711	H@10 0.995025	H@20 1.000000	H@50 1.000000	H@100 1.000000
INFO:kbc-cli.py:Epoch 13/100	Loss 6.7802 ± 0.2003
INFO:kbc-cli.py:Epoch 14/100	Loss 6.7698 ± 0.2614
INFO:kbc-cli.py:Epoch 15/100	Loss 6.7377 ± 0.2465
INFO:kbc-cli.py:Epoch 15/100	dev results	MRR 0.804987	H@1 0.685930	H@3 0.909548	H@5 0.969849	H@10 1.000000	H@20 1.000000	H@50 1.000000	H@100 1.000000
INFO:kbc-cli.py:Epoch 15/100	test results	MRR 0.821529	H@1 0.716418	H@3 0.912935	H@5 0.962687	H@10 0.995025	H@20 1.000000	H@50 1.000000	H@100 1.000000
INFO:kbc-cli.py:Epoch 16/100	Loss 6.7311 ± 0.2562
INFO:kbc-cli.py:Epoch 17/100	Loss 6.7026 ± 0.2574
INFO:kbc-cli.py:Epoch 18/100	Loss 6.6672 ± 0.2019
INFO:kbc-cli.py:Epoch 18/100	dev results	MRR 0.821818	H@1 0.711055	H@3 0.907035	H@5 0.979899	H@10 1.000000	H@20 1.000000	H@50 1.000000	H@100 1.000000
INFO:kbc-cli.py:Epoch 18/100	test results	MRR 0.820848	H@1 0.718905	H@3 0.910448	H@5 0.960199	H@10 0.995025	H@20 1.000000	H@50 1.000000	H@100 1.000000
INFO:kbc-cli.py:Epoch 19/100	Loss 6.6593 ± 0.1748
INFO:kbc-cli.py:Epoch 20/100	Loss 6.6554 ± 0.2459
INFO:kbc-cli.py:Epoch 21/100	Loss 6.6461 ± 0.2251
INFO:kbc-cli.py:Epoch 21/100	dev results	MRR 0.809082	H@1 0.688442	H@3 0.909548	H@5 0.979899	H@10 1.000000	H@20 1.000000	H@50 1.000000	H@100 1.000000
INFO:kbc-cli.py:Epoch 21/100	test results	MRR 0.805241	H@1 0.686567	H@3 0.910448	H@5 0.957711	H@10 0.997512	H@20 1.000000	H@50 1.000000	H@100 1.000000
INFO:kbc-cli.py:Epoch 22/100	Loss 6.6188 ± 0.1773
INFO:kbc-cli.py:Epoch 23/100	Loss 6.6073 ± 0.2060
INFO:kbc-cli.py:Epoch 24/100	Loss 6.6082 ± 0.1888
INFO:kbc-cli.py:Epoch 24/100	dev results	MRR 0.813866	H@1 0.695980	H@3 0.904523	H@5 0.979899	H@10 1.000000	H@20 1.000000	H@50 1.000000	H@100 1.000000
INFO:kbc-cli.py:Epoch 24/100	test results	MRR 0.811771	H@1 0.694030	H@3 0.917910	H@5 0.960199	H@10 0.997512	H@20 1.000000	H@50 1.000000	H@100 1.000000
INFO:kbc-cli.py:Epoch 25/100	Loss 6.5824 ± 0.1684
INFO:kbc-cli.py:Epoch 26/100	Loss 6.5704 ± 0.1444
INFO:kbc-cli.py:Epoch 27/100	Loss 6.5875 ± 0.2205
INFO:kbc-cli.py:Epoch 27/100	dev results	MRR 0.816796	H@1 0.703518	H@3 0.912060	H@5 0.969849	H@10 1.000000	H@20 1.000000	H@50 1.000000	H@100 1.000000
INFO:kbc-cli.py:Epoch 27/100	test results	MRR 0.808938	H@1 0.689055	H@3 0.925373	H@5 0.960199	H@10 0.997512	H@20 1.000000	H@50 1.000000	H@100 1.000000
INFO:kbc-cli.py:Epoch 28/100	Loss 6.5536 ± 0.1368
INFO:kbc-cli.py:Epoch 29/100	Loss 6.5577 ± 0.1708
INFO:kbc-cli.py:Epoch 30/100	Loss 6.5470 ± 0.1639
INFO:kbc-cli.py:Epoch 30/100	dev results	MRR 0.813380	H@1 0.693467	H@3 0.912060	H@5 0.974874	H@10 1.000000	H@20 1.000000	H@50 1.000000	H@100 1.000000
INFO:kbc-cli.py:Epoch 30/100	test results	MRR 0.804101	H@1 0.681592	H@3 0.922886	H@5 0.962687	H@10 0.997512	H@20 1.000000	H@50 1.000000	H@100 1.000000
INFO:kbc-cli.py:Epoch 31/100	Loss 6.5534 ± 0.2113
INFO:kbc-cli.py:Epoch 32/100	Loss 6.5271 ± 0.1433
INFO:kbc-cli.py:Epoch 33/100	Loss 6.5506 ± 0.1951
INFO:kbc-cli.py:Epoch 33/100	dev results	MRR 0.813219	H@1 0.693467	H@3 0.912060	H@5 0.977387	H@10 1.000000	H@20 1.000000	H@50 1.000000	H@100 1.000000
INFO:kbc-cli.py:Epoch 33/100	test results	MRR 0.809915	H@1 0.689055	H@3 0.925373	H@5 0.960199	H@10 0.997512	H@20 1.000000	H@50 1.000000	H@100 1.000000
INFO:kbc-cli.py:Epoch 34/100	Loss 6.5299 ± 0.1936
INFO:kbc-cli.py:Epoch 35/100	Loss 6.5182 ± 0.1526
INFO:kbc-cli.py:Epoch 36/100	Loss 6.5183 ± 0.1726
INFO:kbc-cli.py:Epoch 36/100	dev results	MRR 0.815495	H@1 0.695980	H@3 0.914573	H@5 0.977387	H@10 1.000000	H@20 1.000000	H@50 1.000000	H@100 1.000000
INFO:kbc-cli.py:Epoch 36/100	test results	MRR 0.807383	H@1 0.691542	H@3 0.915423	H@5 0.960199	H@10 0.997512	H@20 1.000000	H@50 1.000000	H@100 1.000000
INFO:kbc-cli.py:Epoch 37/100	Loss 6.5125 ± 0.1758
INFO:kbc-cli.py:Epoch 38/100	Loss 6.5146 ± 0.1958
INFO:kbc-cli.py:Epoch 39/100	Loss 6.5080 ± 0.1956
INFO:kbc-cli.py:Epoch 39/100	dev results	MRR 0.814508	H@1 0.698492	H@3 0.912060	H@5 0.977387	H@10 1.000000	H@20 1.000000	H@50 1.000000	H@100 1.000000
INFO:kbc-cli.py:Epoch 39/100	test results	MRR 0.804677	H@1 0.686567	H@3 0.915423	H@5 0.960199	H@10 0.997512	H@20 1.000000	H@50 1.000000	H@100 1.000000
INFO:kbc-cli.py:Epoch 40/100	Loss 6.5030 ± 0.1773
INFO:kbc-cli.py:Epoch 41/100	Loss 6.4756 ± 0.1296
INFO:kbc-cli.py:Epoch 42/100	Loss 6.4959 ± 0.1787
INFO:kbc-cli.py:Epoch 42/100	dev results	MRR 0.814068	H@1 0.693467	H@3 0.914573	H@5 0.977387	H@10 1.000000	H@20 1.000000	H@50 1.000000	H@100 1.000000
INFO:kbc-cli.py:Epoch 42/100	test results	MRR 0.806180	H@1 0.689055	H@3 0.920398	H@5 0.960199	H@10 0.997512	H@20 1.000000	H@50 1.000000	H@100 1.000000
INFO:kbc-cli.py:Epoch 43/100	Loss 6.4899 ± 0.1841
INFO:kbc-cli.py:Epoch 44/100	Loss 6.4671 ± 0.1239
INFO:kbc-cli.py:Epoch 45/100	Loss 6.4730 ± 0.1654
INFO:kbc-cli.py:Epoch 45/100	dev results	MRR 0.816961	H@1 0.698492	H@3 0.912060	H@5 0.977387	H@10 1.000000	H@20 1.000000	H@50 1.000000	H@100 1.000000
INFO:kbc-cli.py:Epoch 45/100	test results	MRR 0.805942	H@1 0.689055	H@3 0.920398	H@5 0.960199	H@10 0.997512	H@20 1.000000	H@50 1.000000	H@100 1.000000
INFO:kbc-cli.py:Epoch 46/100	Loss 6.4780 ± 0.1394
INFO:kbc-cli.py:Epoch 47/100	Loss 6.4633 ± 0.1150
INFO:kbc-cli.py:Epoch 48/100	Loss 6.4622 ± 0.1163
INFO:kbc-cli.py:Epoch 48/100	dev results	MRR 0.816814	H@1 0.698492	H@3 0.917085	H@5 0.974874	H@10 1.000000	H@20 1.000000	H@50 1.000000	H@100 1.000000
INFO:kbc-cli.py:Epoch 48/100	test results	MRR 0.812806	H@1 0.703980	H@3 0.912935	H@5 0.962687	H@10 0.997512	H@20 1.000000	H@50 1.000000	H@100 1.000000
INFO:kbc-cli.py:Epoch 49/100	Loss 6.4558 ± 0.1588
INFO:kbc-cli.py:Epoch 50/100	Loss 6.4485 ± 0.1468
INFO:kbc-cli.py:Epoch 51/100	Loss 6.4507 ± 0.1254
INFO:kbc-cli.py:Epoch 51/100	dev results	MRR 0.815438	H@1 0.701005	H@3 0.909548	H@5 0.974874	H@10 1.000000	H@20 1.000000	H@50 1.000000	H@100 1.000000
INFO:kbc-cli.py:Epoch 51/100	test results	MRR 0.805935	H@1 0.689055	H@3 0.915423	H@5 0.960199	H@10 0.997512	H@20 1.000000	H@50 1.000000	H@100 1.000000
INFO:kbc-cli.py:Epoch 52/100	Loss 6.4637 ± 0.1697
INFO:kbc-cli.py:Epoch 53/100	Loss 6.4502 ± 0.1717
INFO:kbc-cli.py:Epoch 54/100	Loss 6.4562 ± 0.1912
INFO:kbc-cli.py:Epoch 54/100	dev results	MRR 0.813974	H@1 0.695980	H@3 0.907035	H@5 0.974874	H@10 1.000000	H@20 1.000000	H@50 1.000000	H@100 1.000000
INFO:kbc-cli.py:Epoch 54/100	test results	MRR 0.806722	H@1 0.691542	H@3 0.915423	H@5 0.960199	H@10 0.997512	H@20 1.000000	H@50 1.000000	H@100 1.000000
INFO:kbc-cli.py:Epoch 55/100	Loss 6.4543 ± 0.1803
INFO:kbc-cli.py:Epoch 56/100	Loss 6.4363 ± 0.1402
INFO:kbc-cli.py:Epoch 57/100	Loss 6.4424 ± 0.1126
INFO:kbc-cli.py:Epoch 57/100	dev results	MRR 0.808526	H@1 0.688442	H@3 0.914573	H@5 0.969849	H@10 1.000000	H@20 1.000000	H@50 1.000000	H@100 1.000000
INFO:kbc-cli.py:Epoch 57/100	test results	MRR 0.807213	H@1 0.691542	H@3 0.917910	H@5 0.962687	H@10 0.997512	H@20 1.000000	H@50 1.000000	H@100 1.000000
INFO:kbc-cli.py:Epoch 58/100	Loss 6.4290 ± 0.1086
INFO:kbc-cli.py:Epoch 59/100	Loss 6.4270 ± 0.1106
INFO:kbc-cli.py:Epoch 60/100	Loss 6.4292 ± 0.1255
INFO:kbc-cli.py:Epoch 60/100	dev results	MRR 0.811311	H@1 0.690955	H@3 0.912060	H@5 0.972362	H@10 1.000000	H@20 1.000000	H@50 1.000000	H@100 1.000000
INFO:kbc-cli.py:Epoch 60/100	test results	MRR 0.806933	H@1 0.689055	H@3 0.917910	H@5 0.962687	H@10 0.997512	H@20 1.000000	H@50 1.000000	H@100 1.000000
INFO:kbc-cli.py:Epoch 61/100	Loss 6.4428 ± 0.1676
INFO:kbc-cli.py:Epoch 62/100	Loss 6.4374 ± 0.1703
INFO:kbc-cli.py:Epoch 63/100	Loss 6.4306 ± 0.1384
INFO:kbc-cli.py:Epoch 63/100	dev results	MRR 0.812205	H@1 0.693467	H@3 0.912060	H@5 0.974874	H@10 1.000000	H@20 1.000000	H@50 1.000000	H@100 1.000000
INFO:kbc-cli.py:Epoch 63/100	test results	MRR 0.804155	H@1 0.684080	H@3 0.920398	H@5 0.960199	H@10 0.997512	H@20 1.000000	H@50 1.000000	H@100 1.000000
INFO:kbc-cli.py:Epoch 64/100	Loss 6.4367 ± 0.1913
INFO:kbc-cli.py:Epoch 65/100	Loss 6.4212 ± 0.1716
INFO:kbc-cli.py:Epoch 66/100	Loss 6.4107 ± 0.1245
INFO:kbc-cli.py:Epoch 66/100	dev results	MRR 0.813461	H@1 0.695980	H@3 0.909548	H@5 0.972362	H@10 1.000000	H@20 1.000000	H@50 1.000000	H@100 1.000000
INFO:kbc-cli.py:Epoch 66/100	test results	MRR 0.803409	H@1 0.684080	H@3 0.920398	H@5 0.962687	H@10 0.997512	H@20 1.000000	H@50 1.000000	H@100 1.000000
INFO:kbc-cli.py:Epoch 67/100	Loss 6.4090 ± 0.1209
INFO:kbc-cli.py:Epoch 68/100	Loss 6.4140 ± 0.1633
INFO:kbc-cli.py:Epoch 69/100	Loss 6.4060 ± 0.1432
INFO:kbc-cli.py:Epoch 69/100	dev results	MRR 0.811119	H@1 0.693467	H@3 0.909548	H@5 0.972362	H@10 1.000000	H@20 1.000000	H@50 1.000000	H@100 1.000000
INFO:kbc-cli.py:Epoch 69/100	test results	MRR 0.802266	H@1 0.684080	H@3 0.910448	H@5 0.962687	H@10 0.997512	H@20 1.000000	H@50 1.000000	H@100 1.000000
INFO:kbc-cli.py:Epoch 70/100	Loss 6.4033 ± 0.0770
INFO:kbc-cli.py:Epoch 71/100	Loss 6.3991 ± 0.1083
INFO:kbc-cli.py:Epoch 72/100	Loss 6.3755 ± 0.1680
INFO:kbc-cli.py:Epoch 72/100	dev results	MRR 0.818259	H@1 0.706030	H@3 0.909548	H@5 0.972362	H@10 1.000000	H@20 1.000000	H@50 1.000000	H@100 1.000000
INFO:kbc-cli.py:Epoch 72/100	test results	MRR 0.807362	H@1 0.691542	H@3 0.912935	H@5 0.962687	H@10 0.997512	H@20 1.000000	H@50 1.000000	H@100 1.000000
INFO:kbc-cli.py:Epoch 73/100	Loss 6.3924 ± 0.0888
INFO:kbc-cli.py:Epoch 74/100	Loss 6.3976 ± 0.1134
INFO:kbc-cli.py:Epoch 75/100	Loss 6.4041 ± 0.1543
INFO:kbc-cli.py:Epoch 75/100	dev results	MRR 0.809567	H@1 0.690955	H@3 0.914573	H@5 0.977387	H@10 1.000000	H@20 1.000000	H@50 1.000000	H@100 1.000000
INFO:kbc-cli.py:Epoch 75/100	test results	MRR 0.800684	H@1 0.679104	H@3 0.905473	H@5 0.960199	H@10 0.997512	H@20 1.000000	H@50 1.000000	H@100 1.000000
INFO:kbc-cli.py:Epoch 76/100	Loss 6.3805 ± 0.1141
INFO:kbc-cli.py:Epoch 77/100	Loss 6.4025 ± 0.1429
INFO:kbc-cli.py:Epoch 78/100	Loss 6.4026 ± 0.1602
INFO:kbc-cli.py:Epoch 78/100	dev results	MRR 0.810952	H@1 0.695980	H@3 0.902010	H@5 0.972362	H@10 1.000000	H@20 1.000000	H@50 1.000000	H@100 1.000000
INFO:kbc-cli.py:Epoch 78/100	test results	MRR 0.805103	H@1 0.691542	H@3 0.907960	H@5 0.965174	H@10 0.997512	H@20 1.000000	H@50 1.000000	H@100 1.000000
INFO:kbc-cli.py:Epoch 79/100	Loss 6.4009 ± 0.1150
INFO:kbc-cli.py:Epoch 80/100	Loss 6.3891 ± 0.1182
INFO:kbc-cli.py:Epoch 81/100	Loss 6.3888 ± 0.1019
INFO:kbc-cli.py:Epoch 81/100	dev results	MRR 0.811520	H@1 0.695980	H@3 0.907035	H@5 0.974874	H@10 1.000000	H@20 1.000000	H@50 1.000000	H@100 1.000000
INFO:kbc-cli.py:Epoch 81/100	test results	MRR 0.801170	H@1 0.681592	H@3 0.907960	H@5 0.962687	H@10 0.997512	H@20 1.000000	H@50 1.000000	H@100 1.000000
INFO:kbc-cli.py:Epoch 82/100	Loss 6.3813 ± 0.1133
INFO:kbc-cli.py:Epoch 83/100	Loss 6.3876 ± 0.1141
INFO:kbc-cli.py:Epoch 84/100	Loss 6.3853 ± 0.1343
INFO:kbc-cli.py:Epoch 84/100	dev results	MRR 0.811520	H@1 0.690955	H@3 0.914573	H@5 0.977387	H@10 1.000000	H@20 1.000000	H@50 1.000000	H@100 1.000000
INFO:kbc-cli.py:Epoch 84/100	test results	MRR 0.806601	H@1 0.689055	H@3 0.910448	H@5 0.962687	H@10 0.997512	H@20 1.000000	H@50 1.000000	H@100 1.000000
INFO:kbc-cli.py:Epoch 85/100	Loss 6.3929 ± 0.1733
INFO:kbc-cli.py:Epoch 86/100	Loss 6.3756 ± 0.0873
INFO:kbc-cli.py:Epoch 87/100	Loss 6.4034 ± 0.1863
INFO:kbc-cli.py:Epoch 87/100	dev results	MRR 0.814197	H@1 0.695980	H@3 0.919598	H@5 0.974874	H@10 1.000000	H@20 1.000000	H@50 1.000000	H@100 1.000000
INFO:kbc-cli.py:Epoch 87/100	test results	MRR 0.808402	H@1 0.696517	H@3 0.912935	H@5 0.962687	H@10 0.997512	H@20 1.000000	H@50 1.000000	H@100 1.000000
INFO:kbc-cli.py:Epoch 88/100	Loss 6.3864 ± 0.1308
INFO:kbc-cli.py:Epoch 89/100	Loss 6.3695 ± 0.1252
INFO:kbc-cli.py:Epoch 90/100	Loss 6.3732 ± 0.0891
INFO:kbc-cli.py:Epoch 90/100	dev results	MRR 0.813216	H@1 0.695980	H@3 0.917085	H@5 0.974874	H@10 1.000000	H@20 1.000000	H@50 1.000000	H@100 1.000000
INFO:kbc-cli.py:Epoch 90/100	test results	MRR 0.805265	H@1 0.689055	H@3 0.912935	H@5 0.960199	H@10 0.997512	H@20 1.000000	H@50 1.000000	H@100 1.000000
INFO:kbc-cli.py:Epoch 91/100	Loss 6.3665 ± 0.1053
INFO:kbc-cli.py:Epoch 92/100	Loss 6.3783 ± 0.1212
INFO:kbc-cli.py:Epoch 93/100	Loss 6.3880 ± 0.1761
INFO:kbc-cli.py:Epoch 93/100	dev results	MRR 0.811331	H@1 0.693467	H@3 0.909548	H@5 0.974874	H@10 1.000000	H@20 1.000000	H@50 1.000000	H@100 1.000000
INFO:kbc-cli.py:Epoch 93/100	test results	MRR 0.809687	H@1 0.696517	H@3 0.912935	H@5 0.960199	H@10 0.997512	H@20 1.000000	H@50 1.000000	H@100 1.000000
INFO:kbc-cli.py:Epoch 94/100	Loss 6.3714 ± 0.1347
INFO:kbc-cli.py:Epoch 95/100	Loss 6.3847 ± 0.1582
INFO:kbc-cli.py:Epoch 96/100	Loss 6.3680 ± 0.1584
INFO:kbc-cli.py:Epoch 96/100	dev results	MRR 0.810261	H@1 0.688442	H@3 0.912060	H@5 0.977387	H@10 1.000000	H@20 1.000000	H@50 1.000000	H@100 1.000000
INFO:kbc-cli.py:Epoch 96/100	test results	MRR 0.799263	H@1 0.676617	H@3 0.905473	H@5 0.962687	H@10 0.997512	H@20 1.000000	H@50 1.000000	H@100 1.000000
INFO:kbc-cli.py:Epoch 97/100	Loss 6.3763 ± 0.1286
INFO:kbc-cli.py:Epoch 98/100	Loss 6.3630 ± 0.0926
INFO:kbc-cli.py:Epoch 99/100	Loss 6.3772 ± 0.1450
INFO:kbc-cli.py:Epoch 99/100	dev results	MRR 0.815094	H@1 0.695980	H@3 0.922111	H@5 0.969849	H@10 1.000000	H@20 1.000000	H@50 1.000000	H@100 1.000000
INFO:kbc-cli.py:Epoch 99/100	test results	MRR 0.807178	H@1 0.691542	H@3 0.915423	H@5 0.960199	H@10 0.997512	H@20 1.000000	H@50 1.000000	H@100 1.000000
INFO:kbc-cli.py:Epoch 100/100	Loss 6.3519 ± 0.0766
INFO:kbc-cli.py:Final 	dev results	MRR 0.817230	H@1 0.698492	H@3 0.927136	H@5 0.974874	H@10 1.000000	H@20 1.000000	H@50 1.000000	H@100 1.000000
INFO:kbc-cli.py:Final 	test results	MRR 0.804404	H@1 0.686567	H@3 0.902985	H@5 0.965174	H@10 0.997512	H@20 1.000000	H@50 1.000000	H@100 1.000000
INFO:kbc-cli.py:Training finished
