./bin/kbc-cli.py --train data/umls/train.tsv --dev data/umls/dev.tsv --test data/umls/test.tsv -m complex -k 500 -b 10 -e 100 --F2 0 --N3 0.05 -l 0.1 -I standard -V 3 -o adagrad -c spo -q
{'F2': 0.0,
 'N3': 0.05,
 'batch_size': 10,
 'corruption': 'spo',
 'dev': 'data/umls/dev.tsv',
 'embedding_size': 500,
 'epochs': 100,
 'eval_batch_size': None,
 'input_type': 'standard',
 'learning_rate': 0.1,
 'load': None,
 'model': 'complex',
 'optimizer': 'adagrad',
 'quiet': True,
 'save': None,
 'seed': 0,
 'test': 'data/umls/test.tsv',
 'test_i': None,
 'test_ii': None,
 'train': 'data/umls/train.tsv',
 'validate_every': 3}
INFO:kbc-cli.py:Device: cuda
INFO:kbc-cli.py:Model state:
INFO:kbc-cli.py:	entities.weight	torch.Size([135, 1000])
INFO:kbc-cli.py:	predicates.weight	torch.Size([46, 1000])
INFO:kbc-cli.py:Epoch 1/100	Loss 10.9779 ± 2.2312
INFO:kbc-cli.py:Epoch 2/100	Loss 8.6422 ± 0.5121
INFO:kbc-cli.py:Epoch 3/100	Loss 8.3244 ± 0.4494
INFO:kbc-cli.py:Epoch 3/100	dev results	MRR 0.905960	H@1 0.832055	H@3 0.974693	H@5 0.988497	H@10 0.995399	H@20 0.997699	H@50 1.000000	H@100 1.000000
INFO:kbc-cli.py:Epoch 3/100	test results	MRR 0.894325	H@1 0.810893	H@3 0.973525	H@5 0.984115	H@10 0.994705	H@20 0.997731	H@50 0.997731	H@100 1.000000
INFO:kbc-cli.py:Epoch 4/100	Loss 8.1767 ± 0.4589
INFO:kbc-cli.py:Epoch 5/100	Loss 8.1017 ± 0.4329
INFO:kbc-cli.py:Epoch 6/100	Loss 8.0422 ± 0.4508
INFO:kbc-cli.py:Epoch 6/100	dev results	MRR 0.900684	H@1 0.815184	H@3 0.983129	H@5 0.990798	H@10 0.996933	H@20 0.999233	H@50 1.000000	H@100 1.000000
INFO:kbc-cli.py:Epoch 6/100	test results	MRR 0.887003	H@1 0.791225	H@3 0.981846	H@5 0.992436	H@10 0.997731	H@20 0.997731	H@50 0.999244	H@100 1.000000
INFO:kbc-cli.py:Epoch 7/100	Loss 8.0027 ± 0.4534
INFO:kbc-cli.py:Epoch 8/100	Loss 7.9717 ± 0.4507
INFO:kbc-cli.py:Epoch 9/100	Loss 7.9462 ± 0.4621
INFO:kbc-cli.py:Epoch 9/100	dev results	MRR 0.915360	H@1 0.843558	H@3 0.983896	H@5 0.993098	H@10 0.996166	H@20 0.999233	H@50 1.000000	H@100 1.000000
INFO:kbc-cli.py:Epoch 9/100	test results	MRR 0.912571	H@1 0.837368	H@3 0.986384	H@5 0.992436	H@10 0.997731	H@20 0.997731	H@50 0.999244	H@100 1.000000
INFO:kbc-cli.py:Epoch 10/100	Loss 7.9267 ± 0.4524
INFO:kbc-cli.py:Epoch 11/100	Loss 7.9093 ± 0.4405
INFO:kbc-cli.py:Epoch 12/100	Loss 7.8966 ± 0.4586
INFO:kbc-cli.py:Epoch 12/100	dev results	MRR 0.914440	H@1 0.842025	H@3 0.986963	H@5 0.991564	H@10 0.996166	H@20 1.000000	H@50 1.000000	H@100 1.000000
INFO:kbc-cli.py:Epoch 12/100	test results	MRR 0.911917	H@1 0.835855	H@3 0.984871	H@5 0.994705	H@10 0.997731	H@20 0.997731	H@50 0.999244	H@100 1.000000
INFO:kbc-cli.py:Epoch 13/100	Loss 7.8815 ± 0.4474
INFO:kbc-cli.py:Epoch 14/100	Loss 7.8696 ± 0.4501
INFO:kbc-cli.py:Epoch 15/100	Loss 7.8597 ± 0.4277
INFO:kbc-cli.py:Epoch 15/100	dev results	MRR 0.925999	H@1 0.862730	H@3 0.986963	H@5 0.993865	H@10 0.996933	H@20 0.999233	H@50 1.000000	H@100 1.000000
INFO:kbc-cli.py:Epoch 15/100	test results	MRR 0.927200	H@1 0.866112	H@3 0.987141	H@5 0.994705	H@10 0.997731	H@20 0.997731	H@50 1.000000	H@100 1.000000
INFO:kbc-cli.py:Epoch 16/100	Loss 7.8484 ± 0.4499
INFO:kbc-cli.py:Epoch 17/100	Loss 7.8393 ± 0.4288
INFO:kbc-cli.py:Epoch 18/100	Loss 7.8314 ± 0.4612
INFO:kbc-cli.py:Epoch 18/100	dev results	MRR 0.912548	H@1 0.837423	H@3 0.985429	H@5 0.991564	H@10 0.996166	H@20 0.999233	H@50 1.000000	H@100 1.000000
INFO:kbc-cli.py:Epoch 18/100	test results	MRR 0.918682	H@1 0.849470	H@3 0.984871	H@5 0.994705	H@10 0.997731	H@20 0.997731	H@50 1.000000	H@100 1.000000
INFO:kbc-cli.py:Epoch 19/100	Loss 7.8258 ± 0.4464
INFO:kbc-cli.py:Epoch 20/100	Loss 7.8186 ± 0.4289
INFO:kbc-cli.py:Epoch 21/100	Loss 7.8129 ± 0.4501
INFO:kbc-cli.py:Epoch 21/100	dev results	MRR 0.921237	H@1 0.855061	H@3 0.986963	H@5 0.992331	H@10 0.996933	H@20 0.999233	H@50 1.000000	H@100 1.000000
INFO:kbc-cli.py:Epoch 21/100	test results	MRR 0.924734	H@1 0.859304	H@3 0.988654	H@5 0.995461	H@10 0.997731	H@20 0.997731	H@50 1.000000	H@100 1.000000
INFO:kbc-cli.py:Epoch 22/100	Loss 7.8046 ± 0.4518
INFO:kbc-cli.py:Epoch 23/100	Loss 7.8006 ± 0.4372
INFO:kbc-cli.py:Epoch 24/100	Loss 7.7940 ± 0.4296
INFO:kbc-cli.py:Epoch 24/100	dev results	MRR 0.917320	H@1 0.846626	H@3 0.987730	H@5 0.991564	H@10 0.996166	H@20 0.999233	H@50 1.000000	H@100 1.000000
INFO:kbc-cli.py:Epoch 24/100	test results	MRR 0.925419	H@1 0.860061	H@3 0.990166	H@5 0.996218	H@10 0.997731	H@20 0.997731	H@50 1.000000	H@100 1.000000
INFO:kbc-cli.py:Epoch 25/100	Loss 7.7931 ± 0.4350
INFO:kbc-cli.py:Epoch 26/100	Loss 7.7856 ± 0.4420
INFO:kbc-cli.py:Epoch 27/100	Loss 7.7836 ± 0.4371
INFO:kbc-cli.py:Epoch 27/100	dev results	MRR 0.923599	H@1 0.859663	H@3 0.987730	H@5 0.992331	H@10 0.998466	H@20 0.999233	H@50 1.000000	H@100 1.000000
INFO:kbc-cli.py:Epoch 27/100	test results	MRR 0.928584	H@1 0.866868	H@3 0.989410	H@5 0.995461	H@10 0.997731	H@20 0.997731	H@50 1.000000	H@100 1.000000
INFO:kbc-cli.py:Epoch 28/100	Loss 7.7773 ± 0.4831
INFO:kbc-cli.py:Epoch 29/100	Loss 7.7749 ± 0.4498
INFO:kbc-cli.py:Epoch 30/100	Loss 7.7699 ± 0.4404
INFO:kbc-cli.py:Epoch 30/100	dev results	MRR 0.935609	H@1 0.882669	H@3 0.987730	H@5 0.992331	H@10 0.997699	H@20 0.999233	H@50 1.000000	H@100 1.000000
INFO:kbc-cli.py:Epoch 30/100	test results	MRR 0.938938	H@1 0.889561	H@3 0.987141	H@5 0.995461	H@10 0.997731	H@20 0.997731	H@50 1.000000	H@100 1.000000
INFO:kbc-cli.py:Epoch 31/100	Loss 7.7677 ± 0.4393
INFO:kbc-cli.py:Epoch 32/100	Loss 7.7643 ± 0.4554
INFO:kbc-cli.py:Epoch 33/100	Loss 7.7603 ± 0.4377
INFO:kbc-cli.py:Epoch 33/100	dev results	MRR 0.933065	H@1 0.878067	H@3 0.987730	H@5 0.992331	H@10 0.996166	H@20 0.999233	H@50 1.000000	H@100 1.000000
INFO:kbc-cli.py:Epoch 33/100	test results	MRR 0.932862	H@1 0.875946	H@3 0.989410	H@5 0.995461	H@10 0.997731	H@20 0.997731	H@50 1.000000	H@100 1.000000
INFO:kbc-cli.py:Epoch 34/100	Loss 7.7570 ± 0.4706
INFO:kbc-cli.py:Epoch 35/100	Loss 7.7546 ± 0.4336
INFO:kbc-cli.py:Epoch 36/100	Loss 7.7517 ± 0.4484
INFO:kbc-cli.py:Epoch 36/100	dev results	MRR 0.930618	H@1 0.871933	H@3 0.987730	H@5 0.992331	H@10 0.996933	H@20 0.999233	H@50 1.000000	H@100 1.000000
INFO:kbc-cli.py:Epoch 36/100	test results	MRR 0.932556	H@1 0.875189	H@3 0.988654	H@5 0.995461	H@10 0.997731	H@20 0.997731	H@50 1.000000	H@100 1.000000
INFO:kbc-cli.py:Epoch 37/100	Loss 7.7505 ± 0.4459
INFO:kbc-cli.py:Epoch 38/100	Loss 7.7452 ± 0.4516
INFO:kbc-cli.py:Epoch 39/100	Loss 7.7433 ± 0.4726
INFO:kbc-cli.py:Epoch 39/100	dev results	MRR 0.935295	H@1 0.881902	H@3 0.987730	H@5 0.992331	H@10 0.996166	H@20 0.999233	H@50 1.000000	H@100 1.000000
INFO:kbc-cli.py:Epoch 39/100	test results	MRR 0.937463	H@1 0.885023	H@3 0.988654	H@5 0.995461	H@10 0.997731	H@20 0.997731	H@50 1.000000	H@100 1.000000
INFO:kbc-cli.py:Epoch 40/100	Loss 7.7414 ± 0.4537
INFO:kbc-cli.py:Epoch 41/100	Loss 7.7383 ± 0.4544
INFO:kbc-cli.py:Epoch 42/100	Loss 7.7374 ± 0.4461
INFO:kbc-cli.py:Epoch 42/100	dev results	MRR 0.934912	H@1 0.881135	H@3 0.987730	H@5 0.992331	H@10 0.996166	H@20 0.999233	H@50 1.000000	H@100 1.000000
INFO:kbc-cli.py:Epoch 42/100	test results	MRR 0.935637	H@1 0.881997	H@3 0.987897	H@5 0.995461	H@10 0.997731	H@20 0.997731	H@50 1.000000	H@100 1.000000
INFO:kbc-cli.py:Epoch 43/100	Loss 7.7354 ± 0.4415
INFO:kbc-cli.py:Epoch 44/100	Loss 7.7319 ± 0.4509
INFO:kbc-cli.py:Epoch 45/100	Loss 7.7299 ± 0.4115
INFO:kbc-cli.py:Epoch 45/100	dev results	MRR 0.937043	H@1 0.884969	H@3 0.988497	H@5 0.992331	H@10 0.996933	H@20 0.999233	H@50 1.000000	H@100 1.000000
INFO:kbc-cli.py:Epoch 45/100	test results	MRR 0.936836	H@1 0.883510	H@3 0.988654	H@5 0.995461	H@10 0.997731	H@20 0.997731	H@50 1.000000	H@100 1.000000
INFO:kbc-cli.py:Epoch 46/100	Loss 7.7270 ± 0.4126
INFO:kbc-cli.py:Epoch 47/100	Loss 7.7263 ± 0.4270
INFO:kbc-cli.py:Epoch 48/100	Loss 7.7250 ± 0.4470
INFO:kbc-cli.py:Epoch 48/100	dev results	MRR 0.931046	H@1 0.873466	H@3 0.988497	H@5 0.992331	H@10 0.996166	H@20 0.999233	H@50 1.000000	H@100 1.000000
INFO:kbc-cli.py:Epoch 48/100	test results	MRR 0.935803	H@1 0.881241	H@3 0.988654	H@5 0.994705	H@10 0.997731	H@20 0.997731	H@50 1.000000	H@100 1.000000
INFO:kbc-cli.py:Epoch 49/100	Loss 7.7219 ± 0.4401
INFO:kbc-cli.py:Epoch 50/100	Loss 7.7214 ± 0.4356
INFO:kbc-cli.py:Epoch 51/100	Loss 7.7191 ± 0.4229
INFO:kbc-cli.py:Epoch 51/100	dev results	MRR 0.936791	H@1 0.884969	H@3 0.986963	H@5 0.992331	H@10 0.996166	H@20 0.999233	H@50 1.000000	H@100 1.000000
INFO:kbc-cli.py:Epoch 51/100	test results	MRR 0.936396	H@1 0.883510	H@3 0.987897	H@5 0.995461	H@10 0.997731	H@20 0.997731	H@50 1.000000	H@100 1.000000
INFO:kbc-cli.py:Epoch 52/100	Loss 7.7170 ± 0.4453
INFO:kbc-cli.py:Epoch 53/100	Loss 7.7162 ± 0.4267
INFO:kbc-cli.py:Epoch 54/100	Loss 7.7143 ± 0.4306
INFO:kbc-cli.py:Epoch 54/100	dev results	MRR 0.932110	H@1 0.875767	H@3 0.987730	H@5 0.992331	H@10 0.996933	H@20 0.999233	H@50 1.000000	H@100 1.000000
INFO:kbc-cli.py:Epoch 54/100	test results	MRR 0.935198	H@1 0.880484	H@3 0.988654	H@5 0.995461	H@10 0.997731	H@20 0.997731	H@50 1.000000	H@100 1.000000
INFO:kbc-cli.py:Epoch 55/100	Loss 7.7132 ± 0.4304
INFO:kbc-cli.py:Epoch 56/100	Loss 7.7108 ± 0.4567
INFO:kbc-cli.py:Epoch 57/100	Loss 7.7104 ± 0.4275
INFO:kbc-cli.py:Epoch 57/100	dev results	MRR 0.937150	H@1 0.885736	H@3 0.986963	H@5 0.992331	H@10 0.996166	H@20 0.999233	H@50 1.000000	H@100 1.000000
INFO:kbc-cli.py:Epoch 57/100	test results	MRR 0.939335	H@1 0.888805	H@3 0.988654	H@5 0.994705	H@10 0.997731	H@20 0.997731	H@50 1.000000	H@100 1.000000
INFO:kbc-cli.py:Epoch 58/100	Loss 7.7082 ± 0.4183
INFO:kbc-cli.py:Epoch 59/100	Loss 7.7062 ± 0.4330
INFO:kbc-cli.py:Epoch 60/100	Loss 7.7050 ± 0.4374
INFO:kbc-cli.py:Epoch 60/100	dev results	MRR 0.936095	H@1 0.883436	H@3 0.987730	H@5 0.992331	H@10 0.996166	H@20 0.999233	H@50 1.000000	H@100 1.000000
INFO:kbc-cli.py:Epoch 60/100	test results	MRR 0.936562	H@1 0.883510	H@3 0.988654	H@5 0.994705	H@10 0.997731	H@20 0.997731	H@50 1.000000	H@100 1.000000
INFO:kbc-cli.py:Epoch 61/100	Loss 7.7038 ± 0.4110
INFO:kbc-cli.py:Epoch 62/100	Loss 7.7049 ± 0.4330
INFO:kbc-cli.py:Epoch 63/100	Loss 7.7017 ± 0.4282
INFO:kbc-cli.py:Epoch 63/100	dev results	MRR 0.933973	H@1 0.879601	H@3 0.986196	H@5 0.992331	H@10 0.996166	H@20 0.999233	H@50 1.000000	H@100 1.000000
INFO:kbc-cli.py:Epoch 63/100	test results	MRR 0.933876	H@1 0.878215	H@3 0.988654	H@5 0.995461	H@10 0.997731	H@20 0.997731	H@50 1.000000	H@100 1.000000
INFO:kbc-cli.py:Epoch 64/100	Loss 7.7001 ± 0.4347
INFO:kbc-cli.py:Epoch 65/100	Loss 7.6993 ± 0.4524
INFO:kbc-cli.py:Epoch 66/100	Loss 7.6988 ± 0.4302
INFO:kbc-cli.py:Epoch 66/100	dev results	MRR 0.937987	H@1 0.887270	H@3 0.987730	H@5 0.992331	H@10 0.996933	H@20 0.999233	H@50 1.000000	H@100 1.000000
INFO:kbc-cli.py:Epoch 66/100	test results	MRR 0.942155	H@1 0.894856	H@3 0.988654	H@5 0.993949	H@10 0.997731	H@20 0.997731	H@50 1.000000	H@100 1.000000
INFO:kbc-cli.py:Epoch 67/100	Loss 7.6968 ± 0.4235
INFO:kbc-cli.py:Epoch 68/100	Loss 7.6951 ± 0.4169
INFO:kbc-cli.py:Epoch 69/100	Loss 7.6945 ± 0.4163
INFO:kbc-cli.py:Epoch 69/100	dev results	MRR 0.940990	H@1 0.893405	H@3 0.986963	H@5 0.992331	H@10 0.996166	H@20 0.999233	H@50 1.000000	H@100 1.000000
INFO:kbc-cli.py:Epoch 69/100	test results	MRR 0.944815	H@1 0.900151	H@3 0.989410	H@5 0.995461	H@10 0.996974	H@20 0.997731	H@50 1.000000	H@100 1.000000
INFO:kbc-cli.py:Epoch 70/100	Loss 7.6938 ± 0.4565
INFO:kbc-cli.py:Epoch 71/100	Loss 7.6936 ± 0.4325
INFO:kbc-cli.py:Epoch 72/100	Loss 7.6915 ± 0.4544
INFO:kbc-cli.py:Epoch 72/100	dev results	MRR 0.938281	H@1 0.888037	H@3 0.986963	H@5 0.991564	H@10 0.996166	H@20 0.999233	H@50 1.000000	H@100 1.000000
INFO:kbc-cli.py:Epoch 72/100	test results	MRR 0.940056	H@1 0.890318	H@3 0.988654	H@5 0.994705	H@10 0.997731	H@20 0.997731	H@50 1.000000	H@100 1.000000
INFO:kbc-cli.py:Epoch 73/100	Loss 7.6911 ± 0.3984
INFO:kbc-cli.py:Epoch 74/100	Loss 7.6901 ± 0.4427
INFO:kbc-cli.py:Epoch 75/100	Loss 7.6875 ± 0.4499
INFO:kbc-cli.py:Epoch 75/100	dev results	MRR 0.939712	H@1 0.891104	H@3 0.986963	H@5 0.992331	H@10 0.996166	H@20 0.999233	H@50 1.000000	H@100 1.000000
INFO:kbc-cli.py:Epoch 75/100	test results	MRR 0.940310	H@1 0.891074	H@3 0.989410	H@5 0.993949	H@10 0.997731	H@20 0.997731	H@50 1.000000	H@100 1.000000
INFO:kbc-cli.py:Epoch 76/100	Loss 7.6879 ± 0.4375
INFO:kbc-cli.py:Epoch 77/100	Loss 7.6865 ± 0.4249
INFO:kbc-cli.py:Epoch 78/100	Loss 7.6858 ± 0.4313
INFO:kbc-cli.py:Epoch 78/100	dev results	MRR 0.937124	H@1 0.885736	H@3 0.986963	H@5 0.992331	H@10 0.996166	H@20 0.999233	H@50 1.000000	H@100 1.000000
INFO:kbc-cli.py:Epoch 78/100	test results	MRR 0.938684	H@1 0.888048	H@3 0.988654	H@5 0.994705	H@10 0.997731	H@20 0.997731	H@50 1.000000	H@100 1.000000
INFO:kbc-cli.py:Epoch 79/100	Loss 7.6848 ± 0.4406
INFO:kbc-cli.py:Epoch 80/100	Loss 7.6842 ± 0.4305
INFO:kbc-cli.py:Epoch 81/100	Loss 7.6825 ± 0.4148
INFO:kbc-cli.py:Epoch 81/100	dev results	MRR 0.938664	H@1 0.888804	H@3 0.986963	H@5 0.992331	H@10 0.996166	H@20 0.999233	H@50 1.000000	H@100 1.000000
INFO:kbc-cli.py:Epoch 81/100	test results	MRR 0.941509	H@1 0.893343	H@3 0.988654	H@5 0.995461	H@10 0.997731	H@20 0.997731	H@50 1.000000	H@100 1.000000
INFO:kbc-cli.py:Epoch 82/100	Loss 7.6809 ± 0.4350
INFO:kbc-cli.py:Epoch 83/100	Loss 7.6809 ± 0.4406
INFO:kbc-cli.py:Epoch 84/100	Loss 7.6803 ± 0.4317
INFO:kbc-cli.py:Epoch 84/100	dev results	MRR 0.937782	H@1 0.887270	H@3 0.986963	H@5 0.992331	H@10 0.996166	H@20 0.999233	H@50 1.000000	H@100 1.000000
INFO:kbc-cli.py:Epoch 84/100	test results	MRR 0.942227	H@1 0.894856	H@3 0.990166	H@5 0.995461	H@10 0.997731	H@20 0.997731	H@50 1.000000	H@100 1.000000
INFO:kbc-cli.py:Epoch 85/100	Loss 7.6805 ± 0.4411
INFO:kbc-cli.py:Epoch 86/100	Loss 7.6784 ± 0.4278
INFO:kbc-cli.py:Epoch 87/100	Loss 7.6776 ± 0.4382
INFO:kbc-cli.py:Epoch 87/100	dev results	MRR 0.942181	H@1 0.895706	H@3 0.986196	H@5 0.992331	H@10 0.996166	H@20 0.999233	H@50 1.000000	H@100 1.000000
INFO:kbc-cli.py:Epoch 87/100	test results	MRR 0.945480	H@1 0.900908	H@3 0.990166	H@5 0.994705	H@10 0.997731	H@20 0.997731	H@50 1.000000	H@100 1.000000
INFO:kbc-cli.py:Epoch 88/100	Loss 7.6775 ± 0.4281
INFO:kbc-cli.py:Epoch 89/100	Loss 7.6768 ± 0.4392
INFO:kbc-cli.py:Epoch 90/100	Loss 7.6759 ± 0.4437
INFO:kbc-cli.py:Epoch 90/100	dev results	MRR 0.935198	H@1 0.881902	H@3 0.986963	H@5 0.992331	H@10 0.996166	H@20 0.999233	H@50 1.000000	H@100 1.000000
INFO:kbc-cli.py:Epoch 90/100	test results	MRR 0.940481	H@1 0.891831	H@3 0.990166	H@5 0.994705	H@10 0.996974	H@20 0.997731	H@50 1.000000	H@100 1.000000
INFO:kbc-cli.py:Epoch 91/100	Loss 7.6753 ± 0.4216
INFO:kbc-cli.py:Epoch 92/100	Loss 7.6750 ± 0.4264
INFO:kbc-cli.py:Epoch 93/100	Loss 7.6717 ± 0.4474
INFO:kbc-cli.py:Epoch 93/100	dev results	MRR 0.936745	H@1 0.884969	H@3 0.986963	H@5 0.992331	H@10 0.996166	H@20 0.999233	H@50 1.000000	H@100 1.000000
INFO:kbc-cli.py:Epoch 93/100	test results	MRR 0.939606	H@1 0.889561	H@3 0.990166	H@5 0.994705	H@10 0.997731	H@20 0.997731	H@50 1.000000	H@100 1.000000
INFO:kbc-cli.py:Epoch 94/100	Loss 7.6735 ± 0.4176
INFO:kbc-cli.py:Epoch 95/100	Loss 7.6724 ± 0.4392
INFO:kbc-cli.py:Epoch 96/100	Loss 7.6709 ± 0.4375
INFO:kbc-cli.py:Epoch 96/100	dev results	MRR 0.941004	H@1 0.893405	H@3 0.986963	H@5 0.992331	H@10 0.996933	H@20 0.999233	H@50 1.000000	H@100 1.000000
INFO:kbc-cli.py:Epoch 96/100	test results	MRR 0.943705	H@1 0.897882	H@3 0.989410	H@5 0.994705	H@10 0.997731	H@20 0.997731	H@50 1.000000	H@100 1.000000
INFO:kbc-cli.py:Epoch 97/100	Loss 7.6710 ± 0.4368
INFO:kbc-cli.py:Epoch 98/100	Loss 7.6704 ± 0.4302
INFO:kbc-cli.py:Epoch 99/100	Loss 7.6696 ± 0.4563
INFO:kbc-cli.py:Epoch 99/100	dev results	MRR 0.937121	H@1 0.885736	H@3 0.986963	H@5 0.992331	H@10 0.996166	H@20 0.999233	H@50 1.000000	H@100 1.000000
INFO:kbc-cli.py:Epoch 99/100	test results	MRR 0.942021	H@1 0.894856	H@3 0.989410	H@5 0.994705	H@10 0.996974	H@20 0.997731	H@50 1.000000	H@100 1.000000
INFO:kbc-cli.py:Epoch 100/100	Loss 7.6685 ± 0.4278
INFO:kbc-cli.py:Final 	dev results	MRR 0.939809	H@1 0.891104	H@3 0.986963	H@5 0.992331	H@10 0.996166	H@20 0.999233	H@50 1.000000	H@100 1.000000
INFO:kbc-cli.py:Final 	test results	MRR 0.944423	H@1 0.899395	H@3 0.989410	H@5 0.994705	H@10 0.997731	H@20 0.997731	H@50 1.000000	H@100 1.000000
INFO:kbc-cli.py:Training finished
