./bin/kbc-cli.py --train data/umls/train.tsv --dev data/umls/dev.tsv --test data/umls/test.tsv -m complex -k 500 -b 100 -e 100 --F2 0 --N3 0.05 -l 0.1 -I standard -V 3 -o adagrad -c spo -q
{'F2': 0.0,
 'N3': 0.05,
 'batch_size': 100,
 'corruption': 'spo',
 'dev': 'data/umls/dev.tsv',
 'embedding_size': 500,
 'epochs': 100,
 'eval_batch_size': None,
 'input_type': 'standard',
 'learning_rate': 0.1,
 'load': None,
 'model': 'complex',
 'optimizer': 'adagrad',
 'quiet': True,
 'save': None,
 'seed': 0,
 'test': 'data/umls/test.tsv',
 'test_i': None,
 'test_ii': None,
 'train': 'data/umls/train.tsv',
 'validate_every': 3}
INFO:kbc-cli.py:Device: cuda
INFO:kbc-cli.py:Model state:
INFO:kbc-cli.py:	entities.weight	torch.Size([135, 1000])
INFO:kbc-cli.py:	predicates.weight	torch.Size([46, 1000])
INFO:kbc-cli.py:Epoch 1/100	Loss 11.3433 ± 1.9158
INFO:kbc-cli.py:Epoch 2/100	Loss 8.5782 ± 0.1756
INFO:kbc-cli.py:Epoch 3/100	Loss 8.2695 ± 0.1788
INFO:kbc-cli.py:Epoch 3/100	dev results	MRR 0.899565	H@1 0.820552	H@3 0.974693	H@5 0.984663	H@10 0.993098	H@20 0.996933	H@50 1.000000	H@100 1.000000
INFO:kbc-cli.py:Epoch 3/100	test results	MRR 0.895527	H@1 0.813918	H@3 0.973525	H@5 0.986384	H@10 0.995461	H@20 0.997731	H@50 0.997731	H@100 0.999244
INFO:kbc-cli.py:Epoch 4/100	Loss 8.1384 ± 0.1922
INFO:kbc-cli.py:Epoch 5/100	Loss 8.0797 ± 0.1760
INFO:kbc-cli.py:Epoch 6/100	Loss 8.0305 ± 0.1642
INFO:kbc-cli.py:Epoch 6/100	dev results	MRR 0.880415	H@1 0.776840	H@3 0.983896	H@5 0.989264	H@10 0.994632	H@20 0.996166	H@50 1.000000	H@100 1.000000
INFO:kbc-cli.py:Epoch 6/100	test results	MRR 0.875985	H@1 0.769289	H@3 0.981846	H@5 0.990923	H@10 0.997731	H@20 0.997731	H@50 0.997731	H@100 1.000000
INFO:kbc-cli.py:Epoch 7/100	Loss 7.9979 ± 0.1698
INFO:kbc-cli.py:Epoch 8/100	Loss 7.9675 ± 0.1925
INFO:kbc-cli.py:Epoch 9/100	Loss 7.9332 ± 0.2053
INFO:kbc-cli.py:Epoch 9/100	dev results	MRR 0.916340	H@1 0.846626	H@3 0.983896	H@5 0.988497	H@10 0.995399	H@20 0.998466	H@50 1.000000	H@100 1.000000
INFO:kbc-cli.py:Epoch 9/100	test results	MRR 0.903886	H@1 0.821483	H@3 0.985628	H@5 0.993949	H@10 0.996218	H@20 0.997731	H@50 0.997731	H@100 0.999244
INFO:kbc-cli.py:Epoch 10/100	Loss 7.9314 ± 0.1832
INFO:kbc-cli.py:Epoch 11/100	Loss 7.9066 ± 0.1514
INFO:kbc-cli.py:Epoch 12/100	Loss 7.8909 ± 0.1722
INFO:kbc-cli.py:Epoch 12/100	dev results	MRR 0.912537	H@1 0.839724	H@3 0.983129	H@5 0.990798	H@10 0.995399	H@20 0.998466	H@50 1.000000	H@100 1.000000
INFO:kbc-cli.py:Epoch 12/100	test results	MRR 0.903786	H@1 0.822239	H@3 0.984871	H@5 0.990923	H@10 0.996974	H@20 0.997731	H@50 0.997731	H@100 1.000000
INFO:kbc-cli.py:Epoch 13/100	Loss 7.8837 ± 0.1690
INFO:kbc-cli.py:Epoch 14/100	Loss 7.8688 ± 0.1736
INFO:kbc-cli.py:Epoch 15/100	Loss 7.8673 ± 0.1960
INFO:kbc-cli.py:Epoch 15/100	dev results	MRR 0.913164	H@1 0.838957	H@3 0.984663	H@5 0.990798	H@10 0.996166	H@20 0.998466	H@50 1.000000	H@100 1.000000
INFO:kbc-cli.py:Epoch 15/100	test results	MRR 0.907060	H@1 0.826778	H@3 0.986384	H@5 0.993192	H@10 0.996974	H@20 0.997731	H@50 0.997731	H@100 1.000000
INFO:kbc-cli.py:Epoch 16/100	Loss 7.8420 ± 0.1427
INFO:kbc-cli.py:Epoch 17/100	Loss 7.8346 ± 0.1644
INFO:kbc-cli.py:Epoch 18/100	Loss 7.8218 ± 0.1620
INFO:kbc-cli.py:Epoch 18/100	dev results	MRR 0.917606	H@1 0.848160	H@3 0.984663	H@5 0.989264	H@10 0.995399	H@20 0.998466	H@50 1.000000	H@100 1.000000
INFO:kbc-cli.py:Epoch 18/100	test results	MRR 0.913878	H@1 0.841150	H@3 0.987141	H@5 0.992436	H@10 0.997731	H@20 0.997731	H@50 0.998487	H@100 1.000000
INFO:kbc-cli.py:Epoch 19/100	Loss 7.8127 ± 0.1511
INFO:kbc-cli.py:Epoch 20/100	Loss 7.8135 ± 0.1782
INFO:kbc-cli.py:Epoch 21/100	Loss 7.8138 ± 0.1811
INFO:kbc-cli.py:Epoch 21/100	dev results	MRR 0.922253	H@1 0.857362	H@3 0.986196	H@5 0.991564	H@10 0.996166	H@20 0.998466	H@50 1.000000	H@100 1.000000
INFO:kbc-cli.py:Epoch 21/100	test results	MRR 0.920997	H@1 0.854009	H@3 0.987141	H@5 0.994705	H@10 0.997731	H@20 0.997731	H@50 0.999244	H@100 1.000000
INFO:kbc-cli.py:Epoch 22/100	Loss 7.7914 ± 0.1790
INFO:kbc-cli.py:Epoch 23/100	Loss 7.7997 ± 0.1408
INFO:kbc-cli.py:Epoch 24/100	Loss 7.7932 ± 0.1578
INFO:kbc-cli.py:Epoch 24/100	dev results	MRR 0.910883	H@1 0.834356	H@3 0.985429	H@5 0.992331	H@10 0.996166	H@20 0.999233	H@50 1.000000	H@100 1.000000
INFO:kbc-cli.py:Epoch 24/100	test results	MRR 0.909160	H@1 0.830560	H@3 0.987141	H@5 0.994705	H@10 0.997731	H@20 0.997731	H@50 0.999244	H@100 1.000000
INFO:kbc-cli.py:Epoch 25/100	Loss 7.7864 ± 0.1400
INFO:kbc-cli.py:Epoch 26/100	Loss 7.7773 ± 0.1715
INFO:kbc-cli.py:Epoch 27/100	Loss 7.7909 ± 0.1737
INFO:kbc-cli.py:Epoch 27/100	dev results	MRR 0.917786	H@1 0.846626	H@3 0.986196	H@5 0.992331	H@10 0.996933	H@20 0.999233	H@50 1.000000	H@100 1.000000
INFO:kbc-cli.py:Epoch 27/100	test results	MRR 0.909957	H@1 0.832073	H@3 0.986384	H@5 0.993949	H@10 0.997731	H@20 0.997731	H@50 0.999244	H@100 1.000000
INFO:kbc-cli.py:Epoch 28/100	Loss 7.7685 ± 0.1754
INFO:kbc-cli.py:Epoch 29/100	Loss 7.7740 ± 0.1573
INFO:kbc-cli.py:Epoch 30/100	Loss 7.7740 ± 0.1590
INFO:kbc-cli.py:Epoch 30/100	dev results	MRR 0.927807	H@1 0.866564	H@3 0.986196	H@5 0.993098	H@10 0.996933	H@20 0.999233	H@50 1.000000	H@100 1.000000
INFO:kbc-cli.py:Epoch 30/100	test results	MRR 0.928136	H@1 0.869138	H@3 0.986384	H@5 0.992436	H@10 0.997731	H@20 0.997731	H@50 0.999244	H@100 1.000000
INFO:kbc-cli.py:Epoch 31/100	Loss 7.7655 ± 0.1599
INFO:kbc-cli.py:Epoch 32/100	Loss 7.7543 ± 0.1497
INFO:kbc-cli.py:Epoch 33/100	Loss 7.7611 ± 0.1613
INFO:kbc-cli.py:Epoch 33/100	dev results	MRR 0.933033	H@1 0.877301	H@3 0.986963	H@5 0.993098	H@10 0.997699	H@20 0.999233	H@50 1.000000	H@100 1.000000
INFO:kbc-cli.py:Epoch 33/100	test results	MRR 0.929635	H@1 0.870651	H@3 0.989410	H@5 0.993949	H@10 0.997731	H@20 0.997731	H@50 0.999244	H@100 1.000000
INFO:kbc-cli.py:Epoch 34/100	Loss 7.7534 ± 0.1582
INFO:kbc-cli.py:Epoch 35/100	Loss 7.7564 ± 0.1627
INFO:kbc-cli.py:Epoch 36/100	Loss 7.7470 ± 0.1438
INFO:kbc-cli.py:Epoch 36/100	dev results	MRR 0.926748	H@1 0.865031	H@3 0.986963	H@5 0.993098	H@10 0.996166	H@20 1.000000	H@50 1.000000	H@100 1.000000
INFO:kbc-cli.py:Epoch 36/100	test results	MRR 0.929494	H@1 0.870651	H@3 0.988654	H@5 0.993949	H@10 0.997731	H@20 0.997731	H@50 0.999244	H@100 1.000000
INFO:kbc-cli.py:Epoch 37/100	Loss 7.7574 ± 0.1576
INFO:kbc-cli.py:Epoch 38/100	Loss 7.7350 ± 0.1708
INFO:kbc-cli.py:Epoch 39/100	Loss 7.7432 ± 0.1766
INFO:kbc-cli.py:Epoch 39/100	dev results	MRR 0.933721	H@1 0.878834	H@3 0.986963	H@5 0.992331	H@10 0.996933	H@20 0.998466	H@50 1.000000	H@100 1.000000
INFO:kbc-cli.py:Epoch 39/100	test results	MRR 0.934088	H@1 0.880484	H@3 0.988654	H@5 0.993192	H@10 0.997731	H@20 0.997731	H@50 0.999244	H@100 1.000000
INFO:kbc-cli.py:Epoch 40/100	Loss 7.7478 ± 0.1648
INFO:kbc-cli.py:Epoch 41/100	Loss 7.7295 ± 0.1689
INFO:kbc-cli.py:Epoch 42/100	Loss 7.7364 ± 0.1561
INFO:kbc-cli.py:Epoch 42/100	dev results	MRR 0.935895	H@1 0.884202	H@3 0.986196	H@5 0.991564	H@10 0.996166	H@20 0.998466	H@50 1.000000	H@100 1.000000
INFO:kbc-cli.py:Epoch 42/100	test results	MRR 0.934307	H@1 0.880484	H@3 0.987897	H@5 0.993192	H@10 0.997731	H@20 0.997731	H@50 0.999244	H@100 1.000000
INFO:kbc-cli.py:Epoch 43/100	Loss 7.7410 ± 0.1891
INFO:kbc-cli.py:Epoch 44/100	Loss 7.7280 ± 0.1398
INFO:kbc-cli.py:Epoch 45/100	Loss 7.7347 ± 0.1572
INFO:kbc-cli.py:Epoch 45/100	dev results	MRR 0.933035	H@1 0.877301	H@3 0.986963	H@5 0.991564	H@10 0.996166	H@20 0.999233	H@50 1.000000	H@100 1.000000
INFO:kbc-cli.py:Epoch 45/100	test results	MRR 0.932002	H@1 0.875189	H@3 0.988654	H@5 0.993949	H@10 0.997731	H@20 0.997731	H@50 0.999244	H@100 1.000000
INFO:kbc-cli.py:Epoch 46/100	Loss 7.7193 ± 0.1462
INFO:kbc-cli.py:Epoch 47/100	Loss 7.7155 ± 0.1706
INFO:kbc-cli.py:Epoch 48/100	Loss 7.7283 ± 0.1566
INFO:kbc-cli.py:Epoch 48/100	dev results	MRR 0.924026	H@1 0.860429	H@3 0.986196	H@5 0.991564	H@10 0.996166	H@20 0.998466	H@50 1.000000	H@100 1.000000
INFO:kbc-cli.py:Epoch 48/100	test results	MRR 0.924773	H@1 0.861573	H@3 0.987897	H@5 0.993949	H@10 0.997731	H@20 0.997731	H@50 0.999244	H@100 1.000000
INFO:kbc-cli.py:Epoch 49/100	Loss 7.7255 ± 0.1711
INFO:kbc-cli.py:Epoch 50/100	Loss 7.7215 ± 0.1448
INFO:kbc-cli.py:Epoch 51/100	Loss 7.7140 ± 0.1477
INFO:kbc-cli.py:Epoch 51/100	dev results	MRR 0.935068	H@1 0.881135	H@3 0.988497	H@5 0.992331	H@10 0.996933	H@20 0.999233	H@50 1.000000	H@100 1.000000
INFO:kbc-cli.py:Epoch 51/100	test results	MRR 0.932131	H@1 0.875946	H@3 0.987897	H@5 0.993192	H@10 0.997731	H@20 0.997731	H@50 0.999244	H@100 1.000000
INFO:kbc-cli.py:Epoch 52/100	Loss 7.7083 ± 0.1521
INFO:kbc-cli.py:Epoch 53/100	Loss 7.7191 ± 0.1354
INFO:kbc-cli.py:Epoch 54/100	Loss 7.7154 ± 0.1776
INFO:kbc-cli.py:Epoch 54/100	dev results	MRR 0.936215	H@1 0.883436	H@3 0.987730	H@5 0.991564	H@10 0.996166	H@20 1.000000	H@50 1.000000	H@100 1.000000
INFO:kbc-cli.py:Epoch 54/100	test results	MRR 0.932466	H@1 0.876702	H@3 0.988654	H@5 0.993192	H@10 0.997731	H@20 0.997731	H@50 0.999244	H@100 1.000000
INFO:kbc-cli.py:Epoch 55/100	Loss 7.7123 ± 0.1491
INFO:kbc-cli.py:Epoch 56/100	Loss 7.7088 ± 0.1578
INFO:kbc-cli.py:Epoch 57/100	Loss 7.7077 ± 0.1465
INFO:kbc-cli.py:Epoch 57/100	dev results	MRR 0.939927	H@1 0.891104	H@3 0.986196	H@5 0.992331	H@10 0.996166	H@20 1.000000	H@50 1.000000	H@100 1.000000
INFO:kbc-cli.py:Epoch 57/100	test results	MRR 0.936301	H@1 0.884266	H@3 0.987141	H@5 0.993949	H@10 0.997731	H@20 0.997731	H@50 0.999244	H@100 1.000000
INFO:kbc-cli.py:Epoch 58/100	Loss 7.7080 ± 0.1440
INFO:kbc-cli.py:Epoch 59/100	Loss 7.6983 ± 0.1614
INFO:kbc-cli.py:Epoch 60/100	Loss 7.7103 ± 0.1660
INFO:kbc-cli.py:Epoch 60/100	dev results	MRR 0.925109	H@1 0.861963	H@3 0.986196	H@5 0.992331	H@10 0.996166	H@20 0.998466	H@50 1.000000	H@100 1.000000
INFO:kbc-cli.py:Epoch 60/100	test results	MRR 0.923543	H@1 0.860061	H@3 0.988654	H@5 0.993192	H@10 0.997731	H@20 0.997731	H@50 0.999244	H@100 1.000000
INFO:kbc-cli.py:Epoch 61/100	Loss 7.6958 ± 0.1635
INFO:kbc-cli.py:Epoch 62/100	Loss 7.7140 ± 0.1699
INFO:kbc-cli.py:Epoch 63/100	Loss 7.7018 ± 0.1385
INFO:kbc-cli.py:Epoch 63/100	dev results	MRR 0.933223	H@1 0.878067	H@3 0.986196	H@5 0.993098	H@10 0.997699	H@20 1.000000	H@50 1.000000	H@100 1.000000
INFO:kbc-cli.py:Epoch 63/100	test results	MRR 0.931549	H@1 0.875189	H@3 0.989410	H@5 0.993949	H@10 0.997731	H@20 0.997731	H@50 1.000000	H@100 1.000000
INFO:kbc-cli.py:Epoch 64/100	Loss 7.7017 ± 0.1204
INFO:kbc-cli.py:Epoch 65/100	Loss 7.6974 ± 0.1656
INFO:kbc-cli.py:Epoch 66/100	Loss 7.6982 ± 0.1414
INFO:kbc-cli.py:Epoch 66/100	dev results	MRR 0.936500	H@1 0.884202	H@3 0.986196	H@5 0.992331	H@10 0.996166	H@20 1.000000	H@50 1.000000	H@100 1.000000
INFO:kbc-cli.py:Epoch 66/100	test results	MRR 0.928286	H@1 0.869894	H@3 0.985628	H@5 0.992436	H@10 0.997731	H@20 0.997731	H@50 1.000000	H@100 1.000000
INFO:kbc-cli.py:Epoch 67/100	Loss 7.6995 ± 0.1586
INFO:kbc-cli.py:Epoch 68/100	Loss 7.6935 ± 0.1281
INFO:kbc-cli.py:Epoch 69/100	Loss 7.6970 ± 0.1716
INFO:kbc-cli.py:Epoch 69/100	dev results	MRR 0.944670	H@1 0.900307	H@3 0.986963	H@5 0.992331	H@10 0.996933	H@20 0.999233	H@50 1.000000	H@100 1.000000
INFO:kbc-cli.py:Epoch 69/100	test results	MRR 0.938371	H@1 0.889561	H@3 0.987897	H@5 0.993192	H@10 0.997731	H@20 0.997731	H@50 1.000000	H@100 1.000000
INFO:kbc-cli.py:Epoch 70/100	Loss 7.6911 ± 0.1508
INFO:kbc-cli.py:Epoch 71/100	Loss 7.6935 ± 0.1516
INFO:kbc-cli.py:Epoch 72/100	Loss 7.7009 ± 0.1877
INFO:kbc-cli.py:Epoch 72/100	dev results	MRR 0.940528	H@1 0.892638	H@3 0.986963	H@5 0.991564	H@10 0.996166	H@20 0.998466	H@50 1.000000	H@100 1.000000
INFO:kbc-cli.py:Epoch 72/100	test results	MRR 0.936734	H@1 0.886536	H@3 0.987141	H@5 0.993949	H@10 0.997731	H@20 0.997731	H@50 1.000000	H@100 1.000000
INFO:kbc-cli.py:Epoch 73/100	Loss 7.6934 ± 0.1461
INFO:kbc-cli.py:Epoch 74/100	Loss 7.6922 ± 0.1681
INFO:kbc-cli.py:Epoch 75/100	Loss 7.6802 ± 0.1538
INFO:kbc-cli.py:Epoch 75/100	dev results	MRR 0.942477	H@1 0.896472	H@3 0.987730	H@5 0.990798	H@10 0.996933	H@20 0.999233	H@50 1.000000	H@100 1.000000
INFO:kbc-cli.py:Epoch 75/100	test results	MRR 0.935587	H@1 0.883510	H@3 0.988654	H@5 0.994705	H@10 0.997731	H@20 0.997731	H@50 1.000000	H@100 1.000000
INFO:kbc-cli.py:Epoch 76/100	Loss 7.7019 ± 0.2031
INFO:kbc-cli.py:Epoch 77/100	Loss 7.6820 ± 0.1352
INFO:kbc-cli.py:Epoch 78/100	Loss 7.6861 ± 0.1497
INFO:kbc-cli.py:Epoch 78/100	dev results	MRR 0.937618	H@1 0.887270	H@3 0.986196	H@5 0.992331	H@10 0.996933	H@20 1.000000	H@50 1.000000	H@100 1.000000
INFO:kbc-cli.py:Epoch 78/100	test results	MRR 0.933605	H@1 0.880484	H@3 0.987897	H@5 0.992436	H@10 0.997731	H@20 0.997731	H@50 1.000000	H@100 1.000000
INFO:kbc-cli.py:Epoch 79/100	Loss 7.6914 ± 0.1330
INFO:kbc-cli.py:Epoch 80/100	Loss 7.6851 ± 0.1284
INFO:kbc-cli.py:Epoch 81/100	Loss 7.6838 ± 0.1300
INFO:kbc-cli.py:Epoch 81/100	dev results	MRR 0.942160	H@1 0.895706	H@3 0.986963	H@5 0.992331	H@10 0.996933	H@20 1.000000	H@50 1.000000	H@100 1.000000
INFO:kbc-cli.py:Epoch 81/100	test results	MRR 0.937612	H@1 0.888048	H@3 0.989410	H@5 0.994705	H@10 0.997731	H@20 0.997731	H@50 1.000000	H@100 1.000000
INFO:kbc-cli.py:Epoch 82/100	Loss 7.6670 ± 0.1794
INFO:kbc-cli.py:Epoch 83/100	Loss 7.6783 ± 0.1547
INFO:kbc-cli.py:Epoch 84/100	Loss 7.6817 ± 0.1571
INFO:kbc-cli.py:Epoch 84/100	dev results	MRR 0.942856	H@1 0.898006	H@3 0.985429	H@5 0.992331	H@10 0.996933	H@20 1.000000	H@50 1.000000	H@100 1.000000
INFO:kbc-cli.py:Epoch 84/100	test results	MRR 0.936850	H@1 0.887292	H@3 0.986384	H@5 0.993949	H@10 0.997731	H@20 0.997731	H@50 1.000000	H@100 1.000000
INFO:kbc-cli.py:Epoch 85/100	Loss 7.6851 ± 0.1706
INFO:kbc-cli.py:Epoch 86/100	Loss 7.6801 ± 0.1440
INFO:kbc-cli.py:Epoch 87/100	Loss 7.6735 ± 0.1469
INFO:kbc-cli.py:Epoch 87/100	dev results	MRR 0.947830	H@1 0.907209	H@3 0.986963	H@5 0.992331	H@10 0.997699	H@20 1.000000	H@50 1.000000	H@100 1.000000
INFO:kbc-cli.py:Epoch 87/100	test results	MRR 0.942077	H@1 0.897882	H@3 0.988654	H@5 0.993949	H@10 0.997731	H@20 0.997731	H@50 1.000000	H@100 1.000000
INFO:kbc-cli.py:Epoch 88/100	Loss 7.6761 ± 0.1344
INFO:kbc-cli.py:Epoch 89/100	Loss 7.6797 ± 0.1613
INFO:kbc-cli.py:Epoch 90/100	Loss 7.6761 ± 0.1428
INFO:kbc-cli.py:Epoch 90/100	dev results	MRR 0.937751	H@1 0.887270	H@3 0.986196	H@5 0.992331	H@10 0.996166	H@20 1.000000	H@50 1.000000	H@100 1.000000
INFO:kbc-cli.py:Epoch 90/100	test results	MRR 0.933479	H@1 0.880484	H@3 0.986384	H@5 0.993949	H@10 0.997731	H@20 0.997731	H@50 1.000000	H@100 1.000000
INFO:kbc-cli.py:Epoch 91/100	Loss 7.6811 ± 0.1517
INFO:kbc-cli.py:Epoch 92/100	Loss 7.6815 ± 0.1700
INFO:kbc-cli.py:Epoch 93/100	Loss 7.6654 ± 0.1601
INFO:kbc-cli.py:Epoch 93/100	dev results	MRR 0.939080	H@1 0.890337	H@3 0.985429	H@5 0.992331	H@10 0.996933	H@20 1.000000	H@50 1.000000	H@100 1.000000
INFO:kbc-cli.py:Epoch 93/100	test results	MRR 0.936900	H@1 0.887292	H@3 0.987141	H@5 0.993949	H@10 0.997731	H@20 0.997731	H@50 1.000000	H@100 1.000000
INFO:kbc-cli.py:Epoch 94/100	Loss 7.6772 ± 0.1585
INFO:kbc-cli.py:Epoch 95/100	Loss 7.6755 ± 0.1502
INFO:kbc-cli.py:Epoch 96/100	Loss 7.6660 ± 0.1612
INFO:kbc-cli.py:Epoch 96/100	dev results	MRR 0.941653	H@1 0.894939	H@3 0.986196	H@5 0.992331	H@10 0.996933	H@20 1.000000	H@50 1.000000	H@100 1.000000
INFO:kbc-cli.py:Epoch 96/100	test results	MRR 0.935396	H@1 0.885023	H@3 0.985628	H@5 0.993949	H@10 0.997731	H@20 0.997731	H@50 1.000000	H@100 1.000000
INFO:kbc-cli.py:Epoch 97/100	Loss 7.6764 ± 0.1573
INFO:kbc-cli.py:Epoch 98/100	Loss 7.6752 ± 0.1558
INFO:kbc-cli.py:Epoch 99/100	Loss 7.6645 ± 0.1358
INFO:kbc-cli.py:Epoch 99/100	dev results	MRR 0.936625	H@1 0.885736	H@3 0.986196	H@5 0.990798	H@10 0.996933	H@20 1.000000	H@50 1.000000	H@100 1.000000
INFO:kbc-cli.py:Epoch 99/100	test results	MRR 0.932802	H@1 0.878971	H@3 0.986384	H@5 0.993949	H@10 0.997731	H@20 0.997731	H@50 1.000000	H@100 1.000000
INFO:kbc-cli.py:Epoch 100/100	Loss 7.6614 ± 0.1688
INFO:kbc-cli.py:Final 	dev results	MRR 0.942514	H@1 0.896472	H@3 0.986963	H@5 0.990798	H@10 0.996933	H@20 1.000000	H@50 1.000000	H@100 1.000000
INFO:kbc-cli.py:Final 	test results	MRR 0.941989	H@1 0.897126	H@3 0.986384	H@5 0.993192	H@10 0.997731	H@20 0.997731	H@50 1.000000	H@100 1.000000
INFO:kbc-cli.py:Training finished
