./bin/kbc-cli.py --train data/kinship/train.tsv --dev data/kinship/dev.tsv --test data/kinship/test.tsv -m complex -k 1000 -b 50 -e 100 --F2 0 --N3 0.5 -l 0.1 -I standard -V 3 -o adagrad -c spo -q
{'F2': 0.0,
 'N3': 0.5,
 'batch_size': 50,
 'corruption': 'spo',
 'dev': 'data/kinship/dev.tsv',
 'embedding_size': 1000,
 'epochs': 100,
 'eval_batch_size': None,
 'input_type': 'standard',
 'learning_rate': 0.1,
 'load': None,
 'model': 'complex',
 'optimizer': 'adagrad',
 'quiet': True,
 'save': None,
 'seed': 0,
 'test': 'data/kinship/test.tsv',
 'test_i': None,
 'test_ii': None,
 'train': 'data/kinship/train.tsv',
 'validate_every': 3}
INFO:kbc-cli.py:Device: cuda
INFO:kbc-cli.py:Model state:
INFO:kbc-cli.py:	entities.weight	torch.Size([104, 2000])
INFO:kbc-cli.py:	predicates.weight	torch.Size([25, 2000])
INFO:kbc-cli.py:Epoch 1/100	Loss 12.2739 ± 1.0498
INFO:kbc-cli.py:Epoch 2/100	Loss 11.6993 ± 0.1454
INFO:kbc-cli.py:Epoch 3/100	Loss 11.6920 ± 0.1310
INFO:kbc-cli.py:Epoch 3/100	dev results	MRR 0.225712	H@1 0.086142	H@3 0.202247	H@5 0.334738	H@10 0.603933	H@20 0.931180	H@50 0.992978	H@100 1.000000
INFO:kbc-cli.py:Epoch 3/100	test results	MRR 0.217035	H@1 0.080074	H@3 0.187151	H@5 0.318436	H@10 0.592644	H@20 0.919926	H@50 0.995810	H@100 1.000000
INFO:kbc-cli.py:Epoch 4/100	Loss 11.6877 ± 0.1230
INFO:kbc-cli.py:Epoch 5/100	Loss 11.6861 ± 0.1267
INFO:kbc-cli.py:Epoch 6/100	Loss 11.6846 ± 0.1121
INFO:kbc-cli.py:Epoch 6/100	dev results	MRR 0.232187	H@1 0.090824	H@3 0.224719	H@5 0.336142	H@10 0.572097	H@20 0.933052	H@50 0.993914	H@100 1.000000
INFO:kbc-cli.py:Epoch 6/100	test results	MRR 0.228877	H@1 0.087989	H@3 0.216015	H@5 0.329609	H@10 0.591713	H@20 0.931564	H@50 0.996276	H@100 1.000000
INFO:kbc-cli.py:Epoch 7/100	Loss 11.6835 ± 0.1054
INFO:kbc-cli.py:Epoch 8/100	Loss 11.6827 ± 0.1123
INFO:kbc-cli.py:Epoch 9/100	Loss 11.6818 ± 0.1064
INFO:kbc-cli.py:Epoch 9/100	dev results	MRR 0.233092	H@1 0.082397	H@3 0.236891	H@5 0.347378	H@10 0.595974	H@20 0.937734	H@50 0.992509	H@100 1.000000
INFO:kbc-cli.py:Epoch 9/100	test results	MRR 0.237609	H@1 0.084264	H@3 0.249069	H@5 0.366853	H@10 0.600093	H@20 0.926909	H@50 0.996741	H@100 1.000000
INFO:kbc-cli.py:Epoch 10/100	Loss 11.6813 ± 0.1129
INFO:kbc-cli.py:Epoch 11/100	Loss 11.6806 ± 0.1080
INFO:kbc-cli.py:Epoch 12/100	Loss 11.6801 ± 0.1081
INFO:kbc-cli.py:Epoch 12/100	dev results	MRR 0.232799	H@1 0.088015	H@3 0.225655	H@5 0.351124	H@10 0.594101	H@20 0.933052	H@50 0.993446	H@100 1.000000
INFO:kbc-cli.py:Epoch 12/100	test results	MRR 0.239629	H@1 0.094507	H@3 0.236965	H@5 0.360801	H@10 0.600559	H@20 0.926443	H@50 0.996276	H@100 1.000000
INFO:kbc-cli.py:Epoch 13/100	Loss 11.6796 ± 0.1191
INFO:kbc-cli.py:Epoch 14/100	Loss 11.6797 ± 0.0980
INFO:kbc-cli.py:Epoch 15/100	Loss 11.6795 ± 0.1084
INFO:kbc-cli.py:Epoch 15/100	dev results	MRR 0.231870	H@1 0.087547	H@3 0.219101	H@5 0.359082	H@10 0.604869	H@20 0.933989	H@50 0.992509	H@100 1.000000
INFO:kbc-cli.py:Epoch 15/100	test results	MRR 0.240197	H@1 0.091713	H@3 0.231378	H@5 0.378492	H@10 0.601024	H@20 0.925978	H@50 0.997207	H@100 1.000000
INFO:kbc-cli.py:Epoch 16/100	Loss 11.6789 ± 0.1071
INFO:kbc-cli.py:Epoch 17/100	Loss 11.6789 ± 0.0994
INFO:kbc-cli.py:Epoch 18/100	Loss 11.6789 ± 0.0928
INFO:kbc-cli.py:Epoch 18/100	dev results	MRR 0.269903	H@1 0.120318	H@3 0.279963	H@5 0.407303	H@10 0.641854	H@20 0.948034	H@50 0.992978	H@100 1.000000
INFO:kbc-cli.py:Epoch 18/100	test results	MRR 0.272222	H@1 0.122439	H@3 0.284916	H@5 0.411080	H@10 0.634544	H@20 0.936220	H@50 0.996741	H@100 1.000000
INFO:kbc-cli.py:Epoch 19/100	Loss 11.6788 ± 0.0987
INFO:kbc-cli.py:Epoch 20/100	Loss 11.6781 ± 0.1024
INFO:kbc-cli.py:Epoch 21/100	Loss 11.6776 ± 0.1102
INFO:kbc-cli.py:Epoch 21/100	dev results	MRR 0.435539	H@1 0.271067	H@3 0.494850	H@5 0.627341	H@10 0.821629	H@20 0.970974	H@50 0.992978	H@100 0.999532
INFO:kbc-cli.py:Epoch 21/100	test results	MRR 0.426248	H@1 0.260708	H@3 0.486965	H@5 0.614525	H@10 0.805866	H@20 0.965549	H@50 0.996741	H@100 1.000000
INFO:kbc-cli.py:Epoch 22/100	Loss 11.6769 ± 0.1131
INFO:kbc-cli.py:Epoch 23/100	Loss 11.6759 ± 0.1006
INFO:kbc-cli.py:Epoch 24/100	Loss 11.6755 ± 0.1004
INFO:kbc-cli.py:Epoch 24/100	dev results	MRR 0.467820	H@1 0.302903	H@3 0.533240	H@5 0.674625	H@10 0.859082	H@20 0.972378	H@50 0.992978	H@100 1.000000
INFO:kbc-cli.py:Epoch 24/100	test results	MRR 0.457979	H@1 0.290503	H@3 0.532588	H@5 0.650372	H@10 0.844507	H@20 0.965084	H@50 0.996741	H@100 1.000000
INFO:kbc-cli.py:Epoch 25/100	Loss 11.6748 ± 0.1175
INFO:kbc-cli.py:Epoch 26/100	Loss 11.6741 ± 0.1080
INFO:kbc-cli.py:Epoch 27/100	Loss 11.6739 ± 0.1074
INFO:kbc-cli.py:Epoch 27/100	dev results	MRR 0.490313	H@1 0.335206	H@3 0.544476	H@5 0.675562	H@10 0.860487	H@20 0.973315	H@50 0.992509	H@100 1.000000
INFO:kbc-cli.py:Epoch 27/100	test results	MRR 0.470495	H@1 0.302607	H@3 0.549348	H@5 0.662942	H@10 0.845438	H@20 0.964618	H@50 0.996276	H@100 1.000000
INFO:kbc-cli.py:Epoch 28/100	Loss 11.6736 ± 0.0931
INFO:kbc-cli.py:Epoch 29/100	Loss 11.6731 ± 0.1141
INFO:kbc-cli.py:Epoch 30/100	Loss 11.6732 ± 0.1073
INFO:kbc-cli.py:Epoch 30/100	dev results	MRR 0.495875	H@1 0.340824	H@3 0.555712	H@5 0.682116	H@10 0.866573	H@20 0.973783	H@50 0.992978	H@100 1.000000
INFO:kbc-cli.py:Epoch 30/100	test results	MRR 0.472786	H@1 0.305400	H@3 0.556797	H@5 0.668063	H@10 0.848696	H@20 0.966015	H@50 0.996741	H@100 1.000000
INFO:kbc-cli.py:Epoch 31/100	Loss 11.6729 ± 0.0997
INFO:kbc-cli.py:Epoch 32/100	Loss 11.6725 ± 0.0990
INFO:kbc-cli.py:Epoch 33/100	Loss 11.6723 ± 0.1099
INFO:kbc-cli.py:Epoch 33/100	dev results	MRR 0.488989	H@1 0.330524	H@3 0.555243	H@5 0.684457	H@10 0.866105	H@20 0.973783	H@50 0.992041	H@100 1.000000
INFO:kbc-cli.py:Epoch 33/100	test results	MRR 0.473097	H@1 0.308659	H@3 0.551210	H@5 0.666667	H@10 0.856145	H@20 0.965549	H@50 0.995810	H@100 1.000000
INFO:kbc-cli.py:Epoch 34/100	Loss 11.6721 ± 0.1064
INFO:kbc-cli.py:Epoch 35/100	Loss 11.6719 ± 0.0992
INFO:kbc-cli.py:Epoch 36/100	Loss 11.6719 ± 0.1060
INFO:kbc-cli.py:Epoch 36/100	dev results	MRR 0.496438	H@1 0.340356	H@3 0.558052	H@5 0.683052	H@10 0.866105	H@20 0.971910	H@50 0.992509	H@100 1.000000
INFO:kbc-cli.py:Epoch 36/100	test results	MRR 0.480650	H@1 0.316574	H@3 0.562849	H@5 0.676443	H@10 0.855214	H@20 0.965084	H@50 0.996741	H@100 1.000000
INFO:kbc-cli.py:Epoch 37/100	Loss 11.6720 ± 0.1086
INFO:kbc-cli.py:Epoch 38/100	Loss 11.6716 ± 0.1011
INFO:kbc-cli.py:Epoch 39/100	Loss 11.6716 ± 0.1112
INFO:kbc-cli.py:Epoch 39/100	dev results	MRR 0.496836	H@1 0.338015	H@3 0.562734	H@5 0.687734	H@10 0.864700	H@20 0.972846	H@50 0.992509	H@100 1.000000
INFO:kbc-cli.py:Epoch 39/100	test results	MRR 0.483234	H@1 0.322160	H@3 0.549348	H@5 0.675047	H@10 0.854283	H@20 0.963222	H@50 0.996276	H@100 1.000000
INFO:kbc-cli.py:Epoch 40/100	Loss 11.6714 ± 0.0986
INFO:kbc-cli.py:Epoch 41/100	Loss 11.6713 ± 0.1004
INFO:kbc-cli.py:Epoch 42/100	Loss 11.6713 ± 0.1052
INFO:kbc-cli.py:Epoch 42/100	dev results	MRR 0.489605	H@1 0.325375	H@3 0.566479	H@5 0.686798	H@10 0.864700	H@20 0.972378	H@50 0.993446	H@100 1.000000
INFO:kbc-cli.py:Epoch 42/100	test results	MRR 0.472613	H@1 0.304469	H@3 0.546555	H@5 0.674581	H@10 0.848696	H@20 0.961825	H@50 0.996741	H@100 1.000000
INFO:kbc-cli.py:Epoch 43/100	Loss 11.6711 ± 0.1074
INFO:kbc-cli.py:Epoch 44/100	Loss 11.6711 ± 0.1055
INFO:kbc-cli.py:Epoch 45/100	Loss 11.6710 ± 0.0931
INFO:kbc-cli.py:Epoch 45/100	dev results	MRR 0.496909	H@1 0.343633	H@3 0.553839	H@5 0.685393	H@10 0.860019	H@20 0.971910	H@50 0.992509	H@100 1.000000
INFO:kbc-cli.py:Epoch 45/100	test results	MRR 0.476899	H@1 0.314246	H@3 0.548417	H@5 0.670857	H@10 0.856611	H@20 0.964153	H@50 0.996741	H@100 1.000000
INFO:kbc-cli.py:Epoch 46/100	Loss 11.6709 ± 0.1141
INFO:kbc-cli.py:Epoch 47/100	Loss 11.6708 ± 0.1093
INFO:kbc-cli.py:Epoch 48/100	Loss 11.6705 ± 0.1056
INFO:kbc-cli.py:Epoch 48/100	dev results	MRR 0.495939	H@1 0.340824	H@3 0.554775	H@5 0.675562	H@10 0.869382	H@20 0.973315	H@50 0.992041	H@100 1.000000
INFO:kbc-cli.py:Epoch 48/100	test results	MRR 0.478366	H@1 0.311453	H@3 0.557263	H@5 0.671322	H@10 0.854283	H@20 0.966946	H@50 0.996741	H@100 1.000000
INFO:kbc-cli.py:Epoch 49/100	Loss 11.6707 ± 0.1135
INFO:kbc-cli.py:Epoch 50/100	Loss 11.6707 ± 0.0964
INFO:kbc-cli.py:Epoch 51/100	Loss 11.6707 ± 0.1065
INFO:kbc-cli.py:Epoch 51/100	dev results	MRR 0.502145	H@1 0.347846	H@3 0.565543	H@5 0.683989	H@10 0.867978	H@20 0.971910	H@50 0.992509	H@100 1.000000
INFO:kbc-cli.py:Epoch 51/100	test results	MRR 0.481830	H@1 0.321695	H@3 0.551676	H@5 0.669926	H@10 0.854749	H@20 0.966015	H@50 0.996276	H@100 1.000000
INFO:kbc-cli.py:Epoch 52/100	Loss 11.6704 ± 0.0981
INFO:kbc-cli.py:Epoch 53/100	Loss 11.6705 ± 0.0991
INFO:kbc-cli.py:Epoch 54/100	Loss 11.6705 ± 0.1045
INFO:kbc-cli.py:Epoch 54/100	dev results	MRR 0.501855	H@1 0.350187	H@3 0.561330	H@5 0.683052	H@10 0.869382	H@20 0.972378	H@50 0.992509	H@100 1.000000
INFO:kbc-cli.py:Epoch 54/100	test results	MRR 0.482803	H@1 0.319367	H@3 0.560521	H@5 0.672253	H@10 0.856145	H@20 0.962291	H@50 0.996276	H@100 1.000000
INFO:kbc-cli.py:Epoch 55/100	Loss 11.6704 ± 0.1016
INFO:kbc-cli.py:Epoch 56/100	Loss 11.6703 ± 0.0934
INFO:kbc-cli.py:Epoch 57/100	Loss 11.6704 ± 0.1094
INFO:kbc-cli.py:Epoch 57/100	dev results	MRR 0.504084	H@1 0.352060	H@3 0.562266	H@5 0.686330	H@10 0.868914	H@20 0.974719	H@50 0.992509	H@100 1.000000
INFO:kbc-cli.py:Epoch 57/100	test results	MRR 0.482394	H@1 0.321695	H@3 0.555400	H@5 0.677840	H@10 0.858473	H@20 0.963222	H@50 0.997207	H@100 1.000000
INFO:kbc-cli.py:Epoch 58/100	Loss 11.6701 ± 0.1019
INFO:kbc-cli.py:Epoch 59/100	Loss 11.6704 ± 0.1023
INFO:kbc-cli.py:Epoch 60/100	Loss 11.6701 ± 0.1139
INFO:kbc-cli.py:Epoch 60/100	dev results	MRR 0.502873	H@1 0.350187	H@3 0.563202	H@5 0.684457	H@10 0.868914	H@20 0.971910	H@50 0.992509	H@100 1.000000
INFO:kbc-cli.py:Epoch 60/100	test results	MRR 0.484338	H@1 0.324953	H@3 0.551210	H@5 0.675512	H@10 0.855680	H@20 0.962756	H@50 0.996276	H@100 1.000000
INFO:kbc-cli.py:Epoch 61/100	Loss 11.6702 ± 0.1010
INFO:kbc-cli.py:Epoch 62/100	Loss 11.6700 ± 0.1034
INFO:kbc-cli.py:Epoch 63/100	Loss 11.6702 ± 0.1010
INFO:kbc-cli.py:Epoch 63/100	dev results	MRR 0.497716	H@1 0.341292	H@3 0.560861	H@5 0.684925	H@10 0.871723	H@20 0.972378	H@50 0.992509	H@100 1.000000
INFO:kbc-cli.py:Epoch 63/100	test results	MRR 0.475687	H@1 0.309125	H@3 0.552607	H@5 0.674115	H@10 0.858939	H@20 0.966015	H@50 0.996276	H@100 1.000000
INFO:kbc-cli.py:Epoch 64/100	Loss 11.6700 ± 0.1058
INFO:kbc-cli.py:Epoch 65/100	Loss 11.6698 ± 0.1051
INFO:kbc-cli.py:Epoch 66/100	Loss 11.6700 ± 0.1081
INFO:kbc-cli.py:Epoch 66/100	dev results	MRR 0.510275	H@1 0.366573	H@3 0.559457	H@5 0.684925	H@10 0.866573	H@20 0.971910	H@50 0.992978	H@100 1.000000
INFO:kbc-cli.py:Epoch 66/100	test results	MRR 0.488038	H@1 0.331006	H@3 0.555400	H@5 0.671788	H@10 0.858939	H@20 0.963687	H@50 0.996741	H@100 1.000000
INFO:kbc-cli.py:Epoch 67/100	Loss 11.6699 ± 0.1050
INFO:kbc-cli.py:Epoch 68/100	Loss 11.6698 ± 0.1092
INFO:kbc-cli.py:Epoch 69/100	Loss 11.6698 ± 0.0998
INFO:kbc-cli.py:Epoch 69/100	dev results	MRR 0.499750	H@1 0.346442	H@3 0.550562	H@5 0.688670	H@10 0.866573	H@20 0.971442	H@50 0.992978	H@100 1.000000
INFO:kbc-cli.py:Epoch 69/100	test results	MRR 0.481653	H@1 0.317970	H@3 0.551676	H@5 0.677374	H@10 0.856611	H@20 0.964618	H@50 0.996276	H@100 1.000000
INFO:kbc-cli.py:Epoch 70/100	Loss 11.6698 ± 0.1032
INFO:kbc-cli.py:Epoch 71/100	Loss 11.6697 ± 0.1041
INFO:kbc-cli.py:Epoch 72/100	Loss 11.6697 ± 0.1027
INFO:kbc-cli.py:Epoch 72/100	dev results	MRR 0.501003	H@1 0.345974	H@3 0.563670	H@5 0.691948	H@10 0.865637	H@20 0.974251	H@50 0.993446	H@100 1.000000
INFO:kbc-cli.py:Epoch 72/100	test results	MRR 0.478259	H@1 0.313780	H@3 0.553073	H@5 0.673184	H@10 0.858007	H@20 0.963222	H@50 0.996741	H@100 1.000000
INFO:kbc-cli.py:Epoch 73/100	Loss 11.6698 ± 0.0996
INFO:kbc-cli.py:Epoch 74/100	Loss 11.6698 ± 0.0993
INFO:kbc-cli.py:Epoch 75/100	Loss 11.6697 ± 0.0958
INFO:kbc-cli.py:Epoch 75/100	dev results	MRR 0.498421	H@1 0.343165	H@3 0.563202	H@5 0.694757	H@10 0.867041	H@20 0.973315	H@50 0.992978	H@100 1.000000
INFO:kbc-cli.py:Epoch 75/100	test results	MRR 0.483771	H@1 0.325419	H@3 0.551210	H@5 0.677374	H@10 0.855680	H@20 0.963222	H@50 0.996741	H@100 1.000000
INFO:kbc-cli.py:Epoch 76/100	Loss 11.6696 ± 0.1061
INFO:kbc-cli.py:Epoch 77/100	Loss 11.6695 ± 0.1048
INFO:kbc-cli.py:Epoch 78/100	Loss 11.6695 ± 0.1093
INFO:kbc-cli.py:Epoch 78/100	dev results	MRR 0.503664	H@1 0.348783	H@3 0.566948	H@5 0.692884	H@10 0.867978	H@20 0.975187	H@50 0.992509	H@100 1.000000
INFO:kbc-cli.py:Epoch 78/100	test results	MRR 0.485307	H@1 0.323091	H@3 0.558659	H@5 0.674115	H@10 0.854283	H@20 0.964153	H@50 0.996741	H@100 1.000000
INFO:kbc-cli.py:Epoch 79/100	Loss 11.6696 ± 0.1008
INFO:kbc-cli.py:Epoch 80/100	Loss 11.6696 ± 0.0964
INFO:kbc-cli.py:Epoch 81/100	Loss 11.6696 ± 0.1080
INFO:kbc-cli.py:Epoch 81/100	dev results	MRR 0.503450	H@1 0.348315	H@3 0.571629	H@5 0.685393	H@10 0.871255	H@20 0.971910	H@50 0.992978	H@100 1.000000
INFO:kbc-cli.py:Epoch 81/100	test results	MRR 0.484909	H@1 0.324022	H@3 0.559590	H@5 0.668994	H@10 0.858473	H@20 0.964153	H@50 0.996741	H@100 1.000000
INFO:kbc-cli.py:Epoch 82/100	Loss 11.6693 ± 0.1010
INFO:kbc-cli.py:Epoch 83/100	Loss 11.6694 ± 0.1013
INFO:kbc-cli.py:Epoch 84/100	Loss 11.6697 ± 0.1135
INFO:kbc-cli.py:Epoch 84/100	dev results	MRR 0.501340	H@1 0.347378	H@3 0.560861	H@5 0.691479	H@10 0.867041	H@20 0.973315	H@50 0.992509	H@100 1.000000
INFO:kbc-cli.py:Epoch 84/100	test results	MRR 0.481865	H@1 0.320764	H@3 0.555866	H@5 0.681099	H@10 0.859870	H@20 0.964153	H@50 0.996276	H@100 1.000000
INFO:kbc-cli.py:Epoch 85/100	Loss 11.6695 ± 0.1070
INFO:kbc-cli.py:Epoch 86/100	Loss 11.6695 ± 0.1084
INFO:kbc-cli.py:Epoch 87/100	Loss 11.6693 ± 0.1005
INFO:kbc-cli.py:Epoch 87/100	dev results	MRR 0.503072	H@1 0.351124	H@3 0.561330	H@5 0.691948	H@10 0.869382	H@20 0.971910	H@50 0.992509	H@100 1.000000
INFO:kbc-cli.py:Epoch 87/100	test results	MRR 0.483587	H@1 0.321695	H@3 0.557728	H@5 0.673650	H@10 0.850093	H@20 0.960428	H@50 0.996276	H@100 1.000000
INFO:kbc-cli.py:Epoch 88/100	Loss 11.6695 ± 0.1056
INFO:kbc-cli.py:Epoch 89/100	Loss 11.6693 ± 0.1054
INFO:kbc-cli.py:Epoch 90/100	Loss 11.6694 ± 0.1008
INFO:kbc-cli.py:Epoch 90/100	dev results	MRR 0.502764	H@1 0.350187	H@3 0.564607	H@5 0.690543	H@10 0.867041	H@20 0.972378	H@50 0.992509	H@100 1.000000
INFO:kbc-cli.py:Epoch 90/100	test results	MRR 0.485477	H@1 0.328678	H@3 0.556331	H@5 0.676443	H@10 0.858939	H@20 0.962756	H@50 0.996276	H@100 1.000000
INFO:kbc-cli.py:Epoch 91/100	Loss 11.6692 ± 0.1114
INFO:kbc-cli.py:Epoch 92/100	Loss 11.6694 ± 0.1088
INFO:kbc-cli.py:Epoch 93/100	Loss 11.6695 ± 0.1018
INFO:kbc-cli.py:Epoch 93/100	dev results	MRR 0.499260	H@1 0.345037	H@3 0.565075	H@5 0.695693	H@10 0.871255	H@20 0.972846	H@50 0.992509	H@100 1.000000
INFO:kbc-cli.py:Epoch 93/100	test results	MRR 0.483481	H@1 0.321229	H@3 0.564711	H@5 0.675512	H@10 0.859404	H@20 0.964153	H@50 0.996276	H@100 1.000000
INFO:kbc-cli.py:Epoch 94/100	Loss 11.6693 ± 0.1059
INFO:kbc-cli.py:Epoch 95/100	Loss 11.6692 ± 0.0984
INFO:kbc-cli.py:Epoch 96/100	Loss 11.6692 ± 0.0974
INFO:kbc-cli.py:Epoch 96/100	dev results	MRR 0.503240	H@1 0.350655	H@3 0.561798	H@5 0.690075	H@10 0.867978	H@20 0.971910	H@50 0.992509	H@100 1.000000
INFO:kbc-cli.py:Epoch 96/100	test results	MRR 0.488646	H@1 0.331006	H@3 0.555866	H@5 0.676443	H@10 0.854749	H@20 0.964618	H@50 0.996741	H@100 1.000000
INFO:kbc-cli.py:Epoch 97/100	Loss 11.6692 ± 0.1035
INFO:kbc-cli.py:Epoch 98/100	Loss 11.6694 ± 0.1156
INFO:kbc-cli.py:Epoch 99/100	Loss 11.6691 ± 0.1122
INFO:kbc-cli.py:Epoch 99/100	dev results	MRR 0.506190	H@1 0.354401	H@3 0.567416	H@5 0.691948	H@10 0.870787	H@20 0.973783	H@50 0.992509	H@100 1.000000
INFO:kbc-cli.py:Epoch 99/100	test results	MRR 0.485969	H@1 0.325419	H@3 0.563315	H@5 0.675047	H@10 0.852886	H@20 0.963687	H@50 0.996276	H@100 1.000000
INFO:kbc-cli.py:Epoch 100/100	Loss 11.6692 ± 0.1007
INFO:kbc-cli.py:Final 	dev results	MRR 0.503927	H@1 0.354869	H@3 0.561798	H@5 0.687734	H@10 0.868914	H@20 0.974251	H@50 0.992509	H@100 1.000000
INFO:kbc-cli.py:Final 	test results	MRR 0.486088	H@1 0.326350	H@3 0.557263	H@5 0.677840	H@10 0.853818	H@20 0.965084	H@50 0.996276	H@100 1.000000
INFO:kbc-cli.py:Training finished
