./bin/kbc-cli.py --train data/nations/train.tsv --dev data/nations/dev.tsv --test data/nations/test.tsv -m complex -k 1000 -b 50 -e 100 --F2 0 --N3 0.1 -l 0.1 -I reciprocal -V 3 -o adagrad -c so -q
{'F2': 0.0,
 'N3': 0.1,
 'batch_size': 50,
 'corruption': 'so',
 'dev': 'data/nations/dev.tsv',
 'embedding_size': 1000,
 'epochs': 100,
 'eval_batch_size': None,
 'input_type': 'reciprocal',
 'learning_rate': 0.1,
 'load': None,
 'model': 'complex',
 'optimizer': 'adagrad',
 'quiet': True,
 'save': None,
 'seed': 0,
 'test': 'data/nations/test.tsv',
 'test_i': None,
 'test_ii': None,
 'train': 'data/nations/train.tsv',
 'validate_every': 3}
INFO:kbc-cli.py:Device: cuda
INFO:kbc-cli.py:Model state:
INFO:kbc-cli.py:	entities.weight	torch.Size([14, 2000])
INFO:kbc-cli.py:	predicates.weight	torch.Size([110, 2000])
INFO:kbc-cli.py:Epoch 1/100	Loss 5.4440 ± 0.2653
INFO:kbc-cli.py:Epoch 2/100	Loss 5.2637 ± 0.0428
INFO:kbc-cli.py:Epoch 3/100	Loss 5.2229 ± 0.0505
INFO:kbc-cli.py:Epoch 3/100	dev results	MRR 0.617554	H@1 0.459799	H@3 0.690955	H@5 0.836683	H@10 0.977387	H@20 1.000000	H@50 1.000000	H@100 1.000000
INFO:kbc-cli.py:Epoch 3/100	test results	MRR 0.640112	H@1 0.490050	H@3 0.726368	H@5 0.833333	H@10 0.982587	H@20 1.000000	H@50 1.000000	H@100 1.000000
INFO:kbc-cli.py:Epoch 4/100	Loss 5.2020 ± 0.0741
INFO:kbc-cli.py:Epoch 5/100	Loss 5.1917 ± 0.0733
INFO:kbc-cli.py:Epoch 6/100	Loss 5.1805 ± 0.0646
INFO:kbc-cli.py:Epoch 6/100	dev results	MRR 0.645751	H@1 0.497487	H@3 0.716080	H@5 0.866834	H@10 0.972362	H@20 1.000000	H@50 1.000000	H@100 1.000000
INFO:kbc-cli.py:Epoch 6/100	test results	MRR 0.667892	H@1 0.519900	H@3 0.766169	H@5 0.885572	H@10 0.985075	H@20 1.000000	H@50 1.000000	H@100 1.000000
INFO:kbc-cli.py:Epoch 7/100	Loss 5.1749 ± 0.0732
INFO:kbc-cli.py:Epoch 8/100	Loss 5.1706 ± 0.0707
INFO:kbc-cli.py:Epoch 9/100	Loss 5.1644 ± 0.0862
INFO:kbc-cli.py:Epoch 9/100	dev results	MRR 0.662396	H@1 0.507538	H@3 0.756281	H@5 0.891960	H@10 0.977387	H@20 1.000000	H@50 1.000000	H@100 1.000000
INFO:kbc-cli.py:Epoch 9/100	test results	MRR 0.682507	H@1 0.534826	H@3 0.786070	H@5 0.905473	H@10 0.990050	H@20 1.000000	H@50 1.000000	H@100 1.000000
INFO:kbc-cli.py:Epoch 10/100	Loss 5.1622 ± 0.0822
INFO:kbc-cli.py:Epoch 11/100	Loss 5.1569 ± 0.0765
INFO:kbc-cli.py:Epoch 12/100	Loss 5.1553 ± 0.0836
INFO:kbc-cli.py:Epoch 12/100	dev results	MRR 0.670468	H@1 0.522613	H@3 0.751256	H@5 0.907035	H@10 0.982412	H@20 1.000000	H@50 1.000000	H@100 1.000000
INFO:kbc-cli.py:Epoch 12/100	test results	MRR 0.700341	H@1 0.564677	H@3 0.788557	H@5 0.912935	H@10 0.992537	H@20 1.000000	H@50 1.000000	H@100 1.000000
INFO:kbc-cli.py:Epoch 13/100	Loss 5.1504 ± 0.0711
INFO:kbc-cli.py:Epoch 14/100	Loss 5.1488 ± 0.0800
INFO:kbc-cli.py:Epoch 15/100	Loss 5.1454 ± 0.0820
INFO:kbc-cli.py:Epoch 15/100	dev results	MRR 0.688874	H@1 0.547739	H@3 0.766332	H@5 0.904523	H@10 0.982412	H@20 1.000000	H@50 1.000000	H@100 1.000000
INFO:kbc-cli.py:Epoch 15/100	test results	MRR 0.718129	H@1 0.579602	H@3 0.825871	H@5 0.920398	H@10 0.990050	H@20 1.000000	H@50 1.000000	H@100 1.000000
INFO:kbc-cli.py:Epoch 16/100	Loss 5.1424 ± 0.0715
INFO:kbc-cli.py:Epoch 17/100	Loss 5.1398 ± 0.0802
INFO:kbc-cli.py:Epoch 18/100	Loss 5.1387 ± 0.0861
INFO:kbc-cli.py:Epoch 18/100	dev results	MRR 0.685517	H@1 0.535176	H@3 0.776382	H@5 0.904523	H@10 0.989950	H@20 1.000000	H@50 1.000000	H@100 1.000000
INFO:kbc-cli.py:Epoch 18/100	test results	MRR 0.720068	H@1 0.579602	H@3 0.838308	H@5 0.932836	H@10 0.992537	H@20 1.000000	H@50 1.000000	H@100 1.000000
INFO:kbc-cli.py:Epoch 19/100	Loss 5.1368 ± 0.0828
INFO:kbc-cli.py:Epoch 20/100	Loss 5.1349 ± 0.0915
INFO:kbc-cli.py:Epoch 21/100	Loss 5.1326 ± 0.0773
INFO:kbc-cli.py:Epoch 21/100	dev results	MRR 0.689288	H@1 0.542714	H@3 0.778894	H@5 0.909548	H@10 0.989950	H@20 1.000000	H@50 1.000000	H@100 1.000000
INFO:kbc-cli.py:Epoch 21/100	test results	MRR 0.716784	H@1 0.569652	H@3 0.838308	H@5 0.930348	H@10 0.992537	H@20 1.000000	H@50 1.000000	H@100 1.000000
INFO:kbc-cli.py:Epoch 22/100	Loss 5.1289 ± 0.0885
INFO:kbc-cli.py:Epoch 23/100	Loss 5.1294 ± 0.0849
INFO:kbc-cli.py:Epoch 24/100	Loss 5.1274 ± 0.0932
INFO:kbc-cli.py:Epoch 24/100	dev results	MRR 0.696999	H@1 0.555276	H@3 0.793970	H@5 0.904523	H@10 0.984925	H@20 1.000000	H@50 1.000000	H@100 1.000000
INFO:kbc-cli.py:Epoch 24/100	test results	MRR 0.722426	H@1 0.577114	H@3 0.838308	H@5 0.922886	H@10 0.992537	H@20 1.000000	H@50 1.000000	H@100 1.000000
INFO:kbc-cli.py:Epoch 25/100	Loss 5.1253 ± 0.0795
INFO:kbc-cli.py:Epoch 26/100	Loss 5.1250 ± 0.0911
INFO:kbc-cli.py:Epoch 27/100	Loss 5.1230 ± 0.0850
INFO:kbc-cli.py:Epoch 27/100	dev results	MRR 0.695589	H@1 0.552764	H@3 0.791457	H@5 0.907035	H@10 0.992462	H@20 1.000000	H@50 1.000000	H@100 1.000000
INFO:kbc-cli.py:Epoch 27/100	test results	MRR 0.721500	H@1 0.577114	H@3 0.845771	H@5 0.930348	H@10 0.992537	H@20 1.000000	H@50 1.000000	H@100 1.000000
INFO:kbc-cli.py:Epoch 28/100	Loss 5.1220 ± 0.0813
INFO:kbc-cli.py:Epoch 29/100	Loss 5.1226 ± 0.0822
INFO:kbc-cli.py:Epoch 30/100	Loss 5.1201 ± 0.0890
INFO:kbc-cli.py:Epoch 30/100	dev results	MRR 0.696745	H@1 0.552764	H@3 0.791457	H@5 0.902010	H@10 0.989950	H@20 1.000000	H@50 1.000000	H@100 1.000000
INFO:kbc-cli.py:Epoch 30/100	test results	MRR 0.724813	H@1 0.582090	H@3 0.838308	H@5 0.930348	H@10 0.992537	H@20 1.000000	H@50 1.000000	H@100 1.000000
INFO:kbc-cli.py:Epoch 31/100	Loss 5.1188 ± 0.0759
INFO:kbc-cli.py:Epoch 32/100	Loss 5.1189 ± 0.0844
INFO:kbc-cli.py:Epoch 33/100	Loss 5.1184 ± 0.0761
INFO:kbc-cli.py:Epoch 33/100	dev results	MRR 0.702900	H@1 0.557789	H@3 0.801508	H@5 0.899497	H@10 0.992462	H@20 1.000000	H@50 1.000000	H@100 1.000000
INFO:kbc-cli.py:Epoch 33/100	test results	MRR 0.721379	H@1 0.574627	H@3 0.838308	H@5 0.927861	H@10 0.992537	H@20 1.000000	H@50 1.000000	H@100 1.000000
INFO:kbc-cli.py:Epoch 34/100	Loss 5.1178 ± 0.0891
INFO:kbc-cli.py:Epoch 35/100	Loss 5.1168 ± 0.0766
INFO:kbc-cli.py:Epoch 36/100	Loss 5.1169 ± 0.0813
INFO:kbc-cli.py:Epoch 36/100	dev results	MRR 0.701901	H@1 0.560302	H@3 0.801508	H@5 0.907035	H@10 0.989950	H@20 1.000000	H@50 1.000000	H@100 1.000000
INFO:kbc-cli.py:Epoch 36/100	test results	MRR 0.715098	H@1 0.567164	H@3 0.828358	H@5 0.925373	H@10 0.992537	H@20 1.000000	H@50 1.000000	H@100 1.000000
INFO:kbc-cli.py:Epoch 37/100	Loss 5.1143 ± 0.0765
INFO:kbc-cli.py:Epoch 38/100	Loss 5.1150 ± 0.0917
INFO:kbc-cli.py:Epoch 39/100	Loss 5.1146 ± 0.0803
INFO:kbc-cli.py:Epoch 39/100	dev results	MRR 0.706446	H@1 0.567839	H@3 0.796482	H@5 0.907035	H@10 0.989950	H@20 1.000000	H@50 1.000000	H@100 1.000000
INFO:kbc-cli.py:Epoch 39/100	test results	MRR 0.719963	H@1 0.577114	H@3 0.825871	H@5 0.932836	H@10 0.992537	H@20 1.000000	H@50 1.000000	H@100 1.000000
INFO:kbc-cli.py:Epoch 40/100	Loss 5.1134 ± 0.0951
INFO:kbc-cli.py:Epoch 41/100	Loss 5.1129 ± 0.0672
INFO:kbc-cli.py:Epoch 42/100	Loss 5.1124 ± 0.0729
INFO:kbc-cli.py:Epoch 42/100	dev results	MRR 0.707025	H@1 0.567839	H@3 0.801508	H@5 0.902010	H@10 0.992462	H@20 1.000000	H@50 1.000000	H@100 1.000000
INFO:kbc-cli.py:Epoch 42/100	test results	MRR 0.718602	H@1 0.572139	H@3 0.828358	H@5 0.932836	H@10 0.992537	H@20 1.000000	H@50 1.000000	H@100 1.000000
INFO:kbc-cli.py:Epoch 43/100	Loss 5.1123 ± 0.0815
INFO:kbc-cli.py:Epoch 44/100	Loss 5.1114 ± 0.0878
INFO:kbc-cli.py:Epoch 45/100	Loss 5.1111 ± 0.0778
INFO:kbc-cli.py:Epoch 45/100	dev results	MRR 0.710295	H@1 0.575377	H@3 0.801508	H@5 0.902010	H@10 0.992462	H@20 1.000000	H@50 1.000000	H@100 1.000000
INFO:kbc-cli.py:Epoch 45/100	test results	MRR 0.716813	H@1 0.569652	H@3 0.830846	H@5 0.930348	H@10 0.992537	H@20 1.000000	H@50 1.000000	H@100 1.000000
INFO:kbc-cli.py:Epoch 46/100	Loss 5.1104 ± 0.0901
INFO:kbc-cli.py:Epoch 47/100	Loss 5.1109 ± 0.0877
INFO:kbc-cli.py:Epoch 48/100	Loss 5.1093 ± 0.0806
INFO:kbc-cli.py:Epoch 48/100	dev results	MRR 0.707918	H@1 0.570352	H@3 0.804020	H@5 0.907035	H@10 0.992462	H@20 1.000000	H@50 1.000000	H@100 1.000000
INFO:kbc-cli.py:Epoch 48/100	test results	MRR 0.718703	H@1 0.574627	H@3 0.835821	H@5 0.930348	H@10 0.992537	H@20 1.000000	H@50 1.000000	H@100 1.000000
INFO:kbc-cli.py:Epoch 49/100	Loss 5.1088 ± 0.0827
INFO:kbc-cli.py:Epoch 50/100	Loss 5.1094 ± 0.0776
INFO:kbc-cli.py:Epoch 51/100	Loss 5.1073 ± 0.0903
INFO:kbc-cli.py:Epoch 51/100	dev results	MRR 0.709816	H@1 0.572864	H@3 0.814070	H@5 0.902010	H@10 0.992462	H@20 1.000000	H@50 1.000000	H@100 1.000000
INFO:kbc-cli.py:Epoch 51/100	test results	MRR 0.720844	H@1 0.577114	H@3 0.828358	H@5 0.927861	H@10 0.992537	H@20 1.000000	H@50 1.000000	H@100 1.000000
INFO:kbc-cli.py:Epoch 52/100	Loss 5.1081 ± 0.0903
INFO:kbc-cli.py:Epoch 53/100	Loss 5.1076 ± 0.0771
INFO:kbc-cli.py:Epoch 54/100	Loss 5.1075 ± 0.0849
INFO:kbc-cli.py:Epoch 54/100	dev results	MRR 0.708282	H@1 0.570352	H@3 0.814070	H@5 0.909548	H@10 0.992462	H@20 1.000000	H@50 1.000000	H@100 1.000000
INFO:kbc-cli.py:Epoch 54/100	test results	MRR 0.717540	H@1 0.572139	H@3 0.833333	H@5 0.932836	H@10 0.992537	H@20 1.000000	H@50 1.000000	H@100 1.000000
INFO:kbc-cli.py:Epoch 55/100	Loss 5.1074 ± 0.0860
INFO:kbc-cli.py:Epoch 56/100	Loss 5.1066 ± 0.0866
INFO:kbc-cli.py:Epoch 57/100	Loss 5.1062 ± 0.0721
INFO:kbc-cli.py:Epoch 57/100	dev results	MRR 0.709786	H@1 0.570352	H@3 0.814070	H@5 0.907035	H@10 0.992462	H@20 1.000000	H@50 1.000000	H@100 1.000000
INFO:kbc-cli.py:Epoch 57/100	test results	MRR 0.719707	H@1 0.577114	H@3 0.830846	H@5 0.930348	H@10 0.992537	H@20 1.000000	H@50 1.000000	H@100 1.000000
INFO:kbc-cli.py:Epoch 58/100	Loss 5.1070 ± 0.1007
INFO:kbc-cli.py:Epoch 59/100	Loss 5.1056 ± 0.0787
INFO:kbc-cli.py:Epoch 60/100	Loss 5.1054 ± 0.0852
INFO:kbc-cli.py:Epoch 60/100	dev results	MRR 0.711356	H@1 0.570352	H@3 0.819095	H@5 0.909548	H@10 0.992462	H@20 1.000000	H@50 1.000000	H@100 1.000000
INFO:kbc-cli.py:Epoch 60/100	test results	MRR 0.720000	H@1 0.577114	H@3 0.830846	H@5 0.930348	H@10 0.992537	H@20 1.000000	H@50 1.000000	H@100 1.000000
INFO:kbc-cli.py:Epoch 61/100	Loss 5.1051 ± 0.0780
INFO:kbc-cli.py:Epoch 62/100	Loss 5.1058 ± 0.0988
INFO:kbc-cli.py:Epoch 63/100	Loss 5.1047 ± 0.0799
INFO:kbc-cli.py:Epoch 63/100	dev results	MRR 0.713642	H@1 0.570352	H@3 0.821608	H@5 0.914573	H@10 0.992462	H@20 1.000000	H@50 1.000000	H@100 1.000000
INFO:kbc-cli.py:Epoch 63/100	test results	MRR 0.721304	H@1 0.579602	H@3 0.825871	H@5 0.930348	H@10 0.992537	H@20 1.000000	H@50 1.000000	H@100 1.000000
INFO:kbc-cli.py:Epoch 64/100	Loss 5.1049 ± 0.0894
INFO:kbc-cli.py:Epoch 65/100	Loss 5.1043 ± 0.0835
INFO:kbc-cli.py:Epoch 66/100	Loss 5.1037 ± 0.0822
INFO:kbc-cli.py:Epoch 66/100	dev results	MRR 0.711011	H@1 0.567839	H@3 0.819095	H@5 0.912060	H@10 0.992462	H@20 1.000000	H@50 1.000000	H@100 1.000000
INFO:kbc-cli.py:Epoch 66/100	test results	MRR 0.719878	H@1 0.577114	H@3 0.830846	H@5 0.927861	H@10 0.995025	H@20 1.000000	H@50 1.000000	H@100 1.000000
INFO:kbc-cli.py:Epoch 67/100	Loss 5.1039 ± 0.0801
INFO:kbc-cli.py:Epoch 68/100	Loss 5.1037 ± 0.0782
INFO:kbc-cli.py:Epoch 69/100	Loss 5.1033 ± 0.0818
INFO:kbc-cli.py:Epoch 69/100	dev results	MRR 0.713336	H@1 0.570352	H@3 0.816583	H@5 0.914573	H@10 0.992462	H@20 1.000000	H@50 1.000000	H@100 1.000000
INFO:kbc-cli.py:Epoch 69/100	test results	MRR 0.715795	H@1 0.569652	H@3 0.825871	H@5 0.930348	H@10 0.992537	H@20 1.000000	H@50 1.000000	H@100 1.000000
INFO:kbc-cli.py:Epoch 70/100	Loss 5.1039 ± 0.0847
INFO:kbc-cli.py:Epoch 71/100	Loss 5.1024 ± 0.0882
INFO:kbc-cli.py:Epoch 72/100	Loss 5.1014 ± 0.0965
INFO:kbc-cli.py:Epoch 72/100	dev results	MRR 0.711584	H@1 0.567839	H@3 0.819095	H@5 0.914573	H@10 0.992462	H@20 1.000000	H@50 1.000000	H@100 1.000000
INFO:kbc-cli.py:Epoch 72/100	test results	MRR 0.719713	H@1 0.577114	H@3 0.828358	H@5 0.930348	H@10 0.992537	H@20 1.000000	H@50 1.000000	H@100 1.000000
INFO:kbc-cli.py:Epoch 73/100	Loss 5.1022 ± 0.0817
INFO:kbc-cli.py:Epoch 74/100	Loss 5.1023 ± 0.0866
INFO:kbc-cli.py:Epoch 75/100	Loss 5.1020 ± 0.0786
INFO:kbc-cli.py:Epoch 75/100	dev results	MRR 0.711668	H@1 0.567839	H@3 0.819095	H@5 0.917085	H@10 0.992462	H@20 1.000000	H@50 1.000000	H@100 1.000000
INFO:kbc-cli.py:Epoch 75/100	test results	MRR 0.719118	H@1 0.577114	H@3 0.825871	H@5 0.935323	H@10 0.992537	H@20 1.000000	H@50 1.000000	H@100 1.000000
INFO:kbc-cli.py:Epoch 76/100	Loss 5.1019 ± 0.0928
INFO:kbc-cli.py:Epoch 77/100	Loss 5.1015 ± 0.0914
INFO:kbc-cli.py:Epoch 78/100	Loss 5.1010 ± 0.0780
INFO:kbc-cli.py:Epoch 78/100	dev results	MRR 0.712595	H@1 0.570352	H@3 0.814070	H@5 0.917085	H@10 0.992462	H@20 1.000000	H@50 1.000000	H@100 1.000000
INFO:kbc-cli.py:Epoch 78/100	test results	MRR 0.723305	H@1 0.582090	H@3 0.825871	H@5 0.932836	H@10 0.992537	H@20 1.000000	H@50 1.000000	H@100 1.000000
INFO:kbc-cli.py:Epoch 79/100	Loss 5.1011 ± 0.0875
INFO:kbc-cli.py:Epoch 80/100	Loss 5.1015 ± 0.0842
INFO:kbc-cli.py:Epoch 81/100	Loss 5.1009 ± 0.0770
INFO:kbc-cli.py:Epoch 81/100	dev results	MRR 0.713806	H@1 0.575377	H@3 0.814070	H@5 0.912060	H@10 0.992462	H@20 1.000000	H@50 1.000000	H@100 1.000000
INFO:kbc-cli.py:Epoch 81/100	test results	MRR 0.716892	H@1 0.572139	H@3 0.820896	H@5 0.930348	H@10 0.995025	H@20 1.000000	H@50 1.000000	H@100 1.000000
INFO:kbc-cli.py:Epoch 82/100	Loss 5.1003 ± 0.0923
INFO:kbc-cli.py:Epoch 83/100	Loss 5.1000 ± 0.0796
INFO:kbc-cli.py:Epoch 84/100	Loss 5.0998 ± 0.0861
INFO:kbc-cli.py:Epoch 84/100	dev results	MRR 0.713355	H@1 0.575377	H@3 0.819095	H@5 0.912060	H@10 0.992462	H@20 1.000000	H@50 1.000000	H@100 1.000000
INFO:kbc-cli.py:Epoch 84/100	test results	MRR 0.719092	H@1 0.574627	H@3 0.828358	H@5 0.927861	H@10 0.995025	H@20 1.000000	H@50 1.000000	H@100 1.000000
INFO:kbc-cli.py:Epoch 85/100	Loss 5.1005 ± 0.0795
INFO:kbc-cli.py:Epoch 86/100	Loss 5.0996 ± 0.0694
INFO:kbc-cli.py:Epoch 87/100	Loss 5.1000 ± 0.0799
INFO:kbc-cli.py:Epoch 87/100	dev results	MRR 0.716303	H@1 0.580402	H@3 0.819095	H@5 0.914573	H@10 0.994975	H@20 1.000000	H@50 1.000000	H@100 1.000000
INFO:kbc-cli.py:Epoch 87/100	test results	MRR 0.718968	H@1 0.574627	H@3 0.833333	H@5 0.927861	H@10 0.995025	H@20 1.000000	H@50 1.000000	H@100 1.000000
INFO:kbc-cli.py:Epoch 88/100	Loss 5.0999 ± 0.0874
INFO:kbc-cli.py:Epoch 89/100	Loss 5.0991 ± 0.0812
INFO:kbc-cli.py:Epoch 90/100	Loss 5.0985 ± 0.0849
INFO:kbc-cli.py:Epoch 90/100	dev results	MRR 0.718905	H@1 0.582915	H@3 0.821608	H@5 0.912060	H@10 0.994975	H@20 1.000000	H@50 1.000000	H@100 1.000000
INFO:kbc-cli.py:Epoch 90/100	test results	MRR 0.720460	H@1 0.577114	H@3 0.828358	H@5 0.930348	H@10 0.995025	H@20 1.000000	H@50 1.000000	H@100 1.000000
INFO:kbc-cli.py:Epoch 91/100	Loss 5.0984 ± 0.0822
INFO:kbc-cli.py:Epoch 92/100	Loss 5.0982 ± 0.0733
INFO:kbc-cli.py:Epoch 93/100	Loss 5.0986 ± 0.0977
INFO:kbc-cli.py:Epoch 93/100	dev results	MRR 0.718059	H@1 0.582915	H@3 0.819095	H@5 0.909548	H@10 0.994975	H@20 1.000000	H@50 1.000000	H@100 1.000000
INFO:kbc-cli.py:Epoch 93/100	test results	MRR 0.720354	H@1 0.577114	H@3 0.830846	H@5 0.927861	H@10 0.995025	H@20 1.000000	H@50 1.000000	H@100 1.000000
INFO:kbc-cli.py:Epoch 94/100	Loss 5.0985 ± 0.0826
INFO:kbc-cli.py:Epoch 95/100	Loss 5.0989 ± 0.0824
INFO:kbc-cli.py:Epoch 96/100	Loss 5.0968 ± 0.1018
INFO:kbc-cli.py:Epoch 96/100	dev results	MRR 0.718099	H@1 0.582915	H@3 0.816583	H@5 0.914573	H@10 0.994975	H@20 1.000000	H@50 1.000000	H@100 1.000000
INFO:kbc-cli.py:Epoch 96/100	test results	MRR 0.720131	H@1 0.577114	H@3 0.828358	H@5 0.927861	H@10 0.995025	H@20 1.000000	H@50 1.000000	H@100 1.000000
INFO:kbc-cli.py:Epoch 97/100	Loss 5.0982 ± 0.0758
INFO:kbc-cli.py:Epoch 98/100	Loss 5.0980 ± 0.0864
INFO:kbc-cli.py:Epoch 99/100	Loss 5.0980 ± 0.0812
INFO:kbc-cli.py:Epoch 99/100	dev results	MRR 0.716691	H@1 0.580402	H@3 0.814070	H@5 0.912060	H@10 0.994975	H@20 1.000000	H@50 1.000000	H@100 1.000000
INFO:kbc-cli.py:Epoch 99/100	test results	MRR 0.718325	H@1 0.574627	H@3 0.828358	H@5 0.930348	H@10 0.995025	H@20 1.000000	H@50 1.000000	H@100 1.000000
INFO:kbc-cli.py:Epoch 100/100	Loss 5.0977 ± 0.1021
INFO:kbc-cli.py:Final 	dev results	MRR 0.715348	H@1 0.577889	H@3 0.814070	H@5 0.914573	H@10 0.994975	H@20 1.000000	H@50 1.000000	H@100 1.000000
INFO:kbc-cli.py:Final 	test results	MRR 0.719603	H@1 0.577114	H@3 0.830846	H@5 0.927861	H@10 0.995025	H@20 1.000000	H@50 1.000000	H@100 1.000000
INFO:kbc-cli.py:Training finished
