./bin/kbc-cli.py --train data/kinship/train.tsv --dev data/kinship/dev.tsv --test data/kinship/test.tsv -m complex -k 200 -b 100 -e 100 --F2 0 --N3 0.005 -l 0.1 -I reciprocal -V 3 -o adagrad -c spo -q
{'F2': 0.0,
 'N3': 0.005,
 'batch_size': 100,
 'corruption': 'spo',
 'dev': 'data/kinship/dev.tsv',
 'embedding_size': 200,
 'epochs': 100,
 'eval_batch_size': None,
 'input_type': 'reciprocal',
 'learning_rate': 0.1,
 'load': None,
 'model': 'complex',
 'optimizer': 'adagrad',
 'quiet': True,
 'save': None,
 'seed': 0,
 'test': 'data/kinship/test.tsv',
 'test_i': None,
 'test_ii': None,
 'train': 'data/kinship/train.tsv',
 'validate_every': 3}
INFO:kbc-cli.py:Device: cuda
INFO:kbc-cli.py:Model state:
INFO:kbc-cli.py:	entities.weight	torch.Size([104, 400])
INFO:kbc-cli.py:	predicates.weight	torch.Size([50, 400])
INFO:kbc-cli.py:Epoch 1/100	Loss 9.0180 ± 1.9855
INFO:kbc-cli.py:Epoch 2/100	Loss 6.4963 ± 0.1990
INFO:kbc-cli.py:Epoch 3/100	Loss 6.1078 ± 0.2187
INFO:kbc-cli.py:Epoch 3/100	dev results	MRR 0.866432	H@1 0.795412	H@3 0.927903	H@5 0.959270	H@10 0.974251	H@20 0.986891	H@50 0.994850	H@100 1.000000
INFO:kbc-cli.py:Epoch 3/100	test results	MRR 0.875978	H@1 0.807728	H@3 0.937151	H@5 0.968808	H@10 0.985102	H@20 0.992551	H@50 0.996741	H@100 1.000000
INFO:kbc-cli.py:Epoch 4/100	Loss 5.9099 ± 0.2342
INFO:kbc-cli.py:Epoch 5/100	Loss 5.7833 ± 0.2252
INFO:kbc-cli.py:Epoch 6/100	Loss 5.6978 ± 0.2013
INFO:kbc-cli.py:Epoch 6/100	dev results	MRR 0.874203	H@1 0.808052	H@3 0.934925	H@5 0.960674	H@10 0.973783	H@20 0.988764	H@50 0.994850	H@100 1.000000
INFO:kbc-cli.py:Epoch 6/100	test results	MRR 0.881092	H@1 0.816108	H@3 0.934823	H@5 0.968808	H@10 0.985102	H@20 0.993482	H@50 0.996276	H@100 1.000000
INFO:kbc-cli.py:Epoch 7/100	Loss 5.6333 ± 0.1941
INFO:kbc-cli.py:Epoch 8/100	Loss 5.5847 ± 0.1895
INFO:kbc-cli.py:Epoch 9/100	Loss 5.5460 ± 0.1812
INFO:kbc-cli.py:Epoch 9/100	dev results	MRR 0.873535	H@1 0.805243	H@3 0.933521	H@5 0.959738	H@10 0.975655	H@20 0.989232	H@50 0.994382	H@100 1.000000
INFO:kbc-cli.py:Epoch 9/100	test results	MRR 0.878296	H@1 0.811453	H@3 0.937151	H@5 0.967877	H@10 0.984637	H@20 0.993482	H@50 0.997207	H@100 1.000000
INFO:kbc-cli.py:Epoch 10/100	Loss 5.5140 ± 0.1859
INFO:kbc-cli.py:Epoch 11/100	Loss 5.4881 ± 0.1881
INFO:kbc-cli.py:Epoch 12/100	Loss 5.4654 ± 0.1766
INFO:kbc-cli.py:Epoch 12/100	dev results	MRR 0.869616	H@1 0.797285	H@3 0.936330	H@5 0.958333	H@10 0.976592	H@20 0.988296	H@50 0.994382	H@100 1.000000
INFO:kbc-cli.py:Epoch 12/100	test results	MRR 0.875525	H@1 0.806797	H@3 0.934358	H@5 0.966480	H@10 0.983706	H@20 0.993948	H@50 0.997672	H@100 1.000000
INFO:kbc-cli.py:Epoch 13/100	Loss 5.4464 ± 0.1672
INFO:kbc-cli.py:Epoch 14/100	Loss 5.4294 ± 0.1705
INFO:kbc-cli.py:Epoch 15/100	Loss 5.4148 ± 0.1641
INFO:kbc-cli.py:Epoch 15/100	dev results	MRR 0.866973	H@1 0.792603	H@3 0.935393	H@5 0.957865	H@10 0.977060	H@20 0.987360	H@50 0.993446	H@100 1.000000
INFO:kbc-cli.py:Epoch 15/100	test results	MRR 0.871566	H@1 0.798883	H@3 0.932030	H@5 0.966480	H@10 0.983706	H@20 0.993948	H@50 0.997207	H@100 1.000000
INFO:kbc-cli.py:Epoch 16/100	Loss 5.4009 ± 0.1625
INFO:kbc-cli.py:Epoch 17/100	Loss 5.3886 ± 0.1434
INFO:kbc-cli.py:Epoch 18/100	Loss 5.3780 ± 0.1617
INFO:kbc-cli.py:Epoch 18/100	dev results	MRR 0.866354	H@1 0.793071	H@3 0.931648	H@5 0.959270	H@10 0.977528	H@20 0.987360	H@50 0.993446	H@100 1.000000
INFO:kbc-cli.py:Epoch 18/100	test results	MRR 0.872230	H@1 0.800745	H@3 0.931564	H@5 0.965549	H@10 0.984637	H@20 0.993948	H@50 0.997207	H@100 1.000000
INFO:kbc-cli.py:Epoch 19/100	Loss 5.3676 ± 0.1591
INFO:kbc-cli.py:Epoch 20/100	Loss 5.3588 ± 0.1517
INFO:kbc-cli.py:Epoch 21/100	Loss 5.3507 ± 0.1490
INFO:kbc-cli.py:Epoch 21/100	dev results	MRR 0.865688	H@1 0.791199	H@3 0.931648	H@5 0.957397	H@10 0.977996	H@20 0.986891	H@50 0.993446	H@100 1.000000
INFO:kbc-cli.py:Epoch 21/100	test results	MRR 0.869636	H@1 0.795158	H@3 0.932030	H@5 0.966946	H@10 0.983706	H@20 0.993017	H@50 0.997672	H@100 1.000000
INFO:kbc-cli.py:Epoch 22/100	Loss 5.3429 ± 0.1547
INFO:kbc-cli.py:Epoch 23/100	Loss 5.3350 ± 0.1441
INFO:kbc-cli.py:Epoch 24/100	Loss 5.3293 ± 0.1441
INFO:kbc-cli.py:Epoch 24/100	dev results	MRR 0.862722	H@1 0.786049	H@3 0.934457	H@5 0.957865	H@10 0.977996	H@20 0.987360	H@50 0.993446	H@100 1.000000
INFO:kbc-cli.py:Epoch 24/100	test results	MRR 0.868848	H@1 0.794693	H@3 0.932961	H@5 0.966015	H@10 0.983706	H@20 0.992551	H@50 0.997672	H@100 1.000000
INFO:kbc-cli.py:Epoch 25/100	Loss 5.3226 ± 0.1394
INFO:kbc-cli.py:Epoch 26/100	Loss 5.3162 ± 0.1482
INFO:kbc-cli.py:Epoch 27/100	Loss 5.3113 ± 0.1421
INFO:kbc-cli.py:Epoch 27/100	dev results	MRR 0.863040	H@1 0.786049	H@3 0.931648	H@5 0.957865	H@10 0.977996	H@20 0.987828	H@50 0.993446	H@100 1.000000
INFO:kbc-cli.py:Epoch 27/100	test results	MRR 0.866542	H@1 0.791434	H@3 0.928305	H@5 0.966946	H@10 0.984637	H@20 0.992551	H@50 0.997672	H@100 1.000000
INFO:kbc-cli.py:Epoch 28/100	Loss 5.3060 ± 0.1341
INFO:kbc-cli.py:Epoch 29/100	Loss 5.3013 ± 0.1341
INFO:kbc-cli.py:Epoch 30/100	Loss 5.2963 ± 0.1438
INFO:kbc-cli.py:Epoch 30/100	dev results	MRR 0.865932	H@1 0.792135	H@3 0.931648	H@5 0.956929	H@10 0.977996	H@20 0.987360	H@50 0.992978	H@100 1.000000
INFO:kbc-cli.py:Epoch 30/100	test results	MRR 0.864641	H@1 0.788175	H@3 0.930168	H@5 0.966946	H@10 0.984171	H@20 0.992551	H@50 0.997672	H@100 1.000000
INFO:kbc-cli.py:Epoch 31/100	Loss 5.2922 ± 0.1407
INFO:kbc-cli.py:Epoch 32/100	Loss 5.2877 ± 0.1360
INFO:kbc-cli.py:Epoch 33/100	Loss 5.2837 ± 0.1301
INFO:kbc-cli.py:Epoch 33/100	dev results	MRR 0.864424	H@1 0.789326	H@3 0.929775	H@5 0.957865	H@10 0.977528	H@20 0.987828	H@50 0.992978	H@100 1.000000
INFO:kbc-cli.py:Epoch 33/100	test results	MRR 0.866133	H@1 0.789572	H@3 0.931099	H@5 0.966015	H@10 0.983706	H@20 0.992551	H@50 0.997672	H@100 1.000000
INFO:kbc-cli.py:Epoch 34/100	Loss 5.2803 ± 0.1296
INFO:kbc-cli.py:Epoch 35/100	Loss 5.2764 ± 0.1210
INFO:kbc-cli.py:Epoch 36/100	Loss 5.2724 ± 0.1238
INFO:kbc-cli.py:Epoch 36/100	dev results	MRR 0.863294	H@1 0.786985	H@3 0.931648	H@5 0.957397	H@10 0.977996	H@20 0.988296	H@50 0.992041	H@100 1.000000
INFO:kbc-cli.py:Epoch 36/100	test results	MRR 0.862786	H@1 0.784451	H@3 0.931099	H@5 0.963222	H@10 0.984171	H@20 0.992551	H@50 0.997672	H@100 1.000000
INFO:kbc-cli.py:Epoch 37/100	Loss 5.2693 ± 0.1269
INFO:kbc-cli.py:Epoch 38/100	Loss 5.2657 ± 0.1241
INFO:kbc-cli.py:Epoch 39/100	Loss 5.2630 ± 0.1274
INFO:kbc-cli.py:Epoch 39/100	dev results	MRR 0.863175	H@1 0.787453	H@3 0.931648	H@5 0.956461	H@10 0.977996	H@20 0.988296	H@50 0.992509	H@100 1.000000
INFO:kbc-cli.py:Epoch 39/100	test results	MRR 0.863665	H@1 0.785847	H@3 0.932030	H@5 0.965084	H@10 0.984171	H@20 0.992551	H@50 0.998138	H@100 1.000000
INFO:kbc-cli.py:Epoch 40/100	Loss 5.2595 ± 0.1328
INFO:kbc-cli.py:Epoch 41/100	Loss 5.2574 ± 0.1151
INFO:kbc-cli.py:Epoch 42/100	Loss 5.2540 ± 0.1253
INFO:kbc-cli.py:Epoch 42/100	dev results	MRR 0.863738	H@1 0.788858	H@3 0.930712	H@5 0.958333	H@10 0.977996	H@20 0.987828	H@50 0.992041	H@100 1.000000
INFO:kbc-cli.py:Epoch 42/100	test results	MRR 0.863278	H@1 0.784916	H@3 0.932030	H@5 0.965084	H@10 0.984171	H@20 0.992551	H@50 0.998138	H@100 1.000000
INFO:kbc-cli.py:Epoch 43/100	Loss 5.2517 ± 0.1340
INFO:kbc-cli.py:Epoch 44/100	Loss 5.2494 ± 0.1341
INFO:kbc-cli.py:Epoch 45/100	Loss 5.2466 ± 0.1241
INFO:kbc-cli.py:Epoch 45/100	dev results	MRR 0.862472	H@1 0.785581	H@3 0.932116	H@5 0.956461	H@10 0.977528	H@20 0.988296	H@50 0.992041	H@100 1.000000
INFO:kbc-cli.py:Epoch 45/100	test results	MRR 0.862405	H@1 0.783520	H@3 0.932495	H@5 0.963687	H@10 0.984171	H@20 0.992551	H@50 0.998138	H@100 1.000000
INFO:kbc-cli.py:Epoch 46/100	Loss 5.2442 ± 0.1424
INFO:kbc-cli.py:Epoch 47/100	Loss 5.2418 ± 0.1283
INFO:kbc-cli.py:Epoch 48/100	Loss 5.2396 ± 0.1362
INFO:kbc-cli.py:Epoch 48/100	dev results	MRR 0.861672	H@1 0.785112	H@3 0.931648	H@5 0.956929	H@10 0.977996	H@20 0.988296	H@50 0.992041	H@100 1.000000
INFO:kbc-cli.py:Epoch 48/100	test results	MRR 0.862804	H@1 0.784451	H@3 0.934358	H@5 0.964618	H@10 0.984171	H@20 0.993017	H@50 0.998138	H@100 1.000000
INFO:kbc-cli.py:Epoch 49/100	Loss 5.2371 ± 0.1238
INFO:kbc-cli.py:Epoch 50/100	Loss 5.2355 ± 0.1280
INFO:kbc-cli.py:Epoch 51/100	Loss 5.2335 ± 0.1226
INFO:kbc-cli.py:Epoch 51/100	dev results	MRR 0.861353	H@1 0.784176	H@3 0.931180	H@5 0.956461	H@10 0.977528	H@20 0.988296	H@50 0.992041	H@100 1.000000
INFO:kbc-cli.py:Epoch 51/100	test results	MRR 0.863176	H@1 0.785382	H@3 0.932961	H@5 0.964618	H@10 0.984171	H@20 0.993017	H@50 0.998138	H@100 1.000000
INFO:kbc-cli.py:Epoch 52/100	Loss 5.2311 ± 0.1206
INFO:kbc-cli.py:Epoch 53/100	Loss 5.2295 ± 0.1220
INFO:kbc-cli.py:Epoch 54/100	Loss 5.2274 ± 0.1176
INFO:kbc-cli.py:Epoch 54/100	dev results	MRR 0.860762	H@1 0.782772	H@3 0.932584	H@5 0.956461	H@10 0.977996	H@20 0.987828	H@50 0.992041	H@100 1.000000
INFO:kbc-cli.py:Epoch 54/100	test results	MRR 0.862819	H@1 0.784451	H@3 0.933426	H@5 0.964153	H@10 0.984171	H@20 0.993017	H@50 0.998138	H@100 1.000000
INFO:kbc-cli.py:Epoch 55/100	Loss 5.2257 ± 0.1311
INFO:kbc-cli.py:Epoch 56/100	Loss 5.2237 ± 0.1172
INFO:kbc-cli.py:Epoch 57/100	Loss 5.2219 ± 0.1273
INFO:kbc-cli.py:Epoch 57/100	dev results	MRR 0.860941	H@1 0.783240	H@3 0.931648	H@5 0.956461	H@10 0.977996	H@20 0.987828	H@50 0.992041	H@100 1.000000
INFO:kbc-cli.py:Epoch 57/100	test results	MRR 0.862545	H@1 0.783985	H@3 0.932030	H@5 0.963687	H@10 0.984637	H@20 0.993017	H@50 0.998138	H@100 1.000000
INFO:kbc-cli.py:Epoch 58/100	Loss 5.2205 ± 0.1303
INFO:kbc-cli.py:Epoch 59/100	Loss 5.2187 ± 0.1256
INFO:kbc-cli.py:Epoch 60/100	Loss 5.2170 ± 0.1234
INFO:kbc-cli.py:Epoch 60/100	dev results	MRR 0.858890	H@1 0.779494	H@3 0.931180	H@5 0.956461	H@10 0.977996	H@20 0.987828	H@50 0.992041	H@100 1.000000
INFO:kbc-cli.py:Epoch 60/100	test results	MRR 0.862291	H@1 0.783054	H@3 0.933892	H@5 0.963687	H@10 0.984637	H@20 0.992551	H@50 0.998138	H@100 1.000000
INFO:kbc-cli.py:Epoch 61/100	Loss 5.2157 ± 0.1218
INFO:kbc-cli.py:Epoch 62/100	Loss 5.2138 ± 0.1215
INFO:kbc-cli.py:Epoch 63/100	Loss 5.2125 ± 0.1213
INFO:kbc-cli.py:Epoch 63/100	dev results	MRR 0.859494	H@1 0.779494	H@3 0.931648	H@5 0.956929	H@10 0.977528	H@20 0.987360	H@50 0.992041	H@100 1.000000
INFO:kbc-cli.py:Epoch 63/100	test results	MRR 0.861765	H@1 0.783054	H@3 0.930633	H@5 0.963687	H@10 0.984171	H@20 0.992551	H@50 0.998138	H@100 1.000000
INFO:kbc-cli.py:Epoch 64/100	Loss 5.2108 ± 0.1185
INFO:kbc-cli.py:Epoch 65/100	Loss 5.2094 ± 0.1218
INFO:kbc-cli.py:Epoch 66/100	Loss 5.2080 ± 0.1256
INFO:kbc-cli.py:Epoch 66/100	dev results	MRR 0.859971	H@1 0.781367	H@3 0.930243	H@5 0.957397	H@10 0.977996	H@20 0.987828	H@50 0.992041	H@100 1.000000
INFO:kbc-cli.py:Epoch 66/100	test results	MRR 0.863082	H@1 0.784451	H@3 0.932495	H@5 0.963222	H@10 0.984637	H@20 0.992551	H@50 0.998138	H@100 1.000000
INFO:kbc-cli.py:Epoch 67/100	Loss 5.2069 ± 0.1177
INFO:kbc-cli.py:Epoch 68/100	Loss 5.2053 ± 0.1279
INFO:kbc-cli.py:Epoch 69/100	Loss 5.2042 ± 0.1101
INFO:kbc-cli.py:Epoch 69/100	dev results	MRR 0.859276	H@1 0.779963	H@3 0.930712	H@5 0.956929	H@10 0.977996	H@20 0.987360	H@50 0.992041	H@100 1.000000
INFO:kbc-cli.py:Epoch 69/100	test results	MRR 0.862236	H@1 0.783054	H@3 0.932495	H@5 0.961825	H@10 0.984637	H@20 0.992551	H@50 0.998138	H@100 1.000000
INFO:kbc-cli.py:Epoch 70/100	Loss 5.2028 ± 0.1256
INFO:kbc-cli.py:Epoch 71/100	Loss 5.2014 ± 0.1136
INFO:kbc-cli.py:Epoch 72/100	Loss 5.2004 ± 0.1125
INFO:kbc-cli.py:Epoch 72/100	dev results	MRR 0.860272	H@1 0.781835	H@3 0.931180	H@5 0.956461	H@10 0.977996	H@20 0.987360	H@50 0.992041	H@100 1.000000
INFO:kbc-cli.py:Epoch 72/100	test results	MRR 0.861626	H@1 0.781192	H@3 0.931564	H@5 0.962756	H@10 0.984637	H@20 0.992551	H@50 0.998138	H@100 1.000000
INFO:kbc-cli.py:Epoch 73/100	Loss 5.1995 ± 0.1171
INFO:kbc-cli.py:Epoch 74/100	Loss 5.1980 ± 0.1202
INFO:kbc-cli.py:Epoch 75/100	Loss 5.1971 ± 0.1159
INFO:kbc-cli.py:Epoch 75/100	dev results	MRR 0.859596	H@1 0.780431	H@3 0.930243	H@5 0.955524	H@10 0.977060	H@20 0.987828	H@50 0.992041	H@100 1.000000
INFO:kbc-cli.py:Epoch 75/100	test results	MRR 0.860504	H@1 0.779330	H@3 0.930633	H@5 0.962291	H@10 0.984637	H@20 0.992551	H@50 0.998138	H@100 1.000000
INFO:kbc-cli.py:Epoch 76/100	Loss 5.1958 ± 0.1140
INFO:kbc-cli.py:Epoch 77/100	Loss 5.1945 ± 0.1213
INFO:kbc-cli.py:Epoch 78/100	Loss 5.1933 ± 0.1041
INFO:kbc-cli.py:Epoch 78/100	dev results	MRR 0.858964	H@1 0.779026	H@3 0.930712	H@5 0.955524	H@10 0.977528	H@20 0.987360	H@50 0.992041	H@100 1.000000
INFO:kbc-cli.py:Epoch 78/100	test results	MRR 0.859748	H@1 0.777933	H@3 0.930633	H@5 0.962291	H@10 0.984637	H@20 0.992551	H@50 0.998138	H@100 1.000000
INFO:kbc-cli.py:Epoch 79/100	Loss 5.1924 ± 0.1168
INFO:kbc-cli.py:Epoch 80/100	Loss 5.1913 ± 0.1238
INFO:kbc-cli.py:Epoch 81/100	Loss 5.1904 ± 0.1273
INFO:kbc-cli.py:Epoch 81/100	dev results	MRR 0.858758	H@1 0.778090	H@3 0.930712	H@5 0.955524	H@10 0.977996	H@20 0.987828	H@50 0.992041	H@100 1.000000
INFO:kbc-cli.py:Epoch 81/100	test results	MRR 0.859843	H@1 0.778399	H@3 0.930633	H@5 0.962756	H@10 0.984637	H@20 0.992551	H@50 0.998138	H@100 1.000000
INFO:kbc-cli.py:Epoch 82/100	Loss 5.1893 ± 0.1075
INFO:kbc-cli.py:Epoch 83/100	Loss 5.1886 ± 0.1347
INFO:kbc-cli.py:Epoch 84/100	Loss 5.1874 ± 0.1071
INFO:kbc-cli.py:Epoch 84/100	dev results	MRR 0.859443	H@1 0.779963	H@3 0.930243	H@5 0.956461	H@10 0.977528	H@20 0.987360	H@50 0.992041	H@100 1.000000
INFO:kbc-cli.py:Epoch 84/100	test results	MRR 0.858891	H@1 0.777467	H@3 0.928305	H@5 0.962291	H@10 0.984637	H@20 0.992551	H@50 0.998138	H@100 1.000000
INFO:kbc-cli.py:Epoch 85/100	Loss 5.1865 ± 0.1194
INFO:kbc-cli.py:Epoch 86/100	Loss 5.1856 ± 0.1205
INFO:kbc-cli.py:Epoch 87/100	Loss 5.1846 ± 0.1250
INFO:kbc-cli.py:Epoch 87/100	dev results	MRR 0.857973	H@1 0.777154	H@3 0.930243	H@5 0.956929	H@10 0.977996	H@20 0.987360	H@50 0.992041	H@100 1.000000
INFO:kbc-cli.py:Epoch 87/100	test results	MRR 0.858315	H@1 0.775605	H@3 0.930633	H@5 0.961825	H@10 0.984637	H@20 0.992551	H@50 0.998138	H@100 1.000000
INFO:kbc-cli.py:Epoch 88/100	Loss 5.1836 ± 0.0989
INFO:kbc-cli.py:Epoch 89/100	Loss 5.1825 ± 0.1037
INFO:kbc-cli.py:Epoch 90/100	Loss 5.1819 ± 0.1084
INFO:kbc-cli.py:Epoch 90/100	dev results	MRR 0.859331	H@1 0.779963	H@3 0.930712	H@5 0.957397	H@10 0.977996	H@20 0.987828	H@50 0.992041	H@100 1.000000
INFO:kbc-cli.py:Epoch 90/100	test results	MRR 0.858041	H@1 0.775605	H@3 0.929702	H@5 0.962756	H@10 0.984637	H@20 0.992551	H@50 0.998138	H@100 1.000000
INFO:kbc-cli.py:Epoch 91/100	Loss 5.1808 ± 0.1146
INFO:kbc-cli.py:Epoch 92/100	Loss 5.1803 ± 0.1271
INFO:kbc-cli.py:Epoch 93/100	Loss 5.1792 ± 0.1130
INFO:kbc-cli.py:Epoch 93/100	dev results	MRR 0.857521	H@1 0.776217	H@3 0.930243	H@5 0.956929	H@10 0.977996	H@20 0.987360	H@50 0.992041	H@100 1.000000
INFO:kbc-cli.py:Epoch 93/100	test results	MRR 0.857902	H@1 0.776071	H@3 0.929236	H@5 0.960894	H@10 0.984637	H@20 0.992551	H@50 0.998138	H@100 1.000000
INFO:kbc-cli.py:Epoch 94/100	Loss 5.1783 ± 0.1083
INFO:kbc-cli.py:Epoch 95/100	Loss 5.1776 ± 0.1240
INFO:kbc-cli.py:Epoch 96/100	Loss 5.1767 ± 0.1155
INFO:kbc-cli.py:Epoch 96/100	dev results	MRR 0.858699	H@1 0.779026	H@3 0.930243	H@5 0.957397	H@10 0.977996	H@20 0.987360	H@50 0.992041	H@100 1.000000
INFO:kbc-cli.py:Epoch 96/100	test results	MRR 0.856789	H@1 0.774209	H@3 0.928771	H@5 0.961825	H@10 0.984637	H@20 0.992551	H@50 0.998138	H@100 1.000000
INFO:kbc-cli.py:Epoch 97/100	Loss 5.1758 ± 0.1120
INFO:kbc-cli.py:Epoch 98/100	Loss 5.1751 ± 0.1217
INFO:kbc-cli.py:Epoch 99/100	Loss 5.1746 ± 0.1125
INFO:kbc-cli.py:Epoch 99/100	dev results	MRR 0.859295	H@1 0.779494	H@3 0.932584	H@5 0.957397	H@10 0.977528	H@20 0.987828	H@50 0.992041	H@100 1.000000
INFO:kbc-cli.py:Epoch 99/100	test results	MRR 0.857747	H@1 0.775605	H@3 0.930633	H@5 0.960428	H@10 0.984637	H@20 0.992551	H@50 0.998138	H@100 1.000000
INFO:kbc-cli.py:Epoch 100/100	Loss 5.1737 ± 0.1009
INFO:kbc-cli.py:Final 	dev results	MRR 0.858723	H@1 0.778558	H@3 0.932116	H@5 0.957865	H@10 0.977528	H@20 0.987828	H@50 0.992041	H@100 1.000000
INFO:kbc-cli.py:Final 	test results	MRR 0.856691	H@1 0.773277	H@3 0.930633	H@5 0.961825	H@10 0.984637	H@20 0.992551	H@50 0.998138	H@100 1.000000
INFO:kbc-cli.py:Training finished
