./bin/kbc-cli.py --train data/umls/train.tsv --dev data/umls/dev.tsv --test data/umls/test.tsv -m complex -k 500 -b 10 -e 100 --F2 0 --N3 0.01 -l 0.1 -I standard -V 3 -o adagrad -c so -q
{'F2': 0.0,
 'N3': 0.01,
 'batch_size': 10,
 'corruption': 'so',
 'dev': 'data/umls/dev.tsv',
 'embedding_size': 500,
 'epochs': 100,
 'eval_batch_size': None,
 'input_type': 'standard',
 'learning_rate': 0.1,
 'load': None,
 'model': 'complex',
 'optimizer': 'adagrad',
 'quiet': True,
 'save': None,
 'seed': 0,
 'test': 'data/umls/test.tsv',
 'test_i': None,
 'test_ii': None,
 'train': 'data/umls/train.tsv',
 'validate_every': 3}
INFO:kbc-cli.py:Device: cuda
INFO:kbc-cli.py:Model state:
INFO:kbc-cli.py:	entities.weight	torch.Size([135, 1000])
INFO:kbc-cli.py:	predicates.weight	torch.Size([46, 1000])
INFO:kbc-cli.py:Epoch 1/100	Loss 7.9264 ± 0.9677
INFO:kbc-cli.py:Epoch 2/100	Loss 6.4785 ± 0.3726
INFO:kbc-cli.py:Epoch 3/100	Loss 6.2369 ± 0.3527
INFO:kbc-cli.py:Epoch 3/100	dev results	MRR 0.930529	H@1 0.876534	H@3 0.980828	H@5 0.988497	H@10 0.997699	H@20 0.999233	H@50 1.000000	H@100 1.000000
INFO:kbc-cli.py:Epoch 3/100	test results	MRR 0.920072	H@1 0.856278	H@3 0.980333	H@5 0.990923	H@10 0.996218	H@20 0.999244	H@50 1.000000	H@100 1.000000
INFO:kbc-cli.py:Epoch 4/100	Loss 6.1207 ± 0.3742
INFO:kbc-cli.py:Epoch 5/100	Loss 6.0495 ± 0.3664
INFO:kbc-cli.py:Epoch 6/100	Loss 5.9963 ± 0.3929
INFO:kbc-cli.py:Epoch 6/100	dev results	MRR 0.932639	H@1 0.878834	H@3 0.985429	H@5 0.993098	H@10 0.998466	H@20 0.999233	H@50 1.000000	H@100 1.000000
INFO:kbc-cli.py:Epoch 6/100	test results	MRR 0.925901	H@1 0.863086	H@3 0.987897	H@5 0.995461	H@10 0.997731	H@20 1.000000	H@50 1.000000	H@100 1.000000
INFO:kbc-cli.py:Epoch 7/100	Loss 5.9561 ± 0.3797
INFO:kbc-cli.py:Epoch 8/100	Loss 5.9210 ± 0.3739
INFO:kbc-cli.py:Epoch 9/100	Loss 5.8934 ± 0.3855
INFO:kbc-cli.py:Epoch 9/100	dev results	MRR 0.956298	H@1 0.926380	H@3 0.982362	H@5 0.992331	H@10 0.997699	H@20 0.998466	H@50 1.000000	H@100 1.000000
INFO:kbc-cli.py:Epoch 9/100	test results	MRR 0.947759	H@1 0.905446	H@3 0.986384	H@5 0.995461	H@10 0.996974	H@20 1.000000	H@50 1.000000	H@100 1.000000
INFO:kbc-cli.py:Epoch 10/100	Loss 5.8714 ± 0.3902
INFO:kbc-cli.py:Epoch 11/100	Loss 5.8509 ± 0.3890
INFO:kbc-cli.py:Epoch 12/100	Loss 5.8319 ± 0.3790
INFO:kbc-cli.py:Epoch 12/100	dev results	MRR 0.955505	H@1 0.923313	H@3 0.985429	H@5 0.992331	H@10 0.997699	H@20 0.999233	H@50 1.000000	H@100 1.000000
INFO:kbc-cli.py:Epoch 12/100	test results	MRR 0.952372	H@1 0.914523	H@3 0.989410	H@5 0.995461	H@10 0.998487	H@20 1.000000	H@50 1.000000	H@100 1.000000
INFO:kbc-cli.py:Epoch 13/100	Loss 5.8155 ± 0.4060
INFO:kbc-cli.py:Epoch 14/100	Loss 5.7998 ± 0.3876
INFO:kbc-cli.py:Epoch 15/100	Loss 5.7878 ± 0.3581
INFO:kbc-cli.py:Epoch 15/100	dev results	MRR 0.968061	H@1 0.947853	H@3 0.987730	H@5 0.993098	H@10 0.997699	H@20 0.999233	H@50 1.000000	H@100 1.000000
INFO:kbc-cli.py:Epoch 15/100	test results	MRR 0.966942	H@1 0.944024	H@3 0.987897	H@5 0.993949	H@10 0.998487	H@20 0.999244	H@50 1.000000	H@100 1.000000
INFO:kbc-cli.py:Epoch 16/100	Loss 5.7731 ± 0.3782
INFO:kbc-cli.py:Epoch 17/100	Loss 5.7621 ± 0.3764
INFO:kbc-cli.py:Epoch 18/100	Loss 5.7518 ± 0.3933
INFO:kbc-cli.py:Epoch 18/100	dev results	MRR 0.964485	H@1 0.941718	H@3 0.986963	H@5 0.990798	H@10 0.997699	H@20 0.998466	H@50 1.000000	H@100 1.000000
INFO:kbc-cli.py:Epoch 18/100	test results	MRR 0.962459	H@1 0.934947	H@3 0.990166	H@5 0.995461	H@10 0.998487	H@20 1.000000	H@50 1.000000	H@100 1.000000
INFO:kbc-cli.py:Epoch 19/100	Loss 5.7431 ± 0.3777
INFO:kbc-cli.py:Epoch 20/100	Loss 5.7350 ± 0.3585
INFO:kbc-cli.py:Epoch 21/100	Loss 5.7263 ± 0.3846
INFO:kbc-cli.py:Epoch 21/100	dev results	MRR 0.963711	H@1 0.940184	H@3 0.985429	H@5 0.992331	H@10 0.996933	H@20 0.998466	H@50 1.000000	H@100 1.000000
INFO:kbc-cli.py:Epoch 21/100	test results	MRR 0.963581	H@1 0.937216	H@3 0.987897	H@5 0.994705	H@10 0.998487	H@20 0.999244	H@50 1.000000	H@100 1.000000
INFO:kbc-cli.py:Epoch 22/100	Loss 5.7180 ± 0.3930
INFO:kbc-cli.py:Epoch 23/100	Loss 5.7104 ± 0.3674
INFO:kbc-cli.py:Epoch 24/100	Loss 5.7016 ± 0.3695
INFO:kbc-cli.py:Epoch 24/100	dev results	MRR 0.963445	H@1 0.939417	H@3 0.985429	H@5 0.990798	H@10 0.996933	H@20 0.997699	H@50 1.000000	H@100 1.000000
INFO:kbc-cli.py:Epoch 24/100	test results	MRR 0.963498	H@1 0.937216	H@3 0.988654	H@5 0.994705	H@10 0.998487	H@20 0.999244	H@50 1.000000	H@100 1.000000
INFO:kbc-cli.py:Epoch 25/100	Loss 5.6981 ± 0.3727
INFO:kbc-cli.py:Epoch 26/100	Loss 5.6896 ± 0.3763
INFO:kbc-cli.py:Epoch 27/100	Loss 5.6854 ± 0.3679
INFO:kbc-cli.py:Epoch 27/100	dev results	MRR 0.964958	H@1 0.942485	H@3 0.984663	H@5 0.992331	H@10 0.996933	H@20 0.997699	H@50 1.000000	H@100 1.000000
INFO:kbc-cli.py:Epoch 27/100	test results	MRR 0.963561	H@1 0.936460	H@3 0.989410	H@5 0.995461	H@10 0.998487	H@20 0.999244	H@50 1.000000	H@100 1.000000
INFO:kbc-cli.py:Epoch 28/100	Loss 5.6796 ± 0.3987
INFO:kbc-cli.py:Epoch 29/100	Loss 5.6743 ± 0.3631
INFO:kbc-cli.py:Epoch 30/100	Loss 5.6700 ± 0.3899
INFO:kbc-cli.py:Epoch 30/100	dev results	MRR 0.968207	H@1 0.948620	H@3 0.985429	H@5 0.990031	H@10 0.996933	H@20 0.999233	H@50 1.000000	H@100 1.000000
INFO:kbc-cli.py:Epoch 30/100	test results	MRR 0.964781	H@1 0.940998	H@3 0.988654	H@5 0.994705	H@10 0.998487	H@20 0.999244	H@50 1.000000	H@100 1.000000
INFO:kbc-cli.py:Epoch 31/100	Loss 5.6652 ± 0.3782
INFO:kbc-cli.py:Epoch 32/100	Loss 5.6599 ± 0.3799
INFO:kbc-cli.py:Epoch 33/100	Loss 5.6560 ± 0.3705
INFO:kbc-cli.py:Epoch 33/100	dev results	MRR 0.966867	H@1 0.946319	H@3 0.983896	H@5 0.991564	H@10 0.996933	H@20 0.999233	H@50 1.000000	H@100 1.000000
INFO:kbc-cli.py:Epoch 33/100	test results	MRR 0.961580	H@1 0.934191	H@3 0.988654	H@5 0.994705	H@10 0.997731	H@20 0.999244	H@50 1.000000	H@100 1.000000
INFO:kbc-cli.py:Epoch 34/100	Loss 5.6513 ± 0.3901
INFO:kbc-cli.py:Epoch 35/100	Loss 5.6480 ± 0.3744
INFO:kbc-cli.py:Epoch 36/100	Loss 5.6443 ± 0.3822
INFO:kbc-cli.py:Epoch 36/100	dev results	MRR 0.968001	H@1 0.949387	H@3 0.983129	H@5 0.991564	H@10 0.996933	H@20 0.999233	H@50 1.000000	H@100 1.000000
INFO:kbc-cli.py:Epoch 36/100	test results	MRR 0.963947	H@1 0.939486	H@3 0.987897	H@5 0.995461	H@10 0.997731	H@20 0.998487	H@50 1.000000	H@100 1.000000
INFO:kbc-cli.py:Epoch 37/100	Loss 5.6417 ± 0.3702
INFO:kbc-cli.py:Epoch 38/100	Loss 5.6363 ± 0.3776
INFO:kbc-cli.py:Epoch 39/100	Loss 5.6339 ± 0.3921
INFO:kbc-cli.py:Epoch 39/100	dev results	MRR 0.965588	H@1 0.944785	H@3 0.983129	H@5 0.990798	H@10 0.996166	H@20 0.999233	H@50 1.000000	H@100 1.000000
INFO:kbc-cli.py:Epoch 39/100	test results	MRR 0.964584	H@1 0.940242	H@3 0.987897	H@5 0.994705	H@10 0.997731	H@20 0.998487	H@50 1.000000	H@100 1.000000
INFO:kbc-cli.py:Epoch 40/100	Loss 5.6297 ± 0.3694
INFO:kbc-cli.py:Epoch 41/100	Loss 5.6268 ± 0.3860
INFO:kbc-cli.py:Epoch 42/100	Loss 5.6247 ± 0.3842
INFO:kbc-cli.py:Epoch 42/100	dev results	MRR 0.966537	H@1 0.946319	H@3 0.983129	H@5 0.990798	H@10 0.995399	H@20 0.998466	H@50 1.000000	H@100 1.000000
INFO:kbc-cli.py:Epoch 42/100	test results	MRR 0.965838	H@1 0.942511	H@3 0.989410	H@5 0.994705	H@10 0.997731	H@20 0.998487	H@50 1.000000	H@100 1.000000
INFO:kbc-cli.py:Epoch 43/100	Loss 5.6223 ± 0.3832
INFO:kbc-cli.py:Epoch 44/100	Loss 5.6179 ± 0.3666
INFO:kbc-cli.py:Epoch 45/100	Loss 5.6151 ± 0.3652
INFO:kbc-cli.py:Epoch 45/100	dev results	MRR 0.966164	H@1 0.946319	H@3 0.982362	H@5 0.991564	H@10 0.995399	H@20 0.998466	H@50 1.000000	H@100 1.000000
INFO:kbc-cli.py:Epoch 45/100	test results	MRR 0.966446	H@1 0.943268	H@3 0.989410	H@5 0.995461	H@10 0.997731	H@20 0.999244	H@50 1.000000	H@100 1.000000
INFO:kbc-cli.py:Epoch 46/100	Loss 5.6135 ± 0.3680
INFO:kbc-cli.py:Epoch 47/100	Loss 5.6104 ± 0.3397
INFO:kbc-cli.py:Epoch 48/100	Loss 5.6086 ± 0.3915
INFO:kbc-cli.py:Epoch 48/100	dev results	MRR 0.963969	H@1 0.941718	H@3 0.981595	H@5 0.990798	H@10 0.995399	H@20 0.999233	H@50 1.000000	H@100 1.000000
INFO:kbc-cli.py:Epoch 48/100	test results	MRR 0.964766	H@1 0.940242	H@3 0.988654	H@5 0.994705	H@10 0.997731	H@20 0.998487	H@50 1.000000	H@100 1.000000
INFO:kbc-cli.py:Epoch 49/100	Loss 5.6058 ± 0.3632
INFO:kbc-cli.py:Epoch 50/100	Loss 5.6040 ± 0.3811
INFO:kbc-cli.py:Epoch 51/100	Loss 5.6017 ± 0.3663
INFO:kbc-cli.py:Epoch 51/100	dev results	MRR 0.964950	H@1 0.944018	H@3 0.980828	H@5 0.991564	H@10 0.996166	H@20 0.999233	H@50 1.000000	H@100 1.000000
INFO:kbc-cli.py:Epoch 51/100	test results	MRR 0.965093	H@1 0.940998	H@3 0.990166	H@5 0.994705	H@10 0.997731	H@20 0.998487	H@50 1.000000	H@100 1.000000
INFO:kbc-cli.py:Epoch 52/100	Loss 5.5988 ± 0.3614
INFO:kbc-cli.py:Epoch 53/100	Loss 5.5970 ± 0.3540
INFO:kbc-cli.py:Epoch 54/100	Loss 5.5951 ± 0.3640
INFO:kbc-cli.py:Epoch 54/100	dev results	MRR 0.965608	H@1 0.944785	H@3 0.982362	H@5 0.990798	H@10 0.995399	H@20 1.000000	H@50 1.000000	H@100 1.000000
INFO:kbc-cli.py:Epoch 54/100	test results	MRR 0.965272	H@1 0.940998	H@3 0.989410	H@5 0.994705	H@10 0.997731	H@20 0.998487	H@50 1.000000	H@100 1.000000
INFO:kbc-cli.py:Epoch 55/100	Loss 5.5930 ± 0.3783
INFO:kbc-cli.py:Epoch 56/100	Loss 5.5912 ± 0.3845
INFO:kbc-cli.py:Epoch 57/100	Loss 5.5896 ± 0.3655
INFO:kbc-cli.py:Epoch 57/100	dev results	MRR 0.965502	H@1 0.944785	H@3 0.982362	H@5 0.992331	H@10 0.995399	H@20 0.999233	H@50 1.000000	H@100 1.000000
INFO:kbc-cli.py:Epoch 57/100	test results	MRR 0.965124	H@1 0.940998	H@3 0.989410	H@5 0.994705	H@10 0.997731	H@20 0.998487	H@50 1.000000	H@100 1.000000
INFO:kbc-cli.py:Epoch 58/100	Loss 5.5876 ± 0.3719
INFO:kbc-cli.py:Epoch 59/100	Loss 5.5851 ± 0.3857
INFO:kbc-cli.py:Epoch 60/100	Loss 5.5831 ± 0.3656
INFO:kbc-cli.py:Epoch 60/100	dev results	MRR 0.966928	H@1 0.947853	H@3 0.982362	H@5 0.990798	H@10 0.995399	H@20 0.998466	H@50 1.000000	H@100 1.000000
INFO:kbc-cli.py:Epoch 60/100	test results	MRR 0.966760	H@1 0.944024	H@3 0.989410	H@5 0.994705	H@10 0.997731	H@20 0.998487	H@50 1.000000	H@100 1.000000
INFO:kbc-cli.py:Epoch 61/100	Loss 5.5816 ± 0.3751
INFO:kbc-cli.py:Epoch 62/100	Loss 5.5817 ± 0.3617
INFO:kbc-cli.py:Epoch 63/100	Loss 5.5788 ± 0.3639
INFO:kbc-cli.py:Epoch 63/100	dev results	MRR 0.964775	H@1 0.944018	H@3 0.980828	H@5 0.990031	H@10 0.995399	H@20 0.998466	H@50 1.000000	H@100 1.000000
INFO:kbc-cli.py:Epoch 63/100	test results	MRR 0.962137	H@1 0.934947	H@3 0.990166	H@5 0.994705	H@10 0.997731	H@20 0.998487	H@50 1.000000	H@100 1.000000
INFO:kbc-cli.py:Epoch 64/100	Loss 5.5770 ± 0.3665
INFO:kbc-cli.py:Epoch 65/100	Loss 5.5756 ± 0.3831
INFO:kbc-cli.py:Epoch 66/100	Loss 5.5743 ± 0.3745
INFO:kbc-cli.py:Epoch 66/100	dev results	MRR 0.965897	H@1 0.945552	H@3 0.981595	H@5 0.991564	H@10 0.995399	H@20 0.998466	H@50 1.000000	H@100 1.000000
INFO:kbc-cli.py:Epoch 66/100	test results	MRR 0.966377	H@1 0.943268	H@3 0.987897	H@5 0.994705	H@10 0.997731	H@20 0.998487	H@50 1.000000	H@100 1.000000
INFO:kbc-cli.py:Epoch 67/100	Loss 5.5728 ± 0.3524
INFO:kbc-cli.py:Epoch 68/100	Loss 5.5705 ± 0.3566
INFO:kbc-cli.py:Epoch 69/100	Loss 5.5701 ± 0.3494
INFO:kbc-cli.py:Epoch 69/100	dev results	MRR 0.965788	H@1 0.945552	H@3 0.981595	H@5 0.990031	H@10 0.995399	H@20 0.999233	H@50 1.000000	H@100 1.000000
INFO:kbc-cli.py:Epoch 69/100	test results	MRR 0.965547	H@1 0.941755	H@3 0.989410	H@5 0.993949	H@10 0.997731	H@20 0.998487	H@50 1.000000	H@100 1.000000
INFO:kbc-cli.py:Epoch 70/100	Loss 5.5683 ± 0.3796
INFO:kbc-cli.py:Epoch 71/100	Loss 5.5682 ± 0.3633
INFO:kbc-cli.py:Epoch 72/100	Loss 5.5665 ± 0.3783
INFO:kbc-cli.py:Epoch 72/100	dev results	MRR 0.964764	H@1 0.943252	H@3 0.983129	H@5 0.990031	H@10 0.995399	H@20 0.998466	H@50 1.000000	H@100 1.000000
INFO:kbc-cli.py:Epoch 72/100	test results	MRR 0.965703	H@1 0.941755	H@3 0.989410	H@5 0.993949	H@10 0.997731	H@20 0.998487	H@50 1.000000	H@100 1.000000
INFO:kbc-cli.py:Epoch 73/100	Loss 5.5649 ± 0.3618
INFO:kbc-cli.py:Epoch 74/100	Loss 5.5643 ± 0.3673
INFO:kbc-cli.py:Epoch 75/100	Loss 5.5612 ± 0.3778
INFO:kbc-cli.py:Epoch 75/100	dev results	MRR 0.965279	H@1 0.944785	H@3 0.980828	H@5 0.992331	H@10 0.995399	H@20 0.998466	H@50 1.000000	H@100 1.000000
INFO:kbc-cli.py:Epoch 75/100	test results	MRR 0.965646	H@1 0.941755	H@3 0.990166	H@5 0.994705	H@10 0.997731	H@20 0.997731	H@50 1.000000	H@100 1.000000
INFO:kbc-cli.py:Epoch 76/100	Loss 5.5610 ± 0.3675
INFO:kbc-cli.py:Epoch 77/100	Loss 5.5598 ± 0.3677
INFO:kbc-cli.py:Epoch 78/100	Loss 5.5587 ± 0.3688
INFO:kbc-cli.py:Epoch 78/100	dev results	MRR 0.964662	H@1 0.944018	H@3 0.980828	H@5 0.990031	H@10 0.995399	H@20 0.999233	H@50 1.000000	H@100 1.000000
INFO:kbc-cli.py:Epoch 78/100	test results	MRR 0.966312	H@1 0.943268	H@3 0.990166	H@5 0.994705	H@10 0.997731	H@20 0.997731	H@50 1.000000	H@100 1.000000
INFO:kbc-cli.py:Epoch 79/100	Loss 5.5572 ± 0.3545
INFO:kbc-cli.py:Epoch 80/100	Loss 5.5574 ± 0.3706
INFO:kbc-cli.py:Epoch 81/100	Loss 5.5552 ± 0.3599
INFO:kbc-cli.py:Epoch 81/100	dev results	MRR 0.963736	H@1 0.941718	H@3 0.982362	H@5 0.989264	H@10 0.995399	H@20 0.998466	H@50 1.000000	H@100 1.000000
INFO:kbc-cli.py:Epoch 81/100	test results	MRR 0.966375	H@1 0.942511	H@3 0.990923	H@5 0.994705	H@10 0.997731	H@20 0.997731	H@50 1.000000	H@100 1.000000
INFO:kbc-cli.py:Epoch 82/100	Loss 5.5535 ± 0.3738
INFO:kbc-cli.py:Epoch 83/100	Loss 5.5535 ± 0.3741
INFO:kbc-cli.py:Epoch 84/100	Loss 5.5525 ± 0.3658
INFO:kbc-cli.py:Epoch 84/100	dev results	MRR 0.966229	H@1 0.947086	H@3 0.980828	H@5 0.990031	H@10 0.994632	H@20 0.999233	H@50 1.000000	H@100 1.000000
INFO:kbc-cli.py:Epoch 84/100	test results	MRR 0.966797	H@1 0.944024	H@3 0.990166	H@5 0.994705	H@10 0.997731	H@20 0.997731	H@50 1.000000	H@100 1.000000
INFO:kbc-cli.py:Epoch 85/100	Loss 5.5520 ± 0.3646
INFO:kbc-cli.py:Epoch 86/100	Loss 5.5503 ± 0.3748
INFO:kbc-cli.py:Epoch 87/100	Loss 5.5495 ± 0.3789
INFO:kbc-cli.py:Epoch 87/100	dev results	MRR 0.965034	H@1 0.944785	H@3 0.980828	H@5 0.990031	H@10 0.995399	H@20 0.999233	H@50 1.000000	H@100 1.000000
INFO:kbc-cli.py:Epoch 87/100	test results	MRR 0.968183	H@1 0.946293	H@3 0.990166	H@5 0.994705	H@10 0.997731	H@20 0.997731	H@50 1.000000	H@100 1.000000
INFO:kbc-cli.py:Epoch 88/100	Loss 5.5486 ± 0.3588
INFO:kbc-cli.py:Epoch 89/100	Loss 5.5475 ± 0.3747
INFO:kbc-cli.py:Epoch 90/100	Loss 5.5467 ± 0.3688
INFO:kbc-cli.py:Epoch 90/100	dev results	MRR 0.964955	H@1 0.944785	H@3 0.980828	H@5 0.989264	H@10 0.994632	H@20 0.999233	H@50 1.000000	H@100 1.000000
INFO:kbc-cli.py:Epoch 90/100	test results	MRR 0.967397	H@1 0.945537	H@3 0.990166	H@5 0.993949	H@10 0.997731	H@20 0.997731	H@50 1.000000	H@100 1.000000
INFO:kbc-cli.py:Epoch 91/100	Loss 5.5461 ± 0.3651
INFO:kbc-cli.py:Epoch 92/100	Loss 5.5451 ± 0.3699
INFO:kbc-cli.py:Epoch 93/100	Loss 5.5426 ± 0.3725
INFO:kbc-cli.py:Epoch 93/100	dev results	MRR 0.964230	H@1 0.943252	H@3 0.981595	H@5 0.989264	H@10 0.994632	H@20 0.998466	H@50 1.000000	H@100 1.000000
INFO:kbc-cli.py:Epoch 93/100	test results	MRR 0.966514	H@1 0.943268	H@3 0.990166	H@5 0.993949	H@10 0.997731	H@20 0.997731	H@50 1.000000	H@100 1.000000
INFO:kbc-cli.py:Epoch 94/100	Loss 5.5436 ± 0.3471
INFO:kbc-cli.py:Epoch 95/100	Loss 5.5422 ± 0.3660
INFO:kbc-cli.py:Epoch 96/100	Loss 5.5408 ± 0.3620
INFO:kbc-cli.py:Epoch 96/100	dev results	MRR 0.965390	H@1 0.945552	H@3 0.981595	H@5 0.988497	H@10 0.994632	H@20 0.999233	H@50 1.000000	H@100 1.000000
INFO:kbc-cli.py:Epoch 96/100	test results	MRR 0.966009	H@1 0.942511	H@3 0.990166	H@5 0.993949	H@10 0.997731	H@20 0.997731	H@50 1.000000	H@100 1.000000
INFO:kbc-cli.py:Epoch 97/100	Loss 5.5407 ± 0.3556
INFO:kbc-cli.py:Epoch 98/100	Loss 5.5399 ± 0.3753
INFO:kbc-cli.py:Epoch 99/100	Loss 5.5394 ± 0.3767
INFO:kbc-cli.py:Epoch 99/100	dev results	MRR 0.964902	H@1 0.944785	H@3 0.980828	H@5 0.988497	H@10 0.994632	H@20 0.998466	H@50 1.000000	H@100 1.000000
INFO:kbc-cli.py:Epoch 99/100	test results	MRR 0.966480	H@1 0.944024	H@3 0.990166	H@5 0.993949	H@10 0.997731	H@20 0.997731	H@50 1.000000	H@100 1.000000
INFO:kbc-cli.py:Epoch 100/100	Loss 5.5377 ± 0.3618
INFO:kbc-cli.py:Final 	dev results	MRR 0.964642	H@1 0.944018	H@3 0.980828	H@5 0.988497	H@10 0.994632	H@20 0.998466	H@50 1.000000	H@100 1.000000
INFO:kbc-cli.py:Final 	test results	MRR 0.965488	H@1 0.941755	H@3 0.990166	H@5 0.993949	H@10 0.997731	H@20 0.997731	H@50 1.000000	H@100 1.000000
INFO:kbc-cli.py:Training finished
