./bin/kbc-cli.py --train data/nations/train.tsv --dev data/nations/dev.tsv --test data/nations/test.tsv -m complex -k 200 -b 10 -e 100 --F2 0 --N3 0.0005 -l 0.1 -I standard -V 3 -o adagrad -c so -q
{'F2': 0.0,
 'N3': 0.0005,
 'batch_size': 10,
 'corruption': 'so',
 'dev': 'data/nations/dev.tsv',
 'embedding_size': 200,
 'epochs': 100,
 'eval_batch_size': None,
 'input_type': 'standard',
 'learning_rate': 0.1,
 'load': None,
 'model': 'complex',
 'optimizer': 'adagrad',
 'quiet': True,
 'save': None,
 'seed': 0,
 'test': 'data/nations/test.tsv',
 'test_i': None,
 'test_ii': None,
 'train': 'data/nations/train.tsv',
 'validate_every': 3}
INFO:kbc-cli.py:Device: cuda
INFO:kbc-cli.py:Model state:
INFO:kbc-cli.py:	entities.weight	torch.Size([14, 400])
INFO:kbc-cli.py:	predicates.weight	torch.Size([55, 400])
INFO:kbc-cli.py:Epoch 1/100	Loss 5.3272 ± 0.2327
INFO:kbc-cli.py:Epoch 2/100	Loss 4.5270 ± 0.2735
INFO:kbc-cli.py:Epoch 3/100	Loss 4.1412 ± 0.3597
INFO:kbc-cli.py:Epoch 3/100	dev results	MRR 0.796021	H@1 0.690955	H@3 0.871859	H@5 0.947236	H@10 0.997487	H@20 1.000000	H@50 1.000000	H@100 1.000000
INFO:kbc-cli.py:Epoch 3/100	test results	MRR 0.789213	H@1 0.669154	H@3 0.893035	H@5 0.952736	H@10 0.997512	H@20 1.000000	H@50 1.000000	H@100 1.000000
INFO:kbc-cli.py:Epoch 4/100	Loss 3.9451 ± 0.4096
INFO:kbc-cli.py:Epoch 5/100	Loss 3.8119 ± 0.4312
INFO:kbc-cli.py:Epoch 6/100	Loss 3.7307 ± 0.4119
INFO:kbc-cli.py:Epoch 6/100	dev results	MRR 0.795422	H@1 0.683417	H@3 0.881910	H@5 0.959799	H@10 0.994975	H@20 1.000000	H@50 1.000000	H@100 1.000000
INFO:kbc-cli.py:Epoch 6/100	test results	MRR 0.787340	H@1 0.666667	H@3 0.893035	H@5 0.955224	H@10 0.997512	H@20 1.000000	H@50 1.000000	H@100 1.000000
INFO:kbc-cli.py:Epoch 7/100	Loss 3.6656 ± 0.3877
INFO:kbc-cli.py:Epoch 8/100	Loss 3.6199 ± 0.3792
INFO:kbc-cli.py:Epoch 9/100	Loss 3.5856 ± 0.3711
INFO:kbc-cli.py:Epoch 9/100	dev results	MRR 0.800333	H@1 0.688442	H@3 0.889447	H@5 0.962312	H@10 1.000000	H@20 1.000000	H@50 1.000000	H@100 1.000000
INFO:kbc-cli.py:Epoch 9/100	test results	MRR 0.777893	H@1 0.649254	H@3 0.895522	H@5 0.955224	H@10 1.000000	H@20 1.000000	H@50 1.000000	H@100 1.000000
INFO:kbc-cli.py:Epoch 10/100	Loss 3.5600 ± 0.4340
INFO:kbc-cli.py:Epoch 11/100	Loss 3.5328 ± 0.4030
INFO:kbc-cli.py:Epoch 12/100	Loss 3.5082 ± 0.3906
INFO:kbc-cli.py:Epoch 12/100	dev results	MRR 0.798196	H@1 0.685930	H@3 0.889447	H@5 0.959799	H@10 1.000000	H@20 1.000000	H@50 1.000000	H@100 1.000000
INFO:kbc-cli.py:Epoch 12/100	test results	MRR 0.784199	H@1 0.661692	H@3 0.888060	H@5 0.952736	H@10 1.000000	H@20 1.000000	H@50 1.000000	H@100 1.000000
INFO:kbc-cli.py:Epoch 13/100	Loss 3.4827 ± 0.3827
INFO:kbc-cli.py:Epoch 14/100	Loss 3.4752 ± 0.3948
INFO:kbc-cli.py:Epoch 15/100	Loss 3.4482 ± 0.4187
INFO:kbc-cli.py:Epoch 15/100	dev results	MRR 0.803229	H@1 0.690955	H@3 0.896985	H@5 0.957286	H@10 1.000000	H@20 1.000000	H@50 1.000000	H@100 1.000000
INFO:kbc-cli.py:Epoch 15/100	test results	MRR 0.782180	H@1 0.661692	H@3 0.895522	H@5 0.945274	H@10 1.000000	H@20 1.000000	H@50 1.000000	H@100 1.000000
INFO:kbc-cli.py:Epoch 16/100	Loss 3.4463 ± 0.4179
INFO:kbc-cli.py:Epoch 17/100	Loss 3.4286 ± 0.3505
INFO:kbc-cli.py:Epoch 18/100	Loss 3.4118 ± 0.3798
INFO:kbc-cli.py:Epoch 18/100	dev results	MRR 0.804401	H@1 0.693467	H@3 0.899497	H@5 0.957286	H@10 1.000000	H@20 1.000000	H@50 1.000000	H@100 1.000000
INFO:kbc-cli.py:Epoch 18/100	test results	MRR 0.782917	H@1 0.661692	H@3 0.888060	H@5 0.947761	H@10 1.000000	H@20 1.000000	H@50 1.000000	H@100 1.000000
INFO:kbc-cli.py:Epoch 19/100	Loss 3.4079 ± 0.3790
INFO:kbc-cli.py:Epoch 20/100	Loss 3.4087 ± 0.3949
INFO:kbc-cli.py:Epoch 21/100	Loss 3.3967 ± 0.3988
INFO:kbc-cli.py:Epoch 21/100	dev results	MRR 0.798106	H@1 0.683417	H@3 0.896985	H@5 0.954774	H@10 1.000000	H@20 1.000000	H@50 1.000000	H@100 1.000000
INFO:kbc-cli.py:Epoch 21/100	test results	MRR 0.785225	H@1 0.666667	H@3 0.888060	H@5 0.940299	H@10 1.000000	H@20 1.000000	H@50 1.000000	H@100 1.000000
INFO:kbc-cli.py:Epoch 22/100	Loss 3.3902 ± 0.3585
INFO:kbc-cli.py:Epoch 23/100	Loss 3.3861 ± 0.3866
INFO:kbc-cli.py:Epoch 24/100	Loss 3.3794 ± 0.3743
INFO:kbc-cli.py:Epoch 24/100	dev results	MRR 0.801121	H@1 0.690955	H@3 0.899497	H@5 0.954774	H@10 1.000000	H@20 1.000000	H@50 1.000000	H@100 1.000000
INFO:kbc-cli.py:Epoch 24/100	test results	MRR 0.782588	H@1 0.661692	H@3 0.885572	H@5 0.942786	H@10 1.000000	H@20 1.000000	H@50 1.000000	H@100 1.000000
INFO:kbc-cli.py:Epoch 25/100	Loss 3.3690 ± 0.3686
INFO:kbc-cli.py:Epoch 26/100	Loss 3.3547 ± 0.3866
INFO:kbc-cli.py:Epoch 27/100	Loss 3.3641 ± 0.3880
INFO:kbc-cli.py:Epoch 27/100	dev results	MRR 0.803858	H@1 0.690955	H@3 0.899497	H@5 0.957286	H@10 1.000000	H@20 1.000000	H@50 1.000000	H@100 1.000000
INFO:kbc-cli.py:Epoch 27/100	test results	MRR 0.784389	H@1 0.664179	H@3 0.890547	H@5 0.945274	H@10 1.000000	H@20 1.000000	H@50 1.000000	H@100 1.000000
INFO:kbc-cli.py:Epoch 28/100	Loss 3.3498 ± 0.3426
INFO:kbc-cli.py:Epoch 29/100	Loss 3.3402 ± 0.3565
INFO:kbc-cli.py:Epoch 30/100	Loss 3.3434 ± 0.3340
INFO:kbc-cli.py:Epoch 30/100	dev results	MRR 0.809719	H@1 0.701005	H@3 0.896985	H@5 0.959799	H@10 1.000000	H@20 1.000000	H@50 1.000000	H@100 1.000000
INFO:kbc-cli.py:Epoch 30/100	test results	MRR 0.790023	H@1 0.674129	H@3 0.893035	H@5 0.952736	H@10 1.000000	H@20 1.000000	H@50 1.000000	H@100 1.000000
INFO:kbc-cli.py:Epoch 31/100	Loss 3.3328 ± 0.3801
INFO:kbc-cli.py:Epoch 32/100	Loss 3.3354 ± 0.3419
INFO:kbc-cli.py:Epoch 33/100	Loss 3.3321 ± 0.3753
INFO:kbc-cli.py:Epoch 33/100	dev results	MRR 0.804192	H@1 0.688442	H@3 0.904523	H@5 0.959799	H@10 1.000000	H@20 1.000000	H@50 1.000000	H@100 1.000000
INFO:kbc-cli.py:Epoch 33/100	test results	MRR 0.787328	H@1 0.669154	H@3 0.895522	H@5 0.952736	H@10 1.000000	H@20 1.000000	H@50 1.000000	H@100 1.000000
INFO:kbc-cli.py:Epoch 34/100	Loss 3.3266 ± 0.3657
INFO:kbc-cli.py:Epoch 35/100	Loss 3.3247 ± 0.3374
INFO:kbc-cli.py:Epoch 36/100	Loss 3.3218 ± 0.3652
INFO:kbc-cli.py:Epoch 36/100	dev results	MRR 0.799341	H@1 0.683417	H@3 0.902010	H@5 0.959799	H@10 1.000000	H@20 1.000000	H@50 1.000000	H@100 1.000000
INFO:kbc-cli.py:Epoch 36/100	test results	MRR 0.783869	H@1 0.661692	H@3 0.898010	H@5 0.947761	H@10 1.000000	H@20 1.000000	H@50 1.000000	H@100 1.000000
INFO:kbc-cli.py:Epoch 37/100	Loss 3.3180 ± 0.3774
INFO:kbc-cli.py:Epoch 38/100	Loss 3.3114 ± 0.3568
INFO:kbc-cli.py:Epoch 39/100	Loss 3.3145 ± 0.3424
INFO:kbc-cli.py:Epoch 39/100	dev results	MRR 0.800301	H@1 0.685930	H@3 0.896985	H@5 0.959799	H@10 1.000000	H@20 1.000000	H@50 1.000000	H@100 1.000000
INFO:kbc-cli.py:Epoch 39/100	test results	MRR 0.774938	H@1 0.646766	H@3 0.895522	H@5 0.945274	H@10 1.000000	H@20 1.000000	H@50 1.000000	H@100 1.000000
INFO:kbc-cli.py:Epoch 40/100	Loss 3.3141 ± 0.3811
INFO:kbc-cli.py:Epoch 41/100	Loss 3.3092 ± 0.3535
INFO:kbc-cli.py:Epoch 42/100	Loss 3.3073 ± 0.3671
INFO:kbc-cli.py:Epoch 42/100	dev results	MRR 0.799893	H@1 0.680905	H@3 0.902010	H@5 0.962312	H@10 1.000000	H@20 1.000000	H@50 1.000000	H@100 1.000000
INFO:kbc-cli.py:Epoch 42/100	test results	MRR 0.779102	H@1 0.654229	H@3 0.890547	H@5 0.947761	H@10 1.000000	H@20 1.000000	H@50 1.000000	H@100 1.000000
INFO:kbc-cli.py:Epoch 43/100	Loss 3.2978 ± 0.3630
INFO:kbc-cli.py:Epoch 44/100	Loss 3.2979 ± 0.3751
INFO:kbc-cli.py:Epoch 45/100	Loss 3.2946 ± 0.3534
INFO:kbc-cli.py:Epoch 45/100	dev results	MRR 0.802256	H@1 0.685930	H@3 0.909548	H@5 0.962312	H@10 1.000000	H@20 1.000000	H@50 1.000000	H@100 1.000000
INFO:kbc-cli.py:Epoch 45/100	test results	MRR 0.777668	H@1 0.651741	H@3 0.895522	H@5 0.952736	H@10 1.000000	H@20 1.000000	H@50 1.000000	H@100 1.000000
INFO:kbc-cli.py:Epoch 46/100	Loss 3.2928 ± 0.3379
INFO:kbc-cli.py:Epoch 47/100	Loss 3.2932 ± 0.3759
INFO:kbc-cli.py:Epoch 48/100	Loss 3.2927 ± 0.3455
INFO:kbc-cli.py:Epoch 48/100	dev results	MRR 0.805104	H@1 0.690955	H@3 0.907035	H@5 0.962312	H@10 1.000000	H@20 1.000000	H@50 1.000000	H@100 1.000000
INFO:kbc-cli.py:Epoch 48/100	test results	MRR 0.777550	H@1 0.651741	H@3 0.895522	H@5 0.952736	H@10 1.000000	H@20 1.000000	H@50 1.000000	H@100 1.000000
INFO:kbc-cli.py:Epoch 49/100	Loss 3.2910 ± 0.3750
INFO:kbc-cli.py:Epoch 50/100	Loss 3.2851 ± 0.3125
INFO:kbc-cli.py:Epoch 51/100	Loss 3.2879 ± 0.3512
INFO:kbc-cli.py:Epoch 51/100	dev results	MRR 0.801021	H@1 0.683417	H@3 0.904523	H@5 0.962312	H@10 1.000000	H@20 1.000000	H@50 1.000000	H@100 1.000000
INFO:kbc-cli.py:Epoch 51/100	test results	MRR 0.779630	H@1 0.656716	H@3 0.893035	H@5 0.947761	H@10 1.000000	H@20 1.000000	H@50 1.000000	H@100 1.000000
INFO:kbc-cli.py:Epoch 52/100	Loss 3.2832 ± 0.3797
INFO:kbc-cli.py:Epoch 53/100	Loss 3.2815 ± 0.3906
INFO:kbc-cli.py:Epoch 54/100	Loss 3.2825 ± 0.3509
INFO:kbc-cli.py:Epoch 54/100	dev results	MRR 0.800505	H@1 0.683417	H@3 0.904523	H@5 0.962312	H@10 1.000000	H@20 1.000000	H@50 1.000000	H@100 1.000000
INFO:kbc-cli.py:Epoch 54/100	test results	MRR 0.781257	H@1 0.659204	H@3 0.890547	H@5 0.950249	H@10 1.000000	H@20 1.000000	H@50 1.000000	H@100 1.000000
INFO:kbc-cli.py:Epoch 55/100	Loss 3.2718 ± 0.4022
INFO:kbc-cli.py:Epoch 56/100	Loss 3.2776 ± 0.3862
INFO:kbc-cli.py:Epoch 57/100	Loss 3.2727 ± 0.3289
INFO:kbc-cli.py:Epoch 57/100	dev results	MRR 0.798097	H@1 0.675879	H@3 0.902010	H@5 0.964824	H@10 1.000000	H@20 1.000000	H@50 1.000000	H@100 1.000000
INFO:kbc-cli.py:Epoch 57/100	test results	MRR 0.775409	H@1 0.646766	H@3 0.890547	H@5 0.950249	H@10 1.000000	H@20 1.000000	H@50 1.000000	H@100 1.000000
INFO:kbc-cli.py:Epoch 58/100	Loss 3.2701 ± 0.3777
INFO:kbc-cli.py:Epoch 59/100	Loss 3.2731 ± 0.3866
INFO:kbc-cli.py:Epoch 60/100	Loss 3.2747 ± 0.3568
INFO:kbc-cli.py:Epoch 60/100	dev results	MRR 0.803715	H@1 0.685930	H@3 0.904523	H@5 0.964824	H@10 1.000000	H@20 1.000000	H@50 1.000000	H@100 1.000000
INFO:kbc-cli.py:Epoch 60/100	test results	MRR 0.774165	H@1 0.646766	H@3 0.888060	H@5 0.947761	H@10 1.000000	H@20 1.000000	H@50 1.000000	H@100 1.000000
INFO:kbc-cli.py:Epoch 61/100	Loss 3.2694 ± 0.3446
INFO:kbc-cli.py:Epoch 62/100	Loss 3.2677 ± 0.3914
INFO:kbc-cli.py:Epoch 63/100	Loss 3.2682 ± 0.3814
INFO:kbc-cli.py:Epoch 63/100	dev results	MRR 0.804110	H@1 0.688442	H@3 0.904523	H@5 0.962312	H@10 1.000000	H@20 1.000000	H@50 1.000000	H@100 1.000000
INFO:kbc-cli.py:Epoch 63/100	test results	MRR 0.773460	H@1 0.644279	H@3 0.898010	H@5 0.947761	H@10 1.000000	H@20 1.000000	H@50 1.000000	H@100 1.000000
INFO:kbc-cli.py:Epoch 64/100	Loss 3.2670 ± 0.3450
INFO:kbc-cli.py:Epoch 65/100	Loss 3.2579 ± 0.3691
INFO:kbc-cli.py:Epoch 66/100	Loss 3.2614 ± 0.3707
INFO:kbc-cli.py:Epoch 66/100	dev results	MRR 0.803673	H@1 0.688442	H@3 0.907035	H@5 0.964824	H@10 1.000000	H@20 1.000000	H@50 1.000000	H@100 1.000000
INFO:kbc-cli.py:Epoch 66/100	test results	MRR 0.772655	H@1 0.644279	H@3 0.885572	H@5 0.947761	H@10 1.000000	H@20 1.000000	H@50 1.000000	H@100 1.000000
INFO:kbc-cli.py:Epoch 67/100	Loss 3.2534 ± 0.3667
INFO:kbc-cli.py:Epoch 68/100	Loss 3.2596 ± 0.3562
INFO:kbc-cli.py:Epoch 69/100	Loss 3.2542 ± 0.3451
INFO:kbc-cli.py:Epoch 69/100	dev results	MRR 0.798997	H@1 0.680905	H@3 0.902010	H@5 0.959799	H@10 1.000000	H@20 1.000000	H@50 1.000000	H@100 1.000000
INFO:kbc-cli.py:Epoch 69/100	test results	MRR 0.770499	H@1 0.639303	H@3 0.885572	H@5 0.950249	H@10 1.000000	H@20 1.000000	H@50 1.000000	H@100 1.000000
INFO:kbc-cli.py:Epoch 70/100	Loss 3.2565 ± 0.3820
INFO:kbc-cli.py:Epoch 71/100	Loss 3.2605 ± 0.3379
INFO:kbc-cli.py:Epoch 72/100	Loss 3.2484 ± 0.3815
INFO:kbc-cli.py:Epoch 72/100	dev results	MRR 0.802093	H@1 0.685930	H@3 0.904523	H@5 0.959799	H@10 1.000000	H@20 1.000000	H@50 1.000000	H@100 1.000000
INFO:kbc-cli.py:Epoch 72/100	test results	MRR 0.777429	H@1 0.649254	H@3 0.893035	H@5 0.945274	H@10 1.000000	H@20 1.000000	H@50 1.000000	H@100 1.000000
INFO:kbc-cli.py:Epoch 73/100	Loss 3.2522 ± 0.3654
INFO:kbc-cli.py:Epoch 74/100	Loss 3.2496 ± 0.3510
INFO:kbc-cli.py:Epoch 75/100	Loss 3.2515 ± 0.3706
INFO:kbc-cli.py:Epoch 75/100	dev results	MRR 0.799206	H@1 0.680905	H@3 0.904523	H@5 0.959799	H@10 1.000000	H@20 1.000000	H@50 1.000000	H@100 1.000000
INFO:kbc-cli.py:Epoch 75/100	test results	MRR 0.775474	H@1 0.646766	H@3 0.888060	H@5 0.947761	H@10 1.000000	H@20 1.000000	H@50 1.000000	H@100 1.000000
INFO:kbc-cli.py:Epoch 76/100	Loss 3.2388 ± 0.3675
INFO:kbc-cli.py:Epoch 77/100	Loss 3.2521 ± 0.3617
INFO:kbc-cli.py:Epoch 78/100	Loss 3.2502 ± 0.3154
INFO:kbc-cli.py:Epoch 78/100	dev results	MRR 0.799664	H@1 0.680905	H@3 0.909548	H@5 0.962312	H@10 1.000000	H@20 1.000000	H@50 1.000000	H@100 1.000000
INFO:kbc-cli.py:Epoch 78/100	test results	MRR 0.775059	H@1 0.646766	H@3 0.888060	H@5 0.947761	H@10 1.000000	H@20 1.000000	H@50 1.000000	H@100 1.000000
INFO:kbc-cli.py:Epoch 79/100	Loss 3.2493 ± 0.3523
INFO:kbc-cli.py:Epoch 80/100	Loss 3.2474 ± 0.3201
INFO:kbc-cli.py:Epoch 81/100	Loss 3.2468 ± 0.3400
INFO:kbc-cli.py:Epoch 81/100	dev results	MRR 0.805904	H@1 0.693467	H@3 0.907035	H@5 0.962312	H@10 1.000000	H@20 1.000000	H@50 1.000000	H@100 1.000000
INFO:kbc-cli.py:Epoch 81/100	test results	MRR 0.775432	H@1 0.646766	H@3 0.890547	H@5 0.947761	H@10 1.000000	H@20 1.000000	H@50 1.000000	H@100 1.000000
INFO:kbc-cli.py:Epoch 82/100	Loss 3.2471 ± 0.3402
INFO:kbc-cli.py:Epoch 83/100	Loss 3.2458 ± 0.3535
INFO:kbc-cli.py:Epoch 84/100	Loss 3.2412 ± 0.3517
INFO:kbc-cli.py:Epoch 84/100	dev results	MRR 0.804978	H@1 0.690955	H@3 0.907035	H@5 0.962312	H@10 1.000000	H@20 1.000000	H@50 1.000000	H@100 1.000000
INFO:kbc-cli.py:Epoch 84/100	test results	MRR 0.768716	H@1 0.634328	H@3 0.883085	H@5 0.947761	H@10 1.000000	H@20 1.000000	H@50 1.000000	H@100 1.000000
INFO:kbc-cli.py:Epoch 85/100	Loss 3.2412 ± 0.3490
INFO:kbc-cli.py:Epoch 86/100	Loss 3.2424 ± 0.3581
INFO:kbc-cli.py:Epoch 87/100	Loss 3.2323 ± 0.3578
INFO:kbc-cli.py:Epoch 87/100	dev results	MRR 0.796515	H@1 0.675879	H@3 0.902010	H@5 0.962312	H@10 1.000000	H@20 1.000000	H@50 1.000000	H@100 1.000000
INFO:kbc-cli.py:Epoch 87/100	test results	MRR 0.773815	H@1 0.644279	H@3 0.888060	H@5 0.947761	H@10 1.000000	H@20 1.000000	H@50 1.000000	H@100 1.000000
INFO:kbc-cli.py:Epoch 88/100	Loss 3.2353 ± 0.3538
INFO:kbc-cli.py:Epoch 89/100	Loss 3.2353 ± 0.3309
INFO:kbc-cli.py:Epoch 90/100	Loss 3.2409 ± 0.3713
INFO:kbc-cli.py:Epoch 90/100	dev results	MRR 0.803185	H@1 0.688442	H@3 0.904523	H@5 0.962312	H@10 1.000000	H@20 1.000000	H@50 1.000000	H@100 1.000000
INFO:kbc-cli.py:Epoch 90/100	test results	MRR 0.774061	H@1 0.644279	H@3 0.890547	H@5 0.950249	H@10 1.000000	H@20 1.000000	H@50 1.000000	H@100 1.000000
INFO:kbc-cli.py:Epoch 91/100	Loss 3.2283 ± 0.3766
INFO:kbc-cli.py:Epoch 92/100	Loss 3.2234 ± 0.3800
INFO:kbc-cli.py:Epoch 93/100	Loss 3.2388 ± 0.3588
INFO:kbc-cli.py:Epoch 93/100	dev results	MRR 0.801423	H@1 0.683417	H@3 0.909548	H@5 0.964824	H@10 1.000000	H@20 1.000000	H@50 1.000000	H@100 1.000000
INFO:kbc-cli.py:Epoch 93/100	test results	MRR 0.770996	H@1 0.639303	H@3 0.888060	H@5 0.950249	H@10 1.000000	H@20 1.000000	H@50 1.000000	H@100 1.000000
INFO:kbc-cli.py:Epoch 94/100	Loss 3.2340 ± 0.3534
INFO:kbc-cli.py:Epoch 95/100	Loss 3.2365 ± 0.3369
INFO:kbc-cli.py:Epoch 96/100	Loss 3.2343 ± 0.3891
INFO:kbc-cli.py:Epoch 96/100	dev results	MRR 0.799402	H@1 0.683417	H@3 0.907035	H@5 0.962312	H@10 1.000000	H@20 1.000000	H@50 1.000000	H@100 1.000000
INFO:kbc-cli.py:Epoch 96/100	test results	MRR 0.767348	H@1 0.631841	H@3 0.888060	H@5 0.947761	H@10 1.000000	H@20 1.000000	H@50 1.000000	H@100 1.000000
INFO:kbc-cli.py:Epoch 97/100	Loss 3.2247 ± 0.4039
INFO:kbc-cli.py:Epoch 98/100	Loss 3.2341 ± 0.3530
INFO:kbc-cli.py:Epoch 99/100	Loss 3.2334 ± 0.3661
INFO:kbc-cli.py:Epoch 99/100	dev results	MRR 0.797269	H@1 0.680905	H@3 0.909548	H@5 0.962312	H@10 1.000000	H@20 1.000000	H@50 1.000000	H@100 1.000000
INFO:kbc-cli.py:Epoch 99/100	test results	MRR 0.769048	H@1 0.634328	H@3 0.888060	H@5 0.950249	H@10 1.000000	H@20 1.000000	H@50 1.000000	H@100 1.000000
INFO:kbc-cli.py:Epoch 100/100	Loss 3.2283 ± 0.3451
INFO:kbc-cli.py:Final 	dev results	MRR 0.799737	H@1 0.683417	H@3 0.909548	H@5 0.962312	H@10 1.000000	H@20 1.000000	H@50 1.000000	H@100 1.000000
INFO:kbc-cli.py:Final 	test results	MRR 0.768799	H@1 0.634328	H@3 0.888060	H@5 0.950249	H@10 1.000000	H@20 1.000000	H@50 1.000000	H@100 1.000000
INFO:kbc-cli.py:Training finished
