./bin/kbc-cli.py --train data/nations/train.tsv --dev data/nations/dev.tsv --test data/nations/test.tsv -m complex -k 200 -b 100 -e 100 --F2 0 --N3 0.5 -l 0.1 -I reciprocal -V 3 -o adagrad -c spo -q
{'F2': 0.0,
 'N3': 0.5,
 'batch_size': 100,
 'corruption': 'spo',
 'dev': 'data/nations/dev.tsv',
 'embedding_size': 200,
 'epochs': 100,
 'eval_batch_size': None,
 'input_type': 'reciprocal',
 'learning_rate': 0.1,
 'load': None,
 'model': 'complex',
 'optimizer': 'adagrad',
 'quiet': True,
 'save': None,
 'seed': 0,
 'test': 'data/nations/test.tsv',
 'test_i': None,
 'test_ii': None,
 'train': 'data/nations/train.tsv',
 'validate_every': 3}
INFO:kbc-cli.py:Device: cuda
INFO:kbc-cli.py:Model state:
INFO:kbc-cli.py:	entities.weight	torch.Size([14, 400])
INFO:kbc-cli.py:	predicates.weight	torch.Size([110, 400])
INFO:kbc-cli.py:Epoch 1/100	Loss 10.0552 ± 0.1682
INFO:kbc-cli.py:Epoch 2/100	Loss 9.9832 ± 0.0090
INFO:kbc-cli.py:Epoch 3/100	Loss 9.9815 ± 0.0056
INFO:kbc-cli.py:Epoch 3/100	dev results	MRR 0.408139	H@1 0.195980	H@3 0.489950	H@5 0.716080	H@10 0.972362	H@20 1.000000	H@50 1.000000	H@100 1.000000
INFO:kbc-cli.py:Epoch 3/100	test results	MRR 0.424396	H@1 0.206468	H@3 0.522388	H@5 0.738806	H@10 0.962687	H@20 1.000000	H@50 1.000000	H@100 1.000000
INFO:kbc-cli.py:Epoch 4/100	Loss 9.9808 ± 0.0046
INFO:kbc-cli.py:Epoch 5/100	Loss 9.9804 ± 0.0033
INFO:kbc-cli.py:Epoch 6/100	Loss 9.9801 ± 0.0032
INFO:kbc-cli.py:Epoch 6/100	dev results	MRR 0.396736	H@1 0.175879	H@3 0.464824	H@5 0.688442	H@10 0.972362	H@20 1.000000	H@50 1.000000	H@100 1.000000
INFO:kbc-cli.py:Epoch 6/100	test results	MRR 0.423966	H@1 0.208955	H@3 0.507463	H@5 0.713930	H@10 0.947761	H@20 1.000000	H@50 1.000000	H@100 1.000000
INFO:kbc-cli.py:Epoch 7/100	Loss 9.9799 ± 0.0026
INFO:kbc-cli.py:Epoch 8/100	Loss 9.9797 ± 0.0026
INFO:kbc-cli.py:Epoch 9/100	Loss 9.9796 ± 0.0021
INFO:kbc-cli.py:Epoch 9/100	dev results	MRR 0.444291	H@1 0.243719	H@3 0.517588	H@5 0.736181	H@10 0.977387	H@20 1.000000	H@50 1.000000	H@100 1.000000
INFO:kbc-cli.py:Epoch 9/100	test results	MRR 0.452487	H@1 0.251244	H@3 0.539801	H@5 0.728856	H@10 0.945274	H@20 1.000000	H@50 1.000000	H@100 1.000000
INFO:kbc-cli.py:Epoch 10/100	Loss 9.9795 ± 0.0019
INFO:kbc-cli.py:Epoch 11/100	Loss 9.9794 ± 0.0017
INFO:kbc-cli.py:Epoch 12/100	Loss 9.9793 ± 0.0016
INFO:kbc-cli.py:Epoch 12/100	dev results	MRR 0.412365	H@1 0.185930	H@3 0.522613	H@5 0.753769	H@10 0.969849	H@20 1.000000	H@50 1.000000	H@100 1.000000
INFO:kbc-cli.py:Epoch 12/100	test results	MRR 0.412522	H@1 0.184080	H@3 0.509950	H@5 0.758706	H@10 0.952736	H@20 1.000000	H@50 1.000000	H@100 1.000000
INFO:kbc-cli.py:Epoch 13/100	Loss 9.9793 ± 0.0016
INFO:kbc-cli.py:Epoch 14/100	Loss 9.9792 ± 0.0013
INFO:kbc-cli.py:Epoch 15/100	Loss 9.9791 ± 0.0012
INFO:kbc-cli.py:Epoch 15/100	dev results	MRR 0.422342	H@1 0.201005	H@3 0.522613	H@5 0.708543	H@10 0.964824	H@20 1.000000	H@50 1.000000	H@100 1.000000
INFO:kbc-cli.py:Epoch 15/100	test results	MRR 0.429155	H@1 0.216418	H@3 0.507463	H@5 0.723881	H@10 0.962687	H@20 1.000000	H@50 1.000000	H@100 1.000000
INFO:kbc-cli.py:Epoch 16/100	Loss 9.9791 ± 0.0012
INFO:kbc-cli.py:Epoch 17/100	Loss 9.9791 ± 0.0011
INFO:kbc-cli.py:Epoch 18/100	Loss 9.9791 ± 0.0012
INFO:kbc-cli.py:Epoch 18/100	dev results	MRR 0.398287	H@1 0.165829	H@3 0.517588	H@5 0.736181	H@10 0.984925	H@20 1.000000	H@50 1.000000	H@100 1.000000
INFO:kbc-cli.py:Epoch 18/100	test results	MRR 0.411337	H@1 0.186567	H@3 0.512438	H@5 0.716418	H@10 0.962687	H@20 1.000000	H@50 1.000000	H@100 1.000000
INFO:kbc-cli.py:Epoch 19/100	Loss 9.9790 ± 0.0012
INFO:kbc-cli.py:Epoch 20/100	Loss 9.9790 ± 0.0012
INFO:kbc-cli.py:Epoch 21/100	Loss 9.9790 ± 0.0010
INFO:kbc-cli.py:Epoch 21/100	dev results	MRR 0.422714	H@1 0.211055	H@3 0.500000	H@5 0.726131	H@10 0.979899	H@20 1.000000	H@50 1.000000	H@100 1.000000
INFO:kbc-cli.py:Epoch 21/100	test results	MRR 0.425472	H@1 0.203980	H@3 0.512438	H@5 0.728856	H@10 0.945274	H@20 1.000000	H@50 1.000000	H@100 1.000000
INFO:kbc-cli.py:Epoch 22/100	Loss 9.9789 ± 0.0009
INFO:kbc-cli.py:Epoch 23/100	Loss 9.9789 ± 0.0008
INFO:kbc-cli.py:Epoch 24/100	Loss 9.9789 ± 0.0008
INFO:kbc-cli.py:Epoch 24/100	dev results	MRR 0.421817	H@1 0.195980	H@3 0.517588	H@5 0.736181	H@10 0.962312	H@20 1.000000	H@50 1.000000	H@100 1.000000
INFO:kbc-cli.py:Epoch 24/100	test results	MRR 0.428870	H@1 0.203980	H@3 0.534826	H@5 0.743781	H@10 0.962687	H@20 1.000000	H@50 1.000000	H@100 1.000000
INFO:kbc-cli.py:Epoch 25/100	Loss 9.9789 ± 0.0008
INFO:kbc-cli.py:Epoch 26/100	Loss 9.9789 ± 0.0008
INFO:kbc-cli.py:Epoch 27/100	Loss 9.9788 ± 0.0007
INFO:kbc-cli.py:Epoch 27/100	dev results	MRR 0.411169	H@1 0.183417	H@3 0.505025	H@5 0.738693	H@10 0.967337	H@20 1.000000	H@50 1.000000	H@100 1.000000
INFO:kbc-cli.py:Epoch 27/100	test results	MRR 0.413812	H@1 0.181592	H@3 0.527363	H@5 0.716418	H@10 0.960199	H@20 1.000000	H@50 1.000000	H@100 1.000000
INFO:kbc-cli.py:Epoch 28/100	Loss 9.9788 ± 0.0007
INFO:kbc-cli.py:Epoch 29/100	Loss 9.9788 ± 0.0006
INFO:kbc-cli.py:Epoch 30/100	Loss 9.9788 ± 0.0006
INFO:kbc-cli.py:Epoch 30/100	dev results	MRR 0.427313	H@1 0.216080	H@3 0.505025	H@5 0.706030	H@10 0.977387	H@20 1.000000	H@50 1.000000	H@100 1.000000
INFO:kbc-cli.py:Epoch 30/100	test results	MRR 0.433241	H@1 0.221393	H@3 0.514925	H@5 0.708955	H@10 0.950249	H@20 1.000000	H@50 1.000000	H@100 1.000000
INFO:kbc-cli.py:Epoch 31/100	Loss 9.9788 ± 0.0006
INFO:kbc-cli.py:Epoch 32/100	Loss 9.9788 ± 0.0005
INFO:kbc-cli.py:Epoch 33/100	Loss 9.9788 ± 0.0005
INFO:kbc-cli.py:Epoch 33/100	dev results	MRR 0.420760	H@1 0.193467	H@3 0.530151	H@5 0.756281	H@10 0.984925	H@20 1.000000	H@50 1.000000	H@100 1.000000
INFO:kbc-cli.py:Epoch 33/100	test results	MRR 0.422255	H@1 0.201493	H@3 0.532338	H@5 0.768657	H@10 0.967662	H@20 1.000000	H@50 1.000000	H@100 1.000000
INFO:kbc-cli.py:Epoch 34/100	Loss 9.9788 ± 0.0005
INFO:kbc-cli.py:Epoch 35/100	Loss 9.9788 ± 0.0005
INFO:kbc-cli.py:Epoch 36/100	Loss 9.9788 ± 0.0005
INFO:kbc-cli.py:Epoch 36/100	dev results	MRR 0.445978	H@1 0.243719	H@3 0.517588	H@5 0.733668	H@10 0.967337	H@20 1.000000	H@50 1.000000	H@100 1.000000
INFO:kbc-cli.py:Epoch 36/100	test results	MRR 0.449358	H@1 0.251244	H@3 0.534826	H@5 0.741294	H@10 0.952736	H@20 1.000000	H@50 1.000000	H@100 1.000000
INFO:kbc-cli.py:Epoch 37/100	Loss 9.9788 ± 0.0004
INFO:kbc-cli.py:Epoch 38/100	Loss 9.9787 ± 0.0004
INFO:kbc-cli.py:Epoch 39/100	Loss 9.9787 ± 0.0004
INFO:kbc-cli.py:Epoch 39/100	dev results	MRR 0.426874	H@1 0.211055	H@3 0.507538	H@5 0.743719	H@10 0.979899	H@20 1.000000	H@50 1.000000	H@100 1.000000
INFO:kbc-cli.py:Epoch 39/100	test results	MRR 0.442127	H@1 0.233831	H@3 0.532338	H@5 0.748756	H@10 0.950249	H@20 1.000000	H@50 1.000000	H@100 1.000000
INFO:kbc-cli.py:Epoch 40/100	Loss 9.9787 ± 0.0004
INFO:kbc-cli.py:Epoch 41/100	Loss 9.9787 ± 0.0004
INFO:kbc-cli.py:Epoch 42/100	Loss 9.9787 ± 0.0004
INFO:kbc-cli.py:Epoch 42/100	dev results	MRR 0.448723	H@1 0.246231	H@3 0.510050	H@5 0.708543	H@10 0.967337	H@20 1.000000	H@50 1.000000	H@100 1.000000
INFO:kbc-cli.py:Epoch 42/100	test results	MRR 0.451506	H@1 0.253731	H@3 0.529851	H@5 0.716418	H@10 0.952736	H@20 1.000000	H@50 1.000000	H@100 1.000000
INFO:kbc-cli.py:Epoch 43/100	Loss 9.9787 ± 0.0004
INFO:kbc-cli.py:Epoch 44/100	Loss 9.9787 ± 0.0003
INFO:kbc-cli.py:Epoch 45/100	Loss 9.9787 ± 0.0003
INFO:kbc-cli.py:Epoch 45/100	dev results	MRR 0.444994	H@1 0.238693	H@3 0.525126	H@5 0.713568	H@10 0.979899	H@20 1.000000	H@50 1.000000	H@100 1.000000
INFO:kbc-cli.py:Epoch 45/100	test results	MRR 0.450672	H@1 0.256219	H@3 0.519900	H@5 0.723881	H@10 0.957711	H@20 1.000000	H@50 1.000000	H@100 1.000000
INFO:kbc-cli.py:Epoch 46/100	Loss 9.9787 ± 0.0003
INFO:kbc-cli.py:Epoch 47/100	Loss 9.9787 ± 0.0004
INFO:kbc-cli.py:Epoch 48/100	Loss 9.9787 ± 0.0004
INFO:kbc-cli.py:Epoch 48/100	dev results	MRR 0.422099	H@1 0.198492	H@3 0.520101	H@5 0.746231	H@10 0.984925	H@20 1.000000	H@50 1.000000	H@100 1.000000
INFO:kbc-cli.py:Epoch 48/100	test results	MRR 0.430401	H@1 0.221393	H@3 0.527363	H@5 0.733831	H@10 0.962687	H@20 1.000000	H@50 1.000000	H@100 1.000000
INFO:kbc-cli.py:Epoch 49/100	Loss 9.9787 ± 0.0003
INFO:kbc-cli.py:Epoch 50/100	Loss 9.9787 ± 0.0003
INFO:kbc-cli.py:Epoch 51/100	Loss 9.9787 ± 0.0003
INFO:kbc-cli.py:Epoch 51/100	dev results	MRR 0.418277	H@1 0.203518	H@3 0.494975	H@5 0.741206	H@10 0.979899	H@20 1.000000	H@50 1.000000	H@100 1.000000
INFO:kbc-cli.py:Epoch 51/100	test results	MRR 0.422902	H@1 0.199005	H@3 0.529851	H@5 0.743781	H@10 0.960199	H@20 1.000000	H@50 1.000000	H@100 1.000000
INFO:kbc-cli.py:Epoch 52/100	Loss 9.9787 ± 0.0003
INFO:kbc-cli.py:Epoch 53/100	Loss 9.9787 ± 0.0003
INFO:kbc-cli.py:Epoch 54/100	Loss 9.9787 ± 0.0003
INFO:kbc-cli.py:Epoch 54/100	dev results	MRR 0.438492	H@1 0.233668	H@3 0.515075	H@5 0.733668	H@10 0.977387	H@20 1.000000	H@50 1.000000	H@100 1.000000
INFO:kbc-cli.py:Epoch 54/100	test results	MRR 0.451051	H@1 0.251244	H@3 0.529851	H@5 0.743781	H@10 0.942786	H@20 1.000000	H@50 1.000000	H@100 1.000000
INFO:kbc-cli.py:Epoch 55/100	Loss 9.9787 ± 0.0003
INFO:kbc-cli.py:Epoch 56/100	Loss 9.9787 ± 0.0003
INFO:kbc-cli.py:Epoch 57/100	Loss 9.9787 ± 0.0003
INFO:kbc-cli.py:Epoch 57/100	dev results	MRR 0.444323	H@1 0.248744	H@3 0.505025	H@5 0.733668	H@10 0.977387	H@20 1.000000	H@50 1.000000	H@100 1.000000
INFO:kbc-cli.py:Epoch 57/100	test results	MRR 0.444105	H@1 0.243781	H@3 0.527363	H@5 0.733831	H@10 0.950249	H@20 1.000000	H@50 1.000000	H@100 1.000000
INFO:kbc-cli.py:Epoch 58/100	Loss 9.9787 ± 0.0002
INFO:kbc-cli.py:Epoch 59/100	Loss 9.9787 ± 0.0002
INFO:kbc-cli.py:Epoch 60/100	Loss 9.9787 ± 0.0002
INFO:kbc-cli.py:Epoch 60/100	dev results	MRR 0.445158	H@1 0.248744	H@3 0.510050	H@5 0.718593	H@10 0.977387	H@20 1.000000	H@50 1.000000	H@100 1.000000
INFO:kbc-cli.py:Epoch 60/100	test results	MRR 0.442804	H@1 0.243781	H@3 0.522388	H@5 0.718905	H@10 0.950249	H@20 1.000000	H@50 1.000000	H@100 1.000000
INFO:kbc-cli.py:Epoch 61/100	Loss 9.9787 ± 0.0002
INFO:kbc-cli.py:Epoch 62/100	Loss 9.9787 ± 0.0002
INFO:kbc-cli.py:Epoch 63/100	Loss 9.9787 ± 0.0002
INFO:kbc-cli.py:Epoch 63/100	dev results	MRR 0.428736	H@1 0.216080	H@3 0.512563	H@5 0.738693	H@10 0.977387	H@20 1.000000	H@50 1.000000	H@100 1.000000
INFO:kbc-cli.py:Epoch 63/100	test results	MRR 0.422714	H@1 0.203980	H@3 0.537313	H@5 0.746269	H@10 0.957711	H@20 1.000000	H@50 1.000000	H@100 1.000000
INFO:kbc-cli.py:Epoch 64/100	Loss 9.9787 ± 0.0002
INFO:kbc-cli.py:Epoch 65/100	Loss 9.9787 ± 0.0002
INFO:kbc-cli.py:Epoch 66/100	Loss 9.9787 ± 0.0002
INFO:kbc-cli.py:Epoch 66/100	dev results	MRR 0.431704	H@1 0.218593	H@3 0.502513	H@5 0.733668	H@10 0.977387	H@20 1.000000	H@50 1.000000	H@100 1.000000
INFO:kbc-cli.py:Epoch 66/100	test results	MRR 0.429804	H@1 0.216418	H@3 0.524876	H@5 0.726368	H@10 0.947761	H@20 1.000000	H@50 1.000000	H@100 1.000000
INFO:kbc-cli.py:Epoch 67/100	Loss 9.9787 ± 0.0002
INFO:kbc-cli.py:Epoch 68/100	Loss 9.9787 ± 0.0002
INFO:kbc-cli.py:Epoch 69/100	Loss 9.9786 ± 0.0002
INFO:kbc-cli.py:Epoch 69/100	dev results	MRR 0.438431	H@1 0.236181	H@3 0.497487	H@5 0.736181	H@10 0.977387	H@20 1.000000	H@50 1.000000	H@100 1.000000
INFO:kbc-cli.py:Epoch 69/100	test results	MRR 0.451656	H@1 0.248756	H@3 0.532338	H@5 0.738806	H@10 0.942786	H@20 1.000000	H@50 1.000000	H@100 1.000000
INFO:kbc-cli.py:Epoch 70/100	Loss 9.9786 ± 0.0002
INFO:kbc-cli.py:Epoch 71/100	Loss 9.9786 ± 0.0002
INFO:kbc-cli.py:Epoch 72/100	Loss 9.9786 ± 0.0002
INFO:kbc-cli.py:Epoch 72/100	dev results	MRR 0.433372	H@1 0.231156	H@3 0.502513	H@5 0.731156	H@10 0.977387	H@20 1.000000	H@50 1.000000	H@100 1.000000
INFO:kbc-cli.py:Epoch 72/100	test results	MRR 0.433684	H@1 0.221393	H@3 0.529851	H@5 0.751244	H@10 0.945274	H@20 1.000000	H@50 1.000000	H@100 1.000000
INFO:kbc-cli.py:Epoch 73/100	Loss 9.9786 ± 0.0002
INFO:kbc-cli.py:Epoch 74/100	Loss 9.9786 ± 0.0002
INFO:kbc-cli.py:Epoch 75/100	Loss 9.9786 ± 0.0002
INFO:kbc-cli.py:Epoch 75/100	dev results	MRR 0.436187	H@1 0.231156	H@3 0.502513	H@5 0.733668	H@10 0.972362	H@20 1.000000	H@50 1.000000	H@100 1.000000
INFO:kbc-cli.py:Epoch 75/100	test results	MRR 0.441112	H@1 0.228856	H@3 0.542289	H@5 0.738806	H@10 0.955224	H@20 1.000000	H@50 1.000000	H@100 1.000000
INFO:kbc-cli.py:Epoch 76/100	Loss 9.9786 ± 0.0002
INFO:kbc-cli.py:Epoch 77/100	Loss 9.9786 ± 0.0001
INFO:kbc-cli.py:Epoch 78/100	Loss 9.9786 ± 0.0001
INFO:kbc-cli.py:Epoch 78/100	dev results	MRR 0.428662	H@1 0.216080	H@3 0.502513	H@5 0.741206	H@10 0.974874	H@20 1.000000	H@50 1.000000	H@100 1.000000
INFO:kbc-cli.py:Epoch 78/100	test results	MRR 0.420742	H@1 0.199005	H@3 0.524876	H@5 0.736318	H@10 0.947761	H@20 1.000000	H@50 1.000000	H@100 1.000000
INFO:kbc-cli.py:Epoch 79/100	Loss 9.9786 ± 0.0001
INFO:kbc-cli.py:Epoch 80/100	Loss 9.9786 ± 0.0001
INFO:kbc-cli.py:Epoch 81/100	Loss 9.9786 ± 0.0001
INFO:kbc-cli.py:Epoch 81/100	dev results	MRR 0.440093	H@1 0.238693	H@3 0.505025	H@5 0.728643	H@10 0.969849	H@20 1.000000	H@50 1.000000	H@100 1.000000
INFO:kbc-cli.py:Epoch 81/100	test results	MRR 0.442174	H@1 0.238806	H@3 0.524876	H@5 0.741294	H@10 0.957711	H@20 1.000000	H@50 1.000000	H@100 1.000000
INFO:kbc-cli.py:Epoch 82/100	Loss 9.9786 ± 0.0002
INFO:kbc-cli.py:Epoch 83/100	Loss 9.9786 ± 0.0001
INFO:kbc-cli.py:Epoch 84/100	Loss 9.9786 ± 0.0001
INFO:kbc-cli.py:Epoch 84/100	dev results	MRR 0.427437	H@1 0.218593	H@3 0.517588	H@5 0.731156	H@10 0.979899	H@20 1.000000	H@50 1.000000	H@100 1.000000
INFO:kbc-cli.py:Epoch 84/100	test results	MRR 0.417653	H@1 0.201493	H@3 0.529851	H@5 0.721393	H@10 0.957711	H@20 1.000000	H@50 1.000000	H@100 1.000000
INFO:kbc-cli.py:Epoch 85/100	Loss 9.9786 ± 0.0001
INFO:kbc-cli.py:Epoch 86/100	Loss 9.9786 ± 0.0001
INFO:kbc-cli.py:Epoch 87/100	Loss 9.9786 ± 0.0001
INFO:kbc-cli.py:Epoch 87/100	dev results	MRR 0.418903	H@1 0.198492	H@3 0.507538	H@5 0.748744	H@10 0.979899	H@20 1.000000	H@50 1.000000	H@100 1.000000
INFO:kbc-cli.py:Epoch 87/100	test results	MRR 0.427773	H@1 0.206468	H@3 0.539801	H@5 0.746269	H@10 0.950249	H@20 1.000000	H@50 1.000000	H@100 1.000000
INFO:kbc-cli.py:Epoch 88/100	Loss 9.9786 ± 0.0001
INFO:kbc-cli.py:Epoch 89/100	Loss 9.9786 ± 0.0001
INFO:kbc-cli.py:Epoch 90/100	Loss 9.9786 ± 0.0001
INFO:kbc-cli.py:Epoch 90/100	dev results	MRR 0.446178	H@1 0.248744	H@3 0.502513	H@5 0.723618	H@10 0.977387	H@20 1.000000	H@50 1.000000	H@100 1.000000
INFO:kbc-cli.py:Epoch 90/100	test results	MRR 0.448421	H@1 0.246269	H@3 0.539801	H@5 0.733831	H@10 0.950249	H@20 1.000000	H@50 1.000000	H@100 1.000000
INFO:kbc-cli.py:Epoch 91/100	Loss 9.9786 ± 0.0001
INFO:kbc-cli.py:Epoch 92/100	Loss 9.9786 ± 0.0001
INFO:kbc-cli.py:Epoch 93/100	Loss 9.9786 ± 0.0001
INFO:kbc-cli.py:Epoch 93/100	dev results	MRR 0.441671	H@1 0.243719	H@3 0.492462	H@5 0.738693	H@10 0.974874	H@20 1.000000	H@50 1.000000	H@100 1.000000
INFO:kbc-cli.py:Epoch 93/100	test results	MRR 0.434364	H@1 0.221393	H@3 0.537313	H@5 0.743781	H@10 0.942786	H@20 1.000000	H@50 1.000000	H@100 1.000000
INFO:kbc-cli.py:Epoch 94/100	Loss 9.9786 ± 0.0001
INFO:kbc-cli.py:Epoch 95/100	Loss 9.9786 ± 0.0001
INFO:kbc-cli.py:Epoch 96/100	Loss 9.9786 ± 0.0001
INFO:kbc-cli.py:Epoch 96/100	dev results	MRR 0.445296	H@1 0.246231	H@3 0.517588	H@5 0.733668	H@10 0.977387	H@20 1.000000	H@50 1.000000	H@100 1.000000
INFO:kbc-cli.py:Epoch 96/100	test results	MRR 0.443805	H@1 0.243781	H@3 0.534826	H@5 0.741294	H@10 0.950249	H@20 1.000000	H@50 1.000000	H@100 1.000000
INFO:kbc-cli.py:Epoch 97/100	Loss 9.9786 ± 0.0001
INFO:kbc-cli.py:Epoch 98/100	Loss 9.9786 ± 0.0001
INFO:kbc-cli.py:Epoch 99/100	Loss 9.9786 ± 0.0001
INFO:kbc-cli.py:Epoch 99/100	dev results	MRR 0.430625	H@1 0.221106	H@3 0.502513	H@5 0.728643	H@10 0.977387	H@20 1.000000	H@50 1.000000	H@100 1.000000
INFO:kbc-cli.py:Epoch 99/100	test results	MRR 0.428766	H@1 0.208955	H@3 0.524876	H@5 0.731343	H@10 0.950249	H@20 1.000000	H@50 1.000000	H@100 1.000000
INFO:kbc-cli.py:Epoch 100/100	Loss 9.9786 ± 0.0001
INFO:kbc-cli.py:Final 	dev results	MRR 0.437602	H@1 0.233668	H@3 0.500000	H@5 0.723618	H@10 0.977387	H@20 1.000000	H@50 1.000000	H@100 1.000000
INFO:kbc-cli.py:Final 	test results	MRR 0.430604	H@1 0.211443	H@3 0.537313	H@5 0.733831	H@10 0.947761	H@20 1.000000	H@50 1.000000	H@100 1.000000
INFO:kbc-cli.py:Training finished
