./bin/kbc-cli.py --train data/nations/train.tsv --dev data/nations/dev.tsv --test data/nations/test.tsv -m complex -k 100 -b 50 -e 100 --F2 0 --N3 0.001 -l 0.1 -I reciprocal -V 3 -o adagrad -c spo -q
{'F2': 0.0,
 'N3': 0.001,
 'batch_size': 50,
 'corruption': 'spo',
 'dev': 'data/nations/dev.tsv',
 'embedding_size': 100,
 'epochs': 100,
 'eval_batch_size': None,
 'input_type': 'reciprocal',
 'learning_rate': 0.1,
 'load': None,
 'model': 'complex',
 'optimizer': 'adagrad',
 'quiet': True,
 'save': None,
 'seed': 0,
 'test': 'data/nations/test.tsv',
 'test_i': None,
 'test_ii': None,
 'train': 'data/nations/train.tsv',
 'validate_every': 3}
INFO:kbc-cli.py:Device: cuda
INFO:kbc-cli.py:Model state:
INFO:kbc-cli.py:	entities.weight	torch.Size([14, 200])
INFO:kbc-cli.py:	predicates.weight	torch.Size([110, 200])
INFO:kbc-cli.py:Epoch 1/100	Loss 9.5789 ± 0.3822
INFO:kbc-cli.py:Epoch 2/100	Loss 8.3760 ± 0.2079
INFO:kbc-cli.py:Epoch 3/100	Loss 7.8517 ± 0.2416
INFO:kbc-cli.py:Epoch 3/100	dev results	MRR 0.768390	H@1 0.645729	H@3 0.869347	H@5 0.947236	H@10 0.989950	H@20 1.000000	H@50 1.000000	H@100 1.000000
INFO:kbc-cli.py:Epoch 3/100	test results	MRR 0.787614	H@1 0.661692	H@3 0.902985	H@5 0.967662	H@10 1.000000	H@20 1.000000	H@50 1.000000	H@100 1.000000
INFO:kbc-cli.py:Epoch 4/100	Loss 7.5305 ± 0.2677
INFO:kbc-cli.py:Epoch 5/100	Loss 7.3140 ± 0.3090
INFO:kbc-cli.py:Epoch 6/100	Loss 7.1574 ± 0.3049
INFO:kbc-cli.py:Epoch 6/100	dev results	MRR 0.783337	H@1 0.670854	H@3 0.864322	H@5 0.942211	H@10 0.989950	H@20 1.000000	H@50 1.000000	H@100 1.000000
INFO:kbc-cli.py:Epoch 6/100	test results	MRR 0.802046	H@1 0.689055	H@3 0.900498	H@5 0.962687	H@10 1.000000	H@20 1.000000	H@50 1.000000	H@100 1.000000
INFO:kbc-cli.py:Epoch 7/100	Loss 7.0500 ± 0.2677
INFO:kbc-cli.py:Epoch 8/100	Loss 6.9703 ± 0.2970
INFO:kbc-cli.py:Epoch 9/100	Loss 6.9065 ± 0.3084
INFO:kbc-cli.py:Epoch 9/100	dev results	MRR 0.780340	H@1 0.660804	H@3 0.876884	H@5 0.939698	H@10 0.989950	H@20 1.000000	H@50 1.000000	H@100 1.000000
INFO:kbc-cli.py:Epoch 9/100	test results	MRR 0.807566	H@1 0.701493	H@3 0.895522	H@5 0.955224	H@10 1.000000	H@20 1.000000	H@50 1.000000	H@100 1.000000
INFO:kbc-cli.py:Epoch 10/100	Loss 6.8552 ± 0.2615
INFO:kbc-cli.py:Epoch 11/100	Loss 6.8118 ± 0.2408
INFO:kbc-cli.py:Epoch 12/100	Loss 6.7787 ± 0.2757
INFO:kbc-cli.py:Epoch 12/100	dev results	MRR 0.785925	H@1 0.675879	H@3 0.866834	H@5 0.942211	H@10 0.989950	H@20 1.000000	H@50 1.000000	H@100 1.000000
INFO:kbc-cli.py:Epoch 12/100	test results	MRR 0.799554	H@1 0.686567	H@3 0.905473	H@5 0.957711	H@10 1.000000	H@20 1.000000	H@50 1.000000	H@100 1.000000
INFO:kbc-cli.py:Epoch 13/100	Loss 6.7488 ± 0.2411
INFO:kbc-cli.py:Epoch 14/100	Loss 6.7220 ± 0.2577
INFO:kbc-cli.py:Epoch 15/100	Loss 6.6978 ± 0.2458
INFO:kbc-cli.py:Epoch 15/100	dev results	MRR 0.788180	H@1 0.675879	H@3 0.874372	H@5 0.942211	H@10 0.989950	H@20 1.000000	H@50 1.000000	H@100 1.000000
INFO:kbc-cli.py:Epoch 15/100	test results	MRR 0.801340	H@1 0.689055	H@3 0.905473	H@5 0.955224	H@10 1.000000	H@20 1.000000	H@50 1.000000	H@100 1.000000
INFO:kbc-cli.py:Epoch 16/100	Loss 6.6808 ± 0.2682
INFO:kbc-cli.py:Epoch 17/100	Loss 6.6606 ± 0.2485
INFO:kbc-cli.py:Epoch 18/100	Loss 6.6436 ± 0.2178
INFO:kbc-cli.py:Epoch 18/100	dev results	MRR 0.787067	H@1 0.675879	H@3 0.874372	H@5 0.944724	H@10 0.989950	H@20 1.000000	H@50 1.000000	H@100 1.000000
INFO:kbc-cli.py:Epoch 18/100	test results	MRR 0.793335	H@1 0.676617	H@3 0.898010	H@5 0.955224	H@10 1.000000	H@20 1.000000	H@50 1.000000	H@100 1.000000
INFO:kbc-cli.py:Epoch 19/100	Loss 6.6303 ± 0.1976
INFO:kbc-cli.py:Epoch 20/100	Loss 6.6173 ± 0.2486
INFO:kbc-cli.py:Epoch 21/100	Loss 6.6068 ± 0.2541
INFO:kbc-cli.py:Epoch 21/100	dev results	MRR 0.787067	H@1 0.675879	H@3 0.869347	H@5 0.939698	H@10 0.989950	H@20 1.000000	H@50 1.000000	H@100 1.000000
INFO:kbc-cli.py:Epoch 21/100	test results	MRR 0.793574	H@1 0.676617	H@3 0.902985	H@5 0.955224	H@10 1.000000	H@20 1.000000	H@50 1.000000	H@100 1.000000
INFO:kbc-cli.py:Epoch 22/100	Loss 6.5940 ± 0.1964
INFO:kbc-cli.py:Epoch 23/100	Loss 6.5803 ± 0.2347
INFO:kbc-cli.py:Epoch 24/100	Loss 6.5761 ± 0.2220
INFO:kbc-cli.py:Epoch 24/100	dev results	MRR 0.781495	H@1 0.663317	H@3 0.869347	H@5 0.942211	H@10 0.989950	H@20 1.000000	H@50 1.000000	H@100 1.000000
INFO:kbc-cli.py:Epoch 24/100	test results	MRR 0.797249	H@1 0.684080	H@3 0.905473	H@5 0.957711	H@10 1.000000	H@20 1.000000	H@50 1.000000	H@100 1.000000
INFO:kbc-cli.py:Epoch 25/100	Loss 6.5625 ± 0.1799
INFO:kbc-cli.py:Epoch 26/100	Loss 6.5546 ± 0.2045
INFO:kbc-cli.py:Epoch 27/100	Loss 6.5497 ± 0.2132
INFO:kbc-cli.py:Epoch 27/100	dev results	MRR 0.785389	H@1 0.668342	H@3 0.876884	H@5 0.944724	H@10 0.989950	H@20 1.000000	H@50 1.000000	H@100 1.000000
INFO:kbc-cli.py:Epoch 27/100	test results	MRR 0.792239	H@1 0.671642	H@3 0.905473	H@5 0.957711	H@10 1.000000	H@20 1.000000	H@50 1.000000	H@100 1.000000
INFO:kbc-cli.py:Epoch 28/100	Loss 6.5404 ± 0.1896
INFO:kbc-cli.py:Epoch 29/100	Loss 6.5348 ± 0.2062
INFO:kbc-cli.py:Epoch 30/100	Loss 6.5275 ± 0.2193
INFO:kbc-cli.py:Epoch 30/100	dev results	MRR 0.781791	H@1 0.663317	H@3 0.876884	H@5 0.939698	H@10 0.989950	H@20 1.000000	H@50 1.000000	H@100 1.000000
INFO:kbc-cli.py:Epoch 30/100	test results	MRR 0.791407	H@1 0.671642	H@3 0.900498	H@5 0.955224	H@10 1.000000	H@20 1.000000	H@50 1.000000	H@100 1.000000
INFO:kbc-cli.py:Epoch 31/100	Loss 6.5228 ± 0.2335
INFO:kbc-cli.py:Epoch 32/100	Loss 6.5162 ± 0.2044
INFO:kbc-cli.py:Epoch 33/100	Loss 6.5112 ± 0.2078
INFO:kbc-cli.py:Epoch 33/100	dev results	MRR 0.785129	H@1 0.670854	H@3 0.874372	H@5 0.942211	H@10 0.992462	H@20 1.000000	H@50 1.000000	H@100 1.000000
INFO:kbc-cli.py:Epoch 33/100	test results	MRR 0.794517	H@1 0.676617	H@3 0.902985	H@5 0.955224	H@10 1.000000	H@20 1.000000	H@50 1.000000	H@100 1.000000
INFO:kbc-cli.py:Epoch 34/100	Loss 6.5070 ± 0.2410
INFO:kbc-cli.py:Epoch 35/100	Loss 6.4973 ± 0.1875
INFO:kbc-cli.py:Epoch 36/100	Loss 6.4971 ± 0.1960
INFO:kbc-cli.py:Epoch 36/100	dev results	MRR 0.785422	H@1 0.668342	H@3 0.879397	H@5 0.942211	H@10 0.992462	H@20 1.000000	H@50 1.000000	H@100 1.000000
INFO:kbc-cli.py:Epoch 36/100	test results	MRR 0.787424	H@1 0.661692	H@3 0.902985	H@5 0.955224	H@10 1.000000	H@20 1.000000	H@50 1.000000	H@100 1.000000
INFO:kbc-cli.py:Epoch 37/100	Loss 6.4867 ± 0.2161
INFO:kbc-cli.py:Epoch 38/100	Loss 6.4873 ± 0.1993
INFO:kbc-cli.py:Epoch 39/100	Loss 6.4846 ± 0.2121
INFO:kbc-cli.py:Epoch 39/100	dev results	MRR 0.781543	H@1 0.663317	H@3 0.881910	H@5 0.944724	H@10 0.992462	H@20 1.000000	H@50 1.000000	H@100 1.000000
INFO:kbc-cli.py:Epoch 39/100	test results	MRR 0.787468	H@1 0.661692	H@3 0.902985	H@5 0.955224	H@10 1.000000	H@20 1.000000	H@50 1.000000	H@100 1.000000
INFO:kbc-cli.py:Epoch 40/100	Loss 6.4787 ± 0.2173
INFO:kbc-cli.py:Epoch 41/100	Loss 6.4737 ± 0.1919
INFO:kbc-cli.py:Epoch 42/100	Loss 6.4713 ± 0.2070
INFO:kbc-cli.py:Epoch 42/100	dev results	MRR 0.783717	H@1 0.665829	H@3 0.879397	H@5 0.942211	H@10 0.992462	H@20 1.000000	H@50 1.000000	H@100 1.000000
INFO:kbc-cli.py:Epoch 42/100	test results	MRR 0.788215	H@1 0.661692	H@3 0.905473	H@5 0.955224	H@10 1.000000	H@20 1.000000	H@50 1.000000	H@100 1.000000
INFO:kbc-cli.py:Epoch 43/100	Loss 6.4695 ± 0.2191
INFO:kbc-cli.py:Epoch 44/100	Loss 6.4651 ± 0.1770
INFO:kbc-cli.py:Epoch 45/100	Loss 6.4596 ± 0.2074
INFO:kbc-cli.py:Epoch 45/100	dev results	MRR 0.784973	H@1 0.668342	H@3 0.881910	H@5 0.939698	H@10 0.992462	H@20 1.000000	H@50 1.000000	H@100 1.000000
INFO:kbc-cli.py:Epoch 45/100	test results	MRR 0.788837	H@1 0.664179	H@3 0.902985	H@5 0.955224	H@10 1.000000	H@20 1.000000	H@50 1.000000	H@100 1.000000
INFO:kbc-cli.py:Epoch 46/100	Loss 6.4582 ± 0.1975
INFO:kbc-cli.py:Epoch 47/100	Loss 6.4561 ± 0.1863
INFO:kbc-cli.py:Epoch 48/100	Loss 6.4518 ± 0.1945
INFO:kbc-cli.py:Epoch 48/100	dev results	MRR 0.785563	H@1 0.670854	H@3 0.879397	H@5 0.937186	H@10 0.992462	H@20 1.000000	H@50 1.000000	H@100 1.000000
INFO:kbc-cli.py:Epoch 48/100	test results	MRR 0.788298	H@1 0.664179	H@3 0.902985	H@5 0.955224	H@10 1.000000	H@20 1.000000	H@50 1.000000	H@100 1.000000
INFO:kbc-cli.py:Epoch 49/100	Loss 6.4485 ± 0.2142
INFO:kbc-cli.py:Epoch 50/100	Loss 6.4478 ± 0.1787
INFO:kbc-cli.py:Epoch 51/100	Loss 6.4445 ± 0.1881
INFO:kbc-cli.py:Epoch 51/100	dev results	MRR 0.784809	H@1 0.668342	H@3 0.879397	H@5 0.939698	H@10 0.992462	H@20 1.000000	H@50 1.000000	H@100 1.000000
INFO:kbc-cli.py:Epoch 51/100	test results	MRR 0.790613	H@1 0.666667	H@3 0.905473	H@5 0.955224	H@10 1.000000	H@20 1.000000	H@50 1.000000	H@100 1.000000
INFO:kbc-cli.py:Epoch 52/100	Loss 6.4412 ± 0.2117
INFO:kbc-cli.py:Epoch 53/100	Loss 6.4388 ± 0.2063
INFO:kbc-cli.py:Epoch 54/100	Loss 6.4374 ± 0.2426
INFO:kbc-cli.py:Epoch 54/100	dev results	MRR 0.785691	H@1 0.670854	H@3 0.876884	H@5 0.942211	H@10 0.992462	H@20 1.000000	H@50 1.000000	H@100 1.000000
INFO:kbc-cli.py:Epoch 54/100	test results	MRR 0.790199	H@1 0.666667	H@3 0.905473	H@5 0.955224	H@10 1.000000	H@20 1.000000	H@50 1.000000	H@100 1.000000
INFO:kbc-cli.py:Epoch 55/100	Loss 6.4356 ± 0.2275
INFO:kbc-cli.py:Epoch 56/100	Loss 6.4307 ± 0.1893
INFO:kbc-cli.py:Epoch 57/100	Loss 6.4293 ± 0.1699
INFO:kbc-cli.py:Epoch 57/100	dev results	MRR 0.784854	H@1 0.668342	H@3 0.876884	H@5 0.942211	H@10 0.992462	H@20 1.000000	H@50 1.000000	H@100 1.000000
INFO:kbc-cli.py:Epoch 57/100	test results	MRR 0.789370	H@1 0.664179	H@3 0.900498	H@5 0.955224	H@10 1.000000	H@20 1.000000	H@50 1.000000	H@100 1.000000
INFO:kbc-cli.py:Epoch 58/100	Loss 6.4286 ± 0.1625
INFO:kbc-cli.py:Epoch 59/100	Loss 6.4247 ± 0.1670
INFO:kbc-cli.py:Epoch 60/100	Loss 6.4219 ± 0.1635
INFO:kbc-cli.py:Epoch 60/100	dev results	MRR 0.784435	H@1 0.665829	H@3 0.881910	H@5 0.942211	H@10 0.992462	H@20 1.000000	H@50 1.000000	H@100 1.000000
INFO:kbc-cli.py:Epoch 60/100	test results	MRR 0.786592	H@1 0.659204	H@3 0.900498	H@5 0.955224	H@10 1.000000	H@20 1.000000	H@50 1.000000	H@100 1.000000
INFO:kbc-cli.py:Epoch 61/100	Loss 6.4236 ± 0.1901
INFO:kbc-cli.py:Epoch 62/100	Loss 6.4208 ± 0.1952
INFO:kbc-cli.py:Epoch 63/100	Loss 6.4177 ± 0.1828
INFO:kbc-cli.py:Epoch 63/100	dev results	MRR 0.785901	H@1 0.670854	H@3 0.876884	H@5 0.939698	H@10 0.992462	H@20 1.000000	H@50 1.000000	H@100 1.000000
INFO:kbc-cli.py:Epoch 63/100	test results	MRR 0.790199	H@1 0.666667	H@3 0.900498	H@5 0.955224	H@10 1.000000	H@20 1.000000	H@50 1.000000	H@100 1.000000
INFO:kbc-cli.py:Epoch 64/100	Loss 6.4154 ± 0.2083
INFO:kbc-cli.py:Epoch 65/100	Loss 6.4135 ± 0.2086
INFO:kbc-cli.py:Epoch 66/100	Loss 6.4123 ± 0.1868
INFO:kbc-cli.py:Epoch 66/100	dev results	MRR 0.784016	H@1 0.665829	H@3 0.881910	H@5 0.942211	H@10 0.992462	H@20 1.000000	H@50 1.000000	H@100 1.000000
INFO:kbc-cli.py:Epoch 66/100	test results	MRR 0.786216	H@1 0.659204	H@3 0.900498	H@5 0.957711	H@10 1.000000	H@20 1.000000	H@50 1.000000	H@100 1.000000
INFO:kbc-cli.py:Epoch 67/100	Loss 6.4106 ± 0.1750
INFO:kbc-cli.py:Epoch 68/100	Loss 6.4079 ± 0.1848
INFO:kbc-cli.py:Epoch 69/100	Loss 6.4064 ± 0.1787
INFO:kbc-cli.py:Epoch 69/100	dev results	MRR 0.787366	H@1 0.673367	H@3 0.876884	H@5 0.942211	H@10 0.992462	H@20 1.000000	H@50 1.000000	H@100 1.000000
INFO:kbc-cli.py:Epoch 69/100	test results	MRR 0.792396	H@1 0.669154	H@3 0.905473	H@5 0.955224	H@10 1.000000	H@20 1.000000	H@50 1.000000	H@100 1.000000
INFO:kbc-cli.py:Epoch 70/100	Loss 6.4052 ± 0.1436
INFO:kbc-cli.py:Epoch 71/100	Loss 6.4032 ± 0.1701
INFO:kbc-cli.py:Epoch 72/100	Loss 6.4015 ± 0.2128
INFO:kbc-cli.py:Epoch 72/100	dev results	MRR 0.788832	H@1 0.675879	H@3 0.879397	H@5 0.942211	H@10 0.992462	H@20 1.000000	H@50 1.000000	H@100 1.000000
INFO:kbc-cli.py:Epoch 72/100	test results	MRR 0.788703	H@1 0.664179	H@3 0.900498	H@5 0.957711	H@10 1.000000	H@20 1.000000	H@50 1.000000	H@100 1.000000
INFO:kbc-cli.py:Epoch 73/100	Loss 6.3999 ± 0.1681
INFO:kbc-cli.py:Epoch 74/100	Loss 6.3986 ± 0.1744
INFO:kbc-cli.py:Epoch 75/100	Loss 6.3989 ± 0.1682
INFO:kbc-cli.py:Epoch 75/100	dev results	MRR 0.787590	H@1 0.673367	H@3 0.879397	H@5 0.942211	H@10 0.992462	H@20 1.000000	H@50 1.000000	H@100 1.000000
INFO:kbc-cli.py:Epoch 75/100	test results	MRR 0.788448	H@1 0.664179	H@3 0.902985	H@5 0.955224	H@10 1.000000	H@20 1.000000	H@50 1.000000	H@100 1.000000
INFO:kbc-cli.py:Epoch 76/100	Loss 6.3956 ± 0.1742
INFO:kbc-cli.py:Epoch 77/100	Loss 6.3949 ± 0.1889
INFO:kbc-cli.py:Epoch 78/100	Loss 6.3927 ± 0.1749
INFO:kbc-cli.py:Epoch 78/100	dev results	MRR 0.789753	H@1 0.678392	H@3 0.876884	H@5 0.942211	H@10 0.992462	H@20 1.000000	H@50 1.000000	H@100 1.000000
INFO:kbc-cli.py:Epoch 78/100	test results	MRR 0.785763	H@1 0.659204	H@3 0.905473	H@5 0.955224	H@10 1.000000	H@20 1.000000	H@50 1.000000	H@100 1.000000
INFO:kbc-cli.py:Epoch 79/100	Loss 6.3926 ± 0.1623
INFO:kbc-cli.py:Epoch 80/100	Loss 6.3922 ± 0.1732
INFO:kbc-cli.py:Epoch 81/100	Loss 6.3903 ± 0.1526
INFO:kbc-cli.py:Epoch 81/100	dev results	MRR 0.786149	H@1 0.670854	H@3 0.879397	H@5 0.942211	H@10 0.992462	H@20 1.000000	H@50 1.000000	H@100 1.000000
INFO:kbc-cli.py:Epoch 81/100	test results	MRR 0.791972	H@1 0.671642	H@3 0.900498	H@5 0.955224	H@10 1.000000	H@20 1.000000	H@50 1.000000	H@100 1.000000
INFO:kbc-cli.py:Epoch 82/100	Loss 6.3866 ± 0.1859
INFO:kbc-cli.py:Epoch 83/100	Loss 6.3865 ± 0.1493
INFO:kbc-cli.py:Epoch 84/100	Loss 6.3859 ± 0.2030
INFO:kbc-cli.py:Epoch 84/100	dev results	MRR 0.787115	H@1 0.673367	H@3 0.876884	H@5 0.942211	H@10 0.992462	H@20 1.000000	H@50 1.000000	H@100 1.000000
INFO:kbc-cli.py:Epoch 84/100	test results	MRR 0.791567	H@1 0.669154	H@3 0.900498	H@5 0.955224	H@10 1.000000	H@20 1.000000	H@50 1.000000	H@100 1.000000
INFO:kbc-cli.py:Epoch 85/100	Loss 6.3871 ± 0.2090
INFO:kbc-cli.py:Epoch 86/100	Loss 6.3831 ± 0.1656
INFO:kbc-cli.py:Epoch 87/100	Loss 6.3858 ± 0.1909
INFO:kbc-cli.py:Epoch 87/100	dev results	MRR 0.785566	H@1 0.668342	H@3 0.876884	H@5 0.942211	H@10 0.992462	H@20 1.000000	H@50 1.000000	H@100 1.000000
INFO:kbc-cli.py:Epoch 87/100	test results	MRR 0.791350	H@1 0.669154	H@3 0.902985	H@5 0.955224	H@10 1.000000	H@20 1.000000	H@50 1.000000	H@100 1.000000
INFO:kbc-cli.py:Epoch 88/100	Loss 6.3813 ± 0.1603
INFO:kbc-cli.py:Epoch 89/100	Loss 6.3785 ± 0.1943
INFO:kbc-cli.py:Epoch 90/100	Loss 6.3781 ± 0.1528
INFO:kbc-cli.py:Epoch 90/100	dev results	MRR 0.785147	H@1 0.668342	H@3 0.876884	H@5 0.942211	H@10 0.992462	H@20 1.000000	H@50 1.000000	H@100 1.000000
INFO:kbc-cli.py:Epoch 90/100	test results	MRR 0.789450	H@1 0.664179	H@3 0.900498	H@5 0.955224	H@10 1.000000	H@20 1.000000	H@50 1.000000	H@100 1.000000
INFO:kbc-cli.py:Epoch 91/100	Loss 6.3776 ± 0.1560
INFO:kbc-cli.py:Epoch 92/100	Loss 6.3765 ± 0.1709
INFO:kbc-cli.py:Epoch 93/100	Loss 6.3761 ± 0.2054
INFO:kbc-cli.py:Epoch 93/100	dev results	MRR 0.783472	H@1 0.663317	H@3 0.881910	H@5 0.942211	H@10 0.992462	H@20 1.000000	H@50 1.000000	H@100 1.000000
INFO:kbc-cli.py:Epoch 93/100	test results	MRR 0.789118	H@1 0.664179	H@3 0.902985	H@5 0.955224	H@10 1.000000	H@20 1.000000	H@50 1.000000	H@100 1.000000
INFO:kbc-cli.py:Epoch 94/100	Loss 6.3745 ± 0.1878
INFO:kbc-cli.py:Epoch 95/100	Loss 6.3757 ± 0.1854
INFO:kbc-cli.py:Epoch 96/100	Loss 6.3719 ± 0.1926
INFO:kbc-cli.py:Epoch 96/100	dev results	MRR 0.783486	H@1 0.663317	H@3 0.881910	H@5 0.942211	H@10 0.992462	H@20 1.000000	H@50 1.000000	H@100 1.000000
INFO:kbc-cli.py:Epoch 96/100	test results	MRR 0.787128	H@1 0.661692	H@3 0.900498	H@5 0.955224	H@10 1.000000	H@20 1.000000	H@50 1.000000	H@100 1.000000
INFO:kbc-cli.py:Epoch 97/100	Loss 6.3726 ± 0.1872
INFO:kbc-cli.py:Epoch 98/100	Loss 6.3718 ± 0.1603
INFO:kbc-cli.py:Epoch 99/100	Loss 6.3712 ± 0.2032
INFO:kbc-cli.py:Epoch 99/100	dev results	MRR 0.785161	H@1 0.668342	H@3 0.881910	H@5 0.942211	H@10 0.992462	H@20 1.000000	H@50 1.000000	H@100 1.000000
INFO:kbc-cli.py:Epoch 99/100	test results	MRR 0.784838	H@1 0.656716	H@3 0.902985	H@5 0.955224	H@10 1.000000	H@20 1.000000	H@50 1.000000	H@100 1.000000
INFO:kbc-cli.py:Epoch 100/100	Loss 6.3688 ± 0.1579
INFO:kbc-cli.py:Final 	dev results	MRR 0.786881	H@1 0.670854	H@3 0.881910	H@5 0.942211	H@10 0.992462	H@20 1.000000	H@50 1.000000	H@100 1.000000
INFO:kbc-cli.py:Final 	test results	MRR 0.783397	H@1 0.654229	H@3 0.900498	H@5 0.955224	H@10 1.000000	H@20 1.000000	H@50 1.000000	H@100 1.000000
INFO:kbc-cli.py:Training finished
