./bin/kbc-cli.py --train data/umls/train.tsv --dev data/umls/dev.tsv --test data/umls/test.tsv -m complex -k 200 -b 10 -e 100 --F2 0 --N3 0.5 -l 0.1 -I standard -V 3 -o adagrad -c spo -q
{'F2': 0.0,
 'N3': 0.5,
 'batch_size': 10,
 'corruption': 'spo',
 'dev': 'data/umls/dev.tsv',
 'embedding_size': 200,
 'epochs': 100,
 'eval_batch_size': None,
 'input_type': 'standard',
 'learning_rate': 0.1,
 'load': None,
 'model': 'complex',
 'optimizer': 'adagrad',
 'quiet': True,
 'save': None,
 'seed': 0,
 'test': 'data/umls/test.tsv',
 'test_i': None,
 'test_ii': None,
 'train': 'data/umls/train.tsv',
 'validate_every': 3}
INFO:kbc-cli.py:Device: cuda
INFO:kbc-cli.py:Model state:
INFO:kbc-cli.py:	entities.weight	torch.Size([135, 400])
INFO:kbc-cli.py:	predicates.weight	torch.Size([46, 400])
INFO:kbc-cli.py:Epoch 1/100	Loss 16.5911 ± 4.9163
INFO:kbc-cli.py:Epoch 2/100	Loss 14.0972 ± 2.0867
INFO:kbc-cli.py:Epoch 3/100	Loss 13.7200 ± 1.5910
INFO:kbc-cli.py:Epoch 3/100	dev results	MRR 0.591834	H@1 0.460890	H@3 0.653374	H@5 0.746933	H@10 0.861963	H@20 0.922546	H@50 0.962423	H@100 0.990031
INFO:kbc-cli.py:Epoch 3/100	test results	MRR 0.583294	H@1 0.455371	H@3 0.647504	H@5 0.736762	H@10 0.838124	H@20 0.907716	H@50 0.959153	H@100 0.996974
INFO:kbc-cli.py:Epoch 4/100	Loss 13.5560 ± 1.3995
INFO:kbc-cli.py:Epoch 5/100	Loss 13.4609 ± 1.1876
INFO:kbc-cli.py:Epoch 6/100	Loss 13.3986 ± 1.0757
INFO:kbc-cli.py:Epoch 6/100	dev results	MRR 0.599346	H@1 0.459356	H@3 0.677914	H@5 0.776074	H@10 0.866564	H@20 0.929448	H@50 0.966258	H@100 0.987730
INFO:kbc-cli.py:Epoch 6/100	test results	MRR 0.582594	H@1 0.440242	H@3 0.664902	H@5 0.758699	H@10 0.856278	H@20 0.918306	H@50 0.960666	H@100 0.993949
INFO:kbc-cli.py:Epoch 7/100	Loss 13.3560 ± 0.9881
INFO:kbc-cli.py:Epoch 8/100	Loss 13.3231 ± 0.8959
INFO:kbc-cli.py:Epoch 9/100	Loss 13.3046 ± 0.9245
INFO:kbc-cli.py:Epoch 9/100	dev results	MRR 0.627179	H@1 0.503067	H@3 0.693252	H@5 0.773006	H@10 0.870399	H@20 0.918712	H@50 0.969325	H@100 0.990031
INFO:kbc-cli.py:Epoch 9/100	test results	MRR 0.612114	H@1 0.480333	H@3 0.680030	H@5 0.763994	H@10 0.858548	H@20 0.913767	H@50 0.962179	H@100 0.993192
INFO:kbc-cli.py:Epoch 10/100	Loss 13.2784 ± 0.7988
INFO:kbc-cli.py:Epoch 11/100	Loss 13.2622 ± 0.7643
INFO:kbc-cli.py:Epoch 12/100	Loss 13.2500 ± 0.7190
INFO:kbc-cli.py:Epoch 12/100	dev results	MRR 0.619382	H@1 0.477761	H@3 0.702454	H@5 0.793712	H@10 0.877301	H@20 0.919479	H@50 0.965491	H@100 0.988497
INFO:kbc-cli.py:Epoch 12/100	test results	MRR 0.602374	H@1 0.463691	H@3 0.689864	H@5 0.767776	H@10 0.859304	H@20 0.913011	H@50 0.961422	H@100 0.993192
INFO:kbc-cli.py:Epoch 13/100	Loss 13.2386 ± 0.6903
INFO:kbc-cli.py:Epoch 14/100	Loss 13.2301 ± 0.7081
INFO:kbc-cli.py:Epoch 15/100	Loss 13.2214 ± 0.6565
INFO:kbc-cli.py:Epoch 15/100	dev results	MRR 0.617444	H@1 0.480828	H@3 0.690951	H@5 0.776840	H@10 0.873466	H@20 0.919479	H@50 0.965491	H@100 0.987730
INFO:kbc-cli.py:Epoch 15/100	test results	MRR 0.605131	H@1 0.471256	H@3 0.673979	H@5 0.753404	H@10 0.861573	H@20 0.913011	H@50 0.961422	H@100 0.990923
INFO:kbc-cli.py:Epoch 16/100	Loss 13.2138 ± 0.6202
INFO:kbc-cli.py:Epoch 17/100	Loss 13.2074 ± 0.5968
INFO:kbc-cli.py:Epoch 18/100	Loss 13.2017 ± 0.5792
INFO:kbc-cli.py:Epoch 18/100	dev results	MRR 0.608087	H@1 0.473160	H@3 0.676380	H@5 0.777607	H@10 0.869632	H@20 0.921012	H@50 0.965491	H@100 0.990031
INFO:kbc-cli.py:Epoch 18/100	test results	MRR 0.602154	H@1 0.469743	H@3 0.669440	H@5 0.765507	H@10 0.859304	H@20 0.909985	H@50 0.961422	H@100 0.993192
INFO:kbc-cli.py:Epoch 19/100	Loss 13.1977 ± 0.5728
INFO:kbc-cli.py:Epoch 20/100	Loss 13.1940 ± 0.5769
INFO:kbc-cli.py:Epoch 21/100	Loss 13.1890 ± 0.5432
INFO:kbc-cli.py:Epoch 21/100	dev results	MRR 0.614789	H@1 0.478528	H@3 0.685583	H@5 0.782975	H@10 0.868098	H@20 0.914110	H@50 0.962423	H@100 0.989264
INFO:kbc-cli.py:Epoch 21/100	test results	MRR 0.608115	H@1 0.475794	H@3 0.677761	H@5 0.766263	H@10 0.855522	H@20 0.903933	H@50 0.961422	H@100 0.991679
INFO:kbc-cli.py:Epoch 22/100	Loss 13.1854 ± 0.5265
INFO:kbc-cli.py:Epoch 23/100	Loss 13.1818 ± 0.5106
INFO:kbc-cli.py:Epoch 24/100	Loss 13.1778 ± 0.5098
INFO:kbc-cli.py:Epoch 24/100	dev results	MRR 0.622661	H@1 0.495399	H@3 0.694018	H@5 0.779908	H@10 0.864264	H@20 0.913344	H@50 0.964724	H@100 0.988497
INFO:kbc-cli.py:Epoch 24/100	test results	MRR 0.611093	H@1 0.481089	H@3 0.684569	H@5 0.762481	H@10 0.857035	H@20 0.897882	H@50 0.959153	H@100 0.991679
INFO:kbc-cli.py:Epoch 25/100	Loss 13.1771 ± 0.4965
INFO:kbc-cli.py:Epoch 26/100	Loss 13.1743 ± 0.5084
INFO:kbc-cli.py:Epoch 27/100	Loss 13.1721 ± 0.5083
INFO:kbc-cli.py:Epoch 27/100	dev results	MRR 0.610178	H@1 0.475460	H@3 0.674080	H@5 0.771472	H@10 0.868098	H@20 0.911810	H@50 0.963957	H@100 0.990031
INFO:kbc-cli.py:Epoch 27/100	test results	MRR 0.600282	H@1 0.465961	H@3 0.666415	H@5 0.767776	H@10 0.855522	H@20 0.902421	H@50 0.960666	H@100 0.992436
INFO:kbc-cli.py:Epoch 28/100	Loss 13.1696 ± 0.4918
INFO:kbc-cli.py:Epoch 29/100	Loss 13.1676 ± 0.4671
INFO:kbc-cli.py:Epoch 30/100	Loss 13.1654 ± 0.4621
INFO:kbc-cli.py:Epoch 30/100	dev results	MRR 0.621859	H@1 0.490031	H@3 0.692485	H@5 0.778374	H@10 0.868098	H@20 0.911043	H@50 0.962423	H@100 0.990031
INFO:kbc-cli.py:Epoch 30/100	test results	MRR 0.609124	H@1 0.478064	H@3 0.678517	H@5 0.762481	H@10 0.856278	H@20 0.900151	H@50 0.958396	H@100 0.990923
INFO:kbc-cli.py:Epoch 31/100	Loss 13.1638 ± 0.4488
INFO:kbc-cli.py:Epoch 32/100	Loss 13.1617 ± 0.4671
INFO:kbc-cli.py:Epoch 33/100	Loss 13.1606 ± 0.4480
INFO:kbc-cli.py:Epoch 33/100	dev results	MRR 0.612490	H@1 0.479294	H@3 0.680215	H@5 0.780675	H@10 0.871166	H@20 0.909509	H@50 0.964724	H@100 0.989264
INFO:kbc-cli.py:Epoch 33/100	test results	MRR 0.602791	H@1 0.472012	H@3 0.669440	H@5 0.764750	H@10 0.858548	H@20 0.899395	H@50 0.959909	H@100 0.992436
INFO:kbc-cli.py:Epoch 34/100	Loss 13.1593 ± 0.4570
INFO:kbc-cli.py:Epoch 35/100	Loss 13.1575 ± 0.4484
INFO:kbc-cli.py:Epoch 36/100	Loss 13.1570 ± 0.4676
INFO:kbc-cli.py:Epoch 36/100	dev results	MRR 0.617369	H@1 0.486196	H@3 0.684816	H@5 0.777607	H@10 0.866564	H@20 0.911810	H@50 0.963190	H@100 0.989264
INFO:kbc-cli.py:Epoch 36/100	test results	MRR 0.607801	H@1 0.481089	H@3 0.669440	H@5 0.760212	H@10 0.857035	H@20 0.900151	H@50 0.959153	H@100 0.993192
INFO:kbc-cli.py:Epoch 37/100	Loss 13.1551 ± 0.4472
INFO:kbc-cli.py:Epoch 38/100	Loss 13.1534 ± 0.4383
INFO:kbc-cli.py:Epoch 39/100	Loss 13.1528 ± 0.4307
INFO:kbc-cli.py:Epoch 39/100	dev results	MRR 0.611327	H@1 0.479294	H@3 0.682515	H@5 0.766871	H@10 0.865031	H@20 0.910276	H@50 0.963190	H@100 0.988497
INFO:kbc-cli.py:Epoch 39/100	test results	MRR 0.613936	H@1 0.484871	H@3 0.680030	H@5 0.763238	H@10 0.857035	H@20 0.896369	H@50 0.959153	H@100 0.992436
INFO:kbc-cli.py:Epoch 40/100	Loss 13.1523 ± 0.4551
INFO:kbc-cli.py:Epoch 41/100	Loss 13.1509 ± 0.4148
INFO:kbc-cli.py:Epoch 42/100	Loss 13.1493 ± 0.4158
INFO:kbc-cli.py:Epoch 42/100	dev results	MRR 0.614351	H@1 0.476994	H@3 0.690184	H@5 0.778374	H@10 0.861963	H@20 0.906442	H@50 0.962423	H@100 0.989264
INFO:kbc-cli.py:Epoch 42/100	test results	MRR 0.606819	H@1 0.471256	H@3 0.681543	H@5 0.773071	H@10 0.859304	H@20 0.897882	H@50 0.959153	H@100 0.993192
INFO:kbc-cli.py:Epoch 43/100	Loss 13.1483 ± 0.4035
INFO:kbc-cli.py:Epoch 44/100	Loss 13.1474 ± 0.4050
INFO:kbc-cli.py:Epoch 45/100	Loss 13.1471 ± 0.4204
INFO:kbc-cli.py:Epoch 45/100	dev results	MRR 0.623025	H@1 0.492331	H@3 0.694785	H@5 0.776074	H@10 0.867331	H@20 0.911810	H@50 0.962423	H@100 0.990031
INFO:kbc-cli.py:Epoch 45/100	test results	MRR 0.614240	H@1 0.484115	H@3 0.686838	H@5 0.776097	H@10 0.858548	H@20 0.897882	H@50 0.959153	H@100 0.993192
INFO:kbc-cli.py:Epoch 46/100	Loss 13.1455 ± 0.3897
INFO:kbc-cli.py:Epoch 47/100	Loss 13.1450 ± 0.4255
INFO:kbc-cli.py:Epoch 48/100	Loss 13.1450 ± 0.3903
INFO:kbc-cli.py:Epoch 48/100	dev results	MRR 0.617571	H@1 0.487730	H@3 0.683282	H@5 0.774540	H@10 0.865798	H@20 0.908742	H@50 0.963190	H@100 0.989264
INFO:kbc-cli.py:Epoch 48/100	test results	MRR 0.617876	H@1 0.493192	H@3 0.679274	H@5 0.767776	H@10 0.860061	H@20 0.898638	H@50 0.959909	H@100 0.992436
INFO:kbc-cli.py:Epoch 49/100	Loss 13.1445 ± 0.4011
INFO:kbc-cli.py:Epoch 50/100	Loss 13.1426 ± 0.3929
INFO:kbc-cli.py:Epoch 51/100	Loss 13.1419 ± 0.4128
INFO:kbc-cli.py:Epoch 51/100	dev results	MRR 0.611929	H@1 0.476227	H@3 0.686350	H@5 0.773006	H@10 0.869632	H@20 0.911043	H@50 0.963190	H@100 0.989264
INFO:kbc-cli.py:Epoch 51/100	test results	MRR 0.617341	H@1 0.488654	H@3 0.688351	H@5 0.781392	H@10 0.857791	H@20 0.899395	H@50 0.958396	H@100 0.993192
INFO:kbc-cli.py:Epoch 52/100	Loss 13.1414 ± 0.3833
INFO:kbc-cli.py:Epoch 53/100	Loss 13.1418 ± 0.3917
INFO:kbc-cli.py:Epoch 54/100	Loss 13.1407 ± 0.3922
INFO:kbc-cli.py:Epoch 54/100	dev results	MRR 0.617363	H@1 0.486196	H@3 0.684049	H@5 0.776074	H@10 0.868865	H@20 0.910276	H@50 0.961656	H@100 0.988497
INFO:kbc-cli.py:Epoch 54/100	test results	MRR 0.612606	H@1 0.485628	H@3 0.676248	H@5 0.761725	H@10 0.859304	H@20 0.900908	H@50 0.959153	H@100 0.993192
INFO:kbc-cli.py:Epoch 55/100	Loss 13.1398 ± 0.4051
INFO:kbc-cli.py:Epoch 56/100	Loss 13.1396 ± 0.4103
INFO:kbc-cli.py:Epoch 57/100	Loss 13.1393 ± 0.4067
INFO:kbc-cli.py:Epoch 57/100	dev results	MRR 0.614101	H@1 0.482362	H@3 0.682515	H@5 0.777607	H@10 0.865798	H@20 0.910276	H@50 0.961656	H@100 0.988497
INFO:kbc-cli.py:Epoch 57/100	test results	MRR 0.616434	H@1 0.492436	H@3 0.678517	H@5 0.767776	H@10 0.860061	H@20 0.897882	H@50 0.959153	H@100 0.993192
INFO:kbc-cli.py:Epoch 58/100	Loss 13.1394 ± 0.3944
INFO:kbc-cli.py:Epoch 59/100	Loss 13.1380 ± 0.3844
INFO:kbc-cli.py:Epoch 60/100	Loss 13.1374 ± 0.3993
INFO:kbc-cli.py:Epoch 60/100	dev results	MRR 0.616785	H@1 0.485429	H@3 0.684049	H@5 0.771472	H@10 0.871933	H@20 0.911043	H@50 0.961656	H@100 0.988497
INFO:kbc-cli.py:Epoch 60/100	test results	MRR 0.618249	H@1 0.492436	H@3 0.683056	H@5 0.775340	H@10 0.855522	H@20 0.898638	H@50 0.956884	H@100 0.993192
INFO:kbc-cli.py:Epoch 61/100	Loss 13.1368 ± 0.3895
INFO:kbc-cli.py:Epoch 62/100	Loss 13.1373 ± 0.3858
INFO:kbc-cli.py:Epoch 63/100	Loss 13.1363 ± 0.3698
INFO:kbc-cli.py:Epoch 63/100	dev results	MRR 0.619994	H@1 0.489264	H@3 0.687883	H@5 0.778374	H@10 0.868865	H@20 0.910276	H@50 0.959356	H@100 0.988497
INFO:kbc-cli.py:Epoch 63/100	test results	MRR 0.615630	H@1 0.487141	H@3 0.678517	H@5 0.769289	H@10 0.859304	H@20 0.900151	H@50 0.956884	H@100 0.991679
INFO:kbc-cli.py:Epoch 64/100	Loss 13.1357 ± 0.3868
INFO:kbc-cli.py:Epoch 65/100	Loss 13.1360 ± 0.3786
INFO:kbc-cli.py:Epoch 66/100	Loss 13.1356 ± 0.3836
INFO:kbc-cli.py:Epoch 66/100	dev results	MRR 0.612044	H@1 0.476227	H@3 0.682515	H@5 0.779141	H@10 0.868098	H@20 0.911043	H@50 0.959356	H@100 0.988497
INFO:kbc-cli.py:Epoch 66/100	test results	MRR 0.611692	H@1 0.480333	H@3 0.677761	H@5 0.772315	H@10 0.858548	H@20 0.898638	H@50 0.956127	H@100 0.992436
INFO:kbc-cli.py:Epoch 67/100	Loss 13.1345 ± 0.3667
INFO:kbc-cli.py:Epoch 68/100	Loss 13.1348 ± 0.3727
INFO:kbc-cli.py:Epoch 69/100	Loss 13.1337 ± 0.3582
INFO:kbc-cli.py:Epoch 69/100	dev results	MRR 0.617595	H@1 0.488497	H@3 0.683282	H@5 0.772239	H@10 0.866564	H@20 0.907975	H@50 0.960890	H@100 0.988497
INFO:kbc-cli.py:Epoch 69/100	test results	MRR 0.609679	H@1 0.481846	H@3 0.670953	H@5 0.763238	H@10 0.856278	H@20 0.900151	H@50 0.956127	H@100 0.991679
INFO:kbc-cli.py:Epoch 70/100	Loss 13.1342 ± 0.3766
INFO:kbc-cli.py:Epoch 71/100	Loss 13.1337 ± 0.4026
INFO:kbc-cli.py:Epoch 72/100	Loss 13.1334 ± 0.3860
INFO:kbc-cli.py:Epoch 72/100	dev results	MRR 0.614849	H@1 0.481595	H@3 0.678681	H@5 0.780675	H@10 0.867331	H@20 0.912577	H@50 0.961656	H@100 0.989264
INFO:kbc-cli.py:Epoch 72/100	test results	MRR 0.609773	H@1 0.478064	H@3 0.676248	H@5 0.776853	H@10 0.857791	H@20 0.902421	H@50 0.956884	H@100 0.993949
INFO:kbc-cli.py:Epoch 73/100	Loss 13.1332 ± 0.3715
INFO:kbc-cli.py:Epoch 74/100	Loss 13.1324 ± 0.3875
INFO:kbc-cli.py:Epoch 75/100	Loss 13.1329 ± 0.3665
INFO:kbc-cli.py:Epoch 75/100	dev results	MRR 0.613243	H@1 0.482362	H@3 0.677914	H@5 0.774540	H@10 0.868098	H@20 0.909509	H@50 0.962423	H@100 0.990031
INFO:kbc-cli.py:Epoch 75/100	test results	MRR 0.610452	H@1 0.482602	H@3 0.672466	H@5 0.771558	H@10 0.856278	H@20 0.898638	H@50 0.956127	H@100 0.991679
INFO:kbc-cli.py:Epoch 76/100	Loss 13.1322 ± 0.3760
INFO:kbc-cli.py:Epoch 77/100	Loss 13.1316 ± 0.3544
INFO:kbc-cli.py:Epoch 78/100	Loss 13.1314 ± 0.3613
INFO:kbc-cli.py:Epoch 78/100	dev results	MRR 0.621668	H@1 0.490031	H@3 0.687117	H@5 0.780675	H@10 0.871933	H@20 0.910276	H@50 0.959356	H@100 0.987730
INFO:kbc-cli.py:Epoch 78/100	test results	MRR 0.616180	H@1 0.487897	H@3 0.687595	H@5 0.776097	H@10 0.858548	H@20 0.901664	H@50 0.956127	H@100 0.993192
INFO:kbc-cli.py:Epoch 79/100	Loss 13.1318 ± 0.3645
INFO:kbc-cli.py:Epoch 80/100	Loss 13.1305 ± 0.3440
INFO:kbc-cli.py:Epoch 81/100	Loss 13.1301 ± 0.3752
INFO:kbc-cli.py:Epoch 81/100	dev results	MRR 0.614735	H@1 0.478528	H@3 0.690184	H@5 0.776840	H@10 0.865798	H@20 0.910276	H@50 0.959356	H@100 0.989264
INFO:kbc-cli.py:Epoch 81/100	test results	MRR 0.611871	H@1 0.478820	H@3 0.680030	H@5 0.773071	H@10 0.855522	H@20 0.899395	H@50 0.956127	H@100 0.991679
INFO:kbc-cli.py:Epoch 82/100	Loss 13.1304 ± 0.3625
INFO:kbc-cli.py:Epoch 83/100	Loss 13.1304 ± 0.3561
INFO:kbc-cli.py:Epoch 84/100	Loss 13.1307 ± 0.3692
INFO:kbc-cli.py:Epoch 84/100	dev results	MRR 0.618640	H@1 0.485429	H@3 0.691718	H@5 0.787577	H@10 0.869632	H@20 0.911043	H@50 0.962423	H@100 0.988497
INFO:kbc-cli.py:Epoch 84/100	test results	MRR 0.617083	H@1 0.490923	H@3 0.680787	H@5 0.772315	H@10 0.860817	H@20 0.900151	H@50 0.954614	H@100 0.992436
INFO:kbc-cli.py:Epoch 85/100	Loss 13.1296 ± 0.3793
INFO:kbc-cli.py:Epoch 86/100	Loss 13.1295 ± 0.3502
INFO:kbc-cli.py:Epoch 87/100	Loss 13.1285 ± 0.3566
INFO:kbc-cli.py:Epoch 87/100	dev results	MRR 0.618377	H@1 0.487730	H@3 0.683282	H@5 0.775307	H@10 0.868865	H@20 0.909509	H@50 0.963190	H@100 0.987730
INFO:kbc-cli.py:Epoch 87/100	test results	MRR 0.616690	H@1 0.490166	H@3 0.673222	H@5 0.771558	H@10 0.858548	H@20 0.902421	H@50 0.956127	H@100 0.993949
INFO:kbc-cli.py:Epoch 88/100	Loss 13.1289 ± 0.3677
INFO:kbc-cli.py:Epoch 89/100	Loss 13.1297 ± 0.3528
INFO:kbc-cli.py:Epoch 90/100	Loss 13.1285 ± 0.3628
INFO:kbc-cli.py:Epoch 90/100	dev results	MRR 0.622947	H@1 0.495399	H@3 0.681748	H@5 0.782975	H@10 0.872699	H@20 0.909509	H@50 0.960890	H@100 0.988497
INFO:kbc-cli.py:Epoch 90/100	test results	MRR 0.616359	H@1 0.487897	H@3 0.680787	H@5 0.772315	H@10 0.857035	H@20 0.901664	H@50 0.955371	H@100 0.991679
INFO:kbc-cli.py:Epoch 91/100	Loss 13.1285 ± 0.3604
INFO:kbc-cli.py:Epoch 92/100	Loss 13.1279 ± 0.3420
INFO:kbc-cli.py:Epoch 93/100	Loss 13.1280 ± 0.3605
INFO:kbc-cli.py:Epoch 93/100	dev results	MRR 0.620108	H@1 0.490031	H@3 0.687883	H@5 0.770706	H@10 0.870399	H@20 0.911043	H@50 0.960123	H@100 0.987730
INFO:kbc-cli.py:Epoch 93/100	test results	MRR 0.616724	H@1 0.491679	H@3 0.673979	H@5 0.773071	H@10 0.860817	H@20 0.901664	H@50 0.956127	H@100 0.990923
INFO:kbc-cli.py:Epoch 94/100	Loss 13.1276 ± 0.3677
INFO:kbc-cli.py:Epoch 95/100	Loss 13.1279 ± 0.3482
INFO:kbc-cli.py:Epoch 96/100	Loss 13.1276 ± 0.3505
INFO:kbc-cli.py:Epoch 96/100	dev results	MRR 0.618726	H@1 0.488497	H@3 0.690184	H@5 0.775307	H@10 0.869632	H@20 0.911810	H@50 0.960890	H@100 0.987730
INFO:kbc-cli.py:Epoch 96/100	test results	MRR 0.614547	H@1 0.485628	H@3 0.678517	H@5 0.776097	H@10 0.859304	H@20 0.903177	H@50 0.956127	H@100 0.993192
INFO:kbc-cli.py:Epoch 97/100	Loss 13.1267 ± 0.3639
INFO:kbc-cli.py:Epoch 98/100	Loss 13.1268 ± 0.3640
INFO:kbc-cli.py:Epoch 99/100	Loss 13.1265 ± 0.3525
INFO:kbc-cli.py:Epoch 99/100	dev results	MRR 0.619699	H@1 0.488497	H@3 0.683282	H@5 0.776074	H@10 0.872699	H@20 0.911043	H@50 0.962423	H@100 0.988497
INFO:kbc-cli.py:Epoch 99/100	test results	MRR 0.617959	H@1 0.489410	H@3 0.682300	H@5 0.767776	H@10 0.860061	H@20 0.901664	H@50 0.956127	H@100 0.991679
INFO:kbc-cli.py:Epoch 100/100	Loss 13.1267 ± 0.3571
INFO:kbc-cli.py:Final 	dev results	MRR 0.620855	H@1 0.493098	H@3 0.677914	H@5 0.775307	H@10 0.871933	H@20 0.909509	H@50 0.961656	H@100 0.988497
INFO:kbc-cli.py:Final 	test results	MRR 0.616167	H@1 0.488654	H@3 0.677005	H@5 0.770045	H@10 0.858548	H@20 0.902421	H@50 0.956127	H@100 0.990923
INFO:kbc-cli.py:Training finished
