./bin/kbc-cli.py --train data/nations/train.tsv --dev data/nations/dev.tsv --test data/nations/test.tsv -m complex -k 100 -b 50 -e 100 --F2 0 --N3 0.0005 -l 0.1 -I standard -V 3 -o adagrad -c spo -q
{'F2': 0.0,
 'N3': 0.0005,
 'batch_size': 50,
 'corruption': 'spo',
 'dev': 'data/nations/dev.tsv',
 'embedding_size': 100,
 'epochs': 100,
 'eval_batch_size': None,
 'input_type': 'standard',
 'learning_rate': 0.1,
 'load': None,
 'model': 'complex',
 'optimizer': 'adagrad',
 'quiet': True,
 'save': None,
 'seed': 0,
 'test': 'data/nations/test.tsv',
 'test_i': None,
 'test_ii': None,
 'train': 'data/nations/train.tsv',
 'validate_every': 3}
INFO:kbc-cli.py:Device: cuda
INFO:kbc-cli.py:Model state:
INFO:kbc-cli.py:	entities.weight	torch.Size([14, 200])
INFO:kbc-cli.py:	predicates.weight	torch.Size([55, 200])
INFO:kbc-cli.py:Epoch 1/100	Loss 9.1093 ± 0.2724
INFO:kbc-cli.py:Epoch 2/100	Loss 7.9021 ± 0.1678
INFO:kbc-cli.py:Epoch 3/100	Loss 7.3086 ± 0.2835
INFO:kbc-cli.py:Epoch 3/100	dev results	MRR 0.748482	H@1 0.615578	H@3 0.841709	H@5 0.937186	H@10 0.994975	H@20 1.000000	H@50 1.000000	H@100 1.000000
INFO:kbc-cli.py:Epoch 3/100	test results	MRR 0.801980	H@1 0.691542	H@3 0.888060	H@5 0.955224	H@10 0.995025	H@20 1.000000	H@50 1.000000	H@100 1.000000
INFO:kbc-cli.py:Epoch 4/100	Loss 6.9596 ± 0.2683
INFO:kbc-cli.py:Epoch 5/100	Loss 6.7270 ± 0.2885
INFO:kbc-cli.py:Epoch 6/100	Loss 6.5629 ± 0.3084
INFO:kbc-cli.py:Epoch 6/100	dev results	MRR 0.758072	H@1 0.630653	H@3 0.866834	H@5 0.952261	H@10 1.000000	H@20 1.000000	H@50 1.000000	H@100 1.000000
INFO:kbc-cli.py:Epoch 6/100	test results	MRR 0.808311	H@1 0.706468	H@3 0.875622	H@5 0.955224	H@10 0.997512	H@20 1.000000	H@50 1.000000	H@100 1.000000
INFO:kbc-cli.py:Epoch 7/100	Loss 6.4492 ± 0.2628
INFO:kbc-cli.py:Epoch 8/100	Loss 6.3546 ± 0.2973
INFO:kbc-cli.py:Epoch 9/100	Loss 6.2883 ± 0.2875
INFO:kbc-cli.py:Epoch 9/100	dev results	MRR 0.758063	H@1 0.620603	H@3 0.874372	H@5 0.949749	H@10 1.000000	H@20 1.000000	H@50 1.000000	H@100 1.000000
INFO:kbc-cli.py:Epoch 9/100	test results	MRR 0.807557	H@1 0.701493	H@3 0.890547	H@5 0.955224	H@10 0.997512	H@20 1.000000	H@50 1.000000	H@100 1.000000
INFO:kbc-cli.py:Epoch 10/100	Loss 6.2310 ± 0.3043
INFO:kbc-cli.py:Epoch 11/100	Loss 6.1885 ± 0.3019
INFO:kbc-cli.py:Epoch 12/100	Loss 6.1476 ± 0.2675
INFO:kbc-cli.py:Epoch 12/100	dev results	MRR 0.762029	H@1 0.630653	H@3 0.871859	H@5 0.952261	H@10 1.000000	H@20 1.000000	H@50 1.000000	H@100 1.000000
INFO:kbc-cli.py:Epoch 12/100	test results	MRR 0.805064	H@1 0.699005	H@3 0.880597	H@5 0.955224	H@10 0.997512	H@20 1.000000	H@50 1.000000	H@100 1.000000
INFO:kbc-cli.py:Epoch 13/100	Loss 6.1123 ± 0.2237
INFO:kbc-cli.py:Epoch 14/100	Loss 6.0845 ± 0.2295
INFO:kbc-cli.py:Epoch 15/100	Loss 6.0551 ± 0.2166
INFO:kbc-cli.py:Epoch 15/100	dev results	MRR 0.764536	H@1 0.630653	H@3 0.881910	H@5 0.952261	H@10 1.000000	H@20 1.000000	H@50 1.000000	H@100 1.000000
INFO:kbc-cli.py:Epoch 15/100	test results	MRR 0.797850	H@1 0.686567	H@3 0.883085	H@5 0.955224	H@10 0.997512	H@20 1.000000	H@50 1.000000	H@100 1.000000
INFO:kbc-cli.py:Epoch 16/100	Loss 6.0325 ± 0.2430
INFO:kbc-cli.py:Epoch 17/100	Loss 6.0162 ± 0.2543
INFO:kbc-cli.py:Epoch 18/100	Loss 5.9948 ± 0.2459
INFO:kbc-cli.py:Epoch 18/100	dev results	MRR 0.759308	H@1 0.620603	H@3 0.881910	H@5 0.949749	H@10 1.000000	H@20 1.000000	H@50 1.000000	H@100 1.000000
INFO:kbc-cli.py:Epoch 18/100	test results	MRR 0.798119	H@1 0.681592	H@3 0.890547	H@5 0.957711	H@10 0.997512	H@20 1.000000	H@50 1.000000	H@100 1.000000
INFO:kbc-cli.py:Epoch 19/100	Loss 5.9801 ± 0.2349
INFO:kbc-cli.py:Epoch 20/100	Loss 5.9680 ± 0.2267
INFO:kbc-cli.py:Epoch 21/100	Loss 5.9510 ± 0.2924
INFO:kbc-cli.py:Epoch 21/100	dev results	MRR 0.767473	H@1 0.638191	H@3 0.879397	H@5 0.952261	H@10 1.000000	H@20 1.000000	H@50 1.000000	H@100 1.000000
INFO:kbc-cli.py:Epoch 21/100	test results	MRR 0.796253	H@1 0.679104	H@3 0.888060	H@5 0.957711	H@10 0.997512	H@20 1.000000	H@50 1.000000	H@100 1.000000
INFO:kbc-cli.py:Epoch 22/100	Loss 5.9379 ± 0.2636
INFO:kbc-cli.py:Epoch 23/100	Loss 5.9278 ± 0.2468
INFO:kbc-cli.py:Epoch 24/100	Loss 5.9181 ± 0.2436
INFO:kbc-cli.py:Epoch 24/100	dev results	MRR 0.764494	H@1 0.630653	H@3 0.884422	H@5 0.952261	H@10 1.000000	H@20 1.000000	H@50 1.000000	H@100 1.000000
INFO:kbc-cli.py:Epoch 24/100	test results	MRR 0.797831	H@1 0.684080	H@3 0.885572	H@5 0.957711	H@10 0.997512	H@20 1.000000	H@50 1.000000	H@100 1.000000
INFO:kbc-cli.py:Epoch 25/100	Loss 5.9047 ± 0.2341
INFO:kbc-cli.py:Epoch 26/100	Loss 5.8978 ± 0.2191
INFO:kbc-cli.py:Epoch 27/100	Loss 5.8893 ± 0.2543
INFO:kbc-cli.py:Epoch 27/100	dev results	MRR 0.763329	H@1 0.628141	H@3 0.884422	H@5 0.952261	H@10 1.000000	H@20 1.000000	H@50 1.000000	H@100 1.000000
INFO:kbc-cli.py:Epoch 27/100	test results	MRR 0.798614	H@1 0.684080	H@3 0.895522	H@5 0.955224	H@10 0.995025	H@20 1.000000	H@50 1.000000	H@100 1.000000
INFO:kbc-cli.py:Epoch 28/100	Loss 5.8810 ± 0.1603
INFO:kbc-cli.py:Epoch 29/100	Loss 5.8726 ± 0.1929
INFO:kbc-cli.py:Epoch 30/100	Loss 5.8632 ± 0.2040
INFO:kbc-cli.py:Epoch 30/100	dev results	MRR 0.761691	H@1 0.625628	H@3 0.886935	H@5 0.944724	H@10 1.000000	H@20 1.000000	H@50 1.000000	H@100 1.000000
INFO:kbc-cli.py:Epoch 30/100	test results	MRR 0.797226	H@1 0.679104	H@3 0.893035	H@5 0.955224	H@10 0.995025	H@20 1.000000	H@50 1.000000	H@100 1.000000
INFO:kbc-cli.py:Epoch 31/100	Loss 5.8575 ± 0.2168
INFO:kbc-cli.py:Epoch 32/100	Loss 5.8481 ± 0.1893
INFO:kbc-cli.py:Epoch 33/100	Loss 5.8476 ± 0.2759
INFO:kbc-cli.py:Epoch 33/100	dev results	MRR 0.764919	H@1 0.633166	H@3 0.879397	H@5 0.949749	H@10 1.000000	H@20 1.000000	H@50 1.000000	H@100 1.000000
INFO:kbc-cli.py:Epoch 33/100	test results	MRR 0.789881	H@1 0.664179	H@3 0.895522	H@5 0.955224	H@10 0.995025	H@20 1.000000	H@50 1.000000	H@100 1.000000
INFO:kbc-cli.py:Epoch 34/100	Loss 5.8360 ± 0.2054
INFO:kbc-cli.py:Epoch 35/100	Loss 5.8336 ± 0.2296
INFO:kbc-cli.py:Epoch 36/100	Loss 5.8301 ± 0.2697
INFO:kbc-cli.py:Epoch 36/100	dev results	MRR 0.766046	H@1 0.633166	H@3 0.884422	H@5 0.952261	H@10 1.000000	H@20 1.000000	H@50 1.000000	H@100 1.000000
INFO:kbc-cli.py:Epoch 36/100	test results	MRR 0.790510	H@1 0.666667	H@3 0.895522	H@5 0.955224	H@10 0.995025	H@20 1.000000	H@50 1.000000	H@100 1.000000
INFO:kbc-cli.py:Epoch 37/100	Loss 5.8239 ± 0.2071
INFO:kbc-cli.py:Epoch 38/100	Loss 5.8164 ± 0.1622
INFO:kbc-cli.py:Epoch 39/100	Loss 5.8094 ± 0.1755
INFO:kbc-cli.py:Epoch 39/100	dev results	MRR 0.765747	H@1 0.633166	H@3 0.881910	H@5 0.947236	H@10 1.000000	H@20 1.000000	H@50 1.000000	H@100 1.000000
INFO:kbc-cli.py:Epoch 39/100	test results	MRR 0.791955	H@1 0.666667	H@3 0.895522	H@5 0.952736	H@10 0.995025	H@20 1.000000	H@50 1.000000	H@100 1.000000
INFO:kbc-cli.py:Epoch 40/100	Loss 5.8090 ± 0.2553
INFO:kbc-cli.py:Epoch 41/100	Loss 5.8078 ± 0.2652
INFO:kbc-cli.py:Epoch 42/100	Loss 5.8003 ± 0.1966
INFO:kbc-cli.py:Epoch 42/100	dev results	MRR 0.764127	H@1 0.633166	H@3 0.876884	H@5 0.947236	H@10 1.000000	H@20 1.000000	H@50 1.000000	H@100 1.000000
INFO:kbc-cli.py:Epoch 42/100	test results	MRR 0.794881	H@1 0.674129	H@3 0.895522	H@5 0.955224	H@10 0.995025	H@20 1.000000	H@50 1.000000	H@100 1.000000
INFO:kbc-cli.py:Epoch 43/100	Loss 5.7964 ± 0.2082
INFO:kbc-cli.py:Epoch 44/100	Loss 5.7909 ± 0.2554
INFO:kbc-cli.py:Epoch 45/100	Loss 5.7884 ± 0.2006
INFO:kbc-cli.py:Epoch 45/100	dev results	MRR 0.766430	H@1 0.635678	H@3 0.881910	H@5 0.944724	H@10 1.000000	H@20 1.000000	H@50 1.000000	H@100 1.000000
INFO:kbc-cli.py:Epoch 45/100	test results	MRR 0.791564	H@1 0.669154	H@3 0.895522	H@5 0.955224	H@10 0.995025	H@20 1.000000	H@50 1.000000	H@100 1.000000
INFO:kbc-cli.py:Epoch 46/100	Loss 5.7843 ± 0.2079
INFO:kbc-cli.py:Epoch 47/100	Loss 5.7804 ± 0.2135
INFO:kbc-cli.py:Epoch 48/100	Loss 5.7787 ± 0.1853
INFO:kbc-cli.py:Epoch 48/100	dev results	MRR 0.763583	H@1 0.630653	H@3 0.884422	H@5 0.944724	H@10 1.000000	H@20 1.000000	H@50 1.000000	H@100 1.000000
INFO:kbc-cli.py:Epoch 48/100	test results	MRR 0.793720	H@1 0.671642	H@3 0.898010	H@5 0.955224	H@10 0.995025	H@20 1.000000	H@50 1.000000	H@100 1.000000
INFO:kbc-cli.py:Epoch 49/100	Loss 5.7762 ± 0.1795
INFO:kbc-cli.py:Epoch 50/100	Loss 5.7715 ± 0.1611
INFO:kbc-cli.py:Epoch 51/100	Loss 5.7702 ± 0.1823
INFO:kbc-cli.py:Epoch 51/100	dev results	MRR 0.763779	H@1 0.630653	H@3 0.884422	H@5 0.944724	H@10 1.000000	H@20 1.000000	H@50 1.000000	H@100 1.000000
INFO:kbc-cli.py:Epoch 51/100	test results	MRR 0.792186	H@1 0.669154	H@3 0.898010	H@5 0.955224	H@10 0.995025	H@20 1.000000	H@50 1.000000	H@100 1.000000
INFO:kbc-cli.py:Epoch 52/100	Loss 5.7679 ± 0.2041
INFO:kbc-cli.py:Epoch 53/100	Loss 5.7659 ± 0.2520
INFO:kbc-cli.py:Epoch 54/100	Loss 5.7614 ± 0.2061
INFO:kbc-cli.py:Epoch 54/100	dev results	MRR 0.764658	H@1 0.630653	H@3 0.886935	H@5 0.944724	H@10 1.000000	H@20 1.000000	H@50 1.000000	H@100 1.000000
INFO:kbc-cli.py:Epoch 54/100	test results	MRR 0.792891	H@1 0.669154	H@3 0.898010	H@5 0.955224	H@10 0.995025	H@20 1.000000	H@50 1.000000	H@100 1.000000
INFO:kbc-cli.py:Epoch 55/100	Loss 5.7593 ± 0.2430
INFO:kbc-cli.py:Epoch 56/100	Loss 5.7545 ± 0.2129
INFO:kbc-cli.py:Epoch 57/100	Loss 5.7522 ± 0.1864
INFO:kbc-cli.py:Epoch 57/100	dev results	MRR 0.767209	H@1 0.635678	H@3 0.889447	H@5 0.944724	H@10 1.000000	H@20 1.000000	H@50 1.000000	H@100 1.000000
INFO:kbc-cli.py:Epoch 57/100	test results	MRR 0.793513	H@1 0.671642	H@3 0.900498	H@5 0.955224	H@10 0.995025	H@20 1.000000	H@50 1.000000	H@100 1.000000
INFO:kbc-cli.py:Epoch 58/100	Loss 5.7523 ± 0.2295
INFO:kbc-cli.py:Epoch 59/100	Loss 5.7477 ± 0.1969
INFO:kbc-cli.py:Epoch 60/100	Loss 5.7469 ± 0.1780
INFO:kbc-cli.py:Epoch 60/100	dev results	MRR 0.765918	H@1 0.633166	H@3 0.884422	H@5 0.947236	H@10 1.000000	H@20 1.000000	H@50 1.000000	H@100 1.000000
INFO:kbc-cli.py:Epoch 60/100	test results	MRR 0.790901	H@1 0.666667	H@3 0.898010	H@5 0.957711	H@10 0.995025	H@20 1.000000	H@50 1.000000	H@100 1.000000
INFO:kbc-cli.py:Epoch 61/100	Loss 5.7449 ± 0.2029
INFO:kbc-cli.py:Epoch 62/100	Loss 5.7429 ± 0.2397
INFO:kbc-cli.py:Epoch 63/100	Loss 5.7397 ± 0.2288
INFO:kbc-cli.py:Epoch 63/100	dev results	MRR 0.767801	H@1 0.638191	H@3 0.889447	H@5 0.942211	H@10 1.000000	H@20 1.000000	H@50 1.000000	H@100 1.000000
INFO:kbc-cli.py:Epoch 63/100	test results	MRR 0.790818	H@1 0.666667	H@3 0.898010	H@5 0.955224	H@10 0.995025	H@20 1.000000	H@50 1.000000	H@100 1.000000
INFO:kbc-cli.py:Epoch 64/100	Loss 5.7373 ± 0.2089
INFO:kbc-cli.py:Epoch 65/100	Loss 5.7371 ± 0.1996
INFO:kbc-cli.py:Epoch 66/100	Loss 5.7341 ± 0.2250
INFO:kbc-cli.py:Epoch 66/100	dev results	MRR 0.768011	H@1 0.633166	H@3 0.889447	H@5 0.944724	H@10 1.000000	H@20 1.000000	H@50 1.000000	H@100 1.000000
INFO:kbc-cli.py:Epoch 66/100	test results	MRR 0.791066	H@1 0.666667	H@3 0.900498	H@5 0.952736	H@10 0.995025	H@20 1.000000	H@50 1.000000	H@100 1.000000
INFO:kbc-cli.py:Epoch 67/100	Loss 5.7283 ± 0.2087
INFO:kbc-cli.py:Epoch 68/100	Loss 5.7305 ± 0.2047
INFO:kbc-cli.py:Epoch 69/100	Loss 5.7261 ± 0.1796
INFO:kbc-cli.py:Epoch 69/100	dev results	MRR 0.766162	H@1 0.633166	H@3 0.886935	H@5 0.944724	H@10 1.000000	H@20 1.000000	H@50 1.000000	H@100 1.000000
INFO:kbc-cli.py:Epoch 69/100	test results	MRR 0.791149	H@1 0.666667	H@3 0.900498	H@5 0.955224	H@10 0.995025	H@20 1.000000	H@50 1.000000	H@100 1.000000
INFO:kbc-cli.py:Epoch 70/100	Loss 5.7254 ± 0.2014
INFO:kbc-cli.py:Epoch 71/100	Loss 5.7243 ± 0.1976
INFO:kbc-cli.py:Epoch 72/100	Loss 5.7222 ± 0.1639
INFO:kbc-cli.py:Epoch 72/100	dev results	MRR 0.765579	H@1 0.633166	H@3 0.886935	H@5 0.942211	H@10 1.000000	H@20 1.000000	H@50 1.000000	H@100 1.000000
INFO:kbc-cli.py:Epoch 72/100	test results	MRR 0.791149	H@1 0.666667	H@3 0.900498	H@5 0.955224	H@10 0.995025	H@20 1.000000	H@50 1.000000	H@100 1.000000
INFO:kbc-cli.py:Epoch 73/100	Loss 5.7202 ± 0.2175
INFO:kbc-cli.py:Epoch 74/100	Loss 5.7192 ± 0.1852
INFO:kbc-cli.py:Epoch 75/100	Loss 5.7161 ± 0.1982
INFO:kbc-cli.py:Epoch 75/100	dev results	MRR 0.764864	H@1 0.630653	H@3 0.884422	H@5 0.944724	H@10 1.000000	H@20 1.000000	H@50 1.000000	H@100 1.000000
INFO:kbc-cli.py:Epoch 75/100	test results	MRR 0.791564	H@1 0.666667	H@3 0.900498	H@5 0.955224	H@10 0.995025	H@20 1.000000	H@50 1.000000	H@100 1.000000
INFO:kbc-cli.py:Epoch 76/100	Loss 5.7142 ± 0.1877
INFO:kbc-cli.py:Epoch 77/100	Loss 5.7158 ± 0.2024
INFO:kbc-cli.py:Epoch 78/100	Loss 5.7107 ± 0.1502
INFO:kbc-cli.py:Epoch 78/100	dev results	MRR 0.764951	H@1 0.630653	H@3 0.884422	H@5 0.942211	H@10 1.000000	H@20 1.000000	H@50 1.000000	H@100 1.000000
INFO:kbc-cli.py:Epoch 78/100	test results	MRR 0.791919	H@1 0.669154	H@3 0.898010	H@5 0.952736	H@10 0.995025	H@20 1.000000	H@50 1.000000	H@100 1.000000
INFO:kbc-cli.py:Epoch 79/100	Loss 5.7123 ± 0.1988
INFO:kbc-cli.py:Epoch 80/100	Loss 5.7095 ± 0.1859
INFO:kbc-cli.py:Epoch 81/100	Loss 5.7065 ± 0.1982
INFO:kbc-cli.py:Epoch 81/100	dev results	MRR 0.765011	H@1 0.630653	H@3 0.884422	H@5 0.942211	H@10 1.000000	H@20 1.000000	H@50 1.000000	H@100 1.000000
INFO:kbc-cli.py:Epoch 81/100	test results	MRR 0.789763	H@1 0.664179	H@3 0.898010	H@5 0.955224	H@10 0.995025	H@20 1.000000	H@50 1.000000	H@100 1.000000
INFO:kbc-cli.py:Epoch 82/100	Loss 5.7069 ± 0.1721
INFO:kbc-cli.py:Epoch 83/100	Loss 5.7043 ± 0.1874
INFO:kbc-cli.py:Epoch 84/100	Loss 5.7049 ± 0.2081
INFO:kbc-cli.py:Epoch 84/100	dev results	MRR 0.767987	H@1 0.635678	H@3 0.884422	H@5 0.942211	H@10 1.000000	H@20 1.000000	H@50 1.000000	H@100 1.000000
INFO:kbc-cli.py:Epoch 84/100	test results	MRR 0.789169	H@1 0.664179	H@3 0.898010	H@5 0.952736	H@10 0.995025	H@20 1.000000	H@50 1.000000	H@100 1.000000
INFO:kbc-cli.py:Epoch 85/100	Loss 5.7040 ± 0.2263
INFO:kbc-cli.py:Epoch 86/100	Loss 5.7013 ± 0.1674
INFO:kbc-cli.py:Epoch 87/100	Loss 5.6974 ± 0.1868
INFO:kbc-cli.py:Epoch 87/100	dev results	MRR 0.764526	H@1 0.630653	H@3 0.884422	H@5 0.942211	H@10 1.000000	H@20 1.000000	H@50 1.000000	H@100 1.000000
INFO:kbc-cli.py:Epoch 87/100	test results	MRR 0.790468	H@1 0.666667	H@3 0.898010	H@5 0.955224	H@10 0.995025	H@20 1.000000	H@50 1.000000	H@100 1.000000
INFO:kbc-cli.py:Epoch 88/100	Loss 5.6955 ± 0.2084
INFO:kbc-cli.py:Epoch 89/100	Loss 5.6973 ± 0.1650
INFO:kbc-cli.py:Epoch 90/100	Loss 5.6974 ± 0.1888
INFO:kbc-cli.py:Epoch 90/100	dev results	MRR 0.766525	H@1 0.633166	H@3 0.884422	H@5 0.942211	H@10 1.000000	H@20 1.000000	H@50 1.000000	H@100 1.000000
INFO:kbc-cli.py:Epoch 90/100	test results	MRR 0.789556	H@1 0.664179	H@3 0.898010	H@5 0.952736	H@10 0.995025	H@20 1.000000	H@50 1.000000	H@100 1.000000
INFO:kbc-cli.py:Epoch 91/100	Loss 5.6946 ± 0.1834
INFO:kbc-cli.py:Epoch 92/100	Loss 5.6939 ± 0.2208
INFO:kbc-cli.py:Epoch 93/100	Loss 5.6926 ± 0.1769
INFO:kbc-cli.py:Epoch 93/100	dev results	MRR 0.767645	H@1 0.635678	H@3 0.886935	H@5 0.942211	H@10 1.000000	H@20 1.000000	H@50 1.000000	H@100 1.000000
INFO:kbc-cli.py:Epoch 93/100	test results	MRR 0.788893	H@1 0.664179	H@3 0.898010	H@5 0.952736	H@10 0.995025	H@20 1.000000	H@50 1.000000	H@100 1.000000
INFO:kbc-cli.py:Epoch 94/100	Loss 5.6938 ± 0.1527
INFO:kbc-cli.py:Epoch 95/100	Loss 5.6890 ± 0.1627
INFO:kbc-cli.py:Epoch 96/100	Loss 5.6898 ± 0.1771
INFO:kbc-cli.py:Epoch 96/100	dev results	MRR 0.765688	H@1 0.633166	H@3 0.884422	H@5 0.942211	H@10 1.000000	H@20 1.000000	H@50 1.000000	H@100 1.000000
INFO:kbc-cli.py:Epoch 96/100	test results	MRR 0.788520	H@1 0.664179	H@3 0.898010	H@5 0.950249	H@10 0.995025	H@20 1.000000	H@50 1.000000	H@100 1.000000
INFO:kbc-cli.py:Epoch 97/100	Loss 5.6903 ± 0.2117
INFO:kbc-cli.py:Epoch 98/100	Loss 5.6900 ± 0.2034
INFO:kbc-cli.py:Epoch 99/100	Loss 5.6851 ± 0.2096
INFO:kbc-cli.py:Epoch 99/100	dev results	MRR 0.766344	H@1 0.633166	H@3 0.886935	H@5 0.942211	H@10 1.000000	H@20 1.000000	H@50 1.000000	H@100 1.000000
INFO:kbc-cli.py:Epoch 99/100	test results	MRR 0.790289	H@1 0.666667	H@3 0.898010	H@5 0.952736	H@10 0.995025	H@20 1.000000	H@50 1.000000	H@100 1.000000
INFO:kbc-cli.py:Epoch 100/100	Loss 5.6854 ± 0.1981
INFO:kbc-cli.py:Final 	dev results	MRR 0.766993	H@1 0.635678	H@3 0.889447	H@5 0.939698	H@10 1.000000	H@20 1.000000	H@50 1.000000	H@100 1.000000
INFO:kbc-cli.py:Final 	test results	MRR 0.791090	H@1 0.669154	H@3 0.898010	H@5 0.952736	H@10 0.995025	H@20 1.000000	H@50 1.000000	H@100 1.000000
INFO:kbc-cli.py:Training finished
