./bin/kbc-cli.py --train data/umls/train.tsv --dev data/umls/dev.tsv --test data/umls/test.tsv -m complex -k 100 -b 100 -e 100 --F2 0 --N3 0.005 -l 0.1 -I reciprocal -V 3 -o adagrad -c so -q
{'F2': 0.0,
 'N3': 0.005,
 'batch_size': 100,
 'corruption': 'so',
 'dev': 'data/umls/dev.tsv',
 'embedding_size': 100,
 'epochs': 100,
 'eval_batch_size': None,
 'input_type': 'reciprocal',
 'learning_rate': 0.1,
 'load': None,
 'model': 'complex',
 'optimizer': 'adagrad',
 'quiet': True,
 'save': None,
 'seed': 0,
 'test': 'data/umls/test.tsv',
 'test_i': None,
 'test_ii': None,
 'train': 'data/umls/train.tsv',
 'validate_every': 3}
INFO:kbc-cli.py:Device: cuda
INFO:kbc-cli.py:Model state:
INFO:kbc-cli.py:	entities.weight	torch.Size([135, 200])
INFO:kbc-cli.py:	predicates.weight	torch.Size([92, 200])
INFO:kbc-cli.py:Epoch 1/100	Loss 7.5907 ± 1.1992
INFO:kbc-cli.py:Epoch 2/100	Loss 5.9719 ± 0.1422
INFO:kbc-cli.py:Epoch 3/100	Loss 5.7599 ± 0.1386
INFO:kbc-cli.py:Epoch 3/100	dev results	MRR 0.908851	H@1 0.841258	H@3 0.973160	H@5 0.981595	H@10 0.993098	H@20 0.996933	H@50 0.999233	H@100 1.000000
INFO:kbc-cli.py:Epoch 3/100	test results	MRR 0.905343	H@1 0.832829	H@3 0.974281	H@5 0.986384	H@10 0.993949	H@20 0.996974	H@50 0.999244	H@100 1.000000
INFO:kbc-cli.py:Epoch 4/100	Loss 5.6724 ± 0.1537
INFO:kbc-cli.py:Epoch 5/100	Loss 5.6143 ± 0.1422
INFO:kbc-cli.py:Epoch 6/100	Loss 5.5729 ± 0.1483
INFO:kbc-cli.py:Epoch 6/100	dev results	MRR 0.946182	H@1 0.911810	H@3 0.976994	H@5 0.983896	H@10 0.994632	H@20 0.999233	H@50 1.000000	H@100 1.000000
INFO:kbc-cli.py:Epoch 6/100	test results	MRR 0.951057	H@1 0.919062	H@3 0.982602	H@5 0.989410	H@10 0.996974	H@20 0.999244	H@50 0.999244	H@100 1.000000
INFO:kbc-cli.py:Epoch 7/100	Loss 5.5427 ± 0.1460
INFO:kbc-cli.py:Epoch 8/100	Loss 5.5175 ± 0.1458
INFO:kbc-cli.py:Epoch 9/100	Loss 5.4984 ± 0.1474
INFO:kbc-cli.py:Epoch 9/100	dev results	MRR 0.954838	H@1 0.926380	H@3 0.979294	H@5 0.984663	H@10 0.993865	H@20 1.000000	H@50 1.000000	H@100 1.000000
INFO:kbc-cli.py:Epoch 9/100	test results	MRR 0.956303	H@1 0.928896	H@3 0.979576	H@5 0.990923	H@10 0.998487	H@20 0.999244	H@50 1.000000	H@100 1.000000
INFO:kbc-cli.py:Epoch 10/100	Loss 5.4777 ± 0.1448
INFO:kbc-cli.py:Epoch 11/100	Loss 5.4630 ± 0.1476
INFO:kbc-cli.py:Epoch 12/100	Loss 5.4499 ± 0.1462
INFO:kbc-cli.py:Epoch 12/100	dev results	MRR 0.956650	H@1 0.931748	H@3 0.977761	H@5 0.984663	H@10 0.993865	H@20 0.999233	H@50 1.000000	H@100 1.000000
INFO:kbc-cli.py:Epoch 12/100	test results	MRR 0.958434	H@1 0.931921	H@3 0.983359	H@5 0.990923	H@10 0.997731	H@20 0.999244	H@50 1.000000	H@100 1.000000
INFO:kbc-cli.py:Epoch 13/100	Loss 5.4376 ± 0.1207
INFO:kbc-cli.py:Epoch 14/100	Loss 5.4292 ± 0.1473
INFO:kbc-cli.py:Epoch 15/100	Loss 5.4178 ± 0.1342
INFO:kbc-cli.py:Epoch 15/100	dev results	MRR 0.956181	H@1 0.930215	H@3 0.977761	H@5 0.985429	H@10 0.993865	H@20 0.999233	H@50 1.000000	H@100 1.000000
INFO:kbc-cli.py:Epoch 15/100	test results	MRR 0.958518	H@1 0.932678	H@3 0.982602	H@5 0.992436	H@10 0.998487	H@20 0.999244	H@50 1.000000	H@100 1.000000
INFO:kbc-cli.py:Epoch 16/100	Loss 5.4084 ± 0.1338
INFO:kbc-cli.py:Epoch 17/100	Loss 5.4034 ± 0.1279
INFO:kbc-cli.py:Epoch 18/100	Loss 5.3948 ± 0.1228
INFO:kbc-cli.py:Epoch 18/100	dev results	MRR 0.956686	H@1 0.930982	H@3 0.980061	H@5 0.984663	H@10 0.993865	H@20 0.997699	H@50 1.000000	H@100 1.000000
INFO:kbc-cli.py:Epoch 18/100	test results	MRR 0.957270	H@1 0.930408	H@3 0.981089	H@5 0.991679	H@10 0.997731	H@20 0.999244	H@50 1.000000	H@100 1.000000
INFO:kbc-cli.py:Epoch 19/100	Loss 5.3888 ± 0.1366
INFO:kbc-cli.py:Epoch 20/100	Loss 5.3843 ± 0.1463
INFO:kbc-cli.py:Epoch 21/100	Loss 5.3791 ± 0.1365
INFO:kbc-cli.py:Epoch 21/100	dev results	MRR 0.957218	H@1 0.932515	H@3 0.980828	H@5 0.985429	H@10 0.994632	H@20 0.997699	H@50 1.000000	H@100 1.000000
INFO:kbc-cli.py:Epoch 21/100	test results	MRR 0.959097	H@1 0.933434	H@3 0.981089	H@5 0.991679	H@10 0.997731	H@20 0.999244	H@50 1.000000	H@100 1.000000
INFO:kbc-cli.py:Epoch 22/100	Loss 5.3703 ± 0.1446
INFO:kbc-cli.py:Epoch 23/100	Loss 5.3663 ± 0.1286
INFO:kbc-cli.py:Epoch 24/100	Loss 5.3639 ± 0.1331
INFO:kbc-cli.py:Epoch 24/100	dev results	MRR 0.955776	H@1 0.930215	H@3 0.979294	H@5 0.986196	H@10 0.993865	H@20 0.997699	H@50 1.000000	H@100 1.000000
INFO:kbc-cli.py:Epoch 24/100	test results	MRR 0.957603	H@1 0.931165	H@3 0.982602	H@5 0.990923	H@10 0.997731	H@20 0.999244	H@50 1.000000	H@100 1.000000
INFO:kbc-cli.py:Epoch 25/100	Loss 5.3584 ± 0.1386
INFO:kbc-cli.py:Epoch 26/100	Loss 5.3543 ± 0.1350
INFO:kbc-cli.py:Epoch 27/100	Loss 5.3508 ± 0.1172
INFO:kbc-cli.py:Epoch 27/100	dev results	MRR 0.956061	H@1 0.930215	H@3 0.978528	H@5 0.986196	H@10 0.993865	H@20 0.997699	H@50 1.000000	H@100 1.000000
INFO:kbc-cli.py:Epoch 27/100	test results	MRR 0.954688	H@1 0.925870	H@3 0.981846	H@5 0.992436	H@10 0.997731	H@20 0.999244	H@50 1.000000	H@100 1.000000
INFO:kbc-cli.py:Epoch 28/100	Loss 5.3461 ± 0.1385
INFO:kbc-cli.py:Epoch 29/100	Loss 5.3435 ± 0.1258
INFO:kbc-cli.py:Epoch 30/100	Loss 5.3417 ± 0.1353
INFO:kbc-cli.py:Epoch 30/100	dev results	MRR 0.956710	H@1 0.931748	H@3 0.977761	H@5 0.984663	H@10 0.993865	H@20 0.997699	H@50 1.000000	H@100 1.000000
INFO:kbc-cli.py:Epoch 30/100	test results	MRR 0.959225	H@1 0.934191	H@3 0.982602	H@5 0.992436	H@10 0.997731	H@20 0.999244	H@50 1.000000	H@100 1.000000
INFO:kbc-cli.py:Epoch 31/100	Loss 5.3367 ± 0.1255
INFO:kbc-cli.py:Epoch 32/100	Loss 5.3327 ± 0.1179
INFO:kbc-cli.py:Epoch 33/100	Loss 5.3306 ± 0.1333
INFO:kbc-cli.py:Epoch 33/100	dev results	MRR 0.956009	H@1 0.930215	H@3 0.978528	H@5 0.985429	H@10 0.994632	H@20 0.997699	H@50 1.000000	H@100 1.000000
INFO:kbc-cli.py:Epoch 33/100	test results	MRR 0.958131	H@1 0.931921	H@3 0.982602	H@5 0.993192	H@10 0.997731	H@20 0.999244	H@50 1.000000	H@100 1.000000
INFO:kbc-cli.py:Epoch 34/100	Loss 5.3273 ± 0.1149
INFO:kbc-cli.py:Epoch 35/100	Loss 5.3261 ± 0.1312
INFO:kbc-cli.py:Epoch 36/100	Loss 5.3244 ± 0.1189
INFO:kbc-cli.py:Epoch 36/100	dev results	MRR 0.956582	H@1 0.930982	H@3 0.978528	H@5 0.985429	H@10 0.994632	H@20 0.997699	H@50 1.000000	H@100 1.000000
INFO:kbc-cli.py:Epoch 36/100	test results	MRR 0.955942	H@1 0.928139	H@3 0.981846	H@5 0.993192	H@10 0.998487	H@20 0.999244	H@50 1.000000	H@100 1.000000
INFO:kbc-cli.py:Epoch 37/100	Loss 5.3228 ± 0.1213
INFO:kbc-cli.py:Epoch 38/100	Loss 5.3163 ± 0.1284
INFO:kbc-cli.py:Epoch 39/100	Loss 5.3179 ± 0.1315
INFO:kbc-cli.py:Epoch 39/100	dev results	MRR 0.955169	H@1 0.928681	H@3 0.977761	H@5 0.985429	H@10 0.993098	H@20 0.997699	H@50 1.000000	H@100 1.000000
INFO:kbc-cli.py:Epoch 39/100	test results	MRR 0.954430	H@1 0.925113	H@3 0.981846	H@5 0.993192	H@10 0.997731	H@20 0.999244	H@50 1.000000	H@100 1.000000
INFO:kbc-cli.py:Epoch 40/100	Loss 5.3176 ± 0.1357
INFO:kbc-cli.py:Epoch 41/100	Loss 5.3123 ± 0.1147
INFO:kbc-cli.py:Epoch 42/100	Loss 5.3101 ± 0.1267
INFO:kbc-cli.py:Epoch 42/100	dev results	MRR 0.953450	H@1 0.926380	H@3 0.976227	H@5 0.985429	H@10 0.993098	H@20 0.997699	H@50 1.000000	H@100 1.000000
INFO:kbc-cli.py:Epoch 42/100	test results	MRR 0.955245	H@1 0.927383	H@3 0.981089	H@5 0.991679	H@10 0.997731	H@20 0.999244	H@50 1.000000	H@100 1.000000
INFO:kbc-cli.py:Epoch 43/100	Loss 5.3093 ± 0.1177
INFO:kbc-cli.py:Epoch 44/100	Loss 5.3047 ± 0.1317
INFO:kbc-cli.py:Epoch 45/100	Loss 5.3043 ± 0.1322
INFO:kbc-cli.py:Epoch 45/100	dev results	MRR 0.954529	H@1 0.927914	H@3 0.976994	H@5 0.984663	H@10 0.993098	H@20 0.997699	H@50 1.000000	H@100 1.000000
INFO:kbc-cli.py:Epoch 45/100	test results	MRR 0.953170	H@1 0.923601	H@3 0.980333	H@5 0.991679	H@10 0.997731	H@20 0.999244	H@50 1.000000	H@100 1.000000
INFO:kbc-cli.py:Epoch 46/100	Loss 5.3027 ± 0.1230
INFO:kbc-cli.py:Epoch 47/100	Loss 5.3040 ± 0.1260
INFO:kbc-cli.py:Epoch 48/100	Loss 5.2989 ± 0.1231
INFO:kbc-cli.py:Epoch 48/100	dev results	MRR 0.951831	H@1 0.923313	H@3 0.977761	H@5 0.984663	H@10 0.993098	H@20 0.997699	H@50 1.000000	H@100 1.000000
INFO:kbc-cli.py:Epoch 48/100	test results	MRR 0.952286	H@1 0.921331	H@3 0.981846	H@5 0.991679	H@10 0.997731	H@20 0.998487	H@50 1.000000	H@100 1.000000
INFO:kbc-cli.py:Epoch 49/100	Loss 5.3001 ± 0.1289
INFO:kbc-cli.py:Epoch 50/100	Loss 5.2952 ± 0.1099
INFO:kbc-cli.py:Epoch 51/100	Loss 5.2964 ± 0.1410
INFO:kbc-cli.py:Epoch 51/100	dev results	MRR 0.954775	H@1 0.929448	H@3 0.976227	H@5 0.984663	H@10 0.993865	H@20 0.998466	H@50 1.000000	H@100 1.000000
INFO:kbc-cli.py:Epoch 51/100	test results	MRR 0.952842	H@1 0.922088	H@3 0.980333	H@5 0.992436	H@10 0.997731	H@20 0.999244	H@50 1.000000	H@100 1.000000
INFO:kbc-cli.py:Epoch 52/100	Loss 5.2938 ± 0.1263
INFO:kbc-cli.py:Epoch 53/100	Loss 5.2922 ± 0.1231
INFO:kbc-cli.py:Epoch 54/100	Loss 5.2928 ± 0.1356
INFO:kbc-cli.py:Epoch 54/100	dev results	MRR 0.953032	H@1 0.925613	H@3 0.976994	H@5 0.985429	H@10 0.993098	H@20 0.997699	H@50 1.000000	H@100 1.000000
INFO:kbc-cli.py:Epoch 54/100	test results	MRR 0.952162	H@1 0.920575	H@3 0.982602	H@5 0.992436	H@10 0.997731	H@20 0.998487	H@50 1.000000	H@100 1.000000
INFO:kbc-cli.py:Epoch 55/100	Loss 5.2920 ± 0.1312
INFO:kbc-cli.py:Epoch 56/100	Loss 5.2895 ± 0.1175
INFO:kbc-cli.py:Epoch 57/100	Loss 5.2890 ± 0.1190
INFO:kbc-cli.py:Epoch 57/100	dev results	MRR 0.952453	H@1 0.924847	H@3 0.976227	H@5 0.985429	H@10 0.994632	H@20 0.998466	H@50 1.000000	H@100 1.000000
INFO:kbc-cli.py:Epoch 57/100	test results	MRR 0.951930	H@1 0.921331	H@3 0.981089	H@5 0.991679	H@10 0.997731	H@20 0.998487	H@50 1.000000	H@100 1.000000
INFO:kbc-cli.py:Epoch 58/100	Loss 5.2848 ± 0.1144
INFO:kbc-cli.py:Epoch 59/100	Loss 5.2837 ± 0.1277
INFO:kbc-cli.py:Epoch 60/100	Loss 5.2860 ± 0.1138
INFO:kbc-cli.py:Epoch 60/100	dev results	MRR 0.952350	H@1 0.924847	H@3 0.975460	H@5 0.984663	H@10 0.993098	H@20 0.998466	H@50 1.000000	H@100 1.000000
INFO:kbc-cli.py:Epoch 60/100	test results	MRR 0.950928	H@1 0.919062	H@3 0.981089	H@5 0.991679	H@10 0.998487	H@20 0.998487	H@50 1.000000	H@100 1.000000
INFO:kbc-cli.py:Epoch 61/100	Loss 5.2844 ± 0.1170
INFO:kbc-cli.py:Epoch 62/100	Loss 5.2833 ± 0.1349
INFO:kbc-cli.py:Epoch 63/100	Loss 5.2835 ± 0.1285
INFO:kbc-cli.py:Epoch 63/100	dev results	MRR 0.951827	H@1 0.924080	H@3 0.974693	H@5 0.984663	H@10 0.992331	H@20 0.998466	H@50 1.000000	H@100 1.000000
INFO:kbc-cli.py:Epoch 63/100	test results	MRR 0.950658	H@1 0.919062	H@3 0.980333	H@5 0.990923	H@10 0.998487	H@20 0.998487	H@50 1.000000	H@100 1.000000
INFO:kbc-cli.py:Epoch 64/100	Loss 5.2823 ± 0.1306
INFO:kbc-cli.py:Epoch 65/100	Loss 5.2796 ± 0.1227
INFO:kbc-cli.py:Epoch 66/100	Loss 5.2774 ± 0.1538
INFO:kbc-cli.py:Epoch 66/100	dev results	MRR 0.952213	H@1 0.924080	H@3 0.975460	H@5 0.984663	H@10 0.993098	H@20 0.998466	H@50 1.000000	H@100 1.000000
INFO:kbc-cli.py:Epoch 66/100	test results	MRR 0.950485	H@1 0.918306	H@3 0.981089	H@5 0.991679	H@10 0.997731	H@20 0.998487	H@50 1.000000	H@100 1.000000
INFO:kbc-cli.py:Epoch 67/100	Loss 5.2765 ± 0.1126
INFO:kbc-cli.py:Epoch 68/100	Loss 5.2788 ± 0.1368
INFO:kbc-cli.py:Epoch 69/100	Loss 5.2756 ± 0.1104
INFO:kbc-cli.py:Epoch 69/100	dev results	MRR 0.952617	H@1 0.925613	H@3 0.976227	H@5 0.984663	H@10 0.991564	H@20 0.998466	H@50 1.000000	H@100 1.000000
INFO:kbc-cli.py:Epoch 69/100	test results	MRR 0.951792	H@1 0.921331	H@3 0.980333	H@5 0.990923	H@10 0.998487	H@20 0.998487	H@50 1.000000	H@100 1.000000
INFO:kbc-cli.py:Epoch 70/100	Loss 5.2760 ± 0.1173
INFO:kbc-cli.py:Epoch 71/100	Loss 5.2760 ± 0.1379
INFO:kbc-cli.py:Epoch 72/100	Loss 5.2735 ± 0.1135
INFO:kbc-cli.py:Epoch 72/100	dev results	MRR 0.951825	H@1 0.924847	H@3 0.976227	H@5 0.984663	H@10 0.993098	H@20 0.998466	H@50 1.000000	H@100 1.000000
INFO:kbc-cli.py:Epoch 72/100	test results	MRR 0.950146	H@1 0.918306	H@3 0.980333	H@5 0.990923	H@10 0.997731	H@20 0.998487	H@50 1.000000	H@100 1.000000
INFO:kbc-cli.py:Epoch 73/100	Loss 5.2727 ± 0.1330
INFO:kbc-cli.py:Epoch 74/100	Loss 5.2724 ± 0.1244
INFO:kbc-cli.py:Epoch 75/100	Loss 5.2714 ± 0.1179
INFO:kbc-cli.py:Epoch 75/100	dev results	MRR 0.950445	H@1 0.921779	H@3 0.976227	H@5 0.984663	H@10 0.992331	H@20 0.998466	H@50 1.000000	H@100 1.000000
INFO:kbc-cli.py:Epoch 75/100	test results	MRR 0.948397	H@1 0.914523	H@3 0.979576	H@5 0.990923	H@10 0.997731	H@20 0.998487	H@50 1.000000	H@100 1.000000
INFO:kbc-cli.py:Epoch 76/100	Loss 5.2715 ± 0.1149
INFO:kbc-cli.py:Epoch 77/100	Loss 5.2686 ± 0.1223
INFO:kbc-cli.py:Epoch 78/100	Loss 5.2686 ± 0.1179
INFO:kbc-cli.py:Epoch 78/100	dev results	MRR 0.950544	H@1 0.921779	H@3 0.976227	H@5 0.984663	H@10 0.991564	H@20 0.998466	H@50 1.000000	H@100 1.000000
INFO:kbc-cli.py:Epoch 78/100	test results	MRR 0.949066	H@1 0.916036	H@3 0.980333	H@5 0.990923	H@10 0.997731	H@20 0.998487	H@50 1.000000	H@100 1.000000
INFO:kbc-cli.py:Epoch 79/100	Loss 5.2682 ± 0.1405
INFO:kbc-cli.py:Epoch 80/100	Loss 5.2674 ± 0.1143
INFO:kbc-cli.py:Epoch 81/100	Loss 5.2671 ± 0.1295
INFO:kbc-cli.py:Epoch 81/100	dev results	MRR 0.949002	H@1 0.918712	H@3 0.976227	H@5 0.983896	H@10 0.991564	H@20 0.998466	H@50 1.000000	H@100 1.000000
INFO:kbc-cli.py:Epoch 81/100	test results	MRR 0.948670	H@1 0.915280	H@3 0.980333	H@5 0.990923	H@10 0.998487	H@20 0.998487	H@50 1.000000	H@100 1.000000
INFO:kbc-cli.py:Epoch 82/100	Loss 5.2663 ± 0.1168
INFO:kbc-cli.py:Epoch 83/100	Loss 5.2646 ± 0.1219
INFO:kbc-cli.py:Epoch 84/100	Loss 5.2634 ± 0.1184
INFO:kbc-cli.py:Epoch 84/100	dev results	MRR 0.948602	H@1 0.917945	H@3 0.976227	H@5 0.983129	H@10 0.992331	H@20 0.998466	H@50 1.000000	H@100 1.000000
INFO:kbc-cli.py:Epoch 84/100	test results	MRR 0.949583	H@1 0.916793	H@3 0.980333	H@5 0.990923	H@10 0.998487	H@20 0.998487	H@50 1.000000	H@100 1.000000
INFO:kbc-cli.py:Epoch 85/100	Loss 5.2640 ± 0.1299
INFO:kbc-cli.py:Epoch 86/100	Loss 5.2655 ± 0.1225
INFO:kbc-cli.py:Epoch 87/100	Loss 5.2610 ± 0.1151
INFO:kbc-cli.py:Epoch 87/100	dev results	MRR 0.948252	H@1 0.917945	H@3 0.973926	H@5 0.983896	H@10 0.992331	H@20 0.998466	H@50 1.000000	H@100 1.000000
INFO:kbc-cli.py:Epoch 87/100	test results	MRR 0.949779	H@1 0.917549	H@3 0.978820	H@5 0.990923	H@10 0.998487	H@20 0.998487	H@50 1.000000	H@100 1.000000
INFO:kbc-cli.py:Epoch 88/100	Loss 5.2618 ± 0.1169
INFO:kbc-cli.py:Epoch 89/100	Loss 5.2621 ± 0.1220
INFO:kbc-cli.py:Epoch 90/100	Loss 5.2609 ± 0.1176
INFO:kbc-cli.py:Epoch 90/100	dev results	MRR 0.949627	H@1 0.921012	H@3 0.973926	H@5 0.983129	H@10 0.991564	H@20 0.998466	H@50 1.000000	H@100 1.000000
INFO:kbc-cli.py:Epoch 90/100	test results	MRR 0.947420	H@1 0.913011	H@3 0.978820	H@5 0.990923	H@10 0.998487	H@20 0.998487	H@50 1.000000	H@100 1.000000
INFO:kbc-cli.py:Epoch 91/100	Loss 5.2610 ± 0.1138
INFO:kbc-cli.py:Epoch 92/100	Loss 5.2591 ± 0.1198
INFO:kbc-cli.py:Epoch 93/100	Loss 5.2595 ± 0.1158
INFO:kbc-cli.py:Epoch 93/100	dev results	MRR 0.948991	H@1 0.920245	H@3 0.972393	H@5 0.983896	H@10 0.991564	H@20 0.998466	H@50 1.000000	H@100 1.000000
INFO:kbc-cli.py:Epoch 93/100	test results	MRR 0.947760	H@1 0.913767	H@3 0.979576	H@5 0.990923	H@10 0.998487	H@20 0.998487	H@50 1.000000	H@100 1.000000
INFO:kbc-cli.py:Epoch 94/100	Loss 5.2586 ± 0.1371
INFO:kbc-cli.py:Epoch 95/100	Loss 5.2586 ± 0.1160
INFO:kbc-cli.py:Epoch 96/100	Loss 5.2572 ± 0.1180
INFO:kbc-cli.py:Epoch 96/100	dev results	MRR 0.948650	H@1 0.919479	H@3 0.973926	H@5 0.983896	H@10 0.991564	H@20 0.998466	H@50 1.000000	H@100 1.000000
INFO:kbc-cli.py:Epoch 96/100	test results	MRR 0.948580	H@1 0.915280	H@3 0.979576	H@5 0.990166	H@10 0.998487	H@20 0.998487	H@50 1.000000	H@100 1.000000
INFO:kbc-cli.py:Epoch 97/100	Loss 5.2562 ± 0.1177
INFO:kbc-cli.py:Epoch 98/100	Loss 5.2540 ± 0.1282
INFO:kbc-cli.py:Epoch 99/100	Loss 5.2578 ± 0.1102
INFO:kbc-cli.py:Epoch 99/100	dev results	MRR 0.948222	H@1 0.918712	H@3 0.973926	H@5 0.983896	H@10 0.991564	H@20 0.998466	H@50 1.000000	H@100 1.000000
INFO:kbc-cli.py:Epoch 99/100	test results	MRR 0.948151	H@1 0.914523	H@3 0.979576	H@5 0.990166	H@10 0.998487	H@20 0.998487	H@50 1.000000	H@100 1.000000
INFO:kbc-cli.py:Epoch 100/100	Loss 5.2548 ± 0.1139
INFO:kbc-cli.py:Final 	dev results	MRR 0.948185	H@1 0.918712	H@3 0.973160	H@5 0.984663	H@10 0.991564	H@20 0.998466	H@50 1.000000	H@100 1.000000
INFO:kbc-cli.py:Final 	test results	MRR 0.945026	H@1 0.908472	H@3 0.978820	H@5 0.990923	H@10 0.998487	H@20 0.998487	H@50 1.000000	H@100 1.000000
INFO:kbc-cli.py:Training finished
