./bin/kbc-cli.py --train data/kinship/train.tsv --dev data/kinship/dev.tsv --test data/kinship/test.tsv -m complex -k 1000 -b 100 -e 100 --F2 0 --N3 0.0005 -l 0.1 -I standard -V 3 -o adagrad -c so -q
{'F2': 0.0,
 'N3': 0.0005,
 'batch_size': 100,
 'corruption': 'so',
 'dev': 'data/kinship/dev.tsv',
 'embedding_size': 1000,
 'epochs': 100,
 'eval_batch_size': None,
 'input_type': 'standard',
 'learning_rate': 0.1,
 'load': None,
 'model': 'complex',
 'optimizer': 'adagrad',
 'quiet': True,
 'save': None,
 'seed': 0,
 'test': 'data/kinship/test.tsv',
 'test_i': None,
 'test_ii': None,
 'train': 'data/kinship/train.tsv',
 'validate_every': 3}
INFO:kbc-cli.py:Device: cuda
INFO:kbc-cli.py:Model state:
INFO:kbc-cli.py:	entities.weight	torch.Size([104, 2000])
INFO:kbc-cli.py:	predicates.weight	torch.Size([25, 2000])
INFO:kbc-cli.py:Epoch 1/100	Loss 7.5122 ± 1.2570
INFO:kbc-cli.py:Epoch 2/100	Loss 5.5423 ± 0.2216
INFO:kbc-cli.py:Epoch 3/100	Loss 5.2100 ± 0.2775
INFO:kbc-cli.py:Epoch 3/100	dev results	MRR 0.859504	H@1 0.780431	H@3 0.926966	H@5 0.956929	H@10 0.976124	H@20 0.987360	H@50 0.994850	H@100 1.000000
INFO:kbc-cli.py:Epoch 3/100	test results	MRR 0.861466	H@1 0.782588	H@3 0.930633	H@5 0.961359	H@10 0.982775	H@20 0.992551	H@50 0.996276	H@100 1.000000
INFO:kbc-cli.py:Epoch 4/100	Loss 5.0326 ± 0.2581
INFO:kbc-cli.py:Epoch 5/100	Loss 4.9193 ± 0.2625
INFO:kbc-cli.py:Epoch 6/100	Loss 4.8321 ± 0.2523
INFO:kbc-cli.py:Epoch 6/100	dev results	MRR 0.882496	H@1 0.817884	H@3 0.940543	H@5 0.960206	H@10 0.978464	H@20 0.986891	H@50 0.994850	H@100 1.000000
INFO:kbc-cli.py:Epoch 6/100	test results	MRR 0.883384	H@1 0.814246	H@3 0.947393	H@5 0.972533	H@10 0.986965	H@20 0.993482	H@50 0.996276	H@100 1.000000
INFO:kbc-cli.py:Epoch 7/100	Loss 4.7714 ± 0.2452
INFO:kbc-cli.py:Epoch 8/100	Loss 4.7217 ± 0.2395
INFO:kbc-cli.py:Epoch 9/100	Loss 4.6791 ± 0.2296
INFO:kbc-cli.py:Epoch 9/100	dev results	MRR 0.883081	H@1 0.818820	H@3 0.942416	H@5 0.961610	H@10 0.979401	H@20 0.986891	H@50 0.994382	H@100 1.000000
INFO:kbc-cli.py:Epoch 9/100	test results	MRR 0.888275	H@1 0.822160	H@3 0.947858	H@5 0.973929	H@10 0.986499	H@20 0.993948	H@50 0.996276	H@100 1.000000
INFO:kbc-cli.py:Epoch 10/100	Loss 4.6433 ± 0.2303
INFO:kbc-cli.py:Epoch 11/100	Loss 4.6156 ± 0.2322
INFO:kbc-cli.py:Epoch 12/100	Loss 4.5887 ± 0.2133
INFO:kbc-cli.py:Epoch 12/100	dev results	MRR 0.884373	H@1 0.818352	H@3 0.944757	H@5 0.960674	H@10 0.980337	H@20 0.987360	H@50 0.994850	H@100 1.000000
INFO:kbc-cli.py:Epoch 12/100	test results	MRR 0.893135	H@1 0.831006	H@3 0.948324	H@5 0.972533	H@10 0.988827	H@20 0.993948	H@50 0.996276	H@100 1.000000
INFO:kbc-cli.py:Epoch 13/100	Loss 4.5645 ± 0.2317
INFO:kbc-cli.py:Epoch 14/100	Loss 4.5461 ± 0.2239
INFO:kbc-cli.py:Epoch 15/100	Loss 4.5267 ± 0.2012
INFO:kbc-cli.py:Epoch 15/100	dev results	MRR 0.885854	H@1 0.821161	H@3 0.946629	H@5 0.963483	H@10 0.980337	H@20 0.986891	H@50 0.993914	H@100 1.000000
INFO:kbc-cli.py:Epoch 15/100	test results	MRR 0.892788	H@1 0.829609	H@3 0.949721	H@5 0.974395	H@10 0.988827	H@20 0.993948	H@50 0.996276	H@100 1.000000
INFO:kbc-cli.py:Epoch 16/100	Loss 4.5113 ± 0.2184
INFO:kbc-cli.py:Epoch 17/100	Loss 4.4934 ± 0.1962
INFO:kbc-cli.py:Epoch 18/100	Loss 4.4834 ± 0.2193
INFO:kbc-cli.py:Epoch 18/100	dev results	MRR 0.886259	H@1 0.821629	H@3 0.946161	H@5 0.963015	H@10 0.980337	H@20 0.987828	H@50 0.994382	H@100 1.000000
INFO:kbc-cli.py:Epoch 18/100	test results	MRR 0.889742	H@1 0.822626	H@3 0.952048	H@5 0.974860	H@10 0.988361	H@20 0.993948	H@50 0.996276	H@100 1.000000
INFO:kbc-cli.py:Epoch 19/100	Loss 4.4707 ± 0.2068
INFO:kbc-cli.py:Epoch 20/100	Loss 4.4574 ± 0.1882
INFO:kbc-cli.py:Epoch 21/100	Loss 4.4483 ± 0.2025
INFO:kbc-cli.py:Epoch 21/100	dev results	MRR 0.887067	H@1 0.822566	H@3 0.948034	H@5 0.963483	H@10 0.981273	H@20 0.987360	H@50 0.994382	H@100 1.000000
INFO:kbc-cli.py:Epoch 21/100	test results	MRR 0.891667	H@1 0.824953	H@3 0.951583	H@5 0.976257	H@10 0.988361	H@20 0.993948	H@50 0.996276	H@100 1.000000
INFO:kbc-cli.py:Epoch 22/100	Loss 4.4359 ± 0.2059
INFO:kbc-cli.py:Epoch 23/100	Loss 4.4253 ± 0.2127
INFO:kbc-cli.py:Epoch 24/100	Loss 4.4201 ± 0.1795
INFO:kbc-cli.py:Epoch 24/100	dev results	MRR 0.887194	H@1 0.822566	H@3 0.949906	H@5 0.963015	H@10 0.980337	H@20 0.987828	H@50 0.994382	H@100 1.000000
INFO:kbc-cli.py:Epoch 24/100	test results	MRR 0.890345	H@1 0.823091	H@3 0.950186	H@5 0.975326	H@10 0.988361	H@20 0.993948	H@50 0.996276	H@100 1.000000
INFO:kbc-cli.py:Epoch 25/100	Loss 4.4114 ± 0.1857
INFO:kbc-cli.py:Epoch 26/100	Loss 4.4000 ± 0.1965
INFO:kbc-cli.py:Epoch 27/100	Loss 4.3972 ± 0.1888
INFO:kbc-cli.py:Epoch 27/100	dev results	MRR 0.884245	H@1 0.818352	H@3 0.944757	H@5 0.964419	H@10 0.980337	H@20 0.987828	H@50 0.994382	H@100 1.000000
INFO:kbc-cli.py:Epoch 27/100	test results	MRR 0.889029	H@1 0.820298	H@3 0.949255	H@5 0.977188	H@10 0.987896	H@20 0.993482	H@50 0.995810	H@100 1.000000
INFO:kbc-cli.py:Epoch 28/100	Loss 4.3877 ± 0.1878
INFO:kbc-cli.py:Epoch 29/100	Loss 4.3841 ± 0.1867
INFO:kbc-cli.py:Epoch 30/100	Loss 4.3765 ± 0.1846
INFO:kbc-cli.py:Epoch 30/100	dev results	MRR 0.887043	H@1 0.822566	H@3 0.947097	H@5 0.963951	H@10 0.980805	H@20 0.987360	H@50 0.994382	H@100 1.000000
INFO:kbc-cli.py:Epoch 30/100	test results	MRR 0.888493	H@1 0.818901	H@3 0.950652	H@5 0.976257	H@10 0.988827	H@20 0.994413	H@50 0.996276	H@100 1.000000
INFO:kbc-cli.py:Epoch 31/100	Loss 4.3709 ± 0.1719
INFO:kbc-cli.py:Epoch 32/100	Loss 4.3641 ± 0.1580
INFO:kbc-cli.py:Epoch 33/100	Loss 4.3604 ± 0.1709
INFO:kbc-cli.py:Epoch 33/100	dev results	MRR 0.886767	H@1 0.822097	H@3 0.947566	H@5 0.962547	H@10 0.980805	H@20 0.987828	H@50 0.994382	H@100 1.000000
INFO:kbc-cli.py:Epoch 33/100	test results	MRR 0.888834	H@1 0.819367	H@3 0.951583	H@5 0.974860	H@10 0.988361	H@20 0.993482	H@50 0.996276	H@100 1.000000
INFO:kbc-cli.py:Epoch 34/100	Loss 4.3553 ± 0.1882
INFO:kbc-cli.py:Epoch 35/100	Loss 4.3499 ± 0.1749
INFO:kbc-cli.py:Epoch 36/100	Loss 4.3444 ± 0.1660
INFO:kbc-cli.py:Epoch 36/100	dev results	MRR 0.886259	H@1 0.820225	H@3 0.946629	H@5 0.963015	H@10 0.980805	H@20 0.987360	H@50 0.994382	H@100 1.000000
INFO:kbc-cli.py:Epoch 36/100	test results	MRR 0.888294	H@1 0.818901	H@3 0.949721	H@5 0.975326	H@10 0.987896	H@20 0.993482	H@50 0.996276	H@100 1.000000
INFO:kbc-cli.py:Epoch 37/100	Loss 4.3414 ± 0.1808
INFO:kbc-cli.py:Epoch 38/100	Loss 4.3390 ± 0.1766
INFO:kbc-cli.py:Epoch 39/100	Loss 4.3328 ± 0.1562
INFO:kbc-cli.py:Epoch 39/100	dev results	MRR 0.885261	H@1 0.818820	H@3 0.947566	H@5 0.963951	H@10 0.980337	H@20 0.987360	H@50 0.993914	H@100 1.000000
INFO:kbc-cli.py:Epoch 39/100	test results	MRR 0.891109	H@1 0.824488	H@3 0.949255	H@5 0.973464	H@10 0.987896	H@20 0.993482	H@50 0.996276	H@100 1.000000
INFO:kbc-cli.py:Epoch 40/100	Loss 4.3251 ± 0.1765
INFO:kbc-cli.py:Epoch 41/100	Loss 4.3244 ± 0.1602
INFO:kbc-cli.py:Epoch 42/100	Loss 4.3198 ± 0.1720
INFO:kbc-cli.py:Epoch 42/100	dev results	MRR 0.886060	H@1 0.819288	H@3 0.948970	H@5 0.965356	H@10 0.980337	H@20 0.987360	H@50 0.994382	H@100 1.000000
INFO:kbc-cli.py:Epoch 42/100	test results	MRR 0.891181	H@1 0.823557	H@3 0.949721	H@5 0.974860	H@10 0.987896	H@20 0.993948	H@50 0.996276	H@100 1.000000
INFO:kbc-cli.py:Epoch 43/100	Loss 4.3165 ± 0.1577
INFO:kbc-cli.py:Epoch 44/100	Loss 4.3141 ± 0.1786
INFO:kbc-cli.py:Epoch 45/100	Loss 4.3092 ± 0.1637
INFO:kbc-cli.py:Epoch 45/100	dev results	MRR 0.885762	H@1 0.819757	H@3 0.945693	H@5 0.963951	H@10 0.980805	H@20 0.987360	H@50 0.993914	H@100 1.000000
INFO:kbc-cli.py:Epoch 45/100	test results	MRR 0.890119	H@1 0.822160	H@3 0.950186	H@5 0.973464	H@10 0.988361	H@20 0.993948	H@50 0.996276	H@100 1.000000
INFO:kbc-cli.py:Epoch 46/100	Loss 4.3085 ± 0.1632
INFO:kbc-cli.py:Epoch 47/100	Loss 4.3043 ± 0.1584
INFO:kbc-cli.py:Epoch 48/100	Loss 4.3011 ± 0.1554
INFO:kbc-cli.py:Epoch 48/100	dev results	MRR 0.887434	H@1 0.822566	H@3 0.948034	H@5 0.963951	H@10 0.980337	H@20 0.987360	H@50 0.993914	H@100 1.000000
INFO:kbc-cli.py:Epoch 48/100	test results	MRR 0.890410	H@1 0.823091	H@3 0.948790	H@5 0.973464	H@10 0.987896	H@20 0.993482	H@50 0.996276	H@100 1.000000
INFO:kbc-cli.py:Epoch 49/100	Loss 4.2971 ± 0.1595
INFO:kbc-cli.py:Epoch 50/100	Loss 4.2958 ± 0.1512
INFO:kbc-cli.py:Epoch 51/100	Loss 4.2908 ± 0.1373
INFO:kbc-cli.py:Epoch 51/100	dev results	MRR 0.885425	H@1 0.819288	H@3 0.948034	H@5 0.963015	H@10 0.979401	H@20 0.987360	H@50 0.993914	H@100 1.000000
INFO:kbc-cli.py:Epoch 51/100	test results	MRR 0.890325	H@1 0.823091	H@3 0.948790	H@5 0.973464	H@10 0.986965	H@20 0.993482	H@50 0.996276	H@100 1.000000
INFO:kbc-cli.py:Epoch 52/100	Loss 4.2885 ± 0.1300
INFO:kbc-cli.py:Epoch 53/100	Loss 4.2880 ± 0.1653
INFO:kbc-cli.py:Epoch 54/100	Loss 4.2834 ± 0.1627
INFO:kbc-cli.py:Epoch 54/100	dev results	MRR 0.884887	H@1 0.818820	H@3 0.946629	H@5 0.963015	H@10 0.979401	H@20 0.987360	H@50 0.993914	H@100 1.000000
INFO:kbc-cli.py:Epoch 54/100	test results	MRR 0.889265	H@1 0.821229	H@3 0.949721	H@5 0.972533	H@10 0.987430	H@20 0.993482	H@50 0.995810	H@100 1.000000
INFO:kbc-cli.py:Epoch 55/100	Loss 4.2834 ± 0.1603
INFO:kbc-cli.py:Epoch 56/100	Loss 4.2779 ± 0.1460
INFO:kbc-cli.py:Epoch 57/100	Loss 4.2772 ± 0.1456
INFO:kbc-cli.py:Epoch 57/100	dev results	MRR 0.885952	H@1 0.820225	H@3 0.947097	H@5 0.963951	H@10 0.980337	H@20 0.987360	H@50 0.993914	H@100 1.000000
INFO:kbc-cli.py:Epoch 57/100	test results	MRR 0.889092	H@1 0.820764	H@3 0.949255	H@5 0.972067	H@10 0.987430	H@20 0.993948	H@50 0.996276	H@100 1.000000
INFO:kbc-cli.py:Epoch 58/100	Loss 4.2747 ± 0.1471
INFO:kbc-cli.py:Epoch 59/100	Loss 4.2724 ± 0.1605
INFO:kbc-cli.py:Epoch 60/100	Loss 4.2710 ± 0.1669
INFO:kbc-cli.py:Epoch 60/100	dev results	MRR 0.884601	H@1 0.817884	H@3 0.945225	H@5 0.963951	H@10 0.979401	H@20 0.987360	H@50 0.993446	H@100 1.000000
INFO:kbc-cli.py:Epoch 60/100	test results	MRR 0.888322	H@1 0.819832	H@3 0.948324	H@5 0.973464	H@10 0.988361	H@20 0.993948	H@50 0.995810	H@100 1.000000
INFO:kbc-cli.py:Epoch 61/100	Loss 4.2693 ± 0.1389
INFO:kbc-cli.py:Epoch 62/100	Loss 4.2677 ± 0.1501
INFO:kbc-cli.py:Epoch 63/100	Loss 4.2642 ± 0.1510
INFO:kbc-cli.py:Epoch 63/100	dev results	MRR 0.884714	H@1 0.817884	H@3 0.945225	H@5 0.963951	H@10 0.980337	H@20 0.987360	H@50 0.992978	H@100 1.000000
INFO:kbc-cli.py:Epoch 63/100	test results	MRR 0.889294	H@1 0.821229	H@3 0.949721	H@5 0.972067	H@10 0.987430	H@20 0.993948	H@50 0.996276	H@100 1.000000
INFO:kbc-cli.py:Epoch 64/100	Loss 4.2641 ± 0.1562
INFO:kbc-cli.py:Epoch 65/100	Loss 4.2623 ± 0.1657
INFO:kbc-cli.py:Epoch 66/100	Loss 4.2588 ± 0.1396
INFO:kbc-cli.py:Epoch 66/100	dev results	MRR 0.884522	H@1 0.818352	H@3 0.944288	H@5 0.962547	H@10 0.980337	H@20 0.987360	H@50 0.993446	H@100 1.000000
INFO:kbc-cli.py:Epoch 66/100	test results	MRR 0.889464	H@1 0.822160	H@3 0.950186	H@5 0.972533	H@10 0.987430	H@20 0.993948	H@50 0.995810	H@100 1.000000
INFO:kbc-cli.py:Epoch 67/100	Loss 4.2568 ± 0.1413
INFO:kbc-cli.py:Epoch 68/100	Loss 4.2565 ± 0.1663
INFO:kbc-cli.py:Epoch 69/100	Loss 4.2542 ± 0.1443
INFO:kbc-cli.py:Epoch 69/100	dev results	MRR 0.886989	H@1 0.822566	H@3 0.948502	H@5 0.963951	H@10 0.980337	H@20 0.987360	H@50 0.993446	H@100 1.000000
INFO:kbc-cli.py:Epoch 69/100	test results	MRR 0.889077	H@1 0.820298	H@3 0.948790	H@5 0.971601	H@10 0.987430	H@20 0.993482	H@50 0.995810	H@100 1.000000
INFO:kbc-cli.py:Epoch 70/100	Loss 4.2510 ± 0.1590
INFO:kbc-cli.py:Epoch 71/100	Loss 4.2510 ± 0.1508
INFO:kbc-cli.py:Epoch 72/100	Loss 4.2494 ± 0.1343
INFO:kbc-cli.py:Epoch 72/100	dev results	MRR 0.885491	H@1 0.819288	H@3 0.946629	H@5 0.964419	H@10 0.980337	H@20 0.987360	H@50 0.993446	H@100 1.000000
INFO:kbc-cli.py:Epoch 72/100	test results	MRR 0.889258	H@1 0.821695	H@3 0.948790	H@5 0.972533	H@10 0.987430	H@20 0.993482	H@50 0.995810	H@100 1.000000
INFO:kbc-cli.py:Epoch 73/100	Loss 4.2467 ± 0.1171
INFO:kbc-cli.py:Epoch 74/100	Loss 4.2449 ± 0.1502
INFO:kbc-cli.py:Epoch 75/100	Loss 4.2445 ± 0.1361
INFO:kbc-cli.py:Epoch 75/100	dev results	MRR 0.885683	H@1 0.820225	H@3 0.946629	H@5 0.964888	H@10 0.979869	H@20 0.987360	H@50 0.993446	H@100 1.000000
INFO:kbc-cli.py:Epoch 75/100	test results	MRR 0.890207	H@1 0.823091	H@3 0.947858	H@5 0.972533	H@10 0.987430	H@20 0.993948	H@50 0.995810	H@100 1.000000
INFO:kbc-cli.py:Epoch 76/100	Loss 4.2414 ± 0.1647
INFO:kbc-cli.py:Epoch 77/100	Loss 4.2409 ± 0.1459
INFO:kbc-cli.py:Epoch 78/100	Loss 4.2381 ± 0.1296
INFO:kbc-cli.py:Epoch 78/100	dev results	MRR 0.887458	H@1 0.823502	H@3 0.945225	H@5 0.964888	H@10 0.979869	H@20 0.987360	H@50 0.993446	H@100 1.000000
INFO:kbc-cli.py:Epoch 78/100	test results	MRR 0.889766	H@1 0.822626	H@3 0.949255	H@5 0.972533	H@10 0.987430	H@20 0.993948	H@50 0.996276	H@100 1.000000
INFO:kbc-cli.py:Epoch 79/100	Loss 4.2383 ± 0.1358
INFO:kbc-cli.py:Epoch 80/100	Loss 4.2355 ± 0.1523
INFO:kbc-cli.py:Epoch 81/100	Loss 4.2365 ± 0.1380
INFO:kbc-cli.py:Epoch 81/100	dev results	MRR 0.886655	H@1 0.822097	H@3 0.948034	H@5 0.964419	H@10 0.979869	H@20 0.987360	H@50 0.992978	H@100 1.000000
INFO:kbc-cli.py:Epoch 81/100	test results	MRR 0.891749	H@1 0.826816	H@3 0.949255	H@5 0.972067	H@10 0.987430	H@20 0.993948	H@50 0.995810	H@100 1.000000
INFO:kbc-cli.py:Epoch 82/100	Loss 4.2345 ± 0.1333
INFO:kbc-cli.py:Epoch 83/100	Loss 4.2339 ± 0.1495
INFO:kbc-cli.py:Epoch 84/100	Loss 4.2327 ± 0.1498
INFO:kbc-cli.py:Epoch 84/100	dev results	MRR 0.884854	H@1 0.817884	H@3 0.947566	H@5 0.964419	H@10 0.980337	H@20 0.987360	H@50 0.993446	H@100 1.000000
INFO:kbc-cli.py:Epoch 84/100	test results	MRR 0.889501	H@1 0.822160	H@3 0.949721	H@5 0.972067	H@10 0.987430	H@20 0.993948	H@50 0.995810	H@100 1.000000
INFO:kbc-cli.py:Epoch 85/100	Loss 4.2292 ± 0.1358
INFO:kbc-cli.py:Epoch 86/100	Loss 4.2300 ± 0.1440
INFO:kbc-cli.py:Epoch 87/100	Loss 4.2272 ± 0.1356
INFO:kbc-cli.py:Epoch 87/100	dev results	MRR 0.885902	H@1 0.820693	H@3 0.946629	H@5 0.964888	H@10 0.979869	H@20 0.987360	H@50 0.993446	H@100 1.000000
INFO:kbc-cli.py:Epoch 87/100	test results	MRR 0.891081	H@1 0.824022	H@3 0.949721	H@5 0.971601	H@10 0.987430	H@20 0.993948	H@50 0.995810	H@100 1.000000
INFO:kbc-cli.py:Epoch 88/100	Loss 4.2282 ± 0.1448
INFO:kbc-cli.py:Epoch 89/100	Loss 4.2242 ± 0.1419
INFO:kbc-cli.py:Epoch 90/100	Loss 4.2244 ± 0.1343
INFO:kbc-cli.py:Epoch 90/100	dev results	MRR 0.887174	H@1 0.823034	H@3 0.947097	H@5 0.964888	H@10 0.979869	H@20 0.987360	H@50 0.993446	H@100 1.000000
INFO:kbc-cli.py:Epoch 90/100	test results	MRR 0.889770	H@1 0.823091	H@3 0.947393	H@5 0.972067	H@10 0.986965	H@20 0.993948	H@50 0.995810	H@100 1.000000
INFO:kbc-cli.py:Epoch 91/100	Loss 4.2227 ± 0.1599
INFO:kbc-cli.py:Epoch 92/100	Loss 4.2225 ± 0.1360
INFO:kbc-cli.py:Epoch 93/100	Loss 4.2208 ± 0.1266
INFO:kbc-cli.py:Epoch 93/100	dev results	MRR 0.885266	H@1 0.819288	H@3 0.945225	H@5 0.965356	H@10 0.979869	H@20 0.987360	H@50 0.992978	H@100 1.000000
INFO:kbc-cli.py:Epoch 93/100	test results	MRR 0.888546	H@1 0.820764	H@3 0.948790	H@5 0.971601	H@10 0.987896	H@20 0.993948	H@50 0.995810	H@100 1.000000
INFO:kbc-cli.py:Epoch 94/100	Loss 4.2181 ± 0.1299
INFO:kbc-cli.py:Epoch 95/100	Loss 4.2185 ± 0.1429
INFO:kbc-cli.py:Epoch 96/100	Loss 4.2177 ± 0.1381
INFO:kbc-cli.py:Epoch 96/100	dev results	MRR 0.885603	H@1 0.820225	H@3 0.946629	H@5 0.964419	H@10 0.979869	H@20 0.987360	H@50 0.993446	H@100 1.000000
INFO:kbc-cli.py:Epoch 96/100	test results	MRR 0.887597	H@1 0.818901	H@3 0.948324	H@5 0.971601	H@10 0.986965	H@20 0.993482	H@50 0.995810	H@100 1.000000
INFO:kbc-cli.py:Epoch 97/100	Loss 4.2172 ± 0.1389
INFO:kbc-cli.py:Epoch 98/100	Loss 4.2144 ± 0.1213
INFO:kbc-cli.py:Epoch 99/100	Loss 4.2147 ± 0.1360
INFO:kbc-cli.py:Epoch 99/100	dev results	MRR 0.887429	H@1 0.823034	H@3 0.947097	H@5 0.964888	H@10 0.980337	H@20 0.987360	H@50 0.993446	H@100 1.000000
INFO:kbc-cli.py:Epoch 99/100	test results	MRR 0.888119	H@1 0.819832	H@3 0.949255	H@5 0.971136	H@10 0.988361	H@20 0.993948	H@50 0.995810	H@100 1.000000
INFO:kbc-cli.py:Epoch 100/100	Loss 4.2135 ± 0.1377
INFO:kbc-cli.py:Final 	dev results	MRR 0.887045	H@1 0.822097	H@3 0.946629	H@5 0.965824	H@10 0.980337	H@20 0.987360	H@50 0.993446	H@100 1.000000
INFO:kbc-cli.py:Final 	test results	MRR 0.889585	H@1 0.823091	H@3 0.948790	H@5 0.972998	H@10 0.987896	H@20 0.993948	H@50 0.995810	H@100 1.000000
INFO:kbc-cli.py:Training finished
