./bin/kbc-cli.py --train data/nations/train.tsv --dev data/nations/dev.tsv --test data/nations/test.tsv -m complex -k 200 -b 100 -e 100 --F2 0 --N3 0.1 -l 0.1 -I reciprocal -V 3 -o adagrad -c spo -q
{'F2': 0.0,
 'N3': 0.1,
 'batch_size': 100,
 'corruption': 'spo',
 'dev': 'data/nations/dev.tsv',
 'embedding_size': 200,
 'epochs': 100,
 'eval_batch_size': None,
 'input_type': 'reciprocal',
 'learning_rate': 0.1,
 'load': None,
 'model': 'complex',
 'optimizer': 'adagrad',
 'quiet': True,
 'save': None,
 'seed': 0,
 'test': 'data/nations/test.tsv',
 'test_i': None,
 'test_ii': None,
 'train': 'data/nations/train.tsv',
 'validate_every': 3}
INFO:kbc-cli.py:Device: cuda
INFO:kbc-cli.py:Model state:
INFO:kbc-cli.py:	entities.weight	torch.Size([14, 400])
INFO:kbc-cli.py:	predicates.weight	torch.Size([110, 400])
INFO:kbc-cli.py:Epoch 1/100	Loss 9.9926 ± 0.1849
INFO:kbc-cli.py:Epoch 2/100	Loss 9.6138 ± 0.0663
INFO:kbc-cli.py:Epoch 3/100	Loss 9.4778 ± 0.0881
INFO:kbc-cli.py:Epoch 3/100	dev results	MRR 0.671908	H@1 0.507538	H@3 0.783920	H@5 0.879397	H@10 0.992462	H@20 1.000000	H@50 1.000000	H@100 1.000000
INFO:kbc-cli.py:Epoch 3/100	test results	MRR 0.672849	H@1 0.495025	H@3 0.815920	H@5 0.925373	H@10 0.987562	H@20 1.000000	H@50 1.000000	H@100 1.000000
INFO:kbc-cli.py:Epoch 4/100	Loss 9.4191 ± 0.1201
INFO:kbc-cli.py:Epoch 5/100	Loss 9.3809 ± 0.1189
INFO:kbc-cli.py:Epoch 6/100	Loss 9.3490 ± 0.1035
INFO:kbc-cli.py:Epoch 6/100	dev results	MRR 0.701764	H@1 0.547739	H@3 0.826633	H@5 0.924623	H@10 0.992462	H@20 1.000000	H@50 1.000000	H@100 1.000000
INFO:kbc-cli.py:Epoch 6/100	test results	MRR 0.727812	H@1 0.572139	H@3 0.868159	H@5 0.937811	H@10 0.992537	H@20 1.000000	H@50 1.000000	H@100 1.000000
INFO:kbc-cli.py:Epoch 7/100	Loss 9.3268 ± 0.0960
INFO:kbc-cli.py:Epoch 8/100	Loss 9.3047 ± 0.1144
INFO:kbc-cli.py:Epoch 9/100	Loss 9.2890 ± 0.0880
INFO:kbc-cli.py:Epoch 9/100	dev results	MRR 0.715112	H@1 0.557789	H@3 0.849246	H@5 0.929648	H@10 0.992462	H@20 1.000000	H@50 1.000000	H@100 1.000000
INFO:kbc-cli.py:Epoch 9/100	test results	MRR 0.735570	H@1 0.582090	H@3 0.865672	H@5 0.942786	H@10 1.000000	H@20 1.000000	H@50 1.000000	H@100 1.000000
INFO:kbc-cli.py:Epoch 10/100	Loss 9.2753 ± 0.0738
INFO:kbc-cli.py:Epoch 11/100	Loss 9.2622 ± 0.1145
INFO:kbc-cli.py:Epoch 12/100	Loss 9.2521 ± 0.1060
INFO:kbc-cli.py:Epoch 12/100	dev results	MRR 0.727628	H@1 0.577889	H@3 0.859296	H@5 0.942211	H@10 0.992462	H@20 1.000000	H@50 1.000000	H@100 1.000000
INFO:kbc-cli.py:Epoch 12/100	test results	MRR 0.762953	H@1 0.626866	H@3 0.873134	H@5 0.957711	H@10 0.997512	H@20 1.000000	H@50 1.000000	H@100 1.000000
INFO:kbc-cli.py:Epoch 13/100	Loss 9.2437 ± 0.0991
INFO:kbc-cli.py:Epoch 14/100	Loss 9.2344 ± 0.1021
INFO:kbc-cli.py:Epoch 15/100	Loss 9.2254 ± 0.0843
INFO:kbc-cli.py:Epoch 15/100	dev results	MRR 0.732308	H@1 0.580402	H@3 0.866834	H@5 0.944724	H@10 0.992462	H@20 1.000000	H@50 1.000000	H@100 1.000000
INFO:kbc-cli.py:Epoch 15/100	test results	MRR 0.765014	H@1 0.626866	H@3 0.875622	H@5 0.962687	H@10 1.000000	H@20 1.000000	H@50 1.000000	H@100 1.000000
INFO:kbc-cli.py:Epoch 16/100	Loss 9.2196 ± 0.0813
INFO:kbc-cli.py:Epoch 17/100	Loss 9.2136 ± 0.0991
INFO:kbc-cli.py:Epoch 18/100	Loss 9.2075 ± 0.0870
INFO:kbc-cli.py:Epoch 18/100	dev results	MRR 0.735715	H@1 0.585427	H@3 0.866834	H@5 0.942211	H@10 0.992462	H@20 1.000000	H@50 1.000000	H@100 1.000000
INFO:kbc-cli.py:Epoch 18/100	test results	MRR 0.763055	H@1 0.624378	H@3 0.878109	H@5 0.962687	H@10 1.000000	H@20 1.000000	H@50 1.000000	H@100 1.000000
INFO:kbc-cli.py:Epoch 19/100	Loss 9.2011 ± 0.0776
INFO:kbc-cli.py:Epoch 20/100	Loss 9.1978 ± 0.1136
INFO:kbc-cli.py:Epoch 21/100	Loss 9.1930 ± 0.0962
INFO:kbc-cli.py:Epoch 21/100	dev results	MRR 0.739465	H@1 0.592965	H@3 0.866834	H@5 0.949749	H@10 0.994975	H@20 1.000000	H@50 1.000000	H@100 1.000000
INFO:kbc-cli.py:Epoch 21/100	test results	MRR 0.767540	H@1 0.631841	H@3 0.878109	H@5 0.960199	H@10 1.000000	H@20 1.000000	H@50 1.000000	H@100 1.000000
INFO:kbc-cli.py:Epoch 22/100	Loss 9.1866 ± 0.0994
INFO:kbc-cli.py:Epoch 23/100	Loss 9.1849 ± 0.1056
INFO:kbc-cli.py:Epoch 24/100	Loss 9.1807 ± 0.1048
INFO:kbc-cli.py:Epoch 24/100	dev results	MRR 0.739610	H@1 0.595477	H@3 0.864322	H@5 0.944724	H@10 0.992462	H@20 1.000000	H@50 1.000000	H@100 1.000000
INFO:kbc-cli.py:Epoch 24/100	test results	MRR 0.774818	H@1 0.641791	H@3 0.875622	H@5 0.965174	H@10 1.000000	H@20 1.000000	H@50 1.000000	H@100 1.000000
INFO:kbc-cli.py:Epoch 25/100	Loss 9.1754 ± 0.0708
INFO:kbc-cli.py:Epoch 26/100	Loss 9.1728 ± 0.0722
INFO:kbc-cli.py:Epoch 27/100	Loss 9.1707 ± 0.0864
INFO:kbc-cli.py:Epoch 27/100	dev results	MRR 0.743660	H@1 0.600503	H@3 0.864322	H@5 0.944724	H@10 0.994975	H@20 1.000000	H@50 1.000000	H@100 1.000000
INFO:kbc-cli.py:Epoch 27/100	test results	MRR 0.771724	H@1 0.636816	H@3 0.885572	H@5 0.962687	H@10 1.000000	H@20 1.000000	H@50 1.000000	H@100 1.000000
INFO:kbc-cli.py:Epoch 28/100	Loss 9.1674 ± 0.0874
INFO:kbc-cli.py:Epoch 29/100	Loss 9.1647 ± 0.0869
INFO:kbc-cli.py:Epoch 30/100	Loss 9.1623 ± 0.1216
INFO:kbc-cli.py:Epoch 30/100	dev results	MRR 0.743728	H@1 0.600503	H@3 0.861809	H@5 0.947236	H@10 0.994975	H@20 1.000000	H@50 1.000000	H@100 1.000000
INFO:kbc-cli.py:Epoch 30/100	test results	MRR 0.773533	H@1 0.644279	H@3 0.880597	H@5 0.962687	H@10 1.000000	H@20 1.000000	H@50 1.000000	H@100 1.000000
INFO:kbc-cli.py:Epoch 31/100	Loss 9.1606 ± 0.1031
INFO:kbc-cli.py:Epoch 32/100	Loss 9.1563 ± 0.0873
INFO:kbc-cli.py:Epoch 33/100	Loss 9.1558 ± 0.1041
INFO:kbc-cli.py:Epoch 33/100	dev results	MRR 0.744516	H@1 0.603015	H@3 0.866834	H@5 0.947236	H@10 0.994975	H@20 1.000000	H@50 1.000000	H@100 1.000000
INFO:kbc-cli.py:Epoch 33/100	test results	MRR 0.777803	H@1 0.651741	H@3 0.885572	H@5 0.962687	H@10 1.000000	H@20 1.000000	H@50 1.000000	H@100 1.000000
INFO:kbc-cli.py:Epoch 34/100	Loss 9.1536 ± 0.1211
INFO:kbc-cli.py:Epoch 35/100	Loss 9.1509 ± 0.0810
INFO:kbc-cli.py:Epoch 36/100	Loss 9.1495 ± 0.0864
INFO:kbc-cli.py:Epoch 36/100	dev results	MRR 0.749669	H@1 0.610553	H@3 0.869347	H@5 0.947236	H@10 0.992462	H@20 1.000000	H@50 1.000000	H@100 1.000000
INFO:kbc-cli.py:Epoch 36/100	test results	MRR 0.777928	H@1 0.651741	H@3 0.888060	H@5 0.960199	H@10 1.000000	H@20 1.000000	H@50 1.000000	H@100 1.000000
INFO:kbc-cli.py:Epoch 37/100	Loss 9.1460 ± 0.0805
INFO:kbc-cli.py:Epoch 38/100	Loss 9.1465 ± 0.1159
INFO:kbc-cli.py:Epoch 39/100	Loss 9.1445 ± 0.1068
INFO:kbc-cli.py:Epoch 39/100	dev results	MRR 0.755642	H@1 0.623116	H@3 0.869347	H@5 0.949749	H@10 0.994975	H@20 1.000000	H@50 1.000000	H@100 1.000000
INFO:kbc-cli.py:Epoch 39/100	test results	MRR 0.773195	H@1 0.644279	H@3 0.885572	H@5 0.960199	H@10 1.000000	H@20 1.000000	H@50 1.000000	H@100 1.000000
INFO:kbc-cli.py:Epoch 40/100	Loss 9.1431 ± 0.1115
INFO:kbc-cli.py:Epoch 41/100	Loss 9.1393 ± 0.0941
INFO:kbc-cli.py:Epoch 42/100	Loss 9.1384 ± 0.0907
INFO:kbc-cli.py:Epoch 42/100	dev results	MRR 0.752190	H@1 0.615578	H@3 0.874372	H@5 0.949749	H@10 0.992462	H@20 1.000000	H@50 1.000000	H@100 1.000000
INFO:kbc-cli.py:Epoch 42/100	test results	MRR 0.772241	H@1 0.641791	H@3 0.890547	H@5 0.960199	H@10 1.000000	H@20 1.000000	H@50 1.000000	H@100 1.000000
INFO:kbc-cli.py:Epoch 43/100	Loss 9.1383 ± 0.1114
INFO:kbc-cli.py:Epoch 44/100	Loss 9.1363 ± 0.1073
INFO:kbc-cli.py:Epoch 45/100	Loss 9.1349 ± 0.0871
INFO:kbc-cli.py:Epoch 45/100	dev results	MRR 0.749581	H@1 0.610553	H@3 0.869347	H@5 0.949749	H@10 0.992462	H@20 1.000000	H@50 1.000000	H@100 1.000000
INFO:kbc-cli.py:Epoch 45/100	test results	MRR 0.774024	H@1 0.644279	H@3 0.890547	H@5 0.960199	H@10 1.000000	H@20 1.000000	H@50 1.000000	H@100 1.000000
INFO:kbc-cli.py:Epoch 46/100	Loss 9.1338 ± 0.1025
INFO:kbc-cli.py:Epoch 47/100	Loss 9.1326 ± 0.0853
INFO:kbc-cli.py:Epoch 48/100	Loss 9.1304 ± 0.0771
INFO:kbc-cli.py:Epoch 48/100	dev results	MRR 0.750346	H@1 0.613065	H@3 0.866834	H@5 0.949749	H@10 0.992462	H@20 1.000000	H@50 1.000000	H@100 1.000000
INFO:kbc-cli.py:Epoch 48/100	test results	MRR 0.774296	H@1 0.644279	H@3 0.888060	H@5 0.960199	H@10 1.000000	H@20 1.000000	H@50 1.000000	H@100 1.000000
INFO:kbc-cli.py:Epoch 49/100	Loss 9.1301 ± 0.1220
INFO:kbc-cli.py:Epoch 50/100	Loss 9.1285 ± 0.0845
INFO:kbc-cli.py:Epoch 51/100	Loss 9.1272 ± 0.0869
INFO:kbc-cli.py:Epoch 51/100	dev results	MRR 0.749675	H@1 0.610553	H@3 0.869347	H@5 0.947236	H@10 0.994975	H@20 1.000000	H@50 1.000000	H@100 1.000000
INFO:kbc-cli.py:Epoch 51/100	test results	MRR 0.776591	H@1 0.649254	H@3 0.888060	H@5 0.957711	H@10 1.000000	H@20 1.000000	H@50 1.000000	H@100 1.000000
INFO:kbc-cli.py:Epoch 52/100	Loss 9.1276 ± 0.1083
INFO:kbc-cli.py:Epoch 53/100	Loss 9.1256 ± 0.0980
INFO:kbc-cli.py:Epoch 54/100	Loss 9.1249 ± 0.0996
INFO:kbc-cli.py:Epoch 54/100	dev results	MRR 0.752055	H@1 0.613065	H@3 0.874372	H@5 0.947236	H@10 0.994975	H@20 1.000000	H@50 1.000000	H@100 1.000000
INFO:kbc-cli.py:Epoch 54/100	test results	MRR 0.776196	H@1 0.649254	H@3 0.888060	H@5 0.962687	H@10 0.997512	H@20 1.000000	H@50 1.000000	H@100 1.000000
INFO:kbc-cli.py:Epoch 55/100	Loss 9.1248 ± 0.1199
INFO:kbc-cli.py:Epoch 56/100	Loss 9.1214 ± 0.0940
INFO:kbc-cli.py:Epoch 57/100	Loss 9.1211 ± 0.0622
INFO:kbc-cli.py:Epoch 57/100	dev results	MRR 0.752242	H@1 0.613065	H@3 0.871859	H@5 0.949749	H@10 0.994975	H@20 1.000000	H@50 1.000000	H@100 1.000000
INFO:kbc-cli.py:Epoch 57/100	test results	MRR 0.772938	H@1 0.644279	H@3 0.888060	H@5 0.962687	H@10 0.997512	H@20 1.000000	H@50 1.000000	H@100 1.000000
INFO:kbc-cli.py:Epoch 58/100	Loss 9.1212 ± 0.1061
INFO:kbc-cli.py:Epoch 59/100	Loss 9.1192 ± 0.0767
INFO:kbc-cli.py:Epoch 60/100	Loss 9.1180 ± 0.0833
INFO:kbc-cli.py:Epoch 60/100	dev results	MRR 0.751241	H@1 0.613065	H@3 0.869347	H@5 0.949749	H@10 0.994975	H@20 1.000000	H@50 1.000000	H@100 1.000000
INFO:kbc-cli.py:Epoch 60/100	test results	MRR 0.775687	H@1 0.646766	H@3 0.893035	H@5 0.962687	H@10 0.997512	H@20 1.000000	H@50 1.000000	H@100 1.000000
INFO:kbc-cli.py:Epoch 61/100	Loss 9.1182 ± 0.0893
INFO:kbc-cli.py:Epoch 62/100	Loss 9.1176 ± 0.0958
INFO:kbc-cli.py:Epoch 63/100	Loss 9.1164 ± 0.0795
INFO:kbc-cli.py:Epoch 63/100	dev results	MRR 0.751929	H@1 0.615578	H@3 0.871859	H@5 0.949749	H@10 0.994975	H@20 1.000000	H@50 1.000000	H@100 1.000000
INFO:kbc-cli.py:Epoch 63/100	test results	MRR 0.777712	H@1 0.649254	H@3 0.890547	H@5 0.957711	H@10 0.997512	H@20 1.000000	H@50 1.000000	H@100 1.000000
INFO:kbc-cli.py:Epoch 64/100	Loss 9.1166 ± 0.1259
INFO:kbc-cli.py:Epoch 65/100	Loss 9.1152 ± 0.0997
INFO:kbc-cli.py:Epoch 66/100	Loss 9.1141 ± 0.0846
INFO:kbc-cli.py:Epoch 66/100	dev results	MRR 0.751917	H@1 0.613065	H@3 0.869347	H@5 0.947236	H@10 0.994975	H@20 1.000000	H@50 1.000000	H@100 1.000000
INFO:kbc-cli.py:Epoch 66/100	test results	MRR 0.776853	H@1 0.646766	H@3 0.890547	H@5 0.960199	H@10 0.997512	H@20 1.000000	H@50 1.000000	H@100 1.000000
INFO:kbc-cli.py:Epoch 67/100	Loss 9.1142 ± 0.0970
INFO:kbc-cli.py:Epoch 68/100	Loss 9.1132 ± 0.0968
INFO:kbc-cli.py:Epoch 69/100	Loss 9.1107 ± 0.0816
INFO:kbc-cli.py:Epoch 69/100	dev results	MRR 0.753032	H@1 0.613065	H@3 0.876884	H@5 0.949749	H@10 0.994975	H@20 1.000000	H@50 1.000000	H@100 1.000000
INFO:kbc-cli.py:Epoch 69/100	test results	MRR 0.775609	H@1 0.646766	H@3 0.890547	H@5 0.960199	H@10 0.997512	H@20 1.000000	H@50 1.000000	H@100 1.000000
INFO:kbc-cli.py:Epoch 70/100	Loss 9.1117 ± 0.0801
INFO:kbc-cli.py:Epoch 71/100	Loss 9.1112 ± 0.0946
INFO:kbc-cli.py:Epoch 72/100	Loss 9.1093 ± 0.1152
INFO:kbc-cli.py:Epoch 72/100	dev results	MRR 0.754487	H@1 0.618090	H@3 0.874372	H@5 0.947236	H@10 0.994975	H@20 1.000000	H@50 1.000000	H@100 1.000000
INFO:kbc-cli.py:Epoch 72/100	test results	MRR 0.774365	H@1 0.644279	H@3 0.893035	H@5 0.957711	H@10 0.997512	H@20 1.000000	H@50 1.000000	H@100 1.000000
INFO:kbc-cli.py:Epoch 73/100	Loss 9.1093 ± 0.0821
INFO:kbc-cli.py:Epoch 74/100	Loss 9.1096 ± 0.0987
INFO:kbc-cli.py:Epoch 75/100	Loss 9.1094 ± 0.0855
INFO:kbc-cli.py:Epoch 75/100	dev results	MRR 0.755450	H@1 0.620603	H@3 0.871859	H@5 0.949749	H@10 0.994975	H@20 1.000000	H@50 1.000000	H@100 1.000000
INFO:kbc-cli.py:Epoch 75/100	test results	MRR 0.776673	H@1 0.646766	H@3 0.893035	H@5 0.960199	H@10 0.997512	H@20 1.000000	H@50 1.000000	H@100 1.000000
INFO:kbc-cli.py:Epoch 76/100	Loss 9.1072 ± 0.0751
INFO:kbc-cli.py:Epoch 77/100	Loss 9.1078 ± 0.0910
INFO:kbc-cli.py:Epoch 78/100	Loss 9.1062 ± 0.0991
INFO:kbc-cli.py:Epoch 78/100	dev results	MRR 0.756033	H@1 0.620603	H@3 0.871859	H@5 0.947236	H@10 0.994975	H@20 1.000000	H@50 1.000000	H@100 1.000000
INFO:kbc-cli.py:Epoch 78/100	test results	MRR 0.777360	H@1 0.646766	H@3 0.900498	H@5 0.960199	H@10 0.997512	H@20 1.000000	H@50 1.000000	H@100 1.000000
INFO:kbc-cli.py:Epoch 79/100	Loss 9.1059 ± 0.0934
INFO:kbc-cli.py:Epoch 80/100	Loss 9.1063 ± 0.0806
INFO:kbc-cli.py:Epoch 81/100	Loss 9.1056 ± 0.0776
INFO:kbc-cli.py:Epoch 81/100	dev results	MRR 0.756766	H@1 0.620603	H@3 0.879397	H@5 0.949749	H@10 0.994975	H@20 1.000000	H@50 1.000000	H@100 1.000000
INFO:kbc-cli.py:Epoch 81/100	test results	MRR 0.776590	H@1 0.646766	H@3 0.895522	H@5 0.960199	H@10 0.997512	H@20 1.000000	H@50 1.000000	H@100 1.000000
INFO:kbc-cli.py:Epoch 82/100	Loss 9.1049 ± 0.0944
INFO:kbc-cli.py:Epoch 83/100	Loss 9.1047 ± 0.0872
INFO:kbc-cli.py:Epoch 84/100	Loss 9.1033 ± 0.0975
INFO:kbc-cli.py:Epoch 84/100	dev results	MRR 0.755459	H@1 0.618090	H@3 0.876884	H@5 0.949749	H@10 0.992462	H@20 1.000000	H@50 1.000000	H@100 1.000000
INFO:kbc-cli.py:Epoch 84/100	test results	MRR 0.776259	H@1 0.644279	H@3 0.898010	H@5 0.960199	H@10 0.997512	H@20 1.000000	H@50 1.000000	H@100 1.000000
INFO:kbc-cli.py:Epoch 85/100	Loss 9.1044 ± 0.1009
INFO:kbc-cli.py:Epoch 86/100	Loss 9.1024 ± 0.0724
INFO:kbc-cli.py:Epoch 87/100	Loss 9.1041 ± 0.0876
INFO:kbc-cli.py:Epoch 87/100	dev results	MRR 0.755203	H@1 0.618090	H@3 0.874372	H@5 0.949749	H@10 0.994975	H@20 1.000000	H@50 1.000000	H@100 1.000000
INFO:kbc-cli.py:Epoch 87/100	test results	MRR 0.775844	H@1 0.644279	H@3 0.898010	H@5 0.960199	H@10 0.997512	H@20 1.000000	H@50 1.000000	H@100 1.000000
INFO:kbc-cli.py:Epoch 88/100	Loss 9.1016 ± 0.0956
INFO:kbc-cli.py:Epoch 89/100	Loss 9.1010 ± 0.1121
INFO:kbc-cli.py:Epoch 90/100	Loss 9.1003 ± 0.0831
INFO:kbc-cli.py:Epoch 90/100	dev results	MRR 0.754464	H@1 0.615578	H@3 0.876884	H@5 0.949749	H@10 0.992462	H@20 1.000000	H@50 1.000000	H@100 1.000000
INFO:kbc-cli.py:Epoch 90/100	test results	MRR 0.774103	H@1 0.641791	H@3 0.893035	H@5 0.957711	H@10 0.997512	H@20 1.000000	H@50 1.000000	H@100 1.000000
INFO:kbc-cli.py:Epoch 91/100	Loss 9.1000 ± 0.0858
INFO:kbc-cli.py:Epoch 92/100	Loss 9.1002 ± 0.0880
INFO:kbc-cli.py:Epoch 93/100	Loss 9.0999 ± 0.0957
INFO:kbc-cli.py:Epoch 93/100	dev results	MRR 0.754645	H@1 0.618090	H@3 0.874372	H@5 0.949749	H@10 0.992462	H@20 1.000000	H@50 1.000000	H@100 1.000000
INFO:kbc-cli.py:Epoch 93/100	test results	MRR 0.775291	H@1 0.641791	H@3 0.895522	H@5 0.957711	H@10 0.997512	H@20 1.000000	H@50 1.000000	H@100 1.000000
INFO:kbc-cli.py:Epoch 94/100	Loss 9.0998 ± 0.1022
INFO:kbc-cli.py:Epoch 95/100	Loss 9.0997 ± 0.0831
INFO:kbc-cli.py:Epoch 96/100	Loss 9.0985 ± 0.1020
INFO:kbc-cli.py:Epoch 96/100	dev results	MRR 0.756642	H@1 0.620603	H@3 0.876884	H@5 0.952261	H@10 0.992462	H@20 1.000000	H@50 1.000000	H@100 1.000000
INFO:kbc-cli.py:Epoch 96/100	test results	MRR 0.777337	H@1 0.646766	H@3 0.895522	H@5 0.957711	H@10 0.997512	H@20 1.000000	H@50 1.000000	H@100 1.000000
INFO:kbc-cli.py:Epoch 97/100	Loss 9.0983 ± 0.0899
INFO:kbc-cli.py:Epoch 98/100	Loss 9.0979 ± 0.0775
INFO:kbc-cli.py:Epoch 99/100	Loss 9.0978 ± 0.0805
INFO:kbc-cli.py:Epoch 99/100	dev results	MRR 0.756115	H@1 0.620603	H@3 0.874372	H@5 0.952261	H@10 0.992462	H@20 1.000000	H@50 1.000000	H@100 1.000000
INFO:kbc-cli.py:Epoch 99/100	test results	MRR 0.777240	H@1 0.646766	H@3 0.900498	H@5 0.957711	H@10 0.997512	H@20 1.000000	H@50 1.000000	H@100 1.000000
INFO:kbc-cli.py:Epoch 100/100	Loss 9.0973 ± 0.0991
INFO:kbc-cli.py:Final 	dev results	MRR 0.756534	H@1 0.620603	H@3 0.874372	H@5 0.952261	H@10 0.992462	H@20 1.000000	H@50 1.000000	H@100 1.000000
INFO:kbc-cli.py:Final 	test results	MRR 0.776787	H@1 0.646766	H@3 0.898010	H@5 0.957711	H@10 0.997512	H@20 1.000000	H@50 1.000000	H@100 1.000000
INFO:kbc-cli.py:Training finished
