./bin/kbc-cli.py --train data/kinship/train.tsv --dev data/kinship/dev.tsv --test data/kinship/test.tsv -m complex -k 500 -b 500 -e 100 --F2 0 --N3 0.5 -l 0.1 -I standard -V 3 -o adagrad -c so -q
{'F2': 0.0,
 'N3': 0.5,
 'batch_size': 500,
 'corruption': 'so',
 'dev': 'data/kinship/dev.tsv',
 'embedding_size': 500,
 'epochs': 100,
 'eval_batch_size': None,
 'input_type': 'standard',
 'learning_rate': 0.1,
 'load': None,
 'model': 'complex',
 'optimizer': 'adagrad',
 'quiet': True,
 'save': None,
 'seed': 0,
 'test': 'data/kinship/test.tsv',
 'test_i': None,
 'test_ii': None,
 'train': 'data/kinship/train.tsv',
 'validate_every': 3}
INFO:kbc-cli.py:Device: cuda
INFO:kbc-cli.py:Model state:
INFO:kbc-cli.py:	entities.weight	torch.Size([104, 1000])
INFO:kbc-cli.py:	predicates.weight	torch.Size([25, 1000])
INFO:kbc-cli.py:Epoch 1/100	Loss 9.4104 ± 0.4603
INFO:kbc-cli.py:Epoch 2/100	Loss 9.2889 ± 0.0000
INFO:kbc-cli.py:Epoch 3/100	Loss 9.2888 ± 0.0000
INFO:kbc-cli.py:Epoch 3/100	dev results	MRR 0.106766	H@1 0.032772	H@3 0.092697	H@5 0.138577	H@10 0.237360	H@20 0.397940	H@50 0.727996	H@100 0.999064
INFO:kbc-cli.py:Epoch 3/100	test results	MRR 0.116657	H@1 0.043296	H@3 0.102886	H@5 0.148510	H@10 0.257449	H@20 0.411546	H@50 0.712291	H@100 0.999069
INFO:kbc-cli.py:Epoch 4/100	Loss 9.2888 ± 0.0000
INFO:kbc-cli.py:Epoch 5/100	Loss 9.2888 ± 0.0000
INFO:kbc-cli.py:Epoch 6/100	Loss 9.2888 ± 0.0000
INFO:kbc-cli.py:Epoch 6/100	dev results	MRR 0.195688	H@1 0.079588	H@3 0.205056	H@5 0.288390	H@10 0.448034	H@20 0.636704	H@50 0.889513	H@100 1.000000
INFO:kbc-cli.py:Epoch 6/100	test results	MRR 0.204684	H@1 0.089851	H@3 0.218343	H@5 0.305866	H@10 0.442737	H@20 0.629888	H@50 0.886406	H@100 1.000000
INFO:kbc-cli.py:Epoch 7/100	Loss 9.2888 ± 0.0000
INFO:kbc-cli.py:Epoch 8/100	Loss 9.2888 ± 0.0000
INFO:kbc-cli.py:Epoch 9/100	Loss 9.2888 ± 0.0000
INFO:kbc-cli.py:Epoch 9/100	dev results	MRR 0.296625	H@1 0.143727	H@3 0.325843	H@5 0.465824	H@10 0.664326	H@20 0.861423	H@50 0.977060	H@100 1.000000
INFO:kbc-cli.py:Epoch 9/100	test results	MRR 0.293883	H@1 0.140596	H@3 0.324022	H@5 0.454376	H@10 0.659683	H@20 0.846369	H@50 0.979516	H@100 1.000000
INFO:kbc-cli.py:Epoch 10/100	Loss 9.2888 ± 0.0000
INFO:kbc-cli.py:Epoch 11/100	Loss 9.2888 ± 0.0000
INFO:kbc-cli.py:Epoch 12/100	Loss 9.2888 ± 0.0000
INFO:kbc-cli.py:Epoch 12/100	dev results	MRR 0.331386	H@1 0.158240	H@3 0.376873	H@5 0.532303	H@10 0.759363	H@20 0.947097	H@50 0.990637	H@100 1.000000
INFO:kbc-cli.py:Epoch 12/100	test results	MRR 0.328846	H@1 0.160149	H@3 0.368250	H@5 0.510708	H@10 0.749534	H@20 0.939479	H@50 0.990689	H@100 1.000000
INFO:kbc-cli.py:Epoch 13/100	Loss 9.2888 ± 0.0000
INFO:kbc-cli.py:Epoch 14/100	Loss 9.2888 ± 0.0000
INFO:kbc-cli.py:Epoch 15/100	Loss 9.2888 ± 0.0000
INFO:kbc-cli.py:Epoch 15/100	dev results	MRR 0.332441	H@1 0.157772	H@3 0.382959	H@5 0.535112	H@10 0.769195	H@20 0.953184	H@50 0.990169	H@100 1.000000
INFO:kbc-cli.py:Epoch 15/100	test results	MRR 0.328889	H@1 0.159683	H@3 0.360801	H@5 0.523277	H@10 0.742551	H@20 0.948790	H@50 0.992551	H@100 1.000000
INFO:kbc-cli.py:Epoch 16/100	Loss 9.2888 ± 0.0000
INFO:kbc-cli.py:Epoch 17/100	Loss 9.2888 ± 0.0000
INFO:kbc-cli.py:Epoch 18/100	Loss 9.2888 ± 0.0000
INFO:kbc-cli.py:Epoch 18/100	dev results	MRR 0.313674	H@1 0.140918	H@3 0.345974	H@5 0.500468	H@10 0.749064	H@20 0.950375	H@50 0.991105	H@100 1.000000
INFO:kbc-cli.py:Epoch 18/100	test results	MRR 0.308741	H@1 0.133613	H@3 0.344972	H@5 0.506052	H@10 0.734637	H@20 0.948790	H@50 0.991620	H@100 1.000000
INFO:kbc-cli.py:Epoch 19/100	Loss 9.2888 ± 0.0000
INFO:kbc-cli.py:Epoch 20/100	Loss 9.2888 ± 0.0000
INFO:kbc-cli.py:Epoch 21/100	Loss 9.2888 ± 0.0000
INFO:kbc-cli.py:Epoch 21/100	dev results	MRR 0.282029	H@1 0.117978	H@3 0.304775	H@5 0.441948	H@10 0.694757	H@20 0.945693	H@50 0.990637	H@100 1.000000
INFO:kbc-cli.py:Epoch 21/100	test results	MRR 0.276447	H@1 0.111266	H@3 0.297952	H@5 0.438082	H@10 0.694134	H@20 0.946927	H@50 0.990689	H@100 1.000000
INFO:kbc-cli.py:Epoch 22/100	Loss 9.2888 ± 0.0000
INFO:kbc-cli.py:Epoch 23/100	Loss 9.2888 ± 0.0000
INFO:kbc-cli.py:Epoch 24/100	Loss 9.2888 ± 0.0000
INFO:kbc-cli.py:Epoch 24/100	dev results	MRR 0.245005	H@1 0.090824	H@3 0.246723	H@5 0.394195	H@10 0.643727	H@20 0.936798	H@50 0.989700	H@100 1.000000
INFO:kbc-cli.py:Epoch 24/100	test results	MRR 0.237896	H@1 0.084264	H@3 0.230447	H@5 0.381750	H@10 0.656425	H@20 0.938547	H@50 0.993017	H@100 1.000000
INFO:kbc-cli.py:Epoch 25/100	Loss 9.2888 ± 0.0000
INFO:kbc-cli.py:Epoch 26/100	Loss 9.2888 ± 0.0000
INFO:kbc-cli.py:Epoch 27/100	Loss 9.2888 ± 0.0000
INFO:kbc-cli.py:Epoch 27/100	dev results	MRR 0.228397	H@1 0.080993	H@3 0.224251	H@5 0.344569	H@10 0.631086	H@20 0.937266	H@50 0.990637	H@100 1.000000
INFO:kbc-cli.py:Epoch 27/100	test results	MRR 0.223332	H@1 0.080540	H@3 0.204842	H@5 0.327281	H@10 0.621508	H@20 0.931564	H@50 0.996276	H@100 1.000000
INFO:kbc-cli.py:Epoch 28/100	Loss 9.2888 ± 0.0000
INFO:kbc-cli.py:Epoch 29/100	Loss 9.2888 ± 0.0000
INFO:kbc-cli.py:Epoch 30/100	Loss 9.2888 ± 0.0000
INFO:kbc-cli.py:Epoch 30/100	dev results	MRR 0.211518	H@1 0.068352	H@3 0.191011	H@5 0.331461	H@10 0.594569	H@20 0.914794	H@50 0.983614	H@100 0.999532
INFO:kbc-cli.py:Epoch 30/100	test results	MRR 0.211126	H@1 0.066574	H@3 0.188547	H@5 0.337058	H@10 0.595438	H@20 0.909683	H@50 0.986034	H@100 1.000000
INFO:kbc-cli.py:Epoch 31/100	Loss 9.2888 ± 0.0000
INFO:kbc-cli.py:Epoch 32/100	Loss 9.2887 ± 0.0001
INFO:kbc-cli.py:Epoch 33/100	Loss 9.2610 ± 0.0223
INFO:kbc-cli.py:Epoch 33/100	dev results	MRR 0.100749	H@1 0.022004	H@3 0.070693	H@5 0.110487	H@10 0.238296	H@20 0.500000	H@50 0.988296	H@100 1.000000
INFO:kbc-cli.py:Epoch 33/100	test results	MRR 0.101113	H@1 0.021881	H@3 0.081937	H@5 0.115456	H@10 0.225326	H@20 0.473929	H@50 0.992086	H@100 1.000000
INFO:kbc-cli.py:Epoch 34/100	Loss 9.2307 ± 0.0074
INFO:kbc-cli.py:Epoch 35/100	Loss 9.2028 ± 0.0107
INFO:kbc-cli.py:Epoch 36/100	Loss 9.2005 ± 0.0095
INFO:kbc-cli.py:Epoch 36/100	dev results	MRR 0.206671	H@1 0.052434	H@3 0.194288	H@5 0.338951	H@10 0.626404	H@20 0.927903	H@50 0.992509	H@100 0.999532
INFO:kbc-cli.py:Epoch 36/100	test results	MRR 0.206300	H@1 0.056331	H@3 0.192737	H@5 0.324953	H@10 0.623836	H@20 0.918994	H@50 0.995345	H@100 1.000000
INFO:kbc-cli.py:Epoch 37/100	Loss 9.2011 ± 0.0072
INFO:kbc-cli.py:Epoch 38/100	Loss 9.2011 ± 0.0062
INFO:kbc-cli.py:Epoch 39/100	Loss 9.1998 ± 0.0087
INFO:kbc-cli.py:Epoch 39/100	dev results	MRR 0.220816	H@1 0.072566	H@3 0.228464	H@5 0.340356	H@10 0.577247	H@20 0.934925	H@50 0.993914	H@100 1.000000
INFO:kbc-cli.py:Epoch 39/100	test results	MRR 0.228618	H@1 0.079143	H@3 0.235568	H@5 0.348696	H@10 0.593110	H@20 0.933426	H@50 0.995810	H@100 1.000000
INFO:kbc-cli.py:Epoch 40/100	Loss 9.2000 ± 0.0067
INFO:kbc-cli.py:Epoch 41/100	Loss 9.2000 ± 0.0057
INFO:kbc-cli.py:Epoch 42/100	Loss 9.1990 ± 0.0084
INFO:kbc-cli.py:Epoch 42/100	dev results	MRR 0.218606	H@1 0.070225	H@3 0.205993	H@5 0.330056	H@10 0.609082	H@20 0.940075	H@50 0.992978	H@100 1.000000
INFO:kbc-cli.py:Epoch 42/100	test results	MRR 0.215347	H@1 0.074953	H@3 0.191806	H@5 0.333333	H@10 0.593110	H@20 0.924581	H@50 0.995345	H@100 1.000000
INFO:kbc-cli.py:Epoch 43/100	Loss 9.1988 ± 0.0100
INFO:kbc-cli.py:Epoch 44/100	Loss 9.2007 ± 0.0068
INFO:kbc-cli.py:Epoch 45/100	Loss 9.2013 ± 0.0071
INFO:kbc-cli.py:Epoch 45/100	dev results	MRR 0.217243	H@1 0.066479	H@3 0.213483	H@5 0.354869	H@10 0.602060	H@20 0.934925	H@50 0.992978	H@100 1.000000
INFO:kbc-cli.py:Epoch 45/100	test results	MRR 0.213168	H@1 0.062849	H@3 0.213687	H@5 0.337058	H@10 0.595438	H@20 0.932495	H@50 0.995345	H@100 1.000000
INFO:kbc-cli.py:Epoch 46/100	Loss 9.1987 ± 0.0097
INFO:kbc-cli.py:Epoch 47/100	Loss 9.1993 ± 0.0070
INFO:kbc-cli.py:Epoch 48/100	Loss 9.1986 ± 0.0079
INFO:kbc-cli.py:Epoch 48/100	dev results	MRR 0.210521	H@1 0.067884	H@3 0.194288	H@5 0.335674	H@10 0.593633	H@20 0.928371	H@50 0.993446	H@100 1.000000
INFO:kbc-cli.py:Epoch 48/100	test results	MRR 0.223620	H@1 0.080074	H@3 0.214153	H@5 0.345438	H@10 0.608939	H@20 0.930168	H@50 0.996276	H@100 1.000000
INFO:kbc-cli.py:Epoch 49/100	Loss 9.1987 ± 0.0083
INFO:kbc-cli.py:Epoch 50/100	Loss 9.1990 ± 0.0058
INFO:kbc-cli.py:Epoch 51/100	Loss 9.1995 ± 0.0066
INFO:kbc-cli.py:Epoch 51/100	dev results	MRR 0.227770	H@1 0.087547	H@3 0.210206	H@5 0.346910	H@10 0.601592	H@20 0.935393	H@50 0.992978	H@100 0.999532
INFO:kbc-cli.py:Epoch 51/100	test results	MRR 0.218048	H@1 0.072626	H@3 0.195996	H@5 0.343575	H@10 0.608007	H@20 0.933426	H@50 0.995810	H@100 1.000000
INFO:kbc-cli.py:Epoch 52/100	Loss 9.1984 ± 0.0094
INFO:kbc-cli.py:Epoch 53/100	Loss 9.2001 ± 0.0058
INFO:kbc-cli.py:Epoch 54/100	Loss 9.1996 ± 0.0065
INFO:kbc-cli.py:Epoch 54/100	dev results	MRR 0.209210	H@1 0.058052	H@3 0.189139	H@5 0.366105	H@10 0.606742	H@20 0.937734	H@50 0.992978	H@100 1.000000
INFO:kbc-cli.py:Epoch 54/100	test results	MRR 0.204512	H@1 0.055400	H@3 0.183426	H@5 0.351490	H@10 0.601024	H@20 0.928771	H@50 0.996741	H@100 1.000000
INFO:kbc-cli.py:Epoch 55/100	Loss 9.1995 ± 0.0057
INFO:kbc-cli.py:Epoch 56/100	Loss 9.1981 ± 0.0095
INFO:kbc-cli.py:Epoch 57/100	Loss 9.2004 ± 0.0080
INFO:kbc-cli.py:Epoch 57/100	dev results	MRR 0.213042	H@1 0.066948	H@3 0.191479	H@5 0.334270	H@10 0.614700	H@20 0.948034	H@50 0.992978	H@100 1.000000
INFO:kbc-cli.py:Epoch 57/100	test results	MRR 0.202092	H@1 0.057263	H@3 0.179236	H@5 0.315177	H@10 0.589385	H@20 0.927840	H@50 0.995810	H@100 1.000000
INFO:kbc-cli.py:Epoch 58/100	Loss 9.1987 ± 0.0088
INFO:kbc-cli.py:Epoch 59/100	Loss 9.1998 ± 0.0065
INFO:kbc-cli.py:Epoch 60/100	Loss 9.1989 ± 0.0074
INFO:kbc-cli.py:Epoch 60/100	dev results	MRR 0.223715	H@1 0.077247	H@3 0.220037	H@5 0.352060	H@10 0.602060	H@20 0.936330	H@50 0.993914	H@100 1.000000
INFO:kbc-cli.py:Epoch 60/100	test results	MRR 0.230814	H@1 0.085196	H@3 0.230447	H@5 0.356145	H@10 0.583799	H@20 0.924115	H@50 0.996276	H@100 1.000000
INFO:kbc-cli.py:Epoch 61/100	Loss 9.2010 ± 0.0089
INFO:kbc-cli.py:Epoch 62/100	Loss 9.1986 ± 0.0094
INFO:kbc-cli.py:Epoch 63/100	Loss 9.2012 ± 0.0105
INFO:kbc-cli.py:Epoch 63/100	dev results	MRR 0.229566	H@1 0.079588	H@3 0.238764	H@5 0.339888	H@10 0.607210	H@20 0.921348	H@50 0.993446	H@100 1.000000
INFO:kbc-cli.py:Epoch 63/100	test results	MRR 0.236127	H@1 0.085661	H@3 0.243482	H@5 0.368715	H@10 0.617318	H@20 0.928305	H@50 0.995345	H@100 1.000000
INFO:kbc-cli.py:Epoch 64/100	Loss 9.1993 ± 0.0079
INFO:kbc-cli.py:Epoch 65/100	Loss 9.1979 ± 0.0101
INFO:kbc-cli.py:Epoch 66/100	Loss 9.1991 ± 0.0063
INFO:kbc-cli.py:Epoch 66/100	dev results	MRR 0.221381	H@1 0.067416	H@3 0.225187	H@5 0.345037	H@10 0.610955	H@20 0.933989	H@50 0.993914	H@100 1.000000
INFO:kbc-cli.py:Epoch 66/100	test results	MRR 0.226185	H@1 0.076350	H@3 0.225326	H@5 0.337989	H@10 0.604283	H@20 0.921788	H@50 0.995345	H@100 1.000000
INFO:kbc-cli.py:Epoch 67/100	Loss 9.1994 ± 0.0071
INFO:kbc-cli.py:Epoch 68/100	Loss 9.1983 ± 0.0085
INFO:kbc-cli.py:Epoch 69/100	Loss 9.1983 ± 0.0074
INFO:kbc-cli.py:Epoch 69/100	dev results	MRR 0.226141	H@1 0.078652	H@3 0.216760	H@5 0.358146	H@10 0.578184	H@20 0.927903	H@50 0.993914	H@100 1.000000
INFO:kbc-cli.py:Epoch 69/100	test results	MRR 0.234549	H@1 0.086592	H@3 0.237896	H@5 0.358473	H@10 0.593110	H@20 0.929702	H@50 0.995810	H@100 1.000000
INFO:kbc-cli.py:Epoch 70/100	Loss 9.1990 ± 0.0058
INFO:kbc-cli.py:Epoch 71/100	Loss 9.1987 ± 0.0084
INFO:kbc-cli.py:Epoch 72/100	Loss 9.1986 ± 0.0078
INFO:kbc-cli.py:Epoch 72/100	dev results	MRR 0.227630	H@1 0.083333	H@3 0.216760	H@5 0.356273	H@10 0.583333	H@20 0.932584	H@50 0.993446	H@100 1.000000
INFO:kbc-cli.py:Epoch 72/100	test results	MRR 0.223117	H@1 0.076350	H@3 0.213687	H@5 0.344972	H@10 0.585661	H@20 0.929702	H@50 0.995345	H@100 1.000000
INFO:kbc-cli.py:Epoch 73/100	Loss 9.2003 ± 0.0058
INFO:kbc-cli.py:Epoch 74/100	Loss 9.1996 ± 0.0062
INFO:kbc-cli.py:Epoch 75/100	Loss 9.1991 ± 0.0068
INFO:kbc-cli.py:Epoch 75/100	dev results	MRR 0.223334	H@1 0.083333	H@3 0.213483	H@5 0.323034	H@10 0.596910	H@20 0.933989	H@50 0.993446	H@100 1.000000
INFO:kbc-cli.py:Epoch 75/100	test results	MRR 0.226592	H@1 0.089851	H@3 0.211825	H@5 0.310987	H@10 0.596369	H@20 0.923650	H@50 0.995810	H@100 1.000000
INFO:kbc-cli.py:Epoch 76/100	Loss 9.1980 ± 0.0086
INFO:kbc-cli.py:Epoch 77/100	Loss 9.1983 ± 0.0099
INFO:kbc-cli.py:Epoch 78/100	Loss 9.1985 ± 0.0087
INFO:kbc-cli.py:Epoch 78/100	dev results	MRR 0.217562	H@1 0.064139	H@3 0.220974	H@5 0.326779	H@10 0.601124	H@20 0.932116	H@50 0.992978	H@100 1.000000
INFO:kbc-cli.py:Epoch 78/100	test results	MRR 0.217237	H@1 0.067505	H@3 0.215084	H@5 0.326350	H@10 0.596369	H@20 0.929236	H@50 0.996276	H@100 1.000000
INFO:kbc-cli.py:Epoch 79/100	Loss 9.1996 ± 0.0075
INFO:kbc-cli.py:Epoch 80/100	Loss 9.2006 ± 0.0080
INFO:kbc-cli.py:Epoch 81/100	Loss 9.2006 ± 0.0071
INFO:kbc-cli.py:Epoch 81/100	dev results	MRR 0.223304	H@1 0.072097	H@3 0.232678	H@5 0.360955	H@10 0.575375	H@20 0.933052	H@50 0.993914	H@100 1.000000
INFO:kbc-cli.py:Epoch 81/100	test results	MRR 0.221166	H@1 0.070764	H@3 0.227654	H@5 0.351955	H@10 0.579609	H@20 0.926443	H@50 0.995345	H@100 1.000000
INFO:kbc-cli.py:Epoch 82/100	Loss 9.1983 ± 0.0077
INFO:kbc-cli.py:Epoch 83/100	Loss 9.1978 ± 0.0100
INFO:kbc-cli.py:Epoch 84/100	Loss 9.2019 ± 0.0132
INFO:kbc-cli.py:Epoch 84/100	dev results	MRR 0.226784	H@1 0.085206	H@3 0.218165	H@5 0.344569	H@10 0.586142	H@20 0.927903	H@50 0.993914	H@100 1.000000
INFO:kbc-cli.py:Epoch 84/100	test results	MRR 0.232530	H@1 0.088920	H@3 0.230447	H@5 0.347765	H@10 0.589851	H@20 0.930168	H@50 0.995810	H@100 1.000000
INFO:kbc-cli.py:Epoch 85/100	Loss 9.2002 ± 0.0065
INFO:kbc-cli.py:Epoch 86/100	Loss 9.2014 ± 0.0107
INFO:kbc-cli.py:Epoch 87/100	Loss 9.1986 ± 0.0091
INFO:kbc-cli.py:Epoch 87/100	dev results	MRR 0.215195	H@1 0.062734	H@3 0.213015	H@5 0.345037	H@10 0.600187	H@20 0.939607	H@50 0.993914	H@100 1.000000
INFO:kbc-cli.py:Epoch 87/100	test results	MRR 0.227183	H@1 0.076816	H@3 0.223929	H@5 0.374302	H@10 0.592644	H@20 0.932495	H@50 0.995345	H@100 1.000000
INFO:kbc-cli.py:Epoch 88/100	Loss 9.2016 ± 0.0110
INFO:kbc-cli.py:Epoch 89/100	Loss 9.1992 ± 0.0070
INFO:kbc-cli.py:Epoch 90/100	Loss 9.1998 ± 0.0064
INFO:kbc-cli.py:Epoch 90/100	dev results	MRR 0.224901	H@1 0.089888	H@3 0.202247	H@5 0.318352	H@10 0.602996	H@20 0.929775	H@50 0.993446	H@100 1.000000
INFO:kbc-cli.py:Epoch 90/100	test results	MRR 0.226154	H@1 0.087523	H@3 0.210894	H@5 0.328678	H@10 0.599628	H@20 0.924581	H@50 0.996276	H@100 1.000000
INFO:kbc-cli.py:Epoch 91/100	Loss 9.1990 ± 0.0087
INFO:kbc-cli.py:Epoch 92/100	Loss 9.2001 ± 0.0075
INFO:kbc-cli.py:Epoch 93/100	Loss 9.2023 ± 0.0141
INFO:kbc-cli.py:Epoch 93/100	dev results	MRR 0.220867	H@1 0.072097	H@3 0.212547	H@5 0.336142	H@10 0.606742	H@20 0.937734	H@50 0.994382	H@100 1.000000
INFO:kbc-cli.py:Epoch 93/100	test results	MRR 0.217519	H@1 0.067970	H@3 0.210894	H@5 0.341248	H@10 0.591248	H@20 0.932961	H@50 0.995810	H@100 1.000000
INFO:kbc-cli.py:Epoch 94/100	Loss 9.2002 ± 0.0054
INFO:kbc-cli.py:Epoch 95/100	Loss 9.1981 ± 0.0094
INFO:kbc-cli.py:Epoch 96/100	Loss 9.1996 ± 0.0068
INFO:kbc-cli.py:Epoch 96/100	dev results	MRR 0.249399	H@1 0.107210	H@3 0.249532	H@5 0.367041	H@10 0.590356	H@20 0.923221	H@50 0.993446	H@100 1.000000
INFO:kbc-cli.py:Epoch 96/100	test results	MRR 0.243387	H@1 0.099628	H@3 0.248603	H@5 0.360335	H@10 0.594507	H@20 0.917132	H@50 0.995810	H@100 1.000000
INFO:kbc-cli.py:Epoch 97/100	Loss 9.1996 ± 0.0061
INFO:kbc-cli.py:Epoch 98/100	Loss 9.1934 ± 0.0150
INFO:kbc-cli.py:Epoch 99/100	Loss 9.1770 ± 0.0090
INFO:kbc-cli.py:Epoch 99/100	dev results	MRR 0.229918	H@1 0.085674	H@3 0.215356	H@5 0.373127	H@10 0.587547	H@20 0.922285	H@50 0.994382	H@100 1.000000
INFO:kbc-cli.py:Epoch 99/100	test results	MRR 0.217010	H@1 0.072160	H@3 0.202980	H@5 0.350093	H@10 0.590782	H@20 0.912942	H@50 0.996276	H@100 1.000000
INFO:kbc-cli.py:Epoch 100/100	Loss 9.1754 ± 0.0084
INFO:kbc-cli.py:Final 	dev results	MRR 0.218677	H@1 0.066948	H@3 0.217697	H@5 0.353933	H@10 0.619382	H@20 0.939607	H@50 0.992509	H@100 1.000000
INFO:kbc-cli.py:Final 	test results	MRR 0.227039	H@1 0.081937	H@3 0.223464	H@5 0.340317	H@10 0.603352	H@20 0.928305	H@50 0.995810	H@100 1.000000
INFO:kbc-cli.py:Training finished
