./bin/kbc-cli.py --train data/nations/train.tsv --dev data/nations/dev.tsv --test data/nations/test.tsv -m complex -k 100 -b 500 -e 100 --F2 0 --N3 0.0001 -l 0.1 -I standard -V 3 -o adagrad -c spo -q
{'F2': 0.0,
 'N3': 0.0001,
 'batch_size': 500,
 'corruption': 'spo',
 'dev': 'data/nations/dev.tsv',
 'embedding_size': 100,
 'epochs': 100,
 'eval_batch_size': None,
 'input_type': 'standard',
 'learning_rate': 0.1,
 'load': None,
 'model': 'complex',
 'optimizer': 'adagrad',
 'quiet': True,
 'save': None,
 'seed': 0,
 'test': 'data/nations/test.tsv',
 'test_i': None,
 'test_ii': None,
 'train': 'data/nations/train.tsv',
 'validate_every': 3}
INFO:kbc-cli.py:Device: cuda
INFO:kbc-cli.py:Model state:
INFO:kbc-cli.py:	entities.weight	torch.Size([14, 200])
INFO:kbc-cli.py:	predicates.weight	torch.Size([55, 200])
INFO:kbc-cli.py:Epoch 1/100	Loss 9.3038 ± 0.0275
INFO:kbc-cli.py:Epoch 2/100	Loss 8.9295 ± 0.0642
INFO:kbc-cli.py:Epoch 3/100	Loss 8.0576 ± 0.1012
INFO:kbc-cli.py:Epoch 3/100	dev results	MRR 0.647959	H@1 0.477387	H@3 0.773869	H@5 0.902010	H@10 0.992462	H@20 1.000000	H@50 1.000000	H@100 1.000000
INFO:kbc-cli.py:Epoch 3/100	test results	MRR 0.671551	H@1 0.500000	H@3 0.823383	H@5 0.922886	H@10 0.990050	H@20 1.000000	H@50 1.000000	H@100 1.000000
INFO:kbc-cli.py:Epoch 4/100	Loss 7.3814 ± 0.1615
INFO:kbc-cli.py:Epoch 5/100	Loss 6.9124 ± 0.1461
INFO:kbc-cli.py:Epoch 6/100	Loss 6.8265 ± 0.2572
INFO:kbc-cli.py:Epoch 6/100	dev results	MRR 0.694430	H@1 0.532663	H@3 0.844221	H@5 0.939698	H@10 0.997487	H@20 1.000000	H@50 1.000000	H@100 1.000000
INFO:kbc-cli.py:Epoch 6/100	test results	MRR 0.734132	H@1 0.587065	H@3 0.860697	H@5 0.930348	H@10 0.990050	H@20 1.000000	H@50 1.000000	H@100 1.000000
INFO:kbc-cli.py:Epoch 7/100	Loss 6.5745 ± 0.0959
INFO:kbc-cli.py:Epoch 8/100	Loss 6.4863 ± 0.1407
INFO:kbc-cli.py:Epoch 9/100	Loss 6.3219 ± 0.1537
INFO:kbc-cli.py:Epoch 9/100	dev results	MRR 0.720935	H@1 0.572864	H@3 0.846734	H@5 0.947236	H@10 0.997487	H@20 1.000000	H@50 1.000000	H@100 1.000000
INFO:kbc-cli.py:Epoch 9/100	test results	MRR 0.741367	H@1 0.597015	H@3 0.865672	H@5 0.942786	H@10 0.992537	H@20 1.000000	H@50 1.000000	H@100 1.000000
INFO:kbc-cli.py:Epoch 10/100	Loss 6.3651 ± 0.1913
INFO:kbc-cli.py:Epoch 11/100	Loss 6.2685 ± 0.1090
INFO:kbc-cli.py:Epoch 12/100	Loss 6.2240 ± 0.1460
INFO:kbc-cli.py:Epoch 12/100	dev results	MRR 0.735150	H@1 0.592965	H@3 0.841709	H@5 0.934673	H@10 0.997487	H@20 1.000000	H@50 1.000000	H@100 1.000000
INFO:kbc-cli.py:Epoch 12/100	test results	MRR 0.749170	H@1 0.609453	H@3 0.865672	H@5 0.935323	H@10 0.995025	H@20 1.000000	H@50 1.000000	H@100 1.000000
INFO:kbc-cli.py:Epoch 13/100	Loss 6.1771 ± 0.0837
INFO:kbc-cli.py:Epoch 14/100	Loss 6.1256 ± 0.1332
INFO:kbc-cli.py:Epoch 15/100	Loss 6.0971 ± 0.0891
INFO:kbc-cli.py:Epoch 15/100	dev results	MRR 0.749791	H@1 0.618090	H@3 0.856784	H@5 0.939698	H@10 0.997487	H@20 1.000000	H@50 1.000000	H@100 1.000000
INFO:kbc-cli.py:Epoch 15/100	test results	MRR 0.744989	H@1 0.609453	H@3 0.865672	H@5 0.935323	H@10 0.995025	H@20 1.000000	H@50 1.000000	H@100 1.000000
INFO:kbc-cli.py:Epoch 16/100	Loss 6.0574 ± 0.0935
INFO:kbc-cli.py:Epoch 17/100	Loss 6.0616 ± 0.1340
INFO:kbc-cli.py:Epoch 18/100	Loss 6.0266 ± 0.1058
INFO:kbc-cli.py:Epoch 18/100	dev results	MRR 0.754868	H@1 0.620603	H@3 0.856784	H@5 0.949749	H@10 0.997487	H@20 1.000000	H@50 1.000000	H@100 1.000000
INFO:kbc-cli.py:Epoch 18/100	test results	MRR 0.745034	H@1 0.601990	H@3 0.863184	H@5 0.932836	H@10 0.992537	H@20 1.000000	H@50 1.000000	H@100 1.000000
INFO:kbc-cli.py:Epoch 19/100	Loss 6.0642 ± 0.2064
INFO:kbc-cli.py:Epoch 20/100	Loss 6.0340 ± 0.1868
INFO:kbc-cli.py:Epoch 21/100	Loss 6.0473 ± 0.2453
INFO:kbc-cli.py:Epoch 21/100	dev results	MRR 0.753935	H@1 0.620603	H@3 0.849246	H@5 0.949749	H@10 0.997487	H@20 1.000000	H@50 1.000000	H@100 1.000000
INFO:kbc-cli.py:Epoch 21/100	test results	MRR 0.744120	H@1 0.606965	H@3 0.855721	H@5 0.930348	H@10 0.995025	H@20 1.000000	H@50 1.000000	H@100 1.000000
INFO:kbc-cli.py:Epoch 22/100	Loss 5.9302 ± 0.1321
INFO:kbc-cli.py:Epoch 23/100	Loss 5.9464 ± 0.1456
INFO:kbc-cli.py:Epoch 24/100	Loss 5.9504 ± 0.1622
INFO:kbc-cli.py:Epoch 24/100	dev results	MRR 0.761874	H@1 0.633166	H@3 0.876884	H@5 0.947236	H@10 1.000000	H@20 1.000000	H@50 1.000000	H@100 1.000000
INFO:kbc-cli.py:Epoch 24/100	test results	MRR 0.754201	H@1 0.616915	H@3 0.873134	H@5 0.942786	H@10 0.997512	H@20 1.000000	H@50 1.000000	H@100 1.000000
INFO:kbc-cli.py:Epoch 25/100	Loss 5.8671 ± 0.1140
INFO:kbc-cli.py:Epoch 26/100	Loss 5.9105 ± 0.1003
INFO:kbc-cli.py:Epoch 27/100	Loss 5.8948 ± 0.1431
INFO:kbc-cli.py:Epoch 27/100	dev results	MRR 0.765611	H@1 0.640704	H@3 0.856784	H@5 0.954774	H@10 1.000000	H@20 1.000000	H@50 1.000000	H@100 1.000000
INFO:kbc-cli.py:Epoch 27/100	test results	MRR 0.758477	H@1 0.626866	H@3 0.865672	H@5 0.945274	H@10 0.997512	H@20 1.000000	H@50 1.000000	H@100 1.000000
INFO:kbc-cli.py:Epoch 28/100	Loss 5.8990 ± 0.1045
INFO:kbc-cli.py:Epoch 29/100	Loss 5.9220 ± 0.1719
INFO:kbc-cli.py:Epoch 30/100	Loss 5.8546 ± 0.1023
INFO:kbc-cli.py:Epoch 30/100	dev results	MRR 0.768603	H@1 0.645729	H@3 0.851759	H@5 0.949749	H@10 1.000000	H@20 1.000000	H@50 1.000000	H@100 1.000000
INFO:kbc-cli.py:Epoch 30/100	test results	MRR 0.756569	H@1 0.616915	H@3 0.878109	H@5 0.937811	H@10 0.995025	H@20 1.000000	H@50 1.000000	H@100 1.000000
INFO:kbc-cli.py:Epoch 31/100	Loss 5.8209 ± 0.0156
INFO:kbc-cli.py:Epoch 32/100	Loss 5.8186 ± 0.0718
INFO:kbc-cli.py:Epoch 33/100	Loss 5.8229 ± 0.1545
INFO:kbc-cli.py:Epoch 33/100	dev results	MRR 0.763633	H@1 0.633166	H@3 0.859296	H@5 0.947236	H@10 1.000000	H@20 1.000000	H@50 1.000000	H@100 1.000000
INFO:kbc-cli.py:Epoch 33/100	test results	MRR 0.749881	H@1 0.604478	H@3 0.878109	H@5 0.945274	H@10 0.995025	H@20 1.000000	H@50 1.000000	H@100 1.000000
INFO:kbc-cli.py:Epoch 34/100	Loss 5.8222 ± 0.0884
INFO:kbc-cli.py:Epoch 35/100	Loss 5.8125 ± 0.1213
INFO:kbc-cli.py:Epoch 36/100	Loss 5.8704 ± 0.2292
INFO:kbc-cli.py:Epoch 36/100	dev results	MRR 0.755408	H@1 0.618090	H@3 0.859296	H@5 0.947236	H@10 1.000000	H@20 1.000000	H@50 1.000000	H@100 1.000000
INFO:kbc-cli.py:Epoch 36/100	test results	MRR 0.740825	H@1 0.594527	H@3 0.868159	H@5 0.947761	H@10 0.995025	H@20 1.000000	H@50 1.000000	H@100 1.000000
INFO:kbc-cli.py:Epoch 37/100	Loss 5.8641 ± 0.1777
INFO:kbc-cli.py:Epoch 38/100	Loss 5.7823 ± 0.0244
INFO:kbc-cli.py:Epoch 39/100	Loss 5.8058 ± 0.0656
INFO:kbc-cli.py:Epoch 39/100	dev results	MRR 0.765495	H@1 0.633166	H@3 0.866834	H@5 0.954774	H@10 1.000000	H@20 1.000000	H@50 1.000000	H@100 1.000000
INFO:kbc-cli.py:Epoch 39/100	test results	MRR 0.754146	H@1 0.616915	H@3 0.875622	H@5 0.947761	H@10 0.995025	H@20 1.000000	H@50 1.000000	H@100 1.000000
INFO:kbc-cli.py:Epoch 40/100	Loss 5.7856 ± 0.1434
INFO:kbc-cli.py:Epoch 41/100	Loss 5.8513 ± 0.2236
INFO:kbc-cli.py:Epoch 42/100	Loss 5.8019 ± 0.1062
INFO:kbc-cli.py:Epoch 42/100	dev results	MRR 0.772997	H@1 0.648241	H@3 0.874372	H@5 0.959799	H@10 1.000000	H@20 1.000000	H@50 1.000000	H@100 1.000000
INFO:kbc-cli.py:Epoch 42/100	test results	MRR 0.749208	H@1 0.601990	H@3 0.875622	H@5 0.942786	H@10 0.992537	H@20 1.000000	H@50 1.000000	H@100 1.000000
INFO:kbc-cli.py:Epoch 43/100	Loss 5.8275 ± 0.1940
INFO:kbc-cli.py:Epoch 44/100	Loss 5.7698 ± 0.1311
INFO:kbc-cli.py:Epoch 45/100	Loss 5.7504 ± 0.1287
INFO:kbc-cli.py:Epoch 45/100	dev results	MRR 0.768324	H@1 0.638191	H@3 0.869347	H@5 0.954774	H@10 1.000000	H@20 1.000000	H@50 1.000000	H@100 1.000000
INFO:kbc-cli.py:Epoch 45/100	test results	MRR 0.744649	H@1 0.597015	H@3 0.875622	H@5 0.942786	H@10 0.995025	H@20 1.000000	H@50 1.000000	H@100 1.000000
INFO:kbc-cli.py:Epoch 46/100	Loss 5.7833 ± 0.0938
INFO:kbc-cli.py:Epoch 47/100	Loss 5.7667 ± 0.1140
INFO:kbc-cli.py:Epoch 48/100	Loss 5.7534 ± 0.0878
INFO:kbc-cli.py:Epoch 48/100	dev results	MRR 0.765146	H@1 0.630653	H@3 0.874372	H@5 0.957286	H@10 1.000000	H@20 1.000000	H@50 1.000000	H@100 1.000000
INFO:kbc-cli.py:Epoch 48/100	test results	MRR 0.755141	H@1 0.611940	H@3 0.888060	H@5 0.942786	H@10 0.995025	H@20 1.000000	H@50 1.000000	H@100 1.000000
INFO:kbc-cli.py:Epoch 49/100	Loss 5.7768 ± 0.1006
INFO:kbc-cli.py:Epoch 50/100	Loss 5.7302 ± 0.0789
INFO:kbc-cli.py:Epoch 51/100	Loss 5.7605 ± 0.1046
INFO:kbc-cli.py:Epoch 51/100	dev results	MRR 0.772537	H@1 0.645729	H@3 0.871859	H@5 0.959799	H@10 1.000000	H@20 1.000000	H@50 1.000000	H@100 1.000000
INFO:kbc-cli.py:Epoch 51/100	test results	MRR 0.761919	H@1 0.631841	H@3 0.883085	H@5 0.945274	H@10 0.997512	H@20 1.000000	H@50 1.000000	H@100 1.000000
INFO:kbc-cli.py:Epoch 52/100	Loss 5.7843 ± 0.1557
INFO:kbc-cli.py:Epoch 53/100	Loss 5.7779 ± 0.1921
INFO:kbc-cli.py:Epoch 54/100	Loss 5.7457 ± 0.0912
INFO:kbc-cli.py:Epoch 54/100	dev results	MRR 0.778564	H@1 0.655779	H@3 0.876884	H@5 0.957286	H@10 1.000000	H@20 1.000000	H@50 1.000000	H@100 1.000000
INFO:kbc-cli.py:Epoch 54/100	test results	MRR 0.764748	H@1 0.634328	H@3 0.880597	H@5 0.935323	H@10 0.992537	H@20 1.000000	H@50 1.000000	H@100 1.000000
INFO:kbc-cli.py:Epoch 55/100	Loss 5.7344 ± 0.0808
INFO:kbc-cli.py:Epoch 56/100	Loss 5.7140 ± 0.0905
INFO:kbc-cli.py:Epoch 57/100	Loss 5.7468 ± 0.0897
INFO:kbc-cli.py:Epoch 57/100	dev results	MRR 0.768291	H@1 0.638191	H@3 0.871859	H@5 0.959799	H@10 1.000000	H@20 1.000000	H@50 1.000000	H@100 1.000000
INFO:kbc-cli.py:Epoch 57/100	test results	MRR 0.763841	H@1 0.629353	H@3 0.878109	H@5 0.940299	H@10 0.997512	H@20 1.000000	H@50 1.000000	H@100 1.000000
INFO:kbc-cli.py:Epoch 58/100	Loss 5.7513 ± 0.1385
INFO:kbc-cli.py:Epoch 59/100	Loss 5.7564 ± 0.1442
INFO:kbc-cli.py:Epoch 60/100	Loss 5.7261 ± 0.1050
INFO:kbc-cli.py:Epoch 60/100	dev results	MRR 0.767208	H@1 0.635678	H@3 0.866834	H@5 0.947236	H@10 1.000000	H@20 1.000000	H@50 1.000000	H@100 1.000000
INFO:kbc-cli.py:Epoch 60/100	test results	MRR 0.753962	H@1 0.611940	H@3 0.880597	H@5 0.945274	H@10 0.995025	H@20 1.000000	H@50 1.000000	H@100 1.000000
INFO:kbc-cli.py:Epoch 61/100	Loss 5.7721 ± 0.1715
INFO:kbc-cli.py:Epoch 62/100	Loss 5.7268 ± 0.1333
INFO:kbc-cli.py:Epoch 63/100	Loss 5.6967 ± 0.1261
INFO:kbc-cli.py:Epoch 63/100	dev results	MRR 0.769261	H@1 0.635678	H@3 0.874372	H@5 0.952261	H@10 1.000000	H@20 1.000000	H@50 1.000000	H@100 1.000000
INFO:kbc-cli.py:Epoch 63/100	test results	MRR 0.759240	H@1 0.624378	H@3 0.888060	H@5 0.940299	H@10 0.995025	H@20 1.000000	H@50 1.000000	H@100 1.000000
INFO:kbc-cli.py:Epoch 64/100	Loss 5.6868 ± 0.0446
INFO:kbc-cli.py:Epoch 65/100	Loss 5.6937 ± 0.0748
INFO:kbc-cli.py:Epoch 66/100	Loss 5.7149 ± 0.0861
INFO:kbc-cli.py:Epoch 66/100	dev results	MRR 0.765401	H@1 0.633166	H@3 0.869347	H@5 0.947236	H@10 1.000000	H@20 1.000000	H@50 1.000000	H@100 1.000000
INFO:kbc-cli.py:Epoch 66/100	test results	MRR 0.752345	H@1 0.609453	H@3 0.878109	H@5 0.947761	H@10 0.995025	H@20 1.000000	H@50 1.000000	H@100 1.000000
INFO:kbc-cli.py:Epoch 67/100	Loss 5.6920 ± 0.0982
INFO:kbc-cli.py:Epoch 68/100	Loss 5.7031 ± 0.0900
INFO:kbc-cli.py:Epoch 69/100	Loss 5.6521 ± 0.0796
INFO:kbc-cli.py:Epoch 69/100	dev results	MRR 0.770947	H@1 0.648241	H@3 0.866834	H@5 0.952261	H@10 1.000000	H@20 1.000000	H@50 1.000000	H@100 1.000000
INFO:kbc-cli.py:Epoch 69/100	test results	MRR 0.759033	H@1 0.626866	H@3 0.880597	H@5 0.935323	H@10 0.995025	H@20 1.000000	H@50 1.000000	H@100 1.000000
INFO:kbc-cli.py:Epoch 70/100	Loss 5.7071 ± 0.1018
INFO:kbc-cli.py:Epoch 71/100	Loss 5.7157 ± 0.0953
INFO:kbc-cli.py:Epoch 72/100	Loss 5.7108 ± 0.0889
INFO:kbc-cli.py:Epoch 72/100	dev results	MRR 0.771662	H@1 0.645729	H@3 0.874372	H@5 0.954774	H@10 1.000000	H@20 1.000000	H@50 1.000000	H@100 1.000000
INFO:kbc-cli.py:Epoch 72/100	test results	MRR 0.752185	H@1 0.609453	H@3 0.883085	H@5 0.950249	H@10 0.995025	H@20 1.000000	H@50 1.000000	H@100 1.000000
INFO:kbc-cli.py:Epoch 73/100	Loss 5.6951 ± 0.1306
INFO:kbc-cli.py:Epoch 74/100	Loss 5.6924 ± 0.0864
INFO:kbc-cli.py:Epoch 75/100	Loss 5.6636 ± 0.0519
INFO:kbc-cli.py:Epoch 75/100	dev results	MRR 0.777900	H@1 0.660804	H@3 0.861809	H@5 0.949749	H@10 1.000000	H@20 1.000000	H@50 1.000000	H@100 1.000000
INFO:kbc-cli.py:Epoch 75/100	test results	MRR 0.757637	H@1 0.621891	H@3 0.883085	H@5 0.945274	H@10 0.995025	H@20 1.000000	H@50 1.000000	H@100 1.000000
INFO:kbc-cli.py:Epoch 76/100	Loss 5.6924 ± 0.0606
INFO:kbc-cli.py:Epoch 77/100	Loss 5.7275 ± 0.1641
INFO:kbc-cli.py:Epoch 78/100	Loss 5.6522 ± 0.0675
INFO:kbc-cli.py:Epoch 78/100	dev results	MRR 0.775703	H@1 0.653266	H@3 0.866834	H@5 0.957286	H@10 1.000000	H@20 1.000000	H@50 1.000000	H@100 1.000000
INFO:kbc-cli.py:Epoch 78/100	test results	MRR 0.759651	H@1 0.626866	H@3 0.885572	H@5 0.937811	H@10 0.995025	H@20 1.000000	H@50 1.000000	H@100 1.000000
INFO:kbc-cli.py:Epoch 79/100	Loss 5.7052 ± 0.1164
INFO:kbc-cli.py:Epoch 80/100	Loss 5.6844 ± 0.0927
INFO:kbc-cli.py:Epoch 81/100	Loss 5.6809 ± 0.0731
INFO:kbc-cli.py:Epoch 81/100	dev results	MRR 0.772656	H@1 0.643216	H@3 0.866834	H@5 0.954774	H@10 1.000000	H@20 1.000000	H@50 1.000000	H@100 1.000000
INFO:kbc-cli.py:Epoch 81/100	test results	MRR 0.771004	H@1 0.644279	H@3 0.888060	H@5 0.940299	H@10 0.995025	H@20 1.000000	H@50 1.000000	H@100 1.000000
INFO:kbc-cli.py:Epoch 82/100	Loss 5.7038 ± 0.1158
INFO:kbc-cli.py:Epoch 83/100	Loss 5.7131 ± 0.1443
INFO:kbc-cli.py:Epoch 84/100	Loss 5.7140 ± 0.1636
INFO:kbc-cli.py:Epoch 84/100	dev results	MRR 0.779555	H@1 0.655779	H@3 0.871859	H@5 0.954774	H@10 1.000000	H@20 1.000000	H@50 1.000000	H@100 1.000000
INFO:kbc-cli.py:Epoch 84/100	test results	MRR 0.767505	H@1 0.639303	H@3 0.888060	H@5 0.945274	H@10 0.995025	H@20 1.000000	H@50 1.000000	H@100 1.000000
INFO:kbc-cli.py:Epoch 85/100	Loss 5.7351 ± 0.1986
INFO:kbc-cli.py:Epoch 86/100	Loss 5.6818 ± 0.0887
INFO:kbc-cli.py:Epoch 87/100	Loss 5.6502 ± 0.0267
INFO:kbc-cli.py:Epoch 87/100	dev results	MRR 0.775828	H@1 0.650754	H@3 0.871859	H@5 0.952261	H@10 1.000000	H@20 1.000000	H@50 1.000000	H@100 1.000000
INFO:kbc-cli.py:Epoch 87/100	test results	MRR 0.773618	H@1 0.649254	H@3 0.888060	H@5 0.947761	H@10 0.992537	H@20 1.000000	H@50 1.000000	H@100 1.000000
INFO:kbc-cli.py:Epoch 88/100	Loss 5.6416 ± 0.0702
INFO:kbc-cli.py:Epoch 89/100	Loss 5.6120 ± 0.1005
INFO:kbc-cli.py:Epoch 90/100	Loss 5.6593 ± 0.0608
INFO:kbc-cli.py:Epoch 90/100	dev results	MRR 0.769285	H@1 0.635678	H@3 0.869347	H@5 0.949749	H@10 1.000000	H@20 1.000000	H@50 1.000000	H@100 1.000000
INFO:kbc-cli.py:Epoch 90/100	test results	MRR 0.772241	H@1 0.644279	H@3 0.893035	H@5 0.950249	H@10 0.995025	H@20 1.000000	H@50 1.000000	H@100 1.000000
INFO:kbc-cli.py:Epoch 91/100	Loss 5.6496 ± 0.0758
INFO:kbc-cli.py:Epoch 92/100	Loss 5.6749 ± 0.1169
INFO:kbc-cli.py:Epoch 93/100	Loss 5.6498 ± 0.0595
INFO:kbc-cli.py:Epoch 93/100	dev results	MRR 0.771181	H@1 0.643216	H@3 0.874372	H@5 0.952261	H@10 1.000000	H@20 1.000000	H@50 1.000000	H@100 1.000000
INFO:kbc-cli.py:Epoch 93/100	test results	MRR 0.763930	H@1 0.629353	H@3 0.888060	H@5 0.945274	H@10 0.992537	H@20 1.000000	H@50 1.000000	H@100 1.000000
INFO:kbc-cli.py:Epoch 94/100	Loss 5.6800 ± 0.0982
INFO:kbc-cli.py:Epoch 95/100	Loss 5.6937 ± 0.1340
INFO:kbc-cli.py:Epoch 96/100	Loss 5.6307 ± 0.0479
INFO:kbc-cli.py:Epoch 96/100	dev results	MRR 0.770378	H@1 0.638191	H@3 0.871859	H@5 0.949749	H@10 1.000000	H@20 1.000000	H@50 1.000000	H@100 1.000000
INFO:kbc-cli.py:Epoch 96/100	test results	MRR 0.762099	H@1 0.624378	H@3 0.885572	H@5 0.942786	H@10 0.992537	H@20 1.000000	H@50 1.000000	H@100 1.000000
INFO:kbc-cli.py:Epoch 97/100	Loss 5.6752 ± 0.1075
INFO:kbc-cli.py:Epoch 98/100	Loss 5.7190 ± 0.1961
INFO:kbc-cli.py:Epoch 99/100	Loss 5.6676 ± 0.1049
INFO:kbc-cli.py:Epoch 99/100	dev results	MRR 0.777872	H@1 0.658291	H@3 0.876884	H@5 0.942211	H@10 1.000000	H@20 1.000000	H@50 1.000000	H@100 1.000000
INFO:kbc-cli.py:Epoch 99/100	test results	MRR 0.770631	H@1 0.641791	H@3 0.890547	H@5 0.942786	H@10 0.995025	H@20 1.000000	H@50 1.000000	H@100 1.000000
INFO:kbc-cli.py:Epoch 100/100	Loss 5.6343 ± 0.0961
INFO:kbc-cli.py:Final 	dev results	MRR 0.774329	H@1 0.650754	H@3 0.869347	H@5 0.947236	H@10 1.000000	H@20 1.000000	H@50 1.000000	H@100 1.000000
INFO:kbc-cli.py:Final 	test results	MRR 0.766137	H@1 0.634328	H@3 0.885572	H@5 0.940299	H@10 0.995025	H@20 1.000000	H@50 1.000000	H@100 1.000000
INFO:kbc-cli.py:Training finished
