./bin/kbc-cli.py --train data/kinship/train.tsv --dev data/kinship/dev.tsv --test data/kinship/test.tsv -m complex -k 1000 -b 100 -e 100 --F2 0 --N3 0.005 -l 0.1 -I standard -V 3 -o adagrad -c so -q
{'F2': 0.0,
 'N3': 0.005,
 'batch_size': 100,
 'corruption': 'so',
 'dev': 'data/kinship/dev.tsv',
 'embedding_size': 1000,
 'epochs': 100,
 'eval_batch_size': None,
 'input_type': 'standard',
 'learning_rate': 0.1,
 'load': None,
 'model': 'complex',
 'optimizer': 'adagrad',
 'quiet': True,
 'save': None,
 'seed': 0,
 'test': 'data/kinship/test.tsv',
 'test_i': None,
 'test_ii': None,
 'train': 'data/kinship/train.tsv',
 'validate_every': 3}
INFO:kbc-cli.py:Device: cuda
INFO:kbc-cli.py:Model state:
INFO:kbc-cli.py:	entities.weight	torch.Size([104, 2000])
INFO:kbc-cli.py:	predicates.weight	torch.Size([25, 2000])
INFO:kbc-cli.py:Epoch 1/100	Loss 7.6197 ± 1.2394
INFO:kbc-cli.py:Epoch 2/100	Loss 5.7635 ± 0.2005
INFO:kbc-cli.py:Epoch 3/100	Loss 5.4686 ± 0.2506
INFO:kbc-cli.py:Epoch 3/100	dev results	MRR 0.859985	H@1 0.780431	H@3 0.931648	H@5 0.955524	H@10 0.974719	H@20 0.986891	H@50 0.992509	H@100 1.000000
INFO:kbc-cli.py:Epoch 3/100	test results	MRR 0.856926	H@1 0.774674	H@3 0.930168	H@5 0.960428	H@10 0.981844	H@20 0.992086	H@50 0.996741	H@100 1.000000
INFO:kbc-cli.py:Epoch 4/100	Loss 5.3122 ± 0.2279
INFO:kbc-cli.py:Epoch 5/100	Loss 5.2148 ± 0.2322
INFO:kbc-cli.py:Epoch 6/100	Loss 5.1377 ± 0.2226
INFO:kbc-cli.py:Epoch 6/100	dev results	MRR 0.882970	H@1 0.816948	H@3 0.943352	H@5 0.962079	H@10 0.977060	H@20 0.987828	H@50 0.991573	H@100 1.000000
INFO:kbc-cli.py:Epoch 6/100	test results	MRR 0.883727	H@1 0.814711	H@3 0.946927	H@5 0.967877	H@10 0.986034	H@20 0.993482	H@50 0.996741	H@100 1.000000
INFO:kbc-cli.py:Epoch 7/100	Loss 5.0838 ± 0.2157
INFO:kbc-cli.py:Epoch 8/100	Loss 5.0402 ± 0.2139
INFO:kbc-cli.py:Epoch 9/100	Loss 5.0015 ± 0.2041
INFO:kbc-cli.py:Epoch 9/100	dev results	MRR 0.886456	H@1 0.823970	H@3 0.942884	H@5 0.963483	H@10 0.977528	H@20 0.988296	H@50 0.991573	H@100 1.000000
INFO:kbc-cli.py:Epoch 9/100	test results	MRR 0.885987	H@1 0.819367	H@3 0.945996	H@5 0.970670	H@10 0.984637	H@20 0.992551	H@50 0.996741	H@100 1.000000
INFO:kbc-cli.py:Epoch 10/100	Loss 4.9693 ± 0.2060
INFO:kbc-cli.py:Epoch 11/100	Loss 4.9441 ± 0.2085
INFO:kbc-cli.py:Epoch 12/100	Loss 4.9194 ± 0.1899
INFO:kbc-cli.py:Epoch 12/100	dev results	MRR 0.886587	H@1 0.823034	H@3 0.944288	H@5 0.963015	H@10 0.977996	H@20 0.987360	H@50 0.991573	H@100 1.000000
INFO:kbc-cli.py:Epoch 12/100	test results	MRR 0.890476	H@1 0.826816	H@3 0.945996	H@5 0.971601	H@10 0.986034	H@20 0.993017	H@50 0.997672	H@100 1.000000
INFO:kbc-cli.py:Epoch 13/100	Loss 4.8972 ± 0.2067
INFO:kbc-cli.py:Epoch 14/100	Loss 4.8805 ± 0.2002
INFO:kbc-cli.py:Epoch 15/100	Loss 4.8629 ± 0.1808
INFO:kbc-cli.py:Epoch 15/100	dev results	MRR 0.889899	H@1 0.830524	H@3 0.944288	H@5 0.964419	H@10 0.977528	H@20 0.987360	H@50 0.991573	H@100 1.000000
INFO:kbc-cli.py:Epoch 15/100	test results	MRR 0.890898	H@1 0.824953	H@3 0.950186	H@5 0.972067	H@10 0.986499	H@20 0.993482	H@50 0.997207	H@100 1.000000
INFO:kbc-cli.py:Epoch 16/100	Loss 4.8487 ± 0.1984
INFO:kbc-cli.py:Epoch 17/100	Loss 4.8322 ± 0.1780
INFO:kbc-cli.py:Epoch 18/100	Loss 4.8223 ± 0.1980
INFO:kbc-cli.py:Epoch 18/100	dev results	MRR 0.889614	H@1 0.829588	H@3 0.943352	H@5 0.963015	H@10 0.977528	H@20 0.986891	H@50 0.991573	H@100 1.000000
INFO:kbc-cli.py:Epoch 18/100	test results	MRR 0.889327	H@1 0.823091	H@3 0.949721	H@5 0.971601	H@10 0.985568	H@20 0.992551	H@50 0.997672	H@100 1.000000
INFO:kbc-cli.py:Epoch 19/100	Loss 4.8111 ± 0.1847
INFO:kbc-cli.py:Epoch 20/100	Loss 4.7988 ± 0.1675
INFO:kbc-cli.py:Epoch 21/100	Loss 4.7905 ± 0.1840
INFO:kbc-cli.py:Epoch 21/100	dev results	MRR 0.890738	H@1 0.830524	H@3 0.942884	H@5 0.965356	H@10 0.977528	H@20 0.988296	H@50 0.991573	H@100 1.000000
INFO:kbc-cli.py:Epoch 21/100	test results	MRR 0.890338	H@1 0.825419	H@3 0.948324	H@5 0.972998	H@10 0.986965	H@20 0.992551	H@50 0.997207	H@100 1.000000
INFO:kbc-cli.py:Epoch 22/100	Loss 4.7788 ± 0.1861
INFO:kbc-cli.py:Epoch 23/100	Loss 4.7687 ± 0.1945
INFO:kbc-cli.py:Epoch 24/100	Loss 4.7637 ± 0.1600
INFO:kbc-cli.py:Epoch 24/100	dev results	MRR 0.891966	H@1 0.833801	H@3 0.942416	H@5 0.963951	H@10 0.978933	H@20 0.987828	H@50 0.991573	H@100 1.000000
INFO:kbc-cli.py:Epoch 24/100	test results	MRR 0.889283	H@1 0.821229	H@3 0.949721	H@5 0.972998	H@10 0.985102	H@20 0.993017	H@50 0.997672	H@100 1.000000
INFO:kbc-cli.py:Epoch 25/100	Loss 4.7561 ± 0.1664
INFO:kbc-cli.py:Epoch 26/100	Loss 4.7451 ± 0.1752
INFO:kbc-cli.py:Epoch 27/100	Loss 4.7428 ± 0.1692
INFO:kbc-cli.py:Epoch 27/100	dev results	MRR 0.891372	H@1 0.833333	H@3 0.941479	H@5 0.963951	H@10 0.977996	H@20 0.987828	H@50 0.991573	H@100 1.000000
INFO:kbc-cli.py:Epoch 27/100	test results	MRR 0.888532	H@1 0.821229	H@3 0.949255	H@5 0.972067	H@10 0.986965	H@20 0.993017	H@50 0.997207	H@100 1.000000
INFO:kbc-cli.py:Epoch 28/100	Loss 4.7341 ± 0.1703
INFO:kbc-cli.py:Epoch 29/100	Loss 4.7307 ± 0.1659
INFO:kbc-cli.py:Epoch 30/100	Loss 4.7236 ± 0.1678
INFO:kbc-cli.py:Epoch 30/100	dev results	MRR 0.890204	H@1 0.830993	H@3 0.938670	H@5 0.964419	H@10 0.977996	H@20 0.987360	H@50 0.991573	H@100 1.000000
INFO:kbc-cli.py:Epoch 30/100	test results	MRR 0.888258	H@1 0.821229	H@3 0.947393	H@5 0.972998	H@10 0.986499	H@20 0.993017	H@50 0.997207	H@100 1.000000
INFO:kbc-cli.py:Epoch 31/100	Loss 4.7185 ± 0.1548
INFO:kbc-cli.py:Epoch 32/100	Loss 4.7121 ± 0.1405
INFO:kbc-cli.py:Epoch 33/100	Loss 4.7087 ± 0.1540
INFO:kbc-cli.py:Epoch 33/100	dev results	MRR 0.890603	H@1 0.831461	H@3 0.939139	H@5 0.964419	H@10 0.977996	H@20 0.987828	H@50 0.991573	H@100 1.000000
INFO:kbc-cli.py:Epoch 33/100	test results	MRR 0.891027	H@1 0.825885	H@3 0.949255	H@5 0.973929	H@10 0.985568	H@20 0.992086	H@50 0.997672	H@100 1.000000
INFO:kbc-cli.py:Epoch 34/100	Loss 4.7038 ± 0.1712
INFO:kbc-cli.py:Epoch 35/100	Loss 4.6989 ± 0.1580
INFO:kbc-cli.py:Epoch 36/100	Loss 4.6934 ± 0.1482
INFO:kbc-cli.py:Epoch 36/100	dev results	MRR 0.891426	H@1 0.833801	H@3 0.938670	H@5 0.964419	H@10 0.977996	H@20 0.987828	H@50 0.991573	H@100 1.000000
INFO:kbc-cli.py:Epoch 36/100	test results	MRR 0.888307	H@1 0.820764	H@3 0.949255	H@5 0.971601	H@10 0.985568	H@20 0.992551	H@50 0.997207	H@100 1.000000
INFO:kbc-cli.py:Epoch 37/100	Loss 4.6907 ± 0.1644
INFO:kbc-cli.py:Epoch 38/100	Loss 4.6889 ± 0.1601
INFO:kbc-cli.py:Epoch 39/100	Loss 4.6826 ± 0.1388
INFO:kbc-cli.py:Epoch 39/100	dev results	MRR 0.890496	H@1 0.830993	H@3 0.939607	H@5 0.964419	H@10 0.977996	H@20 0.987828	H@50 0.991573	H@100 1.000000
INFO:kbc-cli.py:Epoch 39/100	test results	MRR 0.890379	H@1 0.824953	H@3 0.946927	H@5 0.971601	H@10 0.985568	H@20 0.992551	H@50 0.997207	H@100 1.000000
INFO:kbc-cli.py:Epoch 40/100	Loss 4.6758 ± 0.1618
INFO:kbc-cli.py:Epoch 41/100	Loss 4.6750 ± 0.1418
INFO:kbc-cli.py:Epoch 42/100	Loss 4.6705 ± 0.1554
INFO:kbc-cli.py:Epoch 42/100	dev results	MRR 0.891312	H@1 0.832865	H@3 0.940543	H@5 0.963951	H@10 0.977528	H@20 0.987828	H@50 0.991573	H@100 1.000000
INFO:kbc-cli.py:Epoch 42/100	test results	MRR 0.889232	H@1 0.823091	H@3 0.946927	H@5 0.971601	H@10 0.984637	H@20 0.992551	H@50 0.997672	H@100 1.000000
INFO:kbc-cli.py:Epoch 43/100	Loss 4.6675 ± 0.1416
INFO:kbc-cli.py:Epoch 44/100	Loss 4.6655 ± 0.1607
INFO:kbc-cli.py:Epoch 45/100	Loss 4.6608 ± 0.1464
INFO:kbc-cli.py:Epoch 45/100	dev results	MRR 0.889360	H@1 0.829588	H@3 0.939139	H@5 0.965356	H@10 0.978464	H@20 0.987828	H@50 0.991573	H@100 1.000000
INFO:kbc-cli.py:Epoch 45/100	test results	MRR 0.889535	H@1 0.823557	H@3 0.947858	H@5 0.971136	H@10 0.985102	H@20 0.992551	H@50 0.997672	H@100 1.000000
INFO:kbc-cli.py:Epoch 46/100	Loss 4.6603 ± 0.1472
INFO:kbc-cli.py:Epoch 47/100	Loss 4.6561 ± 0.1434
INFO:kbc-cli.py:Epoch 48/100	Loss 4.6534 ± 0.1421
INFO:kbc-cli.py:Epoch 48/100	dev results	MRR 0.890927	H@1 0.831929	H@3 0.939607	H@5 0.965824	H@10 0.977528	H@20 0.987828	H@50 0.991573	H@100 1.000000
INFO:kbc-cli.py:Epoch 48/100	test results	MRR 0.889984	H@1 0.823557	H@3 0.948324	H@5 0.971601	H@10 0.984637	H@20 0.992551	H@50 0.997672	H@100 1.000000
INFO:kbc-cli.py:Epoch 49/100	Loss 4.6494 ± 0.1445
INFO:kbc-cli.py:Epoch 50/100	Loss 4.6482 ± 0.1368
INFO:kbc-cli.py:Epoch 51/100	Loss 4.6437 ± 0.1225
INFO:kbc-cli.py:Epoch 51/100	dev results	MRR 0.890511	H@1 0.831929	H@3 0.940075	H@5 0.964888	H@10 0.977996	H@20 0.987828	H@50 0.991573	H@100 1.000000
INFO:kbc-cli.py:Epoch 51/100	test results	MRR 0.887922	H@1 0.820298	H@3 0.947858	H@5 0.971601	H@10 0.985102	H@20 0.993017	H@50 0.997672	H@100 1.000000
INFO:kbc-cli.py:Epoch 52/100	Loss 4.6415 ± 0.1180
INFO:kbc-cli.py:Epoch 53/100	Loss 4.6413 ± 0.1516
INFO:kbc-cli.py:Epoch 54/100	Loss 4.6367 ± 0.1469
INFO:kbc-cli.py:Epoch 54/100	dev results	MRR 0.887415	H@1 0.825843	H@3 0.938670	H@5 0.963483	H@10 0.977528	H@20 0.987828	H@50 0.991573	H@100 1.000000
INFO:kbc-cli.py:Epoch 54/100	test results	MRR 0.888677	H@1 0.821695	H@3 0.947393	H@5 0.972533	H@10 0.985102	H@20 0.992551	H@50 0.998138	H@100 1.000000
INFO:kbc-cli.py:Epoch 55/100	Loss 4.6369 ± 0.1460
INFO:kbc-cli.py:Epoch 56/100	Loss 4.6319 ± 0.1326
INFO:kbc-cli.py:Epoch 57/100	Loss 4.6311 ± 0.1332
INFO:kbc-cli.py:Epoch 57/100	dev results	MRR 0.890012	H@1 0.830993	H@3 0.939139	H@5 0.964888	H@10 0.977996	H@20 0.987828	H@50 0.991573	H@100 1.000000
INFO:kbc-cli.py:Epoch 57/100	test results	MRR 0.889746	H@1 0.823557	H@3 0.948324	H@5 0.971601	H@10 0.984637	H@20 0.992086	H@50 0.998138	H@100 1.000000
INFO:kbc-cli.py:Epoch 58/100	Loss 4.6285 ± 0.1343
INFO:kbc-cli.py:Epoch 59/100	Loss 4.6266 ± 0.1454
INFO:kbc-cli.py:Epoch 60/100	Loss 4.6252 ± 0.1498
INFO:kbc-cli.py:Epoch 60/100	dev results	MRR 0.890381	H@1 0.832397	H@3 0.938670	H@5 0.964419	H@10 0.977996	H@20 0.987828	H@50 0.991105	H@100 1.000000
INFO:kbc-cli.py:Epoch 60/100	test results	MRR 0.886977	H@1 0.818901	H@3 0.948324	H@5 0.970670	H@10 0.985102	H@20 0.992086	H@50 0.997672	H@100 1.000000
INFO:kbc-cli.py:Epoch 61/100	Loss 4.6239 ± 0.1244
INFO:kbc-cli.py:Epoch 62/100	Loss 4.6219 ± 0.1356
INFO:kbc-cli.py:Epoch 63/100	Loss 4.6188 ± 0.1354
INFO:kbc-cli.py:Epoch 63/100	dev results	MRR 0.889601	H@1 0.829588	H@3 0.939607	H@5 0.963951	H@10 0.978464	H@20 0.987828	H@50 0.991105	H@100 1.000000
INFO:kbc-cli.py:Epoch 63/100	test results	MRR 0.886562	H@1 0.817505	H@3 0.947858	H@5 0.972067	H@10 0.985568	H@20 0.992086	H@50 0.997672	H@100 1.000000
INFO:kbc-cli.py:Epoch 64/100	Loss 4.6187 ± 0.1425
INFO:kbc-cli.py:Epoch 65/100	Loss 4.6171 ± 0.1508
INFO:kbc-cli.py:Epoch 66/100	Loss 4.6136 ± 0.1273
INFO:kbc-cli.py:Epoch 66/100	dev results	MRR 0.888165	H@1 0.827715	H@3 0.937734	H@5 0.965356	H@10 0.977996	H@20 0.987828	H@50 0.991105	H@100 1.000000
INFO:kbc-cli.py:Epoch 66/100	test results	MRR 0.887120	H@1 0.818436	H@3 0.947393	H@5 0.972067	H@10 0.985102	H@20 0.992551	H@50 0.997672	H@100 1.000000
INFO:kbc-cli.py:Epoch 67/100	Loss 4.6120 ± 0.1250
INFO:kbc-cli.py:Epoch 68/100	Loss 4.6116 ± 0.1504
INFO:kbc-cli.py:Epoch 69/100	Loss 4.6096 ± 0.1299
INFO:kbc-cli.py:Epoch 69/100	dev results	MRR 0.889214	H@1 0.829588	H@3 0.937734	H@5 0.964419	H@10 0.978464	H@20 0.987828	H@50 0.991105	H@100 1.000000
INFO:kbc-cli.py:Epoch 69/100	test results	MRR 0.886531	H@1 0.817970	H@3 0.946927	H@5 0.972067	H@10 0.985568	H@20 0.992086	H@50 0.997672	H@100 1.000000
INFO:kbc-cli.py:Epoch 70/100	Loss 4.6066 ± 0.1442
INFO:kbc-cli.py:Epoch 71/100	Loss 4.6066 ± 0.1363
INFO:kbc-cli.py:Epoch 72/100	Loss 4.6051 ± 0.1213
INFO:kbc-cli.py:Epoch 72/100	dev results	MRR 0.888151	H@1 0.827715	H@3 0.938670	H@5 0.964419	H@10 0.978464	H@20 0.987828	H@50 0.991105	H@100 1.000000
INFO:kbc-cli.py:Epoch 72/100	test results	MRR 0.886460	H@1 0.817505	H@3 0.944600	H@5 0.972067	H@10 0.985568	H@20 0.992551	H@50 0.997672	H@100 1.000000
INFO:kbc-cli.py:Epoch 73/100	Loss 4.6023 ± 0.1041
INFO:kbc-cli.py:Epoch 74/100	Loss 4.6009 ± 0.1371
INFO:kbc-cli.py:Epoch 75/100	Loss 4.6006 ± 0.1228
INFO:kbc-cli.py:Epoch 75/100	dev results	MRR 0.888930	H@1 0.829120	H@3 0.939607	H@5 0.963951	H@10 0.978464	H@20 0.987828	H@50 0.991105	H@100 1.000000
INFO:kbc-cli.py:Epoch 75/100	test results	MRR 0.885745	H@1 0.816574	H@3 0.946927	H@5 0.972067	H@10 0.986034	H@20 0.992086	H@50 0.997672	H@100 1.000000
INFO:kbc-cli.py:Epoch 76/100	Loss 4.5976 ± 0.1489
INFO:kbc-cli.py:Epoch 77/100	Loss 4.5970 ± 0.1320
INFO:kbc-cli.py:Epoch 78/100	Loss 4.5946 ± 0.1162
INFO:kbc-cli.py:Epoch 78/100	dev results	MRR 0.887683	H@1 0.826311	H@3 0.938670	H@5 0.964419	H@10 0.978464	H@20 0.987828	H@50 0.991105	H@100 1.000000
INFO:kbc-cli.py:Epoch 78/100	test results	MRR 0.884042	H@1 0.813780	H@3 0.945996	H@5 0.970670	H@10 0.985568	H@20 0.992551	H@50 0.997672	H@100 1.000000
INFO:kbc-cli.py:Epoch 79/100	Loss 4.5946 ± 0.1225
INFO:kbc-cli.py:Epoch 80/100	Loss 4.5920 ± 0.1386
INFO:kbc-cli.py:Epoch 81/100	Loss 4.5931 ± 0.1240
INFO:kbc-cli.py:Epoch 81/100	dev results	MRR 0.888996	H@1 0.829588	H@3 0.939139	H@5 0.964888	H@10 0.978933	H@20 0.987828	H@50 0.991105	H@100 1.000000
INFO:kbc-cli.py:Epoch 81/100	test results	MRR 0.885554	H@1 0.817039	H@3 0.945531	H@5 0.970670	H@10 0.985568	H@20 0.992086	H@50 0.997672	H@100 1.000000
INFO:kbc-cli.py:Epoch 82/100	Loss 4.5913 ± 0.1218
INFO:kbc-cli.py:Epoch 83/100	Loss 4.5906 ± 0.1364
INFO:kbc-cli.py:Epoch 84/100	Loss 4.5898 ± 0.1348
INFO:kbc-cli.py:Epoch 84/100	dev results	MRR 0.889155	H@1 0.829588	H@3 0.938202	H@5 0.965356	H@10 0.977996	H@20 0.987828	H@50 0.991105	H@100 1.000000
INFO:kbc-cli.py:Epoch 84/100	test results	MRR 0.886100	H@1 0.817505	H@3 0.946462	H@5 0.971601	H@10 0.985568	H@20 0.992086	H@50 0.997672	H@100 1.000000
INFO:kbc-cli.py:Epoch 85/100	Loss 4.5863 ± 0.1227
INFO:kbc-cli.py:Epoch 86/100	Loss 4.5872 ± 0.1319
INFO:kbc-cli.py:Epoch 87/100	Loss 4.5842 ± 0.1233
INFO:kbc-cli.py:Epoch 87/100	dev results	MRR 0.889949	H@1 0.831461	H@3 0.938202	H@5 0.964419	H@10 0.978933	H@20 0.987828	H@50 0.991105	H@100 1.000000
INFO:kbc-cli.py:Epoch 87/100	test results	MRR 0.887781	H@1 0.821229	H@3 0.945996	H@5 0.971136	H@10 0.986034	H@20 0.992086	H@50 0.997672	H@100 1.000000
INFO:kbc-cli.py:Epoch 88/100	Loss 4.5854 ± 0.1321
INFO:kbc-cli.py:Epoch 89/100	Loss 4.5815 ± 0.1303
INFO:kbc-cli.py:Epoch 90/100	Loss 4.5817 ± 0.1235
INFO:kbc-cli.py:Epoch 90/100	dev results	MRR 0.888262	H@1 0.828184	H@3 0.938202	H@5 0.964419	H@10 0.978464	H@20 0.987828	H@50 0.991105	H@100 1.000000
INFO:kbc-cli.py:Epoch 90/100	test results	MRR 0.886453	H@1 0.817970	H@3 0.946927	H@5 0.972067	H@10 0.985102	H@20 0.992551	H@50 0.998138	H@100 1.000000
INFO:kbc-cli.py:Epoch 91/100	Loss 4.5800 ± 0.1456
INFO:kbc-cli.py:Epoch 92/100	Loss 4.5800 ± 0.1221
INFO:kbc-cli.py:Epoch 93/100	Loss 4.5786 ± 0.1146
INFO:kbc-cli.py:Epoch 93/100	dev results	MRR 0.886613	H@1 0.825375	H@3 0.936798	H@5 0.963951	H@10 0.978464	H@20 0.987828	H@50 0.991105	H@100 1.000000
INFO:kbc-cli.py:Epoch 93/100	test results	MRR 0.886651	H@1 0.819367	H@3 0.946927	H@5 0.971136	H@10 0.985568	H@20 0.992086	H@50 0.998138	H@100 1.000000
INFO:kbc-cli.py:Epoch 94/100	Loss 4.5759 ± 0.1166
INFO:kbc-cli.py:Epoch 95/100	Loss 4.5761 ± 0.1310
INFO:kbc-cli.py:Epoch 96/100	Loss 4.5753 ± 0.1261
INFO:kbc-cli.py:Epoch 96/100	dev results	MRR 0.885826	H@1 0.823970	H@3 0.938202	H@5 0.965824	H@10 0.978464	H@20 0.987828	H@50 0.991105	H@100 1.000000
INFO:kbc-cli.py:Epoch 96/100	test results	MRR 0.887293	H@1 0.820298	H@3 0.946462	H@5 0.971136	H@10 0.985568	H@20 0.992086	H@50 0.997672	H@100 1.000000
INFO:kbc-cli.py:Epoch 97/100	Loss 4.5751 ± 0.1261
INFO:kbc-cli.py:Epoch 98/100	Loss 4.5724 ± 0.1097
INFO:kbc-cli.py:Epoch 99/100	Loss 4.5726 ± 0.1218
INFO:kbc-cli.py:Epoch 99/100	dev results	MRR 0.885156	H@1 0.823034	H@3 0.935861	H@5 0.964888	H@10 0.978464	H@20 0.987828	H@50 0.991105	H@100 1.000000
INFO:kbc-cli.py:Epoch 99/100	test results	MRR 0.886918	H@1 0.819367	H@3 0.945996	H@5 0.971136	H@10 0.985568	H@20 0.992551	H@50 0.997672	H@100 1.000000
INFO:kbc-cli.py:Epoch 100/100	Loss 4.5716 ± 0.1255
INFO:kbc-cli.py:Final 	dev results	MRR 0.884631	H@1 0.822097	H@3 0.935861	H@5 0.964419	H@10 0.978464	H@20 0.987828	H@50 0.991105	H@100 1.000000
INFO:kbc-cli.py:Final 	test results	MRR 0.884223	H@1 0.814246	H@3 0.945531	H@5 0.971601	H@10 0.985568	H@20 0.992086	H@50 0.997672	H@100 1.000000
INFO:kbc-cli.py:Training finished
