./bin/kbc-cli.py --train data/kinship/train.tsv --dev data/kinship/dev.tsv --test data/kinship/test.tsv -m complex -k 500 -b 50 -e 100 --F2 0 --N3 0.05 -l 0.1 -I standard -V 3 -o adagrad -c spo -q
{'F2': 0.0,
 'N3': 0.05,
 'batch_size': 50,
 'corruption': 'spo',
 'dev': 'data/kinship/dev.tsv',
 'embedding_size': 500,
 'epochs': 100,
 'eval_batch_size': None,
 'input_type': 'standard',
 'learning_rate': 0.1,
 'load': None,
 'model': 'complex',
 'optimizer': 'adagrad',
 'quiet': True,
 'save': None,
 'seed': 0,
 'test': 'data/kinship/test.tsv',
 'test_i': None,
 'test_ii': None,
 'train': 'data/kinship/train.tsv',
 'validate_every': 3}
INFO:kbc-cli.py:Device: cuda
INFO:kbc-cli.py:Model state:
INFO:kbc-cli.py:	entities.weight	torch.Size([104, 1000])
INFO:kbc-cli.py:	predicates.weight	torch.Size([25, 1000])
INFO:kbc-cli.py:Epoch 1/100	Loss 9.6399 ± 1.8367
INFO:kbc-cli.py:Epoch 2/100	Loss 7.6331 ± 0.2612
INFO:kbc-cli.py:Epoch 3/100	Loss 7.4054 ± 0.2691
INFO:kbc-cli.py:Epoch 3/100	dev results	MRR 0.840273	H@1 0.752341	H@3 0.913390	H@5 0.951779	H@10 0.975655	H@20 0.985487	H@50 0.995318	H@100 1.000000
INFO:kbc-cli.py:Epoch 3/100	test results	MRR 0.836698	H@1 0.745810	H@3 0.913873	H@5 0.958566	H@10 0.983240	H@20 0.992086	H@50 0.997672	H@100 1.000000
INFO:kbc-cli.py:Epoch 4/100	Loss 7.2954 ± 0.2483
INFO:kbc-cli.py:Epoch 5/100	Loss 7.2272 ± 0.2375
INFO:kbc-cli.py:Epoch 6/100	Loss 7.1764 ± 0.2127
INFO:kbc-cli.py:Epoch 6/100	dev results	MRR 0.869838	H@1 0.798221	H@3 0.933052	H@5 0.961142	H@10 0.978933	H@20 0.987828	H@50 0.993914	H@100 1.000000
INFO:kbc-cli.py:Epoch 6/100	test results	MRR 0.873771	H@1 0.803538	H@3 0.935754	H@5 0.968343	H@10 0.985568	H@20 0.992086	H@50 0.996276	H@100 1.000000
INFO:kbc-cli.py:Epoch 7/100	Loss 7.1406 ± 0.2150
INFO:kbc-cli.py:Epoch 8/100	Loss 7.1110 ± 0.2254
INFO:kbc-cli.py:Epoch 9/100	Loss 7.0851 ± 0.2129
INFO:kbc-cli.py:Epoch 9/100	dev results	MRR 0.880130	H@1 0.813202	H@3 0.942416	H@5 0.963951	H@10 0.980337	H@20 0.988764	H@50 0.993446	H@100 1.000000
INFO:kbc-cli.py:Epoch 9/100	test results	MRR 0.882703	H@1 0.815642	H@3 0.944134	H@5 0.971136	H@10 0.985568	H@20 0.992086	H@50 0.996276	H@100 1.000000
INFO:kbc-cli.py:Epoch 10/100	Loss 7.0656 ± 0.2223
INFO:kbc-cli.py:Epoch 11/100	Loss 7.0488 ± 0.2310
INFO:kbc-cli.py:Epoch 12/100	Loss 7.0326 ± 0.2057
INFO:kbc-cli.py:Epoch 12/100	dev results	MRR 0.883482	H@1 0.817416	H@3 0.942884	H@5 0.965356	H@10 0.979869	H@20 0.989232	H@50 0.994382	H@100 1.000000
INFO:kbc-cli.py:Epoch 12/100	test results	MRR 0.888277	H@1 0.824488	H@3 0.945996	H@5 0.972998	H@10 0.986034	H@20 0.992086	H@50 0.996276	H@100 1.000000
INFO:kbc-cli.py:Epoch 13/100	Loss 7.0188 ± 0.2259
INFO:kbc-cli.py:Epoch 14/100	Loss 7.0073 ± 0.2059
INFO:kbc-cli.py:Epoch 15/100	Loss 6.9963 ± 0.2106
INFO:kbc-cli.py:Epoch 15/100	dev results	MRR 0.888845	H@1 0.827715	H@3 0.944288	H@5 0.965356	H@10 0.979869	H@20 0.989232	H@50 0.994382	H@100 1.000000
INFO:kbc-cli.py:Epoch 15/100	test results	MRR 0.892714	H@1 0.831937	H@3 0.946927	H@5 0.972998	H@10 0.986499	H@20 0.992551	H@50 0.996276	H@100 1.000000
INFO:kbc-cli.py:Epoch 16/100	Loss 6.9865 ± 0.2189
INFO:kbc-cli.py:Epoch 17/100	Loss 6.9773 ± 0.1941
INFO:kbc-cli.py:Epoch 18/100	Loss 6.9700 ± 0.1895
INFO:kbc-cli.py:Epoch 18/100	dev results	MRR 0.890435	H@1 0.829120	H@3 0.943820	H@5 0.967697	H@10 0.981273	H@20 0.989232	H@50 0.994382	H@100 1.000000
INFO:kbc-cli.py:Epoch 18/100	test results	MRR 0.890503	H@1 0.828678	H@3 0.947393	H@5 0.973929	H@10 0.986499	H@20 0.992086	H@50 0.996276	H@100 1.000000
INFO:kbc-cli.py:Epoch 19/100	Loss 6.9624 ± 0.2006
INFO:kbc-cli.py:Epoch 20/100	Loss 6.9547 ± 0.1805
INFO:kbc-cli.py:Epoch 21/100	Loss 6.9489 ± 0.2116
INFO:kbc-cli.py:Epoch 21/100	dev results	MRR 0.892935	H@1 0.833333	H@3 0.948034	H@5 0.966292	H@10 0.980805	H@20 0.989232	H@50 0.994382	H@100 1.000000
INFO:kbc-cli.py:Epoch 21/100	test results	MRR 0.894973	H@1 0.833799	H@3 0.950652	H@5 0.974395	H@10 0.986965	H@20 0.992551	H@50 0.996276	H@100 1.000000
INFO:kbc-cli.py:Epoch 22/100	Loss 6.9426 ± 0.2011
INFO:kbc-cli.py:Epoch 23/100	Loss 6.9367 ± 0.2037
INFO:kbc-cli.py:Epoch 24/100	Loss 6.9321 ± 0.1872
INFO:kbc-cli.py:Epoch 24/100	dev results	MRR 0.893083	H@1 0.833801	H@3 0.948034	H@5 0.965824	H@10 0.981273	H@20 0.989232	H@50 0.994382	H@100 1.000000
INFO:kbc-cli.py:Epoch 24/100	test results	MRR 0.898316	H@1 0.840317	H@3 0.948324	H@5 0.974860	H@10 0.986499	H@20 0.993017	H@50 0.996276	H@100 1.000000
INFO:kbc-cli.py:Epoch 25/100	Loss 6.9271 ± 0.2053
INFO:kbc-cli.py:Epoch 26/100	Loss 6.9211 ± 0.1964
INFO:kbc-cli.py:Epoch 27/100	Loss 6.9183 ± 0.1886
INFO:kbc-cli.py:Epoch 27/100	dev results	MRR 0.895187	H@1 0.837079	H@3 0.947566	H@5 0.965824	H@10 0.981742	H@20 0.989232	H@50 0.994382	H@100 1.000000
INFO:kbc-cli.py:Epoch 27/100	test results	MRR 0.895377	H@1 0.833799	H@3 0.949721	H@5 0.975791	H@10 0.986499	H@20 0.992551	H@50 0.996276	H@100 1.000000
INFO:kbc-cli.py:Epoch 28/100	Loss 6.9138 ± 0.1877
INFO:kbc-cli.py:Epoch 29/100	Loss 6.9098 ± 0.1931
INFO:kbc-cli.py:Epoch 30/100	Loss 6.9064 ± 0.1994
INFO:kbc-cli.py:Epoch 30/100	dev results	MRR 0.895874	H@1 0.838951	H@3 0.948034	H@5 0.966760	H@10 0.981273	H@20 0.989232	H@50 0.994850	H@100 1.000000
INFO:kbc-cli.py:Epoch 30/100	test results	MRR 0.897545	H@1 0.837989	H@3 0.949255	H@5 0.975791	H@10 0.986499	H@20 0.993017	H@50 0.996276	H@100 1.000000
INFO:kbc-cli.py:Epoch 31/100	Loss 6.9024 ± 0.1928
INFO:kbc-cli.py:Epoch 32/100	Loss 6.8993 ± 0.1836
INFO:kbc-cli.py:Epoch 33/100	Loss 6.8958 ± 0.1933
INFO:kbc-cli.py:Epoch 33/100	dev results	MRR 0.897066	H@1 0.840824	H@3 0.948034	H@5 0.967228	H@10 0.981742	H@20 0.989232	H@50 0.994850	H@100 1.000000
INFO:kbc-cli.py:Epoch 33/100	test results	MRR 0.898165	H@1 0.838454	H@3 0.949255	H@5 0.976257	H@10 0.986499	H@20 0.992551	H@50 0.996276	H@100 1.000000
INFO:kbc-cli.py:Epoch 34/100	Loss 6.8923 ± 0.2074
INFO:kbc-cli.py:Epoch 35/100	Loss 6.8896 ± 0.1983
INFO:kbc-cli.py:Epoch 36/100	Loss 6.8868 ± 0.1891
INFO:kbc-cli.py:Epoch 36/100	dev results	MRR 0.898329	H@1 0.843165	H@3 0.948502	H@5 0.966292	H@10 0.981273	H@20 0.989232	H@50 0.994382	H@100 1.000000
INFO:kbc-cli.py:Epoch 36/100	test results	MRR 0.897356	H@1 0.838454	H@3 0.948790	H@5 0.976257	H@10 0.986499	H@20 0.993017	H@50 0.996276	H@100 1.000000
INFO:kbc-cli.py:Epoch 37/100	Loss 6.8842 ± 0.1780
INFO:kbc-cli.py:Epoch 38/100	Loss 6.8816 ± 0.1823
INFO:kbc-cli.py:Epoch 39/100	Loss 6.8791 ± 0.1920
INFO:kbc-cli.py:Epoch 39/100	dev results	MRR 0.896185	H@1 0.838951	H@3 0.948502	H@5 0.967228	H@10 0.981273	H@20 0.989232	H@50 0.994850	H@100 1.000000
INFO:kbc-cli.py:Epoch 39/100	test results	MRR 0.899355	H@1 0.840317	H@3 0.950186	H@5 0.976723	H@10 0.986499	H@20 0.992551	H@50 0.996276	H@100 1.000000
INFO:kbc-cli.py:Epoch 40/100	Loss 6.8762 ± 0.1891
INFO:kbc-cli.py:Epoch 41/100	Loss 6.8739 ± 0.1697
INFO:kbc-cli.py:Epoch 42/100	Loss 6.8717 ± 0.1779
INFO:kbc-cli.py:Epoch 42/100	dev results	MRR 0.899516	H@1 0.845037	H@3 0.949906	H@5 0.966292	H@10 0.980805	H@20 0.988764	H@50 0.994850	H@100 1.000000
INFO:kbc-cli.py:Epoch 42/100	test results	MRR 0.900492	H@1 0.843110	H@3 0.951583	H@5 0.976257	H@10 0.986499	H@20 0.992551	H@50 0.996276	H@100 1.000000
INFO:kbc-cli.py:Epoch 43/100	Loss 6.8693 ± 0.1938
INFO:kbc-cli.py:Epoch 44/100	Loss 6.8679 ± 0.1765
INFO:kbc-cli.py:Epoch 45/100	Loss 6.8651 ± 0.1699
INFO:kbc-cli.py:Epoch 45/100	dev results	MRR 0.898958	H@1 0.843633	H@3 0.949438	H@5 0.967697	H@10 0.981273	H@20 0.988764	H@50 0.994850	H@100 1.000000
INFO:kbc-cli.py:Epoch 45/100	test results	MRR 0.899796	H@1 0.841713	H@3 0.950652	H@5 0.977188	H@10 0.986499	H@20 0.992086	H@50 0.996276	H@100 1.000000
INFO:kbc-cli.py:Epoch 46/100	Loss 6.8636 ± 0.1758
INFO:kbc-cli.py:Epoch 47/100	Loss 6.8617 ± 0.2000
INFO:kbc-cli.py:Epoch 48/100	Loss 6.8595 ± 0.1809
INFO:kbc-cli.py:Epoch 48/100	dev results	MRR 0.899563	H@1 0.844569	H@3 0.950843	H@5 0.966760	H@10 0.981273	H@20 0.989232	H@50 0.994850	H@100 1.000000
INFO:kbc-cli.py:Epoch 48/100	test results	MRR 0.900263	H@1 0.842644	H@3 0.952980	H@5 0.977188	H@10 0.986499	H@20 0.992551	H@50 0.996276	H@100 1.000000
INFO:kbc-cli.py:Epoch 49/100	Loss 6.8579 ± 0.1875
INFO:kbc-cli.py:Epoch 50/100	Loss 6.8566 ± 0.1734
INFO:kbc-cli.py:Epoch 51/100	Loss 6.8544 ± 0.1592
INFO:kbc-cli.py:Epoch 51/100	dev results	MRR 0.899325	H@1 0.843633	H@3 0.950375	H@5 0.967228	H@10 0.981273	H@20 0.988764	H@50 0.994850	H@100 1.000000
INFO:kbc-cli.py:Epoch 51/100	test results	MRR 0.900000	H@1 0.843110	H@3 0.950186	H@5 0.977188	H@10 0.986499	H@20 0.992551	H@50 0.996276	H@100 1.000000
INFO:kbc-cli.py:Epoch 52/100	Loss 6.8526 ± 0.1570
INFO:kbc-cli.py:Epoch 53/100	Loss 6.8517 ± 0.1746
INFO:kbc-cli.py:Epoch 54/100	Loss 6.8500 ± 0.1648
INFO:kbc-cli.py:Epoch 54/100	dev results	MRR 0.898672	H@1 0.842228	H@3 0.949906	H@5 0.967228	H@10 0.981273	H@20 0.988764	H@50 0.994382	H@100 1.000000
INFO:kbc-cli.py:Epoch 54/100	test results	MRR 0.900593	H@1 0.843575	H@3 0.951117	H@5 0.976723	H@10 0.986499	H@20 0.992086	H@50 0.996276	H@100 1.000000
INFO:kbc-cli.py:Epoch 55/100	Loss 6.8484 ± 0.1654
INFO:kbc-cli.py:Epoch 56/100	Loss 6.8469 ± 0.1773
INFO:kbc-cli.py:Epoch 57/100	Loss 6.8457 ± 0.1935
INFO:kbc-cli.py:Epoch 57/100	dev results	MRR 0.901607	H@1 0.848315	H@3 0.949906	H@5 0.967697	H@10 0.981273	H@20 0.988764	H@50 0.994382	H@100 1.000000
INFO:kbc-cli.py:Epoch 57/100	test results	MRR 0.901393	H@1 0.844972	H@3 0.949721	H@5 0.976723	H@10 0.986499	H@20 0.992551	H@50 0.996276	H@100 1.000000
INFO:kbc-cli.py:Epoch 58/100	Loss 6.8437 ± 0.1740
INFO:kbc-cli.py:Epoch 59/100	Loss 6.8426 ± 0.1755
INFO:kbc-cli.py:Epoch 60/100	Loss 6.8411 ± 0.1779
INFO:kbc-cli.py:Epoch 60/100	dev results	MRR 0.900016	H@1 0.844569	H@3 0.950375	H@5 0.966760	H@10 0.981273	H@20 0.988764	H@50 0.994382	H@100 1.000000
INFO:kbc-cli.py:Epoch 60/100	test results	MRR 0.900274	H@1 0.844041	H@3 0.948790	H@5 0.976257	H@10 0.986499	H@20 0.992551	H@50 0.996276	H@100 1.000000
INFO:kbc-cli.py:Epoch 61/100	Loss 6.8400 ± 0.1711
INFO:kbc-cli.py:Epoch 62/100	Loss 6.8385 ± 0.1745
INFO:kbc-cli.py:Epoch 63/100	Loss 6.8377 ± 0.1533
INFO:kbc-cli.py:Epoch 63/100	dev results	MRR 0.901985	H@1 0.848783	H@3 0.949906	H@5 0.967228	H@10 0.980337	H@20 0.988764	H@50 0.994382	H@100 1.000000
INFO:kbc-cli.py:Epoch 63/100	test results	MRR 0.902685	H@1 0.847300	H@3 0.951117	H@5 0.977188	H@10 0.986499	H@20 0.992551	H@50 0.996276	H@100 1.000000
INFO:kbc-cli.py:Epoch 64/100	Loss 6.8365 ± 0.1654
INFO:kbc-cli.py:Epoch 65/100	Loss 6.8352 ± 0.1625
INFO:kbc-cli.py:Epoch 66/100	Loss 6.8340 ± 0.1647
INFO:kbc-cli.py:Epoch 66/100	dev results	MRR 0.900529	H@1 0.846442	H@3 0.949438	H@5 0.967228	H@10 0.981273	H@20 0.988764	H@50 0.994382	H@100 1.000000
INFO:kbc-cli.py:Epoch 66/100	test results	MRR 0.902060	H@1 0.846834	H@3 0.948790	H@5 0.976257	H@10 0.986499	H@20 0.992551	H@50 0.996276	H@100 1.000000
INFO:kbc-cli.py:Epoch 67/100	Loss 6.8326 ± 0.1710
INFO:kbc-cli.py:Epoch 68/100	Loss 6.8319 ± 0.1626
INFO:kbc-cli.py:Epoch 69/100	Loss 6.8305 ± 0.1553
INFO:kbc-cli.py:Epoch 69/100	dev results	MRR 0.902014	H@1 0.848783	H@3 0.950375	H@5 0.967228	H@10 0.980805	H@20 0.988764	H@50 0.994850	H@100 1.000000
INFO:kbc-cli.py:Epoch 69/100	test results	MRR 0.902219	H@1 0.846834	H@3 0.951117	H@5 0.977188	H@10 0.986499	H@20 0.992551	H@50 0.996276	H@100 1.000000
INFO:kbc-cli.py:Epoch 70/100	Loss 6.8295 ± 0.1672
INFO:kbc-cli.py:Epoch 71/100	Loss 6.8285 ± 0.1832
INFO:kbc-cli.py:Epoch 72/100	Loss 6.8276 ± 0.1721
INFO:kbc-cli.py:Epoch 72/100	dev results	MRR 0.901928	H@1 0.848315	H@3 0.950375	H@5 0.967697	H@10 0.980805	H@20 0.988764	H@50 0.994850	H@100 1.000000
INFO:kbc-cli.py:Epoch 72/100	test results	MRR 0.904417	H@1 0.851490	H@3 0.949255	H@5 0.977188	H@10 0.986965	H@20 0.992551	H@50 0.996276	H@100 1.000000
INFO:kbc-cli.py:Epoch 73/100	Loss 6.8261 ± 0.1586
INFO:kbc-cli.py:Epoch 74/100	Loss 6.8258 ± 0.1618
INFO:kbc-cli.py:Epoch 75/100	Loss 6.8246 ± 0.1583
INFO:kbc-cli.py:Epoch 75/100	dev results	MRR 0.901975	H@1 0.848783	H@3 0.950375	H@5 0.967697	H@10 0.980805	H@20 0.988764	H@50 0.994850	H@100 1.000000
INFO:kbc-cli.py:Epoch 75/100	test results	MRR 0.903183	H@1 0.849162	H@3 0.950186	H@5 0.977188	H@10 0.986034	H@20 0.992551	H@50 0.996276	H@100 1.000000
INFO:kbc-cli.py:Epoch 76/100	Loss 6.8236 ± 0.1618
INFO:kbc-cli.py:Epoch 77/100	Loss 6.8224 ± 0.1823
INFO:kbc-cli.py:Epoch 78/100	Loss 6.8216 ± 0.1646
INFO:kbc-cli.py:Epoch 78/100	dev results	MRR 0.902329	H@1 0.849719	H@3 0.949906	H@5 0.967228	H@10 0.980805	H@20 0.988764	H@50 0.995318	H@100 1.000000
INFO:kbc-cli.py:Epoch 78/100	test results	MRR 0.902783	H@1 0.848231	H@3 0.949721	H@5 0.977188	H@10 0.986034	H@20 0.992551	H@50 0.996276	H@100 1.000000
INFO:kbc-cli.py:Epoch 79/100	Loss 6.8210 ± 0.1467
INFO:kbc-cli.py:Epoch 80/100	Loss 6.8200 ± 0.1803
INFO:kbc-cli.py:Epoch 81/100	Loss 6.8194 ± 0.1734
INFO:kbc-cli.py:Epoch 81/100	dev results	MRR 0.902332	H@1 0.848783	H@3 0.950375	H@5 0.967228	H@10 0.980805	H@20 0.988764	H@50 0.995318	H@100 1.000000
INFO:kbc-cli.py:Epoch 81/100	test results	MRR 0.902213	H@1 0.847300	H@3 0.950186	H@5 0.977188	H@10 0.986034	H@20 0.992086	H@50 0.995810	H@100 1.000000
INFO:kbc-cli.py:Epoch 82/100	Loss 6.8180 ± 0.1577
INFO:kbc-cli.py:Epoch 83/100	Loss 6.8175 ± 0.1542
INFO:kbc-cli.py:Epoch 84/100	Loss 6.8170 ± 0.1715
INFO:kbc-cli.py:Epoch 84/100	dev results	MRR 0.903031	H@1 0.850655	H@3 0.950375	H@5 0.967228	H@10 0.980805	H@20 0.988764	H@50 0.995318	H@100 1.000000
INFO:kbc-cli.py:Epoch 84/100	test results	MRR 0.903312	H@1 0.849628	H@3 0.948324	H@5 0.977188	H@10 0.986499	H@20 0.992551	H@50 0.996276	H@100 1.000000
INFO:kbc-cli.py:Epoch 85/100	Loss 6.8158 ± 0.1607
INFO:kbc-cli.py:Epoch 86/100	Loss 6.8153 ± 0.1769
INFO:kbc-cli.py:Epoch 87/100	Loss 6.8142 ± 0.1625
INFO:kbc-cli.py:Epoch 87/100	dev results	MRR 0.903103	H@1 0.850655	H@3 0.949906	H@5 0.967228	H@10 0.980337	H@20 0.988764	H@50 0.995318	H@100 1.000000
INFO:kbc-cli.py:Epoch 87/100	test results	MRR 0.902581	H@1 0.848231	H@3 0.949721	H@5 0.976723	H@10 0.986034	H@20 0.992551	H@50 0.996276	H@100 1.000000
INFO:kbc-cli.py:Epoch 88/100	Loss 6.8136 ± 0.1711
INFO:kbc-cli.py:Epoch 89/100	Loss 6.8125 ± 0.1766
INFO:kbc-cli.py:Epoch 90/100	Loss 6.8118 ± 0.1733
INFO:kbc-cli.py:Epoch 90/100	dev results	MRR 0.902810	H@1 0.850187	H@3 0.949438	H@5 0.967228	H@10 0.980805	H@20 0.988764	H@50 0.995787	H@100 1.000000
INFO:kbc-cli.py:Epoch 90/100	test results	MRR 0.902943	H@1 0.849162	H@3 0.948324	H@5 0.976723	H@10 0.986034	H@20 0.992551	H@50 0.996276	H@100 1.000000
INFO:kbc-cli.py:Epoch 91/100	Loss 6.8113 ± 0.1743
INFO:kbc-cli.py:Epoch 92/100	Loss 6.8105 ± 0.1652
INFO:kbc-cli.py:Epoch 93/100	Loss 6.8102 ± 0.1523
INFO:kbc-cli.py:Epoch 93/100	dev results	MRR 0.902385	H@1 0.849251	H@3 0.950375	H@5 0.967228	H@10 0.980805	H@20 0.988764	H@50 0.995318	H@100 1.000000
INFO:kbc-cli.py:Epoch 93/100	test results	MRR 0.903740	H@1 0.850559	H@3 0.949255	H@5 0.976723	H@10 0.986034	H@20 0.992551	H@50 0.996741	H@100 1.000000
INFO:kbc-cli.py:Epoch 94/100	Loss 6.8090 ± 0.1660
INFO:kbc-cli.py:Epoch 95/100	Loss 6.8084 ± 0.1672
INFO:kbc-cli.py:Epoch 96/100	Loss 6.8078 ± 0.1644
INFO:kbc-cli.py:Epoch 96/100	dev results	MRR 0.904108	H@1 0.852528	H@3 0.950843	H@5 0.966760	H@10 0.980805	H@20 0.988764	H@50 0.995318	H@100 1.000000
INFO:kbc-cli.py:Epoch 96/100	test results	MRR 0.903885	H@1 0.850559	H@3 0.949721	H@5 0.976257	H@10 0.986034	H@20 0.992551	H@50 0.996741	H@100 1.000000
INFO:kbc-cli.py:Epoch 97/100	Loss 6.8070 ± 0.1574
INFO:kbc-cli.py:Epoch 98/100	Loss 6.8066 ± 0.1590
INFO:kbc-cli.py:Epoch 99/100	Loss 6.8057 ± 0.1463
INFO:kbc-cli.py:Epoch 99/100	dev results	MRR 0.903977	H@1 0.852528	H@3 0.949906	H@5 0.966760	H@10 0.979869	H@20 0.988764	H@50 0.995787	H@100 1.000000
INFO:kbc-cli.py:Epoch 99/100	test results	MRR 0.904565	H@1 0.851490	H@3 0.950652	H@5 0.976257	H@10 0.986034	H@20 0.992086	H@50 0.996741	H@100 1.000000
INFO:kbc-cli.py:Epoch 100/100	Loss 6.8054 ± 0.1637
INFO:kbc-cli.py:Final 	dev results	MRR 0.903614	H@1 0.852060	H@3 0.949438	H@5 0.966760	H@10 0.979869	H@20 0.988764	H@50 0.995318	H@100 1.000000
INFO:kbc-cli.py:Final 	test results	MRR 0.903924	H@1 0.850559	H@3 0.949255	H@5 0.976257	H@10 0.986034	H@20 0.992551	H@50 0.996741	H@100 1.000000
INFO:kbc-cli.py:Training finished
