./bin/kbc-cli.py --train data/nations/train.tsv --dev data/nations/dev.tsv --test data/nations/test.tsv -m complex -k 1000 -b 500 -e 100 --F2 0 --N3 0.0001 -l 0.1 -I reciprocal -V 3 -o adagrad -c so -q
{'F2': 0.0,
 'N3': 0.0001,
 'batch_size': 500,
 'corruption': 'so',
 'dev': 'data/nations/dev.tsv',
 'embedding_size': 1000,
 'epochs': 100,
 'eval_batch_size': None,
 'input_type': 'reciprocal',
 'learning_rate': 0.1,
 'load': None,
 'model': 'complex',
 'optimizer': 'adagrad',
 'quiet': True,
 'save': None,
 'seed': 0,
 'test': 'data/nations/test.tsv',
 'test_i': None,
 'test_ii': None,
 'train': 'data/nations/train.tsv',
 'validate_every': 3}
INFO:kbc-cli.py:Device: cuda
INFO:kbc-cli.py:Model state:
INFO:kbc-cli.py:	entities.weight	torch.Size([14, 2000])
INFO:kbc-cli.py:	predicates.weight	torch.Size([110, 2000])
INFO:kbc-cli.py:Epoch 1/100	Loss 5.4556 ± 0.1567
INFO:kbc-cli.py:Epoch 2/100	Loss 4.7251 ± 0.1320
INFO:kbc-cli.py:Epoch 3/100	Loss 4.1603 ± 0.2229
INFO:kbc-cli.py:Epoch 3/100	dev results	MRR 0.770146	H@1 0.650754	H@3 0.869347	H@5 0.959799	H@10 0.997487	H@20 1.000000	H@50 1.000000	H@100 1.000000
INFO:kbc-cli.py:Epoch 3/100	test results	MRR 0.779541	H@1 0.664179	H@3 0.873134	H@5 0.935323	H@10 0.995025	H@20 1.000000	H@50 1.000000	H@100 1.000000
INFO:kbc-cli.py:Epoch 4/100	Loss 3.9464 ± 0.1924
INFO:kbc-cli.py:Epoch 5/100	Loss 3.8133 ± 0.1985
INFO:kbc-cli.py:Epoch 6/100	Loss 3.7228 ± 0.1909
INFO:kbc-cli.py:Epoch 6/100	dev results	MRR 0.798452	H@1 0.693467	H@3 0.881910	H@5 0.967337	H@10 1.000000	H@20 1.000000	H@50 1.000000	H@100 1.000000
INFO:kbc-cli.py:Epoch 6/100	test results	MRR 0.805039	H@1 0.696517	H@3 0.895522	H@5 0.957711	H@10 0.997512	H@20 1.000000	H@50 1.000000	H@100 1.000000
INFO:kbc-cli.py:Epoch 7/100	Loss 3.6687 ± 0.1813
INFO:kbc-cli.py:Epoch 8/100	Loss 3.6260 ± 0.1992
INFO:kbc-cli.py:Epoch 9/100	Loss 3.5882 ± 0.2016
INFO:kbc-cli.py:Epoch 9/100	dev results	MRR 0.800733	H@1 0.685930	H@3 0.899497	H@5 0.969849	H@10 0.997487	H@20 1.000000	H@50 1.000000	H@100 1.000000
INFO:kbc-cli.py:Epoch 9/100	test results	MRR 0.821572	H@1 0.718905	H@3 0.907960	H@5 0.967662	H@10 0.997512	H@20 1.000000	H@50 1.000000	H@100 1.000000
INFO:kbc-cli.py:Epoch 10/100	Loss 3.5607 ± 0.2094
INFO:kbc-cli.py:Epoch 11/100	Loss 3.5223 ± 0.1340
INFO:kbc-cli.py:Epoch 12/100	Loss 3.5062 ± 0.1941
INFO:kbc-cli.py:Epoch 12/100	dev results	MRR 0.808872	H@1 0.690955	H@3 0.904523	H@5 0.977387	H@10 0.997487	H@20 1.000000	H@50 1.000000	H@100 1.000000
INFO:kbc-cli.py:Epoch 12/100	test results	MRR 0.811717	H@1 0.699005	H@3 0.907960	H@5 0.957711	H@10 1.000000	H@20 1.000000	H@50 1.000000	H@100 1.000000
INFO:kbc-cli.py:Epoch 13/100	Loss 3.4780 ± 0.1191
INFO:kbc-cli.py:Epoch 14/100	Loss 3.4818 ± 0.1933
INFO:kbc-cli.py:Epoch 15/100	Loss 3.4581 ± 0.1802
INFO:kbc-cli.py:Epoch 15/100	dev results	MRR 0.809321	H@1 0.693467	H@3 0.914573	H@5 0.977387	H@10 0.997487	H@20 1.000000	H@50 1.000000	H@100 1.000000
INFO:kbc-cli.py:Epoch 15/100	test results	MRR 0.822235	H@1 0.716418	H@3 0.912935	H@5 0.967662	H@10 1.000000	H@20 1.000000	H@50 1.000000	H@100 1.000000
INFO:kbc-cli.py:Epoch 16/100	Loss 3.4569 ± 0.1839
INFO:kbc-cli.py:Epoch 17/100	Loss 3.4296 ± 0.1701
INFO:kbc-cli.py:Epoch 18/100	Loss 3.4122 ± 0.1421
INFO:kbc-cli.py:Epoch 18/100	dev results	MRR 0.817080	H@1 0.711055	H@3 0.919598	H@5 0.972362	H@10 1.000000	H@20 1.000000	H@50 1.000000	H@100 1.000000
INFO:kbc-cli.py:Epoch 18/100	test results	MRR 0.813716	H@1 0.703980	H@3 0.910448	H@5 0.970149	H@10 0.997512	H@20 1.000000	H@50 1.000000	H@100 1.000000
INFO:kbc-cli.py:Epoch 19/100	Loss 3.4090 ± 0.1262
INFO:kbc-cli.py:Epoch 20/100	Loss 3.4017 ± 0.1687
INFO:kbc-cli.py:Epoch 21/100	Loss 3.3885 ± 0.1292
INFO:kbc-cli.py:Epoch 21/100	dev results	MRR 0.806439	H@1 0.693467	H@3 0.909548	H@5 0.969849	H@10 0.997487	H@20 1.000000	H@50 1.000000	H@100 1.000000
INFO:kbc-cli.py:Epoch 21/100	test results	MRR 0.807986	H@1 0.694030	H@3 0.895522	H@5 0.967662	H@10 1.000000	H@20 1.000000	H@50 1.000000	H@100 1.000000
INFO:kbc-cli.py:Epoch 22/100	Loss 3.3769 ± 0.0947
INFO:kbc-cli.py:Epoch 23/100	Loss 3.3640 ± 0.1419
INFO:kbc-cli.py:Epoch 24/100	Loss 3.3742 ± 0.1411
INFO:kbc-cli.py:Epoch 24/100	dev results	MRR 0.818018	H@1 0.703518	H@3 0.924623	H@5 0.979899	H@10 0.997487	H@20 1.000000	H@50 1.000000	H@100 1.000000
INFO:kbc-cli.py:Epoch 24/100	test results	MRR 0.810609	H@1 0.691542	H@3 0.922886	H@5 0.975124	H@10 1.000000	H@20 1.000000	H@50 1.000000	H@100 1.000000
INFO:kbc-cli.py:Epoch 25/100	Loss 3.3571 ± 0.1222
INFO:kbc-cli.py:Epoch 26/100	Loss 3.3404 ± 0.1053
INFO:kbc-cli.py:Epoch 27/100	Loss 3.3558 ± 0.1430
INFO:kbc-cli.py:Epoch 27/100	dev results	MRR 0.816884	H@1 0.711055	H@3 0.904523	H@5 0.977387	H@10 0.997487	H@20 1.000000	H@50 1.000000	H@100 1.000000
INFO:kbc-cli.py:Epoch 27/100	test results	MRR 0.802092	H@1 0.676617	H@3 0.920398	H@5 0.965174	H@10 1.000000	H@20 1.000000	H@50 1.000000	H@100 1.000000
INFO:kbc-cli.py:Epoch 28/100	Loss 3.3251 ± 0.1098
INFO:kbc-cli.py:Epoch 29/100	Loss 3.3398 ± 0.1227
INFO:kbc-cli.py:Epoch 30/100	Loss 3.3254 ± 0.1099
INFO:kbc-cli.py:Epoch 30/100	dev results	MRR 0.810470	H@1 0.693467	H@3 0.902010	H@5 0.979899	H@10 0.997487	H@20 1.000000	H@50 1.000000	H@100 1.000000
INFO:kbc-cli.py:Epoch 30/100	test results	MRR 0.799250	H@1 0.674129	H@3 0.907960	H@5 0.965174	H@10 0.997512	H@20 1.000000	H@50 1.000000	H@100 1.000000
INFO:kbc-cli.py:Epoch 31/100	Loss 3.3319 ± 0.1324
INFO:kbc-cli.py:Epoch 32/100	Loss 3.3176 ± 0.1114
INFO:kbc-cli.py:Epoch 33/100	Loss 3.3379 ± 0.1396
INFO:kbc-cli.py:Epoch 33/100	dev results	MRR 0.809461	H@1 0.693467	H@3 0.914573	H@5 0.969849	H@10 0.997487	H@20 1.000000	H@50 1.000000	H@100 1.000000
INFO:kbc-cli.py:Epoch 33/100	test results	MRR 0.805613	H@1 0.684080	H@3 0.905473	H@5 0.962687	H@10 1.000000	H@20 1.000000	H@50 1.000000	H@100 1.000000
INFO:kbc-cli.py:Epoch 34/100	Loss 3.3170 ± 0.1236
INFO:kbc-cli.py:Epoch 35/100	Loss 3.3083 ± 0.1068
INFO:kbc-cli.py:Epoch 36/100	Loss 3.3067 ± 0.1079
INFO:kbc-cli.py:Epoch 36/100	dev results	MRR 0.817641	H@1 0.703518	H@3 0.922111	H@5 0.979899	H@10 0.997487	H@20 1.000000	H@50 1.000000	H@100 1.000000
INFO:kbc-cli.py:Epoch 36/100	test results	MRR 0.808563	H@1 0.694030	H@3 0.907960	H@5 0.972637	H@10 1.000000	H@20 1.000000	H@50 1.000000	H@100 1.000000
INFO:kbc-cli.py:Epoch 37/100	Loss 3.3080 ± 0.1120
INFO:kbc-cli.py:Epoch 38/100	Loss 3.2994 ± 0.1245
INFO:kbc-cli.py:Epoch 39/100	Loss 3.3022 ± 0.1355
INFO:kbc-cli.py:Epoch 39/100	dev results	MRR 0.813893	H@1 0.698492	H@3 0.917085	H@5 0.974874	H@10 0.997487	H@20 1.000000	H@50 1.000000	H@100 1.000000
INFO:kbc-cli.py:Epoch 39/100	test results	MRR 0.805986	H@1 0.691542	H@3 0.905473	H@5 0.967662	H@10 1.000000	H@20 1.000000	H@50 1.000000	H@100 1.000000
INFO:kbc-cli.py:Epoch 40/100	Loss 3.3036 ± 0.1325
INFO:kbc-cli.py:Epoch 41/100	Loss 3.2790 ± 0.0984
INFO:kbc-cli.py:Epoch 42/100	Loss 3.2976 ± 0.1345
INFO:kbc-cli.py:Epoch 42/100	dev results	MRR 0.820067	H@1 0.711055	H@3 0.912060	H@5 0.982412	H@10 0.997487	H@20 1.000000	H@50 1.000000	H@100 1.000000
INFO:kbc-cli.py:Epoch 42/100	test results	MRR 0.809641	H@1 0.696517	H@3 0.900498	H@5 0.970149	H@10 1.000000	H@20 1.000000	H@50 1.000000	H@100 1.000000
INFO:kbc-cli.py:Epoch 43/100	Loss 3.2866 ± 0.1196
INFO:kbc-cli.py:Epoch 44/100	Loss 3.2789 ± 0.0981
INFO:kbc-cli.py:Epoch 45/100	Loss 3.2767 ± 0.0997
INFO:kbc-cli.py:Epoch 45/100	dev results	MRR 0.818607	H@1 0.711055	H@3 0.917085	H@5 0.974874	H@10 0.997487	H@20 1.000000	H@50 1.000000	H@100 1.000000
INFO:kbc-cli.py:Epoch 45/100	test results	MRR 0.812313	H@1 0.699005	H@3 0.905473	H@5 0.965174	H@10 0.997512	H@20 1.000000	H@50 1.000000	H@100 1.000000
INFO:kbc-cli.py:Epoch 46/100	Loss 3.2806 ± 0.0909
INFO:kbc-cli.py:Epoch 47/100	Loss 3.2711 ± 0.0868
INFO:kbc-cli.py:Epoch 48/100	Loss 3.2696 ± 0.0706
INFO:kbc-cli.py:Epoch 48/100	dev results	MRR 0.806613	H@1 0.690955	H@3 0.912060	H@5 0.977387	H@10 0.997487	H@20 1.000000	H@50 1.000000	H@100 1.000000
INFO:kbc-cli.py:Epoch 48/100	test results	MRR 0.806117	H@1 0.689055	H@3 0.907960	H@5 0.967662	H@10 1.000000	H@20 1.000000	H@50 1.000000	H@100 1.000000
INFO:kbc-cli.py:Epoch 49/100	Loss 3.2642 ± 0.0945
INFO:kbc-cli.py:Epoch 50/100	Loss 3.2609 ± 0.1003
INFO:kbc-cli.py:Epoch 51/100	Loss 3.2701 ± 0.0982
INFO:kbc-cli.py:Epoch 51/100	dev results	MRR 0.811823	H@1 0.695980	H@3 0.919598	H@5 0.969849	H@10 0.997487	H@20 1.000000	H@50 1.000000	H@100 1.000000
INFO:kbc-cli.py:Epoch 51/100	test results	MRR 0.814841	H@1 0.703980	H@3 0.907960	H@5 0.972637	H@10 1.000000	H@20 1.000000	H@50 1.000000	H@100 1.000000
INFO:kbc-cli.py:Epoch 52/100	Loss 3.2713 ± 0.1149
INFO:kbc-cli.py:Epoch 53/100	Loss 3.2611 ± 0.1173
INFO:kbc-cli.py:Epoch 54/100	Loss 3.2674 ± 0.1412
INFO:kbc-cli.py:Epoch 54/100	dev results	MRR 0.805813	H@1 0.685930	H@3 0.914573	H@5 0.977387	H@10 0.997487	H@20 1.000000	H@50 1.000000	H@100 1.000000
INFO:kbc-cli.py:Epoch 54/100	test results	MRR 0.801332	H@1 0.679104	H@3 0.902985	H@5 0.965174	H@10 1.000000	H@20 1.000000	H@50 1.000000	H@100 1.000000
INFO:kbc-cli.py:Epoch 55/100	Loss 3.2608 ± 0.1164
INFO:kbc-cli.py:Epoch 56/100	Loss 3.2528 ± 0.1030
INFO:kbc-cli.py:Epoch 57/100	Loss 3.2595 ± 0.0826
INFO:kbc-cli.py:Epoch 57/100	dev results	MRR 0.802185	H@1 0.683417	H@3 0.907035	H@5 0.967337	H@10 0.997487	H@20 1.000000	H@50 1.000000	H@100 1.000000
INFO:kbc-cli.py:Epoch 57/100	test results	MRR 0.803519	H@1 0.681592	H@3 0.907960	H@5 0.967662	H@10 1.000000	H@20 1.000000	H@50 1.000000	H@100 1.000000
INFO:kbc-cli.py:Epoch 58/100	Loss 3.2543 ± 0.0885
INFO:kbc-cli.py:Epoch 59/100	Loss 3.2454 ± 0.0643
INFO:kbc-cli.py:Epoch 60/100	Loss 3.2505 ± 0.0953
INFO:kbc-cli.py:Epoch 60/100	dev results	MRR 0.808881	H@1 0.693467	H@3 0.914573	H@5 0.977387	H@10 0.997487	H@20 1.000000	H@50 1.000000	H@100 1.000000
INFO:kbc-cli.py:Epoch 60/100	test results	MRR 0.803615	H@1 0.681592	H@3 0.910448	H@5 0.972637	H@10 1.000000	H@20 1.000000	H@50 1.000000	H@100 1.000000
INFO:kbc-cli.py:Epoch 61/100	Loss 3.2558 ± 0.1112
INFO:kbc-cli.py:Epoch 62/100	Loss 3.2574 ± 0.1130
INFO:kbc-cli.py:Epoch 63/100	Loss 3.2555 ± 0.1179
INFO:kbc-cli.py:Epoch 63/100	dev results	MRR 0.805297	H@1 0.685930	H@3 0.912060	H@5 0.974874	H@10 0.997487	H@20 1.000000	H@50 1.000000	H@100 1.000000
INFO:kbc-cli.py:Epoch 63/100	test results	MRR 0.805581	H@1 0.689055	H@3 0.910448	H@5 0.967662	H@10 1.000000	H@20 1.000000	H@50 1.000000	H@100 1.000000
INFO:kbc-cli.py:Epoch 64/100	Loss 3.2539 ± 0.1184
INFO:kbc-cli.py:Epoch 65/100	Loss 3.2443 ± 0.1183
INFO:kbc-cli.py:Epoch 66/100	Loss 3.2304 ± 0.0816
INFO:kbc-cli.py:Epoch 66/100	dev results	MRR 0.808638	H@1 0.688442	H@3 0.914573	H@5 0.974874	H@10 0.997487	H@20 1.000000	H@50 1.000000	H@100 1.000000
INFO:kbc-cli.py:Epoch 66/100	test results	MRR 0.800295	H@1 0.676617	H@3 0.905473	H@5 0.970149	H@10 1.000000	H@20 1.000000	H@50 1.000000	H@100 1.000000
INFO:kbc-cli.py:Epoch 67/100	Loss 3.2346 ± 0.0817
INFO:kbc-cli.py:Epoch 68/100	Loss 3.2399 ± 0.1164
INFO:kbc-cli.py:Epoch 69/100	Loss 3.2323 ± 0.1001
INFO:kbc-cli.py:Epoch 69/100	dev results	MRR 0.811436	H@1 0.695980	H@3 0.919598	H@5 0.972362	H@10 0.997487	H@20 1.000000	H@50 1.000000	H@100 1.000000
INFO:kbc-cli.py:Epoch 69/100	test results	MRR 0.798476	H@1 0.674129	H@3 0.907960	H@5 0.970149	H@10 1.000000	H@20 1.000000	H@50 1.000000	H@100 1.000000
INFO:kbc-cli.py:Epoch 70/100	Loss 3.2327 ± 0.0446
INFO:kbc-cli.py:Epoch 71/100	Loss 3.2244 ± 0.0785
INFO:kbc-cli.py:Epoch 72/100	Loss 3.2047 ± 0.1311
INFO:kbc-cli.py:Epoch 72/100	dev results	MRR 0.813010	H@1 0.695980	H@3 0.919598	H@5 0.972362	H@10 0.997487	H@20 1.000000	H@50 1.000000	H@100 1.000000
INFO:kbc-cli.py:Epoch 72/100	test results	MRR 0.805868	H@1 0.689055	H@3 0.902985	H@5 0.967662	H@10 1.000000	H@20 1.000000	H@50 1.000000	H@100 1.000000
INFO:kbc-cli.py:Epoch 73/100	Loss 3.2181 ± 0.0595
INFO:kbc-cli.py:Epoch 74/100	Loss 3.2283 ± 0.0814
INFO:kbc-cli.py:Epoch 75/100	Loss 3.2285 ± 0.1021
INFO:kbc-cli.py:Epoch 75/100	dev results	MRR 0.807228	H@1 0.690955	H@3 0.912060	H@5 0.974874	H@10 0.997487	H@20 1.000000	H@50 1.000000	H@100 1.000000
INFO:kbc-cli.py:Epoch 75/100	test results	MRR 0.803836	H@1 0.684080	H@3 0.907960	H@5 0.972637	H@10 1.000000	H@20 1.000000	H@50 1.000000	H@100 1.000000
INFO:kbc-cli.py:Epoch 76/100	Loss 3.2221 ± 0.0969
INFO:kbc-cli.py:Epoch 77/100	Loss 3.2287 ± 0.0865
INFO:kbc-cli.py:Epoch 78/100	Loss 3.2331 ± 0.1100
INFO:kbc-cli.py:Epoch 78/100	dev results	MRR 0.802377	H@1 0.683417	H@3 0.912060	H@5 0.972362	H@10 0.997487	H@20 1.000000	H@50 1.000000	H@100 1.000000
INFO:kbc-cli.py:Epoch 78/100	test results	MRR 0.796765	H@1 0.674129	H@3 0.898010	H@5 0.970149	H@10 1.000000	H@20 1.000000	H@50 1.000000	H@100 1.000000
INFO:kbc-cli.py:Epoch 79/100	Loss 3.2356 ± 0.0935
INFO:kbc-cli.py:Epoch 80/100	Loss 3.2203 ± 0.0774
INFO:kbc-cli.py:Epoch 81/100	Loss 3.2182 ± 0.0565
INFO:kbc-cli.py:Epoch 81/100	dev results	MRR 0.804990	H@1 0.683417	H@3 0.912060	H@5 0.974874	H@10 0.997487	H@20 1.000000	H@50 1.000000	H@100 1.000000
INFO:kbc-cli.py:Epoch 81/100	test results	MRR 0.799467	H@1 0.679104	H@3 0.905473	H@5 0.970149	H@10 1.000000	H@20 1.000000	H@50 1.000000	H@100 1.000000
INFO:kbc-cli.py:Epoch 82/100	Loss 3.2137 ± 0.0761
INFO:kbc-cli.py:Epoch 83/100	Loss 3.2149 ± 0.0516
INFO:kbc-cli.py:Epoch 84/100	Loss 3.2191 ± 0.0994
INFO:kbc-cli.py:Epoch 84/100	dev results	MRR 0.815595	H@1 0.706030	H@3 0.912060	H@5 0.974874	H@10 0.997487	H@20 1.000000	H@50 1.000000	H@100 1.000000
INFO:kbc-cli.py:Epoch 84/100	test results	MRR 0.800475	H@1 0.679104	H@3 0.898010	H@5 0.972637	H@10 1.000000	H@20 1.000000	H@50 1.000000	H@100 1.000000
INFO:kbc-cli.py:Epoch 85/100	Loss 3.2286 ± 0.1396
INFO:kbc-cli.py:Epoch 86/100	Loss 3.2127 ± 0.0503
INFO:kbc-cli.py:Epoch 87/100	Loss 3.2299 ± 0.1229
INFO:kbc-cli.py:Epoch 87/100	dev results	MRR 0.817340	H@1 0.708543	H@3 0.912060	H@5 0.972362	H@10 0.997487	H@20 1.000000	H@50 1.000000	H@100 1.000000
INFO:kbc-cli.py:Epoch 87/100	test results	MRR 0.803671	H@1 0.684080	H@3 0.898010	H@5 0.972637	H@10 1.000000	H@20 1.000000	H@50 1.000000	H@100 1.000000
INFO:kbc-cli.py:Epoch 88/100	Loss 3.2260 ± 0.1081
INFO:kbc-cli.py:Epoch 89/100	Loss 3.2065 ± 0.0896
INFO:kbc-cli.py:Epoch 90/100	Loss 3.2109 ± 0.0593
INFO:kbc-cli.py:Epoch 90/100	dev results	MRR 0.810056	H@1 0.693467	H@3 0.912060	H@5 0.974874	H@10 0.997487	H@20 1.000000	H@50 1.000000	H@100 1.000000
INFO:kbc-cli.py:Epoch 90/100	test results	MRR 0.806114	H@1 0.686567	H@3 0.907960	H@5 0.967662	H@10 1.000000	H@20 1.000000	H@50 1.000000	H@100 1.000000
INFO:kbc-cli.py:Epoch 91/100	Loss 3.2079 ± 0.0688
INFO:kbc-cli.py:Epoch 92/100	Loss 3.2101 ± 0.0797
INFO:kbc-cli.py:Epoch 93/100	Loss 3.2215 ± 0.1208
INFO:kbc-cli.py:Epoch 93/100	dev results	MRR 0.805807	H@1 0.683417	H@3 0.919598	H@5 0.972362	H@10 0.997487	H@20 1.000000	H@50 1.000000	H@100 1.000000
INFO:kbc-cli.py:Epoch 93/100	test results	MRR 0.800348	H@1 0.676617	H@3 0.905473	H@5 0.970149	H@10 1.000000	H@20 1.000000	H@50 1.000000	H@100 1.000000
INFO:kbc-cli.py:Epoch 94/100	Loss 3.2091 ± 0.0899
INFO:kbc-cli.py:Epoch 95/100	Loss 3.2208 ± 0.1218
INFO:kbc-cli.py:Epoch 96/100	Loss 3.2062 ± 0.1120
INFO:kbc-cli.py:Epoch 96/100	dev results	MRR 0.807576	H@1 0.690955	H@3 0.914573	H@5 0.969849	H@10 0.997487	H@20 1.000000	H@50 1.000000	H@100 1.000000
INFO:kbc-cli.py:Epoch 96/100	test results	MRR 0.807012	H@1 0.689055	H@3 0.900498	H@5 0.967662	H@10 1.000000	H@20 1.000000	H@50 1.000000	H@100 1.000000
INFO:kbc-cli.py:Epoch 97/100	Loss 3.2185 ± 0.1114
INFO:kbc-cli.py:Epoch 98/100	Loss 3.2047 ± 0.0724
INFO:kbc-cli.py:Epoch 99/100	Loss 3.2085 ± 0.0848
INFO:kbc-cli.py:Epoch 99/100	dev results	MRR 0.809949	H@1 0.695980	H@3 0.917085	H@5 0.969849	H@10 0.997487	H@20 1.000000	H@50 1.000000	H@100 1.000000
INFO:kbc-cli.py:Epoch 99/100	test results	MRR 0.804455	H@1 0.684080	H@3 0.907960	H@5 0.972637	H@10 1.000000	H@20 1.000000	H@50 1.000000	H@100 1.000000
INFO:kbc-cli.py:Epoch 100/100	Loss 3.1889 ± 0.0522
INFO:kbc-cli.py:Final 	dev results	MRR 0.808955	H@1 0.690955	H@3 0.919598	H@5 0.972362	H@10 0.997487	H@20 1.000000	H@50 1.000000	H@100 1.000000
INFO:kbc-cli.py:Final 	test results	MRR 0.807478	H@1 0.689055	H@3 0.912935	H@5 0.970149	H@10 1.000000	H@20 1.000000	H@50 1.000000	H@100 1.000000
INFO:kbc-cli.py:Training finished
