./bin/kbc-cli.py --train data/kinship/train.tsv --dev data/kinship/dev.tsv --test data/kinship/test.tsv -m complex -k 100 -b 10 -e 100 --F2 0 --N3 0.05 -l 0.1 -I reciprocal -V 3 -o adagrad -c spo -q
{'F2': 0.0,
 'N3': 0.05,
 'batch_size': 10,
 'corruption': 'spo',
 'dev': 'data/kinship/dev.tsv',
 'embedding_size': 100,
 'epochs': 100,
 'eval_batch_size': None,
 'input_type': 'reciprocal',
 'learning_rate': 0.1,
 'load': None,
 'model': 'complex',
 'optimizer': 'adagrad',
 'quiet': True,
 'save': None,
 'seed': 0,
 'test': 'data/kinship/test.tsv',
 'test_i': None,
 'test_ii': None,
 'train': 'data/kinship/train.tsv',
 'validate_every': 3}
INFO:kbc-cli.py:Device: cuda
INFO:kbc-cli.py:Model state:
INFO:kbc-cli.py:	entities.weight	torch.Size([104, 200])
INFO:kbc-cli.py:	predicates.weight	torch.Size([50, 200])
INFO:kbc-cli.py:Epoch 1/100	Loss 9.8067 ± 1.9129
INFO:kbc-cli.py:Epoch 2/100	Loss 8.2522 ± 0.6277
INFO:kbc-cli.py:Epoch 3/100	Loss 8.0473 ± 0.5851
INFO:kbc-cli.py:Epoch 3/100	dev results	MRR 0.819811	H@1 0.725187	H@3 0.897472	H@5 0.946629	H@10 0.974251	H@20 0.985487	H@50 0.992041	H@100 1.000000
INFO:kbc-cli.py:Epoch 3/100	test results	MRR 0.824765	H@1 0.725791	H@3 0.908287	H@5 0.953445	H@10 0.982309	H@20 0.989292	H@50 0.997672	H@100 1.000000
INFO:kbc-cli.py:Epoch 4/100	Loss 7.9409 ± 0.5645
INFO:kbc-cli.py:Epoch 5/100	Loss 7.8728 ± 0.5460
INFO:kbc-cli.py:Epoch 6/100	Loss 7.8256 ± 0.5243
INFO:kbc-cli.py:Epoch 6/100	dev results	MRR 0.851801	H@1 0.768258	H@3 0.928371	H@5 0.954588	H@10 0.978464	H@20 0.986891	H@50 0.992978	H@100 1.000000
INFO:kbc-cli.py:Epoch 6/100	test results	MRR 0.857653	H@1 0.776536	H@3 0.930168	H@5 0.961825	H@10 0.983706	H@20 0.991155	H@50 0.997207	H@100 1.000000
INFO:kbc-cli.py:Epoch 7/100	Loss 7.7906 ± 0.5297
INFO:kbc-cli.py:Epoch 8/100	Loss 7.7647 ± 0.5149
INFO:kbc-cli.py:Epoch 9/100	Loss 7.7427 ± 0.5064
INFO:kbc-cli.py:Epoch 9/100	dev results	MRR 0.863729	H@1 0.786517	H@3 0.934457	H@5 0.955524	H@10 0.977996	H@20 0.986891	H@50 0.991573	H@100 1.000000
INFO:kbc-cli.py:Epoch 9/100	test results	MRR 0.871327	H@1 0.797020	H@3 0.939479	H@5 0.966480	H@10 0.985568	H@20 0.993017	H@50 0.997207	H@100 1.000000
INFO:kbc-cli.py:Epoch 10/100	Loss 7.7255 ± 0.4857
INFO:kbc-cli.py:Epoch 11/100	Loss 7.7111 ± 0.4806
INFO:kbc-cli.py:Epoch 12/100	Loss 7.6981 ± 0.4801
INFO:kbc-cli.py:Epoch 12/100	dev results	MRR 0.867141	H@1 0.792603	H@3 0.935861	H@5 0.957397	H@10 0.977060	H@20 0.987360	H@50 0.991573	H@100 1.000000
INFO:kbc-cli.py:Epoch 12/100	test results	MRR 0.875540	H@1 0.802142	H@3 0.939479	H@5 0.969274	H@10 0.985568	H@20 0.993948	H@50 0.996741	H@100 1.000000
INFO:kbc-cli.py:Epoch 13/100	Loss 7.6872 ± 0.4894
INFO:kbc-cli.py:Epoch 14/100	Loss 7.6775 ± 0.4768
INFO:kbc-cli.py:Epoch 15/100	Loss 7.6691 ± 0.4729
INFO:kbc-cli.py:Epoch 15/100	dev results	MRR 0.869064	H@1 0.794944	H@3 0.938670	H@5 0.955993	H@10 0.977528	H@20 0.987828	H@50 0.991105	H@100 1.000000
INFO:kbc-cli.py:Epoch 15/100	test results	MRR 0.878730	H@1 0.806797	H@3 0.940410	H@5 0.968343	H@10 0.983706	H@20 0.993948	H@50 0.996741	H@100 1.000000
INFO:kbc-cli.py:Epoch 16/100	Loss 7.6607 ± 0.4650
INFO:kbc-cli.py:Epoch 17/100	Loss 7.6540 ± 0.4752
INFO:kbc-cli.py:Epoch 18/100	Loss 7.6475 ± 0.4560
INFO:kbc-cli.py:Epoch 18/100	dev results	MRR 0.870936	H@1 0.796348	H@3 0.940543	H@5 0.957865	H@10 0.977060	H@20 0.987828	H@50 0.990637	H@100 1.000000
INFO:kbc-cli.py:Epoch 18/100	test results	MRR 0.880689	H@1 0.810521	H@3 0.942737	H@5 0.968343	H@10 0.985102	H@20 0.993948	H@50 0.996741	H@100 1.000000
INFO:kbc-cli.py:Epoch 19/100	Loss 7.6421 ± 0.4680
INFO:kbc-cli.py:Epoch 20/100	Loss 7.6364 ± 0.4454
INFO:kbc-cli.py:Epoch 21/100	Loss 7.6312 ± 0.4511
INFO:kbc-cli.py:Epoch 21/100	dev results	MRR 0.874602	H@1 0.803371	H@3 0.941479	H@5 0.958801	H@10 0.977528	H@20 0.988296	H@50 0.990637	H@100 1.000000
INFO:kbc-cli.py:Epoch 21/100	test results	MRR 0.880006	H@1 0.809125	H@3 0.943669	H@5 0.969274	H@10 0.985568	H@20 0.993948	H@50 0.996741	H@100 1.000000
INFO:kbc-cli.py:Epoch 22/100	Loss 7.6266 ± 0.4549
INFO:kbc-cli.py:Epoch 23/100	Loss 7.6222 ± 0.4452
INFO:kbc-cli.py:Epoch 24/100	Loss 7.6180 ± 0.4620
INFO:kbc-cli.py:Epoch 24/100	dev results	MRR 0.872842	H@1 0.798689	H@3 0.942884	H@5 0.959270	H@10 0.977996	H@20 0.987828	H@50 0.990169	H@100 1.000000
INFO:kbc-cli.py:Epoch 24/100	test results	MRR 0.881323	H@1 0.812384	H@3 0.942737	H@5 0.969739	H@10 0.985568	H@20 0.993948	H@50 0.996741	H@100 1.000000
INFO:kbc-cli.py:Epoch 25/100	Loss 7.6143 ± 0.4446
INFO:kbc-cli.py:Epoch 26/100	Loss 7.6107 ± 0.4516
INFO:kbc-cli.py:Epoch 27/100	Loss 7.6075 ± 0.4504
INFO:kbc-cli.py:Epoch 27/100	dev results	MRR 0.873738	H@1 0.800562	H@3 0.942884	H@5 0.958333	H@10 0.977996	H@20 0.987828	H@50 0.991105	H@100 1.000000
INFO:kbc-cli.py:Epoch 27/100	test results	MRR 0.879714	H@1 0.808194	H@3 0.942272	H@5 0.969274	H@10 0.986499	H@20 0.993948	H@50 0.996741	H@100 1.000000
INFO:kbc-cli.py:Epoch 28/100	Loss 7.6041 ± 0.4457
INFO:kbc-cli.py:Epoch 29/100	Loss 7.6014 ± 0.4413
INFO:kbc-cli.py:Epoch 30/100	Loss 7.5981 ± 0.4401
INFO:kbc-cli.py:Epoch 30/100	dev results	MRR 0.872605	H@1 0.799157	H@3 0.942416	H@5 0.959738	H@10 0.977996	H@20 0.987828	H@50 0.991105	H@100 1.000000
INFO:kbc-cli.py:Epoch 30/100	test results	MRR 0.881486	H@1 0.811918	H@3 0.940875	H@5 0.970670	H@10 0.986034	H@20 0.993948	H@50 0.996741	H@100 1.000000
INFO:kbc-cli.py:Epoch 31/100	Loss 7.5954 ± 0.4256
INFO:kbc-cli.py:Epoch 32/100	Loss 7.5928 ± 0.4332
INFO:kbc-cli.py:Epoch 33/100	Loss 7.5902 ± 0.4436
INFO:kbc-cli.py:Epoch 33/100	dev results	MRR 0.872869	H@1 0.799625	H@3 0.941948	H@5 0.959270	H@10 0.978464	H@20 0.988296	H@50 0.991105	H@100 1.000000
INFO:kbc-cli.py:Epoch 33/100	test results	MRR 0.881634	H@1 0.812849	H@3 0.941341	H@5 0.969274	H@10 0.985102	H@20 0.994413	H@50 0.996741	H@100 1.000000
INFO:kbc-cli.py:Epoch 34/100	Loss 7.5879 ± 0.4332
INFO:kbc-cli.py:Epoch 35/100	Loss 7.5857 ± 0.4285
INFO:kbc-cli.py:Epoch 36/100	Loss 7.5829 ± 0.4422
INFO:kbc-cli.py:Epoch 36/100	dev results	MRR 0.873111	H@1 0.798689	H@3 0.942884	H@5 0.960206	H@10 0.978933	H@20 0.988296	H@50 0.991105	H@100 1.000000
INFO:kbc-cli.py:Epoch 36/100	test results	MRR 0.880533	H@1 0.810521	H@3 0.943669	H@5 0.969274	H@10 0.985102	H@20 0.994413	H@50 0.996741	H@100 1.000000
INFO:kbc-cli.py:Epoch 37/100	Loss 7.5810 ± 0.4333
INFO:kbc-cli.py:Epoch 38/100	Loss 7.5791 ± 0.4311
INFO:kbc-cli.py:Epoch 39/100	Loss 7.5770 ± 0.4365
INFO:kbc-cli.py:Epoch 39/100	dev results	MRR 0.873697	H@1 0.800094	H@3 0.942416	H@5 0.960206	H@10 0.978933	H@20 0.988296	H@50 0.991105	H@100 1.000000
INFO:kbc-cli.py:Epoch 39/100	test results	MRR 0.882579	H@1 0.814711	H@3 0.941341	H@5 0.970205	H@10 0.985568	H@20 0.993948	H@50 0.996741	H@100 1.000000
INFO:kbc-cli.py:Epoch 40/100	Loss 7.5752 ± 0.4336
INFO:kbc-cli.py:Epoch 41/100	Loss 7.5736 ± 0.4343
INFO:kbc-cli.py:Epoch 42/100	Loss 7.5714 ± 0.4276
INFO:kbc-cli.py:Epoch 42/100	dev results	MRR 0.874485	H@1 0.801030	H@3 0.943352	H@5 0.960674	H@10 0.978464	H@20 0.988296	H@50 0.991105	H@100 1.000000
INFO:kbc-cli.py:Epoch 42/100	test results	MRR 0.882017	H@1 0.813315	H@3 0.940875	H@5 0.969274	H@10 0.985568	H@20 0.993948	H@50 0.996741	H@100 1.000000
INFO:kbc-cli.py:Epoch 43/100	Loss 7.5701 ± 0.4452
INFO:kbc-cli.py:Epoch 44/100	Loss 7.5683 ± 0.4371
INFO:kbc-cli.py:Epoch 45/100	Loss 7.5667 ± 0.4284
INFO:kbc-cli.py:Epoch 45/100	dev results	MRR 0.873845	H@1 0.800562	H@3 0.941948	H@5 0.962079	H@10 0.978464	H@20 0.988296	H@50 0.991105	H@100 1.000000
INFO:kbc-cli.py:Epoch 45/100	test results	MRR 0.880801	H@1 0.810987	H@3 0.942737	H@5 0.969739	H@10 0.985568	H@20 0.994413	H@50 0.996741	H@100 1.000000
INFO:kbc-cli.py:Epoch 46/100	Loss 7.5653 ± 0.4303
INFO:kbc-cli.py:Epoch 47/100	Loss 7.5638 ± 0.4248
INFO:kbc-cli.py:Epoch 48/100	Loss 7.5624 ± 0.4280
INFO:kbc-cli.py:Epoch 48/100	dev results	MRR 0.873655	H@1 0.800094	H@3 0.941948	H@5 0.961142	H@10 0.978464	H@20 0.988296	H@50 0.991105	H@100 1.000000
INFO:kbc-cli.py:Epoch 48/100	test results	MRR 0.882879	H@1 0.814711	H@3 0.941806	H@5 0.969274	H@10 0.985568	H@20 0.994413	H@50 0.996741	H@100 1.000000
INFO:kbc-cli.py:Epoch 49/100	Loss 7.5607 ± 0.4327
INFO:kbc-cli.py:Epoch 50/100	Loss 7.5593 ± 0.4232
INFO:kbc-cli.py:Epoch 51/100	Loss 7.5581 ± 0.4093
INFO:kbc-cli.py:Epoch 51/100	dev results	MRR 0.874669	H@1 0.801498	H@3 0.942884	H@5 0.961610	H@10 0.977996	H@20 0.988296	H@50 0.991105	H@100 1.000000
INFO:kbc-cli.py:Epoch 51/100	test results	MRR 0.881460	H@1 0.811453	H@3 0.942737	H@5 0.968808	H@10 0.985568	H@20 0.994413	H@50 0.996741	H@100 1.000000
INFO:kbc-cli.py:Epoch 52/100	Loss 7.5568 ± 0.4178
INFO:kbc-cli.py:Epoch 53/100	Loss 7.5558 ± 0.4256
INFO:kbc-cli.py:Epoch 54/100	Loss 7.5542 ± 0.4238
INFO:kbc-cli.py:Epoch 54/100	dev results	MRR 0.872473	H@1 0.797285	H@3 0.944288	H@5 0.960674	H@10 0.977060	H@20 0.988296	H@50 0.991105	H@100 1.000000
INFO:kbc-cli.py:Epoch 54/100	test results	MRR 0.882145	H@1 0.812849	H@3 0.944134	H@5 0.969274	H@10 0.985102	H@20 0.994413	H@50 0.996741	H@100 1.000000
INFO:kbc-cli.py:Epoch 55/100	Loss 7.5532 ± 0.4206
INFO:kbc-cli.py:Epoch 56/100	Loss 7.5519 ± 0.4175
INFO:kbc-cli.py:Epoch 57/100	Loss 7.5508 ± 0.4368
INFO:kbc-cli.py:Epoch 57/100	dev results	MRR 0.875619	H@1 0.803371	H@3 0.942884	H@5 0.960206	H@10 0.977996	H@20 0.988296	H@50 0.991105	H@100 1.000000
INFO:kbc-cli.py:Epoch 57/100	test results	MRR 0.882422	H@1 0.813315	H@3 0.942737	H@5 0.969274	H@10 0.985568	H@20 0.994413	H@50 0.996741	H@100 1.000000
INFO:kbc-cli.py:Epoch 58/100	Loss 7.5499 ± 0.4197
INFO:kbc-cli.py:Epoch 59/100	Loss 7.5488 ± 0.4207
INFO:kbc-cli.py:Epoch 60/100	Loss 7.5476 ± 0.4169
INFO:kbc-cli.py:Epoch 60/100	dev results	MRR 0.875270	H@1 0.802903	H@3 0.942884	H@5 0.960206	H@10 0.977060	H@20 0.988296	H@50 0.991105	H@100 1.000000
INFO:kbc-cli.py:Epoch 60/100	test results	MRR 0.882037	H@1 0.812849	H@3 0.944134	H@5 0.968808	H@10 0.985102	H@20 0.994413	H@50 0.996741	H@100 1.000000
INFO:kbc-cli.py:Epoch 61/100	Loss 7.5466 ± 0.4268
INFO:kbc-cli.py:Epoch 62/100	Loss 7.5454 ± 0.4184
INFO:kbc-cli.py:Epoch 63/100	Loss 7.5447 ± 0.4175
INFO:kbc-cli.py:Epoch 63/100	dev results	MRR 0.875133	H@1 0.801966	H@3 0.943352	H@5 0.960206	H@10 0.976592	H@20 0.987828	H@50 0.991105	H@100 1.000000
INFO:kbc-cli.py:Epoch 63/100	test results	MRR 0.882248	H@1 0.813315	H@3 0.944600	H@5 0.969739	H@10 0.986034	H@20 0.994413	H@50 0.996741	H@100 1.000000
INFO:kbc-cli.py:Epoch 64/100	Loss 7.5436 ± 0.4138
INFO:kbc-cli.py:Epoch 65/100	Loss 7.5428 ± 0.4187
INFO:kbc-cli.py:Epoch 66/100	Loss 7.5419 ± 0.4183
INFO:kbc-cli.py:Epoch 66/100	dev results	MRR 0.875741	H@1 0.802903	H@3 0.944757	H@5 0.959738	H@10 0.976592	H@20 0.987828	H@50 0.991105	H@100 1.000000
INFO:kbc-cli.py:Epoch 66/100	test results	MRR 0.882337	H@1 0.813315	H@3 0.944134	H@5 0.969274	H@10 0.985568	H@20 0.993948	H@50 0.996741	H@100 1.000000
INFO:kbc-cli.py:Epoch 67/100	Loss 7.5409 ± 0.4266
INFO:kbc-cli.py:Epoch 68/100	Loss 7.5402 ± 0.4202
INFO:kbc-cli.py:Epoch 69/100	Loss 7.5393 ± 0.4103
INFO:kbc-cli.py:Epoch 69/100	dev results	MRR 0.874485	H@1 0.801030	H@3 0.941948	H@5 0.960206	H@10 0.977060	H@20 0.988296	H@50 0.991105	H@100 1.000000
INFO:kbc-cli.py:Epoch 69/100	test results	MRR 0.883723	H@1 0.815642	H@3 0.945065	H@5 0.969739	H@10 0.985568	H@20 0.993948	H@50 0.996741	H@100 1.000000
INFO:kbc-cli.py:Epoch 70/100	Loss 7.5385 ± 0.4082
INFO:kbc-cli.py:Epoch 71/100	Loss 7.5376 ± 0.4161
INFO:kbc-cli.py:Epoch 72/100	Loss 7.5368 ± 0.4126
INFO:kbc-cli.py:Epoch 72/100	dev results	MRR 0.875306	H@1 0.802434	H@3 0.943352	H@5 0.959738	H@10 0.976592	H@20 0.988296	H@50 0.991105	H@100 1.000000
INFO:kbc-cli.py:Epoch 72/100	test results	MRR 0.883495	H@1 0.814711	H@3 0.945531	H@5 0.969274	H@10 0.985102	H@20 0.993948	H@50 0.996741	H@100 1.000000
INFO:kbc-cli.py:Epoch 73/100	Loss 7.5361 ± 0.4214
INFO:kbc-cli.py:Epoch 74/100	Loss 7.5354 ± 0.4228
INFO:kbc-cli.py:Epoch 75/100	Loss 7.5347 ± 0.4119
INFO:kbc-cli.py:Epoch 75/100	dev results	MRR 0.874576	H@1 0.801030	H@3 0.943820	H@5 0.960206	H@10 0.976592	H@20 0.987828	H@50 0.991105	H@100 1.000000
INFO:kbc-cli.py:Epoch 75/100	test results	MRR 0.883246	H@1 0.814711	H@3 0.944600	H@5 0.969739	H@10 0.985568	H@20 0.993948	H@50 0.996741	H@100 1.000000
INFO:kbc-cli.py:Epoch 76/100	Loss 7.5340 ± 0.4120
INFO:kbc-cli.py:Epoch 77/100	Loss 7.5332 ± 0.4125
INFO:kbc-cli.py:Epoch 78/100	Loss 7.5323 ± 0.4177
INFO:kbc-cli.py:Epoch 78/100	dev results	MRR 0.873952	H@1 0.800094	H@3 0.941479	H@5 0.961142	H@10 0.976592	H@20 0.988296	H@50 0.991105	H@100 1.000000
INFO:kbc-cli.py:Epoch 78/100	test results	MRR 0.883676	H@1 0.814711	H@3 0.946462	H@5 0.970205	H@10 0.985102	H@20 0.993948	H@50 0.996741	H@100 1.000000
INFO:kbc-cli.py:Epoch 79/100	Loss 7.5317 ± 0.4165
INFO:kbc-cli.py:Epoch 80/100	Loss 7.5310 ± 0.4168
INFO:kbc-cli.py:Epoch 81/100	Loss 7.5304 ± 0.4046
INFO:kbc-cli.py:Epoch 81/100	dev results	MRR 0.874744	H@1 0.801498	H@3 0.943352	H@5 0.960674	H@10 0.976592	H@20 0.988296	H@50 0.991105	H@100 1.000000
INFO:kbc-cli.py:Epoch 81/100	test results	MRR 0.882815	H@1 0.813780	H@3 0.946462	H@5 0.969274	H@10 0.985102	H@20 0.993948	H@50 0.996741	H@100 1.000000
INFO:kbc-cli.py:Epoch 82/100	Loss 7.5298 ± 0.4120
INFO:kbc-cli.py:Epoch 83/100	Loss 7.5292 ± 0.4191
INFO:kbc-cli.py:Epoch 84/100	Loss 7.5284 ± 0.4122
INFO:kbc-cli.py:Epoch 84/100	dev results	MRR 0.874182	H@1 0.800094	H@3 0.943352	H@5 0.959738	H@10 0.976592	H@20 0.987828	H@50 0.991105	H@100 1.000000
INFO:kbc-cli.py:Epoch 84/100	test results	MRR 0.882048	H@1 0.811918	H@3 0.946462	H@5 0.970205	H@10 0.985102	H@20 0.993948	H@50 0.996741	H@100 1.000000
INFO:kbc-cli.py:Epoch 85/100	Loss 7.5278 ± 0.4005
INFO:kbc-cli.py:Epoch 86/100	Loss 7.5272 ± 0.4062
INFO:kbc-cli.py:Epoch 87/100	Loss 7.5266 ± 0.4073
INFO:kbc-cli.py:Epoch 87/100	dev results	MRR 0.875385	H@1 0.801966	H@3 0.943352	H@5 0.961142	H@10 0.977528	H@20 0.988296	H@50 0.991105	H@100 1.000000
INFO:kbc-cli.py:Epoch 87/100	test results	MRR 0.881473	H@1 0.811453	H@3 0.945996	H@5 0.969739	H@10 0.984637	H@20 0.993948	H@50 0.996741	H@100 1.000000
INFO:kbc-cli.py:Epoch 88/100	Loss 7.5260 ± 0.4136
INFO:kbc-cli.py:Epoch 89/100	Loss 7.5254 ± 0.4125
INFO:kbc-cli.py:Epoch 90/100	Loss 7.5249 ± 0.4066
INFO:kbc-cli.py:Epoch 90/100	dev results	MRR 0.875966	H@1 0.802903	H@3 0.942884	H@5 0.960674	H@10 0.977060	H@20 0.988296	H@50 0.991105	H@100 1.000000
INFO:kbc-cli.py:Epoch 90/100	test results	MRR 0.882091	H@1 0.812384	H@3 0.946927	H@5 0.970205	H@10 0.984637	H@20 0.993482	H@50 0.996741	H@100 1.000000
INFO:kbc-cli.py:Epoch 91/100	Loss 7.5243 ± 0.4144
INFO:kbc-cli.py:Epoch 92/100	Loss 7.5238 ± 0.4150
INFO:kbc-cli.py:Epoch 93/100	Loss 7.5232 ± 0.4118
INFO:kbc-cli.py:Epoch 93/100	dev results	MRR 0.875949	H@1 0.802434	H@3 0.943820	H@5 0.960206	H@10 0.976592	H@20 0.988296	H@50 0.991105	H@100 1.000000
INFO:kbc-cli.py:Epoch 93/100	test results	MRR 0.882330	H@1 0.812849	H@3 0.945996	H@5 0.970205	H@10 0.984171	H@20 0.993482	H@50 0.996741	H@100 1.000000
INFO:kbc-cli.py:Epoch 94/100	Loss 7.5225 ± 0.4214
INFO:kbc-cli.py:Epoch 95/100	Loss 7.5221 ± 0.4095
INFO:kbc-cli.py:Epoch 96/100	Loss 7.5216 ± 0.4059
INFO:kbc-cli.py:Epoch 96/100	dev results	MRR 0.875967	H@1 0.802903	H@3 0.942884	H@5 0.961610	H@10 0.977528	H@20 0.988296	H@50 0.991105	H@100 1.000000
INFO:kbc-cli.py:Epoch 96/100	test results	MRR 0.881971	H@1 0.812384	H@3 0.945531	H@5 0.971136	H@10 0.984637	H@20 0.993482	H@50 0.996741	H@100 1.000000
INFO:kbc-cli.py:Epoch 97/100	Loss 7.5212 ± 0.4101
INFO:kbc-cli.py:Epoch 98/100	Loss 7.5206 ± 0.3952
INFO:kbc-cli.py:Epoch 99/100	Loss 7.5202 ± 0.3966
INFO:kbc-cli.py:Epoch 99/100	dev results	MRR 0.876440	H@1 0.803839	H@3 0.943352	H@5 0.961142	H@10 0.977528	H@20 0.988296	H@50 0.991105	H@100 1.000000
INFO:kbc-cli.py:Epoch 99/100	test results	MRR 0.882417	H@1 0.812849	H@3 0.946462	H@5 0.970670	H@10 0.984637	H@20 0.993017	H@50 0.996741	H@100 1.000000
INFO:kbc-cli.py:Epoch 100/100	Loss 7.5196 ± 0.3912
INFO:kbc-cli.py:Final 	dev results	MRR 0.876295	H@1 0.803371	H@3 0.944288	H@5 0.961142	H@10 0.977060	H@20 0.988296	H@50 0.991105	H@100 1.000000
INFO:kbc-cli.py:Final 	test results	MRR 0.882652	H@1 0.812849	H@3 0.946462	H@5 0.970670	H@10 0.984637	H@20 0.993017	H@50 0.996741	H@100 1.000000
INFO:kbc-cli.py:Training finished
