./bin/kbc-cli.py --train data/nations/train.tsv --dev data/nations/dev.tsv --test data/nations/test.tsv -m complex -k 500 -b 500 -e 100 --F2 0 --N3 0.001 -l 0.1 -I standard -V 3 -o adagrad -c spo -q
{'F2': 0.0,
 'N3': 0.001,
 'batch_size': 500,
 'corruption': 'spo',
 'dev': 'data/nations/dev.tsv',
 'embedding_size': 500,
 'epochs': 100,
 'eval_batch_size': None,
 'input_type': 'standard',
 'learning_rate': 0.1,
 'load': None,
 'model': 'complex',
 'optimizer': 'adagrad',
 'quiet': True,
 'save': None,
 'seed': 0,
 'test': 'data/nations/test.tsv',
 'test_i': None,
 'test_ii': None,
 'train': 'data/nations/train.tsv',
 'validate_every': 3}
INFO:kbc-cli.py:Device: cuda
INFO:kbc-cli.py:Model state:
INFO:kbc-cli.py:	entities.weight	torch.Size([14, 1000])
INFO:kbc-cli.py:	predicates.weight	torch.Size([55, 1000])
INFO:kbc-cli.py:Epoch 1/100	Loss 9.4060 ± 0.1328
INFO:kbc-cli.py:Epoch 2/100	Loss 8.7409 ± 0.1180
INFO:kbc-cli.py:Epoch 3/100	Loss 7.6371 ± 0.2514
INFO:kbc-cli.py:Epoch 3/100	dev results	MRR 0.734844	H@1 0.597990	H@3 0.839196	H@5 0.929648	H@10 0.994975	H@20 1.000000	H@50 1.000000	H@100 1.000000
INFO:kbc-cli.py:Epoch 3/100	test results	MRR 0.745203	H@1 0.597015	H@3 0.868159	H@5 0.947761	H@10 0.995025	H@20 1.000000	H@50 1.000000	H@100 1.000000
INFO:kbc-cli.py:Epoch 4/100	Loss 7.1884 ± 0.3151
INFO:kbc-cli.py:Epoch 5/100	Loss 6.8580 ± 0.1693
INFO:kbc-cli.py:Epoch 6/100	Loss 6.8056 ± 0.3215
INFO:kbc-cli.py:Epoch 6/100	dev results	MRR 0.743437	H@1 0.603015	H@3 0.856784	H@5 0.939698	H@10 0.992462	H@20 1.000000	H@50 1.000000	H@100 1.000000
INFO:kbc-cli.py:Epoch 6/100	test results	MRR 0.800895	H@1 0.696517	H@3 0.883085	H@5 0.962687	H@10 0.990050	H@20 1.000000	H@50 1.000000	H@100 1.000000
INFO:kbc-cli.py:Epoch 7/100	Loss 6.5664 ± 0.1346
INFO:kbc-cli.py:Epoch 8/100	Loss 6.5540 ± 0.1939
INFO:kbc-cli.py:Epoch 9/100	Loss 6.3965 ± 0.1549
INFO:kbc-cli.py:Epoch 9/100	dev results	MRR 0.765518	H@1 0.635678	H@3 0.876884	H@5 0.944724	H@10 0.997487	H@20 1.000000	H@50 1.000000	H@100 1.000000
INFO:kbc-cli.py:Epoch 9/100	test results	MRR 0.811521	H@1 0.706468	H@3 0.900498	H@5 0.970149	H@10 0.995025	H@20 1.000000	H@50 1.000000	H@100 1.000000
INFO:kbc-cli.py:Epoch 10/100	Loss 6.4471 ± 0.2518
INFO:kbc-cli.py:Epoch 11/100	Loss 6.3492 ± 0.1308
INFO:kbc-cli.py:Epoch 12/100	Loss 6.3277 ± 0.1933
INFO:kbc-cli.py:Epoch 12/100	dev results	MRR 0.787199	H@1 0.663317	H@3 0.907035	H@5 0.949749	H@10 0.997487	H@20 1.000000	H@50 1.000000	H@100 1.000000
INFO:kbc-cli.py:Epoch 12/100	test results	MRR 0.814957	H@1 0.716418	H@3 0.898010	H@5 0.962687	H@10 0.995025	H@20 1.000000	H@50 1.000000	H@100 1.000000
INFO:kbc-cli.py:Epoch 13/100	Loss 6.3136 ± 0.1788
INFO:kbc-cli.py:Epoch 14/100	Loss 6.2248 ± 0.1563
INFO:kbc-cli.py:Epoch 15/100	Loss 6.2043 ± 0.1156
INFO:kbc-cli.py:Epoch 15/100	dev results	MRR 0.788412	H@1 0.665829	H@3 0.894472	H@5 0.957286	H@10 0.997487	H@20 1.000000	H@50 1.000000	H@100 1.000000
INFO:kbc-cli.py:Epoch 15/100	test results	MRR 0.807566	H@1 0.696517	H@3 0.898010	H@5 0.960199	H@10 0.997512	H@20 1.000000	H@50 1.000000	H@100 1.000000
INFO:kbc-cli.py:Epoch 16/100	Loss 6.1728 ± 0.1207
INFO:kbc-cli.py:Epoch 17/100	Loss 6.1898 ± 0.1945
INFO:kbc-cli.py:Epoch 18/100	Loss 6.1381 ± 0.1442
INFO:kbc-cli.py:Epoch 18/100	dev results	MRR 0.793169	H@1 0.668342	H@3 0.912060	H@5 0.959799	H@10 0.997487	H@20 1.000000	H@50 1.000000	H@100 1.000000
INFO:kbc-cli.py:Epoch 18/100	test results	MRR 0.823057	H@1 0.723881	H@3 0.907960	H@5 0.967662	H@10 0.997512	H@20 1.000000	H@50 1.000000	H@100 1.000000
INFO:kbc-cli.py:Epoch 19/100	Loss 6.1840 ± 0.2373
INFO:kbc-cli.py:Epoch 20/100	Loss 6.1599 ± 0.2253
INFO:kbc-cli.py:Epoch 21/100	Loss 6.1601 ± 0.2629
INFO:kbc-cli.py:Epoch 21/100	dev results	MRR 0.794633	H@1 0.670854	H@3 0.904523	H@5 0.959799	H@10 0.997487	H@20 1.000000	H@50 1.000000	H@100 1.000000
INFO:kbc-cli.py:Epoch 21/100	test results	MRR 0.813835	H@1 0.711443	H@3 0.900498	H@5 0.960199	H@10 1.000000	H@20 1.000000	H@50 1.000000	H@100 1.000000
INFO:kbc-cli.py:Epoch 22/100	Loss 6.0449 ± 0.1639
INFO:kbc-cli.py:Epoch 23/100	Loss 6.0844 ± 0.1903
INFO:kbc-cli.py:Epoch 24/100	Loss 6.0798 ± 0.2095
INFO:kbc-cli.py:Epoch 24/100	dev results	MRR 0.795353	H@1 0.668342	H@3 0.914573	H@5 0.957286	H@10 0.997487	H@20 1.000000	H@50 1.000000	H@100 1.000000
INFO:kbc-cli.py:Epoch 24/100	test results	MRR 0.817847	H@1 0.711443	H@3 0.902985	H@5 0.960199	H@10 0.997512	H@20 1.000000	H@50 1.000000	H@100 1.000000
INFO:kbc-cli.py:Epoch 25/100	Loss 5.9989 ± 0.1504
INFO:kbc-cli.py:Epoch 26/100	Loss 6.0466 ± 0.1310
INFO:kbc-cli.py:Epoch 27/100	Loss 6.0244 ± 0.1747
INFO:kbc-cli.py:Epoch 27/100	dev results	MRR 0.791464	H@1 0.665829	H@3 0.909548	H@5 0.957286	H@10 0.997487	H@20 1.000000	H@50 1.000000	H@100 1.000000
INFO:kbc-cli.py:Epoch 27/100	test results	MRR 0.808314	H@1 0.691542	H@3 0.905473	H@5 0.962687	H@10 0.997512	H@20 1.000000	H@50 1.000000	H@100 1.000000
INFO:kbc-cli.py:Epoch 28/100	Loss 6.0266 ± 0.1199
INFO:kbc-cli.py:Epoch 29/100	Loss 6.0484 ± 0.1931
INFO:kbc-cli.py:Epoch 30/100	Loss 5.9844 ± 0.1241
INFO:kbc-cli.py:Epoch 30/100	dev results	MRR 0.799152	H@1 0.678392	H@3 0.909548	H@5 0.954774	H@10 0.997487	H@20 1.000000	H@50 1.000000	H@100 1.000000
INFO:kbc-cli.py:Epoch 30/100	test results	MRR 0.826107	H@1 0.733831	H@3 0.898010	H@5 0.952736	H@10 0.997512	H@20 1.000000	H@50 1.000000	H@100 1.000000
INFO:kbc-cli.py:Epoch 31/100	Loss 5.9461 ± 0.0391
INFO:kbc-cli.py:Epoch 32/100	Loss 5.9454 ± 0.0939
INFO:kbc-cli.py:Epoch 33/100	Loss 5.9585 ± 0.1877
INFO:kbc-cli.py:Epoch 33/100	dev results	MRR 0.799135	H@1 0.680905	H@3 0.902010	H@5 0.959799	H@10 0.997487	H@20 1.000000	H@50 1.000000	H@100 1.000000
INFO:kbc-cli.py:Epoch 33/100	test results	MRR 0.822625	H@1 0.723881	H@3 0.907960	H@5 0.962687	H@10 0.997512	H@20 1.000000	H@50 1.000000	H@100 1.000000
INFO:kbc-cli.py:Epoch 34/100	Loss 5.9595 ± 0.1147
INFO:kbc-cli.py:Epoch 35/100	Loss 5.9533 ± 0.1460
INFO:kbc-cli.py:Epoch 36/100	Loss 6.0069 ± 0.2621
INFO:kbc-cli.py:Epoch 36/100	dev results	MRR 0.796132	H@1 0.673367	H@3 0.902010	H@5 0.959799	H@10 0.997487	H@20 1.000000	H@50 1.000000	H@100 1.000000
INFO:kbc-cli.py:Epoch 36/100	test results	MRR 0.818194	H@1 0.716418	H@3 0.910448	H@5 0.960199	H@10 0.997512	H@20 1.000000	H@50 1.000000	H@100 1.000000
INFO:kbc-cli.py:Epoch 37/100	Loss 5.9896 ± 0.1878
INFO:kbc-cli.py:Epoch 38/100	Loss 5.9154 ± 0.0534
INFO:kbc-cli.py:Epoch 39/100	Loss 5.9334 ± 0.0794
INFO:kbc-cli.py:Epoch 39/100	dev results	MRR 0.799101	H@1 0.680905	H@3 0.914573	H@5 0.954774	H@10 0.997487	H@20 1.000000	H@50 1.000000	H@100 1.000000
INFO:kbc-cli.py:Epoch 39/100	test results	MRR 0.819065	H@1 0.713930	H@3 0.905473	H@5 0.960199	H@10 0.997512	H@20 1.000000	H@50 1.000000	H@100 1.000000
INFO:kbc-cli.py:Epoch 40/100	Loss 5.9141 ± 0.1667
INFO:kbc-cli.py:Epoch 41/100	Loss 5.9838 ± 0.2448
INFO:kbc-cli.py:Epoch 42/100	Loss 5.9441 ± 0.1514
INFO:kbc-cli.py:Epoch 42/100	dev results	MRR 0.806944	H@1 0.688442	H@3 0.914573	H@5 0.959799	H@10 0.997487	H@20 1.000000	H@50 1.000000	H@100 1.000000
INFO:kbc-cli.py:Epoch 42/100	test results	MRR 0.820175	H@1 0.716418	H@3 0.898010	H@5 0.967662	H@10 0.995025	H@20 1.000000	H@50 1.000000	H@100 1.000000
INFO:kbc-cli.py:Epoch 43/100	Loss 5.9568 ± 0.2127
INFO:kbc-cli.py:Epoch 44/100	Loss 5.8938 ± 0.1476
INFO:kbc-cli.py:Epoch 45/100	Loss 5.8900 ± 0.1555
INFO:kbc-cli.py:Epoch 45/100	dev results	MRR 0.810927	H@1 0.698492	H@3 0.919598	H@5 0.959799	H@10 0.994975	H@20 1.000000	H@50 1.000000	H@100 1.000000
INFO:kbc-cli.py:Epoch 45/100	test results	MRR 0.818662	H@1 0.716418	H@3 0.902985	H@5 0.965174	H@10 0.995025	H@20 1.000000	H@50 1.000000	H@100 1.000000
INFO:kbc-cli.py:Epoch 46/100	Loss 5.9201 ± 0.1246
INFO:kbc-cli.py:Epoch 47/100	Loss 5.9017 ± 0.1449
INFO:kbc-cli.py:Epoch 48/100	Loss 5.8809 ± 0.1041
INFO:kbc-cli.py:Epoch 48/100	dev results	MRR 0.805012	H@1 0.678392	H@3 0.927136	H@5 0.964824	H@10 0.997487	H@20 1.000000	H@50 1.000000	H@100 1.000000
INFO:kbc-cli.py:Epoch 48/100	test results	MRR 0.821658	H@1 0.716418	H@3 0.900498	H@5 0.960199	H@10 0.997512	H@20 1.000000	H@50 1.000000	H@100 1.000000
INFO:kbc-cli.py:Epoch 49/100	Loss 5.9153 ± 0.1313
INFO:kbc-cli.py:Epoch 50/100	Loss 5.8617 ± 0.1009
INFO:kbc-cli.py:Epoch 51/100	Loss 5.8825 ± 0.1072
INFO:kbc-cli.py:Epoch 51/100	dev results	MRR 0.803601	H@1 0.680905	H@3 0.934673	H@5 0.962312	H@10 0.997487	H@20 1.000000	H@50 1.000000	H@100 1.000000
INFO:kbc-cli.py:Epoch 51/100	test results	MRR 0.826105	H@1 0.723881	H@3 0.902985	H@5 0.960199	H@10 0.997512	H@20 1.000000	H@50 1.000000	H@100 1.000000
INFO:kbc-cli.py:Epoch 52/100	Loss 5.9092 ± 0.1646
INFO:kbc-cli.py:Epoch 53/100	Loss 5.9064 ± 0.2147
INFO:kbc-cli.py:Epoch 54/100	Loss 5.8795 ± 0.1028
INFO:kbc-cli.py:Epoch 54/100	dev results	MRR 0.811032	H@1 0.695980	H@3 0.917085	H@5 0.962312	H@10 0.997487	H@20 1.000000	H@50 1.000000	H@100 1.000000
INFO:kbc-cli.py:Epoch 54/100	test results	MRR 0.825601	H@1 0.728856	H@3 0.910448	H@5 0.950249	H@10 0.997512	H@20 1.000000	H@50 1.000000	H@100 1.000000
INFO:kbc-cli.py:Epoch 55/100	Loss 5.8676 ± 0.0978
INFO:kbc-cli.py:Epoch 56/100	Loss 5.8443 ± 0.1093
INFO:kbc-cli.py:Epoch 57/100	Loss 5.8805 ± 0.1123
INFO:kbc-cli.py:Epoch 57/100	dev results	MRR 0.806203	H@1 0.685930	H@3 0.922111	H@5 0.959799	H@10 0.997487	H@20 1.000000	H@50 1.000000	H@100 1.000000
INFO:kbc-cli.py:Epoch 57/100	test results	MRR 0.823095	H@1 0.718905	H@3 0.912935	H@5 0.947761	H@10 0.997512	H@20 1.000000	H@50 1.000000	H@100 1.000000
INFO:kbc-cli.py:Epoch 58/100	Loss 5.8943 ± 0.1789
INFO:kbc-cli.py:Epoch 59/100	Loss 5.8849 ± 0.1617
INFO:kbc-cli.py:Epoch 60/100	Loss 5.8532 ± 0.1261
INFO:kbc-cli.py:Epoch 60/100	dev results	MRR 0.804381	H@1 0.685930	H@3 0.909548	H@5 0.962312	H@10 0.997487	H@20 1.000000	H@50 1.000000	H@100 1.000000
INFO:kbc-cli.py:Epoch 60/100	test results	MRR 0.819327	H@1 0.716418	H@3 0.910448	H@5 0.960199	H@10 0.997512	H@20 1.000000	H@50 1.000000	H@100 1.000000
INFO:kbc-cli.py:Epoch 61/100	Loss 5.8956 ± 0.1707
INFO:kbc-cli.py:Epoch 62/100	Loss 5.8614 ± 0.1597
INFO:kbc-cli.py:Epoch 63/100	Loss 5.8274 ± 0.1444
INFO:kbc-cli.py:Epoch 63/100	dev results	MRR 0.803086	H@1 0.678392	H@3 0.927136	H@5 0.964824	H@10 0.997487	H@20 1.000000	H@50 1.000000	H@100 1.000000
INFO:kbc-cli.py:Epoch 63/100	test results	MRR 0.823769	H@1 0.716418	H@3 0.917910	H@5 0.965174	H@10 0.997512	H@20 1.000000	H@50 1.000000	H@100 1.000000
INFO:kbc-cli.py:Epoch 64/100	Loss 5.8206 ± 0.0690
INFO:kbc-cli.py:Epoch 65/100	Loss 5.8281 ± 0.0857
INFO:kbc-cli.py:Epoch 66/100	Loss 5.8475 ± 0.1083
INFO:kbc-cli.py:Epoch 66/100	dev results	MRR 0.802807	H@1 0.680905	H@3 0.909548	H@5 0.967337	H@10 0.997487	H@20 1.000000	H@50 1.000000	H@100 1.000000
INFO:kbc-cli.py:Epoch 66/100	test results	MRR 0.820732	H@1 0.716418	H@3 0.907960	H@5 0.955224	H@10 0.997512	H@20 1.000000	H@50 1.000000	H@100 1.000000
INFO:kbc-cli.py:Epoch 67/100	Loss 5.8244 ± 0.1093
INFO:kbc-cli.py:Epoch 68/100	Loss 5.8314 ± 0.1125
INFO:kbc-cli.py:Epoch 69/100	Loss 5.7839 ± 0.0755
INFO:kbc-cli.py:Epoch 69/100	dev results	MRR 0.810974	H@1 0.690955	H@3 0.924623	H@5 0.962312	H@10 0.997487	H@20 1.000000	H@50 1.000000	H@100 1.000000
INFO:kbc-cli.py:Epoch 69/100	test results	MRR 0.822817	H@1 0.718905	H@3 0.905473	H@5 0.955224	H@10 0.997512	H@20 1.000000	H@50 1.000000	H@100 1.000000
INFO:kbc-cli.py:Epoch 70/100	Loss 5.8375 ± 0.1241
INFO:kbc-cli.py:Epoch 71/100	Loss 5.8478 ± 0.1147
INFO:kbc-cli.py:Epoch 72/100	Loss 5.8372 ± 0.1031
INFO:kbc-cli.py:Epoch 72/100	dev results	MRR 0.815893	H@1 0.706030	H@3 0.919598	H@5 0.959799	H@10 1.000000	H@20 1.000000	H@50 1.000000	H@100 1.000000
INFO:kbc-cli.py:Epoch 72/100	test results	MRR 0.820375	H@1 0.721393	H@3 0.898010	H@5 0.957711	H@10 0.997512	H@20 1.000000	H@50 1.000000	H@100 1.000000
INFO:kbc-cli.py:Epoch 73/100	Loss 5.8158 ± 0.1413
INFO:kbc-cli.py:Epoch 74/100	Loss 5.8151 ± 0.1058
INFO:kbc-cli.py:Epoch 75/100	Loss 5.7995 ± 0.0666
INFO:kbc-cli.py:Epoch 75/100	dev results	MRR 0.812849	H@1 0.698492	H@3 0.917085	H@5 0.959799	H@10 0.997487	H@20 1.000000	H@50 1.000000	H@100 1.000000
INFO:kbc-cli.py:Epoch 75/100	test results	MRR 0.814718	H@1 0.706468	H@3 0.900498	H@5 0.962687	H@10 0.997512	H@20 1.000000	H@50 1.000000	H@100 1.000000
INFO:kbc-cli.py:Epoch 76/100	Loss 5.8253 ± 0.0884
INFO:kbc-cli.py:Epoch 77/100	Loss 5.8574 ± 0.1875
INFO:kbc-cli.py:Epoch 78/100	Loss 5.7797 ± 0.0788
INFO:kbc-cli.py:Epoch 78/100	dev results	MRR 0.818218	H@1 0.703518	H@3 0.934673	H@5 0.962312	H@10 0.997487	H@20 1.000000	H@50 1.000000	H@100 1.000000
INFO:kbc-cli.py:Epoch 78/100	test results	MRR 0.816180	H@1 0.711443	H@3 0.902985	H@5 0.962687	H@10 0.995025	H@20 1.000000	H@50 1.000000	H@100 1.000000
INFO:kbc-cli.py:Epoch 79/100	Loss 5.8349 ± 0.1413
INFO:kbc-cli.py:Epoch 80/100	Loss 5.8127 ± 0.1134
INFO:kbc-cli.py:Epoch 81/100	Loss 5.8099 ± 0.0946
INFO:kbc-cli.py:Epoch 81/100	dev results	MRR 0.803597	H@1 0.680905	H@3 0.917085	H@5 0.959799	H@10 0.997487	H@20 1.000000	H@50 1.000000	H@100 1.000000
INFO:kbc-cli.py:Epoch 81/100	test results	MRR 0.817578	H@1 0.708955	H@3 0.910448	H@5 0.962687	H@10 0.997512	H@20 1.000000	H@50 1.000000	H@100 1.000000
INFO:kbc-cli.py:Epoch 82/100	Loss 5.8265 ± 0.1255
INFO:kbc-cli.py:Epoch 83/100	Loss 5.8388 ± 0.1651
INFO:kbc-cli.py:Epoch 84/100	Loss 5.8420 ± 0.1906
INFO:kbc-cli.py:Epoch 84/100	dev results	MRR 0.811316	H@1 0.695980	H@3 0.932161	H@5 0.959799	H@10 0.997487	H@20 1.000000	H@50 1.000000	H@100 1.000000
INFO:kbc-cli.py:Epoch 84/100	test results	MRR 0.819725	H@1 0.716418	H@3 0.902985	H@5 0.960199	H@10 0.997512	H@20 1.000000	H@50 1.000000	H@100 1.000000
INFO:kbc-cli.py:Epoch 85/100	Loss 5.8614 ± 0.2125
INFO:kbc-cli.py:Epoch 86/100	Loss 5.8038 ± 0.0991
INFO:kbc-cli.py:Epoch 87/100	Loss 5.7748 ± 0.0468
INFO:kbc-cli.py:Epoch 87/100	dev results	MRR 0.808793	H@1 0.690955	H@3 0.924623	H@5 0.957286	H@10 0.997487	H@20 1.000000	H@50 1.000000	H@100 1.000000
INFO:kbc-cli.py:Epoch 87/100	test results	MRR 0.816132	H@1 0.706468	H@3 0.912935	H@5 0.955224	H@10 0.997512	H@20 1.000000	H@50 1.000000	H@100 1.000000
INFO:kbc-cli.py:Epoch 88/100	Loss 5.7680 ± 0.0879
INFO:kbc-cli.py:Epoch 89/100	Loss 5.7378 ± 0.1016
INFO:kbc-cli.py:Epoch 90/100	Loss 5.7865 ± 0.0852
INFO:kbc-cli.py:Epoch 90/100	dev results	MRR 0.806217	H@1 0.685930	H@3 0.924623	H@5 0.962312	H@10 1.000000	H@20 1.000000	H@50 1.000000	H@100 1.000000
INFO:kbc-cli.py:Epoch 90/100	test results	MRR 0.831917	H@1 0.733831	H@3 0.920398	H@5 0.957711	H@10 0.997512	H@20 1.000000	H@50 1.000000	H@100 1.000000
INFO:kbc-cli.py:Epoch 91/100	Loss 5.7754 ± 0.0872
INFO:kbc-cli.py:Epoch 92/100	Loss 5.8034 ± 0.1423
INFO:kbc-cli.py:Epoch 93/100	Loss 5.7754 ± 0.0754
INFO:kbc-cli.py:Epoch 93/100	dev results	MRR 0.805581	H@1 0.680905	H@3 0.919598	H@5 0.959799	H@10 1.000000	H@20 1.000000	H@50 1.000000	H@100 1.000000
INFO:kbc-cli.py:Epoch 93/100	test results	MRR 0.826602	H@1 0.728856	H@3 0.915423	H@5 0.957711	H@10 0.997512	H@20 1.000000	H@50 1.000000	H@100 1.000000
INFO:kbc-cli.py:Epoch 94/100	Loss 5.8040 ± 0.1108
INFO:kbc-cli.py:Epoch 95/100	Loss 5.8156 ± 0.1434
INFO:kbc-cli.py:Epoch 96/100	Loss 5.7567 ± 0.0605
INFO:kbc-cli.py:Epoch 96/100	dev results	MRR 0.802875	H@1 0.680905	H@3 0.919598	H@5 0.957286	H@10 0.997487	H@20 1.000000	H@50 1.000000	H@100 1.000000
INFO:kbc-cli.py:Epoch 96/100	test results	MRR 0.820252	H@1 0.716418	H@3 0.915423	H@5 0.962687	H@10 0.997512	H@20 1.000000	H@50 1.000000	H@100 1.000000
INFO:kbc-cli.py:Epoch 97/100	Loss 5.7952 ± 0.1205
INFO:kbc-cli.py:Epoch 98/100	Loss 5.8445 ± 0.2147
INFO:kbc-cli.py:Epoch 99/100	Loss 5.7876 ± 0.1124
INFO:kbc-cli.py:Epoch 99/100	dev results	MRR 0.812960	H@1 0.698492	H@3 0.927136	H@5 0.959799	H@10 0.997487	H@20 1.000000	H@50 1.000000	H@100 1.000000
INFO:kbc-cli.py:Epoch 99/100	test results	MRR 0.821428	H@1 0.718905	H@3 0.910448	H@5 0.962687	H@10 0.997512	H@20 1.000000	H@50 1.000000	H@100 1.000000
INFO:kbc-cli.py:Epoch 100/100	Loss 5.7621 ± 0.1030
INFO:kbc-cli.py:Final 	dev results	MRR 0.810477	H@1 0.690955	H@3 0.927136	H@5 0.957286	H@10 0.997487	H@20 1.000000	H@50 1.000000	H@100 1.000000
INFO:kbc-cli.py:Final 	test results	MRR 0.815867	H@1 0.711443	H@3 0.895522	H@5 0.965174	H@10 0.995025	H@20 1.000000	H@50 1.000000	H@100 1.000000
INFO:kbc-cli.py:Training finished
