./bin/kbc-cli.py --train data/nations/train.tsv --dev data/nations/dev.tsv --test data/nations/test.tsv -m complex -k 200 -b 500 -e 100 --F2 0 --N3 0.0001 -l 0.1 -I standard -V 3 -o adagrad -c so -q
{'F2': 0.0,
 'N3': 0.0001,
 'batch_size': 500,
 'corruption': 'so',
 'dev': 'data/nations/dev.tsv',
 'embedding_size': 200,
 'epochs': 100,
 'eval_batch_size': None,
 'input_type': 'standard',
 'learning_rate': 0.1,
 'load': None,
 'model': 'complex',
 'optimizer': 'adagrad',
 'quiet': True,
 'save': None,
 'seed': 0,
 'test': 'data/nations/test.tsv',
 'test_i': None,
 'test_ii': None,
 'train': 'data/nations/train.tsv',
 'validate_every': 3}
INFO:kbc-cli.py:Device: cuda
INFO:kbc-cli.py:Model state:
INFO:kbc-cli.py:	entities.weight	torch.Size([14, 400])
INFO:kbc-cli.py:	predicates.weight	torch.Size([55, 400])
INFO:kbc-cli.py:Epoch 1/100	Loss 5.2786 ± 0.0117
INFO:kbc-cli.py:Epoch 2/100	Loss 4.9701 ± 0.0540
INFO:kbc-cli.py:Epoch 3/100	Loss 4.4499 ± 0.0965
INFO:kbc-cli.py:Epoch 3/100	dev results	MRR 0.646306	H@1 0.459799	H@3 0.796482	H@5 0.894472	H@10 0.989950	H@20 1.000000	H@50 1.000000	H@100 1.000000
INFO:kbc-cli.py:Epoch 3/100	test results	MRR 0.665369	H@1 0.500000	H@3 0.791045	H@5 0.907960	H@10 0.990050	H@20 1.000000	H@50 1.000000	H@100 1.000000
INFO:kbc-cli.py:Epoch 4/100	Loss 4.1657 ± 0.1520
INFO:kbc-cli.py:Epoch 5/100	Loss 3.9490 ± 0.1137
INFO:kbc-cli.py:Epoch 6/100	Loss 3.8730 ± 0.1608
INFO:kbc-cli.py:Epoch 6/100	dev results	MRR 0.681804	H@1 0.520101	H@3 0.806533	H@5 0.912060	H@10 0.992462	H@20 1.000000	H@50 1.000000	H@100 1.000000
INFO:kbc-cli.py:Epoch 6/100	test results	MRR 0.734688	H@1 0.592040	H@3 0.855721	H@5 0.925373	H@10 0.997512	H@20 1.000000	H@50 1.000000	H@100 1.000000
INFO:kbc-cli.py:Epoch 7/100	Loss 3.6958 ± 0.1023
INFO:kbc-cli.py:Epoch 8/100	Loss 3.6876 ± 0.0756
INFO:kbc-cli.py:Epoch 9/100	Loss 3.5820 ± 0.1002
INFO:kbc-cli.py:Epoch 9/100	dev results	MRR 0.700732	H@1 0.540201	H@3 0.834171	H@5 0.929648	H@10 0.994975	H@20 1.000000	H@50 1.000000	H@100 1.000000
INFO:kbc-cli.py:Epoch 9/100	test results	MRR 0.762607	H@1 0.634328	H@3 0.858209	H@5 0.945274	H@10 0.995025	H@20 1.000000	H@50 1.000000	H@100 1.000000
INFO:kbc-cli.py:Epoch 10/100	Loss 3.6327 ± 0.1682
INFO:kbc-cli.py:Epoch 11/100	Loss 3.5659 ± 0.0899
INFO:kbc-cli.py:Epoch 12/100	Loss 3.5323 ± 0.0783
INFO:kbc-cli.py:Epoch 12/100	dev results	MRR 0.723894	H@1 0.560302	H@3 0.869347	H@5 0.947236	H@10 0.997487	H@20 1.000000	H@50 1.000000	H@100 1.000000
INFO:kbc-cli.py:Epoch 12/100	test results	MRR 0.782620	H@1 0.664179	H@3 0.873134	H@5 0.945274	H@10 0.995025	H@20 1.000000	H@50 1.000000	H@100 1.000000
INFO:kbc-cli.py:Epoch 13/100	Loss 3.5436 ± 0.1225
INFO:kbc-cli.py:Epoch 14/100	Loss 3.4882 ± 0.1193
INFO:kbc-cli.py:Epoch 15/100	Loss 3.4740 ± 0.0978
INFO:kbc-cli.py:Epoch 15/100	dev results	MRR 0.738667	H@1 0.582915	H@3 0.879397	H@5 0.947236	H@10 1.000000	H@20 1.000000	H@50 1.000000	H@100 1.000000
INFO:kbc-cli.py:Epoch 15/100	test results	MRR 0.784839	H@1 0.661692	H@3 0.885572	H@5 0.957711	H@10 0.995025	H@20 1.000000	H@50 1.000000	H@100 1.000000
INFO:kbc-cli.py:Epoch 16/100	Loss 3.4166 ± 0.0582
INFO:kbc-cli.py:Epoch 17/100	Loss 3.4492 ± 0.1316
INFO:kbc-cli.py:Epoch 18/100	Loss 3.4008 ± 0.0524
INFO:kbc-cli.py:Epoch 18/100	dev results	MRR 0.750274	H@1 0.603015	H@3 0.886935	H@5 0.949749	H@10 1.000000	H@20 1.000000	H@50 1.000000	H@100 1.000000
INFO:kbc-cli.py:Epoch 18/100	test results	MRR 0.783164	H@1 0.654229	H@3 0.895522	H@5 0.955224	H@10 0.992537	H@20 1.000000	H@50 1.000000	H@100 1.000000
INFO:kbc-cli.py:Epoch 19/100	Loss 3.4477 ± 0.1420
INFO:kbc-cli.py:Epoch 20/100	Loss 3.4421 ± 0.1391
INFO:kbc-cli.py:Epoch 21/100	Loss 3.4334 ± 0.1774
INFO:kbc-cli.py:Epoch 21/100	dev results	MRR 0.748773	H@1 0.600503	H@3 0.871859	H@5 0.949749	H@10 1.000000	H@20 1.000000	H@50 1.000000	H@100 1.000000
INFO:kbc-cli.py:Epoch 21/100	test results	MRR 0.790904	H@1 0.671642	H@3 0.883085	H@5 0.950249	H@10 0.995025	H@20 1.000000	H@50 1.000000	H@100 1.000000
INFO:kbc-cli.py:Epoch 22/100	Loss 3.3517 ± 0.1312
INFO:kbc-cli.py:Epoch 23/100	Loss 3.3967 ± 0.1533
INFO:kbc-cli.py:Epoch 24/100	Loss 3.3895 ± 0.1296
INFO:kbc-cli.py:Epoch 24/100	dev results	MRR 0.758636	H@1 0.618090	H@3 0.879397	H@5 0.957286	H@10 0.997487	H@20 1.000000	H@50 1.000000	H@100 1.000000
INFO:kbc-cli.py:Epoch 24/100	test results	MRR 0.787985	H@1 0.661692	H@3 0.888060	H@5 0.960199	H@10 0.995025	H@20 1.000000	H@50 1.000000	H@100 1.000000
INFO:kbc-cli.py:Epoch 25/100	Loss 3.3204 ± 0.0836
INFO:kbc-cli.py:Epoch 26/100	Loss 3.3580 ± 0.0823
INFO:kbc-cli.py:Epoch 27/100	Loss 3.3301 ± 0.0934
INFO:kbc-cli.py:Epoch 27/100	dev results	MRR 0.741810	H@1 0.590452	H@3 0.871859	H@5 0.944724	H@10 1.000000	H@20 1.000000	H@50 1.000000	H@100 1.000000
INFO:kbc-cli.py:Epoch 27/100	test results	MRR 0.779919	H@1 0.644279	H@3 0.890547	H@5 0.950249	H@10 0.995025	H@20 1.000000	H@50 1.000000	H@100 1.000000
INFO:kbc-cli.py:Epoch 28/100	Loss 3.3387 ± 0.0769
INFO:kbc-cli.py:Epoch 29/100	Loss 3.3602 ± 0.1263
INFO:kbc-cli.py:Epoch 30/100	Loss 3.3257 ± 0.0707
INFO:kbc-cli.py:Epoch 30/100	dev results	MRR 0.745888	H@1 0.595477	H@3 0.869347	H@5 0.942211	H@10 0.997487	H@20 1.000000	H@50 1.000000	H@100 1.000000
INFO:kbc-cli.py:Epoch 30/100	test results	MRR 0.786248	H@1 0.664179	H@3 0.890547	H@5 0.957711	H@10 0.995025	H@20 1.000000	H@50 1.000000	H@100 1.000000
INFO:kbc-cli.py:Epoch 31/100	Loss 3.3094 ± 0.0225
INFO:kbc-cli.py:Epoch 32/100	Loss 3.2792 ± 0.0717
INFO:kbc-cli.py:Epoch 33/100	Loss 3.3222 ± 0.1497
INFO:kbc-cli.py:Epoch 33/100	dev results	MRR 0.751229	H@1 0.603015	H@3 0.869347	H@5 0.944724	H@10 1.000000	H@20 1.000000	H@50 1.000000	H@100 1.000000
INFO:kbc-cli.py:Epoch 33/100	test results	MRR 0.786855	H@1 0.664179	H@3 0.893035	H@5 0.960199	H@10 0.995025	H@20 1.000000	H@50 1.000000	H@100 1.000000
INFO:kbc-cli.py:Epoch 34/100	Loss 3.3145 ± 0.0905
INFO:kbc-cli.py:Epoch 35/100	Loss 3.2974 ± 0.0924
INFO:kbc-cli.py:Epoch 36/100	Loss 3.3424 ± 0.1782
INFO:kbc-cli.py:Epoch 36/100	dev results	MRR 0.752947	H@1 0.610553	H@3 0.876884	H@5 0.942211	H@10 1.000000	H@20 1.000000	H@50 1.000000	H@100 1.000000
INFO:kbc-cli.py:Epoch 36/100	test results	MRR 0.786642	H@1 0.661692	H@3 0.893035	H@5 0.957711	H@10 0.992537	H@20 1.000000	H@50 1.000000	H@100 1.000000
INFO:kbc-cli.py:Epoch 37/100	Loss 3.3421 ± 0.1550
INFO:kbc-cli.py:Epoch 38/100	Loss 3.3002 ± 0.0769
INFO:kbc-cli.py:Epoch 39/100	Loss 3.2843 ± 0.0327
INFO:kbc-cli.py:Epoch 39/100	dev results	MRR 0.749426	H@1 0.600503	H@3 0.874372	H@5 0.942211	H@10 1.000000	H@20 1.000000	H@50 1.000000	H@100 1.000000
INFO:kbc-cli.py:Epoch 39/100	test results	MRR 0.792049	H@1 0.671642	H@3 0.890547	H@5 0.957711	H@10 0.992537	H@20 1.000000	H@50 1.000000	H@100 1.000000
INFO:kbc-cli.py:Epoch 40/100	Loss 3.2927 ± 0.1008
INFO:kbc-cli.py:Epoch 41/100	Loss 3.3187 ± 0.1645
INFO:kbc-cli.py:Epoch 42/100	Loss 3.3130 ± 0.1321
INFO:kbc-cli.py:Epoch 42/100	dev results	MRR 0.754674	H@1 0.610553	H@3 0.879397	H@5 0.954774	H@10 1.000000	H@20 1.000000	H@50 1.000000	H@100 1.000000
INFO:kbc-cli.py:Epoch 42/100	test results	MRR 0.781794	H@1 0.651741	H@3 0.888060	H@5 0.967662	H@10 0.995025	H@20 1.000000	H@50 1.000000	H@100 1.000000
INFO:kbc-cli.py:Epoch 43/100	Loss 3.3092 ± 0.1465
INFO:kbc-cli.py:Epoch 44/100	Loss 3.2684 ± 0.0859
INFO:kbc-cli.py:Epoch 45/100	Loss 3.2605 ± 0.0989
INFO:kbc-cli.py:Epoch 45/100	dev results	MRR 0.761984	H@1 0.618090	H@3 0.886935	H@5 0.957286	H@10 1.000000	H@20 1.000000	H@50 1.000000	H@100 1.000000
INFO:kbc-cli.py:Epoch 45/100	test results	MRR 0.782266	H@1 0.654229	H@3 0.898010	H@5 0.962687	H@10 0.995025	H@20 1.000000	H@50 1.000000	H@100 1.000000
INFO:kbc-cli.py:Epoch 46/100	Loss 3.2934 ± 0.1049
INFO:kbc-cli.py:Epoch 47/100	Loss 3.2582 ± 0.0843
INFO:kbc-cli.py:Epoch 48/100	Loss 3.2745 ± 0.0915
INFO:kbc-cli.py:Epoch 48/100	dev results	MRR 0.759934	H@1 0.610553	H@3 0.891960	H@5 0.954774	H@10 1.000000	H@20 1.000000	H@50 1.000000	H@100 1.000000
INFO:kbc-cli.py:Epoch 48/100	test results	MRR 0.780581	H@1 0.649254	H@3 0.898010	H@5 0.965174	H@10 0.995025	H@20 1.000000	H@50 1.000000	H@100 1.000000
INFO:kbc-cli.py:Epoch 49/100	Loss 3.2683 ± 0.0635
INFO:kbc-cli.py:Epoch 50/100	Loss 3.2477 ± 0.0701
INFO:kbc-cli.py:Epoch 51/100	Loss 3.2643 ± 0.0893
INFO:kbc-cli.py:Epoch 51/100	dev results	MRR 0.765945	H@1 0.625628	H@3 0.884422	H@5 0.947236	H@10 1.000000	H@20 1.000000	H@50 1.000000	H@100 1.000000
INFO:kbc-cli.py:Epoch 51/100	test results	MRR 0.798192	H@1 0.679104	H@3 0.907960	H@5 0.965174	H@10 0.995025	H@20 1.000000	H@50 1.000000	H@100 1.000000
INFO:kbc-cli.py:Epoch 52/100	Loss 3.2857 ± 0.1213
INFO:kbc-cli.py:Epoch 53/100	Loss 3.2601 ± 0.1202
INFO:kbc-cli.py:Epoch 54/100	Loss 3.2623 ± 0.0823
INFO:kbc-cli.py:Epoch 54/100	dev results	MRR 0.767805	H@1 0.630653	H@3 0.876884	H@5 0.947236	H@10 1.000000	H@20 1.000000	H@50 1.000000	H@100 1.000000
INFO:kbc-cli.py:Epoch 54/100	test results	MRR 0.799168	H@1 0.681592	H@3 0.902985	H@5 0.965174	H@10 0.995025	H@20 1.000000	H@50 1.000000	H@100 1.000000
INFO:kbc-cli.py:Epoch 55/100	Loss 3.2570 ± 0.0833
INFO:kbc-cli.py:Epoch 56/100	Loss 3.2322 ± 0.0712
INFO:kbc-cli.py:Epoch 57/100	Loss 3.2541 ± 0.0634
INFO:kbc-cli.py:Epoch 57/100	dev results	MRR 0.768370	H@1 0.628141	H@3 0.891960	H@5 0.949749	H@10 1.000000	H@20 1.000000	H@50 1.000000	H@100 1.000000
INFO:kbc-cli.py:Epoch 57/100	test results	MRR 0.795074	H@1 0.671642	H@3 0.902985	H@5 0.970149	H@10 0.995025	H@20 1.000000	H@50 1.000000	H@100 1.000000
INFO:kbc-cli.py:Epoch 58/100	Loss 3.2739 ± 0.1175
INFO:kbc-cli.py:Epoch 59/100	Loss 3.2784 ± 0.1380
INFO:kbc-cli.py:Epoch 60/100	Loss 3.2354 ± 0.0705
INFO:kbc-cli.py:Epoch 60/100	dev results	MRR 0.765135	H@1 0.628141	H@3 0.889447	H@5 0.952261	H@10 1.000000	H@20 1.000000	H@50 1.000000	H@100 1.000000
INFO:kbc-cli.py:Epoch 60/100	test results	MRR 0.794845	H@1 0.681592	H@3 0.890547	H@5 0.965174	H@10 0.995025	H@20 1.000000	H@50 1.000000	H@100 1.000000
INFO:kbc-cli.py:Epoch 61/100	Loss 3.2708 ± 0.1234
INFO:kbc-cli.py:Epoch 62/100	Loss 3.2330 ± 0.0993
INFO:kbc-cli.py:Epoch 63/100	Loss 3.2285 ± 0.0858
INFO:kbc-cli.py:Epoch 63/100	dev results	MRR 0.753905	H@1 0.605528	H@3 0.894472	H@5 0.949749	H@10 1.000000	H@20 1.000000	H@50 1.000000	H@100 1.000000
INFO:kbc-cli.py:Epoch 63/100	test results	MRR 0.796170	H@1 0.674129	H@3 0.898010	H@5 0.965174	H@10 0.995025	H@20 1.000000	H@50 1.000000	H@100 1.000000
INFO:kbc-cli.py:Epoch 64/100	Loss 3.2282 ± 0.0435
INFO:kbc-cli.py:Epoch 65/100	Loss 3.2333 ± 0.0621
INFO:kbc-cli.py:Epoch 66/100	Loss 3.2421 ± 0.0787
INFO:kbc-cli.py:Epoch 66/100	dev results	MRR 0.759602	H@1 0.615578	H@3 0.894472	H@5 0.949749	H@10 1.000000	H@20 1.000000	H@50 1.000000	H@100 1.000000
INFO:kbc-cli.py:Epoch 66/100	test results	MRR 0.797020	H@1 0.676617	H@3 0.888060	H@5 0.965174	H@10 0.995025	H@20 1.000000	H@50 1.000000	H@100 1.000000
INFO:kbc-cli.py:Epoch 67/100	Loss 3.1966 ± 0.0855
INFO:kbc-cli.py:Epoch 68/100	Loss 3.2454 ± 0.1000
INFO:kbc-cli.py:Epoch 69/100	Loss 3.1973 ± 0.0487
INFO:kbc-cli.py:Epoch 69/100	dev results	MRR 0.763370	H@1 0.620603	H@3 0.884422	H@5 0.954774	H@10 1.000000	H@20 1.000000	H@50 1.000000	H@100 1.000000
INFO:kbc-cli.py:Epoch 69/100	test results	MRR 0.798187	H@1 0.676617	H@3 0.895522	H@5 0.965174	H@10 0.995025	H@20 1.000000	H@50 1.000000	H@100 1.000000
INFO:kbc-cli.py:Epoch 70/100	Loss 3.2301 ± 0.0643
INFO:kbc-cli.py:Epoch 71/100	Loss 3.2368 ± 0.0594
INFO:kbc-cli.py:Epoch 72/100	Loss 3.2239 ± 0.0821
INFO:kbc-cli.py:Epoch 72/100	dev results	MRR 0.770824	H@1 0.633166	H@3 0.899497	H@5 0.954774	H@10 1.000000	H@20 1.000000	H@50 1.000000	H@100 1.000000
INFO:kbc-cli.py:Epoch 72/100	test results	MRR 0.792362	H@1 0.666667	H@3 0.902985	H@5 0.962687	H@10 0.995025	H@20 1.000000	H@50 1.000000	H@100 1.000000
INFO:kbc-cli.py:Epoch 73/100	Loss 3.2127 ± 0.0865
INFO:kbc-cli.py:Epoch 74/100	Loss 3.2213 ± 0.0570
INFO:kbc-cli.py:Epoch 75/100	Loss 3.2162 ± 0.0423
INFO:kbc-cli.py:Epoch 75/100	dev results	MRR 0.768908	H@1 0.635678	H@3 0.891960	H@5 0.949749	H@10 1.000000	H@20 1.000000	H@50 1.000000	H@100 1.000000
INFO:kbc-cli.py:Epoch 75/100	test results	MRR 0.793236	H@1 0.671642	H@3 0.902985	H@5 0.965174	H@10 0.995025	H@20 1.000000	H@50 1.000000	H@100 1.000000
INFO:kbc-cli.py:Epoch 76/100	Loss 3.2207 ± 0.0447
INFO:kbc-cli.py:Epoch 77/100	Loss 3.2410 ± 0.1112
INFO:kbc-cli.py:Epoch 78/100	Loss 3.2084 ± 0.0336
INFO:kbc-cli.py:Epoch 78/100	dev results	MRR 0.773041	H@1 0.638191	H@3 0.889447	H@5 0.957286	H@10 1.000000	H@20 1.000000	H@50 1.000000	H@100 1.000000
INFO:kbc-cli.py:Epoch 78/100	test results	MRR 0.792499	H@1 0.671642	H@3 0.910448	H@5 0.967662	H@10 0.995025	H@20 1.000000	H@50 1.000000	H@100 1.000000
INFO:kbc-cli.py:Epoch 79/100	Loss 3.2388 ± 0.1055
INFO:kbc-cli.py:Epoch 80/100	Loss 3.1959 ± 0.0702
INFO:kbc-cli.py:Epoch 81/100	Loss 3.2077 ± 0.0489
INFO:kbc-cli.py:Epoch 81/100	dev results	MRR 0.773888	H@1 0.638191	H@3 0.886935	H@5 0.952261	H@10 1.000000	H@20 1.000000	H@50 1.000000	H@100 1.000000
INFO:kbc-cli.py:Epoch 81/100	test results	MRR 0.795353	H@1 0.674129	H@3 0.905473	H@5 0.970149	H@10 0.995025	H@20 1.000000	H@50 1.000000	H@100 1.000000
INFO:kbc-cli.py:Epoch 82/100	Loss 3.2191 ± 0.0602
INFO:kbc-cli.py:Epoch 83/100	Loss 3.2730 ± 0.1840
INFO:kbc-cli.py:Epoch 84/100	Loss 3.2363 ± 0.1157
INFO:kbc-cli.py:Epoch 84/100	dev results	MRR 0.770279	H@1 0.635678	H@3 0.886935	H@5 0.954774	H@10 1.000000	H@20 1.000000	H@50 1.000000	H@100 1.000000
INFO:kbc-cli.py:Epoch 84/100	test results	MRR 0.795499	H@1 0.671642	H@3 0.910448	H@5 0.967662	H@10 0.995025	H@20 1.000000	H@50 1.000000	H@100 1.000000
INFO:kbc-cli.py:Epoch 85/100	Loss 3.2610 ± 0.1564
INFO:kbc-cli.py:Epoch 86/100	Loss 3.2111 ± 0.0489
INFO:kbc-cli.py:Epoch 87/100	Loss 3.1857 ± 0.0338
INFO:kbc-cli.py:Epoch 87/100	dev results	MRR 0.771015	H@1 0.638191	H@3 0.879397	H@5 0.957286	H@10 1.000000	H@20 1.000000	H@50 1.000000	H@100 1.000000
INFO:kbc-cli.py:Epoch 87/100	test results	MRR 0.788144	H@1 0.659204	H@3 0.910448	H@5 0.970149	H@10 0.995025	H@20 1.000000	H@50 1.000000	H@100 1.000000
INFO:kbc-cli.py:Epoch 88/100	Loss 3.1734 ± 0.0542
INFO:kbc-cli.py:Epoch 89/100	Loss 3.1642 ± 0.0576
INFO:kbc-cli.py:Epoch 90/100	Loss 3.2141 ± 0.0641
INFO:kbc-cli.py:Epoch 90/100	dev results	MRR 0.775402	H@1 0.648241	H@3 0.884422	H@5 0.949749	H@10 1.000000	H@20 1.000000	H@50 1.000000	H@100 1.000000
INFO:kbc-cli.py:Epoch 90/100	test results	MRR 0.793534	H@1 0.669154	H@3 0.915423	H@5 0.970149	H@10 0.995025	H@20 1.000000	H@50 1.000000	H@100 1.000000
INFO:kbc-cli.py:Epoch 91/100	Loss 3.1910 ± 0.0674
INFO:kbc-cli.py:Epoch 92/100	Loss 3.2080 ± 0.0847
INFO:kbc-cli.py:Epoch 93/100	Loss 3.1872 ± 0.0396
INFO:kbc-cli.py:Epoch 93/100	dev results	MRR 0.772603	H@1 0.638191	H@3 0.889447	H@5 0.954774	H@10 1.000000	H@20 1.000000	H@50 1.000000	H@100 1.000000
INFO:kbc-cli.py:Epoch 93/100	test results	MRR 0.800233	H@1 0.686567	H@3 0.895522	H@5 0.967662	H@10 0.995025	H@20 1.000000	H@50 1.000000	H@100 1.000000
INFO:kbc-cli.py:Epoch 94/100	Loss 3.2118 ± 0.0655
INFO:kbc-cli.py:Epoch 95/100	Loss 3.2297 ± 0.1128
INFO:kbc-cli.py:Epoch 96/100	Loss 3.1739 ± 0.0392
INFO:kbc-cli.py:Epoch 96/100	dev results	MRR 0.765691	H@1 0.628141	H@3 0.889447	H@5 0.949749	H@10 1.000000	H@20 1.000000	H@50 1.000000	H@100 1.000000
INFO:kbc-cli.py:Epoch 96/100	test results	MRR 0.800049	H@1 0.681592	H@3 0.905473	H@5 0.970149	H@10 0.995025	H@20 1.000000	H@50 1.000000	H@100 1.000000
INFO:kbc-cli.py:Epoch 97/100	Loss 3.2119 ± 0.0819
INFO:kbc-cli.py:Epoch 98/100	Loss 3.2509 ± 0.1665
INFO:kbc-cli.py:Epoch 99/100	Loss 3.1986 ± 0.0661
INFO:kbc-cli.py:Epoch 99/100	dev results	MRR 0.765059	H@1 0.625628	H@3 0.899497	H@5 0.947236	H@10 1.000000	H@20 1.000000	H@50 1.000000	H@100 1.000000
INFO:kbc-cli.py:Epoch 99/100	test results	MRR 0.797852	H@1 0.679104	H@3 0.902985	H@5 0.965174	H@10 0.995025	H@20 1.000000	H@50 1.000000	H@100 1.000000
INFO:kbc-cli.py:Epoch 100/100	Loss 3.1813 ± 0.0690
INFO:kbc-cli.py:Final 	dev results	MRR 0.766420	H@1 0.628141	H@3 0.899497	H@5 0.944724	H@10 1.000000	H@20 1.000000	H@50 1.000000	H@100 1.000000
INFO:kbc-cli.py:Final 	test results	MRR 0.799904	H@1 0.681592	H@3 0.907960	H@5 0.962687	H@10 0.995025	H@20 1.000000	H@50 1.000000	H@100 1.000000
INFO:kbc-cli.py:Training finished
