./bin/kbc-cli.py --train data/umls/train.tsv --dev data/umls/dev.tsv --test data/umls/test.tsv -m complex -k 500 -b 50 -e 100 --F2 0 --N3 0.1 -l 0.1 -I standard -V 3 -o adagrad -c so -q
{'F2': 0.0,
 'N3': 0.1,
 'batch_size': 50,
 'corruption': 'so',
 'dev': 'data/umls/dev.tsv',
 'embedding_size': 500,
 'epochs': 100,
 'eval_batch_size': None,
 'input_type': 'standard',
 'learning_rate': 0.1,
 'load': None,
 'model': 'complex',
 'optimizer': 'adagrad',
 'quiet': True,
 'save': None,
 'seed': 0,
 'test': 'data/umls/test.tsv',
 'test_i': None,
 'test_ii': None,
 'train': 'data/umls/train.tsv',
 'validate_every': 3}
INFO:kbc-cli.py:Device: cuda
INFO:kbc-cli.py:Model state:
INFO:kbc-cli.py:	entities.weight	torch.Size([135, 1000])
INFO:kbc-cli.py:	predicates.weight	torch.Size([46, 1000])
INFO:kbc-cli.py:Epoch 1/100	Loss 9.0928 ± 0.8056
INFO:kbc-cli.py:Epoch 2/100	Loss 8.1212 ± 0.1611
INFO:kbc-cli.py:Epoch 3/100	Loss 7.9831 ± 0.1739
INFO:kbc-cli.py:Epoch 3/100	dev results	MRR 0.862067	H@1 0.773006	H@3 0.940184	H@5 0.961656	H@10 0.982362	H@20 0.990031	H@50 0.997699	H@100 0.999233
INFO:kbc-cli.py:Epoch 3/100	test results	MRR 0.849645	H@1 0.754917	H@3 0.934191	H@5 0.962935	H@10 0.984115	H@20 0.990923	H@50 0.996974	H@100 0.998487
INFO:kbc-cli.py:Epoch 4/100	Loss 7.9255 ± 0.1717
INFO:kbc-cli.py:Epoch 5/100	Loss 7.8916 ± 0.1614
INFO:kbc-cli.py:Epoch 6/100	Loss 7.8695 ± 0.1718
INFO:kbc-cli.py:Epoch 6/100	dev results	MRR 0.875714	H@1 0.791411	H@3 0.957055	H@5 0.970092	H@10 0.987730	H@20 0.990798	H@50 0.998466	H@100 0.999233
INFO:kbc-cli.py:Epoch 6/100	test results	MRR 0.865424	H@1 0.771558	H@3 0.953101	H@5 0.976551	H@10 0.987897	H@20 0.994705	H@50 0.996218	H@100 0.999244
INFO:kbc-cli.py:Epoch 7/100	Loss 7.8504 ± 0.1563
INFO:kbc-cli.py:Epoch 8/100	Loss 7.8389 ± 0.1477
INFO:kbc-cli.py:Epoch 9/100	Loss 7.8254 ± 0.1687
INFO:kbc-cli.py:Epoch 9/100	dev results	MRR 0.885098	H@1 0.806748	H@3 0.958589	H@5 0.972393	H@10 0.987730	H@20 0.991564	H@50 0.997699	H@100 1.000000
INFO:kbc-cli.py:Epoch 9/100	test results	MRR 0.879548	H@1 0.791982	H@3 0.960666	H@5 0.980333	H@10 0.990166	H@20 0.994705	H@50 0.996974	H@100 1.000000
INFO:kbc-cli.py:Epoch 10/100	Loss 7.8193 ± 0.1834
INFO:kbc-cli.py:Epoch 11/100	Loss 7.8117 ± 0.1584
INFO:kbc-cli.py:Epoch 12/100	Loss 7.8022 ± 0.1508
INFO:kbc-cli.py:Epoch 12/100	dev results	MRR 0.883785	H@1 0.801380	H@3 0.960123	H@5 0.975460	H@10 0.986963	H@20 0.992331	H@50 0.998466	H@100 0.999233
INFO:kbc-cli.py:Epoch 12/100	test results	MRR 0.875388	H@1 0.785930	H@3 0.959153	H@5 0.978064	H@10 0.990166	H@20 0.993949	H@50 0.996218	H@100 0.999244
INFO:kbc-cli.py:Epoch 13/100	Loss 7.7987 ± 0.1501
INFO:kbc-cli.py:Epoch 14/100	Loss 7.7920 ± 0.1458
INFO:kbc-cli.py:Epoch 15/100	Loss 7.7888 ± 0.1655
INFO:kbc-cli.py:Epoch 15/100	dev results	MRR 0.891260	H@1 0.815951	H@3 0.959356	H@5 0.974693	H@10 0.988497	H@20 0.993098	H@50 0.998466	H@100 0.999233
INFO:kbc-cli.py:Epoch 15/100	test results	MRR 0.887581	H@1 0.803328	H@3 0.968986	H@5 0.981089	H@10 0.990923	H@20 0.995461	H@50 0.996218	H@100 1.000000
INFO:kbc-cli.py:Epoch 16/100	Loss 7.7798 ± 0.1542
INFO:kbc-cli.py:Epoch 17/100	Loss 7.7762 ± 0.1525
INFO:kbc-cli.py:Epoch 18/100	Loss 7.7727 ± 0.1539
INFO:kbc-cli.py:Epoch 18/100	dev results	MRR 0.884275	H@1 0.802914	H@3 0.957055	H@5 0.973926	H@10 0.987730	H@20 0.992331	H@50 0.998466	H@100 0.999233
INFO:kbc-cli.py:Epoch 18/100	test results	MRR 0.882835	H@1 0.795764	H@3 0.967474	H@5 0.979576	H@10 0.990166	H@20 0.995461	H@50 0.996218	H@100 1.000000
INFO:kbc-cli.py:Epoch 19/100	Loss 7.7697 ± 0.1601
INFO:kbc-cli.py:Epoch 20/100	Loss 7.7709 ± 0.1625
INFO:kbc-cli.py:Epoch 21/100	Loss 7.7674 ± 0.1694
INFO:kbc-cli.py:Epoch 21/100	dev results	MRR 0.889460	H@1 0.810583	H@3 0.960123	H@5 0.977761	H@10 0.988497	H@20 0.992331	H@50 0.998466	H@100 0.999233
INFO:kbc-cli.py:Epoch 21/100	test results	MRR 0.881053	H@1 0.791225	H@3 0.967474	H@5 0.982602	H@10 0.992436	H@20 0.995461	H@50 0.996218	H@100 1.000000
INFO:kbc-cli.py:Epoch 22/100	Loss 7.7603 ± 0.1656
INFO:kbc-cli.py:Epoch 23/100	Loss 7.7606 ± 0.1534
INFO:kbc-cli.py:Epoch 24/100	Loss 7.7577 ± 0.1445
INFO:kbc-cli.py:Epoch 24/100	dev results	MRR 0.891354	H@1 0.813650	H@3 0.963957	H@5 0.975460	H@10 0.987730	H@20 0.992331	H@50 0.998466	H@100 1.000000
INFO:kbc-cli.py:Epoch 24/100	test results	MRR 0.881341	H@1 0.791982	H@3 0.967474	H@5 0.981846	H@10 0.991679	H@20 0.995461	H@50 0.996218	H@100 1.000000
INFO:kbc-cli.py:Epoch 25/100	Loss 7.7579 ± 0.1666
INFO:kbc-cli.py:Epoch 26/100	Loss 7.7527 ± 0.1432
INFO:kbc-cli.py:Epoch 27/100	Loss 7.7578 ± 0.1577
INFO:kbc-cli.py:Epoch 27/100	dev results	MRR 0.882367	H@1 0.796012	H@3 0.961656	H@5 0.978528	H@10 0.989264	H@20 0.993098	H@50 0.998466	H@100 0.999233
INFO:kbc-cli.py:Epoch 27/100	test results	MRR 0.878074	H@1 0.785174	H@3 0.964448	H@5 0.981089	H@10 0.991679	H@20 0.994705	H@50 0.996218	H@100 1.000000
INFO:kbc-cli.py:Epoch 28/100	Loss 7.7497 ± 0.1730
INFO:kbc-cli.py:Epoch 29/100	Loss 7.7521 ± 0.1371
INFO:kbc-cli.py:Epoch 30/100	Loss 7.7494 ± 0.1620
INFO:kbc-cli.py:Epoch 30/100	dev results	MRR 0.891772	H@1 0.815184	H@3 0.963190	H@5 0.973926	H@10 0.988497	H@20 0.993098	H@50 0.998466	H@100 0.999233
INFO:kbc-cli.py:Epoch 30/100	test results	MRR 0.883724	H@1 0.796520	H@3 0.965961	H@5 0.978820	H@10 0.990923	H@20 0.995461	H@50 0.996218	H@100 1.000000
INFO:kbc-cli.py:Epoch 31/100	Loss 7.7485 ± 0.1451
INFO:kbc-cli.py:Epoch 32/100	Loss 7.7434 ± 0.1837
INFO:kbc-cli.py:Epoch 33/100	Loss 7.7466 ± 0.1542
INFO:kbc-cli.py:Epoch 33/100	dev results	MRR 0.890379	H@1 0.811350	H@3 0.963190	H@5 0.976994	H@10 0.989264	H@20 0.993098	H@50 0.998466	H@100 1.000000
INFO:kbc-cli.py:Epoch 33/100	test results	MRR 0.881539	H@1 0.792738	H@3 0.967474	H@5 0.982602	H@10 0.990166	H@20 0.995461	H@50 0.996218	H@100 1.000000
INFO:kbc-cli.py:Epoch 34/100	Loss 7.7436 ± 0.1698
INFO:kbc-cli.py:Epoch 35/100	Loss 7.7444 ± 0.1722
INFO:kbc-cli.py:Epoch 36/100	Loss 7.7413 ± 0.1467
INFO:kbc-cli.py:Epoch 36/100	dev results	MRR 0.892086	H@1 0.815184	H@3 0.963190	H@5 0.976994	H@10 0.988497	H@20 0.992331	H@50 0.998466	H@100 0.999233
INFO:kbc-cli.py:Epoch 36/100	test results	MRR 0.887153	H@1 0.803328	H@3 0.969743	H@5 0.982602	H@10 0.990923	H@20 0.996218	H@50 0.996218	H@100 1.000000
INFO:kbc-cli.py:Epoch 37/100	Loss 7.7408 ± 0.1529
INFO:kbc-cli.py:Epoch 38/100	Loss 7.7364 ± 0.1711
INFO:kbc-cli.py:Epoch 39/100	Loss 7.7367 ± 0.1824
INFO:kbc-cli.py:Epoch 39/100	dev results	MRR 0.890426	H@1 0.811350	H@3 0.963190	H@5 0.975460	H@10 0.989264	H@20 0.992331	H@50 0.998466	H@100 0.999233
INFO:kbc-cli.py:Epoch 39/100	test results	MRR 0.884784	H@1 0.798033	H@3 0.968986	H@5 0.982602	H@10 0.990166	H@20 0.996218	H@50 0.996218	H@100 1.000000
INFO:kbc-cli.py:Epoch 40/100	Loss 7.7378 ± 0.1743
INFO:kbc-cli.py:Epoch 41/100	Loss 7.7351 ± 0.1708
INFO:kbc-cli.py:Epoch 42/100	Loss 7.7356 ± 0.1684
INFO:kbc-cli.py:Epoch 42/100	dev results	MRR 0.895167	H@1 0.820552	H@3 0.963957	H@5 0.976227	H@10 0.988497	H@20 0.991564	H@50 0.998466	H@100 1.000000
INFO:kbc-cli.py:Epoch 42/100	test results	MRR 0.887709	H@1 0.804841	H@3 0.966717	H@5 0.981089	H@10 0.990166	H@20 0.995461	H@50 0.996218	H@100 1.000000
INFO:kbc-cli.py:Epoch 43/100	Loss 7.7345 ± 0.1506
INFO:kbc-cli.py:Epoch 44/100	Loss 7.7328 ± 0.1636
INFO:kbc-cli.py:Epoch 45/100	Loss 7.7341 ± 0.1621
INFO:kbc-cli.py:Epoch 45/100	dev results	MRR 0.894821	H@1 0.819785	H@3 0.964724	H@5 0.976227	H@10 0.988497	H@20 0.992331	H@50 0.998466	H@100 1.000000
INFO:kbc-cli.py:Epoch 45/100	test results	MRR 0.889248	H@1 0.804841	H@3 0.971256	H@5 0.983359	H@10 0.992436	H@20 0.994705	H@50 0.996218	H@100 1.000000
INFO:kbc-cli.py:Epoch 46/100	Loss 7.7287 ± 0.1422
INFO:kbc-cli.py:Epoch 47/100	Loss 7.7288 ± 0.1431
INFO:kbc-cli.py:Epoch 48/100	Loss 7.7306 ± 0.1470
INFO:kbc-cli.py:Epoch 48/100	dev results	MRR 0.891917	H@1 0.813650	H@3 0.963957	H@5 0.976994	H@10 0.988497	H@20 0.992331	H@50 0.998466	H@100 0.999233
INFO:kbc-cli.py:Epoch 48/100	test results	MRR 0.885412	H@1 0.799546	H@3 0.968986	H@5 0.982602	H@10 0.990166	H@20 0.996218	H@50 0.996218	H@100 1.000000
INFO:kbc-cli.py:Epoch 49/100	Loss 7.7309 ± 0.1427
INFO:kbc-cli.py:Epoch 50/100	Loss 7.7278 ± 0.1492
INFO:kbc-cli.py:Epoch 51/100	Loss 7.7261 ± 0.1431
INFO:kbc-cli.py:Epoch 51/100	dev results	MRR 0.891040	H@1 0.812117	H@3 0.963190	H@5 0.975460	H@10 0.988497	H@20 0.993098	H@50 0.998466	H@100 1.000000
INFO:kbc-cli.py:Epoch 51/100	test results	MRR 0.885706	H@1 0.800303	H@3 0.969743	H@5 0.983359	H@10 0.990166	H@20 0.996218	H@50 0.996974	H@100 1.000000
INFO:kbc-cli.py:Epoch 52/100	Loss 7.7243 ± 0.1520
INFO:kbc-cli.py:Epoch 53/100	Loss 7.7264 ± 0.1297
INFO:kbc-cli.py:Epoch 54/100	Loss 7.7250 ± 0.1614
INFO:kbc-cli.py:Epoch 54/100	dev results	MRR 0.892542	H@1 0.815184	H@3 0.962423	H@5 0.977761	H@10 0.988497	H@20 0.992331	H@50 0.998466	H@100 1.000000
INFO:kbc-cli.py:Epoch 54/100	test results	MRR 0.884689	H@1 0.796520	H@3 0.970499	H@5 0.982602	H@10 0.990166	H@20 0.996218	H@50 0.996218	H@100 1.000000
INFO:kbc-cli.py:Epoch 55/100	Loss 7.7246 ± 0.1665
INFO:kbc-cli.py:Epoch 56/100	Loss 7.7229 ± 0.1561
INFO:kbc-cli.py:Epoch 57/100	Loss 7.7243 ± 0.1459
INFO:kbc-cli.py:Epoch 57/100	dev results	MRR 0.890536	H@1 0.811350	H@3 0.960890	H@5 0.975460	H@10 0.988497	H@20 0.993098	H@50 0.998466	H@100 1.000000
INFO:kbc-cli.py:Epoch 57/100	test results	MRR 0.886558	H@1 0.800303	H@3 0.971256	H@5 0.984115	H@10 0.990166	H@20 0.996218	H@50 0.996218	H@100 1.000000
INFO:kbc-cli.py:Epoch 58/100	Loss 7.7229 ± 0.1577
INFO:kbc-cli.py:Epoch 59/100	Loss 7.7203 ± 0.1583
INFO:kbc-cli.py:Epoch 60/100	Loss 7.7218 ± 0.1568
INFO:kbc-cli.py:Epoch 60/100	dev results	MRR 0.891803	H@1 0.813650	H@3 0.962423	H@5 0.975460	H@10 0.988497	H@20 0.993098	H@50 0.998466	H@100 1.000000
INFO:kbc-cli.py:Epoch 60/100	test results	MRR 0.884966	H@1 0.798033	H@3 0.970499	H@5 0.983359	H@10 0.989410	H@20 0.996218	H@50 0.996218	H@100 1.000000
INFO:kbc-cli.py:Epoch 61/100	Loss 7.7186 ± 0.1717
INFO:kbc-cli.py:Epoch 62/100	Loss 7.7250 ± 0.1631
INFO:kbc-cli.py:Epoch 63/100	Loss 7.7233 ± 0.1585
INFO:kbc-cli.py:Epoch 63/100	dev results	MRR 0.889811	H@1 0.809816	H@3 0.963190	H@5 0.975460	H@10 0.987730	H@20 0.993098	H@50 0.998466	H@100 1.000000
INFO:kbc-cli.py:Epoch 63/100	test results	MRR 0.887291	H@1 0.802572	H@3 0.969743	H@5 0.984115	H@10 0.989410	H@20 0.996218	H@50 0.996218	H@100 1.000000
INFO:kbc-cli.py:Epoch 64/100	Loss 7.7203 ± 0.1404
INFO:kbc-cli.py:Epoch 65/100	Loss 7.7204 ± 0.1656
INFO:kbc-cli.py:Epoch 66/100	Loss 7.7176 ± 0.1515
INFO:kbc-cli.py:Epoch 66/100	dev results	MRR 0.890608	H@1 0.812117	H@3 0.960890	H@5 0.975460	H@10 0.988497	H@20 0.993098	H@50 0.998466	H@100 1.000000
INFO:kbc-cli.py:Epoch 66/100	test results	MRR 0.887989	H@1 0.803328	H@3 0.970499	H@5 0.984115	H@10 0.990166	H@20 0.996218	H@50 0.996218	H@100 1.000000
INFO:kbc-cli.py:Epoch 67/100	Loss 7.7185 ± 0.1567
INFO:kbc-cli.py:Epoch 68/100	Loss 7.7179 ± 0.1507
INFO:kbc-cli.py:Epoch 69/100	Loss 7.7181 ± 0.1494
INFO:kbc-cli.py:Epoch 69/100	dev results	MRR 0.893892	H@1 0.817485	H@3 0.962423	H@5 0.977761	H@10 0.989264	H@20 0.992331	H@50 0.998466	H@100 1.000000
INFO:kbc-cli.py:Epoch 69/100	test results	MRR 0.891220	H@1 0.809380	H@3 0.971256	H@5 0.983359	H@10 0.989410	H@20 0.996218	H@50 0.996218	H@100 1.000000
INFO:kbc-cli.py:Epoch 70/100	Loss 7.7157 ± 0.1698
INFO:kbc-cli.py:Epoch 71/100	Loss 7.7151 ± 0.1618
INFO:kbc-cli.py:Epoch 72/100	Loss 7.7168 ± 0.1499
INFO:kbc-cli.py:Epoch 72/100	dev results	MRR 0.892595	H@1 0.814417	H@3 0.963190	H@5 0.975460	H@10 0.989264	H@20 0.993098	H@50 0.998466	H@100 1.000000
INFO:kbc-cli.py:Epoch 72/100	test results	MRR 0.885811	H@1 0.798790	H@3 0.969743	H@5 0.981846	H@10 0.990166	H@20 0.996218	H@50 0.996218	H@100 1.000000
INFO:kbc-cli.py:Epoch 73/100	Loss 7.7182 ± 0.1564
INFO:kbc-cli.py:Epoch 74/100	Loss 7.7161 ± 0.1563
INFO:kbc-cli.py:Epoch 75/100	Loss 7.7115 ± 0.1624
INFO:kbc-cli.py:Epoch 75/100	dev results	MRR 0.892573	H@1 0.814417	H@3 0.964724	H@5 0.976227	H@10 0.988497	H@20 0.993098	H@50 0.998466	H@100 1.000000
INFO:kbc-cli.py:Epoch 75/100	test results	MRR 0.885875	H@1 0.799546	H@3 0.970499	H@5 0.984115	H@10 0.990166	H@20 0.996218	H@50 0.996218	H@100 1.000000
INFO:kbc-cli.py:Epoch 76/100	Loss 7.7218 ± 0.1925
INFO:kbc-cli.py:Epoch 77/100	Loss 7.7123 ± 0.1513
INFO:kbc-cli.py:Epoch 78/100	Loss 7.7142 ± 0.1468
INFO:kbc-cli.py:Epoch 78/100	dev results	MRR 0.894460	H@1 0.818252	H@3 0.965491	H@5 0.974693	H@10 0.988497	H@20 0.992331	H@50 0.998466	H@100 1.000000
INFO:kbc-cli.py:Epoch 78/100	test results	MRR 0.887051	H@1 0.802572	H@3 0.969743	H@5 0.980333	H@10 0.990166	H@20 0.996218	H@50 0.996218	H@100 1.000000
INFO:kbc-cli.py:Epoch 79/100	Loss 7.7162 ± 0.1634
INFO:kbc-cli.py:Epoch 80/100	Loss 7.7126 ± 0.1431
INFO:kbc-cli.py:Epoch 81/100	Loss 7.7126 ± 0.1432
INFO:kbc-cli.py:Epoch 81/100	dev results	MRR 0.891831	H@1 0.813650	H@3 0.963957	H@5 0.976994	H@10 0.988497	H@20 0.992331	H@50 0.998466	H@100 1.000000
INFO:kbc-cli.py:Epoch 81/100	test results	MRR 0.887298	H@1 0.801815	H@3 0.971256	H@5 0.983359	H@10 0.990166	H@20 0.996218	H@50 0.996218	H@100 1.000000
INFO:kbc-cli.py:Epoch 82/100	Loss 7.7087 ± 0.1769
INFO:kbc-cli.py:Epoch 83/100	Loss 7.7117 ± 0.1454
INFO:kbc-cli.py:Epoch 84/100	Loss 7.7124 ± 0.1608
INFO:kbc-cli.py:Epoch 84/100	dev results	MRR 0.892127	H@1 0.815184	H@3 0.961656	H@5 0.976227	H@10 0.987730	H@20 0.993098	H@50 0.998466	H@100 1.000000
INFO:kbc-cli.py:Epoch 84/100	test results	MRR 0.887270	H@1 0.802572	H@3 0.969743	H@5 0.983359	H@10 0.990166	H@20 0.996218	H@50 0.996218	H@100 1.000000
INFO:kbc-cli.py:Epoch 85/100	Loss 7.7134 ± 0.1538
INFO:kbc-cli.py:Epoch 86/100	Loss 7.7135 ± 0.1717
INFO:kbc-cli.py:Epoch 87/100	Loss 7.7101 ± 0.1191
INFO:kbc-cli.py:Epoch 87/100	dev results	MRR 0.892874	H@1 0.814417	H@3 0.964724	H@5 0.976994	H@10 0.988497	H@20 0.993865	H@50 0.998466	H@100 1.000000
INFO:kbc-cli.py:Epoch 87/100	test results	MRR 0.886955	H@1 0.801059	H@3 0.971256	H@5 0.984871	H@10 0.990166	H@20 0.996218	H@50 0.996218	H@100 1.000000
INFO:kbc-cli.py:Epoch 88/100	Loss 7.7094 ± 0.1601
INFO:kbc-cli.py:Epoch 89/100	Loss 7.7131 ± 0.1597
INFO:kbc-cli.py:Epoch 90/100	Loss 7.7106 ± 0.1665
INFO:kbc-cli.py:Epoch 90/100	dev results	MRR 0.891589	H@1 0.812883	H@3 0.963190	H@5 0.976994	H@10 0.988497	H@20 0.993865	H@50 0.998466	H@100 1.000000
INFO:kbc-cli.py:Epoch 90/100	test results	MRR 0.884684	H@1 0.797277	H@3 0.971256	H@5 0.982602	H@10 0.991679	H@20 0.996218	H@50 0.996218	H@100 1.000000
INFO:kbc-cli.py:Epoch 91/100	Loss 7.7111 ± 0.1443
INFO:kbc-cli.py:Epoch 92/100	Loss 7.7113 ± 0.1399
INFO:kbc-cli.py:Epoch 93/100	Loss 7.7058 ± 0.1589
INFO:kbc-cli.py:Epoch 93/100	dev results	MRR 0.887754	H@1 0.805215	H@3 0.961656	H@5 0.977761	H@10 0.988497	H@20 0.993098	H@50 0.998466	H@100 1.000000
INFO:kbc-cli.py:Epoch 93/100	test results	MRR 0.884844	H@1 0.798033	H@3 0.972012	H@5 0.983359	H@10 0.990166	H@20 0.996218	H@50 0.996218	H@100 1.000000
INFO:kbc-cli.py:Epoch 94/100	Loss 7.7102 ± 0.1323
INFO:kbc-cli.py:Epoch 95/100	Loss 7.7106 ± 0.1535
INFO:kbc-cli.py:Epoch 96/100	Loss 7.7066 ± 0.1438
INFO:kbc-cli.py:Epoch 96/100	dev results	MRR 0.893472	H@1 0.815951	H@3 0.963190	H@5 0.976227	H@10 0.989264	H@20 0.992331	H@50 0.998466	H@100 1.000000
INFO:kbc-cli.py:Epoch 96/100	test results	MRR 0.889665	H@1 0.805598	H@3 0.972012	H@5 0.983359	H@10 0.990923	H@20 0.996218	H@50 0.996218	H@100 1.000000
INFO:kbc-cli.py:Epoch 97/100	Loss 7.7090 ± 0.1627
INFO:kbc-cli.py:Epoch 98/100	Loss 7.7083 ± 0.1576
INFO:kbc-cli.py:Epoch 99/100	Loss 7.7078 ± 0.1438
INFO:kbc-cli.py:Epoch 99/100	dev results	MRR 0.890531	H@1 0.810583	H@3 0.963190	H@5 0.975460	H@10 0.988497	H@20 0.993098	H@50 0.998466	H@100 1.000000
INFO:kbc-cli.py:Epoch 99/100	test results	MRR 0.888333	H@1 0.804085	H@3 0.972769	H@5 0.982602	H@10 0.990166	H@20 0.996218	H@50 0.996218	H@100 1.000000
INFO:kbc-cli.py:Epoch 100/100	Loss 7.7055 ± 0.1534
INFO:kbc-cli.py:Final 	dev results	MRR 0.890575	H@1 0.809816	H@3 0.963957	H@5 0.976227	H@10 0.988497	H@20 0.993098	H@50 0.998466	H@100 1.000000
INFO:kbc-cli.py:Final 	test results	MRR 0.888961	H@1 0.804841	H@3 0.972012	H@5 0.983359	H@10 0.990166	H@20 0.996218	H@50 0.996218	H@100 1.000000
INFO:kbc-cli.py:Training finished
