./bin/kbc-cli.py --train data/kinship/train.tsv --dev data/kinship/dev.tsv --test data/kinship/test.tsv -m complex -k 1000 -b 100 -e 100 --F2 0 --N3 0.5 -l 0.1 -I reciprocal -V 3 -o adagrad -c spo -q
{'F2': 0.0,
 'N3': 0.5,
 'batch_size': 100,
 'corruption': 'spo',
 'dev': 'data/kinship/dev.tsv',
 'embedding_size': 1000,
 'epochs': 100,
 'eval_batch_size': None,
 'input_type': 'reciprocal',
 'learning_rate': 0.1,
 'load': None,
 'model': 'complex',
 'optimizer': 'adagrad',
 'quiet': True,
 'save': None,
 'seed': 0,
 'test': 'data/kinship/test.tsv',
 'test_i': None,
 'test_ii': None,
 'train': 'data/kinship/train.tsv',
 'validate_every': 3}
INFO:kbc-cli.py:Device: cuda
INFO:kbc-cli.py:Model state:
INFO:kbc-cli.py:	entities.weight	torch.Size([104, 2000])
INFO:kbc-cli.py:	predicates.weight	torch.Size([50, 2000])
INFO:kbc-cli.py:Epoch 1/100	Loss 12.8609 ± 0.8181
INFO:kbc-cli.py:Epoch 2/100	Loss 12.3993 ± 0.1499
INFO:kbc-cli.py:Epoch 3/100	Loss 12.3914 ± 0.1234
INFO:kbc-cli.py:Epoch 3/100	dev results	MRR 0.226345	H@1 0.082397	H@3 0.213483	H@5 0.330993	H@10 0.602060	H@20 0.933052	H@50 0.994382	H@100 1.000000
INFO:kbc-cli.py:Epoch 3/100	test results	MRR 0.225151	H@1 0.084730	H@3 0.206704	H@5 0.326816	H@10 0.599162	H@20 0.927840	H@50 0.994879	H@100 1.000000
INFO:kbc-cli.py:Epoch 4/100	Loss 12.3870 ± 0.1158
INFO:kbc-cli.py:Epoch 5/100	Loss 12.3838 ± 0.1017
INFO:kbc-cli.py:Epoch 6/100	Loss 12.3819 ± 0.0919
INFO:kbc-cli.py:Epoch 6/100	dev results	MRR 0.242752	H@1 0.103933	H@3 0.220037	H@5 0.368914	H@10 0.590824	H@20 0.926498	H@50 0.993446	H@100 1.000000
INFO:kbc-cli.py:Epoch 6/100	test results	MRR 0.241969	H@1 0.101024	H@3 0.230447	H@5 0.370112	H@10 0.581471	H@20 0.918063	H@50 0.996276	H@100 1.000000
INFO:kbc-cli.py:Epoch 7/100	Loss 12.3802 ± 0.0920
INFO:kbc-cli.py:Epoch 8/100	Loss 12.3790 ± 0.0950
INFO:kbc-cli.py:Epoch 9/100	Loss 12.3777 ± 0.0767
INFO:kbc-cli.py:Epoch 9/100	dev results	MRR 0.233757	H@1 0.080524	H@3 0.248596	H@5 0.360955	H@10 0.580524	H@20 0.921348	H@50 0.993914	H@100 1.000000
INFO:kbc-cli.py:Epoch 9/100	test results	MRR 0.227433	H@1 0.075419	H@3 0.233706	H@5 0.345438	H@10 0.587523	H@20 0.922253	H@50 0.995345	H@100 1.000000
INFO:kbc-cli.py:Epoch 10/100	Loss 12.3769 ± 0.0873
INFO:kbc-cli.py:Epoch 11/100	Loss 12.3762 ± 0.0853
INFO:kbc-cli.py:Epoch 12/100	Loss 12.3756 ± 0.0812
INFO:kbc-cli.py:Epoch 12/100	dev results	MRR 0.240986	H@1 0.095506	H@3 0.238764	H@5 0.360019	H@10 0.595506	H@20 0.934925	H@50 0.992978	H@100 1.000000
INFO:kbc-cli.py:Epoch 12/100	test results	MRR 0.245117	H@1 0.103818	H@3 0.244413	H@5 0.360801	H@10 0.587989	H@20 0.927374	H@50 0.995810	H@100 1.000000
INFO:kbc-cli.py:Epoch 13/100	Loss 12.3752 ± 0.0916
INFO:kbc-cli.py:Epoch 14/100	Loss 12.3740 ± 0.0787
INFO:kbc-cli.py:Epoch 15/100	Loss 12.3729 ± 0.0873
INFO:kbc-cli.py:Epoch 15/100	dev results	MRR 0.437361	H@1 0.268727	H@3 0.509831	H@5 0.631086	H@10 0.840824	H@20 0.970037	H@50 0.992041	H@100 1.000000
INFO:kbc-cli.py:Epoch 15/100	test results	MRR 0.417655	H@1 0.247672	H@3 0.484637	H@5 0.616387	H@10 0.820298	H@20 0.963222	H@50 0.995810	H@100 1.000000
INFO:kbc-cli.py:Epoch 16/100	Loss 12.3714 ± 0.0797
INFO:kbc-cli.py:Epoch 17/100	Loss 12.3704 ± 0.0841
INFO:kbc-cli.py:Epoch 18/100	Loss 12.3699 ± 0.0843
INFO:kbc-cli.py:Epoch 18/100	dev results	MRR 0.474911	H@1 0.310861	H@3 0.542135	H@5 0.664326	H@10 0.856742	H@20 0.972378	H@50 0.992509	H@100 1.000000
INFO:kbc-cli.py:Epoch 18/100	test results	MRR 0.459355	H@1 0.291434	H@3 0.532123	H@5 0.661080	H@10 0.842179	H@20 0.963222	H@50 0.996741	H@100 1.000000
INFO:kbc-cli.py:Epoch 19/100	Loss 12.3693 ± 0.0744
INFO:kbc-cli.py:Epoch 20/100	Loss 12.3690 ± 0.0721
INFO:kbc-cli.py:Epoch 21/100	Loss 12.3683 ± 0.0794
INFO:kbc-cli.py:Epoch 21/100	dev results	MRR 0.483438	H@1 0.326311	H@3 0.545412	H@5 0.676966	H@10 0.862360	H@20 0.973315	H@50 0.992509	H@100 1.000000
INFO:kbc-cli.py:Epoch 21/100	test results	MRR 0.463260	H@1 0.300745	H@3 0.531192	H@5 0.659218	H@10 0.841248	H@20 0.961825	H@50 0.997672	H@100 1.000000
INFO:kbc-cli.py:Epoch 22/100	Loss 12.3681 ± 0.0727
INFO:kbc-cli.py:Epoch 23/100	Loss 12.3679 ± 0.0767
INFO:kbc-cli.py:Epoch 24/100	Loss 12.3676 ± 0.0764
INFO:kbc-cli.py:Epoch 24/100	dev results	MRR 0.481352	H@1 0.320225	H@3 0.546816	H@5 0.676966	H@10 0.862360	H@20 0.973315	H@50 0.992509	H@100 1.000000
INFO:kbc-cli.py:Epoch 24/100	test results	MRR 0.463957	H@1 0.299348	H@3 0.526536	H@5 0.669926	H@10 0.849628	H@20 0.965549	H@50 0.996741	H@100 1.000000
INFO:kbc-cli.py:Epoch 25/100	Loss 12.3673 ± 0.0728
INFO:kbc-cli.py:Epoch 26/100	Loss 12.3671 ± 0.0777
INFO:kbc-cli.py:Epoch 27/100	Loss 12.3669 ± 0.0707
INFO:kbc-cli.py:Epoch 27/100	dev results	MRR 0.490505	H@1 0.332865	H@3 0.562266	H@5 0.676498	H@10 0.859551	H@20 0.973315	H@50 0.991573	H@100 1.000000
INFO:kbc-cli.py:Epoch 27/100	test results	MRR 0.463016	H@1 0.297486	H@3 0.537709	H@5 0.653631	H@10 0.847765	H@20 0.966946	H@50 0.997207	H@100 1.000000
INFO:kbc-cli.py:Epoch 28/100	Loss 12.3668 ± 0.0708
INFO:kbc-cli.py:Epoch 29/100	Loss 12.3666 ± 0.0735
INFO:kbc-cli.py:Epoch 30/100	Loss 12.3662 ± 0.0748
INFO:kbc-cli.py:Epoch 30/100	dev results	MRR 0.490201	H@1 0.333333	H@3 0.548221	H@5 0.683521	H@10 0.867509	H@20 0.971442	H@50 0.992978	H@100 1.000000
INFO:kbc-cli.py:Epoch 30/100	test results	MRR 0.471958	H@1 0.308194	H@3 0.542365	H@5 0.665736	H@10 0.848231	H@20 0.961825	H@50 0.997207	H@100 1.000000
INFO:kbc-cli.py:Epoch 31/100	Loss 12.3660 ± 0.0749
INFO:kbc-cli.py:Epoch 32/100	Loss 12.3658 ± 0.0805
INFO:kbc-cli.py:Epoch 33/100	Loss 12.3656 ± 0.0772
INFO:kbc-cli.py:Epoch 33/100	dev results	MRR 0.496743	H@1 0.341292	H@3 0.560861	H@5 0.676966	H@10 0.865637	H@20 0.973315	H@50 0.992041	H@100 1.000000
INFO:kbc-cli.py:Epoch 33/100	test results	MRR 0.470622	H@1 0.302607	H@3 0.548417	H@5 0.669460	H@10 0.851955	H@20 0.962291	H@50 0.996741	H@100 1.000000
INFO:kbc-cli.py:Epoch 34/100	Loss 12.3652 ± 0.0717
INFO:kbc-cli.py:Epoch 35/100	Loss 12.3651 ± 0.0648
INFO:kbc-cli.py:Epoch 36/100	Loss 12.3649 ± 0.0804
INFO:kbc-cli.py:Epoch 36/100	dev results	MRR 0.499534	H@1 0.344101	H@3 0.567884	H@5 0.684457	H@10 0.862360	H@20 0.974251	H@50 0.992041	H@100 1.000000
INFO:kbc-cli.py:Epoch 36/100	test results	MRR 0.476447	H@1 0.312384	H@3 0.551210	H@5 0.667132	H@10 0.850093	H@20 0.963687	H@50 0.995810	H@100 1.000000
INFO:kbc-cli.py:Epoch 37/100	Loss 12.3646 ± 0.0702
INFO:kbc-cli.py:Epoch 38/100	Loss 12.3646 ± 0.0785
INFO:kbc-cli.py:Epoch 39/100	Loss 12.3644 ± 0.0744
INFO:kbc-cli.py:Epoch 39/100	dev results	MRR 0.500717	H@1 0.345506	H@3 0.563202	H@5 0.702715	H@10 0.866573	H@20 0.973783	H@50 0.993446	H@100 1.000000
INFO:kbc-cli.py:Epoch 39/100	test results	MRR 0.484786	H@1 0.323091	H@3 0.551210	H@5 0.684358	H@10 0.852421	H@20 0.963222	H@50 0.996741	H@100 1.000000
INFO:kbc-cli.py:Epoch 40/100	Loss 12.3643 ± 0.0732
INFO:kbc-cli.py:Epoch 41/100	Loss 12.3643 ± 0.0762
INFO:kbc-cli.py:Epoch 42/100	Loss 12.3641 ± 0.0702
INFO:kbc-cli.py:Epoch 42/100	dev results	MRR 0.499456	H@1 0.344569	H@3 0.562734	H@5 0.691479	H@10 0.869382	H@20 0.972846	H@50 0.992509	H@100 1.000000
INFO:kbc-cli.py:Epoch 42/100	test results	MRR 0.472004	H@1 0.302607	H@3 0.554935	H@5 0.672253	H@10 0.856145	H@20 0.964153	H@50 0.996741	H@100 1.000000
INFO:kbc-cli.py:Epoch 43/100	Loss 12.3640 ± 0.0772
INFO:kbc-cli.py:Epoch 44/100	Loss 12.3637 ± 0.0760
INFO:kbc-cli.py:Epoch 45/100	Loss 12.3638 ± 0.0735
INFO:kbc-cli.py:Epoch 45/100	dev results	MRR 0.501828	H@1 0.350187	H@3 0.559457	H@5 0.689607	H@10 0.868914	H@20 0.971442	H@50 0.992978	H@100 1.000000
INFO:kbc-cli.py:Epoch 45/100	test results	MRR 0.479196	H@1 0.317039	H@3 0.553073	H@5 0.669926	H@10 0.854283	H@20 0.964153	H@50 0.995810	H@100 1.000000
INFO:kbc-cli.py:Epoch 46/100	Loss 12.3637 ± 0.0738
INFO:kbc-cli.py:Epoch 47/100	Loss 12.3634 ± 0.0756
INFO:kbc-cli.py:Epoch 48/100	Loss 12.3635 ± 0.0716
INFO:kbc-cli.py:Epoch 48/100	dev results	MRR 0.500722	H@1 0.345974	H@3 0.571629	H@5 0.694288	H@10 0.867978	H@20 0.973315	H@50 0.992509	H@100 1.000000
INFO:kbc-cli.py:Epoch 48/100	test results	MRR 0.479932	H@1 0.319832	H@3 0.552607	H@5 0.671788	H@10 0.861266	H@20 0.961825	H@50 0.996276	H@100 1.000000
INFO:kbc-cli.py:Epoch 49/100	Loss 12.3633 ± 0.0747
INFO:kbc-cli.py:Epoch 50/100	Loss 12.3633 ± 0.0777
INFO:kbc-cli.py:Epoch 51/100	Loss 12.3632 ± 0.0768
INFO:kbc-cli.py:Epoch 51/100	dev results	MRR 0.497451	H@1 0.341292	H@3 0.563202	H@5 0.685393	H@10 0.871723	H@20 0.973783	H@50 0.992978	H@100 1.000000
INFO:kbc-cli.py:Epoch 51/100	test results	MRR 0.487246	H@1 0.329143	H@3 0.552142	H@5 0.673184	H@10 0.851024	H@20 0.963222	H@50 0.996741	H@100 1.000000
INFO:kbc-cli.py:Epoch 52/100	Loss 12.3633 ± 0.0698
INFO:kbc-cli.py:Epoch 53/100	Loss 12.3630 ± 0.0758
INFO:kbc-cli.py:Epoch 54/100	Loss 12.3631 ± 0.0729
INFO:kbc-cli.py:Epoch 54/100	dev results	MRR 0.499565	H@1 0.346442	H@3 0.555243	H@5 0.679775	H@10 0.866105	H@20 0.971910	H@50 0.992509	H@100 1.000000
INFO:kbc-cli.py:Epoch 54/100	test results	MRR 0.483149	H@1 0.322160	H@3 0.555866	H@5 0.668529	H@10 0.853352	H@20 0.963222	H@50 0.995810	H@100 1.000000
INFO:kbc-cli.py:Epoch 55/100	Loss 12.3630 ± 0.0702
INFO:kbc-cli.py:Epoch 56/100	Loss 12.3629 ± 0.0751
INFO:kbc-cli.py:Epoch 57/100	Loss 12.3628 ± 0.0778
INFO:kbc-cli.py:Epoch 57/100	dev results	MRR 0.503372	H@1 0.347378	H@3 0.567884	H@5 0.691011	H@10 0.868446	H@20 0.972378	H@50 0.992978	H@100 1.000000
INFO:kbc-cli.py:Epoch 57/100	test results	MRR 0.480470	H@1 0.318901	H@3 0.550279	H@5 0.672719	H@10 0.857076	H@20 0.963222	H@50 0.996276	H@100 1.000000
INFO:kbc-cli.py:Epoch 58/100	Loss 12.3627 ± 0.0730
INFO:kbc-cli.py:Epoch 59/100	Loss 12.3628 ± 0.0743
INFO:kbc-cli.py:Epoch 60/100	Loss 12.3628 ± 0.0708
INFO:kbc-cli.py:Epoch 60/100	dev results	MRR 0.496284	H@1 0.342697	H@3 0.547753	H@5 0.693352	H@10 0.871255	H@20 0.972846	H@50 0.992041	H@100 1.000000
INFO:kbc-cli.py:Epoch 60/100	test results	MRR 0.482446	H@1 0.319832	H@3 0.558659	H@5 0.677374	H@10 0.851955	H@20 0.966946	H@50 0.996276	H@100 1.000000
INFO:kbc-cli.py:Epoch 61/100	Loss 12.3626 ± 0.0760
INFO:kbc-cli.py:Epoch 62/100	Loss 12.3626 ± 0.0738
INFO:kbc-cli.py:Epoch 63/100	Loss 12.3625 ± 0.0713
INFO:kbc-cli.py:Epoch 63/100	dev results	MRR 0.505879	H@1 0.354401	H@3 0.566479	H@5 0.693352	H@10 0.867978	H@20 0.975655	H@50 0.992509	H@100 1.000000
INFO:kbc-cli.py:Epoch 63/100	test results	MRR 0.479767	H@1 0.316108	H@3 0.558659	H@5 0.676443	H@10 0.854749	H@20 0.964618	H@50 0.997207	H@100 1.000000
INFO:kbc-cli.py:Epoch 64/100	Loss 12.3625 ± 0.0743
INFO:kbc-cli.py:Epoch 65/100	Loss 12.3626 ± 0.0738
INFO:kbc-cli.py:Epoch 66/100	Loss 12.3624 ± 0.0794
INFO:kbc-cli.py:Epoch 66/100	dev results	MRR 0.507507	H@1 0.359082	H@3 0.566011	H@5 0.686330	H@10 0.862360	H@20 0.972378	H@50 0.992509	H@100 1.000000
INFO:kbc-cli.py:Epoch 66/100	test results	MRR 0.485287	H@1 0.324953	H@3 0.556797	H@5 0.677374	H@10 0.852421	H@20 0.963222	H@50 0.996276	H@100 1.000000
INFO:kbc-cli.py:Epoch 67/100	Loss 12.3623 ± 0.0728
INFO:kbc-cli.py:Epoch 68/100	Loss 12.3624 ± 0.0758
INFO:kbc-cli.py:Epoch 69/100	Loss 12.3623 ± 0.0725
INFO:kbc-cli.py:Epoch 69/100	dev results	MRR 0.497690	H@1 0.341760	H@3 0.558989	H@5 0.683989	H@10 0.866573	H@20 0.972846	H@50 0.992978	H@100 1.000000
INFO:kbc-cli.py:Epoch 69/100	test results	MRR 0.475505	H@1 0.308194	H@3 0.557263	H@5 0.677374	H@10 0.855214	H@20 0.965084	H@50 0.996741	H@100 1.000000
INFO:kbc-cli.py:Epoch 70/100	Loss 12.3623 ± 0.0697
INFO:kbc-cli.py:Epoch 71/100	Loss 12.3623 ± 0.0774
INFO:kbc-cli.py:Epoch 72/100	Loss 12.3623 ± 0.0751
INFO:kbc-cli.py:Epoch 72/100	dev results	MRR 0.505734	H@1 0.354869	H@3 0.561798	H@5 0.692416	H@10 0.872191	H@20 0.971910	H@50 0.992978	H@100 1.000000
INFO:kbc-cli.py:Epoch 72/100	test results	MRR 0.482511	H@1 0.322160	H@3 0.550745	H@5 0.678771	H@10 0.856611	H@20 0.963222	H@50 0.996276	H@100 1.000000
INFO:kbc-cli.py:Epoch 73/100	Loss 12.3621 ± 0.0728
INFO:kbc-cli.py:Epoch 74/100	Loss 12.3623 ± 0.0794
INFO:kbc-cli.py:Epoch 75/100	Loss 12.3623 ± 0.0733
INFO:kbc-cli.py:Epoch 75/100	dev results	MRR 0.501587	H@1 0.348783	H@3 0.560393	H@5 0.690543	H@10 0.870787	H@20 0.973315	H@50 0.992509	H@100 1.000000
INFO:kbc-cli.py:Epoch 75/100	test results	MRR 0.477881	H@1 0.311918	H@3 0.551676	H@5 0.676443	H@10 0.857542	H@20 0.965084	H@50 0.996276	H@100 1.000000
INFO:kbc-cli.py:Epoch 76/100	Loss 12.3621 ± 0.0702
INFO:kbc-cli.py:Epoch 77/100	Loss 12.3621 ± 0.0625
INFO:kbc-cli.py:Epoch 78/100	Loss 12.3620 ± 0.0666
INFO:kbc-cli.py:Epoch 78/100	dev results	MRR 0.501655	H@1 0.348315	H@3 0.556180	H@5 0.686798	H@10 0.869382	H@20 0.972378	H@50 0.992978	H@100 1.000000
INFO:kbc-cli.py:Epoch 78/100	test results	MRR 0.481567	H@1 0.319832	H@3 0.553073	H@5 0.671322	H@10 0.851955	H@20 0.966015	H@50 0.996276	H@100 1.000000
INFO:kbc-cli.py:Epoch 79/100	Loss 12.3620 ± 0.0680
INFO:kbc-cli.py:Epoch 80/100	Loss 12.3621 ± 0.0688
INFO:kbc-cli.py:Epoch 81/100	Loss 12.3621 ± 0.0682
INFO:kbc-cli.py:Epoch 81/100	dev results	MRR 0.504348	H@1 0.351592	H@3 0.567884	H@5 0.686330	H@10 0.866105	H@20 0.974251	H@50 0.992509	H@100 1.000000
INFO:kbc-cli.py:Epoch 81/100	test results	MRR 0.482337	H@1 0.318901	H@3 0.561453	H@5 0.675978	H@10 0.856611	H@20 0.964618	H@50 0.996741	H@100 1.000000
INFO:kbc-cli.py:Epoch 82/100	Loss 12.3620 ± 0.0681
INFO:kbc-cli.py:Epoch 83/100	Loss 12.3620 ± 0.0765
INFO:kbc-cli.py:Epoch 84/100	Loss 12.3620 ± 0.0716
INFO:kbc-cli.py:Epoch 84/100	dev results	MRR 0.499252	H@1 0.344101	H@3 0.566479	H@5 0.690543	H@10 0.867978	H@20 0.972846	H@50 0.992509	H@100 1.000000
INFO:kbc-cli.py:Epoch 84/100	test results	MRR 0.479206	H@1 0.317039	H@3 0.556797	H@5 0.675047	H@10 0.856611	H@20 0.963687	H@50 0.996741	H@100 1.000000
INFO:kbc-cli.py:Epoch 85/100	Loss 12.3619 ± 0.0704
INFO:kbc-cli.py:Epoch 86/100	Loss 12.3619 ± 0.0726
INFO:kbc-cli.py:Epoch 87/100	Loss 12.3618 ± 0.0787
INFO:kbc-cli.py:Epoch 87/100	dev results	MRR 0.502483	H@1 0.348783	H@3 0.562734	H@5 0.689607	H@10 0.871723	H@20 0.973315	H@50 0.993446	H@100 1.000000
INFO:kbc-cli.py:Epoch 87/100	test results	MRR 0.477151	H@1 0.311453	H@3 0.553538	H@5 0.669460	H@10 0.853352	H@20 0.966480	H@50 0.996276	H@100 1.000000
INFO:kbc-cli.py:Epoch 88/100	Loss 12.3619 ± 0.0728
INFO:kbc-cli.py:Epoch 89/100	Loss 12.3618 ± 0.0762
INFO:kbc-cli.py:Epoch 90/100	Loss 12.3618 ± 0.0692
INFO:kbc-cli.py:Epoch 90/100	dev results	MRR 0.497979	H@1 0.346910	H@3 0.557116	H@5 0.685393	H@10 0.868446	H@20 0.973315	H@50 0.992509	H@100 1.000000
INFO:kbc-cli.py:Epoch 90/100	test results	MRR 0.476749	H@1 0.312849	H@3 0.549348	H@5 0.676909	H@10 0.855680	H@20 0.963687	H@50 0.995810	H@100 1.000000
INFO:kbc-cli.py:Epoch 91/100	Loss 12.3617 ± 0.0711
INFO:kbc-cli.py:Epoch 92/100	Loss 12.3619 ± 0.0725
INFO:kbc-cli.py:Epoch 93/100	Loss 12.3618 ± 0.0797
INFO:kbc-cli.py:Epoch 93/100	dev results	MRR 0.505432	H@1 0.352528	H@3 0.572097	H@5 0.688670	H@10 0.867041	H@20 0.971910	H@50 0.992509	H@100 1.000000
INFO:kbc-cli.py:Epoch 93/100	test results	MRR 0.484428	H@1 0.324953	H@3 0.556797	H@5 0.671788	H@10 0.858473	H@20 0.965084	H@50 0.996741	H@100 1.000000
INFO:kbc-cli.py:Epoch 94/100	Loss 12.3617 ± 0.0778
INFO:kbc-cli.py:Epoch 95/100	Loss 12.3617 ± 0.0713
INFO:kbc-cli.py:Epoch 96/100	Loss 12.3617 ± 0.0719
INFO:kbc-cli.py:Epoch 96/100	dev results	MRR 0.501244	H@1 0.345037	H@3 0.568820	H@5 0.689139	H@10 0.867978	H@20 0.973315	H@50 0.993446	H@100 1.000000
INFO:kbc-cli.py:Epoch 96/100	test results	MRR 0.484861	H@1 0.322160	H@3 0.561918	H@5 0.679702	H@10 0.855680	H@20 0.963687	H@50 0.997207	H@100 1.000000
INFO:kbc-cli.py:Epoch 97/100	Loss 12.3616 ± 0.0782
INFO:kbc-cli.py:Epoch 98/100	Loss 12.3618 ± 0.0762
INFO:kbc-cli.py:Epoch 99/100	Loss 12.3616 ± 0.0720
INFO:kbc-cli.py:Epoch 99/100	dev results	MRR 0.509658	H@1 0.362360	H@3 0.562266	H@5 0.690543	H@10 0.867509	H@20 0.972846	H@50 0.992509	H@100 1.000000
INFO:kbc-cli.py:Epoch 99/100	test results	MRR 0.484110	H@1 0.324488	H@3 0.554004	H@5 0.671322	H@10 0.858473	H@20 0.966015	H@50 0.996276	H@100 1.000000
INFO:kbc-cli.py:Epoch 100/100	Loss 12.3616 ± 0.0739
INFO:kbc-cli.py:Final 	dev results	MRR 0.505588	H@1 0.354401	H@3 0.563202	H@5 0.689607	H@10 0.868446	H@20 0.972846	H@50 0.992509	H@100 1.000000
INFO:kbc-cli.py:Final 	test results	MRR 0.484321	H@1 0.324022	H@3 0.552607	H@5 0.672253	H@10 0.858007	H@20 0.963222	H@50 0.996741	H@100 1.000000
INFO:kbc-cli.py:Training finished
