./bin/kbc-cli.py --train data/umls/train.tsv --dev data/umls/dev.tsv --test data/umls/test.tsv -m complex -k 500 -b 500 -e 100 --F2 0 --N3 0.01 -l 0.1 -I standard -V 3 -o adagrad -c so -q
{'F2': 0.0,
 'N3': 0.01,
 'batch_size': 500,
 'corruption': 'so',
 'dev': 'data/umls/dev.tsv',
 'embedding_size': 500,
 'epochs': 100,
 'eval_batch_size': None,
 'input_type': 'standard',
 'learning_rate': 0.1,
 'load': None,
 'model': 'complex',
 'optimizer': 'adagrad',
 'quiet': True,
 'save': None,
 'seed': 0,
 'test': 'data/umls/test.tsv',
 'test_i': None,
 'test_ii': None,
 'train': 'data/umls/train.tsv',
 'validate_every': 3}
INFO:kbc-cli.py:Device: cuda
INFO:kbc-cli.py:Model state:
INFO:kbc-cli.py:	entities.weight	torch.Size([135, 1000])
INFO:kbc-cli.py:	predicates.weight	torch.Size([46, 1000])
INFO:kbc-cli.py:Epoch 1/100	Loss 8.8396 ± 0.9346
INFO:kbc-cli.py:Epoch 2/100	Loss 6.7779 ± 0.0804
INFO:kbc-cli.py:Epoch 3/100	Loss 6.3399 ± 0.1402
INFO:kbc-cli.py:Epoch 3/100	dev results	MRR 0.915372	H@1 0.851994	H@3 0.975460	H@5 0.985429	H@10 0.993098	H@20 0.996933	H@50 0.998466	H@100 1.000000
INFO:kbc-cli.py:Epoch 3/100	test results	MRR 0.905203	H@1 0.834342	H@3 0.975038	H@5 0.984115	H@10 0.992436	H@20 0.994705	H@50 0.996218	H@100 0.998487
INFO:kbc-cli.py:Epoch 4/100	Loss 6.1513 ± 0.1591
INFO:kbc-cli.py:Epoch 5/100	Loss 6.0413 ± 0.1263
INFO:kbc-cli.py:Epoch 6/100	Loss 5.9705 ± 0.1410
INFO:kbc-cli.py:Epoch 6/100	dev results	MRR 0.918567	H@1 0.851994	H@3 0.983129	H@5 0.989264	H@10 0.996166	H@20 0.997699	H@50 1.000000	H@100 1.000000
INFO:kbc-cli.py:Epoch 6/100	test results	MRR 0.899772	H@1 0.813918	H@3 0.986384	H@5 0.992436	H@10 0.996974	H@20 0.997731	H@50 0.999244	H@100 1.000000
INFO:kbc-cli.py:Epoch 7/100	Loss 5.9308 ± 0.1333
INFO:kbc-cli.py:Epoch 8/100	Loss 5.8975 ± 0.1458
INFO:kbc-cli.py:Epoch 9/100	Loss 5.8582 ± 0.1672
INFO:kbc-cli.py:Epoch 9/100	dev results	MRR 0.940679	H@1 0.896472	H@3 0.979294	H@5 0.992331	H@10 0.996166	H@20 1.000000	H@50 1.000000	H@100 1.000000
INFO:kbc-cli.py:Epoch 9/100	test results	MRR 0.941689	H@1 0.894856	H@3 0.986384	H@5 0.994705	H@10 0.996974	H@20 0.998487	H@50 0.999244	H@100 1.000000
INFO:kbc-cli.py:Epoch 10/100	Loss 5.8450 ± 0.1335
INFO:kbc-cli.py:Epoch 11/100	Loss 5.8229 ± 0.1190
INFO:kbc-cli.py:Epoch 12/100	Loss 5.8062 ± 0.1505
INFO:kbc-cli.py:Epoch 12/100	dev results	MRR 0.945093	H@1 0.902607	H@3 0.984663	H@5 0.991564	H@10 0.996933	H@20 1.000000	H@50 1.000000	H@100 1.000000
INFO:kbc-cli.py:Epoch 12/100	test results	MRR 0.939518	H@1 0.888805	H@3 0.987897	H@5 0.994705	H@10 0.997731	H@20 0.998487	H@50 1.000000	H@100 1.000000
INFO:kbc-cli.py:Epoch 13/100	Loss 5.7942 ± 0.1404
INFO:kbc-cli.py:Epoch 14/100	Loss 5.7755 ± 0.1070
INFO:kbc-cli.py:Epoch 15/100	Loss 5.7636 ± 0.1366
INFO:kbc-cli.py:Epoch 15/100	dev results	MRR 0.962184	H@1 0.934816	H@3 0.986963	H@5 0.993098	H@10 0.996933	H@20 1.000000	H@50 1.000000	H@100 1.000000
INFO:kbc-cli.py:Epoch 15/100	test results	MRR 0.959344	H@1 0.928139	H@3 0.988654	H@5 0.995461	H@10 0.997731	H@20 0.999244	H@50 1.000000	H@100 1.000000
INFO:kbc-cli.py:Epoch 16/100	Loss 5.7503 ± 0.1170
INFO:kbc-cli.py:Epoch 17/100	Loss 5.7402 ± 0.1000
INFO:kbc-cli.py:Epoch 18/100	Loss 5.7350 ± 0.1372
INFO:kbc-cli.py:Epoch 18/100	dev results	MRR 0.951090	H@1 0.912577	H@3 0.986963	H@5 0.992331	H@10 0.996166	H@20 1.000000	H@50 1.000000	H@100 1.000000
INFO:kbc-cli.py:Epoch 18/100	test results	MRR 0.952703	H@1 0.914523	H@3 0.990166	H@5 0.996218	H@10 0.997731	H@20 0.998487	H@50 1.000000	H@100 1.000000
INFO:kbc-cli.py:Epoch 19/100	Loss 5.7269 ± 0.1075
INFO:kbc-cli.py:Epoch 20/100	Loss 5.7125 ± 0.1223
INFO:kbc-cli.py:Epoch 21/100	Loss 5.7097 ± 0.1256
INFO:kbc-cli.py:Epoch 21/100	dev results	MRR 0.960606	H@1 0.931748	H@3 0.986963	H@5 0.993098	H@10 0.995399	H@20 1.000000	H@50 1.000000	H@100 1.000000
INFO:kbc-cli.py:Epoch 21/100	test results	MRR 0.953169	H@1 0.914523	H@3 0.993192	H@5 0.996218	H@10 0.997731	H@20 0.998487	H@50 1.000000	H@100 1.000000
INFO:kbc-cli.py:Epoch 22/100	Loss 5.6953 ± 0.1045
INFO:kbc-cli.py:Epoch 23/100	Loss 5.6910 ± 0.1096
INFO:kbc-cli.py:Epoch 24/100	Loss 5.6890 ± 0.1051
INFO:kbc-cli.py:Epoch 24/100	dev results	MRR 0.955284	H@1 0.921779	H@3 0.986196	H@5 0.992331	H@10 0.996166	H@20 1.000000	H@50 1.000000	H@100 1.000000
INFO:kbc-cli.py:Epoch 24/100	test results	MRR 0.955769	H@1 0.920575	H@3 0.993192	H@5 0.996218	H@10 0.997731	H@20 0.998487	H@50 1.000000	H@100 1.000000
INFO:kbc-cli.py:Epoch 25/100	Loss 5.6858 ± 0.1351
INFO:kbc-cli.py:Epoch 26/100	Loss 5.6696 ± 0.1180
INFO:kbc-cli.py:Epoch 27/100	Loss 5.6722 ± 0.1218
INFO:kbc-cli.py:Epoch 27/100	dev results	MRR 0.959467	H@1 0.930215	H@3 0.986196	H@5 0.993865	H@10 0.996933	H@20 1.000000	H@50 1.000000	H@100 1.000000
INFO:kbc-cli.py:Epoch 27/100	test results	MRR 0.954849	H@1 0.919062	H@3 0.992436	H@5 0.996218	H@10 0.997731	H@20 0.998487	H@50 1.000000	H@100 1.000000
INFO:kbc-cli.py:Epoch 28/100	Loss 5.6693 ± 0.1152
INFO:kbc-cli.py:Epoch 29/100	Loss 5.6633 ± 0.1054
INFO:kbc-cli.py:Epoch 30/100	Loss 5.6597 ± 0.1182
INFO:kbc-cli.py:Epoch 30/100	dev results	MRR 0.964895	H@1 0.940951	H@3 0.985429	H@5 0.991564	H@10 0.997699	H@20 1.000000	H@50 1.000000	H@100 1.000000
INFO:kbc-cli.py:Epoch 30/100	test results	MRR 0.963483	H@1 0.936460	H@3 0.993192	H@5 0.996218	H@10 0.997731	H@20 0.998487	H@50 1.000000	H@100 1.000000
INFO:kbc-cli.py:Epoch 31/100	Loss 5.6537 ± 0.0905
INFO:kbc-cli.py:Epoch 32/100	Loss 5.6490 ± 0.1014
INFO:kbc-cli.py:Epoch 33/100	Loss 5.6436 ± 0.0990
INFO:kbc-cli.py:Epoch 33/100	dev results	MRR 0.963650	H@1 0.938650	H@3 0.985429	H@5 0.992331	H@10 0.997699	H@20 1.000000	H@50 1.000000	H@100 1.000000
INFO:kbc-cli.py:Epoch 33/100	test results	MRR 0.962520	H@1 0.933434	H@3 0.995461	H@5 0.996218	H@10 0.997731	H@20 0.998487	H@50 1.000000	H@100 1.000000
INFO:kbc-cli.py:Epoch 34/100	Loss 5.6355 ± 0.0795
INFO:kbc-cli.py:Epoch 35/100	Loss 5.6402 ± 0.1179
INFO:kbc-cli.py:Epoch 36/100	Loss 5.6314 ± 0.1154
INFO:kbc-cli.py:Epoch 36/100	dev results	MRR 0.957448	H@1 0.925613	H@3 0.986196	H@5 0.991564	H@10 0.996933	H@20 1.000000	H@50 1.000000	H@100 1.000000
INFO:kbc-cli.py:Epoch 36/100	test results	MRR 0.956159	H@1 0.920575	H@3 0.993192	H@5 0.996218	H@10 0.997731	H@20 0.998487	H@50 1.000000	H@100 1.000000
INFO:kbc-cli.py:Epoch 37/100	Loss 5.6305 ± 0.0795
INFO:kbc-cli.py:Epoch 38/100	Loss 5.6240 ± 0.1104
INFO:kbc-cli.py:Epoch 39/100	Loss 5.6269 ± 0.1454
INFO:kbc-cli.py:Epoch 39/100	dev results	MRR 0.964914	H@1 0.940951	H@3 0.986196	H@5 0.992331	H@10 0.997699	H@20 1.000000	H@50 1.000000	H@100 1.000000
INFO:kbc-cli.py:Epoch 39/100	test results	MRR 0.964025	H@1 0.937973	H@3 0.990923	H@5 0.996218	H@10 0.997731	H@20 0.998487	H@50 1.000000	H@100 1.000000
INFO:kbc-cli.py:Epoch 40/100	Loss 5.6202 ± 0.0930
INFO:kbc-cli.py:Epoch 41/100	Loss 5.6072 ± 0.0901
INFO:kbc-cli.py:Epoch 42/100	Loss 5.6256 ± 0.1270
INFO:kbc-cli.py:Epoch 42/100	dev results	MRR 0.967446	H@1 0.945552	H@3 0.986196	H@5 0.992331	H@10 0.996933	H@20 1.000000	H@50 1.000000	H@100 1.000000
INFO:kbc-cli.py:Epoch 42/100	test results	MRR 0.964860	H@1 0.938729	H@3 0.994705	H@5 0.996218	H@10 0.997731	H@20 0.998487	H@50 1.000000	H@100 1.000000
INFO:kbc-cli.py:Epoch 43/100	Loss 5.6239 ± 0.1330
INFO:kbc-cli.py:Epoch 44/100	Loss 5.6086 ± 0.1063
INFO:kbc-cli.py:Epoch 45/100	Loss 5.6144 ± 0.1113
INFO:kbc-cli.py:Epoch 45/100	dev results	MRR 0.966066	H@1 0.943252	H@3 0.985429	H@5 0.992331	H@10 0.996166	H@20 1.000000	H@50 1.000000	H@100 1.000000
INFO:kbc-cli.py:Epoch 45/100	test results	MRR 0.965327	H@1 0.939486	H@3 0.995461	H@5 0.996218	H@10 0.997731	H@20 0.998487	H@50 1.000000	H@100 1.000000
INFO:kbc-cli.py:Epoch 46/100	Loss 5.6074 ± 0.0927
INFO:kbc-cli.py:Epoch 47/100	Loss 5.6025 ± 0.1062
INFO:kbc-cli.py:Epoch 48/100	Loss 5.6000 ± 0.1014
INFO:kbc-cli.py:Epoch 48/100	dev results	MRR 0.965202	H@1 0.941718	H@3 0.984663	H@5 0.991564	H@10 0.996166	H@20 1.000000	H@50 1.000000	H@100 1.000000
INFO:kbc-cli.py:Epoch 48/100	test results	MRR 0.961194	H@1 0.931165	H@3 0.993192	H@5 0.996218	H@10 0.997731	H@20 0.998487	H@50 1.000000	H@100 1.000000
INFO:kbc-cli.py:Epoch 49/100	Loss 5.6019 ± 0.0876
INFO:kbc-cli.py:Epoch 50/100	Loss 5.5995 ± 0.1143
INFO:kbc-cli.py:Epoch 51/100	Loss 5.5942 ± 0.0990
INFO:kbc-cli.py:Epoch 51/100	dev results	MRR 0.967587	H@1 0.946319	H@3 0.985429	H@5 0.992331	H@10 0.996166	H@20 1.000000	H@50 1.000000	H@100 1.000000
INFO:kbc-cli.py:Epoch 51/100	test results	MRR 0.961784	H@1 0.933434	H@3 0.991679	H@5 0.996218	H@10 0.997731	H@20 0.998487	H@50 1.000000	H@100 1.000000
INFO:kbc-cli.py:Epoch 52/100	Loss 5.5933 ± 0.0896
INFO:kbc-cli.py:Epoch 53/100	Loss 5.5924 ± 0.0697
INFO:kbc-cli.py:Epoch 54/100	Loss 5.5951 ± 0.1225
INFO:kbc-cli.py:Epoch 54/100	dev results	MRR 0.966034	H@1 0.944018	H@3 0.985429	H@5 0.991564	H@10 0.996933	H@20 1.000000	H@50 1.000000	H@100 1.000000
INFO:kbc-cli.py:Epoch 54/100	test results	MRR 0.963653	H@1 0.936460	H@3 0.993949	H@5 0.996218	H@10 0.997731	H@20 0.998487	H@50 1.000000	H@100 1.000000
INFO:kbc-cli.py:Epoch 55/100	Loss 5.5900 ± 0.1207
INFO:kbc-cli.py:Epoch 56/100	Loss 5.5890 ± 0.1139
INFO:kbc-cli.py:Epoch 57/100	Loss 5.5811 ± 0.0982
INFO:kbc-cli.py:Epoch 57/100	dev results	MRR 0.963872	H@1 0.940184	H@3 0.984663	H@5 0.992331	H@10 0.996933	H@20 1.000000	H@50 1.000000	H@100 1.000000
INFO:kbc-cli.py:Epoch 57/100	test results	MRR 0.962501	H@1 0.934947	H@3 0.992436	H@5 0.995461	H@10 0.997731	H@20 0.998487	H@50 1.000000	H@100 1.000000
INFO:kbc-cli.py:Epoch 58/100	Loss 5.5819 ± 0.0911
INFO:kbc-cli.py:Epoch 59/100	Loss 5.5796 ± 0.1018
INFO:kbc-cli.py:Epoch 60/100	Loss 5.5845 ± 0.1008
INFO:kbc-cli.py:Epoch 60/100	dev results	MRR 0.965821	H@1 0.942485	H@3 0.984663	H@5 0.991564	H@10 0.997699	H@20 1.000000	H@50 1.000000	H@100 1.000000
INFO:kbc-cli.py:Epoch 60/100	test results	MRR 0.965804	H@1 0.941755	H@3 0.992436	H@5 0.995461	H@10 0.997731	H@20 0.998487	H@50 1.000000	H@100 1.000000
INFO:kbc-cli.py:Epoch 61/100	Loss 5.5781 ± 0.0860
INFO:kbc-cli.py:Epoch 62/100	Loss 5.5812 ± 0.1106
INFO:kbc-cli.py:Epoch 63/100	Loss 5.5747 ± 0.0841
INFO:kbc-cli.py:Epoch 63/100	dev results	MRR 0.965274	H@1 0.942485	H@3 0.985429	H@5 0.992331	H@10 0.996933	H@20 1.000000	H@50 1.000000	H@100 1.000000
INFO:kbc-cli.py:Epoch 63/100	test results	MRR 0.960550	H@1 0.931165	H@3 0.992436	H@5 0.995461	H@10 0.997731	H@20 0.998487	H@50 1.000000	H@100 1.000000
INFO:kbc-cli.py:Epoch 64/100	Loss 5.5677 ± 0.0549
INFO:kbc-cli.py:Epoch 65/100	Loss 5.5702 ± 0.0953
INFO:kbc-cli.py:Epoch 66/100	Loss 5.5716 ± 0.0853
INFO:kbc-cli.py:Epoch 66/100	dev results	MRR 0.965202	H@1 0.942485	H@3 0.985429	H@5 0.992331	H@10 0.996166	H@20 1.000000	H@50 1.000000	H@100 1.000000
INFO:kbc-cli.py:Epoch 66/100	test results	MRR 0.961098	H@1 0.932678	H@3 0.992436	H@5 0.995461	H@10 0.997731	H@20 0.998487	H@50 1.000000	H@100 1.000000
INFO:kbc-cli.py:Epoch 67/100	Loss 5.5745 ± 0.0989
INFO:kbc-cli.py:Epoch 68/100	Loss 5.5674 ± 0.0741
INFO:kbc-cli.py:Epoch 69/100	Loss 5.5579 ± 0.1021
INFO:kbc-cli.py:Epoch 69/100	dev results	MRR 0.966753	H@1 0.944785	H@3 0.984663	H@5 0.991564	H@10 0.997699	H@20 1.000000	H@50 1.000000	H@100 1.000000
INFO:kbc-cli.py:Epoch 69/100	test results	MRR 0.962166	H@1 0.934191	H@3 0.991679	H@5 0.996218	H@10 0.997731	H@20 0.998487	H@50 1.000000	H@100 1.000000
INFO:kbc-cli.py:Epoch 70/100	Loss 5.5647 ± 0.0947
INFO:kbc-cli.py:Epoch 71/100	Loss 5.5656 ± 0.0998
INFO:kbc-cli.py:Epoch 72/100	Loss 5.5596 ± 0.0603
INFO:kbc-cli.py:Epoch 72/100	dev results	MRR 0.964936	H@1 0.941718	H@3 0.985429	H@5 0.990798	H@10 0.996166	H@20 1.000000	H@50 1.000000	H@100 1.000000
INFO:kbc-cli.py:Epoch 72/100	test results	MRR 0.962955	H@1 0.936460	H@3 0.992436	H@5 0.996218	H@10 0.997731	H@20 0.998487	H@50 1.000000	H@100 1.000000
INFO:kbc-cli.py:Epoch 73/100	Loss 5.5644 ± 0.1024
INFO:kbc-cli.py:Epoch 74/100	Loss 5.5537 ± 0.0681
INFO:kbc-cli.py:Epoch 75/100	Loss 5.5497 ± 0.0757
INFO:kbc-cli.py:Epoch 75/100	dev results	MRR 0.965624	H@1 0.943252	H@3 0.983129	H@5 0.991564	H@10 0.995399	H@20 1.000000	H@50 1.000000	H@100 1.000000
INFO:kbc-cli.py:Epoch 75/100	test results	MRR 0.962102	H@1 0.934191	H@3 0.992436	H@5 0.996218	H@10 0.997731	H@20 0.998487	H@50 1.000000	H@100 1.000000
INFO:kbc-cli.py:Epoch 76/100	Loss 5.5581 ± 0.0977
INFO:kbc-cli.py:Epoch 77/100	Loss 5.5485 ± 0.1037
INFO:kbc-cli.py:Epoch 78/100	Loss 5.5624 ± 0.1072
INFO:kbc-cli.py:Epoch 78/100	dev results	MRR 0.967748	H@1 0.947853	H@3 0.983896	H@5 0.991564	H@10 0.997699	H@20 1.000000	H@50 1.000000	H@100 1.000000
INFO:kbc-cli.py:Epoch 78/100	test results	MRR 0.964367	H@1 0.938729	H@3 0.992436	H@5 0.996218	H@10 0.997731	H@20 0.998487	H@50 1.000000	H@100 1.000000
INFO:kbc-cli.py:Epoch 79/100	Loss 5.5541 ± 0.0566
INFO:kbc-cli.py:Epoch 80/100	Loss 5.5489 ± 0.0494
INFO:kbc-cli.py:Epoch 81/100	Loss 5.5525 ± 0.0766
INFO:kbc-cli.py:Epoch 81/100	dev results	MRR 0.967568	H@1 0.947086	H@3 0.984663	H@5 0.992331	H@10 0.996933	H@20 1.000000	H@50 1.000000	H@100 1.000000
INFO:kbc-cli.py:Epoch 81/100	test results	MRR 0.963525	H@1 0.937216	H@3 0.990923	H@5 0.996218	H@10 0.997731	H@20 0.998487	H@50 1.000000	H@100 1.000000
INFO:kbc-cli.py:Epoch 82/100	Loss 5.5516 ± 0.0813
INFO:kbc-cli.py:Epoch 83/100	Loss 5.5499 ± 0.0813
INFO:kbc-cli.py:Epoch 84/100	Loss 5.5453 ± 0.0682
INFO:kbc-cli.py:Epoch 84/100	dev results	MRR 0.964308	H@1 0.940951	H@3 0.984663	H@5 0.991564	H@10 0.997699	H@20 1.000000	H@50 1.000000	H@100 1.000000
INFO:kbc-cli.py:Epoch 84/100	test results	MRR 0.960753	H@1 0.931921	H@3 0.991679	H@5 0.995461	H@10 0.997731	H@20 0.998487	H@50 1.000000	H@100 1.000000
INFO:kbc-cli.py:Epoch 85/100	Loss 5.5481 ± 0.0945
INFO:kbc-cli.py:Epoch 86/100	Loss 5.5505 ± 0.0908
INFO:kbc-cli.py:Epoch 87/100	Loss 5.5465 ± 0.1033
INFO:kbc-cli.py:Epoch 87/100	dev results	MRR 0.964695	H@1 0.940951	H@3 0.984663	H@5 0.991564	H@10 0.996933	H@20 1.000000	H@50 1.000000	H@100 1.000000
INFO:kbc-cli.py:Epoch 87/100	test results	MRR 0.962262	H@1 0.935703	H@3 0.991679	H@5 0.995461	H@10 0.997731	H@20 0.998487	H@50 1.000000	H@100 1.000000
INFO:kbc-cli.py:Epoch 88/100	Loss 5.5495 ± 0.0756
INFO:kbc-cli.py:Epoch 89/100	Loss 5.5451 ± 0.0763
INFO:kbc-cli.py:Epoch 90/100	Loss 5.5466 ± 0.0861
INFO:kbc-cli.py:Epoch 90/100	dev results	MRR 0.965283	H@1 0.943252	H@3 0.985429	H@5 0.991564	H@10 0.996166	H@20 1.000000	H@50 1.000000	H@100 1.000000
INFO:kbc-cli.py:Epoch 90/100	test results	MRR 0.962331	H@1 0.935703	H@3 0.991679	H@5 0.995461	H@10 0.997731	H@20 0.998487	H@50 1.000000	H@100 1.000000
INFO:kbc-cli.py:Epoch 91/100	Loss 5.5453 ± 0.0832
INFO:kbc-cli.py:Epoch 92/100	Loss 5.5395 ± 0.0778
INFO:kbc-cli.py:Epoch 93/100	Loss 5.5422 ± 0.0882
INFO:kbc-cli.py:Epoch 93/100	dev results	MRR 0.963123	H@1 0.939417	H@3 0.983896	H@5 0.991564	H@10 0.996933	H@20 1.000000	H@50 1.000000	H@100 1.000000
INFO:kbc-cli.py:Epoch 93/100	test results	MRR 0.962008	H@1 0.934191	H@3 0.992436	H@5 0.994705	H@10 0.997731	H@20 0.998487	H@50 1.000000	H@100 1.000000
INFO:kbc-cli.py:Epoch 94/100	Loss 5.5377 ± 0.0605
INFO:kbc-cli.py:Epoch 95/100	Loss 5.5328 ± 0.0674
INFO:kbc-cli.py:Epoch 96/100	Loss 5.5378 ± 0.0890
INFO:kbc-cli.py:Epoch 96/100	dev results	MRR 0.967964	H@1 0.948620	H@3 0.984663	H@5 0.992331	H@10 0.997699	H@20 1.000000	H@50 1.000000	H@100 1.000000
INFO:kbc-cli.py:Epoch 96/100	test results	MRR 0.963611	H@1 0.938729	H@3 0.991679	H@5 0.995461	H@10 0.997731	H@20 0.998487	H@50 1.000000	H@100 1.000000
INFO:kbc-cli.py:Epoch 97/100	Loss 5.5360 ± 0.0880
INFO:kbc-cli.py:Epoch 98/100	Loss 5.5430 ± 0.1069
INFO:kbc-cli.py:Epoch 99/100	Loss 5.5364 ± 0.0792
INFO:kbc-cli.py:Epoch 99/100	dev results	MRR 0.965781	H@1 0.943252	H@3 0.985429	H@5 0.992331	H@10 0.997699	H@20 1.000000	H@50 1.000000	H@100 1.000000
INFO:kbc-cli.py:Epoch 99/100	test results	MRR 0.961193	H@1 0.933434	H@3 0.990923	H@5 0.994705	H@10 0.997731	H@20 0.998487	H@50 1.000000	H@100 1.000000
INFO:kbc-cli.py:Epoch 100/100	Loss 5.5282 ± 0.0831
INFO:kbc-cli.py:Final 	dev results	MRR 0.966597	H@1 0.944785	H@3 0.985429	H@5 0.992331	H@10 0.997699	H@20 1.000000	H@50 1.000000	H@100 1.000000
INFO:kbc-cli.py:Final 	test results	MRR 0.962917	H@1 0.936460	H@3 0.991679	H@5 0.996218	H@10 0.997731	H@20 0.998487	H@50 1.000000	H@100 1.000000
INFO:kbc-cli.py:Training finished
