./bin/kbc-cli.py --train data/umls/train.tsv --dev data/umls/dev.tsv --test data/umls/test.tsv -m complex -k 1000 -b 50 -e 100 --F2 0 --N3 0.05 -l 0.1 -I standard -V 3 -o adagrad -c spo -q
{'F2': 0.0,
 'N3': 0.05,
 'batch_size': 50,
 'corruption': 'spo',
 'dev': 'data/umls/dev.tsv',
 'embedding_size': 1000,
 'epochs': 100,
 'eval_batch_size': None,
 'input_type': 'standard',
 'learning_rate': 0.1,
 'load': None,
 'model': 'complex',
 'optimizer': 'adagrad',
 'quiet': True,
 'save': None,
 'seed': 0,
 'test': 'data/umls/test.tsv',
 'test_i': None,
 'test_ii': None,
 'train': 'data/umls/train.tsv',
 'validate_every': 3}
INFO:kbc-cli.py:Device: cuda
INFO:kbc-cli.py:Model state:
INFO:kbc-cli.py:	entities.weight	torch.Size([135, 2000])
INFO:kbc-cli.py:	predicates.weight	torch.Size([46, 2000])
INFO:kbc-cli.py:Epoch 1/100	Loss 11.1433 ± 1.9466
INFO:kbc-cli.py:Epoch 2/100	Loss 8.6156 ± 0.2316
INFO:kbc-cli.py:Epoch 3/100	Loss 8.3115 ± 0.2449
INFO:kbc-cli.py:Epoch 3/100	dev results	MRR 0.904315	H@1 0.829755	H@3 0.974693	H@5 0.987730	H@10 0.995399	H@20 0.996933	H@50 1.000000	H@100 1.000000
INFO:kbc-cli.py:Epoch 3/100	test results	MRR 0.895071	H@1 0.813162	H@3 0.974281	H@5 0.983359	H@10 0.994705	H@20 0.996974	H@50 0.999244	H@100 0.999244
INFO:kbc-cli.py:Epoch 4/100	Loss 8.1762 ± 0.2385
INFO:kbc-cli.py:Epoch 5/100	Loss 8.1107 ± 0.2304
INFO:kbc-cli.py:Epoch 6/100	Loss 8.0551 ± 0.2134
INFO:kbc-cli.py:Epoch 6/100	dev results	MRR 0.893172	H@1 0.801380	H@3 0.984663	H@5 0.990798	H@10 0.994632	H@20 0.997699	H@50 1.000000	H@100 1.000000
INFO:kbc-cli.py:Epoch 6/100	test results	MRR 0.882868	H@1 0.782148	H@3 0.981846	H@5 0.990166	H@10 0.996218	H@20 0.997731	H@50 0.999244	H@100 1.000000
INFO:kbc-cli.py:Epoch 7/100	Loss 8.0167 ± 0.2270
INFO:kbc-cli.py:Epoch 8/100	Loss 7.9871 ± 0.2454
INFO:kbc-cli.py:Epoch 9/100	Loss 7.9578 ± 0.2495
INFO:kbc-cli.py:Epoch 9/100	dev results	MRR 0.922268	H@1 0.858129	H@3 0.983129	H@5 0.991564	H@10 0.995399	H@20 0.998466	H@50 1.000000	H@100 1.000000
INFO:kbc-cli.py:Epoch 9/100	test results	MRR 0.915146	H@1 0.843419	H@3 0.984871	H@5 0.992436	H@10 0.996218	H@20 0.997731	H@50 0.999244	H@100 1.000000
INFO:kbc-cli.py:Epoch 10/100	Loss 7.9447 ± 0.2373
INFO:kbc-cli.py:Epoch 11/100	Loss 7.9229 ± 0.2042
INFO:kbc-cli.py:Epoch 12/100	Loss 7.9079 ± 0.2301
INFO:kbc-cli.py:Epoch 12/100	dev results	MRR 0.916518	H@1 0.847393	H@3 0.985429	H@5 0.990798	H@10 0.995399	H@20 0.998466	H@50 1.000000	H@100 1.000000
INFO:kbc-cli.py:Epoch 12/100	test results	MRR 0.910013	H@1 0.832073	H@3 0.987897	H@5 0.992436	H@10 0.996974	H@20 0.997731	H@50 0.999244	H@100 1.000000
INFO:kbc-cli.py:Epoch 13/100	Loss 7.8964 ± 0.2119
INFO:kbc-cli.py:Epoch 14/100	Loss 7.8833 ± 0.2122
INFO:kbc-cli.py:Epoch 15/100	Loss 7.8754 ± 0.2344
INFO:kbc-cli.py:Epoch 15/100	dev results	MRR 0.925131	H@1 0.863497	H@3 0.984663	H@5 0.990798	H@10 0.996166	H@20 0.998466	H@50 1.000000	H@100 1.000000
INFO:kbc-cli.py:Epoch 15/100	test results	MRR 0.923332	H@1 0.860817	H@3 0.986384	H@5 0.990923	H@10 0.996974	H@20 0.997731	H@50 1.000000	H@100 1.000000
INFO:kbc-cli.py:Epoch 16/100	Loss 7.8585 ± 0.2027
INFO:kbc-cli.py:Epoch 17/100	Loss 7.8503 ± 0.2158
INFO:kbc-cli.py:Epoch 18/100	Loss 7.8395 ± 0.2178
INFO:kbc-cli.py:Epoch 18/100	dev results	MRR 0.915103	H@1 0.844325	H@3 0.983896	H@5 0.988497	H@10 0.995399	H@20 0.999233	H@50 1.000000	H@100 1.000000
INFO:kbc-cli.py:Epoch 18/100	test results	MRR 0.916507	H@1 0.846445	H@3 0.985628	H@5 0.992436	H@10 0.996974	H@20 0.997731	H@50 1.000000	H@100 1.000000
INFO:kbc-cli.py:Epoch 19/100	Loss 7.8323 ± 0.2098
INFO:kbc-cli.py:Epoch 20/100	Loss 7.8282 ± 0.2281
INFO:kbc-cli.py:Epoch 21/100	Loss 7.8240 ± 0.2347
INFO:kbc-cli.py:Epoch 21/100	dev results	MRR 0.925615	H@1 0.865031	H@3 0.986196	H@5 0.991564	H@10 0.996166	H@20 0.999233	H@50 1.000000	H@100 1.000000
INFO:kbc-cli.py:Epoch 21/100	test results	MRR 0.924616	H@1 0.860817	H@3 0.986384	H@5 0.993949	H@10 0.997731	H@20 0.998487	H@50 1.000000	H@100 1.000000
INFO:kbc-cli.py:Epoch 22/100	Loss 7.8098 ± 0.2329
INFO:kbc-cli.py:Epoch 23/100	Loss 7.8106 ± 0.1976
INFO:kbc-cli.py:Epoch 24/100	Loss 7.8032 ± 0.2137
INFO:kbc-cli.py:Epoch 24/100	dev results	MRR 0.916049	H@1 0.846626	H@3 0.984663	H@5 0.990031	H@10 0.996933	H@20 0.998466	H@50 1.000000	H@100 1.000000
INFO:kbc-cli.py:Epoch 24/100	test results	MRR 0.918812	H@1 0.849470	H@3 0.987141	H@5 0.993949	H@10 0.996974	H@20 0.997731	H@50 1.000000	H@100 1.000000
INFO:kbc-cli.py:Epoch 25/100	Loss 7.8015 ± 0.2124
INFO:kbc-cli.py:Epoch 26/100	Loss 7.7915 ± 0.2220
INFO:kbc-cli.py:Epoch 27/100	Loss 7.7951 ± 0.2198
INFO:kbc-cli.py:Epoch 27/100	dev results	MRR 0.918526	H@1 0.850460	H@3 0.984663	H@5 0.990798	H@10 0.997699	H@20 0.999233	H@50 1.000000	H@100 1.000000
INFO:kbc-cli.py:Epoch 27/100	test results	MRR 0.921435	H@1 0.855522	H@3 0.985628	H@5 0.992436	H@10 0.996974	H@20 0.997731	H@50 1.000000	H@100 1.000000
INFO:kbc-cli.py:Epoch 28/100	Loss 7.7828 ± 0.2486
INFO:kbc-cli.py:Epoch 29/100	Loss 7.7836 ± 0.2099
INFO:kbc-cli.py:Epoch 30/100	Loss 7.7799 ± 0.2084
INFO:kbc-cli.py:Epoch 30/100	dev results	MRR 0.930924	H@1 0.875000	H@3 0.986196	H@5 0.990798	H@10 0.997699	H@20 0.998466	H@50 1.000000	H@100 1.000000
INFO:kbc-cli.py:Epoch 30/100	test results	MRR 0.936407	H@1 0.885023	H@3 0.985628	H@5 0.992436	H@10 0.996974	H@20 0.997731	H@50 1.000000	H@100 1.000000
INFO:kbc-cli.py:Epoch 31/100	Loss 7.7756 ± 0.2233
INFO:kbc-cli.py:Epoch 32/100	Loss 7.7691 ± 0.2365
INFO:kbc-cli.py:Epoch 33/100	Loss 7.7687 ± 0.2114
INFO:kbc-cli.py:Epoch 33/100	dev results	MRR 0.934522	H@1 0.881902	H@3 0.985429	H@5 0.991564	H@10 0.996933	H@20 0.999233	H@50 1.000000	H@100 1.000000
INFO:kbc-cli.py:Epoch 33/100	test results	MRR 0.935061	H@1 0.881997	H@3 0.987897	H@5 0.992436	H@10 0.997731	H@20 0.997731	H@50 1.000000	H@100 1.000000
INFO:kbc-cli.py:Epoch 34/100	Loss 7.7639 ± 0.2183
INFO:kbc-cli.py:Epoch 35/100	Loss 7.7633 ± 0.2173
INFO:kbc-cli.py:Epoch 36/100	Loss 7.7578 ± 0.2096
INFO:kbc-cli.py:Epoch 36/100	dev results	MRR 0.926232	H@1 0.865798	H@3 0.986196	H@5 0.990031	H@10 0.996933	H@20 0.998466	H@50 1.000000	H@100 1.000000
INFO:kbc-cli.py:Epoch 36/100	test results	MRR 0.930541	H@1 0.872920	H@3 0.987897	H@5 0.993192	H@10 0.997731	H@20 0.997731	H@50 1.000000	H@100 1.000000
INFO:kbc-cli.py:Epoch 37/100	Loss 7.7600 ± 0.2011
INFO:kbc-cli.py:Epoch 38/100	Loss 7.7488 ± 0.2194
INFO:kbc-cli.py:Epoch 39/100	Loss 7.7505 ± 0.2414
INFO:kbc-cli.py:Epoch 39/100	dev results	MRR 0.934017	H@1 0.882669	H@3 0.984663	H@5 0.990798	H@10 0.996166	H@20 0.998466	H@50 1.000000	H@100 1.000000
INFO:kbc-cli.py:Epoch 39/100	test results	MRR 0.934161	H@1 0.880484	H@3 0.987897	H@5 0.992436	H@10 0.997731	H@20 0.997731	H@50 1.000000	H@100 1.000000
INFO:kbc-cli.py:Epoch 40/100	Loss 7.7503 ± 0.2109
INFO:kbc-cli.py:Epoch 41/100	Loss 7.7420 ± 0.2202
INFO:kbc-cli.py:Epoch 42/100	Loss 7.7441 ± 0.2052
INFO:kbc-cli.py:Epoch 42/100	dev results	MRR 0.937605	H@1 0.888804	H@3 0.983896	H@5 0.990031	H@10 0.995399	H@20 0.998466	H@50 1.000000	H@100 1.000000
INFO:kbc-cli.py:Epoch 42/100	test results	MRR 0.938488	H@1 0.888805	H@3 0.986384	H@5 0.992436	H@10 0.996974	H@20 0.997731	H@50 1.000000	H@100 1.000000
INFO:kbc-cli.py:Epoch 43/100	Loss 7.7438 ± 0.2346
INFO:kbc-cli.py:Epoch 44/100	Loss 7.7374 ± 0.2077
INFO:kbc-cli.py:Epoch 45/100	Loss 7.7381 ± 0.2097
INFO:kbc-cli.py:Epoch 45/100	dev results	MRR 0.933201	H@1 0.878834	H@3 0.985429	H@5 0.990031	H@10 0.996933	H@20 0.999233	H@50 1.000000	H@100 1.000000
INFO:kbc-cli.py:Epoch 45/100	test results	MRR 0.934665	H@1 0.879728	H@3 0.988654	H@5 0.993949	H@10 0.996974	H@20 0.997731	H@50 1.000000	H@100 1.000000
INFO:kbc-cli.py:Epoch 46/100	Loss 7.7304 ± 0.1825
INFO:kbc-cli.py:Epoch 47/100	Loss 7.7289 ± 0.2145
INFO:kbc-cli.py:Epoch 48/100	Loss 7.7318 ± 0.2082
INFO:kbc-cli.py:Epoch 48/100	dev results	MRR 0.924409	H@1 0.861963	H@3 0.985429	H@5 0.990798	H@10 0.996933	H@20 0.998466	H@50 1.000000	H@100 1.000000
INFO:kbc-cli.py:Epoch 48/100	test results	MRR 0.930160	H@1 0.870651	H@3 0.987897	H@5 0.993192	H@10 0.996974	H@20 0.997731	H@50 1.000000	H@100 1.000000
INFO:kbc-cli.py:Epoch 49/100	Loss 7.7290 ± 0.2102
INFO:kbc-cli.py:Epoch 50/100	Loss 7.7277 ± 0.2033
INFO:kbc-cli.py:Epoch 51/100	Loss 7.7228 ± 0.1969
INFO:kbc-cli.py:Epoch 51/100	dev results	MRR 0.935187	H@1 0.883436	H@3 0.986963	H@5 0.991564	H@10 0.996933	H@20 0.998466	H@50 1.000000	H@100 1.000000
INFO:kbc-cli.py:Epoch 51/100	test results	MRR 0.935142	H@1 0.881997	H@3 0.987897	H@5 0.991679	H@10 0.996218	H@20 0.997731	H@50 1.000000	H@100 1.000000
INFO:kbc-cli.py:Epoch 52/100	Loss 7.7196 ± 0.2134
INFO:kbc-cli.py:Epoch 53/100	Loss 7.7234 ± 0.1761
INFO:kbc-cli.py:Epoch 54/100	Loss 7.7202 ± 0.2265
INFO:kbc-cli.py:Epoch 54/100	dev results	MRR 0.929822	H@1 0.871933	H@3 0.989264	H@5 0.991564	H@10 0.996933	H@20 0.998466	H@50 1.000000	H@100 1.000000
INFO:kbc-cli.py:Epoch 54/100	test results	MRR 0.932889	H@1 0.876702	H@3 0.987141	H@5 0.993192	H@10 0.997731	H@20 0.997731	H@50 1.000000	H@100 1.000000
INFO:kbc-cli.py:Epoch 55/100	Loss 7.7187 ± 0.2229
INFO:kbc-cli.py:Epoch 56/100	Loss 7.7151 ± 0.2175
INFO:kbc-cli.py:Epoch 57/100	Loss 7.7148 ± 0.2115
INFO:kbc-cli.py:Epoch 57/100	dev results	MRR 0.939014	H@1 0.890337	H@3 0.987730	H@5 0.991564	H@10 0.996166	H@20 0.998466	H@50 1.000000	H@100 1.000000
INFO:kbc-cli.py:Epoch 57/100	test results	MRR 0.935747	H@1 0.883510	H@3 0.986384	H@5 0.993949	H@10 0.997731	H@20 0.997731	H@50 1.000000	H@100 1.000000
INFO:kbc-cli.py:Epoch 58/100	Loss 7.7136 ± 0.1942
INFO:kbc-cli.py:Epoch 59/100	Loss 7.7088 ± 0.2046
INFO:kbc-cli.py:Epoch 60/100	Loss 7.7120 ± 0.2086
INFO:kbc-cli.py:Epoch 60/100	dev results	MRR 0.929274	H@1 0.871166	H@3 0.986963	H@5 0.990798	H@10 0.996933	H@20 0.998466	H@50 1.000000	H@100 1.000000
INFO:kbc-cli.py:Epoch 60/100	test results	MRR 0.928762	H@1 0.869138	H@3 0.986384	H@5 0.993949	H@10 0.996974	H@20 0.997731	H@50 1.000000	H@100 1.000000
INFO:kbc-cli.py:Epoch 61/100	Loss 7.7059 ± 0.2091
INFO:kbc-cli.py:Epoch 62/100	Loss 7.7133 ± 0.2121
INFO:kbc-cli.py:Epoch 63/100	Loss 7.7065 ± 0.2099
INFO:kbc-cli.py:Epoch 63/100	dev results	MRR 0.931870	H@1 0.877301	H@3 0.984663	H@5 0.991564	H@10 0.996166	H@20 0.998466	H@50 1.000000	H@100 1.000000
INFO:kbc-cli.py:Epoch 63/100	test results	MRR 0.931645	H@1 0.875189	H@3 0.986384	H@5 0.993192	H@10 0.996974	H@20 0.997731	H@50 1.000000	H@100 1.000000
INFO:kbc-cli.py:Epoch 64/100	Loss 7.7059 ± 0.1783
INFO:kbc-cli.py:Epoch 65/100	Loss 7.7033 ± 0.2203
INFO:kbc-cli.py:Epoch 66/100	Loss 7.7025 ± 0.1827
INFO:kbc-cli.py:Epoch 66/100	dev results	MRR 0.938040	H@1 0.888804	H@3 0.986196	H@5 0.990798	H@10 0.996933	H@20 0.998466	H@50 1.000000	H@100 1.000000
INFO:kbc-cli.py:Epoch 66/100	test results	MRR 0.934257	H@1 0.880484	H@3 0.987897	H@5 0.993192	H@10 0.997731	H@20 0.997731	H@50 1.000000	H@100 1.000000
INFO:kbc-cli.py:Epoch 67/100	Loss 7.7025 ± 0.1982
INFO:kbc-cli.py:Epoch 68/100	Loss 7.6987 ± 0.1846
INFO:kbc-cli.py:Epoch 69/100	Loss 7.6999 ± 0.2021
INFO:kbc-cli.py:Epoch 69/100	dev results	MRR 0.944069	H@1 0.901074	H@3 0.985429	H@5 0.992331	H@10 0.996933	H@20 0.998466	H@50 1.000000	H@100 1.000000
INFO:kbc-cli.py:Epoch 69/100	test results	MRR 0.940957	H@1 0.894100	H@3 0.988654	H@5 0.993949	H@10 0.997731	H@20 0.997731	H@50 1.000000	H@100 1.000000
INFO:kbc-cli.py:Epoch 70/100	Loss 7.6976 ± 0.2389
INFO:kbc-cli.py:Epoch 71/100	Loss 7.6982 ± 0.2074
INFO:kbc-cli.py:Epoch 72/100	Loss 7.7001 ± 0.2224
INFO:kbc-cli.py:Epoch 72/100	dev results	MRR 0.937194	H@1 0.887270	H@3 0.986963	H@5 0.990798	H@10 0.996166	H@20 0.998466	H@50 1.000000	H@100 1.000000
INFO:kbc-cli.py:Epoch 72/100	test results	MRR 0.938903	H@1 0.890318	H@3 0.987141	H@5 0.993192	H@10 0.996974	H@20 0.998487	H@50 1.000000	H@100 1.000000
INFO:kbc-cli.py:Epoch 73/100	Loss 7.6963 ± 0.2021
INFO:kbc-cli.py:Epoch 74/100	Loss 7.6952 ± 0.2288
INFO:kbc-cli.py:Epoch 75/100	Loss 7.6888 ± 0.2042
INFO:kbc-cli.py:Epoch 75/100	dev results	MRR 0.938594	H@1 0.890337	H@3 0.986963	H@5 0.990798	H@10 0.996166	H@20 0.998466	H@50 1.000000	H@100 1.000000
INFO:kbc-cli.py:Epoch 75/100	test results	MRR 0.936931	H@1 0.885779	H@3 0.988654	H@5 0.993949	H@10 0.996974	H@20 0.998487	H@50 1.000000	H@100 1.000000
INFO:kbc-cli.py:Epoch 76/100	Loss 7.6973 ± 0.2274
INFO:kbc-cli.py:Epoch 77/100	Loss 7.6890 ± 0.1968
INFO:kbc-cli.py:Epoch 78/100	Loss 7.6903 ± 0.1951
INFO:kbc-cli.py:Epoch 78/100	dev results	MRR 0.935087	H@1 0.883436	H@3 0.985429	H@5 0.990798	H@10 0.996166	H@20 0.998466	H@50 1.000000	H@100 1.000000
INFO:kbc-cli.py:Epoch 78/100	test results	MRR 0.939303	H@1 0.890318	H@3 0.988654	H@5 0.993192	H@10 0.997731	H@20 0.998487	H@50 1.000000	H@100 1.000000
INFO:kbc-cli.py:Epoch 79/100	Loss 7.6915 ± 0.1973
INFO:kbc-cli.py:Epoch 80/100	Loss 7.6884 ± 0.1863
INFO:kbc-cli.py:Epoch 81/100	Loss 7.6869 ± 0.1784
INFO:kbc-cli.py:Epoch 81/100	dev results	MRR 0.939618	H@1 0.891871	H@3 0.986963	H@5 0.991564	H@10 0.996166	H@20 0.998466	H@50 1.000000	H@100 1.000000
INFO:kbc-cli.py:Epoch 81/100	test results	MRR 0.936820	H@1 0.885779	H@3 0.987141	H@5 0.993949	H@10 0.997731	H@20 0.998487	H@50 1.000000	H@100 1.000000
INFO:kbc-cli.py:Epoch 82/100	Loss 7.6791 ± 0.2175
INFO:kbc-cli.py:Epoch 83/100	Loss 7.6845 ± 0.2080
INFO:kbc-cli.py:Epoch 84/100	Loss 7.6850 ± 0.2192
INFO:kbc-cli.py:Epoch 84/100	dev results	MRR 0.940552	H@1 0.894172	H@3 0.985429	H@5 0.991564	H@10 0.996933	H@20 0.998466	H@50 1.000000	H@100 1.000000
INFO:kbc-cli.py:Epoch 84/100	test results	MRR 0.938701	H@1 0.888805	H@3 0.988654	H@5 0.993949	H@10 0.996974	H@20 0.998487	H@50 1.000000	H@100 1.000000
INFO:kbc-cli.py:Epoch 85/100	Loss 7.6859 ± 0.2065
INFO:kbc-cli.py:Epoch 86/100	Loss 7.6831 ± 0.1943
INFO:kbc-cli.py:Epoch 87/100	Loss 7.6791 ± 0.1904
INFO:kbc-cli.py:Epoch 87/100	dev results	MRR 0.946217	H@1 0.904908	H@3 0.987730	H@5 0.990798	H@10 0.996166	H@20 0.999233	H@50 1.000000	H@100 1.000000
INFO:kbc-cli.py:Epoch 87/100	test results	MRR 0.944348	H@1 0.899395	H@3 0.989410	H@5 0.993949	H@10 0.997731	H@20 0.998487	H@50 1.000000	H@100 1.000000
INFO:kbc-cli.py:Epoch 88/100	Loss 7.6803 ± 0.1952
INFO:kbc-cli.py:Epoch 89/100	Loss 7.6812 ± 0.2153
INFO:kbc-cli.py:Epoch 90/100	Loss 7.6791 ± 0.1951
INFO:kbc-cli.py:Epoch 90/100	dev results	MRR 0.936935	H@1 0.886503	H@3 0.987730	H@5 0.990031	H@10 0.996166	H@20 0.998466	H@50 1.000000	H@100 1.000000
INFO:kbc-cli.py:Epoch 90/100	test results	MRR 0.937176	H@1 0.886536	H@3 0.987141	H@5 0.993949	H@10 0.997731	H@20 0.998487	H@50 1.000000	H@100 1.000000
INFO:kbc-cli.py:Epoch 91/100	Loss 7.6811 ± 0.1994
INFO:kbc-cli.py:Epoch 92/100	Loss 7.6804 ± 0.1999
INFO:kbc-cli.py:Epoch 93/100	Loss 7.6731 ± 0.2123
INFO:kbc-cli.py:Epoch 93/100	dev results	MRR 0.938675	H@1 0.889571	H@3 0.988497	H@5 0.990031	H@10 0.996166	H@20 0.998466	H@50 1.000000	H@100 1.000000
INFO:kbc-cli.py:Epoch 93/100	test results	MRR 0.935287	H@1 0.882753	H@3 0.987141	H@5 0.993949	H@10 0.997731	H@20 0.998487	H@50 1.000000	H@100 1.000000
INFO:kbc-cli.py:Epoch 94/100	Loss 7.6780 ± 0.1912
INFO:kbc-cli.py:Epoch 95/100	Loss 7.6764 ± 0.2090
INFO:kbc-cli.py:Epoch 96/100	Loss 7.6717 ± 0.2038
INFO:kbc-cli.py:Epoch 96/100	dev results	MRR 0.943124	H@1 0.898006	H@3 0.986963	H@5 0.990798	H@10 0.996933	H@20 0.998466	H@50 1.000000	H@100 1.000000
INFO:kbc-cli.py:Epoch 96/100	test results	MRR 0.941061	H@1 0.894100	H@3 0.987897	H@5 0.993949	H@10 0.997731	H@20 0.998487	H@50 1.000000	H@100 1.000000
INFO:kbc-cli.py:Epoch 97/100	Loss 7.6765 ± 0.2248
INFO:kbc-cli.py:Epoch 98/100	Loss 7.6753 ± 0.1959
INFO:kbc-cli.py:Epoch 99/100	Loss 7.6709 ± 0.1900
INFO:kbc-cli.py:Epoch 99/100	dev results	MRR 0.937495	H@1 0.888037	H@3 0.986963	H@5 0.990031	H@10 0.996166	H@20 0.998466	H@50 1.000000	H@100 1.000000
INFO:kbc-cli.py:Epoch 99/100	test results	MRR 0.938359	H@1 0.888805	H@3 0.987897	H@5 0.993949	H@10 0.997731	H@20 0.998487	H@50 1.000000	H@100 1.000000
INFO:kbc-cli.py:Epoch 100/100	Loss 7.6684 ± 0.2125
INFO:kbc-cli.py:Final 	dev results	MRR 0.941974	H@1 0.897239	H@3 0.985429	H@5 0.990798	H@10 0.996166	H@20 0.998466	H@50 1.000000	H@100 1.000000
INFO:kbc-cli.py:Final 	test results	MRR 0.943103	H@1 0.897882	H@3 0.988654	H@5 0.993949	H@10 0.997731	H@20 0.998487	H@50 1.000000	H@100 1.000000
INFO:kbc-cli.py:Training finished
