./bin/kbc-cli.py --train data/nations/train.tsv --dev data/nations/dev.tsv --test data/nations/test.tsv -m complex -k 1000 -b 10 -e 100 --F2 0 --N3 0.05 -l 0.1 -I standard -V 3 -o adagrad -c so -q
{'F2': 0.0,
 'N3': 0.05,
 'batch_size': 10,
 'corruption': 'so',
 'dev': 'data/nations/dev.tsv',
 'embedding_size': 1000,
 'epochs': 100,
 'eval_batch_size': None,
 'input_type': 'standard',
 'learning_rate': 0.1,
 'load': None,
 'model': 'complex',
 'optimizer': 'adagrad',
 'quiet': True,
 'save': None,
 'seed': 0,
 'test': 'data/nations/test.tsv',
 'test_i': None,
 'test_ii': None,
 'train': 'data/nations/train.tsv',
 'validate_every': 3}
INFO:kbc-cli.py:Device: cuda
INFO:kbc-cli.py:Model state:
INFO:kbc-cli.py:	entities.weight	torch.Size([14, 2000])
INFO:kbc-cli.py:	predicates.weight	torch.Size([55, 2000])
INFO:kbc-cli.py:Epoch 1/100	Loss 5.6615 ± 0.3618
INFO:kbc-cli.py:Epoch 2/100	Loss 5.1730 ± 0.1706
INFO:kbc-cli.py:Epoch 3/100	Loss 5.0512 ± 0.2416
INFO:kbc-cli.py:Epoch 3/100	dev results	MRR 0.738466	H@1 0.600503	H@3 0.849246	H@5 0.924623	H@10 0.992462	H@20 1.000000	H@50 1.000000	H@100 1.000000
INFO:kbc-cli.py:Epoch 3/100	test results	MRR 0.765085	H@1 0.639303	H@3 0.860697	H@5 0.942786	H@10 0.995025	H@20 1.000000	H@50 1.000000	H@100 1.000000
INFO:kbc-cli.py:Epoch 4/100	Loss 4.9750 ± 0.2858
INFO:kbc-cli.py:Epoch 5/100	Loss 4.9277 ± 0.2827
INFO:kbc-cli.py:Epoch 6/100	Loss 4.8927 ± 0.2778
INFO:kbc-cli.py:Epoch 6/100	dev results	MRR 0.750209	H@1 0.625628	H@3 0.846734	H@5 0.937186	H@10 0.994975	H@20 1.000000	H@50 1.000000	H@100 1.000000
INFO:kbc-cli.py:Epoch 6/100	test results	MRR 0.785660	H@1 0.669154	H@3 0.885572	H@5 0.947761	H@10 1.000000	H@20 1.000000	H@50 1.000000	H@100 1.000000
INFO:kbc-cli.py:Epoch 7/100	Loss 4.8640 ± 0.2597
INFO:kbc-cli.py:Epoch 8/100	Loss 4.8438 ± 0.2610
INFO:kbc-cli.py:Epoch 9/100	Loss 4.8310 ± 0.2938
INFO:kbc-cli.py:Epoch 9/100	dev results	MRR 0.765746	H@1 0.638191	H@3 0.876884	H@5 0.957286	H@10 0.997487	H@20 1.000000	H@50 1.000000	H@100 1.000000
INFO:kbc-cli.py:Epoch 9/100	test results	MRR 0.782378	H@1 0.661692	H@3 0.888060	H@5 0.947761	H@10 0.997512	H@20 1.000000	H@50 1.000000	H@100 1.000000
INFO:kbc-cli.py:Epoch 10/100	Loss 4.8150 ± 0.3002
INFO:kbc-cli.py:Epoch 11/100	Loss 4.8023 ± 0.2900
INFO:kbc-cli.py:Epoch 12/100	Loss 4.7866 ± 0.2922
INFO:kbc-cli.py:Epoch 12/100	dev results	MRR 0.765883	H@1 0.638191	H@3 0.876884	H@5 0.954774	H@10 0.997487	H@20 1.000000	H@50 1.000000	H@100 1.000000
INFO:kbc-cli.py:Epoch 12/100	test results	MRR 0.783391	H@1 0.661692	H@3 0.893035	H@5 0.957711	H@10 0.997512	H@20 1.000000	H@50 1.000000	H@100 1.000000
INFO:kbc-cli.py:Epoch 13/100	Loss 4.7727 ± 0.3011
INFO:kbc-cli.py:Epoch 14/100	Loss 4.7688 ± 0.3038
INFO:kbc-cli.py:Epoch 15/100	Loss 4.7518 ± 0.3159
INFO:kbc-cli.py:Epoch 15/100	dev results	MRR 0.771885	H@1 0.650754	H@3 0.861809	H@5 0.947236	H@10 1.000000	H@20 1.000000	H@50 1.000000	H@100 1.000000
INFO:kbc-cli.py:Epoch 15/100	test results	MRR 0.782726	H@1 0.659204	H@3 0.890547	H@5 0.952736	H@10 0.997512	H@20 1.000000	H@50 1.000000	H@100 1.000000
INFO:kbc-cli.py:Epoch 16/100	Loss 4.7524 ± 0.3362
INFO:kbc-cli.py:Epoch 17/100	Loss 4.7415 ± 0.2767
INFO:kbc-cli.py:Epoch 18/100	Loss 4.7342 ± 0.2919
INFO:kbc-cli.py:Epoch 18/100	dev results	MRR 0.771606	H@1 0.650754	H@3 0.866834	H@5 0.952261	H@10 1.000000	H@20 1.000000	H@50 1.000000	H@100 1.000000
INFO:kbc-cli.py:Epoch 18/100	test results	MRR 0.778909	H@1 0.654229	H@3 0.890547	H@5 0.950249	H@10 1.000000	H@20 1.000000	H@50 1.000000	H@100 1.000000
INFO:kbc-cli.py:Epoch 19/100	Loss 4.7312 ± 0.3041
INFO:kbc-cli.py:Epoch 20/100	Loss 4.7343 ± 0.3000
INFO:kbc-cli.py:Epoch 21/100	Loss 4.7250 ± 0.3079
INFO:kbc-cli.py:Epoch 21/100	dev results	MRR 0.773577	H@1 0.653266	H@3 0.869347	H@5 0.954774	H@10 1.000000	H@20 1.000000	H@50 1.000000	H@100 1.000000
INFO:kbc-cli.py:Epoch 21/100	test results	MRR 0.776938	H@1 0.651741	H@3 0.893035	H@5 0.957711	H@10 0.997512	H@20 1.000000	H@50 1.000000	H@100 1.000000
INFO:kbc-cli.py:Epoch 22/100	Loss 4.7214 ± 0.2930
INFO:kbc-cli.py:Epoch 23/100	Loss 4.7183 ± 0.2884
INFO:kbc-cli.py:Epoch 24/100	Loss 4.7147 ± 0.3056
INFO:kbc-cli.py:Epoch 24/100	dev results	MRR 0.764046	H@1 0.633166	H@3 0.874372	H@5 0.952261	H@10 1.000000	H@20 1.000000	H@50 1.000000	H@100 1.000000
INFO:kbc-cli.py:Epoch 24/100	test results	MRR 0.766456	H@1 0.631841	H@3 0.883085	H@5 0.947761	H@10 0.997512	H@20 1.000000	H@50 1.000000	H@100 1.000000
INFO:kbc-cli.py:Epoch 25/100	Loss 4.7090 ± 0.2872
INFO:kbc-cli.py:Epoch 26/100	Loss 4.7009 ± 0.2855
INFO:kbc-cli.py:Epoch 27/100	Loss 4.7056 ± 0.3016
INFO:kbc-cli.py:Epoch 27/100	dev results	MRR 0.764504	H@1 0.640704	H@3 0.856784	H@5 0.952261	H@10 1.000000	H@20 1.000000	H@50 1.000000	H@100 1.000000
INFO:kbc-cli.py:Epoch 27/100	test results	MRR 0.769220	H@1 0.636816	H@3 0.885572	H@5 0.952736	H@10 0.997512	H@20 1.000000	H@50 1.000000	H@100 1.000000
INFO:kbc-cli.py:Epoch 28/100	Loss 4.6979 ± 0.2780
INFO:kbc-cli.py:Epoch 29/100	Loss 4.6935 ± 0.2748
INFO:kbc-cli.py:Epoch 30/100	Loss 4.6920 ± 0.2695
INFO:kbc-cli.py:Epoch 30/100	dev results	MRR 0.766611	H@1 0.643216	H@3 0.866834	H@5 0.954774	H@10 1.000000	H@20 1.000000	H@50 1.000000	H@100 1.000000
INFO:kbc-cli.py:Epoch 30/100	test results	MRR 0.764468	H@1 0.626866	H@3 0.885572	H@5 0.947761	H@10 0.997512	H@20 1.000000	H@50 1.000000	H@100 1.000000
INFO:kbc-cli.py:Epoch 31/100	Loss 4.6848 ± 0.3142
INFO:kbc-cli.py:Epoch 32/100	Loss 4.6888 ± 0.2789
INFO:kbc-cli.py:Epoch 33/100	Loss 4.6889 ± 0.2837
INFO:kbc-cli.py:Epoch 33/100	dev results	MRR 0.764757	H@1 0.638191	H@3 0.859296	H@5 0.952261	H@10 0.997487	H@20 1.000000	H@50 1.000000	H@100 1.000000
INFO:kbc-cli.py:Epoch 33/100	test results	MRR 0.763104	H@1 0.621891	H@3 0.888060	H@5 0.952736	H@10 0.997512	H@20 1.000000	H@50 1.000000	H@100 1.000000
INFO:kbc-cli.py:Epoch 34/100	Loss 4.6841 ± 0.3041
INFO:kbc-cli.py:Epoch 35/100	Loss 4.6822 ± 0.2816
INFO:kbc-cli.py:Epoch 36/100	Loss 4.6810 ± 0.2757
INFO:kbc-cli.py:Epoch 36/100	dev results	MRR 0.757458	H@1 0.628141	H@3 0.864322	H@5 0.952261	H@10 1.000000	H@20 1.000000	H@50 1.000000	H@100 1.000000
INFO:kbc-cli.py:Epoch 36/100	test results	MRR 0.760764	H@1 0.619403	H@3 0.885572	H@5 0.952736	H@10 1.000000	H@20 1.000000	H@50 1.000000	H@100 1.000000
INFO:kbc-cli.py:Epoch 37/100	Loss 4.6790 ± 0.2932
INFO:kbc-cli.py:Epoch 38/100	Loss 4.6725 ± 0.2773
INFO:kbc-cli.py:Epoch 39/100	Loss 4.6742 ± 0.2896
INFO:kbc-cli.py:Epoch 39/100	dev results	MRR 0.756638	H@1 0.625628	H@3 0.864322	H@5 0.952261	H@10 1.000000	H@20 1.000000	H@50 1.000000	H@100 1.000000
INFO:kbc-cli.py:Epoch 39/100	test results	MRR 0.761138	H@1 0.616915	H@3 0.888060	H@5 0.952736	H@10 1.000000	H@20 1.000000	H@50 1.000000	H@100 1.000000
INFO:kbc-cli.py:Epoch 40/100	Loss 4.6771 ± 0.2924
INFO:kbc-cli.py:Epoch 41/100	Loss 4.6733 ± 0.2709
INFO:kbc-cli.py:Epoch 42/100	Loss 4.6708 ± 0.2874
INFO:kbc-cli.py:Epoch 42/100	dev results	MRR 0.759205	H@1 0.628141	H@3 0.871859	H@5 0.954774	H@10 0.997487	H@20 1.000000	H@50 1.000000	H@100 1.000000
INFO:kbc-cli.py:Epoch 42/100	test results	MRR 0.763406	H@1 0.621891	H@3 0.888060	H@5 0.952736	H@10 1.000000	H@20 1.000000	H@50 1.000000	H@100 1.000000
INFO:kbc-cli.py:Epoch 43/100	Loss 4.6645 ± 0.2751
INFO:kbc-cli.py:Epoch 44/100	Loss 4.6655 ± 0.3048
INFO:kbc-cli.py:Epoch 45/100	Loss 4.6657 ± 0.2958
INFO:kbc-cli.py:Epoch 45/100	dev results	MRR 0.757109	H@1 0.625628	H@3 0.871859	H@5 0.954774	H@10 0.994975	H@20 1.000000	H@50 1.000000	H@100 1.000000
INFO:kbc-cli.py:Epoch 45/100	test results	MRR 0.752903	H@1 0.601990	H@3 0.888060	H@5 0.952736	H@10 1.000000	H@20 1.000000	H@50 1.000000	H@100 1.000000
INFO:kbc-cli.py:Epoch 46/100	Loss 4.6629 ± 0.2776
INFO:kbc-cli.py:Epoch 47/100	Loss 4.6638 ± 0.3077
INFO:kbc-cli.py:Epoch 48/100	Loss 4.6636 ± 0.2725
INFO:kbc-cli.py:Epoch 48/100	dev results	MRR 0.753609	H@1 0.615578	H@3 0.876884	H@5 0.957286	H@10 0.994975	H@20 1.000000	H@50 1.000000	H@100 1.000000
INFO:kbc-cli.py:Epoch 48/100	test results	MRR 0.753307	H@1 0.604478	H@3 0.888060	H@5 0.952736	H@10 1.000000	H@20 1.000000	H@50 1.000000	H@100 1.000000
INFO:kbc-cli.py:Epoch 49/100	Loss 4.6605 ± 0.3083
INFO:kbc-cli.py:Epoch 50/100	Loss 4.6575 ± 0.2618
INFO:kbc-cli.py:Epoch 51/100	Loss 4.6596 ± 0.2669
INFO:kbc-cli.py:Epoch 51/100	dev results	MRR 0.758891	H@1 0.630653	H@3 0.869347	H@5 0.954774	H@10 0.997487	H@20 1.000000	H@50 1.000000	H@100 1.000000
INFO:kbc-cli.py:Epoch 51/100	test results	MRR 0.759104	H@1 0.616915	H@3 0.885572	H@5 0.950249	H@10 1.000000	H@20 1.000000	H@50 1.000000	H@100 1.000000
INFO:kbc-cli.py:Epoch 52/100	Loss 4.6600 ± 0.2972
INFO:kbc-cli.py:Epoch 53/100	Loss 4.6582 ± 0.3012
INFO:kbc-cli.py:Epoch 54/100	Loss 4.6580 ± 0.2808
INFO:kbc-cli.py:Epoch 54/100	dev results	MRR 0.752675	H@1 0.620603	H@3 0.866834	H@5 0.947236	H@10 0.997487	H@20 1.000000	H@50 1.000000	H@100 1.000000
INFO:kbc-cli.py:Epoch 54/100	test results	MRR 0.754634	H@1 0.604478	H@3 0.890547	H@5 0.952736	H@10 1.000000	H@20 1.000000	H@50 1.000000	H@100 1.000000
INFO:kbc-cli.py:Epoch 55/100	Loss 4.6493 ± 0.3294
INFO:kbc-cli.py:Epoch 56/100	Loss 4.6536 ± 0.2838
INFO:kbc-cli.py:Epoch 57/100	Loss 4.6504 ± 0.2801
INFO:kbc-cli.py:Epoch 57/100	dev results	MRR 0.755141	H@1 0.625628	H@3 0.866834	H@5 0.949749	H@10 0.994975	H@20 1.000000	H@50 1.000000	H@100 1.000000
INFO:kbc-cli.py:Epoch 57/100	test results	MRR 0.755104	H@1 0.606965	H@3 0.890547	H@5 0.950249	H@10 1.000000	H@20 1.000000	H@50 1.000000	H@100 1.000000
INFO:kbc-cli.py:Epoch 58/100	Loss 4.6488 ± 0.3216
INFO:kbc-cli.py:Epoch 59/100	Loss 4.6515 ± 0.3180
INFO:kbc-cli.py:Epoch 60/100	Loss 4.6525 ± 0.3018
INFO:kbc-cli.py:Epoch 60/100	dev results	MRR 0.752255	H@1 0.618090	H@3 0.866834	H@5 0.954774	H@10 0.994975	H@20 1.000000	H@50 1.000000	H@100 1.000000
INFO:kbc-cli.py:Epoch 60/100	test results	MRR 0.754296	H@1 0.604478	H@3 0.888060	H@5 0.952736	H@10 1.000000	H@20 1.000000	H@50 1.000000	H@100 1.000000
INFO:kbc-cli.py:Epoch 61/100	Loss 4.6495 ± 0.2733
INFO:kbc-cli.py:Epoch 62/100	Loss 4.6498 ± 0.3136
INFO:kbc-cli.py:Epoch 63/100	Loss 4.6513 ± 0.3008
INFO:kbc-cli.py:Epoch 63/100	dev results	MRR 0.746054	H@1 0.605528	H@3 0.879397	H@5 0.954774	H@10 0.994975	H@20 1.000000	H@50 1.000000	H@100 1.000000
INFO:kbc-cli.py:Epoch 63/100	test results	MRR 0.751055	H@1 0.599502	H@3 0.885572	H@5 0.952736	H@10 1.000000	H@20 1.000000	H@50 1.000000	H@100 1.000000
INFO:kbc-cli.py:Epoch 64/100	Loss 4.6483 ± 0.2794
INFO:kbc-cli.py:Epoch 65/100	Loss 4.6446 ± 0.2789
INFO:kbc-cli.py:Epoch 66/100	Loss 4.6437 ± 0.2983
INFO:kbc-cli.py:Epoch 66/100	dev results	MRR 0.749570	H@1 0.613065	H@3 0.871859	H@5 0.952261	H@10 0.997487	H@20 1.000000	H@50 1.000000	H@100 1.000000
INFO:kbc-cli.py:Epoch 66/100	test results	MRR 0.753640	H@1 0.604478	H@3 0.890547	H@5 0.955224	H@10 1.000000	H@20 1.000000	H@50 1.000000	H@100 1.000000
INFO:kbc-cli.py:Epoch 67/100	Loss 4.6374 ± 0.2993
INFO:kbc-cli.py:Epoch 68/100	Loss 4.6437 ± 0.2877
INFO:kbc-cli.py:Epoch 69/100	Loss 4.6417 ± 0.2763
INFO:kbc-cli.py:Epoch 69/100	dev results	MRR 0.748608	H@1 0.610553	H@3 0.876884	H@5 0.949749	H@10 0.994975	H@20 1.000000	H@50 1.000000	H@100 1.000000
INFO:kbc-cli.py:Epoch 69/100	test results	MRR 0.757392	H@1 0.611940	H@3 0.883085	H@5 0.955224	H@10 1.000000	H@20 1.000000	H@50 1.000000	H@100 1.000000
INFO:kbc-cli.py:Epoch 70/100	Loss 4.6419 ± 0.2941
INFO:kbc-cli.py:Epoch 71/100	Loss 4.6461 ± 0.2795
INFO:kbc-cli.py:Epoch 72/100	Loss 4.6370 ± 0.3021
INFO:kbc-cli.py:Epoch 72/100	dev results	MRR 0.753991	H@1 0.620603	H@3 0.879397	H@5 0.949749	H@10 0.997487	H@20 1.000000	H@50 1.000000	H@100 1.000000
INFO:kbc-cli.py:Epoch 72/100	test results	MRR 0.756504	H@1 0.609453	H@3 0.885572	H@5 0.952736	H@10 1.000000	H@20 1.000000	H@50 1.000000	H@100 1.000000
INFO:kbc-cli.py:Epoch 73/100	Loss 4.6422 ± 0.2978
INFO:kbc-cli.py:Epoch 74/100	Loss 4.6387 ± 0.2939
INFO:kbc-cli.py:Epoch 75/100	Loss 4.6392 ± 0.2945
INFO:kbc-cli.py:Epoch 75/100	dev results	MRR 0.746769	H@1 0.608040	H@3 0.871859	H@5 0.952261	H@10 0.994975	H@20 1.000000	H@50 1.000000	H@100 1.000000
INFO:kbc-cli.py:Epoch 75/100	test results	MRR 0.753474	H@1 0.604478	H@3 0.888060	H@5 0.952736	H@10 1.000000	H@20 1.000000	H@50 1.000000	H@100 1.000000
INFO:kbc-cli.py:Epoch 76/100	Loss 4.6288 ± 0.3186
INFO:kbc-cli.py:Epoch 77/100	Loss 4.6421 ± 0.2970
INFO:kbc-cli.py:Epoch 78/100	Loss 4.6400 ± 0.2587
INFO:kbc-cli.py:Epoch 78/100	dev results	MRR 0.745973	H@1 0.605528	H@3 0.876884	H@5 0.952261	H@10 0.994975	H@20 1.000000	H@50 1.000000	H@100 1.000000
INFO:kbc-cli.py:Epoch 78/100	test results	MRR 0.755176	H@1 0.606965	H@3 0.888060	H@5 0.952736	H@10 1.000000	H@20 1.000000	H@50 1.000000	H@100 1.000000
INFO:kbc-cli.py:Epoch 79/100	Loss 4.6383 ± 0.2626
INFO:kbc-cli.py:Epoch 80/100	Loss 4.6371 ± 0.2603
INFO:kbc-cli.py:Epoch 81/100	Loss 4.6350 ± 0.2677
INFO:kbc-cli.py:Epoch 81/100	dev results	MRR 0.750431	H@1 0.615578	H@3 0.874372	H@5 0.947236	H@10 0.992462	H@20 1.000000	H@50 1.000000	H@100 1.000000
INFO:kbc-cli.py:Epoch 81/100	test results	MRR 0.756065	H@1 0.609453	H@3 0.890547	H@5 0.955224	H@10 1.000000	H@20 1.000000	H@50 1.000000	H@100 1.000000
INFO:kbc-cli.py:Epoch 82/100	Loss 4.6372 ± 0.2590
INFO:kbc-cli.py:Epoch 83/100	Loss 4.6376 ± 0.2914
INFO:kbc-cli.py:Epoch 84/100	Loss 4.6335 ± 0.2960
INFO:kbc-cli.py:Epoch 84/100	dev results	MRR 0.748988	H@1 0.613065	H@3 0.871859	H@5 0.947236	H@10 0.994975	H@20 1.000000	H@50 1.000000	H@100 1.000000
INFO:kbc-cli.py:Epoch 84/100	test results	MRR 0.753992	H@1 0.604478	H@3 0.893035	H@5 0.952736	H@10 1.000000	H@20 1.000000	H@50 1.000000	H@100 1.000000
INFO:kbc-cli.py:Epoch 85/100	Loss 4.6329 ± 0.2917
INFO:kbc-cli.py:Epoch 86/100	Loss 4.6346 ± 0.2803
INFO:kbc-cli.py:Epoch 87/100	Loss 4.6301 ± 0.2894
INFO:kbc-cli.py:Epoch 87/100	dev results	MRR 0.750367	H@1 0.615578	H@3 0.869347	H@5 0.947236	H@10 0.994975	H@20 1.000000	H@50 1.000000	H@100 1.000000
INFO:kbc-cli.py:Epoch 87/100	test results	MRR 0.751906	H@1 0.604478	H@3 0.885572	H@5 0.950249	H@10 1.000000	H@20 1.000000	H@50 1.000000	H@100 1.000000
INFO:kbc-cli.py:Epoch 88/100	Loss 4.6283 ± 0.3015
INFO:kbc-cli.py:Epoch 89/100	Loss 4.6293 ± 0.2631
INFO:kbc-cli.py:Epoch 90/100	Loss 4.6329 ± 0.2817
INFO:kbc-cli.py:Epoch 90/100	dev results	MRR 0.745406	H@1 0.603015	H@3 0.871859	H@5 0.944724	H@10 0.992462	H@20 1.000000	H@50 1.000000	H@100 1.000000
INFO:kbc-cli.py:Epoch 90/100	test results	MRR 0.750710	H@1 0.601990	H@3 0.885572	H@5 0.950249	H@10 1.000000	H@20 1.000000	H@50 1.000000	H@100 1.000000
INFO:kbc-cli.py:Epoch 91/100	Loss 4.6248 ± 0.3110
INFO:kbc-cli.py:Epoch 92/100	Loss 4.6194 ± 0.3236
INFO:kbc-cli.py:Epoch 93/100	Loss 4.6335 ± 0.3012
INFO:kbc-cli.py:Epoch 93/100	dev results	MRR 0.749931	H@1 0.613065	H@3 0.876884	H@5 0.949749	H@10 0.992462	H@20 1.000000	H@50 1.000000	H@100 1.000000
INFO:kbc-cli.py:Epoch 93/100	test results	MRR 0.750941	H@1 0.601990	H@3 0.888060	H@5 0.952736	H@10 1.000000	H@20 1.000000	H@50 1.000000	H@100 1.000000
INFO:kbc-cli.py:Epoch 94/100	Loss 4.6291 ± 0.2765
INFO:kbc-cli.py:Epoch 95/100	Loss 4.6306 ± 0.2738
INFO:kbc-cli.py:Epoch 96/100	Loss 4.6291 ± 0.3286
INFO:kbc-cli.py:Epoch 96/100	dev results	MRR 0.748547	H@1 0.610553	H@3 0.874372	H@5 0.949749	H@10 0.992462	H@20 1.000000	H@50 1.000000	H@100 1.000000
INFO:kbc-cli.py:Epoch 96/100	test results	MRR 0.750751	H@1 0.599502	H@3 0.888060	H@5 0.950249	H@10 1.000000	H@20 1.000000	H@50 1.000000	H@100 1.000000
INFO:kbc-cli.py:Epoch 97/100	Loss 4.6245 ± 0.3243
INFO:kbc-cli.py:Epoch 98/100	Loss 4.6303 ± 0.2831
INFO:kbc-cli.py:Epoch 99/100	Loss 4.6282 ± 0.3121
INFO:kbc-cli.py:Epoch 99/100	dev results	MRR 0.747918	H@1 0.608040	H@3 0.874372	H@5 0.947236	H@10 0.992462	H@20 1.000000	H@50 1.000000	H@100 1.000000
INFO:kbc-cli.py:Epoch 99/100	test results	MRR 0.752119	H@1 0.604478	H@3 0.885572	H@5 0.947761	H@10 1.000000	H@20 1.000000	H@50 1.000000	H@100 1.000000
INFO:kbc-cli.py:Epoch 100/100	Loss 4.6260 ± 0.2843
INFO:kbc-cli.py:Final 	dev results	MRR 0.746437	H@1 0.605528	H@3 0.876884	H@5 0.944724	H@10 0.994975	H@20 1.000000	H@50 1.000000	H@100 1.000000
INFO:kbc-cli.py:Final 	test results	MRR 0.749427	H@1 0.599502	H@3 0.883085	H@5 0.950249	H@10 1.000000	H@20 1.000000	H@50 1.000000	H@100 1.000000
INFO:kbc-cli.py:Training finished
