./bin/kbc-cli.py --train data/kinship/train.tsv --dev data/kinship/dev.tsv --test data/kinship/test.tsv -m complex -k 100 -b 10 -e 100 --F2 0 --N3 0.005 -l 0.1 -I standard -V 3 -o adagrad -c so -q
{'F2': 0.0,
 'N3': 0.005,
 'batch_size': 10,
 'corruption': 'so',
 'dev': 'data/kinship/dev.tsv',
 'embedding_size': 100,
 'epochs': 100,
 'eval_batch_size': None,
 'input_type': 'standard',
 'learning_rate': 0.1,
 'load': None,
 'model': 'complex',
 'optimizer': 'adagrad',
 'quiet': True,
 'save': None,
 'seed': 0,
 'test': 'data/kinship/test.tsv',
 'test_i': None,
 'test_ii': None,
 'train': 'data/kinship/train.tsv',
 'validate_every': 3}
INFO:kbc-cli.py:Device: cuda
INFO:kbc-cli.py:Model state:
INFO:kbc-cli.py:	entities.weight	torch.Size([104, 200])
INFO:kbc-cli.py:	predicates.weight	torch.Size([25, 200])
INFO:kbc-cli.py:Epoch 1/100	Loss 7.0995 ± 1.1045
INFO:kbc-cli.py:Epoch 2/100	Loss 5.7000 ± 0.4769
INFO:kbc-cli.py:Epoch 3/100	Loss 5.4493 ± 0.4792
INFO:kbc-cli.py:Epoch 3/100	dev results	MRR 0.821894	H@1 0.722378	H@3 0.907303	H@5 0.948970	H@10 0.977060	H@20 0.985487	H@50 0.995318	H@100 1.000000
INFO:kbc-cli.py:Epoch 3/100	test results	MRR 0.826456	H@1 0.732309	H@3 0.903166	H@5 0.956238	H@10 0.986034	H@20 0.993482	H@50 0.995810	H@100 1.000000
INFO:kbc-cli.py:Epoch 4/100	Loss 5.3093 ± 0.4801
INFO:kbc-cli.py:Epoch 5/100	Loss 5.2164 ± 0.4669
INFO:kbc-cli.py:Epoch 6/100	Loss 5.1463 ± 0.4401
INFO:kbc-cli.py:Epoch 6/100	dev results	MRR 0.848112	H@1 0.761236	H@3 0.928371	H@5 0.961610	H@10 0.979869	H@20 0.986423	H@50 0.994850	H@100 1.000000
INFO:kbc-cli.py:Epoch 6/100	test results	MRR 0.847919	H@1 0.759777	H@3 0.926909	H@5 0.960894	H@10 0.990689	H@20 0.993482	H@50 0.995810	H@100 1.000000
INFO:kbc-cli.py:Epoch 7/100	Loss 5.0930 ± 0.4371
INFO:kbc-cli.py:Epoch 8/100	Loss 5.0504 ± 0.4368
INFO:kbc-cli.py:Epoch 9/100	Loss 5.0142 ± 0.4171
INFO:kbc-cli.py:Epoch 9/100	dev results	MRR 0.852636	H@1 0.768727	H@3 0.930712	H@5 0.963483	H@10 0.979401	H@20 0.987360	H@50 0.993446	H@100 1.000000
INFO:kbc-cli.py:Epoch 9/100	test results	MRR 0.854337	H@1 0.771881	H@3 0.925512	H@5 0.960894	H@10 0.987896	H@20 0.993948	H@50 0.995810	H@100 1.000000
INFO:kbc-cli.py:Epoch 10/100	Loss 4.9844 ± 0.3985
INFO:kbc-cli.py:Epoch 11/100	Loss 4.9594 ± 0.4195
INFO:kbc-cli.py:Epoch 12/100	Loss 4.9356 ± 0.3952
INFO:kbc-cli.py:Epoch 12/100	dev results	MRR 0.850315	H@1 0.764981	H@3 0.929307	H@5 0.962547	H@10 0.978933	H@20 0.986891	H@50 0.993446	H@100 1.000000
INFO:kbc-cli.py:Epoch 12/100	test results	MRR 0.851927	H@1 0.768156	H@3 0.927374	H@5 0.959032	H@10 0.986965	H@20 0.993948	H@50 0.995810	H@100 1.000000
INFO:kbc-cli.py:Epoch 13/100	Loss 4.9160 ± 0.4160
INFO:kbc-cli.py:Epoch 14/100	Loss 4.8988 ± 0.3791
INFO:kbc-cli.py:Epoch 15/100	Loss 4.8826 ± 0.3751
INFO:kbc-cli.py:Epoch 15/100	dev results	MRR 0.849534	H@1 0.763577	H@3 0.927903	H@5 0.961610	H@10 0.977996	H@20 0.987360	H@50 0.993446	H@100 1.000000
INFO:kbc-cli.py:Epoch 15/100	test results	MRR 0.845764	H@1 0.756518	H@3 0.924581	H@5 0.956704	H@10 0.985568	H@20 0.994413	H@50 0.995345	H@100 1.000000
INFO:kbc-cli.py:Epoch 16/100	Loss 4.8689 ± 0.3787
INFO:kbc-cli.py:Epoch 17/100	Loss 4.8561 ± 0.3703
INFO:kbc-cli.py:Epoch 18/100	Loss 4.8444 ± 0.3867
INFO:kbc-cli.py:Epoch 18/100	dev results	MRR 0.847373	H@1 0.759831	H@3 0.926030	H@5 0.962547	H@10 0.977528	H@20 0.986891	H@50 0.993446	H@100 1.000000
INFO:kbc-cli.py:Epoch 18/100	test results	MRR 0.845394	H@1 0.757449	H@3 0.923650	H@5 0.956238	H@10 0.983706	H@20 0.993948	H@50 0.995345	H@100 1.000000
INFO:kbc-cli.py:Epoch 19/100	Loss 4.8338 ± 0.3666
INFO:kbc-cli.py:Epoch 20/100	Loss 4.8245 ± 0.3618
INFO:kbc-cli.py:Epoch 21/100	Loss 4.8142 ± 0.3629
INFO:kbc-cli.py:Epoch 21/100	dev results	MRR 0.847509	H@1 0.760768	H@3 0.925094	H@5 0.961610	H@10 0.976592	H@20 0.986891	H@50 0.993446	H@100 1.000000
INFO:kbc-cli.py:Epoch 21/100	test results	MRR 0.844526	H@1 0.756983	H@3 0.918529	H@5 0.955307	H@10 0.984171	H@20 0.993948	H@50 0.995345	H@100 1.000000
INFO:kbc-cli.py:Epoch 22/100	Loss 4.8048 ± 0.3586
INFO:kbc-cli.py:Epoch 23/100	Loss 4.7963 ± 0.3730
INFO:kbc-cli.py:Epoch 24/100	Loss 4.7904 ± 0.3476
INFO:kbc-cli.py:Epoch 24/100	dev results	MRR 0.846239	H@1 0.759363	H@3 0.922285	H@5 0.960206	H@10 0.976592	H@20 0.987360	H@50 0.993446	H@100 1.000000
INFO:kbc-cli.py:Epoch 24/100	test results	MRR 0.839690	H@1 0.748603	H@3 0.917132	H@5 0.956238	H@10 0.984171	H@20 0.994413	H@50 0.995345	H@100 1.000000
INFO:kbc-cli.py:Epoch 25/100	Loss 4.7830 ± 0.3519
INFO:kbc-cli.py:Epoch 26/100	Loss 4.7757 ± 0.3590
INFO:kbc-cli.py:Epoch 27/100	Loss 4.7706 ± 0.3506
INFO:kbc-cli.py:Epoch 27/100	dev results	MRR 0.845589	H@1 0.758427	H@3 0.920412	H@5 0.959738	H@10 0.976592	H@20 0.986891	H@50 0.992978	H@100 1.000000
INFO:kbc-cli.py:Epoch 27/100	test results	MRR 0.837526	H@1 0.746276	H@3 0.915736	H@5 0.954376	H@10 0.984171	H@20 0.994413	H@50 0.995345	H@100 1.000000
INFO:kbc-cli.py:Epoch 28/100	Loss 4.7649 ± 0.3510
INFO:kbc-cli.py:Epoch 29/100	Loss 4.7589 ± 0.3514
INFO:kbc-cli.py:Epoch 30/100	Loss 4.7539 ± 0.3450
INFO:kbc-cli.py:Epoch 30/100	dev results	MRR 0.842725	H@1 0.753745	H@3 0.918539	H@5 0.960206	H@10 0.977060	H@20 0.986423	H@50 0.992978	H@100 1.000000
INFO:kbc-cli.py:Epoch 30/100	test results	MRR 0.834372	H@1 0.741155	H@3 0.915270	H@5 0.953445	H@10 0.983240	H@20 0.994413	H@50 0.995345	H@100 1.000000
INFO:kbc-cli.py:Epoch 31/100	Loss 4.7486 ± 0.3438
INFO:kbc-cli.py:Epoch 32/100	Loss 4.7441 ± 0.3390
INFO:kbc-cli.py:Epoch 33/100	Loss 4.7383 ± 0.3357
INFO:kbc-cli.py:Epoch 33/100	dev results	MRR 0.842001	H@1 0.751873	H@3 0.918539	H@5 0.959738	H@10 0.976592	H@20 0.986891	H@50 0.992978	H@100 1.000000
INFO:kbc-cli.py:Epoch 33/100	test results	MRR 0.833092	H@1 0.738827	H@3 0.910615	H@5 0.953911	H@10 0.983240	H@20 0.994413	H@50 0.995345	H@100 1.000000
INFO:kbc-cli.py:Epoch 34/100	Loss 4.7349 ± 0.3535
INFO:kbc-cli.py:Epoch 35/100	Loss 4.7312 ± 0.3444
INFO:kbc-cli.py:Epoch 36/100	Loss 4.7273 ± 0.3300
INFO:kbc-cli.py:Epoch 36/100	dev results	MRR 0.842087	H@1 0.752341	H@3 0.916199	H@5 0.961610	H@10 0.976592	H@20 0.986891	H@50 0.992978	H@100 1.000000
INFO:kbc-cli.py:Epoch 36/100	test results	MRR 0.830041	H@1 0.735102	H@3 0.908752	H@5 0.952048	H@10 0.982775	H@20 0.994413	H@50 0.995345	H@100 1.000000
INFO:kbc-cli.py:Epoch 37/100	Loss 4.7233 ± 0.3284
INFO:kbc-cli.py:Epoch 38/100	Loss 4.7203 ± 0.3433
INFO:kbc-cli.py:Epoch 39/100	Loss 4.7169 ± 0.3265
INFO:kbc-cli.py:Epoch 39/100	dev results	MRR 0.837135	H@1 0.744382	H@3 0.914326	H@5 0.958333	H@10 0.975655	H@20 0.986891	H@50 0.992978	H@100 1.000000
INFO:kbc-cli.py:Epoch 39/100	test results	MRR 0.827079	H@1 0.729050	H@3 0.908287	H@5 0.951583	H@10 0.982775	H@20 0.994413	H@50 0.995345	H@100 1.000000
INFO:kbc-cli.py:Epoch 40/100	Loss 4.7125 ± 0.3483
INFO:kbc-cli.py:Epoch 41/100	Loss 4.7098 ± 0.3229
INFO:kbc-cli.py:Epoch 42/100	Loss 4.7060 ± 0.3389
INFO:kbc-cli.py:Epoch 42/100	dev results	MRR 0.836846	H@1 0.744850	H@3 0.915262	H@5 0.959270	H@10 0.975187	H@20 0.986423	H@50 0.992509	H@100 1.000000
INFO:kbc-cli.py:Epoch 42/100	test results	MRR 0.826859	H@1 0.729516	H@3 0.906890	H@5 0.952048	H@10 0.982775	H@20 0.994413	H@50 0.995345	H@100 1.000000
INFO:kbc-cli.py:Epoch 43/100	Loss 4.7031 ± 0.3298
INFO:kbc-cli.py:Epoch 44/100	Loss 4.7005 ± 0.3366
INFO:kbc-cli.py:Epoch 45/100	Loss 4.6979 ± 0.3232
INFO:kbc-cli.py:Epoch 45/100	dev results	MRR 0.836468	H@1 0.743914	H@3 0.915262	H@5 0.956461	H@10 0.975187	H@20 0.986891	H@50 0.992509	H@100 1.000000
INFO:kbc-cli.py:Epoch 45/100	test results	MRR 0.826878	H@1 0.730447	H@3 0.905493	H@5 0.950186	H@10 0.982309	H@20 0.994413	H@50 0.995345	H@100 1.000000
INFO:kbc-cli.py:Epoch 46/100	Loss 4.6953 ± 0.3255
INFO:kbc-cli.py:Epoch 47/100	Loss 4.6933 ± 0.3360
INFO:kbc-cli.py:Epoch 48/100	Loss 4.6905 ± 0.3305
INFO:kbc-cli.py:Epoch 48/100	dev results	MRR 0.834148	H@1 0.741573	H@3 0.914326	H@5 0.955056	H@10 0.975655	H@20 0.986891	H@50 0.992978	H@100 1.000000
INFO:kbc-cli.py:Epoch 48/100	test results	MRR 0.825134	H@1 0.727188	H@3 0.905493	H@5 0.950186	H@10 0.982309	H@20 0.994413	H@50 0.995345	H@100 1.000000
INFO:kbc-cli.py:Epoch 49/100	Loss 4.6880 ± 0.3269
INFO:kbc-cli.py:Epoch 50/100	Loss 4.6855 ± 0.3288
INFO:kbc-cli.py:Epoch 51/100	Loss 4.6833 ± 0.3218
INFO:kbc-cli.py:Epoch 51/100	dev results	MRR 0.832125	H@1 0.738296	H@3 0.913858	H@5 0.955056	H@10 0.975187	H@20 0.986891	H@50 0.992509	H@100 1.000000
INFO:kbc-cli.py:Epoch 51/100	test results	MRR 0.823932	H@1 0.725326	H@3 0.904562	H@5 0.950186	H@10 0.983240	H@20 0.994413	H@50 0.995345	H@100 1.000000
INFO:kbc-cli.py:Epoch 52/100	Loss 4.6805 ± 0.3143
INFO:kbc-cli.py:Epoch 53/100	Loss 4.6786 ± 0.3129
INFO:kbc-cli.py:Epoch 54/100	Loss 4.6775 ± 0.3218
INFO:kbc-cli.py:Epoch 54/100	dev results	MRR 0.834432	H@1 0.743914	H@3 0.912921	H@5 0.955993	H@10 0.973783	H@20 0.986423	H@50 0.992509	H@100 1.000000
INFO:kbc-cli.py:Epoch 54/100	test results	MRR 0.820902	H@1 0.720670	H@3 0.903166	H@5 0.948790	H@10 0.982775	H@20 0.994413	H@50 0.995345	H@100 1.000000
INFO:kbc-cli.py:Epoch 55/100	Loss 4.6754 ± 0.3202
INFO:kbc-cli.py:Epoch 56/100	Loss 4.6733 ± 0.3216
INFO:kbc-cli.py:Epoch 57/100	Loss 4.6713 ± 0.3210
INFO:kbc-cli.py:Epoch 57/100	dev results	MRR 0.830458	H@1 0.737360	H@3 0.910581	H@5 0.953652	H@10 0.973315	H@20 0.986423	H@50 0.992509	H@100 1.000000
INFO:kbc-cli.py:Epoch 57/100	test results	MRR 0.822162	H@1 0.723929	H@3 0.903631	H@5 0.947393	H@10 0.982775	H@20 0.994413	H@50 0.995345	H@100 1.000000
INFO:kbc-cli.py:Epoch 58/100	Loss 4.6691 ± 0.3180
INFO:kbc-cli.py:Epoch 59/100	Loss 4.6680 ± 0.3141
INFO:kbc-cli.py:Epoch 60/100	Loss 4.6660 ± 0.3176
INFO:kbc-cli.py:Epoch 60/100	dev results	MRR 0.829103	H@1 0.735487	H@3 0.911517	H@5 0.954120	H@10 0.974251	H@20 0.986423	H@50 0.992509	H@100 1.000000
INFO:kbc-cli.py:Epoch 60/100	test results	MRR 0.820579	H@1 0.720670	H@3 0.901304	H@5 0.948324	H@10 0.983240	H@20 0.994413	H@50 0.995345	H@100 1.000000
INFO:kbc-cli.py:Epoch 61/100	Loss 4.6640 ± 0.3133
INFO:kbc-cli.py:Epoch 62/100	Loss 4.6623 ± 0.3294
INFO:kbc-cli.py:Epoch 63/100	Loss 4.6604 ± 0.3296
INFO:kbc-cli.py:Epoch 63/100	dev results	MRR 0.826957	H@1 0.733146	H@3 0.908240	H@5 0.951779	H@10 0.974251	H@20 0.986423	H@50 0.992509	H@100 1.000000
INFO:kbc-cli.py:Epoch 63/100	test results	MRR 0.819805	H@1 0.720670	H@3 0.901304	H@5 0.946927	H@10 0.981844	H@20 0.994413	H@50 0.995345	H@100 1.000000
INFO:kbc-cli.py:Epoch 64/100	Loss 4.6599 ± 0.3246
INFO:kbc-cli.py:Epoch 65/100	Loss 4.6583 ± 0.3180
INFO:kbc-cli.py:Epoch 66/100	Loss 4.6555 ± 0.3100
INFO:kbc-cli.py:Epoch 66/100	dev results	MRR 0.825236	H@1 0.730337	H@3 0.907303	H@5 0.951311	H@10 0.974251	H@20 0.986423	H@50 0.992509	H@100 1.000000
INFO:kbc-cli.py:Epoch 66/100	test results	MRR 0.818305	H@1 0.717877	H@3 0.900372	H@5 0.946927	H@10 0.981378	H@20 0.993948	H@50 0.995345	H@100 1.000000
INFO:kbc-cli.py:Epoch 67/100	Loss 4.6544 ± 0.3240
INFO:kbc-cli.py:Epoch 68/100	Loss 4.6536 ± 0.3196
INFO:kbc-cli.py:Epoch 69/100	Loss 4.6514 ± 0.3193
INFO:kbc-cli.py:Epoch 69/100	dev results	MRR 0.824212	H@1 0.728933	H@3 0.909176	H@5 0.951311	H@10 0.973783	H@20 0.986423	H@50 0.992509	H@100 1.000000
INFO:kbc-cli.py:Epoch 69/100	test results	MRR 0.816552	H@1 0.714618	H@3 0.901769	H@5 0.948790	H@10 0.982309	H@20 0.993948	H@50 0.995345	H@100 1.000000
INFO:kbc-cli.py:Epoch 70/100	Loss 4.6504 ± 0.3181
INFO:kbc-cli.py:Epoch 71/100	Loss 4.6497 ± 0.3301
INFO:kbc-cli.py:Epoch 72/100	Loss 4.6479 ± 0.3108
INFO:kbc-cli.py:Epoch 72/100	dev results	MRR 0.823771	H@1 0.727996	H@3 0.908240	H@5 0.950843	H@10 0.973783	H@20 0.986423	H@50 0.992509	H@100 1.000000
INFO:kbc-cli.py:Epoch 72/100	test results	MRR 0.815282	H@1 0.712756	H@3 0.901304	H@5 0.947858	H@10 0.981378	H@20 0.993948	H@50 0.995345	H@100 1.000000
INFO:kbc-cli.py:Epoch 73/100	Loss 4.6459 ± 0.3125
INFO:kbc-cli.py:Epoch 74/100	Loss 4.6457 ± 0.3128
INFO:kbc-cli.py:Epoch 75/100	Loss 4.6440 ± 0.2970
INFO:kbc-cli.py:Epoch 75/100	dev results	MRR 0.823713	H@1 0.727996	H@3 0.908240	H@5 0.950375	H@10 0.973315	H@20 0.986423	H@50 0.992509	H@100 1.000000
INFO:kbc-cli.py:Epoch 75/100	test results	MRR 0.817217	H@1 0.715549	H@3 0.900838	H@5 0.947393	H@10 0.982309	H@20 0.993948	H@50 0.995345	H@100 1.000000
INFO:kbc-cli.py:Epoch 76/100	Loss 4.6427 ± 0.3223
INFO:kbc-cli.py:Epoch 77/100	Loss 4.6415 ± 0.3122
INFO:kbc-cli.py:Epoch 78/100	Loss 4.6404 ± 0.3231
INFO:kbc-cli.py:Epoch 78/100	dev results	MRR 0.823471	H@1 0.727528	H@3 0.909176	H@5 0.950375	H@10 0.973315	H@20 0.986423	H@50 0.992509	H@100 1.000000
INFO:kbc-cli.py:Epoch 78/100	test results	MRR 0.815079	H@1 0.712756	H@3 0.902235	H@5 0.946927	H@10 0.981378	H@20 0.993948	H@50 0.995345	H@100 1.000000
INFO:kbc-cli.py:Epoch 79/100	Loss 4.6389 ± 0.3033
INFO:kbc-cli.py:Epoch 80/100	Loss 4.6379 ± 0.3194
INFO:kbc-cli.py:Epoch 81/100	Loss 4.6371 ± 0.3217
INFO:kbc-cli.py:Epoch 81/100	dev results	MRR 0.822433	H@1 0.726592	H@3 0.908708	H@5 0.950375	H@10 0.973315	H@20 0.986423	H@50 0.992509	H@100 1.000000
INFO:kbc-cli.py:Epoch 81/100	test results	MRR 0.813546	H@1 0.709963	H@3 0.900372	H@5 0.947393	H@10 0.981378	H@20 0.993017	H@50 0.995345	H@100 1.000000
INFO:kbc-cli.py:Epoch 82/100	Loss 4.6359 ± 0.3209
INFO:kbc-cli.py:Epoch 83/100	Loss 4.6356 ± 0.3064
INFO:kbc-cli.py:Epoch 84/100	Loss 4.6337 ± 0.3175
INFO:kbc-cli.py:Epoch 84/100	dev results	MRR 0.821948	H@1 0.725187	H@3 0.909176	H@5 0.950843	H@10 0.974251	H@20 0.986423	H@50 0.992509	H@100 1.000000
INFO:kbc-cli.py:Epoch 84/100	test results	MRR 0.814046	H@1 0.710894	H@3 0.901304	H@5 0.946927	H@10 0.981378	H@20 0.993017	H@50 0.995345	H@100 1.000000
INFO:kbc-cli.py:Epoch 85/100	Loss 4.6327 ± 0.3137
INFO:kbc-cli.py:Epoch 86/100	Loss 4.6319 ± 0.3209
INFO:kbc-cli.py:Epoch 87/100	Loss 4.6309 ± 0.3150
INFO:kbc-cli.py:Epoch 87/100	dev results	MRR 0.820908	H@1 0.724251	H@3 0.906835	H@5 0.949906	H@10 0.973783	H@20 0.985955	H@50 0.992509	H@100 1.000000
INFO:kbc-cli.py:Epoch 87/100	test results	MRR 0.812350	H@1 0.708566	H@3 0.899441	H@5 0.946927	H@10 0.981378	H@20 0.992551	H@50 0.995345	H@100 1.000000
INFO:kbc-cli.py:Epoch 88/100	Loss 4.6304 ± 0.3173
INFO:kbc-cli.py:Epoch 89/100	Loss 4.6286 ± 0.3189
INFO:kbc-cli.py:Epoch 90/100	Loss 4.6286 ± 0.3071
INFO:kbc-cli.py:Epoch 90/100	dev results	MRR 0.820005	H@1 0.722378	H@3 0.907772	H@5 0.949906	H@10 0.973783	H@20 0.985955	H@50 0.992509	H@100 1.000000
INFO:kbc-cli.py:Epoch 90/100	test results	MRR 0.811776	H@1 0.708101	H@3 0.897579	H@5 0.946462	H@10 0.981378	H@20 0.992551	H@50 0.995345	H@100 1.000000
INFO:kbc-cli.py:Epoch 91/100	Loss 4.6277 ± 0.3079
INFO:kbc-cli.py:Epoch 92/100	Loss 4.6272 ± 0.3008
INFO:kbc-cli.py:Epoch 93/100	Loss 4.6257 ± 0.3113
INFO:kbc-cli.py:Epoch 93/100	dev results	MRR 0.820082	H@1 0.723315	H@3 0.905899	H@5 0.949906	H@10 0.974251	H@20 0.985487	H@50 0.992509	H@100 1.000000
INFO:kbc-cli.py:Epoch 93/100	test results	MRR 0.812863	H@1 0.709032	H@3 0.900838	H@5 0.945996	H@10 0.981378	H@20 0.992551	H@50 0.995345	H@100 1.000000
INFO:kbc-cli.py:Epoch 94/100	Loss 4.6248 ± 0.3146
INFO:kbc-cli.py:Epoch 95/100	Loss 4.6242 ± 0.3219
INFO:kbc-cli.py:Epoch 96/100	Loss 4.6229 ± 0.3197
INFO:kbc-cli.py:Epoch 96/100	dev results	MRR 0.819744	H@1 0.722378	H@3 0.905899	H@5 0.948502	H@10 0.973783	H@20 0.985487	H@50 0.992509	H@100 1.000000
INFO:kbc-cli.py:Epoch 96/100	test results	MRR 0.811158	H@1 0.706704	H@3 0.898510	H@5 0.946462	H@10 0.981844	H@20 0.992551	H@50 0.995345	H@100 1.000000
INFO:kbc-cli.py:Epoch 97/100	Loss 4.6226 ± 0.3112
INFO:kbc-cli.py:Epoch 98/100	Loss 4.6215 ± 0.3067
INFO:kbc-cli.py:Epoch 99/100	Loss 4.6206 ± 0.3131
INFO:kbc-cli.py:Epoch 99/100	dev results	MRR 0.818991	H@1 0.720974	H@3 0.905899	H@5 0.948502	H@10 0.972846	H@20 0.985487	H@50 0.992509	H@100 1.000000
INFO:kbc-cli.py:Epoch 99/100	test results	MRR 0.811305	H@1 0.707635	H@3 0.898510	H@5 0.947393	H@10 0.981844	H@20 0.992551	H@50 0.995345	H@100 1.000000
INFO:kbc-cli.py:Epoch 100/100	Loss 4.6204 ± 0.3264
INFO:kbc-cli.py:Final 	dev results	MRR 0.819227	H@1 0.721442	H@3 0.906367	H@5 0.947566	H@10 0.972846	H@20 0.985487	H@50 0.992509	H@100 1.000000
INFO:kbc-cli.py:Final 	test results	MRR 0.810828	H@1 0.707169	H@3 0.897579	H@5 0.946927	H@10 0.981844	H@20 0.992551	H@50 0.995345	H@100 1.000000
INFO:kbc-cli.py:Training finished
