./bin/kbc-cli.py --train data/kinship/train.tsv --dev data/kinship/dev.tsv --test data/kinship/test.tsv -m complex -k 100 -b 100 -e 100 --F2 0 --N3 0.05 -l 0.1 -I reciprocal -V 3 -o adagrad -c so -q
{'F2': 0.0,
 'N3': 0.05,
 'batch_size': 100,
 'corruption': 'so',
 'dev': 'data/kinship/dev.tsv',
 'embedding_size': 100,
 'epochs': 100,
 'eval_batch_size': None,
 'input_type': 'reciprocal',
 'learning_rate': 0.1,
 'load': None,
 'model': 'complex',
 'optimizer': 'adagrad',
 'quiet': True,
 'save': None,
 'seed': 0,
 'test': 'data/kinship/test.tsv',
 'test_i': None,
 'test_ii': None,
 'train': 'data/kinship/train.tsv',
 'validate_every': 3}
INFO:kbc-cli.py:Device: cuda
INFO:kbc-cli.py:Model state:
INFO:kbc-cli.py:	entities.weight	torch.Size([104, 200])
INFO:kbc-cli.py:	predicates.weight	torch.Size([50, 200])
INFO:kbc-cli.py:Epoch 1/100	Loss 7.4049 ± 0.8972
INFO:kbc-cli.py:Epoch 2/100	Loss 6.6535 ± 0.1180
INFO:kbc-cli.py:Epoch 3/100	Loss 6.5684 ± 0.1171
INFO:kbc-cli.py:Epoch 3/100	dev results	MRR 0.772532	H@1 0.661517	H@3 0.863764	H@5 0.925562	H@10 0.969569	H@20 0.984551	H@50 0.991573	H@100 1.000000
INFO:kbc-cli.py:Epoch 3/100	test results	MRR 0.766922	H@1 0.646648	H@3 0.867318	H@5 0.932961	H@10 0.975326	H@20 0.987896	H@50 0.996741	H@100 1.000000
INFO:kbc-cli.py:Epoch 4/100	Loss 6.5275 ± 0.1322
INFO:kbc-cli.py:Epoch 5/100	Loss 6.5006 ± 0.1273
INFO:kbc-cli.py:Epoch 6/100	Loss 6.4825 ± 0.1239
INFO:kbc-cli.py:Epoch 6/100	dev results	MRR 0.811132	H@1 0.713015	H@3 0.892322	H@5 0.941011	H@10 0.973315	H@20 0.985019	H@50 0.991105	H@100 1.000000
INFO:kbc-cli.py:Epoch 6/100	test results	MRR 0.809830	H@1 0.710428	H@3 0.894786	H@5 0.943669	H@10 0.975326	H@20 0.988361	H@50 0.996741	H@100 1.000000
INFO:kbc-cli.py:Epoch 7/100	Loss 6.4671 ± 0.1231
INFO:kbc-cli.py:Epoch 8/100	Loss 6.4564 ± 0.1213
INFO:kbc-cli.py:Epoch 9/100	Loss 6.4472 ± 0.1165
INFO:kbc-cli.py:Epoch 9/100	dev results	MRR 0.826327	H@1 0.735019	H@3 0.904026	H@5 0.945693	H@10 0.973783	H@20 0.985487	H@50 0.990637	H@100 1.000000
INFO:kbc-cli.py:Epoch 9/100	test results	MRR 0.821011	H@1 0.727188	H@3 0.903631	H@5 0.945996	H@10 0.976723	H@20 0.990223	H@50 0.997207	H@100 1.000000
INFO:kbc-cli.py:Epoch 10/100	Loss 6.4393 ± 0.1249
INFO:kbc-cli.py:Epoch 11/100	Loss 6.4328 ± 0.1217
INFO:kbc-cli.py:Epoch 12/100	Loss 6.4273 ± 0.1159
INFO:kbc-cli.py:Epoch 12/100	dev results	MRR 0.831910	H@1 0.742041	H@3 0.909644	H@5 0.951311	H@10 0.974251	H@20 0.985955	H@50 0.990169	H@100 1.000000
INFO:kbc-cli.py:Epoch 12/100	test results	MRR 0.823135	H@1 0.730447	H@3 0.904562	H@5 0.950186	H@10 0.978585	H@20 0.989758	H@50 0.997207	H@100 1.000000
INFO:kbc-cli.py:Epoch 13/100	Loss 6.4225 ± 0.1178
INFO:kbc-cli.py:Epoch 14/100	Loss 6.4178 ± 0.1274
INFO:kbc-cli.py:Epoch 15/100	Loss 6.4143 ± 0.1171
INFO:kbc-cli.py:Epoch 15/100	dev results	MRR 0.838916	H@1 0.753277	H@3 0.913858	H@5 0.952247	H@10 0.974719	H@20 0.986423	H@50 0.990169	H@100 1.000000
INFO:kbc-cli.py:Epoch 15/100	test results	MRR 0.830693	H@1 0.740689	H@3 0.905493	H@5 0.950652	H@10 0.976723	H@20 0.990223	H@50 0.997207	H@100 1.000000
INFO:kbc-cli.py:Epoch 16/100	Loss 6.4104 ± 0.1162
INFO:kbc-cli.py:Epoch 17/100	Loss 6.4072 ± 0.1133
INFO:kbc-cli.py:Epoch 18/100	Loss 6.4043 ± 0.1196
INFO:kbc-cli.py:Epoch 18/100	dev results	MRR 0.840774	H@1 0.756086	H@3 0.913858	H@5 0.952247	H@10 0.973783	H@20 0.986423	H@50 0.990169	H@100 1.000000
INFO:kbc-cli.py:Epoch 18/100	test results	MRR 0.832897	H@1 0.743948	H@3 0.909683	H@5 0.950652	H@10 0.976257	H@20 0.989758	H@50 0.997207	H@100 1.000000
INFO:kbc-cli.py:Epoch 19/100	Loss 6.4019 ± 0.1232
INFO:kbc-cli.py:Epoch 20/100	Loss 6.3989 ± 0.1220
INFO:kbc-cli.py:Epoch 21/100	Loss 6.3967 ± 0.1137
INFO:kbc-cli.py:Epoch 21/100	dev results	MRR 0.839954	H@1 0.753745	H@3 0.915262	H@5 0.952247	H@10 0.974251	H@20 0.986423	H@50 0.990169	H@100 1.000000
INFO:kbc-cli.py:Epoch 21/100	test results	MRR 0.835429	H@1 0.747672	H@3 0.910615	H@5 0.955307	H@10 0.976257	H@20 0.990689	H@50 0.996741	H@100 1.000000
INFO:kbc-cli.py:Epoch 22/100	Loss 6.3946 ± 0.1270
INFO:kbc-cli.py:Epoch 23/100	Loss 6.3924 ± 0.1133
INFO:kbc-cli.py:Epoch 24/100	Loss 6.3908 ± 0.1251
INFO:kbc-cli.py:Epoch 24/100	dev results	MRR 0.843146	H@1 0.758427	H@3 0.916199	H@5 0.952247	H@10 0.974251	H@20 0.986891	H@50 0.990637	H@100 1.000000
INFO:kbc-cli.py:Epoch 24/100	test results	MRR 0.835759	H@1 0.747672	H@3 0.908752	H@5 0.952980	H@10 0.975791	H@20 0.990689	H@50 0.996741	H@100 1.000000
INFO:kbc-cli.py:Epoch 25/100	Loss 6.3888 ± 0.1051
INFO:kbc-cli.py:Epoch 26/100	Loss 6.3871 ± 0.1150
INFO:kbc-cli.py:Epoch 27/100	Loss 6.3855 ± 0.1217
INFO:kbc-cli.py:Epoch 27/100	dev results	MRR 0.845367	H@1 0.762172	H@3 0.917603	H@5 0.953652	H@10 0.974251	H@20 0.986891	H@50 0.990637	H@100 1.000000
INFO:kbc-cli.py:Epoch 27/100	test results	MRR 0.838675	H@1 0.752328	H@3 0.912011	H@5 0.954376	H@10 0.977188	H@20 0.991155	H@50 0.996741	H@100 1.000000
INFO:kbc-cli.py:Epoch 28/100	Loss 6.3842 ± 0.1046
INFO:kbc-cli.py:Epoch 29/100	Loss 6.3829 ± 0.1152
INFO:kbc-cli.py:Epoch 30/100	Loss 6.3811 ± 0.1064
INFO:kbc-cli.py:Epoch 30/100	dev results	MRR 0.847144	H@1 0.764981	H@3 0.915730	H@5 0.954120	H@10 0.974251	H@20 0.987360	H@50 0.990637	H@100 1.000000
INFO:kbc-cli.py:Epoch 30/100	test results	MRR 0.839651	H@1 0.754190	H@3 0.911080	H@5 0.952514	H@10 0.976257	H@20 0.990689	H@50 0.996741	H@100 1.000000
INFO:kbc-cli.py:Epoch 31/100	Loss 6.3799 ± 0.1157
INFO:kbc-cli.py:Epoch 32/100	Loss 6.3785 ± 0.1166
INFO:kbc-cli.py:Epoch 33/100	Loss 6.3772 ± 0.1035
INFO:kbc-cli.py:Epoch 33/100	dev results	MRR 0.848396	H@1 0.767790	H@3 0.918071	H@5 0.954588	H@10 0.974251	H@20 0.987360	H@50 0.990169	H@100 1.000000
INFO:kbc-cli.py:Epoch 33/100	test results	MRR 0.841911	H@1 0.757449	H@3 0.912011	H@5 0.953911	H@10 0.977188	H@20 0.990689	H@50 0.996741	H@100 1.000000
INFO:kbc-cli.py:Epoch 34/100	Loss 6.3763 ± 0.1041
INFO:kbc-cli.py:Epoch 35/100	Loss 6.3748 ± 0.1056
INFO:kbc-cli.py:Epoch 36/100	Loss 6.3738 ± 0.1134
INFO:kbc-cli.py:Epoch 36/100	dev results	MRR 0.847837	H@1 0.766386	H@3 0.917135	H@5 0.954120	H@10 0.975655	H@20 0.987360	H@50 0.990169	H@100 1.000000
INFO:kbc-cli.py:Epoch 36/100	test results	MRR 0.843676	H@1 0.759777	H@3 0.915736	H@5 0.954376	H@10 0.977654	H@20 0.991155	H@50 0.996741	H@100 1.000000
INFO:kbc-cli.py:Epoch 37/100	Loss 6.3727 ± 0.1130
INFO:kbc-cli.py:Epoch 38/100	Loss 6.3720 ± 0.1153
INFO:kbc-cli.py:Epoch 39/100	Loss 6.3709 ± 0.1216
INFO:kbc-cli.py:Epoch 39/100	dev results	MRR 0.849944	H@1 0.770599	H@3 0.916667	H@5 0.954120	H@10 0.974719	H@20 0.986891	H@50 0.990169	H@100 1.000000
INFO:kbc-cli.py:Epoch 39/100	test results	MRR 0.844415	H@1 0.761639	H@3 0.915270	H@5 0.954842	H@10 0.978585	H@20 0.991155	H@50 0.996276	H@100 1.000000
INFO:kbc-cli.py:Epoch 40/100	Loss 6.3700 ± 0.1131
INFO:kbc-cli.py:Epoch 41/100	Loss 6.3691 ± 0.1161
INFO:kbc-cli.py:Epoch 42/100	Loss 6.3681 ± 0.1006
INFO:kbc-cli.py:Epoch 42/100	dev results	MRR 0.849716	H@1 0.769663	H@3 0.917135	H@5 0.955524	H@10 0.976592	H@20 0.987360	H@50 0.990169	H@100 1.000000
INFO:kbc-cli.py:Epoch 42/100	test results	MRR 0.844120	H@1 0.759777	H@3 0.915270	H@5 0.953911	H@10 0.978585	H@20 0.991155	H@50 0.995810	H@100 1.000000
INFO:kbc-cli.py:Epoch 43/100	Loss 6.3672 ± 0.1242
INFO:kbc-cli.py:Epoch 44/100	Loss 6.3665 ± 0.1079
INFO:kbc-cli.py:Epoch 45/100	Loss 6.3657 ± 0.1154
INFO:kbc-cli.py:Epoch 45/100	dev results	MRR 0.851483	H@1 0.772940	H@3 0.918071	H@5 0.953652	H@10 0.977060	H@20 0.986891	H@50 0.990637	H@100 1.000000
INFO:kbc-cli.py:Epoch 45/100	test results	MRR 0.846847	H@1 0.764898	H@3 0.914804	H@5 0.955773	H@10 0.978119	H@20 0.991155	H@50 0.995810	H@100 1.000000
INFO:kbc-cli.py:Epoch 46/100	Loss 6.3650 ± 0.1169
INFO:kbc-cli.py:Epoch 47/100	Loss 6.3640 ± 0.1217
INFO:kbc-cli.py:Epoch 48/100	Loss 6.3634 ± 0.1076
INFO:kbc-cli.py:Epoch 48/100	dev results	MRR 0.851707	H@1 0.772940	H@3 0.918539	H@5 0.954588	H@10 0.977528	H@20 0.986891	H@50 0.990169	H@100 1.000000
INFO:kbc-cli.py:Epoch 48/100	test results	MRR 0.845161	H@1 0.762104	H@3 0.915270	H@5 0.954376	H@10 0.978585	H@20 0.991155	H@50 0.996276	H@100 1.000000
INFO:kbc-cli.py:Epoch 49/100	Loss 6.3626 ± 0.1073
INFO:kbc-cli.py:Epoch 50/100	Loss 6.3620 ± 0.1145
INFO:kbc-cli.py:Epoch 51/100	Loss 6.3613 ± 0.1036
INFO:kbc-cli.py:Epoch 51/100	dev results	MRR 0.853126	H@1 0.775281	H@3 0.918071	H@5 0.954588	H@10 0.977060	H@20 0.986891	H@50 0.990169	H@100 1.000000
INFO:kbc-cli.py:Epoch 51/100	test results	MRR 0.847934	H@1 0.765363	H@3 0.921322	H@5 0.955773	H@10 0.979050	H@20 0.991155	H@50 0.996741	H@100 1.000000
INFO:kbc-cli.py:Epoch 52/100	Loss 6.3608 ± 0.1072
INFO:kbc-cli.py:Epoch 53/100	Loss 6.3601 ± 0.1075
INFO:kbc-cli.py:Epoch 54/100	Loss 6.3593 ± 0.1051
INFO:kbc-cli.py:Epoch 54/100	dev results	MRR 0.852318	H@1 0.773876	H@3 0.919944	H@5 0.954588	H@10 0.977060	H@20 0.986891	H@50 0.990169	H@100 1.000000
INFO:kbc-cli.py:Epoch 54/100	test results	MRR 0.848035	H@1 0.765363	H@3 0.918994	H@5 0.955307	H@10 0.979050	H@20 0.991155	H@50 0.996276	H@100 1.000000
INFO:kbc-cli.py:Epoch 55/100	Loss 6.3587 ± 0.1151
INFO:kbc-cli.py:Epoch 56/100	Loss 6.3581 ± 0.1124
INFO:kbc-cli.py:Epoch 57/100	Loss 6.3576 ± 0.1118
INFO:kbc-cli.py:Epoch 57/100	dev results	MRR 0.852440	H@1 0.773876	H@3 0.919944	H@5 0.954120	H@10 0.977060	H@20 0.987360	H@50 0.990637	H@100 1.000000
INFO:kbc-cli.py:Epoch 57/100	test results	MRR 0.846525	H@1 0.763035	H@3 0.917598	H@5 0.954842	H@10 0.979050	H@20 0.991155	H@50 0.996741	H@100 1.000000
INFO:kbc-cli.py:Epoch 58/100	Loss 6.3569 ± 0.1183
INFO:kbc-cli.py:Epoch 59/100	Loss 6.3564 ± 0.1151
INFO:kbc-cli.py:Epoch 60/100	Loss 6.3561 ± 0.1128
INFO:kbc-cli.py:Epoch 60/100	dev results	MRR 0.853412	H@1 0.775749	H@3 0.919476	H@5 0.954120	H@10 0.977060	H@20 0.987360	H@50 0.990637	H@100 1.000000
INFO:kbc-cli.py:Epoch 60/100	test results	MRR 0.845568	H@1 0.760708	H@3 0.919460	H@5 0.955307	H@10 0.979516	H@20 0.991155	H@50 0.996276	H@100 1.000000
INFO:kbc-cli.py:Epoch 61/100	Loss 6.3554 ± 0.1189
INFO:kbc-cli.py:Epoch 62/100	Loss 6.3550 ± 0.1107
INFO:kbc-cli.py:Epoch 63/100	Loss 6.3543 ± 0.1165
INFO:kbc-cli.py:Epoch 63/100	dev results	MRR 0.855761	H@1 0.779026	H@3 0.919944	H@5 0.954588	H@10 0.976592	H@20 0.987360	H@50 0.990637	H@100 1.000000
INFO:kbc-cli.py:Epoch 63/100	test results	MRR 0.847118	H@1 0.763035	H@3 0.918529	H@5 0.956704	H@10 0.979981	H@20 0.991155	H@50 0.995810	H@100 1.000000
INFO:kbc-cli.py:Epoch 64/100	Loss 6.3538 ± 0.1124
INFO:kbc-cli.py:Epoch 65/100	Loss 6.3535 ± 0.1148
INFO:kbc-cli.py:Epoch 66/100	Loss 6.3528 ± 0.1125
INFO:kbc-cli.py:Epoch 66/100	dev results	MRR 0.855313	H@1 0.778558	H@3 0.919944	H@5 0.954588	H@10 0.976592	H@20 0.987360	H@50 0.990637	H@100 1.000000
INFO:kbc-cli.py:Epoch 66/100	test results	MRR 0.848043	H@1 0.764432	H@3 0.918994	H@5 0.956238	H@10 0.979981	H@20 0.991620	H@50 0.996276	H@100 1.000000
INFO:kbc-cli.py:Epoch 67/100	Loss 6.3525 ± 0.1177
INFO:kbc-cli.py:Epoch 68/100	Loss 6.3521 ± 0.1222
INFO:kbc-cli.py:Epoch 69/100	Loss 6.3516 ± 0.1092
INFO:kbc-cli.py:Epoch 69/100	dev results	MRR 0.854112	H@1 0.776217	H@3 0.919944	H@5 0.955056	H@10 0.976592	H@20 0.987360	H@50 0.990637	H@100 1.000000
INFO:kbc-cli.py:Epoch 69/100	test results	MRR 0.849669	H@1 0.767225	H@3 0.921322	H@5 0.955773	H@10 0.979981	H@20 0.991620	H@50 0.996276	H@100 1.000000
INFO:kbc-cli.py:Epoch 70/100	Loss 6.3512 ± 0.1085
INFO:kbc-cli.py:Epoch 71/100	Loss 6.3507 ± 0.1063
INFO:kbc-cli.py:Epoch 72/100	Loss 6.3506 ± 0.1177
INFO:kbc-cli.py:Epoch 72/100	dev results	MRR 0.856587	H@1 0.781835	H@3 0.919007	H@5 0.953652	H@10 0.976124	H@20 0.987360	H@50 0.990637	H@100 1.000000
INFO:kbc-cli.py:Epoch 72/100	test results	MRR 0.848865	H@1 0.765829	H@3 0.920857	H@5 0.955773	H@10 0.979981	H@20 0.992086	H@50 0.996276	H@100 1.000000
INFO:kbc-cli.py:Epoch 73/100	Loss 6.3500 ± 0.1118
INFO:kbc-cli.py:Epoch 74/100	Loss 6.3496 ± 0.1118
INFO:kbc-cli.py:Epoch 75/100	Loss 6.3494 ± 0.1124
INFO:kbc-cli.py:Epoch 75/100	dev results	MRR 0.855810	H@1 0.779494	H@3 0.920412	H@5 0.953652	H@10 0.976592	H@20 0.987360	H@50 0.990637	H@100 1.000000
INFO:kbc-cli.py:Epoch 75/100	test results	MRR 0.849092	H@1 0.766294	H@3 0.919460	H@5 0.956704	H@10 0.979981	H@20 0.992086	H@50 0.996276	H@100 1.000000
INFO:kbc-cli.py:Epoch 76/100	Loss 6.3488 ± 0.1138
INFO:kbc-cli.py:Epoch 77/100	Loss 6.3484 ± 0.0974
INFO:kbc-cli.py:Epoch 78/100	Loss 6.3479 ± 0.1048
INFO:kbc-cli.py:Epoch 78/100	dev results	MRR 0.855374	H@1 0.778558	H@3 0.920412	H@5 0.953184	H@10 0.976592	H@20 0.987360	H@50 0.991105	H@100 1.000000
INFO:kbc-cli.py:Epoch 78/100	test results	MRR 0.849101	H@1 0.766294	H@3 0.921322	H@5 0.956238	H@10 0.979981	H@20 0.992086	H@50 0.996276	H@100 1.000000
INFO:kbc-cli.py:Epoch 79/100	Loss 6.3476 ± 0.1113
INFO:kbc-cli.py:Epoch 80/100	Loss 6.3473 ± 0.1019
INFO:kbc-cli.py:Epoch 81/100	Loss 6.3471 ± 0.1142
INFO:kbc-cli.py:Epoch 81/100	dev results	MRR 0.856307	H@1 0.780431	H@3 0.919476	H@5 0.954588	H@10 0.976592	H@20 0.987360	H@50 0.991105	H@100 1.000000
INFO:kbc-cli.py:Epoch 81/100	test results	MRR 0.849261	H@1 0.766294	H@3 0.921322	H@5 0.957169	H@10 0.979516	H@20 0.992551	H@50 0.996276	H@100 1.000000
INFO:kbc-cli.py:Epoch 82/100	Loss 6.3467 ± 0.1029
INFO:kbc-cli.py:Epoch 83/100	Loss 6.3464 ± 0.1000
INFO:kbc-cli.py:Epoch 84/100	Loss 6.3460 ± 0.0979
INFO:kbc-cli.py:Epoch 84/100	dev results	MRR 0.855366	H@1 0.778558	H@3 0.918071	H@5 0.955056	H@10 0.976592	H@20 0.987360	H@50 0.991573	H@100 1.000000
INFO:kbc-cli.py:Epoch 84/100	test results	MRR 0.850393	H@1 0.767691	H@3 0.921788	H@5 0.957169	H@10 0.979516	H@20 0.992551	H@50 0.996276	H@100 1.000000
INFO:kbc-cli.py:Epoch 85/100	Loss 6.3457 ± 0.1085
INFO:kbc-cli.py:Epoch 86/100	Loss 6.3454 ± 0.1147
INFO:kbc-cli.py:Epoch 87/100	Loss 6.3450 ± 0.1176
INFO:kbc-cli.py:Epoch 87/100	dev results	MRR 0.855593	H@1 0.779026	H@3 0.918539	H@5 0.955524	H@10 0.976592	H@20 0.987828	H@50 0.991573	H@100 1.000000
INFO:kbc-cli.py:Epoch 87/100	test results	MRR 0.850259	H@1 0.768156	H@3 0.921322	H@5 0.956704	H@10 0.979050	H@20 0.992551	H@50 0.996276	H@100 1.000000
INFO:kbc-cli.py:Epoch 88/100	Loss 6.3449 ± 0.1165
INFO:kbc-cli.py:Epoch 89/100	Loss 6.3444 ± 0.1186
INFO:kbc-cli.py:Epoch 90/100	Loss 6.3442 ± 0.0967
INFO:kbc-cli.py:Epoch 90/100	dev results	MRR 0.854572	H@1 0.777154	H@3 0.919476	H@5 0.955524	H@10 0.977060	H@20 0.987828	H@50 0.991573	H@100 1.000000
INFO:kbc-cli.py:Epoch 90/100	test results	MRR 0.848288	H@1 0.764432	H@3 0.921788	H@5 0.956704	H@10 0.979050	H@20 0.993017	H@50 0.996276	H@100 1.000000
INFO:kbc-cli.py:Epoch 91/100	Loss 6.3439 ± 0.1054
INFO:kbc-cli.py:Epoch 92/100	Loss 6.3438 ± 0.1114
INFO:kbc-cli.py:Epoch 93/100	Loss 6.3433 ± 0.1201
INFO:kbc-cli.py:Epoch 93/100	dev results	MRR 0.856273	H@1 0.780899	H@3 0.919944	H@5 0.955524	H@10 0.976592	H@20 0.987828	H@50 0.991573	H@100 1.000000
INFO:kbc-cli.py:Epoch 93/100	test results	MRR 0.849297	H@1 0.765829	H@3 0.922253	H@5 0.956704	H@10 0.979516	H@20 0.992551	H@50 0.996276	H@100 1.000000
INFO:kbc-cli.py:Epoch 94/100	Loss 6.3429 ± 0.1054
INFO:kbc-cli.py:Epoch 95/100	Loss 6.3426 ± 0.1111
INFO:kbc-cli.py:Epoch 96/100	Loss 6.3424 ± 0.1125
INFO:kbc-cli.py:Epoch 96/100	dev results	MRR 0.856076	H@1 0.780431	H@3 0.919476	H@5 0.955056	H@10 0.977060	H@20 0.987828	H@50 0.991573	H@100 1.000000
INFO:kbc-cli.py:Epoch 96/100	test results	MRR 0.849163	H@1 0.765363	H@3 0.922253	H@5 0.956704	H@10 0.979050	H@20 0.992551	H@50 0.996276	H@100 1.000000
INFO:kbc-cli.py:Epoch 97/100	Loss 6.3422 ± 0.1028
INFO:kbc-cli.py:Epoch 98/100	Loss 6.3421 ± 0.1111
INFO:kbc-cli.py:Epoch 99/100	Loss 6.3418 ± 0.1001
INFO:kbc-cli.py:Epoch 99/100	dev results	MRR 0.855582	H@1 0.779494	H@3 0.919476	H@5 0.954120	H@10 0.977060	H@20 0.987828	H@50 0.991573	H@100 1.000000
INFO:kbc-cli.py:Epoch 99/100	test results	MRR 0.850387	H@1 0.767691	H@3 0.923650	H@5 0.956704	H@10 0.979050	H@20 0.993017	H@50 0.996276	H@100 1.000000
INFO:kbc-cli.py:Epoch 100/100	Loss 6.3414 ± 0.1064
INFO:kbc-cli.py:Final 	dev results	MRR 0.855493	H@1 0.779026	H@3 0.920880	H@5 0.954588	H@10 0.977060	H@20 0.987828	H@50 0.991573	H@100 1.000000
INFO:kbc-cli.py:Final 	test results	MRR 0.850609	H@1 0.768156	H@3 0.923184	H@5 0.957169	H@10 0.979050	H@20 0.993017	H@50 0.996276	H@100 1.000000
INFO:kbc-cli.py:Training finished
