./bin/kbc-cli.py --train data/umls/train.tsv --dev data/umls/dev.tsv --test data/umls/test.tsv -m complex -k 100 -b 100 -e 100 --F2 0 --N3 0.5 -l 0.1 -I reciprocal -V 3 -o adagrad -c so -q
{'F2': 0.0,
 'N3': 0.5,
 'batch_size': 100,
 'corruption': 'so',
 'dev': 'data/umls/dev.tsv',
 'embedding_size': 100,
 'epochs': 100,
 'eval_batch_size': None,
 'input_type': 'reciprocal',
 'learning_rate': 0.1,
 'load': None,
 'model': 'complex',
 'optimizer': 'adagrad',
 'quiet': True,
 'save': None,
 'seed': 0,
 'test': 'data/umls/test.tsv',
 'test_i': None,
 'test_ii': None,
 'train': 'data/umls/train.tsv',
 'validate_every': 3}
INFO:kbc-cli.py:Device: cuda
INFO:kbc-cli.py:Model state:
INFO:kbc-cli.py:	entities.weight	torch.Size([135, 200])
INFO:kbc-cli.py:	predicates.weight	torch.Size([92, 200])
INFO:kbc-cli.py:Epoch 1/100	Loss 9.8272 ± 0.0522
INFO:kbc-cli.py:Epoch 2/100	Loss 9.8109 ± 0.0005
INFO:kbc-cli.py:Epoch 3/100	Loss 9.8106 ± 0.0001
INFO:kbc-cli.py:Epoch 3/100	dev results	MRR 0.332089	H@1 0.187883	H@3 0.406442	H@5 0.482362	H@10 0.618865	H@20 0.769939	H@50 0.907975	H@100 0.989264
INFO:kbc-cli.py:Epoch 3/100	test results	MRR 0.324847	H@1 0.170197	H@3 0.407716	H@5 0.496974	H@10 0.624811	H@20 0.759455	H@50 0.904690	H@100 0.980333
INFO:kbc-cli.py:Epoch 4/100	Loss 9.8106 ± 0.0001
INFO:kbc-cli.py:Epoch 5/100	Loss 9.8106 ± 0.0000
INFO:kbc-cli.py:Epoch 6/100	Loss 9.8106 ± 0.0000
INFO:kbc-cli.py:Epoch 6/100	dev results	MRR 0.265701	H@1 0.152607	H@3 0.292178	H@5 0.355828	H@10 0.496166	H@20 0.674080	H@50 0.859663	H@100 0.975460
INFO:kbc-cli.py:Epoch 6/100	test results	MRR 0.265407	H@1 0.145234	H@3 0.296520	H@5 0.365356	H@10 0.493192	H@20 0.674735	H@50 0.871407	H@100 0.974281
INFO:kbc-cli.py:Epoch 7/100	Loss 9.8106 ± 0.0001
INFO:kbc-cli.py:Epoch 8/100	Loss 9.8102 ± 0.0011
INFO:kbc-cli.py:Epoch 9/100	Loss 9.8083 ± 0.0035
INFO:kbc-cli.py:Epoch 9/100	dev results	MRR 0.328021	H@1 0.226994	H@3 0.335890	H@5 0.389571	H@10 0.564417	H@20 0.707822	H@50 0.901074	H@100 0.988497
INFO:kbc-cli.py:Epoch 9/100	test results	MRR 0.331620	H@1 0.227685	H@3 0.343419	H@5 0.402421	H@10 0.583207	H@20 0.704992	H@50 0.892587	H@100 0.981846
INFO:kbc-cli.py:Epoch 10/100	Loss 9.8063 ± 0.0055
INFO:kbc-cli.py:Epoch 11/100	Loss 9.8054 ± 0.0076
INFO:kbc-cli.py:Epoch 12/100	Loss 9.8050 ± 0.0075
INFO:kbc-cli.py:Epoch 12/100	dev results	MRR 0.309991	H@1 0.200920	H@3 0.317485	H@5 0.391104	H@10 0.560583	H@20 0.713957	H@50 0.910276	H@100 0.986196
INFO:kbc-cli.py:Epoch 12/100	test results	MRR 0.322710	H@1 0.201967	H@3 0.350227	H@5 0.409228	H@10 0.583964	H@20 0.731467	H@50 0.894100	H@100 0.981846
INFO:kbc-cli.py:Epoch 13/100	Loss 9.8047 ± 0.0084
INFO:kbc-cli.py:Epoch 14/100	Loss 9.8045 ± 0.0088
INFO:kbc-cli.py:Epoch 15/100	Loss 9.8043 ± 0.0074
INFO:kbc-cli.py:Epoch 15/100	dev results	MRR 0.326199	H@1 0.214724	H@3 0.345092	H@5 0.399540	H@10 0.574387	H@20 0.724693	H@50 0.907209	H@100 0.984663
INFO:kbc-cli.py:Epoch 15/100	test results	MRR 0.331606	H@1 0.214070	H@3 0.357035	H@5 0.411498	H@10 0.596067	H@20 0.736762	H@50 0.897126	H@100 0.979576
INFO:kbc-cli.py:Epoch 16/100	Loss 9.8042 ± 0.0081
INFO:kbc-cli.py:Epoch 17/100	Loss 9.8044 ± 0.0106
INFO:kbc-cli.py:Epoch 18/100	Loss 9.8040 ± 0.0086
INFO:kbc-cli.py:Epoch 18/100	dev results	MRR 0.327511	H@1 0.219325	H@3 0.334356	H@5 0.404908	H@10 0.578988	H@20 0.713190	H@50 0.906442	H@100 0.989264
INFO:kbc-cli.py:Epoch 18/100	test results	MRR 0.337177	H@1 0.220877	H@3 0.363086	H@5 0.426626	H@10 0.596067	H@20 0.728442	H@50 0.891831	H@100 0.981089
INFO:kbc-cli.py:Epoch 19/100	Loss 9.8039 ± 0.0091
INFO:kbc-cli.py:Epoch 20/100	Loss 9.8039 ± 0.0089
INFO:kbc-cli.py:Epoch 21/100	Loss 9.8040 ± 0.0087
INFO:kbc-cli.py:Epoch 21/100	dev results	MRR 0.320002	H@1 0.216258	H@3 0.325153	H@5 0.392638	H@10 0.569018	H@20 0.717791	H@50 0.906442	H@100 0.989264
INFO:kbc-cli.py:Epoch 21/100	test results	MRR 0.337606	H@1 0.226929	H@3 0.353253	H@5 0.423601	H@10 0.594554	H@20 0.728442	H@50 0.892587	H@100 0.982602
INFO:kbc-cli.py:Epoch 22/100	Loss 9.8037 ± 0.0097
INFO:kbc-cli.py:Epoch 23/100	Loss 9.8039 ± 0.0090
INFO:kbc-cli.py:Epoch 24/100	Loss 9.8039 ± 0.0075
INFO:kbc-cli.py:Epoch 24/100	dev results	MRR 0.345162	H@1 0.239264	H@3 0.365798	H@5 0.413344	H@10 0.573620	H@20 0.713957	H@50 0.904908	H@100 0.986196
INFO:kbc-cli.py:Epoch 24/100	test results	MRR 0.363533	H@1 0.249622	H@3 0.395613	H@5 0.434947	H@10 0.602118	H@20 0.732980	H@50 0.894100	H@100 0.981846
INFO:kbc-cli.py:Epoch 25/100	Loss 9.8037 ± 0.0082
INFO:kbc-cli.py:Epoch 26/100	Loss 9.8037 ± 0.0087
INFO:kbc-cli.py:Epoch 27/100	Loss 9.8039 ± 0.0084
INFO:kbc-cli.py:Epoch 27/100	dev results	MRR 0.340562	H@1 0.237730	H@3 0.355061	H@5 0.396472	H@10 0.575920	H@20 0.713957	H@50 0.906442	H@100 0.989264
INFO:kbc-cli.py:Epoch 27/100	test results	MRR 0.349822	H@1 0.236762	H@3 0.367625	H@5 0.425113	H@10 0.590015	H@20 0.733737	H@50 0.892587	H@100 0.983359
INFO:kbc-cli.py:Epoch 28/100	Loss 9.8036 ± 0.0090
INFO:kbc-cli.py:Epoch 29/100	Loss 9.8038 ± 0.0092
INFO:kbc-cli.py:Epoch 30/100	Loss 9.8035 ± 0.0091
INFO:kbc-cli.py:Epoch 30/100	dev results	MRR 0.343001	H@1 0.238497	H@3 0.358129	H@5 0.414877	H@10 0.584356	H@20 0.718558	H@50 0.909509	H@100 0.988497
INFO:kbc-cli.py:Epoch 30/100	test results	MRR 0.354458	H@1 0.242057	H@3 0.381997	H@5 0.439486	H@10 0.604387	H@20 0.729198	H@50 0.893343	H@100 0.984115
INFO:kbc-cli.py:Epoch 31/100	Loss 9.8038 ± 0.0094
INFO:kbc-cli.py:Epoch 32/100	Loss 9.8036 ± 0.0098
INFO:kbc-cli.py:Epoch 33/100	Loss 9.8037 ± 0.0093
INFO:kbc-cli.py:Epoch 33/100	dev results	MRR 0.348097	H@1 0.241564	H@3 0.368865	H@5 0.414877	H@10 0.588190	H@20 0.712423	H@50 0.908742	H@100 0.988497
INFO:kbc-cli.py:Epoch 33/100	test results	MRR 0.361185	H@1 0.248109	H@3 0.386536	H@5 0.439486	H@10 0.604387	H@20 0.730711	H@50 0.893343	H@100 0.982602
INFO:kbc-cli.py:Epoch 34/100	Loss 9.8035 ± 0.0093
INFO:kbc-cli.py:Epoch 35/100	Loss 9.8034 ± 0.0090
INFO:kbc-cli.py:Epoch 36/100	Loss 9.8035 ± 0.0096
INFO:kbc-cli.py:Epoch 36/100	dev results	MRR 0.346590	H@1 0.245399	H@3 0.353528	H@5 0.402607	H@10 0.579755	H@20 0.715491	H@50 0.907975	H@100 0.989264
INFO:kbc-cli.py:Epoch 36/100	test results	MRR 0.349137	H@1 0.235250	H@3 0.375189	H@5 0.424357	H@10 0.586233	H@20 0.725416	H@50 0.891831	H@100 0.984115
INFO:kbc-cli.py:Epoch 37/100	Loss 9.8035 ± 0.0086
INFO:kbc-cli.py:Epoch 38/100	Loss 9.8038 ± 0.0094
INFO:kbc-cli.py:Epoch 39/100	Loss 9.8037 ± 0.0089
INFO:kbc-cli.py:Epoch 39/100	dev results	MRR 0.341399	H@1 0.240031	H@3 0.351227	H@5 0.404141	H@10 0.575920	H@20 0.712423	H@50 0.907975	H@100 0.988497
INFO:kbc-cli.py:Epoch 39/100	test results	MRR 0.353254	H@1 0.242814	H@3 0.381241	H@5 0.428139	H@10 0.600605	H@20 0.731467	H@50 0.892587	H@100 0.982602
INFO:kbc-cli.py:Epoch 40/100	Loss 9.8034 ± 0.0076
INFO:kbc-cli.py:Epoch 41/100	Loss 9.8034 ± 0.0085
INFO:kbc-cli.py:Epoch 42/100	Loss 9.8036 ± 0.0092
INFO:kbc-cli.py:Epoch 42/100	dev results	MRR 0.351616	H@1 0.249233	H@3 0.365031	H@5 0.411043	H@10 0.584356	H@20 0.718558	H@50 0.909509	H@100 0.988497
INFO:kbc-cli.py:Epoch 42/100	test results	MRR 0.357109	H@1 0.248865	H@3 0.379728	H@5 0.424357	H@10 0.602874	H@20 0.731467	H@50 0.892587	H@100 0.984115
INFO:kbc-cli.py:Epoch 43/100	Loss 9.8034 ± 0.0095
INFO:kbc-cli.py:Epoch 44/100	Loss 9.8035 ± 0.0082
INFO:kbc-cli.py:Epoch 45/100	Loss 9.8036 ± 0.0096
INFO:kbc-cli.py:Epoch 45/100	dev results	MRR 0.352946	H@1 0.250000	H@3 0.373466	H@5 0.407209	H@10 0.575920	H@20 0.717025	H@50 0.910276	H@100 0.989264
INFO:kbc-cli.py:Epoch 45/100	test results	MRR 0.358548	H@1 0.246596	H@3 0.388048	H@5 0.426626	H@10 0.591528	H@20 0.731467	H@50 0.892587	H@100 0.983359
INFO:kbc-cli.py:Epoch 46/100	Loss 9.8037 ± 0.0095
INFO:kbc-cli.py:Epoch 47/100	Loss 9.8035 ± 0.0086
INFO:kbc-cli.py:Epoch 48/100	Loss 9.8038 ± 0.0102
INFO:kbc-cli.py:Epoch 48/100	dev results	MRR 0.343020	H@1 0.236963	H@3 0.362730	H@5 0.413344	H@10 0.588957	H@20 0.716258	H@50 0.908742	H@100 0.990031
INFO:kbc-cli.py:Epoch 48/100	test results	MRR 0.348653	H@1 0.232980	H@3 0.371407	H@5 0.440242	H@10 0.597579	H@20 0.730711	H@50 0.892587	H@100 0.984115
INFO:kbc-cli.py:Epoch 49/100	Loss 9.8035 ± 0.0094
INFO:kbc-cli.py:Epoch 50/100	Loss 9.8035 ± 0.0094
INFO:kbc-cli.py:Epoch 51/100	Loss 9.8036 ± 0.0096
INFO:kbc-cli.py:Epoch 51/100	dev results	MRR 0.349051	H@1 0.243865	H@3 0.366564	H@5 0.406442	H@10 0.582822	H@20 0.714724	H@50 0.908742	H@100 0.988497
INFO:kbc-cli.py:Epoch 51/100	test results	MRR 0.360861	H@1 0.248865	H@3 0.381997	H@5 0.430408	H@10 0.598336	H@20 0.728442	H@50 0.893343	H@100 0.983359
INFO:kbc-cli.py:Epoch 52/100	Loss 9.8033 ± 0.0089
INFO:kbc-cli.py:Epoch 53/100	Loss 9.8035 ± 0.0094
INFO:kbc-cli.py:Epoch 54/100	Loss 9.8034 ± 0.0092
INFO:kbc-cli.py:Epoch 54/100	dev results	MRR 0.346174	H@1 0.243865	H@3 0.358129	H@5 0.407209	H@10 0.575920	H@20 0.713957	H@50 0.907975	H@100 0.990031
INFO:kbc-cli.py:Epoch 54/100	test results	MRR 0.356725	H@1 0.247352	H@3 0.373676	H@5 0.431921	H@10 0.596067	H@20 0.729198	H@50 0.893343	H@100 0.981846
INFO:kbc-cli.py:Epoch 55/100	Loss 9.8034 ± 0.0084
INFO:kbc-cli.py:Epoch 56/100	Loss 9.8036 ± 0.0098
INFO:kbc-cli.py:Epoch 57/100	Loss 9.8034 ± 0.0091
INFO:kbc-cli.py:Epoch 57/100	dev results	MRR 0.344079	H@1 0.241564	H@3 0.354294	H@5 0.411043	H@10 0.581288	H@20 0.711656	H@50 0.908742	H@100 0.989264
INFO:kbc-cli.py:Epoch 57/100	test results	MRR 0.349672	H@1 0.236762	H@3 0.369894	H@5 0.426626	H@10 0.593797	H@20 0.727685	H@50 0.893343	H@100 0.983359
INFO:kbc-cli.py:Epoch 58/100	Loss 9.8035 ± 0.0093
INFO:kbc-cli.py:Epoch 59/100	Loss 9.8034 ± 0.0089
INFO:kbc-cli.py:Epoch 60/100	Loss 9.8034 ± 0.0082
INFO:kbc-cli.py:Epoch 60/100	dev results	MRR 0.340528	H@1 0.236196	H@3 0.361196	H@5 0.407975	H@10 0.582822	H@20 0.713957	H@50 0.909509	H@100 0.988497
INFO:kbc-cli.py:Epoch 60/100	test results	MRR 0.353363	H@1 0.242057	H@3 0.386536	H@5 0.429652	H@10 0.605144	H@20 0.727685	H@50 0.893343	H@100 0.983359
INFO:kbc-cli.py:Epoch 61/100	Loss 9.8032 ± 0.0107
INFO:kbc-cli.py:Epoch 62/100	Loss 9.8033 ± 0.0104
INFO:kbc-cli.py:Epoch 63/100	Loss 9.8032 ± 0.0093
INFO:kbc-cli.py:Epoch 63/100	dev results	MRR 0.348133	H@1 0.247699	H@3 0.357362	H@5 0.407975	H@10 0.580521	H@20 0.712423	H@50 0.907975	H@100 0.989264
INFO:kbc-cli.py:Epoch 63/100	test results	MRR 0.354842	H@1 0.245083	H@3 0.372920	H@5 0.430408	H@10 0.602874	H@20 0.729198	H@50 0.893343	H@100 0.983359
INFO:kbc-cli.py:Epoch 64/100	Loss 9.8033 ± 0.0091
INFO:kbc-cli.py:Epoch 65/100	Loss 9.8036 ± 0.0095
INFO:kbc-cli.py:Epoch 66/100	Loss 9.8035 ± 0.0096
INFO:kbc-cli.py:Epoch 66/100	dev results	MRR 0.345016	H@1 0.244632	H@3 0.354294	H@5 0.404141	H@10 0.576687	H@20 0.713957	H@50 0.907975	H@100 0.988497
INFO:kbc-cli.py:Epoch 66/100	test results	MRR 0.354932	H@1 0.245840	H@3 0.375189	H@5 0.431165	H@10 0.602874	H@20 0.728442	H@50 0.893343	H@100 0.983359
INFO:kbc-cli.py:Epoch 67/100	Loss 9.8033 ± 0.0086
INFO:kbc-cli.py:Epoch 68/100	Loss 9.8032 ± 0.0085
INFO:kbc-cli.py:Epoch 69/100	Loss 9.8034 ± 0.0086
INFO:kbc-cli.py:Epoch 69/100	dev results	MRR 0.344138	H@1 0.244632	H@3 0.347393	H@5 0.401074	H@10 0.583589	H@20 0.713957	H@50 0.906442	H@100 0.988497
INFO:kbc-cli.py:Epoch 69/100	test results	MRR 0.352297	H@1 0.239788	H@3 0.372920	H@5 0.428139	H@10 0.596067	H@20 0.732224	H@50 0.893343	H@100 0.983359
INFO:kbc-cli.py:Epoch 70/100	Loss 9.8034 ± 0.0082
INFO:kbc-cli.py:Epoch 71/100	Loss 9.8035 ± 0.0097
INFO:kbc-cli.py:Epoch 72/100	Loss 9.8035 ± 0.0084
INFO:kbc-cli.py:Epoch 72/100	dev results	MRR 0.343900	H@1 0.243865	H@3 0.348926	H@5 0.403374	H@10 0.575920	H@20 0.712423	H@50 0.907209	H@100 0.989264
INFO:kbc-cli.py:Epoch 72/100	test results	MRR 0.349858	H@1 0.242057	H@3 0.364599	H@5 0.416793	H@10 0.589259	H@20 0.732224	H@50 0.892587	H@100 0.983359
INFO:kbc-cli.py:Epoch 73/100	Loss 9.8033 ± 0.0088
INFO:kbc-cli.py:Epoch 74/100	Loss 9.8032 ± 0.0093
INFO:kbc-cli.py:Epoch 75/100	Loss 9.8034 ± 0.0095
INFO:kbc-cli.py:Epoch 75/100	dev results	MRR 0.338774	H@1 0.233129	H@3 0.351227	H@5 0.407209	H@10 0.583589	H@20 0.714724	H@50 0.907975	H@100 0.989264
INFO:kbc-cli.py:Epoch 75/100	test results	MRR 0.345717	H@1 0.231467	H@3 0.369138	H@5 0.427383	H@10 0.596067	H@20 0.729198	H@50 0.892587	H@100 0.983359
INFO:kbc-cli.py:Epoch 76/100	Loss 9.8033 ± 0.0085
INFO:kbc-cli.py:Epoch 77/100	Loss 9.8033 ± 0.0100
INFO:kbc-cli.py:Epoch 78/100	Loss 9.8033 ± 0.0085
INFO:kbc-cli.py:Epoch 78/100	dev results	MRR 0.353485	H@1 0.253067	H@3 0.360429	H@5 0.407975	H@10 0.587423	H@20 0.713190	H@50 0.908742	H@100 0.989264
INFO:kbc-cli.py:Epoch 78/100	test results	MRR 0.360924	H@1 0.254917	H@3 0.374433	H@5 0.427383	H@10 0.602874	H@20 0.728442	H@50 0.892587	H@100 0.983359
INFO:kbc-cli.py:Epoch 79/100	Loss 9.8033 ± 0.0090
INFO:kbc-cli.py:Epoch 80/100	Loss 9.8034 ± 0.0087
INFO:kbc-cli.py:Epoch 81/100	Loss 9.8031 ± 0.0101
INFO:kbc-cli.py:Epoch 81/100	dev results	MRR 0.345792	H@1 0.240798	H@3 0.356595	H@5 0.410276	H@10 0.585890	H@20 0.714724	H@50 0.909509	H@100 0.988497
INFO:kbc-cli.py:Epoch 81/100	test results	MRR 0.356029	H@1 0.242814	H@3 0.378215	H@5 0.434191	H@10 0.600605	H@20 0.730711	H@50 0.892587	H@100 0.983359
INFO:kbc-cli.py:Epoch 82/100	Loss 9.8031 ± 0.0097
INFO:kbc-cli.py:Epoch 83/100	Loss 9.8034 ± 0.0086
INFO:kbc-cli.py:Epoch 84/100	Loss 9.8033 ± 0.0089
INFO:kbc-cli.py:Epoch 84/100	dev results	MRR 0.340572	H@1 0.235429	H@3 0.350460	H@5 0.410276	H@10 0.582055	H@20 0.714724	H@50 0.908742	H@100 0.988497
INFO:kbc-cli.py:Epoch 84/100	test results	MRR 0.349101	H@1 0.236006	H@3 0.372163	H@5 0.431165	H@10 0.598336	H@20 0.729198	H@50 0.893343	H@100 0.982602
INFO:kbc-cli.py:Epoch 85/100	Loss 9.8032 ± 0.0088
INFO:kbc-cli.py:Epoch 86/100	Loss 9.8032 ± 0.0092
INFO:kbc-cli.py:Epoch 87/100	Loss 9.8033 ± 0.0095
INFO:kbc-cli.py:Epoch 87/100	dev results	MRR 0.341879	H@1 0.237730	H@3 0.358896	H@5 0.407209	H@10 0.584356	H@20 0.713190	H@50 0.908742	H@100 0.989264
INFO:kbc-cli.py:Epoch 87/100	test results	MRR 0.350662	H@1 0.237519	H@3 0.379728	H@5 0.428139	H@10 0.597579	H@20 0.729955	H@50 0.893343	H@100 0.983359
INFO:kbc-cli.py:Epoch 88/100	Loss 9.8035 ± 0.0099
INFO:kbc-cli.py:Epoch 89/100	Loss 9.8034 ± 0.0100
INFO:kbc-cli.py:Epoch 90/100	Loss 9.8032 ± 0.0092
INFO:kbc-cli.py:Epoch 90/100	dev results	MRR 0.344128	H@1 0.241564	H@3 0.357362	H@5 0.403374	H@10 0.582055	H@20 0.713957	H@50 0.910276	H@100 0.988497
INFO:kbc-cli.py:Epoch 90/100	test results	MRR 0.354630	H@1 0.247352	H@3 0.372163	H@5 0.420575	H@10 0.596823	H@20 0.728442	H@50 0.893343	H@100 0.983359
INFO:kbc-cli.py:Epoch 91/100	Loss 9.8034 ± 0.0093
INFO:kbc-cli.py:Epoch 92/100	Loss 9.8033 ± 0.0079
INFO:kbc-cli.py:Epoch 93/100	Loss 9.8033 ± 0.0090
INFO:kbc-cli.py:Epoch 93/100	dev results	MRR 0.343848	H@1 0.240798	H@3 0.358129	H@5 0.405675	H@10 0.580521	H@20 0.712423	H@50 0.909509	H@100 0.988497
INFO:kbc-cli.py:Epoch 93/100	test results	MRR 0.352438	H@1 0.239032	H@3 0.377458	H@5 0.424357	H@10 0.594554	H@20 0.726929	H@50 0.893343	H@100 0.983359
INFO:kbc-cli.py:Epoch 94/100	Loss 9.8033 ± 0.0091
INFO:kbc-cli.py:Epoch 95/100	Loss 9.8033 ± 0.0088
INFO:kbc-cli.py:Epoch 96/100	Loss 9.8031 ± 0.0093
INFO:kbc-cli.py:Epoch 96/100	dev results	MRR 0.345005	H@1 0.242331	H@3 0.351994	H@5 0.409509	H@10 0.580521	H@20 0.712423	H@50 0.908742	H@100 0.989264
INFO:kbc-cli.py:Epoch 96/100	test results	MRR 0.358350	H@1 0.249622	H@3 0.375189	H@5 0.430408	H@10 0.596823	H@20 0.727685	H@50 0.892587	H@100 0.982602
INFO:kbc-cli.py:Epoch 97/100	Loss 9.8032 ± 0.0100
INFO:kbc-cli.py:Epoch 98/100	Loss 9.8033 ± 0.0092
INFO:kbc-cli.py:Epoch 99/100	Loss 9.8034 ± 0.0090
INFO:kbc-cli.py:Epoch 99/100	dev results	MRR 0.350218	H@1 0.248466	H@3 0.358129	H@5 0.407975	H@10 0.582055	H@20 0.714724	H@50 0.907975	H@100 0.989264
INFO:kbc-cli.py:Epoch 99/100	test results	MRR 0.355770	H@1 0.245083	H@3 0.378971	H@5 0.432678	H@10 0.601362	H@20 0.728442	H@50 0.892587	H@100 0.983359
INFO:kbc-cli.py:Epoch 100/100	Loss 9.8031 ± 0.0089
INFO:kbc-cli.py:Final 	dev results	MRR 0.349080	H@1 0.250000	H@3 0.355828	H@5 0.411810	H@10 0.581288	H@20 0.713190	H@50 0.907975	H@100 0.989264
INFO:kbc-cli.py:Final 	test results	MRR 0.354906	H@1 0.245840	H@3 0.374433	H@5 0.429652	H@10 0.596823	H@20 0.727685	H@50 0.892587	H@100 0.983359
INFO:kbc-cli.py:Training finished
