./bin/kbc-cli.py --train data/kinship/train.tsv --dev data/kinship/dev.tsv --test data/kinship/test.tsv -m complex -k 500 -b 500 -e 100 --F2 0 --N3 0.5 -l 0.1 -I standard -V 3 -o adagrad -c spo -q
{'F2': 0.0,
 'N3': 0.5,
 'batch_size': 500,
 'corruption': 'spo',
 'dev': 'data/kinship/dev.tsv',
 'embedding_size': 500,
 'epochs': 100,
 'eval_batch_size': None,
 'input_type': 'standard',
 'learning_rate': 0.1,
 'load': None,
 'model': 'complex',
 'optimizer': 'adagrad',
 'quiet': True,
 'save': None,
 'seed': 0,
 'test': 'data/kinship/test.tsv',
 'test_i': None,
 'test_ii': None,
 'train': 'data/kinship/train.tsv',
 'validate_every': 3}
INFO:kbc-cli.py:Device: cuda
INFO:kbc-cli.py:Model state:
INFO:kbc-cli.py:	entities.weight	torch.Size([104, 1000])
INFO:kbc-cli.py:	predicates.weight	torch.Size([25, 1000])
INFO:kbc-cli.py:Epoch 1/100	Loss 12.6670 ± 0.4744
INFO:kbc-cli.py:Epoch 2/100	Loss 12.3524 ± 0.1628
INFO:kbc-cli.py:Epoch 3/100	Loss 11.8621 ± 0.0914
INFO:kbc-cli.py:Epoch 3/100	dev results	MRR 0.218224	H@1 0.072097	H@3 0.202715	H@5 0.337079	H@10 0.601124	H@20 0.928371	H@50 0.993914	H@100 1.000000
INFO:kbc-cli.py:Epoch 3/100	test results	MRR 0.207897	H@1 0.060987	H@3 0.186220	H@5 0.317970	H@10 0.614525	H@20 0.922253	H@50 0.996741	H@100 1.000000
INFO:kbc-cli.py:Epoch 4/100	Loss 11.7836 ± 0.0519
INFO:kbc-cli.py:Epoch 5/100	Loss 11.6868 ± 0.0363
INFO:kbc-cli.py:Epoch 6/100	Loss 11.6857 ± 0.0307
INFO:kbc-cli.py:Epoch 6/100	dev results	MRR 0.216585	H@1 0.067884	H@3 0.202247	H@5 0.335674	H@10 0.612360	H@20 0.937734	H@50 0.992978	H@100 1.000000
INFO:kbc-cli.py:Epoch 6/100	test results	MRR 0.205125	H@1 0.059125	H@3 0.180633	H@5 0.317970	H@10 0.591248	H@20 0.922719	H@50 0.995810	H@100 1.000000
INFO:kbc-cli.py:Epoch 7/100	Loss 11.6863 ± 0.0338
INFO:kbc-cli.py:Epoch 8/100	Loss 11.6932 ± 0.0626
INFO:kbc-cli.py:Epoch 9/100	Loss 11.6788 ± 0.0276
INFO:kbc-cli.py:Epoch 9/100	dev results	MRR 0.229924	H@1 0.096442	H@3 0.204120	H@5 0.331461	H@10 0.594101	H@20 0.942884	H@50 0.992978	H@100 1.000000
INFO:kbc-cli.py:Epoch 9/100	test results	MRR 0.235408	H@1 0.103352	H@3 0.211359	H@5 0.340782	H@10 0.583799	H@20 0.938547	H@50 0.996741	H@100 1.000000
INFO:kbc-cli.py:Epoch 10/100	Loss 11.6727 ± 0.0424
INFO:kbc-cli.py:Epoch 11/100	Loss 11.6739 ± 0.0352
INFO:kbc-cli.py:Epoch 12/100	Loss 11.6719 ± 0.0541
INFO:kbc-cli.py:Epoch 12/100	dev results	MRR 0.217226	H@1 0.074438	H@3 0.189139	H@5 0.344101	H@10 0.621723	H@20 0.925562	H@50 0.993914	H@100 1.000000
INFO:kbc-cli.py:Epoch 12/100	test results	MRR 0.215640	H@1 0.073557	H@3 0.191806	H@5 0.337523	H@10 0.607076	H@20 0.922719	H@50 0.996276	H@100 1.000000
INFO:kbc-cli.py:Epoch 13/100	Loss 11.6685 ± 0.0557
INFO:kbc-cli.py:Epoch 14/100	Loss 11.6771 ± 0.0326
INFO:kbc-cli.py:Epoch 15/100	Loss 11.6811 ± 0.0359
INFO:kbc-cli.py:Epoch 15/100	dev results	MRR 0.223224	H@1 0.080056	H@3 0.212079	H@5 0.340356	H@10 0.607678	H@20 0.932584	H@50 0.993446	H@100 1.000000
INFO:kbc-cli.py:Epoch 15/100	test results	MRR 0.230761	H@1 0.085661	H@3 0.226723	H@5 0.353818	H@10 0.606145	H@20 0.928305	H@50 0.996741	H@100 1.000000
INFO:kbc-cli.py:Epoch 16/100	Loss 11.6716 ± 0.0458
INFO:kbc-cli.py:Epoch 17/100	Loss 11.6762 ± 0.0317
INFO:kbc-cli.py:Epoch 18/100	Loss 11.6825 ± 0.0338
INFO:kbc-cli.py:Epoch 18/100	dev results	MRR 0.225054	H@1 0.070225	H@3 0.237360	H@5 0.363764	H@10 0.584738	H@20 0.935861	H@50 0.993446	H@100 1.000000
INFO:kbc-cli.py:Epoch 18/100	test results	MRR 0.226827	H@1 0.072160	H@3 0.242551	H@5 0.349162	H@10 0.576816	H@20 0.920391	H@50 0.995345	H@100 1.000000
INFO:kbc-cli.py:Epoch 19/100	Loss 11.6768 ± 0.0207
INFO:kbc-cli.py:Epoch 20/100	Loss 11.6710 ± 0.0410
INFO:kbc-cli.py:Epoch 21/100	Loss 11.6818 ± 0.0437
INFO:kbc-cli.py:Epoch 21/100	dev results	MRR 0.234620	H@1 0.089419	H@3 0.222846	H@5 0.357210	H@10 0.588951	H@20 0.933989	H@50 0.992509	H@100 1.000000
INFO:kbc-cli.py:Epoch 21/100	test results	MRR 0.233915	H@1 0.095438	H@3 0.208101	H@5 0.338920	H@10 0.585661	H@20 0.934358	H@50 0.996276	H@100 1.000000
INFO:kbc-cli.py:Epoch 22/100	Loss 11.6793 ± 0.0412
INFO:kbc-cli.py:Epoch 23/100	Loss 11.6842 ± 0.0472
INFO:kbc-cli.py:Epoch 24/100	Loss 11.6795 ± 0.0398
INFO:kbc-cli.py:Epoch 24/100	dev results	MRR 0.216118	H@1 0.064607	H@3 0.205056	H@5 0.371723	H@10 0.602528	H@20 0.930712	H@50 0.993446	H@100 1.000000
INFO:kbc-cli.py:Epoch 24/100	test results	MRR 0.204417	H@1 0.052607	H@3 0.185289	H@5 0.357076	H@10 0.598696	H@20 0.931564	H@50 0.996741	H@100 1.000000
INFO:kbc-cli.py:Epoch 25/100	Loss 11.6745 ± 0.0376
INFO:kbc-cli.py:Epoch 26/100	Loss 11.6748 ± 0.0310
INFO:kbc-cli.py:Epoch 27/100	Loss 11.6797 ± 0.0284
INFO:kbc-cli.py:Epoch 27/100	dev results	MRR 0.219126	H@1 0.071629	H@3 0.211610	H@5 0.347846	H@10 0.594569	H@20 0.937734	H@50 0.993446	H@100 1.000000
INFO:kbc-cli.py:Epoch 27/100	test results	MRR 0.210824	H@1 0.065642	H@3 0.197393	H@5 0.327281	H@10 0.581006	H@20 0.926443	H@50 0.995810	H@100 1.000000
INFO:kbc-cli.py:Epoch 28/100	Loss 11.6804 ± 0.0407
INFO:kbc-cli.py:Epoch 29/100	Loss 11.6742 ± 0.0400
INFO:kbc-cli.py:Epoch 30/100	Loss 11.6876 ± 0.0599
INFO:kbc-cli.py:Epoch 30/100	dev results	MRR 0.206588	H@1 0.050094	H@3 0.200843	H@5 0.353464	H@10 0.588015	H@20 0.933521	H@50 0.993446	H@100 1.000000
INFO:kbc-cli.py:Epoch 30/100	test results	MRR 0.211955	H@1 0.060521	H@3 0.201117	H@5 0.355680	H@10 0.605680	H@20 0.926443	H@50 0.995345	H@100 1.000000
INFO:kbc-cli.py:Epoch 31/100	Loss 11.6736 ± 0.0354
INFO:kbc-cli.py:Epoch 32/100	Loss 11.6743 ± 0.0277
INFO:kbc-cli.py:Epoch 33/100	Loss 11.6714 ± 0.0398
INFO:kbc-cli.py:Epoch 33/100	dev results	MRR 0.230401	H@1 0.074438	H@3 0.240637	H@5 0.358614	H@10 0.604401	H@20 0.926030	H@50 0.992978	H@100 1.000000
INFO:kbc-cli.py:Epoch 33/100	test results	MRR 0.228254	H@1 0.078678	H@3 0.236499	H@5 0.350559	H@10 0.582402	H@20 0.921322	H@50 0.994413	H@100 1.000000
INFO:kbc-cli.py:Epoch 34/100	Loss 11.6756 ± 0.0399
INFO:kbc-cli.py:Epoch 35/100	Loss 11.6676 ± 0.0473
INFO:kbc-cli.py:Epoch 36/100	Loss 11.6745 ± 0.0377
INFO:kbc-cli.py:Epoch 36/100	dev results	MRR 0.218724	H@1 0.066948	H@3 0.214888	H@5 0.360019	H@10 0.608614	H@20 0.934457	H@50 0.992978	H@100 1.000000
INFO:kbc-cli.py:Epoch 36/100	test results	MRR 0.219430	H@1 0.069367	H@3 0.213687	H@5 0.354749	H@10 0.603818	H@20 0.917598	H@50 0.995810	H@100 1.000000
INFO:kbc-cli.py:Epoch 37/100	Loss 11.6829 ± 0.0446
INFO:kbc-cli.py:Epoch 38/100	Loss 11.6772 ± 0.0309
INFO:kbc-cli.py:Epoch 39/100	Loss 11.6730 ± 0.0399
INFO:kbc-cli.py:Epoch 39/100	dev results	MRR 0.238193	H@1 0.081929	H@3 0.241105	H@5 0.383427	H@10 0.630150	H@20 0.934457	H@50 0.994382	H@100 1.000000
INFO:kbc-cli.py:Epoch 39/100	test results	MRR 0.247980	H@1 0.098696	H@3 0.238827	H@5 0.386406	H@10 0.628957	H@20 0.935289	H@50 0.996276	H@100 1.000000
INFO:kbc-cli.py:Epoch 40/100	Loss 11.6775 ± 0.0332
INFO:kbc-cli.py:Epoch 41/100	Loss 11.6747 ± 0.0305
INFO:kbc-cli.py:Epoch 42/100	Loss 11.6756 ± 0.0283
INFO:kbc-cli.py:Epoch 42/100	dev results	MRR 0.296462	H@1 0.121255	H@3 0.333801	H@5 0.492509	H@10 0.723783	H@20 0.961142	H@50 0.993914	H@100 1.000000
INFO:kbc-cli.py:Epoch 42/100	test results	MRR 0.291993	H@1 0.117784	H@3 0.327747	H@5 0.480447	H@10 0.720205	H@20 0.958101	H@50 0.996276	H@100 1.000000
INFO:kbc-cli.py:Epoch 43/100	Loss 11.6690 ± 0.0468
INFO:kbc-cli.py:Epoch 44/100	Loss 11.6743 ± 0.0292
INFO:kbc-cli.py:Epoch 45/100	Loss 11.6773 ± 0.0232
INFO:kbc-cli.py:Epoch 45/100	dev results	MRR 0.400314	H@1 0.230337	H@3 0.456929	H@5 0.585674	H@10 0.797753	H@20 0.967228	H@50 0.992978	H@100 1.000000
INFO:kbc-cli.py:Epoch 45/100	test results	MRR 0.386684	H@1 0.216015	H@3 0.445531	H@5 0.566574	H@10 0.799814	H@20 0.960894	H@50 0.995810	H@100 1.000000
INFO:kbc-cli.py:Epoch 46/100	Loss 11.6656 ± 0.0501
INFO:kbc-cli.py:Epoch 47/100	Loss 11.6722 ± 0.0310
INFO:kbc-cli.py:Epoch 48/100	Loss 11.6642 ± 0.0469
INFO:kbc-cli.py:Epoch 48/100	dev results	MRR 0.429224	H@1 0.252809	H@3 0.506086	H@5 0.639045	H@10 0.849719	H@20 0.970974	H@50 0.992041	H@100 0.999532
INFO:kbc-cli.py:Epoch 48/100	test results	MRR 0.422494	H@1 0.239292	H@3 0.509311	H@5 0.650372	H@10 0.836127	H@20 0.967412	H@50 0.996741	H@100 1.000000
INFO:kbc-cli.py:Epoch 49/100	Loss 11.6683 ± 0.0367
INFO:kbc-cli.py:Epoch 50/100	Loss 11.6720 ± 0.0261
INFO:kbc-cli.py:Epoch 51/100	Loss 11.6738 ± 0.0328
INFO:kbc-cli.py:Epoch 51/100	dev results	MRR 0.466583	H@1 0.301030	H@3 0.535581	H@5 0.665262	H@10 0.852060	H@20 0.970506	H@50 0.992509	H@100 1.000000
INFO:kbc-cli.py:Epoch 51/100	test results	MRR 0.446990	H@1 0.276071	H@3 0.525605	H@5 0.648510	H@10 0.844507	H@20 0.965084	H@50 0.996741	H@100 1.000000
INFO:kbc-cli.py:Epoch 52/100	Loss 11.6667 ± 0.0438
INFO:kbc-cli.py:Epoch 53/100	Loss 11.6747 ± 0.0315
INFO:kbc-cli.py:Epoch 54/100	Loss 11.6740 ± 0.0345
INFO:kbc-cli.py:Epoch 54/100	dev results	MRR 0.474880	H@1 0.317884	H@3 0.530431	H@5 0.644663	H@10 0.853464	H@20 0.971442	H@50 0.992041	H@100 1.000000
INFO:kbc-cli.py:Epoch 54/100	test results	MRR 0.452113	H@1 0.286313	H@3 0.515829	H@5 0.645717	H@10 0.837523	H@20 0.959032	H@50 0.996276	H@100 1.000000
INFO:kbc-cli.py:Epoch 55/100	Loss 11.6710 ± 0.0253
INFO:kbc-cli.py:Epoch 56/100	Loss 11.6660 ± 0.0399
INFO:kbc-cli.py:Epoch 57/100	Loss 11.6709 ± 0.0251
INFO:kbc-cli.py:Epoch 57/100	dev results	MRR 0.467632	H@1 0.305712	H@3 0.524345	H@5 0.672753	H@10 0.860019	H@20 0.972846	H@50 0.992978	H@100 1.000000
INFO:kbc-cli.py:Epoch 57/100	test results	MRR 0.444344	H@1 0.275140	H@3 0.503259	H@5 0.650838	H@10 0.848231	H@20 0.961825	H@50 0.997207	H@100 1.000000
INFO:kbc-cli.py:Epoch 58/100	Loss 11.6667 ± 0.0391
INFO:kbc-cli.py:Epoch 59/100	Loss 11.6754 ± 0.0386
INFO:kbc-cli.py:Epoch 60/100	Loss 11.6685 ± 0.0348
INFO:kbc-cli.py:Epoch 60/100	dev results	MRR 0.460879	H@1 0.295880	H@3 0.525749	H@5 0.661985	H@10 0.847846	H@20 0.972846	H@50 0.992978	H@100 1.000000
INFO:kbc-cli.py:Epoch 60/100	test results	MRR 0.439646	H@1 0.266294	H@3 0.512570	H@5 0.652235	H@10 0.839851	H@20 0.964153	H@50 0.996741	H@100 1.000000
INFO:kbc-cli.py:Epoch 61/100	Loss 11.6711 ± 0.0258
INFO:kbc-cli.py:Epoch 62/100	Loss 11.6665 ± 0.0432
INFO:kbc-cli.py:Epoch 63/100	Loss 11.6781 ± 0.0448
INFO:kbc-cli.py:Epoch 63/100	dev results	MRR 0.469387	H@1 0.313670	H@3 0.529026	H@5 0.654494	H@10 0.846442	H@20 0.970974	H@50 0.993446	H@100 1.000000
INFO:kbc-cli.py:Epoch 63/100	test results	MRR 0.456068	H@1 0.291434	H@3 0.527467	H@5 0.656890	H@10 0.847765	H@20 0.965084	H@50 0.997207	H@100 1.000000
INFO:kbc-cli.py:Epoch 64/100	Loss 11.6700 ± 0.0343
INFO:kbc-cli.py:Epoch 65/100	Loss 11.6619 ± 0.0555
INFO:kbc-cli.py:Epoch 66/100	Loss 11.6686 ± 0.0371
INFO:kbc-cli.py:Epoch 66/100	dev results	MRR 0.481262	H@1 0.322097	H@3 0.551030	H@5 0.669944	H@10 0.853464	H@20 0.972378	H@50 0.992509	H@100 1.000000
INFO:kbc-cli.py:Epoch 66/100	test results	MRR 0.463989	H@1 0.296555	H@3 0.540968	H@5 0.665270	H@10 0.851955	H@20 0.966015	H@50 0.997207	H@100 1.000000
INFO:kbc-cli.py:Epoch 67/100	Loss 11.6721 ± 0.0342
INFO:kbc-cli.py:Epoch 68/100	Loss 11.6644 ± 0.0468
INFO:kbc-cli.py:Epoch 69/100	Loss 11.6650 ± 0.0365
INFO:kbc-cli.py:Epoch 69/100	dev results	MRR 0.480636	H@1 0.316948	H@3 0.554307	H@5 0.685393	H@10 0.862360	H@20 0.971910	H@50 0.992978	H@100 1.000000
INFO:kbc-cli.py:Epoch 69/100	test results	MRR 0.468830	H@1 0.303538	H@3 0.553538	H@5 0.670857	H@10 0.846834	H@20 0.964153	H@50 0.997672	H@100 1.000000
INFO:kbc-cli.py:Epoch 70/100	Loss 11.6710 ± 0.0290
INFO:kbc-cli.py:Epoch 71/100	Loss 11.6673 ± 0.0383
INFO:kbc-cli.py:Epoch 72/100	Loss 11.6701 ± 0.0381
INFO:kbc-cli.py:Epoch 72/100	dev results	MRR 0.468987	H@1 0.302434	H@3 0.536517	H@5 0.676966	H@10 0.852060	H@20 0.973783	H@50 0.992978	H@100 1.000000
INFO:kbc-cli.py:Epoch 72/100	test results	MRR 0.455479	H@1 0.284916	H@3 0.522346	H@5 0.664804	H@10 0.852886	H@20 0.962756	H@50 0.996741	H@100 1.000000
INFO:kbc-cli.py:Epoch 73/100	Loss 11.6790 ± 0.0428
INFO:kbc-cli.py:Epoch 74/100	Loss 11.6707 ± 0.0336
INFO:kbc-cli.py:Epoch 75/100	Loss 11.6696 ± 0.0315
INFO:kbc-cli.py:Epoch 75/100	dev results	MRR 0.467677	H@1 0.298689	H@3 0.544944	H@5 0.674625	H@10 0.855805	H@20 0.971442	H@50 0.993446	H@100 1.000000
INFO:kbc-cli.py:Epoch 75/100	test results	MRR 0.456074	H@1 0.286778	H@3 0.532588	H@5 0.651304	H@10 0.847300	H@20 0.963222	H@50 0.997207	H@100 1.000000
INFO:kbc-cli.py:Epoch 76/100	Loss 11.6647 ± 0.0397
INFO:kbc-cli.py:Epoch 77/100	Loss 11.6636 ± 0.0508
INFO:kbc-cli.py:Epoch 78/100	Loss 11.6657 ± 0.0422
INFO:kbc-cli.py:Epoch 78/100	dev results	MRR 0.490621	H@1 0.333333	H@3 0.551498	H@5 0.676030	H@10 0.859551	H@20 0.970506	H@50 0.993446	H@100 1.000000
INFO:kbc-cli.py:Epoch 78/100	test results	MRR 0.474401	H@1 0.313315	H@3 0.540503	H@5 0.661546	H@10 0.848231	H@20 0.959963	H@50 0.997207	H@100 1.000000
INFO:kbc-cli.py:Epoch 79/100	Loss 11.6704 ± 0.0391
INFO:kbc-cli.py:Epoch 80/100	Loss 11.6745 ± 0.0253
INFO:kbc-cli.py:Epoch 81/100	Loss 11.6783 ± 0.0418
INFO:kbc-cli.py:Epoch 81/100	dev results	MRR 0.471361	H@1 0.309457	H@3 0.534644	H@5 0.669476	H@10 0.851592	H@20 0.969569	H@50 0.992509	H@100 1.000000
INFO:kbc-cli.py:Epoch 81/100	test results	MRR 0.456115	H@1 0.289106	H@3 0.528864	H@5 0.650838	H@10 0.839385	H@20 0.964153	H@50 0.997207	H@100 1.000000
INFO:kbc-cli.py:Epoch 82/100	Loss 11.6640 ± 0.0427
INFO:kbc-cli.py:Epoch 83/100	Loss 11.6607 ± 0.0557
INFO:kbc-cli.py:Epoch 84/100	Loss 11.6878 ± 0.0832
INFO:kbc-cli.py:Epoch 84/100	dev results	MRR 0.468753	H@1 0.303839	H@3 0.536985	H@5 0.672285	H@10 0.849251	H@20 0.971442	H@50 0.993446	H@100 1.000000
INFO:kbc-cli.py:Epoch 84/100	test results	MRR 0.453197	H@1 0.284451	H@3 0.525140	H@5 0.662011	H@10 0.841248	H@20 0.961825	H@50 0.997672	H@100 1.000000
INFO:kbc-cli.py:Epoch 85/100	Loss 11.6781 ± 0.0452
INFO:kbc-cli.py:Epoch 86/100	Loss 11.6750 ± 0.0358
INFO:kbc-cli.py:Epoch 87/100	Loss 11.6660 ± 0.0437
INFO:kbc-cli.py:Epoch 87/100	dev results	MRR 0.476737	H@1 0.310393	H@3 0.550094	H@5 0.685861	H@10 0.866105	H@20 0.972378	H@50 0.993446	H@100 1.000000
INFO:kbc-cli.py:Epoch 87/100	test results	MRR 0.460730	H@1 0.291434	H@3 0.537244	H@5 0.663408	H@10 0.847765	H@20 0.962756	H@50 0.997207	H@100 1.000000
INFO:kbc-cli.py:Epoch 88/100	Loss 11.6822 ± 0.0608
INFO:kbc-cli.py:Epoch 89/100	Loss 11.6730 ± 0.0286
INFO:kbc-cli.py:Epoch 90/100	Loss 11.6737 ± 0.0338
INFO:kbc-cli.py:Epoch 90/100	dev results	MRR 0.478877	H@1 0.317416	H@3 0.551498	H@5 0.675094	H@10 0.857678	H@20 0.972378	H@50 0.993446	H@100 1.000000
INFO:kbc-cli.py:Epoch 90/100	test results	MRR 0.466822	H@1 0.305866	H@3 0.534916	H@5 0.662942	H@10 0.849162	H@20 0.964153	H@50 0.997672	H@100 1.000000
INFO:kbc-cli.py:Epoch 91/100	Loss 11.6672 ± 0.0442
INFO:kbc-cli.py:Epoch 92/100	Loss 11.6737 ± 0.0336
INFO:kbc-cli.py:Epoch 93/100	Loss 11.6832 ± 0.0638
INFO:kbc-cli.py:Epoch 93/100	dev results	MRR 0.475047	H@1 0.307584	H@3 0.553839	H@5 0.682584	H@10 0.855805	H@20 0.971442	H@50 0.992978	H@100 1.000000
INFO:kbc-cli.py:Epoch 93/100	test results	MRR 0.464362	H@1 0.297486	H@3 0.533054	H@5 0.652700	H@10 0.846834	H@20 0.964153	H@50 0.997672	H@100 1.000000
INFO:kbc-cli.py:Epoch 94/100	Loss 11.6749 ± 0.0261
INFO:kbc-cli.py:Epoch 95/100	Loss 11.6643 ± 0.0410
INFO:kbc-cli.py:Epoch 96/100	Loss 11.6725 ± 0.0286
INFO:kbc-cli.py:Epoch 96/100	dev results	MRR 0.492302	H@1 0.340824	H@3 0.548221	H@5 0.674157	H@10 0.855337	H@20 0.969101	H@50 0.993446	H@100 1.000000
INFO:kbc-cli.py:Epoch 96/100	test results	MRR 0.468073	H@1 0.305400	H@3 0.535847	H@5 0.651304	H@10 0.846369	H@20 0.960894	H@50 0.997672	H@100 1.000000
INFO:kbc-cli.py:Epoch 97/100	Loss 11.6701 ± 0.0241
INFO:kbc-cli.py:Epoch 98/100	Loss 11.6818 ± 0.0637
INFO:kbc-cli.py:Epoch 99/100	Loss 11.6684 ± 0.0352
INFO:kbc-cli.py:Epoch 99/100	dev results	MRR 0.481524	H@1 0.320693	H@3 0.554775	H@5 0.681180	H@10 0.857678	H@20 0.970037	H@50 0.992978	H@100 1.000000
INFO:kbc-cli.py:Epoch 99/100	test results	MRR 0.463538	H@1 0.300745	H@3 0.535847	H@5 0.657821	H@10 0.846834	H@20 0.963687	H@50 0.997207	H@100 1.000000
INFO:kbc-cli.py:Epoch 100/100	Loss 11.6705 ± 0.0279
INFO:kbc-cli.py:Final 	dev results	MRR 0.489272	H@1 0.331929	H@3 0.553839	H@5 0.683989	H@10 0.860487	H@20 0.973315	H@50 0.991105	H@100 1.000000
INFO:kbc-cli.py:Final 	test results	MRR 0.469822	H@1 0.306331	H@3 0.538175	H@5 0.657356	H@10 0.847300	H@20 0.966946	H@50 0.997207	H@100 1.000000
INFO:kbc-cli.py:Training finished
