./bin/kbc-cli.py --train data/umls/train.tsv --dev data/umls/dev.tsv --test data/umls/test.tsv -m complex -k 1000 -b 50 -e 100 --F2 0 --N3 0.0005 -l 0.1 -I standard -V 3 -o adagrad -c spo -q
{'F2': 0.0,
 'N3': 0.0005,
 'batch_size': 50,
 'corruption': 'spo',
 'dev': 'data/umls/dev.tsv',
 'embedding_size': 1000,
 'epochs': 100,
 'eval_batch_size': None,
 'input_type': 'standard',
 'learning_rate': 0.1,
 'load': None,
 'model': 'complex',
 'optimizer': 'adagrad',
 'quiet': True,
 'save': None,
 'seed': 0,
 'test': 'data/umls/test.tsv',
 'test_i': None,
 'test_ii': None,
 'train': 'data/umls/train.tsv',
 'validate_every': 3}
INFO:kbc-cli.py:Device: cuda
INFO:kbc-cli.py:Model state:
INFO:kbc-cli.py:	entities.weight	torch.Size([135, 2000])
INFO:kbc-cli.py:	predicates.weight	torch.Size([46, 2000])
INFO:kbc-cli.py:Epoch 1/100	Loss 9.9238 ± 2.0010
INFO:kbc-cli.py:Epoch 2/100	Loss 6.9525 ± 0.3210
INFO:kbc-cli.py:Epoch 3/100	Loss 6.5882 ± 0.3389
INFO:kbc-cli.py:Epoch 3/100	dev results	MRR 0.928694	H@1 0.875767	H@3 0.977761	H@5 0.986963	H@10 0.993865	H@20 0.997699	H@50 1.000000	H@100 1.000000
INFO:kbc-cli.py:Epoch 3/100	test results	MRR 0.918137	H@1 0.857791	H@3 0.973525	H@5 0.986384	H@10 0.996218	H@20 0.998487	H@50 1.000000	H@100 1.000000
INFO:kbc-cli.py:Epoch 4/100	Loss 6.4127 ± 0.3186
INFO:kbc-cli.py:Epoch 5/100	Loss 6.3260 ± 0.3027
INFO:kbc-cli.py:Epoch 6/100	Loss 6.2482 ± 0.2986
INFO:kbc-cli.py:Epoch 6/100	dev results	MRR 0.914157	H@1 0.843558	H@3 0.983896	H@5 0.989264	H@10 0.993865	H@20 0.996933	H@50 1.000000	H@100 1.000000
INFO:kbc-cli.py:Epoch 6/100	test results	MRR 0.912878	H@1 0.841906	H@3 0.980333	H@5 0.993949	H@10 0.999244	H@20 0.999244	H@50 1.000000	H@100 1.000000
INFO:kbc-cli.py:Epoch 7/100	Loss 6.1874 ± 0.3004
INFO:kbc-cli.py:Epoch 8/100	Loss 6.1445 ± 0.2908
INFO:kbc-cli.py:Epoch 9/100	Loss 6.0999 ± 0.3086
INFO:kbc-cli.py:Epoch 9/100	dev results	MRR 0.943883	H@1 0.901074	H@3 0.984663	H@5 0.990031	H@10 0.995399	H@20 0.999233	H@50 1.000000	H@100 1.000000
INFO:kbc-cli.py:Epoch 9/100	test results	MRR 0.933801	H@1 0.883510	H@3 0.980333	H@5 0.990923	H@10 0.998487	H@20 0.999244	H@50 1.000000	H@100 1.000000
INFO:kbc-cli.py:Epoch 10/100	Loss 6.0764 ± 0.2921
INFO:kbc-cli.py:Epoch 11/100	Loss 6.0411 ± 0.2724
INFO:kbc-cli.py:Epoch 12/100	Loss 6.0156 ± 0.3093
INFO:kbc-cli.py:Epoch 12/100	dev results	MRR 0.944916	H@1 0.904141	H@3 0.984663	H@5 0.990031	H@10 0.994632	H@20 0.999233	H@50 1.000000	H@100 1.000000
INFO:kbc-cli.py:Epoch 12/100	test results	MRR 0.940236	H@1 0.894856	H@3 0.982602	H@5 0.991679	H@10 0.999244	H@20 0.999244	H@50 1.000000	H@100 1.000000
INFO:kbc-cli.py:Epoch 13/100	Loss 5.9978 ± 0.2909
INFO:kbc-cli.py:Epoch 14/100	Loss 5.9744 ± 0.2717
INFO:kbc-cli.py:Epoch 15/100	Loss 5.9588 ± 0.2963
INFO:kbc-cli.py:Epoch 15/100	dev results	MRR 0.939632	H@1 0.891871	H@3 0.986963	H@5 0.991564	H@10 0.995399	H@20 1.000000	H@50 1.000000	H@100 1.000000
INFO:kbc-cli.py:Epoch 15/100	test results	MRR 0.940417	H@1 0.894856	H@3 0.982602	H@5 0.994705	H@10 0.999244	H@20 1.000000	H@50 1.000000	H@100 1.000000
INFO:kbc-cli.py:Epoch 16/100	Loss 5.9340 ± 0.2512
INFO:kbc-cli.py:Epoch 17/100	Loss 5.9218 ± 0.2698
INFO:kbc-cli.py:Epoch 18/100	Loss 5.9053 ± 0.2842
INFO:kbc-cli.py:Epoch 18/100	dev results	MRR 0.940011	H@1 0.892638	H@3 0.986196	H@5 0.989264	H@10 0.994632	H@20 0.998466	H@50 1.000000	H@100 1.000000
INFO:kbc-cli.py:Epoch 18/100	test results	MRR 0.940068	H@1 0.894100	H@3 0.983359	H@5 0.993192	H@10 0.999244	H@20 1.000000	H@50 1.000000	H@100 1.000000
INFO:kbc-cli.py:Epoch 19/100	Loss 5.8919 ± 0.2571
INFO:kbc-cli.py:Epoch 20/100	Loss 5.8809 ± 0.2860
INFO:kbc-cli.py:Epoch 21/100	Loss 5.8753 ± 0.2917
INFO:kbc-cli.py:Epoch 21/100	dev results	MRR 0.942939	H@1 0.898773	H@3 0.985429	H@5 0.990798	H@10 0.994632	H@20 0.998466	H@50 1.000000	H@100 1.000000
INFO:kbc-cli.py:Epoch 21/100	test results	MRR 0.944895	H@1 0.901664	H@3 0.984871	H@5 0.995461	H@10 0.999244	H@20 1.000000	H@50 1.000000	H@100 1.000000
INFO:kbc-cli.py:Epoch 22/100	Loss 5.8541 ± 0.2711
INFO:kbc-cli.py:Epoch 23/100	Loss 5.8510 ± 0.2521
INFO:kbc-cli.py:Epoch 24/100	Loss 5.8377 ± 0.2728
INFO:kbc-cli.py:Epoch 24/100	dev results	MRR 0.937309	H@1 0.887270	H@3 0.986196	H@5 0.990031	H@10 0.994632	H@20 0.998466	H@50 1.000000	H@100 1.000000
INFO:kbc-cli.py:Epoch 24/100	test results	MRR 0.937732	H@1 0.888048	H@3 0.984115	H@5 0.995461	H@10 0.999244	H@20 1.000000	H@50 1.000000	H@100 1.000000
INFO:kbc-cli.py:Epoch 25/100	Loss 5.8335 ± 0.2706
INFO:kbc-cli.py:Epoch 26/100	Loss 5.8176 ± 0.2792
INFO:kbc-cli.py:Epoch 27/100	Loss 5.8168 ± 0.2666
INFO:kbc-cli.py:Epoch 27/100	dev results	MRR 0.939001	H@1 0.891104	H@3 0.985429	H@5 0.989264	H@10 0.996166	H@20 0.998466	H@50 1.000000	H@100 1.000000
INFO:kbc-cli.py:Epoch 27/100	test results	MRR 0.941794	H@1 0.897126	H@3 0.982602	H@5 0.994705	H@10 0.999244	H@20 1.000000	H@50 1.000000	H@100 1.000000
INFO:kbc-cli.py:Epoch 28/100	Loss 5.8034 ± 0.2867
INFO:kbc-cli.py:Epoch 29/100	Loss 5.8011 ± 0.2556
INFO:kbc-cli.py:Epoch 30/100	Loss 5.7943 ± 0.2754
INFO:kbc-cli.py:Epoch 30/100	dev results	MRR 0.950312	H@1 0.913344	H@3 0.986963	H@5 0.990798	H@10 0.995399	H@20 0.998466	H@50 1.000000	H@100 1.000000
INFO:kbc-cli.py:Epoch 30/100	test results	MRR 0.943887	H@1 0.901664	H@3 0.981846	H@5 0.994705	H@10 0.999244	H@20 1.000000	H@50 1.000000	H@100 1.000000
INFO:kbc-cli.py:Epoch 31/100	Loss 5.7864 ± 0.2472
INFO:kbc-cli.py:Epoch 32/100	Loss 5.7772 ± 0.2588
INFO:kbc-cli.py:Epoch 33/100	Loss 5.7755 ± 0.2607
INFO:kbc-cli.py:Epoch 33/100	dev results	MRR 0.952528	H@1 0.917945	H@3 0.986196	H@5 0.990798	H@10 0.993865	H@20 0.998466	H@50 1.000000	H@100 1.000000
INFO:kbc-cli.py:Epoch 33/100	test results	MRR 0.945830	H@1 0.904690	H@3 0.983359	H@5 0.994705	H@10 0.999244	H@20 1.000000	H@50 1.000000	H@100 1.000000
INFO:kbc-cli.py:Epoch 34/100	Loss 5.7658 ± 0.2568
INFO:kbc-cli.py:Epoch 35/100	Loss 5.7640 ± 0.2518
INFO:kbc-cli.py:Epoch 36/100	Loss 5.7573 ± 0.2502
INFO:kbc-cli.py:Epoch 36/100	dev results	MRR 0.943785	H@1 0.899540	H@3 0.986196	H@5 0.990031	H@10 0.994632	H@20 0.998466	H@50 1.000000	H@100 1.000000
INFO:kbc-cli.py:Epoch 36/100	test results	MRR 0.940968	H@1 0.895613	H@3 0.984115	H@5 0.995461	H@10 0.999244	H@20 1.000000	H@50 1.000000	H@100 1.000000
INFO:kbc-cli.py:Epoch 37/100	Loss 5.7580 ± 0.2302
INFO:kbc-cli.py:Epoch 38/100	Loss 5.7447 ± 0.2545
INFO:kbc-cli.py:Epoch 39/100	Loss 5.7424 ± 0.2842
INFO:kbc-cli.py:Epoch 39/100	dev results	MRR 0.951683	H@1 0.915644	H@3 0.986196	H@5 0.990031	H@10 0.993865	H@20 0.998466	H@50 1.000000	H@100 1.000000
INFO:kbc-cli.py:Epoch 39/100	test results	MRR 0.947096	H@1 0.907716	H@3 0.981846	H@5 0.995461	H@10 0.999244	H@20 1.000000	H@50 1.000000	H@100 1.000000
INFO:kbc-cli.py:Epoch 40/100	Loss 5.7405 ± 0.2546
INFO:kbc-cli.py:Epoch 41/100	Loss 5.7288 ± 0.2412
INFO:kbc-cli.py:Epoch 42/100	Loss 5.7312 ± 0.2561
INFO:kbc-cli.py:Epoch 42/100	dev results	MRR 0.952812	H@1 0.917945	H@3 0.986196	H@5 0.989264	H@10 0.994632	H@20 0.998466	H@50 1.000000	H@100 1.000000
INFO:kbc-cli.py:Epoch 42/100	test results	MRR 0.947697	H@1 0.908472	H@3 0.983359	H@5 0.995461	H@10 0.999244	H@20 1.000000	H@50 1.000000	H@100 1.000000
INFO:kbc-cli.py:Epoch 43/100	Loss 5.7292 ± 0.2753
INFO:kbc-cli.py:Epoch 44/100	Loss 5.7211 ± 0.2465
INFO:kbc-cli.py:Epoch 45/100	Loss 5.7185 ± 0.2326
INFO:kbc-cli.py:Epoch 45/100	dev results	MRR 0.941528	H@1 0.895706	H@3 0.986196	H@5 0.990798	H@10 0.994632	H@20 0.998466	H@50 1.000000	H@100 1.000000
INFO:kbc-cli.py:Epoch 45/100	test results	MRR 0.944704	H@1 0.900908	H@3 0.985628	H@5 0.995461	H@10 0.999244	H@20 1.000000	H@50 1.000000	H@100 1.000000
INFO:kbc-cli.py:Epoch 46/100	Loss 5.7093 ± 0.2248
INFO:kbc-cli.py:Epoch 47/100	Loss 5.7048 ± 0.2474
INFO:kbc-cli.py:Epoch 48/100	Loss 5.7095 ± 0.2551
INFO:kbc-cli.py:Epoch 48/100	dev results	MRR 0.941312	H@1 0.894939	H@3 0.986963	H@5 0.990031	H@10 0.994632	H@20 0.998466	H@50 1.000000	H@100 1.000000
INFO:kbc-cli.py:Epoch 48/100	test results	MRR 0.941384	H@1 0.895613	H@3 0.985628	H@5 0.993949	H@10 0.999244	H@20 1.000000	H@50 1.000000	H@100 1.000000
INFO:kbc-cli.py:Epoch 49/100	Loss 5.7040 ± 0.2332
INFO:kbc-cli.py:Epoch 50/100	Loss 5.7022 ± 0.2429
INFO:kbc-cli.py:Epoch 51/100	Loss 5.6963 ± 0.2335
INFO:kbc-cli.py:Epoch 51/100	dev results	MRR 0.951959	H@1 0.916411	H@3 0.986196	H@5 0.990031	H@10 0.994632	H@20 0.998466	H@50 1.000000	H@100 1.000000
INFO:kbc-cli.py:Epoch 51/100	test results	MRR 0.947215	H@1 0.906959	H@3 0.986384	H@5 0.994705	H@10 0.999244	H@20 1.000000	H@50 1.000000	H@100 1.000000
INFO:kbc-cli.py:Epoch 52/100	Loss 5.6897 ± 0.2399
INFO:kbc-cli.py:Epoch 53/100	Loss 5.6928 ± 0.2148
INFO:kbc-cli.py:Epoch 54/100	Loss 5.6888 ± 0.2655
INFO:kbc-cli.py:Epoch 54/100	dev results	MRR 0.945073	H@1 0.902607	H@3 0.987730	H@5 0.990031	H@10 0.994632	H@20 0.998466	H@50 1.000000	H@100 1.000000
INFO:kbc-cli.py:Epoch 54/100	test results	MRR 0.943836	H@1 0.900908	H@3 0.984115	H@5 0.994705	H@10 0.999244	H@20 1.000000	H@50 1.000000	H@100 1.000000
INFO:kbc-cli.py:Epoch 55/100	Loss 5.6867 ± 0.2581
INFO:kbc-cli.py:Epoch 56/100	Loss 5.6832 ± 0.2506
INFO:kbc-cli.py:Epoch 57/100	Loss 5.6794 ± 0.2377
INFO:kbc-cli.py:Epoch 57/100	dev results	MRR 0.950152	H@1 0.913344	H@3 0.986196	H@5 0.990031	H@10 0.994632	H@20 0.998466	H@50 1.000000	H@100 1.000000
INFO:kbc-cli.py:Epoch 57/100	test results	MRR 0.946527	H@1 0.906959	H@3 0.984871	H@5 0.993192	H@10 0.999244	H@20 1.000000	H@50 1.000000	H@100 1.000000
INFO:kbc-cli.py:Epoch 58/100	Loss 5.6784 ± 0.2284
INFO:kbc-cli.py:Epoch 59/100	Loss 5.6726 ± 0.2327
INFO:kbc-cli.py:Epoch 60/100	Loss 5.6732 ± 0.2405
INFO:kbc-cli.py:Epoch 60/100	dev results	MRR 0.940266	H@1 0.892638	H@3 0.987730	H@5 0.990798	H@10 0.994632	H@20 0.998466	H@50 1.000000	H@100 1.000000
INFO:kbc-cli.py:Epoch 60/100	test results	MRR 0.940438	H@1 0.894856	H@3 0.982602	H@5 0.993192	H@10 0.999244	H@20 1.000000	H@50 1.000000	H@100 1.000000
INFO:kbc-cli.py:Epoch 61/100	Loss 5.6685 ± 0.2339
INFO:kbc-cli.py:Epoch 62/100	Loss 5.6731 ± 0.2521
INFO:kbc-cli.py:Epoch 63/100	Loss 5.6653 ± 0.2358
INFO:kbc-cli.py:Epoch 63/100	dev results	MRR 0.947069	H@1 0.907209	H@3 0.987730	H@5 0.990031	H@10 0.994632	H@20 0.998466	H@50 1.000000	H@100 1.000000
INFO:kbc-cli.py:Epoch 63/100	test results	MRR 0.943988	H@1 0.900908	H@3 0.984115	H@5 0.993192	H@10 0.999244	H@20 1.000000	H@50 1.000000	H@100 1.000000
INFO:kbc-cli.py:Epoch 64/100	Loss 5.6646 ± 0.2097
INFO:kbc-cli.py:Epoch 65/100	Loss 5.6588 ± 0.2406
INFO:kbc-cli.py:Epoch 66/100	Loss 5.6575 ± 0.2096
INFO:kbc-cli.py:Epoch 66/100	dev results	MRR 0.948894	H@1 0.911043	H@3 0.987730	H@5 0.990031	H@10 0.994632	H@20 0.998466	H@50 1.000000	H@100 1.000000
INFO:kbc-cli.py:Epoch 66/100	test results	MRR 0.945918	H@1 0.904690	H@3 0.985628	H@5 0.993949	H@10 0.999244	H@20 1.000000	H@50 1.000000	H@100 1.000000
INFO:kbc-cli.py:Epoch 67/100	Loss 5.6586 ± 0.2271
INFO:kbc-cli.py:Epoch 68/100	Loss 5.6524 ± 0.2224
INFO:kbc-cli.py:Epoch 69/100	Loss 5.6513 ± 0.2259
INFO:kbc-cli.py:Epoch 69/100	dev results	MRR 0.955019	H@1 0.922546	H@3 0.986963	H@5 0.990031	H@10 0.994632	H@20 0.998466	H@50 1.000000	H@100 1.000000
INFO:kbc-cli.py:Epoch 69/100	test results	MRR 0.949956	H@1 0.913011	H@3 0.985628	H@5 0.993949	H@10 0.999244	H@20 1.000000	H@50 1.000000	H@100 1.000000
INFO:kbc-cli.py:Epoch 70/100	Loss 5.6503 ± 0.2589
INFO:kbc-cli.py:Epoch 71/100	Loss 5.6501 ± 0.2266
INFO:kbc-cli.py:Epoch 72/100	Loss 5.6512 ± 0.2345
INFO:kbc-cli.py:Epoch 72/100	dev results	MRR 0.946284	H@1 0.905675	H@3 0.986196	H@5 0.990031	H@10 0.995399	H@20 0.998466	H@50 1.000000	H@100 1.000000
INFO:kbc-cli.py:Epoch 72/100	test results	MRR 0.946360	H@1 0.906203	H@3 0.983359	H@5 0.993949	H@10 0.999244	H@20 1.000000	H@50 1.000000	H@100 1.000000
INFO:kbc-cli.py:Epoch 73/100	Loss 5.6465 ± 0.2337
INFO:kbc-cli.py:Epoch 74/100	Loss 5.6463 ± 0.2327
INFO:kbc-cli.py:Epoch 75/100	Loss 5.6373 ± 0.2247
INFO:kbc-cli.py:Epoch 75/100	dev results	MRR 0.954028	H@1 0.921012	H@3 0.986963	H@5 0.990031	H@10 0.994632	H@20 0.998466	H@50 1.000000	H@100 1.000000
INFO:kbc-cli.py:Epoch 75/100	test results	MRR 0.948565	H@1 0.909985	H@3 0.985628	H@5 0.993192	H@10 0.999244	H@20 1.000000	H@50 1.000000	H@100 1.000000
INFO:kbc-cli.py:Epoch 76/100	Loss 5.6418 ± 0.2352
INFO:kbc-cli.py:Epoch 77/100	Loss 5.6364 ± 0.2310
INFO:kbc-cli.py:Epoch 78/100	Loss 5.6366 ± 0.2367
INFO:kbc-cli.py:Epoch 78/100	dev results	MRR 0.949338	H@1 0.911043	H@3 0.987730	H@5 0.990031	H@10 0.994632	H@20 0.998466	H@50 1.000000	H@100 1.000000
INFO:kbc-cli.py:Epoch 78/100	test results	MRR 0.945893	H@1 0.904690	H@3 0.983359	H@5 0.993949	H@10 0.999244	H@20 1.000000	H@50 1.000000	H@100 1.000000
INFO:kbc-cli.py:Epoch 79/100	Loss 5.6343 ± 0.2023
INFO:kbc-cli.py:Epoch 80/100	Loss 5.6336 ± 0.1937
INFO:kbc-cli.py:Epoch 81/100	Loss 5.6320 ± 0.1976
INFO:kbc-cli.py:Epoch 81/100	dev results	MRR 0.950955	H@1 0.914877	H@3 0.985429	H@5 0.990031	H@10 0.994632	H@20 0.998466	H@50 1.000000	H@100 1.000000
INFO:kbc-cli.py:Epoch 81/100	test results	MRR 0.946762	H@1 0.906203	H@3 0.985628	H@5 0.994705	H@10 0.999244	H@20 1.000000	H@50 1.000000	H@100 1.000000
INFO:kbc-cli.py:Epoch 82/100	Loss 5.6225 ± 0.2430
INFO:kbc-cli.py:Epoch 83/100	Loss 5.6285 ± 0.2210
INFO:kbc-cli.py:Epoch 84/100	Loss 5.6264 ± 0.2275
INFO:kbc-cli.py:Epoch 84/100	dev results	MRR 0.952014	H@1 0.917178	H@3 0.986963	H@5 0.990798	H@10 0.994632	H@20 0.998466	H@50 1.000000	H@100 1.000000
INFO:kbc-cli.py:Epoch 84/100	test results	MRR 0.945539	H@1 0.903933	H@3 0.983359	H@5 0.992436	H@10 0.999244	H@20 1.000000	H@50 1.000000	H@100 1.000000
INFO:kbc-cli.py:Epoch 85/100	Loss 5.6281 ± 0.2359
INFO:kbc-cli.py:Epoch 86/100	Loss 5.6242 ± 0.2288
INFO:kbc-cli.py:Epoch 87/100	Loss 5.6216 ± 0.2233
INFO:kbc-cli.py:Epoch 87/100	dev results	MRR 0.954704	H@1 0.922546	H@3 0.986963	H@5 0.990031	H@10 0.995399	H@20 0.998466	H@50 1.000000	H@100 1.000000
INFO:kbc-cli.py:Epoch 87/100	test results	MRR 0.947616	H@1 0.909228	H@3 0.983359	H@5 0.992436	H@10 0.999244	H@20 1.000000	H@50 1.000000	H@100 1.000000
INFO:kbc-cli.py:Epoch 88/100	Loss 5.6221 ± 0.2232
INFO:kbc-cli.py:Epoch 89/100	Loss 5.6188 ± 0.2233
INFO:kbc-cli.py:Epoch 90/100	Loss 5.6187 ± 0.2273
INFO:kbc-cli.py:Epoch 90/100	dev results	MRR 0.945657	H@1 0.904908	H@3 0.986196	H@5 0.990031	H@10 0.993865	H@20 0.998466	H@50 1.000000	H@100 1.000000
INFO:kbc-cli.py:Epoch 90/100	test results	MRR 0.946063	H@1 0.905446	H@3 0.984115	H@5 0.991679	H@10 0.999244	H@20 1.000000	H@50 1.000000	H@100 1.000000
INFO:kbc-cli.py:Epoch 91/100	Loss 5.6210 ± 0.2206
INFO:kbc-cli.py:Epoch 92/100	Loss 5.6184 ± 0.2297
INFO:kbc-cli.py:Epoch 93/100	Loss 5.6096 ± 0.2188
INFO:kbc-cli.py:Epoch 93/100	dev results	MRR 0.952439	H@1 0.917945	H@3 0.985429	H@5 0.990798	H@10 0.994632	H@20 0.998466	H@50 1.000000	H@100 1.000000
INFO:kbc-cli.py:Epoch 93/100	test results	MRR 0.946926	H@1 0.906959	H@3 0.984871	H@5 0.992436	H@10 0.999244	H@20 1.000000	H@50 1.000000	H@100 1.000000
INFO:kbc-cli.py:Epoch 94/100	Loss 5.6160 ± 0.2080
INFO:kbc-cli.py:Epoch 95/100	Loss 5.6123 ± 0.2183
INFO:kbc-cli.py:Epoch 96/100	Loss 5.6077 ± 0.2185
INFO:kbc-cli.py:Epoch 96/100	dev results	MRR 0.951333	H@1 0.914877	H@3 0.987730	H@5 0.990798	H@10 0.994632	H@20 0.998466	H@50 1.000000	H@100 1.000000
INFO:kbc-cli.py:Epoch 96/100	test results	MRR 0.947879	H@1 0.909228	H@3 0.984115	H@5 0.993192	H@10 0.999244	H@20 1.000000	H@50 1.000000	H@100 1.000000
INFO:kbc-cli.py:Epoch 97/100	Loss 5.6119 ± 0.2422
INFO:kbc-cli.py:Epoch 98/100	Loss 5.6114 ± 0.2366
INFO:kbc-cli.py:Epoch 99/100	Loss 5.6062 ± 0.2126
INFO:kbc-cli.py:Epoch 99/100	dev results	MRR 0.945252	H@1 0.903374	H@3 0.986196	H@5 0.990031	H@10 0.994632	H@20 0.998466	H@50 1.000000	H@100 1.000000
INFO:kbc-cli.py:Epoch 99/100	test results	MRR 0.945294	H@1 0.903177	H@3 0.984871	H@5 0.993192	H@10 0.999244	H@20 1.000000	H@50 1.000000	H@100 1.000000
INFO:kbc-cli.py:Epoch 100/100	Loss 5.6028 ± 0.2317
INFO:kbc-cli.py:Final 	dev results	MRR 0.951687	H@1 0.916411	H@3 0.986196	H@5 0.990031	H@10 0.995399	H@20 0.998466	H@50 1.000000	H@100 1.000000
INFO:kbc-cli.py:Final 	test results	MRR 0.948106	H@1 0.909228	H@3 0.984115	H@5 0.992436	H@10 0.999244	H@20 1.000000	H@50 1.000000	H@100 1.000000
INFO:kbc-cli.py:Training finished
