./bin/kbc-cli.py --train data/umls/train.tsv --dev data/umls/dev.tsv --test data/umls/test.tsv -m complex -k 100 -b 50 -e 100 --F2 0 --N3 0.005 -l 0.1 -I reciprocal -V 3 -o adagrad -c spo -q
{'F2': 0.0,
 'N3': 0.005,
 'batch_size': 50,
 'corruption': 'spo',
 'dev': 'data/umls/dev.tsv',
 'embedding_size': 100,
 'epochs': 100,
 'eval_batch_size': None,
 'input_type': 'reciprocal',
 'learning_rate': 0.1,
 'load': None,
 'model': 'complex',
 'optimizer': 'adagrad',
 'quiet': True,
 'save': None,
 'seed': 0,
 'test': 'data/umls/test.tsv',
 'test_i': None,
 'test_ii': None,
 'train': 'data/umls/train.tsv',
 'validate_every': 3}
INFO:kbc-cli.py:Device: cuda
INFO:kbc-cli.py:Model state:
INFO:kbc-cli.py:	entities.weight	torch.Size([135, 200])
INFO:kbc-cli.py:	predicates.weight	torch.Size([92, 200])
INFO:kbc-cli.py:Epoch 1/100	Loss 9.5068 ± 1.9694
INFO:kbc-cli.py:Epoch 2/100	Loss 7.0704 ± 0.2555
INFO:kbc-cli.py:Epoch 3/100	Loss 6.7835 ± 0.2491
INFO:kbc-cli.py:Epoch 3/100	dev results	MRR 0.933324	H@1 0.883436	H@3 0.980828	H@5 0.991564	H@10 0.994632	H@20 0.996933	H@50 1.000000	H@100 1.000000
INFO:kbc-cli.py:Epoch 3/100	test results	MRR 0.925379	H@1 0.866868	H@3 0.981846	H@5 0.990923	H@10 0.995461	H@20 0.996974	H@50 0.998487	H@100 1.000000
INFO:kbc-cli.py:Epoch 4/100	Loss 6.6601 ± 0.2660
INFO:kbc-cli.py:Epoch 5/100	Loss 6.5834 ± 0.2363
INFO:kbc-cli.py:Epoch 6/100	Loss 6.5251 ± 0.2614
INFO:kbc-cli.py:Epoch 6/100	dev results	MRR 0.955517	H@1 0.924080	H@3 0.985429	H@5 0.990031	H@10 0.995399	H@20 0.998466	H@50 0.999233	H@100 1.000000
INFO:kbc-cli.py:Epoch 6/100	test results	MRR 0.954222	H@1 0.920575	H@3 0.986384	H@5 0.993949	H@10 0.995461	H@20 0.997731	H@50 0.998487	H@100 1.000000
INFO:kbc-cli.py:Epoch 7/100	Loss 6.4837 ± 0.2400
INFO:kbc-cli.py:Epoch 8/100	Loss 6.4499 ± 0.2477
INFO:kbc-cli.py:Epoch 9/100	Loss 6.4205 ± 0.2490
INFO:kbc-cli.py:Epoch 9/100	dev results	MRR 0.954424	H@1 0.923313	H@3 0.983129	H@5 0.988497	H@10 0.995399	H@20 0.998466	H@50 0.999233	H@100 1.000000
INFO:kbc-cli.py:Epoch 9/100	test results	MRR 0.951993	H@1 0.916793	H@3 0.987897	H@5 0.991679	H@10 0.996218	H@20 0.997731	H@50 0.999244	H@100 1.000000
INFO:kbc-cli.py:Epoch 10/100	Loss 6.3956 ± 0.2490
INFO:kbc-cli.py:Epoch 11/100	Loss 6.3744 ± 0.2493
INFO:kbc-cli.py:Epoch 12/100	Loss 6.3563 ± 0.2551
INFO:kbc-cli.py:Epoch 12/100	dev results	MRR 0.957654	H@1 0.930215	H@3 0.983129	H@5 0.988497	H@10 0.995399	H@20 0.997699	H@50 0.999233	H@100 1.000000
INFO:kbc-cli.py:Epoch 12/100	test results	MRR 0.958270	H@1 0.928896	H@3 0.986384	H@5 0.991679	H@10 0.996218	H@20 0.997731	H@50 0.999244	H@100 1.000000
INFO:kbc-cli.py:Epoch 13/100	Loss 6.3386 ± 0.2147
INFO:kbc-cli.py:Epoch 14/100	Loss 6.3280 ± 0.2390
INFO:kbc-cli.py:Epoch 15/100	Loss 6.3131 ± 0.2461
INFO:kbc-cli.py:Epoch 15/100	dev results	MRR 0.956363	H@1 0.928681	H@3 0.983129	H@5 0.988497	H@10 0.995399	H@20 0.998466	H@50 0.999233	H@100 1.000000
INFO:kbc-cli.py:Epoch 15/100	test results	MRR 0.961834	H@1 0.936460	H@3 0.986384	H@5 0.991679	H@10 0.996974	H@20 0.997731	H@50 0.999244	H@100 1.000000
INFO:kbc-cli.py:Epoch 16/100	Loss 6.3002 ± 0.2176
INFO:kbc-cli.py:Epoch 17/100	Loss 6.2906 ± 0.2373
INFO:kbc-cli.py:Epoch 18/100	Loss 6.2785 ± 0.2187
INFO:kbc-cli.py:Epoch 18/100	dev results	MRR 0.954379	H@1 0.924847	H@3 0.983129	H@5 0.986963	H@10 0.995399	H@20 0.997699	H@50 0.999233	H@100 1.000000
INFO:kbc-cli.py:Epoch 18/100	test results	MRR 0.960438	H@1 0.934191	H@3 0.986384	H@5 0.990166	H@10 0.996974	H@20 0.997731	H@50 0.999244	H@100 1.000000
INFO:kbc-cli.py:Epoch 19/100	Loss 6.2710 ± 0.2309
INFO:kbc-cli.py:Epoch 20/100	Loss 6.2618 ± 0.2298
INFO:kbc-cli.py:Epoch 21/100	Loss 6.2552 ± 0.2356
INFO:kbc-cli.py:Epoch 21/100	dev results	MRR 0.955216	H@1 0.927147	H@3 0.982362	H@5 0.987730	H@10 0.994632	H@20 0.996933	H@50 0.999233	H@100 1.000000
INFO:kbc-cli.py:Epoch 21/100	test results	MRR 0.960341	H@1 0.934191	H@3 0.986384	H@5 0.990923	H@10 0.995461	H@20 0.997731	H@50 0.999244	H@100 1.000000
INFO:kbc-cli.py:Epoch 22/100	Loss 6.2476 ± 0.2232
INFO:kbc-cli.py:Epoch 23/100	Loss 6.2409 ± 0.2319
INFO:kbc-cli.py:Epoch 24/100	Loss 6.2358 ± 0.2340
INFO:kbc-cli.py:Epoch 24/100	dev results	MRR 0.954535	H@1 0.926380	H@3 0.981595	H@5 0.985429	H@10 0.993865	H@20 0.996933	H@50 0.999233	H@100 1.000000
INFO:kbc-cli.py:Epoch 24/100	test results	MRR 0.961726	H@1 0.937216	H@3 0.986384	H@5 0.991679	H@10 0.996218	H@20 0.997731	H@50 0.999244	H@100 1.000000
INFO:kbc-cli.py:Epoch 25/100	Loss 6.2294 ± 0.2312
INFO:kbc-cli.py:Epoch 26/100	Loss 6.2227 ± 0.2377
INFO:kbc-cli.py:Epoch 27/100	Loss 6.2176 ± 0.2182
INFO:kbc-cli.py:Epoch 27/100	dev results	MRR 0.954277	H@1 0.925613	H@3 0.982362	H@5 0.986196	H@10 0.993098	H@20 0.996933	H@50 0.999233	H@100 1.000000
INFO:kbc-cli.py:Epoch 27/100	test results	MRR 0.961710	H@1 0.937216	H@3 0.984115	H@5 0.990923	H@10 0.996218	H@20 0.996974	H@50 0.999244	H@100 1.000000
INFO:kbc-cli.py:Epoch 28/100	Loss 6.2121 ± 0.2311
INFO:kbc-cli.py:Epoch 29/100	Loss 6.2080 ± 0.2213
INFO:kbc-cli.py:Epoch 30/100	Loss 6.2050 ± 0.2400
INFO:kbc-cli.py:Epoch 30/100	dev results	MRR 0.954030	H@1 0.925613	H@3 0.981595	H@5 0.986196	H@10 0.993098	H@20 0.996933	H@50 0.999233	H@100 1.000000
INFO:kbc-cli.py:Epoch 30/100	test results	MRR 0.961988	H@1 0.937216	H@3 0.984115	H@5 0.990923	H@10 0.996218	H@20 0.997731	H@50 0.999244	H@100 1.000000
INFO:kbc-cli.py:Epoch 31/100	Loss 6.1998 ± 0.2288
INFO:kbc-cli.py:Epoch 32/100	Loss 6.1948 ± 0.2221
INFO:kbc-cli.py:Epoch 33/100	Loss 6.1913 ± 0.2277
INFO:kbc-cli.py:Epoch 33/100	dev results	MRR 0.954111	H@1 0.925613	H@3 0.981595	H@5 0.986196	H@10 0.992331	H@20 0.996933	H@50 0.999233	H@100 1.000000
INFO:kbc-cli.py:Epoch 33/100	test results	MRR 0.959192	H@1 0.931921	H@3 0.984115	H@5 0.990923	H@10 0.995461	H@20 0.997731	H@50 0.999244	H@100 1.000000
INFO:kbc-cli.py:Epoch 34/100	Loss 6.1872 ± 0.1958
INFO:kbc-cli.py:Epoch 35/100	Loss 6.1852 ± 0.2231
INFO:kbc-cli.py:Epoch 36/100	Loss 6.1810 ± 0.2107
INFO:kbc-cli.py:Epoch 36/100	dev results	MRR 0.952018	H@1 0.921779	H@3 0.981595	H@5 0.985429	H@10 0.993098	H@20 0.996933	H@50 0.999233	H@100 1.000000
INFO:kbc-cli.py:Epoch 36/100	test results	MRR 0.959863	H@1 0.933434	H@3 0.984871	H@5 0.991679	H@10 0.995461	H@20 0.996974	H@50 0.999244	H@100 1.000000
INFO:kbc-cli.py:Epoch 37/100	Loss 6.1793 ± 0.2256
INFO:kbc-cli.py:Epoch 38/100	Loss 6.1740 ± 0.2272
INFO:kbc-cli.py:Epoch 39/100	Loss 6.1723 ± 0.2352
INFO:kbc-cli.py:Epoch 39/100	dev results	MRR 0.951931	H@1 0.921779	H@3 0.981595	H@5 0.986196	H@10 0.992331	H@20 0.996933	H@50 0.999233	H@100 1.000000
INFO:kbc-cli.py:Epoch 39/100	test results	MRR 0.960119	H@1 0.933434	H@3 0.984115	H@5 0.992436	H@10 0.994705	H@20 0.997731	H@50 0.999244	H@100 1.000000
INFO:kbc-cli.py:Epoch 40/100	Loss 6.1699 ± 0.2324
INFO:kbc-cli.py:Epoch 41/100	Loss 6.1661 ± 0.2104
INFO:kbc-cli.py:Epoch 42/100	Loss 6.1631 ± 0.2301
INFO:kbc-cli.py:Epoch 42/100	dev results	MRR 0.948988	H@1 0.915644	H@3 0.981595	H@5 0.986196	H@10 0.992331	H@20 0.996933	H@50 0.999233	H@100 1.000000
INFO:kbc-cli.py:Epoch 42/100	test results	MRR 0.956228	H@1 0.925870	H@3 0.983359	H@5 0.991679	H@10 0.993949	H@20 0.997731	H@50 0.999244	H@100 1.000000
INFO:kbc-cli.py:Epoch 43/100	Loss 6.1604 ± 0.2049
INFO:kbc-cli.py:Epoch 44/100	Loss 6.1586 ± 0.2452
INFO:kbc-cli.py:Epoch 45/100	Loss 6.1558 ± 0.2325
INFO:kbc-cli.py:Epoch 45/100	dev results	MRR 0.950624	H@1 0.919479	H@3 0.981595	H@5 0.985429	H@10 0.992331	H@20 0.996933	H@50 0.999233	H@100 1.000000
INFO:kbc-cli.py:Epoch 45/100	test results	MRR 0.957986	H@1 0.929652	H@3 0.983359	H@5 0.991679	H@10 0.993949	H@20 0.996974	H@50 0.999244	H@100 1.000000
INFO:kbc-cli.py:Epoch 46/100	Loss 6.1533 ± 0.2196
INFO:kbc-cli.py:Epoch 47/100	Loss 6.1520 ± 0.2238
INFO:kbc-cli.py:Epoch 48/100	Loss 6.1494 ± 0.2189
INFO:kbc-cli.py:Epoch 48/100	dev results	MRR 0.948171	H@1 0.914877	H@3 0.981595	H@5 0.985429	H@10 0.992331	H@20 0.996933	H@50 0.999233	H@100 1.000000
INFO:kbc-cli.py:Epoch 48/100	test results	MRR 0.957291	H@1 0.928139	H@3 0.984115	H@5 0.991679	H@10 0.993949	H@20 0.997731	H@50 0.999244	H@100 1.000000
INFO:kbc-cli.py:Epoch 49/100	Loss 6.1483 ± 0.2255
INFO:kbc-cli.py:Epoch 50/100	Loss 6.1451 ± 0.2138
INFO:kbc-cli.py:Epoch 51/100	Loss 6.1439 ± 0.2351
INFO:kbc-cli.py:Epoch 51/100	dev results	MRR 0.949458	H@1 0.917945	H@3 0.981595	H@5 0.985429	H@10 0.992331	H@20 0.996933	H@50 0.999233	H@100 1.000000
INFO:kbc-cli.py:Epoch 51/100	test results	MRR 0.958273	H@1 0.930408	H@3 0.983359	H@5 0.991679	H@10 0.993949	H@20 0.997731	H@50 0.999244	H@100 1.000000
INFO:kbc-cli.py:Epoch 52/100	Loss 6.1418 ± 0.2208
INFO:kbc-cli.py:Epoch 53/100	Loss 6.1393 ± 0.2061
INFO:kbc-cli.py:Epoch 54/100	Loss 6.1384 ± 0.2256
INFO:kbc-cli.py:Epoch 54/100	dev results	MRR 0.949773	H@1 0.918712	H@3 0.981595	H@5 0.986196	H@10 0.992331	H@20 0.996933	H@50 0.999233	H@100 1.000000
INFO:kbc-cli.py:Epoch 54/100	test results	MRR 0.957709	H@1 0.929652	H@3 0.982602	H@5 0.991679	H@10 0.994705	H@20 0.997731	H@50 0.999244	H@100 1.000000
INFO:kbc-cli.py:Epoch 55/100	Loss 6.1367 ± 0.2168
INFO:kbc-cli.py:Epoch 56/100	Loss 6.1346 ± 0.2113
INFO:kbc-cli.py:Epoch 57/100	Loss 6.1332 ± 0.2118
INFO:kbc-cli.py:Epoch 57/100	dev results	MRR 0.950142	H@1 0.919479	H@3 0.981595	H@5 0.986196	H@10 0.992331	H@20 0.996933	H@50 0.999233	H@100 1.000000
INFO:kbc-cli.py:Epoch 57/100	test results	MRR 0.957734	H@1 0.929652	H@3 0.981846	H@5 0.991679	H@10 0.994705	H@20 0.997731	H@50 0.999244	H@100 1.000000
INFO:kbc-cli.py:Epoch 58/100	Loss 6.1307 ± 0.2109
INFO:kbc-cli.py:Epoch 59/100	Loss 6.1295 ± 0.2246
INFO:kbc-cli.py:Epoch 60/100	Loss 6.1291 ± 0.2103
INFO:kbc-cli.py:Epoch 60/100	dev results	MRR 0.949383	H@1 0.917945	H@3 0.981595	H@5 0.986196	H@10 0.992331	H@20 0.996933	H@50 0.999233	H@100 1.000000
INFO:kbc-cli.py:Epoch 60/100	test results	MRR 0.956664	H@1 0.928139	H@3 0.981846	H@5 0.992436	H@10 0.994705	H@20 0.997731	H@50 0.999244	H@100 1.000000
INFO:kbc-cli.py:Epoch 61/100	Loss 6.1273 ± 0.1926
INFO:kbc-cli.py:Epoch 62/100	Loss 6.1262 ± 0.2255
INFO:kbc-cli.py:Epoch 63/100	Loss 6.1254 ± 0.2104
INFO:kbc-cli.py:Epoch 63/100	dev results	MRR 0.949709	H@1 0.918712	H@3 0.980828	H@5 0.986196	H@10 0.993098	H@20 0.996933	H@50 0.999233	H@100 1.000000
INFO:kbc-cli.py:Epoch 63/100	test results	MRR 0.956654	H@1 0.927383	H@3 0.982602	H@5 0.991679	H@10 0.993949	H@20 0.997731	H@50 0.999244	H@100 1.000000
INFO:kbc-cli.py:Epoch 64/100	Loss 6.1230 ± 0.2291
INFO:kbc-cli.py:Epoch 65/100	Loss 6.1210 ± 0.2016
INFO:kbc-cli.py:Epoch 66/100	Loss 6.1190 ± 0.2428
INFO:kbc-cli.py:Epoch 66/100	dev results	MRR 0.949279	H@1 0.917178	H@3 0.981595	H@5 0.986196	H@10 0.993098	H@20 0.996933	H@50 0.999233	H@100 1.000000
INFO:kbc-cli.py:Epoch 66/100	test results	MRR 0.955705	H@1 0.925870	H@3 0.981089	H@5 0.990923	H@10 0.993949	H@20 0.997731	H@50 0.999244	H@100 1.000000
INFO:kbc-cli.py:Epoch 67/100	Loss 6.1186 ± 0.2020
INFO:kbc-cli.py:Epoch 68/100	Loss 6.1184 ± 0.2328
INFO:kbc-cli.py:Epoch 69/100	Loss 6.1164 ± 0.2200
INFO:kbc-cli.py:Epoch 69/100	dev results	MRR 0.949457	H@1 0.917945	H@3 0.980828	H@5 0.986196	H@10 0.993098	H@20 0.996933	H@50 0.999233	H@100 1.000000
INFO:kbc-cli.py:Epoch 69/100	test results	MRR 0.955664	H@1 0.925870	H@3 0.981089	H@5 0.991679	H@10 0.993949	H@20 0.997731	H@50 0.999244	H@100 1.000000
INFO:kbc-cli.py:Epoch 70/100	Loss 6.1155 ± 0.2184
INFO:kbc-cli.py:Epoch 71/100	Loss 6.1152 ± 0.2186
INFO:kbc-cli.py:Epoch 72/100	Loss 6.1130 ± 0.1952
INFO:kbc-cli.py:Epoch 72/100	dev results	MRR 0.948278	H@1 0.915644	H@3 0.980828	H@5 0.986196	H@10 0.992331	H@20 0.996933	H@50 0.999233	H@100 1.000000
INFO:kbc-cli.py:Epoch 72/100	test results	MRR 0.953492	H@1 0.922088	H@3 0.981089	H@5 0.991679	H@10 0.993949	H@20 0.997731	H@50 0.999244	H@100 1.000000
INFO:kbc-cli.py:Epoch 73/100	Loss 6.1119 ± 0.2120
INFO:kbc-cli.py:Epoch 74/100	Loss 6.1113 ± 0.2195
INFO:kbc-cli.py:Epoch 75/100	Loss 6.1096 ± 0.2281
INFO:kbc-cli.py:Epoch 75/100	dev results	MRR 0.947592	H@1 0.914877	H@3 0.980061	H@5 0.986196	H@10 0.992331	H@20 0.996933	H@50 0.999233	H@100 1.000000
INFO:kbc-cli.py:Epoch 75/100	test results	MRR 0.954388	H@1 0.923601	H@3 0.981089	H@5 0.991679	H@10 0.993949	H@20 0.997731	H@50 0.999244	H@100 1.000000
INFO:kbc-cli.py:Epoch 76/100	Loss 6.1088 ± 0.2256
INFO:kbc-cli.py:Epoch 77/100	Loss 6.1075 ± 0.2193
INFO:kbc-cli.py:Epoch 78/100	Loss 6.1064 ± 0.2265
INFO:kbc-cli.py:Epoch 78/100	dev results	MRR 0.948101	H@1 0.915644	H@3 0.980061	H@5 0.986196	H@10 0.992331	H@20 0.996933	H@50 0.999233	H@100 1.000000
INFO:kbc-cli.py:Epoch 78/100	test results	MRR 0.953377	H@1 0.922088	H@3 0.981089	H@5 0.991679	H@10 0.994705	H@20 0.997731	H@50 0.999244	H@100 1.000000
INFO:kbc-cli.py:Epoch 79/100	Loss 6.1054 ± 0.2217
INFO:kbc-cli.py:Epoch 80/100	Loss 6.1043 ± 0.2137
INFO:kbc-cli.py:Epoch 81/100	Loss 6.1040 ± 0.2207
INFO:kbc-cli.py:Epoch 81/100	dev results	MRR 0.948567	H@1 0.916411	H@3 0.979294	H@5 0.986196	H@10 0.992331	H@20 0.996933	H@50 0.999233	H@100 1.000000
INFO:kbc-cli.py:Epoch 81/100	test results	MRR 0.953549	H@1 0.922088	H@3 0.981089	H@5 0.991679	H@10 0.993949	H@20 0.997731	H@50 0.999244	H@100 1.000000
INFO:kbc-cli.py:Epoch 82/100	Loss 6.1024 ± 0.2305
INFO:kbc-cli.py:Epoch 83/100	Loss 6.1018 ± 0.2122
INFO:kbc-cli.py:Epoch 84/100	Loss 6.1000 ± 0.2065
INFO:kbc-cli.py:Epoch 84/100	dev results	MRR 0.948065	H@1 0.915644	H@3 0.979294	H@5 0.986196	H@10 0.992331	H@20 0.996933	H@50 0.999233	H@100 1.000000
INFO:kbc-cli.py:Epoch 84/100	test results	MRR 0.953634	H@1 0.922088	H@3 0.981846	H@5 0.991679	H@10 0.993949	H@20 0.997731	H@50 0.999244	H@100 1.000000
INFO:kbc-cli.py:Epoch 85/100	Loss 6.1001 ± 0.2178
INFO:kbc-cli.py:Epoch 86/100	Loss 6.0995 ± 0.2168
INFO:kbc-cli.py:Epoch 87/100	Loss 6.0975 ± 0.2116
INFO:kbc-cli.py:Epoch 87/100	dev results	MRR 0.947382	H@1 0.914110	H@3 0.979294	H@5 0.986196	H@10 0.992331	H@20 0.996933	H@50 0.999233	H@100 1.000000
INFO:kbc-cli.py:Epoch 87/100	test results	MRR 0.953752	H@1 0.922844	H@3 0.981089	H@5 0.991679	H@10 0.993949	H@20 0.997731	H@50 0.999244	H@100 1.000000
INFO:kbc-cli.py:Epoch 88/100	Loss 6.0975 ± 0.2001
INFO:kbc-cli.py:Epoch 89/100	Loss 6.0967 ± 0.2120
INFO:kbc-cli.py:Epoch 90/100	Loss 6.0958 ± 0.2037
INFO:kbc-cli.py:Epoch 90/100	dev results	MRR 0.947706	H@1 0.914877	H@3 0.979294	H@5 0.986196	H@10 0.992331	H@20 0.996933	H@50 0.999233	H@100 1.000000
INFO:kbc-cli.py:Epoch 90/100	test results	MRR 0.951936	H@1 0.919062	H@3 0.981089	H@5 0.991679	H@10 0.993949	H@20 0.997731	H@50 0.999244	H@100 1.000000
INFO:kbc-cli.py:Epoch 91/100	Loss 6.0946 ± 0.2189
INFO:kbc-cli.py:Epoch 92/100	Loss 6.0942 ± 0.2187
INFO:kbc-cli.py:Epoch 93/100	Loss 6.0936 ± 0.2088
INFO:kbc-cli.py:Epoch 93/100	dev results	MRR 0.947774	H@1 0.914877	H@3 0.980061	H@5 0.986196	H@10 0.993098	H@20 0.996933	H@50 0.999233	H@100 1.000000
INFO:kbc-cli.py:Epoch 93/100	test results	MRR 0.953098	H@1 0.921331	H@3 0.981846	H@5 0.991679	H@10 0.993949	H@20 0.997731	H@50 0.999244	H@100 1.000000
INFO:kbc-cli.py:Epoch 94/100	Loss 6.0922 ± 0.2334
INFO:kbc-cli.py:Epoch 95/100	Loss 6.0921 ± 0.2148
INFO:kbc-cli.py:Epoch 96/100	Loss 6.0904 ± 0.2043
INFO:kbc-cli.py:Epoch 96/100	dev results	MRR 0.948117	H@1 0.915644	H@3 0.980828	H@5 0.986196	H@10 0.993865	H@20 0.996933	H@50 0.999233	H@100 1.000000
INFO:kbc-cli.py:Epoch 96/100	test results	MRR 0.953421	H@1 0.922088	H@3 0.980333	H@5 0.990923	H@10 0.993949	H@20 0.997731	H@50 0.999244	H@100 1.000000
INFO:kbc-cli.py:Epoch 97/100	Loss 6.0902 ± 0.1971
INFO:kbc-cli.py:Epoch 98/100	Loss 6.0890 ± 0.2083
INFO:kbc-cli.py:Epoch 99/100	Loss 6.0898 ± 0.2127
INFO:kbc-cli.py:Epoch 99/100	dev results	MRR 0.946469	H@1 0.912577	H@3 0.979294	H@5 0.986196	H@10 0.993865	H@20 0.996933	H@50 0.999233	H@100 1.000000
INFO:kbc-cli.py:Epoch 99/100	test results	MRR 0.953045	H@1 0.922088	H@3 0.979576	H@5 0.990166	H@10 0.993949	H@20 0.997731	H@50 0.999244	H@100 1.000000
INFO:kbc-cli.py:Epoch 100/100	Loss 6.0886 ± 0.1947
INFO:kbc-cli.py:Final 	dev results	MRR 0.946780	H@1 0.913344	H@3 0.979294	H@5 0.986196	H@10 0.993865	H@20 0.996933	H@50 0.999233	H@100 1.000000
INFO:kbc-cli.py:Final 	test results	MRR 0.953699	H@1 0.922844	H@3 0.980333	H@5 0.990923	H@10 0.993949	H@20 0.997731	H@50 0.999244	H@100 1.000000
INFO:kbc-cli.py:Training finished
