./bin/kbc-cli.py --train data/nations/train.tsv --dev data/nations/dev.tsv --test data/nations/test.tsv -m complex -k 500 -b 100 -e 100 --F2 0 --N3 0.1 -l 0.1 -I reciprocal -V 3 -o adagrad -c so -q
{'F2': 0.0,
 'N3': 0.1,
 'batch_size': 100,
 'corruption': 'so',
 'dev': 'data/nations/dev.tsv',
 'embedding_size': 500,
 'epochs': 100,
 'eval_batch_size': None,
 'input_type': 'reciprocal',
 'learning_rate': 0.1,
 'load': None,
 'model': 'complex',
 'optimizer': 'adagrad',
 'quiet': True,
 'save': None,
 'seed': 0,
 'test': 'data/nations/test.tsv',
 'test_i': None,
 'test_ii': None,
 'train': 'data/nations/train.tsv',
 'validate_every': 3}
INFO:kbc-cli.py:Device: cuda
INFO:kbc-cli.py:Model state:
INFO:kbc-cli.py:	entities.weight	torch.Size([14, 1000])
INFO:kbc-cli.py:	predicates.weight	torch.Size([110, 1000])
INFO:kbc-cli.py:Epoch 1/100	Loss 5.3803 ± 0.1493
INFO:kbc-cli.py:Epoch 2/100	Loss 5.2684 ± 0.0196
INFO:kbc-cli.py:Epoch 3/100	Loss 5.2274 ± 0.0314
INFO:kbc-cli.py:Epoch 3/100	dev results	MRR 0.607576	H@1 0.449749	H@3 0.680905	H@5 0.821608	H@10 0.972362	H@20 1.000000	H@50 1.000000	H@100 1.000000
INFO:kbc-cli.py:Epoch 3/100	test results	MRR 0.639724	H@1 0.495025	H@3 0.718905	H@5 0.823383	H@10 0.977612	H@20 1.000000	H@50 1.000000	H@100 1.000000
INFO:kbc-cli.py:Epoch 4/100	Loss 5.2027 ± 0.0523
INFO:kbc-cli.py:Epoch 5/100	Loss 5.1922 ± 0.0577
INFO:kbc-cli.py:Epoch 6/100	Loss 5.1811 ± 0.0510
INFO:kbc-cli.py:Epoch 6/100	dev results	MRR 0.643679	H@1 0.497487	H@3 0.708543	H@5 0.871859	H@10 0.972362	H@20 1.000000	H@50 1.000000	H@100 1.000000
INFO:kbc-cli.py:Epoch 6/100	test results	MRR 0.667799	H@1 0.522388	H@3 0.758706	H@5 0.870647	H@10 0.985075	H@20 1.000000	H@50 1.000000	H@100 1.000000
INFO:kbc-cli.py:Epoch 7/100	Loss 5.1747 ± 0.0505
INFO:kbc-cli.py:Epoch 8/100	Loss 5.1685 ± 0.0594
INFO:kbc-cli.py:Epoch 9/100	Loss 5.1614 ± 0.0592
INFO:kbc-cli.py:Epoch 9/100	dev results	MRR 0.661731	H@1 0.510050	H@3 0.741206	H@5 0.884422	H@10 0.979899	H@20 1.000000	H@50 1.000000	H@100 1.000000
INFO:kbc-cli.py:Epoch 9/100	test results	MRR 0.680155	H@1 0.527363	H@3 0.788557	H@5 0.902985	H@10 0.987562	H@20 1.000000	H@50 1.000000	H@100 1.000000
INFO:kbc-cli.py:Epoch 10/100	Loss 5.1587 ± 0.0616
INFO:kbc-cli.py:Epoch 11/100	Loss 5.1532 ± 0.0621
INFO:kbc-cli.py:Epoch 12/100	Loss 5.1509 ± 0.0589
INFO:kbc-cli.py:Epoch 12/100	dev results	MRR 0.673582	H@1 0.527638	H@3 0.751256	H@5 0.891960	H@10 0.979899	H@20 1.000000	H@50 1.000000	H@100 1.000000
INFO:kbc-cli.py:Epoch 12/100	test results	MRR 0.697261	H@1 0.552239	H@3 0.803483	H@5 0.910448	H@10 0.990050	H@20 1.000000	H@50 1.000000	H@100 1.000000
INFO:kbc-cli.py:Epoch 13/100	Loss 5.1470 ± 0.0559
INFO:kbc-cli.py:Epoch 14/100	Loss 5.1444 ± 0.0595
INFO:kbc-cli.py:Epoch 15/100	Loss 5.1412 ± 0.0631
INFO:kbc-cli.py:Epoch 15/100	dev results	MRR 0.683901	H@1 0.537688	H@3 0.768844	H@5 0.894472	H@10 0.987437	H@20 1.000000	H@50 1.000000	H@100 1.000000
INFO:kbc-cli.py:Epoch 15/100	test results	MRR 0.711775	H@1 0.569652	H@3 0.818408	H@5 0.922886	H@10 0.990050	H@20 1.000000	H@50 1.000000	H@100 1.000000
INFO:kbc-cli.py:Epoch 16/100	Loss 5.1389 ± 0.0457
INFO:kbc-cli.py:Epoch 17/100	Loss 5.1363 ± 0.0567
INFO:kbc-cli.py:Epoch 18/100	Loss 5.1342 ± 0.0586
INFO:kbc-cli.py:Epoch 18/100	dev results	MRR 0.681337	H@1 0.527638	H@3 0.786432	H@5 0.894472	H@10 0.989950	H@20 1.000000	H@50 1.000000	H@100 1.000000
INFO:kbc-cli.py:Epoch 18/100	test results	MRR 0.713521	H@1 0.567164	H@3 0.818408	H@5 0.932836	H@10 0.990050	H@20 1.000000	H@50 1.000000	H@100 1.000000
INFO:kbc-cli.py:Epoch 19/100	Loss 5.1320 ± 0.0501
INFO:kbc-cli.py:Epoch 20/100	Loss 5.1305 ± 0.0679
INFO:kbc-cli.py:Epoch 21/100	Loss 5.1284 ± 0.0534
INFO:kbc-cli.py:Epoch 21/100	dev results	MRR 0.686310	H@1 0.535176	H@3 0.781407	H@5 0.896985	H@10 0.989950	H@20 1.000000	H@50 1.000000	H@100 1.000000
INFO:kbc-cli.py:Epoch 21/100	test results	MRR 0.716784	H@1 0.572139	H@3 0.815920	H@5 0.927861	H@10 0.990050	H@20 1.000000	H@50 1.000000	H@100 1.000000
INFO:kbc-cli.py:Epoch 22/100	Loss 5.1260 ± 0.0620
INFO:kbc-cli.py:Epoch 23/100	Loss 5.1262 ± 0.0643
INFO:kbc-cli.py:Epoch 24/100	Loss 5.1247 ± 0.0730
INFO:kbc-cli.py:Epoch 24/100	dev results	MRR 0.683439	H@1 0.527638	H@3 0.788945	H@5 0.904523	H@10 0.989950	H@20 1.000000	H@50 1.000000	H@100 1.000000
INFO:kbc-cli.py:Epoch 24/100	test results	MRR 0.720579	H@1 0.577114	H@3 0.818408	H@5 0.927861	H@10 0.992537	H@20 1.000000	H@50 1.000000	H@100 1.000000
INFO:kbc-cli.py:Epoch 25/100	Loss 5.1229 ± 0.0562
INFO:kbc-cli.py:Epoch 26/100	Loss 5.1214 ± 0.0515
INFO:kbc-cli.py:Epoch 27/100	Loss 5.1203 ± 0.0635
INFO:kbc-cli.py:Epoch 27/100	dev results	MRR 0.691906	H@1 0.540201	H@3 0.793970	H@5 0.904523	H@10 0.989950	H@20 1.000000	H@50 1.000000	H@100 1.000000
INFO:kbc-cli.py:Epoch 27/100	test results	MRR 0.717711	H@1 0.572139	H@3 0.818408	H@5 0.935323	H@10 0.992537	H@20 1.000000	H@50 1.000000	H@100 1.000000
INFO:kbc-cli.py:Epoch 28/100	Loss 5.1198 ± 0.0558
INFO:kbc-cli.py:Epoch 29/100	Loss 5.1194 ± 0.0431
INFO:kbc-cli.py:Epoch 30/100	Loss 5.1184 ± 0.0698
INFO:kbc-cli.py:Epoch 30/100	dev results	MRR 0.690749	H@1 0.537688	H@3 0.793970	H@5 0.904523	H@10 0.989950	H@20 1.000000	H@50 1.000000	H@100 1.000000
INFO:kbc-cli.py:Epoch 30/100	test results	MRR 0.721454	H@1 0.582090	H@3 0.818408	H@5 0.935323	H@10 0.992537	H@20 1.000000	H@50 1.000000	H@100 1.000000
INFO:kbc-cli.py:Epoch 31/100	Loss 5.1172 ± 0.0563
INFO:kbc-cli.py:Epoch 32/100	Loss 5.1169 ± 0.0520
INFO:kbc-cli.py:Epoch 33/100	Loss 5.1166 ± 0.0599
INFO:kbc-cli.py:Epoch 33/100	dev results	MRR 0.691971	H@1 0.537688	H@3 0.791457	H@5 0.902010	H@10 0.989950	H@20 1.000000	H@50 1.000000	H@100 1.000000
INFO:kbc-cli.py:Epoch 33/100	test results	MRR 0.722598	H@1 0.579602	H@3 0.828358	H@5 0.930348	H@10 0.992537	H@20 1.000000	H@50 1.000000	H@100 1.000000
INFO:kbc-cli.py:Epoch 34/100	Loss 5.1154 ± 0.0657
INFO:kbc-cli.py:Epoch 35/100	Loss 5.1152 ± 0.0479
INFO:kbc-cli.py:Epoch 36/100	Loss 5.1147 ± 0.0629
INFO:kbc-cli.py:Epoch 36/100	dev results	MRR 0.698381	H@1 0.550251	H@3 0.793970	H@5 0.902010	H@10 0.989950	H@20 1.000000	H@50 1.000000	H@100 1.000000
INFO:kbc-cli.py:Epoch 36/100	test results	MRR 0.721893	H@1 0.579602	H@3 0.830846	H@5 0.930348	H@10 0.992537	H@20 1.000000	H@50 1.000000	H@100 1.000000
INFO:kbc-cli.py:Epoch 37/100	Loss 5.1127 ± 0.0578
INFO:kbc-cli.py:Epoch 38/100	Loss 5.1136 ± 0.0648
INFO:kbc-cli.py:Epoch 39/100	Loss 5.1130 ± 0.0627
INFO:kbc-cli.py:Epoch 39/100	dev results	MRR 0.696986	H@1 0.545226	H@3 0.798995	H@5 0.902010	H@10 0.989950	H@20 1.000000	H@50 1.000000	H@100 1.000000
INFO:kbc-cli.py:Epoch 39/100	test results	MRR 0.720744	H@1 0.577114	H@3 0.833333	H@5 0.932836	H@10 0.992537	H@20 1.000000	H@50 1.000000	H@100 1.000000
INFO:kbc-cli.py:Epoch 40/100	Loss 5.1123 ± 0.0732
INFO:kbc-cli.py:Epoch 41/100	Loss 5.1106 ± 0.0479
INFO:kbc-cli.py:Epoch 42/100	Loss 5.1110 ± 0.0479
INFO:kbc-cli.py:Epoch 42/100	dev results	MRR 0.704408	H@1 0.560302	H@3 0.798995	H@5 0.902010	H@10 0.989950	H@20 1.000000	H@50 1.000000	H@100 1.000000
INFO:kbc-cli.py:Epoch 42/100	test results	MRR 0.720241	H@1 0.579602	H@3 0.818408	H@5 0.927861	H@10 0.992537	H@20 1.000000	H@50 1.000000	H@100 1.000000
INFO:kbc-cli.py:Epoch 43/100	Loss 5.1110 ± 0.0542
INFO:kbc-cli.py:Epoch 44/100	Loss 5.1100 ± 0.0588
INFO:kbc-cli.py:Epoch 45/100	Loss 5.1094 ± 0.0530
INFO:kbc-cli.py:Epoch 45/100	dev results	MRR 0.705236	H@1 0.560302	H@3 0.793970	H@5 0.902010	H@10 0.989950	H@20 1.000000	H@50 1.000000	H@100 1.000000
INFO:kbc-cli.py:Epoch 45/100	test results	MRR 0.721429	H@1 0.579602	H@3 0.825871	H@5 0.927861	H@10 0.992537	H@20 1.000000	H@50 1.000000	H@100 1.000000
INFO:kbc-cli.py:Epoch 46/100	Loss 5.1091 ± 0.0639
INFO:kbc-cli.py:Epoch 47/100	Loss 5.1087 ± 0.0647
INFO:kbc-cli.py:Epoch 48/100	Loss 5.1077 ± 0.0535
INFO:kbc-cli.py:Epoch 48/100	dev results	MRR 0.705643	H@1 0.560302	H@3 0.793970	H@5 0.904523	H@10 0.989950	H@20 1.000000	H@50 1.000000	H@100 1.000000
INFO:kbc-cli.py:Epoch 48/100	test results	MRR 0.720889	H@1 0.579602	H@3 0.825871	H@5 0.930348	H@10 0.992537	H@20 1.000000	H@50 1.000000	H@100 1.000000
INFO:kbc-cli.py:Epoch 49/100	Loss 5.1076 ± 0.0594
INFO:kbc-cli.py:Epoch 50/100	Loss 5.1074 ± 0.0568
INFO:kbc-cli.py:Epoch 51/100	Loss 5.1069 ± 0.0495
INFO:kbc-cli.py:Epoch 51/100	dev results	MRR 0.706844	H@1 0.562814	H@3 0.796482	H@5 0.907035	H@10 0.989950	H@20 1.000000	H@50 1.000000	H@100 1.000000
INFO:kbc-cli.py:Epoch 51/100	test results	MRR 0.724852	H@1 0.584577	H@3 0.835821	H@5 0.927861	H@10 0.992537	H@20 1.000000	H@50 1.000000	H@100 1.000000
INFO:kbc-cli.py:Epoch 52/100	Loss 5.1069 ± 0.0708
INFO:kbc-cli.py:Epoch 53/100	Loss 5.1059 ± 0.0552
INFO:kbc-cli.py:Epoch 54/100	Loss 5.1060 ± 0.0601
INFO:kbc-cli.py:Epoch 54/100	dev results	MRR 0.709948	H@1 0.567839	H@3 0.798995	H@5 0.909548	H@10 0.989950	H@20 1.000000	H@50 1.000000	H@100 1.000000
INFO:kbc-cli.py:Epoch 54/100	test results	MRR 0.720227	H@1 0.579602	H@3 0.825871	H@5 0.925373	H@10 0.992537	H@20 1.000000	H@50 1.000000	H@100 1.000000
INFO:kbc-cli.py:Epoch 55/100	Loss 5.1062 ± 0.0585
INFO:kbc-cli.py:Epoch 56/100	Loss 5.1048 ± 0.0672
INFO:kbc-cli.py:Epoch 57/100	Loss 5.1046 ± 0.0522
INFO:kbc-cli.py:Epoch 57/100	dev results	MRR 0.712411	H@1 0.572864	H@3 0.798995	H@5 0.909548	H@10 0.989950	H@20 1.000000	H@50 1.000000	H@100 1.000000
INFO:kbc-cli.py:Epoch 57/100	test results	MRR 0.722482	H@1 0.584577	H@3 0.828358	H@5 0.927861	H@10 0.992537	H@20 1.000000	H@50 1.000000	H@100 1.000000
INFO:kbc-cli.py:Epoch 58/100	Loss 5.1053 ± 0.0753
INFO:kbc-cli.py:Epoch 59/100	Loss 5.1038 ± 0.0562
INFO:kbc-cli.py:Epoch 60/100	Loss 5.1038 ± 0.0510
INFO:kbc-cli.py:Epoch 60/100	dev results	MRR 0.712038	H@1 0.570352	H@3 0.806533	H@5 0.909548	H@10 0.989950	H@20 1.000000	H@50 1.000000	H@100 1.000000
INFO:kbc-cli.py:Epoch 60/100	test results	MRR 0.721344	H@1 0.579602	H@3 0.833333	H@5 0.927861	H@10 0.995025	H@20 1.000000	H@50 1.000000	H@100 1.000000
INFO:kbc-cli.py:Epoch 61/100	Loss 5.1037 ± 0.0561
INFO:kbc-cli.py:Epoch 62/100	Loss 5.1040 ± 0.0711
INFO:kbc-cli.py:Epoch 63/100	Loss 5.1035 ± 0.0514
INFO:kbc-cli.py:Epoch 63/100	dev results	MRR 0.710523	H@1 0.565327	H@3 0.811558	H@5 0.909548	H@10 0.989950	H@20 1.000000	H@50 1.000000	H@100 1.000000
INFO:kbc-cli.py:Epoch 63/100	test results	MRR 0.721660	H@1 0.582090	H@3 0.825871	H@5 0.927861	H@10 0.992537	H@20 1.000000	H@50 1.000000	H@100 1.000000
INFO:kbc-cli.py:Epoch 64/100	Loss 5.1035 ± 0.0666
INFO:kbc-cli.py:Epoch 65/100	Loss 5.1024 ± 0.0572
INFO:kbc-cli.py:Epoch 66/100	Loss 5.1024 ± 0.0562
INFO:kbc-cli.py:Epoch 66/100	dev results	MRR 0.711570	H@1 0.565327	H@3 0.814070	H@5 0.909548	H@10 0.989950	H@20 1.000000	H@50 1.000000	H@100 1.000000
INFO:kbc-cli.py:Epoch 66/100	test results	MRR 0.721265	H@1 0.582090	H@3 0.825871	H@5 0.927861	H@10 0.992537	H@20 1.000000	H@50 1.000000	H@100 1.000000
INFO:kbc-cli.py:Epoch 67/100	Loss 5.1027 ± 0.0587
INFO:kbc-cli.py:Epoch 68/100	Loss 5.1025 ± 0.0602
INFO:kbc-cli.py:Epoch 69/100	Loss 5.1012 ± 0.0585
INFO:kbc-cli.py:Epoch 69/100	dev results	MRR 0.712808	H@1 0.567839	H@3 0.809045	H@5 0.909548	H@10 0.989950	H@20 1.000000	H@50 1.000000	H@100 1.000000
INFO:kbc-cli.py:Epoch 69/100	test results	MRR 0.719711	H@1 0.577114	H@3 0.828358	H@5 0.927861	H@10 0.992537	H@20 1.000000	H@50 1.000000	H@100 1.000000
INFO:kbc-cli.py:Epoch 70/100	Loss 5.1017 ± 0.0480
INFO:kbc-cli.py:Epoch 71/100	Loss 5.1014 ± 0.0532
INFO:kbc-cli.py:Epoch 72/100	Loss 5.1006 ± 0.0675
INFO:kbc-cli.py:Epoch 72/100	dev results	MRR 0.710664	H@1 0.567839	H@3 0.814070	H@5 0.909548	H@10 0.987437	H@20 1.000000	H@50 1.000000	H@100 1.000000
INFO:kbc-cli.py:Epoch 72/100	test results	MRR 0.724280	H@1 0.584577	H@3 0.838308	H@5 0.932836	H@10 0.992537	H@20 1.000000	H@50 1.000000	H@100 1.000000
INFO:kbc-cli.py:Epoch 73/100	Loss 5.1007 ± 0.0609
INFO:kbc-cli.py:Epoch 74/100	Loss 5.1010 ± 0.0632
INFO:kbc-cli.py:Epoch 75/100	Loss 5.1009 ± 0.0526
INFO:kbc-cli.py:Epoch 75/100	dev results	MRR 0.708891	H@1 0.562814	H@3 0.811558	H@5 0.912060	H@10 0.987437	H@20 1.000000	H@50 1.000000	H@100 1.000000
INFO:kbc-cli.py:Epoch 75/100	test results	MRR 0.721509	H@1 0.582090	H@3 0.828358	H@5 0.930348	H@10 0.992537	H@20 1.000000	H@50 1.000000	H@100 1.000000
INFO:kbc-cli.py:Epoch 76/100	Loss 5.1003 ± 0.0671
INFO:kbc-cli.py:Epoch 77/100	Loss 5.1009 ± 0.0680
INFO:kbc-cli.py:Epoch 78/100	Loss 5.1000 ± 0.0584
INFO:kbc-cli.py:Epoch 78/100	dev results	MRR 0.715008	H@1 0.572864	H@3 0.811558	H@5 0.914573	H@10 0.987437	H@20 1.000000	H@50 1.000000	H@100 1.000000
INFO:kbc-cli.py:Epoch 78/100	test results	MRR 0.721585	H@1 0.579602	H@3 0.835821	H@5 0.932836	H@10 0.995025	H@20 1.000000	H@50 1.000000	H@100 1.000000
INFO:kbc-cli.py:Epoch 79/100	Loss 5.0996 ± 0.0622
INFO:kbc-cli.py:Epoch 80/100	Loss 5.1002 ± 0.0591
INFO:kbc-cli.py:Epoch 81/100	Loss 5.0996 ± 0.0503
INFO:kbc-cli.py:Epoch 81/100	dev results	MRR 0.712579	H@1 0.570352	H@3 0.809045	H@5 0.914573	H@10 0.987437	H@20 1.000000	H@50 1.000000	H@100 1.000000
INFO:kbc-cli.py:Epoch 81/100	test results	MRR 0.722580	H@1 0.582090	H@3 0.838308	H@5 0.935323	H@10 0.995025	H@20 1.000000	H@50 1.000000	H@100 1.000000
INFO:kbc-cli.py:Epoch 82/100	Loss 5.0999 ± 0.0662
INFO:kbc-cli.py:Epoch 83/100	Loss 5.0993 ± 0.0548
INFO:kbc-cli.py:Epoch 84/100	Loss 5.0985 ± 0.0569
INFO:kbc-cli.py:Epoch 84/100	dev results	MRR 0.713333	H@1 0.572864	H@3 0.809045	H@5 0.912060	H@10 0.987437	H@20 1.000000	H@50 1.000000	H@100 1.000000
INFO:kbc-cli.py:Epoch 84/100	test results	MRR 0.723348	H@1 0.584577	H@3 0.830846	H@5 0.935323	H@10 0.992537	H@20 1.000000	H@50 1.000000	H@100 1.000000
INFO:kbc-cli.py:Epoch 85/100	Loss 5.0994 ± 0.0581
INFO:kbc-cli.py:Epoch 86/100	Loss 5.0988 ± 0.0489
INFO:kbc-cli.py:Epoch 87/100	Loss 5.0990 ± 0.0581
INFO:kbc-cli.py:Epoch 87/100	dev results	MRR 0.714939	H@1 0.572864	H@3 0.811558	H@5 0.912060	H@10 0.987437	H@20 1.000000	H@50 1.000000	H@100 1.000000
INFO:kbc-cli.py:Epoch 87/100	test results	MRR 0.723858	H@1 0.584577	H@3 0.833333	H@5 0.935323	H@10 0.992537	H@20 1.000000	H@50 1.000000	H@100 1.000000
INFO:kbc-cli.py:Epoch 88/100	Loss 5.0988 ± 0.0603
INFO:kbc-cli.py:Epoch 89/100	Loss 5.0985 ± 0.0635
INFO:kbc-cli.py:Epoch 90/100	Loss 5.0982 ± 0.0599
INFO:kbc-cli.py:Epoch 90/100	dev results	MRR 0.715912	H@1 0.575377	H@3 0.814070	H@5 0.912060	H@10 0.987437	H@20 1.000000	H@50 1.000000	H@100 1.000000
INFO:kbc-cli.py:Epoch 90/100	test results	MRR 0.724427	H@1 0.584577	H@3 0.835821	H@5 0.932836	H@10 0.992537	H@20 1.000000	H@50 1.000000	H@100 1.000000
INFO:kbc-cli.py:Epoch 91/100	Loss 5.0980 ± 0.0605
INFO:kbc-cli.py:Epoch 92/100	Loss 5.0979 ± 0.0470
INFO:kbc-cli.py:Epoch 93/100	Loss 5.0977 ± 0.0682
INFO:kbc-cli.py:Epoch 93/100	dev results	MRR 0.712066	H@1 0.567839	H@3 0.811558	H@5 0.912060	H@10 0.987437	H@20 1.000000	H@50 1.000000	H@100 1.000000
INFO:kbc-cli.py:Epoch 93/100	test results	MRR 0.718517	H@1 0.574627	H@3 0.835821	H@5 0.930348	H@10 0.992537	H@20 1.000000	H@50 1.000000	H@100 1.000000
INFO:kbc-cli.py:Epoch 94/100	Loss 5.0978 ± 0.0534
INFO:kbc-cli.py:Epoch 95/100	Loss 5.0979 ± 0.0603
INFO:kbc-cli.py:Epoch 96/100	Loss 5.0972 ± 0.0753
INFO:kbc-cli.py:Epoch 96/100	dev results	MRR 0.713899	H@1 0.572864	H@3 0.811558	H@5 0.914573	H@10 0.987437	H@20 1.000000	H@50 1.000000	H@100 1.000000
INFO:kbc-cli.py:Epoch 96/100	test results	MRR 0.722839	H@1 0.582090	H@3 0.833333	H@5 0.932836	H@10 0.992537	H@20 1.000000	H@50 1.000000	H@100 1.000000
INFO:kbc-cli.py:Epoch 97/100	Loss 5.0973 ± 0.0554
INFO:kbc-cli.py:Epoch 98/100	Loss 5.0975 ± 0.0594
INFO:kbc-cli.py:Epoch 99/100	Loss 5.0968 ± 0.0509
INFO:kbc-cli.py:Epoch 99/100	dev results	MRR 0.714704	H@1 0.572864	H@3 0.814070	H@5 0.914573	H@10 0.987437	H@20 1.000000	H@50 1.000000	H@100 1.000000
INFO:kbc-cli.py:Epoch 99/100	test results	MRR 0.721723	H@1 0.579602	H@3 0.840796	H@5 0.932836	H@10 0.992537	H@20 1.000000	H@50 1.000000	H@100 1.000000
INFO:kbc-cli.py:Epoch 100/100	Loss 5.0975 ± 0.0786
INFO:kbc-cli.py:Final 	dev results	MRR 0.713196	H@1 0.570352	H@3 0.814070	H@5 0.914573	H@10 0.987437	H@20 1.000000	H@50 1.000000	H@100 1.000000
INFO:kbc-cli.py:Final 	test results	MRR 0.725039	H@1 0.584577	H@3 0.845771	H@5 0.932836	H@10 0.992537	H@20 1.000000	H@50 1.000000	H@100 1.000000
INFO:kbc-cli.py:Training finished
