./bin/kbc-cli.py --train data/nations/train.tsv --dev data/nations/dev.tsv --test data/nations/test.tsv -m complex -k 100 -b 50 -e 100 --F2 0 --N3 0.0001 -l 0.1 -I reciprocal -V 3 -o adagrad -c spo -q
{'F2': 0.0,
 'N3': 0.0001,
 'batch_size': 50,
 'corruption': 'spo',
 'dev': 'data/nations/dev.tsv',
 'embedding_size': 100,
 'epochs': 100,
 'eval_batch_size': None,
 'input_type': 'reciprocal',
 'learning_rate': 0.1,
 'load': None,
 'model': 'complex',
 'optimizer': 'adagrad',
 'quiet': True,
 'save': None,
 'seed': 0,
 'test': 'data/nations/test.tsv',
 'test_i': None,
 'test_ii': None,
 'train': 'data/nations/train.tsv',
 'validate_every': 3}
INFO:kbc-cli.py:Device: cuda
INFO:kbc-cli.py:Model state:
INFO:kbc-cli.py:	entities.weight	torch.Size([14, 200])
INFO:kbc-cli.py:	predicates.weight	torch.Size([110, 200])
INFO:kbc-cli.py:Epoch 1/100	Loss 9.5809 ± 0.3793
INFO:kbc-cli.py:Epoch 2/100	Loss 8.3837 ± 0.2091
INFO:kbc-cli.py:Epoch 3/100	Loss 7.8424 ± 0.2457
INFO:kbc-cli.py:Epoch 3/100	dev results	MRR 0.760884	H@1 0.635678	H@3 0.871859	H@5 0.939698	H@10 0.989950	H@20 1.000000	H@50 1.000000	H@100 1.000000
INFO:kbc-cli.py:Epoch 3/100	test results	MRR 0.790486	H@1 0.671642	H@3 0.898010	H@5 0.970149	H@10 1.000000	H@20 1.000000	H@50 1.000000	H@100 1.000000
INFO:kbc-cli.py:Epoch 4/100	Loss 7.5045 ± 0.2700
INFO:kbc-cli.py:Epoch 5/100	Loss 7.2789 ± 0.3144
INFO:kbc-cli.py:Epoch 6/100	Loss 7.1162 ± 0.3102
INFO:kbc-cli.py:Epoch 6/100	dev results	MRR 0.775287	H@1 0.653266	H@3 0.871859	H@5 0.952261	H@10 0.989950	H@20 1.000000	H@50 1.000000	H@100 1.000000
INFO:kbc-cli.py:Epoch 6/100	test results	MRR 0.797671	H@1 0.674129	H@3 0.912935	H@5 0.955224	H@10 0.997512	H@20 1.000000	H@50 1.000000	H@100 1.000000
INFO:kbc-cli.py:Epoch 7/100	Loss 7.0054 ± 0.2676
INFO:kbc-cli.py:Epoch 8/100	Loss 6.9222 ± 0.3034
INFO:kbc-cli.py:Epoch 9/100	Loss 6.8551 ± 0.3089
INFO:kbc-cli.py:Epoch 9/100	dev results	MRR 0.779781	H@1 0.658291	H@3 0.879397	H@5 0.947236	H@10 0.992462	H@20 1.000000	H@50 1.000000	H@100 1.000000
INFO:kbc-cli.py:Epoch 9/100	test results	MRR 0.799417	H@1 0.681592	H@3 0.907960	H@5 0.950249	H@10 1.000000	H@20 1.000000	H@50 1.000000	H@100 1.000000
INFO:kbc-cli.py:Epoch 10/100	Loss 6.8022 ± 0.2697
INFO:kbc-cli.py:Epoch 11/100	Loss 6.7573 ± 0.2507
INFO:kbc-cli.py:Epoch 12/100	Loss 6.7225 ± 0.2806
INFO:kbc-cli.py:Epoch 12/100	dev results	MRR 0.784940	H@1 0.665829	H@3 0.879397	H@5 0.954774	H@10 0.992462	H@20 1.000000	H@50 1.000000	H@100 1.000000
INFO:kbc-cli.py:Epoch 12/100	test results	MRR 0.797395	H@1 0.679104	H@3 0.910448	H@5 0.960199	H@10 1.000000	H@20 1.000000	H@50 1.000000	H@100 1.000000
INFO:kbc-cli.py:Epoch 13/100	Loss 6.6908 ± 0.2467
INFO:kbc-cli.py:Epoch 14/100	Loss 6.6633 ± 0.2636
INFO:kbc-cli.py:Epoch 15/100	Loss 6.6372 ± 0.2505
INFO:kbc-cli.py:Epoch 15/100	dev results	MRR 0.780055	H@1 0.658291	H@3 0.874372	H@5 0.952261	H@10 0.994975	H@20 1.000000	H@50 1.000000	H@100 1.000000
INFO:kbc-cli.py:Epoch 15/100	test results	MRR 0.794849	H@1 0.674129	H@3 0.907960	H@5 0.960199	H@10 1.000000	H@20 1.000000	H@50 1.000000	H@100 1.000000
INFO:kbc-cli.py:Epoch 16/100	Loss 6.6202 ± 0.2750
INFO:kbc-cli.py:Epoch 17/100	Loss 6.5979 ± 0.2564
INFO:kbc-cli.py:Epoch 18/100	Loss 6.5805 ± 0.2297
INFO:kbc-cli.py:Epoch 18/100	dev results	MRR 0.784136	H@1 0.663317	H@3 0.876884	H@5 0.952261	H@10 0.992462	H@20 1.000000	H@50 1.000000	H@100 1.000000
INFO:kbc-cli.py:Epoch 18/100	test results	MRR 0.793215	H@1 0.671642	H@3 0.905473	H@5 0.962687	H@10 1.000000	H@20 1.000000	H@50 1.000000	H@100 1.000000
INFO:kbc-cli.py:Epoch 19/100	Loss 6.5671 ± 0.2068
INFO:kbc-cli.py:Epoch 20/100	Loss 6.5526 ± 0.2536
INFO:kbc-cli.py:Epoch 21/100	Loss 6.5414 ± 0.2567
INFO:kbc-cli.py:Epoch 21/100	dev results	MRR 0.781563	H@1 0.658291	H@3 0.876884	H@5 0.949749	H@10 0.994975	H@20 1.000000	H@50 1.000000	H@100 1.000000
INFO:kbc-cli.py:Epoch 21/100	test results	MRR 0.788961	H@1 0.669154	H@3 0.902985	H@5 0.960199	H@10 1.000000	H@20 1.000000	H@50 1.000000	H@100 1.000000
INFO:kbc-cli.py:Epoch 22/100	Loss 6.5279 ± 0.2016
INFO:kbc-cli.py:Epoch 23/100	Loss 6.5139 ± 0.2425
INFO:kbc-cli.py:Epoch 24/100	Loss 6.5089 ± 0.2231
INFO:kbc-cli.py:Epoch 24/100	dev results	MRR 0.782735	H@1 0.660804	H@3 0.869347	H@5 0.952261	H@10 0.994975	H@20 1.000000	H@50 1.000000	H@100 1.000000
INFO:kbc-cli.py:Epoch 24/100	test results	MRR 0.792112	H@1 0.671642	H@3 0.907960	H@5 0.955224	H@10 1.000000	H@20 1.000000	H@50 1.000000	H@100 1.000000
INFO:kbc-cli.py:Epoch 25/100	Loss 6.4945 ± 0.1825
INFO:kbc-cli.py:Epoch 26/100	Loss 6.4867 ± 0.2114
INFO:kbc-cli.py:Epoch 27/100	Loss 6.4812 ± 0.2169
INFO:kbc-cli.py:Epoch 27/100	dev results	MRR 0.783759	H@1 0.663317	H@3 0.871859	H@5 0.952261	H@10 0.992462	H@20 1.000000	H@50 1.000000	H@100 1.000000
INFO:kbc-cli.py:Epoch 27/100	test results	MRR 0.792070	H@1 0.674129	H@3 0.905473	H@5 0.960199	H@10 1.000000	H@20 1.000000	H@50 1.000000	H@100 1.000000
INFO:kbc-cli.py:Epoch 28/100	Loss 6.4716 ± 0.1925
INFO:kbc-cli.py:Epoch 29/100	Loss 6.4654 ± 0.2123
INFO:kbc-cli.py:Epoch 30/100	Loss 6.4577 ± 0.2235
INFO:kbc-cli.py:Epoch 30/100	dev results	MRR 0.776915	H@1 0.650754	H@3 0.869347	H@5 0.952261	H@10 0.992462	H@20 1.000000	H@50 1.000000	H@100 1.000000
INFO:kbc-cli.py:Epoch 30/100	test results	MRR 0.784999	H@1 0.661692	H@3 0.900498	H@5 0.957711	H@10 1.000000	H@20 1.000000	H@50 1.000000	H@100 1.000000
INFO:kbc-cli.py:Epoch 31/100	Loss 6.4529 ± 0.2411
INFO:kbc-cli.py:Epoch 32/100	Loss 6.4456 ± 0.2078
INFO:kbc-cli.py:Epoch 33/100	Loss 6.4406 ± 0.2131
INFO:kbc-cli.py:Epoch 33/100	dev results	MRR 0.778315	H@1 0.653266	H@3 0.869347	H@5 0.949749	H@10 0.992462	H@20 1.000000	H@50 1.000000	H@100 1.000000
INFO:kbc-cli.py:Epoch 33/100	test results	MRR 0.790026	H@1 0.671642	H@3 0.902985	H@5 0.955224	H@10 1.000000	H@20 1.000000	H@50 1.000000	H@100 1.000000
INFO:kbc-cli.py:Epoch 34/100	Loss 6.4357 ± 0.2442
INFO:kbc-cli.py:Epoch 35/100	Loss 6.4260 ± 0.1913
INFO:kbc-cli.py:Epoch 36/100	Loss 6.4254 ± 0.2006
INFO:kbc-cli.py:Epoch 36/100	dev results	MRR 0.777376	H@1 0.653266	H@3 0.874372	H@5 0.952261	H@10 0.992462	H@20 1.000000	H@50 1.000000	H@100 1.000000
INFO:kbc-cli.py:Epoch 36/100	test results	MRR 0.793263	H@1 0.679104	H@3 0.895522	H@5 0.957711	H@10 1.000000	H@20 1.000000	H@50 1.000000	H@100 1.000000
INFO:kbc-cli.py:Epoch 37/100	Loss 6.4150 ± 0.2172
INFO:kbc-cli.py:Epoch 38/100	Loss 6.4154 ± 0.2022
INFO:kbc-cli.py:Epoch 39/100	Loss 6.4122 ± 0.2168
INFO:kbc-cli.py:Epoch 39/100	dev results	MRR 0.774761	H@1 0.648241	H@3 0.874372	H@5 0.952261	H@10 0.994975	H@20 1.000000	H@50 1.000000	H@100 1.000000
INFO:kbc-cli.py:Epoch 39/100	test results	MRR 0.788060	H@1 0.669154	H@3 0.898010	H@5 0.960199	H@10 1.000000	H@20 1.000000	H@50 1.000000	H@100 1.000000
INFO:kbc-cli.py:Epoch 40/100	Loss 6.4065 ± 0.2214
INFO:kbc-cli.py:Epoch 41/100	Loss 6.4009 ± 0.1950
INFO:kbc-cli.py:Epoch 42/100	Loss 6.3986 ± 0.2109
INFO:kbc-cli.py:Epoch 42/100	dev results	MRR 0.775245	H@1 0.650754	H@3 0.869347	H@5 0.952261	H@10 0.994975	H@20 1.000000	H@50 1.000000	H@100 1.000000
INFO:kbc-cli.py:Epoch 42/100	test results	MRR 0.782176	H@1 0.656716	H@3 0.898010	H@5 0.955224	H@10 1.000000	H@20 1.000000	H@50 1.000000	H@100 1.000000
INFO:kbc-cli.py:Epoch 43/100	Loss 6.3962 ± 0.2239
INFO:kbc-cli.py:Epoch 44/100	Loss 6.3920 ± 0.1793
INFO:kbc-cli.py:Epoch 45/100	Loss 6.3863 ± 0.2133
INFO:kbc-cli.py:Epoch 45/100	dev results	MRR 0.777339	H@1 0.653266	H@3 0.874372	H@5 0.952261	H@10 0.994975	H@20 1.000000	H@50 1.000000	H@100 1.000000
INFO:kbc-cli.py:Epoch 45/100	test results	MRR 0.782985	H@1 0.659204	H@3 0.898010	H@5 0.957711	H@10 1.000000	H@20 1.000000	H@50 1.000000	H@100 1.000000
INFO:kbc-cli.py:Epoch 46/100	Loss 6.3846 ± 0.2005
INFO:kbc-cli.py:Epoch 47/100	Loss 6.3821 ± 0.1882
INFO:kbc-cli.py:Epoch 48/100	Loss 6.3777 ± 0.1996
INFO:kbc-cli.py:Epoch 48/100	dev results	MRR 0.776376	H@1 0.650754	H@3 0.874372	H@5 0.952261	H@10 0.994975	H@20 1.000000	H@50 1.000000	H@100 1.000000
INFO:kbc-cli.py:Epoch 48/100	test results	MRR 0.784851	H@1 0.661692	H@3 0.900498	H@5 0.957711	H@10 1.000000	H@20 1.000000	H@50 1.000000	H@100 1.000000
INFO:kbc-cli.py:Epoch 49/100	Loss 6.3743 ± 0.2178
INFO:kbc-cli.py:Epoch 50/100	Loss 6.3731 ± 0.1811
INFO:kbc-cli.py:Epoch 51/100	Loss 6.3703 ± 0.1946
INFO:kbc-cli.py:Epoch 51/100	dev results	MRR 0.778079	H@1 0.653266	H@3 0.874372	H@5 0.952261	H@10 0.994975	H@20 1.000000	H@50 1.000000	H@100 1.000000
INFO:kbc-cli.py:Epoch 51/100	test results	MRR 0.785561	H@1 0.664179	H@3 0.898010	H@5 0.957711	H@10 1.000000	H@20 1.000000	H@50 1.000000	H@100 1.000000
INFO:kbc-cli.py:Epoch 52/100	Loss 6.3664 ± 0.2163
INFO:kbc-cli.py:Epoch 53/100	Loss 6.3639 ± 0.2104
INFO:kbc-cli.py:Epoch 54/100	Loss 6.3626 ± 0.2475
INFO:kbc-cli.py:Epoch 54/100	dev results	MRR 0.776404	H@1 0.650754	H@3 0.874372	H@5 0.952261	H@10 0.994975	H@20 1.000000	H@50 1.000000	H@100 1.000000
INFO:kbc-cli.py:Epoch 54/100	test results	MRR 0.784415	H@1 0.661692	H@3 0.898010	H@5 0.960199	H@10 1.000000	H@20 1.000000	H@50 1.000000	H@100 1.000000
INFO:kbc-cli.py:Epoch 55/100	Loss 6.3604 ± 0.2294
INFO:kbc-cli.py:Epoch 56/100	Loss 6.3556 ± 0.1928
INFO:kbc-cli.py:Epoch 57/100	Loss 6.3538 ± 0.1740
INFO:kbc-cli.py:Epoch 57/100	dev results	MRR 0.777744	H@1 0.653266	H@3 0.876884	H@5 0.952261	H@10 0.994975	H@20 1.000000	H@50 1.000000	H@100 1.000000
INFO:kbc-cli.py:Epoch 57/100	test results	MRR 0.781703	H@1 0.656716	H@3 0.898010	H@5 0.955224	H@10 1.000000	H@20 1.000000	H@50 1.000000	H@100 1.000000
INFO:kbc-cli.py:Epoch 58/100	Loss 6.3531 ± 0.1668
INFO:kbc-cli.py:Epoch 59/100	Loss 6.3485 ± 0.1696
INFO:kbc-cli.py:Epoch 60/100	Loss 6.3465 ± 0.1668
INFO:kbc-cli.py:Epoch 60/100	dev results	MRR 0.776823	H@1 0.650754	H@3 0.874372	H@5 0.952261	H@10 0.994975	H@20 1.000000	H@50 1.000000	H@100 1.000000
INFO:kbc-cli.py:Epoch 60/100	test results	MRR 0.781125	H@1 0.654229	H@3 0.900498	H@5 0.955224	H@10 1.000000	H@20 1.000000	H@50 1.000000	H@100 1.000000
INFO:kbc-cli.py:Epoch 61/100	Loss 6.3479 ± 0.1944
INFO:kbc-cli.py:Epoch 62/100	Loss 6.3450 ± 0.1995
INFO:kbc-cli.py:Epoch 63/100	Loss 6.3415 ± 0.1863
INFO:kbc-cli.py:Epoch 63/100	dev results	MRR 0.777144	H@1 0.650754	H@3 0.874372	H@5 0.952261	H@10 0.994975	H@20 1.000000	H@50 1.000000	H@100 1.000000
INFO:kbc-cli.py:Epoch 63/100	test results	MRR 0.780839	H@1 0.654229	H@3 0.898010	H@5 0.955224	H@10 1.000000	H@20 1.000000	H@50 1.000000	H@100 1.000000
INFO:kbc-cli.py:Epoch 64/100	Loss 6.3389 ± 0.2133
INFO:kbc-cli.py:Epoch 65/100	Loss 6.3371 ± 0.2150
INFO:kbc-cli.py:Epoch 66/100	Loss 6.3357 ± 0.1916
INFO:kbc-cli.py:Epoch 66/100	dev results	MRR 0.774813	H@1 0.645729	H@3 0.876884	H@5 0.952261	H@10 0.994975	H@20 1.000000	H@50 1.000000	H@100 1.000000
INFO:kbc-cli.py:Epoch 66/100	test results	MRR 0.782576	H@1 0.656716	H@3 0.898010	H@5 0.955224	H@10 1.000000	H@20 1.000000	H@50 1.000000	H@100 1.000000
INFO:kbc-cli.py:Epoch 67/100	Loss 6.3339 ± 0.1784
INFO:kbc-cli.py:Epoch 68/100	Loss 6.3315 ± 0.1903
INFO:kbc-cli.py:Epoch 69/100	Loss 6.3296 ± 0.1833
INFO:kbc-cli.py:Epoch 69/100	dev results	MRR 0.775469	H@1 0.648241	H@3 0.874372	H@5 0.952261	H@10 0.994975	H@20 1.000000	H@50 1.000000	H@100 1.000000
INFO:kbc-cli.py:Epoch 69/100	test results	MRR 0.783513	H@1 0.659204	H@3 0.898010	H@5 0.957711	H@10 1.000000	H@20 1.000000	H@50 1.000000	H@100 1.000000
INFO:kbc-cli.py:Epoch 70/100	Loss 6.3283 ± 0.1458
INFO:kbc-cli.py:Epoch 71/100	Loss 6.3262 ± 0.1730
INFO:kbc-cli.py:Epoch 72/100	Loss 6.3247 ± 0.2168
INFO:kbc-cli.py:Epoch 72/100	dev results	MRR 0.775469	H@1 0.648241	H@3 0.874372	H@5 0.952261	H@10 0.994975	H@20 1.000000	H@50 1.000000	H@100 1.000000
INFO:kbc-cli.py:Epoch 72/100	test results	MRR 0.784778	H@1 0.661692	H@3 0.895522	H@5 0.955224	H@10 1.000000	H@20 1.000000	H@50 1.000000	H@100 1.000000
INFO:kbc-cli.py:Epoch 73/100	Loss 6.3226 ± 0.1700
INFO:kbc-cli.py:Epoch 74/100	Loss 6.3214 ± 0.1775
INFO:kbc-cli.py:Epoch 75/100	Loss 6.3218 ± 0.1741
INFO:kbc-cli.py:Epoch 75/100	dev results	MRR 0.776934	H@1 0.650754	H@3 0.876884	H@5 0.952261	H@10 0.994975	H@20 1.000000	H@50 1.000000	H@100 1.000000
INFO:kbc-cli.py:Epoch 75/100	test results	MRR 0.783700	H@1 0.659204	H@3 0.900498	H@5 0.960199	H@10 1.000000	H@20 1.000000	H@50 1.000000	H@100 1.000000
INFO:kbc-cli.py:Epoch 76/100	Loss 6.3184 ± 0.1770
INFO:kbc-cli.py:Epoch 77/100	Loss 6.3176 ± 0.1942
INFO:kbc-cli.py:Epoch 78/100	Loss 6.3153 ± 0.1792
INFO:kbc-cli.py:Epoch 78/100	dev results	MRR 0.777353	H@1 0.650754	H@3 0.876884	H@5 0.952261	H@10 0.994975	H@20 1.000000	H@50 1.000000	H@100 1.000000
INFO:kbc-cli.py:Epoch 78/100	test results	MRR 0.782787	H@1 0.659204	H@3 0.895522	H@5 0.957711	H@10 1.000000	H@20 1.000000	H@50 1.000000	H@100 1.000000
INFO:kbc-cli.py:Epoch 79/100	Loss 6.3152 ± 0.1647
INFO:kbc-cli.py:Epoch 80/100	Loss 6.3146 ± 0.1767
INFO:kbc-cli.py:Epoch 81/100	Loss 6.3127 ± 0.1552
INFO:kbc-cli.py:Epoch 81/100	dev results	MRR 0.777723	H@1 0.650754	H@3 0.876884	H@5 0.949749	H@10 0.994975	H@20 1.000000	H@50 1.000000	H@100 1.000000
INFO:kbc-cli.py:Epoch 81/100	test results	MRR 0.782787	H@1 0.659204	H@3 0.895522	H@5 0.957711	H@10 1.000000	H@20 1.000000	H@50 1.000000	H@100 1.000000
INFO:kbc-cli.py:Epoch 82/100	Loss 6.3085 ± 0.1894
INFO:kbc-cli.py:Epoch 83/100	Loss 6.3088 ± 0.1547
INFO:kbc-cli.py:Epoch 84/100	Loss 6.3079 ± 0.2074
INFO:kbc-cli.py:Epoch 84/100	dev results	MRR 0.777688	H@1 0.650754	H@3 0.876884	H@5 0.949749	H@10 0.994975	H@20 1.000000	H@50 1.000000	H@100 1.000000
INFO:kbc-cli.py:Epoch 84/100	test results	MRR 0.781588	H@1 0.656716	H@3 0.895522	H@5 0.957711	H@10 1.000000	H@20 1.000000	H@50 1.000000	H@100 1.000000
INFO:kbc-cli.py:Epoch 85/100	Loss 6.3090 ± 0.2137
INFO:kbc-cli.py:Epoch 86/100	Loss 6.3051 ± 0.1692
INFO:kbc-cli.py:Epoch 87/100	Loss 6.3077 ± 0.1942
INFO:kbc-cli.py:Epoch 87/100	dev results	MRR 0.780284	H@1 0.655779	H@3 0.876884	H@5 0.952261	H@10 0.994975	H@20 1.000000	H@50 1.000000	H@100 1.000000
INFO:kbc-cli.py:Epoch 87/100	test results	MRR 0.784076	H@1 0.661692	H@3 0.895522	H@5 0.957711	H@10 1.000000	H@20 1.000000	H@50 1.000000	H@100 1.000000
INFO:kbc-cli.py:Epoch 88/100	Loss 6.3030 ± 0.1640
INFO:kbc-cli.py:Epoch 89/100	Loss 6.3003 ± 0.1986
INFO:kbc-cli.py:Epoch 90/100	Loss 6.2999 ± 0.1569
INFO:kbc-cli.py:Epoch 90/100	dev results	MRR 0.778609	H@1 0.653266	H@3 0.876884	H@5 0.952261	H@10 0.994975	H@20 1.000000	H@50 1.000000	H@100 1.000000
INFO:kbc-cli.py:Epoch 90/100	test results	MRR 0.784076	H@1 0.661692	H@3 0.895522	H@5 0.957711	H@10 1.000000	H@20 1.000000	H@50 1.000000	H@100 1.000000
INFO:kbc-cli.py:Epoch 91/100	Loss 6.2993 ± 0.1595
INFO:kbc-cli.py:Epoch 92/100	Loss 6.2980 ± 0.1748
INFO:kbc-cli.py:Epoch 93/100	Loss 6.2977 ± 0.2097
INFO:kbc-cli.py:Epoch 93/100	dev results	MRR 0.779447	H@1 0.653266	H@3 0.876884	H@5 0.952261	H@10 0.994975	H@20 1.000000	H@50 1.000000	H@100 1.000000
INFO:kbc-cli.py:Epoch 93/100	test results	MRR 0.781357	H@1 0.656716	H@3 0.893035	H@5 0.955224	H@10 1.000000	H@20 1.000000	H@50 1.000000	H@100 1.000000
INFO:kbc-cli.py:Epoch 94/100	Loss 6.2960 ± 0.1933
INFO:kbc-cli.py:Epoch 95/100	Loss 6.2971 ± 0.1900
INFO:kbc-cli.py:Epoch 96/100	Loss 6.2931 ± 0.1977
INFO:kbc-cli.py:Epoch 96/100	dev results	MRR 0.778944	H@1 0.653266	H@3 0.876884	H@5 0.949749	H@10 0.994975	H@20 1.000000	H@50 1.000000	H@100 1.000000
INFO:kbc-cli.py:Epoch 96/100	test results	MRR 0.782477	H@1 0.659204	H@3 0.895522	H@5 0.957711	H@10 1.000000	H@20 1.000000	H@50 1.000000	H@100 1.000000
INFO:kbc-cli.py:Epoch 97/100	Loss 6.2939 ± 0.1902
INFO:kbc-cli.py:Epoch 98/100	Loss 6.2932 ± 0.1627
INFO:kbc-cli.py:Epoch 99/100	Loss 6.2925 ± 0.2064
INFO:kbc-cli.py:Epoch 99/100	dev results	MRR 0.778651	H@1 0.653266	H@3 0.876884	H@5 0.949749	H@10 0.994975	H@20 1.000000	H@50 1.000000	H@100 1.000000
INFO:kbc-cli.py:Epoch 99/100	test results	MRR 0.783015	H@1 0.659204	H@3 0.898010	H@5 0.955224	H@10 1.000000	H@20 1.000000	H@50 1.000000	H@100 1.000000
INFO:kbc-cli.py:Epoch 100/100	Loss 6.2899 ± 0.1609
INFO:kbc-cli.py:Final 	dev results	MRR 0.779070	H@1 0.653266	H@3 0.876884	H@5 0.949749	H@10 0.994975	H@20 1.000000	H@50 1.000000	H@100 1.000000
INFO:kbc-cli.py:Final 	test results	MRR 0.783928	H@1 0.661692	H@3 0.893035	H@5 0.957711	H@10 1.000000	H@20 1.000000	H@50 1.000000	H@100 1.000000
INFO:kbc-cli.py:Training finished
