./bin/kbc-cli.py --train data/umls/train.tsv --dev data/umls/dev.tsv --test data/umls/test.tsv -m complex -k 500 -b 500 -e 100 --F2 0 --N3 0.05 -l 0.1 -I standard -V 3 -o adagrad -c spo -q
{'F2': 0.0,
 'N3': 0.05,
 'batch_size': 500,
 'corruption': 'spo',
 'dev': 'data/umls/dev.tsv',
 'embedding_size': 500,
 'epochs': 100,
 'eval_batch_size': None,
 'input_type': 'standard',
 'learning_rate': 0.1,
 'load': None,
 'model': 'complex',
 'optimizer': 'adagrad',
 'quiet': True,
 'save': None,
 'seed': 0,
 'test': 'data/umls/test.tsv',
 'test_i': None,
 'test_ii': None,
 'train': 'data/umls/train.tsv',
 'validate_every': 3}
INFO:kbc-cli.py:Device: cuda
INFO:kbc-cli.py:Model state:
INFO:kbc-cli.py:	entities.weight	torch.Size([135, 1000])
INFO:kbc-cli.py:	predicates.weight	torch.Size([46, 1000])
INFO:kbc-cli.py:Epoch 1/100	Loss 12.2324 ± 1.6014
INFO:kbc-cli.py:Epoch 2/100	Loss 9.0636 ± 0.0896
INFO:kbc-cli.py:Epoch 3/100	Loss 8.4399 ± 0.1232
INFO:kbc-cli.py:Epoch 3/100	dev results	MRR 0.890366	H@1 0.802147	H@3 0.973926	H@5 0.983896	H@10 0.993098	H@20 0.996933	H@50 0.998466	H@100 1.000000
INFO:kbc-cli.py:Epoch 3/100	test results	MRR 0.883548	H@1 0.788956	H@3 0.976551	H@5 0.987141	H@10 0.996218	H@20 0.996974	H@50 0.998487	H@100 0.999244
INFO:kbc-cli.py:Epoch 4/100	Loss 8.2295 ± 0.1578
INFO:kbc-cli.py:Epoch 5/100	Loss 8.1346 ± 0.1306
INFO:kbc-cli.py:Epoch 6/100	Loss 8.0653 ± 0.1304
INFO:kbc-cli.py:Epoch 6/100	dev results	MRR 0.874207	H@1 0.763804	H@3 0.980828	H@5 0.990798	H@10 0.993865	H@20 0.996933	H@50 0.998466	H@100 1.000000
INFO:kbc-cli.py:Epoch 6/100	test results	MRR 0.868563	H@1 0.751891	H@3 0.983359	H@5 0.992436	H@10 0.996974	H@20 0.998487	H@50 0.998487	H@100 0.999244
INFO:kbc-cli.py:Epoch 7/100	Loss 8.0209 ± 0.1168
INFO:kbc-cli.py:Epoch 8/100	Loss 7.9896 ± 0.1343
INFO:kbc-cli.py:Epoch 9/100	Loss 7.9473 ± 0.1689
INFO:kbc-cli.py:Epoch 9/100	dev results	MRR 0.891841	H@1 0.797546	H@3 0.982362	H@5 0.990031	H@10 0.994632	H@20 0.996166	H@50 1.000000	H@100 1.000000
INFO:kbc-cli.py:Epoch 9/100	test results	MRR 0.898029	H@1 0.809380	H@3 0.984115	H@5 0.993192	H@10 0.997731	H@20 0.997731	H@50 0.998487	H@100 0.999244
INFO:kbc-cli.py:Epoch 10/100	Loss 7.9397 ± 0.1054
INFO:kbc-cli.py:Epoch 11/100	Loss 7.9251 ± 0.1072
INFO:kbc-cli.py:Epoch 12/100	Loss 7.9036 ± 0.1337
INFO:kbc-cli.py:Epoch 12/100	dev results	MRR 0.899300	H@1 0.811350	H@3 0.984663	H@5 0.991564	H@10 0.995399	H@20 0.997699	H@50 1.000000	H@100 1.000000
INFO:kbc-cli.py:Epoch 12/100	test results	MRR 0.899254	H@1 0.811649	H@3 0.985628	H@5 0.993192	H@10 0.997731	H@20 0.997731	H@50 0.998487	H@100 0.999244
INFO:kbc-cli.py:Epoch 13/100	Loss 7.8911 ± 0.0926
INFO:kbc-cli.py:Epoch 14/100	Loss 7.8772 ± 0.0800
INFO:kbc-cli.py:Epoch 15/100	Loss 7.8664 ± 0.1200
INFO:kbc-cli.py:Epoch 15/100	dev results	MRR 0.922555	H@1 0.858129	H@3 0.984663	H@5 0.990031	H@10 0.996166	H@20 0.998466	H@50 1.000000	H@100 1.000000
INFO:kbc-cli.py:Epoch 15/100	test results	MRR 0.915800	H@1 0.844175	H@3 0.985628	H@5 0.993192	H@10 0.997731	H@20 0.997731	H@50 0.998487	H@100 0.999244
INFO:kbc-cli.py:Epoch 16/100	Loss 7.8577 ± 0.0889
INFO:kbc-cli.py:Epoch 17/100	Loss 7.8400 ± 0.0622
INFO:kbc-cli.py:Epoch 18/100	Loss 7.8346 ± 0.1120
INFO:kbc-cli.py:Epoch 18/100	dev results	MRR 0.897657	H@1 0.809049	H@3 0.982362	H@5 0.990031	H@10 0.995399	H@20 0.998466	H@50 1.000000	H@100 1.000000
INFO:kbc-cli.py:Epoch 18/100	test results	MRR 0.896175	H@1 0.805598	H@3 0.981846	H@5 0.992436	H@10 0.997731	H@20 0.997731	H@50 0.998487	H@100 1.000000
INFO:kbc-cli.py:Epoch 19/100	Loss 7.8338 ± 0.0838
INFO:kbc-cli.py:Epoch 20/100	Loss 7.8222 ± 0.1357
INFO:kbc-cli.py:Epoch 21/100	Loss 7.8193 ± 0.1156
INFO:kbc-cli.py:Epoch 21/100	dev results	MRR 0.907561	H@1 0.827454	H@3 0.983896	H@5 0.993098	H@10 0.995399	H@20 0.998466	H@50 1.000000	H@100 1.000000
INFO:kbc-cli.py:Epoch 21/100	test results	MRR 0.907646	H@1 0.826778	H@3 0.987897	H@5 0.994705	H@10 0.997731	H@20 0.997731	H@50 0.998487	H@100 1.000000
INFO:kbc-cli.py:Epoch 22/100	Loss 7.8040 ± 0.0898
INFO:kbc-cli.py:Epoch 23/100	Loss 7.8004 ± 0.0840
INFO:kbc-cli.py:Epoch 24/100	Loss 7.8067 ± 0.1071
INFO:kbc-cli.py:Epoch 24/100	dev results	MRR 0.902280	H@1 0.817485	H@3 0.986196	H@5 0.990031	H@10 0.996933	H@20 0.998466	H@50 1.000000	H@100 1.000000
INFO:kbc-cli.py:Epoch 24/100	test results	MRR 0.900559	H@1 0.812405	H@3 0.987897	H@5 0.992436	H@10 0.997731	H@20 0.997731	H@50 0.998487	H@100 1.000000
INFO:kbc-cli.py:Epoch 25/100	Loss 7.7960 ± 0.0917
INFO:kbc-cli.py:Epoch 26/100	Loss 7.7789 ± 0.1161
INFO:kbc-cli.py:Epoch 27/100	Loss 7.7927 ± 0.1138
INFO:kbc-cli.py:Epoch 27/100	dev results	MRR 0.909089	H@1 0.830521	H@3 0.986963	H@5 0.991564	H@10 0.996166	H@20 0.998466	H@50 1.000000	H@100 1.000000
INFO:kbc-cli.py:Epoch 27/100	test results	MRR 0.912066	H@1 0.836611	H@3 0.985628	H@5 0.992436	H@10 0.997731	H@20 0.997731	H@50 0.998487	H@100 1.000000
INFO:kbc-cli.py:Epoch 28/100	Loss 7.7807 ± 0.1075
INFO:kbc-cli.py:Epoch 29/100	Loss 7.7820 ± 0.1145
INFO:kbc-cli.py:Epoch 30/100	Loss 7.7795 ± 0.1120
INFO:kbc-cli.py:Epoch 30/100	dev results	MRR 0.928183	H@1 0.868865	H@3 0.985429	H@5 0.992331	H@10 0.996933	H@20 0.998466	H@50 1.000000	H@100 1.000000
INFO:kbc-cli.py:Epoch 30/100	test results	MRR 0.925190	H@1 0.863843	H@3 0.985628	H@5 0.991679	H@10 0.997731	H@20 0.997731	H@50 0.998487	H@100 1.000000
INFO:kbc-cli.py:Epoch 31/100	Loss 7.7749 ± 0.0913
INFO:kbc-cli.py:Epoch 32/100	Loss 7.7688 ± 0.0935
INFO:kbc-cli.py:Epoch 33/100	Loss 7.7579 ± 0.0826
INFO:kbc-cli.py:Epoch 33/100	dev results	MRR 0.922797	H@1 0.858129	H@3 0.986196	H@5 0.990798	H@10 0.996166	H@20 0.998466	H@50 1.000000	H@100 1.000000
INFO:kbc-cli.py:Epoch 33/100	test results	MRR 0.921880	H@1 0.855522	H@3 0.987897	H@5 0.993192	H@10 0.997731	H@20 0.997731	H@50 0.998487	H@100 1.000000
INFO:kbc-cli.py:Epoch 34/100	Loss 7.7540 ± 0.0594
INFO:kbc-cli.py:Epoch 35/100	Loss 7.7602 ± 0.0999
INFO:kbc-cli.py:Epoch 36/100	Loss 7.7534 ± 0.0891
INFO:kbc-cli.py:Epoch 36/100	dev results	MRR 0.909092	H@1 0.830521	H@3 0.986196	H@5 0.990798	H@10 0.996166	H@20 0.998466	H@50 1.000000	H@100 1.000000
INFO:kbc-cli.py:Epoch 36/100	test results	MRR 0.916103	H@1 0.844175	H@3 0.987141	H@5 0.993192	H@10 0.997731	H@20 0.997731	H@50 0.998487	H@100 1.000000
INFO:kbc-cli.py:Epoch 37/100	Loss 7.7504 ± 0.0687
INFO:kbc-cli.py:Epoch 38/100	Loss 7.7497 ± 0.0992
INFO:kbc-cli.py:Epoch 39/100	Loss 7.7487 ± 0.1319
INFO:kbc-cli.py:Epoch 39/100	dev results	MRR 0.930495	H@1 0.873466	H@3 0.986196	H@5 0.990798	H@10 0.996933	H@20 0.998466	H@50 1.000000	H@100 1.000000
INFO:kbc-cli.py:Epoch 39/100	test results	MRR 0.930296	H@1 0.872163	H@3 0.988654	H@5 0.993949	H@10 0.997731	H@20 0.997731	H@50 0.998487	H@100 1.000000
INFO:kbc-cli.py:Epoch 40/100	Loss 7.7402 ± 0.0819
INFO:kbc-cli.py:Epoch 41/100	Loss 7.7261 ± 0.0981
INFO:kbc-cli.py:Epoch 42/100	Loss 7.7448 ± 0.0912
INFO:kbc-cli.py:Epoch 42/100	dev results	MRR 0.934393	H@1 0.880368	H@3 0.986963	H@5 0.990031	H@10 0.996933	H@20 0.998466	H@50 1.000000	H@100 1.000000
INFO:kbc-cli.py:Epoch 42/100	test results	MRR 0.932598	H@1 0.876702	H@3 0.987141	H@5 0.993949	H@10 0.997731	H@20 0.997731	H@50 0.998487	H@100 1.000000
INFO:kbc-cli.py:Epoch 43/100	Loss 7.7527 ± 0.1435
INFO:kbc-cli.py:Epoch 44/100	Loss 7.7324 ± 0.0910
INFO:kbc-cli.py:Epoch 45/100	Loss 7.7392 ± 0.1019
INFO:kbc-cli.py:Epoch 45/100	dev results	MRR 0.928860	H@1 0.868865	H@3 0.986963	H@5 0.991564	H@10 0.996166	H@20 0.998466	H@50 1.000000	H@100 1.000000
INFO:kbc-cli.py:Epoch 45/100	test results	MRR 0.932784	H@1 0.875946	H@3 0.988654	H@5 0.994705	H@10 0.997731	H@20 0.997731	H@50 0.998487	H@100 1.000000
INFO:kbc-cli.py:Epoch 46/100	Loss 7.7307 ± 0.0623
INFO:kbc-cli.py:Epoch 47/100	Loss 7.7327 ± 0.1197
INFO:kbc-cli.py:Epoch 48/100	Loss 7.7200 ± 0.1014
INFO:kbc-cli.py:Epoch 48/100	dev results	MRR 0.925523	H@1 0.863497	H@3 0.986963	H@5 0.991564	H@10 0.996166	H@20 0.998466	H@50 1.000000	H@100 1.000000
INFO:kbc-cli.py:Epoch 48/100	test results	MRR 0.931137	H@1 0.873676	H@3 0.986384	H@5 0.994705	H@10 0.997731	H@20 0.997731	H@50 0.998487	H@100 1.000000
INFO:kbc-cli.py:Epoch 49/100	Loss 7.7267 ± 0.0908
INFO:kbc-cli.py:Epoch 50/100	Loss 7.7243 ± 0.0959
INFO:kbc-cli.py:Epoch 51/100	Loss 7.7210 ± 0.0873
INFO:kbc-cli.py:Epoch 51/100	dev results	MRR 0.932575	H@1 0.876534	H@3 0.986196	H@5 0.992331	H@10 0.996933	H@20 0.998466	H@50 1.000000	H@100 1.000000
INFO:kbc-cli.py:Epoch 51/100	test results	MRR 0.934665	H@1 0.881997	H@3 0.985628	H@5 0.993949	H@10 0.997731	H@20 0.997731	H@50 0.998487	H@100 1.000000
INFO:kbc-cli.py:Epoch 52/100	Loss 7.7205 ± 0.0955
INFO:kbc-cli.py:Epoch 53/100	Loss 7.7188 ± 0.0777
INFO:kbc-cli.py:Epoch 54/100	Loss 7.7243 ± 0.1216
INFO:kbc-cli.py:Epoch 54/100	dev results	MRR 0.929923	H@1 0.871166	H@3 0.986963	H@5 0.991564	H@10 0.996933	H@20 0.998466	H@50 1.000000	H@100 1.000000
INFO:kbc-cli.py:Epoch 54/100	test results	MRR 0.931816	H@1 0.874433	H@3 0.990166	H@5 0.993949	H@10 0.997731	H@20 0.997731	H@50 0.998487	H@100 1.000000
INFO:kbc-cli.py:Epoch 55/100	Loss 7.7129 ± 0.0940
INFO:kbc-cli.py:Epoch 56/100	Loss 7.7197 ± 0.1255
INFO:kbc-cli.py:Epoch 57/100	Loss 7.7070 ± 0.0776
INFO:kbc-cli.py:Epoch 57/100	dev results	MRR 0.932160	H@1 0.876534	H@3 0.986963	H@5 0.990031	H@10 0.996166	H@20 0.998466	H@50 1.000000	H@100 1.000000
INFO:kbc-cli.py:Epoch 57/100	test results	MRR 0.932311	H@1 0.876702	H@3 0.987141	H@5 0.991679	H@10 0.997731	H@20 0.997731	H@50 0.998487	H@100 1.000000
INFO:kbc-cli.py:Epoch 58/100	Loss 7.7069 ± 0.0831
INFO:kbc-cli.py:Epoch 59/100	Loss 7.7000 ± 0.0769
INFO:kbc-cli.py:Epoch 60/100	Loss 7.7114 ± 0.0938
INFO:kbc-cli.py:Epoch 60/100	dev results	MRR 0.928687	H@1 0.868865	H@3 0.986196	H@5 0.991564	H@10 0.996933	H@20 0.998466	H@50 1.000000	H@100 1.000000
INFO:kbc-cli.py:Epoch 60/100	test results	MRR 0.933404	H@1 0.878215	H@3 0.987141	H@5 0.992436	H@10 0.997731	H@20 0.997731	H@50 0.998487	H@100 1.000000
INFO:kbc-cli.py:Epoch 61/100	Loss 7.7092 ± 0.0999
INFO:kbc-cli.py:Epoch 62/100	Loss 7.7051 ± 0.0793
INFO:kbc-cli.py:Epoch 63/100	Loss 7.7032 ± 0.0708
INFO:kbc-cli.py:Epoch 63/100	dev results	MRR 0.929752	H@1 0.872699	H@3 0.985429	H@5 0.990031	H@10 0.996166	H@20 0.998466	H@50 1.000000	H@100 1.000000
INFO:kbc-cli.py:Epoch 63/100	test results	MRR 0.928986	H@1 0.869138	H@3 0.987897	H@5 0.993949	H@10 0.997731	H@20 0.997731	H@50 0.998487	H@100 1.000000
INFO:kbc-cli.py:Epoch 64/100	Loss 7.6949 ± 0.0451
INFO:kbc-cli.py:Epoch 65/100	Loss 7.6994 ± 0.0829
INFO:kbc-cli.py:Epoch 66/100	Loss 7.6990 ± 0.0829
INFO:kbc-cli.py:Epoch 66/100	dev results	MRR 0.931470	H@1 0.875767	H@3 0.986963	H@5 0.990798	H@10 0.996166	H@20 0.998466	H@50 1.000000	H@100 1.000000
INFO:kbc-cli.py:Epoch 66/100	test results	MRR 0.930999	H@1 0.874433	H@3 0.986384	H@5 0.993192	H@10 0.997731	H@20 0.997731	H@50 0.998487	H@100 1.000000
INFO:kbc-cli.py:Epoch 67/100	Loss 7.7044 ± 0.1008
INFO:kbc-cli.py:Epoch 68/100	Loss 7.6972 ± 0.0685
INFO:kbc-cli.py:Epoch 69/100	Loss 7.6900 ± 0.0970
INFO:kbc-cli.py:Epoch 69/100	dev results	MRR 0.941823	H@1 0.895706	H@3 0.986196	H@5 0.990798	H@10 0.996166	H@20 0.998466	H@50 1.000000	H@100 1.000000
INFO:kbc-cli.py:Epoch 69/100	test results	MRR 0.936957	H@1 0.885023	H@3 0.988654	H@5 0.993949	H@10 0.997731	H@20 0.997731	H@50 0.998487	H@100 1.000000
INFO:kbc-cli.py:Epoch 70/100	Loss 7.6981 ± 0.0971
INFO:kbc-cli.py:Epoch 71/100	Loss 7.6957 ± 0.0899
INFO:kbc-cli.py:Epoch 72/100	Loss 7.6854 ± 0.0763
INFO:kbc-cli.py:Epoch 72/100	dev results	MRR 0.936770	H@1 0.885736	H@3 0.985429	H@5 0.990798	H@10 0.996166	H@20 0.999233	H@50 1.000000	H@100 1.000000
INFO:kbc-cli.py:Epoch 72/100	test results	MRR 0.934954	H@1 0.881997	H@3 0.986384	H@5 0.993192	H@10 0.997731	H@20 0.997731	H@50 0.999244	H@100 1.000000
INFO:kbc-cli.py:Epoch 73/100	Loss 7.6960 ± 0.1079
INFO:kbc-cli.py:Epoch 74/100	Loss 7.6821 ± 0.0785
INFO:kbc-cli.py:Epoch 75/100	Loss 7.6820 ± 0.0658
INFO:kbc-cli.py:Epoch 75/100	dev results	MRR 0.938154	H@1 0.888804	H@3 0.984663	H@5 0.991564	H@10 0.996166	H@20 0.999233	H@50 1.000000	H@100 1.000000
INFO:kbc-cli.py:Epoch 75/100	test results	MRR 0.937412	H@1 0.887292	H@3 0.985628	H@5 0.993192	H@10 0.997731	H@20 0.997731	H@50 0.999244	H@100 1.000000
INFO:kbc-cli.py:Epoch 76/100	Loss 7.6911 ± 0.0929
INFO:kbc-cli.py:Epoch 77/100	Loss 7.6821 ± 0.0886
INFO:kbc-cli.py:Epoch 78/100	Loss 7.6913 ± 0.0984
INFO:kbc-cli.py:Epoch 78/100	dev results	MRR 0.937271	H@1 0.887270	H@3 0.984663	H@5 0.991564	H@10 0.997699	H@20 0.999233	H@50 1.000000	H@100 1.000000
INFO:kbc-cli.py:Epoch 78/100	test results	MRR 0.938037	H@1 0.888048	H@3 0.987141	H@5 0.993949	H@10 0.997731	H@20 0.997731	H@50 0.999244	H@100 1.000000
INFO:kbc-cli.py:Epoch 79/100	Loss 7.6895 ± 0.0664
INFO:kbc-cli.py:Epoch 80/100	Loss 7.6822 ± 0.0519
INFO:kbc-cli.py:Epoch 81/100	Loss 7.6794 ± 0.0633
INFO:kbc-cli.py:Epoch 81/100	dev results	MRR 0.936275	H@1 0.883436	H@3 0.986963	H@5 0.990798	H@10 0.996933	H@20 0.998466	H@50 1.000000	H@100 1.000000
INFO:kbc-cli.py:Epoch 81/100	test results	MRR 0.940221	H@1 0.891074	H@3 0.987897	H@5 0.993949	H@10 0.997731	H@20 0.997731	H@50 0.999244	H@100 1.000000
INFO:kbc-cli.py:Epoch 82/100	Loss 7.6778 ± 0.0969
INFO:kbc-cli.py:Epoch 83/100	Loss 7.6822 ± 0.0796
INFO:kbc-cli.py:Epoch 84/100	Loss 7.6808 ± 0.0742
INFO:kbc-cli.py:Epoch 84/100	dev results	MRR 0.937649	H@1 0.887270	H@3 0.984663	H@5 0.990031	H@10 0.998466	H@20 0.999233	H@50 1.000000	H@100 1.000000
INFO:kbc-cli.py:Epoch 84/100	test results	MRR 0.935022	H@1 0.881997	H@3 0.987141	H@5 0.992436	H@10 0.997731	H@20 0.997731	H@50 0.999244	H@100 1.000000
INFO:kbc-cli.py:Epoch 85/100	Loss 7.6801 ± 0.1017
INFO:kbc-cli.py:Epoch 86/100	Loss 7.6773 ± 0.0519
INFO:kbc-cli.py:Epoch 87/100	Loss 7.6788 ± 0.1085
INFO:kbc-cli.py:Epoch 87/100	dev results	MRR 0.939361	H@1 0.891104	H@3 0.984663	H@5 0.990798	H@10 0.997699	H@20 0.999233	H@50 1.000000	H@100 1.000000
INFO:kbc-cli.py:Epoch 87/100	test results	MRR 0.939491	H@1 0.889561	H@3 0.988654	H@5 0.994705	H@10 0.997731	H@20 0.997731	H@50 0.999244	H@100 1.000000
INFO:kbc-cli.py:Epoch 88/100	Loss 7.6839 ± 0.0868
INFO:kbc-cli.py:Epoch 89/100	Loss 7.6806 ± 0.0899
INFO:kbc-cli.py:Epoch 90/100	Loss 7.6781 ± 0.0767
INFO:kbc-cli.py:Epoch 90/100	dev results	MRR 0.927316	H@1 0.867331	H@3 0.984663	H@5 0.990031	H@10 0.996933	H@20 0.999233	H@50 1.000000	H@100 1.000000
INFO:kbc-cli.py:Epoch 90/100	test results	MRR 0.929760	H@1 0.872163	H@3 0.985628	H@5 0.992436	H@10 0.997731	H@20 0.997731	H@50 0.999244	H@100 1.000000
INFO:kbc-cli.py:Epoch 91/100	Loss 7.6720 ± 0.0707
INFO:kbc-cli.py:Epoch 92/100	Loss 7.6688 ± 0.0688
INFO:kbc-cli.py:Epoch 93/100	Loss 7.6695 ± 0.1041
INFO:kbc-cli.py:Epoch 93/100	dev results	MRR 0.935439	H@1 0.882669	H@3 0.986196	H@5 0.990798	H@10 0.996933	H@20 0.999233	H@50 1.000000	H@100 1.000000
INFO:kbc-cli.py:Epoch 93/100	test results	MRR 0.931743	H@1 0.875946	H@3 0.985628	H@5 0.993192	H@10 0.997731	H@20 0.997731	H@50 0.999244	H@100 1.000000
INFO:kbc-cli.py:Epoch 94/100	Loss 7.6693 ± 0.0602
INFO:kbc-cli.py:Epoch 95/100	Loss 7.6667 ± 0.0875
INFO:kbc-cli.py:Epoch 96/100	Loss 7.6756 ± 0.1001
INFO:kbc-cli.py:Epoch 96/100	dev results	MRR 0.937295	H@1 0.885736	H@3 0.986963	H@5 0.991564	H@10 0.997699	H@20 0.999233	H@50 1.000000	H@100 1.000000
INFO:kbc-cli.py:Epoch 96/100	test results	MRR 0.939849	H@1 0.891831	H@3 0.987141	H@5 0.992436	H@10 0.997731	H@20 0.997731	H@50 0.999244	H@100 1.000000
INFO:kbc-cli.py:Epoch 97/100	Loss 7.6676 ± 0.0809
INFO:kbc-cli.py:Epoch 98/100	Loss 7.6820 ± 0.1164
INFO:kbc-cli.py:Epoch 99/100	Loss 7.6698 ± 0.0662
INFO:kbc-cli.py:Epoch 99/100	dev results	MRR 0.940205	H@1 0.892638	H@3 0.986196	H@5 0.991564	H@10 0.996933	H@20 0.999233	H@50 1.000000	H@100 1.000000
INFO:kbc-cli.py:Epoch 99/100	test results	MRR 0.937287	H@1 0.887292	H@3 0.984871	H@5 0.992436	H@10 0.997731	H@20 0.997731	H@50 0.999244	H@100 1.000000
INFO:kbc-cli.py:Epoch 100/100	Loss 7.6612 ± 0.1080
INFO:kbc-cli.py:Final 	dev results	MRR 0.947597	H@1 0.907209	H@3 0.985429	H@5 0.991564	H@10 0.996933	H@20 0.999233	H@50 1.000000	H@100 1.000000
INFO:kbc-cli.py:Final 	test results	MRR 0.942146	H@1 0.895613	H@3 0.986384	H@5 0.993192	H@10 0.997731	H@20 0.997731	H@50 0.999244	H@100 1.000000
INFO:kbc-cli.py:Training finished
