./bin/kbc-cli.py --train data/umls/train.tsv --dev data/umls/dev.tsv --test data/umls/test.tsv -m complex -k 1000 -b 10 -e 100 --F2 0 --N3 0.5 -l 0.1 -I standard -V 3 -o adagrad -c so -q
{'F2': 0.0,
 'N3': 0.5,
 'batch_size': 10,
 'corruption': 'so',
 'dev': 'data/umls/dev.tsv',
 'embedding_size': 1000,
 'epochs': 100,
 'eval_batch_size': None,
 'input_type': 'standard',
 'learning_rate': 0.1,
 'load': None,
 'model': 'complex',
 'optimizer': 'adagrad',
 'quiet': True,
 'save': None,
 'seed': 0,
 'test': 'data/umls/test.tsv',
 'test_i': None,
 'test_ii': None,
 'train': 'data/umls/train.tsv',
 'validate_every': 3}
INFO:kbc-cli.py:Device: cuda
INFO:kbc-cli.py:Model state:
INFO:kbc-cli.py:	entities.weight	torch.Size([135, 2000])
INFO:kbc-cli.py:	predicates.weight	torch.Size([46, 2000])
INFO:kbc-cli.py:Epoch 1/100	Loss 11.0447 ± 2.2985
INFO:kbc-cli.py:Epoch 2/100	Loss 10.0098 ± 0.5822
INFO:kbc-cli.py:Epoch 3/100	Loss 9.9214 ± 0.3560
INFO:kbc-cli.py:Epoch 3/100	dev results	MRR 0.108396	H@1 0.036043	H@3 0.083589	H@5 0.098160	H@10 0.332055	H@20 0.516871	H@50 0.774540	H@100 0.960123
INFO:kbc-cli.py:Epoch 3/100	test results	MRR 0.106603	H@1 0.037065	H@3 0.068835	H@5 0.080938	H@10 0.344175	H@20 0.540847	H@50 0.810136	H@100 0.969743
INFO:kbc-cli.py:Epoch 4/100	Loss 9.8844 ± 0.2546
INFO:kbc-cli.py:Epoch 5/100	Loss 9.8639 ± 0.2077
INFO:kbc-cli.py:Epoch 6/100	Loss 9.8511 ± 0.1581
INFO:kbc-cli.py:Epoch 6/100	dev results	MRR 0.297421	H@1 0.163344	H@3 0.338190	H@5 0.411810	H@10 0.584356	H@20 0.767638	H@50 0.924080	H@100 0.991564
INFO:kbc-cli.py:Epoch 6/100	test results	MRR 0.312339	H@1 0.176248	H@3 0.364599	H@5 0.443268	H@10 0.593041	H@20 0.765507	H@50 0.919062	H@100 0.982602
INFO:kbc-cli.py:Epoch 7/100	Loss 9.8422 ± 0.1257
INFO:kbc-cli.py:Epoch 8/100	Loss 9.8349 ± 0.1057
INFO:kbc-cli.py:Epoch 9/100	Loss 9.8292 ± 0.0910
INFO:kbc-cli.py:Epoch 9/100	dev results	MRR 0.345384	H@1 0.231595	H@3 0.357362	H@5 0.447086	H@10 0.597393	H@20 0.754601	H@50 0.917945	H@100 0.986963
INFO:kbc-cli.py:Epoch 9/100	test results	MRR 0.342302	H@1 0.221634	H@3 0.368381	H@5 0.445537	H@10 0.611195	H@20 0.759455	H@50 0.901664	H@100 0.981846
INFO:kbc-cli.py:Epoch 10/100	Loss 9.8248 ± 0.0791
INFO:kbc-cli.py:Epoch 11/100	Loss 9.8214 ± 0.0778
INFO:kbc-cli.py:Epoch 12/100	Loss 9.8190 ± 0.0682
INFO:kbc-cli.py:Epoch 12/100	dev results	MRR 0.345777	H@1 0.238497	H@3 0.364264	H@5 0.423313	H@10 0.578988	H@20 0.739264	H@50 0.916411	H@100 0.986196
INFO:kbc-cli.py:Epoch 12/100	test results	MRR 0.353088	H@1 0.241301	H@3 0.379728	H@5 0.433434	H@10 0.604387	H@20 0.757186	H@50 0.899395	H@100 0.979576
INFO:kbc-cli.py:Epoch 13/100	Loss 9.8168 ± 0.0612
INFO:kbc-cli.py:Epoch 14/100	Loss 9.8153 ± 0.0564
INFO:kbc-cli.py:Epoch 15/100	Loss 9.8138 ± 0.0512
INFO:kbc-cli.py:Epoch 15/100	dev results	MRR 0.348559	H@1 0.241564	H@3 0.365798	H@5 0.438650	H@10 0.581288	H@20 0.743865	H@50 0.911043	H@100 0.986963
INFO:kbc-cli.py:Epoch 15/100	test results	MRR 0.362962	H@1 0.248865	H@3 0.391831	H@5 0.459153	H@10 0.611952	H@20 0.756430	H@50 0.894856	H@100 0.981846
INFO:kbc-cli.py:Epoch 16/100	Loss 9.8127 ± 0.0470
INFO:kbc-cli.py:Epoch 17/100	Loss 9.8117 ± 0.0464
INFO:kbc-cli.py:Epoch 18/100	Loss 9.8108 ± 0.0436
INFO:kbc-cli.py:Epoch 18/100	dev results	MRR 0.344726	H@1 0.242331	H@3 0.350460	H@5 0.427147	H@10 0.578988	H@20 0.739264	H@50 0.911810	H@100 0.987730
INFO:kbc-cli.py:Epoch 18/100	test results	MRR 0.354864	H@1 0.240545	H@3 0.368381	H@5 0.450076	H@10 0.614221	H@20 0.757943	H@50 0.893343	H@100 0.984115
INFO:kbc-cli.py:Epoch 19/100	Loss 9.8102 ± 0.0417
INFO:kbc-cli.py:Epoch 20/100	Loss 9.8099 ± 0.0430
INFO:kbc-cli.py:Epoch 21/100	Loss 9.8090 ± 0.0387
INFO:kbc-cli.py:Epoch 21/100	dev results	MRR 0.363928	H@1 0.264571	H@3 0.361196	H@5 0.440184	H@10 0.605061	H@20 0.740031	H@50 0.911810	H@100 0.986196
INFO:kbc-cli.py:Epoch 21/100	test results	MRR 0.374498	H@1 0.263994	H@3 0.391074	H@5 0.462935	H@10 0.627080	H@20 0.763238	H@50 0.896369	H@100 0.980333
INFO:kbc-cli.py:Epoch 22/100	Loss 9.8086 ± 0.0354
INFO:kbc-cli.py:Epoch 23/100	Loss 9.8081 ± 0.0371
INFO:kbc-cli.py:Epoch 24/100	Loss 9.8077 ± 0.0372
INFO:kbc-cli.py:Epoch 24/100	dev results	MRR 0.350262	H@1 0.242331	H@3 0.369632	H@5 0.435583	H@10 0.601227	H@20 0.740031	H@50 0.909509	H@100 0.986963
INFO:kbc-cli.py:Epoch 24/100	test results	MRR 0.368282	H@1 0.257186	H@3 0.392587	H@5 0.454614	H@10 0.612708	H@20 0.763994	H@50 0.892587	H@100 0.982602
INFO:kbc-cli.py:Epoch 25/100	Loss 9.8075 ± 0.0348
INFO:kbc-cli.py:Epoch 26/100	Loss 9.8072 ± 0.0339
INFO:kbc-cli.py:Epoch 27/100	Loss 9.8069 ± 0.0327
INFO:kbc-cli.py:Epoch 27/100	dev results	MRR 0.360881	H@1 0.261503	H@3 0.365031	H@5 0.422546	H@10 0.601994	H@20 0.741564	H@50 0.911810	H@100 0.986196
INFO:kbc-cli.py:Epoch 27/100	test results	MRR 0.372331	H@1 0.261725	H@3 0.392587	H@5 0.439486	H@10 0.626324	H@20 0.760212	H@50 0.894100	H@100 0.981846
INFO:kbc-cli.py:Epoch 28/100	Loss 9.8067 ± 0.0325
INFO:kbc-cli.py:Epoch 29/100	Loss 9.8065 ± 0.0318
INFO:kbc-cli.py:Epoch 30/100	Loss 9.8065 ± 0.0332
INFO:kbc-cli.py:Epoch 30/100	dev results	MRR 0.368279	H@1 0.266871	H@3 0.376534	H@5 0.441718	H@10 0.605828	H@20 0.742331	H@50 0.910276	H@100 0.986963
INFO:kbc-cli.py:Epoch 30/100	test results	MRR 0.378552	H@1 0.267776	H@3 0.393343	H@5 0.456127	H@10 0.627080	H@20 0.756430	H@50 0.893343	H@100 0.981089
INFO:kbc-cli.py:Epoch 31/100	Loss 9.8061 ± 0.0297
INFO:kbc-cli.py:Epoch 32/100	Loss 9.8059 ± 0.0308
INFO:kbc-cli.py:Epoch 33/100	Loss 9.8058 ± 0.0306
INFO:kbc-cli.py:Epoch 33/100	dev results	MRR 0.361293	H@1 0.255368	H@3 0.374233	H@5 0.438650	H@10 0.605061	H@20 0.741564	H@50 0.911043	H@100 0.987730
INFO:kbc-cli.py:Epoch 33/100	test results	MRR 0.376926	H@1 0.263994	H@3 0.399395	H@5 0.460666	H@10 0.624054	H@20 0.761725	H@50 0.892587	H@100 0.982602
INFO:kbc-cli.py:Epoch 34/100	Loss 9.8057 ± 0.0330
INFO:kbc-cli.py:Epoch 35/100	Loss 9.8055 ± 0.0311
INFO:kbc-cli.py:Epoch 36/100	Loss 9.8055 ± 0.0318
INFO:kbc-cli.py:Epoch 36/100	dev results	MRR 0.358447	H@1 0.257669	H@3 0.360429	H@5 0.434816	H@10 0.602761	H@20 0.740798	H@50 0.910276	H@100 0.987730
INFO:kbc-cli.py:Epoch 36/100	test results	MRR 0.371488	H@1 0.263994	H@3 0.380484	H@5 0.460666	H@10 0.610439	H@20 0.758699	H@50 0.894100	H@100 0.981846
INFO:kbc-cli.py:Epoch 37/100	Loss 9.8053 ± 0.0312
INFO:kbc-cli.py:Epoch 38/100	Loss 9.8052 ± 0.0303
INFO:kbc-cli.py:Epoch 39/100	Loss 9.8051 ± 0.0286
INFO:kbc-cli.py:Epoch 39/100	dev results	MRR 0.367443	H@1 0.268405	H@3 0.373466	H@5 0.440184	H@10 0.597393	H@20 0.740798	H@50 0.910276	H@100 0.986963
INFO:kbc-cli.py:Epoch 39/100	test results	MRR 0.380623	H@1 0.272315	H@3 0.400908	H@5 0.462179	H@10 0.627080	H@20 0.761725	H@50 0.894100	H@100 0.983359
INFO:kbc-cli.py:Epoch 40/100	Loss 9.8051 ± 0.0296
INFO:kbc-cli.py:Epoch 41/100	Loss 9.8050 ± 0.0298
INFO:kbc-cli.py:Epoch 42/100	Loss 9.8049 ± 0.0310
INFO:kbc-cli.py:Epoch 42/100	dev results	MRR 0.361638	H@1 0.255368	H@3 0.376534	H@5 0.444018	H@10 0.606595	H@20 0.743865	H@50 0.912577	H@100 0.987730
INFO:kbc-cli.py:Epoch 42/100	test results	MRR 0.374525	H@1 0.262481	H@3 0.394100	H@5 0.462935	H@10 0.624054	H@20 0.760968	H@50 0.894100	H@100 0.981846
INFO:kbc-cli.py:Epoch 43/100	Loss 9.8048 ± 0.0279
INFO:kbc-cli.py:Epoch 44/100	Loss 9.8047 ± 0.0287
INFO:kbc-cli.py:Epoch 45/100	Loss 9.8047 ± 0.0291
INFO:kbc-cli.py:Epoch 45/100	dev results	MRR 0.363661	H@1 0.258436	H@3 0.375767	H@5 0.436350	H@10 0.601227	H@20 0.741564	H@50 0.912577	H@100 0.987730
INFO:kbc-cli.py:Epoch 45/100	test results	MRR 0.374547	H@1 0.264750	H@3 0.388048	H@5 0.449319	H@10 0.619516	H@20 0.760968	H@50 0.893343	H@100 0.981846
INFO:kbc-cli.py:Epoch 46/100	Loss 9.8046 ± 0.0288
INFO:kbc-cli.py:Epoch 47/100	Loss 9.8045 ± 0.0298
INFO:kbc-cli.py:Epoch 48/100	Loss 9.8045 ± 0.0300
INFO:kbc-cli.py:Epoch 48/100	dev results	MRR 0.368820	H@1 0.268405	H@3 0.378067	H@5 0.431748	H@10 0.605061	H@20 0.739264	H@50 0.911043	H@100 0.986963
INFO:kbc-cli.py:Epoch 48/100	test results	MRR 0.380032	H@1 0.276097	H@3 0.388805	H@5 0.452345	H@10 0.627080	H@20 0.760212	H@50 0.894856	H@100 0.981846
INFO:kbc-cli.py:Epoch 49/100	Loss 9.8044 ± 0.0294
INFO:kbc-cli.py:Epoch 50/100	Loss 9.8044 ± 0.0289
INFO:kbc-cli.py:Epoch 51/100	Loss 9.8044 ± 0.0302
INFO:kbc-cli.py:Epoch 51/100	dev results	MRR 0.365568	H@1 0.263804	H@3 0.378834	H@5 0.434049	H@10 0.606595	H@20 0.740798	H@50 0.911810	H@100 0.986963
INFO:kbc-cli.py:Epoch 51/100	test results	MRR 0.372753	H@1 0.257943	H@3 0.397882	H@5 0.453858	H@10 0.621785	H@20 0.763994	H@50 0.894856	H@100 0.981846
INFO:kbc-cli.py:Epoch 52/100	Loss 9.8043 ± 0.0289
INFO:kbc-cli.py:Epoch 53/100	Loss 9.8043 ± 0.0285
INFO:kbc-cli.py:Epoch 54/100	Loss 9.8043 ± 0.0297
INFO:kbc-cli.py:Epoch 54/100	dev results	MRR 0.367025	H@1 0.266871	H@3 0.373466	H@5 0.435583	H@10 0.598926	H@20 0.741564	H@50 0.911043	H@100 0.987730
INFO:kbc-cli.py:Epoch 54/100	test results	MRR 0.372577	H@1 0.263994	H@3 0.389561	H@5 0.449319	H@10 0.619516	H@20 0.755673	H@50 0.894856	H@100 0.981846
INFO:kbc-cli.py:Epoch 55/100	Loss 9.8042 ± 0.0299
INFO:kbc-cli.py:Epoch 56/100	Loss 9.8042 ± 0.0305
INFO:kbc-cli.py:Epoch 57/100	Loss 9.8042 ± 0.0286
INFO:kbc-cli.py:Epoch 57/100	dev results	MRR 0.361763	H@1 0.260736	H@3 0.371933	H@5 0.437883	H@10 0.597393	H@20 0.744632	H@50 0.911043	H@100 0.987730
INFO:kbc-cli.py:Epoch 57/100	test results	MRR 0.377636	H@1 0.270802	H@3 0.393343	H@5 0.451589	H@10 0.623298	H@20 0.760212	H@50 0.891831	H@100 0.981846
INFO:kbc-cli.py:Epoch 58/100	Loss 9.8042 ± 0.0290
INFO:kbc-cli.py:Epoch 59/100	Loss 9.8041 ± 0.0290
INFO:kbc-cli.py:Epoch 60/100	Loss 9.8041 ± 0.0291
INFO:kbc-cli.py:Epoch 60/100	dev results	MRR 0.362780	H@1 0.262270	H@3 0.367331	H@5 0.434816	H@10 0.605061	H@20 0.742331	H@50 0.911810	H@100 0.987730
INFO:kbc-cli.py:Epoch 60/100	test results	MRR 0.375219	H@1 0.267020	H@3 0.386536	H@5 0.453101	H@10 0.621785	H@20 0.759455	H@50 0.894856	H@100 0.981846
INFO:kbc-cli.py:Epoch 61/100	Loss 9.8041 ± 0.0293
INFO:kbc-cli.py:Epoch 62/100	Loss 9.8041 ± 0.0284
INFO:kbc-cli.py:Epoch 63/100	Loss 9.8040 ± 0.0290
INFO:kbc-cli.py:Epoch 63/100	dev results	MRR 0.368190	H@1 0.266104	H@3 0.375767	H@5 0.443252	H@10 0.609663	H@20 0.741564	H@50 0.913344	H@100 0.986963
INFO:kbc-cli.py:Epoch 63/100	test results	MRR 0.380556	H@1 0.267776	H@3 0.403177	H@5 0.466717	H@10 0.629349	H@20 0.759455	H@50 0.896369	H@100 0.981846
INFO:kbc-cli.py:Epoch 64/100	Loss 9.8040 ± 0.0299
INFO:kbc-cli.py:Epoch 65/100	Loss 9.8040 ± 0.0289
INFO:kbc-cli.py:Epoch 66/100	Loss 9.8039 ± 0.0303
INFO:kbc-cli.py:Epoch 66/100	dev results	MRR 0.360169	H@1 0.253834	H@3 0.375767	H@5 0.440951	H@10 0.605061	H@20 0.740798	H@50 0.911810	H@100 0.987730
INFO:kbc-cli.py:Epoch 66/100	test results	MRR 0.376662	H@1 0.265507	H@3 0.398638	H@5 0.453858	H@10 0.621029	H@20 0.761725	H@50 0.894100	H@100 0.981846
INFO:kbc-cli.py:Epoch 67/100	Loss 9.8039 ± 0.0280
INFO:kbc-cli.py:Epoch 68/100	Loss 9.8039 ± 0.0275
INFO:kbc-cli.py:Epoch 69/100	Loss 9.8038 ± 0.0279
INFO:kbc-cli.py:Epoch 69/100	dev results	MRR 0.367987	H@1 0.265337	H@3 0.375767	H@5 0.444785	H@10 0.601994	H@20 0.740798	H@50 0.911810	H@100 0.987730
INFO:kbc-cli.py:Epoch 69/100	test results	MRR 0.378995	H@1 0.272315	H@3 0.394856	H@5 0.450076	H@10 0.623298	H@20 0.759455	H@50 0.894100	H@100 0.981846
INFO:kbc-cli.py:Epoch 70/100	Loss 9.8039 ± 0.0288
INFO:kbc-cli.py:Epoch 71/100	Loss 9.8039 ± 0.0310
INFO:kbc-cli.py:Epoch 72/100	Loss 9.8039 ± 0.0288
INFO:kbc-cli.py:Epoch 72/100	dev results	MRR 0.364950	H@1 0.264571	H@3 0.369632	H@5 0.437883	H@10 0.603528	H@20 0.741564	H@50 0.911810	H@100 0.987730
INFO:kbc-cli.py:Epoch 72/100	test results	MRR 0.376984	H@1 0.267020	H@3 0.396369	H@5 0.456127	H@10 0.628593	H@20 0.757186	H@50 0.894100	H@100 0.981846
INFO:kbc-cli.py:Epoch 73/100	Loss 9.8038 ± 0.0293
INFO:kbc-cli.py:Epoch 74/100	Loss 9.8038 ± 0.0290
INFO:kbc-cli.py:Epoch 75/100	Loss 9.8038 ± 0.0287
INFO:kbc-cli.py:Epoch 75/100	dev results	MRR 0.362671	H@1 0.257669	H@3 0.375000	H@5 0.438650	H@10 0.601994	H@20 0.741564	H@50 0.912577	H@100 0.988497
INFO:kbc-cli.py:Epoch 75/100	test results	MRR 0.378198	H@1 0.270045	H@3 0.393343	H@5 0.453858	H@10 0.623298	H@20 0.761725	H@50 0.894100	H@100 0.981846
INFO:kbc-cli.py:Epoch 76/100	Loss 9.8038 ± 0.0286
INFO:kbc-cli.py:Epoch 77/100	Loss 9.8038 ± 0.0291
INFO:kbc-cli.py:Epoch 78/100	Loss 9.8038 ± 0.0282
INFO:kbc-cli.py:Epoch 78/100	dev results	MRR 0.375457	H@1 0.276074	H@3 0.382669	H@5 0.437883	H@10 0.601227	H@20 0.740031	H@50 0.911810	H@100 0.986963
INFO:kbc-cli.py:Epoch 78/100	test results	MRR 0.381128	H@1 0.273071	H@3 0.400151	H@5 0.453101	H@10 0.617247	H@20 0.758699	H@50 0.895613	H@100 0.982602
INFO:kbc-cli.py:Epoch 79/100	Loss 9.8038 ± 0.0287
INFO:kbc-cli.py:Epoch 80/100	Loss 9.8037 ± 0.0273
INFO:kbc-cli.py:Epoch 81/100	Loss 9.8037 ± 0.0300
INFO:kbc-cli.py:Epoch 81/100	dev results	MRR 0.365954	H@1 0.259202	H@3 0.384202	H@5 0.444785	H@10 0.602761	H@20 0.741564	H@50 0.912577	H@100 0.987730
INFO:kbc-cli.py:Epoch 81/100	test results	MRR 0.371145	H@1 0.253404	H@3 0.400151	H@5 0.459909	H@10 0.623298	H@20 0.760212	H@50 0.894856	H@100 0.981846
INFO:kbc-cli.py:Epoch 82/100	Loss 9.8038 ± 0.0305
INFO:kbc-cli.py:Epoch 83/100	Loss 9.8037 ± 0.0286
INFO:kbc-cli.py:Epoch 84/100	Loss 9.8037 ± 0.0276
INFO:kbc-cli.py:Epoch 84/100	dev results	MRR 0.368623	H@1 0.268405	H@3 0.371933	H@5 0.435583	H@10 0.603528	H@20 0.743865	H@50 0.911810	H@100 0.987730
INFO:kbc-cli.py:Epoch 84/100	test results	MRR 0.376289	H@1 0.264750	H@3 0.391831	H@5 0.457640	H@10 0.625567	H@20 0.761725	H@50 0.894100	H@100 0.981846
INFO:kbc-cli.py:Epoch 85/100	Loss 9.8037 ± 0.0281
INFO:kbc-cli.py:Epoch 86/100	Loss 9.8037 ± 0.0280
INFO:kbc-cli.py:Epoch 87/100	Loss 9.8036 ± 0.0296
INFO:kbc-cli.py:Epoch 87/100	dev results	MRR 0.372461	H@1 0.273006	H@3 0.378067	H@5 0.436350	H@10 0.601994	H@20 0.740031	H@50 0.911810	H@100 0.987730
INFO:kbc-cli.py:Epoch 87/100	test results	MRR 0.379703	H@1 0.273071	H@3 0.397126	H@5 0.456127	H@10 0.617247	H@20 0.760212	H@50 0.894100	H@100 0.981846
INFO:kbc-cli.py:Epoch 88/100	Loss 9.8036 ± 0.0289
INFO:kbc-cli.py:Epoch 89/100	Loss 9.8037 ± 0.0298
INFO:kbc-cli.py:Epoch 90/100	Loss 9.8036 ± 0.0291
INFO:kbc-cli.py:Epoch 90/100	dev results	MRR 0.368016	H@1 0.267638	H@3 0.372699	H@5 0.433282	H@10 0.600460	H@20 0.741564	H@50 0.911810	H@100 0.987730
INFO:kbc-cli.py:Epoch 90/100	test results	MRR 0.377230	H@1 0.270045	H@3 0.391831	H@5 0.448563	H@10 0.616490	H@20 0.759455	H@50 0.893343	H@100 0.981846
INFO:kbc-cli.py:Epoch 91/100	Loss 9.8036 ± 0.0288
INFO:kbc-cli.py:Epoch 92/100	Loss 9.8036 ± 0.0282
INFO:kbc-cli.py:Epoch 93/100	Loss 9.8036 ± 0.0293
INFO:kbc-cli.py:Epoch 93/100	dev results	MRR 0.367771	H@1 0.266104	H@3 0.376534	H@5 0.437117	H@10 0.599693	H@20 0.743865	H@50 0.911810	H@100 0.987730
INFO:kbc-cli.py:Epoch 93/100	test results	MRR 0.380397	H@1 0.271558	H@3 0.397126	H@5 0.456884	H@10 0.621029	H@20 0.757186	H@50 0.894100	H@100 0.981846
INFO:kbc-cli.py:Epoch 94/100	Loss 9.8036 ± 0.0287
INFO:kbc-cli.py:Epoch 95/100	Loss 9.8036 ± 0.0306
INFO:kbc-cli.py:Epoch 96/100	Loss 9.8036 ± 0.0282
INFO:kbc-cli.py:Epoch 96/100	dev results	MRR 0.366609	H@1 0.265337	H@3 0.375767	H@5 0.441718	H@10 0.603528	H@20 0.738497	H@50 0.912577	H@100 0.987730
INFO:kbc-cli.py:Epoch 96/100	test results	MRR 0.376497	H@1 0.264750	H@3 0.394856	H@5 0.458396	H@10 0.624054	H@20 0.759455	H@50 0.894856	H@100 0.981846
INFO:kbc-cli.py:Epoch 97/100	Loss 9.8035 ± 0.0293
INFO:kbc-cli.py:Epoch 98/100	Loss 9.8035 ± 0.0295
INFO:kbc-cli.py:Epoch 99/100	Loss 9.8035 ± 0.0286
INFO:kbc-cli.py:Epoch 99/100	dev results	MRR 0.368578	H@1 0.265337	H@3 0.380368	H@5 0.436350	H@10 0.600460	H@20 0.743865	H@50 0.911810	H@100 0.987730
INFO:kbc-cli.py:Epoch 99/100	test results	MRR 0.379420	H@1 0.272315	H@3 0.394856	H@5 0.453101	H@10 0.620272	H@20 0.759455	H@50 0.894856	H@100 0.981846
INFO:kbc-cli.py:Epoch 100/100	Loss 9.8036 ± 0.0294
INFO:kbc-cli.py:Final 	dev results	MRR 0.363733	H@1 0.260736	H@3 0.378834	H@5 0.437883	H@10 0.601227	H@20 0.743865	H@50 0.911810	H@100 0.987730
INFO:kbc-cli.py:Final 	test results	MRR 0.374756	H@1 0.264750	H@3 0.394100	H@5 0.455371	H@10 0.617247	H@20 0.759455	H@50 0.894100	H@100 0.981846
INFO:kbc-cli.py:Training finished
