./bin/kbc-cli.py --train data/umls/train.tsv --dev data/umls/dev.tsv --test data/umls/test.tsv -m complex -k 200 -b 500 -e 100 --F2 0 --N3 0.05 -l 0.1 -I standard -V 3 -o adagrad -c so -q
{'F2': 0.0,
 'N3': 0.05,
 'batch_size': 500,
 'corruption': 'so',
 'dev': 'data/umls/dev.tsv',
 'embedding_size': 200,
 'epochs': 100,
 'eval_batch_size': None,
 'input_type': 'standard',
 'learning_rate': 0.1,
 'load': None,
 'model': 'complex',
 'optimizer': 'adagrad',
 'quiet': True,
 'save': None,
 'seed': 0,
 'test': 'data/umls/test.tsv',
 'test_i': None,
 'test_ii': None,
 'train': 'data/umls/train.tsv',
 'validate_every': 3}
INFO:kbc-cli.py:Device: cuda
INFO:kbc-cli.py:Model state:
INFO:kbc-cli.py:	entities.weight	torch.Size([135, 400])
INFO:kbc-cli.py:	predicates.weight	torch.Size([46, 400])
INFO:kbc-cli.py:Epoch 1/100	Loss 9.1762 ± 0.7802
INFO:kbc-cli.py:Epoch 2/100	Loss 7.5510 ± 0.0565
INFO:kbc-cli.py:Epoch 3/100	Loss 7.2776 ± 0.0806
INFO:kbc-cli.py:Epoch 3/100	dev results	MRR 0.859227	H@1 0.766104	H@3 0.943252	H@5 0.961656	H@10 0.974693	H@20 0.985429	H@50 0.990798	H@100 0.994632
INFO:kbc-cli.py:Epoch 3/100	test results	MRR 0.845820	H@1 0.737519	H@3 0.950076	H@5 0.964448	H@10 0.979576	H@20 0.986384	H@50 0.990166	H@100 0.993949
INFO:kbc-cli.py:Epoch 4/100	Loss 7.1854 ± 0.1017
INFO:kbc-cli.py:Epoch 5/100	Loss 7.1228 ± 0.0853
INFO:kbc-cli.py:Epoch 6/100	Loss 7.0792 ± 0.0947
INFO:kbc-cli.py:Epoch 6/100	dev results	MRR 0.865542	H@1 0.760736	H@3 0.963190	H@5 0.977761	H@10 0.988497	H@20 0.993098	H@50 0.995399	H@100 0.998466
INFO:kbc-cli.py:Epoch 6/100	test results	MRR 0.854270	H@1 0.739032	H@3 0.967474	H@5 0.979576	H@10 0.987141	H@20 0.990923	H@50 0.993949	H@100 0.994705
INFO:kbc-cli.py:Epoch 7/100	Loss 7.0414 ± 0.0722
INFO:kbc-cli.py:Epoch 8/100	Loss 7.0093 ± 0.0750
INFO:kbc-cli.py:Epoch 9/100	Loss 6.9726 ± 0.1229
INFO:kbc-cli.py:Epoch 9/100	dev results	MRR 0.896226	H@1 0.812883	H@3 0.973926	H@5 0.983896	H@10 0.989264	H@20 0.995399	H@50 0.996933	H@100 0.999233
INFO:kbc-cli.py:Epoch 9/100	test results	MRR 0.879046	H@1 0.778366	H@3 0.977307	H@5 0.986384	H@10 0.992436	H@20 0.994705	H@50 0.996974	H@100 0.998487
INFO:kbc-cli.py:Epoch 10/100	Loss 6.9596 ± 0.0674
INFO:kbc-cli.py:Epoch 11/100	Loss 6.9470 ± 0.0673
INFO:kbc-cli.py:Epoch 12/100	Loss 6.9336 ± 0.0878
INFO:kbc-cli.py:Epoch 12/100	dev results	MRR 0.895126	H@1 0.809049	H@3 0.976227	H@5 0.983896	H@10 0.991564	H@20 0.996166	H@50 0.998466	H@100 0.999233
INFO:kbc-cli.py:Epoch 12/100	test results	MRR 0.890568	H@1 0.798790	H@3 0.982602	H@5 0.988654	H@10 0.993949	H@20 0.995461	H@50 0.998487	H@100 1.000000
INFO:kbc-cli.py:Epoch 13/100	Loss 6.9205 ± 0.0734
INFO:kbc-cli.py:Epoch 14/100	Loss 6.9087 ± 0.0460
INFO:kbc-cli.py:Epoch 15/100	Loss 6.8988 ± 0.0766
INFO:kbc-cli.py:Epoch 15/100	dev results	MRR 0.914643	H@1 0.846626	H@3 0.980828	H@5 0.986196	H@10 0.990798	H@20 0.996933	H@50 0.998466	H@100 1.000000
INFO:kbc-cli.py:Epoch 15/100	test results	MRR 0.906080	H@1 0.827534	H@3 0.983359	H@5 0.988654	H@10 0.995461	H@20 0.995461	H@50 1.000000	H@100 1.000000
INFO:kbc-cli.py:Epoch 16/100	Loss 6.8908 ± 0.0569
INFO:kbc-cli.py:Epoch 17/100	Loss 6.8861 ± 0.0487
INFO:kbc-cli.py:Epoch 18/100	Loss 6.8815 ± 0.0822
INFO:kbc-cli.py:Epoch 18/100	dev results	MRR 0.903520	H@1 0.825920	H@3 0.976994	H@5 0.986196	H@10 0.990798	H@20 0.996166	H@50 0.998466	H@100 1.000000
INFO:kbc-cli.py:Epoch 18/100	test results	MRR 0.898218	H@1 0.813162	H@3 0.982602	H@5 0.991679	H@10 0.995461	H@20 0.996974	H@50 1.000000	H@100 1.000000
INFO:kbc-cli.py:Epoch 19/100	Loss 6.8805 ± 0.0633
INFO:kbc-cli.py:Epoch 20/100	Loss 6.8700 ± 0.0653
INFO:kbc-cli.py:Epoch 21/100	Loss 6.8676 ± 0.0812
INFO:kbc-cli.py:Epoch 21/100	dev results	MRR 0.908973	H@1 0.835890	H@3 0.980828	H@5 0.986196	H@10 0.991564	H@20 0.996166	H@50 0.998466	H@100 1.000000
INFO:kbc-cli.py:Epoch 21/100	test results	MRR 0.899460	H@1 0.813162	H@3 0.984115	H@5 0.991679	H@10 0.995461	H@20 0.996974	H@50 1.000000	H@100 1.000000
INFO:kbc-cli.py:Epoch 22/100	Loss 6.8614 ± 0.0646
INFO:kbc-cli.py:Epoch 23/100	Loss 6.8570 ± 0.0609
INFO:kbc-cli.py:Epoch 24/100	Loss 6.8579 ± 0.0502
INFO:kbc-cli.py:Epoch 24/100	dev results	MRR 0.911013	H@1 0.838957	H@3 0.980828	H@5 0.986196	H@10 0.990798	H@20 0.996933	H@50 0.999233	H@100 1.000000
INFO:kbc-cli.py:Epoch 24/100	test results	MRR 0.902632	H@1 0.818457	H@3 0.987141	H@5 0.991679	H@10 0.996218	H@20 0.996974	H@50 1.000000	H@100 1.000000
INFO:kbc-cli.py:Epoch 25/100	Loss 6.8539 ± 0.0629
INFO:kbc-cli.py:Epoch 26/100	Loss 6.8475 ± 0.0607
INFO:kbc-cli.py:Epoch 27/100	Loss 6.8498 ± 0.0666
INFO:kbc-cli.py:Epoch 27/100	dev results	MRR 0.905802	H@1 0.829755	H@3 0.978528	H@5 0.985429	H@10 0.990031	H@20 0.996166	H@50 0.999233	H@100 1.000000
INFO:kbc-cli.py:Epoch 27/100	test results	MRR 0.901643	H@1 0.817700	H@3 0.984115	H@5 0.990166	H@10 0.996218	H@20 0.997731	H@50 1.000000	H@100 1.000000
INFO:kbc-cli.py:Epoch 28/100	Loss 6.8473 ± 0.0661
INFO:kbc-cli.py:Epoch 29/100	Loss 6.8427 ± 0.0580
INFO:kbc-cli.py:Epoch 30/100	Loss 6.8432 ± 0.0594
INFO:kbc-cli.py:Epoch 30/100	dev results	MRR 0.917518	H@1 0.852761	H@3 0.978528	H@5 0.986963	H@10 0.990798	H@20 0.996933	H@50 0.998466	H@100 1.000000
INFO:kbc-cli.py:Epoch 30/100	test results	MRR 0.911866	H@1 0.838880	H@3 0.984115	H@5 0.990166	H@10 0.996218	H@20 0.996974	H@50 1.000000	H@100 1.000000
INFO:kbc-cli.py:Epoch 31/100	Loss 6.8388 ± 0.0591
INFO:kbc-cli.py:Epoch 32/100	Loss 6.8334 ± 0.0611
INFO:kbc-cli.py:Epoch 33/100	Loss 6.8335 ± 0.0535
INFO:kbc-cli.py:Epoch 33/100	dev results	MRR 0.918842	H@1 0.855061	H@3 0.976994	H@5 0.986963	H@10 0.991564	H@20 0.996933	H@50 0.999233	H@100 1.000000
INFO:kbc-cli.py:Epoch 33/100	test results	MRR 0.912626	H@1 0.838880	H@3 0.986384	H@5 0.991679	H@10 0.996218	H@20 0.997731	H@50 0.999244	H@100 1.000000
INFO:kbc-cli.py:Epoch 34/100	Loss 6.8264 ± 0.0487
INFO:kbc-cli.py:Epoch 35/100	Loss 6.8347 ± 0.0846
INFO:kbc-cli.py:Epoch 36/100	Loss 6.8274 ± 0.0766
INFO:kbc-cli.py:Epoch 36/100	dev results	MRR 0.911024	H@1 0.838957	H@3 0.980061	H@5 0.986963	H@10 0.990798	H@20 0.997699	H@50 0.999233	H@100 1.000000
INFO:kbc-cli.py:Epoch 36/100	test results	MRR 0.916107	H@1 0.844175	H@3 0.988654	H@5 0.990923	H@10 0.996218	H@20 0.996974	H@50 0.999244	H@100 1.000000
INFO:kbc-cli.py:Epoch 37/100	Loss 6.8247 ± 0.0399
INFO:kbc-cli.py:Epoch 38/100	Loss 6.8244 ± 0.0661
INFO:kbc-cli.py:Epoch 39/100	Loss 6.8239 ± 0.0884
INFO:kbc-cli.py:Epoch 39/100	dev results	MRR 0.921822	H@1 0.861196	H@3 0.980061	H@5 0.985429	H@10 0.989264	H@20 0.996933	H@50 1.000000	H@100 1.000000
INFO:kbc-cli.py:Epoch 39/100	test results	MRR 0.917183	H@1 0.847958	H@3 0.986384	H@5 0.992436	H@10 0.996218	H@20 0.996974	H@50 0.999244	H@100 1.000000
INFO:kbc-cli.py:Epoch 40/100	Loss 6.8194 ± 0.0545
INFO:kbc-cli.py:Epoch 41/100	Loss 6.8098 ± 0.0690
INFO:kbc-cli.py:Epoch 42/100	Loss 6.8249 ± 0.0721
INFO:kbc-cli.py:Epoch 42/100	dev results	MRR 0.923046	H@1 0.863497	H@3 0.979294	H@5 0.985429	H@10 0.990798	H@20 0.996933	H@50 1.000000	H@100 1.000000
INFO:kbc-cli.py:Epoch 42/100	test results	MRR 0.922407	H@1 0.857791	H@3 0.987141	H@5 0.992436	H@10 0.996974	H@20 0.997731	H@50 1.000000	H@100 1.000000
INFO:kbc-cli.py:Epoch 43/100	Loss 6.8276 ± 0.0940
INFO:kbc-cli.py:Epoch 44/100	Loss 6.8179 ± 0.0834
INFO:kbc-cli.py:Epoch 45/100	Loss 6.8204 ± 0.0772
INFO:kbc-cli.py:Epoch 45/100	dev results	MRR 0.923825	H@1 0.865031	H@3 0.979294	H@5 0.986196	H@10 0.991564	H@20 0.996166	H@50 1.000000	H@100 1.000000
INFO:kbc-cli.py:Epoch 45/100	test results	MRR 0.922125	H@1 0.857035	H@3 0.987141	H@5 0.993192	H@10 0.996218	H@20 0.997731	H@50 1.000000	H@100 1.000000
INFO:kbc-cli.py:Epoch 46/100	Loss 6.8125 ± 0.0421
INFO:kbc-cli.py:Epoch 47/100	Loss 6.8154 ± 0.0793
INFO:kbc-cli.py:Epoch 48/100	Loss 6.8074 ± 0.0688
INFO:kbc-cli.py:Epoch 48/100	dev results	MRR 0.919773	H@1 0.857362	H@3 0.977761	H@5 0.986196	H@10 0.990798	H@20 0.996166	H@50 1.000000	H@100 1.000000
INFO:kbc-cli.py:Epoch 48/100	test results	MRR 0.922789	H@1 0.859304	H@3 0.984115	H@5 0.993192	H@10 0.996218	H@20 0.997731	H@50 1.000000	H@100 1.000000
INFO:kbc-cli.py:Epoch 49/100	Loss 6.8136 ± 0.0505
INFO:kbc-cli.py:Epoch 50/100	Loss 6.8115 ± 0.0709
INFO:kbc-cli.py:Epoch 51/100	Loss 6.8155 ± 0.0723
INFO:kbc-cli.py:Epoch 51/100	dev results	MRR 0.926388	H@1 0.869632	H@3 0.979294	H@5 0.987730	H@10 0.990798	H@20 0.996933	H@50 1.000000	H@100 1.000000
INFO:kbc-cli.py:Epoch 51/100	test results	MRR 0.922496	H@1 0.858548	H@3 0.986384	H@5 0.992436	H@10 0.996974	H@20 0.997731	H@50 1.000000	H@100 1.000000
INFO:kbc-cli.py:Epoch 52/100	Loss 6.8088 ± 0.0550
INFO:kbc-cli.py:Epoch 53/100	Loss 6.8057 ± 0.0366
INFO:kbc-cli.py:Epoch 54/100	Loss 6.8143 ± 0.0929
INFO:kbc-cli.py:Epoch 54/100	dev results	MRR 0.925593	H@1 0.868098	H@3 0.978528	H@5 0.986196	H@10 0.992331	H@20 0.996933	H@50 1.000000	H@100 1.000000
INFO:kbc-cli.py:Epoch 54/100	test results	MRR 0.922358	H@1 0.857035	H@3 0.987141	H@5 0.991679	H@10 0.996974	H@20 0.997731	H@50 1.000000	H@100 1.000000
INFO:kbc-cli.py:Epoch 55/100	Loss 6.8078 ± 0.0774
INFO:kbc-cli.py:Epoch 56/100	Loss 6.8075 ± 0.0719
INFO:kbc-cli.py:Epoch 57/100	Loss 6.8023 ± 0.0504
INFO:kbc-cli.py:Epoch 57/100	dev results	MRR 0.926166	H@1 0.869632	H@3 0.979294	H@5 0.986196	H@10 0.990798	H@20 0.996933	H@50 1.000000	H@100 1.000000
INFO:kbc-cli.py:Epoch 57/100	test results	MRR 0.923910	H@1 0.861573	H@3 0.984115	H@5 0.993192	H@10 0.996974	H@20 0.997731	H@50 1.000000	H@100 1.000000
INFO:kbc-cli.py:Epoch 58/100	Loss 6.8003 ± 0.0648
INFO:kbc-cli.py:Epoch 59/100	Loss 6.7988 ± 0.0517
INFO:kbc-cli.py:Epoch 60/100	Loss 6.8070 ± 0.0698
INFO:kbc-cli.py:Epoch 60/100	dev results	MRR 0.927783	H@1 0.871933	H@3 0.980061	H@5 0.986196	H@10 0.993098	H@20 0.996933	H@50 1.000000	H@100 1.000000
INFO:kbc-cli.py:Epoch 60/100	test results	MRR 0.929030	H@1 0.870651	H@3 0.986384	H@5 0.992436	H@10 0.996974	H@20 0.997731	H@50 1.000000	H@100 1.000000
INFO:kbc-cli.py:Epoch 61/100	Loss 6.8051 ± 0.0720
INFO:kbc-cli.py:Epoch 62/100	Loss 6.8019 ± 0.0535
INFO:kbc-cli.py:Epoch 63/100	Loss 6.7985 ± 0.0444
INFO:kbc-cli.py:Epoch 63/100	dev results	MRR 0.925762	H@1 0.868865	H@3 0.979294	H@5 0.986196	H@10 0.991564	H@20 0.996933	H@50 1.000000	H@100 1.000000
INFO:kbc-cli.py:Epoch 63/100	test results	MRR 0.927660	H@1 0.868381	H@3 0.986384	H@5 0.991679	H@10 0.996974	H@20 0.997731	H@50 1.000000	H@100 1.000000
INFO:kbc-cli.py:Epoch 64/100	Loss 6.7925 ± 0.0390
INFO:kbc-cli.py:Epoch 65/100	Loss 6.7943 ± 0.0418
INFO:kbc-cli.py:Epoch 66/100	Loss 6.7958 ± 0.0576
INFO:kbc-cli.py:Epoch 66/100	dev results	MRR 0.928873	H@1 0.875000	H@3 0.978528	H@5 0.986196	H@10 0.991564	H@20 0.996166	H@50 1.000000	H@100 1.000000
INFO:kbc-cli.py:Epoch 66/100	test results	MRR 0.928039	H@1 0.869138	H@3 0.986384	H@5 0.993192	H@10 0.996974	H@20 0.997731	H@50 1.000000	H@100 1.000000
INFO:kbc-cli.py:Epoch 67/100	Loss 6.7990 ± 0.0595
INFO:kbc-cli.py:Epoch 68/100	Loss 6.7945 ± 0.0534
INFO:kbc-cli.py:Epoch 69/100	Loss 6.7888 ± 0.0712
INFO:kbc-cli.py:Epoch 69/100	dev results	MRR 0.934070	H@1 0.884969	H@3 0.980061	H@5 0.986196	H@10 0.991564	H@20 0.996166	H@50 1.000000	H@100 1.000000
INFO:kbc-cli.py:Epoch 69/100	test results	MRR 0.929925	H@1 0.872163	H@3 0.986384	H@5 0.993192	H@10 0.996974	H@20 0.997731	H@50 1.000000	H@100 1.000000
INFO:kbc-cli.py:Epoch 70/100	Loss 6.7949 ± 0.0663
INFO:kbc-cli.py:Epoch 71/100	Loss 6.7950 ± 0.0689
INFO:kbc-cli.py:Epoch 72/100	Loss 6.7870 ± 0.0414
INFO:kbc-cli.py:Epoch 72/100	dev results	MRR 0.930830	H@1 0.878834	H@3 0.979294	H@5 0.986963	H@10 0.991564	H@20 0.996166	H@50 1.000000	H@100 1.000000
INFO:kbc-cli.py:Epoch 72/100	test results	MRR 0.928949	H@1 0.870651	H@3 0.986384	H@5 0.991679	H@10 0.996974	H@20 0.997731	H@50 1.000000	H@100 1.000000
INFO:kbc-cli.py:Epoch 73/100	Loss 6.7950 ± 0.0677
INFO:kbc-cli.py:Epoch 74/100	Loss 6.7837 ± 0.0630
INFO:kbc-cli.py:Epoch 75/100	Loss 6.7824 ± 0.0581
INFO:kbc-cli.py:Epoch 75/100	dev results	MRR 0.931927	H@1 0.881135	H@3 0.978528	H@5 0.986963	H@10 0.990798	H@20 0.996166	H@50 1.000000	H@100 1.000000
INFO:kbc-cli.py:Epoch 75/100	test results	MRR 0.931501	H@1 0.875946	H@3 0.985628	H@5 0.993949	H@10 0.996974	H@20 0.997731	H@50 1.000000	H@100 1.000000
INFO:kbc-cli.py:Epoch 76/100	Loss 6.7931 ± 0.0631
INFO:kbc-cli.py:Epoch 77/100	Loss 6.7829 ± 0.0739
INFO:kbc-cli.py:Epoch 78/100	Loss 6.7927 ± 0.0652
INFO:kbc-cli.py:Epoch 78/100	dev results	MRR 0.933219	H@1 0.883436	H@3 0.979294	H@5 0.986963	H@10 0.992331	H@20 0.996166	H@50 1.000000	H@100 1.000000
INFO:kbc-cli.py:Epoch 78/100	test results	MRR 0.930048	H@1 0.872920	H@3 0.986384	H@5 0.993192	H@10 0.996974	H@20 0.997731	H@50 1.000000	H@100 1.000000
INFO:kbc-cli.py:Epoch 79/100	Loss 6.7878 ± 0.0300
INFO:kbc-cli.py:Epoch 80/100	Loss 6.7822 ± 0.0357
INFO:kbc-cli.py:Epoch 81/100	Loss 6.7879 ± 0.0459
INFO:kbc-cli.py:Epoch 81/100	dev results	MRR 0.933019	H@1 0.882669	H@3 0.979294	H@5 0.986963	H@10 0.992331	H@20 0.996166	H@50 1.000000	H@100 1.000000
INFO:kbc-cli.py:Epoch 81/100	test results	MRR 0.932573	H@1 0.876702	H@3 0.988654	H@5 0.992436	H@10 0.996974	H@20 0.997731	H@50 1.000000	H@100 1.000000
INFO:kbc-cli.py:Epoch 82/100	Loss 6.7853 ± 0.0469
INFO:kbc-cli.py:Epoch 83/100	Loss 6.7874 ± 0.0485
INFO:kbc-cli.py:Epoch 84/100	Loss 6.7853 ± 0.0548
INFO:kbc-cli.py:Epoch 84/100	dev results	MRR 0.934694	H@1 0.886503	H@3 0.979294	H@5 0.986196	H@10 0.992331	H@20 0.996933	H@50 1.000000	H@100 1.000000
INFO:kbc-cli.py:Epoch 84/100	test results	MRR 0.928644	H@1 0.869894	H@3 0.987141	H@5 0.991679	H@10 0.996974	H@20 0.997731	H@50 1.000000	H@100 1.000000
INFO:kbc-cli.py:Epoch 85/100	Loss 6.7836 ± 0.0691
INFO:kbc-cli.py:Epoch 86/100	Loss 6.7866 ± 0.0586
INFO:kbc-cli.py:Epoch 87/100	Loss 6.7821 ± 0.0716
INFO:kbc-cli.py:Epoch 87/100	dev results	MRR 0.931485	H@1 0.879601	H@3 0.980828	H@5 0.986963	H@10 0.992331	H@20 0.997699	H@50 1.000000	H@100 1.000000
INFO:kbc-cli.py:Epoch 87/100	test results	MRR 0.929127	H@1 0.869894	H@3 0.988654	H@5 0.992436	H@10 0.996974	H@20 0.997731	H@50 1.000000	H@100 1.000000
INFO:kbc-cli.py:Epoch 88/100	Loss 6.7851 ± 0.0510
INFO:kbc-cli.py:Epoch 89/100	Loss 6.7840 ± 0.0610
INFO:kbc-cli.py:Epoch 90/100	Loss 6.7855 ± 0.0558
INFO:kbc-cli.py:Epoch 90/100	dev results	MRR 0.931000	H@1 0.878834	H@3 0.980828	H@5 0.986963	H@10 0.991564	H@20 0.996933	H@50 1.000000	H@100 1.000000
INFO:kbc-cli.py:Epoch 90/100	test results	MRR 0.929367	H@1 0.871407	H@3 0.987141	H@5 0.991679	H@10 0.996974	H@20 0.997731	H@50 1.000000	H@100 1.000000
INFO:kbc-cli.py:Epoch 91/100	Loss 6.7840 ± 0.0537
INFO:kbc-cli.py:Epoch 92/100	Loss 6.7759 ± 0.0516
INFO:kbc-cli.py:Epoch 93/100	Loss 6.7815 ± 0.0628
INFO:kbc-cli.py:Epoch 93/100	dev results	MRR 0.932423	H@1 0.881135	H@3 0.980828	H@5 0.986963	H@10 0.992331	H@20 0.996933	H@50 1.000000	H@100 1.000000
INFO:kbc-cli.py:Epoch 93/100	test results	MRR 0.929290	H@1 0.871407	H@3 0.986384	H@5 0.991679	H@10 0.996974	H@20 0.997731	H@50 1.000000	H@100 1.000000
INFO:kbc-cli.py:Epoch 94/100	Loss 6.7765 ± 0.0441
INFO:kbc-cli.py:Epoch 95/100	Loss 6.7734 ± 0.0711
INFO:kbc-cli.py:Epoch 96/100	Loss 6.7773 ± 0.0596
INFO:kbc-cli.py:Epoch 96/100	dev results	MRR 0.935509	H@1 0.887270	H@3 0.980828	H@5 0.987730	H@10 0.993098	H@20 0.997699	H@50 1.000000	H@100 1.000000
INFO:kbc-cli.py:Epoch 96/100	test results	MRR 0.932830	H@1 0.878215	H@3 0.987141	H@5 0.991679	H@10 0.996974	H@20 0.997731	H@50 1.000000	H@100 1.000000
INFO:kbc-cli.py:Epoch 97/100	Loss 6.7780 ± 0.0493
INFO:kbc-cli.py:Epoch 98/100	Loss 6.7859 ± 0.0748
INFO:kbc-cli.py:Epoch 99/100	Loss 6.7782 ± 0.0479
INFO:kbc-cli.py:Epoch 99/100	dev results	MRR 0.933960	H@1 0.884969	H@3 0.979294	H@5 0.986963	H@10 0.992331	H@20 0.996933	H@50 1.000000	H@100 1.000000
INFO:kbc-cli.py:Epoch 99/100	test results	MRR 0.934016	H@1 0.880484	H@3 0.986384	H@5 0.991679	H@10 0.996974	H@20 0.997731	H@50 1.000000	H@100 1.000000
INFO:kbc-cli.py:Epoch 100/100	Loss 6.7709 ± 0.0715
INFO:kbc-cli.py:Final 	dev results	MRR 0.936240	H@1 0.888804	H@3 0.980061	H@5 0.987730	H@10 0.993098	H@20 0.996933	H@50 1.000000	H@100 1.000000
INFO:kbc-cli.py:Final 	test results	MRR 0.933257	H@1 0.878971	H@3 0.987141	H@5 0.993192	H@10 0.996974	H@20 0.997731	H@50 1.000000	H@100 1.000000
INFO:kbc-cli.py:Training finished
