./bin/kbc-cli.py --train data/umls/train.tsv --dev data/umls/dev.tsv --test data/umls/test.tsv -m complex -k 200 -b 100 -e 100 --F2 0 --N3 0.005 -l 0.1 -I reciprocal -V 3 -o adagrad -c spo -q
{'F2': 0.0,
 'N3': 0.005,
 'batch_size': 100,
 'corruption': 'spo',
 'dev': 'data/umls/dev.tsv',
 'embedding_size': 200,
 'epochs': 100,
 'eval_batch_size': None,
 'input_type': 'reciprocal',
 'learning_rate': 0.1,
 'load': None,
 'model': 'complex',
 'optimizer': 'adagrad',
 'quiet': True,
 'save': None,
 'seed': 0,
 'test': 'data/umls/test.tsv',
 'test_i': None,
 'test_ii': None,
 'train': 'data/umls/train.tsv',
 'validate_every': 3}
INFO:kbc-cli.py:Device: cuda
INFO:kbc-cli.py:Model state:
INFO:kbc-cli.py:	entities.weight	torch.Size([135, 400])
INFO:kbc-cli.py:	predicates.weight	torch.Size([92, 400])
INFO:kbc-cli.py:Epoch 1/100	Loss 9.8090 ± 2.2980
INFO:kbc-cli.py:Epoch 2/100	Loss 7.0315 ± 0.1931
INFO:kbc-cli.py:Epoch 3/100	Loss 6.7649 ± 0.1971
INFO:kbc-cli.py:Epoch 3/100	dev results	MRR 0.890639	H@1 0.798313	H@3 0.978528	H@5 0.988497	H@10 0.993865	H@20 0.998466	H@50 1.000000	H@100 1.000000
INFO:kbc-cli.py:Epoch 3/100	test results	MRR 0.882544	H@1 0.780635	H@3 0.983359	H@5 0.988654	H@10 0.996218	H@20 0.997731	H@50 0.999244	H@100 0.999244
INFO:kbc-cli.py:Epoch 4/100	Loss 6.6465 ± 0.2181
INFO:kbc-cli.py:Epoch 5/100	Loss 6.5733 ± 0.2023
INFO:kbc-cli.py:Epoch 6/100	Loss 6.5165 ± 0.2198
INFO:kbc-cli.py:Epoch 6/100	dev results	MRR 0.929126	H@1 0.871166	H@3 0.983896	H@5 0.991564	H@10 0.994632	H@20 0.997699	H@50 1.000000	H@100 1.000000
INFO:kbc-cli.py:Epoch 6/100	test results	MRR 0.924711	H@1 0.861573	H@3 0.985628	H@5 0.992436	H@10 0.996218	H@20 0.997731	H@50 0.999244	H@100 1.000000
INFO:kbc-cli.py:Epoch 7/100	Loss 6.4727 ± 0.1960
INFO:kbc-cli.py:Epoch 8/100	Loss 6.4418 ± 0.2093
INFO:kbc-cli.py:Epoch 9/100	Loss 6.4107 ± 0.2010
INFO:kbc-cli.py:Epoch 9/100	dev results	MRR 0.935988	H@1 0.886503	H@3 0.981595	H@5 0.991564	H@10 0.995399	H@20 0.998466	H@50 1.000000	H@100 1.000000
INFO:kbc-cli.py:Epoch 9/100	test results	MRR 0.935296	H@1 0.883510	H@3 0.985628	H@5 0.992436	H@10 0.995461	H@20 0.997731	H@50 0.999244	H@100 1.000000
INFO:kbc-cli.py:Epoch 10/100	Loss 6.3852 ± 0.1964
INFO:kbc-cli.py:Epoch 11/100	Loss 6.3634 ± 0.2039
INFO:kbc-cli.py:Epoch 12/100	Loss 6.3459 ± 0.1933
INFO:kbc-cli.py:Epoch 12/100	dev results	MRR 0.942461	H@1 0.898773	H@3 0.984663	H@5 0.990798	H@10 0.995399	H@20 0.997699	H@50 1.000000	H@100 1.000000
INFO:kbc-cli.py:Epoch 12/100	test results	MRR 0.941015	H@1 0.895613	H@3 0.986384	H@5 0.992436	H@10 0.995461	H@20 0.998487	H@50 0.999244	H@100 1.000000
INFO:kbc-cli.py:Epoch 13/100	Loss 6.3297 ± 0.1642
INFO:kbc-cli.py:Epoch 14/100	Loss 6.3192 ± 0.1975
INFO:kbc-cli.py:Epoch 15/100	Loss 6.3037 ± 0.1979
INFO:kbc-cli.py:Epoch 15/100	dev results	MRR 0.936819	H@1 0.888037	H@3 0.979294	H@5 0.991564	H@10 0.995399	H@20 0.998466	H@50 1.000000	H@100 1.000000
INFO:kbc-cli.py:Epoch 15/100	test results	MRR 0.943207	H@1 0.899395	H@3 0.984871	H@5 0.992436	H@10 0.996218	H@20 0.998487	H@50 0.999244	H@100 1.000000
INFO:kbc-cli.py:Epoch 16/100	Loss 6.2895 ± 0.1705
INFO:kbc-cli.py:Epoch 17/100	Loss 6.2808 ± 0.1767
INFO:kbc-cli.py:Epoch 18/100	Loss 6.2693 ± 0.1719
INFO:kbc-cli.py:Epoch 18/100	dev results	MRR 0.942412	H@1 0.899540	H@3 0.981595	H@5 0.990798	H@10 0.995399	H@20 0.998466	H@50 1.000000	H@100 1.000000
INFO:kbc-cli.py:Epoch 18/100	test results	MRR 0.948872	H@1 0.911498	H@3 0.984115	H@5 0.992436	H@10 0.995461	H@20 0.997731	H@50 0.999244	H@100 1.000000
INFO:kbc-cli.py:Epoch 19/100	Loss 6.2616 ± 0.1873
INFO:kbc-cli.py:Epoch 20/100	Loss 6.2542 ± 0.1892
INFO:kbc-cli.py:Epoch 21/100	Loss 6.2486 ± 0.1891
INFO:kbc-cli.py:Epoch 21/100	dev results	MRR 0.936705	H@1 0.888037	H@3 0.980828	H@5 0.990798	H@10 0.995399	H@20 0.998466	H@50 1.000000	H@100 1.000000
INFO:kbc-cli.py:Epoch 21/100	test results	MRR 0.941516	H@1 0.895613	H@3 0.986384	H@5 0.990923	H@10 0.995461	H@20 0.997731	H@50 0.999244	H@100 1.000000
INFO:kbc-cli.py:Epoch 22/100	Loss 6.2373 ± 0.1920
INFO:kbc-cli.py:Epoch 23/100	Loss 6.2332 ± 0.1801
INFO:kbc-cli.py:Epoch 24/100	Loss 6.2297 ± 0.1926
INFO:kbc-cli.py:Epoch 24/100	dev results	MRR 0.943967	H@1 0.901840	H@3 0.983129	H@5 0.991564	H@10 0.995399	H@20 0.997699	H@50 1.000000	H@100 1.000000
INFO:kbc-cli.py:Epoch 24/100	test results	MRR 0.950016	H@1 0.912254	H@3 0.984115	H@5 0.992436	H@10 0.995461	H@20 0.997731	H@50 0.999244	H@100 1.000000
INFO:kbc-cli.py:Epoch 25/100	Loss 6.2225 ± 0.1907
INFO:kbc-cli.py:Epoch 26/100	Loss 6.2135 ± 0.1865
INFO:kbc-cli.py:Epoch 27/100	Loss 6.2083 ± 0.1772
INFO:kbc-cli.py:Epoch 27/100	dev results	MRR 0.946527	H@1 0.907209	H@3 0.982362	H@5 0.990798	H@10 0.994632	H@20 0.997699	H@50 1.000000	H@100 1.000000
INFO:kbc-cli.py:Epoch 27/100	test results	MRR 0.954080	H@1 0.921331	H@3 0.983359	H@5 0.990166	H@10 0.995461	H@20 0.997731	H@50 0.999244	H@100 1.000000
INFO:kbc-cli.py:Epoch 28/100	Loss 6.2039 ± 0.1867
INFO:kbc-cli.py:Epoch 29/100	Loss 6.1999 ± 0.1653
INFO:kbc-cli.py:Epoch 30/100	Loss 6.1999 ± 0.1864
INFO:kbc-cli.py:Epoch 30/100	dev results	MRR 0.950965	H@1 0.916411	H@3 0.981595	H@5 0.990031	H@10 0.994632	H@20 0.997699	H@50 1.000000	H@100 1.000000
INFO:kbc-cli.py:Epoch 30/100	test results	MRR 0.955066	H@1 0.922844	H@3 0.984115	H@5 0.990166	H@10 0.995461	H@20 0.997731	H@50 0.999244	H@100 1.000000
INFO:kbc-cli.py:Epoch 31/100	Loss 6.1919 ± 0.1797
INFO:kbc-cli.py:Epoch 32/100	Loss 6.1870 ± 0.1732
INFO:kbc-cli.py:Epoch 33/100	Loss 6.1821 ± 0.1746
INFO:kbc-cli.py:Epoch 33/100	dev results	MRR 0.947266	H@1 0.909509	H@3 0.981595	H@5 0.990798	H@10 0.994632	H@20 0.997699	H@50 1.000000	H@100 1.000000
INFO:kbc-cli.py:Epoch 33/100	test results	MRR 0.953581	H@1 0.919818	H@3 0.984115	H@5 0.990923	H@10 0.995461	H@20 0.997731	H@50 0.999244	H@100 1.000000
INFO:kbc-cli.py:Epoch 34/100	Loss 6.1785 ± 0.1500
INFO:kbc-cli.py:Epoch 35/100	Loss 6.1773 ± 0.1619
INFO:kbc-cli.py:Epoch 36/100	Loss 6.1745 ± 0.1530
INFO:kbc-cli.py:Epoch 36/100	dev results	MRR 0.950420	H@1 0.914877	H@3 0.982362	H@5 0.990798	H@10 0.993865	H@20 0.997699	H@50 1.000000	H@100 1.000000
INFO:kbc-cli.py:Epoch 36/100	test results	MRR 0.953755	H@1 0.920575	H@3 0.984115	H@5 0.989410	H@10 0.995461	H@20 0.997731	H@50 0.999244	H@100 1.000000
INFO:kbc-cli.py:Epoch 37/100	Loss 6.1735 ± 0.1696
INFO:kbc-cli.py:Epoch 38/100	Loss 6.1646 ± 0.1710
INFO:kbc-cli.py:Epoch 39/100	Loss 6.1656 ± 0.1761
INFO:kbc-cli.py:Epoch 39/100	dev results	MRR 0.946131	H@1 0.906442	H@3 0.982362	H@5 0.990031	H@10 0.993865	H@20 0.997699	H@50 1.000000	H@100 1.000000
INFO:kbc-cli.py:Epoch 39/100	test results	MRR 0.952344	H@1 0.918306	H@3 0.984115	H@5 0.989410	H@10 0.995461	H@20 0.997731	H@50 0.999244	H@100 1.000000
INFO:kbc-cli.py:Epoch 40/100	Loss 6.1635 ± 0.1754
INFO:kbc-cli.py:Epoch 41/100	Loss 6.1588 ± 0.1601
INFO:kbc-cli.py:Epoch 42/100	Loss 6.1547 ± 0.1736
INFO:kbc-cli.py:Epoch 42/100	dev results	MRR 0.949586	H@1 0.913344	H@3 0.982362	H@5 0.990031	H@10 0.993865	H@20 0.996933	H@50 1.000000	H@100 1.000000
INFO:kbc-cli.py:Epoch 42/100	test results	MRR 0.954043	H@1 0.921331	H@3 0.983359	H@5 0.990166	H@10 0.995461	H@20 0.997731	H@50 0.999244	H@100 1.000000
INFO:kbc-cli.py:Epoch 43/100	Loss 6.1522 ± 0.1458
INFO:kbc-cli.py:Epoch 44/100	Loss 6.1494 ± 0.1749
INFO:kbc-cli.py:Epoch 45/100	Loss 6.1461 ± 0.1798
INFO:kbc-cli.py:Epoch 45/100	dev results	MRR 0.949502	H@1 0.913344	H@3 0.982362	H@5 0.990798	H@10 0.993865	H@20 0.997699	H@50 1.000000	H@100 1.000000
INFO:kbc-cli.py:Epoch 45/100	test results	MRR 0.954349	H@1 0.922088	H@3 0.984115	H@5 0.989410	H@10 0.995461	H@20 0.997731	H@50 0.999244	H@100 1.000000
INFO:kbc-cli.py:Epoch 46/100	Loss 6.1442 ± 0.1576
INFO:kbc-cli.py:Epoch 47/100	Loss 6.1450 ± 0.1698
INFO:kbc-cli.py:Epoch 48/100	Loss 6.1390 ± 0.1689
INFO:kbc-cli.py:Epoch 48/100	dev results	MRR 0.944851	H@1 0.904141	H@3 0.980828	H@5 0.990798	H@10 0.993098	H@20 0.996933	H@50 1.000000	H@100 1.000000
INFO:kbc-cli.py:Epoch 48/100	test results	MRR 0.950499	H@1 0.913767	H@3 0.984115	H@5 0.990923	H@10 0.995461	H@20 0.997731	H@50 0.999244	H@100 1.000000
INFO:kbc-cli.py:Epoch 49/100	Loss 6.1415 ± 0.1743
INFO:kbc-cli.py:Epoch 50/100	Loss 6.1348 ± 0.1355
INFO:kbc-cli.py:Epoch 51/100	Loss 6.1365 ± 0.1932
INFO:kbc-cli.py:Epoch 51/100	dev results	MRR 0.950918	H@1 0.915644	H@3 0.982362	H@5 0.990031	H@10 0.993098	H@20 0.996933	H@50 1.000000	H@100 1.000000
INFO:kbc-cli.py:Epoch 51/100	test results	MRR 0.956147	H@1 0.925870	H@3 0.982602	H@5 0.990923	H@10 0.995461	H@20 0.997731	H@50 0.999244	H@100 1.000000
INFO:kbc-cli.py:Epoch 52/100	Loss 6.1340 ± 0.1662
INFO:kbc-cli.py:Epoch 53/100	Loss 6.1291 ± 0.1706
INFO:kbc-cli.py:Epoch 54/100	Loss 6.1317 ± 0.1837
INFO:kbc-cli.py:Epoch 54/100	dev results	MRR 0.952916	H@1 0.919479	H@3 0.983896	H@5 0.990798	H@10 0.993098	H@20 0.996933	H@50 1.000000	H@100 1.000000
INFO:kbc-cli.py:Epoch 54/100	test results	MRR 0.955626	H@1 0.924357	H@3 0.983359	H@5 0.990166	H@10 0.995461	H@20 0.997731	H@50 0.999244	H@100 1.000000
INFO:kbc-cli.py:Epoch 55/100	Loss 6.1284 ± 0.1601
INFO:kbc-cli.py:Epoch 56/100	Loss 6.1263 ± 0.1479
INFO:kbc-cli.py:Epoch 57/100	Loss 6.1261 ± 0.1669
INFO:kbc-cli.py:Epoch 57/100	dev results	MRR 0.951131	H@1 0.916411	H@3 0.983129	H@5 0.990031	H@10 0.993098	H@20 0.996933	H@50 1.000000	H@100 1.000000
INFO:kbc-cli.py:Epoch 57/100	test results	MRR 0.957344	H@1 0.927383	H@3 0.984115	H@5 0.991679	H@10 0.995461	H@20 0.997731	H@50 0.999244	H@100 1.000000
INFO:kbc-cli.py:Epoch 58/100	Loss 6.1201 ± 0.1555
INFO:kbc-cli.py:Epoch 59/100	Loss 6.1188 ± 0.1705
INFO:kbc-cli.py:Epoch 60/100	Loss 6.1211 ± 0.1492
INFO:kbc-cli.py:Epoch 60/100	dev results	MRR 0.946982	H@1 0.907975	H@3 0.983896	H@5 0.990031	H@10 0.993865	H@20 0.996933	H@50 1.000000	H@100 1.000000
INFO:kbc-cli.py:Epoch 60/100	test results	MRR 0.954030	H@1 0.921331	H@3 0.983359	H@5 0.990166	H@10 0.995461	H@20 0.997731	H@50 0.999244	H@100 1.000000
INFO:kbc-cli.py:Epoch 61/100	Loss 6.1192 ± 0.1476
INFO:kbc-cli.py:Epoch 62/100	Loss 6.1185 ± 0.1839
INFO:kbc-cli.py:Epoch 63/100	Loss 6.1189 ± 0.1674
INFO:kbc-cli.py:Epoch 63/100	dev results	MRR 0.948710	H@1 0.911810	H@3 0.983129	H@5 0.990031	H@10 0.993865	H@20 0.996933	H@50 1.000000	H@100 1.000000
INFO:kbc-cli.py:Epoch 63/100	test results	MRR 0.957667	H@1 0.928896	H@3 0.983359	H@5 0.990166	H@10 0.995461	H@20 0.997731	H@50 0.999244	H@100 1.000000
INFO:kbc-cli.py:Epoch 64/100	Loss 6.1153 ± 0.1683
INFO:kbc-cli.py:Epoch 65/100	Loss 6.1117 ± 0.1434
INFO:kbc-cli.py:Epoch 66/100	Loss 6.1080 ± 0.1911
INFO:kbc-cli.py:Epoch 66/100	dev results	MRR 0.953683	H@1 0.920245	H@3 0.983896	H@5 0.990031	H@10 0.993865	H@20 0.996933	H@50 1.000000	H@100 1.000000
INFO:kbc-cli.py:Epoch 66/100	test results	MRR 0.958377	H@1 0.929652	H@3 0.983359	H@5 0.990166	H@10 0.995461	H@20 0.997731	H@50 0.999244	H@100 1.000000
INFO:kbc-cli.py:Epoch 67/100	Loss 6.1087 ± 0.1570
INFO:kbc-cli.py:Epoch 68/100	Loss 6.1112 ± 0.1788
INFO:kbc-cli.py:Epoch 69/100	Loss 6.1078 ± 0.1685
INFO:kbc-cli.py:Epoch 69/100	dev results	MRR 0.951175	H@1 0.916411	H@3 0.983896	H@5 0.989264	H@10 0.993865	H@20 0.996933	H@50 1.000000	H@100 1.000000
INFO:kbc-cli.py:Epoch 69/100	test results	MRR 0.956844	H@1 0.926626	H@3 0.984115	H@5 0.990923	H@10 0.995461	H@20 0.997731	H@50 0.999244	H@100 1.000000
INFO:kbc-cli.py:Epoch 70/100	Loss 6.1076 ± 0.1539
INFO:kbc-cli.py:Epoch 71/100	Loss 6.1081 ± 0.1658
INFO:kbc-cli.py:Epoch 72/100	Loss 6.1040 ± 0.1382
INFO:kbc-cli.py:Epoch 72/100	dev results	MRR 0.946125	H@1 0.906442	H@3 0.983896	H@5 0.990798	H@10 0.993865	H@20 0.996933	H@50 1.000000	H@100 1.000000
INFO:kbc-cli.py:Epoch 72/100	test results	MRR 0.952008	H@1 0.917549	H@3 0.983359	H@5 0.990923	H@10 0.995461	H@20 0.997731	H@50 0.999244	H@100 1.000000
INFO:kbc-cli.py:Epoch 73/100	Loss 6.1029 ± 0.1689
INFO:kbc-cli.py:Epoch 74/100	Loss 6.1027 ± 0.1526
INFO:kbc-cli.py:Epoch 75/100	Loss 6.1003 ± 0.1627
INFO:kbc-cli.py:Epoch 75/100	dev results	MRR 0.946369	H@1 0.907209	H@3 0.983129	H@5 0.989264	H@10 0.993865	H@20 0.996933	H@50 1.000000	H@100 1.000000
INFO:kbc-cli.py:Epoch 75/100	test results	MRR 0.954209	H@1 0.921331	H@3 0.984115	H@5 0.990923	H@10 0.995461	H@20 0.997731	H@50 0.999244	H@100 1.000000
INFO:kbc-cli.py:Epoch 76/100	Loss 6.1009 ± 0.1599
INFO:kbc-cli.py:Epoch 77/100	Loss 6.0977 ± 0.1585
INFO:kbc-cli.py:Epoch 78/100	Loss 6.0962 ± 0.1625
INFO:kbc-cli.py:Epoch 78/100	dev results	MRR 0.949057	H@1 0.912577	H@3 0.983896	H@5 0.990798	H@10 0.993865	H@20 0.996933	H@50 1.000000	H@100 1.000000
INFO:kbc-cli.py:Epoch 78/100	test results	MRR 0.954270	H@1 0.922088	H@3 0.984115	H@5 0.989410	H@10 0.995461	H@20 0.997731	H@50 0.999244	H@100 1.000000
INFO:kbc-cli.py:Epoch 79/100	Loss 6.0953 ± 0.1687
INFO:kbc-cli.py:Epoch 80/100	Loss 6.0938 ± 0.1522
INFO:kbc-cli.py:Epoch 81/100	Loss 6.0956 ± 0.1591
INFO:kbc-cli.py:Epoch 81/100	dev results	MRR 0.948007	H@1 0.911043	H@3 0.983129	H@5 0.990031	H@10 0.993865	H@20 0.996933	H@50 1.000000	H@100 1.000000
INFO:kbc-cli.py:Epoch 81/100	test results	MRR 0.955354	H@1 0.923601	H@3 0.983359	H@5 0.990166	H@10 0.995461	H@20 0.997731	H@50 0.999244	H@100 1.000000
INFO:kbc-cli.py:Epoch 82/100	Loss 6.0930 ± 0.1608
INFO:kbc-cli.py:Epoch 83/100	Loss 6.0923 ± 0.1502
INFO:kbc-cli.py:Epoch 84/100	Loss 6.0891 ± 0.1541
INFO:kbc-cli.py:Epoch 84/100	dev results	MRR 0.946507	H@1 0.907975	H@3 0.982362	H@5 0.988497	H@10 0.993865	H@20 0.996933	H@50 1.000000	H@100 1.000000
INFO:kbc-cli.py:Epoch 84/100	test results	MRR 0.953975	H@1 0.921331	H@3 0.982602	H@5 0.990923	H@10 0.995461	H@20 0.997731	H@50 0.999244	H@100 1.000000
INFO:kbc-cli.py:Epoch 85/100	Loss 6.0914 ± 0.1637
INFO:kbc-cli.py:Epoch 86/100	Loss 6.0912 ± 0.1618
INFO:kbc-cli.py:Epoch 87/100	Loss 6.0861 ± 0.1575
INFO:kbc-cli.py:Epoch 87/100	dev results	MRR 0.947031	H@1 0.908742	H@3 0.983896	H@5 0.989264	H@10 0.993865	H@20 0.996933	H@50 1.000000	H@100 1.000000
INFO:kbc-cli.py:Epoch 87/100	test results	MRR 0.956051	H@1 0.925113	H@3 0.983359	H@5 0.989410	H@10 0.995461	H@20 0.997731	H@50 0.999244	H@100 1.000000
INFO:kbc-cli.py:Epoch 88/100	Loss 6.0885 ± 0.1537
INFO:kbc-cli.py:Epoch 89/100	Loss 6.0876 ± 0.1581
INFO:kbc-cli.py:Epoch 90/100	Loss 6.0857 ± 0.1399
INFO:kbc-cli.py:Epoch 90/100	dev results	MRR 0.948174	H@1 0.911043	H@3 0.983896	H@5 0.989264	H@10 0.993865	H@20 0.996933	H@50 1.000000	H@100 1.000000
INFO:kbc-cli.py:Epoch 90/100	test results	MRR 0.953995	H@1 0.922088	H@3 0.981846	H@5 0.990923	H@10 0.995461	H@20 0.997731	H@50 0.999244	H@100 1.000000
INFO:kbc-cli.py:Epoch 91/100	Loss 6.0840 ± 0.1383
INFO:kbc-cli.py:Epoch 92/100	Loss 6.0849 ± 0.1555
INFO:kbc-cli.py:Epoch 93/100	Loss 6.0847 ± 0.1592
INFO:kbc-cli.py:Epoch 93/100	dev results	MRR 0.948420	H@1 0.911810	H@3 0.983896	H@5 0.989264	H@10 0.993865	H@20 0.996933	H@50 1.000000	H@100 1.000000
INFO:kbc-cli.py:Epoch 93/100	test results	MRR 0.954376	H@1 0.922088	H@3 0.982602	H@5 0.990166	H@10 0.995461	H@20 0.997731	H@50 0.999244	H@100 1.000000
INFO:kbc-cli.py:Epoch 94/100	Loss 6.0815 ± 0.1816
INFO:kbc-cli.py:Epoch 95/100	Loss 6.0829 ± 0.1618
INFO:kbc-cli.py:Epoch 96/100	Loss 6.0788 ± 0.1553
INFO:kbc-cli.py:Epoch 96/100	dev results	MRR 0.950700	H@1 0.916411	H@3 0.983896	H@5 0.990031	H@10 0.993865	H@20 0.996933	H@50 1.000000	H@100 1.000000
INFO:kbc-cli.py:Epoch 96/100	test results	MRR 0.954348	H@1 0.922088	H@3 0.981846	H@5 0.990923	H@10 0.995461	H@20 0.997731	H@50 0.999244	H@100 1.000000
INFO:kbc-cli.py:Epoch 97/100	Loss 6.0794 ± 0.1537
INFO:kbc-cli.py:Epoch 98/100	Loss 6.0772 ± 0.1580
INFO:kbc-cli.py:Epoch 99/100	Loss 6.0819 ± 0.1538
INFO:kbc-cli.py:Epoch 99/100	dev results	MRR 0.949464	H@1 0.914110	H@3 0.983896	H@5 0.990031	H@10 0.993865	H@20 0.996933	H@50 1.000000	H@100 1.000000
INFO:kbc-cli.py:Epoch 99/100	test results	MRR 0.956063	H@1 0.925113	H@3 0.983359	H@5 0.990166	H@10 0.995461	H@20 0.997731	H@50 0.999244	H@100 1.000000
INFO:kbc-cli.py:Epoch 100/100	Loss 6.0796 ± 0.1452
INFO:kbc-cli.py:Final 	dev results	MRR 0.949976	H@1 0.914877	H@3 0.983896	H@5 0.990031	H@10 0.993865	H@20 0.996933	H@50 1.000000	H@100 1.000000
INFO:kbc-cli.py:Final 	test results	MRR 0.955206	H@1 0.923601	H@3 0.982602	H@5 0.990166	H@10 0.995461	H@20 0.997731	H@50 0.999244	H@100 1.000000
INFO:kbc-cli.py:Training finished
