./bin/kbc-cli.py --train data/kinship/train.tsv --dev data/kinship/dev.tsv --test data/kinship/test.tsv -m complex -k 100 -b 10 -e 100 --F2 0 --N3 0.1 -l 0.1 -I reciprocal -V 3 -o adagrad -c spo -q
{'F2': 0.0,
 'N3': 0.1,
 'batch_size': 10,
 'corruption': 'spo',
 'dev': 'data/kinship/dev.tsv',
 'embedding_size': 100,
 'epochs': 100,
 'eval_batch_size': None,
 'input_type': 'reciprocal',
 'learning_rate': 0.1,
 'load': None,
 'model': 'complex',
 'optimizer': 'adagrad',
 'quiet': True,
 'save': None,
 'seed': 0,
 'test': 'data/kinship/test.tsv',
 'test_i': None,
 'test_ii': None,
 'train': 'data/kinship/train.tsv',
 'validate_every': 3}
INFO:kbc-cli.py:Device: cuda
INFO:kbc-cli.py:Model state:
INFO:kbc-cli.py:	entities.weight	torch.Size([104, 200])
INFO:kbc-cli.py:	predicates.weight	torch.Size([50, 200])
INFO:kbc-cli.py:Epoch 1/100	Loss 10.5424 ± 1.7240
INFO:kbc-cli.py:Epoch 2/100	Loss 9.2398 ± 0.6016
INFO:kbc-cli.py:Epoch 3/100	Loss 9.1257 ± 0.5698
INFO:kbc-cli.py:Epoch 3/100	dev results	MRR 0.753194	H@1 0.633427	H@3 0.843633	H@5 0.910581	H@10 0.964888	H@20 0.983146	H@50 0.995318	H@100 1.000000
INFO:kbc-cli.py:Epoch 3/100	test results	MRR 0.751120	H@1 0.627095	H@3 0.853818	H@5 0.913408	H@10 0.966946	H@20 0.988361	H@50 0.996741	H@100 1.000000
INFO:kbc-cli.py:Epoch 4/100	Loss 9.0753 ± 0.5619
INFO:kbc-cli.py:Epoch 5/100	Loss 9.0428 ± 0.5658
INFO:kbc-cli.py:Epoch 6/100	Loss 9.0213 ± 0.5573
INFO:kbc-cli.py:Epoch 6/100	dev results	MRR 0.785318	H@1 0.677903	H@3 0.866573	H@5 0.920880	H@10 0.970037	H@20 0.982678	H@50 0.993914	H@100 1.000000
INFO:kbc-cli.py:Epoch 6/100	test results	MRR 0.782829	H@1 0.671788	H@3 0.872905	H@5 0.928771	H@10 0.972998	H@20 0.990223	H@50 0.996276	H@100 1.000000
INFO:kbc-cli.py:Epoch 7/100	Loss 9.0040 ± 0.5599
INFO:kbc-cli.py:Epoch 8/100	Loss 8.9913 ± 0.5449
INFO:kbc-cli.py:Epoch 9/100	Loss 8.9801 ± 0.5385
INFO:kbc-cli.py:Epoch 9/100	dev results	MRR 0.802314	H@1 0.700843	H@3 0.880150	H@5 0.927434	H@10 0.971442	H@20 0.983146	H@50 0.994382	H@100 1.000000
INFO:kbc-cli.py:Epoch 9/100	test results	MRR 0.803830	H@1 0.700652	H@3 0.888734	H@5 0.933892	H@10 0.975326	H@20 0.990223	H@50 0.997207	H@100 1.000000
INFO:kbc-cli.py:Epoch 10/100	Loss 8.9704 ± 0.5279
INFO:kbc-cli.py:Epoch 11/100	Loss 8.9623 ± 0.5217
INFO:kbc-cli.py:Epoch 12/100	Loss 8.9545 ± 0.5220
INFO:kbc-cli.py:Epoch 12/100	dev results	MRR 0.807768	H@1 0.708333	H@3 0.886236	H@5 0.931180	H@10 0.973783	H@20 0.984082	H@50 0.993914	H@100 1.000000
INFO:kbc-cli.py:Epoch 12/100	test results	MRR 0.807715	H@1 0.705307	H@3 0.893389	H@5 0.939944	H@10 0.976723	H@20 0.990689	H@50 0.995810	H@100 1.000000
INFO:kbc-cli.py:Epoch 13/100	Loss 8.9483 ± 0.5293
INFO:kbc-cli.py:Epoch 14/100	Loss 8.9420 ± 0.5163
INFO:kbc-cli.py:Epoch 15/100	Loss 8.9375 ± 0.5246
INFO:kbc-cli.py:Epoch 15/100	dev results	MRR 0.815977	H@1 0.721442	H@3 0.889045	H@5 0.933521	H@10 0.973315	H@20 0.984082	H@50 0.993914	H@100 1.000000
INFO:kbc-cli.py:Epoch 15/100	test results	MRR 0.817811	H@1 0.719274	H@3 0.897114	H@5 0.944134	H@10 0.978585	H@20 0.990223	H@50 0.995810	H@100 1.000000
INFO:kbc-cli.py:Epoch 16/100	Loss 8.9325 ± 0.5201
INFO:kbc-cli.py:Epoch 17/100	Loss 8.9285 ± 0.5236
INFO:kbc-cli.py:Epoch 18/100	Loss 8.9248 ± 0.5162
INFO:kbc-cli.py:Epoch 18/100	dev results	MRR 0.820253	H@1 0.727996	H@3 0.889981	H@5 0.937266	H@10 0.975187	H@20 0.984551	H@50 0.993914	H@100 1.000000
INFO:kbc-cli.py:Epoch 18/100	test results	MRR 0.822081	H@1 0.726257	H@3 0.904097	H@5 0.944134	H@10 0.977188	H@20 0.990689	H@50 0.996276	H@100 1.000000
INFO:kbc-cli.py:Epoch 19/100	Loss 8.9216 ± 0.5290
INFO:kbc-cli.py:Epoch 20/100	Loss 8.9181 ± 0.5026
INFO:kbc-cli.py:Epoch 21/100	Loss 8.9149 ± 0.5052
INFO:kbc-cli.py:Epoch 21/100	dev results	MRR 0.823303	H@1 0.731742	H@3 0.894663	H@5 0.941011	H@10 0.974719	H@20 0.985019	H@50 0.993914	H@100 1.000000
INFO:kbc-cli.py:Epoch 21/100	test results	MRR 0.826789	H@1 0.734171	H@3 0.904097	H@5 0.945531	H@10 0.978119	H@20 0.990689	H@50 0.996276	H@100 1.000000
INFO:kbc-cli.py:Epoch 22/100	Loss 8.9122 ± 0.5154
INFO:kbc-cli.py:Epoch 23/100	Loss 8.9095 ± 0.4964
INFO:kbc-cli.py:Epoch 24/100	Loss 8.9069 ± 0.5160
INFO:kbc-cli.py:Epoch 24/100	dev results	MRR 0.823479	H@1 0.730337	H@3 0.893727	H@5 0.943352	H@10 0.975187	H@20 0.984551	H@50 0.993914	H@100 1.000000
INFO:kbc-cli.py:Epoch 24/100	test results	MRR 0.827669	H@1 0.735568	H@3 0.905493	H@5 0.945531	H@10 0.977654	H@20 0.990223	H@50 0.995810	H@100 1.000000
INFO:kbc-cli.py:Epoch 25/100	Loss 8.9046 ± 0.5096
INFO:kbc-cli.py:Epoch 26/100	Loss 8.9026 ± 0.5113
INFO:kbc-cli.py:Epoch 27/100	Loss 8.9005 ± 0.5169
INFO:kbc-cli.py:Epoch 27/100	dev results	MRR 0.825762	H@1 0.735019	H@3 0.897940	H@5 0.944757	H@10 0.974719	H@20 0.984551	H@50 0.994382	H@100 1.000000
INFO:kbc-cli.py:Epoch 27/100	test results	MRR 0.826692	H@1 0.731844	H@3 0.906425	H@5 0.948324	H@10 0.979050	H@20 0.991155	H@50 0.995810	H@100 1.000000
INFO:kbc-cli.py:Epoch 28/100	Loss 8.8984 ± 0.5058
INFO:kbc-cli.py:Epoch 29/100	Loss 8.8969 ± 0.5104
INFO:kbc-cli.py:Epoch 30/100	Loss 8.8948 ± 0.4973
INFO:kbc-cli.py:Epoch 30/100	dev results	MRR 0.829270	H@1 0.740637	H@3 0.900749	H@5 0.946629	H@10 0.974719	H@20 0.985019	H@50 0.993914	H@100 1.000000
INFO:kbc-cli.py:Epoch 30/100	test results	MRR 0.830641	H@1 0.741155	H@3 0.907821	H@5 0.946927	H@10 0.978119	H@20 0.991155	H@50 0.995810	H@100 1.000000
INFO:kbc-cli.py:Epoch 31/100	Loss 8.8931 ± 0.4997
INFO:kbc-cli.py:Epoch 32/100	Loss 8.8917 ± 0.5007
INFO:kbc-cli.py:Epoch 33/100	Loss 8.8899 ± 0.5180
INFO:kbc-cli.py:Epoch 33/100	dev results	MRR 0.829555	H@1 0.740637	H@3 0.901217	H@5 0.943820	H@10 0.975187	H@20 0.985955	H@50 0.993914	H@100 1.000000
INFO:kbc-cli.py:Epoch 33/100	test results	MRR 0.831362	H@1 0.741620	H@3 0.906425	H@5 0.946462	H@10 0.979050	H@20 0.991620	H@50 0.995810	H@100 1.000000
INFO:kbc-cli.py:Epoch 34/100	Loss 8.8884 ± 0.4995
INFO:kbc-cli.py:Epoch 35/100	Loss 8.8871 ± 0.5033
INFO:kbc-cli.py:Epoch 36/100	Loss 8.8854 ± 0.5149
INFO:kbc-cli.py:Epoch 36/100	dev results	MRR 0.830619	H@1 0.740637	H@3 0.901217	H@5 0.945693	H@10 0.976124	H@20 0.985487	H@50 0.993914	H@100 1.000000
INFO:kbc-cli.py:Epoch 36/100	test results	MRR 0.833174	H@1 0.744413	H@3 0.909218	H@5 0.949721	H@10 0.979050	H@20 0.991620	H@50 0.995810	H@100 1.000000
INFO:kbc-cli.py:Epoch 37/100	Loss 8.8843 ± 0.5001
INFO:kbc-cli.py:Epoch 38/100	Loss 8.8831 ± 0.5010
INFO:kbc-cli.py:Epoch 39/100	Loss 8.8818 ± 0.5033
INFO:kbc-cli.py:Epoch 39/100	dev results	MRR 0.830722	H@1 0.742509	H@3 0.902154	H@5 0.944757	H@10 0.975655	H@20 0.985487	H@50 0.993914	H@100 1.000000
INFO:kbc-cli.py:Epoch 39/100	test results	MRR 0.836134	H@1 0.748603	H@3 0.909683	H@5 0.948790	H@10 0.979516	H@20 0.991620	H@50 0.995810	H@100 1.000000
INFO:kbc-cli.py:Epoch 40/100	Loss 8.8807 ± 0.5006
INFO:kbc-cli.py:Epoch 41/100	Loss 8.8798 ± 0.5097
INFO:kbc-cli.py:Epoch 42/100	Loss 8.8784 ± 0.5051
INFO:kbc-cli.py:Epoch 42/100	dev results	MRR 0.833817	H@1 0.747191	H@3 0.905899	H@5 0.947566	H@10 0.975655	H@20 0.985487	H@50 0.993914	H@100 1.000000
INFO:kbc-cli.py:Epoch 42/100	test results	MRR 0.836851	H@1 0.749534	H@3 0.909683	H@5 0.949721	H@10 0.979981	H@20 0.991620	H@50 0.995810	H@100 1.000000
INFO:kbc-cli.py:Epoch 43/100	Loss 8.8778 ± 0.5133
INFO:kbc-cli.py:Epoch 44/100	Loss 8.8766 ± 0.5045
INFO:kbc-cli.py:Epoch 45/100	Loss 8.8757 ± 0.5010
INFO:kbc-cli.py:Epoch 45/100	dev results	MRR 0.833391	H@1 0.746723	H@3 0.905899	H@5 0.947566	H@10 0.976124	H@20 0.985955	H@50 0.993914	H@100 1.000000
INFO:kbc-cli.py:Epoch 45/100	test results	MRR 0.837423	H@1 0.750000	H@3 0.911080	H@5 0.952048	H@10 0.979050	H@20 0.991620	H@50 0.995810	H@100 1.000000
INFO:kbc-cli.py:Epoch 46/100	Loss 8.8749 ± 0.5058
INFO:kbc-cli.py:Epoch 47/100	Loss 8.8741 ± 0.5000
INFO:kbc-cli.py:Epoch 48/100	Loss 8.8734 ± 0.5053
INFO:kbc-cli.py:Epoch 48/100	dev results	MRR 0.835156	H@1 0.750000	H@3 0.903558	H@5 0.947097	H@10 0.975655	H@20 0.985955	H@50 0.993446	H@100 1.000000
INFO:kbc-cli.py:Epoch 48/100	test results	MRR 0.837858	H@1 0.751397	H@3 0.912477	H@5 0.951117	H@10 0.979516	H@20 0.991620	H@50 0.995810	H@100 1.000000
INFO:kbc-cli.py:Epoch 49/100	Loss 8.8721 ± 0.5129
INFO:kbc-cli.py:Epoch 50/100	Loss 8.8714 ± 0.5005
INFO:kbc-cli.py:Epoch 51/100	Loss 8.8708 ± 0.4865
INFO:kbc-cli.py:Epoch 51/100	dev results	MRR 0.834594	H@1 0.747659	H@3 0.906367	H@5 0.947097	H@10 0.975655	H@20 0.985955	H@50 0.993446	H@100 1.000000
INFO:kbc-cli.py:Epoch 51/100	test results	MRR 0.837957	H@1 0.750931	H@3 0.913408	H@5 0.950652	H@10 0.979050	H@20 0.991620	H@50 0.995810	H@100 1.000000
INFO:kbc-cli.py:Epoch 52/100	Loss 8.8699 ± 0.4946
INFO:kbc-cli.py:Epoch 53/100	Loss 8.8694 ± 0.5116
INFO:kbc-cli.py:Epoch 54/100	Loss 8.8685 ± 0.5089
INFO:kbc-cli.py:Epoch 54/100	dev results	MRR 0.836973	H@1 0.752809	H@3 0.904026	H@5 0.948502	H@10 0.975655	H@20 0.985955	H@50 0.993446	H@100 1.000000
INFO:kbc-cli.py:Epoch 54/100	test results	MRR 0.836739	H@1 0.749069	H@3 0.911546	H@5 0.949721	H@10 0.979981	H@20 0.991620	H@50 0.995810	H@100 1.000000
INFO:kbc-cli.py:Epoch 55/100	Loss 8.8679 ± 0.5013
INFO:kbc-cli.py:Epoch 56/100	Loss 8.8671 ± 0.5056
INFO:kbc-cli.py:Epoch 57/100	Loss 8.8664 ± 0.5124
INFO:kbc-cli.py:Epoch 57/100	dev results	MRR 0.835878	H@1 0.750468	H@3 0.904026	H@5 0.947566	H@10 0.975655	H@20 0.985955	H@50 0.993446	H@100 1.000000
INFO:kbc-cli.py:Epoch 57/100	test results	MRR 0.837662	H@1 0.751397	H@3 0.910149	H@5 0.950186	H@10 0.979981	H@20 0.991155	H@50 0.995810	H@100 1.000000
INFO:kbc-cli.py:Epoch 58/100	Loss 8.8661 ± 0.4983
INFO:kbc-cli.py:Epoch 59/100	Loss 8.8653 ± 0.4965
INFO:kbc-cli.py:Epoch 60/100	Loss 8.8648 ± 0.4925
INFO:kbc-cli.py:Epoch 60/100	dev results	MRR 0.836175	H@1 0.751404	H@3 0.904494	H@5 0.948034	H@10 0.975655	H@20 0.986423	H@50 0.993446	H@100 1.000000
INFO:kbc-cli.py:Epoch 60/100	test results	MRR 0.839161	H@1 0.753724	H@3 0.913408	H@5 0.949721	H@10 0.980447	H@20 0.991155	H@50 0.995810	H@100 1.000000
INFO:kbc-cli.py:Epoch 61/100	Loss 8.8641 ± 0.5091
INFO:kbc-cli.py:Epoch 62/100	Loss 8.8635 ± 0.5015
INFO:kbc-cli.py:Epoch 63/100	Loss 8.8630 ± 0.5070
INFO:kbc-cli.py:Epoch 63/100	dev results	MRR 0.836259	H@1 0.751873	H@3 0.904026	H@5 0.946629	H@10 0.976592	H@20 0.986423	H@50 0.993446	H@100 1.000000
INFO:kbc-cli.py:Epoch 63/100	test results	MRR 0.838451	H@1 0.751862	H@3 0.912477	H@5 0.951583	H@10 0.980447	H@20 0.991155	H@50 0.995810	H@100 1.000000
INFO:kbc-cli.py:Epoch 64/100	Loss 8.8625 ± 0.4988
INFO:kbc-cli.py:Epoch 65/100	Loss 8.8621 ± 0.5065
INFO:kbc-cli.py:Epoch 66/100	Loss 8.8615 ± 0.5009
INFO:kbc-cli.py:Epoch 66/100	dev results	MRR 0.837596	H@1 0.753745	H@3 0.906367	H@5 0.948502	H@10 0.975655	H@20 0.986423	H@50 0.993446	H@100 1.000000
INFO:kbc-cli.py:Epoch 66/100	test results	MRR 0.838533	H@1 0.753259	H@3 0.909683	H@5 0.951117	H@10 0.980447	H@20 0.991155	H@50 0.995810	H@100 1.000000
INFO:kbc-cli.py:Epoch 67/100	Loss 8.8610 ± 0.5167
INFO:kbc-cli.py:Epoch 68/100	Loss 8.8607 ± 0.5039
INFO:kbc-cli.py:Epoch 69/100	Loss 8.8601 ± 0.4987
INFO:kbc-cli.py:Epoch 69/100	dev results	MRR 0.838761	H@1 0.755150	H@3 0.904963	H@5 0.948502	H@10 0.976124	H@20 0.986423	H@50 0.993446	H@100 1.000000
INFO:kbc-cli.py:Epoch 69/100	test results	MRR 0.839317	H@1 0.753724	H@3 0.910615	H@5 0.950652	H@10 0.980447	H@20 0.991155	H@50 0.995810	H@100 1.000000
INFO:kbc-cli.py:Epoch 70/100	Loss 8.8597 ± 0.4886
INFO:kbc-cli.py:Epoch 71/100	Loss 8.8593 ± 0.4948
INFO:kbc-cli.py:Epoch 72/100	Loss 8.8587 ± 0.5056
INFO:kbc-cli.py:Epoch 72/100	dev results	MRR 0.839479	H@1 0.756086	H@3 0.907303	H@5 0.948502	H@10 0.975655	H@20 0.986423	H@50 0.993446	H@100 1.000000
INFO:kbc-cli.py:Epoch 72/100	test results	MRR 0.839301	H@1 0.753259	H@3 0.912477	H@5 0.950186	H@10 0.979981	H@20 0.991155	H@50 0.995810	H@100 1.000000
INFO:kbc-cli.py:Epoch 73/100	Loss 8.8584 ± 0.5005
INFO:kbc-cli.py:Epoch 74/100	Loss 8.8580 ± 0.5159
INFO:kbc-cli.py:Epoch 75/100	Loss 8.8578 ± 0.4951
INFO:kbc-cli.py:Epoch 75/100	dev results	MRR 0.838756	H@1 0.755150	H@3 0.906367	H@5 0.948970	H@10 0.976124	H@20 0.986423	H@50 0.993446	H@100 1.000000
INFO:kbc-cli.py:Epoch 75/100	test results	MRR 0.838894	H@1 0.752793	H@3 0.910615	H@5 0.949721	H@10 0.979981	H@20 0.991155	H@50 0.995810	H@100 1.000000
INFO:kbc-cli.py:Epoch 76/100	Loss 8.8573 ± 0.4995
INFO:kbc-cli.py:Epoch 77/100	Loss 8.8568 ± 0.5035
INFO:kbc-cli.py:Epoch 78/100	Loss 8.8563 ± 0.5111
INFO:kbc-cli.py:Epoch 78/100	dev results	MRR 0.837340	H@1 0.752341	H@3 0.906367	H@5 0.949438	H@10 0.976124	H@20 0.986423	H@50 0.992978	H@100 1.000000
INFO:kbc-cli.py:Epoch 78/100	test results	MRR 0.840667	H@1 0.755587	H@3 0.912942	H@5 0.950186	H@10 0.979981	H@20 0.991155	H@50 0.995810	H@100 1.000000
INFO:kbc-cli.py:Epoch 79/100	Loss 8.8560 ± 0.5076
INFO:kbc-cli.py:Epoch 80/100	Loss 8.8556 ± 0.4935
INFO:kbc-cli.py:Epoch 81/100	Loss 8.8554 ± 0.4896
INFO:kbc-cli.py:Epoch 81/100	dev results	MRR 0.837888	H@1 0.753277	H@3 0.906835	H@5 0.948970	H@10 0.976124	H@20 0.986423	H@50 0.992978	H@100 1.000000
INFO:kbc-cli.py:Epoch 81/100	test results	MRR 0.840324	H@1 0.755121	H@3 0.912011	H@5 0.952514	H@10 0.979981	H@20 0.991155	H@50 0.995810	H@100 1.000000
INFO:kbc-cli.py:Epoch 82/100	Loss 8.8551 ± 0.5045
INFO:kbc-cli.py:Epoch 83/100	Loss 8.8547 ± 0.5110
INFO:kbc-cli.py:Epoch 84/100	Loss 8.8542 ± 0.4913
INFO:kbc-cli.py:Epoch 84/100	dev results	MRR 0.839292	H@1 0.756086	H@3 0.907303	H@5 0.949438	H@10 0.976124	H@20 0.985019	H@50 0.992978	H@100 1.000000
INFO:kbc-cli.py:Epoch 84/100	test results	MRR 0.839826	H@1 0.753724	H@3 0.912011	H@5 0.951583	H@10 0.980447	H@20 0.991155	H@50 0.995810	H@100 1.000000
INFO:kbc-cli.py:Epoch 85/100	Loss 8.8540 ± 0.4827
INFO:kbc-cli.py:Epoch 86/100	Loss 8.8536 ± 0.4898
INFO:kbc-cli.py:Epoch 87/100	Loss 8.8533 ± 0.5008
INFO:kbc-cli.py:Epoch 87/100	dev results	MRR 0.838686	H@1 0.755618	H@3 0.907303	H@5 0.948970	H@10 0.976592	H@20 0.985487	H@50 0.992978	H@100 1.000000
INFO:kbc-cli.py:Epoch 87/100	test results	MRR 0.840444	H@1 0.755121	H@3 0.912477	H@5 0.951583	H@10 0.980447	H@20 0.991155	H@50 0.995810	H@100 1.000000
INFO:kbc-cli.py:Epoch 88/100	Loss 8.8530 ± 0.5076
INFO:kbc-cli.py:Epoch 89/100	Loss 8.8527 ± 0.4950
INFO:kbc-cli.py:Epoch 90/100	Loss 8.8525 ± 0.4997
INFO:kbc-cli.py:Epoch 90/100	dev results	MRR 0.838942	H@1 0.755618	H@3 0.907303	H@5 0.949906	H@10 0.976592	H@20 0.985487	H@50 0.993446	H@100 1.000000
INFO:kbc-cli.py:Epoch 90/100	test results	MRR 0.838721	H@1 0.751862	H@3 0.911546	H@5 0.952048	H@10 0.980912	H@20 0.991155	H@50 0.995810	H@100 1.000000
INFO:kbc-cli.py:Epoch 91/100	Loss 8.8521 ± 0.4959
INFO:kbc-cli.py:Epoch 92/100	Loss 8.8518 ± 0.5033
INFO:kbc-cli.py:Epoch 93/100	Loss 8.8515 ± 0.4947
INFO:kbc-cli.py:Epoch 93/100	dev results	MRR 0.839878	H@1 0.756554	H@3 0.908240	H@5 0.949906	H@10 0.976124	H@20 0.985487	H@50 0.993446	H@100 1.000000
INFO:kbc-cli.py:Epoch 93/100	test results	MRR 0.840233	H@1 0.755121	H@3 0.913408	H@5 0.951583	H@10 0.980912	H@20 0.991155	H@50 0.996276	H@100 1.000000
INFO:kbc-cli.py:Epoch 94/100	Loss 8.8511 ± 0.5005
INFO:kbc-cli.py:Epoch 95/100	Loss 8.8509 ± 0.5121
INFO:kbc-cli.py:Epoch 96/100	Loss 8.8507 ± 0.4980
INFO:kbc-cli.py:Epoch 96/100	dev results	MRR 0.839768	H@1 0.757022	H@3 0.907772	H@5 0.947566	H@10 0.975655	H@20 0.985487	H@50 0.992978	H@100 1.000000
INFO:kbc-cli.py:Epoch 96/100	test results	MRR 0.838555	H@1 0.751862	H@3 0.912011	H@5 0.952514	H@10 0.980447	H@20 0.991155	H@50 0.996276	H@100 1.000000
INFO:kbc-cli.py:Epoch 97/100	Loss 8.8506 ± 0.4950
INFO:kbc-cli.py:Epoch 98/100	Loss 8.8502 ± 0.4892
INFO:kbc-cli.py:Epoch 99/100	Loss 8.8500 ± 0.4870
INFO:kbc-cli.py:Epoch 99/100	dev results	MRR 0.839816	H@1 0.756554	H@3 0.907772	H@5 0.949438	H@10 0.976592	H@20 0.985487	H@50 0.993446	H@100 1.000000
INFO:kbc-cli.py:Epoch 99/100	test results	MRR 0.839490	H@1 0.753259	H@3 0.911546	H@5 0.951583	H@10 0.980447	H@20 0.990689	H@50 0.996276	H@100 1.000000
INFO:kbc-cli.py:Epoch 100/100	Loss 8.8498 ± 0.4788
INFO:kbc-cli.py:Final 	dev results	MRR 0.839767	H@1 0.756086	H@3 0.908708	H@5 0.949906	H@10 0.977060	H@20 0.985487	H@50 0.993446	H@100 1.000000
INFO:kbc-cli.py:Final 	test results	MRR 0.839227	H@1 0.753259	H@3 0.912477	H@5 0.951583	H@10 0.980447	H@20 0.991155	H@50 0.996276	H@100 1.000000
INFO:kbc-cli.py:Training finished
