./bin/kbc-cli.py --train data/wn18rr/train.tsv --dev data/wn18rr/dev.tsv --test data/wn18rr/test.tsv -m complex -k 1000 -b 100 -e 100 --F2 0 --N3 0.005 -l 0.1 -I standard -V 3 -o adagrad -c so -q
{'F2': 0.0,
 'N3': 0.005,
 'batch_size': 100,
 'corruption': 'so',
 'dev': 'data/wn18rr/dev.tsv',
 'embedding_size': 1000,
 'epochs': 100,
 'eval_batch_size': None,
 'input_type': 'standard',
 'learning_rate': 0.1,
 'load': None,
 'model': 'complex',
 'optimizer': 'adagrad',
 'quiet': True,
 'save': None,
 'seed': 0,
 'test': 'data/wn18rr/test.tsv',
 'test_i': None,
 'test_ii': None,
 'train': 'data/wn18rr/train.tsv',
 'validate_every': 3}
INFO:kbc-cli.py:Device: cuda
INFO:kbc-cli.py:Model state:
INFO:kbc-cli.py:	entities.weight	torch.Size([40943, 2000])
INFO:kbc-cli.py:	predicates.weight	torch.Size([11, 2000])
INFO:kbc-cli.py:Epoch 1/100	Loss 19.6477 ± 1.5604
INFO:kbc-cli.py:Epoch 2/100	Loss 9.9058 ± 0.5506
INFO:kbc-cli.py:Epoch 3/100	Loss 5.6767 ± 0.3583
INFO:kbc-cli.py:Epoch 3/100	dev results	MRR 0.424393	H@1 0.396506	H@3 0.435893	H@5 0.451384	H@10 0.473138	H@20 0.499835	H@50 0.535432	H@100 0.565096
INFO:kbc-cli.py:Epoch 3/100	test results	MRR 0.427227	H@1 0.400447	H@3 0.437620	H@5 0.450702	H@10 0.474952	H@20 0.499521	H@50 0.533823	H@100 0.562699
INFO:kbc-cli.py:Epoch 4/100	Loss 4.8819 ± 0.3024
INFO:kbc-cli.py:Epoch 5/100	Loss 4.4979 ± 0.2976
INFO:kbc-cli.py:Epoch 6/100	Loss 4.2655 ± 0.2871
INFO:kbc-cli.py:Epoch 6/100	dev results	MRR 0.438615	H@1 0.412986	H@3 0.446276	H@5 0.462591	H@10 0.485168	H@20 0.513678	H@50 0.552736	H@100 0.584212
INFO:kbc-cli.py:Epoch 6/100	test results	MRR 0.439020	H@1 0.413689	H@3 0.446394	H@5 0.462029	H@10 0.490108	H@20 0.516114	H@50 0.554563	H@100 0.582004
INFO:kbc-cli.py:Epoch 7/100	Loss 4.0944 ± 0.2792
INFO:kbc-cli.py:Epoch 8/100	Loss 3.9650 ± 0.2809
INFO:kbc-cli.py:Epoch 9/100	Loss 3.8583 ± 0.2680
INFO:kbc-cli.py:Epoch 9/100	dev results	MRR 0.442481	H@1 0.416117	H@3 0.449572	H@5 0.467205	H@10 0.494891	H@20 0.521753	H@50 0.559657	H@100 0.590639
INFO:kbc-cli.py:Epoch 9/100	test results	MRR 0.444658	H@1 0.416720	H@3 0.453255	H@5 0.471921	H@10 0.500000	H@20 0.525686	H@50 0.563816	H@100 0.593012
INFO:kbc-cli.py:Epoch 10/100	Loss 3.7681 ± 0.2590
INFO:kbc-cli.py:Epoch 11/100	Loss 3.6924 ± 0.2596
INFO:kbc-cli.py:Epoch 12/100	Loss 3.6283 ± 0.2600
INFO:kbc-cli.py:Epoch 12/100	dev results	MRR 0.445154	H@1 0.418425	H@3 0.453362	H@5 0.471490	H@10 0.495550	H@20 0.524720	H@50 0.564272	H@100 0.596572
INFO:kbc-cli.py:Epoch 12/100	test results	MRR 0.447054	H@1 0.419751	H@3 0.454690	H@5 0.471123	H@10 0.502872	H@20 0.530472	H@50 0.566528	H@100 0.597320
INFO:kbc-cli.py:Epoch 13/100	Loss 3.5684 ± 0.2545
INFO:kbc-cli.py:Epoch 14/100	Loss 3.5164 ± 0.2545
INFO:kbc-cli.py:Epoch 15/100	Loss 3.4698 ± 0.2553
INFO:kbc-cli.py:Epoch 15/100	dev results	MRR 0.447135	H@1 0.418919	H@3 0.457482	H@5 0.474127	H@10 0.500824	H@20 0.528345	H@50 0.565755	H@100 0.599209
INFO:kbc-cli.py:Epoch 15/100	test results	MRR 0.450386	H@1 0.421666	H@3 0.459796	H@5 0.477345	H@10 0.506860	H@20 0.535737	H@50 0.571315	H@100 0.601308
INFO:kbc-cli.py:Epoch 16/100	Loss 3.4296 ± 0.2525
INFO:kbc-cli.py:Epoch 17/100	Loss 3.3905 ± 0.2442
INFO:kbc-cli.py:Epoch 18/100	Loss 3.3557 ± 0.2380
INFO:kbc-cli.py:Epoch 18/100	dev results	MRR 0.450306	H@1 0.422709	H@3 0.457811	H@5 0.477093	H@10 0.503296	H@20 0.533454	H@50 0.570864	H@100 0.603329
INFO:kbc-cli.py:Epoch 18/100	test results	MRR 0.451942	H@1 0.422304	H@3 0.460593	H@5 0.481015	H@10 0.511008	H@20 0.539566	H@50 0.574346	H@100 0.607530
INFO:kbc-cli.py:Epoch 19/100	Loss 3.3234 ± 0.2430
INFO:kbc-cli.py:Epoch 20/100	Loss 3.2946 ± 0.2353
INFO:kbc-cli.py:Epoch 21/100	Loss 3.2668 ± 0.2327
INFO:kbc-cli.py:Epoch 21/100	dev results	MRR 0.449870	H@1 0.421061	H@3 0.459130	H@5 0.479400	H@10 0.505603	H@20 0.534608	H@50 0.571688	H@100 0.602011
INFO:kbc-cli.py:Epoch 21/100	test results	MRR 0.453319	H@1 0.424059	H@3 0.462987	H@5 0.483089	H@10 0.515156	H@20 0.540045	H@50 0.575463	H@100 0.607849
INFO:kbc-cli.py:Epoch 22/100	Loss 3.2414 ± 0.2406
INFO:kbc-cli.py:Epoch 23/100	Loss 3.2169 ± 0.2334
INFO:kbc-cli.py:Epoch 24/100	Loss 3.1961 ± 0.2328
INFO:kbc-cli.py:Epoch 24/100	dev results	MRR 0.452041	H@1 0.423533	H@3 0.460943	H@5 0.480389	H@10 0.507251	H@20 0.535926	H@50 0.573830	H@100 0.606625
INFO:kbc-cli.py:Epoch 24/100	test results	MRR 0.454857	H@1 0.425175	H@3 0.464582	H@5 0.484205	H@10 0.515954	H@20 0.541640	H@50 0.578973	H@100 0.608328
INFO:kbc-cli.py:Epoch 25/100	Loss 3.1744 ± 0.2293
INFO:kbc-cli.py:Epoch 26/100	Loss 3.1550 ± 0.2305
INFO:kbc-cli.py:Epoch 27/100	Loss 3.1364 ± 0.2351
INFO:kbc-cli.py:Epoch 27/100	dev results	MRR 0.451895	H@1 0.422544	H@3 0.461437	H@5 0.481707	H@10 0.507910	H@20 0.537245	H@50 0.574984	H@100 0.607449
INFO:kbc-cli.py:Epoch 27/100	test results	MRR 0.454638	H@1 0.424059	H@3 0.463625	H@5 0.483886	H@10 0.517230	H@20 0.544033	H@50 0.580728	H@100 0.611040
INFO:kbc-cli.py:Epoch 28/100	Loss 3.1189 ± 0.2295
INFO:kbc-cli.py:Epoch 29/100	Loss 3.1024 ± 0.2301
INFO:kbc-cli.py:Epoch 30/100	Loss 3.0878 ± 0.2215
INFO:kbc-cli.py:Epoch 30/100	dev results	MRR 0.453691	H@1 0.424522	H@3 0.462591	H@5 0.482367	H@10 0.508899	H@20 0.539222	H@50 0.576302	H@100 0.611734
INFO:kbc-cli.py:Epoch 30/100	test results	MRR 0.456952	H@1 0.426611	H@3 0.466656	H@5 0.487077	H@10 0.518507	H@20 0.545150	H@50 0.583280	H@100 0.612795
INFO:kbc-cli.py:Epoch 31/100	Loss 3.0724 ± 0.2282
INFO:kbc-cli.py:Epoch 32/100	Loss 3.0581 ± 0.2258
INFO:kbc-cli.py:Epoch 33/100	Loss 3.0450 ± 0.2234
INFO:kbc-cli.py:Epoch 33/100	dev results	MRR 0.453386	H@1 0.424028	H@3 0.463579	H@5 0.482531	H@10 0.510382	H@20 0.539717	H@50 0.577785	H@100 0.611898
INFO:kbc-cli.py:Epoch 33/100	test results	MRR 0.456768	H@1 0.425973	H@3 0.468251	H@5 0.487875	H@10 0.520262	H@20 0.546745	H@50 0.583918	H@100 0.615826
INFO:kbc-cli.py:Epoch 34/100	Loss 3.0326 ± 0.2143
INFO:kbc-cli.py:Epoch 35/100	Loss 3.0207 ± 0.2255
INFO:kbc-cli.py:Epoch 36/100	Loss 3.0085 ± 0.2194
INFO:kbc-cli.py:Epoch 36/100	dev results	MRR 0.454721	H@1 0.425346	H@3 0.464239	H@5 0.485168	H@10 0.512030	H@20 0.541859	H@50 0.578609	H@100 0.613052
INFO:kbc-cli.py:Epoch 36/100	test results	MRR 0.458205	H@1 0.427569	H@3 0.467773	H@5 0.490268	H@10 0.520740	H@20 0.548341	H@50 0.585035	H@100 0.616943
INFO:kbc-cli.py:Epoch 37/100	Loss 2.9974 ± 0.2183
INFO:kbc-cli.py:Epoch 38/100	Loss 2.9867 ± 0.2280
INFO:kbc-cli.py:Epoch 39/100	Loss 2.9766 ± 0.2191
INFO:kbc-cli.py:Epoch 39/100	dev results	MRR 0.455671	H@1 0.426005	H@3 0.465392	H@5 0.485003	H@10 0.512195	H@20 0.542353	H@50 0.580422	H@100 0.614700
INFO:kbc-cli.py:Epoch 39/100	test results	MRR 0.457991	H@1 0.425973	H@3 0.469687	H@5 0.490108	H@10 0.521857	H@20 0.550893	H@50 0.586152	H@100 0.617741
INFO:kbc-cli.py:Epoch 40/100	Loss 2.9671 ± 0.2115
INFO:kbc-cli.py:Epoch 41/100	Loss 2.9575 ± 0.2146
INFO:kbc-cli.py:Epoch 42/100	Loss 2.9489 ± 0.2097
INFO:kbc-cli.py:Epoch 42/100	dev results	MRR 0.455834	H@1 0.425511	H@3 0.466381	H@5 0.487475	H@10 0.514502	H@20 0.544331	H@50 0.581905	H@100 0.616183
INFO:kbc-cli.py:Epoch 42/100	test results	MRR 0.459554	H@1 0.427888	H@3 0.470325	H@5 0.492502	H@10 0.522974	H@20 0.552170	H@50 0.585992	H@100 0.618060
INFO:kbc-cli.py:Epoch 43/100	Loss 2.9404 ± 0.2115
INFO:kbc-cli.py:Epoch 44/100	Loss 2.9317 ± 0.2069
INFO:kbc-cli.py:Epoch 45/100	Loss 2.9241 ± 0.2048
INFO:kbc-cli.py:Epoch 45/100	dev results	MRR 0.455689	H@1 0.425840	H@3 0.465557	H@5 0.484179	H@10 0.512195	H@20 0.544331	H@50 0.581905	H@100 0.616842
INFO:kbc-cli.py:Epoch 45/100	test results	MRR 0.458639	H@1 0.425973	H@3 0.470485	H@5 0.492342	H@10 0.521857	H@20 0.553287	H@50 0.588385	H@100 0.619336
INFO:kbc-cli.py:Epoch 46/100	Loss 2.9156 ± 0.2081
INFO:kbc-cli.py:Epoch 47/100	Loss 2.9087 ± 0.2123
INFO:kbc-cli.py:Epoch 48/100	Loss 2.9017 ± 0.2102
INFO:kbc-cli.py:Epoch 48/100	dev results	MRR 0.455984	H@1 0.424852	H@3 0.468029	H@5 0.486322	H@10 0.512854	H@20 0.546309	H@50 0.583553	H@100 0.617172
INFO:kbc-cli.py:Epoch 48/100	test results	MRR 0.459521	H@1 0.427409	H@3 0.470804	H@5 0.492980	H@10 0.523931	H@20 0.553287	H@50 0.588864	H@100 0.619496
INFO:kbc-cli.py:Epoch 49/100	Loss 2.8942 ± 0.2056
INFO:kbc-cli.py:Epoch 50/100	Loss 2.8873 ± 0.2077
INFO:kbc-cli.py:Epoch 51/100	Loss 2.8808 ± 0.2019
INFO:kbc-cli.py:Epoch 51/100	dev results	MRR 0.457158	H@1 0.426500	H@3 0.468194	H@5 0.488299	H@10 0.514997	H@20 0.546803	H@50 0.584707	H@100 0.619314
INFO:kbc-cli.py:Epoch 51/100	test results	MRR 0.460458	H@1 0.428047	H@3 0.472399	H@5 0.492980	H@10 0.525846	H@20 0.553765	H@50 0.589502	H@100 0.619655
INFO:kbc-cli.py:Epoch 52/100	Loss 2.8743 ± 0.2119
INFO:kbc-cli.py:Epoch 53/100	Loss 2.8680 ± 0.2026
INFO:kbc-cli.py:Epoch 54/100	Loss 2.8621 ± 0.2094
INFO:kbc-cli.py:Epoch 54/100	dev results	MRR 0.457886	H@1 0.427159	H@3 0.468853	H@5 0.489453	H@10 0.516480	H@20 0.548451	H@50 0.585531	H@100 0.620468
INFO:kbc-cli.py:Epoch 54/100	test results	MRR 0.460853	H@1 0.428207	H@3 0.472240	H@5 0.494416	H@10 0.526005	H@20 0.554722	H@50 0.590938	H@100 0.621410
INFO:kbc-cli.py:Epoch 55/100	Loss 2.8564 ± 0.2116
INFO:kbc-cli.py:Epoch 56/100	Loss 2.8506 ± 0.1983
INFO:kbc-cli.py:Epoch 57/100	Loss 2.8453 ± 0.2131
INFO:kbc-cli.py:Epoch 57/100	dev results	MRR 0.457613	H@1 0.426829	H@3 0.469512	H@5 0.489123	H@10 0.516480	H@20 0.547462	H@50 0.586355	H@100 0.622281
INFO:kbc-cli.py:Epoch 57/100	test results	MRR 0.461093	H@1 0.428526	H@3 0.472878	H@5 0.494895	H@10 0.526484	H@20 0.555520	H@50 0.591895	H@100 0.621889
INFO:kbc-cli.py:Epoch 58/100	Loss 2.8399 ± 0.2045
INFO:kbc-cli.py:Epoch 59/100	Loss 2.8347 ± 0.2088
INFO:kbc-cli.py:Epoch 60/100	Loss 2.8297 ± 0.2001
INFO:kbc-cli.py:Epoch 60/100	dev results	MRR 0.457734	H@1 0.426500	H@3 0.468853	H@5 0.489288	H@10 0.516809	H@20 0.549440	H@50 0.588991	H@100 0.623599
INFO:kbc-cli.py:Epoch 60/100	test results	MRR 0.461840	H@1 0.429004	H@3 0.473197	H@5 0.495852	H@10 0.526165	H@20 0.556796	H@50 0.593491	H@100 0.623165
INFO:kbc-cli.py:Epoch 61/100	Loss 2.8248 ± 0.2070
INFO:kbc-cli.py:Epoch 62/100	Loss 2.8195 ± 0.2042
INFO:kbc-cli.py:Epoch 63/100	Loss 2.8155 ± 0.1960
INFO:kbc-cli.py:Epoch 63/100	dev results	MRR 0.458515	H@1 0.427653	H@3 0.470666	H@5 0.490442	H@10 0.518622	H@20 0.548780	H@50 0.589156	H@100 0.623434
INFO:kbc-cli.py:Epoch 63/100	test results	MRR 0.462170	H@1 0.429164	H@3 0.473676	H@5 0.496331	H@10 0.527441	H@20 0.556956	H@50 0.593172	H@100 0.622208
INFO:kbc-cli.py:Epoch 64/100	Loss 2.8114 ± 0.1979
INFO:kbc-cli.py:Epoch 65/100	Loss 2.8062 ± 0.2008
INFO:kbc-cli.py:Epoch 66/100	Loss 2.8021 ± 0.1906
INFO:kbc-cli.py:Epoch 66/100	dev results	MRR 0.458560	H@1 0.427488	H@3 0.469183	H@5 0.490936	H@10 0.518457	H@20 0.548286	H@50 0.589815	H@100 0.623764
INFO:kbc-cli.py:Epoch 66/100	test results	MRR 0.462840	H@1 0.429802	H@3 0.474793	H@5 0.496011	H@10 0.527920	H@20 0.556477	H@50 0.593810	H@100 0.623165
INFO:kbc-cli.py:Epoch 67/100	Loss 2.7976 ± 0.2008
INFO:kbc-cli.py:Epoch 68/100	Loss 2.7939 ± 0.2028
INFO:kbc-cli.py:Epoch 69/100	Loss 2.7898 ± 0.2014
INFO:kbc-cli.py:Epoch 69/100	dev results	MRR 0.459004	H@1 0.428148	H@3 0.470336	H@5 0.489782	H@10 0.517963	H@20 0.548451	H@50 0.591299	H@100 0.624423
INFO:kbc-cli.py:Epoch 69/100	test results	MRR 0.462363	H@1 0.428845	H@3 0.474633	H@5 0.496969	H@10 0.527281	H@20 0.557754	H@50 0.594767	H@100 0.623803
INFO:kbc-cli.py:Epoch 70/100	Loss 2.7858 ± 0.2000
INFO:kbc-cli.py:Epoch 71/100	Loss 2.7822 ± 0.1968
INFO:kbc-cli.py:Epoch 72/100	Loss 2.7786 ± 0.1966
INFO:kbc-cli.py:Epoch 72/100	dev results	MRR 0.459272	H@1 0.428477	H@3 0.470501	H@5 0.491101	H@10 0.519776	H@20 0.548780	H@50 0.592452	H@100 0.625247
INFO:kbc-cli.py:Epoch 72/100	test results	MRR 0.462818	H@1 0.428845	H@3 0.474314	H@5 0.498405	H@10 0.530791	H@20 0.558551	H@50 0.595246	H@100 0.625399
INFO:kbc-cli.py:Epoch 73/100	Loss 2.7749 ± 0.1982
INFO:kbc-cli.py:Epoch 74/100	Loss 2.7708 ± 0.1971
INFO:kbc-cli.py:Epoch 75/100	Loss 2.7675 ± 0.1924
INFO:kbc-cli.py:Epoch 75/100	dev results	MRR 0.460144	H@1 0.429301	H@3 0.471325	H@5 0.490442	H@10 0.519611	H@20 0.548945	H@50 0.592782	H@100 0.626895
INFO:kbc-cli.py:Epoch 75/100	test results	MRR 0.462755	H@1 0.428685	H@3 0.475271	H@5 0.496969	H@10 0.530313	H@20 0.558551	H@50 0.594767	H@100 0.625239
INFO:kbc-cli.py:Epoch 76/100	Loss 2.7644 ± 0.1985
INFO:kbc-cli.py:Epoch 77/100	Loss 2.7611 ± 0.1927
INFO:kbc-cli.py:Epoch 78/100	Loss 2.7575 ± 0.1900
INFO:kbc-cli.py:Epoch 78/100	dev results	MRR 0.459813	H@1 0.428642	H@3 0.470666	H@5 0.490277	H@10 0.521094	H@20 0.549440	H@50 0.594100	H@100 0.627554
INFO:kbc-cli.py:Epoch 78/100	test results	MRR 0.463170	H@1 0.429164	H@3 0.474633	H@5 0.498245	H@10 0.530951	H@20 0.559030	H@50 0.595565	H@100 0.626675
INFO:kbc-cli.py:Epoch 79/100	Loss 2.7541 ± 0.1895
INFO:kbc-cli.py:Epoch 80/100	Loss 2.7515 ± 0.1937
INFO:kbc-cli.py:Epoch 81/100	Loss 2.7479 ± 0.1969
INFO:kbc-cli.py:Epoch 81/100	dev results	MRR 0.460417	H@1 0.429796	H@3 0.471490	H@5 0.490277	H@10 0.521424	H@20 0.549110	H@50 0.594265	H@100 0.628543
INFO:kbc-cli.py:Epoch 81/100	test results	MRR 0.463502	H@1 0.429324	H@3 0.476548	H@5 0.499521	H@10 0.531270	H@20 0.559828	H@50 0.596362	H@100 0.627473
INFO:kbc-cli.py:Epoch 82/100	Loss 2.7454 ± 0.1913
INFO:kbc-cli.py:Epoch 83/100	Loss 2.7419 ± 0.1880
INFO:kbc-cli.py:Epoch 84/100	Loss 2.7391 ± 0.1935
INFO:kbc-cli.py:Epoch 84/100	dev results	MRR 0.460610	H@1 0.429631	H@3 0.470501	H@5 0.490771	H@10 0.521259	H@20 0.550758	H@50 0.595419	H@100 0.627719
INFO:kbc-cli.py:Epoch 84/100	test results	MRR 0.463812	H@1 0.429324	H@3 0.477186	H@5 0.500798	H@10 0.530791	H@20 0.559190	H@50 0.597798	H@100 0.627951
INFO:kbc-cli.py:Epoch 85/100	Loss 2.7365 ± 0.1914
INFO:kbc-cli.py:Epoch 86/100	Loss 2.7338 ± 0.1902
INFO:kbc-cli.py:Epoch 87/100	Loss 2.7312 ± 0.1931
INFO:kbc-cli.py:Epoch 87/100	dev results	MRR 0.461197	H@1 0.430290	H@3 0.472973	H@5 0.491430	H@10 0.522248	H@20 0.550593	H@50 0.595254	H@100 0.628543
INFO:kbc-cli.py:Epoch 87/100	test results	MRR 0.463677	H@1 0.429004	H@3 0.476388	H@5 0.501755	H@10 0.531589	H@20 0.561104	H@50 0.596682	H@100 0.627313
INFO:kbc-cli.py:Epoch 88/100	Loss 2.7280 ± 0.1925
INFO:kbc-cli.py:Epoch 89/100	Loss 2.7255 ± 0.1875
INFO:kbc-cli.py:Epoch 90/100	Loss 2.7229 ± 0.2002
INFO:kbc-cli.py:Epoch 90/100	dev results	MRR 0.460817	H@1 0.429136	H@3 0.473962	H@5 0.491925	H@10 0.521753	H@20 0.551252	H@50 0.595583	H@100 0.629367
INFO:kbc-cli.py:Epoch 90/100	test results	MRR 0.464532	H@1 0.430600	H@3 0.475750	H@5 0.501276	H@10 0.532068	H@20 0.561902	H@50 0.598756	H@100 0.627313
INFO:kbc-cli.py:Epoch 91/100	Loss 2.7202 ± 0.1923
INFO:kbc-cli.py:Epoch 92/100	Loss 2.7180 ± 0.1956
INFO:kbc-cli.py:Epoch 93/100	Loss 2.7158 ± 0.1905
INFO:kbc-cli.py:Epoch 93/100	dev results	MRR 0.461707	H@1 0.430620	H@3 0.474456	H@5 0.490771	H@10 0.521918	H@20 0.551582	H@50 0.595254	H@100 0.629202
INFO:kbc-cli.py:Epoch 93/100	test results	MRR 0.464392	H@1 0.429643	H@3 0.477026	H@5 0.501436	H@10 0.531110	H@20 0.562699	H@50 0.599075	H@100 0.627951
INFO:kbc-cli.py:Epoch 94/100	Loss 2.7136 ± 0.1923
INFO:kbc-cli.py:Epoch 95/100	Loss 2.7108 ± 0.1880
INFO:kbc-cli.py:Epoch 96/100	Loss 2.7084 ± 0.1873
INFO:kbc-cli.py:Epoch 96/100	dev results	MRR 0.460740	H@1 0.428642	H@3 0.474127	H@5 0.491430	H@10 0.521094	H@20 0.551417	H@50 0.596407	H@100 0.630026
INFO:kbc-cli.py:Epoch 96/100	test results	MRR 0.464067	H@1 0.429324	H@3 0.476069	H@5 0.501436	H@10 0.531110	H@20 0.563657	H@50 0.598756	H@100 0.628111
INFO:kbc-cli.py:Epoch 97/100	Loss 2.7062 ± 0.1870
INFO:kbc-cli.py:Epoch 98/100	Loss 2.7037 ± 0.1921
INFO:kbc-cli.py:Epoch 99/100	Loss 2.7018 ± 0.1752
INFO:kbc-cli.py:Epoch 99/100	dev results	MRR 0.461944	H@1 0.430620	H@3 0.474621	H@5 0.491430	H@10 0.521753	H@20 0.551912	H@50 0.597561	H@100 0.630026
INFO:kbc-cli.py:Epoch 99/100	test results	MRR 0.464436	H@1 0.429324	H@3 0.476867	H@5 0.502553	H@10 0.532068	H@20 0.563178	H@50 0.598596	H@100 0.628749
INFO:kbc-cli.py:Epoch 100/100	Loss 2.6994 ± 0.1884
INFO:kbc-cli.py:Final 	dev results	MRR 0.461845	H@1 0.430290	H@3 0.474291	H@5 0.491925	H@10 0.521753	H@20 0.552406	H@50 0.596902	H@100 0.630850
INFO:kbc-cli.py:Final 	test results	MRR 0.464473	H@1 0.429643	H@3 0.477186	H@5 0.502872	H@10 0.532227	H@20 0.564295	H@50 0.598756	H@100 0.627951
INFO:kbc-cli.py:Training finished
