./bin/kbc-cli.py --train data/wn18rr/train.tsv --dev data/wn18rr/dev.tsv --test data/wn18rr/test.tsv -m complex -k 4000 -b 500 -e 100 --F2 0.001 --N3 0 -l 0.1 -I standard -V 3 -o adagrad -c spo -q
{'F2': 0.001,
 'N3': 0.0,
 'batch_size': 500,
 'corruption': 'spo',
 'dev': 'data/wn18rr/dev.tsv',
 'embedding_size': 4000,
 'epochs': 100,
 'eval_batch_size': None,
 'input_type': 'standard',
 'learning_rate': 0.1,
 'load': None,
 'model': 'complex',
 'optimizer': 'adagrad',
 'quiet': True,
 'save': None,
 'seed': 0,
 'test': 'data/wn18rr/test.tsv',
 'test_i': None,
 'test_ii': None,
 'train': 'data/wn18rr/train.tsv',
 'validate_every': 3}
INFO:kbc-cli.py:Device: cuda
INFO:kbc-cli.py:Model state:
INFO:kbc-cli.py:	entities.weight	torch.Size([40943, 8000])
INFO:kbc-cli.py:	predicates.weight	torch.Size([11, 8000])
INFO:kbc-cli.py:Epoch 1/100	Loss 19.7144 ± 2.3260
INFO:kbc-cli.py:Epoch 2/100	Loss 9.3569 ± 0.3881
INFO:kbc-cli.py:Epoch 3/100	Loss 5.0461 ± 0.3242
INFO:kbc-cli.py:Epoch 3/100	dev results	MRR 0.419134	H@1 0.398978	H@3 0.426500	H@5 0.437212	H@10 0.455339	H@20 0.476269	H@50 0.503131	H@100 0.528510
INFO:kbc-cli.py:Epoch 3/100	test results	MRR 0.421741	H@1 0.403159	H@3 0.426292	H@5 0.438736	H@10 0.456605	H@20 0.474154	H@50 0.506063	H@100 0.530313
INFO:kbc-cli.py:Epoch 4/100	Loss 4.2778 ± 0.2674
INFO:kbc-cli.py:Epoch 5/100	Loss 3.9343 ± 0.2630
INFO:kbc-cli.py:Epoch 6/100	Loss 3.7494 ± 0.2554
INFO:kbc-cli.py:Epoch 6/100	dev results	MRR 0.430756	H@1 0.410185	H@3 0.437212	H@5 0.449077	H@10 0.468523	H@20 0.489618	H@50 0.519281	H@100 0.546638
INFO:kbc-cli.py:Epoch 6/100	test results	MRR 0.430997	H@1 0.409221	H@3 0.438258	H@5 0.452138	H@10 0.472559	H@20 0.490268	H@50 0.524888	H@100 0.551691
INFO:kbc-cli.py:Epoch 7/100	Loss 3.6207 ± 0.2390
INFO:kbc-cli.py:Epoch 8/100	Loss 3.5285 ± 0.2457
INFO:kbc-cli.py:Epoch 9/100	Loss 3.4545 ± 0.2346
INFO:kbc-cli.py:Epoch 9/100	dev results	MRR 0.435129	H@1 0.412492	H@3 0.442815	H@5 0.456328	H@10 0.475939	H@20 0.497198	H@50 0.529499	H@100 0.556196
INFO:kbc-cli.py:Epoch 9/100	test results	MRR 0.437901	H@1 0.416241	H@3 0.444799	H@5 0.459158	H@10 0.478941	H@20 0.500638	H@50 0.533663	H@100 0.561264
INFO:kbc-cli.py:Epoch 10/100	Loss 3.3913 ± 0.2253
INFO:kbc-cli.py:Epoch 11/100	Loss 3.3415 ± 0.2248
INFO:kbc-cli.py:Epoch 12/100	Loss 3.2983 ± 0.2274
INFO:kbc-cli.py:Epoch 12/100	dev results	MRR 0.437846	H@1 0.415293	H@3 0.445122	H@5 0.458965	H@10 0.479565	H@20 0.502637	H@50 0.534773	H@100 0.562953
INFO:kbc-cli.py:Epoch 12/100	test results	MRR 0.439701	H@1 0.417518	H@3 0.446235	H@5 0.460274	H@10 0.482131	H@20 0.505903	H@50 0.539566	H@100 0.567486
INFO:kbc-cli.py:Epoch 13/100	Loss 3.2585 ± 0.2136
INFO:kbc-cli.py:Epoch 14/100	Loss 3.2238 ± 0.2190
INFO:kbc-cli.py:Epoch 15/100	Loss 3.1910 ± 0.2129
INFO:kbc-cli.py:Epoch 15/100	dev results	MRR 0.440957	H@1 0.418260	H@3 0.448088	H@5 0.461272	H@10 0.482696	H@20 0.506427	H@50 0.538893	H@100 0.565096
INFO:kbc-cli.py:Epoch 15/100	test results	MRR 0.442071	H@1 0.418953	H@3 0.449266	H@5 0.464103	H@10 0.488513	H@20 0.511327	H@50 0.543555	H@100 0.571634
INFO:kbc-cli.py:Epoch 16/100	Loss 3.1649 ± 0.2090
INFO:kbc-cli.py:Epoch 17/100	Loss 3.1374 ± 0.2090
INFO:kbc-cli.py:Epoch 18/100	Loss 3.1137 ± 0.1953
INFO:kbc-cli.py:Epoch 18/100	dev results	MRR 0.442543	H@1 0.420402	H@3 0.449407	H@5 0.463250	H@10 0.483850	H@20 0.509064	H@50 0.541200	H@100 0.569710
INFO:kbc-cli.py:Epoch 18/100	test results	MRR 0.442824	H@1 0.418794	H@3 0.450383	H@5 0.465699	H@10 0.490587	H@20 0.511966	H@50 0.547224	H@100 0.574984
INFO:kbc-cli.py:Epoch 19/100	Loss 3.0920 ± 0.2004
INFO:kbc-cli.py:Epoch 20/100	Loss 3.0721 ± 0.1967
INFO:kbc-cli.py:Epoch 21/100	Loss 3.0529 ± 0.1890
INFO:kbc-cli.py:Epoch 21/100	dev results	MRR 0.444629	H@1 0.422050	H@3 0.451714	H@5 0.466216	H@10 0.486981	H@20 0.512525	H@50 0.545320	H@100 0.572182
INFO:kbc-cli.py:Epoch 21/100	test results	MRR 0.445003	H@1 0.420708	H@3 0.451978	H@5 0.469209	H@10 0.493299	H@20 0.513561	H@50 0.548500	H@100 0.576899
INFO:kbc-cli.py:Epoch 22/100	Loss 3.0350 ± 0.2017
INFO:kbc-cli.py:Epoch 23/100	Loss 3.0169 ± 0.1897
INFO:kbc-cli.py:Epoch 24/100	Loss 3.0031 ± 0.1952
INFO:kbc-cli.py:Epoch 24/100	dev results	MRR 0.445633	H@1 0.423039	H@3 0.452208	H@5 0.466711	H@10 0.489288	H@20 0.515656	H@50 0.548121	H@100 0.573500
INFO:kbc-cli.py:Epoch 24/100	test results	MRR 0.446532	H@1 0.421985	H@3 0.453095	H@5 0.471442	H@10 0.495373	H@20 0.516433	H@50 0.551372	H@100 0.579770
INFO:kbc-cli.py:Epoch 25/100	Loss 2.9869 ± 0.1887
INFO:kbc-cli.py:Epoch 26/100	Loss 2.9724 ± 0.1884
INFO:kbc-cli.py:Epoch 27/100	Loss 2.9589 ± 0.1908
INFO:kbc-cli.py:Epoch 27/100	dev results	MRR 0.447477	H@1 0.425181	H@3 0.453691	H@5 0.469183	H@10 0.489453	H@20 0.516480	H@50 0.550428	H@100 0.575148
INFO:kbc-cli.py:Epoch 27/100	test results	MRR 0.447391	H@1 0.422463	H@3 0.453733	H@5 0.472559	H@10 0.496011	H@20 0.518347	H@50 0.553606	H@100 0.582004
INFO:kbc-cli.py:Epoch 28/100	Loss 2.9466 ± 0.1883
INFO:kbc-cli.py:Epoch 29/100	Loss 2.9342 ± 0.1883
INFO:kbc-cli.py:Epoch 30/100	Loss 2.9229 ± 0.1731
INFO:kbc-cli.py:Epoch 30/100	dev results	MRR 0.448511	H@1 0.426170	H@3 0.454515	H@5 0.469018	H@10 0.490277	H@20 0.518293	H@50 0.551417	H@100 0.576302
INFO:kbc-cli.py:Epoch 30/100	test results	MRR 0.449611	H@1 0.425016	H@3 0.455807	H@5 0.474793	H@10 0.496490	H@20 0.518507	H@50 0.554244	H@100 0.583280
INFO:kbc-cli.py:Epoch 31/100	Loss 2.9110 ± 0.1817
INFO:kbc-cli.py:Epoch 32/100	Loss 2.9004 ± 0.1845
INFO:kbc-cli.py:Epoch 33/100	Loss 2.8901 ± 0.1821
INFO:kbc-cli.py:Epoch 33/100	dev results	MRR 0.449506	H@1 0.426829	H@3 0.456658	H@5 0.471655	H@10 0.491760	H@20 0.520435	H@50 0.553889	H@100 0.575478
INFO:kbc-cli.py:Epoch 33/100	test results	MRR 0.450618	H@1 0.425973	H@3 0.457403	H@5 0.475271	H@10 0.496969	H@20 0.519304	H@50 0.555680	H@100 0.585195
INFO:kbc-cli.py:Epoch 34/100	Loss 2.8805 ± 0.1724
INFO:kbc-cli.py:Epoch 35/100	Loss 2.8710 ± 0.1766
INFO:kbc-cli.py:Epoch 36/100	Loss 2.8618 ± 0.1707
INFO:kbc-cli.py:Epoch 36/100	dev results	MRR 0.449765	H@1 0.426994	H@3 0.456823	H@5 0.471160	H@10 0.491760	H@20 0.520929	H@50 0.554548	H@100 0.579433
INFO:kbc-cli.py:Epoch 36/100	test results	MRR 0.451711	H@1 0.426930	H@3 0.458360	H@5 0.476548	H@10 0.497288	H@20 0.521857	H@50 0.556477	H@100 0.585992
INFO:kbc-cli.py:Epoch 37/100	Loss 2.8530 ± 0.1699
INFO:kbc-cli.py:Epoch 38/100	Loss 2.8449 ± 0.1786
INFO:kbc-cli.py:Epoch 39/100	Loss 2.8362 ± 0.1724
INFO:kbc-cli.py:Epoch 39/100	dev results	MRR 0.451535	H@1 0.428477	H@3 0.458965	H@5 0.472314	H@10 0.493573	H@20 0.521259	H@50 0.555043	H@100 0.580587
INFO:kbc-cli.py:Epoch 39/100	test results	MRR 0.452654	H@1 0.428526	H@3 0.458839	H@5 0.477505	H@10 0.500000	H@20 0.523133	H@50 0.560625	H@100 0.588066
INFO:kbc-cli.py:Epoch 40/100	Loss 2.8288 ± 0.1663
INFO:kbc-cli.py:Epoch 41/100	Loss 2.8213 ± 0.1697
INFO:kbc-cli.py:Epoch 42/100	Loss 2.8136 ± 0.1635
INFO:kbc-cli.py:Epoch 42/100	dev results	MRR 0.451667	H@1 0.427983	H@3 0.459624	H@5 0.472643	H@10 0.496374	H@20 0.521589	H@50 0.556032	H@100 0.582070
INFO:kbc-cli.py:Epoch 42/100	test results	MRR 0.453255	H@1 0.428685	H@3 0.460115	H@5 0.478462	H@10 0.501755	H@20 0.525048	H@50 0.560466	H@100 0.589662
INFO:kbc-cli.py:Epoch 43/100	Loss 2.8068 ± 0.1629
INFO:kbc-cli.py:Epoch 44/100	Loss 2.7999 ± 0.1639
INFO:kbc-cli.py:Epoch 45/100	Loss 2.7935 ± 0.1542
INFO:kbc-cli.py:Epoch 45/100	dev results	MRR 0.451624	H@1 0.427488	H@3 0.460119	H@5 0.474621	H@10 0.496539	H@20 0.523566	H@50 0.556526	H@100 0.583059
INFO:kbc-cli.py:Epoch 45/100	test results	MRR 0.453527	H@1 0.428366	H@3 0.460593	H@5 0.478941	H@10 0.500479	H@20 0.525846	H@50 0.561264	H@100 0.590140
INFO:kbc-cli.py:Epoch 46/100	Loss 2.7866 ± 0.1574
INFO:kbc-cli.py:Epoch 47/100	Loss 2.7805 ± 0.1662
INFO:kbc-cli.py:Epoch 48/100	Loss 2.7744 ± 0.1634
INFO:kbc-cli.py:Epoch 48/100	dev results	MRR 0.452308	H@1 0.428477	H@3 0.459789	H@5 0.474456	H@10 0.496869	H@20 0.523401	H@50 0.557020	H@100 0.584871
INFO:kbc-cli.py:Epoch 48/100	test results	MRR 0.454167	H@1 0.429164	H@3 0.461710	H@5 0.479738	H@10 0.500798	H@20 0.526324	H@50 0.561264	H@100 0.590938
INFO:kbc-cli.py:Epoch 49/100	Loss 2.7679 ± 0.1546
INFO:kbc-cli.py:Epoch 50/100	Loss 2.7625 ± 0.1644
INFO:kbc-cli.py:Epoch 51/100	Loss 2.7569 ± 0.1526
INFO:kbc-cli.py:Epoch 51/100	dev results	MRR 0.452381	H@1 0.427983	H@3 0.460613	H@5 0.473797	H@10 0.499011	H@20 0.524225	H@50 0.556856	H@100 0.584871
INFO:kbc-cli.py:Epoch 51/100	test results	MRR 0.453869	H@1 0.428047	H@3 0.462668	H@5 0.480696	H@10 0.502872	H@20 0.528558	H@50 0.561583	H@100 0.591257
INFO:kbc-cli.py:Epoch 52/100	Loss 2.7516 ± 0.1630
INFO:kbc-cli.py:Epoch 53/100	Loss 2.7458 ± 0.1543
INFO:kbc-cli.py:Epoch 54/100	Loss 2.7414 ± 0.1603
INFO:kbc-cli.py:Epoch 54/100	dev results	MRR 0.453588	H@1 0.429960	H@3 0.461272	H@5 0.473962	H@10 0.499176	H@20 0.525049	H@50 0.557680	H@100 0.585201
INFO:kbc-cli.py:Epoch 54/100	test results	MRR 0.453936	H@1 0.427888	H@3 0.463306	H@5 0.479898	H@10 0.502553	H@20 0.528239	H@50 0.562859	H@100 0.592214
INFO:kbc-cli.py:Epoch 55/100	Loss 2.7360 ± 0.1641
INFO:kbc-cli.py:Epoch 56/100	Loss 2.7310 ± 0.1522
INFO:kbc-cli.py:Epoch 57/100	Loss 2.7263 ± 0.1632
INFO:kbc-cli.py:Epoch 57/100	dev results	MRR 0.453676	H@1 0.429631	H@3 0.461107	H@5 0.475445	H@10 0.500000	H@20 0.525873	H@50 0.559163	H@100 0.585695
INFO:kbc-cli.py:Epoch 57/100	test results	MRR 0.454999	H@1 0.429004	H@3 0.463625	H@5 0.480057	H@10 0.504786	H@20 0.528717	H@50 0.564614	H@100 0.593650
INFO:kbc-cli.py:Epoch 58/100	Loss 2.7215 ± 0.1517
INFO:kbc-cli.py:Epoch 59/100	Loss 2.7171 ± 0.1530
INFO:kbc-cli.py:Epoch 60/100	Loss 2.7125 ± 0.1533
INFO:kbc-cli.py:Epoch 60/100	dev results	MRR 0.453998	H@1 0.429631	H@3 0.461931	H@5 0.476599	H@10 0.500824	H@20 0.526368	H@50 0.559328	H@100 0.586190
INFO:kbc-cli.py:Epoch 60/100	test results	MRR 0.455249	H@1 0.429324	H@3 0.464103	H@5 0.480696	H@10 0.505903	H@20 0.529675	H@50 0.564933	H@100 0.594608
INFO:kbc-cli.py:Epoch 61/100	Loss 2.7080 ± 0.1583
INFO:kbc-cli.py:Epoch 62/100	Loss 2.7037 ± 0.1491
INFO:kbc-cli.py:Epoch 63/100	Loss 2.6996 ± 0.1392
INFO:kbc-cli.py:Epoch 63/100	dev results	MRR 0.454165	H@1 0.429631	H@3 0.462591	H@5 0.477258	H@10 0.498846	H@20 0.525709	H@50 0.558339	H@100 0.586519
INFO:kbc-cli.py:Epoch 63/100	test results	MRR 0.455153	H@1 0.428845	H@3 0.463625	H@5 0.481812	H@10 0.505743	H@20 0.529994	H@50 0.564614	H@100 0.593969
INFO:kbc-cli.py:Epoch 64/100	Loss 2.6958 ± 0.1423
INFO:kbc-cli.py:Epoch 65/100	Loss 2.6913 ± 0.1455
INFO:kbc-cli.py:Epoch 66/100	Loss 2.6877 ± 0.1424
INFO:kbc-cli.py:Epoch 66/100	dev results	MRR 0.454318	H@1 0.430125	H@3 0.462426	H@5 0.476434	H@10 0.500494	H@20 0.527027	H@50 0.559987	H@100 0.587673
INFO:kbc-cli.py:Epoch 66/100	test results	MRR 0.456036	H@1 0.430121	H@3 0.464901	H@5 0.479898	H@10 0.507179	H@20 0.530472	H@50 0.566688	H@100 0.594448
INFO:kbc-cli.py:Epoch 67/100	Loss 2.6840 ± 0.1484
INFO:kbc-cli.py:Epoch 68/100	Loss 2.6801 ± 0.1472
INFO:kbc-cli.py:Epoch 69/100	Loss 2.6764 ± 0.1500
INFO:kbc-cli.py:Epoch 69/100	dev results	MRR 0.454424	H@1 0.430290	H@3 0.462755	H@5 0.475610	H@10 0.499835	H@20 0.527027	H@50 0.560646	H@100 0.588003
INFO:kbc-cli.py:Epoch 69/100	test results	MRR 0.455752	H@1 0.429483	H@3 0.464422	H@5 0.482929	H@10 0.506860	H@20 0.531908	H@50 0.566369	H@100 0.594448
INFO:kbc-cli.py:Epoch 70/100	Loss 2.6726 ± 0.1472
INFO:kbc-cli.py:Epoch 71/100	Loss 2.6692 ± 0.1413
INFO:kbc-cli.py:Epoch 72/100	Loss 2.6661 ± 0.1439
INFO:kbc-cli.py:Epoch 72/100	dev results	MRR 0.454693	H@1 0.430290	H@3 0.461602	H@5 0.477423	H@10 0.500824	H@20 0.528510	H@50 0.560646	H@100 0.589815
INFO:kbc-cli.py:Epoch 72/100	test results	MRR 0.455941	H@1 0.429004	H@3 0.464901	H@5 0.482929	H@10 0.508456	H@20 0.531908	H@50 0.566528	H@100 0.597320
INFO:kbc-cli.py:Epoch 73/100	Loss 2.6625 ± 0.1408
INFO:kbc-cli.py:Epoch 74/100	Loss 2.6590 ± 0.1408
INFO:kbc-cli.py:Epoch 75/100	Loss 2.6559 ± 0.1388
INFO:kbc-cli.py:Epoch 75/100	dev results	MRR 0.455265	H@1 0.430620	H@3 0.462591	H@5 0.477258	H@10 0.500330	H@20 0.528181	H@50 0.560976	H@100 0.589815
INFO:kbc-cli.py:Epoch 75/100	test results	MRR 0.457121	H@1 0.430919	H@3 0.466816	H@5 0.483089	H@10 0.507977	H@20 0.532546	H@50 0.566847	H@100 0.597160
INFO:kbc-cli.py:Epoch 76/100	Loss 2.6526 ± 0.1433
INFO:kbc-cli.py:Epoch 77/100	Loss 2.6496 ± 0.1396
INFO:kbc-cli.py:Epoch 78/100	Loss 2.6465 ± 0.1397
INFO:kbc-cli.py:Epoch 78/100	dev results	MRR 0.455306	H@1 0.430290	H@3 0.463579	H@5 0.478082	H@10 0.500000	H@20 0.528016	H@50 0.562459	H@100 0.591793
INFO:kbc-cli.py:Epoch 78/100	test results	MRR 0.456893	H@1 0.429962	H@3 0.466975	H@5 0.483248	H@10 0.507498	H@20 0.533344	H@50 0.567805	H@100 0.597479
INFO:kbc-cli.py:Epoch 79/100	Loss 2.6432 ± 0.1285
INFO:kbc-cli.py:Epoch 80/100	Loss 2.6401 ± 0.1369
INFO:kbc-cli.py:Epoch 81/100	Loss 2.6376 ± 0.1437
INFO:kbc-cli.py:Epoch 81/100	dev results	MRR 0.455783	H@1 0.431608	H@3 0.463909	H@5 0.478082	H@10 0.501318	H@20 0.529005	H@50 0.562129	H@100 0.591299
INFO:kbc-cli.py:Epoch 81/100	test results	MRR 0.456988	H@1 0.430281	H@3 0.467135	H@5 0.484844	H@10 0.508775	H@20 0.534142	H@50 0.568283	H@100 0.597958
INFO:kbc-cli.py:Epoch 82/100	Loss 2.6349 ± 0.1349
INFO:kbc-cli.py:Epoch 83/100	Loss 2.6321 ± 0.1336
INFO:kbc-cli.py:Epoch 84/100	Loss 2.6291 ± 0.1398
INFO:kbc-cli.py:Epoch 84/100	dev results	MRR 0.455424	H@1 0.430620	H@3 0.463579	H@5 0.478741	H@10 0.499835	H@20 0.529499	H@50 0.563448	H@100 0.591299
INFO:kbc-cli.py:Epoch 84/100	test results	MRR 0.457586	H@1 0.431238	H@3 0.466816	H@5 0.483727	H@10 0.508456	H@20 0.534142	H@50 0.569081	H@100 0.597958
INFO:kbc-cli.py:Epoch 85/100	Loss 2.6264 ± 0.1393
INFO:kbc-cli.py:Epoch 86/100	Loss 2.6239 ± 0.1363
INFO:kbc-cli.py:Epoch 87/100	Loss 2.6213 ± 0.1321
INFO:kbc-cli.py:Epoch 87/100	dev results	MRR 0.455966	H@1 0.431279	H@3 0.464239	H@5 0.478411	H@10 0.500989	H@20 0.529664	H@50 0.563118	H@100 0.593111
INFO:kbc-cli.py:Epoch 87/100	test results	MRR 0.457474	H@1 0.430281	H@3 0.468092	H@5 0.484205	H@10 0.508934	H@20 0.535578	H@50 0.569400	H@100 0.598596
INFO:kbc-cli.py:Epoch 88/100	Loss 2.6183 ± 0.1300
INFO:kbc-cli.py:Epoch 89/100	Loss 2.6162 ± 0.1273
INFO:kbc-cli.py:Epoch 90/100	Loss 2.6136 ± 0.1445
INFO:kbc-cli.py:Epoch 90/100	dev results	MRR 0.455698	H@1 0.430784	H@3 0.463909	H@5 0.478576	H@10 0.500659	H@20 0.529829	H@50 0.563777	H@100 0.593276
INFO:kbc-cli.py:Epoch 90/100	test results	MRR 0.457708	H@1 0.430600	H@3 0.468251	H@5 0.484525	H@10 0.509732	H@20 0.535897	H@50 0.570676	H@100 0.599394
INFO:kbc-cli.py:Epoch 91/100	Loss 2.6109 ± 0.1303
INFO:kbc-cli.py:Epoch 92/100	Loss 2.6087 ± 0.1364
INFO:kbc-cli.py:Epoch 93/100	Loss 2.6066 ± 0.1327
INFO:kbc-cli.py:Epoch 93/100	dev results	MRR 0.455531	H@1 0.430290	H@3 0.464733	H@5 0.478741	H@10 0.501978	H@20 0.528675	H@50 0.563777	H@100 0.593111
INFO:kbc-cli.py:Epoch 93/100	test results	MRR 0.458002	H@1 0.430919	H@3 0.468251	H@5 0.485322	H@10 0.510051	H@20 0.534780	H@50 0.570038	H@100 0.599713
INFO:kbc-cli.py:Epoch 94/100	Loss 2.6045 ± 0.1319
INFO:kbc-cli.py:Epoch 95/100	Loss 2.6018 ± 0.1304
INFO:kbc-cli.py:Epoch 96/100	Loss 2.5993 ± 0.1305
INFO:kbc-cli.py:Epoch 96/100	dev results	MRR 0.456076	H@1 0.431114	H@3 0.464239	H@5 0.480554	H@10 0.501978	H@20 0.528510	H@50 0.563612	H@100 0.593276
INFO:kbc-cli.py:Epoch 96/100	test results	MRR 0.458053	H@1 0.431398	H@3 0.467932	H@5 0.484046	H@10 0.510211	H@20 0.535737	H@50 0.570357	H@100 0.599713
INFO:kbc-cli.py:Epoch 97/100	Loss 2.5973 ± 0.1298
INFO:kbc-cli.py:Epoch 98/100	Loss 2.5950 ± 0.1380
INFO:kbc-cli.py:Epoch 99/100	Loss 2.5928 ± 0.1187
INFO:kbc-cli.py:Epoch 99/100	dev results	MRR 0.455754	H@1 0.430620	H@3 0.464733	H@5 0.479730	H@10 0.501154	H@20 0.528840	H@50 0.564766	H@100 0.593606
INFO:kbc-cli.py:Epoch 99/100	test results	MRR 0.458462	H@1 0.431876	H@3 0.468411	H@5 0.485003	H@10 0.509732	H@20 0.535737	H@50 0.570676	H@100 0.600191
INFO:kbc-cli.py:Epoch 100/100	Loss 2.5907 ± 0.1352
INFO:kbc-cli.py:Final 	dev results	MRR 0.455938	H@1 0.430949	H@3 0.464403	H@5 0.479071	H@10 0.501978	H@20 0.528840	H@50 0.564272	H@100 0.594265
INFO:kbc-cli.py:Final 	test results	MRR 0.458258	H@1 0.431238	H@3 0.468730	H@5 0.484046	H@10 0.509892	H@20 0.536056	H@50 0.571315	H@100 0.600191
INFO:kbc-cli.py:Training finished
