./bin/kbc-cli.py --train data/wn18rr/train.tsv --dev data/wn18rr/dev.tsv --test data/wn18rr/test.tsv -m complex -k 200 -b 50 -e 100 --F2 0.005 --N3 0 -l 0.1 -I standard -V 3 -o adagrad -c spo -q
{'F2': 0.005,
 'N3': 0.0,
 'batch_size': 50,
 'corruption': 'spo',
 'dev': 'data/wn18rr/dev.tsv',
 'embedding_size': 200,
 'epochs': 100,
 'eval_batch_size': None,
 'input_type': 'standard',
 'learning_rate': 0.1,
 'load': None,
 'model': 'complex',
 'optimizer': 'adagrad',
 'quiet': True,
 'save': None,
 'seed': 0,
 'test': 'data/wn18rr/test.tsv',
 'test_i': None,
 'test_ii': None,
 'train': 'data/wn18rr/train.tsv',
 'validate_every': 3}
INFO:kbc-cli.py:Device: cuda
INFO:kbc-cli.py:Model state:
INFO:kbc-cli.py:	entities.weight	torch.Size([40943, 400])
INFO:kbc-cli.py:	predicates.weight	torch.Size([11, 400])
INFO:kbc-cli.py:Epoch 1/100	Loss 22.1309 ± 1.3270
INFO:kbc-cli.py:Epoch 2/100	Loss 13.2204 ± 0.9080
INFO:kbc-cli.py:Epoch 3/100	Loss 6.9794 ± 0.5427
INFO:kbc-cli.py:Epoch 3/100	dev results	MRR 0.243119	H@1 0.084212	H@3 0.388596	H@5 0.437706	H@10 0.468523	H@20 0.495550	H@50 0.524885	H@100 0.546968
INFO:kbc-cli.py:Epoch 3/100	test results	MRR 0.247950	H@1 0.092055	H@3 0.390874	H@5 0.436024	H@10 0.470964	H@20 0.497128	H@50 0.526484	H@100 0.547862
INFO:kbc-cli.py:Epoch 4/100	Loss 5.2025 ± 0.4016
INFO:kbc-cli.py:Epoch 5/100	Loss 4.4242 ± 0.3868
INFO:kbc-cli.py:Epoch 6/100	Loss 4.0618 ± 0.3641
INFO:kbc-cli.py:Epoch 6/100	dev results	MRR 0.394537	H@1 0.332564	H@3 0.440672	H@5 0.457976	H@10 0.479235	H@20 0.503626	H@50 0.534937	H@100 0.558998
INFO:kbc-cli.py:Epoch 6/100	test results	MRR 0.392613	H@1 0.327856	H@3 0.439215	H@5 0.458839	H@10 0.484684	H@20 0.508775	H@50 0.538928	H@100 0.560306
INFO:kbc-cli.py:Epoch 7/100	Loss 3.8553 ± 0.3506
INFO:kbc-cli.py:Epoch 8/100	Loss 3.7191 ± 0.3495
INFO:kbc-cli.py:Epoch 9/100	Loss 3.6196 ± 0.3322
INFO:kbc-cli.py:Epoch 9/100	dev results	MRR 0.428921	H@1 0.397001	H@3 0.446605	H@5 0.460448	H@10 0.484179	H@20 0.508240	H@50 0.540046	H@100 0.566249
INFO:kbc-cli.py:Epoch 9/100	test results	MRR 0.427072	H@1 0.392629	H@3 0.444001	H@5 0.462827	H@10 0.488194	H@20 0.513880	H@50 0.544671	H@100 0.565093
INFO:kbc-cli.py:Epoch 10/100	Loss 3.5420 ± 0.3177
INFO:kbc-cli.py:Epoch 11/100	Loss 3.4812 ± 0.3150
INFO:kbc-cli.py:Epoch 12/100	Loss 3.4310 ± 0.3174
INFO:kbc-cli.py:Epoch 12/100	dev results	MRR 0.432765	H@1 0.403098	H@3 0.447594	H@5 0.462755	H@10 0.485003	H@20 0.512195	H@50 0.544990	H@100 0.569710
INFO:kbc-cli.py:Epoch 12/100	test results	MRR 0.432141	H@1 0.400606	H@3 0.445437	H@5 0.463146	H@10 0.489630	H@20 0.516592	H@50 0.547064	H@100 0.568283
INFO:kbc-cli.py:Epoch 13/100	Loss 3.3879 ± 0.3064
INFO:kbc-cli.py:Epoch 14/100	Loss 3.3514 ± 0.3060
INFO:kbc-cli.py:Epoch 15/100	Loss 3.3192 ± 0.3090
INFO:kbc-cli.py:Epoch 15/100	dev results	MRR 0.434506	H@1 0.404911	H@3 0.449572	H@5 0.463579	H@10 0.487475	H@20 0.513349	H@50 0.547627	H@100 0.572347
INFO:kbc-cli.py:Epoch 15/100	test results	MRR 0.433850	H@1 0.402042	H@3 0.446235	H@5 0.466496	H@10 0.493778	H@20 0.519145	H@50 0.548979	H@100 0.570996
INFO:kbc-cli.py:Epoch 16/100	Loss 3.2920 ± 0.2979
INFO:kbc-cli.py:Epoch 17/100	Loss 3.2669 ± 0.2947
INFO:kbc-cli.py:Epoch 18/100	Loss 3.2447 ± 0.2889
INFO:kbc-cli.py:Epoch 18/100	dev results	MRR 0.434893	H@1 0.405076	H@3 0.450066	H@5 0.464074	H@10 0.488629	H@20 0.515985	H@50 0.549604	H@100 0.573336
INFO:kbc-cli.py:Epoch 18/100	test results	MRR 0.434408	H@1 0.402202	H@3 0.448149	H@5 0.466177	H@10 0.494895	H@20 0.520581	H@50 0.550734	H@100 0.570996
INFO:kbc-cli.py:Epoch 19/100	Loss 3.2243 ± 0.2857
INFO:kbc-cli.py:Epoch 20/100	Loss 3.2066 ± 0.2813
INFO:kbc-cli.py:Epoch 21/100	Loss 3.1901 ± 0.2786
INFO:kbc-cli.py:Epoch 21/100	dev results	MRR 0.435416	H@1 0.405241	H@3 0.450890	H@5 0.464898	H@10 0.490442	H@20 0.516645	H@50 0.551088	H@100 0.574324
INFO:kbc-cli.py:Epoch 21/100	test results	MRR 0.435159	H@1 0.402999	H@3 0.448628	H@5 0.468571	H@10 0.497128	H@20 0.522655	H@50 0.551851	H@100 0.572431
INFO:kbc-cli.py:Epoch 22/100	Loss 3.1743 ± 0.2865
INFO:kbc-cli.py:Epoch 23/100	Loss 3.1600 ± 0.2804
INFO:kbc-cli.py:Epoch 24/100	Loss 3.1473 ± 0.2801
INFO:kbc-cli.py:Epoch 24/100	dev results	MRR 0.435884	H@1 0.405570	H@3 0.451549	H@5 0.466711	H@10 0.491101	H@20 0.516809	H@50 0.551747	H@100 0.575313
INFO:kbc-cli.py:Epoch 24/100	test results	MRR 0.436076	H@1 0.404116	H@3 0.448628	H@5 0.469049	H@10 0.497926	H@20 0.523772	H@50 0.551532	H@100 0.573229
INFO:kbc-cli.py:Epoch 25/100	Loss 3.1348 ± 0.2761
INFO:kbc-cli.py:Epoch 26/100	Loss 3.1236 ± 0.2787
INFO:kbc-cli.py:Epoch 27/100	Loss 3.1128 ± 0.2788
INFO:kbc-cli.py:Epoch 27/100	dev results	MRR 0.435999	H@1 0.405570	H@3 0.450725	H@5 0.467535	H@10 0.491925	H@20 0.517963	H@50 0.553395	H@100 0.575478
INFO:kbc-cli.py:Epoch 27/100	test results	MRR 0.435859	H@1 0.403159	H@3 0.447830	H@5 0.469209	H@10 0.498245	H@20 0.524091	H@50 0.552170	H@100 0.573708
INFO:kbc-cli.py:Epoch 28/100	Loss 3.1029 ± 0.2699
INFO:kbc-cli.py:Epoch 29/100	Loss 3.0934 ± 0.2736
INFO:kbc-cli.py:Epoch 30/100	Loss 3.0849 ± 0.2643
INFO:kbc-cli.py:Epoch 30/100	dev results	MRR 0.437234	H@1 0.406724	H@3 0.452208	H@5 0.467370	H@10 0.491595	H@20 0.518128	H@50 0.553560	H@100 0.576796
INFO:kbc-cli.py:Epoch 30/100	test results	MRR 0.437301	H@1 0.404595	H@3 0.450542	H@5 0.471761	H@10 0.499362	H@20 0.525207	H@50 0.553446	H@100 0.574186
INFO:kbc-cli.py:Epoch 31/100	Loss 3.0763 ± 0.2727
INFO:kbc-cli.py:Epoch 32/100	Loss 3.0682 ± 0.2689
INFO:kbc-cli.py:Epoch 33/100	Loss 3.0607 ± 0.2688
INFO:kbc-cli.py:Epoch 33/100	dev results	MRR 0.437118	H@1 0.406724	H@3 0.452208	H@5 0.466875	H@10 0.493573	H@20 0.519446	H@50 0.555867	H@100 0.577785
INFO:kbc-cli.py:Epoch 33/100	test results	MRR 0.437394	H@1 0.404914	H@3 0.450383	H@5 0.472878	H@10 0.501117	H@20 0.526005	H@50 0.555201	H@100 0.574984
INFO:kbc-cli.py:Epoch 34/100	Loss 3.0537 ± 0.2598
INFO:kbc-cli.py:Epoch 35/100	Loss 3.0470 ± 0.2710
INFO:kbc-cli.py:Epoch 36/100	Loss 3.0402 ± 0.2660
INFO:kbc-cli.py:Epoch 36/100	dev results	MRR 0.437260	H@1 0.406394	H@3 0.452044	H@5 0.467370	H@10 0.494232	H@20 0.521094	H@50 0.554878	H@100 0.578939
INFO:kbc-cli.py:Epoch 36/100	test results	MRR 0.438026	H@1 0.405392	H@3 0.450383	H@5 0.472719	H@10 0.501276	H@20 0.526165	H@50 0.555201	H@100 0.574825
INFO:kbc-cli.py:Epoch 37/100	Loss 3.0338 ± 0.2627
INFO:kbc-cli.py:Epoch 38/100	Loss 3.0279 ± 0.2683
INFO:kbc-cli.py:Epoch 39/100	Loss 3.0222 ± 0.2631
INFO:kbc-cli.py:Epoch 39/100	dev results	MRR 0.437870	H@1 0.406889	H@3 0.453362	H@5 0.468688	H@10 0.494726	H@20 0.521424	H@50 0.555867	H@100 0.579433
INFO:kbc-cli.py:Epoch 39/100	test results	MRR 0.438443	H@1 0.406031	H@3 0.449426	H@5 0.473835	H@10 0.500957	H@20 0.526643	H@50 0.554722	H@100 0.575622
INFO:kbc-cli.py:Epoch 40/100	Loss 3.0167 ± 0.2582
INFO:kbc-cli.py:Epoch 41/100	Loss 3.0115 ± 0.2570
INFO:kbc-cli.py:Epoch 42/100	Loss 3.0065 ± 0.2575
INFO:kbc-cli.py:Epoch 42/100	dev results	MRR 0.437641	H@1 0.406394	H@3 0.451879	H@5 0.469183	H@10 0.494232	H@20 0.521753	H@50 0.555867	H@100 0.579433
INFO:kbc-cli.py:Epoch 42/100	test results	MRR 0.438616	H@1 0.406350	H@3 0.449426	H@5 0.473995	H@10 0.501755	H@20 0.527122	H@50 0.555839	H@100 0.577218
INFO:kbc-cli.py:Epoch 43/100	Loss 3.0016 ± 0.2566
INFO:kbc-cli.py:Epoch 44/100	Loss 2.9968 ± 0.2531
INFO:kbc-cli.py:Epoch 45/100	Loss 2.9924 ± 0.2488
INFO:kbc-cli.py:Epoch 45/100	dev results	MRR 0.437998	H@1 0.406559	H@3 0.453856	H@5 0.469512	H@10 0.496374	H@20 0.522413	H@50 0.556856	H@100 0.579598
INFO:kbc-cli.py:Epoch 45/100	test results	MRR 0.438591	H@1 0.406190	H@3 0.450383	H@5 0.474633	H@10 0.502553	H@20 0.525846	H@50 0.556158	H@100 0.576579
INFO:kbc-cli.py:Epoch 46/100	Loss 2.9879 ± 0.2522
INFO:kbc-cli.py:Epoch 47/100	Loss 2.9837 ± 0.2563
INFO:kbc-cli.py:Epoch 48/100	Loss 2.9798 ± 0.2567
INFO:kbc-cli.py:Epoch 48/100	dev results	MRR 0.438638	H@1 0.407383	H@3 0.452868	H@5 0.469677	H@10 0.495715	H@20 0.524061	H@50 0.557515	H@100 0.580092
INFO:kbc-cli.py:Epoch 48/100	test results	MRR 0.438882	H@1 0.406031	H@3 0.451819	H@5 0.475909	H@10 0.501755	H@20 0.526803	H@50 0.556158	H@100 0.577058
INFO:kbc-cli.py:Epoch 49/100	Loss 2.9756 ± 0.2545
INFO:kbc-cli.py:Epoch 50/100	Loss 2.9718 ± 0.2484
INFO:kbc-cli.py:Epoch 51/100	Loss 2.9681 ± 0.2529
INFO:kbc-cli.py:Epoch 51/100	dev results	MRR 0.438663	H@1 0.407383	H@3 0.453362	H@5 0.470501	H@10 0.496045	H@20 0.524061	H@50 0.557020	H@100 0.580916
INFO:kbc-cli.py:Epoch 51/100	test results	MRR 0.439225	H@1 0.406509	H@3 0.451659	H@5 0.474952	H@10 0.503510	H@20 0.527122	H@50 0.556796	H@100 0.577058
INFO:kbc-cli.py:Epoch 52/100	Loss 2.9646 ± 0.2557
INFO:kbc-cli.py:Epoch 53/100	Loss 2.9611 ± 0.2474
INFO:kbc-cli.py:Epoch 54/100	Loss 2.9577 ± 0.2516
INFO:kbc-cli.py:Epoch 54/100	dev results	MRR 0.438950	H@1 0.407548	H@3 0.453362	H@5 0.470831	H@10 0.497034	H@20 0.524225	H@50 0.558009	H@100 0.581081
INFO:kbc-cli.py:Epoch 54/100	test results	MRR 0.439838	H@1 0.407466	H@3 0.452936	H@5 0.475271	H@10 0.502234	H@20 0.528079	H@50 0.556158	H@100 0.576899
INFO:kbc-cli.py:Epoch 55/100	Loss 2.9545 ± 0.2563
INFO:kbc-cli.py:Epoch 56/100	Loss 2.9513 ± 0.2434
INFO:kbc-cli.py:Epoch 57/100	Loss 2.9482 ± 0.2565
INFO:kbc-cli.py:Epoch 57/100	dev results	MRR 0.439016	H@1 0.407548	H@3 0.454186	H@5 0.470831	H@10 0.497528	H@20 0.524885	H@50 0.558504	H@100 0.581575
INFO:kbc-cli.py:Epoch 57/100	test results	MRR 0.439123	H@1 0.406190	H@3 0.452936	H@5 0.474474	H@10 0.503510	H@20 0.528239	H@50 0.557435	H@100 0.577377
INFO:kbc-cli.py:Epoch 58/100	Loss 2.9451 ± 0.2515
INFO:kbc-cli.py:Epoch 59/100	Loss 2.9423 ± 0.2532
INFO:kbc-cli.py:Epoch 60/100	Loss 2.9395 ± 0.2481
INFO:kbc-cli.py:Epoch 60/100	dev results	MRR 0.438697	H@1 0.407053	H@3 0.453691	H@5 0.469842	H@10 0.497528	H@20 0.525544	H@50 0.558998	H@100 0.581246
INFO:kbc-cli.py:Epoch 60/100	test results	MRR 0.439582	H@1 0.406509	H@3 0.453733	H@5 0.476228	H@10 0.504627	H@20 0.528717	H@50 0.557754	H@100 0.577537
INFO:kbc-cli.py:Epoch 61/100	Loss 2.9366 ± 0.2515
INFO:kbc-cli.py:Epoch 62/100	Loss 2.9338 ± 0.2501
INFO:kbc-cli.py:Epoch 63/100	Loss 2.9313 ± 0.2452
INFO:kbc-cli.py:Epoch 63/100	dev results	MRR 0.439312	H@1 0.408042	H@3 0.454515	H@5 0.470501	H@10 0.498022	H@20 0.525049	H@50 0.560152	H@100 0.582399
INFO:kbc-cli.py:Epoch 63/100	test results	MRR 0.439798	H@1 0.406988	H@3 0.453095	H@5 0.476069	H@10 0.504148	H@20 0.528717	H@50 0.557913	H@100 0.578015
INFO:kbc-cli.py:Epoch 64/100	Loss 2.9290 ± 0.2448
INFO:kbc-cli.py:Epoch 65/100	Loss 2.9262 ± 0.2507
INFO:kbc-cli.py:Epoch 66/100	Loss 2.9238 ± 0.2388
INFO:kbc-cli.py:Epoch 66/100	dev results	MRR 0.439567	H@1 0.408372	H@3 0.453032	H@5 0.470831	H@10 0.498022	H@20 0.526203	H@50 0.560481	H@100 0.582070
INFO:kbc-cli.py:Epoch 66/100	test results	MRR 0.440029	H@1 0.407307	H@3 0.453574	H@5 0.475271	H@10 0.503669	H@20 0.529675	H@50 0.557913	H@100 0.577696
INFO:kbc-cli.py:Epoch 67/100	Loss 2.9213 ± 0.2450
INFO:kbc-cli.py:Epoch 68/100	Loss 2.9191 ± 0.2537
INFO:kbc-cli.py:Epoch 69/100	Loss 2.9168 ± 0.2477
INFO:kbc-cli.py:Epoch 69/100	dev results	MRR 0.439635	H@1 0.408207	H@3 0.453691	H@5 0.470995	H@10 0.498352	H@20 0.525873	H@50 0.560646	H@100 0.582235
INFO:kbc-cli.py:Epoch 69/100	test results	MRR 0.439726	H@1 0.407147	H@3 0.453893	H@5 0.475431	H@10 0.504786	H@20 0.529355	H@50 0.558073	H@100 0.578015
INFO:kbc-cli.py:Epoch 70/100	Loss 2.9146 ± 0.2463
INFO:kbc-cli.py:Epoch 71/100	Loss 2.9125 ± 0.2432
INFO:kbc-cli.py:Epoch 72/100	Loss 2.9104 ± 0.2436
INFO:kbc-cli.py:Epoch 72/100	dev results	MRR 0.439514	H@1 0.408042	H@3 0.454021	H@5 0.470831	H@10 0.498517	H@20 0.527027	H@50 0.560811	H@100 0.583059
INFO:kbc-cli.py:Epoch 72/100	test results	MRR 0.439827	H@1 0.406988	H@3 0.453893	H@5 0.475112	H@10 0.504786	H@20 0.529036	H@50 0.559190	H@100 0.578015
INFO:kbc-cli.py:Epoch 73/100	Loss 2.9084 ± 0.2441
INFO:kbc-cli.py:Epoch 74/100	Loss 2.9060 ± 0.2453
INFO:kbc-cli.py:Epoch 75/100	Loss 2.9041 ± 0.2419
INFO:kbc-cli.py:Epoch 75/100	dev results	MRR 0.440068	H@1 0.408701	H@3 0.453691	H@5 0.472314	H@10 0.498187	H@20 0.526533	H@50 0.561140	H@100 0.582729
INFO:kbc-cli.py:Epoch 75/100	test results	MRR 0.440421	H@1 0.407466	H@3 0.454690	H@5 0.476388	H@10 0.505743	H@20 0.529515	H@50 0.558870	H@100 0.578334
INFO:kbc-cli.py:Epoch 76/100	Loss 2.9023 ± 0.2441
INFO:kbc-cli.py:Epoch 77/100	Loss 2.9004 ± 0.2387
INFO:kbc-cli.py:Epoch 78/100	Loss 2.8984 ± 0.2396
INFO:kbc-cli.py:Epoch 78/100	dev results	MRR 0.439842	H@1 0.408372	H@3 0.454515	H@5 0.471984	H@10 0.498517	H@20 0.526533	H@50 0.561140	H@100 0.582729
INFO:kbc-cli.py:Epoch 78/100	test results	MRR 0.440068	H@1 0.407147	H@3 0.454212	H@5 0.475112	H@10 0.505265	H@20 0.530313	H@50 0.559349	H@100 0.579611
INFO:kbc-cli.py:Epoch 79/100	Loss 2.8965 ± 0.2394
INFO:kbc-cli.py:Epoch 80/100	Loss 2.8948 ± 0.2410
INFO:kbc-cli.py:Epoch 81/100	Loss 2.8930 ± 0.2456
INFO:kbc-cli.py:Epoch 81/100	dev results	MRR 0.440034	H@1 0.408537	H@3 0.455175	H@5 0.472479	H@10 0.498682	H@20 0.527027	H@50 0.561800	H@100 0.582894
INFO:kbc-cli.py:Epoch 81/100	test results	MRR 0.439942	H@1 0.406828	H@3 0.453893	H@5 0.476707	H@10 0.505105	H@20 0.529834	H@50 0.558392	H@100 0.579451
INFO:kbc-cli.py:Epoch 82/100	Loss 2.8914 ± 0.2382
INFO:kbc-cli.py:Epoch 83/100	Loss 2.8895 ± 0.2352
INFO:kbc-cli.py:Epoch 84/100	Loss 2.8879 ± 0.2423
INFO:kbc-cli.py:Epoch 84/100	dev results	MRR 0.440439	H@1 0.409361	H@3 0.454680	H@5 0.472479	H@10 0.498517	H@20 0.527027	H@50 0.561305	H@100 0.583388
INFO:kbc-cli.py:Epoch 84/100	test results	MRR 0.440704	H@1 0.407786	H@3 0.454850	H@5 0.477026	H@10 0.505105	H@20 0.530791	H@50 0.559509	H@100 0.580408
INFO:kbc-cli.py:Epoch 85/100	Loss 2.8863 ± 0.2407
INFO:kbc-cli.py:Epoch 86/100	Loss 2.8847 ± 0.2393
INFO:kbc-cli.py:Epoch 87/100	Loss 2.8832 ± 0.2438
INFO:kbc-cli.py:Epoch 87/100	dev results	MRR 0.440216	H@1 0.408537	H@3 0.455010	H@5 0.472808	H@10 0.499506	H@20 0.527357	H@50 0.561800	H@100 0.583059
INFO:kbc-cli.py:Epoch 87/100	test results	MRR 0.440346	H@1 0.407147	H@3 0.454212	H@5 0.476867	H@10 0.505743	H@20 0.530791	H@50 0.559349	H@100 0.579770
INFO:kbc-cli.py:Epoch 88/100	Loss 2.8815 ± 0.2460
INFO:kbc-cli.py:Epoch 89/100	Loss 2.8800 ± 0.2390
INFO:kbc-cli.py:Epoch 90/100	Loss 2.8785 ± 0.2485
INFO:kbc-cli.py:Epoch 90/100	dev results	MRR 0.440242	H@1 0.408701	H@3 0.455175	H@5 0.472643	H@10 0.499341	H@20 0.528016	H@50 0.561635	H@100 0.583223
INFO:kbc-cli.py:Epoch 90/100	test results	MRR 0.440571	H@1 0.407307	H@3 0.454371	H@5 0.477505	H@10 0.506063	H@20 0.530791	H@50 0.559828	H@100 0.580728
INFO:kbc-cli.py:Epoch 91/100	Loss 2.8770 ± 0.2398
INFO:kbc-cli.py:Epoch 92/100	Loss 2.8756 ± 0.2401
INFO:kbc-cli.py:Epoch 93/100	Loss 2.8743 ± 0.2398
INFO:kbc-cli.py:Epoch 93/100	dev results	MRR 0.440207	H@1 0.408701	H@3 0.455010	H@5 0.472149	H@10 0.501154	H@20 0.527521	H@50 0.561800	H@100 0.582894
INFO:kbc-cli.py:Epoch 93/100	test results	MRR 0.440658	H@1 0.406988	H@3 0.455807	H@5 0.477026	H@10 0.505903	H@20 0.530791	H@50 0.559349	H@100 0.581047
INFO:kbc-cli.py:Epoch 94/100	Loss 2.8729 ± 0.2369
INFO:kbc-cli.py:Epoch 95/100	Loss 2.8714 ± 0.2392
INFO:kbc-cli.py:Epoch 96/100	Loss 2.8700 ± 0.2395
INFO:kbc-cli.py:Epoch 96/100	dev results	MRR 0.440057	H@1 0.408372	H@3 0.455175	H@5 0.473303	H@10 0.501154	H@20 0.527521	H@50 0.561800	H@100 0.583388
INFO:kbc-cli.py:Epoch 96/100	test results	MRR 0.440470	H@1 0.406828	H@3 0.454690	H@5 0.477505	H@10 0.505265	H@20 0.530951	H@50 0.560306	H@100 0.580568
INFO:kbc-cli.py:Epoch 97/100	Loss 2.8687 ± 0.2346
INFO:kbc-cli.py:Epoch 98/100	Loss 2.8674 ± 0.2390
INFO:kbc-cli.py:Epoch 99/100	Loss 2.8661 ± 0.2267
INFO:kbc-cli.py:Epoch 99/100	dev results	MRR 0.440377	H@1 0.408866	H@3 0.455010	H@5 0.473467	H@10 0.500165	H@20 0.526533	H@50 0.561635	H@100 0.583388
INFO:kbc-cli.py:Epoch 99/100	test results	MRR 0.440733	H@1 0.407147	H@3 0.455488	H@5 0.477505	H@10 0.505105	H@20 0.529994	H@50 0.560147	H@100 0.580408
INFO:kbc-cli.py:Epoch 100/100	Loss 2.8647 ± 0.2346
INFO:kbc-cli.py:Final 	dev results	MRR 0.440438	H@1 0.408866	H@3 0.455339	H@5 0.472973	H@10 0.500494	H@20 0.526862	H@50 0.562129	H@100 0.583059
INFO:kbc-cli.py:Final 	test results	MRR 0.440977	H@1 0.407466	H@3 0.455648	H@5 0.477186	H@10 0.505105	H@20 0.530153	H@50 0.560306	H@100 0.580408
INFO:kbc-cli.py:Training finished
