./bin/kbc-cli.py --train data/wn18rr/train.tsv --dev data/wn18rr/dev.tsv --test data/wn18rr/test.tsv -m complex -k 500 -b 50 -e 100 --F2 0.005 --N3 0 -l 0.1 -I standard -V 3 -o adagrad -c spo -q
{'F2': 0.005,
 'N3': 0.0,
 'batch_size': 50,
 'corruption': 'spo',
 'dev': 'data/wn18rr/dev.tsv',
 'embedding_size': 500,
 'epochs': 100,
 'eval_batch_size': None,
 'input_type': 'standard',
 'learning_rate': 0.1,
 'load': None,
 'model': 'complex',
 'optimizer': 'adagrad',
 'quiet': True,
 'save': None,
 'seed': 0,
 'test': 'data/wn18rr/test.tsv',
 'test_i': None,
 'test_ii': None,
 'train': 'data/wn18rr/train.tsv',
 'validate_every': 3}
INFO:kbc-cli.py:Device: cuda
INFO:kbc-cli.py:Model state:
INFO:kbc-cli.py:	entities.weight	torch.Size([40943, 1000])
INFO:kbc-cli.py:	predicates.weight	torch.Size([11, 1000])
INFO:kbc-cli.py:Epoch 1/100	Loss 20.5443 ± 1.8081
INFO:kbc-cli.py:Epoch 2/100	Loss 11.1507 ± 0.8703
INFO:kbc-cli.py:Epoch 3/100	Loss 5.5897 ± 0.5209
INFO:kbc-cli.py:Epoch 3/100	dev results	MRR 0.404787	H@1 0.360910	H@3 0.434904	H@5 0.450066	H@10 0.468029	H@20 0.489618	H@50 0.519446	H@100 0.545485
INFO:kbc-cli.py:Epoch 3/100	test results	MRR 0.406595	H@1 0.364869	H@3 0.432674	H@5 0.446235	H@10 0.469049	H@20 0.490108	H@50 0.522814	H@100 0.548500
INFO:kbc-cli.py:Epoch 4/100	Loss 4.5809 ± 0.3985
INFO:kbc-cli.py:Epoch 5/100	Loss 4.2060 ± 0.3801
INFO:kbc-cli.py:Epoch 6/100	Loss 4.0153 ± 0.3550
INFO:kbc-cli.py:Epoch 6/100	dev results	MRR 0.433610	H@1 0.410185	H@3 0.441991	H@5 0.457482	H@10 0.478906	H@20 0.500494	H@50 0.531641	H@100 0.558504
INFO:kbc-cli.py:Epoch 6/100	test results	MRR 0.432245	H@1 0.407147	H@3 0.441289	H@5 0.456765	H@10 0.480217	H@20 0.500798	H@50 0.538290	H@100 0.563816
INFO:kbc-cli.py:Epoch 7/100	Loss 3.8907 ± 0.3420
INFO:kbc-cli.py:Epoch 8/100	Loss 3.8026 ± 0.3420
INFO:kbc-cli.py:Epoch 9/100	Loss 3.7340 ± 0.3249
INFO:kbc-cli.py:Epoch 9/100	dev results	MRR 0.438282	H@1 0.414964	H@3 0.445946	H@5 0.461931	H@10 0.485168	H@20 0.506427	H@50 0.537080	H@100 0.565425
INFO:kbc-cli.py:Epoch 9/100	test results	MRR 0.435957	H@1 0.410338	H@3 0.445597	H@5 0.461870	H@10 0.484525	H@20 0.509253	H@50 0.544512	H@100 0.568762
INFO:kbc-cli.py:Epoch 10/100	Loss 3.6783 ± 0.3127
INFO:kbc-cli.py:Epoch 11/100	Loss 3.6338 ± 0.3081
INFO:kbc-cli.py:Epoch 12/100	Loss 3.5966 ± 0.3113
INFO:kbc-cli.py:Epoch 12/100	dev results	MRR 0.440276	H@1 0.416941	H@3 0.447759	H@5 0.463744	H@10 0.485498	H@20 0.508570	H@50 0.541694	H@100 0.570699
INFO:kbc-cli.py:Epoch 12/100	test results	MRR 0.438479	H@1 0.412731	H@3 0.447192	H@5 0.464582	H@10 0.487715	H@20 0.512923	H@50 0.547543	H@100 0.572910
INFO:kbc-cli.py:Epoch 13/100	Loss 3.5630 ± 0.3004
INFO:kbc-cli.py:Epoch 14/100	Loss 3.5343 ± 0.3004
INFO:kbc-cli.py:Epoch 15/100	Loss 3.5086 ± 0.3026
INFO:kbc-cli.py:Epoch 15/100	dev results	MRR 0.442335	H@1 0.418260	H@3 0.450231	H@5 0.466216	H@10 0.487640	H@20 0.512525	H@50 0.546473	H@100 0.573006
INFO:kbc-cli.py:Epoch 15/100	test results	MRR 0.441068	H@1 0.414805	H@3 0.449904	H@5 0.468092	H@10 0.491225	H@20 0.516433	H@50 0.552489	H@100 0.575782
INFO:kbc-cli.py:Epoch 16/100	Loss 3.4868 ± 0.2931
INFO:kbc-cli.py:Epoch 17/100	Loss 3.4658 ± 0.2898
INFO:kbc-cli.py:Epoch 18/100	Loss 3.4473 ± 0.2828
INFO:kbc-cli.py:Epoch 18/100	dev results	MRR 0.442149	H@1 0.416612	H@3 0.451549	H@5 0.467205	H@10 0.490771	H@20 0.514173	H@50 0.549110	H@100 0.577785
INFO:kbc-cli.py:Epoch 18/100	test results	MRR 0.440332	H@1 0.412891	H@3 0.450383	H@5 0.467932	H@10 0.493618	H@20 0.518666	H@50 0.553287	H@100 0.577856
INFO:kbc-cli.py:Epoch 19/100	Loss 3.4300 ± 0.2823
INFO:kbc-cli.py:Epoch 20/100	Loss 3.4149 ± 0.2760
INFO:kbc-cli.py:Epoch 21/100	Loss 3.4003 ± 0.2740
INFO:kbc-cli.py:Epoch 21/100	dev results	MRR 0.443363	H@1 0.418260	H@3 0.452208	H@5 0.467699	H@10 0.491760	H@20 0.514667	H@50 0.550923	H@100 0.579763
INFO:kbc-cli.py:Epoch 21/100	test results	MRR 0.442173	H@1 0.415124	H@3 0.452776	H@5 0.469528	H@10 0.494097	H@20 0.518188	H@50 0.554882	H@100 0.579451
INFO:kbc-cli.py:Epoch 22/100	Loss 3.3865 ± 0.2814
INFO:kbc-cli.py:Epoch 23/100	Loss 3.3735 ± 0.2755
INFO:kbc-cli.py:Epoch 24/100	Loss 3.3625 ± 0.2750
INFO:kbc-cli.py:Epoch 24/100	dev results	MRR 0.445022	H@1 0.420073	H@3 0.453856	H@5 0.469018	H@10 0.493573	H@20 0.516645	H@50 0.553230	H@100 0.582564
INFO:kbc-cli.py:Epoch 24/100	test results	MRR 0.442953	H@1 0.415603	H@3 0.452138	H@5 0.470485	H@10 0.494257	H@20 0.520102	H@50 0.555839	H@100 0.581206
INFO:kbc-cli.py:Epoch 25/100	Loss 3.3509 ± 0.2707
INFO:kbc-cli.py:Epoch 26/100	Loss 3.3404 ± 0.2733
INFO:kbc-cli.py:Epoch 27/100	Loss 3.3303 ± 0.2740
INFO:kbc-cli.py:Epoch 27/100	dev results	MRR 0.445734	H@1 0.420732	H@3 0.454680	H@5 0.469183	H@10 0.493408	H@20 0.516645	H@50 0.556361	H@100 0.584542
INFO:kbc-cli.py:Epoch 27/100	test results	MRR 0.443070	H@1 0.415124	H@3 0.452616	H@5 0.470485	H@10 0.496490	H@20 0.521059	H@50 0.557435	H@100 0.584237
INFO:kbc-cli.py:Epoch 28/100	Loss 3.3208 ± 0.2652
INFO:kbc-cli.py:Epoch 29/100	Loss 3.3120 ± 0.2684
INFO:kbc-cli.py:Epoch 30/100	Loss 3.3037 ± 0.2594
INFO:kbc-cli.py:Epoch 30/100	dev results	MRR 0.446814	H@1 0.421721	H@3 0.454351	H@5 0.469018	H@10 0.493902	H@20 0.519117	H@50 0.557350	H@100 0.586355
INFO:kbc-cli.py:Epoch 30/100	test results	MRR 0.444052	H@1 0.416082	H@3 0.452616	H@5 0.470325	H@10 0.496650	H@20 0.522655	H@50 0.559668	H@100 0.584556
INFO:kbc-cli.py:Epoch 31/100	Loss 3.2952 ± 0.2674
INFO:kbc-cli.py:Epoch 32/100	Loss 3.2874 ± 0.2636
INFO:kbc-cli.py:Epoch 33/100	Loss 3.2798 ± 0.2631
INFO:kbc-cli.py:Epoch 33/100	dev results	MRR 0.447471	H@1 0.422380	H@3 0.454680	H@5 0.470666	H@10 0.495715	H@20 0.520105	H@50 0.558668	H@100 0.586684
INFO:kbc-cli.py:Epoch 33/100	test results	MRR 0.444174	H@1 0.415922	H@3 0.454850	H@5 0.471123	H@10 0.496650	H@20 0.523452	H@50 0.559509	H@100 0.586152
INFO:kbc-cli.py:Epoch 34/100	Loss 3.2729 ± 0.2545
INFO:kbc-cli.py:Epoch 35/100	Loss 3.2660 ± 0.2655
INFO:kbc-cli.py:Epoch 36/100	Loss 3.2591 ± 0.2604
INFO:kbc-cli.py:Epoch 36/100	dev results	MRR 0.448104	H@1 0.422544	H@3 0.455999	H@5 0.470501	H@10 0.496374	H@20 0.521259	H@50 0.559822	H@100 0.588991
INFO:kbc-cli.py:Epoch 36/100	test results	MRR 0.444969	H@1 0.416241	H@3 0.455488	H@5 0.473995	H@10 0.498086	H@20 0.524569	H@50 0.560944	H@100 0.587588
INFO:kbc-cli.py:Epoch 37/100	Loss 3.2526 ± 0.2579
INFO:kbc-cli.py:Epoch 38/100	Loss 3.2464 ± 0.2632
INFO:kbc-cli.py:Epoch 39/100	Loss 3.2404 ± 0.2577
INFO:kbc-cli.py:Epoch 39/100	dev results	MRR 0.448086	H@1 0.422050	H@3 0.456328	H@5 0.471160	H@10 0.497034	H@20 0.522577	H@50 0.561964	H@100 0.588003
INFO:kbc-cli.py:Epoch 39/100	test results	MRR 0.445448	H@1 0.417518	H@3 0.454850	H@5 0.473357	H@10 0.499043	H@20 0.527122	H@50 0.562540	H@100 0.588385
INFO:kbc-cli.py:Epoch 40/100	Loss 3.2347 ± 0.2531
INFO:kbc-cli.py:Epoch 41/100	Loss 3.2292 ± 0.2520
INFO:kbc-cli.py:Epoch 42/100	Loss 3.2239 ± 0.2512
INFO:kbc-cli.py:Epoch 42/100	dev results	MRR 0.448456	H@1 0.422380	H@3 0.457152	H@5 0.472149	H@10 0.497528	H@20 0.523896	H@50 0.562129	H@100 0.589980
INFO:kbc-cli.py:Epoch 42/100	test results	MRR 0.445904	H@1 0.417358	H@3 0.456445	H@5 0.473676	H@10 0.498724	H@20 0.526803	H@50 0.563338	H@100 0.589662
INFO:kbc-cli.py:Epoch 43/100	Loss 3.2187 ± 0.2509
INFO:kbc-cli.py:Epoch 44/100	Loss 3.2134 ± 0.2474
INFO:kbc-cli.py:Epoch 45/100	Loss 3.2088 ± 0.2436
INFO:kbc-cli.py:Epoch 45/100	dev results	MRR 0.449025	H@1 0.423368	H@3 0.455834	H@5 0.471819	H@10 0.498187	H@20 0.525214	H@50 0.562788	H@100 0.589651
INFO:kbc-cli.py:Epoch 45/100	test results	MRR 0.445361	H@1 0.416560	H@3 0.455648	H@5 0.474793	H@10 0.501117	H@20 0.528079	H@50 0.563976	H@100 0.590459
INFO:kbc-cli.py:Epoch 46/100	Loss 3.2038 ± 0.2463
INFO:kbc-cli.py:Epoch 47/100	Loss 3.1992 ± 0.2502
INFO:kbc-cli.py:Epoch 48/100	Loss 3.1948 ± 0.2511
INFO:kbc-cli.py:Epoch 48/100	dev results	MRR 0.449245	H@1 0.423204	H@3 0.457152	H@5 0.472973	H@10 0.498682	H@20 0.526533	H@50 0.562788	H@100 0.591628
INFO:kbc-cli.py:Epoch 48/100	test results	MRR 0.446777	H@1 0.418475	H@3 0.457084	H@5 0.476388	H@10 0.501117	H@20 0.528079	H@50 0.564614	H@100 0.591576
INFO:kbc-cli.py:Epoch 49/100	Loss 3.1901 ± 0.2482
INFO:kbc-cli.py:Epoch 50/100	Loss 3.1859 ± 0.2430
INFO:kbc-cli.py:Epoch 51/100	Loss 3.1818 ± 0.2466
INFO:kbc-cli.py:Epoch 51/100	dev results	MRR 0.449781	H@1 0.424028	H@3 0.457647	H@5 0.472973	H@10 0.499670	H@20 0.526862	H@50 0.563448	H@100 0.592452
INFO:kbc-cli.py:Epoch 51/100	test results	MRR 0.446658	H@1 0.417837	H@3 0.457403	H@5 0.477186	H@10 0.501755	H@20 0.528239	H@50 0.564295	H@100 0.592214
INFO:kbc-cli.py:Epoch 52/100	Loss 3.1777 ± 0.2497
INFO:kbc-cli.py:Epoch 53/100	Loss 3.1736 ± 0.2415
INFO:kbc-cli.py:Epoch 54/100	Loss 3.1698 ± 0.2461
INFO:kbc-cli.py:Epoch 54/100	dev results	MRR 0.450454	H@1 0.424522	H@3 0.458306	H@5 0.475115	H@10 0.500330	H@20 0.528181	H@50 0.564436	H@100 0.593771
INFO:kbc-cli.py:Epoch 54/100	test results	MRR 0.446825	H@1 0.417837	H@3 0.458519	H@5 0.477186	H@10 0.500798	H@20 0.529994	H@50 0.564614	H@100 0.592055
INFO:kbc-cli.py:Epoch 55/100	Loss 3.1661 ± 0.2498
INFO:kbc-cli.py:Epoch 56/100	Loss 3.1623 ± 0.2377
INFO:kbc-cli.py:Epoch 57/100	Loss 3.1588 ± 0.2508
INFO:kbc-cli.py:Epoch 57/100	dev results	MRR 0.450210	H@1 0.423863	H@3 0.459295	H@5 0.473138	H@10 0.500330	H@20 0.527851	H@50 0.565096	H@100 0.593771
INFO:kbc-cli.py:Epoch 57/100	test results	MRR 0.447590	H@1 0.419432	H@3 0.457722	H@5 0.476069	H@10 0.500638	H@20 0.529036	H@50 0.565252	H@100 0.593172
INFO:kbc-cli.py:Epoch 58/100	Loss 3.1552 ± 0.2453
INFO:kbc-cli.py:Epoch 59/100	Loss 3.1518 ± 0.2468
INFO:kbc-cli.py:Epoch 60/100	Loss 3.1483 ± 0.2418
INFO:kbc-cli.py:Epoch 60/100	dev results	MRR 0.450901	H@1 0.425016	H@3 0.458635	H@5 0.475280	H@10 0.500659	H@20 0.529005	H@50 0.565425	H@100 0.595254
INFO:kbc-cli.py:Epoch 60/100	test results	MRR 0.447915	H@1 0.419432	H@3 0.458679	H@5 0.476867	H@10 0.501914	H@20 0.531110	H@50 0.566369	H@100 0.593172
INFO:kbc-cli.py:Epoch 61/100	Loss 3.1450 ± 0.2453
INFO:kbc-cli.py:Epoch 62/100	Loss 3.1415 ± 0.2434
INFO:kbc-cli.py:Epoch 63/100	Loss 3.1386 ± 0.2380
INFO:kbc-cli.py:Epoch 63/100	dev results	MRR 0.450969	H@1 0.424852	H@3 0.459789	H@5 0.475280	H@10 0.501318	H@20 0.528345	H@50 0.565425	H@100 0.594595
INFO:kbc-cli.py:Epoch 63/100	test results	MRR 0.447987	H@1 0.419272	H@3 0.458679	H@5 0.477505	H@10 0.502553	H@20 0.530153	H@50 0.566209	H@100 0.593172
INFO:kbc-cli.py:Epoch 64/100	Loss 3.1356 ± 0.2387
INFO:kbc-cli.py:Epoch 65/100	Loss 3.1322 ± 0.2438
INFO:kbc-cli.py:Epoch 66/100	Loss 3.1293 ± 0.2322
INFO:kbc-cli.py:Epoch 66/100	dev results	MRR 0.450504	H@1 0.424028	H@3 0.458800	H@5 0.475115	H@10 0.502802	H@20 0.528840	H@50 0.566744	H@100 0.595583
INFO:kbc-cli.py:Epoch 66/100	test results	MRR 0.448251	H@1 0.419272	H@3 0.458200	H@5 0.477026	H@10 0.503031	H@20 0.530153	H@50 0.567167	H@100 0.593491
INFO:kbc-cli.py:Epoch 67/100	Loss 3.1263 ± 0.2393
INFO:kbc-cli.py:Epoch 68/100	Loss 3.1235 ± 0.2464
INFO:kbc-cli.py:Epoch 69/100	Loss 3.1206 ± 0.2408
INFO:kbc-cli.py:Epoch 69/100	dev results	MRR 0.451078	H@1 0.424687	H@3 0.459130	H@5 0.475775	H@10 0.502802	H@20 0.529499	H@50 0.567238	H@100 0.595583
INFO:kbc-cli.py:Epoch 69/100	test results	MRR 0.448136	H@1 0.419272	H@3 0.458679	H@5 0.477505	H@10 0.502712	H@20 0.530951	H@50 0.568283	H@100 0.593650
INFO:kbc-cli.py:Epoch 70/100	Loss 3.1177 ± 0.2400
INFO:kbc-cli.py:Epoch 71/100	Loss 3.1150 ± 0.2368
INFO:kbc-cli.py:Epoch 72/100	Loss 3.1124 ± 0.2374
INFO:kbc-cli.py:Epoch 72/100	dev results	MRR 0.451140	H@1 0.424357	H@3 0.459459	H@5 0.476434	H@10 0.501978	H@20 0.529829	H@50 0.567897	H@100 0.595419
INFO:kbc-cli.py:Epoch 72/100	test results	MRR 0.448180	H@1 0.418634	H@3 0.459636	H@5 0.477824	H@10 0.503829	H@20 0.531110	H@50 0.568602	H@100 0.593331
INFO:kbc-cli.py:Epoch 73/100	Loss 3.1097 ± 0.2372
INFO:kbc-cli.py:Epoch 74/100	Loss 3.1068 ± 0.2380
INFO:kbc-cli.py:Epoch 75/100	Loss 3.1043 ± 0.2357
INFO:kbc-cli.py:Epoch 75/100	dev results	MRR 0.451442	H@1 0.424687	H@3 0.460613	H@5 0.477258	H@10 0.502802	H@20 0.529499	H@50 0.568721	H@100 0.596572
INFO:kbc-cli.py:Epoch 75/100	test results	MRR 0.449190	H@1 0.420389	H@3 0.460115	H@5 0.478143	H@10 0.502872	H@20 0.531908	H@50 0.568283	H@100 0.593491
INFO:kbc-cli.py:Epoch 76/100	Loss 3.1020 ± 0.2371
INFO:kbc-cli.py:Epoch 77/100	Loss 3.0993 ± 0.2326
INFO:kbc-cli.py:Epoch 78/100	Loss 3.0967 ± 0.2327
INFO:kbc-cli.py:Epoch 78/100	dev results	MRR 0.451103	H@1 0.424028	H@3 0.460119	H@5 0.476928	H@10 0.503131	H@20 0.530158	H@50 0.567897	H@100 0.595748
INFO:kbc-cli.py:Epoch 78/100	test results	MRR 0.448961	H@1 0.420070	H@3 0.459158	H@5 0.477186	H@10 0.503829	H@20 0.532387	H@50 0.568283	H@100 0.593969
INFO:kbc-cli.py:Epoch 79/100	Loss 3.0942 ± 0.2324
INFO:kbc-cli.py:Epoch 80/100	Loss 3.0920 ± 0.2341
INFO:kbc-cli.py:Epoch 81/100	Loss 3.0895 ± 0.2392
INFO:kbc-cli.py:Epoch 81/100	dev results	MRR 0.451642	H@1 0.424687	H@3 0.460943	H@5 0.477752	H@10 0.503296	H@20 0.529993	H@50 0.568556	H@100 0.597396
INFO:kbc-cli.py:Epoch 81/100	test results	MRR 0.449510	H@1 0.420389	H@3 0.460434	H@5 0.479419	H@10 0.504786	H@20 0.532546	H@50 0.568762	H@100 0.593969
INFO:kbc-cli.py:Epoch 82/100	Loss 3.0873 ± 0.2308
INFO:kbc-cli.py:Epoch 83/100	Loss 3.0849 ± 0.2287
INFO:kbc-cli.py:Epoch 84/100	Loss 3.0826 ± 0.2355
INFO:kbc-cli.py:Epoch 84/100	dev results	MRR 0.452330	H@1 0.425840	H@3 0.459624	H@5 0.477587	H@10 0.503955	H@20 0.530488	H@50 0.568721	H@100 0.596572
INFO:kbc-cli.py:Epoch 84/100	test results	MRR 0.449346	H@1 0.419911	H@3 0.460913	H@5 0.479260	H@10 0.504148	H@20 0.531749	H@50 0.568762	H@100 0.593650
INFO:kbc-cli.py:Epoch 85/100	Loss 3.0804 ± 0.2341
INFO:kbc-cli.py:Epoch 86/100	Loss 3.0783 ± 0.2327
INFO:kbc-cli.py:Epoch 87/100	Loss 3.0761 ± 0.2368
INFO:kbc-cli.py:Epoch 87/100	dev results	MRR 0.452063	H@1 0.425016	H@3 0.460448	H@5 0.477093	H@10 0.504285	H@20 0.530817	H@50 0.569216	H@100 0.597231
INFO:kbc-cli.py:Epoch 87/100	test results	MRR 0.449956	H@1 0.421027	H@3 0.460434	H@5 0.478781	H@10 0.504786	H@20 0.533504	H@50 0.570357	H@100 0.594129
INFO:kbc-cli.py:Epoch 88/100	Loss 3.0738 ± 0.2383
INFO:kbc-cli.py:Epoch 89/100	Loss 3.0717 ± 0.2321
INFO:kbc-cli.py:Epoch 90/100	Loss 3.0696 ± 0.2419
INFO:kbc-cli.py:Epoch 90/100	dev results	MRR 0.452031	H@1 0.424687	H@3 0.460283	H@5 0.479730	H@10 0.504779	H@20 0.530488	H@50 0.569051	H@100 0.596572
INFO:kbc-cli.py:Epoch 90/100	test results	MRR 0.449887	H@1 0.420708	H@3 0.460274	H@5 0.479100	H@10 0.505584	H@20 0.533982	H@50 0.570676	H@100 0.593969
INFO:kbc-cli.py:Epoch 91/100	Loss 3.0675 ± 0.2323
INFO:kbc-cli.py:Epoch 92/100	Loss 3.0655 ± 0.2334
INFO:kbc-cli.py:Epoch 93/100	Loss 3.0636 ± 0.2330
INFO:kbc-cli.py:Epoch 93/100	dev results	MRR 0.452416	H@1 0.424852	H@3 0.460943	H@5 0.479565	H@10 0.504614	H@20 0.530817	H@50 0.569545	H@100 0.597561
INFO:kbc-cli.py:Epoch 93/100	test results	MRR 0.449729	H@1 0.420230	H@3 0.461551	H@5 0.479100	H@10 0.504946	H@20 0.534301	H@50 0.571315	H@100 0.595246
INFO:kbc-cli.py:Epoch 94/100	Loss 3.0618 ± 0.2301
INFO:kbc-cli.py:Epoch 95/100	Loss 3.0595 ± 0.2322
INFO:kbc-cli.py:Epoch 96/100	Loss 3.0576 ± 0.2324
INFO:kbc-cli.py:Epoch 96/100	dev results	MRR 0.452018	H@1 0.424357	H@3 0.461602	H@5 0.479895	H@10 0.504614	H@20 0.531477	H@50 0.569710	H@100 0.598055
INFO:kbc-cli.py:Epoch 96/100	test results	MRR 0.450079	H@1 0.420868	H@3 0.460593	H@5 0.479100	H@10 0.505424	H@20 0.534142	H@50 0.570357	H@100 0.594448
INFO:kbc-cli.py:Epoch 97/100	Loss 3.0557 ± 0.2279
INFO:kbc-cli.py:Epoch 98/100	Loss 3.0537 ± 0.2321
INFO:kbc-cli.py:Epoch 99/100	Loss 3.0519 ± 0.2203
INFO:kbc-cli.py:Epoch 99/100	dev results	MRR 0.452156	H@1 0.424687	H@3 0.460943	H@5 0.479565	H@10 0.504285	H@20 0.531971	H@50 0.569051	H@100 0.598220
INFO:kbc-cli.py:Epoch 99/100	test results	MRR 0.450304	H@1 0.420868	H@3 0.461551	H@5 0.479738	H@10 0.504786	H@20 0.533823	H@50 0.570198	H@100 0.595086
INFO:kbc-cli.py:Epoch 100/100	Loss 3.0499 ± 0.2280
INFO:kbc-cli.py:Final 	dev results	MRR 0.452401	H@1 0.424687	H@3 0.461767	H@5 0.478906	H@10 0.504614	H@20 0.531971	H@50 0.569545	H@100 0.598550
INFO:kbc-cli.py:Final 	test results	MRR 0.450378	H@1 0.421187	H@3 0.460593	H@5 0.479419	H@10 0.505265	H@20 0.534461	H@50 0.570517	H@100 0.595246
INFO:kbc-cli.py:Training finished
