./bin/kbc-cli.py --train data/wn18rr/train.tsv --dev data/wn18rr/dev.tsv --test data/wn18rr/test.tsv -m complex -k 100 -b 50 -e 100 --F2 0.005 --N3 0 -l 0.1 -I standard -V 3 -o adagrad -c spo -q
{'F2': 0.005,
 'N3': 0.0,
 'batch_size': 50,
 'corruption': 'spo',
 'dev': 'data/wn18rr/dev.tsv',
 'embedding_size': 100,
 'epochs': 100,
 'eval_batch_size': None,
 'input_type': 'standard',
 'learning_rate': 0.1,
 'load': None,
 'model': 'complex',
 'optimizer': 'adagrad',
 'quiet': True,
 'save': None,
 'seed': 0,
 'test': 'data/wn18rr/test.tsv',
 'test_i': None,
 'test_ii': None,
 'train': 'data/wn18rr/train.tsv',
 'validate_every': 3}
INFO:kbc-cli.py:Device: cuda
INFO:kbc-cli.py:Model state:
INFO:kbc-cli.py:	entities.weight	torch.Size([40943, 200])
INFO:kbc-cli.py:	predicates.weight	torch.Size([11, 200])
INFO:kbc-cli.py:Epoch 1/100	Loss 22.3311 ± 1.1876
INFO:kbc-cli.py:Epoch 2/100	Loss 14.3841 ± 1.0154
INFO:kbc-cli.py:Epoch 3/100	Loss 7.8974 ± 0.5816
INFO:kbc-cli.py:Epoch 3/100	dev results	MRR 0.228004	H@1 0.076467	H@3 0.364535	H@5 0.417106	H@10 0.454186	H@20 0.477752	H@50 0.505768	H@100 0.527357
INFO:kbc-cli.py:Epoch 3/100	test results	MRR 0.230678	H@1 0.082323	H@3 0.360721	H@5 0.415763	H@10 0.451340	H@20 0.477345	H@50 0.503510	H@100 0.524888
INFO:kbc-cli.py:Epoch 4/100	Loss 5.8570 ± 0.4741
INFO:kbc-cli.py:Epoch 5/100	Loss 5.0004 ± 0.3966
INFO:kbc-cli.py:Epoch 6/100	Loss 4.4278 ± 0.3669
INFO:kbc-cli.py:Epoch 6/100	dev results	MRR 0.320181	H@1 0.207811	H@3 0.419908	H@5 0.444792	H@10 0.465557	H@20 0.485333	H@50 0.513184	H@100 0.534278
INFO:kbc-cli.py:Epoch 6/100	test results	MRR 0.317286	H@1 0.202457	H@3 0.418156	H@5 0.438258	H@10 0.466018	H@20 0.488673	H@50 0.517709	H@100 0.538290
INFO:kbc-cli.py:Epoch 7/100	Loss 4.0779 ± 0.3530
INFO:kbc-cli.py:Epoch 8/100	Loss 3.8631 ± 0.3472
INFO:kbc-cli.py:Epoch 9/100	Loss 3.7163 ± 0.3305
INFO:kbc-cli.py:Epoch 9/100	dev results	MRR 0.400882	H@1 0.352835	H@3 0.435728	H@5 0.452538	H@10 0.470501	H@20 0.489288	H@50 0.518293	H@100 0.538893
INFO:kbc-cli.py:Epoch 9/100	test results	MRR 0.399320	H@1 0.351627	H@3 0.431398	H@5 0.448149	H@10 0.473357	H@20 0.494097	H@50 0.520740	H@100 0.542438
INFO:kbc-cli.py:Epoch 10/100	Loss 3.6076 ± 0.3165
INFO:kbc-cli.py:Epoch 11/100	Loss 3.5241 ± 0.3113
INFO:kbc-cli.py:Epoch 12/100	Loss 3.4570 ± 0.3132
INFO:kbc-cli.py:Epoch 12/100	dev results	MRR 0.420240	H@1 0.389090	H@3 0.437376	H@5 0.451879	H@10 0.470831	H@20 0.491430	H@50 0.520600	H@100 0.542024
INFO:kbc-cli.py:Epoch 12/100	test results	MRR 0.419432	H@1 0.389119	H@3 0.435067	H@5 0.450223	H@10 0.474314	H@20 0.497926	H@50 0.523293	H@100 0.544193
INFO:kbc-cli.py:Epoch 13/100	Loss 3.4003 ± 0.3005
INFO:kbc-cli.py:Epoch 14/100	Loss 3.3528 ± 0.3022
INFO:kbc-cli.py:Epoch 15/100	Loss 3.3115 ± 0.3042
INFO:kbc-cli.py:Epoch 15/100	dev results	MRR 0.425316	H@1 0.397825	H@3 0.439519	H@5 0.454021	H@10 0.471655	H@20 0.492090	H@50 0.521918	H@100 0.543672
INFO:kbc-cli.py:Epoch 15/100	test results	MRR 0.424446	H@1 0.397096	H@3 0.436503	H@5 0.452936	H@10 0.476228	H@20 0.500319	H@50 0.523452	H@100 0.545788
INFO:kbc-cli.py:Epoch 16/100	Loss 3.2764 ± 0.2921
INFO:kbc-cli.py:Epoch 17/100	Loss 3.2447 ± 0.2898
INFO:kbc-cli.py:Epoch 18/100	Loss 3.2167 ± 0.2835
INFO:kbc-cli.py:Epoch 18/100	dev results	MRR 0.428074	H@1 0.402933	H@3 0.438695	H@5 0.454186	H@10 0.472479	H@20 0.493902	H@50 0.523896	H@100 0.545155
INFO:kbc-cli.py:Epoch 18/100	test results	MRR 0.425855	H@1 0.399011	H@3 0.436662	H@5 0.452776	H@10 0.478622	H@20 0.499840	H@50 0.525367	H@100 0.545469
INFO:kbc-cli.py:Epoch 19/100	Loss 3.1912 ± 0.2794
INFO:kbc-cli.py:Epoch 20/100	Loss 3.1689 ± 0.2758
INFO:kbc-cli.py:Epoch 21/100	Loss 3.1481 ± 0.2731
INFO:kbc-cli.py:Epoch 21/100	dev results	MRR 0.428673	H@1 0.403263	H@3 0.439354	H@5 0.455339	H@10 0.473632	H@20 0.495221	H@50 0.525709	H@100 0.546638
INFO:kbc-cli.py:Epoch 21/100	test results	MRR 0.426930	H@1 0.400447	H@3 0.437141	H@5 0.453893	H@10 0.478462	H@20 0.500160	H@50 0.526484	H@100 0.547703
INFO:kbc-cli.py:Epoch 22/100	Loss 3.1288 ± 0.2815
INFO:kbc-cli.py:Epoch 23/100	Loss 3.1112 ± 0.2751
INFO:kbc-cli.py:Epoch 24/100	Loss 3.0955 ± 0.2747
INFO:kbc-cli.py:Epoch 24/100	dev results	MRR 0.429057	H@1 0.403263	H@3 0.439354	H@5 0.454680	H@10 0.474291	H@20 0.496539	H@50 0.526697	H@100 0.547462
INFO:kbc-cli.py:Epoch 24/100	test results	MRR 0.427476	H@1 0.400925	H@3 0.438098	H@5 0.454690	H@10 0.479738	H@20 0.500957	H@50 0.526324	H@100 0.548022
INFO:kbc-cli.py:Epoch 25/100	Loss 3.0803 ± 0.2713
INFO:kbc-cli.py:Epoch 26/100	Loss 3.0665 ± 0.2733
INFO:kbc-cli.py:Epoch 27/100	Loss 3.0535 ± 0.2735
INFO:kbc-cli.py:Epoch 27/100	dev results	MRR 0.430175	H@1 0.404911	H@3 0.440837	H@5 0.455504	H@10 0.474621	H@20 0.497363	H@50 0.526368	H@100 0.548286
INFO:kbc-cli.py:Epoch 27/100	test results	MRR 0.427671	H@1 0.400447	H@3 0.439534	H@5 0.455329	H@10 0.480536	H@20 0.500638	H@50 0.527122	H@100 0.549617
INFO:kbc-cli.py:Epoch 28/100	Loss 3.0413 ± 0.2643
INFO:kbc-cli.py:Epoch 29/100	Loss 3.0299 ± 0.2682
INFO:kbc-cli.py:Epoch 30/100	Loss 3.0196 ± 0.2593
INFO:kbc-cli.py:Epoch 30/100	dev results	MRR 0.430206	H@1 0.404746	H@3 0.441332	H@5 0.456328	H@10 0.474951	H@20 0.496704	H@50 0.527027	H@100 0.549769
INFO:kbc-cli.py:Epoch 30/100	test results	MRR 0.428248	H@1 0.401085	H@3 0.438896	H@5 0.457403	H@10 0.481493	H@20 0.501755	H@50 0.527281	H@100 0.550893
INFO:kbc-cli.py:Epoch 31/100	Loss 3.0093 ± 0.2677
INFO:kbc-cli.py:Epoch 32/100	Loss 2.9997 ± 0.2635
INFO:kbc-cli.py:Epoch 33/100	Loss 2.9908 ± 0.2635
INFO:kbc-cli.py:Epoch 33/100	dev results	MRR 0.430299	H@1 0.404911	H@3 0.441991	H@5 0.455504	H@10 0.475610	H@20 0.497693	H@50 0.527851	H@100 0.550099
INFO:kbc-cli.py:Epoch 33/100	test results	MRR 0.428550	H@1 0.401404	H@3 0.439375	H@5 0.457403	H@10 0.482451	H@20 0.501755	H@50 0.528239	H@100 0.550574
INFO:kbc-cli.py:Epoch 34/100	Loss 2.9824 ± 0.2549
INFO:kbc-cli.py:Epoch 35/100	Loss 2.9744 ± 0.2657
INFO:kbc-cli.py:Epoch 36/100	Loss 2.9665 ± 0.2617
INFO:kbc-cli.py:Epoch 36/100	dev results	MRR 0.430713	H@1 0.405735	H@3 0.441826	H@5 0.455504	H@10 0.477093	H@20 0.499176	H@50 0.526862	H@100 0.549934
INFO:kbc-cli.py:Epoch 36/100	test results	MRR 0.428900	H@1 0.400766	H@3 0.440970	H@5 0.457403	H@10 0.483089	H@20 0.502872	H@50 0.529355	H@100 0.552170
INFO:kbc-cli.py:Epoch 37/100	Loss 2.9590 ± 0.2576
INFO:kbc-cli.py:Epoch 38/100	Loss 2.9521 ± 0.2638
INFO:kbc-cli.py:Epoch 39/100	Loss 2.9454 ± 0.2583
INFO:kbc-cli.py:Epoch 39/100	dev results	MRR 0.430763	H@1 0.405570	H@3 0.440837	H@5 0.455999	H@10 0.477752	H@20 0.499011	H@50 0.527027	H@100 0.552076
INFO:kbc-cli.py:Epoch 39/100	test results	MRR 0.428964	H@1 0.400606	H@3 0.441927	H@5 0.458360	H@10 0.483089	H@20 0.502712	H@50 0.531110	H@100 0.552329
INFO:kbc-cli.py:Epoch 40/100	Loss 2.9389 ± 0.2538
INFO:kbc-cli.py:Epoch 41/100	Loss 2.9328 ± 0.2520
INFO:kbc-cli.py:Epoch 42/100	Loss 2.9270 ± 0.2529
INFO:kbc-cli.py:Epoch 42/100	dev results	MRR 0.430915	H@1 0.405241	H@3 0.441991	H@5 0.456493	H@10 0.476928	H@20 0.500330	H@50 0.527851	H@100 0.551088
INFO:kbc-cli.py:Epoch 42/100	test results	MRR 0.429304	H@1 0.401244	H@3 0.441449	H@5 0.458041	H@10 0.483248	H@20 0.503350	H@50 0.530791	H@100 0.552967
INFO:kbc-cli.py:Epoch 43/100	Loss 2.9213 ± 0.2519
INFO:kbc-cli.py:Epoch 44/100	Loss 2.9158 ± 0.2485
INFO:kbc-cli.py:Epoch 45/100	Loss 2.9107 ± 0.2442
INFO:kbc-cli.py:Epoch 45/100	dev results	MRR 0.431388	H@1 0.405900	H@3 0.441826	H@5 0.457152	H@10 0.477587	H@20 0.500330	H@50 0.527851	H@100 0.551417
INFO:kbc-cli.py:Epoch 45/100	test results	MRR 0.429573	H@1 0.401723	H@3 0.441608	H@5 0.458041	H@10 0.484205	H@20 0.504627	H@50 0.530791	H@100 0.552489
INFO:kbc-cli.py:Epoch 46/100	Loss 2.9054 ± 0.2478
INFO:kbc-cli.py:Epoch 47/100	Loss 2.9007 ± 0.2522
INFO:kbc-cli.py:Epoch 48/100	Loss 2.8960 ± 0.2524
INFO:kbc-cli.py:Epoch 48/100	dev results	MRR 0.431632	H@1 0.406065	H@3 0.441332	H@5 0.455999	H@10 0.478906	H@20 0.501318	H@50 0.528345	H@100 0.552241
INFO:kbc-cli.py:Epoch 48/100	test results	MRR 0.430116	H@1 0.402042	H@3 0.442246	H@5 0.458519	H@10 0.483408	H@20 0.503350	H@50 0.531749	H@100 0.552329
INFO:kbc-cli.py:Epoch 49/100	Loss 2.8914 ± 0.2498
INFO:kbc-cli.py:Epoch 50/100	Loss 2.8869 ± 0.2438
INFO:kbc-cli.py:Epoch 51/100	Loss 2.8827 ± 0.2489
INFO:kbc-cli.py:Epoch 51/100	dev results	MRR 0.431705	H@1 0.405570	H@3 0.443144	H@5 0.456658	H@10 0.478411	H@20 0.501154	H@50 0.529169	H@100 0.552406
INFO:kbc-cli.py:Epoch 51/100	test results	MRR 0.430251	H@1 0.402361	H@3 0.442725	H@5 0.458200	H@10 0.483089	H@20 0.504308	H@50 0.532865	H@100 0.552329
INFO:kbc-cli.py:Epoch 52/100	Loss 2.8786 ± 0.2515
INFO:kbc-cli.py:Epoch 53/100	Loss 2.8746 ± 0.2434
INFO:kbc-cli.py:Epoch 54/100	Loss 2.8708 ± 0.2469
INFO:kbc-cli.py:Epoch 54/100	dev results	MRR 0.432024	H@1 0.406229	H@3 0.442485	H@5 0.456163	H@10 0.479400	H@20 0.502142	H@50 0.528016	H@100 0.552406
INFO:kbc-cli.py:Epoch 54/100	test results	MRR 0.430516	H@1 0.402680	H@3 0.441768	H@5 0.458679	H@10 0.483089	H@20 0.504946	H@50 0.532387	H@100 0.553606
INFO:kbc-cli.py:Epoch 55/100	Loss 2.8670 ± 0.2520
INFO:kbc-cli.py:Epoch 56/100	Loss 2.8634 ± 0.2396
INFO:kbc-cli.py:Epoch 57/100	Loss 2.8599 ± 0.2522
INFO:kbc-cli.py:Epoch 57/100	dev results	MRR 0.431717	H@1 0.405735	H@3 0.442156	H@5 0.457152	H@10 0.480224	H@20 0.501483	H@50 0.528181	H@100 0.553560
INFO:kbc-cli.py:Epoch 57/100	test results	MRR 0.430177	H@1 0.402042	H@3 0.442087	H@5 0.459158	H@10 0.482770	H@20 0.504467	H@50 0.532865	H@100 0.554084
INFO:kbc-cli.py:Epoch 58/100	Loss 2.8564 ± 0.2480
INFO:kbc-cli.py:Epoch 59/100	Loss 2.8531 ± 0.2491
INFO:kbc-cli.py:Epoch 60/100	Loss 2.8499 ± 0.2445
INFO:kbc-cli.py:Epoch 60/100	dev results	MRR 0.431962	H@1 0.406065	H@3 0.443309	H@5 0.456987	H@10 0.479235	H@20 0.501483	H@50 0.528675	H@100 0.554054
INFO:kbc-cli.py:Epoch 60/100	test results	MRR 0.430499	H@1 0.402361	H@3 0.442884	H@5 0.459317	H@10 0.482929	H@20 0.504627	H@50 0.532865	H@100 0.553606
INFO:kbc-cli.py:Epoch 61/100	Loss 2.8467 ± 0.2473
INFO:kbc-cli.py:Epoch 62/100	Loss 2.8434 ± 0.2467
INFO:kbc-cli.py:Epoch 63/100	Loss 2.8406 ± 0.2423
INFO:kbc-cli.py:Epoch 63/100	dev results	MRR 0.432104	H@1 0.405735	H@3 0.443804	H@5 0.457482	H@10 0.479730	H@20 0.501813	H@50 0.529664	H@100 0.553724
INFO:kbc-cli.py:Epoch 63/100	test results	MRR 0.430653	H@1 0.402361	H@3 0.443204	H@5 0.459796	H@10 0.483408	H@20 0.505903	H@50 0.533823	H@100 0.554563
INFO:kbc-cli.py:Epoch 64/100	Loss 2.8378 ± 0.2421
INFO:kbc-cli.py:Epoch 65/100	Loss 2.8347 ± 0.2473
INFO:kbc-cli.py:Epoch 66/100	Loss 2.8321 ± 0.2352
INFO:kbc-cli.py:Epoch 66/100	dev results	MRR 0.432127	H@1 0.406065	H@3 0.443144	H@5 0.457317	H@10 0.480059	H@20 0.502472	H@50 0.529664	H@100 0.553560
INFO:kbc-cli.py:Epoch 66/100	test results	MRR 0.430887	H@1 0.402999	H@3 0.442246	H@5 0.461072	H@10 0.484205	H@20 0.505743	H@50 0.534301	H@100 0.554244
INFO:kbc-cli.py:Epoch 67/100	Loss 2.8292 ± 0.2415
INFO:kbc-cli.py:Epoch 68/100	Loss 2.8267 ± 0.2503
INFO:kbc-cli.py:Epoch 69/100	Loss 2.8241 ± 0.2441
INFO:kbc-cli.py:Epoch 69/100	dev results	MRR 0.432422	H@1 0.406394	H@3 0.443639	H@5 0.458306	H@10 0.479565	H@20 0.501648	H@50 0.529005	H@100 0.553560
INFO:kbc-cli.py:Epoch 69/100	test results	MRR 0.431130	H@1 0.403318	H@3 0.443044	H@5 0.460115	H@10 0.483727	H@20 0.505584	H@50 0.533663	H@100 0.554722
INFO:kbc-cli.py:Epoch 70/100	Loss 2.8215 ± 0.2434
INFO:kbc-cli.py:Epoch 71/100	Loss 2.8191 ± 0.2402
INFO:kbc-cli.py:Epoch 72/100	Loss 2.8168 ± 0.2402
INFO:kbc-cli.py:Epoch 72/100	dev results	MRR 0.432459	H@1 0.406229	H@3 0.443804	H@5 0.457317	H@10 0.480554	H@20 0.502472	H@50 0.529664	H@100 0.554548
INFO:kbc-cli.py:Epoch 72/100	test results	MRR 0.431055	H@1 0.402680	H@3 0.443363	H@5 0.461391	H@10 0.484046	H@20 0.505743	H@50 0.534780	H@100 0.555041
INFO:kbc-cli.py:Epoch 73/100	Loss 2.8145 ± 0.2408
INFO:kbc-cli.py:Epoch 74/100	Loss 2.8119 ± 0.2420
INFO:kbc-cli.py:Epoch 75/100	Loss 2.8098 ± 0.2391
INFO:kbc-cli.py:Epoch 75/100	dev results	MRR 0.432892	H@1 0.407053	H@3 0.443639	H@5 0.457647	H@10 0.480883	H@20 0.502637	H@50 0.529664	H@100 0.554054
INFO:kbc-cli.py:Epoch 75/100	test results	MRR 0.430986	H@1 0.402680	H@3 0.443204	H@5 0.461710	H@10 0.483248	H@20 0.506382	H@50 0.534780	H@100 0.554722
INFO:kbc-cli.py:Epoch 76/100	Loss 2.8077 ± 0.2411
INFO:kbc-cli.py:Epoch 77/100	Loss 2.8056 ± 0.2359
INFO:kbc-cli.py:Epoch 78/100	Loss 2.8033 ± 0.2362
INFO:kbc-cli.py:Epoch 78/100	dev results	MRR 0.432817	H@1 0.407053	H@3 0.443474	H@5 0.457811	H@10 0.479895	H@20 0.503131	H@50 0.530488	H@100 0.554384
INFO:kbc-cli.py:Epoch 78/100	test results	MRR 0.431301	H@1 0.403318	H@3 0.443204	H@5 0.461710	H@10 0.484046	H@20 0.507020	H@50 0.535418	H@100 0.555201
INFO:kbc-cli.py:Epoch 79/100	Loss 2.8012 ± 0.2365
INFO:kbc-cli.py:Epoch 80/100	Loss 2.7993 ± 0.2385
INFO:kbc-cli.py:Epoch 81/100	Loss 2.7972 ± 0.2420
INFO:kbc-cli.py:Epoch 81/100	dev results	MRR 0.433128	H@1 0.407218	H@3 0.444298	H@5 0.458141	H@10 0.480719	H@20 0.503296	H@50 0.530488	H@100 0.554054
INFO:kbc-cli.py:Epoch 81/100	test results	MRR 0.431407	H@1 0.403318	H@3 0.443682	H@5 0.462508	H@10 0.484844	H@20 0.506860	H@50 0.535099	H@100 0.556318
INFO:kbc-cli.py:Epoch 82/100	Loss 2.7954 ± 0.2357
INFO:kbc-cli.py:Epoch 83/100	Loss 2.7934 ± 0.2332
INFO:kbc-cli.py:Epoch 84/100	Loss 2.7916 ± 0.2393
INFO:kbc-cli.py:Epoch 84/100	dev results	MRR 0.432982	H@1 0.407053	H@3 0.443804	H@5 0.458141	H@10 0.480719	H@20 0.504120	H@50 0.531312	H@100 0.554384
INFO:kbc-cli.py:Epoch 84/100	test results	MRR 0.431292	H@1 0.403318	H@3 0.443842	H@5 0.461870	H@10 0.485003	H@20 0.506382	H@50 0.534780	H@100 0.556158
INFO:kbc-cli.py:Epoch 85/100	Loss 2.7898 ± 0.2376
INFO:kbc-cli.py:Epoch 86/100	Loss 2.7880 ± 0.2368
INFO:kbc-cli.py:Epoch 87/100	Loss 2.7863 ± 0.2408
INFO:kbc-cli.py:Epoch 87/100	dev results	MRR 0.433121	H@1 0.407383	H@3 0.444298	H@5 0.457317	H@10 0.481378	H@20 0.503461	H@50 0.531312	H@100 0.554548
INFO:kbc-cli.py:Epoch 87/100	test results	MRR 0.431498	H@1 0.403478	H@3 0.443363	H@5 0.461710	H@10 0.485322	H@20 0.507179	H@50 0.535578	H@100 0.556318
INFO:kbc-cli.py:Epoch 88/100	Loss 2.7845 ± 0.2439
INFO:kbc-cli.py:Epoch 89/100	Loss 2.7828 ± 0.2365
INFO:kbc-cli.py:Epoch 90/100	Loss 2.7812 ± 0.2454
INFO:kbc-cli.py:Epoch 90/100	dev results	MRR 0.433035	H@1 0.406889	H@3 0.444133	H@5 0.457647	H@10 0.481378	H@20 0.504285	H@50 0.531147	H@100 0.555043
INFO:kbc-cli.py:Epoch 90/100	test results	MRR 0.431610	H@1 0.403478	H@3 0.444161	H@5 0.461870	H@10 0.485482	H@20 0.507498	H@50 0.535418	H@100 0.556318
INFO:kbc-cli.py:Epoch 91/100	Loss 2.7795 ± 0.2374
INFO:kbc-cli.py:Epoch 92/100	Loss 2.7780 ± 0.2371
INFO:kbc-cli.py:Epoch 93/100	Loss 2.7765 ± 0.2371
INFO:kbc-cli.py:Epoch 93/100	dev results	MRR 0.433095	H@1 0.407218	H@3 0.444133	H@5 0.457647	H@10 0.481378	H@20 0.504450	H@50 0.531971	H@100 0.554878
INFO:kbc-cli.py:Epoch 93/100	test results	MRR 0.431526	H@1 0.403318	H@3 0.443523	H@5 0.462189	H@10 0.485482	H@20 0.507658	H@50 0.536216	H@100 0.556477
INFO:kbc-cli.py:Epoch 94/100	Loss 2.7750 ± 0.2350
INFO:kbc-cli.py:Epoch 95/100	Loss 2.7734 ± 0.2367
INFO:kbc-cli.py:Epoch 96/100	Loss 2.7719 ± 0.2369
INFO:kbc-cli.py:Epoch 96/100	dev results	MRR 0.433003	H@1 0.407053	H@3 0.443474	H@5 0.457976	H@10 0.481872	H@20 0.503461	H@50 0.532301	H@100 0.554713
INFO:kbc-cli.py:Epoch 96/100	test results	MRR 0.431284	H@1 0.402999	H@3 0.443044	H@5 0.462189	H@10 0.486120	H@20 0.507817	H@50 0.535737	H@100 0.557435
INFO:kbc-cli.py:Epoch 97/100	Loss 2.7704 ± 0.2326
INFO:kbc-cli.py:Epoch 98/100	Loss 2.7690 ± 0.2362
INFO:kbc-cli.py:Epoch 99/100	Loss 2.7676 ± 0.2247
INFO:kbc-cli.py:Epoch 99/100	dev results	MRR 0.433077	H@1 0.407053	H@3 0.443968	H@5 0.458635	H@10 0.480883	H@20 0.504120	H@50 0.531641	H@100 0.554713
INFO:kbc-cli.py:Epoch 99/100	test results	MRR 0.431128	H@1 0.402521	H@3 0.443682	H@5 0.462029	H@10 0.485801	H@20 0.507817	H@50 0.536216	H@100 0.556796
INFO:kbc-cli.py:Epoch 100/100	Loss 2.7661 ± 0.2318
INFO:kbc-cli.py:Final 	dev results	MRR 0.433165	H@1 0.406889	H@3 0.444298	H@5 0.458306	H@10 0.481872	H@20 0.503955	H@50 0.531806	H@100 0.554878
INFO:kbc-cli.py:Final 	test results	MRR 0.431379	H@1 0.402840	H@3 0.444161	H@5 0.462029	H@10 0.485641	H@20 0.507977	H@50 0.535737	H@100 0.556637
INFO:kbc-cli.py:Training finished
