./bin/kbc-cli.py --train data/wn18rr/train.tsv --dev data/wn18rr/dev.tsv --test data/wn18rr/test.tsv -m complex -k 100 -b 500 -e 100 --F2 0.05 --N3 0 -l 0.1 -I standard -V 3 -o adagrad -c spo -q
{'F2': 0.05,
 'N3': 0.0,
 'batch_size': 500,
 'corruption': 'spo',
 'dev': 'data/wn18rr/dev.tsv',
 'embedding_size': 100,
 'epochs': 100,
 'eval_batch_size': None,
 'input_type': 'standard',
 'learning_rate': 0.1,
 'load': None,
 'model': 'complex',
 'optimizer': 'adagrad',
 'quiet': True,
 'save': None,
 'seed': 0,
 'test': 'data/wn18rr/test.tsv',
 'test_i': None,
 'test_ii': None,
 'train': 'data/wn18rr/train.tsv',
 'validate_every': 3}
INFO:kbc-cli.py:Device: cuda
INFO:kbc-cli.py:Model state:
INFO:kbc-cli.py:	entities.weight	torch.Size([40943, 200])
INFO:kbc-cli.py:	predicates.weight	torch.Size([11, 200])
INFO:kbc-cli.py:Epoch 1/100	Loss 23.4881 ± 0.2322
INFO:kbc-cli.py:Epoch 2/100	Loss 21.2895 ± 0.6019
INFO:kbc-cli.py:Epoch 3/100	Loss 17.5369 ± 0.4814
INFO:kbc-cli.py:Epoch 3/100	dev results	MRR 0.176654	H@1 0.091793	H@3 0.229400	H@5 0.289552	H@10 0.341793	H@20 0.383158	H@50 0.427488	H@100 0.456328
INFO:kbc-cli.py:Epoch 3/100	test results	MRR 0.174344	H@1 0.090459	H@3 0.228143	H@5 0.281110	H@10 0.335673	H@20 0.377792	H@50 0.419751	H@100 0.445437
INFO:kbc-cli.py:Epoch 4/100	Loss 14.1453 ± 0.2747
INFO:kbc-cli.py:Epoch 5/100	Loss 11.8659 ± 0.2278
INFO:kbc-cli.py:Epoch 6/100	Loss 10.2941 ± 0.2171
INFO:kbc-cli.py:Epoch 6/100	dev results	MRR 0.252323	H@1 0.116842	H@3 0.372940	H@5 0.413975	H@10 0.453856	H@20 0.478576	H@50 0.507416	H@100 0.532136
INFO:kbc-cli.py:Epoch 6/100	test results	MRR 0.254363	H@1 0.124920	H@3 0.365188	H@5 0.408743	H@10 0.448787	H@20 0.476228	H@50 0.503669	H@100 0.526324
INFO:kbc-cli.py:Epoch 7/100	Loss 9.0350 ± 0.2084
INFO:kbc-cli.py:Epoch 8/100	Loss 8.1872 ± 0.2246
INFO:kbc-cli.py:Epoch 9/100	Loss 7.6510 ± 0.2103
INFO:kbc-cli.py:Epoch 9/100	dev results	MRR 0.349565	H@1 0.265491	H@3 0.418095	H@5 0.440672	H@10 0.462920	H@20 0.486486	H@50 0.516150	H@100 0.537080
INFO:kbc-cli.py:Epoch 9/100	test results	MRR 0.345900	H@1 0.260689	H@3 0.414327	H@5 0.435386	H@10 0.462987	H@20 0.484684	H@50 0.510689	H@100 0.534939
INFO:kbc-cli.py:Epoch 10/100	Loss 7.2906 ± 0.2041
INFO:kbc-cli.py:Epoch 11/100	Loss 7.0373 ± 0.1866
INFO:kbc-cli.py:Epoch 12/100	Loss 6.8483 ± 0.1886
INFO:kbc-cli.py:Epoch 12/100	dev results	MRR 0.384563	H@1 0.331081	H@3 0.424357	H@5 0.440013	H@10 0.462096	H@20 0.485498	H@50 0.514667	H@100 0.538233
INFO:kbc-cli.py:Epoch 12/100	test results	MRR 0.377789	H@1 0.318922	H@3 0.420549	H@5 0.438258	H@10 0.460274	H@20 0.483886	H@50 0.512923	H@100 0.535099
INFO:kbc-cli.py:Epoch 13/100	Loss 6.7036 ± 0.1736
INFO:kbc-cli.py:Epoch 14/100	Loss 6.5901 ± 0.1710
INFO:kbc-cli.py:Epoch 15/100	Loss 6.4977 ± 0.1792
INFO:kbc-cli.py:Epoch 15/100	dev results	MRR 0.395958	H@1 0.353659	H@3 0.423039	H@5 0.440178	H@10 0.460448	H@20 0.484674	H@50 0.514173	H@100 0.539387
INFO:kbc-cli.py:Epoch 15/100	test results	MRR 0.391437	H@1 0.344448	H@3 0.423421	H@5 0.439215	H@10 0.460593	H@20 0.484365	H@50 0.512125	H@100 0.534142
INFO:kbc-cli.py:Epoch 16/100	Loss 6.4218 ± 0.1592
INFO:kbc-cli.py:Epoch 17/100	Loss 6.3583 ± 0.1603
INFO:kbc-cli.py:Epoch 18/100	Loss 6.3043 ± 0.1439
INFO:kbc-cli.py:Epoch 18/100	dev results	MRR 0.400608	H@1 0.363711	H@3 0.421885	H@5 0.437706	H@10 0.459459	H@20 0.483191	H@50 0.514502	H@100 0.539222
INFO:kbc-cli.py:Epoch 18/100	test results	MRR 0.398535	H@1 0.358807	H@3 0.422942	H@5 0.438736	H@10 0.459796	H@20 0.484365	H@50 0.511806	H@100 0.535258
INFO:kbc-cli.py:Epoch 19/100	Loss 6.2582 ± 0.1432
INFO:kbc-cli.py:Epoch 20/100	Loss 6.2182 ± 0.1365
INFO:kbc-cli.py:Epoch 21/100	Loss 6.1833 ± 0.1302
INFO:kbc-cli.py:Epoch 21/100	dev results	MRR 0.404660	H@1 0.371622	H@3 0.422709	H@5 0.438365	H@10 0.459130	H@20 0.482861	H@50 0.514667	H@100 0.538398
INFO:kbc-cli.py:Epoch 21/100	test results	MRR 0.403147	H@1 0.367262	H@3 0.424697	H@5 0.438258	H@10 0.459317	H@20 0.483727	H@50 0.511487	H@100 0.534780
INFO:kbc-cli.py:Epoch 22/100	Loss 6.1518 ± 0.1424
INFO:kbc-cli.py:Epoch 23/100	Loss 6.1241 ± 0.1312
INFO:kbc-cli.py:Epoch 24/100	Loss 6.0992 ± 0.1317
INFO:kbc-cli.py:Epoch 24/100	dev results	MRR 0.405891	H@1 0.373764	H@3 0.422215	H@5 0.438530	H@10 0.456823	H@20 0.482696	H@50 0.514832	H@100 0.539057
INFO:kbc-cli.py:Epoch 24/100	test results	MRR 0.405363	H@1 0.371889	H@3 0.425654	H@5 0.439694	H@10 0.457243	H@20 0.482131	H@50 0.512285	H@100 0.534301
INFO:kbc-cli.py:Epoch 25/100	Loss nan ± nan
INFO:kbc-cli.py:Epoch 26/100	Loss nan ± nan
INFO:kbc-cli.py:Epoch 27/100	Loss nan ± nan
INFO:kbc-cli.py:Epoch 27/100	dev results	MRR 0.000634	H@1 0.000165	H@3 0.000659	H@5 0.000989	H@10 0.000989	H@20 0.001318	H@50 0.001978	H@100 0.002637
INFO:kbc-cli.py:Epoch 27/100	test results	MRR 0.000383	H@1 0.000160	H@3 0.000160	H@5 0.000160	H@10 0.000160	H@20 0.000319	H@50 0.000638	H@100 0.001595
INFO:kbc-cli.py:Epoch 28/100	Loss nan ± nan
INFO:kbc-cli.py:Epoch 29/100	Loss nan ± nan
INFO:kbc-cli.py:Epoch 30/100	Loss nan ± nan
INFO:kbc-cli.py:Epoch 30/100	dev results	MRR 0.000634	H@1 0.000165	H@3 0.000659	H@5 0.000989	H@10 0.000989	H@20 0.001318	H@50 0.001978	H@100 0.002637
INFO:kbc-cli.py:Epoch 30/100	test results	MRR 0.000383	H@1 0.000160	H@3 0.000160	H@5 0.000160	H@10 0.000160	H@20 0.000319	H@50 0.000638	H@100 0.001595
INFO:kbc-cli.py:Epoch 31/100	Loss nan ± nan
INFO:kbc-cli.py:Epoch 32/100	Loss nan ± nan
INFO:kbc-cli.py:Epoch 33/100	Loss nan ± nan
INFO:kbc-cli.py:Epoch 33/100	dev results	MRR 0.000634	H@1 0.000165	H@3 0.000659	H@5 0.000989	H@10 0.000989	H@20 0.001318	H@50 0.001978	H@100 0.002637
INFO:kbc-cli.py:Epoch 33/100	test results	MRR 0.000383	H@1 0.000160	H@3 0.000160	H@5 0.000160	H@10 0.000160	H@20 0.000319	H@50 0.000638	H@100 0.001595
INFO:kbc-cli.py:Epoch 34/100	Loss nan ± nan
INFO:kbc-cli.py:Epoch 35/100	Loss nan ± nan
INFO:kbc-cli.py:Epoch 36/100	Loss nan ± nan
INFO:kbc-cli.py:Epoch 36/100	dev results	MRR 0.000634	H@1 0.000165	H@3 0.000659	H@5 0.000989	H@10 0.000989	H@20 0.001318	H@50 0.001978	H@100 0.002637
INFO:kbc-cli.py:Epoch 36/100	test results	MRR 0.000383	H@1 0.000160	H@3 0.000160	H@5 0.000160	H@10 0.000160	H@20 0.000319	H@50 0.000638	H@100 0.001595
INFO:kbc-cli.py:Epoch 37/100	Loss nan ± nan
INFO:kbc-cli.py:Epoch 38/100	Loss nan ± nan
INFO:kbc-cli.py:Epoch 39/100	Loss nan ± nan
INFO:kbc-cli.py:Epoch 39/100	dev results	MRR 0.000634	H@1 0.000165	H@3 0.000659	H@5 0.000989	H@10 0.000989	H@20 0.001318	H@50 0.001978	H@100 0.002637
INFO:kbc-cli.py:Epoch 39/100	test results	MRR 0.000383	H@1 0.000160	H@3 0.000160	H@5 0.000160	H@10 0.000160	H@20 0.000319	H@50 0.000638	H@100 0.001595
INFO:kbc-cli.py:Epoch 40/100	Loss nan ± nan
INFO:kbc-cli.py:Epoch 41/100	Loss nan ± nan
INFO:kbc-cli.py:Epoch 42/100	Loss nan ± nan
INFO:kbc-cli.py:Epoch 42/100	dev results	MRR 0.000634	H@1 0.000165	H@3 0.000659	H@5 0.000989	H@10 0.000989	H@20 0.001318	H@50 0.001978	H@100 0.002637
INFO:kbc-cli.py:Epoch 42/100	test results	MRR 0.000383	H@1 0.000160	H@3 0.000160	H@5 0.000160	H@10 0.000160	H@20 0.000319	H@50 0.000638	H@100 0.001595
INFO:kbc-cli.py:Epoch 43/100	Loss nan ± nan
INFO:kbc-cli.py:Epoch 44/100	Loss nan ± nan
INFO:kbc-cli.py:Epoch 45/100	Loss nan ± nan
INFO:kbc-cli.py:Epoch 45/100	dev results	MRR 0.000634	H@1 0.000165	H@3 0.000659	H@5 0.000989	H@10 0.000989	H@20 0.001318	H@50 0.001978	H@100 0.002637
INFO:kbc-cli.py:Epoch 45/100	test results	MRR 0.000383	H@1 0.000160	H@3 0.000160	H@5 0.000160	H@10 0.000160	H@20 0.000319	H@50 0.000638	H@100 0.001595
INFO:kbc-cli.py:Epoch 46/100	Loss nan ± nan
INFO:kbc-cli.py:Epoch 47/100	Loss nan ± nan
INFO:kbc-cli.py:Epoch 48/100	Loss nan ± nan
INFO:kbc-cli.py:Epoch 48/100	dev results	MRR 0.000634	H@1 0.000165	H@3 0.000659	H@5 0.000989	H@10 0.000989	H@20 0.001318	H@50 0.001978	H@100 0.002637
INFO:kbc-cli.py:Epoch 48/100	test results	MRR 0.000383	H@1 0.000160	H@3 0.000160	H@5 0.000160	H@10 0.000160	H@20 0.000319	H@50 0.000638	H@100 0.001595
INFO:kbc-cli.py:Epoch 49/100	Loss nan ± nan
INFO:kbc-cli.py:Epoch 50/100	Loss nan ± nan
INFO:kbc-cli.py:Epoch 51/100	Loss nan ± nan
INFO:kbc-cli.py:Epoch 51/100	dev results	MRR 0.000634	H@1 0.000165	H@3 0.000659	H@5 0.000989	H@10 0.000989	H@20 0.001318	H@50 0.001978	H@100 0.002637
INFO:kbc-cli.py:Epoch 51/100	test results	MRR 0.000383	H@1 0.000160	H@3 0.000160	H@5 0.000160	H@10 0.000160	H@20 0.000319	H@50 0.000638	H@100 0.001595
INFO:kbc-cli.py:Epoch 52/100	Loss nan ± nan
INFO:kbc-cli.py:Epoch 53/100	Loss nan ± nan
INFO:kbc-cli.py:Epoch 54/100	Loss nan ± nan
INFO:kbc-cli.py:Epoch 54/100	dev results	MRR 0.000634	H@1 0.000165	H@3 0.000659	H@5 0.000989	H@10 0.000989	H@20 0.001318	H@50 0.001978	H@100 0.002637
INFO:kbc-cli.py:Epoch 54/100	test results	MRR 0.000383	H@1 0.000160	H@3 0.000160	H@5 0.000160	H@10 0.000160	H@20 0.000319	H@50 0.000638	H@100 0.001595
INFO:kbc-cli.py:Epoch 55/100	Loss nan ± nan
INFO:kbc-cli.py:Epoch 56/100	Loss nan ± nan
INFO:kbc-cli.py:Epoch 57/100	Loss nan ± nan
INFO:kbc-cli.py:Epoch 57/100	dev results	MRR 0.000634	H@1 0.000165	H@3 0.000659	H@5 0.000989	H@10 0.000989	H@20 0.001318	H@50 0.001978	H@100 0.002637
INFO:kbc-cli.py:Epoch 57/100	test results	MRR 0.000383	H@1 0.000160	H@3 0.000160	H@5 0.000160	H@10 0.000160	H@20 0.000319	H@50 0.000638	H@100 0.001595
INFO:kbc-cli.py:Epoch 58/100	Loss nan ± nan
INFO:kbc-cli.py:Epoch 59/100	Loss nan ± nan
INFO:kbc-cli.py:Epoch 60/100	Loss nan ± nan
INFO:kbc-cli.py:Epoch 60/100	dev results	MRR 0.000634	H@1 0.000165	H@3 0.000659	H@5 0.000989	H@10 0.000989	H@20 0.001318	H@50 0.001978	H@100 0.002637
INFO:kbc-cli.py:Epoch 60/100	test results	MRR 0.000383	H@1 0.000160	H@3 0.000160	H@5 0.000160	H@10 0.000160	H@20 0.000319	H@50 0.000638	H@100 0.001595
INFO:kbc-cli.py:Epoch 61/100	Loss nan ± nan
INFO:kbc-cli.py:Epoch 62/100	Loss nan ± nan
INFO:kbc-cli.py:Epoch 63/100	Loss nan ± nan
INFO:kbc-cli.py:Epoch 63/100	dev results	MRR 0.000634	H@1 0.000165	H@3 0.000659	H@5 0.000989	H@10 0.000989	H@20 0.001318	H@50 0.001978	H@100 0.002637
INFO:kbc-cli.py:Epoch 63/100	test results	MRR 0.000383	H@1 0.000160	H@3 0.000160	H@5 0.000160	H@10 0.000160	H@20 0.000319	H@50 0.000638	H@100 0.001595
INFO:kbc-cli.py:Epoch 64/100	Loss nan ± nan
INFO:kbc-cli.py:Epoch 65/100	Loss nan ± nan
INFO:kbc-cli.py:Epoch 66/100	Loss nan ± nan
INFO:kbc-cli.py:Epoch 66/100	dev results	MRR 0.000634	H@1 0.000165	H@3 0.000659	H@5 0.000989	H@10 0.000989	H@20 0.001318	H@50 0.001978	H@100 0.002637
INFO:kbc-cli.py:Epoch 66/100	test results	MRR 0.000383	H@1 0.000160	H@3 0.000160	H@5 0.000160	H@10 0.000160	H@20 0.000319	H@50 0.000638	H@100 0.001595
INFO:kbc-cli.py:Epoch 67/100	Loss nan ± nan
INFO:kbc-cli.py:Epoch 68/100	Loss nan ± nan
INFO:kbc-cli.py:Epoch 69/100	Loss nan ± nan
INFO:kbc-cli.py:Epoch 69/100	dev results	MRR 0.000634	H@1 0.000165	H@3 0.000659	H@5 0.000989	H@10 0.000989	H@20 0.001318	H@50 0.001978	H@100 0.002637
INFO:kbc-cli.py:Epoch 69/100	test results	MRR 0.000383	H@1 0.000160	H@3 0.000160	H@5 0.000160	H@10 0.000160	H@20 0.000319	H@50 0.000638	H@100 0.001595
INFO:kbc-cli.py:Epoch 70/100	Loss nan ± nan
INFO:kbc-cli.py:Epoch 71/100	Loss nan ± nan
INFO:kbc-cli.py:Epoch 72/100	Loss nan ± nan
INFO:kbc-cli.py:Epoch 72/100	dev results	MRR 0.000634	H@1 0.000165	H@3 0.000659	H@5 0.000989	H@10 0.000989	H@20 0.001318	H@50 0.001978	H@100 0.002637
INFO:kbc-cli.py:Epoch 72/100	test results	MRR 0.000383	H@1 0.000160	H@3 0.000160	H@5 0.000160	H@10 0.000160	H@20 0.000319	H@50 0.000638	H@100 0.001595
INFO:kbc-cli.py:Epoch 73/100	Loss nan ± nan
INFO:kbc-cli.py:Epoch 74/100	Loss nan ± nan
INFO:kbc-cli.py:Epoch 75/100	Loss nan ± nan
INFO:kbc-cli.py:Epoch 75/100	dev results	MRR 0.000634	H@1 0.000165	H@3 0.000659	H@5 0.000989	H@10 0.000989	H@20 0.001318	H@50 0.001978	H@100 0.002637
INFO:kbc-cli.py:Epoch 75/100	test results	MRR 0.000383	H@1 0.000160	H@3 0.000160	H@5 0.000160	H@10 0.000160	H@20 0.000319	H@50 0.000638	H@100 0.001595
INFO:kbc-cli.py:Epoch 76/100	Loss nan ± nan
INFO:kbc-cli.py:Epoch 77/100	Loss nan ± nan
INFO:kbc-cli.py:Epoch 78/100	Loss nan ± nan
INFO:kbc-cli.py:Epoch 78/100	dev results	MRR 0.000634	H@1 0.000165	H@3 0.000659	H@5 0.000989	H@10 0.000989	H@20 0.001318	H@50 0.001978	H@100 0.002637
INFO:kbc-cli.py:Epoch 78/100	test results	MRR 0.000383	H@1 0.000160	H@3 0.000160	H@5 0.000160	H@10 0.000160	H@20 0.000319	H@50 0.000638	H@100 0.001595
INFO:kbc-cli.py:Epoch 79/100	Loss nan ± nan
INFO:kbc-cli.py:Epoch 80/100	Loss nan ± nan
INFO:kbc-cli.py:Epoch 81/100	Loss nan ± nan
INFO:kbc-cli.py:Epoch 81/100	dev results	MRR 0.000634	H@1 0.000165	H@3 0.000659	H@5 0.000989	H@10 0.000989	H@20 0.001318	H@50 0.001978	H@100 0.002637
INFO:kbc-cli.py:Epoch 81/100	test results	MRR 0.000383	H@1 0.000160	H@3 0.000160	H@5 0.000160	H@10 0.000160	H@20 0.000319	H@50 0.000638	H@100 0.001595
INFO:kbc-cli.py:Epoch 82/100	Loss nan ± nan
INFO:kbc-cli.py:Epoch 83/100	Loss nan ± nan
INFO:kbc-cli.py:Epoch 84/100	Loss nan ± nan
INFO:kbc-cli.py:Epoch 84/100	dev results	MRR 0.000634	H@1 0.000165	H@3 0.000659	H@5 0.000989	H@10 0.000989	H@20 0.001318	H@50 0.001978	H@100 0.002637
INFO:kbc-cli.py:Epoch 84/100	test results	MRR 0.000383	H@1 0.000160	H@3 0.000160	H@5 0.000160	H@10 0.000160	H@20 0.000319	H@50 0.000638	H@100 0.001595
INFO:kbc-cli.py:Epoch 85/100	Loss nan ± nan
INFO:kbc-cli.py:Epoch 86/100	Loss nan ± nan
INFO:kbc-cli.py:Epoch 87/100	Loss nan ± nan
INFO:kbc-cli.py:Epoch 87/100	dev results	MRR 0.000634	H@1 0.000165	H@3 0.000659	H@5 0.000989	H@10 0.000989	H@20 0.001318	H@50 0.001978	H@100 0.002637
INFO:kbc-cli.py:Epoch 87/100	test results	MRR 0.000383	H@1 0.000160	H@3 0.000160	H@5 0.000160	H@10 0.000160	H@20 0.000319	H@50 0.000638	H@100 0.001595
INFO:kbc-cli.py:Epoch 88/100	Loss nan ± nan
INFO:kbc-cli.py:Epoch 89/100	Loss nan ± nan
INFO:kbc-cli.py:Epoch 90/100	Loss nan ± nan
INFO:kbc-cli.py:Epoch 90/100	dev results	MRR 0.000634	H@1 0.000165	H@3 0.000659	H@5 0.000989	H@10 0.000989	H@20 0.001318	H@50 0.001978	H@100 0.002637
INFO:kbc-cli.py:Epoch 90/100	test results	MRR 0.000383	H@1 0.000160	H@3 0.000160	H@5 0.000160	H@10 0.000160	H@20 0.000319	H@50 0.000638	H@100 0.001595
INFO:kbc-cli.py:Epoch 91/100	Loss nan ± nan
INFO:kbc-cli.py:Epoch 92/100	Loss nan ± nan
INFO:kbc-cli.py:Epoch 93/100	Loss nan ± nan
INFO:kbc-cli.py:Epoch 93/100	dev results	MRR 0.000634	H@1 0.000165	H@3 0.000659	H@5 0.000989	H@10 0.000989	H@20 0.001318	H@50 0.001978	H@100 0.002637
INFO:kbc-cli.py:Epoch 93/100	test results	MRR 0.000383	H@1 0.000160	H@3 0.000160	H@5 0.000160	H@10 0.000160	H@20 0.000319	H@50 0.000638	H@100 0.001595
INFO:kbc-cli.py:Epoch 94/100	Loss nan ± nan
INFO:kbc-cli.py:Epoch 95/100	Loss nan ± nan
INFO:kbc-cli.py:Epoch 96/100	Loss nan ± nan
INFO:kbc-cli.py:Epoch 96/100	dev results	MRR 0.000634	H@1 0.000165	H@3 0.000659	H@5 0.000989	H@10 0.000989	H@20 0.001318	H@50 0.001978	H@100 0.002637
INFO:kbc-cli.py:Epoch 96/100	test results	MRR 0.000383	H@1 0.000160	H@3 0.000160	H@5 0.000160	H@10 0.000160	H@20 0.000319	H@50 0.000638	H@100 0.001595
INFO:kbc-cli.py:Epoch 97/100	Loss nan ± nan
INFO:kbc-cli.py:Epoch 98/100	Loss nan ± nan
INFO:kbc-cli.py:Epoch 99/100	Loss nan ± nan
INFO:kbc-cli.py:Epoch 99/100	dev results	MRR 0.000634	H@1 0.000165	H@3 0.000659	H@5 0.000989	H@10 0.000989	H@20 0.001318	H@50 0.001978	H@100 0.002637
INFO:kbc-cli.py:Epoch 99/100	test results	MRR 0.000383	H@1 0.000160	H@3 0.000160	H@5 0.000160	H@10 0.000160	H@20 0.000319	H@50 0.000638	H@100 0.001595
INFO:kbc-cli.py:Epoch 100/100	Loss nan ± nan
INFO:kbc-cli.py:Final 	dev results	MRR 0.000634	H@1 0.000165	H@3 0.000659	H@5 0.000989	H@10 0.000989	H@20 0.001318	H@50 0.001978	H@100 0.002637
INFO:kbc-cli.py:Final 	test results	MRR 0.000383	H@1 0.000160	H@3 0.000160	H@5 0.000160	H@10 0.000160	H@20 0.000319	H@50 0.000638	H@100 0.001595
INFO:kbc-cli.py:Training finished
