./bin/kbc-cli.py --train data/wn18rr/train.tsv --dev data/wn18rr/dev.tsv --test data/wn18rr/test.tsv -m complex -k 500 -b 100 -e 100 --F2 0 --N3 0.001 -l 0.1 -I standard -V 3 -o adagrad -c so -q
{'F2': 0.0,
 'N3': 0.001,
 'batch_size': 100,
 'corruption': 'so',
 'dev': 'data/wn18rr/dev.tsv',
 'embedding_size': 500,
 'epochs': 100,
 'eval_batch_size': None,
 'input_type': 'standard',
 'learning_rate': 0.1,
 'load': None,
 'model': 'complex',
 'optimizer': 'adagrad',
 'quiet': True,
 'save': None,
 'seed': 0,
 'test': 'data/wn18rr/test.tsv',
 'test_i': None,
 'test_ii': None,
 'train': 'data/wn18rr/train.tsv',
 'validate_every': 3}
INFO:kbc-cli.py:Device: cuda
INFO:kbc-cli.py:Model state:
INFO:kbc-cli.py:	entities.weight	torch.Size([40943, 1000])
INFO:kbc-cli.py:	predicates.weight	torch.Size([11, 1000])
INFO:kbc-cli.py:Epoch 1/100	Loss 18.3401 ± 1.6235
INFO:kbc-cli.py:Epoch 2/100	Loss 8.4277 ± 0.5230
INFO:kbc-cli.py:Epoch 3/100	Loss 4.4821 ± 0.3674
INFO:kbc-cli.py:Epoch 3/100	dev results	MRR 0.425414	H@1 0.397660	H@3 0.436552	H@5 0.451879	H@10 0.470831	H@20 0.500000	H@50 0.535267	H@100 0.564107
INFO:kbc-cli.py:Epoch 3/100	test results	MRR 0.426641	H@1 0.398692	H@3 0.440970	H@5 0.453095	H@10 0.473357	H@20 0.498086	H@50 0.532227	H@100 0.561264
INFO:kbc-cli.py:Epoch 4/100	Loss 3.8110 ± 0.3192
INFO:kbc-cli.py:Epoch 5/100	Loss 3.5248 ± 0.3137
INFO:kbc-cli.py:Epoch 6/100	Loss 3.3637 ± 0.3011
INFO:kbc-cli.py:Epoch 6/100	dev results	MRR 0.438583	H@1 0.414799	H@3 0.445781	H@5 0.459459	H@10 0.481378	H@20 0.509888	H@50 0.547297	H@100 0.579268
INFO:kbc-cli.py:Epoch 6/100	test results	MRR 0.437052	H@1 0.411455	H@3 0.445278	H@5 0.461391	H@10 0.485801	H@20 0.509094	H@50 0.547224	H@100 0.580728
INFO:kbc-cli.py:Epoch 7/100	Loss 3.2513 ± 0.2894
INFO:kbc-cli.py:Epoch 8/100	Loss 3.1717 ± 0.2906
INFO:kbc-cli.py:Epoch 9/100	Loss 3.1074 ± 0.2766
INFO:kbc-cli.py:Epoch 9/100	dev results	MRR 0.442087	H@1 0.417765	H@3 0.449572	H@5 0.464403	H@10 0.488629	H@20 0.515985	H@50 0.554054	H@100 0.586849
INFO:kbc-cli.py:Epoch 9/100	test results	MRR 0.441687	H@1 0.414327	H@3 0.451181	H@5 0.467454	H@10 0.494735	H@20 0.518347	H@50 0.555999	H@100 0.586471
INFO:kbc-cli.py:Epoch 10/100	Loss 3.0546 ± 0.2645
INFO:kbc-cli.py:Epoch 11/100	Loss 3.0110 ± 0.2656
INFO:kbc-cli.py:Epoch 12/100	Loss 2.9756 ± 0.2661
INFO:kbc-cli.py:Epoch 12/100	dev results	MRR 0.443645	H@1 0.419413	H@3 0.449572	H@5 0.466051	H@10 0.488958	H@20 0.516974	H@50 0.557680	H@100 0.592617
INFO:kbc-cli.py:Epoch 12/100	test results	MRR 0.443349	H@1 0.416560	H@3 0.452297	H@5 0.470006	H@10 0.496650	H@20 0.519623	H@50 0.559828	H@100 0.590619
INFO:kbc-cli.py:Epoch 13/100	Loss 2.9414 ± 0.2581
INFO:kbc-cli.py:Epoch 14/100	Loss 2.9123 ± 0.2570
INFO:kbc-cli.py:Epoch 15/100	Loss 2.8865 ± 0.2583
INFO:kbc-cli.py:Epoch 15/100	dev results	MRR 0.445962	H@1 0.422215	H@3 0.451055	H@5 0.469347	H@10 0.492254	H@20 0.520105	H@50 0.560316	H@100 0.593935
INFO:kbc-cli.py:Epoch 15/100	test results	MRR 0.447277	H@1 0.420708	H@3 0.455488	H@5 0.471442	H@10 0.498883	H@20 0.523931	H@50 0.563497	H@100 0.592534
INFO:kbc-cli.py:Epoch 16/100	Loss 2.8648 ± 0.2545
INFO:kbc-cli.py:Epoch 17/100	Loss 2.8427 ± 0.2465
INFO:kbc-cli.py:Epoch 18/100	Loss 2.8235 ± 0.2390
INFO:kbc-cli.py:Epoch 18/100	dev results	MRR 0.447666	H@1 0.422709	H@3 0.453856	H@5 0.471325	H@10 0.495715	H@20 0.524390	H@50 0.564601	H@100 0.595254
INFO:kbc-cli.py:Epoch 18/100	test results	MRR 0.448263	H@1 0.420868	H@3 0.457084	H@5 0.473038	H@10 0.503510	H@20 0.526643	H@50 0.565890	H@100 0.595884
INFO:kbc-cli.py:Epoch 19/100	Loss 2.8054 ± 0.2434
INFO:kbc-cli.py:Epoch 20/100	Loss 2.7897 ± 0.2348
INFO:kbc-cli.py:Epoch 21/100	Loss 2.7740 ± 0.2314
INFO:kbc-cli.py:Epoch 21/100	dev results	MRR 0.447534	H@1 0.422215	H@3 0.454351	H@5 0.471819	H@10 0.496045	H@20 0.525379	H@50 0.566249	H@100 0.597891
INFO:kbc-cli.py:Epoch 21/100	test results	MRR 0.449709	H@1 0.422623	H@3 0.457243	H@5 0.475909	H@10 0.504148	H@20 0.527601	H@50 0.565731	H@100 0.596043
INFO:kbc-cli.py:Epoch 22/100	Loss 2.7596 ± 0.2392
INFO:kbc-cli.py:Epoch 23/100	Loss 2.7458 ± 0.2327
INFO:kbc-cli.py:Epoch 24/100	Loss 2.7345 ± 0.2307
INFO:kbc-cli.py:Epoch 24/100	dev results	MRR 0.449085	H@1 0.424357	H@3 0.456823	H@5 0.473303	H@10 0.496869	H@20 0.526038	H@50 0.568556	H@100 0.598550
INFO:kbc-cli.py:Epoch 24/100	test results	MRR 0.449745	H@1 0.421506	H@3 0.459636	H@5 0.478462	H@10 0.506382	H@20 0.531429	H@50 0.569400	H@100 0.598117
INFO:kbc-cli.py:Epoch 25/100	Loss 2.7218 ± 0.2276
INFO:kbc-cli.py:Epoch 26/100	Loss 2.7108 ± 0.2283
INFO:kbc-cli.py:Epoch 27/100	Loss 2.7001 ± 0.2326
INFO:kbc-cli.py:Epoch 27/100	dev results	MRR 0.449223	H@1 0.424028	H@3 0.455504	H@5 0.474127	H@10 0.498022	H@20 0.526368	H@50 0.569875	H@100 0.599703
INFO:kbc-cli.py:Epoch 27/100	test results	MRR 0.451135	H@1 0.423261	H@3 0.458839	H@5 0.478941	H@10 0.508615	H@20 0.531429	H@50 0.571634	H@100 0.600830
INFO:kbc-cli.py:Epoch 28/100	Loss 2.6898 ± 0.2272
INFO:kbc-cli.py:Epoch 29/100	Loss 2.6804 ± 0.2270
INFO:kbc-cli.py:Epoch 30/100	Loss 2.6721 ± 0.2188
INFO:kbc-cli.py:Epoch 30/100	dev results	MRR 0.450361	H@1 0.425181	H@3 0.455999	H@5 0.475610	H@10 0.500000	H@20 0.528840	H@50 0.571193	H@100 0.601022
INFO:kbc-cli.py:Epoch 30/100	test results	MRR 0.452049	H@1 0.423899	H@3 0.461072	H@5 0.481015	H@10 0.509413	H@20 0.532546	H@50 0.571953	H@100 0.601627
INFO:kbc-cli.py:Epoch 31/100	Loss 2.6628 ± 0.2248
INFO:kbc-cli.py:Epoch 32/100	Loss 2.6544 ± 0.2230
INFO:kbc-cli.py:Epoch 33/100	Loss 2.6467 ± 0.2200
INFO:kbc-cli.py:Epoch 33/100	dev results	MRR 0.450352	H@1 0.424522	H@3 0.457317	H@5 0.476104	H@10 0.501154	H@20 0.529169	H@50 0.572182	H@100 0.601187
INFO:kbc-cli.py:Epoch 33/100	test results	MRR 0.453380	H@1 0.425495	H@3 0.460593	H@5 0.482131	H@10 0.511008	H@20 0.533663	H@50 0.574346	H@100 0.602106
INFO:kbc-cli.py:Epoch 34/100	Loss 2.6393 ± 0.2108
INFO:kbc-cli.py:Epoch 35/100	Loss 2.6325 ± 0.2229
INFO:kbc-cli.py:Epoch 36/100	Loss 2.6247 ± 0.2157
INFO:kbc-cli.py:Epoch 36/100	dev results	MRR 0.451431	H@1 0.426170	H@3 0.457317	H@5 0.475939	H@10 0.501154	H@20 0.530817	H@50 0.572512	H@100 0.602835
INFO:kbc-cli.py:Epoch 36/100	test results	MRR 0.453894	H@1 0.425016	H@3 0.463625	H@5 0.483248	H@10 0.511646	H@20 0.535578	H@50 0.574665	H@100 0.604020
INFO:kbc-cli.py:Epoch 37/100	Loss 2.6182 ± 0.2142
INFO:kbc-cli.py:Epoch 38/100	Loss 2.6117 ± 0.2236
INFO:kbc-cli.py:Epoch 39/100	Loss 2.6054 ± 0.2144
INFO:kbc-cli.py:Epoch 39/100	dev results	MRR 0.451283	H@1 0.425181	H@3 0.457811	H@5 0.476434	H@10 0.503790	H@20 0.531641	H@50 0.573171	H@100 0.602175
INFO:kbc-cli.py:Epoch 39/100	test results	MRR 0.453488	H@1 0.424378	H@3 0.462189	H@5 0.484525	H@10 0.514837	H@20 0.536056	H@50 0.575463	H@100 0.604340
INFO:kbc-cli.py:Epoch 40/100	Loss 2.5998 ± 0.2072
INFO:kbc-cli.py:Epoch 41/100	Loss 2.5937 ± 0.2105
INFO:kbc-cli.py:Epoch 42/100	Loss 2.5886 ± 0.2058
INFO:kbc-cli.py:Epoch 42/100	dev results	MRR 0.452397	H@1 0.426500	H@3 0.459130	H@5 0.476434	H@10 0.501978	H@20 0.531971	H@50 0.573665	H@100 0.605307
INFO:kbc-cli.py:Epoch 42/100	test results	MRR 0.455548	H@1 0.426930	H@3 0.464742	H@5 0.484205	H@10 0.513880	H@20 0.536535	H@50 0.576579	H@100 0.605456
INFO:kbc-cli.py:Epoch 43/100	Loss 2.5835 ± 0.2071
INFO:kbc-cli.py:Epoch 44/100	Loss 2.5778 ± 0.2020
INFO:kbc-cli.py:Epoch 45/100	Loss 2.5732 ± 0.2010
INFO:kbc-cli.py:Epoch 45/100	dev results	MRR 0.451625	H@1 0.425181	H@3 0.459789	H@5 0.477587	H@10 0.503790	H@20 0.532301	H@50 0.574160	H@100 0.603988
INFO:kbc-cli.py:Epoch 45/100	test results	MRR 0.454642	H@1 0.426452	H@3 0.461551	H@5 0.483886	H@10 0.512763	H@20 0.536694	H@50 0.575622	H@100 0.604659
INFO:kbc-cli.py:Epoch 46/100	Loss 2.5676 ± 0.2033
INFO:kbc-cli.py:Epoch 47/100	Loss 2.5635 ± 0.2079
INFO:kbc-cli.py:Epoch 48/100	Loss 2.5591 ± 0.2054
INFO:kbc-cli.py:Epoch 48/100	dev results	MRR 0.452048	H@1 0.425511	H@3 0.459295	H@5 0.478082	H@10 0.502966	H@20 0.532795	H@50 0.575148	H@100 0.604977
INFO:kbc-cli.py:Epoch 48/100	test results	MRR 0.455428	H@1 0.426611	H@3 0.463944	H@5 0.484365	H@10 0.515795	H@20 0.538449	H@50 0.577696	H@100 0.605616
INFO:kbc-cli.py:Epoch 49/100	Loss 2.5541 ± 0.2013
INFO:kbc-cli.py:Epoch 50/100	Loss 2.5497 ± 0.2025
INFO:kbc-cli.py:Epoch 51/100	Loss 2.5456 ± 0.1968
INFO:kbc-cli.py:Epoch 51/100	dev results	MRR 0.453003	H@1 0.426664	H@3 0.460613	H@5 0.479730	H@10 0.503461	H@20 0.534443	H@50 0.575643	H@100 0.604812
INFO:kbc-cli.py:Epoch 51/100	test results	MRR 0.456171	H@1 0.426930	H@3 0.465699	H@5 0.486439	H@10 0.515475	H@20 0.538449	H@50 0.579292	H@100 0.606414
INFO:kbc-cli.py:Epoch 52/100	Loss 2.5413 ± 0.2071
INFO:kbc-cli.py:Epoch 53/100	Loss 2.5372 ± 0.1977
INFO:kbc-cli.py:Epoch 54/100	Loss 2.5334 ± 0.2044
INFO:kbc-cli.py:Epoch 54/100	dev results	MRR 0.453793	H@1 0.427488	H@3 0.460778	H@5 0.479071	H@10 0.503461	H@20 0.534278	H@50 0.576632	H@100 0.606295
INFO:kbc-cli.py:Epoch 54/100	test results	MRR 0.455724	H@1 0.426133	H@3 0.464901	H@5 0.486120	H@10 0.516114	H@20 0.538768	H@50 0.578334	H@100 0.606414
INFO:kbc-cli.py:Epoch 55/100	Loss 2.5296 ± 0.2067
INFO:kbc-cli.py:Epoch 56/100	Loss 2.5258 ± 0.1929
INFO:kbc-cli.py:Epoch 57/100	Loss 2.5222 ± 0.2072
INFO:kbc-cli.py:Epoch 57/100	dev results	MRR 0.453624	H@1 0.427324	H@3 0.460613	H@5 0.479565	H@10 0.505109	H@20 0.535267	H@50 0.576302	H@100 0.606790
INFO:kbc-cli.py:Epoch 57/100	test results	MRR 0.456574	H@1 0.426930	H@3 0.466337	H@5 0.487556	H@10 0.517071	H@20 0.538928	H@50 0.579770	H@100 0.608009
INFO:kbc-cli.py:Epoch 58/100	Loss 2.5186 ± 0.1996
INFO:kbc-cli.py:Epoch 59/100	Loss 2.5152 ± 0.2040
INFO:kbc-cli.py:Epoch 60/100	Loss 2.5120 ± 0.1948
INFO:kbc-cli.py:Epoch 60/100	dev results	MRR 0.453680	H@1 0.426500	H@3 0.461602	H@5 0.479895	H@10 0.505768	H@20 0.536915	H@50 0.578609	H@100 0.607943
INFO:kbc-cli.py:Epoch 60/100	test results	MRR 0.457974	H@1 0.428526	H@3 0.466337	H@5 0.488034	H@10 0.517549	H@20 0.540364	H@50 0.580728	H@100 0.609285
INFO:kbc-cli.py:Epoch 61/100	Loss 2.5085 ± 0.2013
INFO:kbc-cli.py:Epoch 62/100	Loss 2.5049 ± 0.1996
INFO:kbc-cli.py:Epoch 63/100	Loss 2.5024 ± 0.1915
INFO:kbc-cli.py:Epoch 63/100	dev results	MRR 0.454165	H@1 0.427488	H@3 0.462261	H@5 0.479730	H@10 0.506427	H@20 0.536091	H@50 0.578774	H@100 0.607614
INFO:kbc-cli.py:Epoch 63/100	test results	MRR 0.457580	H@1 0.428685	H@3 0.464103	H@5 0.488673	H@10 0.517869	H@20 0.539885	H@50 0.580408	H@100 0.608647
INFO:kbc-cli.py:Epoch 64/100	Loss 2.4995 ± 0.1926
INFO:kbc-cli.py:Epoch 65/100	Loss 2.4959 ± 0.1953
INFO:kbc-cli.py:Epoch 66/100	Loss 2.4931 ± 0.1856
INFO:kbc-cli.py:Epoch 66/100	dev results	MRR 0.454682	H@1 0.427983	H@3 0.461931	H@5 0.480059	H@10 0.505768	H@20 0.537080	H@50 0.578609	H@100 0.607943
INFO:kbc-cli.py:Epoch 66/100	test results	MRR 0.457673	H@1 0.427888	H@3 0.466975	H@5 0.488992	H@10 0.518826	H@20 0.540364	H@50 0.580728	H@100 0.609285
INFO:kbc-cli.py:Epoch 67/100	Loss 2.4899 ± 0.1951
INFO:kbc-cli.py:Epoch 68/100	Loss 2.4875 ± 0.1974
INFO:kbc-cli.py:Epoch 69/100	Loss 2.4845 ± 0.1965
INFO:kbc-cli.py:Epoch 69/100	dev results	MRR 0.454579	H@1 0.428148	H@3 0.461931	H@5 0.480059	H@10 0.506922	H@20 0.537080	H@50 0.579268	H@100 0.608767
INFO:kbc-cli.py:Epoch 69/100	test results	MRR 0.457653	H@1 0.428207	H@3 0.465380	H@5 0.489470	H@10 0.519145	H@20 0.540204	H@50 0.582163	H@100 0.608328
INFO:kbc-cli.py:Epoch 70/100	Loss 2.4818 ± 0.1948
INFO:kbc-cli.py:Epoch 71/100	Loss 2.4793 ± 0.1911
INFO:kbc-cli.py:Epoch 72/100	Loss 2.4768 ± 0.1911
INFO:kbc-cli.py:Epoch 72/100	dev results	MRR 0.455167	H@1 0.428807	H@3 0.461931	H@5 0.479235	H@10 0.505603	H@20 0.538233	H@50 0.579763	H@100 0.608603
INFO:kbc-cli.py:Epoch 72/100	test results	MRR 0.458529	H@1 0.429483	H@3 0.466656	H@5 0.488832	H@10 0.519145	H@20 0.541321	H@50 0.581844	H@100 0.609445
INFO:kbc-cli.py:Epoch 73/100	Loss 2.4743 ± 0.1926
INFO:kbc-cli.py:Epoch 74/100	Loss 2.4712 ± 0.1918
INFO:kbc-cli.py:Epoch 75/100	Loss 2.4690 ± 0.1874
INFO:kbc-cli.py:Epoch 75/100	dev results	MRR 0.454985	H@1 0.427983	H@3 0.463085	H@5 0.481707	H@10 0.506427	H@20 0.538233	H@50 0.580092	H@100 0.608603
INFO:kbc-cli.py:Epoch 75/100	test results	MRR 0.458963	H@1 0.429483	H@3 0.467454	H@5 0.490587	H@10 0.520421	H@20 0.542438	H@50 0.581844	H@100 0.609445
INFO:kbc-cli.py:Epoch 76/100	Loss 2.4667 ± 0.1932
INFO:kbc-cli.py:Epoch 77/100	Loss 2.4645 ± 0.1872
INFO:kbc-cli.py:Epoch 78/100	Loss 2.4618 ± 0.1845
INFO:kbc-cli.py:Epoch 78/100	dev results	MRR 0.455095	H@1 0.428807	H@3 0.461602	H@5 0.480389	H@10 0.505274	H@20 0.538728	H@50 0.579433	H@100 0.607943
INFO:kbc-cli.py:Epoch 78/100	test results	MRR 0.458222	H@1 0.428685	H@3 0.466975	H@5 0.491066	H@10 0.519145	H@20 0.541002	H@50 0.582961	H@100 0.609923
INFO:kbc-cli.py:Epoch 79/100	Loss 2.4593 ± 0.1843
INFO:kbc-cli.py:Epoch 80/100	Loss 2.4577 ± 0.1887
INFO:kbc-cli.py:Epoch 81/100	Loss 2.4549 ± 0.1918
INFO:kbc-cli.py:Epoch 81/100	dev results	MRR 0.455243	H@1 0.428807	H@3 0.461437	H@5 0.480059	H@10 0.506262	H@20 0.539552	H@50 0.579927	H@100 0.609426
INFO:kbc-cli.py:Epoch 81/100	test results	MRR 0.459566	H@1 0.429802	H@3 0.467932	H@5 0.491066	H@10 0.520262	H@20 0.542278	H@50 0.584078	H@100 0.610083
INFO:kbc-cli.py:Epoch 82/100	Loss 2.4531 ± 0.1862
INFO:kbc-cli.py:Epoch 83/100	Loss 2.4506 ± 0.1823
INFO:kbc-cli.py:Epoch 84/100	Loss 2.4485 ± 0.1884
INFO:kbc-cli.py:Epoch 84/100	dev results	MRR 0.455767	H@1 0.429136	H@3 0.462591	H@5 0.481213	H@10 0.506427	H@20 0.540046	H@50 0.581575	H@100 0.609591
INFO:kbc-cli.py:Epoch 84/100	test results	MRR 0.460186	H@1 0.431557	H@3 0.468251	H@5 0.491544	H@10 0.520262	H@20 0.541800	H@50 0.583918	H@100 0.611200
INFO:kbc-cli.py:Epoch 85/100	Loss 2.4466 ± 0.1855
INFO:kbc-cli.py:Epoch 86/100	Loss 2.4448 ± 0.1843
INFO:kbc-cli.py:Epoch 87/100	Loss 2.4428 ± 0.1878
INFO:kbc-cli.py:Epoch 87/100	dev results	MRR 0.455212	H@1 0.427983	H@3 0.463250	H@5 0.480059	H@10 0.508075	H@20 0.539881	H@50 0.581081	H@100 0.610415
INFO:kbc-cli.py:Epoch 87/100	test results	MRR 0.459728	H@1 0.430440	H@3 0.467613	H@5 0.490108	H@10 0.520421	H@20 0.542916	H@50 0.584716	H@100 0.611200
INFO:kbc-cli.py:Epoch 88/100	Loss 2.4404 ± 0.1872
INFO:kbc-cli.py:Epoch 89/100	Loss 2.4385 ± 0.1823
INFO:kbc-cli.py:Epoch 90/100	Loss 2.4366 ± 0.1945
INFO:kbc-cli.py:Epoch 90/100	dev results	MRR 0.456132	H@1 0.429301	H@3 0.463250	H@5 0.480719	H@10 0.508570	H@20 0.538728	H@50 0.581740	H@100 0.611074
INFO:kbc-cli.py:Epoch 90/100	test results	MRR 0.460324	H@1 0.430759	H@3 0.469687	H@5 0.491863	H@10 0.522017	H@20 0.544193	H@50 0.585035	H@100 0.612317
INFO:kbc-cli.py:Epoch 91/100	Loss 2.4346 ± 0.1873
INFO:kbc-cli.py:Epoch 92/100	Loss 2.4331 ± 0.1902
INFO:kbc-cli.py:Epoch 93/100	Loss 2.4314 ± 0.1845
INFO:kbc-cli.py:Epoch 93/100	dev results	MRR 0.455835	H@1 0.428972	H@3 0.462591	H@5 0.481378	H@10 0.509064	H@20 0.539881	H@50 0.581411	H@100 0.612228
INFO:kbc-cli.py:Epoch 93/100	test results	MRR 0.460687	H@1 0.431398	H@3 0.469209	H@5 0.491225	H@10 0.522495	H@20 0.544831	H@50 0.584716	H@100 0.612157
INFO:kbc-cli.py:Epoch 94/100	Loss 2.4297 ± 0.1871
INFO:kbc-cli.py:Epoch 95/100	Loss 2.4275 ± 0.1826
INFO:kbc-cli.py:Epoch 96/100	Loss 2.4258 ± 0.1820
INFO:kbc-cli.py:Epoch 96/100	dev results	MRR 0.455892	H@1 0.428312	H@3 0.464074	H@5 0.481872	H@10 0.510712	H@20 0.540705	H@50 0.582564	H@100 0.611734
INFO:kbc-cli.py:Epoch 96/100	test results	MRR 0.460317	H@1 0.431078	H@3 0.468092	H@5 0.491704	H@10 0.522017	H@20 0.544831	H@50 0.584078	H@100 0.612157
INFO:kbc-cli.py:Epoch 97/100	Loss 2.4241 ± 0.1819
INFO:kbc-cli.py:Epoch 98/100	Loss 2.4222 ± 0.1866
INFO:kbc-cli.py:Epoch 99/100	Loss 2.4208 ± 0.1699
INFO:kbc-cli.py:Epoch 99/100	dev results	MRR 0.456190	H@1 0.429136	H@3 0.463909	H@5 0.481707	H@10 0.509558	H@20 0.539387	H@50 0.582894	H@100 0.612228
INFO:kbc-cli.py:Epoch 99/100	test results	MRR 0.460635	H@1 0.431078	H@3 0.469209	H@5 0.492023	H@10 0.521698	H@20 0.544831	H@50 0.585833	H@100 0.613114
INFO:kbc-cli.py:Epoch 100/100	Loss 2.4190 ± 0.1826
INFO:kbc-cli.py:Final 	dev results	MRR 0.456530	H@1 0.429796	H@3 0.464403	H@5 0.482696	H@10 0.510053	H@20 0.540046	H@50 0.582894	H@100 0.612558
INFO:kbc-cli.py:Final 	test results	MRR 0.460573	H@1 0.431078	H@3 0.469368	H@5 0.491066	H@10 0.521857	H@20 0.544352	H@50 0.584716	H@100 0.612955
INFO:kbc-cli.py:Training finished
