./bin/kbc-cli.py --train data/wn18rr/train.tsv --dev data/wn18rr/dev.tsv --test data/wn18rr/test.tsv -m complex -k 1000 -b 50 -e 100 --F2 0.005 --N3 0 -l 0.1 -I standard -V 3 -o adagrad -c so -q
{'F2': 0.005,
 'N3': 0.0,
 'batch_size': 50,
 'corruption': 'so',
 'dev': 'data/wn18rr/dev.tsv',
 'embedding_size': 1000,
 'epochs': 100,
 'eval_batch_size': None,
 'input_type': 'standard',
 'learning_rate': 0.1,
 'load': None,
 'model': 'complex',
 'optimizer': 'adagrad',
 'quiet': True,
 'save': None,
 'seed': 0,
 'test': 'data/wn18rr/test.tsv',
 'test_i': None,
 'test_ii': None,
 'train': 'data/wn18rr/train.tsv',
 'validate_every': 3}
INFO:kbc-cli.py:Device: cuda
INFO:kbc-cli.py:Model state:
INFO:kbc-cli.py:	entities.weight	torch.Size([40943, 2000])
INFO:kbc-cli.py:	predicates.weight	torch.Size([11, 2000])
INFO:kbc-cli.py:Epoch 1/100	Loss 19.9992 ± 1.4473
INFO:kbc-cli.py:Epoch 2/100	Loss 11.2478 ± 0.7520
INFO:kbc-cli.py:Epoch 3/100	Loss 6.5621 ± 0.4801
INFO:kbc-cli.py:Epoch 3/100	dev results	MRR 0.415683	H@1 0.387113	H@3 0.429301	H@5 0.444628	H@10 0.464403	H@20 0.487970	H@50 0.520435	H@100 0.550264
INFO:kbc-cli.py:Epoch 3/100	test results	MRR 0.421072	H@1 0.395182	H@3 0.431557	H@5 0.444799	H@10 0.467932	H@20 0.489151	H@50 0.523133	H@100 0.552967
INFO:kbc-cli.py:Epoch 4/100	Loss 5.7121 ± 0.3741
INFO:kbc-cli.py:Epoch 5/100	Loss 5.3378 ± 0.3574
INFO:kbc-cli.py:Epoch 6/100	Loss 5.1268 ± 0.3353
INFO:kbc-cli.py:Epoch 6/100	dev results	MRR 0.430680	H@1 0.405076	H@3 0.439519	H@5 0.453527	H@10 0.479071	H@20 0.506427	H@50 0.537739	H@100 0.568062
INFO:kbc-cli.py:Epoch 6/100	test results	MRR 0.433576	H@1 0.407307	H@3 0.442246	H@5 0.457881	H@10 0.483089	H@20 0.509732	H@50 0.545788	H@100 0.574186
INFO:kbc-cli.py:Epoch 7/100	Loss 4.9751 ± 0.3228
INFO:kbc-cli.py:Epoch 8/100	Loss 4.8599 ± 0.3252
INFO:kbc-cli.py:Epoch 9/100	Loss 4.7644 ± 0.3090
INFO:kbc-cli.py:Epoch 9/100	dev results	MRR 0.435926	H@1 0.409525	H@3 0.445122	H@5 0.460943	H@10 0.485498	H@20 0.512525	H@50 0.549604	H@100 0.577126
INFO:kbc-cli.py:Epoch 9/100	test results	MRR 0.439794	H@1 0.412572	H@3 0.449107	H@5 0.465699	H@10 0.492661	H@20 0.516752	H@50 0.554563	H@100 0.584397
INFO:kbc-cli.py:Epoch 10/100	Loss 4.6825 ± 0.3005
INFO:kbc-cli.py:Epoch 11/100	Loss 4.6127 ± 0.2957
INFO:kbc-cli.py:Epoch 12/100	Loss 4.5523 ± 0.2968
INFO:kbc-cli.py:Epoch 12/100	dev results	MRR 0.438449	H@1 0.411833	H@3 0.446770	H@5 0.462755	H@10 0.488629	H@20 0.516150	H@50 0.552406	H@100 0.580751
INFO:kbc-cli.py:Epoch 12/100	test results	MRR 0.443235	H@1 0.416879	H@3 0.450223	H@5 0.467773	H@10 0.495214	H@20 0.519145	H@50 0.558711	H@100 0.587588
INFO:kbc-cli.py:Epoch 13/100	Loss 4.4955 ± 0.2883
INFO:kbc-cli.py:Epoch 14/100	Loss 4.4444 ± 0.2895
INFO:kbc-cli.py:Epoch 15/100	Loss 4.3981 ± 0.2901
INFO:kbc-cli.py:Epoch 15/100	dev results	MRR 0.440429	H@1 0.412162	H@3 0.451879	H@5 0.466051	H@10 0.492584	H@20 0.519281	H@50 0.557515	H@100 0.583718
INFO:kbc-cli.py:Epoch 15/100	test results	MRR 0.445156	H@1 0.417039	H@3 0.455169	H@5 0.472399	H@10 0.498245	H@20 0.524410	H@50 0.563657	H@100 0.590938
INFO:kbc-cli.py:Epoch 16/100	Loss 4.3566 ± 0.2821
INFO:kbc-cli.py:Epoch 17/100	Loss 4.3160 ± 0.2790
INFO:kbc-cli.py:Epoch 18/100	Loss 4.2798 ± 0.2730
INFO:kbc-cli.py:Epoch 18/100	dev results	MRR 0.443222	H@1 0.414634	H@3 0.454351	H@5 0.470007	H@10 0.495386	H@20 0.524885	H@50 0.560152	H@100 0.587508
INFO:kbc-cli.py:Epoch 18/100	test results	MRR 0.448005	H@1 0.419113	H@3 0.457562	H@5 0.477983	H@10 0.504467	H@20 0.531749	H@50 0.569879	H@100 0.597479
INFO:kbc-cli.py:Epoch 19/100	Loss 4.2450 ± 0.2754
INFO:kbc-cli.py:Epoch 20/100	Loss 4.2131 ± 0.2683
INFO:kbc-cli.py:Epoch 21/100	Loss 4.1826 ± 0.2666
INFO:kbc-cli.py:Epoch 21/100	dev results	MRR 0.444139	H@1 0.415293	H@3 0.454186	H@5 0.469018	H@10 0.496210	H@20 0.526203	H@50 0.561800	H@100 0.589321
INFO:kbc-cli.py:Epoch 21/100	test results	MRR 0.449312	H@1 0.421506	H@3 0.456924	H@5 0.477983	H@10 0.505265	H@20 0.530951	H@50 0.570517	H@100 0.598437
INFO:kbc-cli.py:Epoch 22/100	Loss 4.1535 ± 0.2727
INFO:kbc-cli.py:Epoch 23/100	Loss 4.1256 ± 0.2665
INFO:kbc-cli.py:Epoch 24/100	Loss 4.1009 ± 0.2678
INFO:kbc-cli.py:Epoch 24/100	dev results	MRR 0.446431	H@1 0.418260	H@3 0.456987	H@5 0.472149	H@10 0.497528	H@20 0.528345	H@50 0.563448	H@100 0.590639
INFO:kbc-cli.py:Epoch 24/100	test results	MRR 0.450749	H@1 0.421825	H@3 0.458360	H@5 0.481493	H@10 0.505743	H@20 0.535099	H@50 0.571634	H@100 0.599394
INFO:kbc-cli.py:Epoch 25/100	Loss 4.0755 ± 0.2641
INFO:kbc-cli.py:Epoch 26/100	Loss 4.0518 ± 0.2655
INFO:kbc-cli.py:Epoch 27/100	Loss 4.0294 ± 0.2667
INFO:kbc-cli.py:Epoch 27/100	dev results	MRR 0.447147	H@1 0.418754	H@3 0.456823	H@5 0.473632	H@10 0.499835	H@20 0.529993	H@50 0.563118	H@100 0.593441
INFO:kbc-cli.py:Epoch 27/100	test results	MRR 0.452106	H@1 0.424059	H@3 0.458519	H@5 0.481174	H@10 0.507658	H@20 0.536216	H@50 0.573389	H@100 0.600989
INFO:kbc-cli.py:Epoch 28/100	Loss 4.0078 ± 0.2588
INFO:kbc-cli.py:Epoch 29/100	Loss 3.9874 ± 0.2627
INFO:kbc-cli.py:Epoch 30/100	Loss 3.9679 ± 0.2523
INFO:kbc-cli.py:Epoch 30/100	dev results	MRR 0.448887	H@1 0.421226	H@3 0.457976	H@5 0.475115	H@10 0.500824	H@20 0.531641	H@50 0.564931	H@100 0.595254
INFO:kbc-cli.py:Epoch 30/100	test results	MRR 0.452986	H@1 0.424697	H@3 0.460115	H@5 0.482610	H@10 0.509094	H@20 0.536535	H@50 0.574665	H@100 0.602265
INFO:kbc-cli.py:Epoch 31/100	Loss 3.9483 ± 0.2600
INFO:kbc-cli.py:Epoch 32/100	Loss 3.9301 ± 0.2561
INFO:kbc-cli.py:Epoch 33/100	Loss 3.9125 ± 0.2577
INFO:kbc-cli.py:Epoch 33/100	dev results	MRR 0.449577	H@1 0.422050	H@3 0.458635	H@5 0.476434	H@10 0.502472	H@20 0.530817	H@50 0.567238	H@100 0.595913
INFO:kbc-cli.py:Epoch 33/100	test results	MRR 0.453661	H@1 0.424856	H@3 0.461710	H@5 0.484205	H@10 0.510849	H@20 0.537971	H@50 0.575782	H@100 0.603223
INFO:kbc-cli.py:Epoch 34/100	Loss 3.8958 ± 0.2473
INFO:kbc-cli.py:Epoch 35/100	Loss 3.8794 ± 0.2581
INFO:kbc-cli.py:Epoch 36/100	Loss 3.8632 ± 0.2533
INFO:kbc-cli.py:Epoch 36/100	dev results	MRR 0.450143	H@1 0.422380	H@3 0.459789	H@5 0.477258	H@10 0.503626	H@20 0.531477	H@50 0.568721	H@100 0.596737
INFO:kbc-cli.py:Epoch 36/100	test results	MRR 0.454822	H@1 0.425814	H@3 0.462987	H@5 0.483727	H@10 0.511966	H@20 0.537971	H@50 0.577218	H@100 0.604499
INFO:kbc-cli.py:Epoch 37/100	Loss 3.8480 ± 0.2528
INFO:kbc-cli.py:Epoch 38/100	Loss 3.8329 ± 0.2569
INFO:kbc-cli.py:Epoch 39/100	Loss 3.8183 ± 0.2528
INFO:kbc-cli.py:Epoch 39/100	dev results	MRR 0.450855	H@1 0.423039	H@3 0.461107	H@5 0.478082	H@10 0.503461	H@20 0.532630	H@50 0.569380	H@100 0.598055
INFO:kbc-cli.py:Epoch 39/100	test results	MRR 0.454712	H@1 0.425335	H@3 0.462668	H@5 0.485003	H@10 0.513082	H@20 0.540683	H@50 0.578494	H@100 0.607371
INFO:kbc-cli.py:Epoch 40/100	Loss 3.8048 ± 0.2461
INFO:kbc-cli.py:Epoch 41/100	Loss 3.7913 ± 0.2461
INFO:kbc-cli.py:Epoch 42/100	Loss 3.7781 ± 0.2453
INFO:kbc-cli.py:Epoch 42/100	dev results	MRR 0.451232	H@1 0.423368	H@3 0.460778	H@5 0.478082	H@10 0.503790	H@20 0.532795	H@50 0.570534	H@100 0.598220
INFO:kbc-cli.py:Epoch 42/100	test results	MRR 0.456004	H@1 0.427090	H@3 0.462987	H@5 0.485003	H@10 0.512285	H@20 0.541481	H@50 0.578653	H@100 0.605616
INFO:kbc-cli.py:Epoch 43/100	Loss 3.7655 ± 0.2458
INFO:kbc-cli.py:Epoch 44/100	Loss 3.7529 ± 0.2421
INFO:kbc-cli.py:Epoch 45/100	Loss 3.7412 ± 0.2374
INFO:kbc-cli.py:Epoch 45/100	dev results	MRR 0.451787	H@1 0.424028	H@3 0.461107	H@5 0.478906	H@10 0.503131	H@20 0.531971	H@50 0.570204	H@100 0.599209
INFO:kbc-cli.py:Epoch 45/100	test results	MRR 0.455064	H@1 0.426452	H@3 0.462029	H@5 0.486120	H@10 0.511646	H@20 0.540842	H@50 0.579292	H@100 0.605935
INFO:kbc-cli.py:Epoch 46/100	Loss 3.7292 ± 0.2413
INFO:kbc-cli.py:Epoch 47/100	Loss 3.7178 ± 0.2449
INFO:kbc-cli.py:Epoch 48/100	Loss 3.7069 ± 0.2470
INFO:kbc-cli.py:Epoch 48/100	dev results	MRR 0.452413	H@1 0.424522	H@3 0.462426	H@5 0.479565	H@10 0.503626	H@20 0.534113	H@50 0.571028	H@100 0.598879
INFO:kbc-cli.py:Epoch 48/100	test results	MRR 0.455352	H@1 0.426292	H@3 0.462668	H@5 0.485960	H@10 0.513242	H@20 0.543395	H@50 0.579930	H@100 0.607052
INFO:kbc-cli.py:Epoch 49/100	Loss 3.6956 ± 0.2427
INFO:kbc-cli.py:Epoch 50/100	Loss 3.6851 ± 0.2390
INFO:kbc-cli.py:Epoch 51/100	Loss 3.6748 ± 0.2417
INFO:kbc-cli.py:Epoch 51/100	dev results	MRR 0.452421	H@1 0.424687	H@3 0.461602	H@5 0.480883	H@10 0.504779	H@20 0.535761	H@50 0.571358	H@100 0.599868
INFO:kbc-cli.py:Epoch 51/100	test results	MRR 0.456428	H@1 0.426771	H@3 0.464901	H@5 0.485482	H@10 0.514997	H@20 0.544352	H@50 0.581685	H@100 0.609285
INFO:kbc-cli.py:Epoch 52/100	Loss 3.6648 ± 0.2450
INFO:kbc-cli.py:Epoch 53/100	Loss 3.6548 ± 0.2364
INFO:kbc-cli.py:Epoch 54/100	Loss 3.6453 ± 0.2406
INFO:kbc-cli.py:Epoch 54/100	dev results	MRR 0.453363	H@1 0.425511	H@3 0.463250	H@5 0.480554	H@10 0.503790	H@20 0.536915	H@50 0.570864	H@100 0.600692
INFO:kbc-cli.py:Epoch 54/100	test results	MRR 0.456057	H@1 0.426771	H@3 0.464582	H@5 0.486439	H@10 0.513720	H@20 0.544193	H@50 0.581047	H@100 0.608328
INFO:kbc-cli.py:Epoch 55/100	Loss 3.6359 ± 0.2436
INFO:kbc-cli.py:Epoch 56/100	Loss 3.6267 ± 0.2343
INFO:kbc-cli.py:Epoch 57/100	Loss 3.6177 ± 0.2468
INFO:kbc-cli.py:Epoch 57/100	dev results	MRR 0.453314	H@1 0.425840	H@3 0.461767	H@5 0.480883	H@10 0.505438	H@20 0.535432	H@50 0.569875	H@100 0.601022
INFO:kbc-cli.py:Epoch 57/100	test results	MRR 0.456864	H@1 0.427409	H@3 0.464263	H@5 0.486918	H@10 0.516114	H@20 0.545788	H@50 0.580089	H@100 0.609126
INFO:kbc-cli.py:Epoch 58/100	Loss 3.6089 ± 0.2410
INFO:kbc-cli.py:Epoch 59/100	Loss 3.6003 ± 0.2428
INFO:kbc-cli.py:Epoch 60/100	Loss 3.5917 ± 0.2374
INFO:kbc-cli.py:Epoch 60/100	dev results	MRR 0.454238	H@1 0.426664	H@3 0.462591	H@5 0.481543	H@10 0.505109	H@20 0.536585	H@50 0.571358	H@100 0.602505
INFO:kbc-cli.py:Epoch 60/100	test results	MRR 0.457024	H@1 0.426930	H@3 0.466496	H@5 0.488513	H@10 0.514997	H@20 0.547224	H@50 0.581844	H@100 0.612157
INFO:kbc-cli.py:Epoch 61/100	Loss 3.5834 ± 0.2410
INFO:kbc-cli.py:Epoch 62/100	Loss 3.5752 ± 0.2397
INFO:kbc-cli.py:Epoch 63/100	Loss 3.5675 ± 0.2328
INFO:kbc-cli.py:Epoch 63/100	dev results	MRR 0.454064	H@1 0.426994	H@3 0.462426	H@5 0.480883	H@10 0.504450	H@20 0.535761	H@50 0.571193	H@100 0.600692
INFO:kbc-cli.py:Epoch 63/100	test results	MRR 0.456635	H@1 0.427250	H@3 0.465858	H@5 0.487396	H@10 0.514678	H@20 0.545150	H@50 0.579930	H@100 0.611200
INFO:kbc-cli.py:Epoch 64/100	Loss 3.5599 ± 0.2355
INFO:kbc-cli.py:Epoch 65/100	Loss 3.5519 ± 0.2394
INFO:kbc-cli.py:Epoch 66/100	Loss 3.5445 ± 0.2274
INFO:kbc-cli.py:Epoch 66/100	dev results	MRR 0.454386	H@1 0.426994	H@3 0.463085	H@5 0.481378	H@10 0.505274	H@20 0.536585	H@50 0.571028	H@100 0.600527
INFO:kbc-cli.py:Epoch 66/100	test results	MRR 0.457235	H@1 0.427250	H@3 0.467294	H@5 0.488194	H@10 0.515475	H@20 0.546905	H@50 0.581366	H@100 0.611359
INFO:kbc-cli.py:Epoch 67/100	Loss 3.5371 ± 0.2345
INFO:kbc-cli.py:Epoch 68/100	Loss 3.5300 ± 0.2417
INFO:kbc-cli.py:Epoch 69/100	Loss 3.5229 ± 0.2357
INFO:kbc-cli.py:Epoch 69/100	dev results	MRR 0.454776	H@1 0.427488	H@3 0.463415	H@5 0.481378	H@10 0.504944	H@20 0.536256	H@50 0.571193	H@100 0.599374
INFO:kbc-cli.py:Epoch 69/100	test results	MRR 0.457617	H@1 0.427888	H@3 0.466177	H@5 0.487715	H@10 0.515954	H@20 0.546905	H@50 0.582004	H@100 0.611838
INFO:kbc-cli.py:Epoch 70/100	Loss 3.5159 ± 0.2356
INFO:kbc-cli.py:Epoch 71/100	Loss 3.5090 ± 0.2332
INFO:kbc-cli.py:Epoch 72/100	Loss 3.5025 ± 0.2342
INFO:kbc-cli.py:Epoch 72/100	dev results	MRR 0.455034	H@1 0.427983	H@3 0.464074	H@5 0.481543	H@10 0.507746	H@20 0.536091	H@50 0.572017	H@100 0.600527
INFO:kbc-cli.py:Epoch 72/100	test results	MRR 0.457872	H@1 0.428526	H@3 0.465699	H@5 0.488992	H@10 0.517869	H@20 0.547064	H@50 0.581844	H@100 0.612476
INFO:kbc-cli.py:Epoch 73/100	Loss 3.4958 ± 0.2341
INFO:kbc-cli.py:Epoch 74/100	Loss 3.4891 ± 0.2345
INFO:kbc-cli.py:Epoch 75/100	Loss 3.4828 ± 0.2320
INFO:kbc-cli.py:Epoch 75/100	dev results	MRR 0.455197	H@1 0.427653	H@3 0.464733	H@5 0.481213	H@10 0.508075	H@20 0.537080	H@50 0.572182	H@100 0.600857
INFO:kbc-cli.py:Epoch 75/100	test results	MRR 0.458058	H@1 0.428207	H@3 0.466496	H@5 0.489311	H@10 0.517549	H@20 0.547384	H@50 0.582323	H@100 0.612795
INFO:kbc-cli.py:Epoch 76/100	Loss 3.4767 ± 0.2328
INFO:kbc-cli.py:Epoch 77/100	Loss 3.4704 ± 0.2291
INFO:kbc-cli.py:Epoch 78/100	Loss 3.4643 ± 0.2289
INFO:kbc-cli.py:Epoch 78/100	dev results	MRR 0.455134	H@1 0.427653	H@3 0.463909	H@5 0.481872	H@10 0.507416	H@20 0.536915	H@50 0.571523	H@100 0.600527
INFO:kbc-cli.py:Epoch 78/100	test results	MRR 0.457730	H@1 0.428047	H@3 0.466337	H@5 0.487875	H@10 0.518188	H@20 0.548500	H@50 0.582961	H@100 0.611678
INFO:kbc-cli.py:Epoch 79/100	Loss 3.4582 ± 0.2279
INFO:kbc-cli.py:Epoch 80/100	Loss 3.4526 ± 0.2308
INFO:kbc-cli.py:Epoch 81/100	Loss 3.4467 ± 0.2349
INFO:kbc-cli.py:Epoch 81/100	dev results	MRR 0.455164	H@1 0.427818	H@3 0.464568	H@5 0.482367	H@10 0.507581	H@20 0.537409	H@50 0.572017	H@100 0.600692
INFO:kbc-cli.py:Epoch 81/100	test results	MRR 0.458375	H@1 0.428366	H@3 0.467135	H@5 0.489949	H@10 0.518028	H@20 0.547862	H@50 0.582482	H@100 0.612955
INFO:kbc-cli.py:Epoch 82/100	Loss 3.4411 ± 0.2274
INFO:kbc-cli.py:Epoch 83/100	Loss 3.4354 ± 0.2249
INFO:kbc-cli.py:Epoch 84/100	Loss 3.4298 ± 0.2313
INFO:kbc-cli.py:Epoch 84/100	dev results	MRR 0.455548	H@1 0.428312	H@3 0.464403	H@5 0.482531	H@10 0.508734	H@20 0.537739	H@50 0.572347	H@100 0.601351
INFO:kbc-cli.py:Epoch 84/100	test results	MRR 0.458443	H@1 0.428526	H@3 0.468092	H@5 0.490747	H@10 0.518188	H@20 0.548341	H@50 0.582961	H@100 0.612795
INFO:kbc-cli.py:Epoch 85/100	Loss 3.4246 ± 0.2316
INFO:kbc-cli.py:Epoch 86/100	Loss 3.4192 ± 0.2299
INFO:kbc-cli.py:Epoch 87/100	Loss 3.4140 ± 0.2334
INFO:kbc-cli.py:Epoch 87/100	dev results	MRR 0.455622	H@1 0.428148	H@3 0.464074	H@5 0.482367	H@10 0.507910	H@20 0.537574	H@50 0.572182	H@100 0.600363
INFO:kbc-cli.py:Epoch 87/100	test results	MRR 0.458205	H@1 0.427728	H@3 0.468251	H@5 0.489311	H@10 0.518347	H@20 0.548500	H@50 0.583280	H@100 0.613114
INFO:kbc-cli.py:Epoch 88/100	Loss 3.4085 ± 0.2354
INFO:kbc-cli.py:Epoch 89/100	Loss 3.4036 ± 0.2288
INFO:kbc-cli.py:Epoch 90/100	Loss 3.3985 ± 0.2387
INFO:kbc-cli.py:Epoch 90/100	dev results	MRR 0.455425	H@1 0.427488	H@3 0.465722	H@5 0.482696	H@10 0.508734	H@20 0.538233	H@50 0.572512	H@100 0.602011
INFO:kbc-cli.py:Epoch 90/100	test results	MRR 0.458941	H@1 0.428845	H@3 0.468571	H@5 0.491225	H@10 0.519304	H@20 0.549458	H@50 0.582163	H@100 0.614710
INFO:kbc-cli.py:Epoch 91/100	Loss 3.3935 ± 0.2287
INFO:kbc-cli.py:Epoch 92/100	Loss 3.3886 ± 0.2303
INFO:kbc-cli.py:Epoch 93/100	Loss 3.3840 ± 0.2301
INFO:kbc-cli.py:Epoch 93/100	dev results	MRR 0.455706	H@1 0.427983	H@3 0.465063	H@5 0.482531	H@10 0.508405	H@20 0.538728	H@50 0.572841	H@100 0.601516
INFO:kbc-cli.py:Epoch 93/100	test results	MRR 0.458371	H@1 0.427888	H@3 0.468251	H@5 0.489789	H@10 0.519623	H@20 0.550096	H@50 0.582004	H@100 0.614550
INFO:kbc-cli.py:Epoch 94/100	Loss 3.3793 ± 0.2273
INFO:kbc-cli.py:Epoch 95/100	Loss 3.3743 ± 0.2282
INFO:kbc-cli.py:Epoch 96/100	Loss 3.3696 ± 0.2299
INFO:kbc-cli.py:Epoch 96/100	dev results	MRR 0.455469	H@1 0.427324	H@3 0.465887	H@5 0.483850	H@10 0.508075	H@20 0.537574	H@50 0.572841	H@100 0.601187
INFO:kbc-cli.py:Epoch 96/100	test results	MRR 0.458682	H@1 0.427888	H@3 0.468890	H@5 0.490268	H@10 0.520102	H@20 0.549458	H@50 0.582004	H@100 0.614710
INFO:kbc-cli.py:Epoch 97/100	Loss 3.3651 ± 0.2246
INFO:kbc-cli.py:Epoch 98/100	Loss 3.3606 ± 0.2281
INFO:kbc-cli.py:Epoch 99/100	Loss 3.3562 ± 0.2177
INFO:kbc-cli.py:Epoch 99/100	dev results	MRR 0.455222	H@1 0.427159	H@3 0.464403	H@5 0.482531	H@10 0.508240	H@20 0.537739	H@50 0.572512	H@100 0.600857
INFO:kbc-cli.py:Epoch 99/100	test results	MRR 0.458725	H@1 0.428047	H@3 0.468251	H@5 0.491225	H@10 0.519783	H@20 0.548979	H@50 0.582323	H@100 0.614869
INFO:kbc-cli.py:Epoch 100/100	Loss 3.3516 ± 0.2252
INFO:kbc-cli.py:Final 	dev results	MRR 0.455508	H@1 0.427653	H@3 0.465392	H@5 0.482696	H@10 0.508240	H@20 0.538398	H@50 0.572512	H@100 0.601022
INFO:kbc-cli.py:Final 	test results	MRR 0.458677	H@1 0.428526	H@3 0.467773	H@5 0.489949	H@10 0.519145	H@20 0.548979	H@50 0.582961	H@100 0.614231
INFO:kbc-cli.py:Training finished
