./bin/kbc-cli.py --train data/wn18rr/train.tsv --dev data/wn18rr/dev.tsv --test data/wn18rr/test.tsv -m complex -k 100 -b 100 -e 100 --F2 0 --N3 0.05 -l 0.1 -I standard -V 3 -o adagrad -c spo -q
{'F2': 0.0,
 'N3': 0.05,
 'batch_size': 100,
 'corruption': 'spo',
 'dev': 'data/wn18rr/dev.tsv',
 'embedding_size': 100,
 'epochs': 100,
 'eval_batch_size': None,
 'input_type': 'standard',
 'learning_rate': 0.1,
 'load': None,
 'model': 'complex',
 'optimizer': 'adagrad',
 'quiet': True,
 'save': None,
 'seed': 0,
 'test': 'data/wn18rr/test.tsv',
 'test_i': None,
 'test_ii': None,
 'train': 'data/wn18rr/train.tsv',
 'validate_every': 3}
INFO:kbc-cli.py:Device: cuda
INFO:kbc-cli.py:Model state:
INFO:kbc-cli.py:	entities.weight	torch.Size([40943, 200])
INFO:kbc-cli.py:	predicates.weight	torch.Size([11, 200])
INFO:kbc-cli.py:Epoch 1/100	Loss 22.7058 ± 0.8281
INFO:kbc-cli.py:Epoch 2/100	Loss 17.4724 ± 0.7411
INFO:kbc-cli.py:Epoch 3/100	Loss 12.0969 ± 0.4679
INFO:kbc-cli.py:Epoch 3/100	dev results	MRR 0.228355	H@1 0.103494	H@3 0.337179	H@5 0.386289	H@10 0.428312	H@20 0.456493	H@50 0.485333	H@100 0.507910
INFO:kbc-cli.py:Epoch 3/100	test results	MRR 0.230885	H@1 0.111838	H@3 0.330408	H@5 0.386567	H@10 0.425654	H@20 0.451978	H@50 0.484525	H@100 0.507179
INFO:kbc-cli.py:Epoch 4/100	Loss 9.1909 ± 0.4093
INFO:kbc-cli.py:Epoch 5/100	Loss 8.0024 ± 0.3584
INFO:kbc-cli.py:Epoch 6/100	Loss 7.4709 ± 0.3250
INFO:kbc-cli.py:Epoch 6/100	dev results	MRR 0.256528	H@1 0.113382	H@3 0.388761	H@5 0.428312	H@10 0.460448	H@20 0.484838	H@50 0.514997	H@100 0.538069
INFO:kbc-cli.py:Epoch 6/100	test results	MRR 0.255898	H@1 0.116784	H@3 0.383695	H@5 0.424218	H@10 0.455967	H@20 0.479738	H@50 0.510530	H@100 0.532546
INFO:kbc-cli.py:Epoch 7/100	Loss 7.1718 ± 0.3078
INFO:kbc-cli.py:Epoch 8/100	Loss 6.9744 ± 0.2931
INFO:kbc-cli.py:Epoch 9/100	Loss 6.8280 ± 0.2753
INFO:kbc-cli.py:Epoch 9/100	dev results	MRR 0.266340	H@1 0.117666	H@3 0.405735	H@5 0.438530	H@10 0.470007	H@20 0.491760	H@50 0.520929	H@100 0.543013
INFO:kbc-cli.py:Epoch 9/100	test results	MRR 0.265571	H@1 0.120772	H@3 0.402680	H@5 0.433631	H@10 0.462508	H@20 0.486599	H@50 0.517390	H@100 0.540842
INFO:kbc-cli.py:Epoch 10/100	Loss 6.7122 ± 0.2617
INFO:kbc-cli.py:Epoch 11/100	Loss 6.6174 ± 0.2550
INFO:kbc-cli.py:Epoch 12/100	Loss 6.5362 ± 0.2554
INFO:kbc-cli.py:Epoch 12/100	dev results	MRR 0.272392	H@1 0.123270	H@3 0.412821	H@5 0.442156	H@10 0.471819	H@20 0.494397	H@50 0.523237	H@100 0.546638
INFO:kbc-cli.py:Epoch 12/100	test results	MRR 0.272916	H@1 0.127951	H@3 0.407307	H@5 0.436822	H@10 0.465380	H@20 0.489151	H@50 0.521378	H@100 0.544352
INFO:kbc-cli.py:Epoch 13/100	Loss 6.4648 ± 0.2415
INFO:kbc-cli.py:Epoch 14/100	Loss 6.4012 ± 0.2449
INFO:kbc-cli.py:Epoch 15/100	Loss 6.3436 ± 0.2446
INFO:kbc-cli.py:Epoch 15/100	dev results	MRR 0.279595	H@1 0.130026	H@3 0.418095	H@5 0.447429	H@10 0.473797	H@20 0.496704	H@50 0.526203	H@100 0.548121
INFO:kbc-cli.py:Epoch 15/100	test results	MRR 0.281374	H@1 0.136726	H@3 0.414008	H@5 0.442246	H@10 0.468411	H@20 0.494097	H@50 0.522974	H@100 0.548181
INFO:kbc-cli.py:Epoch 16/100	Loss 6.2921 ± 0.2381
INFO:kbc-cli.py:Epoch 17/100	Loss 6.2432 ± 0.2262
INFO:kbc-cli.py:Epoch 18/100	Loss 6.1984 ± 0.2194
INFO:kbc-cli.py:Epoch 18/100	dev results	MRR 0.284751	H@1 0.136124	H@3 0.422874	H@5 0.449572	H@10 0.475939	H@20 0.496539	H@50 0.527686	H@100 0.552571
INFO:kbc-cli.py:Epoch 18/100	test results	MRR 0.287768	H@1 0.144225	H@3 0.420070	H@5 0.444799	H@10 0.470485	H@20 0.495214	H@50 0.523931	H@100 0.550574
INFO:kbc-cli.py:Epoch 19/100	Loss 6.1562 ± 0.2158
INFO:kbc-cli.py:Epoch 20/100	Loss 6.1169 ± 0.2075
INFO:kbc-cli.py:Epoch 21/100	Loss 6.0794 ± 0.2028
INFO:kbc-cli.py:Epoch 21/100	dev results	MRR 0.291530	H@1 0.145188	H@3 0.426664	H@5 0.450725	H@10 0.476269	H@20 0.498022	H@50 0.530323	H@100 0.554548
INFO:kbc-cli.py:Epoch 21/100	test results	MRR 0.294068	H@1 0.152999	H@3 0.422144	H@5 0.445756	H@10 0.471442	H@20 0.496809	H@50 0.527122	H@100 0.551532
INFO:kbc-cli.py:Epoch 22/100	Loss 6.0433 ± 0.2177
INFO:kbc-cli.py:Epoch 23/100	Loss 6.0084 ± 0.2132
INFO:kbc-cli.py:Epoch 24/100	Loss 5.9753 ± 0.2069
INFO:kbc-cli.py:Epoch 24/100	dev results	MRR 0.300505	H@1 0.159525	H@3 0.430455	H@5 0.452044	H@10 0.476763	H@20 0.498682	H@50 0.531806	H@100 0.554713
INFO:kbc-cli.py:Epoch 24/100	test results	MRR 0.299147	H@1 0.159700	H@3 0.425495	H@5 0.446554	H@10 0.472719	H@20 0.498086	H@50 0.529355	H@100 0.553606
INFO:kbc-cli.py:Epoch 25/100	Loss 5.9410 ± 0.2009
INFO:kbc-cli.py:Epoch 26/100	Loss 5.9077 ± 0.2089
INFO:kbc-cli.py:Epoch 27/100	Loss 5.8736 ± 0.2078
INFO:kbc-cli.py:Epoch 27/100	dev results	MRR 0.312197	H@1 0.178312	H@3 0.433256	H@5 0.453691	H@10 0.478082	H@20 0.501154	H@50 0.534443	H@100 0.556196
INFO:kbc-cli.py:Epoch 27/100	test results	MRR 0.310794	H@1 0.178526	H@3 0.428845	H@5 0.448947	H@10 0.475271	H@20 0.498405	H@50 0.531908	H@100 0.554403
INFO:kbc-cli.py:Epoch 28/100	Loss 5.8395 ± 0.2047
INFO:kbc-cli.py:Epoch 29/100	Loss 5.8057 ± 0.2084
INFO:kbc-cli.py:Epoch 30/100	Loss 5.7739 ± 0.1902
INFO:kbc-cli.py:Epoch 30/100	dev results	MRR 0.329922	H@1 0.210283	H@3 0.434904	H@5 0.455175	H@10 0.479400	H@20 0.501318	H@50 0.534443	H@100 0.557680
INFO:kbc-cli.py:Epoch 30/100	test results	MRR 0.327890	H@1 0.207881	H@3 0.433472	H@5 0.450862	H@10 0.476069	H@20 0.500160	H@50 0.531270	H@100 0.555201
INFO:kbc-cli.py:Epoch 31/100	Loss 5.7428 ± 0.2055
INFO:kbc-cli.py:Epoch 32/100	Loss 5.7136 ± 0.1971
INFO:kbc-cli.py:Epoch 33/100	Loss 5.6866 ± 0.1948
INFO:kbc-cli.py:Epoch 33/100	dev results	MRR 0.351176	H@1 0.250165	H@3 0.436388	H@5 0.456823	H@10 0.480554	H@20 0.503131	H@50 0.534773	H@100 0.558009
INFO:kbc-cli.py:Epoch 33/100	test results	MRR 0.349451	H@1 0.248086	H@3 0.435865	H@5 0.452297	H@10 0.477505	H@20 0.501595	H@50 0.532865	H@100 0.555041
INFO:kbc-cli.py:Epoch 34/100	Loss 5.6612 ± 0.1880
INFO:kbc-cli.py:Epoch 35/100	Loss 5.6382 ± 0.1997
INFO:kbc-cli.py:Epoch 36/100	Loss 5.6158 ± 0.1942
INFO:kbc-cli.py:Epoch 36/100	dev results	MRR 0.369233	H@1 0.284278	H@3 0.437871	H@5 0.458306	H@10 0.482367	H@20 0.503790	H@50 0.536750	H@100 0.559328
INFO:kbc-cli.py:Epoch 36/100	test results	MRR 0.365454	H@1 0.278239	H@3 0.436024	H@5 0.452297	H@10 0.478462	H@20 0.502234	H@50 0.532387	H@100 0.556637
INFO:kbc-cli.py:Epoch 37/100	Loss 5.5953 ± 0.1985
INFO:kbc-cli.py:Epoch 38/100	Loss 5.5761 ± 0.2042
INFO:kbc-cli.py:Epoch 39/100	Loss 5.5584 ± 0.1971
INFO:kbc-cli.py:Epoch 39/100	dev results	MRR 0.380365	H@1 0.304878	H@3 0.439354	H@5 0.459459	H@10 0.483850	H@20 0.504450	H@50 0.536091	H@100 0.559822
INFO:kbc-cli.py:Epoch 39/100	test results	MRR 0.377761	H@1 0.301532	H@3 0.436981	H@5 0.454850	H@10 0.479419	H@20 0.503350	H@50 0.533982	H@100 0.556956
INFO:kbc-cli.py:Epoch 40/100	Loss 5.5418 ± 0.1889
INFO:kbc-cli.py:Epoch 41/100	Loss 5.5258 ± 0.1906
INFO:kbc-cli.py:Epoch 42/100	Loss 5.5113 ± 0.1833
INFO:kbc-cli.py:Epoch 42/100	dev results	MRR 0.390585	H@1 0.323830	H@3 0.441661	H@5 0.459624	H@10 0.483685	H@20 0.505603	H@50 0.536091	H@100 0.561964
INFO:kbc-cli.py:Epoch 42/100	test results	MRR 0.388562	H@1 0.321953	H@3 0.437620	H@5 0.455807	H@10 0.480217	H@20 0.504786	H@50 0.533663	H@100 0.558073
INFO:kbc-cli.py:Epoch 43/100	Loss 5.4972 ± 0.1896
INFO:kbc-cli.py:Epoch 44/100	Loss 5.4835 ± 0.1850
INFO:kbc-cli.py:Epoch 45/100	Loss 5.4710 ± 0.1794
INFO:kbc-cli.py:Epoch 45/100	dev results	MRR 0.397912	H@1 0.337508	H@3 0.442320	H@5 0.460448	H@10 0.483685	H@20 0.506922	H@50 0.537409	H@100 0.563283
INFO:kbc-cli.py:Epoch 45/100	test results	MRR 0.394862	H@1 0.334237	H@3 0.437939	H@5 0.457243	H@10 0.477983	H@20 0.504786	H@50 0.535099	H@100 0.557594
INFO:kbc-cli.py:Epoch 46/100	Loss 5.4583 ± 0.1885
INFO:kbc-cli.py:Epoch 47/100	Loss 5.4474 ± 0.1916
INFO:kbc-cli.py:Epoch 48/100	Loss 5.4365 ± 0.1864
INFO:kbc-cli.py:Epoch 48/100	dev results	MRR 0.402598	H@1 0.345748	H@3 0.444133	H@5 0.461602	H@10 0.484509	H@20 0.508570	H@50 0.537245	H@100 0.563283
INFO:kbc-cli.py:Epoch 48/100	test results	MRR 0.401615	H@1 0.346841	H@3 0.438098	H@5 0.457403	H@10 0.480696	H@20 0.504946	H@50 0.535578	H@100 0.557594
INFO:kbc-cli.py:Epoch 49/100	Loss 5.4256 ± 0.1825
INFO:kbc-cli.py:Epoch 50/100	Loss 5.4152 ± 0.1828
INFO:kbc-cli.py:Epoch 51/100	Loss 5.4056 ± 0.1789
INFO:kbc-cli.py:Epoch 51/100	dev results	MRR 0.407979	H@1 0.355801	H@3 0.443804	H@5 0.462261	H@10 0.484179	H@20 0.508734	H@50 0.537245	H@100 0.564272
INFO:kbc-cli.py:Epoch 51/100	test results	MRR 0.406078	H@1 0.355456	H@3 0.438417	H@5 0.457562	H@10 0.480696	H@20 0.505105	H@50 0.536056	H@100 0.557913
INFO:kbc-cli.py:Epoch 52/100	Loss 5.3964 ± 0.1890
INFO:kbc-cli.py:Epoch 53/100	Loss 5.3872 ± 0.1866
INFO:kbc-cli.py:Epoch 54/100	Loss 5.3787 ± 0.1915
INFO:kbc-cli.py:Epoch 54/100	dev results	MRR 0.412754	H@1 0.364370	H@3 0.444628	H@5 0.463579	H@10 0.484344	H@20 0.509558	H@50 0.538728	H@100 0.566249
INFO:kbc-cli.py:Epoch 54/100	test results	MRR 0.410592	H@1 0.363912	H@3 0.438736	H@5 0.457403	H@10 0.481174	H@20 0.505265	H@50 0.537652	H@100 0.559190
INFO:kbc-cli.py:Epoch 55/100	Loss 5.3703 ± 0.1894
INFO:kbc-cli.py:Epoch 56/100	Loss 5.3620 ± 0.1770
INFO:kbc-cli.py:Epoch 57/100	Loss 5.3544 ± 0.1867
INFO:kbc-cli.py:Epoch 57/100	dev results	MRR 0.416067	H@1 0.370962	H@3 0.444298	H@5 0.463744	H@10 0.485168	H@20 0.510382	H@50 0.539222	H@100 0.566908
INFO:kbc-cli.py:Epoch 57/100	test results	MRR 0.413538	H@1 0.369336	H@3 0.439853	H@5 0.457403	H@10 0.482770	H@20 0.506063	H@50 0.537013	H@100 0.560147
INFO:kbc-cli.py:Epoch 58/100	Loss 5.3466 ± 0.1796
INFO:kbc-cli.py:Epoch 59/100	Loss 5.3395 ± 0.1871
INFO:kbc-cli.py:Epoch 60/100	Loss 5.3326 ± 0.1795
INFO:kbc-cli.py:Epoch 60/100	dev results	MRR 0.418649	H@1 0.375577	H@3 0.444628	H@5 0.463744	H@10 0.485168	H@20 0.511536	H@50 0.539717	H@100 0.567732
INFO:kbc-cli.py:Epoch 60/100	test results	MRR 0.415350	H@1 0.372368	H@3 0.440332	H@5 0.458360	H@10 0.482610	H@20 0.507339	H@50 0.537332	H@100 0.560944
INFO:kbc-cli.py:Epoch 61/100	Loss 5.3258 ± 0.1849
INFO:kbc-cli.py:Epoch 62/100	Loss 5.3187 ± 0.1803
INFO:kbc-cli.py:Epoch 63/100	Loss 5.3128 ± 0.1785
INFO:kbc-cli.py:Epoch 63/100	dev results	MRR 0.420932	H@1 0.379862	H@3 0.444957	H@5 0.463744	H@10 0.485333	H@20 0.511206	H@50 0.540211	H@100 0.568227
INFO:kbc-cli.py:Epoch 63/100	test results	MRR 0.417199	H@1 0.376197	H@3 0.440013	H@5 0.458998	H@10 0.483408	H@20 0.506541	H@50 0.537652	H@100 0.561264
INFO:kbc-cli.py:Epoch 64/100	Loss 5.3068 ± 0.1790
INFO:kbc-cli.py:Epoch 65/100	Loss 5.3004 ± 0.1841
INFO:kbc-cli.py:Epoch 66/100	Loss 5.2947 ± 0.1732
INFO:kbc-cli.py:Epoch 66/100	dev results	MRR 0.423113	H@1 0.384146	H@3 0.444463	H@5 0.464074	H@10 0.485827	H@20 0.512195	H@50 0.540046	H@100 0.568886
INFO:kbc-cli.py:Epoch 66/100	test results	MRR 0.419417	H@1 0.380185	H@3 0.440810	H@5 0.459158	H@10 0.483248	H@20 0.507658	H@50 0.537332	H@100 0.561902
INFO:kbc-cli.py:Epoch 67/100	Loss 5.2886 ± 0.1833
INFO:kbc-cli.py:Epoch 68/100	Loss 5.2834 ± 0.1835
INFO:kbc-cli.py:Epoch 69/100	Loss 5.2780 ± 0.1822
INFO:kbc-cli.py:Epoch 69/100	dev results	MRR 0.424162	H@1 0.385959	H@3 0.444792	H@5 0.464074	H@10 0.485992	H@20 0.512854	H@50 0.541694	H@100 0.569545
INFO:kbc-cli.py:Epoch 69/100	test results	MRR 0.420224	H@1 0.381621	H@3 0.441449	H@5 0.459158	H@10 0.484046	H@20 0.507658	H@50 0.537173	H@100 0.561742
INFO:kbc-cli.py:Epoch 70/100	Loss 5.2726 ± 0.1828
INFO:kbc-cli.py:Epoch 71/100	Loss 5.2676 ± 0.1822
INFO:kbc-cli.py:Epoch 72/100	Loss 5.2626 ± 0.1744
INFO:kbc-cli.py:Epoch 72/100	dev results	MRR 0.425717	H@1 0.388596	H@3 0.444628	H@5 0.464403	H@10 0.485992	H@20 0.513843	H@50 0.542683	H@100 0.569875
INFO:kbc-cli.py:Epoch 72/100	test results	MRR 0.422180	H@1 0.385131	H@3 0.442087	H@5 0.460115	H@10 0.483248	H@20 0.507977	H@50 0.537492	H@100 0.562380
INFO:kbc-cli.py:Epoch 73/100	Loss 5.2579 ± 0.1798
INFO:kbc-cli.py:Epoch 74/100	Loss 5.2527 ± 0.1773
INFO:kbc-cli.py:Epoch 75/100	Loss 5.2483 ± 0.1733
INFO:kbc-cli.py:Epoch 75/100	dev results	MRR 0.426851	H@1 0.390574	H@3 0.444957	H@5 0.465063	H@10 0.486816	H@20 0.513184	H@50 0.542848	H@100 0.570040
INFO:kbc-cli.py:Epoch 75/100	test results	MRR 0.423189	H@1 0.386726	H@3 0.443044	H@5 0.459955	H@10 0.485163	H@20 0.508934	H@50 0.537332	H@100 0.562540
INFO:kbc-cli.py:Epoch 76/100	Loss 5.2439 ± 0.1806
INFO:kbc-cli.py:Epoch 77/100	Loss 5.2398 ± 0.1728
INFO:kbc-cli.py:Epoch 78/100	Loss 5.2349 ± 0.1718
INFO:kbc-cli.py:Epoch 78/100	dev results	MRR 0.427793	H@1 0.392057	H@3 0.445616	H@5 0.464568	H@10 0.487310	H@20 0.513514	H@50 0.542683	H@100 0.571193
INFO:kbc-cli.py:Epoch 78/100	test results	MRR 0.424096	H@1 0.388322	H@3 0.443363	H@5 0.460115	H@10 0.485163	H@20 0.510370	H@50 0.538130	H@100 0.563497
INFO:kbc-cli.py:Epoch 79/100	Loss 5.2305 ± 0.1799
INFO:kbc-cli.py:Epoch 80/100	Loss 5.2269 ± 0.1764
INFO:kbc-cli.py:Epoch 81/100	Loss 5.2225 ± 0.1805
INFO:kbc-cli.py:Epoch 81/100	dev results	MRR 0.428767	H@1 0.393705	H@3 0.445452	H@5 0.465722	H@10 0.487475	H@20 0.512690	H@50 0.543177	H@100 0.571358
INFO:kbc-cli.py:Epoch 81/100	test results	MRR 0.424848	H@1 0.389598	H@3 0.444161	H@5 0.459477	H@10 0.486758	H@20 0.508775	H@50 0.538609	H@100 0.564295
INFO:kbc-cli.py:Epoch 82/100	Loss 5.2189 ± 0.1756
INFO:kbc-cli.py:Epoch 83/100	Loss 5.2148 ± 0.1774
INFO:kbc-cli.py:Epoch 84/100	Loss 5.2110 ± 0.1782
INFO:kbc-cli.py:Epoch 84/100	dev results	MRR 0.429393	H@1 0.394858	H@3 0.445946	H@5 0.464568	H@10 0.486816	H@20 0.512854	H@50 0.543672	H@100 0.572017
INFO:kbc-cli.py:Epoch 84/100	test results	MRR 0.425912	H@1 0.391353	H@3 0.444320	H@5 0.459636	H@10 0.486599	H@20 0.509572	H@50 0.539247	H@100 0.563497
INFO:kbc-cli.py:Epoch 85/100	Loss 5.2073 ± 0.1751
INFO:kbc-cli.py:Epoch 86/100	Loss 5.2039 ± 0.1728
INFO:kbc-cli.py:Epoch 87/100	Loss 5.2004 ± 0.1750
INFO:kbc-cli.py:Epoch 87/100	dev results	MRR 0.430238	H@1 0.396012	H@3 0.445781	H@5 0.466546	H@10 0.487146	H@20 0.512690	H@50 0.544496	H@100 0.572182
INFO:kbc-cli.py:Epoch 87/100	test results	MRR 0.426891	H@1 0.392948	H@3 0.444480	H@5 0.460753	H@10 0.486280	H@20 0.509732	H@50 0.539726	H@100 0.563816
INFO:kbc-cli.py:Epoch 88/100	Loss 5.1965 ± 0.1791
INFO:kbc-cli.py:Epoch 89/100	Loss 5.1933 ± 0.1737
INFO:kbc-cli.py:Epoch 90/100	Loss 5.1899 ± 0.1835
INFO:kbc-cli.py:Epoch 90/100	dev results	MRR 0.430621	H@1 0.396506	H@3 0.446440	H@5 0.466711	H@10 0.488794	H@20 0.513184	H@50 0.544331	H@100 0.573500
INFO:kbc-cli.py:Epoch 90/100	test results	MRR 0.427672	H@1 0.394065	H@3 0.444320	H@5 0.461710	H@10 0.487077	H@20 0.509732	H@50 0.540364	H@100 0.564454
INFO:kbc-cli.py:Epoch 91/100	Loss 5.1864 ± 0.1758
INFO:kbc-cli.py:Epoch 92/100	Loss 5.1837 ± 0.1780
INFO:kbc-cli.py:Epoch 93/100	Loss 5.1806 ± 0.1745
INFO:kbc-cli.py:Epoch 93/100	dev results	MRR 0.431950	H@1 0.398649	H@3 0.447759	H@5 0.466381	H@10 0.488299	H@20 0.513678	H@50 0.545155	H@100 0.573830
INFO:kbc-cli.py:Epoch 93/100	test results	MRR 0.427919	H@1 0.394544	H@3 0.445118	H@5 0.462189	H@10 0.486599	H@20 0.509253	H@50 0.539885	H@100 0.564933
INFO:kbc-cli.py:Epoch 94/100	Loss 5.1775 ± 0.1746
INFO:kbc-cli.py:Epoch 95/100	Loss 5.1741 ± 0.1742
INFO:kbc-cli.py:Epoch 96/100	Loss 5.1713 ± 0.1702
INFO:kbc-cli.py:Epoch 96/100	dev results	MRR 0.431502	H@1 0.397825	H@3 0.447264	H@5 0.466546	H@10 0.488794	H@20 0.513678	H@50 0.546473	H@100 0.573995
INFO:kbc-cli.py:Epoch 96/100	test results	MRR 0.428687	H@1 0.395820	H@3 0.444639	H@5 0.462029	H@10 0.487396	H@20 0.510051	H@50 0.540045	H@100 0.565252
INFO:kbc-cli.py:Epoch 97/100	Loss 5.1684 ± 0.1727
INFO:kbc-cli.py:Epoch 98/100	Loss 5.1652 ± 0.1762
INFO:kbc-cli.py:Epoch 99/100	Loss 5.1624 ± 0.1656
INFO:kbc-cli.py:Epoch 99/100	dev results	MRR 0.432884	H@1 0.400297	H@3 0.447594	H@5 0.467040	H@10 0.488464	H@20 0.514173	H@50 0.546473	H@100 0.574160
INFO:kbc-cli.py:Epoch 99/100	test results	MRR 0.428914	H@1 0.396299	H@3 0.444320	H@5 0.462987	H@10 0.487875	H@20 0.510530	H@50 0.540523	H@100 0.565571
INFO:kbc-cli.py:Epoch 100/100	Loss 5.1598 ± 0.1740
INFO:kbc-cli.py:Final 	dev results	MRR 0.433093	H@1 0.400626	H@3 0.447429	H@5 0.467535	H@10 0.488299	H@20 0.513843	H@50 0.546803	H@100 0.574819
INFO:kbc-cli.py:Final 	test results	MRR 0.429082	H@1 0.396299	H@3 0.444959	H@5 0.462827	H@10 0.487715	H@20 0.509732	H@50 0.540204	H@100 0.565571
INFO:kbc-cli.py:Training finished
