./bin/kbc-cli.py --train data/wn18rr/train.tsv --dev data/wn18rr/dev.tsv --test data/wn18rr/test.tsv -m complex -k 1000 -b 500 -e 100 --F2 0 --N3 0.005 -l 0.1 -I standard -V 3 -o adagrad -c so -q
{'F2': 0.0,
 'N3': 0.005,
 'batch_size': 500,
 'corruption': 'so',
 'dev': 'data/wn18rr/dev.tsv',
 'embedding_size': 1000,
 'epochs': 100,
 'eval_batch_size': None,
 'input_type': 'standard',
 'learning_rate': 0.1,
 'load': None,
 'model': 'complex',
 'optimizer': 'adagrad',
 'quiet': True,
 'save': None,
 'seed': 0,
 'test': 'data/wn18rr/test.tsv',
 'test_i': None,
 'test_ii': None,
 'train': 'data/wn18rr/train.tsv',
 'validate_every': 3}
INFO:kbc-cli.py:Device: cuda
INFO:kbc-cli.py:Model state:
INFO:kbc-cli.py:	entities.weight	torch.Size([40943, 2000])
INFO:kbc-cli.py:	predicates.weight	torch.Size([11, 2000])
INFO:kbc-cli.py:Epoch 1/100	Loss 18.9778 ± 1.5190
INFO:kbc-cli.py:Epoch 2/100	Loss 9.5530 ± 0.3065
INFO:kbc-cli.py:Epoch 3/100	Loss 5.1528 ± 0.3127
INFO:kbc-cli.py:Epoch 3/100	dev results	MRR 0.426599	H@1 0.404252	H@3 0.434575	H@5 0.446111	H@10 0.467864	H@20 0.490277	H@50 0.524061	H@100 0.551912
INFO:kbc-cli.py:Epoch 3/100	test results	MRR 0.429032	H@1 0.406190	H@3 0.435865	H@5 0.449904	H@10 0.471761	H@20 0.494576	H@50 0.528079	H@100 0.554244
INFO:kbc-cli.py:Epoch 4/100	Loss 4.3537 ± 0.2592
INFO:kbc-cli.py:Epoch 5/100	Loss 4.0148 ± 0.2548
INFO:kbc-cli.py:Epoch 6/100	Loss 3.8266 ± 0.2488
INFO:kbc-cli.py:Epoch 6/100	dev results	MRR 0.438755	H@1 0.416612	H@3 0.444957	H@5 0.460283	H@10 0.482037	H@20 0.502472	H@50 0.537904	H@100 0.568062
INFO:kbc-cli.py:Epoch 6/100	test results	MRR 0.439233	H@1 0.414805	H@3 0.445756	H@5 0.464263	H@10 0.486599	H@20 0.508296	H@50 0.545629	H@100 0.575941
INFO:kbc-cli.py:Epoch 7/100	Loss 3.6934 ± 0.2337
INFO:kbc-cli.py:Epoch 8/100	Loss 3.5967 ± 0.2393
INFO:kbc-cli.py:Epoch 9/100	Loss 3.5177 ± 0.2289
INFO:kbc-cli.py:Epoch 9/100	dev results	MRR 0.443292	H@1 0.419413	H@3 0.450725	H@5 0.464568	H@10 0.488794	H@20 0.510712	H@50 0.545979	H@100 0.576796
INFO:kbc-cli.py:Epoch 9/100	test results	MRR 0.446805	H@1 0.421666	H@3 0.454690	H@5 0.471442	H@10 0.492502	H@20 0.518666	H@50 0.557116	H@100 0.584876
INFO:kbc-cli.py:Epoch 10/100	Loss 3.4519 ± 0.2194
INFO:kbc-cli.py:Epoch 11/100	Loss 3.3977 ± 0.2184
INFO:kbc-cli.py:Epoch 12/100	Loss 3.3522 ± 0.2212
INFO:kbc-cli.py:Epoch 12/100	dev results	MRR 0.445530	H@1 0.421226	H@3 0.452703	H@5 0.469347	H@10 0.493078	H@20 0.515985	H@50 0.554713	H@100 0.583553
INFO:kbc-cli.py:Epoch 12/100	test results	MRR 0.449362	H@1 0.424059	H@3 0.456126	H@5 0.473835	H@10 0.497766	H@20 0.526165	H@50 0.562221	H@100 0.589981
INFO:kbc-cli.py:Epoch 13/100	Loss 3.3095 ± 0.2077
INFO:kbc-cli.py:Epoch 14/100	Loss 3.2728 ± 0.2136
INFO:kbc-cli.py:Epoch 15/100	Loss 3.2389 ± 0.2079
INFO:kbc-cli.py:Epoch 15/100	dev results	MRR 0.449114	H@1 0.425016	H@3 0.456658	H@5 0.472973	H@10 0.494726	H@20 0.520270	H@50 0.558174	H@100 0.588662
INFO:kbc-cli.py:Epoch 15/100	test results	MRR 0.451572	H@1 0.424378	H@3 0.459158	H@5 0.477505	H@10 0.501914	H@20 0.529036	H@50 0.567007	H@100 0.595724
INFO:kbc-cli.py:Epoch 16/100	Loss 3.2106 ± 0.2045
INFO:kbc-cli.py:Epoch 17/100	Loss 3.1824 ± 0.2028
INFO:kbc-cli.py:Epoch 18/100	Loss 3.1581 ± 0.1900
INFO:kbc-cli.py:Epoch 18/100	dev results	MRR 0.450291	H@1 0.424852	H@3 0.459295	H@5 0.475280	H@10 0.497363	H@20 0.523237	H@50 0.562459	H@100 0.592617
INFO:kbc-cli.py:Epoch 18/100	test results	MRR 0.452914	H@1 0.425335	H@3 0.460913	H@5 0.481493	H@10 0.504786	H@20 0.535258	H@50 0.571474	H@100 0.601149
INFO:kbc-cli.py:Epoch 19/100	Loss 3.1354 ± 0.1944
INFO:kbc-cli.py:Epoch 20/100	Loss 3.1146 ± 0.1914
INFO:kbc-cli.py:Epoch 21/100	Loss 3.0951 ± 0.1837
INFO:kbc-cli.py:Epoch 21/100	dev results	MRR 0.451457	H@1 0.425016	H@3 0.460613	H@5 0.478247	H@10 0.500330	H@20 0.525709	H@50 0.565425	H@100 0.595748
INFO:kbc-cli.py:Epoch 21/100	test results	MRR 0.455169	H@1 0.427728	H@3 0.463465	H@5 0.481812	H@10 0.508296	H@20 0.536216	H@50 0.572910	H@100 0.603542
INFO:kbc-cli.py:Epoch 22/100	Loss 3.0767 ± 0.1960
INFO:kbc-cli.py:Epoch 23/100	Loss 3.0589 ± 0.1840
INFO:kbc-cli.py:Epoch 24/100	Loss 3.0444 ± 0.1897
INFO:kbc-cli.py:Epoch 24/100	dev results	MRR 0.454422	H@1 0.428807	H@3 0.462755	H@5 0.480059	H@10 0.503461	H@20 0.527357	H@50 0.567073	H@100 0.597891
INFO:kbc-cli.py:Epoch 24/100	test results	MRR 0.456484	H@1 0.428366	H@3 0.465539	H@5 0.485322	H@10 0.511008	H@20 0.539885	H@50 0.576101	H@100 0.605935
INFO:kbc-cli.py:Epoch 25/100	Loss 3.0285 ± 0.1831
INFO:kbc-cli.py:Epoch 26/100	Loss 3.0140 ± 0.1825
INFO:kbc-cli.py:Epoch 27/100	Loss 3.0007 ± 0.1850
INFO:kbc-cli.py:Epoch 27/100	dev results	MRR 0.453912	H@1 0.427488	H@3 0.463085	H@5 0.481213	H@10 0.504285	H@20 0.530653	H@50 0.570204	H@100 0.600033
INFO:kbc-cli.py:Epoch 27/100	test results	MRR 0.456477	H@1 0.426771	H@3 0.466177	H@5 0.487396	H@10 0.512763	H@20 0.542278	H@50 0.579132	H@100 0.608488
INFO:kbc-cli.py:Epoch 28/100	Loss 2.9884 ± 0.1820
INFO:kbc-cli.py:Epoch 29/100	Loss 2.9764 ± 0.1828
INFO:kbc-cli.py:Epoch 30/100	Loss 2.9655 ± 0.1672
INFO:kbc-cli.py:Epoch 30/100	dev results	MRR 0.455562	H@1 0.429136	H@3 0.464568	H@5 0.481872	H@10 0.504944	H@20 0.531806	H@50 0.572347	H@100 0.602340
INFO:kbc-cli.py:Epoch 30/100	test results	MRR 0.458139	H@1 0.428845	H@3 0.466975	H@5 0.487077	H@10 0.515635	H@20 0.543714	H@50 0.580249	H@100 0.609604
INFO:kbc-cli.py:Epoch 31/100	Loss 2.9540 ± 0.1754
INFO:kbc-cli.py:Epoch 32/100	Loss 2.9438 ± 0.1780
INFO:kbc-cli.py:Epoch 33/100	Loss 2.9339 ± 0.1761
INFO:kbc-cli.py:Epoch 33/100	dev results	MRR 0.456432	H@1 0.430290	H@3 0.463415	H@5 0.482696	H@10 0.506427	H@20 0.534773	H@50 0.572512	H@100 0.603988
INFO:kbc-cli.py:Epoch 33/100	test results	MRR 0.458654	H@1 0.428526	H@3 0.468251	H@5 0.490906	H@10 0.516273	H@20 0.545948	H@50 0.583440	H@100 0.610721
INFO:kbc-cli.py:Epoch 34/100	Loss 2.9249 ± 0.1663
INFO:kbc-cli.py:Epoch 35/100	Loss 2.9157 ± 0.1707
INFO:kbc-cli.py:Epoch 36/100	Loss 2.9071 ± 0.1641
INFO:kbc-cli.py:Epoch 36/100	dev results	MRR 0.457473	H@1 0.430949	H@3 0.465227	H@5 0.484344	H@10 0.506922	H@20 0.536091	H@50 0.575148	H@100 0.604483
INFO:kbc-cli.py:Epoch 36/100	test results	MRR 0.459703	H@1 0.429643	H@3 0.468730	H@5 0.492821	H@10 0.518985	H@20 0.546426	H@50 0.584556	H@100 0.612795
INFO:kbc-cli.py:Epoch 37/100	Loss 2.8986 ± 0.1637
INFO:kbc-cli.py:Epoch 38/100	Loss 2.8910 ± 0.1723
INFO:kbc-cli.py:Epoch 39/100	Loss 2.8830 ± 0.1662
INFO:kbc-cli.py:Epoch 39/100	dev results	MRR 0.457727	H@1 0.430784	H@3 0.464568	H@5 0.485003	H@10 0.507910	H@20 0.538398	H@50 0.577126	H@100 0.605142
INFO:kbc-cli.py:Epoch 39/100	test results	MRR 0.460751	H@1 0.430600	H@3 0.469209	H@5 0.492980	H@10 0.520581	H@20 0.549936	H@50 0.585992	H@100 0.614231
INFO:kbc-cli.py:Epoch 40/100	Loss 2.8760 ± 0.1597
INFO:kbc-cli.py:Epoch 41/100	Loss 2.8691 ± 0.1637
INFO:kbc-cli.py:Epoch 42/100	Loss 2.8620 ± 0.1579
INFO:kbc-cli.py:Epoch 42/100	dev results	MRR 0.458425	H@1 0.431444	H@3 0.466216	H@5 0.484674	H@10 0.509229	H@20 0.538069	H@50 0.578444	H@100 0.608438
INFO:kbc-cli.py:Epoch 42/100	test results	MRR 0.461204	H@1 0.430281	H@3 0.470166	H@5 0.494416	H@10 0.521059	H@20 0.549138	H@50 0.586790	H@100 0.615188
INFO:kbc-cli.py:Epoch 43/100	Loss 2.8556 ± 0.1575
INFO:kbc-cli.py:Epoch 44/100	Loss 2.8494 ± 0.1588
INFO:kbc-cli.py:Epoch 45/100	Loss 2.8435 ± 0.1482
INFO:kbc-cli.py:Epoch 45/100	dev results	MRR 0.458632	H@1 0.431608	H@3 0.466875	H@5 0.485168	H@10 0.509723	H@20 0.539717	H@50 0.579433	H@100 0.608603
INFO:kbc-cli.py:Epoch 45/100	test results	MRR 0.461479	H@1 0.430600	H@3 0.471123	H@5 0.493937	H@10 0.521059	H@20 0.550415	H@50 0.587269	H@100 0.616465
INFO:kbc-cli.py:Epoch 46/100	Loss 2.8372 ± 0.1520
INFO:kbc-cli.py:Epoch 47/100	Loss 2.8316 ± 0.1602
INFO:kbc-cli.py:Epoch 48/100	Loss 2.8261 ± 0.1582
INFO:kbc-cli.py:Epoch 48/100	dev results	MRR 0.459320	H@1 0.431938	H@3 0.467205	H@5 0.486651	H@10 0.511371	H@20 0.539881	H@50 0.579927	H@100 0.609426
INFO:kbc-cli.py:Epoch 48/100	test results	MRR 0.462095	H@1 0.431238	H@3 0.471921	H@5 0.494097	H@10 0.522176	H@20 0.551691	H@50 0.588864	H@100 0.618379
INFO:kbc-cli.py:Epoch 49/100	Loss 2.8203 ± 0.1491
INFO:kbc-cli.py:Epoch 50/100	Loss 2.8153 ± 0.1595
INFO:kbc-cli.py:Epoch 51/100	Loss 2.8103 ± 0.1472
INFO:kbc-cli.py:Epoch 51/100	dev results	MRR 0.459837	H@1 0.431938	H@3 0.468523	H@5 0.487146	H@10 0.512360	H@20 0.542189	H@50 0.581575	H@100 0.608932
INFO:kbc-cli.py:Epoch 51/100	test results	MRR 0.462629	H@1 0.430919	H@3 0.472878	H@5 0.496650	H@10 0.522974	H@20 0.552808	H@50 0.589821	H@100 0.618698
INFO:kbc-cli.py:Epoch 52/100	Loss 2.8056 ± 0.1583
INFO:kbc-cli.py:Epoch 53/100	Loss 2.8005 ± 0.1488
INFO:kbc-cli.py:Epoch 54/100	Loss 2.7967 ± 0.1552
INFO:kbc-cli.py:Epoch 54/100	dev results	MRR 0.460883	H@1 0.433421	H@3 0.467864	H@5 0.487970	H@10 0.513514	H@20 0.543507	H@50 0.581740	H@100 0.609921
INFO:kbc-cli.py:Epoch 54/100	test results	MRR 0.462878	H@1 0.431238	H@3 0.473038	H@5 0.496969	H@10 0.523452	H@20 0.554084	H@50 0.589662	H@100 0.619496
INFO:kbc-cli.py:Epoch 55/100	Loss 2.7917 ± 0.1593
INFO:kbc-cli.py:Epoch 56/100	Loss 2.7873 ± 0.1479
INFO:kbc-cli.py:Epoch 57/100	Loss 2.7831 ± 0.1585
INFO:kbc-cli.py:Epoch 57/100	dev results	MRR 0.460954	H@1 0.433421	H@3 0.469512	H@5 0.488134	H@10 0.513514	H@20 0.544166	H@50 0.584707	H@100 0.611404
INFO:kbc-cli.py:Epoch 57/100	test results	MRR 0.462978	H@1 0.430440	H@3 0.474154	H@5 0.496490	H@10 0.523931	H@20 0.555041	H@50 0.590459	H@100 0.621091
INFO:kbc-cli.py:Epoch 58/100	Loss 2.7788 ± 0.1471
INFO:kbc-cli.py:Epoch 59/100	Loss 2.7750 ± 0.1488
INFO:kbc-cli.py:Epoch 60/100	Loss 2.7710 ± 0.1480
INFO:kbc-cli.py:Epoch 60/100	dev results	MRR 0.460911	H@1 0.432927	H@3 0.469018	H@5 0.488134	H@10 0.515162	H@20 0.544825	H@50 0.584871	H@100 0.611569
INFO:kbc-cli.py:Epoch 60/100	test results	MRR 0.463438	H@1 0.430919	H@3 0.474633	H@5 0.496969	H@10 0.525048	H@20 0.554403	H@50 0.592693	H@100 0.622049
INFO:kbc-cli.py:Epoch 61/100	Loss 2.7669 ± 0.1538
INFO:kbc-cli.py:Epoch 62/100	Loss 2.7633 ± 0.1444
INFO:kbc-cli.py:Epoch 63/100	Loss 2.7596 ± 0.1350
INFO:kbc-cli.py:Epoch 63/100	dev results	MRR 0.461873	H@1 0.433916	H@3 0.470501	H@5 0.488958	H@10 0.514667	H@20 0.544990	H@50 0.585201	H@100 0.612722
INFO:kbc-cli.py:Epoch 63/100	test results	MRR 0.463771	H@1 0.431238	H@3 0.474314	H@5 0.499202	H@10 0.524888	H@20 0.554882	H@50 0.592214	H@100 0.623165
INFO:kbc-cli.py:Epoch 64/100	Loss 2.7564 ± 0.1381
INFO:kbc-cli.py:Epoch 65/100	Loss 2.7525 ± 0.1414
INFO:kbc-cli.py:Epoch 66/100	Loss 2.7493 ± 0.1386
INFO:kbc-cli.py:Epoch 66/100	dev results	MRR 0.461549	H@1 0.433421	H@3 0.469677	H@5 0.490442	H@10 0.514338	H@20 0.546803	H@50 0.585860	H@100 0.613711
INFO:kbc-cli.py:Epoch 66/100	test results	MRR 0.465048	H@1 0.432833	H@3 0.476228	H@5 0.499681	H@10 0.525846	H@20 0.555839	H@50 0.593491	H@100 0.623165
INFO:kbc-cli.py:Epoch 67/100	Loss 2.7461 ± 0.1442
INFO:kbc-cli.py:Epoch 68/100	Loss 2.7426 ± 0.1434
INFO:kbc-cli.py:Epoch 69/100	Loss 2.7395 ± 0.1465
INFO:kbc-cli.py:Epoch 69/100	dev results	MRR 0.461180	H@1 0.432762	H@3 0.469842	H@5 0.489123	H@10 0.514338	H@20 0.546144	H@50 0.585860	H@100 0.614370
INFO:kbc-cli.py:Epoch 69/100	test results	MRR 0.463990	H@1 0.430600	H@3 0.476548	H@5 0.498405	H@10 0.526005	H@20 0.555839	H@50 0.593331	H@100 0.623644
INFO:kbc-cli.py:Epoch 70/100	Loss 2.7362 ± 0.1434
INFO:kbc-cli.py:Epoch 71/100	Loss 2.7332 ± 0.1382
INFO:kbc-cli.py:Epoch 72/100	Loss 2.7306 ± 0.1399
INFO:kbc-cli.py:Epoch 72/100	dev results	MRR 0.461817	H@1 0.433256	H@3 0.470831	H@5 0.490442	H@10 0.514997	H@20 0.547132	H@50 0.586519	H@100 0.615030
INFO:kbc-cli.py:Epoch 72/100	test results	MRR 0.465253	H@1 0.432355	H@3 0.477345	H@5 0.499362	H@10 0.526962	H@20 0.556796	H@50 0.594448	H@100 0.624442
INFO:kbc-cli.py:Epoch 73/100	Loss 2.7275 ± 0.1375
INFO:kbc-cli.py:Epoch 74/100	Loss 2.7245 ± 0.1371
INFO:kbc-cli.py:Epoch 75/100	Loss 2.7219 ± 0.1345
INFO:kbc-cli.py:Epoch 75/100	dev results	MRR 0.462278	H@1 0.433916	H@3 0.471325	H@5 0.490277	H@10 0.515821	H@20 0.548451	H@50 0.586849	H@100 0.615359
INFO:kbc-cli.py:Epoch 75/100	test results	MRR 0.465295	H@1 0.432355	H@3 0.477026	H@5 0.499681	H@10 0.526803	H@20 0.557275	H@50 0.595405	H@100 0.624761
INFO:kbc-cli.py:Epoch 76/100	Loss 2.7190 ± 0.1397
INFO:kbc-cli.py:Epoch 77/100	Loss 2.7165 ± 0.1356
INFO:kbc-cli.py:Epoch 78/100	Loss 2.7138 ± 0.1362
INFO:kbc-cli.py:Epoch 78/100	dev results	MRR 0.462253	H@1 0.433421	H@3 0.471490	H@5 0.490112	H@10 0.516150	H@20 0.547956	H@50 0.588827	H@100 0.617172
INFO:kbc-cli.py:Epoch 78/100	test results	MRR 0.465433	H@1 0.432036	H@3 0.477186	H@5 0.500957	H@10 0.528558	H@20 0.556796	H@50 0.595565	H@100 0.625558
INFO:kbc-cli.py:Epoch 79/100	Loss 2.7110 ± 0.1257
INFO:kbc-cli.py:Epoch 80/100	Loss 2.7083 ± 0.1335
INFO:kbc-cli.py:Epoch 81/100	Loss 2.7062 ± 0.1403
INFO:kbc-cli.py:Epoch 81/100	dev results	MRR 0.461962	H@1 0.432927	H@3 0.471325	H@5 0.490442	H@10 0.516645	H@20 0.548121	H@50 0.588332	H@100 0.617502
INFO:kbc-cli.py:Epoch 81/100	test results	MRR 0.465606	H@1 0.432036	H@3 0.478462	H@5 0.500160	H@10 0.528717	H@20 0.557913	H@50 0.596362	H@100 0.625239
INFO:kbc-cli.py:Epoch 82/100	Loss 2.7040 ± 0.1322
INFO:kbc-cli.py:Epoch 83/100	Loss 2.7016 ± 0.1304
INFO:kbc-cli.py:Epoch 84/100	Loss 2.6990 ± 0.1369
INFO:kbc-cli.py:Epoch 84/100	dev results	MRR 0.462781	H@1 0.434080	H@3 0.471984	H@5 0.491430	H@10 0.515821	H@20 0.548780	H@50 0.589156	H@100 0.618655
INFO:kbc-cli.py:Epoch 84/100	test results	MRR 0.466481	H@1 0.433791	H@3 0.477824	H@5 0.500000	H@10 0.528717	H@20 0.558232	H@50 0.596682	H@100 0.626835
INFO:kbc-cli.py:Epoch 85/100	Loss 2.6968 ± 0.1368
INFO:kbc-cli.py:Epoch 86/100	Loss 2.6947 ± 0.1337
INFO:kbc-cli.py:Epoch 87/100	Loss 2.6924 ± 0.1289
INFO:kbc-cli.py:Epoch 87/100	dev results	MRR 0.462375	H@1 0.433256	H@3 0.471819	H@5 0.492090	H@10 0.515656	H@20 0.548780	H@50 0.589486	H@100 0.619479
INFO:kbc-cli.py:Epoch 87/100	test results	MRR 0.466265	H@1 0.432674	H@3 0.478622	H@5 0.501276	H@10 0.530313	H@20 0.558711	H@50 0.596682	H@100 0.627951
INFO:kbc-cli.py:Epoch 88/100	Loss 2.6899 ± 0.1278
INFO:kbc-cli.py:Epoch 89/100	Loss 2.6881 ± 0.1245
INFO:kbc-cli.py:Epoch 90/100	Loss 2.6860 ± 0.1419
INFO:kbc-cli.py:Epoch 90/100	dev results	MRR 0.462919	H@1 0.433916	H@3 0.471819	H@5 0.490936	H@10 0.518128	H@20 0.547627	H@50 0.591628	H@100 0.619314
INFO:kbc-cli.py:Epoch 90/100	test results	MRR 0.466489	H@1 0.432993	H@3 0.479260	H@5 0.501595	H@10 0.531749	H@20 0.558551	H@50 0.598596	H@100 0.627951
INFO:kbc-cli.py:Epoch 91/100	Loss 2.6836 ± 0.1277
INFO:kbc-cli.py:Epoch 92/100	Loss 2.6819 ± 0.1338
INFO:kbc-cli.py:Epoch 93/100	Loss 2.6800 ± 0.1305
INFO:kbc-cli.py:Epoch 93/100	dev results	MRR 0.462931	H@1 0.433916	H@3 0.472808	H@5 0.491266	H@10 0.517633	H@20 0.549110	H@50 0.590804	H@100 0.619314
INFO:kbc-cli.py:Epoch 93/100	test results	MRR 0.466168	H@1 0.432514	H@3 0.478941	H@5 0.503031	H@10 0.531429	H@20 0.559509	H@50 0.597958	H@100 0.628909
INFO:kbc-cli.py:Epoch 94/100	Loss 2.6784 ± 0.1295
INFO:kbc-cli.py:Epoch 95/100	Loss 2.6761 ± 0.1282
INFO:kbc-cli.py:Epoch 96/100	Loss 2.6740 ± 0.1280
INFO:kbc-cli.py:Epoch 96/100	dev results	MRR 0.462787	H@1 0.433092	H@3 0.471984	H@5 0.492090	H@10 0.518787	H@20 0.548945	H@50 0.590639	H@100 0.619479
INFO:kbc-cli.py:Epoch 96/100	test results	MRR 0.466293	H@1 0.432514	H@3 0.477983	H@5 0.502234	H@10 0.532546	H@20 0.559190	H@50 0.598437	H@100 0.629547
INFO:kbc-cli.py:Epoch 97/100	Loss 2.6723 ± 0.1276
INFO:kbc-cli.py:Epoch 98/100	Loss 2.6704 ± 0.1360
INFO:kbc-cli.py:Epoch 99/100	Loss 2.6686 ± 0.1163
INFO:kbc-cli.py:Epoch 99/100	dev results	MRR 0.463636	H@1 0.434410	H@3 0.472643	H@5 0.491760	H@10 0.517633	H@20 0.548780	H@50 0.591793	H@100 0.621457
INFO:kbc-cli.py:Epoch 99/100	test results	MRR 0.466688	H@1 0.432833	H@3 0.479579	H@5 0.502712	H@10 0.531908	H@20 0.559349	H@50 0.598596	H@100 0.629228
INFO:kbc-cli.py:Epoch 100/100	Loss 2.6668 ± 0.1333
INFO:kbc-cli.py:Final 	dev results	MRR 0.463444	H@1 0.434245	H@3 0.472643	H@5 0.491430	H@10 0.517469	H@20 0.550099	H@50 0.591958	H@100 0.621292
INFO:kbc-cli.py:Final 	test results	MRR 0.466685	H@1 0.432674	H@3 0.479579	H@5 0.503669	H@10 0.531908	H@20 0.559190	H@50 0.599553	H@100 0.629387
INFO:kbc-cli.py:Training finished
