./bin/kbc-cli.py --train data/wn18rr/train.tsv --dev data/wn18rr/dev.tsv --test data/wn18rr/test.tsv -m complex -k 200 -b 50 -e 100 --F2 0 --N3 0.01 -l 0.1 -I standard -V 3 -o adagrad -c spo -q
{'F2': 0.0,
 'N3': 0.01,
 'batch_size': 50,
 'corruption': 'spo',
 'dev': 'data/wn18rr/dev.tsv',
 'embedding_size': 200,
 'epochs': 100,
 'eval_batch_size': None,
 'input_type': 'standard',
 'learning_rate': 0.1,
 'load': None,
 'model': 'complex',
 'optimizer': 'adagrad',
 'quiet': True,
 'save': None,
 'seed': 0,
 'test': 'data/wn18rr/test.tsv',
 'test_i': None,
 'test_ii': None,
 'train': 'data/wn18rr/train.tsv',
 'validate_every': 3}
INFO:kbc-cli.py:Device: cuda
INFO:kbc-cli.py:Model state:
INFO:kbc-cli.py:	entities.weight	torch.Size([40943, 400])
INFO:kbc-cli.py:	predicates.weight	torch.Size([11, 400])
INFO:kbc-cli.py:Epoch 1/100	Loss 22.1006 ± 1.3139
INFO:kbc-cli.py:Epoch 2/100	Loss 12.8356 ± 0.8558
INFO:kbc-cli.py:Epoch 3/100	Loss 7.0787 ± 0.5354
INFO:kbc-cli.py:Epoch 3/100	dev results	MRR 0.238774	H@1 0.078279	H@3 0.388926	H@5 0.435728	H@10 0.471819	H@20 0.495880	H@50 0.526203	H@100 0.550758
INFO:kbc-cli.py:Epoch 3/100	test results	MRR 0.242477	H@1 0.088864	H@3 0.380026	H@5 0.434269	H@10 0.472399	H@20 0.496011	H@50 0.527122	H@100 0.546267
INFO:kbc-cli.py:Epoch 4/100	Loss 5.4992 ± 0.4312
INFO:kbc-cli.py:Epoch 5/100	Loss 4.7184 ± 0.3812
INFO:kbc-cli.py:Epoch 6/100	Loss 4.2095 ± 0.3570
INFO:kbc-cli.py:Epoch 6/100	dev results	MRR 0.325440	H@1 0.199572	H@3 0.438200	H@5 0.455175	H@10 0.478906	H@20 0.505109	H@50 0.539552	H@100 0.561800
INFO:kbc-cli.py:Epoch 6/100	test results	MRR 0.325722	H@1 0.202776	H@3 0.431557	H@5 0.455648	H@10 0.484205	H@20 0.509732	H@50 0.537492	H@100 0.558392
INFO:kbc-cli.py:Epoch 7/100	Loss 3.9216 ± 0.3487
INFO:kbc-cli.py:Epoch 8/100	Loss 3.7486 ± 0.3480
INFO:kbc-cli.py:Epoch 9/100	Loss 3.6322 ± 0.3304
INFO:kbc-cli.py:Epoch 9/100	dev results	MRR 0.409922	H@1 0.360250	H@3 0.443968	H@5 0.459130	H@10 0.482202	H@20 0.508570	H@50 0.541365	H@100 0.562953
INFO:kbc-cli.py:Epoch 9/100	test results	MRR 0.410566	H@1 0.362636	H@3 0.440332	H@5 0.461232	H@10 0.487715	H@20 0.512763	H@50 0.542597	H@100 0.559509
INFO:kbc-cli.py:Epoch 10/100	Loss 3.5462 ± 0.3168
INFO:kbc-cli.py:Epoch 11/100	Loss 3.4817 ± 0.3150
INFO:kbc-cli.py:Epoch 12/100	Loss 3.4304 ± 0.3181
INFO:kbc-cli.py:Epoch 12/100	dev results	MRR 0.429244	H@1 0.397165	H@3 0.445452	H@5 0.458800	H@10 0.484838	H@20 0.510712	H@50 0.543837	H@100 0.566084
INFO:kbc-cli.py:Epoch 12/100	test results	MRR 0.428497	H@1 0.396777	H@3 0.442246	H@5 0.463146	H@10 0.488673	H@20 0.516433	H@50 0.544831	H@100 0.562540
INFO:kbc-cli.py:Epoch 13/100	Loss 3.3872 ± 0.3061
INFO:kbc-cli.py:Epoch 14/100	Loss 3.3516 ± 0.3065
INFO:kbc-cli.py:Epoch 15/100	Loss 3.3205 ± 0.3105
INFO:kbc-cli.py:Epoch 15/100	dev results	MRR 0.433275	H@1 0.403922	H@3 0.446935	H@5 0.463250	H@10 0.488464	H@20 0.511371	H@50 0.543672	H@100 0.568062
INFO:kbc-cli.py:Epoch 15/100	test results	MRR 0.432467	H@1 0.403159	H@3 0.443044	H@5 0.465539	H@10 0.491225	H@20 0.517230	H@50 0.545948	H@100 0.564614
INFO:kbc-cli.py:Epoch 16/100	Loss 3.2947 ± 0.2984
INFO:kbc-cli.py:Epoch 17/100	Loss 3.2711 ± 0.2957
INFO:kbc-cli.py:Epoch 18/100	Loss 3.2505 ± 0.2901
INFO:kbc-cli.py:Epoch 18/100	dev results	MRR 0.433916	H@1 0.405405	H@3 0.445781	H@5 0.463085	H@10 0.488134	H@20 0.513843	H@50 0.546968	H@100 0.570369
INFO:kbc-cli.py:Epoch 18/100	test results	MRR 0.432526	H@1 0.402999	H@3 0.442725	H@5 0.465220	H@10 0.490906	H@20 0.517390	H@50 0.548979	H@100 0.567326
INFO:kbc-cli.py:Epoch 19/100	Loss 3.2318 ± 0.2857
INFO:kbc-cli.py:Epoch 20/100	Loss 3.2154 ± 0.2820
INFO:kbc-cli.py:Epoch 21/100	Loss 3.2002 ± 0.2800
INFO:kbc-cli.py:Epoch 21/100	dev results	MRR 0.434630	H@1 0.405405	H@3 0.449077	H@5 0.464403	H@10 0.488629	H@20 0.513514	H@50 0.546968	H@100 0.571523
INFO:kbc-cli.py:Epoch 21/100	test results	MRR 0.433990	H@1 0.404914	H@3 0.444161	H@5 0.466656	H@10 0.491863	H@20 0.518507	H@50 0.548979	H@100 0.569241
INFO:kbc-cli.py:Epoch 22/100	Loss 3.1860 ± 0.2887
INFO:kbc-cli.py:Epoch 23/100	Loss 3.1729 ± 0.2822
INFO:kbc-cli.py:Epoch 24/100	Loss 3.1616 ± 0.2812
INFO:kbc-cli.py:Epoch 24/100	dev results	MRR 0.435407	H@1 0.406229	H@3 0.450396	H@5 0.464733	H@10 0.490277	H@20 0.514832	H@50 0.548780	H@100 0.571688
INFO:kbc-cli.py:Epoch 24/100	test results	MRR 0.434599	H@1 0.405392	H@3 0.444959	H@5 0.466177	H@10 0.492502	H@20 0.518826	H@50 0.548660	H@100 0.570517
INFO:kbc-cli.py:Epoch 25/100	Loss 3.1503 ± 0.2775
INFO:kbc-cli.py:Epoch 26/100	Loss 3.1400 ± 0.2805
INFO:kbc-cli.py:Epoch 27/100	Loss 3.1304 ± 0.2807
INFO:kbc-cli.py:Epoch 27/100	dev results	MRR 0.435477	H@1 0.406229	H@3 0.449901	H@5 0.464898	H@10 0.489453	H@20 0.515821	H@50 0.550428	H@100 0.573830
INFO:kbc-cli.py:Epoch 27/100	test results	MRR 0.434373	H@1 0.404754	H@3 0.445916	H@5 0.466018	H@10 0.493140	H@20 0.520421	H@50 0.550415	H@100 0.572591
INFO:kbc-cli.py:Epoch 28/100	Loss 3.1213 ± 0.2707
INFO:kbc-cli.py:Epoch 29/100	Loss 3.1128 ± 0.2757
INFO:kbc-cli.py:Epoch 30/100	Loss 3.1053 ± 0.2658
INFO:kbc-cli.py:Epoch 30/100	dev results	MRR 0.435958	H@1 0.406394	H@3 0.450560	H@5 0.465557	H@10 0.491760	H@20 0.515326	H@50 0.550593	H@100 0.574489
INFO:kbc-cli.py:Epoch 30/100	test results	MRR 0.434916	H@1 0.405392	H@3 0.445437	H@5 0.466656	H@10 0.493299	H@20 0.521219	H@50 0.550574	H@100 0.572112
INFO:kbc-cli.py:Epoch 31/100	Loss 3.0974 ± 0.2752
INFO:kbc-cli.py:Epoch 32/100	Loss 3.0900 ± 0.2713
INFO:kbc-cli.py:Epoch 33/100	Loss 3.0833 ± 0.2705
INFO:kbc-cli.py:Epoch 33/100	dev results	MRR 0.435947	H@1 0.406559	H@3 0.450231	H@5 0.466216	H@10 0.490771	H@20 0.516645	H@50 0.552406	H@100 0.575478
INFO:kbc-cli.py:Epoch 33/100	test results	MRR 0.434803	H@1 0.404754	H@3 0.445756	H@5 0.466496	H@10 0.494895	H@20 0.521857	H@50 0.552967	H@100 0.572591
INFO:kbc-cli.py:Epoch 34/100	Loss 3.0769 ± 0.2622
INFO:kbc-cli.py:Epoch 35/100	Loss 3.0708 ± 0.2735
INFO:kbc-cli.py:Epoch 36/100	Loss 3.0646 ± 0.2683
INFO:kbc-cli.py:Epoch 36/100	dev results	MRR 0.436097	H@1 0.406065	H@3 0.450890	H@5 0.467040	H@10 0.492419	H@20 0.516974	H@50 0.551912	H@100 0.576467
INFO:kbc-cli.py:Epoch 36/100	test results	MRR 0.435256	H@1 0.405392	H@3 0.445278	H@5 0.466177	H@10 0.496011	H@20 0.522336	H@50 0.553287	H@100 0.572910
INFO:kbc-cli.py:Epoch 37/100	Loss 3.0589 ± 0.2644
INFO:kbc-cli.py:Epoch 38/100	Loss 3.0534 ± 0.2709
INFO:kbc-cli.py:Epoch 39/100	Loss 3.0482 ± 0.2657
INFO:kbc-cli.py:Epoch 39/100	dev results	MRR 0.436438	H@1 0.406229	H@3 0.451879	H@5 0.466875	H@10 0.493408	H@20 0.517798	H@50 0.552241	H@100 0.576796
INFO:kbc-cli.py:Epoch 39/100	test results	MRR 0.435395	H@1 0.405392	H@3 0.446235	H@5 0.466496	H@10 0.495373	H@20 0.523293	H@50 0.554084	H@100 0.574027
INFO:kbc-cli.py:Epoch 40/100	Loss 3.0432 ± 0.2613
INFO:kbc-cli.py:Epoch 41/100	Loss 3.0384 ± 0.2591
INFO:kbc-cli.py:Epoch 42/100	Loss 3.0339 ± 0.2593
INFO:kbc-cli.py:Epoch 42/100	dev results	MRR 0.436304	H@1 0.405900	H@3 0.451714	H@5 0.467535	H@10 0.492749	H@20 0.516645	H@50 0.551417	H@100 0.576796
INFO:kbc-cli.py:Epoch 42/100	test results	MRR 0.435191	H@1 0.404595	H@3 0.446554	H@5 0.465699	H@10 0.495373	H@20 0.524729	H@50 0.554882	H@100 0.574186
INFO:kbc-cli.py:Epoch 43/100	Loss 3.0293 ± 0.2584
INFO:kbc-cli.py:Epoch 44/100	Loss 3.0248 ± 0.2552
INFO:kbc-cli.py:Epoch 45/100	Loss 3.0208 ± 0.2516
INFO:kbc-cli.py:Epoch 45/100	dev results	MRR 0.436415	H@1 0.405900	H@3 0.452868	H@5 0.467370	H@10 0.494562	H@20 0.516974	H@50 0.552406	H@100 0.577456
INFO:kbc-cli.py:Epoch 45/100	test results	MRR 0.434902	H@1 0.404276	H@3 0.446713	H@5 0.466177	H@10 0.496809	H@20 0.524569	H@50 0.555680	H@100 0.574665
INFO:kbc-cli.py:Epoch 46/100	Loss 3.0166 ± 0.2546
INFO:kbc-cli.py:Epoch 47/100	Loss 3.0128 ± 0.2587
INFO:kbc-cli.py:Epoch 48/100	Loss 3.0091 ± 0.2591
INFO:kbc-cli.py:Epoch 48/100	dev results	MRR 0.437115	H@1 0.406889	H@3 0.452703	H@5 0.468688	H@10 0.494562	H@20 0.518622	H@50 0.552406	H@100 0.577291
INFO:kbc-cli.py:Epoch 48/100	test results	MRR 0.435051	H@1 0.404276	H@3 0.446235	H@5 0.466816	H@10 0.496809	H@20 0.524729	H@50 0.555839	H@100 0.575463
INFO:kbc-cli.py:Epoch 49/100	Loss 3.0052 ± 0.2572
INFO:kbc-cli.py:Epoch 50/100	Loss 3.0016 ± 0.2503
INFO:kbc-cli.py:Epoch 51/100	Loss 2.9983 ± 0.2555
INFO:kbc-cli.py:Epoch 51/100	dev results	MRR 0.436984	H@1 0.406394	H@3 0.452044	H@5 0.469183	H@10 0.494232	H@20 0.517633	H@50 0.553230	H@100 0.577950
INFO:kbc-cli.py:Epoch 51/100	test results	MRR 0.435828	H@1 0.405073	H@3 0.447192	H@5 0.467773	H@10 0.497447	H@20 0.525048	H@50 0.556637	H@100 0.575144
INFO:kbc-cli.py:Epoch 52/100	Loss 2.9948 ± 0.2578
INFO:kbc-cli.py:Epoch 53/100	Loss 2.9916 ± 0.2504
INFO:kbc-cli.py:Epoch 54/100	Loss 2.9884 ± 0.2541
INFO:kbc-cli.py:Epoch 54/100	dev results	MRR 0.437418	H@1 0.406889	H@3 0.452538	H@5 0.469677	H@10 0.494562	H@20 0.518622	H@50 0.554054	H@100 0.578609
INFO:kbc-cli.py:Epoch 54/100	test results	MRR 0.435916	H@1 0.405392	H@3 0.447033	H@5 0.467773	H@10 0.497128	H@20 0.525207	H@50 0.556796	H@100 0.575463
INFO:kbc-cli.py:Epoch 55/100	Loss 2.9854 ± 0.2585
INFO:kbc-cli.py:Epoch 56/100	Loss 2.9823 ± 0.2452
INFO:kbc-cli.py:Epoch 57/100	Loss 2.9795 ± 0.2589
INFO:kbc-cli.py:Epoch 57/100	dev results	MRR 0.436492	H@1 0.405076	H@3 0.453032	H@5 0.468853	H@10 0.494726	H@20 0.519446	H@50 0.553889	H@100 0.578939
INFO:kbc-cli.py:Epoch 57/100	test results	MRR 0.435688	H@1 0.404754	H@3 0.447511	H@5 0.468092	H@10 0.497288	H@20 0.524250	H@50 0.557275	H@100 0.575303
INFO:kbc-cli.py:Epoch 58/100	Loss 2.9766 ± 0.2534
INFO:kbc-cli.py:Epoch 59/100	Loss 2.9738 ± 0.2557
INFO:kbc-cli.py:Epoch 60/100	Loss 2.9712 ± 0.2501
INFO:kbc-cli.py:Epoch 60/100	dev results	MRR 0.436532	H@1 0.404746	H@3 0.452208	H@5 0.470501	H@10 0.494891	H@20 0.519941	H@50 0.554548	H@100 0.579927
INFO:kbc-cli.py:Epoch 60/100	test results	MRR 0.435844	H@1 0.404754	H@3 0.447352	H@5 0.467932	H@10 0.497128	H@20 0.525207	H@50 0.557116	H@100 0.576739
INFO:kbc-cli.py:Epoch 61/100	Loss 2.9685 ± 0.2534
INFO:kbc-cli.py:Epoch 62/100	Loss 2.9658 ± 0.2518
INFO:kbc-cli.py:Epoch 63/100	Loss 2.9634 ± 0.2476
INFO:kbc-cli.py:Epoch 63/100	dev results	MRR 0.437382	H@1 0.405900	H@3 0.453362	H@5 0.470501	H@10 0.495550	H@20 0.519776	H@50 0.555208	H@100 0.579927
INFO:kbc-cli.py:Epoch 63/100	test results	MRR 0.436211	H@1 0.405233	H@3 0.447511	H@5 0.468730	H@10 0.498724	H@20 0.525048	H@50 0.557913	H@100 0.577218
INFO:kbc-cli.py:Epoch 64/100	Loss 2.9612 ± 0.2475
INFO:kbc-cli.py:Epoch 65/100	Loss 2.9585 ± 0.2541
INFO:kbc-cli.py:Epoch 66/100	Loss 2.9563 ± 0.2410
INFO:kbc-cli.py:Epoch 66/100	dev results	MRR 0.437675	H@1 0.406229	H@3 0.453362	H@5 0.470336	H@10 0.495386	H@20 0.520435	H@50 0.556196	H@100 0.580587
INFO:kbc-cli.py:Epoch 66/100	test results	MRR 0.436080	H@1 0.404754	H@3 0.448309	H@5 0.469528	H@10 0.499202	H@20 0.525367	H@50 0.556956	H@100 0.577377
INFO:kbc-cli.py:Epoch 67/100	Loss 2.9539 ± 0.2480
INFO:kbc-cli.py:Epoch 68/100	Loss 2.9518 ± 0.2565
INFO:kbc-cli.py:Epoch 69/100	Loss 2.9496 ± 0.2504
INFO:kbc-cli.py:Epoch 69/100	dev results	MRR 0.437724	H@1 0.406394	H@3 0.453856	H@5 0.471325	H@10 0.494891	H@20 0.520765	H@50 0.555867	H@100 0.580916
INFO:kbc-cli.py:Epoch 69/100	test results	MRR 0.436399	H@1 0.405073	H@3 0.448149	H@5 0.470006	H@10 0.499202	H@20 0.524888	H@50 0.557913	H@100 0.577696
INFO:kbc-cli.py:Epoch 70/100	Loss 2.9475 ± 0.2494
INFO:kbc-cli.py:Epoch 71/100	Loss 2.9454 ± 0.2459
INFO:kbc-cli.py:Epoch 72/100	Loss 2.9435 ± 0.2458
INFO:kbc-cli.py:Epoch 72/100	dev results	MRR 0.437564	H@1 0.405735	H@3 0.453691	H@5 0.471325	H@10 0.495056	H@20 0.520929	H@50 0.557020	H@100 0.581246
INFO:kbc-cli.py:Epoch 72/100	test results	MRR 0.436203	H@1 0.405073	H@3 0.447192	H@5 0.469049	H@10 0.498883	H@20 0.525367	H@50 0.558870	H@100 0.578015
INFO:kbc-cli.py:Epoch 73/100	Loss 2.9415 ± 0.2466
INFO:kbc-cli.py:Epoch 74/100	Loss 2.9392 ± 0.2469
INFO:kbc-cli.py:Epoch 75/100	Loss 2.9374 ± 0.2441
INFO:kbc-cli.py:Epoch 75/100	dev results	MRR 0.438175	H@1 0.406724	H@3 0.453691	H@5 0.471490	H@10 0.496539	H@20 0.521753	H@50 0.556691	H@100 0.582070
INFO:kbc-cli.py:Epoch 75/100	test results	MRR 0.436445	H@1 0.405073	H@3 0.448947	H@5 0.469528	H@10 0.498883	H@20 0.526005	H@50 0.558392	H@100 0.577537
INFO:kbc-cli.py:Epoch 76/100	Loss 2.9357 ± 0.2466
INFO:kbc-cli.py:Epoch 77/100	Loss 2.9338 ± 0.2413
INFO:kbc-cli.py:Epoch 78/100	Loss 2.9318 ± 0.2422
INFO:kbc-cli.py:Epoch 78/100	dev results	MRR 0.437880	H@1 0.406065	H@3 0.454021	H@5 0.470995	H@10 0.496210	H@20 0.521259	H@50 0.557020	H@100 0.581575
INFO:kbc-cli.py:Epoch 78/100	test results	MRR 0.436325	H@1 0.404914	H@3 0.447830	H@5 0.470804	H@10 0.499362	H@20 0.526324	H@50 0.559030	H@100 0.578813
INFO:kbc-cli.py:Epoch 79/100	Loss 2.9300 ± 0.2423
INFO:kbc-cli.py:Epoch 80/100	Loss 2.9284 ± 0.2437
INFO:kbc-cli.py:Epoch 81/100	Loss 2.9266 ± 0.2483
INFO:kbc-cli.py:Epoch 81/100	dev results	MRR 0.438245	H@1 0.406394	H@3 0.454515	H@5 0.471984	H@10 0.496374	H@20 0.521918	H@50 0.556361	H@100 0.581905
INFO:kbc-cli.py:Epoch 81/100	test results	MRR 0.436548	H@1 0.404914	H@3 0.448468	H@5 0.470325	H@10 0.499840	H@20 0.525367	H@50 0.558870	H@100 0.579451
INFO:kbc-cli.py:Epoch 82/100	Loss 2.9251 ± 0.2403
INFO:kbc-cli.py:Epoch 83/100	Loss 2.9233 ± 0.2378
INFO:kbc-cli.py:Epoch 84/100	Loss 2.9217 ± 0.2445
INFO:kbc-cli.py:Epoch 84/100	dev results	MRR 0.438457	H@1 0.406559	H@3 0.454021	H@5 0.472973	H@10 0.496869	H@20 0.521918	H@50 0.556361	H@100 0.582235
INFO:kbc-cli.py:Epoch 84/100	test results	MRR 0.436663	H@1 0.405073	H@3 0.447830	H@5 0.471602	H@10 0.499521	H@20 0.524729	H@50 0.559190	H@100 0.579611
INFO:kbc-cli.py:Epoch 85/100	Loss 2.9202 ± 0.2433
INFO:kbc-cli.py:Epoch 86/100	Loss 2.9186 ± 0.2419
INFO:kbc-cli.py:Epoch 87/100	Loss 2.9172 ± 0.2461
INFO:kbc-cli.py:Epoch 87/100	dev results	MRR 0.438491	H@1 0.406724	H@3 0.454515	H@5 0.472479	H@10 0.496539	H@20 0.522577	H@50 0.556526	H@100 0.582399
INFO:kbc-cli.py:Epoch 87/100	test results	MRR 0.436918	H@1 0.405073	H@3 0.448468	H@5 0.471123	H@10 0.500638	H@20 0.526324	H@50 0.559190	H@100 0.580249
INFO:kbc-cli.py:Epoch 88/100	Loss 2.9155 ± 0.2484
INFO:kbc-cli.py:Epoch 89/100	Loss 2.9140 ± 0.2415
INFO:kbc-cli.py:Epoch 90/100	Loss 2.9126 ± 0.2510
INFO:kbc-cli.py:Epoch 90/100	dev results	MRR 0.438584	H@1 0.406724	H@3 0.454515	H@5 0.471984	H@10 0.497363	H@20 0.522413	H@50 0.556691	H@100 0.582235
INFO:kbc-cli.py:Epoch 90/100	test results	MRR 0.437271	H@1 0.405552	H@3 0.448947	H@5 0.472399	H@10 0.500798	H@20 0.525846	H@50 0.559509	H@100 0.580249
INFO:kbc-cli.py:Epoch 91/100	Loss 2.9111 ± 0.2418
INFO:kbc-cli.py:Epoch 92/100	Loss 2.9098 ± 0.2425
INFO:kbc-cli.py:Epoch 93/100	Loss 2.9086 ± 0.2424
INFO:kbc-cli.py:Epoch 93/100	dev results	MRR 0.438593	H@1 0.406724	H@3 0.455010	H@5 0.472643	H@10 0.496704	H@20 0.522577	H@50 0.558009	H@100 0.581905
INFO:kbc-cli.py:Epoch 93/100	test results	MRR 0.437447	H@1 0.405871	H@3 0.448787	H@5 0.471442	H@10 0.501436	H@20 0.525686	H@50 0.560944	H@100 0.580249
INFO:kbc-cli.py:Epoch 94/100	Loss 2.9071 ± 0.2392
INFO:kbc-cli.py:Epoch 95/100	Loss 2.9057 ± 0.2419
INFO:kbc-cli.py:Epoch 96/100	Loss 2.9043 ± 0.2419
INFO:kbc-cli.py:Epoch 96/100	dev results	MRR 0.438999	H@1 0.407053	H@3 0.455175	H@5 0.473138	H@10 0.497198	H@20 0.521918	H@50 0.557020	H@100 0.582235
INFO:kbc-cli.py:Epoch 96/100	test results	MRR 0.437165	H@1 0.405233	H@3 0.448628	H@5 0.472240	H@10 0.501436	H@20 0.525686	H@50 0.559987	H@100 0.580568
INFO:kbc-cli.py:Epoch 97/100	Loss 2.9030 ± 0.2372
INFO:kbc-cli.py:Epoch 98/100	Loss 2.9018 ± 0.2417
INFO:kbc-cli.py:Epoch 99/100	Loss 2.9005 ± 0.2295
INFO:kbc-cli.py:Epoch 99/100	dev results	MRR 0.438800	H@1 0.406724	H@3 0.455504	H@5 0.473797	H@10 0.497528	H@20 0.521589	H@50 0.557515	H@100 0.582399
INFO:kbc-cli.py:Epoch 99/100	test results	MRR 0.437701	H@1 0.406031	H@3 0.449107	H@5 0.472559	H@10 0.501595	H@20 0.525686	H@50 0.560625	H@100 0.580887
INFO:kbc-cli.py:Epoch 100/100	Loss 2.8992 ± 0.2372
INFO:kbc-cli.py:Final 	dev results	MRR 0.438956	H@1 0.406724	H@3 0.455504	H@5 0.473138	H@10 0.498022	H@20 0.522742	H@50 0.558174	H@100 0.582399
INFO:kbc-cli.py:Final 	test results	MRR 0.437588	H@1 0.405871	H@3 0.449107	H@5 0.472080	H@10 0.501755	H@20 0.526005	H@50 0.560785	H@100 0.580728
INFO:kbc-cli.py:Training finished
