./bin/kbc-cli.py --train data/wn18rr/train.tsv --dev data/wn18rr/dev.tsv --test data/wn18rr/test.tsv -m complex -k 500 -b 100 -e 100 --F2 0 --N3 0.01 -l 0.1 -I standard -V 3 -o adagrad -c so -q
{'F2': 0.0,
 'N3': 0.01,
 'batch_size': 100,
 'corruption': 'so',
 'dev': 'data/wn18rr/dev.tsv',
 'embedding_size': 500,
 'epochs': 100,
 'eval_batch_size': None,
 'input_type': 'standard',
 'learning_rate': 0.1,
 'load': None,
 'model': 'complex',
 'optimizer': 'adagrad',
 'quiet': True,
 'save': None,
 'seed': 0,
 'test': 'data/wn18rr/test.tsv',
 'test_i': None,
 'test_ii': None,
 'train': 'data/wn18rr/train.tsv',
 'validate_every': 3}
INFO:kbc-cli.py:Device: cuda
INFO:kbc-cli.py:Model state:
INFO:kbc-cli.py:	entities.weight	torch.Size([40943, 1000])
INFO:kbc-cli.py:	predicates.weight	torch.Size([11, 1000])
INFO:kbc-cli.py:Epoch 1/100	Loss 21.4642 ± 1.5337
INFO:kbc-cli.py:Epoch 2/100	Loss 11.8354 ± 0.5338
INFO:kbc-cli.py:Epoch 3/100	Loss 7.0861 ± 0.3592
INFO:kbc-cli.py:Epoch 3/100	dev results	MRR 0.416786	H@1 0.379532	H@3 0.437706	H@5 0.452208	H@10 0.474621	H@20 0.501813	H@50 0.535432	H@100 0.565920
INFO:kbc-cli.py:Epoch 3/100	test results	MRR 0.418788	H@1 0.384812	H@3 0.436024	H@5 0.450862	H@10 0.472559	H@20 0.500957	H@50 0.538768	H@100 0.566688
INFO:kbc-cli.py:Epoch 4/100	Loss 6.0204 ± 0.2868
INFO:kbc-cli.py:Epoch 5/100	Loss 5.5146 ± 0.2813
INFO:kbc-cli.py:Epoch 6/100	Loss 5.1978 ± 0.2719
INFO:kbc-cli.py:Epoch 6/100	dev results	MRR 0.438654	H@1 0.412492	H@3 0.447759	H@5 0.465557	H@10 0.486322	H@20 0.513843	H@50 0.551252	H@100 0.581575
INFO:kbc-cli.py:Epoch 6/100	test results	MRR 0.437923	H@1 0.411455	H@3 0.445278	H@5 0.462987	H@10 0.491704	H@20 0.516911	H@50 0.557435	H@100 0.584556
INFO:kbc-cli.py:Epoch 7/100	Loss 4.9626 ± 0.2659
INFO:kbc-cli.py:Epoch 8/100	Loss 4.7807 ± 0.2648
INFO:kbc-cli.py:Epoch 9/100	Loss 4.6304 ± 0.2541
INFO:kbc-cli.py:Epoch 9/100	dev results	MRR 0.443015	H@1 0.416117	H@3 0.452044	H@5 0.469512	H@10 0.494397	H@20 0.522083	H@50 0.557844	H@100 0.589815
INFO:kbc-cli.py:Epoch 9/100	test results	MRR 0.442804	H@1 0.414327	H@3 0.452616	H@5 0.471442	H@10 0.498405	H@20 0.527441	H@50 0.564295	H@100 0.593491
INFO:kbc-cli.py:Epoch 10/100	Loss 4.5033 ± 0.2475
INFO:kbc-cli.py:Epoch 11/100	Loss 4.3954 ± 0.2451
INFO:kbc-cli.py:Epoch 12/100	Loss 4.3028 ± 0.2452
INFO:kbc-cli.py:Epoch 12/100	dev results	MRR 0.446277	H@1 0.419413	H@3 0.455010	H@5 0.474127	H@10 0.496539	H@20 0.525873	H@50 0.563118	H@100 0.595089
INFO:kbc-cli.py:Epoch 12/100	test results	MRR 0.443774	H@1 0.414327	H@3 0.454052	H@5 0.473676	H@10 0.501276	H@20 0.529834	H@50 0.568922	H@100 0.597001
INFO:kbc-cli.py:Epoch 13/100	Loss 4.2184 ± 0.2408
INFO:kbc-cli.py:Epoch 14/100	Loss 4.1441 ± 0.2426
INFO:kbc-cli.py:Epoch 15/100	Loss 4.0779 ± 0.2411
INFO:kbc-cli.py:Epoch 15/100	dev results	MRR 0.447627	H@1 0.420567	H@3 0.456163	H@5 0.475939	H@10 0.500659	H@20 0.529334	H@50 0.566249	H@100 0.599539
INFO:kbc-cli.py:Epoch 15/100	test results	MRR 0.446466	H@1 0.416560	H@3 0.456445	H@5 0.477983	H@10 0.505424	H@20 0.534461	H@50 0.571793	H@100 0.603223
INFO:kbc-cli.py:Epoch 16/100	Loss 4.0192 ± 0.2388
INFO:kbc-cli.py:Epoch 17/100	Loss 3.9640 ± 0.2297
INFO:kbc-cli.py:Epoch 18/100	Loss 3.9144 ± 0.2248
INFO:kbc-cli.py:Epoch 18/100	dev results	MRR 0.449772	H@1 0.422215	H@3 0.459130	H@5 0.479895	H@10 0.503790	H@20 0.532301	H@50 0.570864	H@100 0.601516
INFO:kbc-cli.py:Epoch 18/100	test results	MRR 0.447996	H@1 0.416720	H@3 0.457722	H@5 0.480377	H@10 0.508775	H@20 0.539726	H@50 0.574984	H@100 0.606573
INFO:kbc-cli.py:Epoch 19/100	Loss 3.8685 ± 0.2302
INFO:kbc-cli.py:Epoch 20/100	Loss 3.8271 ± 0.2226
INFO:kbc-cli.py:Epoch 21/100	Loss 3.7875 ± 0.2221
INFO:kbc-cli.py:Epoch 21/100	dev results	MRR 0.451065	H@1 0.422544	H@3 0.460448	H@5 0.481543	H@10 0.506922	H@20 0.532630	H@50 0.572347	H@100 0.603659
INFO:kbc-cli.py:Epoch 21/100	test results	MRR 0.450850	H@1 0.420868	H@3 0.459477	H@5 0.481972	H@10 0.510849	H@20 0.540364	H@50 0.578175	H@100 0.609604
INFO:kbc-cli.py:Epoch 22/100	Loss 3.7515 ± 0.2290
INFO:kbc-cli.py:Epoch 23/100	Loss 3.7172 ± 0.2209
INFO:kbc-cli.py:Epoch 24/100	Loss 3.6867 ± 0.2214
INFO:kbc-cli.py:Epoch 24/100	dev results	MRR 0.451826	H@1 0.423698	H@3 0.462096	H@5 0.480059	H@10 0.507251	H@20 0.534937	H@50 0.573336	H@100 0.605966
INFO:kbc-cli.py:Epoch 24/100	test results	MRR 0.451611	H@1 0.420549	H@3 0.460913	H@5 0.481653	H@10 0.513880	H@20 0.544193	H@50 0.578015	H@100 0.612317
INFO:kbc-cli.py:Epoch 25/100	Loss 3.6567 ± 0.2166
INFO:kbc-cli.py:Epoch 26/100	Loss 3.6291 ± 0.2183
INFO:kbc-cli.py:Epoch 27/100	Loss 3.6028 ± 0.2240
INFO:kbc-cli.py:Epoch 27/100	dev results	MRR 0.452487	H@1 0.423039	H@3 0.463085	H@5 0.482202	H@10 0.509558	H@20 0.535432	H@50 0.576632	H@100 0.608108
INFO:kbc-cli.py:Epoch 27/100	test results	MRR 0.452084	H@1 0.420708	H@3 0.461232	H@5 0.482770	H@10 0.513242	H@20 0.545150	H@50 0.580887	H@100 0.613114
INFO:kbc-cli.py:Epoch 28/100	Loss 3.5781 ± 0.2168
INFO:kbc-cli.py:Epoch 29/100	Loss 3.5550 ± 0.2183
INFO:kbc-cli.py:Epoch 30/100	Loss 3.5339 ± 0.2105
INFO:kbc-cli.py:Epoch 30/100	dev results	MRR 0.454271	H@1 0.425840	H@3 0.463085	H@5 0.482861	H@10 0.510382	H@20 0.537409	H@50 0.577126	H@100 0.609426
INFO:kbc-cli.py:Epoch 30/100	test results	MRR 0.454198	H@1 0.423101	H@3 0.462987	H@5 0.486439	H@10 0.515316	H@20 0.546267	H@50 0.583759	H@100 0.613912
INFO:kbc-cli.py:Epoch 31/100	Loss 3.5126 ± 0.2163
INFO:kbc-cli.py:Epoch 32/100	Loss 3.4927 ± 0.2127
INFO:kbc-cli.py:Epoch 33/100	Loss 3.4743 ± 0.2116
INFO:kbc-cli.py:Epoch 33/100	dev results	MRR 0.454050	H@1 0.425016	H@3 0.464568	H@5 0.483520	H@10 0.509723	H@20 0.538069	H@50 0.578609	H@100 0.610415
INFO:kbc-cli.py:Epoch 33/100	test results	MRR 0.454473	H@1 0.423101	H@3 0.464103	H@5 0.485322	H@10 0.516114	H@20 0.546905	H@50 0.585354	H@100 0.615986
INFO:kbc-cli.py:Epoch 34/100	Loss 3.4567 ± 0.2031
INFO:kbc-cli.py:Epoch 35/100	Loss 3.4401 ± 0.2144
INFO:kbc-cli.py:Epoch 36/100	Loss 3.4233 ± 0.2082
INFO:kbc-cli.py:Epoch 36/100	dev results	MRR 0.455242	H@1 0.426335	H@3 0.464568	H@5 0.484674	H@10 0.511866	H@20 0.541529	H@50 0.581246	H@100 0.612887
INFO:kbc-cli.py:Epoch 36/100	test results	MRR 0.455213	H@1 0.423261	H@3 0.465061	H@5 0.487715	H@10 0.516911	H@20 0.549458	H@50 0.587588	H@100 0.617103
INFO:kbc-cli.py:Epoch 37/100	Loss 3.4079 ± 0.2074
INFO:kbc-cli.py:Epoch 38/100	Loss 3.3931 ± 0.2173
INFO:kbc-cli.py:Epoch 39/100	Loss 3.3790 ± 0.2081
INFO:kbc-cli.py:Epoch 39/100	dev results	MRR 0.455335	H@1 0.425511	H@3 0.465392	H@5 0.485992	H@10 0.511042	H@20 0.542848	H@50 0.582070	H@100 0.613546
INFO:kbc-cli.py:Epoch 39/100	test results	MRR 0.455837	H@1 0.423580	H@3 0.465858	H@5 0.489151	H@10 0.519943	H@20 0.550574	H@50 0.588226	H@100 0.619177
INFO:kbc-cli.py:Epoch 40/100	Loss 3.3658 ± 0.2008
INFO:kbc-cli.py:Epoch 41/100	Loss 3.3525 ± 0.2037
INFO:kbc-cli.py:Epoch 42/100	Loss 3.3406 ± 0.1989
INFO:kbc-cli.py:Epoch 42/100	dev results	MRR 0.455896	H@1 0.426829	H@3 0.465557	H@5 0.485168	H@10 0.513843	H@20 0.544166	H@50 0.582729	H@100 0.613382
INFO:kbc-cli.py:Epoch 42/100	test results	MRR 0.456884	H@1 0.425016	H@3 0.466018	H@5 0.488354	H@10 0.521378	H@20 0.552010	H@50 0.589183	H@100 0.619177
INFO:kbc-cli.py:Epoch 43/100	Loss 3.3288 ± 0.2015
INFO:kbc-cli.py:Epoch 44/100	Loss 3.3169 ± 0.1965
INFO:kbc-cli.py:Epoch 45/100	Loss 3.3063 ± 0.1943
INFO:kbc-cli.py:Epoch 45/100	dev results	MRR 0.456115	H@1 0.426500	H@3 0.464733	H@5 0.485992	H@10 0.513514	H@20 0.545649	H@50 0.583388	H@100 0.615854
INFO:kbc-cli.py:Epoch 45/100	test results	MRR 0.456186	H@1 0.423740	H@3 0.465699	H@5 0.488673	H@10 0.521857	H@20 0.550734	H@50 0.590459	H@100 0.620932
INFO:kbc-cli.py:Epoch 46/100	Loss 3.2950 ± 0.1980
INFO:kbc-cli.py:Epoch 47/100	Loss 3.2854 ± 0.2025
INFO:kbc-cli.py:Epoch 48/100	Loss 3.2757 ± 0.2005
INFO:kbc-cli.py:Epoch 48/100	dev results	MRR 0.456446	H@1 0.426829	H@3 0.465557	H@5 0.486157	H@10 0.514008	H@20 0.547132	H@50 0.585036	H@100 0.616348
INFO:kbc-cli.py:Epoch 48/100	test results	MRR 0.457769	H@1 0.425973	H@3 0.466018	H@5 0.488992	H@10 0.522655	H@20 0.551851	H@50 0.590938	H@100 0.622368
INFO:kbc-cli.py:Epoch 49/100	Loss 3.2656 ± 0.1959
INFO:kbc-cli.py:Epoch 50/100	Loss 3.2563 ± 0.1975
INFO:kbc-cli.py:Epoch 51/100	Loss 3.2475 ± 0.1927
INFO:kbc-cli.py:Epoch 51/100	dev results	MRR 0.456989	H@1 0.427159	H@3 0.465722	H@5 0.486816	H@10 0.515821	H@20 0.548121	H@50 0.585695	H@100 0.616842
INFO:kbc-cli.py:Epoch 51/100	test results	MRR 0.458338	H@1 0.426133	H@3 0.466975	H@5 0.490428	H@10 0.524729	H@20 0.552329	H@50 0.591098	H@100 0.623006
INFO:kbc-cli.py:Epoch 52/100	Loss 3.2388 ± 0.2022
INFO:kbc-cli.py:Epoch 53/100	Loss 3.2302 ± 0.1926
INFO:kbc-cli.py:Epoch 54/100	Loss 3.2223 ± 0.1996
INFO:kbc-cli.py:Epoch 54/100	dev results	MRR 0.457866	H@1 0.427983	H@3 0.467864	H@5 0.486981	H@10 0.515985	H@20 0.547792	H@50 0.586849	H@100 0.617996
INFO:kbc-cli.py:Epoch 54/100	test results	MRR 0.458722	H@1 0.426611	H@3 0.467454	H@5 0.491385	H@10 0.524569	H@20 0.553606	H@50 0.591895	H@100 0.624442
INFO:kbc-cli.py:Epoch 55/100	Loss 3.2145 ± 0.2017
INFO:kbc-cli.py:Epoch 56/100	Loss 3.2068 ± 0.1890
INFO:kbc-cli.py:Epoch 57/100	Loss 3.1995 ± 0.2032
INFO:kbc-cli.py:Epoch 57/100	dev results	MRR 0.457492	H@1 0.427653	H@3 0.466381	H@5 0.486981	H@10 0.516974	H@20 0.549934	H@50 0.588003	H@100 0.618985
INFO:kbc-cli.py:Epoch 57/100	test results	MRR 0.459021	H@1 0.426133	H@3 0.468251	H@5 0.492980	H@10 0.525207	H@20 0.554084	H@50 0.593810	H@100 0.624920
INFO:kbc-cli.py:Epoch 58/100	Loss 3.1922 ± 0.1954
INFO:kbc-cli.py:Epoch 59/100	Loss 3.1854 ± 0.2002
INFO:kbc-cli.py:Epoch 60/100	Loss 3.1787 ± 0.1906
INFO:kbc-cli.py:Epoch 60/100	dev results	MRR 0.457840	H@1 0.427488	H@3 0.467535	H@5 0.487805	H@10 0.516974	H@20 0.550923	H@50 0.589156	H@100 0.620468
INFO:kbc-cli.py:Epoch 60/100	test results	MRR 0.460149	H@1 0.427569	H@3 0.469368	H@5 0.494257	H@10 0.525367	H@20 0.555839	H@50 0.594608	H@100 0.625558
INFO:kbc-cli.py:Epoch 61/100	Loss 3.1721 ± 0.1971
INFO:kbc-cli.py:Epoch 62/100	Loss 3.1653 ± 0.1956
INFO:kbc-cli.py:Epoch 63/100	Loss 3.1597 ± 0.1877
INFO:kbc-cli.py:Epoch 63/100	dev results	MRR 0.458359	H@1 0.428148	H@3 0.467370	H@5 0.487310	H@10 0.518457	H@20 0.550593	H@50 0.589815	H@100 0.620962
INFO:kbc-cli.py:Epoch 63/100	test results	MRR 0.460055	H@1 0.427250	H@3 0.469049	H@5 0.494416	H@10 0.525686	H@20 0.555520	H@50 0.594927	H@100 0.626675
INFO:kbc-cli.py:Epoch 64/100	Loss 3.1539 ± 0.1904
INFO:kbc-cli.py:Epoch 65/100	Loss 3.1475 ± 0.1923
INFO:kbc-cli.py:Epoch 66/100	Loss 3.1420 ± 0.1823
INFO:kbc-cli.py:Epoch 66/100	dev results	MRR 0.458591	H@1 0.428807	H@3 0.467535	H@5 0.486981	H@10 0.518293	H@20 0.549440	H@50 0.590145	H@100 0.622116
INFO:kbc-cli.py:Epoch 66/100	test results	MRR 0.460237	H@1 0.427090	H@3 0.470006	H@5 0.495214	H@10 0.526484	H@20 0.555999	H@50 0.596362	H@100 0.626994
INFO:kbc-cli.py:Epoch 67/100	Loss 3.1361 ± 0.1918
INFO:kbc-cli.py:Epoch 68/100	Loss 3.1311 ± 0.1946
INFO:kbc-cli.py:Epoch 69/100	Loss 3.1256 ± 0.1927
INFO:kbc-cli.py:Epoch 69/100	dev results	MRR 0.458961	H@1 0.428642	H@3 0.467864	H@5 0.489453	H@10 0.519611	H@20 0.550264	H@50 0.590804	H@100 0.621786
INFO:kbc-cli.py:Epoch 69/100	test results	MRR 0.460131	H@1 0.427090	H@3 0.469368	H@5 0.495054	H@10 0.527920	H@20 0.556477	H@50 0.596682	H@100 0.626356
INFO:kbc-cli.py:Epoch 70/100	Loss 3.1205 ± 0.1915
INFO:kbc-cli.py:Epoch 71/100	Loss 3.1156 ± 0.1887
INFO:kbc-cli.py:Epoch 72/100	Loss 3.1108 ± 0.1880
INFO:kbc-cli.py:Epoch 72/100	dev results	MRR 0.459372	H@1 0.429136	H@3 0.468853	H@5 0.489123	H@10 0.519446	H@20 0.551582	H@50 0.591628	H@100 0.624258
INFO:kbc-cli.py:Epoch 72/100	test results	MRR 0.460888	H@1 0.427569	H@3 0.471283	H@5 0.496969	H@10 0.529036	H@20 0.556477	H@50 0.597001	H@100 0.627951
INFO:kbc-cli.py:Epoch 73/100	Loss 3.1061 ± 0.1899
INFO:kbc-cli.py:Epoch 74/100	Loss 3.1008 ± 0.1892
INFO:kbc-cli.py:Epoch 75/100	Loss 3.0965 ± 0.1845
INFO:kbc-cli.py:Epoch 75/100	dev results	MRR 0.459827	H@1 0.429301	H@3 0.468359	H@5 0.489453	H@10 0.519776	H@20 0.550923	H@50 0.593111	H@100 0.624423
INFO:kbc-cli.py:Epoch 75/100	test results	MRR 0.461155	H@1 0.427728	H@3 0.470325	H@5 0.496650	H@10 0.527760	H@20 0.556637	H@50 0.597160	H@100 0.629228
INFO:kbc-cli.py:Epoch 76/100	Loss 3.0923 ± 0.1900
INFO:kbc-cli.py:Epoch 77/100	Loss 3.0880 ± 0.1840
INFO:kbc-cli.py:Epoch 78/100	Loss 3.0834 ± 0.1818
INFO:kbc-cli.py:Epoch 78/100	dev results	MRR 0.459410	H@1 0.428642	H@3 0.468194	H@5 0.491266	H@10 0.520105	H@20 0.551747	H@50 0.592947	H@100 0.625577
INFO:kbc-cli.py:Epoch 78/100	test results	MRR 0.461053	H@1 0.427090	H@3 0.470964	H@5 0.496490	H@10 0.528558	H@20 0.557754	H@50 0.598596	H@100 0.628909
INFO:kbc-cli.py:Epoch 79/100	Loss 3.0790 ± 0.1823
INFO:kbc-cli.py:Epoch 80/100	Loss 3.0755 ± 0.1854
INFO:kbc-cli.py:Epoch 81/100	Loss 3.0710 ± 0.1887
INFO:kbc-cli.py:Epoch 81/100	dev results	MRR 0.460387	H@1 0.430290	H@3 0.468194	H@5 0.489947	H@10 0.521753	H@20 0.552076	H@50 0.593276	H@100 0.625742
INFO:kbc-cli.py:Epoch 81/100	test results	MRR 0.461857	H@1 0.428366	H@3 0.470804	H@5 0.497607	H@10 0.529196	H@20 0.558232	H@50 0.598915	H@100 0.630823
INFO:kbc-cli.py:Epoch 82/100	Loss 3.0675 ± 0.1837
INFO:kbc-cli.py:Epoch 83/100	Loss 3.0633 ± 0.1807
INFO:kbc-cli.py:Epoch 84/100	Loss 3.0595 ± 0.1854
INFO:kbc-cli.py:Epoch 84/100	dev results	MRR 0.459454	H@1 0.428148	H@3 0.468688	H@5 0.491101	H@10 0.522083	H@20 0.552900	H@50 0.595254	H@100 0.627060
INFO:kbc-cli.py:Epoch 84/100	test results	MRR 0.461603	H@1 0.427409	H@3 0.472878	H@5 0.498724	H@10 0.529355	H@20 0.558551	H@50 0.599872	H@100 0.630823
INFO:kbc-cli.py:Epoch 85/100	Loss 3.0561 ± 0.1838
INFO:kbc-cli.py:Epoch 86/100	Loss 3.0527 ± 0.1825
INFO:kbc-cli.py:Epoch 87/100	Loss 3.0493 ± 0.1851
INFO:kbc-cli.py:Epoch 87/100	dev results	MRR 0.460077	H@1 0.428807	H@3 0.469018	H@5 0.492584	H@10 0.522907	H@20 0.554054	H@50 0.595089	H@100 0.627390
INFO:kbc-cli.py:Epoch 87/100	test results	MRR 0.461782	H@1 0.427090	H@3 0.472719	H@5 0.498245	H@10 0.530313	H@20 0.558870	H@50 0.599872	H@100 0.631621
INFO:kbc-cli.py:Epoch 88/100	Loss 3.0453 ± 0.1860
INFO:kbc-cli.py:Epoch 89/100	Loss 3.0421 ± 0.1804
INFO:kbc-cli.py:Epoch 90/100	Loss 3.0388 ± 0.1923
INFO:kbc-cli.py:Epoch 90/100	dev results	MRR 0.460152	H@1 0.428807	H@3 0.470171	H@5 0.492914	H@10 0.521259	H@20 0.553889	H@50 0.595748	H@100 0.628378
INFO:kbc-cli.py:Epoch 90/100	test results	MRR 0.462708	H@1 0.428526	H@3 0.472559	H@5 0.500160	H@10 0.530951	H@20 0.560625	H@50 0.600032	H@100 0.632578
INFO:kbc-cli.py:Epoch 91/100	Loss 3.0354 ± 0.1848
INFO:kbc-cli.py:Epoch 92/100	Loss 3.0325 ± 0.1879
INFO:kbc-cli.py:Epoch 93/100	Loss 3.0296 ± 0.1833
INFO:kbc-cli.py:Epoch 93/100	dev results	MRR 0.460475	H@1 0.429136	H@3 0.470007	H@5 0.493738	H@10 0.522083	H@20 0.554548	H@50 0.596572	H@100 0.628378
INFO:kbc-cli.py:Epoch 93/100	test results	MRR 0.462448	H@1 0.428207	H@3 0.471761	H@5 0.499043	H@10 0.531908	H@20 0.561742	H@50 0.600989	H@100 0.633535
INFO:kbc-cli.py:Epoch 94/100	Loss 3.0266 ± 0.1851
INFO:kbc-cli.py:Epoch 95/100	Loss 3.0231 ± 0.1805
INFO:kbc-cli.py:Epoch 96/100	Loss 3.0203 ± 0.1807
INFO:kbc-cli.py:Epoch 96/100	dev results	MRR 0.460530	H@1 0.429631	H@3 0.469347	H@5 0.491760	H@10 0.522907	H@20 0.555372	H@50 0.597561	H@100 0.629367
INFO:kbc-cli.py:Epoch 96/100	test results	MRR 0.462541	H@1 0.428207	H@3 0.472559	H@5 0.499043	H@10 0.532068	H@20 0.562540	H@50 0.601308	H@100 0.634014
INFO:kbc-cli.py:Epoch 97/100	Loss 3.0174 ± 0.1803
INFO:kbc-cli.py:Epoch 98/100	Loss 3.0144 ± 0.1842
INFO:kbc-cli.py:Epoch 99/100	Loss 3.0117 ± 0.1685
INFO:kbc-cli.py:Epoch 99/100	dev results	MRR 0.460762	H@1 0.429301	H@3 0.469677	H@5 0.493078	H@10 0.522577	H@20 0.555043	H@50 0.597396	H@100 0.629697
INFO:kbc-cli.py:Epoch 99/100	test results	MRR 0.462314	H@1 0.427409	H@3 0.473197	H@5 0.499362	H@10 0.532068	H@20 0.561902	H@50 0.601468	H@100 0.633854
INFO:kbc-cli.py:Epoch 100/100	Loss 3.0089 ± 0.1811
INFO:kbc-cli.py:Final 	dev results	MRR 0.460848	H@1 0.429301	H@3 0.469677	H@5 0.492749	H@10 0.522413	H@20 0.555372	H@50 0.597396	H@100 0.629532
INFO:kbc-cli.py:Final 	test results	MRR 0.462860	H@1 0.428207	H@3 0.473676	H@5 0.499202	H@10 0.532387	H@20 0.560944	H@50 0.602265	H@100 0.634014
INFO:kbc-cli.py:Training finished
