./bin/kbc-cli.py --train data/wn18rr/train.tsv --dev data/wn18rr/dev.tsv --test data/wn18rr/test.tsv -m complex -k 500 -b 50 -e 100 --F2 0.001 --N3 0 -l 0.1 -I standard -V 3 -o adagrad -c so -q
{'F2': 0.001,
 'N3': 0.0,
 'batch_size': 50,
 'corruption': 'so',
 'dev': 'data/wn18rr/dev.tsv',
 'embedding_size': 500,
 'epochs': 100,
 'eval_batch_size': None,
 'input_type': 'standard',
 'learning_rate': 0.1,
 'load': None,
 'model': 'complex',
 'optimizer': 'adagrad',
 'quiet': True,
 'save': None,
 'seed': 0,
 'test': 'data/wn18rr/test.tsv',
 'test_i': None,
 'test_ii': None,
 'train': 'data/wn18rr/train.tsv',
 'validate_every': 3}
INFO:kbc-cli.py:Device: cuda
INFO:kbc-cli.py:Model state:
INFO:kbc-cli.py:	entities.weight	torch.Size([40943, 1000])
INFO:kbc-cli.py:	predicates.weight	torch.Size([11, 1000])
INFO:kbc-cli.py:Epoch 1/100	Loss 18.4260 ± 1.6560
INFO:kbc-cli.py:Epoch 2/100	Loss 8.6784 ± 0.7188
INFO:kbc-cli.py:Epoch 3/100	Loss 4.5677 ± 0.4504
INFO:kbc-cli.py:Epoch 3/100	dev results	MRR 0.420639	H@1 0.390244	H@3 0.436058	H@5 0.450725	H@10 0.468523	H@20 0.495056	H@50 0.530323	H@100 0.557515
INFO:kbc-cli.py:Epoch 3/100	test results	MRR 0.423415	H@1 0.393906	H@3 0.439694	H@5 0.449904	H@10 0.469368	H@20 0.492502	H@50 0.529994	H@100 0.558551
INFO:kbc-cli.py:Epoch 4/100	Loss 3.8779 ± 0.3856
INFO:kbc-cli.py:Epoch 5/100	Loss 3.5855 ± 0.3763
INFO:kbc-cli.py:Epoch 6/100	Loss 3.4242 ± 0.3547
INFO:kbc-cli.py:Epoch 6/100	dev results	MRR 0.435156	H@1 0.410349	H@3 0.443968	H@5 0.457647	H@10 0.480224	H@20 0.507746	H@50 0.541859	H@100 0.574984
INFO:kbc-cli.py:Epoch 6/100	test results	MRR 0.436514	H@1 0.410657	H@3 0.445597	H@5 0.460913	H@10 0.484844	H@20 0.509572	H@50 0.547224	H@100 0.574665
INFO:kbc-cli.py:Epoch 7/100	Loss 3.3140 ± 0.3427
INFO:kbc-cli.py:Epoch 8/100	Loss 3.2351 ± 0.3449
INFO:kbc-cli.py:Epoch 9/100	Loss 3.1726 ± 0.3285
INFO:kbc-cli.py:Epoch 9/100	dev results	MRR 0.438967	H@1 0.413645	H@3 0.447594	H@5 0.462096	H@10 0.483685	H@20 0.512360	H@50 0.549440	H@100 0.579268
INFO:kbc-cli.py:Epoch 9/100	test results	MRR 0.440894	H@1 0.413848	H@3 0.451181	H@5 0.465380	H@10 0.490587	H@20 0.515316	H@50 0.552808	H@100 0.581047
INFO:kbc-cli.py:Epoch 10/100	Loss 3.1212 ± 0.3182
INFO:kbc-cli.py:Epoch 11/100	Loss 3.0794 ± 0.3140
INFO:kbc-cli.py:Epoch 12/100	Loss 3.0451 ± 0.3165
INFO:kbc-cli.py:Epoch 12/100	dev results	MRR 0.440160	H@1 0.414964	H@3 0.448253	H@5 0.463250	H@10 0.486157	H@20 0.514338	H@50 0.552571	H@100 0.584212
INFO:kbc-cli.py:Epoch 12/100	test results	MRR 0.441735	H@1 0.415124	H@3 0.451181	H@5 0.466975	H@10 0.492821	H@20 0.517549	H@50 0.555839	H@100 0.583280
INFO:kbc-cli.py:Epoch 13/100	Loss 3.0130 ± 0.3070
INFO:kbc-cli.py:Epoch 14/100	Loss 2.9855 ± 0.3070
INFO:kbc-cli.py:Epoch 15/100	Loss 2.9609 ± 0.3095
INFO:kbc-cli.py:Epoch 15/100	dev results	MRR 0.441726	H@1 0.416282	H@3 0.450231	H@5 0.466051	H@10 0.487310	H@20 0.516315	H@50 0.554878	H@100 0.587673
INFO:kbc-cli.py:Epoch 15/100	test results	MRR 0.443120	H@1 0.414965	H@3 0.454690	H@5 0.467932	H@10 0.495692	H@20 0.521857	H@50 0.557913	H@100 0.588864
INFO:kbc-cli.py:Epoch 16/100	Loss 2.9404 ± 0.3003
INFO:kbc-cli.py:Epoch 17/100	Loss 2.9195 ± 0.2974
INFO:kbc-cli.py:Epoch 18/100	Loss 2.9020 ± 0.2913
INFO:kbc-cli.py:Epoch 18/100	dev results	MRR 0.443669	H@1 0.418095	H@3 0.451549	H@5 0.467535	H@10 0.490442	H@20 0.521424	H@50 0.559657	H@100 0.590804
INFO:kbc-cli.py:Epoch 18/100	test results	MRR 0.445727	H@1 0.417837	H@3 0.455967	H@5 0.472240	H@10 0.498883	H@20 0.525207	H@50 0.562380	H@100 0.590779
INFO:kbc-cli.py:Epoch 19/100	Loss 2.8851 ± 0.2916
INFO:kbc-cli.py:Epoch 20/100	Loss 2.8703 ± 0.2846
INFO:kbc-cli.py:Epoch 21/100	Loss 2.8563 ± 0.2822
INFO:kbc-cli.py:Epoch 21/100	dev results	MRR 0.443484	H@1 0.416777	H@3 0.452868	H@5 0.468029	H@10 0.491101	H@20 0.522083	H@50 0.560316	H@100 0.590475
INFO:kbc-cli.py:Epoch 21/100	test results	MRR 0.446612	H@1 0.418634	H@3 0.457243	H@5 0.472399	H@10 0.499202	H@20 0.524569	H@50 0.561902	H@100 0.591895
INFO:kbc-cli.py:Epoch 22/100	Loss 2.8427 ± 0.2886
INFO:kbc-cli.py:Epoch 23/100	Loss 2.8301 ± 0.2835
INFO:kbc-cli.py:Epoch 24/100	Loss 2.8195 ± 0.2830
INFO:kbc-cli.py:Epoch 24/100	dev results	MRR 0.444840	H@1 0.418425	H@3 0.453197	H@5 0.467864	H@10 0.493078	H@20 0.524061	H@50 0.561470	H@100 0.591628
INFO:kbc-cli.py:Epoch 24/100	test results	MRR 0.447750	H@1 0.419592	H@3 0.457562	H@5 0.472399	H@10 0.502872	H@20 0.526165	H@50 0.562859	H@100 0.593650
INFO:kbc-cli.py:Epoch 25/100	Loss 2.8082 ± 0.2795
INFO:kbc-cli.py:Epoch 26/100	Loss 2.7978 ± 0.2809
INFO:kbc-cli.py:Epoch 27/100	Loss 2.7883 ± 0.2819
INFO:kbc-cli.py:Epoch 27/100	dev results	MRR 0.444813	H@1 0.417436	H@3 0.454515	H@5 0.470995	H@10 0.495056	H@20 0.525709	H@50 0.564601	H@100 0.592947
INFO:kbc-cli.py:Epoch 27/100	test results	MRR 0.448207	H@1 0.419592	H@3 0.459158	H@5 0.473516	H@10 0.502553	H@20 0.526643	H@50 0.565252	H@100 0.595405
INFO:kbc-cli.py:Epoch 28/100	Loss 2.7792 ± 0.2743
INFO:kbc-cli.py:Epoch 29/100	Loss 2.7707 ± 0.2768
INFO:kbc-cli.py:Epoch 30/100	Loss 2.7629 ± 0.2677
INFO:kbc-cli.py:Epoch 30/100	dev results	MRR 0.446316	H@1 0.418754	H@3 0.455669	H@5 0.471819	H@10 0.495221	H@20 0.525544	H@50 0.565096	H@100 0.594100
INFO:kbc-cli.py:Epoch 30/100	test results	MRR 0.449856	H@1 0.421825	H@3 0.460115	H@5 0.476069	H@10 0.503031	H@20 0.528079	H@50 0.566209	H@100 0.596203
INFO:kbc-cli.py:Epoch 31/100	Loss 2.7545 ± 0.2747
INFO:kbc-cli.py:Epoch 32/100	Loss 2.7471 ± 0.2717
INFO:kbc-cli.py:Epoch 33/100	Loss 2.7401 ± 0.2715
INFO:kbc-cli.py:Epoch 33/100	dev results	MRR 0.446865	H@1 0.419578	H@3 0.455999	H@5 0.473138	H@10 0.497693	H@20 0.527521	H@50 0.567073	H@100 0.596243
INFO:kbc-cli.py:Epoch 33/100	test results	MRR 0.450526	H@1 0.422144	H@3 0.461391	H@5 0.476867	H@10 0.504148	H@20 0.529355	H@50 0.567326	H@100 0.598277
INFO:kbc-cli.py:Epoch 34/100	Loss 2.7336 ± 0.2616
INFO:kbc-cli.py:Epoch 35/100	Loss 2.7273 ± 0.2729
INFO:kbc-cli.py:Epoch 36/100	Loss 2.7207 ± 0.2677
INFO:kbc-cli.py:Epoch 36/100	dev results	MRR 0.448064	H@1 0.420732	H@3 0.457811	H@5 0.473467	H@10 0.499341	H@20 0.528510	H@50 0.567897	H@100 0.596572
INFO:kbc-cli.py:Epoch 36/100	test results	MRR 0.451033	H@1 0.422942	H@3 0.461551	H@5 0.476707	H@10 0.505903	H@20 0.529994	H@50 0.568762	H@100 0.598117
INFO:kbc-cli.py:Epoch 37/100	Loss 2.7147 ± 0.2655
INFO:kbc-cli.py:Epoch 38/100	Loss 2.7089 ± 0.2705
INFO:kbc-cli.py:Epoch 39/100	Loss 2.7032 ± 0.2655
INFO:kbc-cli.py:Epoch 39/100	dev results	MRR 0.447865	H@1 0.419578	H@3 0.459295	H@5 0.474621	H@10 0.499011	H@20 0.529829	H@50 0.568392	H@100 0.597067
INFO:kbc-cli.py:Epoch 39/100	test results	MRR 0.451083	H@1 0.422304	H@3 0.461551	H@5 0.477824	H@10 0.505265	H@20 0.531749	H@50 0.571634	H@100 0.598437
INFO:kbc-cli.py:Epoch 40/100	Loss 2.6982 ± 0.2597
INFO:kbc-cli.py:Epoch 41/100	Loss 2.6932 ± 0.2595
INFO:kbc-cli.py:Epoch 42/100	Loss 2.6882 ± 0.2587
INFO:kbc-cli.py:Epoch 42/100	dev results	MRR 0.448360	H@1 0.420073	H@3 0.458471	H@5 0.474127	H@10 0.500989	H@20 0.528510	H@50 0.570369	H@100 0.598715
INFO:kbc-cli.py:Epoch 42/100	test results	MRR 0.452555	H@1 0.424059	H@3 0.463465	H@5 0.477505	H@10 0.507498	H@20 0.532387	H@50 0.571315	H@100 0.599394
INFO:kbc-cli.py:Epoch 43/100	Loss 2.6836 ± 0.2578
INFO:kbc-cli.py:Epoch 44/100	Loss 2.6789 ± 0.2543
INFO:kbc-cli.py:Epoch 45/100	Loss 2.6747 ± 0.2502
INFO:kbc-cli.py:Epoch 45/100	dev results	MRR 0.448152	H@1 0.420732	H@3 0.457976	H@5 0.474621	H@10 0.499011	H@20 0.529993	H@50 0.569875	H@100 0.598385
INFO:kbc-cli.py:Epoch 45/100	test results	MRR 0.450894	H@1 0.421825	H@3 0.462508	H@5 0.477983	H@10 0.506541	H@20 0.531429	H@50 0.568762	H@100 0.600989
INFO:kbc-cli.py:Epoch 46/100	Loss 2.6700 ± 0.2533
INFO:kbc-cli.py:Epoch 47/100	Loss 2.6659 ± 0.2574
INFO:kbc-cli.py:Epoch 48/100	Loss 2.6621 ± 0.2586
INFO:kbc-cli.py:Epoch 48/100	dev results	MRR 0.448172	H@1 0.419413	H@3 0.460283	H@5 0.474951	H@10 0.500989	H@20 0.530488	H@50 0.570699	H@100 0.599374
INFO:kbc-cli.py:Epoch 48/100	test results	MRR 0.451507	H@1 0.422144	H@3 0.462348	H@5 0.478941	H@10 0.507179	H@20 0.532706	H@50 0.570676	H@100 0.600032
INFO:kbc-cli.py:Epoch 49/100	Loss 2.6577 ± 0.2547
INFO:kbc-cli.py:Epoch 50/100	Loss 2.6541 ± 0.2501
INFO:kbc-cli.py:Epoch 51/100	Loss 2.6504 ± 0.2540
INFO:kbc-cli.py:Epoch 51/100	dev results	MRR 0.449301	H@1 0.420732	H@3 0.461107	H@5 0.475939	H@10 0.501318	H@20 0.530817	H@50 0.572676	H@100 0.601022
INFO:kbc-cli.py:Epoch 51/100	test results	MRR 0.452909	H@1 0.424218	H@3 0.463625	H@5 0.479738	H@10 0.507498	H@20 0.533025	H@50 0.571315	H@100 0.600191
INFO:kbc-cli.py:Epoch 52/100	Loss 2.6467 ± 0.2568
INFO:kbc-cli.py:Epoch 53/100	Loss 2.6430 ± 0.2480
INFO:kbc-cli.py:Epoch 54/100	Loss 2.6397 ± 0.2525
INFO:kbc-cli.py:Epoch 54/100	dev results	MRR 0.450231	H@1 0.422050	H@3 0.460613	H@5 0.476599	H@10 0.500989	H@20 0.532465	H@50 0.572841	H@100 0.599209
INFO:kbc-cli.py:Epoch 54/100	test results	MRR 0.452711	H@1 0.423580	H@3 0.463146	H@5 0.480377	H@10 0.507498	H@20 0.533663	H@50 0.571155	H@100 0.600032
INFO:kbc-cli.py:Epoch 55/100	Loss 2.6364 ± 0.2560
INFO:kbc-cli.py:Epoch 56/100	Loss 2.6332 ± 0.2448
INFO:kbc-cli.py:Epoch 57/100	Loss 2.6300 ± 0.2581
INFO:kbc-cli.py:Epoch 57/100	dev results	MRR 0.449625	H@1 0.421061	H@3 0.460119	H@5 0.476763	H@10 0.501483	H@20 0.531147	H@50 0.573500	H@100 0.601846
INFO:kbc-cli.py:Epoch 57/100	test results	MRR 0.452703	H@1 0.423580	H@3 0.464103	H@5 0.479738	H@10 0.508137	H@20 0.533504	H@50 0.572910	H@100 0.601468
INFO:kbc-cli.py:Epoch 58/100	Loss 2.6268 ± 0.2518
INFO:kbc-cli.py:Epoch 59/100	Loss 2.6238 ± 0.2541
INFO:kbc-cli.py:Epoch 60/100	Loss 2.6209 ± 0.2485
INFO:kbc-cli.py:Epoch 60/100	dev results	MRR 0.450456	H@1 0.421885	H@3 0.460613	H@5 0.478576	H@10 0.504779	H@20 0.532795	H@50 0.574819	H@100 0.602670
INFO:kbc-cli.py:Epoch 60/100	test results	MRR 0.454330	H@1 0.425016	H@3 0.465858	H@5 0.483089	H@10 0.509732	H@20 0.535578	H@50 0.574027	H@100 0.602904
INFO:kbc-cli.py:Epoch 61/100	Loss 2.6178 ± 0.2523
INFO:kbc-cli.py:Epoch 62/100	Loss 2.6149 ± 0.2506
INFO:kbc-cli.py:Epoch 63/100	Loss 2.6123 ± 0.2443
INFO:kbc-cli.py:Epoch 63/100	dev results	MRR 0.450131	H@1 0.421556	H@3 0.459459	H@5 0.477752	H@10 0.502637	H@20 0.532136	H@50 0.573830	H@100 0.602011
INFO:kbc-cli.py:Epoch 63/100	test results	MRR 0.453593	H@1 0.424856	H@3 0.463944	H@5 0.480536	H@10 0.510051	H@20 0.534939	H@50 0.572750	H@100 0.602425
INFO:kbc-cli.py:Epoch 64/100	Loss 2.6098 ± 0.2448
INFO:kbc-cli.py:Epoch 65/100	Loss 2.6068 ± 0.2503
INFO:kbc-cli.py:Epoch 66/100	Loss 2.6044 ± 0.2383
INFO:kbc-cli.py:Epoch 66/100	dev results	MRR 0.450561	H@1 0.421061	H@3 0.462096	H@5 0.478411	H@10 0.504120	H@20 0.531971	H@50 0.574819	H@100 0.602670
INFO:kbc-cli.py:Epoch 66/100	test results	MRR 0.453718	H@1 0.423899	H@3 0.465539	H@5 0.482610	H@10 0.508934	H@20 0.536056	H@50 0.574346	H@100 0.603063
INFO:kbc-cli.py:Epoch 67/100	Loss 2.6017 ± 0.2454
INFO:kbc-cli.py:Epoch 68/100	Loss 2.5993 ± 0.2527
INFO:kbc-cli.py:Epoch 69/100	Loss 2.5969 ± 0.2477
INFO:kbc-cli.py:Epoch 69/100	dev results	MRR 0.450462	H@1 0.421721	H@3 0.460119	H@5 0.477752	H@10 0.503461	H@20 0.532136	H@50 0.575643	H@100 0.601351
INFO:kbc-cli.py:Epoch 69/100	test results	MRR 0.452733	H@1 0.422782	H@3 0.463944	H@5 0.481972	H@10 0.508615	H@20 0.535897	H@50 0.574186	H@100 0.603223
INFO:kbc-cli.py:Epoch 70/100	Loss 2.5945 ± 0.2462
INFO:kbc-cli.py:Epoch 71/100	Loss 2.5920 ± 0.2434
INFO:kbc-cli.py:Epoch 72/100	Loss 2.5899 ± 0.2440
INFO:kbc-cli.py:Epoch 72/100	dev results	MRR 0.451167	H@1 0.422709	H@3 0.460448	H@5 0.479071	H@10 0.503790	H@20 0.532630	H@50 0.575478	H@100 0.603988
INFO:kbc-cli.py:Epoch 72/100	test results	MRR 0.454155	H@1 0.424378	H@3 0.465220	H@5 0.483727	H@10 0.509732	H@20 0.537332	H@50 0.574505	H@100 0.602744
INFO:kbc-cli.py:Epoch 73/100	Loss 2.5876 ± 0.2438
INFO:kbc-cli.py:Epoch 74/100	Loss 2.5852 ± 0.2447
INFO:kbc-cli.py:Epoch 75/100	Loss 2.5831 ± 0.2421
INFO:kbc-cli.py:Epoch 75/100	dev results	MRR 0.451847	H@1 0.423533	H@3 0.461272	H@5 0.479565	H@10 0.504779	H@20 0.532630	H@50 0.575643	H@100 0.603988
INFO:kbc-cli.py:Epoch 75/100	test results	MRR 0.454386	H@1 0.424537	H@3 0.465699	H@5 0.482929	H@10 0.510530	H@20 0.536854	H@50 0.575144	H@100 0.603861
INFO:kbc-cli.py:Epoch 76/100	Loss 2.5811 ± 0.2439
INFO:kbc-cli.py:Epoch 77/100	Loss 2.5788 ± 0.2390
INFO:kbc-cli.py:Epoch 78/100	Loss 2.5767 ± 0.2388
INFO:kbc-cli.py:Epoch 78/100	dev results	MRR 0.451538	H@1 0.423204	H@3 0.461272	H@5 0.478247	H@10 0.503626	H@20 0.533289	H@50 0.574489	H@100 0.603494
INFO:kbc-cli.py:Epoch 78/100	test results	MRR 0.453724	H@1 0.424059	H@3 0.464263	H@5 0.482131	H@10 0.509094	H@20 0.536375	H@50 0.574825	H@100 0.604020
INFO:kbc-cli.py:Epoch 79/100	Loss 2.5746 ± 0.2381
INFO:kbc-cli.py:Epoch 80/100	Loss 2.5729 ± 0.2405
INFO:kbc-cli.py:Epoch 81/100	Loss 2.5707 ± 0.2451
INFO:kbc-cli.py:Epoch 81/100	dev results	MRR 0.451868	H@1 0.423204	H@3 0.462096	H@5 0.479895	H@10 0.504944	H@20 0.533784	H@50 0.575972	H@100 0.603988
INFO:kbc-cli.py:Epoch 81/100	test results	MRR 0.454766	H@1 0.425016	H@3 0.465061	H@5 0.484525	H@10 0.512125	H@20 0.537173	H@50 0.574984	H@100 0.604020
INFO:kbc-cli.py:Epoch 82/100	Loss 2.5689 ± 0.2375
INFO:kbc-cli.py:Epoch 83/100	Loss 2.5669 ± 0.2343
INFO:kbc-cli.py:Epoch 84/100	Loss 2.5651 ± 0.2414
INFO:kbc-cli.py:Epoch 84/100	dev results	MRR 0.450963	H@1 0.421721	H@3 0.461767	H@5 0.479235	H@10 0.504779	H@20 0.534278	H@50 0.575808	H@100 0.604647
INFO:kbc-cli.py:Epoch 84/100	test results	MRR 0.455461	H@1 0.426452	H@3 0.466337	H@5 0.483727	H@10 0.510370	H@20 0.538130	H@50 0.574505	H@100 0.605137
INFO:kbc-cli.py:Epoch 85/100	Loss 2.5633 ± 0.2405
INFO:kbc-cli.py:Epoch 86/100	Loss 2.5616 ± 0.2391
INFO:kbc-cli.py:Epoch 87/100	Loss 2.5597 ± 0.2433
INFO:kbc-cli.py:Epoch 87/100	dev results	MRR 0.452392	H@1 0.423368	H@3 0.462591	H@5 0.480554	H@10 0.506592	H@20 0.535432	H@50 0.577291	H@100 0.606131
INFO:kbc-cli.py:Epoch 87/100	test results	MRR 0.455793	H@1 0.426133	H@3 0.467135	H@5 0.485163	H@10 0.511008	H@20 0.538928	H@50 0.576739	H@100 0.604818
INFO:kbc-cli.py:Epoch 88/100	Loss 2.5578 ± 0.2447
INFO:kbc-cli.py:Epoch 89/100	Loss 2.5562 ± 0.2380
INFO:kbc-cli.py:Epoch 90/100	Loss 2.5544 ± 0.2484
INFO:kbc-cli.py:Epoch 90/100	dev results	MRR 0.451528	H@1 0.421556	H@3 0.462920	H@5 0.480719	H@10 0.506098	H@20 0.535597	H@50 0.577620	H@100 0.606460
INFO:kbc-cli.py:Epoch 90/100	test results	MRR 0.454799	H@1 0.424378	H@3 0.466018	H@5 0.484046	H@10 0.511008	H@20 0.538928	H@50 0.576101	H@100 0.605297
INFO:kbc-cli.py:Epoch 91/100	Loss 2.5528 ± 0.2387
INFO:kbc-cli.py:Epoch 92/100	Loss 2.5512 ± 0.2395
INFO:kbc-cli.py:Epoch 93/100	Loss 2.5497 ± 0.2397
INFO:kbc-cli.py:Epoch 93/100	dev results	MRR 0.451951	H@1 0.422215	H@3 0.462591	H@5 0.480883	H@10 0.507086	H@20 0.536256	H@50 0.578115	H@100 0.606460
INFO:kbc-cli.py:Epoch 93/100	test results	MRR 0.455165	H@1 0.425335	H@3 0.466337	H@5 0.485482	H@10 0.511327	H@20 0.539885	H@50 0.576739	H@100 0.606573
INFO:kbc-cli.py:Epoch 94/100	Loss 2.5482 ± 0.2368
INFO:kbc-cli.py:Epoch 95/100	Loss 2.5463 ± 0.2383
INFO:kbc-cli.py:Epoch 96/100	Loss 2.5447 ± 0.2387
INFO:kbc-cli.py:Epoch 96/100	dev results	MRR 0.452250	H@1 0.422050	H@3 0.464403	H@5 0.481378	H@10 0.506592	H@20 0.536091	H@50 0.578115	H@100 0.606625
INFO:kbc-cli.py:Epoch 96/100	test results	MRR 0.455115	H@1 0.425016	H@3 0.465858	H@5 0.485641	H@10 0.512604	H@20 0.539407	H@50 0.576739	H@100 0.606414
INFO:kbc-cli.py:Epoch 97/100	Loss 2.5432 ± 0.2336
INFO:kbc-cli.py:Epoch 98/100	Loss 2.5417 ± 0.2379
INFO:kbc-cli.py:Epoch 99/100	Loss 2.5403 ± 0.2260
INFO:kbc-cli.py:Epoch 99/100	dev results	MRR 0.451875	H@1 0.421885	H@3 0.463744	H@5 0.481048	H@10 0.505933	H@20 0.535432	H@50 0.578115	H@100 0.606625
INFO:kbc-cli.py:Epoch 99/100	test results	MRR 0.455058	H@1 0.425016	H@3 0.466177	H@5 0.484365	H@10 0.511008	H@20 0.539566	H@50 0.575782	H@100 0.605775
INFO:kbc-cli.py:Epoch 100/100	Loss 2.5386 ± 0.2342
INFO:kbc-cli.py:Final 	dev results	MRR 0.452497	H@1 0.423039	H@3 0.462920	H@5 0.481378	H@10 0.507581	H@20 0.535432	H@50 0.578444	H@100 0.607284
INFO:kbc-cli.py:Final 	test results	MRR 0.455422	H@1 0.425495	H@3 0.465858	H@5 0.484844	H@10 0.511646	H@20 0.539087	H@50 0.576101	H@100 0.607211
INFO:kbc-cli.py:Training finished
