./bin/kbc-cli.py --train data/wn18rr/train.tsv --dev data/wn18rr/dev.tsv --test data/wn18rr/test.tsv -m complex -k 1000 -b 500 -e 100 --F2 0.1 --N3 0 -l 0.1 -I standard -V 3 -o adagrad -c spo -q
{'F2': 0.1,
 'N3': 0.0,
 'batch_size': 500,
 'corruption': 'spo',
 'dev': 'data/wn18rr/dev.tsv',
 'embedding_size': 1000,
 'epochs': 100,
 'eval_batch_size': None,
 'input_type': 'standard',
 'learning_rate': 0.1,
 'load': None,
 'model': 'complex',
 'optimizer': 'adagrad',
 'quiet': True,
 'save': None,
 'seed': 0,
 'test': 'data/wn18rr/test.tsv',
 'test_i': None,
 'test_ii': None,
 'train': 'data/wn18rr/train.tsv',
 'validate_every': 3}
INFO:kbc-cli.py:Device: cuda
INFO:kbc-cli.py:Model state:
INFO:kbc-cli.py:	entities.weight	torch.Size([40943, 2000])
INFO:kbc-cli.py:	predicates.weight	torch.Size([11, 2000])
INFO:kbc-cli.py:Epoch 1/100	Loss 25.4953 ± 1.3112
INFO:kbc-cli.py:Epoch 2/100	Loss 22.1380 ± 0.2656
INFO:kbc-cli.py:Epoch 3/100	Loss 19.8260 ± 0.2760
INFO:kbc-cli.py:Epoch 3/100	dev results	MRR 0.103434	H@1 0.070699	H@3 0.110415	H@5 0.131180	H@10 0.167436	H@20 0.202868	H@50 0.263514	H@100 0.311800
INFO:kbc-cli.py:Epoch 3/100	test results	MRR 0.096836	H@1 0.063178	H@3 0.104818	H@5 0.127951	H@10 0.161136	H@20 0.195756	H@50 0.254467	H@100 0.305361
INFO:kbc-cli.py:Epoch 4/100	Loss 17.3451 ± 0.2609
INFO:kbc-cli.py:Epoch 5/100	Loss 15.2383 ± 0.1829
INFO:kbc-cli.py:Epoch 6/100	Loss 13.6298 ± 0.2006
INFO:kbc-cli.py:Epoch 6/100	dev results	MRR 0.342161	H@1 0.297792	H@3 0.372940	H@5 0.392881	H@10 0.415129	H@20 0.438860	H@50 0.472314	H@100 0.497198
INFO:kbc-cli.py:Epoch 6/100	test results	MRR 0.342285	H@1 0.300574	H@3 0.366465	H@5 0.386088	H@10 0.412253	H@20 0.435705	H@50 0.468092	H@100 0.493459
INFO:kbc-cli.py:Epoch 7/100	Loss 12.3993 ± 0.1973
INFO:kbc-cli.py:Epoch 8/100	Loss 11.5268 ± 0.1983
INFO:kbc-cli.py:Epoch 9/100	Loss 10.9419 ± 0.1971
INFO:kbc-cli.py:Epoch 9/100	dev results	MRR 0.399914	H@1 0.375742	H@3 0.410020	H@5 0.424192	H@10 0.440672	H@20 0.460778	H@50 0.486157	H@100 0.511866
INFO:kbc-cli.py:Epoch 9/100	test results	MRR 0.400494	H@1 0.375239	H@3 0.415922	H@5 0.426292	H@10 0.442884	H@20 0.459636	H@50 0.484844	H@100 0.507817
INFO:kbc-cli.py:Epoch 10/100	Loss 10.5537 ± 0.1912
INFO:kbc-cli.py:Epoch 11/100	Loss 10.2889 ± 0.1690
INFO:kbc-cli.py:Epoch 12/100	Loss 10.0988 ± 0.1771
INFO:kbc-cli.py:Epoch 12/100	dev results	MRR 0.411379	H@1 0.392221	H@3 0.416447	H@5 0.430455	H@10 0.446770	H@20 0.464403	H@50 0.492090	H@100 0.514338
INFO:kbc-cli.py:Epoch 12/100	test results	MRR 0.411757	H@1 0.390874	H@3 0.419751	H@5 0.433791	H@10 0.449585	H@20 0.464901	H@50 0.488673	H@100 0.511168
INFO:kbc-cli.py:Epoch 13/100	Loss 9.9572 ± 0.1611
INFO:kbc-cli.py:Epoch 14/100	Loss nan ± nan
INFO:kbc-cli.py:Epoch 15/100	Loss nan ± nan
INFO:kbc-cli.py:Epoch 15/100	dev results	MRR 0.000634	H@1 0.000165	H@3 0.000659	H@5 0.000989	H@10 0.000989	H@20 0.001318	H@50 0.001978	H@100 0.002637
INFO:kbc-cli.py:Epoch 15/100	test results	MRR 0.000383	H@1 0.000160	H@3 0.000160	H@5 0.000160	H@10 0.000160	H@20 0.000319	H@50 0.000638	H@100 0.001595
INFO:kbc-cli.py:Epoch 16/100	Loss nan ± nan
INFO:kbc-cli.py:Epoch 17/100	Loss nan ± nan
INFO:kbc-cli.py:Epoch 18/100	Loss nan ± nan
INFO:kbc-cli.py:Epoch 18/100	dev results	MRR 0.000634	H@1 0.000165	H@3 0.000659	H@5 0.000989	H@10 0.000989	H@20 0.001318	H@50 0.001978	H@100 0.002637
INFO:kbc-cli.py:Epoch 18/100	test results	MRR 0.000383	H@1 0.000160	H@3 0.000160	H@5 0.000160	H@10 0.000160	H@20 0.000319	H@50 0.000638	H@100 0.001595
INFO:kbc-cli.py:Epoch 19/100	Loss nan ± nan
INFO:kbc-cli.py:Epoch 20/100	Loss nan ± nan
INFO:kbc-cli.py:Epoch 21/100	Loss nan ± nan
INFO:kbc-cli.py:Epoch 21/100	dev results	MRR 0.000634	H@1 0.000165	H@3 0.000659	H@5 0.000989	H@10 0.000989	H@20 0.001318	H@50 0.001978	H@100 0.002637
INFO:kbc-cli.py:Epoch 21/100	test results	MRR 0.000383	H@1 0.000160	H@3 0.000160	H@5 0.000160	H@10 0.000160	H@20 0.000319	H@50 0.000638	H@100 0.001595
INFO:kbc-cli.py:Epoch 22/100	Loss nan ± nan
INFO:kbc-cli.py:Epoch 23/100	Loss nan ± nan
INFO:kbc-cli.py:Epoch 24/100	Loss nan ± nan
INFO:kbc-cli.py:Epoch 24/100	dev results	MRR 0.000634	H@1 0.000165	H@3 0.000659	H@5 0.000989	H@10 0.000989	H@20 0.001318	H@50 0.001978	H@100 0.002637
INFO:kbc-cli.py:Epoch 24/100	test results	MRR 0.000383	H@1 0.000160	H@3 0.000160	H@5 0.000160	H@10 0.000160	H@20 0.000319	H@50 0.000638	H@100 0.001595
INFO:kbc-cli.py:Epoch 25/100	Loss nan ± nan
INFO:kbc-cli.py:Epoch 26/100	Loss nan ± nan
INFO:kbc-cli.py:Epoch 27/100	Loss nan ± nan
INFO:kbc-cli.py:Epoch 27/100	dev results	MRR 0.000634	H@1 0.000165	H@3 0.000659	H@5 0.000989	H@10 0.000989	H@20 0.001318	H@50 0.001978	H@100 0.002637
INFO:kbc-cli.py:Epoch 27/100	test results	MRR 0.000383	H@1 0.000160	H@3 0.000160	H@5 0.000160	H@10 0.000160	H@20 0.000319	H@50 0.000638	H@100 0.001595
INFO:kbc-cli.py:Epoch 28/100	Loss nan ± nan
INFO:kbc-cli.py:Epoch 29/100	Loss nan ± nan
INFO:kbc-cli.py:Epoch 30/100	Loss nan ± nan
INFO:kbc-cli.py:Epoch 30/100	dev results	MRR 0.000634	H@1 0.000165	H@3 0.000659	H@5 0.000989	H@10 0.000989	H@20 0.001318	H@50 0.001978	H@100 0.002637
INFO:kbc-cli.py:Epoch 30/100	test results	MRR 0.000383	H@1 0.000160	H@3 0.000160	H@5 0.000160	H@10 0.000160	H@20 0.000319	H@50 0.000638	H@100 0.001595
INFO:kbc-cli.py:Epoch 31/100	Loss nan ± nan
INFO:kbc-cli.py:Epoch 32/100	Loss nan ± nan
INFO:kbc-cli.py:Epoch 33/100	Loss nan ± nan
INFO:kbc-cli.py:Epoch 33/100	dev results	MRR 0.000634	H@1 0.000165	H@3 0.000659	H@5 0.000989	H@10 0.000989	H@20 0.001318	H@50 0.001978	H@100 0.002637
INFO:kbc-cli.py:Epoch 33/100	test results	MRR 0.000383	H@1 0.000160	H@3 0.000160	H@5 0.000160	H@10 0.000160	H@20 0.000319	H@50 0.000638	H@100 0.001595
INFO:kbc-cli.py:Epoch 34/100	Loss nan ± nan
INFO:kbc-cli.py:Epoch 35/100	Loss nan ± nan
INFO:kbc-cli.py:Epoch 36/100	Loss nan ± nan
INFO:kbc-cli.py:Epoch 36/100	dev results	MRR 0.000634	H@1 0.000165	H@3 0.000659	H@5 0.000989	H@10 0.000989	H@20 0.001318	H@50 0.001978	H@100 0.002637
INFO:kbc-cli.py:Epoch 36/100	test results	MRR 0.000383	H@1 0.000160	H@3 0.000160	H@5 0.000160	H@10 0.000160	H@20 0.000319	H@50 0.000638	H@100 0.001595
INFO:kbc-cli.py:Epoch 37/100	Loss nan ± nan
INFO:kbc-cli.py:Epoch 38/100	Loss nan ± nan
INFO:kbc-cli.py:Epoch 39/100	Loss nan ± nan
INFO:kbc-cli.py:Epoch 39/100	dev results	MRR 0.000634	H@1 0.000165	H@3 0.000659	H@5 0.000989	H@10 0.000989	H@20 0.001318	H@50 0.001978	H@100 0.002637
INFO:kbc-cli.py:Epoch 39/100	test results	MRR 0.000383	H@1 0.000160	H@3 0.000160	H@5 0.000160	H@10 0.000160	H@20 0.000319	H@50 0.000638	H@100 0.001595
INFO:kbc-cli.py:Epoch 40/100	Loss nan ± nan
INFO:kbc-cli.py:Epoch 41/100	Loss nan ± nan
INFO:kbc-cli.py:Epoch 42/100	Loss nan ± nan
INFO:kbc-cli.py:Epoch 42/100	dev results	MRR 0.000634	H@1 0.000165	H@3 0.000659	H@5 0.000989	H@10 0.000989	H@20 0.001318	H@50 0.001978	H@100 0.002637
INFO:kbc-cli.py:Epoch 42/100	test results	MRR 0.000383	H@1 0.000160	H@3 0.000160	H@5 0.000160	H@10 0.000160	H@20 0.000319	H@50 0.000638	H@100 0.001595
INFO:kbc-cli.py:Epoch 43/100	Loss nan ± nan
INFO:kbc-cli.py:Epoch 44/100	Loss nan ± nan
INFO:kbc-cli.py:Epoch 45/100	Loss nan ± nan
INFO:kbc-cli.py:Epoch 45/100	dev results	MRR 0.000634	H@1 0.000165	H@3 0.000659	H@5 0.000989	H@10 0.000989	H@20 0.001318	H@50 0.001978	H@100 0.002637
INFO:kbc-cli.py:Epoch 45/100	test results	MRR 0.000383	H@1 0.000160	H@3 0.000160	H@5 0.000160	H@10 0.000160	H@20 0.000319	H@50 0.000638	H@100 0.001595
INFO:kbc-cli.py:Epoch 46/100	Loss nan ± nan
INFO:kbc-cli.py:Epoch 47/100	Loss nan ± nan
INFO:kbc-cli.py:Epoch 48/100	Loss nan ± nan
INFO:kbc-cli.py:Epoch 48/100	dev results	MRR 0.000634	H@1 0.000165	H@3 0.000659	H@5 0.000989	H@10 0.000989	H@20 0.001318	H@50 0.001978	H@100 0.002637
INFO:kbc-cli.py:Epoch 48/100	test results	MRR 0.000383	H@1 0.000160	H@3 0.000160	H@5 0.000160	H@10 0.000160	H@20 0.000319	H@50 0.000638	H@100 0.001595
INFO:kbc-cli.py:Epoch 49/100	Loss nan ± nan
INFO:kbc-cli.py:Epoch 50/100	Loss nan ± nan
INFO:kbc-cli.py:Epoch 51/100	Loss nan ± nan
INFO:kbc-cli.py:Epoch 51/100	dev results	MRR 0.000634	H@1 0.000165	H@3 0.000659	H@5 0.000989	H@10 0.000989	H@20 0.001318	H@50 0.001978	H@100 0.002637
INFO:kbc-cli.py:Epoch 51/100	test results	MRR 0.000383	H@1 0.000160	H@3 0.000160	H@5 0.000160	H@10 0.000160	H@20 0.000319	H@50 0.000638	H@100 0.001595
INFO:kbc-cli.py:Epoch 52/100	Loss nan ± nan
INFO:kbc-cli.py:Epoch 53/100	Loss nan ± nan
INFO:kbc-cli.py:Epoch 54/100	Loss nan ± nan
INFO:kbc-cli.py:Epoch 54/100	dev results	MRR 0.000634	H@1 0.000165	H@3 0.000659	H@5 0.000989	H@10 0.000989	H@20 0.001318	H@50 0.001978	H@100 0.002637
INFO:kbc-cli.py:Epoch 54/100	test results	MRR 0.000383	H@1 0.000160	H@3 0.000160	H@5 0.000160	H@10 0.000160	H@20 0.000319	H@50 0.000638	H@100 0.001595
INFO:kbc-cli.py:Epoch 55/100	Loss nan ± nan
INFO:kbc-cli.py:Epoch 56/100	Loss nan ± nan
INFO:kbc-cli.py:Epoch 57/100	Loss nan ± nan
INFO:kbc-cli.py:Epoch 57/100	dev results	MRR 0.000634	H@1 0.000165	H@3 0.000659	H@5 0.000989	H@10 0.000989	H@20 0.001318	H@50 0.001978	H@100 0.002637
INFO:kbc-cli.py:Epoch 57/100	test results	MRR 0.000383	H@1 0.000160	H@3 0.000160	H@5 0.000160	H@10 0.000160	H@20 0.000319	H@50 0.000638	H@100 0.001595
INFO:kbc-cli.py:Epoch 58/100	Loss nan ± nan
INFO:kbc-cli.py:Epoch 59/100	Loss nan ± nan
INFO:kbc-cli.py:Epoch 60/100	Loss nan ± nan
INFO:kbc-cli.py:Epoch 60/100	dev results	MRR 0.000634	H@1 0.000165	H@3 0.000659	H@5 0.000989	H@10 0.000989	H@20 0.001318	H@50 0.001978	H@100 0.002637
INFO:kbc-cli.py:Epoch 60/100	test results	MRR 0.000383	H@1 0.000160	H@3 0.000160	H@5 0.000160	H@10 0.000160	H@20 0.000319	H@50 0.000638	H@100 0.001595
INFO:kbc-cli.py:Epoch 61/100	Loss nan ± nan
INFO:kbc-cli.py:Epoch 62/100	Loss nan ± nan
INFO:kbc-cli.py:Epoch 63/100	Loss nan ± nan
INFO:kbc-cli.py:Epoch 63/100	dev results	MRR 0.000634	H@1 0.000165	H@3 0.000659	H@5 0.000989	H@10 0.000989	H@20 0.001318	H@50 0.001978	H@100 0.002637
INFO:kbc-cli.py:Epoch 63/100	test results	MRR 0.000383	H@1 0.000160	H@3 0.000160	H@5 0.000160	H@10 0.000160	H@20 0.000319	H@50 0.000638	H@100 0.001595
INFO:kbc-cli.py:Epoch 64/100	Loss nan ± nan
INFO:kbc-cli.py:Epoch 65/100	Loss nan ± nan
INFO:kbc-cli.py:Epoch 66/100	Loss nan ± nan
INFO:kbc-cli.py:Epoch 66/100	dev results	MRR 0.000634	H@1 0.000165	H@3 0.000659	H@5 0.000989	H@10 0.000989	H@20 0.001318	H@50 0.001978	H@100 0.002637
INFO:kbc-cli.py:Epoch 66/100	test results	MRR 0.000383	H@1 0.000160	H@3 0.000160	H@5 0.000160	H@10 0.000160	H@20 0.000319	H@50 0.000638	H@100 0.001595
INFO:kbc-cli.py:Epoch 67/100	Loss nan ± nan
INFO:kbc-cli.py:Epoch 68/100	Loss nan ± nan
INFO:kbc-cli.py:Epoch 69/100	Loss nan ± nan
INFO:kbc-cli.py:Epoch 69/100	dev results	MRR 0.000634	H@1 0.000165	H@3 0.000659	H@5 0.000989	H@10 0.000989	H@20 0.001318	H@50 0.001978	H@100 0.002637
INFO:kbc-cli.py:Epoch 69/100	test results	MRR 0.000383	H@1 0.000160	H@3 0.000160	H@5 0.000160	H@10 0.000160	H@20 0.000319	H@50 0.000638	H@100 0.001595
INFO:kbc-cli.py:Epoch 70/100	Loss nan ± nan
INFO:kbc-cli.py:Epoch 71/100	Loss nan ± nan
INFO:kbc-cli.py:Epoch 72/100	Loss nan ± nan
INFO:kbc-cli.py:Epoch 72/100	dev results	MRR 0.000634	H@1 0.000165	H@3 0.000659	H@5 0.000989	H@10 0.000989	H@20 0.001318	H@50 0.001978	H@100 0.002637
INFO:kbc-cli.py:Epoch 72/100	test results	MRR 0.000383	H@1 0.000160	H@3 0.000160	H@5 0.000160	H@10 0.000160	H@20 0.000319	H@50 0.000638	H@100 0.001595
INFO:kbc-cli.py:Epoch 73/100	Loss nan ± nan
INFO:kbc-cli.py:Epoch 74/100	Loss nan ± nan
INFO:kbc-cli.py:Epoch 75/100	Loss nan ± nan
INFO:kbc-cli.py:Epoch 75/100	dev results	MRR 0.000634	H@1 0.000165	H@3 0.000659	H@5 0.000989	H@10 0.000989	H@20 0.001318	H@50 0.001978	H@100 0.002637
INFO:kbc-cli.py:Epoch 75/100	test results	MRR 0.000383	H@1 0.000160	H@3 0.000160	H@5 0.000160	H@10 0.000160	H@20 0.000319	H@50 0.000638	H@100 0.001595
INFO:kbc-cli.py:Epoch 76/100	Loss nan ± nan
INFO:kbc-cli.py:Epoch 77/100	Loss nan ± nan
INFO:kbc-cli.py:Epoch 78/100	Loss nan ± nan
INFO:kbc-cli.py:Epoch 78/100	dev results	MRR 0.000634	H@1 0.000165	H@3 0.000659	H@5 0.000989	H@10 0.000989	H@20 0.001318	H@50 0.001978	H@100 0.002637
INFO:kbc-cli.py:Epoch 78/100	test results	MRR 0.000383	H@1 0.000160	H@3 0.000160	H@5 0.000160	H@10 0.000160	H@20 0.000319	H@50 0.000638	H@100 0.001595
INFO:kbc-cli.py:Epoch 79/100	Loss nan ± nan
INFO:kbc-cli.py:Epoch 80/100	Loss nan ± nan
INFO:kbc-cli.py:Epoch 81/100	Loss nan ± nan
INFO:kbc-cli.py:Epoch 81/100	dev results	MRR 0.000634	H@1 0.000165	H@3 0.000659	H@5 0.000989	H@10 0.000989	H@20 0.001318	H@50 0.001978	H@100 0.002637
INFO:kbc-cli.py:Epoch 81/100	test results	MRR 0.000383	H@1 0.000160	H@3 0.000160	H@5 0.000160	H@10 0.000160	H@20 0.000319	H@50 0.000638	H@100 0.001595
INFO:kbc-cli.py:Epoch 82/100	Loss nan ± nan
INFO:kbc-cli.py:Epoch 83/100	Loss nan ± nan
INFO:kbc-cli.py:Epoch 84/100	Loss nan ± nan
INFO:kbc-cli.py:Epoch 84/100	dev results	MRR 0.000634	H@1 0.000165	H@3 0.000659	H@5 0.000989	H@10 0.000989	H@20 0.001318	H@50 0.001978	H@100 0.002637
INFO:kbc-cli.py:Epoch 84/100	test results	MRR 0.000383	H@1 0.000160	H@3 0.000160	H@5 0.000160	H@10 0.000160	H@20 0.000319	H@50 0.000638	H@100 0.001595
INFO:kbc-cli.py:Epoch 85/100	Loss nan ± nan
INFO:kbc-cli.py:Epoch 86/100	Loss nan ± nan
INFO:kbc-cli.py:Epoch 87/100	Loss nan ± nan
INFO:kbc-cli.py:Epoch 87/100	dev results	MRR 0.000634	H@1 0.000165	H@3 0.000659	H@5 0.000989	H@10 0.000989	H@20 0.001318	H@50 0.001978	H@100 0.002637
INFO:kbc-cli.py:Epoch 87/100	test results	MRR 0.000383	H@1 0.000160	H@3 0.000160	H@5 0.000160	H@10 0.000160	H@20 0.000319	H@50 0.000638	H@100 0.001595
INFO:kbc-cli.py:Epoch 88/100	Loss nan ± nan
INFO:kbc-cli.py:Epoch 89/100	Loss nan ± nan
INFO:kbc-cli.py:Epoch 90/100	Loss nan ± nan
INFO:kbc-cli.py:Epoch 90/100	dev results	MRR 0.000634	H@1 0.000165	H@3 0.000659	H@5 0.000989	H@10 0.000989	H@20 0.001318	H@50 0.001978	H@100 0.002637
INFO:kbc-cli.py:Epoch 90/100	test results	MRR 0.000383	H@1 0.000160	H@3 0.000160	H@5 0.000160	H@10 0.000160	H@20 0.000319	H@50 0.000638	H@100 0.001595
INFO:kbc-cli.py:Epoch 91/100	Loss nan ± nan
INFO:kbc-cli.py:Epoch 92/100	Loss nan ± nan
INFO:kbc-cli.py:Epoch 93/100	Loss nan ± nan
INFO:kbc-cli.py:Epoch 93/100	dev results	MRR 0.000634	H@1 0.000165	H@3 0.000659	H@5 0.000989	H@10 0.000989	H@20 0.001318	H@50 0.001978	H@100 0.002637
INFO:kbc-cli.py:Epoch 93/100	test results	MRR 0.000383	H@1 0.000160	H@3 0.000160	H@5 0.000160	H@10 0.000160	H@20 0.000319	H@50 0.000638	H@100 0.001595
INFO:kbc-cli.py:Epoch 94/100	Loss nan ± nan
INFO:kbc-cli.py:Epoch 95/100	Loss nan ± nan
INFO:kbc-cli.py:Epoch 96/100	Loss nan ± nan
INFO:kbc-cli.py:Epoch 96/100	dev results	MRR 0.000634	H@1 0.000165	H@3 0.000659	H@5 0.000989	H@10 0.000989	H@20 0.001318	H@50 0.001978	H@100 0.002637
INFO:kbc-cli.py:Epoch 96/100	test results	MRR 0.000383	H@1 0.000160	H@3 0.000160	H@5 0.000160	H@10 0.000160	H@20 0.000319	H@50 0.000638	H@100 0.001595
INFO:kbc-cli.py:Epoch 97/100	Loss nan ± nan
INFO:kbc-cli.py:Epoch 98/100	Loss nan ± nan
INFO:kbc-cli.py:Epoch 99/100	Loss nan ± nan
INFO:kbc-cli.py:Epoch 99/100	dev results	MRR 0.000634	H@1 0.000165	H@3 0.000659	H@5 0.000989	H@10 0.000989	H@20 0.001318	H@50 0.001978	H@100 0.002637
INFO:kbc-cli.py:Epoch 99/100	test results	MRR 0.000383	H@1 0.000160	H@3 0.000160	H@5 0.000160	H@10 0.000160	H@20 0.000319	H@50 0.000638	H@100 0.001595
INFO:kbc-cli.py:Epoch 100/100	Loss nan ± nan
INFO:kbc-cli.py:Final 	dev results	MRR 0.000634	H@1 0.000165	H@3 0.000659	H@5 0.000989	H@10 0.000989	H@20 0.001318	H@50 0.001978	H@100 0.002637
INFO:kbc-cli.py:Final 	test results	MRR 0.000383	H@1 0.000160	H@3 0.000160	H@5 0.000160	H@10 0.000160	H@20 0.000319	H@50 0.000638	H@100 0.001595
INFO:kbc-cli.py:Training finished
