./bin/kbc-cli.py --train data/wn18rr/train.tsv --dev data/wn18rr/dev.tsv --test data/wn18rr/test.tsv -m complex -k 500 -b 500 -e 100 --F2 0 --N3 0.5 -l 0.1 -I standard -V 3 -o adagrad -c so -q
{'F2': 0.0,
 'N3': 0.5,
 'batch_size': 500,
 'corruption': 'so',
 'dev': 'data/wn18rr/dev.tsv',
 'embedding_size': 500,
 'epochs': 100,
 'eval_batch_size': None,
 'input_type': 'standard',
 'learning_rate': 0.1,
 'load': None,
 'model': 'complex',
 'optimizer': 'adagrad',
 'quiet': True,
 'save': None,
 'seed': 0,
 'test': 'data/wn18rr/test.tsv',
 'test_i': None,
 'test_ii': None,
 'train': 'data/wn18rr/train.tsv',
 'validate_every': 3}
INFO:kbc-cli.py:Device: cuda
INFO:kbc-cli.py:Model state:
INFO:kbc-cli.py:	entities.weight	torch.Size([40943, 1000])
INFO:kbc-cli.py:	predicates.weight	torch.Size([11, 1000])
INFO:kbc-cli.py:Epoch 1/100	Loss 58.4164 ± 11.6264
INFO:kbc-cli.py:Epoch 2/100	Loss 35.9599 ± 1.5616
INFO:kbc-cli.py:Epoch 3/100	Loss 30.2483 ± 0.6566
INFO:kbc-cli.py:Epoch 3/100	dev results	MRR 0.017106	H@1 0.008570	H@3 0.015656	H@5 0.021424	H@10 0.033454	H@20 0.048451	H@50 0.073336	H@100 0.091628
INFO:kbc-cli.py:Epoch 3/100	test results	MRR 0.018140	H@1 0.010051	H@3 0.016433	H@5 0.021857	H@10 0.034461	H@20 0.048819	H@50 0.070198	H@100 0.089662
INFO:kbc-cli.py:Epoch 4/100	Loss 27.5637 ± 0.4013
INFO:kbc-cli.py:Epoch 5/100	Loss 26.0189 ± 0.2919
INFO:kbc-cli.py:Epoch 6/100	Loss 25.0285 ± 0.2354
INFO:kbc-cli.py:Epoch 6/100	dev results	MRR 0.012170	H@1 0.003461	H@3 0.011701	H@5 0.018622	H@10 0.029005	H@20 0.040541	H@50 0.062788	H@100 0.082729
INFO:kbc-cli.py:Epoch 6/100	test results	MRR 0.013435	H@1 0.004946	H@3 0.013082	H@5 0.017390	H@10 0.030791	H@20 0.044193	H@50 0.063338	H@100 0.077856
INFO:kbc-cli.py:Epoch 7/100	Loss 24.3477 ± 0.2064
INFO:kbc-cli.py:Epoch 8/100	Loss 23.8551 ± 0.1794
INFO:kbc-cli.py:Epoch 9/100	Loss 23.4855 ± 0.1614
INFO:kbc-cli.py:Epoch 9/100	dev results	MRR 0.010458	H@1 0.005274	H@3 0.007910	H@5 0.011042	H@10 0.020765	H@20 0.032630	H@50 0.054054	H@100 0.075643
INFO:kbc-cli.py:Epoch 9/100	test results	MRR 0.011090	H@1 0.005105	H@3 0.009732	H@5 0.013561	H@10 0.020262	H@20 0.037652	H@50 0.056477	H@100 0.071793
INFO:kbc-cli.py:Epoch 10/100	Loss 23.1995 ± 0.1440
INFO:kbc-cli.py:Epoch 11/100	Loss 22.9714 ± 0.1377
INFO:kbc-cli.py:Epoch 12/100	Loss 22.7869 ± 0.1385
INFO:kbc-cli.py:Epoch 12/100	dev results	MRR 0.008475	H@1 0.003461	H@3 0.007746	H@5 0.009394	H@10 0.013349	H@20 0.028181	H@50 0.051417	H@100 0.067732
INFO:kbc-cli.py:Epoch 12/100	test results	MRR 0.009968	H@1 0.004627	H@3 0.010051	H@5 0.011327	H@10 0.015635	H@20 0.029355	H@50 0.052967	H@100 0.067486
INFO:kbc-cli.py:Epoch 13/100	Loss 22.6350 ± 0.1224
INFO:kbc-cli.py:Epoch 14/100	Loss 22.5066 ± 0.1136
INFO:kbc-cli.py:Epoch 15/100	Loss 22.3973 ± 0.1121
INFO:kbc-cli.py:Epoch 15/100	dev results	MRR 0.008929	H@1 0.003790	H@3 0.007746	H@5 0.010547	H@10 0.015985	H@20 0.027686	H@50 0.053889	H@100 0.070040
INFO:kbc-cli.py:Epoch 15/100	test results	MRR 0.010575	H@1 0.004946	H@3 0.008456	H@5 0.013561	H@10 0.017869	H@20 0.030632	H@50 0.055680	H@100 0.069560
INFO:kbc-cli.py:Epoch 16/100	Loss 22.2992 ± 0.1022
INFO:kbc-cli.py:Epoch 17/100	Loss 22.1991 ± 0.1033
INFO:kbc-cli.py:Epoch 18/100	Loss 22.0875 ± 0.1004
INFO:kbc-cli.py:Epoch 18/100	dev results	MRR 0.059206	H@1 0.029993	H@3 0.062294	H@5 0.081740	H@10 0.117172	H@20 0.155405	H@50 0.212261	H@100 0.265985
INFO:kbc-cli.py:Epoch 18/100	test results	MRR 0.056600	H@1 0.029675	H@3 0.058870	H@5 0.075782	H@10 0.106892	H@20 0.144863	H@50 0.203893	H@100 0.264997
INFO:kbc-cli.py:Epoch 19/100	Loss 21.9702 ± 0.0945
INFO:kbc-cli.py:Epoch 20/100	Loss 21.8516 ± 0.0804
INFO:kbc-cli.py:Epoch 21/100	Loss 21.7285 ± 0.0974
INFO:kbc-cli.py:Epoch 21/100	dev results	MRR 0.167098	H@1 0.094595	H@3 0.191002	H@5 0.242090	H@10 0.314272	H@20 0.387607	H@50 0.473467	H@100 0.531312
INFO:kbc-cli.py:Epoch 21/100	test results	MRR 0.164284	H@1 0.094448	H@3 0.181398	H@5 0.238513	H@10 0.311264	H@20 0.389598	H@50 0.481334	H@100 0.542597
INFO:kbc-cli.py:Epoch 22/100	Loss 21.5944 ± 0.0925
INFO:kbc-cli.py:Epoch 23/100	Loss 21.4535 ± 0.0912
INFO:kbc-cli.py:Epoch 24/100	Loss 21.3153 ± 0.0969
INFO:kbc-cli.py:Epoch 24/100	dev results	MRR 0.199586	H@1 0.110250	H@3 0.231543	H@5 0.296144	H@10 0.384311	H@20 0.468688	H@50 0.558668	H@100 0.614370
INFO:kbc-cli.py:Epoch 24/100	test results	MRR 0.202804	H@1 0.115667	H@3 0.231334	H@5 0.297064	H@10 0.389598	H@20 0.471442	H@50 0.567805	H@100 0.627313
INFO:kbc-cli.py:Epoch 25/100	Loss 21.1906 ± 0.1045
INFO:kbc-cli.py:Epoch 26/100	Loss 21.0861 ± 0.1054
INFO:kbc-cli.py:Epoch 27/100	Loss 20.9988 ± 0.1216
INFO:kbc-cli.py:Epoch 27/100	dev results	MRR 0.223118	H@1 0.128214	H@3 0.260218	H@5 0.329598	H@10 0.418425	H@20 0.498022	H@50 0.586355	H@100 0.639090
INFO:kbc-cli.py:Epoch 27/100	test results	MRR 0.220458	H@1 0.125239	H@3 0.253510	H@5 0.329611	H@10 0.424856	H@20 0.509094	H@50 0.593491	H@100 0.648054
INFO:kbc-cli.py:Epoch 28/100	Loss 20.9248 ± 0.1091
INFO:kbc-cli.py:Epoch 29/100	Loss 20.8621 ± 0.1171
INFO:kbc-cli.py:Epoch 30/100	Loss 20.8078 ± 0.1135
INFO:kbc-cli.py:Epoch 30/100	dev results	MRR 0.230025	H@1 0.126895	H@3 0.277851	H@5 0.348715	H@10 0.435893	H@20 0.513514	H@50 0.594265	H@100 0.648484
INFO:kbc-cli.py:Epoch 30/100	test results	MRR 0.231063	H@1 0.128909	H@3 0.276643	H@5 0.347798	H@10 0.445756	H@20 0.525367	H@50 0.603861	H@100 0.654754
INFO:kbc-cli.py:Epoch 31/100	Loss 20.7594 ± 0.1106
INFO:kbc-cli.py:Epoch 32/100	Loss 20.7167 ± 0.1052
INFO:kbc-cli.py:Epoch 33/100	Loss 20.6782 ± 0.1077
INFO:kbc-cli.py:Epoch 33/100	dev results	MRR 0.233173	H@1 0.126401	H@3 0.285432	H@5 0.357284	H@10 0.447924	H@20 0.524885	H@50 0.600857	H@100 0.654581
INFO:kbc-cli.py:Epoch 33/100	test results	MRR 0.237156	H@1 0.131142	H@3 0.283823	H@5 0.364710	H@10 0.459796	H@20 0.536056	H@50 0.611519	H@100 0.660498
INFO:kbc-cli.py:Epoch 34/100	Loss 20.6426 ± 0.1063
INFO:kbc-cli.py:Epoch 35/100	Loss 20.6109 ± 0.1057
INFO:kbc-cli.py:Epoch 36/100	Loss 20.5812 ± 0.1033
INFO:kbc-cli.py:Epoch 36/100	dev results	MRR 0.238257	H@1 0.131015	H@3 0.288563	H@5 0.363876	H@10 0.451055	H@20 0.529993	H@50 0.606460	H@100 0.658042
INFO:kbc-cli.py:Epoch 36/100	test results	MRR 0.238750	H@1 0.130026	H@3 0.291321	H@5 0.372368	H@10 0.464742	H@20 0.540523	H@50 0.612476	H@100 0.662572
INFO:kbc-cli.py:Epoch 37/100	Loss 20.5542 ± 0.1115
INFO:kbc-cli.py:Epoch 38/100	Loss 20.5289 ± 0.1038
INFO:kbc-cli.py:Epoch 39/100	Loss 20.5052 ± 0.1032
INFO:kbc-cli.py:Epoch 39/100	dev results	MRR 0.240429	H@1 0.129532	H@3 0.295649	H@5 0.374918	H@10 0.457811	H@20 0.534443	H@50 0.609097	H@100 0.663645
INFO:kbc-cli.py:Epoch 39/100	test results	MRR 0.241698	H@1 0.128909	H@3 0.298341	H@5 0.380026	H@10 0.469687	H@20 0.544831	H@50 0.614550	H@100 0.666879
INFO:kbc-cli.py:Epoch 40/100	Loss 20.4833 ± 0.0971
INFO:kbc-cli.py:Epoch 41/100	Loss 20.4627 ± 0.1047
INFO:kbc-cli.py:Epoch 42/100	Loss 20.4434 ± 0.1026
INFO:kbc-cli.py:Epoch 42/100	dev results	MRR 0.241745	H@1 0.129697	H@3 0.300428	H@5 0.375247	H@10 0.462096	H@20 0.534773	H@50 0.611074	H@100 0.664140
INFO:kbc-cli.py:Epoch 42/100	test results	MRR 0.243912	H@1 0.130823	H@3 0.303127	H@5 0.381621	H@10 0.472719	H@20 0.545948	H@50 0.618060	H@100 0.668634
INFO:kbc-cli.py:Epoch 43/100	Loss 20.4252 ± 0.1049
INFO:kbc-cli.py:Epoch 44/100	Loss 20.4078 ± 0.1044
INFO:kbc-cli.py:Epoch 45/100	Loss 20.3914 ± 0.0947
INFO:kbc-cli.py:Epoch 45/100	dev results	MRR 0.241940	H@1 0.126236	H@3 0.304219	H@5 0.380686	H@10 0.464568	H@20 0.538069	H@50 0.614041	H@100 0.668754
INFO:kbc-cli.py:Epoch 45/100	test results	MRR 0.245771	H@1 0.130823	H@3 0.307275	H@5 0.386886	H@10 0.475750	H@20 0.547224	H@50 0.620613	H@100 0.671347
INFO:kbc-cli.py:Epoch 46/100	Loss 20.3759 ± 0.0960
INFO:kbc-cli.py:Epoch 47/100	Loss 20.3611 ± 0.0951
INFO:kbc-cli.py:Epoch 48/100	Loss 20.3470 ± 0.1019
INFO:kbc-cli.py:Epoch 48/100	dev results	MRR 0.241898	H@1 0.123764	H@3 0.304384	H@5 0.386454	H@10 0.467205	H@20 0.541035	H@50 0.616678	H@100 0.669908
INFO:kbc-cli.py:Epoch 48/100	test results	MRR 0.246127	H@1 0.130504	H@3 0.308870	H@5 0.388641	H@10 0.478143	H@20 0.551053	H@50 0.622368	H@100 0.672623
INFO:kbc-cli.py:Epoch 49/100	Loss 20.3336 ± 0.0871
INFO:kbc-cli.py:Epoch 50/100	Loss 20.3211 ± 0.0928
INFO:kbc-cli.py:Epoch 51/100	Loss 20.3085 ± 0.0891
INFO:kbc-cli.py:Epoch 51/100	dev results	MRR 0.245386	H@1 0.126895	H@3 0.310976	H@5 0.390574	H@10 0.471490	H@20 0.543177	H@50 0.617996	H@100 0.673039
INFO:kbc-cli.py:Epoch 51/100	test results	MRR 0.247472	H@1 0.129228	H@3 0.311423	H@5 0.393906	H@10 0.483567	H@20 0.554403	H@50 0.621729	H@100 0.673421
INFO:kbc-cli.py:Epoch 52/100	Loss 20.2971 ± 0.0995
INFO:kbc-cli.py:Epoch 53/100	Loss 20.2859 ± 0.0979
INFO:kbc-cli.py:Epoch 54/100	Loss 20.2754 ± 0.1078
INFO:kbc-cli.py:Epoch 54/100	dev results	MRR 0.245114	H@1 0.124918	H@3 0.311964	H@5 0.390079	H@10 0.474951	H@20 0.544166	H@50 0.619150	H@100 0.674522
INFO:kbc-cli.py:Epoch 54/100	test results	MRR 0.248560	H@1 0.129228	H@3 0.315412	H@5 0.393906	H@10 0.483089	H@20 0.555520	H@50 0.624601	H@100 0.673740
INFO:kbc-cli.py:Epoch 55/100	Loss 20.2649 ± 0.0942
INFO:kbc-cli.py:Epoch 56/100	Loss 20.2552 ± 0.0914
INFO:kbc-cli.py:Epoch 57/100	Loss 20.2459 ± 0.0901
INFO:kbc-cli.py:Epoch 57/100	dev results	MRR 0.246044	H@1 0.124753	H@3 0.314601	H@5 0.394034	H@10 0.472808	H@20 0.543342	H@50 0.620962	H@100 0.676500
INFO:kbc-cli.py:Epoch 57/100	test results	MRR 0.249206	H@1 0.129228	H@3 0.315093	H@5 0.395820	H@10 0.484205	H@20 0.556158	H@50 0.624761	H@100 0.675973
INFO:kbc-cli.py:Epoch 58/100	Loss 20.2366 ± 0.0880
INFO:kbc-cli.py:Epoch 59/100	Loss 20.2276 ± 0.0956
INFO:kbc-cli.py:Epoch 60/100	Loss 20.2193 ± 0.0906
INFO:kbc-cli.py:Epoch 60/100	dev results	MRR 0.247007	H@1 0.124258	H@3 0.318886	H@5 0.393375	H@10 0.476599	H@20 0.547132	H@50 0.622446	H@100 0.677488
INFO:kbc-cli.py:Epoch 60/100	test results	MRR 0.248591	H@1 0.125877	H@3 0.321155	H@5 0.400128	H@10 0.486758	H@20 0.556637	H@50 0.626356	H@100 0.676452
INFO:kbc-cli.py:Epoch 61/100	Loss 20.2108 ± 0.0924
INFO:kbc-cli.py:Epoch 62/100	Loss 20.2031 ± 0.0875
INFO:kbc-cli.py:Epoch 63/100	Loss 20.1955 ± 0.0867
INFO:kbc-cli.py:Epoch 63/100	dev results	MRR 0.247327	H@1 0.124094	H@3 0.318227	H@5 0.396341	H@10 0.476104	H@20 0.547956	H@50 0.622775	H@100 0.677983
INFO:kbc-cli.py:Epoch 63/100	test results	MRR 0.248124	H@1 0.125558	H@3 0.318124	H@5 0.400925	H@10 0.488832	H@20 0.555680	H@50 0.626675	H@100 0.678047
INFO:kbc-cli.py:Epoch 64/100	Loss 20.1883 ± 0.0954
INFO:kbc-cli.py:Epoch 65/100	Loss 20.1810 ± 0.0945
INFO:kbc-cli.py:Epoch 66/100	Loss 20.1743 ± 0.0910
INFO:kbc-cli.py:Epoch 66/100	dev results	MRR 0.248185	H@1 0.123764	H@3 0.322841	H@5 0.397495	H@10 0.477752	H@20 0.548451	H@50 0.624753	H@100 0.678148
INFO:kbc-cli.py:Epoch 66/100	test results	MRR 0.251053	H@1 0.127951	H@3 0.322591	H@5 0.404754	H@10 0.489789	H@20 0.556637	H@50 0.628271	H@100 0.677728
INFO:kbc-cli.py:Epoch 67/100	Loss 20.1675 ± 0.0895
INFO:kbc-cli.py:Epoch 68/100	Loss 20.1615 ± 0.0796
INFO:kbc-cli.py:Epoch 69/100	Loss 20.1551 ± 0.0947
INFO:kbc-cli.py:Epoch 69/100	dev results	MRR 0.248544	H@1 0.123434	H@3 0.324984	H@5 0.399967	H@10 0.476763	H@20 0.547627	H@50 0.623764	H@100 0.678642
INFO:kbc-cli.py:Epoch 69/100	test results	MRR 0.250839	H@1 0.126835	H@3 0.320517	H@5 0.405233	H@10 0.489630	H@20 0.559030	H@50 0.629387	H@100 0.678366
INFO:kbc-cli.py:Epoch 70/100	Loss 20.1489 ± 0.0917
INFO:kbc-cli.py:Epoch 71/100	Loss 20.1433 ± 0.0827
INFO:kbc-cli.py:Epoch 72/100	Loss 20.1375 ± 0.0840
INFO:kbc-cli.py:Epoch 72/100	dev results	MRR 0.248781	H@1 0.123599	H@3 0.324984	H@5 0.398978	H@10 0.479895	H@20 0.550593	H@50 0.623434	H@100 0.679631
INFO:kbc-cli.py:Epoch 72/100	test results	MRR 0.252235	H@1 0.127473	H@3 0.325782	H@5 0.406031	H@10 0.491704	H@20 0.559349	H@50 0.629706	H@100 0.678845
INFO:kbc-cli.py:Epoch 73/100	Loss 20.1323 ± 0.0866
INFO:kbc-cli.py:Epoch 74/100	Loss 20.1268 ± 0.0802
INFO:kbc-cli.py:Epoch 75/100	Loss 20.1217 ± 0.0816
INFO:kbc-cli.py:Epoch 75/100	dev results	MRR 0.250752	H@1 0.124258	H@3 0.328279	H@5 0.401121	H@10 0.481872	H@20 0.549440	H@50 0.624918	H@100 0.679631
INFO:kbc-cli.py:Epoch 75/100	test results	MRR 0.252974	H@1 0.128271	H@3 0.325782	H@5 0.407307	H@10 0.490906	H@20 0.560306	H@50 0.630026	H@100 0.679004
INFO:kbc-cli.py:Epoch 76/100	Loss 20.1165 ± 0.0862
INFO:kbc-cli.py:Epoch 77/100	Loss 20.1119 ± 0.0826
INFO:kbc-cli.py:Epoch 78/100	Loss 20.1070 ± 0.0904
INFO:kbc-cli.py:Epoch 78/100	dev results	MRR 0.251958	H@1 0.125577	H@3 0.330092	H@5 0.403428	H@10 0.482367	H@20 0.551252	H@50 0.624423	H@100 0.679960
INFO:kbc-cli.py:Epoch 78/100	test results	MRR 0.253452	H@1 0.126994	H@3 0.329930	H@5 0.409062	H@10 0.492342	H@20 0.561423	H@50 0.630664	H@100 0.679483
INFO:kbc-cli.py:Epoch 79/100	Loss 20.1023 ± 0.0846
INFO:kbc-cli.py:Epoch 80/100	Loss 20.0978 ± 0.0868
INFO:kbc-cli.py:Epoch 81/100	Loss 20.0937 ± 0.0910
INFO:kbc-cli.py:Epoch 81/100	dev results	MRR 0.252749	H@1 0.125742	H@3 0.333553	H@5 0.404911	H@10 0.485827	H@20 0.551582	H@50 0.625906	H@100 0.681444
INFO:kbc-cli.py:Epoch 81/100	test results	MRR 0.255221	H@1 0.130345	H@3 0.330408	H@5 0.408583	H@10 0.493778	H@20 0.560944	H@50 0.631461	H@100 0.680919
INFO:kbc-cli.py:Epoch 82/100	Loss 20.0895 ± 0.0868
INFO:kbc-cli.py:Epoch 83/100	Loss 20.0850 ± 0.0860
INFO:kbc-cli.py:Epoch 84/100	Loss 20.0809 ± 0.0821
INFO:kbc-cli.py:Epoch 84/100	dev results	MRR 0.255321	H@1 0.128873	H@3 0.334871	H@5 0.405900	H@10 0.486157	H@20 0.553395	H@50 0.625577	H@100 0.681608
INFO:kbc-cli.py:Epoch 84/100	test results	MRR 0.256846	H@1 0.131461	H@3 0.332163	H@5 0.410817	H@10 0.495054	H@20 0.559987	H@50 0.629706	H@100 0.680600
INFO:kbc-cli.py:Epoch 85/100	Loss 20.0767 ± 0.0861
INFO:kbc-cli.py:Epoch 86/100	Loss 20.0725 ± 0.0916
INFO:kbc-cli.py:Epoch 87/100	Loss 20.0684 ± 0.0804
INFO:kbc-cli.py:Epoch 87/100	dev results	MRR 0.262877	H@1 0.138596	H@3 0.338167	H@5 0.408537	H@10 0.486651	H@20 0.552736	H@50 0.625742	H@100 0.681114
INFO:kbc-cli.py:Epoch 87/100	test results	MRR 0.263425	H@1 0.139757	H@3 0.337747	H@5 0.414008	H@10 0.495373	H@20 0.561423	H@50 0.630823	H@100 0.681398
INFO:kbc-cli.py:Epoch 88/100	Loss 20.0639 ± 0.0810
INFO:kbc-cli.py:Epoch 89/100	Loss 20.0595 ± 0.0879
INFO:kbc-cli.py:Epoch 90/100	Loss 20.0543 ± 0.0891
INFO:kbc-cli.py:Epoch 90/100	dev results	MRR 0.283946	H@1 0.166941	H@3 0.353823	H@5 0.417106	H@10 0.492584	H@20 0.554878	H@50 0.627225	H@100 0.683256
INFO:kbc-cli.py:Epoch 90/100	test results	MRR 0.281251	H@1 0.161615	H@3 0.351946	H@5 0.421666	H@10 0.499202	H@20 0.562699	H@50 0.632100	H@100 0.682036
INFO:kbc-cli.py:Epoch 91/100	Loss 20.0484 ± 0.0811
INFO:kbc-cli.py:Epoch 92/100	Loss 20.0431 ± 0.0919
INFO:kbc-cli.py:Epoch 93/100	Loss 20.0376 ± 0.0807
INFO:kbc-cli.py:Epoch 93/100	dev results	MRR 0.307734	H@1 0.201879	H@3 0.367007	H@5 0.426829	H@10 0.496374	H@20 0.559492	H@50 0.628873	H@100 0.683916
INFO:kbc-cli.py:Epoch 93/100	test results	MRR 0.304622	H@1 0.195916	H@3 0.366943	H@5 0.430121	H@10 0.503669	H@20 0.566050	H@50 0.633216	H@100 0.683312
INFO:kbc-cli.py:Epoch 94/100	Loss 20.0324 ± 0.0828
INFO:kbc-cli.py:Epoch 95/100	Loss 20.0272 ± 0.0913
INFO:kbc-cli.py:Epoch 96/100	Loss 20.0228 ± 0.0759
INFO:kbc-cli.py:Epoch 96/100	dev results	MRR 0.326092	H@1 0.229071	H@3 0.378049	H@5 0.431773	H@10 0.500824	H@20 0.562294	H@50 0.629862	H@100 0.684740
INFO:kbc-cli.py:Epoch 96/100	test results	MRR 0.322043	H@1 0.221123	H@3 0.378590	H@5 0.435865	H@10 0.507658	H@20 0.567167	H@50 0.634014	H@100 0.683950
INFO:kbc-cli.py:Epoch 97/100	Loss 20.0183 ± 0.0822
INFO:kbc-cli.py:Epoch 98/100	Loss 20.0143 ± 0.0828
INFO:kbc-cli.py:Epoch 99/100	Loss 20.0100 ± 0.0826
INFO:kbc-cli.py:Epoch 99/100	dev results	MRR 0.336621	H@1 0.245880	H@3 0.382004	H@5 0.436388	H@10 0.502637	H@20 0.562624	H@50 0.631839	H@100 0.685728
INFO:kbc-cli.py:Epoch 99/100	test results	MRR 0.331913	H@1 0.235641	H@3 0.384493	H@5 0.443204	H@10 0.510530	H@20 0.568602	H@50 0.633854	H@100 0.685227
INFO:kbc-cli.py:Epoch 100/100	Loss 20.0069 ± 0.0897
INFO:kbc-cli.py:Final 	dev results	MRR 0.339274	H@1 0.248846	H@3 0.385135	H@5 0.439024	H@10 0.503790	H@20 0.562953	H@50 0.633158	H@100 0.683916
INFO:kbc-cli.py:Final 	test results	MRR 0.334990	H@1 0.239949	H@3 0.387205	H@5 0.443523	H@10 0.510530	H@20 0.570357	H@50 0.636248	H@100 0.685067
INFO:kbc-cli.py:Training finished
