./bin/kbc-cli.py --train data/wn18rr/train.tsv --dev data/wn18rr/dev.tsv --test data/wn18rr/test.tsv -m complex -k 2000 -b 100 -e 100 --F2 0.5 --N3 0 -l 0.1 -I standard -V 3 -o adagrad -c spo -q
{'F2': 0.5,
 'N3': 0.0,
 'batch_size': 100,
 'corruption': 'spo',
 'dev': 'data/wn18rr/dev.tsv',
 'embedding_size': 2000,
 'epochs': 100,
 'eval_batch_size': None,
 'input_type': 'standard',
 'learning_rate': 0.1,
 'load': None,
 'model': 'complex',
 'optimizer': 'adagrad',
 'quiet': True,
 'save': None,
 'seed': 0,
 'test': 'data/wn18rr/test.tsv',
 'test_i': None,
 'test_ii': None,
 'train': 'data/wn18rr/train.tsv',
 'validate_every': 3}
INFO:kbc-cli.py:Device: cuda
INFO:kbc-cli.py:Model state:
INFO:kbc-cli.py:	entities.weight	torch.Size([40943, 4000])
INFO:kbc-cli.py:	predicates.weight	torch.Size([11, 4000])
INFO:kbc-cli.py:Epoch 1/100	Loss 110.2130 ± 16.3561
INFO:kbc-cli.py:Epoch 2/100	Loss 66.7833 ± 5.1018
INFO:kbc-cli.py:Epoch 3/100	Loss 53.7154 ± 3.2989
INFO:kbc-cli.py:Epoch 3/100	dev results	MRR 0.018816	H@1 0.010877	H@3 0.017139	H@5 0.024885	H@10 0.034937	H@20 0.047792	H@50 0.067568	H@100 0.086355
INFO:kbc-cli.py:Epoch 3/100	test results	MRR 0.021698	H@1 0.013720	H@3 0.020740	H@5 0.026484	H@10 0.037332	H@20 0.050255	H@50 0.070676	H@100 0.089183
INFO:kbc-cli.py:Epoch 4/100	Loss 46.7263 ± 2.6818
INFO:kbc-cli.py:Epoch 5/100	Loss 42.2242 ± 2.1530
INFO:kbc-cli.py:Epoch 6/100	Loss 39.0542 ± 1.8859
INFO:kbc-cli.py:Epoch 6/100	dev results	MRR 0.019411	H@1 0.010877	H@3 0.018952	H@5 0.026368	H@10 0.036585	H@20 0.049110	H@50 0.069216	H@100 0.089486
INFO:kbc-cli.py:Epoch 6/100	test results	MRR 0.022376	H@1 0.013561	H@3 0.022974	H@5 0.027281	H@10 0.038928	H@20 0.052010	H@50 0.071474	H@100 0.090300
INFO:kbc-cli.py:Epoch 7/100	Loss 36.6983 ± 1.6323
INFO:kbc-cli.py:Epoch 8/100	Loss 34.8676 ± 1.4235
INFO:kbc-cli.py:Epoch 9/100	Loss 33.4031 ± 1.2456
INFO:kbc-cli.py:Epoch 9/100	dev results	MRR 0.019731	H@1 0.010218	H@3 0.019281	H@5 0.027851	H@10 0.038398	H@20 0.053065	H@50 0.071852	H@100 0.093935
INFO:kbc-cli.py:Epoch 9/100	test results	MRR 0.023408	H@1 0.014518	H@3 0.022974	H@5 0.027601	H@10 0.040842	H@20 0.054403	H@50 0.076260	H@100 0.093491
INFO:kbc-cli.py:Epoch 10/100	Loss 32.2100 ± 1.1097
INFO:kbc-cli.py:Epoch 11/100	Loss nan ± nan
INFO:kbc-cli.py:Epoch 12/100	Loss nan ± nan
INFO:kbc-cli.py:Epoch 12/100	dev results	MRR 0.000634	H@1 0.000165	H@3 0.000659	H@5 0.000989	H@10 0.000989	H@20 0.001318	H@50 0.001978	H@100 0.002637
INFO:kbc-cli.py:Epoch 12/100	test results	MRR 0.000383	H@1 0.000160	H@3 0.000160	H@5 0.000160	H@10 0.000160	H@20 0.000319	H@50 0.000638	H@100 0.001595
INFO:kbc-cli.py:Epoch 13/100	Loss nan ± nan
INFO:kbc-cli.py:Epoch 14/100	Loss nan ± nan
INFO:kbc-cli.py:Epoch 15/100	Loss nan ± nan
INFO:kbc-cli.py:Epoch 15/100	dev results	MRR 0.000634	H@1 0.000165	H@3 0.000659	H@5 0.000989	H@10 0.000989	H@20 0.001318	H@50 0.001978	H@100 0.002637
INFO:kbc-cli.py:Epoch 15/100	test results	MRR 0.000383	H@1 0.000160	H@3 0.000160	H@5 0.000160	H@10 0.000160	H@20 0.000319	H@50 0.000638	H@100 0.001595
INFO:kbc-cli.py:Epoch 16/100	Loss nan ± nan
INFO:kbc-cli.py:Epoch 17/100	Loss nan ± nan
INFO:kbc-cli.py:Epoch 18/100	Loss nan ± nan
INFO:kbc-cli.py:Epoch 18/100	dev results	MRR 0.000634	H@1 0.000165	H@3 0.000659	H@5 0.000989	H@10 0.000989	H@20 0.001318	H@50 0.001978	H@100 0.002637
INFO:kbc-cli.py:Epoch 18/100	test results	MRR 0.000383	H@1 0.000160	H@3 0.000160	H@5 0.000160	H@10 0.000160	H@20 0.000319	H@50 0.000638	H@100 0.001595
INFO:kbc-cli.py:Epoch 19/100	Loss nan ± nan
INFO:kbc-cli.py:Epoch 20/100	Loss nan ± nan
INFO:kbc-cli.py:Epoch 21/100	Loss nan ± nan
INFO:kbc-cli.py:Epoch 21/100	dev results	MRR 0.000634	H@1 0.000165	H@3 0.000659	H@5 0.000989	H@10 0.000989	H@20 0.001318	H@50 0.001978	H@100 0.002637
INFO:kbc-cli.py:Epoch 21/100	test results	MRR 0.000383	H@1 0.000160	H@3 0.000160	H@5 0.000160	H@10 0.000160	H@20 0.000319	H@50 0.000638	H@100 0.001595
INFO:kbc-cli.py:Epoch 22/100	Loss nan ± nan
INFO:kbc-cli.py:Epoch 23/100	Loss nan ± nan
INFO:kbc-cli.py:Epoch 24/100	Loss nan ± nan
INFO:kbc-cli.py:Epoch 24/100	dev results	MRR 0.000634	H@1 0.000165	H@3 0.000659	H@5 0.000989	H@10 0.000989	H@20 0.001318	H@50 0.001978	H@100 0.002637
INFO:kbc-cli.py:Epoch 24/100	test results	MRR 0.000383	H@1 0.000160	H@3 0.000160	H@5 0.000160	H@10 0.000160	H@20 0.000319	H@50 0.000638	H@100 0.001595
INFO:kbc-cli.py:Epoch 25/100	Loss nan ± nan
INFO:kbc-cli.py:Epoch 26/100	Loss nan ± nan
INFO:kbc-cli.py:Epoch 27/100	Loss nan ± nan
INFO:kbc-cli.py:Epoch 27/100	dev results	MRR 0.000634	H@1 0.000165	H@3 0.000659	H@5 0.000989	H@10 0.000989	H@20 0.001318	H@50 0.001978	H@100 0.002637
INFO:kbc-cli.py:Epoch 27/100	test results	MRR 0.000383	H@1 0.000160	H@3 0.000160	H@5 0.000160	H@10 0.000160	H@20 0.000319	H@50 0.000638	H@100 0.001595
INFO:kbc-cli.py:Epoch 28/100	Loss nan ± nan
INFO:kbc-cli.py:Epoch 29/100	Loss nan ± nan
INFO:kbc-cli.py:Epoch 30/100	Loss nan ± nan
INFO:kbc-cli.py:Epoch 30/100	dev results	MRR 0.000634	H@1 0.000165	H@3 0.000659	H@5 0.000989	H@10 0.000989	H@20 0.001318	H@50 0.001978	H@100 0.002637
INFO:kbc-cli.py:Epoch 30/100	test results	MRR 0.000383	H@1 0.000160	H@3 0.000160	H@5 0.000160	H@10 0.000160	H@20 0.000319	H@50 0.000638	H@100 0.001595
INFO:kbc-cli.py:Epoch 31/100	Loss nan ± nan
INFO:kbc-cli.py:Epoch 32/100	Loss nan ± nan
INFO:kbc-cli.py:Epoch 33/100	Loss nan ± nan
INFO:kbc-cli.py:Epoch 33/100	dev results	MRR 0.000634	H@1 0.000165	H@3 0.000659	H@5 0.000989	H@10 0.000989	H@20 0.001318	H@50 0.001978	H@100 0.002637
INFO:kbc-cli.py:Epoch 33/100	test results	MRR 0.000383	H@1 0.000160	H@3 0.000160	H@5 0.000160	H@10 0.000160	H@20 0.000319	H@50 0.000638	H@100 0.001595
INFO:kbc-cli.py:Epoch 34/100	Loss nan ± nan
INFO:kbc-cli.py:Epoch 35/100	Loss nan ± nan
INFO:kbc-cli.py:Epoch 36/100	Loss nan ± nan
INFO:kbc-cli.py:Epoch 36/100	dev results	MRR 0.000634	H@1 0.000165	H@3 0.000659	H@5 0.000989	H@10 0.000989	H@20 0.001318	H@50 0.001978	H@100 0.002637
INFO:kbc-cli.py:Epoch 36/100	test results	MRR 0.000383	H@1 0.000160	H@3 0.000160	H@5 0.000160	H@10 0.000160	H@20 0.000319	H@50 0.000638	H@100 0.001595
INFO:kbc-cli.py:Epoch 37/100	Loss nan ± nan
INFO:kbc-cli.py:Epoch 38/100	Loss nan ± nan
INFO:kbc-cli.py:Epoch 39/100	Loss nan ± nan
INFO:kbc-cli.py:Epoch 39/100	dev results	MRR 0.000634	H@1 0.000165	H@3 0.000659	H@5 0.000989	H@10 0.000989	H@20 0.001318	H@50 0.001978	H@100 0.002637
INFO:kbc-cli.py:Epoch 39/100	test results	MRR 0.000383	H@1 0.000160	H@3 0.000160	H@5 0.000160	H@10 0.000160	H@20 0.000319	H@50 0.000638	H@100 0.001595
INFO:kbc-cli.py:Epoch 40/100	Loss nan ± nan
INFO:kbc-cli.py:Epoch 41/100	Loss nan ± nan
INFO:kbc-cli.py:Epoch 42/100	Loss nan ± nan
INFO:kbc-cli.py:Epoch 42/100	dev results	MRR 0.000634	H@1 0.000165	H@3 0.000659	H@5 0.000989	H@10 0.000989	H@20 0.001318	H@50 0.001978	H@100 0.002637
INFO:kbc-cli.py:Epoch 42/100	test results	MRR 0.000383	H@1 0.000160	H@3 0.000160	H@5 0.000160	H@10 0.000160	H@20 0.000319	H@50 0.000638	H@100 0.001595
INFO:kbc-cli.py:Epoch 43/100	Loss nan ± nan
INFO:kbc-cli.py:Epoch 44/100	Loss nan ± nan
INFO:kbc-cli.py:Epoch 45/100	Loss nan ± nan
INFO:kbc-cli.py:Epoch 45/100	dev results	MRR 0.000634	H@1 0.000165	H@3 0.000659	H@5 0.000989	H@10 0.000989	H@20 0.001318	H@50 0.001978	H@100 0.002637
INFO:kbc-cli.py:Epoch 45/100	test results	MRR 0.000383	H@1 0.000160	H@3 0.000160	H@5 0.000160	H@10 0.000160	H@20 0.000319	H@50 0.000638	H@100 0.001595
INFO:kbc-cli.py:Epoch 46/100	Loss nan ± nan
INFO:kbc-cli.py:Epoch 47/100	Loss nan ± nan
INFO:kbc-cli.py:Epoch 48/100	Loss nan ± nan
INFO:kbc-cli.py:Epoch 48/100	dev results	MRR 0.000634	H@1 0.000165	H@3 0.000659	H@5 0.000989	H@10 0.000989	H@20 0.001318	H@50 0.001978	H@100 0.002637
INFO:kbc-cli.py:Epoch 48/100	test results	MRR 0.000383	H@1 0.000160	H@3 0.000160	H@5 0.000160	H@10 0.000160	H@20 0.000319	H@50 0.000638	H@100 0.001595
INFO:kbc-cli.py:Epoch 49/100	Loss nan ± nan
INFO:kbc-cli.py:Epoch 50/100	Loss nan ± nan
INFO:kbc-cli.py:Epoch 51/100	Loss nan ± nan
INFO:kbc-cli.py:Epoch 51/100	dev results	MRR 0.000634	H@1 0.000165	H@3 0.000659	H@5 0.000989	H@10 0.000989	H@20 0.001318	H@50 0.001978	H@100 0.002637
INFO:kbc-cli.py:Epoch 51/100	test results	MRR 0.000383	H@1 0.000160	H@3 0.000160	H@5 0.000160	H@10 0.000160	H@20 0.000319	H@50 0.000638	H@100 0.001595
INFO:kbc-cli.py:Epoch 52/100	Loss nan ± nan
INFO:kbc-cli.py:Epoch 53/100	Loss nan ± nan
INFO:kbc-cli.py:Epoch 54/100	Loss nan ± nan
INFO:kbc-cli.py:Epoch 54/100	dev results	MRR 0.000634	H@1 0.000165	H@3 0.000659	H@5 0.000989	H@10 0.000989	H@20 0.001318	H@50 0.001978	H@100 0.002637
INFO:kbc-cli.py:Epoch 54/100	test results	MRR 0.000383	H@1 0.000160	H@3 0.000160	H@5 0.000160	H@10 0.000160	H@20 0.000319	H@50 0.000638	H@100 0.001595
INFO:kbc-cli.py:Epoch 55/100	Loss nan ± nan
INFO:kbc-cli.py:Epoch 56/100	Loss nan ± nan
INFO:kbc-cli.py:Epoch 57/100	Loss nan ± nan
INFO:kbc-cli.py:Epoch 57/100	dev results	MRR 0.000634	H@1 0.000165	H@3 0.000659	H@5 0.000989	H@10 0.000989	H@20 0.001318	H@50 0.001978	H@100 0.002637
INFO:kbc-cli.py:Epoch 57/100	test results	MRR 0.000383	H@1 0.000160	H@3 0.000160	H@5 0.000160	H@10 0.000160	H@20 0.000319	H@50 0.000638	H@100 0.001595
INFO:kbc-cli.py:Epoch 58/100	Loss nan ± nan
INFO:kbc-cli.py:Epoch 59/100	Loss nan ± nan
INFO:kbc-cli.py:Epoch 60/100	Loss nan ± nan
INFO:kbc-cli.py:Epoch 60/100	dev results	MRR 0.000634	H@1 0.000165	H@3 0.000659	H@5 0.000989	H@10 0.000989	H@20 0.001318	H@50 0.001978	H@100 0.002637
INFO:kbc-cli.py:Epoch 60/100	test results	MRR 0.000383	H@1 0.000160	H@3 0.000160	H@5 0.000160	H@10 0.000160	H@20 0.000319	H@50 0.000638	H@100 0.001595
INFO:kbc-cli.py:Epoch 61/100	Loss nan ± nan
INFO:kbc-cli.py:Epoch 62/100	Loss nan ± nan
INFO:kbc-cli.py:Epoch 63/100	Loss nan ± nan
INFO:kbc-cli.py:Epoch 63/100	dev results	MRR 0.000634	H@1 0.000165	H@3 0.000659	H@5 0.000989	H@10 0.000989	H@20 0.001318	H@50 0.001978	H@100 0.002637
INFO:kbc-cli.py:Epoch 63/100	test results	MRR 0.000383	H@1 0.000160	H@3 0.000160	H@5 0.000160	H@10 0.000160	H@20 0.000319	H@50 0.000638	H@100 0.001595
INFO:kbc-cli.py:Epoch 64/100	Loss nan ± nan
INFO:kbc-cli.py:Epoch 65/100	Loss nan ± nan
INFO:kbc-cli.py:Epoch 66/100	Loss nan ± nan
INFO:kbc-cli.py:Epoch 66/100	dev results	MRR 0.000634	H@1 0.000165	H@3 0.000659	H@5 0.000989	H@10 0.000989	H@20 0.001318	H@50 0.001978	H@100 0.002637
INFO:kbc-cli.py:Epoch 66/100	test results	MRR 0.000383	H@1 0.000160	H@3 0.000160	H@5 0.000160	H@10 0.000160	H@20 0.000319	H@50 0.000638	H@100 0.001595
INFO:kbc-cli.py:Epoch 67/100	Loss nan ± nan
INFO:kbc-cli.py:Epoch 68/100	Loss nan ± nan
INFO:kbc-cli.py:Epoch 69/100	Loss nan ± nan
INFO:kbc-cli.py:Epoch 69/100	dev results	MRR 0.000634	H@1 0.000165	H@3 0.000659	H@5 0.000989	H@10 0.000989	H@20 0.001318	H@50 0.001978	H@100 0.002637
INFO:kbc-cli.py:Epoch 69/100	test results	MRR 0.000383	H@1 0.000160	H@3 0.000160	H@5 0.000160	H@10 0.000160	H@20 0.000319	H@50 0.000638	H@100 0.001595
INFO:kbc-cli.py:Epoch 70/100	Loss nan ± nan
INFO:kbc-cli.py:Epoch 71/100	Loss nan ± nan
INFO:kbc-cli.py:Epoch 72/100	Loss nan ± nan
INFO:kbc-cli.py:Epoch 72/100	dev results	MRR 0.000634	H@1 0.000165	H@3 0.000659	H@5 0.000989	H@10 0.000989	H@20 0.001318	H@50 0.001978	H@100 0.002637
INFO:kbc-cli.py:Epoch 72/100	test results	MRR 0.000383	H@1 0.000160	H@3 0.000160	H@5 0.000160	H@10 0.000160	H@20 0.000319	H@50 0.000638	H@100 0.001595
INFO:kbc-cli.py:Epoch 73/100	Loss nan ± nan
INFO:kbc-cli.py:Epoch 74/100	Loss nan ± nan
INFO:kbc-cli.py:Epoch 75/100	Loss nan ± nan
INFO:kbc-cli.py:Epoch 75/100	dev results	MRR 0.000634	H@1 0.000165	H@3 0.000659	H@5 0.000989	H@10 0.000989	H@20 0.001318	H@50 0.001978	H@100 0.002637
INFO:kbc-cli.py:Epoch 75/100	test results	MRR 0.000383	H@1 0.000160	H@3 0.000160	H@5 0.000160	H@10 0.000160	H@20 0.000319	H@50 0.000638	H@100 0.001595
INFO:kbc-cli.py:Epoch 76/100	Loss nan ± nan
INFO:kbc-cli.py:Epoch 77/100	Loss nan ± nan
INFO:kbc-cli.py:Epoch 78/100	Loss nan ± nan
INFO:kbc-cli.py:Epoch 78/100	dev results	MRR 0.000634	H@1 0.000165	H@3 0.000659	H@5 0.000989	H@10 0.000989	H@20 0.001318	H@50 0.001978	H@100 0.002637
INFO:kbc-cli.py:Epoch 78/100	test results	MRR 0.000383	H@1 0.000160	H@3 0.000160	H@5 0.000160	H@10 0.000160	H@20 0.000319	H@50 0.000638	H@100 0.001595
INFO:kbc-cli.py:Epoch 79/100	Loss nan ± nan
INFO:kbc-cli.py:Epoch 80/100	Loss nan ± nan
INFO:kbc-cli.py:Epoch 81/100	Loss nan ± nan
INFO:kbc-cli.py:Epoch 81/100	dev results	MRR 0.000634	H@1 0.000165	H@3 0.000659	H@5 0.000989	H@10 0.000989	H@20 0.001318	H@50 0.001978	H@100 0.002637
INFO:kbc-cli.py:Epoch 81/100	test results	MRR 0.000383	H@1 0.000160	H@3 0.000160	H@5 0.000160	H@10 0.000160	H@20 0.000319	H@50 0.000638	H@100 0.001595
INFO:kbc-cli.py:Epoch 82/100	Loss nan ± nan
INFO:kbc-cli.py:Epoch 83/100	Loss nan ± nan
INFO:kbc-cli.py:Epoch 84/100	Loss nan ± nan
INFO:kbc-cli.py:Epoch 84/100	dev results	MRR 0.000634	H@1 0.000165	H@3 0.000659	H@5 0.000989	H@10 0.000989	H@20 0.001318	H@50 0.001978	H@100 0.002637
INFO:kbc-cli.py:Epoch 84/100	test results	MRR 0.000383	H@1 0.000160	H@3 0.000160	H@5 0.000160	H@10 0.000160	H@20 0.000319	H@50 0.000638	H@100 0.001595
INFO:kbc-cli.py:Epoch 85/100	Loss nan ± nan
INFO:kbc-cli.py:Epoch 86/100	Loss nan ± nan
INFO:kbc-cli.py:Epoch 87/100	Loss nan ± nan
INFO:kbc-cli.py:Epoch 87/100	dev results	MRR 0.000634	H@1 0.000165	H@3 0.000659	H@5 0.000989	H@10 0.000989	H@20 0.001318	H@50 0.001978	H@100 0.002637
INFO:kbc-cli.py:Epoch 87/100	test results	MRR 0.000383	H@1 0.000160	H@3 0.000160	H@5 0.000160	H@10 0.000160	H@20 0.000319	H@50 0.000638	H@100 0.001595
INFO:kbc-cli.py:Epoch 88/100	Loss nan ± nan
INFO:kbc-cli.py:Epoch 89/100	Loss nan ± nan
INFO:kbc-cli.py:Epoch 90/100	Loss nan ± nan
INFO:kbc-cli.py:Epoch 90/100	dev results	MRR 0.000634	H@1 0.000165	H@3 0.000659	H@5 0.000989	H@10 0.000989	H@20 0.001318	H@50 0.001978	H@100 0.002637
INFO:kbc-cli.py:Epoch 90/100	test results	MRR 0.000383	H@1 0.000160	H@3 0.000160	H@5 0.000160	H@10 0.000160	H@20 0.000319	H@50 0.000638	H@100 0.001595
INFO:kbc-cli.py:Epoch 91/100	Loss nan ± nan
INFO:kbc-cli.py:Epoch 92/100	Loss nan ± nan
INFO:kbc-cli.py:Epoch 93/100	Loss nan ± nan
INFO:kbc-cli.py:Epoch 93/100	dev results	MRR 0.000634	H@1 0.000165	H@3 0.000659	H@5 0.000989	H@10 0.000989	H@20 0.001318	H@50 0.001978	H@100 0.002637
INFO:kbc-cli.py:Epoch 93/100	test results	MRR 0.000383	H@1 0.000160	H@3 0.000160	H@5 0.000160	H@10 0.000160	H@20 0.000319	H@50 0.000638	H@100 0.001595
INFO:kbc-cli.py:Epoch 94/100	Loss nan ± nan
INFO:kbc-cli.py:Epoch 95/100	Loss nan ± nan
INFO:kbc-cli.py:Epoch 96/100	Loss nan ± nan
INFO:kbc-cli.py:Epoch 96/100	dev results	MRR 0.000634	H@1 0.000165	H@3 0.000659	H@5 0.000989	H@10 0.000989	H@20 0.001318	H@50 0.001978	H@100 0.002637
INFO:kbc-cli.py:Epoch 96/100	test results	MRR 0.000383	H@1 0.000160	H@3 0.000160	H@5 0.000160	H@10 0.000160	H@20 0.000319	H@50 0.000638	H@100 0.001595
INFO:kbc-cli.py:Epoch 97/100	Loss nan ± nan
INFO:kbc-cli.py:Epoch 98/100	Loss nan ± nan
INFO:kbc-cli.py:Epoch 99/100	Loss nan ± nan
INFO:kbc-cli.py:Epoch 99/100	dev results	MRR 0.000634	H@1 0.000165	H@3 0.000659	H@5 0.000989	H@10 0.000989	H@20 0.001318	H@50 0.001978	H@100 0.002637
INFO:kbc-cli.py:Epoch 99/100	test results	MRR 0.000383	H@1 0.000160	H@3 0.000160	H@5 0.000160	H@10 0.000160	H@20 0.000319	H@50 0.000638	H@100 0.001595
INFO:kbc-cli.py:Epoch 100/100	Loss nan ± nan
INFO:kbc-cli.py:Final 	dev results	MRR 0.000634	H@1 0.000165	H@3 0.000659	H@5 0.000989	H@10 0.000989	H@20 0.001318	H@50 0.001978	H@100 0.002637
INFO:kbc-cli.py:Final 	test results	MRR 0.000383	H@1 0.000160	H@3 0.000160	H@5 0.000160	H@10 0.000160	H@20 0.000319	H@50 0.000638	H@100 0.001595
INFO:kbc-cli.py:Training finished
