./bin/kbc-cli.py --train data/wn18rr/train.tsv --dev data/wn18rr/dev.tsv --test data/wn18rr/test.tsv -m complex -k 500 -b 100 -e 100 --F2 0 --N3 0.05 -l 0.1 -I standard -V 3 -o adagrad -c spo -q
{'F2': 0.0,
 'N3': 0.05,
 'batch_size': 100,
 'corruption': 'spo',
 'dev': 'data/wn18rr/dev.tsv',
 'embedding_size': 500,
 'epochs': 100,
 'eval_batch_size': None,
 'input_type': 'standard',
 'learning_rate': 0.1,
 'load': None,
 'model': 'complex',
 'optimizer': 'adagrad',
 'quiet': True,
 'save': None,
 'seed': 0,
 'test': 'data/wn18rr/test.tsv',
 'test_i': None,
 'test_ii': None,
 'train': 'data/wn18rr/train.tsv',
 'validate_every': 3}
INFO:kbc-cli.py:Device: cuda
INFO:kbc-cli.py:Model state:
INFO:kbc-cli.py:	entities.weight	torch.Size([40943, 1000])
INFO:kbc-cli.py:	predicates.weight	torch.Size([11, 1000])
INFO:kbc-cli.py:Epoch 1/100	Loss 22.1868 ± 1.3777
INFO:kbc-cli.py:Epoch 2/100	Loss 15.1628 ± 0.6259
INFO:kbc-cli.py:Epoch 3/100	Loss 9.4780 ± 0.5046
INFO:kbc-cli.py:Epoch 3/100	dev results	MRR 0.274741	H@1 0.125577	H@3 0.412162	H@5 0.455504	H@10 0.484674	H@20 0.513843	H@50 0.549604	H@100 0.574489
INFO:kbc-cli.py:Epoch 3/100	test results	MRR 0.276037	H@1 0.130983	H@3 0.406828	H@5 0.449426	H@10 0.483727	H@20 0.511487	H@50 0.549617	H@100 0.578653
INFO:kbc-cli.py:Epoch 4/100	Loss 7.8857 ± 0.3948
INFO:kbc-cli.py:Epoch 5/100	Loss 7.3155 ± 0.3533
INFO:kbc-cli.py:Epoch 6/100	Loss 6.9861 ± 0.3143
INFO:kbc-cli.py:Epoch 6/100	dev results	MRR 0.307183	H@1 0.161338	H@3 0.440013	H@5 0.468359	H@10 0.497363	H@20 0.527192	H@50 0.567568	H@100 0.599539
INFO:kbc-cli.py:Epoch 6/100	test results	MRR 0.307070	H@1 0.163369	H@3 0.435067	H@5 0.465858	H@10 0.497128	H@20 0.529196	H@50 0.568283	H@100 0.595724
INFO:kbc-cli.py:Epoch 7/100	Loss 6.7413 ± 0.2984
INFO:kbc-cli.py:Epoch 8/100	Loss 6.5438 ± 0.2928
INFO:kbc-cli.py:Epoch 9/100	Loss 6.3805 ± 0.2780
INFO:kbc-cli.py:Epoch 9/100	dev results	MRR 0.351685	H@1 0.232037	H@3 0.451549	H@5 0.476599	H@10 0.504944	H@20 0.533619	H@50 0.575478	H@100 0.604153
INFO:kbc-cli.py:Epoch 9/100	test results	MRR 0.354036	H@1 0.237715	H@3 0.450383	H@5 0.472559	H@10 0.505105	H@20 0.536694	H@50 0.574984	H@100 0.601787
INFO:kbc-cli.py:Epoch 10/100	Loss 6.2496 ± 0.2664
INFO:kbc-cli.py:Epoch 11/100	Loss 6.1438 ± 0.2598
INFO:kbc-cli.py:Epoch 12/100	Loss 6.0563 ± 0.2650
INFO:kbc-cli.py:Epoch 12/100	dev results	MRR 0.390213	H@1 0.304219	H@3 0.456823	H@5 0.477587	H@10 0.504120	H@20 0.536585	H@50 0.578609	H@100 0.604153
INFO:kbc-cli.py:Epoch 12/100	test results	MRR 0.391868	H@1 0.308392	H@3 0.454850	H@5 0.477026	H@10 0.504946	H@20 0.536375	H@50 0.574825	H@100 0.602265
INFO:kbc-cli.py:Epoch 13/100	Loss 5.9805 ± 0.2523
INFO:kbc-cli.py:Epoch 14/100	Loss 5.9155 ± 0.2516
INFO:kbc-cli.py:Epoch 15/100	Loss 5.8587 ± 0.2533
INFO:kbc-cli.py:Epoch 15/100	dev results	MRR 0.415201	H@1 0.349868	H@3 0.458306	H@5 0.481378	H@10 0.509723	H@20 0.541200	H@50 0.580422	H@100 0.609262
INFO:kbc-cli.py:Epoch 15/100	test results	MRR 0.413216	H@1 0.347320	H@3 0.459636	H@5 0.477824	H@10 0.509572	H@20 0.541640	H@50 0.578653	H@100 0.605616
INFO:kbc-cli.py:Epoch 16/100	Loss 5.8094 ± 0.2504
INFO:kbc-cli.py:Epoch 17/100	Loss 5.7638 ± 0.2393
INFO:kbc-cli.py:Epoch 18/100	Loss 5.7230 ± 0.2302
INFO:kbc-cli.py:Epoch 18/100	dev results	MRR 0.427537	H@1 0.372446	H@3 0.460943	H@5 0.483026	H@10 0.511536	H@20 0.544001	H@50 0.582729	H@100 0.612393
INFO:kbc-cli.py:Epoch 18/100	test results	MRR 0.425276	H@1 0.370294	H@3 0.459158	H@5 0.480057	H@10 0.511168	H@20 0.544990	H@50 0.580728	H@100 0.608488
INFO:kbc-cli.py:Epoch 19/100	Loss 5.6858 ± 0.2321
INFO:kbc-cli.py:Epoch 20/100	Loss 5.6525 ± 0.2266
INFO:kbc-cli.py:Epoch 21/100	Loss 5.6213 ± 0.2240
INFO:kbc-cli.py:Epoch 21/100	dev results	MRR 0.434418	H@1 0.384146	H@3 0.462920	H@5 0.484015	H@10 0.516150	H@20 0.544661	H@50 0.584212	H@100 0.612558
INFO:kbc-cli.py:Epoch 21/100	test results	MRR 0.431180	H@1 0.380664	H@3 0.460593	H@5 0.481812	H@10 0.513242	H@20 0.547064	H@50 0.582163	H@100 0.607530
INFO:kbc-cli.py:Epoch 22/100	Loss 5.5923 ± 0.2350
INFO:kbc-cli.py:Epoch 23/100	Loss 5.5652 ± 0.2261
INFO:kbc-cli.py:Epoch 24/100	Loss 5.5414 ± 0.2242
INFO:kbc-cli.py:Epoch 24/100	dev results	MRR 0.440925	H@1 0.396177	H@3 0.462920	H@5 0.487640	H@10 0.518128	H@20 0.546144	H@50 0.586849	H@100 0.615689
INFO:kbc-cli.py:Epoch 24/100	test results	MRR 0.436959	H@1 0.390874	H@3 0.461710	H@5 0.483727	H@10 0.514678	H@20 0.549298	H@50 0.583918	H@100 0.610881
INFO:kbc-cli.py:Epoch 25/100	Loss 5.5173 ± 0.2186
INFO:kbc-cli.py:Epoch 26/100	Loss 5.4960 ± 0.2226
INFO:kbc-cli.py:Epoch 27/100	Loss 5.4753 ± 0.2267
INFO:kbc-cli.py:Epoch 27/100	dev results	MRR 0.443812	H@1 0.400461	H@3 0.464733	H@5 0.487640	H@10 0.517963	H@20 0.548616	H@50 0.588497	H@100 0.617337
INFO:kbc-cli.py:Epoch 27/100	test results	MRR 0.440996	H@1 0.398054	H@3 0.463146	H@5 0.483727	H@10 0.516752	H@20 0.549617	H@50 0.584397	H@100 0.611200
INFO:kbc-cli.py:Epoch 28/100	Loss 5.4560 ± 0.2183
INFO:kbc-cli.py:Epoch 29/100	Loss 5.4374 ± 0.2216
INFO:kbc-cli.py:Epoch 30/100	Loss 5.4213 ± 0.2083
INFO:kbc-cli.py:Epoch 30/100	dev results	MRR 0.447002	H@1 0.405735	H@3 0.466546	H@5 0.489618	H@10 0.517469	H@20 0.549110	H@50 0.589815	H@100 0.618490
INFO:kbc-cli.py:Epoch 30/100	test results	MRR 0.445327	H@1 0.405712	H@3 0.463306	H@5 0.485801	H@10 0.517390	H@20 0.550734	H@50 0.586950	H@100 0.612955
INFO:kbc-cli.py:Epoch 31/100	Loss 5.4046 ± 0.2219
INFO:kbc-cli.py:Epoch 32/100	Loss 5.3888 ± 0.2161
INFO:kbc-cli.py:Epoch 33/100	Loss 5.3745 ± 0.2122
INFO:kbc-cli.py:Epoch 33/100	dev results	MRR 0.450522	H@1 0.411833	H@3 0.467040	H@5 0.491101	H@10 0.519941	H@20 0.550758	H@50 0.590969	H@100 0.619644
INFO:kbc-cli.py:Epoch 33/100	test results	MRR 0.447432	H@1 0.408902	H@3 0.463625	H@5 0.486280	H@10 0.518985	H@20 0.552170	H@50 0.586631	H@100 0.615348
INFO:kbc-cli.py:Epoch 34/100	Loss 5.3606 ± 0.2068
INFO:kbc-cli.py:Epoch 35/100	Loss 5.3476 ± 0.2169
INFO:kbc-cli.py:Epoch 36/100	Loss 5.3342 ± 0.2111
INFO:kbc-cli.py:Epoch 36/100	dev results	MRR 0.452091	H@1 0.414469	H@3 0.468688	H@5 0.490606	H@10 0.519941	H@20 0.551582	H@50 0.593111	H@100 0.621127
INFO:kbc-cli.py:Epoch 36/100	test results	MRR 0.449115	H@1 0.411615	H@3 0.464901	H@5 0.485641	H@10 0.518666	H@20 0.553287	H@50 0.588066	H@100 0.616146
INFO:kbc-cli.py:Epoch 37/100	Loss 5.3219 ± 0.2123
INFO:kbc-cli.py:Epoch 38/100	Loss 5.3103 ± 0.2215
INFO:kbc-cli.py:Epoch 39/100	Loss 5.2992 ± 0.2122
INFO:kbc-cli.py:Epoch 39/100	dev results	MRR 0.454100	H@1 0.417436	H@3 0.470007	H@5 0.491595	H@10 0.520765	H@20 0.552736	H@50 0.593771	H@100 0.621457
INFO:kbc-cli.py:Epoch 39/100	test results	MRR 0.450165	H@1 0.413210	H@3 0.464901	H@5 0.487237	H@10 0.522495	H@20 0.554084	H@50 0.589662	H@100 0.617900
INFO:kbc-cli.py:Epoch 40/100	Loss 5.2886 ± 0.2031
INFO:kbc-cli.py:Epoch 41/100	Loss 5.2781 ± 0.2056
INFO:kbc-cli.py:Epoch 42/100	Loss 5.2687 ± 0.2011
INFO:kbc-cli.py:Epoch 42/100	dev results	MRR 0.455121	H@1 0.418095	H@3 0.470501	H@5 0.492749	H@10 0.522742	H@20 0.554713	H@50 0.595419	H@100 0.622281
INFO:kbc-cli.py:Epoch 42/100	test results	MRR 0.452596	H@1 0.416720	H@3 0.466337	H@5 0.488513	H@10 0.522336	H@20 0.553287	H@50 0.589662	H@100 0.618060
INFO:kbc-cli.py:Epoch 43/100	Loss 5.2590 ± 0.2044
INFO:kbc-cli.py:Epoch 44/100	Loss 5.2495 ± 0.1991
INFO:kbc-cli.py:Epoch 45/100	Loss 5.2411 ± 0.1966
INFO:kbc-cli.py:Epoch 45/100	dev results	MRR 0.456265	H@1 0.420402	H@3 0.470336	H@5 0.492254	H@10 0.522907	H@20 0.554548	H@50 0.598055	H@100 0.624094
INFO:kbc-cli.py:Epoch 45/100	test results	MRR 0.452007	H@1 0.415284	H@3 0.466018	H@5 0.490108	H@10 0.523293	H@20 0.555520	H@50 0.591257	H@100 0.618379
INFO:kbc-cli.py:Epoch 46/100	Loss 5.2319 ± 0.2018
INFO:kbc-cli.py:Epoch 47/100	Loss 5.2242 ± 0.2054
INFO:kbc-cli.py:Epoch 48/100	Loss 5.2164 ± 0.2025
INFO:kbc-cli.py:Epoch 48/100	dev results	MRR 0.457868	H@1 0.422215	H@3 0.472973	H@5 0.493078	H@10 0.523072	H@20 0.554878	H@50 0.597891	H@100 0.623270
INFO:kbc-cli.py:Epoch 48/100	test results	MRR 0.453983	H@1 0.418475	H@3 0.467454	H@5 0.491066	H@10 0.524250	H@20 0.556158	H@50 0.592214	H@100 0.620294
INFO:kbc-cli.py:Epoch 49/100	Loss 5.2081 ± 0.1971
INFO:kbc-cli.py:Epoch 50/100	Loss 5.2004 ± 0.1980
INFO:kbc-cli.py:Epoch 51/100	Loss 5.1934 ± 0.1939
INFO:kbc-cli.py:Epoch 51/100	dev results	MRR 0.457858	H@1 0.422215	H@3 0.472479	H@5 0.493902	H@10 0.522577	H@20 0.555372	H@50 0.598055	H@100 0.623929
INFO:kbc-cli.py:Epoch 51/100	test results	MRR 0.454935	H@1 0.420070	H@3 0.467613	H@5 0.491385	H@10 0.525207	H@20 0.555839	H@50 0.592534	H@100 0.619974
INFO:kbc-cli.py:Epoch 52/100	Loss 5.1862 ± 0.2039
INFO:kbc-cli.py:Epoch 53/100	Loss 5.1794 ± 0.1986
INFO:kbc-cli.py:Epoch 54/100	Loss 5.1728 ± 0.2044
INFO:kbc-cli.py:Epoch 54/100	dev results	MRR 0.459065	H@1 0.423533	H@3 0.473138	H@5 0.494891	H@10 0.524885	H@20 0.557350	H@50 0.600033	H@100 0.624588
INFO:kbc-cli.py:Epoch 54/100	test results	MRR 0.455815	H@1 0.421347	H@3 0.468890	H@5 0.491704	H@10 0.525526	H@20 0.556158	H@50 0.593172	H@100 0.620613
INFO:kbc-cli.py:Epoch 55/100	Loss 5.1664 ± 0.2046
INFO:kbc-cli.py:Epoch 56/100	Loss 5.1600 ± 0.1912
INFO:kbc-cli.py:Epoch 57/100	Loss 5.1542 ± 0.2033
INFO:kbc-cli.py:Epoch 57/100	dev results	MRR 0.459236	H@1 0.423863	H@3 0.473797	H@5 0.496210	H@10 0.523731	H@20 0.556856	H@50 0.600527	H@100 0.625412
INFO:kbc-cli.py:Epoch 57/100	test results	MRR 0.454921	H@1 0.419432	H@3 0.468251	H@5 0.493937	H@10 0.526484	H@20 0.555361	H@50 0.593331	H@100 0.621729
INFO:kbc-cli.py:Epoch 58/100	Loss 5.1479 ± 0.1964
INFO:kbc-cli.py:Epoch 59/100	Loss 5.1424 ± 0.2008
INFO:kbc-cli.py:Epoch 60/100	Loss 5.1368 ± 0.1926
INFO:kbc-cli.py:Epoch 60/100	dev results	MRR 0.459478	H@1 0.424522	H@3 0.472149	H@5 0.495880	H@10 0.524720	H@20 0.555867	H@50 0.600033	H@100 0.627390
INFO:kbc-cli.py:Epoch 60/100	test results	MRR 0.456599	H@1 0.421985	H@3 0.468730	H@5 0.493299	H@10 0.526643	H@20 0.555680	H@50 0.594927	H@100 0.620772
INFO:kbc-cli.py:Epoch 61/100	Loss 5.1314 ± 0.1998
INFO:kbc-cli.py:Epoch 62/100	Loss 5.1257 ± 0.1944
INFO:kbc-cli.py:Epoch 63/100	Loss 5.1211 ± 0.1905
INFO:kbc-cli.py:Epoch 63/100	dev results	MRR 0.460189	H@1 0.425181	H@3 0.473962	H@5 0.496045	H@10 0.526038	H@20 0.558174	H@50 0.600363	H@100 0.627060
INFO:kbc-cli.py:Epoch 63/100	test results	MRR 0.456623	H@1 0.421666	H@3 0.469687	H@5 0.493778	H@10 0.526962	H@20 0.556637	H@50 0.595086	H@100 0.621729
INFO:kbc-cli.py:Epoch 64/100	Loss 5.1164 ± 0.1917
INFO:kbc-cli.py:Epoch 65/100	Loss 5.1109 ± 0.1971
INFO:kbc-cli.py:Epoch 66/100	Loss 5.1064 ± 0.1849
INFO:kbc-cli.py:Epoch 66/100	dev results	MRR 0.460271	H@1 0.425016	H@3 0.473632	H@5 0.495880	H@10 0.526368	H@20 0.557515	H@50 0.600363	H@100 0.629038
INFO:kbc-cli.py:Epoch 66/100	test results	MRR 0.456893	H@1 0.422144	H@3 0.469528	H@5 0.494576	H@10 0.526643	H@20 0.558551	H@50 0.595405	H@100 0.621251
INFO:kbc-cli.py:Epoch 67/100	Loss 5.1014 ± 0.1958
INFO:kbc-cli.py:Epoch 68/100	Loss 5.0972 ± 0.1960
INFO:kbc-cli.py:Epoch 69/100	Loss 5.0927 ± 0.1961
INFO:kbc-cli.py:Epoch 69/100	dev results	MRR 0.460455	H@1 0.426170	H@3 0.472314	H@5 0.495880	H@10 0.526203	H@20 0.557844	H@50 0.600198	H@100 0.628873
INFO:kbc-cli.py:Epoch 69/100	test results	MRR 0.456904	H@1 0.422463	H@3 0.468890	H@5 0.494416	H@10 0.526962	H@20 0.555999	H@50 0.595246	H@100 0.622846
INFO:kbc-cli.py:Epoch 70/100	Loss 5.0883 ± 0.1957
INFO:kbc-cli.py:Epoch 71/100	Loss 5.0842 ± 0.1930
INFO:kbc-cli.py:Epoch 72/100	Loss 5.0802 ± 0.1894
INFO:kbc-cli.py:Epoch 72/100	dev results	MRR 0.459755	H@1 0.424687	H@3 0.472314	H@5 0.496704	H@10 0.526862	H@20 0.559657	H@50 0.600692	H@100 0.629532
INFO:kbc-cli.py:Epoch 72/100	test results	MRR 0.457744	H@1 0.423261	H@3 0.470964	H@5 0.495054	H@10 0.526962	H@20 0.557913	H@50 0.596203	H@100 0.623484
INFO:kbc-cli.py:Epoch 73/100	Loss 5.0762 ± 0.1912
INFO:kbc-cli.py:Epoch 74/100	Loss 5.0718 ± 0.1903
INFO:kbc-cli.py:Epoch 75/100	Loss 5.0681 ± 0.1854
INFO:kbc-cli.py:Epoch 75/100	dev results	MRR 0.461189	H@1 0.426829	H@3 0.473138	H@5 0.497693	H@10 0.526862	H@20 0.558009	H@50 0.600033	H@100 0.629697
INFO:kbc-cli.py:Epoch 75/100	test results	MRR 0.458374	H@1 0.424059	H@3 0.470325	H@5 0.495533	H@10 0.528239	H@20 0.558073	H@50 0.595405	H@100 0.624761
INFO:kbc-cli.py:Epoch 76/100	Loss 5.0645 ± 0.1927
INFO:kbc-cli.py:Epoch 77/100	Loss 5.0611 ± 0.1861
INFO:kbc-cli.py:Epoch 78/100	Loss 5.0569 ± 0.1853
INFO:kbc-cli.py:Epoch 78/100	dev results	MRR 0.460402	H@1 0.425840	H@3 0.471984	H@5 0.497363	H@10 0.526203	H@20 0.558339	H@50 0.600527	H@100 0.630191
INFO:kbc-cli.py:Epoch 78/100	test results	MRR 0.458655	H@1 0.424697	H@3 0.470325	H@5 0.495054	H@10 0.527601	H@20 0.559509	H@50 0.595724	H@100 0.625080
INFO:kbc-cli.py:Epoch 79/100	Loss 5.0532 ± 0.1882
INFO:kbc-cli.py:Epoch 80/100	Loss 5.0502 ± 0.1883
INFO:kbc-cli.py:Epoch 81/100	Loss 5.0464 ± 0.1911
INFO:kbc-cli.py:Epoch 81/100	dev results	MRR 0.461649	H@1 0.427324	H@3 0.473632	H@5 0.498187	H@10 0.527686	H@20 0.559163	H@50 0.602011	H@100 0.631015
INFO:kbc-cli.py:Epoch 81/100	test results	MRR 0.458711	H@1 0.423899	H@3 0.471283	H@5 0.496171	H@10 0.528079	H@20 0.558392	H@50 0.596362	H@100 0.625718
INFO:kbc-cli.py:Epoch 82/100	Loss 5.0436 ± 0.1869
INFO:kbc-cli.py:Epoch 83/100	Loss 5.0399 ± 0.1863
INFO:kbc-cli.py:Epoch 84/100	Loss 5.0366 ± 0.1893
INFO:kbc-cli.py:Epoch 84/100	dev results	MRR 0.461534	H@1 0.426994	H@3 0.473303	H@5 0.499341	H@10 0.527192	H@20 0.558998	H@50 0.601516	H@100 0.631345
INFO:kbc-cli.py:Epoch 84/100	test results	MRR 0.458236	H@1 0.423740	H@3 0.470645	H@5 0.496490	H@10 0.528717	H@20 0.559190	H@50 0.596841	H@100 0.626516
INFO:kbc-cli.py:Epoch 85/100	Loss 5.0336 ± 0.1859
INFO:kbc-cli.py:Epoch 86/100	Loss 5.0307 ± 0.1850
INFO:kbc-cli.py:Epoch 87/100	Loss 5.0279 ± 0.1867
INFO:kbc-cli.py:Epoch 87/100	dev results	MRR 0.461831	H@1 0.427159	H@3 0.474951	H@5 0.499670	H@10 0.527192	H@20 0.559492	H@50 0.602011	H@100 0.631839
INFO:kbc-cli.py:Epoch 87/100	test results	MRR 0.458557	H@1 0.423421	H@3 0.471921	H@5 0.496171	H@10 0.528079	H@20 0.559190	H@50 0.597639	H@100 0.626197
INFO:kbc-cli.py:Epoch 88/100	Loss 5.0244 ± 0.1893
INFO:kbc-cli.py:Epoch 89/100	Loss 5.0216 ± 0.1829
INFO:kbc-cli.py:Epoch 90/100	Loss 5.0188 ± 0.1952
INFO:kbc-cli.py:Epoch 90/100	dev results	MRR 0.462212	H@1 0.427818	H@3 0.474456	H@5 0.499670	H@10 0.527521	H@20 0.560811	H@50 0.601351	H@100 0.632169
INFO:kbc-cli.py:Epoch 90/100	test results	MRR 0.458441	H@1 0.422782	H@3 0.471602	H@5 0.495692	H@10 0.529196	H@20 0.560306	H@50 0.598117	H@100 0.626037
INFO:kbc-cli.py:Epoch 91/100	Loss 5.0157 ± 0.1859
INFO:kbc-cli.py:Epoch 92/100	Loss 5.0134 ± 0.1902
INFO:kbc-cli.py:Epoch 93/100	Loss 5.0108 ± 0.1850
INFO:kbc-cli.py:Epoch 93/100	dev results	MRR 0.461630	H@1 0.427324	H@3 0.473797	H@5 0.498846	H@10 0.527686	H@20 0.559987	H@50 0.601516	H@100 0.632334
INFO:kbc-cli.py:Epoch 93/100	test results	MRR 0.458826	H@1 0.424218	H@3 0.471921	H@5 0.496171	H@10 0.527601	H@20 0.561104	H@50 0.597479	H@100 0.626516
INFO:kbc-cli.py:Epoch 94/100	Loss 5.0082 ± 0.1858
INFO:kbc-cli.py:Epoch 95/100	Loss 5.0053 ± 0.1838
INFO:kbc-cli.py:Epoch 96/100	Loss 5.0027 ± 0.1815
INFO:kbc-cli.py:Epoch 96/100	dev results	MRR 0.461686	H@1 0.426994	H@3 0.474291	H@5 0.500989	H@10 0.527521	H@20 0.559163	H@50 0.602175	H@100 0.632004
INFO:kbc-cli.py:Epoch 96/100	test results	MRR 0.458411	H@1 0.423580	H@3 0.471283	H@5 0.496171	H@10 0.528079	H@20 0.560785	H@50 0.598596	H@100 0.627154
INFO:kbc-cli.py:Epoch 97/100	Loss 5.0003 ± 0.1822
INFO:kbc-cli.py:Epoch 98/100	Loss 4.9976 ± 0.1877
INFO:kbc-cli.py:Epoch 99/100	Loss 4.9952 ± 0.1731
INFO:kbc-cli.py:Epoch 99/100	dev results	MRR 0.461985	H@1 0.427818	H@3 0.473467	H@5 0.499176	H@10 0.528016	H@20 0.560152	H@50 0.601351	H@100 0.632498
INFO:kbc-cli.py:Epoch 99/100	test results	MRR 0.458730	H@1 0.423261	H@3 0.471761	H@5 0.496490	H@10 0.528717	H@20 0.560306	H@50 0.597479	H@100 0.627632
INFO:kbc-cli.py:Epoch 100/100	Loss 4.9928 ± 0.1847
INFO:kbc-cli.py:Final 	dev results	MRR 0.462045	H@1 0.427653	H@3 0.473797	H@5 0.500000	H@10 0.527686	H@20 0.559822	H@50 0.601846	H@100 0.632828
INFO:kbc-cli.py:Final 	test results	MRR 0.459104	H@1 0.424218	H@3 0.471761	H@5 0.496490	H@10 0.526962	H@20 0.560785	H@50 0.597639	H@100 0.627313
INFO:kbc-cli.py:Training finished
