./bin/kbc-cli.py --train data/wn18rr/train.tsv --dev data/wn18rr/dev.tsv --test data/wn18rr/test.tsv -m complex -k 500 -b 100 -e 100 --F2 0 --N3 0.01 -l 0.1 -I standard -V 3 -o adagrad -c spo -q
{'F2': 0.0,
 'N3': 0.01,
 'batch_size': 100,
 'corruption': 'spo',
 'dev': 'data/wn18rr/dev.tsv',
 'embedding_size': 500,
 'epochs': 100,
 'eval_batch_size': None,
 'input_type': 'standard',
 'learning_rate': 0.1,
 'load': None,
 'model': 'complex',
 'optimizer': 'adagrad',
 'quiet': True,
 'save': None,
 'seed': 0,
 'test': 'data/wn18rr/test.tsv',
 'test_i': None,
 'test_ii': None,
 'train': 'data/wn18rr/train.tsv',
 'validate_every': 3}
INFO:kbc-cli.py:Device: cuda
INFO:kbc-cli.py:Model state:
INFO:kbc-cli.py:	entities.weight	torch.Size([40943, 1000])
INFO:kbc-cli.py:	predicates.weight	torch.Size([11, 1000])
INFO:kbc-cli.py:Epoch 1/100	Loss 20.4803 ± 1.7994
INFO:kbc-cli.py:Epoch 2/100	Loss 10.1238 ± 0.5586
INFO:kbc-cli.py:Epoch 3/100	Loss 5.3893 ± 0.4015
INFO:kbc-cli.py:Epoch 3/100	dev results	MRR 0.412005	H@1 0.369644	H@3 0.439684	H@5 0.453856	H@10 0.473467	H@20 0.498846	H@50 0.527851	H@100 0.554713
INFO:kbc-cli.py:Epoch 3/100	test results	MRR 0.411745	H@1 0.370294	H@3 0.436822	H@5 0.451659	H@10 0.475112	H@20 0.495852	H@50 0.529515	H@100 0.557594
INFO:kbc-cli.py:Epoch 4/100	Loss 4.5476 ± 0.3269
INFO:kbc-cli.py:Epoch 5/100	Loss 4.2087 ± 0.3171
INFO:kbc-cli.py:Epoch 6/100	Loss 4.0285 ± 0.3013
INFO:kbc-cli.py:Epoch 6/100	dev results	MRR 0.439707	H@1 0.415788	H@3 0.447264	H@5 0.462096	H@10 0.485333	H@20 0.508570	H@50 0.543342	H@100 0.571358
INFO:kbc-cli.py:Epoch 6/100	test results	MRR 0.438036	H@1 0.414167	H@3 0.442884	H@5 0.462029	H@10 0.485960	H@20 0.508296	H@50 0.545629	H@100 0.570996
INFO:kbc-cli.py:Epoch 7/100	Loss 3.9057 ± 0.2889
INFO:kbc-cli.py:Epoch 8/100	Loss 3.8184 ± 0.2876
INFO:kbc-cli.py:Epoch 9/100	Loss 3.7493 ± 0.2729
INFO:kbc-cli.py:Epoch 9/100	dev results	MRR 0.443951	H@1 0.419578	H@3 0.453032	H@5 0.467864	H@10 0.489453	H@20 0.514667	H@50 0.551088	H@100 0.577950
INFO:kbc-cli.py:Epoch 9/100	test results	MRR 0.441532	H@1 0.416720	H@3 0.447990	H@5 0.465061	H@10 0.489949	H@20 0.515156	H@50 0.551691	H@100 0.578175
INFO:kbc-cli.py:Epoch 10/100	Loss 3.6922 ± 0.2608
INFO:kbc-cli.py:Epoch 11/100	Loss 3.6458 ± 0.2602
INFO:kbc-cli.py:Epoch 12/100	Loss 3.6072 ± 0.2611
INFO:kbc-cli.py:Epoch 12/100	dev results	MRR 0.445105	H@1 0.419578	H@3 0.453527	H@5 0.470666	H@10 0.489947	H@20 0.517798	H@50 0.555372	H@100 0.583223
INFO:kbc-cli.py:Epoch 12/100	test results	MRR 0.443674	H@1 0.417996	H@3 0.449426	H@5 0.467932	H@10 0.493937	H@20 0.519304	H@50 0.556158	H@100 0.585354
INFO:kbc-cli.py:Epoch 13/100	Loss 3.5709 ± 0.2520
INFO:kbc-cli.py:Epoch 14/100	Loss 3.5398 ± 0.2518
INFO:kbc-cli.py:Epoch 15/100	Loss 3.5117 ± 0.2528
INFO:kbc-cli.py:Epoch 15/100	dev results	MRR 0.446294	H@1 0.420402	H@3 0.454186	H@5 0.473467	H@10 0.494067	H@20 0.521259	H@50 0.560976	H@100 0.586684
INFO:kbc-cli.py:Epoch 15/100	test results	MRR 0.445213	H@1 0.418634	H@3 0.452138	H@5 0.471123	H@10 0.497607	H@20 0.525367	H@50 0.560466	H@100 0.589662
INFO:kbc-cli.py:Epoch 16/100	Loss 3.4882 ± 0.2492
INFO:kbc-cli.py:Epoch 17/100	Loss 3.4647 ± 0.2401
INFO:kbc-cli.py:Epoch 18/100	Loss 3.4437 ± 0.2321
INFO:kbc-cli.py:Epoch 18/100	dev results	MRR 0.447195	H@1 0.421226	H@3 0.455669	H@5 0.474621	H@10 0.496374	H@20 0.523237	H@50 0.561635	H@100 0.590969
INFO:kbc-cli.py:Epoch 18/100	test results	MRR 0.444895	H@1 0.417039	H@3 0.453255	H@5 0.473197	H@10 0.500319	H@20 0.526005	H@50 0.563976	H@100 0.593331
INFO:kbc-cli.py:Epoch 19/100	Loss 3.4241 ± 0.2368
INFO:kbc-cli.py:Epoch 20/100	Loss 3.4071 ± 0.2286
INFO:kbc-cli.py:Epoch 21/100	Loss 3.3901 ± 0.2261
INFO:kbc-cli.py:Epoch 21/100	dev results	MRR 0.448547	H@1 0.422215	H@3 0.457152	H@5 0.474621	H@10 0.499670	H@20 0.525214	H@50 0.563942	H@100 0.592452
INFO:kbc-cli.py:Epoch 21/100	test results	MRR 0.446434	H@1 0.418634	H@3 0.453574	H@5 0.473038	H@10 0.501117	H@20 0.529196	H@50 0.564135	H@100 0.595565
INFO:kbc-cli.py:Epoch 22/100	Loss 3.3742 ± 0.2343
INFO:kbc-cli.py:Epoch 23/100	Loss 3.3591 ± 0.2277
INFO:kbc-cli.py:Epoch 24/100	Loss 3.3461 ± 0.2262
INFO:kbc-cli.py:Epoch 24/100	dev results	MRR 0.450031	H@1 0.424192	H@3 0.458635	H@5 0.474291	H@10 0.499341	H@20 0.528016	H@50 0.566579	H@100 0.595089
INFO:kbc-cli.py:Epoch 24/100	test results	MRR 0.447491	H@1 0.418953	H@3 0.456605	H@5 0.475909	H@10 0.503191	H@20 0.532227	H@50 0.566209	H@100 0.596043
INFO:kbc-cli.py:Epoch 25/100	Loss 3.3324 ± 0.2215
INFO:kbc-cli.py:Epoch 26/100	Loss 3.3201 ± 0.2231
INFO:kbc-cli.py:Epoch 27/100	Loss 3.3080 ± 0.2280
INFO:kbc-cli.py:Epoch 27/100	dev results	MRR 0.450440	H@1 0.424192	H@3 0.458306	H@5 0.475939	H@10 0.501154	H@20 0.528675	H@50 0.568392	H@100 0.596572
INFO:kbc-cli.py:Epoch 27/100	test results	MRR 0.448514	H@1 0.419911	H@3 0.457881	H@5 0.476548	H@10 0.504627	H@20 0.532227	H@50 0.567964	H@100 0.598596
INFO:kbc-cli.py:Epoch 28/100	Loss 3.2966 ± 0.2219
INFO:kbc-cli.py:Epoch 29/100	Loss 3.2857 ± 0.2227
INFO:kbc-cli.py:Epoch 30/100	Loss 3.2763 ± 0.2130
INFO:kbc-cli.py:Epoch 30/100	dev results	MRR 0.451492	H@1 0.425016	H@3 0.458635	H@5 0.476928	H@10 0.503955	H@20 0.529664	H@50 0.569545	H@100 0.596572
INFO:kbc-cli.py:Epoch 30/100	test results	MRR 0.449796	H@1 0.420868	H@3 0.459477	H@5 0.476548	H@10 0.505105	H@20 0.534780	H@50 0.572112	H@100 0.600191
INFO:kbc-cli.py:Epoch 31/100	Loss 3.2660 ± 0.2214
INFO:kbc-cli.py:Epoch 32/100	Loss 3.2564 ± 0.2182
INFO:kbc-cli.py:Epoch 33/100	Loss 3.2476 ± 0.2151
INFO:kbc-cli.py:Epoch 33/100	dev results	MRR 0.451880	H@1 0.424852	H@3 0.460613	H@5 0.477258	H@10 0.503461	H@20 0.531641	H@50 0.571193	H@100 0.597726
INFO:kbc-cli.py:Epoch 33/100	test results	MRR 0.449854	H@1 0.420070	H@3 0.460753	H@5 0.479579	H@10 0.505903	H@20 0.535099	H@50 0.572272	H@100 0.599234
INFO:kbc-cli.py:Epoch 34/100	Loss 3.2391 ± 0.2069
INFO:kbc-cli.py:Epoch 35/100	Loss 3.2311 ± 0.2191
INFO:kbc-cli.py:Epoch 36/100	Loss 3.2225 ± 0.2117
INFO:kbc-cli.py:Epoch 36/100	dev results	MRR 0.452522	H@1 0.425181	H@3 0.460943	H@5 0.479565	H@10 0.505603	H@20 0.530817	H@50 0.573336	H@100 0.599703
INFO:kbc-cli.py:Epoch 36/100	test results	MRR 0.451617	H@1 0.422463	H@3 0.460434	H@5 0.481334	H@10 0.507658	H@20 0.535897	H@50 0.574505	H@100 0.601149
INFO:kbc-cli.py:Epoch 37/100	Loss 3.2148 ± 0.2111
INFO:kbc-cli.py:Epoch 38/100	Loss 3.2074 ± 0.2208
INFO:kbc-cli.py:Epoch 39/100	Loss 3.2003 ± 0.2108
INFO:kbc-cli.py:Epoch 39/100	dev results	MRR 0.452995	H@1 0.425181	H@3 0.462591	H@5 0.480389	H@10 0.506262	H@20 0.532465	H@50 0.573830	H@100 0.598715
INFO:kbc-cli.py:Epoch 39/100	test results	MRR 0.452347	H@1 0.422782	H@3 0.461870	H@5 0.482610	H@10 0.509413	H@20 0.536535	H@50 0.574505	H@100 0.600830
INFO:kbc-cli.py:Epoch 40/100	Loss 3.1936 ± 0.2043
INFO:kbc-cli.py:Epoch 41/100	Loss 3.1867 ± 0.2070
INFO:kbc-cli.py:Epoch 42/100	Loss 3.1806 ± 0.2021
INFO:kbc-cli.py:Epoch 42/100	dev results	MRR 0.453400	H@1 0.426005	H@3 0.461931	H@5 0.481213	H@10 0.507746	H@20 0.532301	H@50 0.572676	H@100 0.599374
INFO:kbc-cli.py:Epoch 42/100	test results	MRR 0.452868	H@1 0.423421	H@3 0.461391	H@5 0.481972	H@10 0.510530	H@20 0.537173	H@50 0.573070	H@100 0.600511
INFO:kbc-cli.py:Epoch 43/100	Loss 3.1746 ± 0.2043
INFO:kbc-cli.py:Epoch 44/100	Loss 3.1681 ± 0.1991
INFO:kbc-cli.py:Epoch 45/100	Loss 3.1627 ± 0.1982
INFO:kbc-cli.py:Epoch 45/100	dev results	MRR 0.454000	H@1 0.426005	H@3 0.464074	H@5 0.481543	H@10 0.508899	H@20 0.533454	H@50 0.574324	H@100 0.600857
INFO:kbc-cli.py:Epoch 45/100	test results	MRR 0.452684	H@1 0.422623	H@3 0.463465	H@5 0.483567	H@10 0.510530	H@20 0.537652	H@50 0.573867	H@100 0.603861
INFO:kbc-cli.py:Epoch 46/100	Loss 3.1563 ± 0.2009
INFO:kbc-cli.py:Epoch 47/100	Loss 3.1514 ± 0.2049
INFO:kbc-cli.py:Epoch 48/100	Loss 3.1463 ± 0.2024
INFO:kbc-cli.py:Epoch 48/100	dev results	MRR 0.454499	H@1 0.426500	H@3 0.464898	H@5 0.482202	H@10 0.510877	H@20 0.532960	H@50 0.574160	H@100 0.602340
INFO:kbc-cli.py:Epoch 48/100	test results	MRR 0.453384	H@1 0.423101	H@3 0.463944	H@5 0.484525	H@10 0.511646	H@20 0.538449	H@50 0.574665	H@100 0.604818
INFO:kbc-cli.py:Epoch 49/100	Loss 3.1405 ± 0.1986
INFO:kbc-cli.py:Epoch 50/100	Loss 3.1353 ± 0.1992
INFO:kbc-cli.py:Epoch 51/100	Loss 3.1305 ± 0.1940
INFO:kbc-cli.py:Epoch 51/100	dev results	MRR 0.455211	H@1 0.427488	H@3 0.465063	H@5 0.482367	H@10 0.510547	H@20 0.534773	H@50 0.575148	H@100 0.604483
INFO:kbc-cli.py:Epoch 51/100	test results	MRR 0.453761	H@1 0.423261	H@3 0.463146	H@5 0.485163	H@10 0.512763	H@20 0.538768	H@50 0.576420	H@100 0.605775
INFO:kbc-cli.py:Epoch 52/100	Loss 3.1256 ± 0.2042
INFO:kbc-cli.py:Epoch 53/100	Loss 3.1208 ± 0.1962
INFO:kbc-cli.py:Epoch 54/100	Loss 3.1162 ± 0.2025
INFO:kbc-cli.py:Epoch 54/100	dev results	MRR 0.455700	H@1 0.427653	H@3 0.465887	H@5 0.483355	H@10 0.511866	H@20 0.535597	H@50 0.576961	H@100 0.604647
INFO:kbc-cli.py:Epoch 54/100	test results	MRR 0.454197	H@1 0.423899	H@3 0.463625	H@5 0.486120	H@10 0.513082	H@20 0.539885	H@50 0.577058	H@100 0.606573
INFO:kbc-cli.py:Epoch 55/100	Loss 3.1119 ± 0.2043
INFO:kbc-cli.py:Epoch 56/100	Loss 3.1074 ± 0.1905
INFO:kbc-cli.py:Epoch 57/100	Loss 3.1032 ± 0.2048
INFO:kbc-cli.py:Epoch 57/100	dev results	MRR 0.454849	H@1 0.426170	H@3 0.465722	H@5 0.483685	H@10 0.511866	H@20 0.537409	H@50 0.577291	H@100 0.606295
INFO:kbc-cli.py:Epoch 57/100	test results	MRR 0.453595	H@1 0.422942	H@3 0.463146	H@5 0.487077	H@10 0.514359	H@20 0.540842	H@50 0.577218	H@100 0.608009
INFO:kbc-cli.py:Epoch 58/100	Loss 3.0989 ± 0.1974
INFO:kbc-cli.py:Epoch 59/100	Loss 3.0950 ± 0.2021
INFO:kbc-cli.py:Epoch 60/100	Loss 3.0911 ± 0.1926
INFO:kbc-cli.py:Epoch 60/100	dev results	MRR 0.456051	H@1 0.427324	H@3 0.466711	H@5 0.484015	H@10 0.512030	H@20 0.537080	H@50 0.578279	H@100 0.607779
INFO:kbc-cli.py:Epoch 60/100	test results	MRR 0.454995	H@1 0.424378	H@3 0.464742	H@5 0.487875	H@10 0.514997	H@20 0.540364	H@50 0.579132	H@100 0.608966
INFO:kbc-cli.py:Epoch 61/100	Loss 3.0871 ± 0.1992
INFO:kbc-cli.py:Epoch 62/100	Loss 3.0829 ± 0.1965
INFO:kbc-cli.py:Epoch 63/100	Loss 3.0798 ± 0.1892
INFO:kbc-cli.py:Epoch 63/100	dev results	MRR 0.455643	H@1 0.426664	H@3 0.466875	H@5 0.484509	H@10 0.512854	H@20 0.537739	H@50 0.577950	H@100 0.607449
INFO:kbc-cli.py:Epoch 63/100	test results	MRR 0.455385	H@1 0.424856	H@3 0.464263	H@5 0.488194	H@10 0.516752	H@20 0.541321	H@50 0.578653	H@100 0.609445
INFO:kbc-cli.py:Epoch 64/100	Loss 3.0764 ± 0.1912
INFO:kbc-cli.py:Epoch 65/100	Loss 3.0723 ± 0.1941
INFO:kbc-cli.py:Epoch 66/100	Loss 3.0690 ± 0.1842
INFO:kbc-cli.py:Epoch 66/100	dev results	MRR 0.456024	H@1 0.426664	H@3 0.467040	H@5 0.485827	H@10 0.513349	H@20 0.538233	H@50 0.578774	H@100 0.608438
INFO:kbc-cli.py:Epoch 66/100	test results	MRR 0.455741	H@1 0.424856	H@3 0.465061	H@5 0.488034	H@10 0.516433	H@20 0.541640	H@50 0.580089	H@100 0.609285
INFO:kbc-cli.py:Epoch 67/100	Loss 3.0652 ± 0.1939
INFO:kbc-cli.py:Epoch 68/100	Loss 3.0623 ± 0.1956
INFO:kbc-cli.py:Epoch 69/100	Loss 3.0589 ± 0.1945
INFO:kbc-cli.py:Epoch 69/100	dev results	MRR 0.456739	H@1 0.427488	H@3 0.467370	H@5 0.486322	H@10 0.513514	H@20 0.539222	H@50 0.579927	H@100 0.609426
INFO:kbc-cli.py:Epoch 69/100	test results	MRR 0.455508	H@1 0.424059	H@3 0.465539	H@5 0.488673	H@10 0.516752	H@20 0.543235	H@50 0.580568	H@100 0.609764
INFO:kbc-cli.py:Epoch 70/100	Loss 3.0557 ± 0.1931
INFO:kbc-cli.py:Epoch 71/100	Loss 3.0526 ± 0.1898
INFO:kbc-cli.py:Epoch 72/100	Loss 3.0497 ± 0.1895
INFO:kbc-cli.py:Epoch 72/100	dev results	MRR 0.456938	H@1 0.427983	H@3 0.467535	H@5 0.487310	H@10 0.514338	H@20 0.539717	H@50 0.580422	H@100 0.609921
INFO:kbc-cli.py:Epoch 72/100	test results	MRR 0.456734	H@1 0.425654	H@3 0.465539	H@5 0.489789	H@10 0.516433	H@20 0.544033	H@50 0.582004	H@100 0.609923
INFO:kbc-cli.py:Epoch 73/100	Loss 3.0467 ± 0.1911
INFO:kbc-cli.py:Epoch 74/100	Loss 3.0432 ± 0.1899
INFO:kbc-cli.py:Epoch 75/100	Loss 3.0405 ± 0.1853
INFO:kbc-cli.py:Epoch 75/100	dev results	MRR 0.457590	H@1 0.428148	H@3 0.468029	H@5 0.488299	H@10 0.514997	H@20 0.540376	H@50 0.581246	H@100 0.609756
INFO:kbc-cli.py:Epoch 75/100	test results	MRR 0.456734	H@1 0.425175	H@3 0.466656	H@5 0.490428	H@10 0.517071	H@20 0.543395	H@50 0.581844	H@100 0.611678
INFO:kbc-cli.py:Epoch 76/100	Loss 3.0379 ± 0.1916
INFO:kbc-cli.py:Epoch 77/100	Loss 3.0352 ± 0.1851
INFO:kbc-cli.py:Epoch 78/100	Loss 3.0320 ± 0.1835
INFO:kbc-cli.py:Epoch 78/100	dev results	MRR 0.457261	H@1 0.427653	H@3 0.467535	H@5 0.487640	H@10 0.516150	H@20 0.542024	H@50 0.582235	H@100 0.610086
INFO:kbc-cli.py:Epoch 78/100	test results	MRR 0.457061	H@1 0.425973	H@3 0.465380	H@5 0.490747	H@10 0.518347	H@20 0.544831	H@50 0.583121	H@100 0.610402
INFO:kbc-cli.py:Epoch 79/100	Loss 3.0291 ± 0.1840
INFO:kbc-cli.py:Epoch 80/100	Loss 3.0270 ± 0.1875
INFO:kbc-cli.py:Epoch 81/100	Loss 3.0239 ± 0.1906
INFO:kbc-cli.py:Epoch 81/100	dev results	MRR 0.457714	H@1 0.428148	H@3 0.468523	H@5 0.488464	H@10 0.515326	H@20 0.541200	H@50 0.582564	H@100 0.611074
INFO:kbc-cli.py:Epoch 81/100	test results	MRR 0.457497	H@1 0.425973	H@3 0.467454	H@5 0.492821	H@10 0.518188	H@20 0.544831	H@50 0.584237	H@100 0.612157
INFO:kbc-cli.py:Epoch 82/100	Loss 3.0218 ± 0.1849
INFO:kbc-cli.py:Epoch 83/100	Loss 3.0188 ± 0.1819
INFO:kbc-cli.py:Epoch 84/100	Loss 3.0163 ± 0.1872
INFO:kbc-cli.py:Epoch 84/100	dev results	MRR 0.458153	H@1 0.428642	H@3 0.468523	H@5 0.488464	H@10 0.516150	H@20 0.541694	H@50 0.583718	H@100 0.612063
INFO:kbc-cli.py:Epoch 84/100	test results	MRR 0.457602	H@1 0.426133	H@3 0.467454	H@5 0.491704	H@10 0.518826	H@20 0.545788	H@50 0.584397	H@100 0.613274
INFO:kbc-cli.py:Epoch 85/100	Loss 3.0141 ± 0.1842
INFO:kbc-cli.py:Epoch 86/100	Loss 3.0118 ± 0.1827
INFO:kbc-cli.py:Epoch 87/100	Loss 3.0096 ± 0.1865
INFO:kbc-cli.py:Epoch 87/100	dev results	MRR 0.457884	H@1 0.427653	H@3 0.469018	H@5 0.490277	H@10 0.515821	H@20 0.542353	H@50 0.584871	H@100 0.612228
INFO:kbc-cli.py:Epoch 87/100	test results	MRR 0.457750	H@1 0.425814	H@3 0.468571	H@5 0.493937	H@10 0.520102	H@20 0.545788	H@50 0.584556	H@100 0.613433
INFO:kbc-cli.py:Epoch 88/100	Loss 3.0067 ± 0.1864
INFO:kbc-cli.py:Epoch 89/100	Loss 3.0046 ± 0.1811
INFO:kbc-cli.py:Epoch 90/100	Loss 3.0023 ± 0.1936
INFO:kbc-cli.py:Epoch 90/100	dev results	MRR 0.458412	H@1 0.428312	H@3 0.468359	H@5 0.489782	H@10 0.516150	H@20 0.543672	H@50 0.584212	H@100 0.613711
INFO:kbc-cli.py:Epoch 90/100	test results	MRR 0.457773	H@1 0.425654	H@3 0.468571	H@5 0.493459	H@10 0.520262	H@20 0.546905	H@50 0.585514	H@100 0.614550
INFO:kbc-cli.py:Epoch 91/100	Loss 2.9999 ± 0.1860
INFO:kbc-cli.py:Epoch 92/100	Loss 2.9981 ± 0.1890
INFO:kbc-cli.py:Epoch 93/100	Loss 2.9961 ± 0.1836
INFO:kbc-cli.py:Epoch 93/100	dev results	MRR 0.458470	H@1 0.428148	H@3 0.470171	H@5 0.489453	H@10 0.515491	H@20 0.542848	H@50 0.585366	H@100 0.614206
INFO:kbc-cli.py:Epoch 93/100	test results	MRR 0.458391	H@1 0.426292	H@3 0.469049	H@5 0.494576	H@10 0.521219	H@20 0.547384	H@50 0.585673	H@100 0.615029
INFO:kbc-cli.py:Epoch 94/100	Loss 2.9940 ± 0.1854
INFO:kbc-cli.py:Epoch 95/100	Loss 2.9915 ± 0.1813
INFO:kbc-cli.py:Epoch 96/100	Loss 2.9895 ± 0.1808
INFO:kbc-cli.py:Epoch 96/100	dev results	MRR 0.458852	H@1 0.428477	H@3 0.470831	H@5 0.489618	H@10 0.517304	H@20 0.543672	H@50 0.585531	H@100 0.615194
INFO:kbc-cli.py:Epoch 96/100	test results	MRR 0.458760	H@1 0.427090	H@3 0.468890	H@5 0.494576	H@10 0.520581	H@20 0.548181	H@50 0.585992	H@100 0.615188
INFO:kbc-cli.py:Epoch 97/100	Loss 2.9875 ± 0.1811
INFO:kbc-cli.py:Epoch 98/100	Loss 2.9853 ± 0.1860
INFO:kbc-cli.py:Epoch 99/100	Loss 2.9835 ± 0.1694
INFO:kbc-cli.py:Epoch 99/100	dev results	MRR 0.459185	H@1 0.428972	H@3 0.471160	H@5 0.490771	H@10 0.516480	H@20 0.544331	H@50 0.586355	H@100 0.614206
INFO:kbc-cli.py:Epoch 99/100	test results	MRR 0.459145	H@1 0.427250	H@3 0.469528	H@5 0.494895	H@10 0.520102	H@20 0.548181	H@50 0.587109	H@100 0.616305
INFO:kbc-cli.py:Epoch 100/100	Loss 2.9815 ± 0.1816
INFO:kbc-cli.py:Final 	dev results	MRR 0.458982	H@1 0.428477	H@3 0.471490	H@5 0.490606	H@10 0.517633	H@20 0.543672	H@50 0.586684	H@100 0.615030
INFO:kbc-cli.py:Final 	test results	MRR 0.458999	H@1 0.426771	H@3 0.469687	H@5 0.495692	H@10 0.519943	H@20 0.548979	H@50 0.587109	H@100 0.616146
INFO:kbc-cli.py:Training finished
