./bin/kbc-cli.py --train data/wn18rr/train.tsv --dev data/wn18rr/dev.tsv --test data/wn18rr/test.tsv -m complex -k 2000 -b 50 -e 100 --F2 0.01 --N3 0 -l 0.1 -I standard -V 3 -o adagrad -c so -q
{'F2': 0.01,
 'N3': 0.0,
 'batch_size': 50,
 'corruption': 'so',
 'dev': 'data/wn18rr/dev.tsv',
 'embedding_size': 2000,
 'epochs': 100,
 'eval_batch_size': None,
 'input_type': 'standard',
 'learning_rate': 0.1,
 'load': None,
 'model': 'complex',
 'optimizer': 'adagrad',
 'quiet': True,
 'save': None,
 'seed': 0,
 'test': 'data/wn18rr/test.tsv',
 'test_i': None,
 'test_ii': None,
 'train': 'data/wn18rr/train.tsv',
 'validate_every': 3}
INFO:kbc-cli.py:Device: cuda
INFO:kbc-cli.py:Model state:
INFO:kbc-cli.py:	entities.weight	torch.Size([40943, 4000])
INFO:kbc-cli.py:	predicates.weight	torch.Size([11, 4000])
INFO:kbc-cli.py:Epoch 1/100	Loss 22.3164 ± 1.2391
INFO:kbc-cli.py:Epoch 2/100	Loss 14.5278 ± 0.7633
INFO:kbc-cli.py:Epoch 3/100	Loss 9.1302 ± 0.4979
INFO:kbc-cli.py:Epoch 3/100	dev results	MRR 0.416162	H@1 0.389090	H@3 0.427488	H@5 0.442815	H@10 0.463085	H@20 0.487310	H@50 0.517633	H@100 0.545979
INFO:kbc-cli.py:Epoch 3/100	test results	MRR 0.420055	H@1 0.395501	H@3 0.430919	H@5 0.443044	H@10 0.465061	H@20 0.489311	H@50 0.518826	H@100 0.543235
INFO:kbc-cli.py:Epoch 4/100	Loss 7.8678 ± 0.3430
INFO:kbc-cli.py:Epoch 5/100	Loss 7.2763 ± 0.3247
INFO:kbc-cli.py:Epoch 6/100	Loss 6.9165 ± 0.3045
INFO:kbc-cli.py:Epoch 6/100	dev results	MRR 0.433791	H@1 0.409196	H@3 0.441332	H@5 0.458471	H@10 0.481048	H@20 0.505274	H@50 0.535926	H@100 0.566414
INFO:kbc-cli.py:Epoch 6/100	test results	MRR 0.434434	H@1 0.410179	H@3 0.440651	H@5 0.456126	H@10 0.483089	H@20 0.507498	H@50 0.542119	H@100 0.567964
INFO:kbc-cli.py:Epoch 7/100	Loss 6.6477 ± 0.2966
INFO:kbc-cli.py:Epoch 8/100	Loss 6.4350 ± 0.2985
INFO:kbc-cli.py:Epoch 9/100	Loss 6.2560 ± 0.2848
INFO:kbc-cli.py:Epoch 9/100	dev results	MRR 0.437589	H@1 0.410844	H@3 0.446935	H@5 0.464403	H@10 0.487146	H@20 0.512690	H@50 0.546638	H@100 0.575148
INFO:kbc-cli.py:Epoch 9/100	test results	MRR 0.440376	H@1 0.413529	H@3 0.450862	H@5 0.466177	H@10 0.490268	H@20 0.516911	H@50 0.550255	H@100 0.576579
INFO:kbc-cli.py:Epoch 10/100	Loss 6.1018 ± 0.2799
INFO:kbc-cli.py:Epoch 11/100	Loss 5.9681 ± 0.2734
INFO:kbc-cli.py:Epoch 12/100	Loss 5.8506 ± 0.2741
INFO:kbc-cli.py:Epoch 12/100	dev results	MRR 0.440873	H@1 0.414634	H@3 0.450396	H@5 0.467864	H@10 0.490442	H@20 0.516480	H@50 0.552571	H@100 0.578444
INFO:kbc-cli.py:Epoch 12/100	test results	MRR 0.442442	H@1 0.414646	H@3 0.453733	H@5 0.467932	H@10 0.493140	H@20 0.521219	H@50 0.553765	H@100 0.581047
INFO:kbc-cli.py:Epoch 13/100	Loss 5.7429 ± 0.2674
INFO:kbc-cli.py:Epoch 14/100	Loss 5.6455 ± 0.2704
INFO:kbc-cli.py:Epoch 15/100	Loss 5.5574 ± 0.2690
INFO:kbc-cli.py:Epoch 15/100	dev results	MRR 0.442517	H@1 0.414964	H@3 0.452208	H@5 0.469512	H@10 0.495386	H@20 0.518293	H@50 0.554713	H@100 0.582399
INFO:kbc-cli.py:Epoch 15/100	test results	MRR 0.444834	H@1 0.416241	H@3 0.455010	H@5 0.471761	H@10 0.498883	H@20 0.524250	H@50 0.560306	H@100 0.583918
INFO:kbc-cli.py:Epoch 16/100	Loss 5.4770 ± 0.2620
INFO:kbc-cli.py:Epoch 17/100	Loss 5.4016 ± 0.2586
INFO:kbc-cli.py:Epoch 18/100	Loss 5.3328 ± 0.2535
INFO:kbc-cli.py:Epoch 18/100	dev results	MRR 0.445568	H@1 0.417765	H@3 0.456163	H@5 0.471655	H@10 0.498352	H@20 0.522742	H@50 0.557515	H@100 0.585531
INFO:kbc-cli.py:Epoch 18/100	test results	MRR 0.446179	H@1 0.417198	H@3 0.458679	H@5 0.475750	H@10 0.500798	H@20 0.528717	H@50 0.563019	H@100 0.588864
INFO:kbc-cli.py:Epoch 19/100	Loss 5.2682 ± 0.2582
INFO:kbc-cli.py:Epoch 20/100	Loss 5.2086 ± 0.2525
INFO:kbc-cli.py:Epoch 21/100	Loss 5.1521 ± 0.2512
INFO:kbc-cli.py:Epoch 21/100	dev results	MRR 0.445984	H@1 0.418589	H@3 0.456658	H@5 0.472973	H@10 0.496704	H@20 0.522907	H@50 0.559987	H@100 0.588167
INFO:kbc-cli.py:Epoch 21/100	test results	MRR 0.448239	H@1 0.420389	H@3 0.457403	H@5 0.474952	H@10 0.503829	H@20 0.530313	H@50 0.563338	H@100 0.589343
INFO:kbc-cli.py:Epoch 22/100	Loss 5.0988 ± 0.2569
INFO:kbc-cli.py:Epoch 23/100	Loss 5.0484 ± 0.2495
INFO:kbc-cli.py:Epoch 24/100	Loss 5.0023 ± 0.2526
INFO:kbc-cli.py:Epoch 24/100	dev results	MRR 0.447568	H@1 0.419413	H@3 0.459295	H@5 0.475610	H@10 0.499176	H@20 0.525544	H@50 0.560976	H@100 0.587179
INFO:kbc-cli.py:Epoch 24/100	test results	MRR 0.449340	H@1 0.421347	H@3 0.457562	H@5 0.477505	H@10 0.505265	H@20 0.530313	H@50 0.564295	H@100 0.589502
INFO:kbc-cli.py:Epoch 25/100	Loss 4.9571 ± 0.2486
INFO:kbc-cli.py:Epoch 26/100	Loss 4.9147 ± 0.2496
INFO:kbc-cli.py:Epoch 27/100	Loss 4.8745 ± 0.2517
INFO:kbc-cli.py:Epoch 27/100	dev results	MRR 0.448497	H@1 0.420402	H@3 0.460613	H@5 0.476269	H@10 0.500000	H@20 0.527192	H@50 0.561635	H@100 0.589321
INFO:kbc-cli.py:Epoch 27/100	test results	MRR 0.449718	H@1 0.420868	H@3 0.460434	H@5 0.478143	H@10 0.504308	H@20 0.531110	H@50 0.565571	H@100 0.591417
INFO:kbc-cli.py:Epoch 28/100	Loss 4.8362 ± 0.2447
INFO:kbc-cli.py:Epoch 29/100	Loss 4.7999 ± 0.2479
INFO:kbc-cli.py:Epoch 30/100	Loss 4.7655 ± 0.2377
INFO:kbc-cli.py:Epoch 30/100	dev results	MRR 0.448905	H@1 0.420732	H@3 0.461107	H@5 0.476763	H@10 0.501813	H@20 0.528016	H@50 0.562953	H@100 0.589321
INFO:kbc-cli.py:Epoch 30/100	test results	MRR 0.450081	H@1 0.421506	H@3 0.460434	H@5 0.477186	H@10 0.505743	H@20 0.532865	H@50 0.563976	H@100 0.593012
INFO:kbc-cli.py:Epoch 31/100	Loss 4.7316 ± 0.2458
INFO:kbc-cli.py:Epoch 32/100	Loss 4.6998 ± 0.2402
INFO:kbc-cli.py:Epoch 33/100	Loss 4.6695 ± 0.2440
INFO:kbc-cli.py:Epoch 33/100	dev results	MRR 0.449611	H@1 0.421721	H@3 0.462096	H@5 0.475610	H@10 0.500000	H@20 0.528345	H@50 0.563118	H@100 0.589321
INFO:kbc-cli.py:Epoch 33/100	test results	MRR 0.450354	H@1 0.421027	H@3 0.461870	H@5 0.478781	H@10 0.506222	H@20 0.533184	H@50 0.565252	H@100 0.593012
INFO:kbc-cli.py:Epoch 34/100	Loss 4.6404 ± 0.2334
INFO:kbc-cli.py:Epoch 35/100	Loss 4.6123 ± 0.2432
INFO:kbc-cli.py:Epoch 36/100	Loss 4.5849 ± 0.2403
INFO:kbc-cli.py:Epoch 36/100	dev results	MRR 0.449671	H@1 0.421226	H@3 0.461107	H@5 0.477587	H@10 0.502472	H@20 0.529334	H@50 0.564436	H@100 0.589321
INFO:kbc-cli.py:Epoch 36/100	test results	MRR 0.451808	H@1 0.423101	H@3 0.461072	H@5 0.480377	H@10 0.507339	H@20 0.533344	H@50 0.564454	H@100 0.594288
INFO:kbc-cli.py:Epoch 37/100	Loss 4.5590 ± 0.2404
INFO:kbc-cli.py:Epoch 38/100	Loss 4.5337 ± 0.2439
INFO:kbc-cli.py:Epoch 39/100	Loss 4.5095 ± 0.2406
INFO:kbc-cli.py:Epoch 39/100	dev results	MRR 0.450245	H@1 0.421721	H@3 0.461767	H@5 0.478247	H@10 0.500330	H@20 0.528510	H@50 0.565260	H@100 0.590639
INFO:kbc-cli.py:Epoch 39/100	test results	MRR 0.452245	H@1 0.423740	H@3 0.461870	H@5 0.480536	H@10 0.507817	H@20 0.534620	H@50 0.564773	H@100 0.594608
INFO:kbc-cli.py:Epoch 40/100	Loss 4.4865 ± 0.2330
INFO:kbc-cli.py:Epoch 41/100	Loss 4.4640 ± 0.2334
INFO:kbc-cli.py:Epoch 42/100	Loss 4.4423 ± 0.2318
INFO:kbc-cli.py:Epoch 42/100	dev results	MRR 0.450225	H@1 0.421391	H@3 0.462261	H@5 0.478576	H@10 0.500824	H@20 0.528345	H@50 0.565755	H@100 0.588167
INFO:kbc-cli.py:Epoch 42/100	test results	MRR 0.452383	H@1 0.423580	H@3 0.462189	H@5 0.481174	H@10 0.508296	H@20 0.534461	H@50 0.565252	H@100 0.594288
INFO:kbc-cli.py:Epoch 43/100	Loss 4.4213 ± 0.2342
INFO:kbc-cli.py:Epoch 44/100	Loss 4.4008 ± 0.2303
INFO:kbc-cli.py:Epoch 45/100	Loss 4.3812 ± 0.2248
INFO:kbc-cli.py:Epoch 45/100	dev results	MRR 0.450881	H@1 0.423204	H@3 0.462261	H@5 0.478247	H@10 0.500000	H@20 0.527521	H@50 0.564272	H@100 0.588991
INFO:kbc-cli.py:Epoch 45/100	test results	MRR 0.451940	H@1 0.423421	H@3 0.460115	H@5 0.479419	H@10 0.506860	H@20 0.533504	H@50 0.563976	H@100 0.595565
INFO:kbc-cli.py:Epoch 46/100	Loss 4.3620 ± 0.2293
INFO:kbc-cli.py:Epoch 47/100	Loss 4.3435 ± 0.2338
INFO:kbc-cli.py:Epoch 48/100	Loss 4.3257 ± 0.2354
INFO:kbc-cli.py:Epoch 48/100	dev results	MRR 0.451363	H@1 0.423204	H@3 0.463250	H@5 0.478741	H@10 0.501978	H@20 0.527027	H@50 0.563777	H@100 0.589321
INFO:kbc-cli.py:Epoch 48/100	test results	MRR 0.452374	H@1 0.423899	H@3 0.461551	H@5 0.480536	H@10 0.505424	H@20 0.534142	H@50 0.565093	H@100 0.595724
INFO:kbc-cli.py:Epoch 49/100	Loss 4.3077 ± 0.2309
INFO:kbc-cli.py:Epoch 50/100	Loss 4.2909 ± 0.2276
INFO:kbc-cli.py:Epoch 51/100	Loss 4.2745 ± 0.2308
INFO:kbc-cli.py:Epoch 51/100	dev results	MRR 0.451425	H@1 0.423039	H@3 0.463085	H@5 0.480059	H@10 0.502472	H@20 0.527192	H@50 0.563448	H@100 0.590639
INFO:kbc-cli.py:Epoch 51/100	test results	MRR 0.452583	H@1 0.424218	H@3 0.460913	H@5 0.481653	H@10 0.507179	H@20 0.533982	H@50 0.566209	H@100 0.594288
INFO:kbc-cli.py:Epoch 52/100	Loss 4.2584 ± 0.2337
INFO:kbc-cli.py:Epoch 53/100	Loss 4.2427 ± 0.2256
INFO:kbc-cli.py:Epoch 54/100	Loss 4.2276 ± 0.2297
INFO:kbc-cli.py:Epoch 54/100	dev results	MRR 0.451626	H@1 0.423368	H@3 0.463744	H@5 0.479565	H@10 0.503461	H@20 0.527686	H@50 0.564272	H@100 0.589651
INFO:kbc-cli.py:Epoch 54/100	test results	MRR 0.452260	H@1 0.423421	H@3 0.461551	H@5 0.480855	H@10 0.508296	H@20 0.534620	H@50 0.566050	H@100 0.594608
INFO:kbc-cli.py:Epoch 55/100	Loss 4.2129 ± 0.2320
INFO:kbc-cli.py:Epoch 56/100	Loss 4.1985 ± 0.2239
INFO:kbc-cli.py:Epoch 57/100	Loss 4.1845 ± 0.2359
INFO:kbc-cli.py:Epoch 57/100	dev results	MRR 0.451090	H@1 0.422215	H@3 0.463085	H@5 0.480059	H@10 0.502802	H@20 0.529005	H@50 0.563777	H@100 0.589815
INFO:kbc-cli.py:Epoch 57/100	test results	MRR 0.452568	H@1 0.423740	H@3 0.461870	H@5 0.481174	H@10 0.507817	H@20 0.534780	H@50 0.566050	H@100 0.595086
INFO:kbc-cli.py:Epoch 58/100	Loss 4.1708 ± 0.2308
INFO:kbc-cli.py:Epoch 59/100	Loss 4.1574 ± 0.2326
INFO:kbc-cli.py:Epoch 60/100	Loss 4.1443 ± 0.2270
INFO:kbc-cli.py:Epoch 60/100	dev results	MRR 0.452121	H@1 0.423698	H@3 0.464074	H@5 0.480224	H@10 0.502966	H@20 0.528675	H@50 0.564107	H@100 0.589815
INFO:kbc-cli.py:Epoch 60/100	test results	MRR 0.453105	H@1 0.424378	H@3 0.461870	H@5 0.482610	H@10 0.507977	H@20 0.534620	H@50 0.566847	H@100 0.595565
INFO:kbc-cli.py:Epoch 61/100	Loss 4.1316 ± 0.2299
INFO:kbc-cli.py:Epoch 62/100	Loss 4.1191 ± 0.2299
INFO:kbc-cli.py:Epoch 63/100	Loss 4.1071 ± 0.2227
INFO:kbc-cli.py:Epoch 63/100	dev results	MRR 0.451238	H@1 0.422544	H@3 0.463579	H@5 0.480389	H@10 0.502142	H@20 0.528675	H@50 0.563777	H@100 0.590804
INFO:kbc-cli.py:Epoch 63/100	test results	MRR 0.452516	H@1 0.424059	H@3 0.461551	H@5 0.481493	H@10 0.507658	H@20 0.535099	H@50 0.565890	H@100 0.595884
INFO:kbc-cli.py:Epoch 64/100	Loss 4.0954 ± 0.2265
INFO:kbc-cli.py:Epoch 65/100	Loss 4.0835 ± 0.2296
INFO:kbc-cli.py:Epoch 66/100	Loss 4.0723 ± 0.2178
INFO:kbc-cli.py:Epoch 66/100	dev results	MRR 0.451059	H@1 0.422544	H@3 0.463085	H@5 0.480059	H@10 0.501813	H@20 0.528181	H@50 0.562953	H@100 0.589980
INFO:kbc-cli.py:Epoch 66/100	test results	MRR 0.453003	H@1 0.425016	H@3 0.460913	H@5 0.482610	H@10 0.507817	H@20 0.535258	H@50 0.566847	H@100 0.595405
INFO:kbc-cli.py:Epoch 67/100	Loss 4.0611 ± 0.2243
INFO:kbc-cli.py:Epoch 68/100	Loss 4.0504 ± 0.2323
INFO:kbc-cli.py:Epoch 69/100	Loss 4.0397 ± 0.2254
INFO:kbc-cli.py:Epoch 69/100	dev results	MRR 0.451369	H@1 0.423039	H@3 0.463250	H@5 0.480554	H@10 0.501813	H@20 0.529499	H@50 0.563612	H@100 0.590804
INFO:kbc-cli.py:Epoch 69/100	test results	MRR 0.452029	H@1 0.423261	H@3 0.461072	H@5 0.483567	H@10 0.508137	H@20 0.533823	H@50 0.565731	H@100 0.596043
INFO:kbc-cli.py:Epoch 70/100	Loss 4.0293 ± 0.2256
INFO:kbc-cli.py:Epoch 71/100	Loss 4.0191 ± 0.2243
INFO:kbc-cli.py:Epoch 72/100	Loss 4.0093 ± 0.2247
INFO:kbc-cli.py:Epoch 72/100	dev results	MRR 0.450782	H@1 0.422380	H@3 0.461931	H@5 0.480883	H@10 0.502472	H@20 0.528510	H@50 0.564272	H@100 0.590475
INFO:kbc-cli.py:Epoch 72/100	test results	MRR 0.452130	H@1 0.423421	H@3 0.461232	H@5 0.482610	H@10 0.508137	H@20 0.533344	H@50 0.566209	H@100 0.594767
INFO:kbc-cli.py:Epoch 73/100	Loss 3.9995 ± 0.2255
INFO:kbc-cli.py:Epoch 74/100	Loss 3.9897 ± 0.2262
INFO:kbc-cli.py:Epoch 75/100	Loss 3.9804 ± 0.2233
INFO:kbc-cli.py:Epoch 75/100	dev results	MRR 0.450841	H@1 0.422050	H@3 0.463579	H@5 0.480059	H@10 0.501813	H@20 0.529334	H@50 0.564272	H@100 0.589815
INFO:kbc-cli.py:Epoch 75/100	test results	MRR 0.452504	H@1 0.423899	H@3 0.461232	H@5 0.483089	H@10 0.509892	H@20 0.533663	H@50 0.565412	H@100 0.595884
INFO:kbc-cli.py:Epoch 76/100	Loss 3.9713 ± 0.2235
INFO:kbc-cli.py:Epoch 77/100	Loss 3.9622 ± 0.2197
INFO:kbc-cli.py:Epoch 78/100	Loss 3.9532 ± 0.2201
INFO:kbc-cli.py:Epoch 78/100	dev results	MRR 0.451170	H@1 0.422874	H@3 0.462096	H@5 0.481048	H@10 0.501648	H@20 0.529664	H@50 0.563283	H@100 0.589486
INFO:kbc-cli.py:Epoch 78/100	test results	MRR 0.451667	H@1 0.422623	H@3 0.461710	H@5 0.482929	H@10 0.508934	H@20 0.533184	H@50 0.565093	H@100 0.596043
INFO:kbc-cli.py:Epoch 79/100	Loss 3.9445 ± 0.2195
INFO:kbc-cli.py:Epoch 80/100	Loss 3.9361 ± 0.2218
INFO:kbc-cli.py:Epoch 81/100	Loss 3.9276 ± 0.2259
INFO:kbc-cli.py:Epoch 81/100	dev results	MRR 0.450988	H@1 0.422380	H@3 0.461931	H@5 0.481213	H@10 0.502966	H@20 0.529169	H@50 0.563612	H@100 0.589815
INFO:kbc-cli.py:Epoch 81/100	test results	MRR 0.452172	H@1 0.423421	H@3 0.461072	H@5 0.482770	H@10 0.508775	H@20 0.533025	H@50 0.566528	H@100 0.595884
INFO:kbc-cli.py:Epoch 82/100	Loss 3.9196 ± 0.2195
INFO:kbc-cli.py:Epoch 83/100	Loss 3.9114 ± 0.2168
INFO:kbc-cli.py:Epoch 84/100	Loss 3.9034 ± 0.2222
INFO:kbc-cli.py:Epoch 84/100	dev results	MRR 0.450907	H@1 0.422709	H@3 0.461931	H@5 0.480554	H@10 0.502802	H@20 0.529499	H@50 0.563448	H@100 0.590145
INFO:kbc-cli.py:Epoch 84/100	test results	MRR 0.452092	H@1 0.423101	H@3 0.461710	H@5 0.482770	H@10 0.508934	H@20 0.532865	H@50 0.565731	H@100 0.594927
INFO:kbc-cli.py:Epoch 85/100	Loss 3.8957 ± 0.2237
INFO:kbc-cli.py:Epoch 86/100	Loss 3.8881 ± 0.2220
INFO:kbc-cli.py:Epoch 87/100	Loss 3.8806 ± 0.2249
INFO:kbc-cli.py:Epoch 87/100	dev results	MRR 0.450692	H@1 0.422380	H@3 0.460943	H@5 0.480059	H@10 0.502472	H@20 0.528840	H@50 0.562788	H@100 0.590145
INFO:kbc-cli.py:Epoch 87/100	test results	MRR 0.452056	H@1 0.423261	H@3 0.461232	H@5 0.482929	H@10 0.509572	H@20 0.532227	H@50 0.566528	H@100 0.595565
INFO:kbc-cli.py:Epoch 88/100	Loss 3.8730 ± 0.2279
INFO:kbc-cli.py:Epoch 89/100	Loss 3.8658 ± 0.2213
INFO:kbc-cli.py:Epoch 90/100	Loss 3.8586 ± 0.2300
INFO:kbc-cli.py:Epoch 90/100	dev results	MRR 0.450179	H@1 0.421556	H@3 0.461437	H@5 0.479730	H@10 0.503131	H@20 0.527521	H@50 0.562953	H@100 0.590639
INFO:kbc-cli.py:Epoch 90/100	test results	MRR 0.452280	H@1 0.423421	H@3 0.461710	H@5 0.482451	H@10 0.509253	H@20 0.530472	H@50 0.566847	H@100 0.595884
INFO:kbc-cli.py:Epoch 91/100	Loss 3.8516 ± 0.2205
INFO:kbc-cli.py:Epoch 92/100	Loss 3.8447 ± 0.2222
INFO:kbc-cli.py:Epoch 93/100	Loss 3.8380 ± 0.2223
INFO:kbc-cli.py:Epoch 93/100	dev results	MRR 0.450182	H@1 0.421391	H@3 0.460943	H@5 0.479071	H@10 0.502472	H@20 0.528181	H@50 0.562459	H@100 0.589980
INFO:kbc-cli.py:Epoch 93/100	test results	MRR 0.452055	H@1 0.423101	H@3 0.461551	H@5 0.482929	H@10 0.508615	H@20 0.531270	H@50 0.567326	H@100 0.594448
INFO:kbc-cli.py:Epoch 94/100	Loss 3.8314 ± 0.2188
INFO:kbc-cli.py:Epoch 95/100	Loss 3.8246 ± 0.2200
INFO:kbc-cli.py:Epoch 96/100	Loss 3.8181 ± 0.2227
INFO:kbc-cli.py:Epoch 96/100	dev results	MRR 0.449653	H@1 0.420567	H@3 0.461107	H@5 0.479895	H@10 0.502637	H@20 0.527851	H@50 0.563118	H@100 0.589321
INFO:kbc-cli.py:Epoch 96/100	test results	MRR 0.451713	H@1 0.422942	H@3 0.460274	H@5 0.482131	H@10 0.508615	H@20 0.530472	H@50 0.566847	H@100 0.595405
INFO:kbc-cli.py:Epoch 97/100	Loss 3.8117 ± 0.2176
INFO:kbc-cli.py:Epoch 98/100	Loss 3.8054 ± 0.2194
INFO:kbc-cli.py:Epoch 99/100	Loss 3.7992 ± 0.2106
INFO:kbc-cli.py:Epoch 99/100	dev results	MRR 0.449929	H@1 0.421391	H@3 0.460778	H@5 0.479235	H@10 0.502307	H@20 0.527686	H@50 0.562129	H@100 0.589321
INFO:kbc-cli.py:Epoch 99/100	test results	MRR 0.451541	H@1 0.422623	H@3 0.461072	H@5 0.481972	H@10 0.507658	H@20 0.530632	H@50 0.566050	H@100 0.594608
INFO:kbc-cli.py:Epoch 100/100	Loss 3.7930 ± 0.2177
INFO:kbc-cli.py:Final 	dev results	MRR 0.449964	H@1 0.421226	H@3 0.460778	H@5 0.479071	H@10 0.502802	H@20 0.527686	H@50 0.562459	H@100 0.589980
INFO:kbc-cli.py:Final 	test results	MRR 0.451368	H@1 0.422304	H@3 0.461072	H@5 0.481653	H@10 0.508137	H@20 0.530632	H@50 0.566209	H@100 0.595405
INFO:kbc-cli.py:Training finished
