./bin/kbc-cli.py --train data/wn18rr/train.tsv --dev data/wn18rr/dev.tsv --test data/wn18rr/test.tsv -m complex -k 100 -b 50 -e 100 --F2 0.05 --N3 0 -l 0.1 -I standard -V 3 -o adagrad -c so -q
{'F2': 0.05,
 'N3': 0.0,
 'batch_size': 50,
 'corruption': 'so',
 'dev': 'data/wn18rr/dev.tsv',
 'embedding_size': 100,
 'epochs': 100,
 'eval_batch_size': None,
 'input_type': 'standard',
 'learning_rate': 0.1,
 'load': None,
 'model': 'complex',
 'optimizer': 'adagrad',
 'quiet': True,
 'save': None,
 'seed': 0,
 'test': 'data/wn18rr/test.tsv',
 'test_i': None,
 'test_ii': None,
 'train': 'data/wn18rr/train.tsv',
 'validate_every': 3}
INFO:kbc-cli.py:Device: cuda
INFO:kbc-cli.py:Model state:
INFO:kbc-cli.py:	entities.weight	torch.Size([40943, 200])
INFO:kbc-cli.py:	predicates.weight	torch.Size([11, 200])
INFO:kbc-cli.py:Epoch 1/100	Loss 29.8778 ± 1.3622
INFO:kbc-cli.py:Epoch 2/100	Loss 25.6528 ± 0.8260
INFO:kbc-cli.py:Epoch 3/100	Loss 21.6283 ± 0.8913
INFO:kbc-cli.py:Epoch 3/100	dev results	MRR 0.198028	H@1 0.145682	H@3 0.228082	H@5 0.253461	H@10 0.291859	H@20 0.326467	H@50 0.377225	H@100 0.415458
INFO:kbc-cli.py:Epoch 3/100	test results	MRR 0.191123	H@1 0.141353	H@3 0.216656	H@5 0.241863	H@10 0.278717	H@20 0.317486	H@50 0.369974	H@100 0.415444
INFO:kbc-cli.py:Epoch 4/100	Loss 18.0835 ± 0.7649
INFO:kbc-cli.py:Epoch 5/100	Loss 15.3291 ± 0.5985
INFO:kbc-cli.py:Epoch 6/100	Loss 13.4640 ± 0.4848
INFO:kbc-cli.py:Epoch 6/100	dev results	MRR 0.390853	H@1 0.359921	H@3 0.409690	H@5 0.423863	H@10 0.439354	H@20 0.456823	H@50 0.483191	H@100 0.504944
INFO:kbc-cli.py:Epoch 6/100	test results	MRR 0.385909	H@1 0.354180	H@3 0.404595	H@5 0.418794	H@10 0.436024	H@20 0.452616	H@50 0.480536	H@100 0.506860
INFO:kbc-cli.py:Epoch 7/100	Loss 12.3460 ± 0.4046
INFO:kbc-cli.py:Epoch 8/100	Loss 11.6520 ± 0.3631
INFO:kbc-cli.py:Epoch 9/100	Loss 11.1702 ± 0.3404
INFO:kbc-cli.py:Epoch 9/100	dev results	MRR 0.413348	H@1 0.392221	H@3 0.422709	H@5 0.433421	H@10 0.449077	H@20 0.464898	H@50 0.493408	H@100 0.521918
INFO:kbc-cli.py:Epoch 9/100	test results	MRR 0.411654	H@1 0.391991	H@3 0.418794	H@5 0.430440	H@10 0.447990	H@20 0.465220	H@50 0.492661	H@100 0.520581
INFO:kbc-cli.py:Epoch 10/100	Loss 10.8058 ± 0.3287
INFO:kbc-cli.py:Epoch 11/100	Loss 10.5118 ± 0.3120
INFO:kbc-cli.py:Epoch 12/100	Loss 10.2653 ± 0.2993
INFO:kbc-cli.py:Epoch 12/100	dev results	MRR 0.418605	H@1 0.399473	H@3 0.425346	H@5 0.435728	H@10 0.453032	H@20 0.470831	H@50 0.496374	H@100 0.526038
INFO:kbc-cli.py:Epoch 12/100	test results	MRR 0.415233	H@1 0.395501	H@3 0.421027	H@5 0.433472	H@10 0.451021	H@20 0.470645	H@50 0.500160	H@100 0.527441
INFO:kbc-cli.py:Epoch 13/100	Loss nan ± nan
INFO:kbc-cli.py:Epoch 14/100	Loss nan ± nan
INFO:kbc-cli.py:Epoch 15/100	Loss nan ± nan
INFO:kbc-cli.py:Epoch 15/100	dev results	MRR 0.000634	H@1 0.000165	H@3 0.000659	H@5 0.000989	H@10 0.000989	H@20 0.001318	H@50 0.001978	H@100 0.002637
INFO:kbc-cli.py:Epoch 15/100	test results	MRR 0.000383	H@1 0.000160	H@3 0.000160	H@5 0.000160	H@10 0.000160	H@20 0.000319	H@50 0.000638	H@100 0.001595
INFO:kbc-cli.py:Epoch 16/100	Loss nan ± nan
INFO:kbc-cli.py:Epoch 17/100	Loss nan ± nan
INFO:kbc-cli.py:Epoch 18/100	Loss nan ± nan
INFO:kbc-cli.py:Epoch 18/100	dev results	MRR 0.000634	H@1 0.000165	H@3 0.000659	H@5 0.000989	H@10 0.000989	H@20 0.001318	H@50 0.001978	H@100 0.002637
INFO:kbc-cli.py:Epoch 18/100	test results	MRR 0.000383	H@1 0.000160	H@3 0.000160	H@5 0.000160	H@10 0.000160	H@20 0.000319	H@50 0.000638	H@100 0.001595
INFO:kbc-cli.py:Epoch 19/100	Loss nan ± nan
INFO:kbc-cli.py:Epoch 20/100	Loss nan ± nan
INFO:kbc-cli.py:Epoch 21/100	Loss nan ± nan
INFO:kbc-cli.py:Epoch 21/100	dev results	MRR 0.000634	H@1 0.000165	H@3 0.000659	H@5 0.000989	H@10 0.000989	H@20 0.001318	H@50 0.001978	H@100 0.002637
INFO:kbc-cli.py:Epoch 21/100	test results	MRR 0.000383	H@1 0.000160	H@3 0.000160	H@5 0.000160	H@10 0.000160	H@20 0.000319	H@50 0.000638	H@100 0.001595
INFO:kbc-cli.py:Epoch 22/100	Loss nan ± nan
INFO:kbc-cli.py:Epoch 23/100	Loss nan ± nan
INFO:kbc-cli.py:Epoch 24/100	Loss nan ± nan
INFO:kbc-cli.py:Epoch 24/100	dev results	MRR 0.000634	H@1 0.000165	H@3 0.000659	H@5 0.000989	H@10 0.000989	H@20 0.001318	H@50 0.001978	H@100 0.002637
INFO:kbc-cli.py:Epoch 24/100	test results	MRR 0.000383	H@1 0.000160	H@3 0.000160	H@5 0.000160	H@10 0.000160	H@20 0.000319	H@50 0.000638	H@100 0.001595
INFO:kbc-cli.py:Epoch 25/100	Loss nan ± nan
INFO:kbc-cli.py:Epoch 26/100	Loss nan ± nan
INFO:kbc-cli.py:Epoch 27/100	Loss nan ± nan
INFO:kbc-cli.py:Epoch 27/100	dev results	MRR 0.000634	H@1 0.000165	H@3 0.000659	H@5 0.000989	H@10 0.000989	H@20 0.001318	H@50 0.001978	H@100 0.002637
INFO:kbc-cli.py:Epoch 27/100	test results	MRR 0.000383	H@1 0.000160	H@3 0.000160	H@5 0.000160	H@10 0.000160	H@20 0.000319	H@50 0.000638	H@100 0.001595
INFO:kbc-cli.py:Epoch 28/100	Loss nan ± nan
INFO:kbc-cli.py:Epoch 29/100	Loss nan ± nan
INFO:kbc-cli.py:Epoch 30/100	Loss nan ± nan
INFO:kbc-cli.py:Epoch 30/100	dev results	MRR 0.000634	H@1 0.000165	H@3 0.000659	H@5 0.000989	H@10 0.000989	H@20 0.001318	H@50 0.001978	H@100 0.002637
INFO:kbc-cli.py:Epoch 30/100	test results	MRR 0.000383	H@1 0.000160	H@3 0.000160	H@5 0.000160	H@10 0.000160	H@20 0.000319	H@50 0.000638	H@100 0.001595
INFO:kbc-cli.py:Epoch 31/100	Loss nan ± nan
INFO:kbc-cli.py:Epoch 32/100	Loss nan ± nan
INFO:kbc-cli.py:Epoch 33/100	Loss nan ± nan
INFO:kbc-cli.py:Epoch 33/100	dev results	MRR 0.000634	H@1 0.000165	H@3 0.000659	H@5 0.000989	H@10 0.000989	H@20 0.001318	H@50 0.001978	H@100 0.002637
INFO:kbc-cli.py:Epoch 33/100	test results	MRR 0.000383	H@1 0.000160	H@3 0.000160	H@5 0.000160	H@10 0.000160	H@20 0.000319	H@50 0.000638	H@100 0.001595
INFO:kbc-cli.py:Epoch 34/100	Loss nan ± nan
INFO:kbc-cli.py:Epoch 35/100	Loss nan ± nan
INFO:kbc-cli.py:Epoch 36/100	Loss nan ± nan
INFO:kbc-cli.py:Epoch 36/100	dev results	MRR 0.000634	H@1 0.000165	H@3 0.000659	H@5 0.000989	H@10 0.000989	H@20 0.001318	H@50 0.001978	H@100 0.002637
INFO:kbc-cli.py:Epoch 36/100	test results	MRR 0.000383	H@1 0.000160	H@3 0.000160	H@5 0.000160	H@10 0.000160	H@20 0.000319	H@50 0.000638	H@100 0.001595
INFO:kbc-cli.py:Epoch 37/100	Loss nan ± nan
INFO:kbc-cli.py:Epoch 38/100	Loss nan ± nan
INFO:kbc-cli.py:Epoch 39/100	Loss nan ± nan
INFO:kbc-cli.py:Epoch 39/100	dev results	MRR 0.000634	H@1 0.000165	H@3 0.000659	H@5 0.000989	H@10 0.000989	H@20 0.001318	H@50 0.001978	H@100 0.002637
INFO:kbc-cli.py:Epoch 39/100	test results	MRR 0.000383	H@1 0.000160	H@3 0.000160	H@5 0.000160	H@10 0.000160	H@20 0.000319	H@50 0.000638	H@100 0.001595
INFO:kbc-cli.py:Epoch 40/100	Loss nan ± nan
INFO:kbc-cli.py:Epoch 41/100	Loss nan ± nan
INFO:kbc-cli.py:Epoch 42/100	Loss nan ± nan
INFO:kbc-cli.py:Epoch 42/100	dev results	MRR 0.000634	H@1 0.000165	H@3 0.000659	H@5 0.000989	H@10 0.000989	H@20 0.001318	H@50 0.001978	H@100 0.002637
INFO:kbc-cli.py:Epoch 42/100	test results	MRR 0.000383	H@1 0.000160	H@3 0.000160	H@5 0.000160	H@10 0.000160	H@20 0.000319	H@50 0.000638	H@100 0.001595
INFO:kbc-cli.py:Epoch 43/100	Loss nan ± nan
INFO:kbc-cli.py:Epoch 44/100	Loss nan ± nan
INFO:kbc-cli.py:Epoch 45/100	Loss nan ± nan
INFO:kbc-cli.py:Epoch 45/100	dev results	MRR 0.000634	H@1 0.000165	H@3 0.000659	H@5 0.000989	H@10 0.000989	H@20 0.001318	H@50 0.001978	H@100 0.002637
INFO:kbc-cli.py:Epoch 45/100	test results	MRR 0.000383	H@1 0.000160	H@3 0.000160	H@5 0.000160	H@10 0.000160	H@20 0.000319	H@50 0.000638	H@100 0.001595
INFO:kbc-cli.py:Epoch 46/100	Loss nan ± nan
INFO:kbc-cli.py:Epoch 47/100	Loss nan ± nan
INFO:kbc-cli.py:Epoch 48/100	Loss nan ± nan
INFO:kbc-cli.py:Epoch 48/100	dev results	MRR 0.000634	H@1 0.000165	H@3 0.000659	H@5 0.000989	H@10 0.000989	H@20 0.001318	H@50 0.001978	H@100 0.002637
INFO:kbc-cli.py:Epoch 48/100	test results	MRR 0.000383	H@1 0.000160	H@3 0.000160	H@5 0.000160	H@10 0.000160	H@20 0.000319	H@50 0.000638	H@100 0.001595
INFO:kbc-cli.py:Epoch 49/100	Loss nan ± nan
INFO:kbc-cli.py:Epoch 50/100	Loss nan ± nan
INFO:kbc-cli.py:Epoch 51/100	Loss nan ± nan
INFO:kbc-cli.py:Epoch 51/100	dev results	MRR 0.000634	H@1 0.000165	H@3 0.000659	H@5 0.000989	H@10 0.000989	H@20 0.001318	H@50 0.001978	H@100 0.002637
INFO:kbc-cli.py:Epoch 51/100	test results	MRR 0.000383	H@1 0.000160	H@3 0.000160	H@5 0.000160	H@10 0.000160	H@20 0.000319	H@50 0.000638	H@100 0.001595
INFO:kbc-cli.py:Epoch 52/100	Loss nan ± nan
INFO:kbc-cli.py:Epoch 53/100	Loss nan ± nan
INFO:kbc-cli.py:Epoch 54/100	Loss nan ± nan
INFO:kbc-cli.py:Epoch 54/100	dev results	MRR 0.000634	H@1 0.000165	H@3 0.000659	H@5 0.000989	H@10 0.000989	H@20 0.001318	H@50 0.001978	H@100 0.002637
INFO:kbc-cli.py:Epoch 54/100	test results	MRR 0.000383	H@1 0.000160	H@3 0.000160	H@5 0.000160	H@10 0.000160	H@20 0.000319	H@50 0.000638	H@100 0.001595
INFO:kbc-cli.py:Epoch 55/100	Loss nan ± nan
INFO:kbc-cli.py:Epoch 56/100	Loss nan ± nan
INFO:kbc-cli.py:Epoch 57/100	Loss nan ± nan
INFO:kbc-cli.py:Epoch 57/100	dev results	MRR 0.000634	H@1 0.000165	H@3 0.000659	H@5 0.000989	H@10 0.000989	H@20 0.001318	H@50 0.001978	H@100 0.002637
INFO:kbc-cli.py:Epoch 57/100	test results	MRR 0.000383	H@1 0.000160	H@3 0.000160	H@5 0.000160	H@10 0.000160	H@20 0.000319	H@50 0.000638	H@100 0.001595
INFO:kbc-cli.py:Epoch 58/100	Loss nan ± nan
INFO:kbc-cli.py:Epoch 59/100	Loss nan ± nan
INFO:kbc-cli.py:Epoch 60/100	Loss nan ± nan
INFO:kbc-cli.py:Epoch 60/100	dev results	MRR 0.000634	H@1 0.000165	H@3 0.000659	H@5 0.000989	H@10 0.000989	H@20 0.001318	H@50 0.001978	H@100 0.002637
INFO:kbc-cli.py:Epoch 60/100	test results	MRR 0.000383	H@1 0.000160	H@3 0.000160	H@5 0.000160	H@10 0.000160	H@20 0.000319	H@50 0.000638	H@100 0.001595
INFO:kbc-cli.py:Epoch 61/100	Loss nan ± nan
INFO:kbc-cli.py:Epoch 62/100	Loss nan ± nan
INFO:kbc-cli.py:Epoch 63/100	Loss nan ± nan
INFO:kbc-cli.py:Epoch 63/100	dev results	MRR 0.000634	H@1 0.000165	H@3 0.000659	H@5 0.000989	H@10 0.000989	H@20 0.001318	H@50 0.001978	H@100 0.002637
INFO:kbc-cli.py:Epoch 63/100	test results	MRR 0.000383	H@1 0.000160	H@3 0.000160	H@5 0.000160	H@10 0.000160	H@20 0.000319	H@50 0.000638	H@100 0.001595
INFO:kbc-cli.py:Epoch 64/100	Loss nan ± nan
INFO:kbc-cli.py:Epoch 65/100	Loss nan ± nan
INFO:kbc-cli.py:Epoch 66/100	Loss nan ± nan
INFO:kbc-cli.py:Epoch 66/100	dev results	MRR 0.000634	H@1 0.000165	H@3 0.000659	H@5 0.000989	H@10 0.000989	H@20 0.001318	H@50 0.001978	H@100 0.002637
INFO:kbc-cli.py:Epoch 66/100	test results	MRR 0.000383	H@1 0.000160	H@3 0.000160	H@5 0.000160	H@10 0.000160	H@20 0.000319	H@50 0.000638	H@100 0.001595
INFO:kbc-cli.py:Epoch 67/100	Loss nan ± nan
INFO:kbc-cli.py:Epoch 68/100	Loss nan ± nan
INFO:kbc-cli.py:Epoch 69/100	Loss nan ± nan
INFO:kbc-cli.py:Epoch 69/100	dev results	MRR 0.000634	H@1 0.000165	H@3 0.000659	H@5 0.000989	H@10 0.000989	H@20 0.001318	H@50 0.001978	H@100 0.002637
INFO:kbc-cli.py:Epoch 69/100	test results	MRR 0.000383	H@1 0.000160	H@3 0.000160	H@5 0.000160	H@10 0.000160	H@20 0.000319	H@50 0.000638	H@100 0.001595
INFO:kbc-cli.py:Epoch 70/100	Loss nan ± nan
INFO:kbc-cli.py:Epoch 71/100	Loss nan ± nan
INFO:kbc-cli.py:Epoch 72/100	Loss nan ± nan
INFO:kbc-cli.py:Epoch 72/100	dev results	MRR 0.000634	H@1 0.000165	H@3 0.000659	H@5 0.000989	H@10 0.000989	H@20 0.001318	H@50 0.001978	H@100 0.002637
INFO:kbc-cli.py:Epoch 72/100	test results	MRR 0.000383	H@1 0.000160	H@3 0.000160	H@5 0.000160	H@10 0.000160	H@20 0.000319	H@50 0.000638	H@100 0.001595
INFO:kbc-cli.py:Epoch 73/100	Loss nan ± nan
INFO:kbc-cli.py:Epoch 74/100	Loss nan ± nan
INFO:kbc-cli.py:Epoch 75/100	Loss nan ± nan
INFO:kbc-cli.py:Epoch 75/100	dev results	MRR 0.000634	H@1 0.000165	H@3 0.000659	H@5 0.000989	H@10 0.000989	H@20 0.001318	H@50 0.001978	H@100 0.002637
INFO:kbc-cli.py:Epoch 75/100	test results	MRR 0.000383	H@1 0.000160	H@3 0.000160	H@5 0.000160	H@10 0.000160	H@20 0.000319	H@50 0.000638	H@100 0.001595
INFO:kbc-cli.py:Epoch 76/100	Loss nan ± nan
INFO:kbc-cli.py:Epoch 77/100	Loss nan ± nan
INFO:kbc-cli.py:Epoch 78/100	Loss nan ± nan
INFO:kbc-cli.py:Epoch 78/100	dev results	MRR 0.000634	H@1 0.000165	H@3 0.000659	H@5 0.000989	H@10 0.000989	H@20 0.001318	H@50 0.001978	H@100 0.002637
INFO:kbc-cli.py:Epoch 78/100	test results	MRR 0.000383	H@1 0.000160	H@3 0.000160	H@5 0.000160	H@10 0.000160	H@20 0.000319	H@50 0.000638	H@100 0.001595
INFO:kbc-cli.py:Epoch 79/100	Loss nan ± nan
INFO:kbc-cli.py:Epoch 80/100	Loss nan ± nan
INFO:kbc-cli.py:Epoch 81/100	Loss nan ± nan
INFO:kbc-cli.py:Epoch 81/100	dev results	MRR 0.000634	H@1 0.000165	H@3 0.000659	H@5 0.000989	H@10 0.000989	H@20 0.001318	H@50 0.001978	H@100 0.002637
INFO:kbc-cli.py:Epoch 81/100	test results	MRR 0.000383	H@1 0.000160	H@3 0.000160	H@5 0.000160	H@10 0.000160	H@20 0.000319	H@50 0.000638	H@100 0.001595
INFO:kbc-cli.py:Epoch 82/100	Loss nan ± nan
INFO:kbc-cli.py:Epoch 83/100	Loss nan ± nan
INFO:kbc-cli.py:Epoch 84/100	Loss nan ± nan
INFO:kbc-cli.py:Epoch 84/100	dev results	MRR 0.000634	H@1 0.000165	H@3 0.000659	H@5 0.000989	H@10 0.000989	H@20 0.001318	H@50 0.001978	H@100 0.002637
INFO:kbc-cli.py:Epoch 84/100	test results	MRR 0.000383	H@1 0.000160	H@3 0.000160	H@5 0.000160	H@10 0.000160	H@20 0.000319	H@50 0.000638	H@100 0.001595
INFO:kbc-cli.py:Epoch 85/100	Loss nan ± nan
INFO:kbc-cli.py:Epoch 86/100	Loss nan ± nan
INFO:kbc-cli.py:Epoch 87/100	Loss nan ± nan
INFO:kbc-cli.py:Epoch 87/100	dev results	MRR 0.000634	H@1 0.000165	H@3 0.000659	H@5 0.000989	H@10 0.000989	H@20 0.001318	H@50 0.001978	H@100 0.002637
INFO:kbc-cli.py:Epoch 87/100	test results	MRR 0.000383	H@1 0.000160	H@3 0.000160	H@5 0.000160	H@10 0.000160	H@20 0.000319	H@50 0.000638	H@100 0.001595
INFO:kbc-cli.py:Epoch 88/100	Loss nan ± nan
INFO:kbc-cli.py:Epoch 89/100	Loss nan ± nan
INFO:kbc-cli.py:Epoch 90/100	Loss nan ± nan
INFO:kbc-cli.py:Epoch 90/100	dev results	MRR 0.000634	H@1 0.000165	H@3 0.000659	H@5 0.000989	H@10 0.000989	H@20 0.001318	H@50 0.001978	H@100 0.002637
INFO:kbc-cli.py:Epoch 90/100	test results	MRR 0.000383	H@1 0.000160	H@3 0.000160	H@5 0.000160	H@10 0.000160	H@20 0.000319	H@50 0.000638	H@100 0.001595
INFO:kbc-cli.py:Epoch 91/100	Loss nan ± nan
INFO:kbc-cli.py:Epoch 92/100	Loss nan ± nan
INFO:kbc-cli.py:Epoch 93/100	Loss nan ± nan
INFO:kbc-cli.py:Epoch 93/100	dev results	MRR 0.000634	H@1 0.000165	H@3 0.000659	H@5 0.000989	H@10 0.000989	H@20 0.001318	H@50 0.001978	H@100 0.002637
INFO:kbc-cli.py:Epoch 93/100	test results	MRR 0.000383	H@1 0.000160	H@3 0.000160	H@5 0.000160	H@10 0.000160	H@20 0.000319	H@50 0.000638	H@100 0.001595
INFO:kbc-cli.py:Epoch 94/100	Loss nan ± nan
INFO:kbc-cli.py:Epoch 95/100	Loss nan ± nan
INFO:kbc-cli.py:Epoch 96/100	Loss nan ± nan
INFO:kbc-cli.py:Epoch 96/100	dev results	MRR 0.000634	H@1 0.000165	H@3 0.000659	H@5 0.000989	H@10 0.000989	H@20 0.001318	H@50 0.001978	H@100 0.002637
INFO:kbc-cli.py:Epoch 96/100	test results	MRR 0.000383	H@1 0.000160	H@3 0.000160	H@5 0.000160	H@10 0.000160	H@20 0.000319	H@50 0.000638	H@100 0.001595
INFO:kbc-cli.py:Epoch 97/100	Loss nan ± nan
INFO:kbc-cli.py:Epoch 98/100	Loss nan ± nan
INFO:kbc-cli.py:Epoch 99/100	Loss nan ± nan
INFO:kbc-cli.py:Epoch 99/100	dev results	MRR 0.000634	H@1 0.000165	H@3 0.000659	H@5 0.000989	H@10 0.000989	H@20 0.001318	H@50 0.001978	H@100 0.002637
INFO:kbc-cli.py:Epoch 99/100	test results	MRR 0.000383	H@1 0.000160	H@3 0.000160	H@5 0.000160	H@10 0.000160	H@20 0.000319	H@50 0.000638	H@100 0.001595
INFO:kbc-cli.py:Epoch 100/100	Loss nan ± nan
INFO:kbc-cli.py:Final 	dev results	MRR 0.000634	H@1 0.000165	H@3 0.000659	H@5 0.000989	H@10 0.000989	H@20 0.001318	H@50 0.001978	H@100 0.002637
INFO:kbc-cli.py:Final 	test results	MRR 0.000383	H@1 0.000160	H@3 0.000160	H@5 0.000160	H@10 0.000160	H@20 0.000319	H@50 0.000638	H@100 0.001595
INFO:kbc-cli.py:Training finished
