./bin/kbc-cli.py --train data/wn18rr/train.tsv --dev data/wn18rr/dev.tsv --test data/wn18rr/test.tsv -m complex -k 4000 -b 100 -e 100 --F2 0.01 --N3 0 -l 0.1 -I standard -V 3 -o adagrad -c so -q
{'F2': 0.01,
 'N3': 0.0,
 'batch_size': 100,
 'corruption': 'so',
 'dev': 'data/wn18rr/dev.tsv',
 'embedding_size': 4000,
 'epochs': 100,
 'eval_batch_size': None,
 'input_type': 'standard',
 'learning_rate': 0.1,
 'load': None,
 'model': 'complex',
 'optimizer': 'adagrad',
 'quiet': True,
 'save': None,
 'seed': 0,
 'test': 'data/wn18rr/test.tsv',
 'test_i': None,
 'test_ii': None,
 'train': 'data/wn18rr/train.tsv',
 'validate_every': 3}
INFO:kbc-cli.py:Device: cuda
INFO:kbc-cli.py:Model state:
INFO:kbc-cli.py:	entities.weight	torch.Size([40943, 8000])
INFO:kbc-cli.py:	predicates.weight	torch.Size([11, 8000])
INFO:kbc-cli.py:Epoch 1/100	Loss 22.2015 ± 1.0125
INFO:kbc-cli.py:Epoch 2/100	Loss 14.6223 ± 0.5762
INFO:kbc-cli.py:Epoch 3/100	Loss 9.0217 ± 0.4090
INFO:kbc-cli.py:Epoch 3/100	dev results	MRR 0.420622	H@1 0.392881	H@3 0.433421	H@5 0.448748	H@10 0.469347	H@20 0.491266	H@50 0.526038	H@100 0.551582
INFO:kbc-cli.py:Epoch 3/100	test results	MRR 0.421430	H@1 0.395820	H@3 0.430600	H@5 0.446075	H@10 0.467454	H@20 0.489630	H@50 0.524091	H@100 0.554084
INFO:kbc-cli.py:Epoch 4/100	Loss 7.6607 ± 0.2785
INFO:kbc-cli.py:Epoch 5/100	Loss 7.0282 ± 0.2737
INFO:kbc-cli.py:Epoch 6/100	Loss 6.6585 ± 0.2650
INFO:kbc-cli.py:Epoch 6/100	dev results	MRR 0.435877	H@1 0.409196	H@3 0.445781	H@5 0.462426	H@10 0.486486	H@20 0.511371	H@50 0.545320	H@100 0.573500
INFO:kbc-cli.py:Epoch 6/100	test results	MRR 0.436788	H@1 0.410498	H@3 0.446235	H@5 0.462987	H@10 0.487715	H@20 0.513082	H@50 0.549777	H@100 0.577377
INFO:kbc-cli.py:Epoch 7/100	Loss 6.3912 ± 0.2568
INFO:kbc-cli.py:Epoch 8/100	Loss 6.1861 ± 0.2589
INFO:kbc-cli.py:Epoch 9/100	Loss 6.0169 ± 0.2473
INFO:kbc-cli.py:Epoch 9/100	dev results	MRR 0.442175	H@1 0.413810	H@3 0.454351	H@5 0.469347	H@10 0.492749	H@20 0.518293	H@50 0.554054	H@100 0.583223
INFO:kbc-cli.py:Epoch 9/100	test results	MRR 0.443549	H@1 0.415603	H@3 0.453574	H@5 0.471123	H@10 0.496331	H@20 0.522814	H@50 0.556477	H@100 0.586471
INFO:kbc-cli.py:Epoch 10/100	Loss 5.8742 ± 0.2393
INFO:kbc-cli.py:Epoch 11/100	Loss 5.7518 ± 0.2365
INFO:kbc-cli.py:Epoch 12/100	Loss 5.6462 ± 0.2373
INFO:kbc-cli.py:Epoch 12/100	dev results	MRR 0.444817	H@1 0.417106	H@3 0.456163	H@5 0.471819	H@10 0.495550	H@20 0.522083	H@50 0.559492	H@100 0.586684
INFO:kbc-cli.py:Epoch 12/100	test results	MRR 0.445325	H@1 0.417837	H@3 0.456445	H@5 0.472399	H@10 0.498086	H@20 0.526962	H@50 0.561264	H@100 0.590140
INFO:kbc-cli.py:Epoch 13/100	Loss 5.5489 ± 0.2311
INFO:kbc-cli.py:Epoch 14/100	Loss 5.4624 ± 0.2318
INFO:kbc-cli.py:Epoch 15/100	Loss 5.3844 ± 0.2277
INFO:kbc-cli.py:Epoch 15/100	dev results	MRR 0.446562	H@1 0.417436	H@3 0.458306	H@5 0.474621	H@10 0.498846	H@20 0.526533	H@50 0.563448	H@100 0.590310
INFO:kbc-cli.py:Epoch 15/100	test results	MRR 0.446694	H@1 0.418634	H@3 0.455010	H@5 0.475590	H@10 0.503350	H@20 0.530632	H@50 0.565252	H@100 0.595246
INFO:kbc-cli.py:Epoch 16/100	Loss 5.3141 ± 0.2256
INFO:kbc-cli.py:Epoch 17/100	Loss 5.2479 ± 0.2171
INFO:kbc-cli.py:Epoch 18/100	Loss 5.1877 ± 0.2107
INFO:kbc-cli.py:Epoch 18/100	dev results	MRR 0.448645	H@1 0.419413	H@3 0.461272	H@5 0.478411	H@10 0.503131	H@20 0.529829	H@50 0.566744	H@100 0.592782
INFO:kbc-cli.py:Epoch 18/100	test results	MRR 0.448923	H@1 0.420549	H@3 0.456924	H@5 0.479100	H@10 0.505265	H@20 0.533504	H@50 0.567805	H@100 0.597320
INFO:kbc-cli.py:Epoch 19/100	Loss 5.1311 ± 0.2182
INFO:kbc-cli.py:Epoch 20/100	Loss 5.0794 ± 0.2088
INFO:kbc-cli.py:Epoch 21/100	Loss 5.0299 ± 0.2076
INFO:kbc-cli.py:Epoch 21/100	dev results	MRR 0.449505	H@1 0.419908	H@3 0.462591	H@5 0.479400	H@10 0.502802	H@20 0.531312	H@50 0.568392	H@100 0.593771
INFO:kbc-cli.py:Epoch 21/100	test results	MRR 0.450363	H@1 0.421825	H@3 0.460115	H@5 0.479898	H@10 0.505265	H@20 0.533184	H@50 0.570996	H@100 0.599075
INFO:kbc-cli.py:Epoch 22/100	Loss 4.9837 ± 0.2134
INFO:kbc-cli.py:Epoch 23/100	Loss 4.9399 ± 0.2061
INFO:kbc-cli.py:Epoch 24/100	Loss 4.9000 ± 0.2069
INFO:kbc-cli.py:Epoch 24/100	dev results	MRR 0.450937	H@1 0.421721	H@3 0.463744	H@5 0.479895	H@10 0.504614	H@20 0.532630	H@50 0.568227	H@100 0.594100
INFO:kbc-cli.py:Epoch 24/100	test results	MRR 0.451356	H@1 0.422782	H@3 0.460274	H@5 0.481653	H@10 0.506541	H@20 0.536694	H@50 0.571315	H@100 0.600830
INFO:kbc-cli.py:Epoch 25/100	Loss 4.8604 ± 0.2013
INFO:kbc-cli.py:Epoch 26/100	Loss 4.8236 ± 0.2035
INFO:kbc-cli.py:Epoch 27/100	Loss 4.7884 ± 0.2076
INFO:kbc-cli.py:Epoch 27/100	dev results	MRR 0.451721	H@1 0.422380	H@3 0.462755	H@5 0.481213	H@10 0.504944	H@20 0.535102	H@50 0.570040	H@100 0.596737
INFO:kbc-cli.py:Epoch 27/100	test results	MRR 0.452071	H@1 0.423261	H@3 0.460434	H@5 0.481972	H@10 0.508296	H@20 0.536375	H@50 0.573229	H@100 0.602106
INFO:kbc-cli.py:Epoch 28/100	Loss 4.7549 ± 0.2008
INFO:kbc-cli.py:Epoch 29/100	Loss 4.7233 ± 0.2014
INFO:kbc-cli.py:Epoch 30/100	Loss 4.6938 ± 0.1926
INFO:kbc-cli.py:Epoch 30/100	dev results	MRR 0.452288	H@1 0.423204	H@3 0.464074	H@5 0.481378	H@10 0.505438	H@20 0.536750	H@50 0.569875	H@100 0.595254
INFO:kbc-cli.py:Epoch 30/100	test results	MRR 0.451880	H@1 0.422623	H@3 0.461551	H@5 0.481812	H@10 0.509253	H@20 0.537492	H@50 0.573229	H@100 0.602265
INFO:kbc-cli.py:Epoch 31/100	Loss 4.6639 ± 0.1997
INFO:kbc-cli.py:Epoch 32/100	Loss 4.6361 ± 0.1942
INFO:kbc-cli.py:Epoch 33/100	Loss 4.6098 ± 0.1944
INFO:kbc-cli.py:Epoch 33/100	dev results	MRR 0.452696	H@1 0.423698	H@3 0.463909	H@5 0.481543	H@10 0.506427	H@20 0.537080	H@50 0.570204	H@100 0.595583
INFO:kbc-cli.py:Epoch 33/100	test results	MRR 0.453543	H@1 0.425016	H@3 0.461072	H@5 0.481493	H@10 0.511008	H@20 0.537492	H@50 0.575144	H@100 0.603382
INFO:kbc-cli.py:Epoch 34/100	Loss 4.5842 ± 0.1856
INFO:kbc-cli.py:Epoch 35/100	Loss 4.5599 ± 0.1963
INFO:kbc-cli.py:Epoch 36/100	Loss 4.5356 ± 0.1903
INFO:kbc-cli.py:Epoch 36/100	dev results	MRR 0.453435	H@1 0.424522	H@3 0.464074	H@5 0.481543	H@10 0.506427	H@20 0.538069	H@50 0.571028	H@100 0.597231
INFO:kbc-cli.py:Epoch 36/100	test results	MRR 0.453065	H@1 0.423580	H@3 0.462827	H@5 0.483567	H@10 0.511168	H@20 0.539566	H@50 0.575622	H@100 0.604180
INFO:kbc-cli.py:Epoch 37/100	Loss 4.5130 ± 0.1907
INFO:kbc-cli.py:Epoch 38/100	Loss 4.4909 ± 0.1983
INFO:kbc-cli.py:Epoch 39/100	Loss 4.4696 ± 0.1895
INFO:kbc-cli.py:Epoch 39/100	dev results	MRR 0.453682	H@1 0.425016	H@3 0.463744	H@5 0.482531	H@10 0.506922	H@20 0.537080	H@50 0.571358	H@100 0.597067
INFO:kbc-cli.py:Epoch 39/100	test results	MRR 0.453457	H@1 0.423899	H@3 0.462987	H@5 0.485801	H@10 0.513880	H@20 0.539247	H@50 0.575144	H@100 0.604978
INFO:kbc-cli.py:Epoch 40/100	Loss 4.4495 ± 0.1827
INFO:kbc-cli.py:Epoch 41/100	Loss 4.4294 ± 0.1855
INFO:kbc-cli.py:Epoch 42/100	Loss 4.4107 ± 0.1809
INFO:kbc-cli.py:Epoch 42/100	dev results	MRR 0.453899	H@1 0.424687	H@3 0.465227	H@5 0.483191	H@10 0.508405	H@20 0.537080	H@50 0.572512	H@100 0.598715
INFO:kbc-cli.py:Epoch 42/100	test results	MRR 0.454075	H@1 0.425335	H@3 0.462508	H@5 0.484046	H@10 0.513082	H@20 0.539407	H@50 0.576260	H@100 0.605616
INFO:kbc-cli.py:Epoch 43/100	Loss 4.3924 ± 0.1839
INFO:kbc-cli.py:Epoch 44/100	Loss 4.3741 ± 0.1787
INFO:kbc-cli.py:Epoch 45/100	Loss 4.3570 ± 0.1770
INFO:kbc-cli.py:Epoch 45/100	dev results	MRR 0.453601	H@1 0.424687	H@3 0.464898	H@5 0.480883	H@10 0.508240	H@20 0.537409	H@50 0.572676	H@100 0.597891
INFO:kbc-cli.py:Epoch 45/100	test results	MRR 0.453753	H@1 0.425175	H@3 0.461870	H@5 0.483727	H@10 0.512763	H@20 0.538768	H@50 0.575303	H@100 0.604499
INFO:kbc-cli.py:Epoch 46/100	Loss 4.3396 ± 0.1799
INFO:kbc-cli.py:Epoch 47/100	Loss 4.3237 ± 0.1842
INFO:kbc-cli.py:Epoch 48/100	Loss 4.3081 ± 0.1832
INFO:kbc-cli.py:Epoch 48/100	dev results	MRR 0.453604	H@1 0.424028	H@3 0.464568	H@5 0.482696	H@10 0.507416	H@20 0.537409	H@50 0.572676	H@100 0.597891
INFO:kbc-cli.py:Epoch 48/100	test results	MRR 0.453639	H@1 0.424218	H@3 0.463146	H@5 0.485003	H@10 0.512285	H@20 0.540523	H@50 0.576739	H@100 0.604340
INFO:kbc-cli.py:Epoch 49/100	Loss 4.2920 ± 0.1781
INFO:kbc-cli.py:Epoch 50/100	Loss 4.2770 ± 0.1795
INFO:kbc-cli.py:Epoch 51/100	Loss 4.2625 ± 0.1749
INFO:kbc-cli.py:Epoch 51/100	dev results	MRR 0.453920	H@1 0.424192	H@3 0.465887	H@5 0.482367	H@10 0.508570	H@20 0.538398	H@50 0.572512	H@100 0.597726
INFO:kbc-cli.py:Epoch 51/100	test results	MRR 0.454234	H@1 0.425016	H@3 0.462987	H@5 0.486599	H@10 0.512763	H@20 0.539247	H@50 0.577218	H@100 0.604180
INFO:kbc-cli.py:Epoch 52/100	Loss 4.2482 ± 0.1832
INFO:kbc-cli.py:Epoch 53/100	Loss 4.2342 ± 0.1741
INFO:kbc-cli.py:Epoch 54/100	Loss 4.2207 ± 0.1806
INFO:kbc-cli.py:Epoch 54/100	dev results	MRR 0.454610	H@1 0.425016	H@3 0.466051	H@5 0.483520	H@10 0.508405	H@20 0.537245	H@50 0.572841	H@100 0.598385
INFO:kbc-cli.py:Epoch 54/100	test results	MRR 0.453842	H@1 0.424697	H@3 0.462508	H@5 0.485801	H@10 0.512763	H@20 0.540045	H@50 0.577058	H@100 0.603382
INFO:kbc-cli.py:Epoch 55/100	Loss 4.2076 ± 0.1826
INFO:kbc-cli.py:Epoch 56/100	Loss 4.1947 ± 0.1713
INFO:kbc-cli.py:Epoch 57/100	Loss 4.1822 ± 0.1836
INFO:kbc-cli.py:Epoch 57/100	dev results	MRR 0.454635	H@1 0.425346	H@3 0.465063	H@5 0.484015	H@10 0.509723	H@20 0.536585	H@50 0.573995	H@100 0.598550
INFO:kbc-cli.py:Epoch 57/100	test results	MRR 0.453923	H@1 0.424218	H@3 0.463465	H@5 0.485322	H@10 0.512763	H@20 0.539726	H@50 0.577856	H@100 0.604818
INFO:kbc-cli.py:Epoch 58/100	Loss 4.1699 ± 0.1774
INFO:kbc-cli.py:Epoch 59/100	Loss 4.1580 ± 0.1820
INFO:kbc-cli.py:Epoch 60/100	Loss 4.1465 ± 0.1726
INFO:kbc-cli.py:Epoch 60/100	dev results	MRR 0.454432	H@1 0.424852	H@3 0.464898	H@5 0.484344	H@10 0.510053	H@20 0.537080	H@50 0.573500	H@100 0.599044
INFO:kbc-cli.py:Epoch 60/100	test results	MRR 0.455595	H@1 0.426611	H@3 0.464263	H@5 0.485322	H@10 0.512763	H@20 0.541002	H@50 0.578334	H@100 0.604818
INFO:kbc-cli.py:Epoch 61/100	Loss 4.1351 ± 0.1783
INFO:kbc-cli.py:Epoch 62/100	Loss 4.1235 ± 0.1773
INFO:kbc-cli.py:Epoch 63/100	Loss 4.1132 ± 0.1704
INFO:kbc-cli.py:Epoch 63/100	dev results	MRR 0.454680	H@1 0.425676	H@3 0.465392	H@5 0.483850	H@10 0.509394	H@20 0.536421	H@50 0.573995	H@100 0.598715
INFO:kbc-cli.py:Epoch 63/100	test results	MRR 0.454571	H@1 0.425016	H@3 0.463306	H@5 0.484844	H@10 0.513242	H@20 0.539726	H@50 0.577856	H@100 0.604340
INFO:kbc-cli.py:Epoch 64/100	Loss 4.1027 ± 0.1728
INFO:kbc-cli.py:Epoch 65/100	Loss 4.0919 ± 0.1744
INFO:kbc-cli.py:Epoch 66/100	Loss 4.0818 ± 0.1647
INFO:kbc-cli.py:Epoch 66/100	dev results	MRR 0.455026	H@1 0.426005	H@3 0.465063	H@5 0.483685	H@10 0.510218	H@20 0.537904	H@50 0.573006	H@100 0.598385
INFO:kbc-cli.py:Epoch 66/100	test results	MRR 0.455027	H@1 0.425495	H@3 0.465220	H@5 0.485801	H@10 0.513401	H@20 0.539407	H@50 0.578494	H@100 0.604499
INFO:kbc-cli.py:Epoch 67/100	Loss 4.0716 ± 0.1731
INFO:kbc-cli.py:Epoch 68/100	Loss 4.0621 ± 0.1758
INFO:kbc-cli.py:Epoch 69/100	Loss 4.0524 ± 0.1737
INFO:kbc-cli.py:Epoch 69/100	dev results	MRR 0.454615	H@1 0.425511	H@3 0.464403	H@5 0.484838	H@10 0.508899	H@20 0.536750	H@50 0.572676	H@100 0.599044
INFO:kbc-cli.py:Epoch 69/100	test results	MRR 0.454416	H@1 0.424537	H@3 0.464901	H@5 0.484525	H@10 0.513401	H@20 0.539247	H@50 0.578653	H@100 0.603861
INFO:kbc-cli.py:Epoch 70/100	Loss 4.0430 ± 0.1727
INFO:kbc-cli.py:Epoch 71/100	Loss 4.0339 ± 0.1705
INFO:kbc-cli.py:Epoch 72/100	Loss 4.0250 ± 0.1704
INFO:kbc-cli.py:Epoch 72/100	dev results	MRR 0.454541	H@1 0.425181	H@3 0.465227	H@5 0.484015	H@10 0.509888	H@20 0.536750	H@50 0.572512	H@100 0.598879
INFO:kbc-cli.py:Epoch 72/100	test results	MRR 0.454194	H@1 0.423580	H@3 0.465699	H@5 0.485960	H@10 0.513082	H@20 0.540204	H@50 0.578494	H@100 0.603382
INFO:kbc-cli.py:Epoch 73/100	Loss 4.0162 ± 0.1718
INFO:kbc-cli.py:Epoch 74/100	Loss 4.0070 ± 0.1717
INFO:kbc-cli.py:Epoch 75/100	Loss 3.9988 ± 0.1673
INFO:kbc-cli.py:Epoch 75/100	dev results	MRR 0.454896	H@1 0.425676	H@3 0.464733	H@5 0.484344	H@10 0.509723	H@20 0.537904	H@50 0.572676	H@100 0.599209
INFO:kbc-cli.py:Epoch 75/100	test results	MRR 0.454695	H@1 0.423899	H@3 0.466496	H@5 0.485482	H@10 0.512285	H@20 0.539885	H@50 0.578653	H@100 0.604180
INFO:kbc-cli.py:Epoch 76/100	Loss 3.9905 ± 0.1705
INFO:kbc-cli.py:Epoch 77/100	Loss 3.9826 ± 0.1657
INFO:kbc-cli.py:Epoch 78/100	Loss 3.9740 ± 0.1639
INFO:kbc-cli.py:Epoch 78/100	dev results	MRR 0.454302	H@1 0.425511	H@3 0.464074	H@5 0.483850	H@10 0.509394	H@20 0.537574	H@50 0.572017	H@100 0.597891
INFO:kbc-cli.py:Epoch 78/100	test results	MRR 0.454907	H@1 0.425335	H@3 0.465539	H@5 0.484844	H@10 0.511806	H@20 0.540204	H@50 0.577856	H@100 0.604020
INFO:kbc-cli.py:Epoch 79/100	Loss 3.9660 ± 0.1648
INFO:kbc-cli.py:Epoch 80/100	Loss 3.9587 ± 0.1675
INFO:kbc-cli.py:Epoch 81/100	Loss 3.9506 ± 0.1704
INFO:kbc-cli.py:Epoch 81/100	dev results	MRR 0.454488	H@1 0.425676	H@3 0.464898	H@5 0.483355	H@10 0.509558	H@20 0.536585	H@50 0.572182	H@100 0.597726
INFO:kbc-cli.py:Epoch 81/100	test results	MRR 0.454910	H@1 0.424697	H@3 0.466656	H@5 0.485003	H@10 0.513082	H@20 0.540683	H@50 0.577856	H@100 0.604499
INFO:kbc-cli.py:Epoch 82/100	Loss 3.9435 ± 0.1662
INFO:kbc-cli.py:Epoch 83/100	Loss 3.9357 ± 0.1626
INFO:kbc-cli.py:Epoch 84/100	Loss 3.9284 ± 0.1673
INFO:kbc-cli.py:Epoch 84/100	dev results	MRR 0.454482	H@1 0.425676	H@3 0.463909	H@5 0.483026	H@10 0.510053	H@20 0.536421	H@50 0.572512	H@100 0.598550
INFO:kbc-cli.py:Epoch 84/100	test results	MRR 0.455290	H@1 0.425495	H@3 0.466975	H@5 0.485003	H@10 0.511966	H@20 0.540204	H@50 0.577058	H@100 0.603542
INFO:kbc-cli.py:Epoch 85/100	Loss nan ± nan
INFO:kbc-cli.py:Epoch 86/100	Loss nan ± nan
INFO:kbc-cli.py:Epoch 87/100	Loss nan ± nan
INFO:kbc-cli.py:Epoch 87/100	dev results	MRR 0.000634	H@1 0.000165	H@3 0.000659	H@5 0.000989	H@10 0.000989	H@20 0.001318	H@50 0.001978	H@100 0.002637
INFO:kbc-cli.py:Epoch 87/100	test results	MRR 0.000383	H@1 0.000160	H@3 0.000160	H@5 0.000160	H@10 0.000160	H@20 0.000319	H@50 0.000638	H@100 0.001595
INFO:kbc-cli.py:Epoch 88/100	Loss nan ± nan
INFO:kbc-cli.py:Epoch 89/100	Loss nan ± nan
INFO:kbc-cli.py:Epoch 90/100	Loss nan ± nan
INFO:kbc-cli.py:Epoch 90/100	dev results	MRR 0.000634	H@1 0.000165	H@3 0.000659	H@5 0.000989	H@10 0.000989	H@20 0.001318	H@50 0.001978	H@100 0.002637
INFO:kbc-cli.py:Epoch 90/100	test results	MRR 0.000383	H@1 0.000160	H@3 0.000160	H@5 0.000160	H@10 0.000160	H@20 0.000319	H@50 0.000638	H@100 0.001595
INFO:kbc-cli.py:Epoch 91/100	Loss nan ± nan
INFO:kbc-cli.py:Epoch 92/100	Loss nan ± nan
INFO:kbc-cli.py:Epoch 93/100	Loss nan ± nan
INFO:kbc-cli.py:Epoch 93/100	dev results	MRR 0.000634	H@1 0.000165	H@3 0.000659	H@5 0.000989	H@10 0.000989	H@20 0.001318	H@50 0.001978	H@100 0.002637
INFO:kbc-cli.py:Epoch 93/100	test results	MRR 0.000383	H@1 0.000160	H@3 0.000160	H@5 0.000160	H@10 0.000160	H@20 0.000319	H@50 0.000638	H@100 0.001595
INFO:kbc-cli.py:Epoch 94/100	Loss nan ± nan
INFO:kbc-cli.py:Epoch 95/100	Loss nan ± nan
INFO:kbc-cli.py:Epoch 96/100	Loss nan ± nan
INFO:kbc-cli.py:Epoch 96/100	dev results	MRR 0.000634	H@1 0.000165	H@3 0.000659	H@5 0.000989	H@10 0.000989	H@20 0.001318	H@50 0.001978	H@100 0.002637
INFO:kbc-cli.py:Epoch 96/100	test results	MRR 0.000383	H@1 0.000160	H@3 0.000160	H@5 0.000160	H@10 0.000160	H@20 0.000319	H@50 0.000638	H@100 0.001595
INFO:kbc-cli.py:Epoch 97/100	Loss nan ± nan
INFO:kbc-cli.py:Epoch 98/100	Loss nan ± nan
INFO:kbc-cli.py:Epoch 99/100	Loss nan ± nan
INFO:kbc-cli.py:Epoch 99/100	dev results	MRR 0.000634	H@1 0.000165	H@3 0.000659	H@5 0.000989	H@10 0.000989	H@20 0.001318	H@50 0.001978	H@100 0.002637
INFO:kbc-cli.py:Epoch 99/100	test results	MRR 0.000383	H@1 0.000160	H@3 0.000160	H@5 0.000160	H@10 0.000160	H@20 0.000319	H@50 0.000638	H@100 0.001595
INFO:kbc-cli.py:Epoch 100/100	Loss nan ± nan
INFO:kbc-cli.py:Final 	dev results	MRR 0.000634	H@1 0.000165	H@3 0.000659	H@5 0.000989	H@10 0.000989	H@20 0.001318	H@50 0.001978	H@100 0.002637
INFO:kbc-cli.py:Final 	test results	MRR 0.000383	H@1 0.000160	H@3 0.000160	H@5 0.000160	H@10 0.000160	H@20 0.000319	H@50 0.000638	H@100 0.001595
INFO:kbc-cli.py:Training finished
