./bin/kbc-cli.py --train data/wn18rr/train.tsv --dev data/wn18rr/dev.tsv --test data/wn18rr/test.tsv -m complex -k 100 -b 100 -e 100 --F2 0 --N3 0.5 -l 0.1 -I standard -V 3 -o adagrad -c spo -q
{'F2': 0.0,
 'N3': 0.5,
 'batch_size': 100,
 'corruption': 'spo',
 'dev': 'data/wn18rr/dev.tsv',
 'embedding_size': 100,
 'epochs': 100,
 'eval_batch_size': None,
 'input_type': 'standard',
 'learning_rate': 0.1,
 'load': None,
 'model': 'complex',
 'optimizer': 'adagrad',
 'quiet': True,
 'save': None,
 'seed': 0,
 'test': 'data/wn18rr/test.tsv',
 'test_i': None,
 'test_ii': None,
 'train': 'data/wn18rr/train.tsv',
 'validate_every': 3}
INFO:kbc-cli.py:Device: cuda
INFO:kbc-cli.py:Model state:
INFO:kbc-cli.py:	entities.weight	torch.Size([40943, 200])
INFO:kbc-cli.py:	predicates.weight	torch.Size([11, 200])
INFO:kbc-cli.py:Epoch 1/100	Loss 47.6187 ± 12.6735
INFO:kbc-cli.py:Epoch 2/100	Loss 44.0855 ± 1.9255
INFO:kbc-cli.py:Epoch 3/100	Loss 40.6114 ± 1.6580
INFO:kbc-cli.py:Epoch 3/100	dev results	MRR 0.017766	H@1 0.008240	H@3 0.017633	H@5 0.024720	H@10 0.035597	H@20 0.050758	H@50 0.069545	H@100 0.088991
INFO:kbc-cli.py:Epoch 3/100	test results	MRR 0.019072	H@1 0.011008	H@3 0.017390	H@5 0.024569	H@10 0.035418	H@20 0.048500	H@50 0.071474	H@100 0.089981
INFO:kbc-cli.py:Epoch 4/100	Loss 38.3334 ± 1.5007
INFO:kbc-cli.py:Epoch 5/100	Loss 36.6315 ± 1.3437
INFO:kbc-cli.py:Epoch 6/100	Loss 35.1799 ± 1.2794
INFO:kbc-cli.py:Epoch 6/100	dev results	MRR 0.090864	H@1 0.045485	H@3 0.107779	H@5 0.144364	H@10 0.185069	H@20 0.223797	H@50 0.266480	H@100 0.299934
INFO:kbc-cli.py:Epoch 6/100	test results	MRR 0.083354	H@1 0.039885	H@3 0.096043	H@5 0.132738	H@10 0.177888	H@20 0.220485	H@50 0.265475	H@100 0.297703
INFO:kbc-cli.py:Epoch 7/100	Loss 33.8547 ± 1.2137
INFO:kbc-cli.py:Epoch 8/100	Loss 32.6971 ± 1.0965
INFO:kbc-cli.py:Epoch 9/100	Loss 31.6836 ± 0.9896
INFO:kbc-cli.py:Epoch 9/100	dev results	MRR 0.192058	H@1 0.112887	H@3 0.235662	H@5 0.290046	H@10 0.354977	H@20 0.392881	H@50 0.432762	H@100 0.459130
INFO:kbc-cli.py:Epoch 9/100	test results	MRR 0.187133	H@1 0.106414	H@3 0.232929	H@5 0.287013	H@10 0.345884	H@20 0.387524	H@50 0.427250	H@100 0.451659
INFO:kbc-cli.py:Epoch 10/100	Loss 30.8008 ± 1.0039
INFO:kbc-cli.py:Epoch 11/100	Loss 30.0344 ± 0.9594
INFO:kbc-cli.py:Epoch 12/100	Loss 29.3736 ± 0.8921
INFO:kbc-cli.py:Epoch 12/100	dev results	MRR 0.232133	H@1 0.135465	H@3 0.298121	H@5 0.353823	H@10 0.419743	H@20 0.455010	H@50 0.497363	H@100 0.528675
INFO:kbc-cli.py:Epoch 12/100	test results	MRR 0.226170	H@1 0.130185	H@3 0.285258	H@5 0.350830	H@10 0.411615	H@20 0.454690	H@50 0.497128	H@100 0.524888
INFO:kbc-cli.py:Epoch 13/100	Loss 28.7981 ± 0.8370
INFO:kbc-cli.py:Epoch 14/100	Loss 28.2906 ± 0.7719
INFO:kbc-cli.py:Epoch 15/100	Loss 27.8366 ± 0.7864
INFO:kbc-cli.py:Epoch 15/100	dev results	MRR 0.254578	H@1 0.146506	H@3 0.329268	H@5 0.394529	H@10 0.457482	H@20 0.493078	H@50 0.531477	H@100 0.561470
INFO:kbc-cli.py:Epoch 15/100	test results	MRR 0.246875	H@1 0.141512	H@3 0.316528	H@5 0.384174	H@10 0.442725	H@20 0.484365	H@50 0.526803	H@100 0.555520
INFO:kbc-cli.py:Epoch 16/100	Loss 27.4305 ± 0.7615
INFO:kbc-cli.py:Epoch 17/100	Loss 27.0620 ± 0.7171
INFO:kbc-cli.py:Epoch 18/100	Loss 26.7230 ± 0.7123
INFO:kbc-cli.py:Epoch 18/100	dev results	MRR 0.263457	H@1 0.149637	H@3 0.344759	H@5 0.414305	H@10 0.473962	H@20 0.508075	H@50 0.546968	H@100 0.573995
INFO:kbc-cli.py:Epoch 18/100	test results	MRR 0.258882	H@1 0.147575	H@3 0.332642	H@5 0.402840	H@10 0.461551	H@20 0.504946	H@50 0.543874	H@100 0.571793
INFO:kbc-cli.py:Epoch 19/100	Loss 26.4156 ± 0.6415
INFO:kbc-cli.py:Epoch 20/100	Loss 26.1314 ± 0.6370
INFO:kbc-cli.py:Epoch 21/100	Loss 25.8698 ± 0.6103
INFO:kbc-cli.py:Epoch 21/100	dev results	MRR 0.269756	H@1 0.151450	H@3 0.356625	H@5 0.423698	H@10 0.480883	H@20 0.517304	H@50 0.554713	H@100 0.585695
INFO:kbc-cli.py:Epoch 21/100	test results	MRR 0.264163	H@1 0.147415	H@3 0.346841	H@5 0.416082	H@10 0.471602	H@20 0.514678	H@50 0.554722	H@100 0.581844
INFO:kbc-cli.py:Epoch 22/100	Loss 25.6286 ± 0.6114
INFO:kbc-cli.py:Epoch 23/100	Loss 25.4017 ± 0.5630
INFO:kbc-cli.py:Epoch 24/100	Loss 25.1921 ± 0.5505
INFO:kbc-cli.py:Epoch 24/100	dev results	MRR 0.272886	H@1 0.151615	H@3 0.365030	H@5 0.431114	H@10 0.488464	H@20 0.523401	H@50 0.563118	H@100 0.592123
INFO:kbc-cli.py:Epoch 24/100	test results	MRR 0.269432	H@1 0.150128	H@3 0.356094	H@5 0.423261	H@10 0.482291	H@20 0.519783	H@50 0.560785	H@100 0.588705
INFO:kbc-cli.py:Epoch 25/100	Loss 24.9955 ± 0.5472
INFO:kbc-cli.py:Epoch 26/100	Loss 24.8107 ± 0.5183
INFO:kbc-cli.py:Epoch 27/100	Loss 24.6382 ± 0.5084
INFO:kbc-cli.py:Epoch 27/100	dev results	MRR 0.277112	H@1 0.153922	H@3 0.372116	H@5 0.436388	H@10 0.495221	H@20 0.528675	H@50 0.569051	H@100 0.597891
INFO:kbc-cli.py:Epoch 27/100	test results	MRR 0.272817	H@1 0.151085	H@3 0.362636	H@5 0.429802	H@10 0.487875	H@20 0.525846	H@50 0.566847	H@100 0.594288
INFO:kbc-cli.py:Epoch 28/100	Loss 24.4766 ± 0.4920
INFO:kbc-cli.py:Epoch 29/100	Loss 24.3233 ± 0.4910
INFO:kbc-cli.py:Epoch 30/100	Loss 24.1787 ± 0.4680
INFO:kbc-cli.py:Epoch 30/100	dev results	MRR 0.278755	H@1 0.153263	H@3 0.377554	H@5 0.440343	H@10 0.499835	H@20 0.532795	H@50 0.573006	H@100 0.602175
INFO:kbc-cli.py:Epoch 30/100	test results	MRR 0.274786	H@1 0.150128	H@3 0.369017	H@5 0.434110	H@10 0.490747	H@20 0.530791	H@50 0.571315	H@100 0.598437
INFO:kbc-cli.py:Epoch 31/100	Loss 24.0422 ± 0.4610
INFO:kbc-cli.py:Epoch 32/100	Loss 23.9147 ± 0.4393
INFO:kbc-cli.py:Epoch 33/100	Loss 23.7920 ± 0.4526
INFO:kbc-cli.py:Epoch 33/100	dev results	MRR 0.280568	H@1 0.153428	H@3 0.381839	H@5 0.443474	H@10 0.501813	H@20 0.536915	H@50 0.576302	H@100 0.605307
INFO:kbc-cli.py:Epoch 33/100	test results	MRR 0.277583	H@1 0.152840	H@3 0.371889	H@5 0.437939	H@10 0.495054	H@20 0.534939	H@50 0.577058	H@100 0.604180
INFO:kbc-cli.py:Epoch 34/100	Loss 23.6763 ± 0.4340
INFO:kbc-cli.py:Epoch 35/100	Loss 23.5672 ± 0.4178
INFO:kbc-cli.py:Epoch 36/100	Loss 23.4639 ± 0.3988
INFO:kbc-cli.py:Epoch 36/100	dev results	MRR 0.279941	H@1 0.150461	H@3 0.382993	H@5 0.447429	H@10 0.505274	H@20 0.539717	H@50 0.578609	H@100 0.608108
INFO:kbc-cli.py:Epoch 36/100	test results	MRR 0.279131	H@1 0.153478	H@3 0.373325	H@5 0.440651	H@10 0.497607	H@20 0.538290	H@50 0.579770	H@100 0.608488
INFO:kbc-cli.py:Epoch 37/100	Loss 23.3648 ± 0.4161
INFO:kbc-cli.py:Epoch 38/100	Loss 23.2706 ± 0.3817
INFO:kbc-cli.py:Epoch 39/100	Loss 23.1803 ± 0.3724
INFO:kbc-cli.py:Epoch 39/100	dev results	MRR 0.281654	H@1 0.152439	H@3 0.383322	H@5 0.450066	H@10 0.507416	H@20 0.541529	H@50 0.581246	H@100 0.611734
INFO:kbc-cli.py:Epoch 39/100	test results	MRR 0.280911	H@1 0.154276	H@3 0.376994	H@5 0.442246	H@10 0.500319	H@20 0.540523	H@50 0.582802	H@100 0.609604
INFO:kbc-cli.py:Epoch 40/100	Loss 23.0955 ± 0.3847
INFO:kbc-cli.py:Epoch 41/100	Loss 23.0151 ± 0.3440
INFO:kbc-cli.py:Epoch 42/100	Loss 22.9372 ± 0.3711
INFO:kbc-cli.py:Epoch 42/100	dev results	MRR 0.281459	H@1 0.151121	H@3 0.383982	H@5 0.451549	H@10 0.506757	H@20 0.541529	H@50 0.583553	H@100 0.613052
INFO:kbc-cli.py:Epoch 42/100	test results	MRR 0.281368	H@1 0.154116	H@3 0.377632	H@5 0.444320	H@10 0.502553	H@20 0.541800	H@50 0.584237	H@100 0.612476
INFO:kbc-cli.py:Epoch 43/100	Loss 22.8625 ± 0.3488
INFO:kbc-cli.py:Epoch 44/100	Loss 22.7913 ± 0.3514
INFO:kbc-cli.py:Epoch 45/100	Loss 22.7242 ± 0.3319
INFO:kbc-cli.py:Epoch 45/100	dev results	MRR 0.282095	H@1 0.150791	H@3 0.384476	H@5 0.452373	H@10 0.508405	H@20 0.542683	H@50 0.584377	H@100 0.616678
INFO:kbc-cli.py:Epoch 45/100	test results	MRR 0.281986	H@1 0.153318	H@3 0.379706	H@5 0.446554	H@10 0.502872	H@20 0.542438	H@50 0.585992	H@100 0.613593
INFO:kbc-cli.py:Epoch 46/100	Loss 22.6578 ± 0.3378
INFO:kbc-cli.py:Epoch 47/100	Loss 22.5954 ± 0.3239
INFO:kbc-cli.py:Epoch 48/100	Loss 22.5349 ± 0.3230
INFO:kbc-cli.py:Epoch 48/100	dev results	MRR 0.282178	H@1 0.150297	H@3 0.387607	H@5 0.453691	H@10 0.509064	H@20 0.543837	H@50 0.586025	H@100 0.617337
INFO:kbc-cli.py:Epoch 48/100	test results	MRR 0.282878	H@1 0.153478	H@3 0.382419	H@5 0.448628	H@10 0.504308	H@20 0.542278	H@50 0.586790	H@100 0.614550
INFO:kbc-cli.py:Epoch 49/100	Loss 22.4768 ± 0.3118
INFO:kbc-cli.py:Epoch 50/100	Loss 22.4218 ± 0.3075
INFO:kbc-cli.py:Epoch 51/100	Loss 22.3680 ± 0.3027
INFO:kbc-cli.py:Epoch 51/100	dev results	MRR 0.282302	H@1 0.149967	H@3 0.385630	H@5 0.453691	H@10 0.509558	H@20 0.544331	H@50 0.586684	H@100 0.618326
INFO:kbc-cli.py:Epoch 51/100	test results	MRR 0.282656	H@1 0.152202	H@3 0.384333	H@5 0.449904	H@10 0.505265	H@20 0.544193	H@50 0.586950	H@100 0.614710
INFO:kbc-cli.py:Epoch 52/100	Loss 22.3173 ± 0.2966
INFO:kbc-cli.py:Epoch 53/100	Loss 22.2673 ± 0.2911
INFO:kbc-cli.py:Epoch 54/100	Loss 22.2191 ± 0.3027
INFO:kbc-cli.py:Epoch 54/100	dev results	MRR 0.283229	H@1 0.150461	H@3 0.387937	H@5 0.455504	H@10 0.511536	H@20 0.545485	H@50 0.587673	H@100 0.620633
INFO:kbc-cli.py:Epoch 54/100	test results	MRR 0.282862	H@1 0.152999	H@3 0.381461	H@5 0.448628	H@10 0.505584	H@20 0.544352	H@50 0.587428	H@100 0.616943
INFO:kbc-cli.py:Epoch 55/100	Loss 22.1734 ± 0.2894
INFO:kbc-cli.py:Epoch 56/100	Loss 22.1292 ± 0.2899
INFO:kbc-cli.py:Epoch 57/100	Loss 22.0864 ± 0.2749
INFO:kbc-cli.py:Epoch 57/100	dev results	MRR 0.283330	H@1 0.150956	H@3 0.387278	H@5 0.454845	H@10 0.510877	H@20 0.544990	H@50 0.588003	H@100 0.622281
INFO:kbc-cli.py:Epoch 57/100	test results	MRR 0.282844	H@1 0.152202	H@3 0.384174	H@5 0.447830	H@10 0.505903	H@20 0.546107	H@50 0.588705	H@100 0.618060
INFO:kbc-cli.py:Epoch 58/100	Loss 22.0448 ± 0.2741
INFO:kbc-cli.py:Epoch 59/100	Loss 22.0045 ± 0.2738
INFO:kbc-cli.py:Epoch 60/100	Loss 21.9660 ± 0.2723
INFO:kbc-cli.py:Epoch 60/100	dev results	MRR 0.283727	H@1 0.150461	H@3 0.389585	H@5 0.454845	H@10 0.510218	H@20 0.546473	H@50 0.588003	H@100 0.621951
INFO:kbc-cli.py:Epoch 60/100	test results	MRR 0.282891	H@1 0.152042	H@3 0.383216	H@5 0.450383	H@10 0.505743	H@20 0.546745	H@50 0.589821	H@100 0.619496
INFO:kbc-cli.py:Epoch 61/100	Loss 21.9281 ± 0.2656
INFO:kbc-cli.py:Epoch 62/100	Loss 21.8920 ± 0.2687
INFO:kbc-cli.py:Epoch 63/100	Loss 21.8567 ± 0.2602
INFO:kbc-cli.py:Epoch 63/100	dev results	MRR 0.283218	H@1 0.148978	H@3 0.390079	H@5 0.455339	H@10 0.511536	H@20 0.547297	H@50 0.588827	H@100 0.623270
INFO:kbc-cli.py:Epoch 63/100	test results	MRR 0.282739	H@1 0.151244	H@3 0.384333	H@5 0.450702	H@10 0.506541	H@20 0.546267	H@50 0.590779	H@100 0.620453
INFO:kbc-cli.py:Epoch 64/100	Loss 21.8231 ± 0.2667
INFO:kbc-cli.py:Epoch 65/100	Loss 21.7903 ± 0.2557
INFO:kbc-cli.py:Epoch 66/100	Loss 21.7580 ± 0.2568
INFO:kbc-cli.py:Epoch 66/100	dev results	MRR 0.283107	H@1 0.147989	H@3 0.391397	H@5 0.455834	H@10 0.512195	H@20 0.545979	H@50 0.589651	H@100 0.623270
INFO:kbc-cli.py:Epoch 66/100	test results	MRR 0.282729	H@1 0.150447	H@3 0.383535	H@5 0.451021	H@10 0.506222	H@20 0.546745	H@50 0.590938	H@100 0.621570
INFO:kbc-cli.py:Epoch 67/100	Loss 21.7278 ± 0.2471
INFO:kbc-cli.py:Epoch 68/100	Loss 21.6972 ± 0.2419
INFO:kbc-cli.py:Epoch 69/100	Loss 21.6685 ± 0.2435
INFO:kbc-cli.py:Epoch 69/100	dev results	MRR 0.282494	H@1 0.147165	H@3 0.391397	H@5 0.455339	H@10 0.511701	H@20 0.546803	H@50 0.590310	H@100 0.624094
INFO:kbc-cli.py:Epoch 69/100	test results	MRR 0.281635	H@1 0.149170	H@3 0.382578	H@5 0.450542	H@10 0.507020	H@20 0.547064	H@50 0.590300	H@100 0.620932
INFO:kbc-cli.py:Epoch 70/100	Loss 21.6399 ± 0.2420
INFO:kbc-cli.py:Epoch 71/100	Loss 21.6127 ± 0.2293
INFO:kbc-cli.py:Epoch 72/100	Loss 21.5864 ± 0.2299
INFO:kbc-cli.py:Epoch 72/100	dev results	MRR 0.281800	H@1 0.145682	H@3 0.390903	H@5 0.455834	H@10 0.511701	H@20 0.546473	H@50 0.591134	H@100 0.624423
INFO:kbc-cli.py:Epoch 72/100	test results	MRR 0.282126	H@1 0.149809	H@3 0.384174	H@5 0.450862	H@10 0.507977	H@20 0.546905	H@50 0.591417	H@100 0.621251
INFO:kbc-cli.py:Epoch 73/100	Loss 21.5599 ± 0.2302
INFO:kbc-cli.py:Epoch 74/100	Loss 21.5349 ± 0.2366
INFO:kbc-cli.py:Epoch 75/100	Loss 21.5108 ± 0.2320
INFO:kbc-cli.py:Epoch 75/100	dev results	MRR 0.282031	H@1 0.145353	H@3 0.392551	H@5 0.455010	H@10 0.512030	H@20 0.547297	H@50 0.591463	H@100 0.625577
INFO:kbc-cli.py:Epoch 75/100	test results	MRR 0.282227	H@1 0.149489	H@3 0.384652	H@5 0.451500	H@10 0.508934	H@20 0.546905	H@50 0.593012	H@100 0.622527
INFO:kbc-cli.py:Epoch 76/100	Loss 21.4861 ± 0.2302
INFO:kbc-cli.py:Epoch 77/100	Loss 21.4630 ± 0.2229
INFO:kbc-cli.py:Epoch 78/100	Loss 21.4404 ± 0.2292
INFO:kbc-cli.py:Epoch 78/100	dev results	MRR 0.281785	H@1 0.144858	H@3 0.391562	H@5 0.456163	H@10 0.512854	H@20 0.548451	H@50 0.591463	H@100 0.626566
INFO:kbc-cli.py:Epoch 78/100	test results	MRR 0.281265	H@1 0.147256	H@3 0.384014	H@5 0.451659	H@10 0.508296	H@20 0.547862	H@50 0.593491	H@100 0.622687
INFO:kbc-cli.py:Epoch 79/100	Loss 21.4184 ± 0.2158
INFO:kbc-cli.py:Epoch 80/100	Loss 21.3968 ± 0.2190
INFO:kbc-cli.py:Epoch 81/100	Loss 21.3759 ± 0.2200
INFO:kbc-cli.py:Epoch 81/100	dev results	MRR 0.281642	H@1 0.145023	H@3 0.391397	H@5 0.454515	H@10 0.512195	H@20 0.547956	H@50 0.592287	H@100 0.627884
INFO:kbc-cli.py:Epoch 81/100	test results	MRR 0.281384	H@1 0.148054	H@3 0.384014	H@5 0.451659	H@10 0.509094	H@20 0.548181	H@50 0.594608	H@100 0.623484
INFO:kbc-cli.py:Epoch 82/100	Loss 21.3558 ± 0.2144
INFO:kbc-cli.py:Epoch 83/100	Loss 21.3360 ± 0.2199
INFO:kbc-cli.py:Epoch 84/100	Loss 21.3162 ± 0.2182
INFO:kbc-cli.py:Epoch 84/100	dev results	MRR 0.281356	H@1 0.143705	H@3 0.391892	H@5 0.455504	H@10 0.512854	H@20 0.549275	H@50 0.593111	H@100 0.627719
INFO:kbc-cli.py:Epoch 84/100	test results	MRR 0.280926	H@1 0.146618	H@3 0.383695	H@5 0.451021	H@10 0.509572	H@20 0.547703	H@50 0.594927	H@100 0.623803
INFO:kbc-cli.py:Epoch 85/100	Loss 21.2968 ± 0.2167
INFO:kbc-cli.py:Epoch 86/100	Loss 21.2782 ± 0.2099
INFO:kbc-cli.py:Epoch 87/100	Loss 21.2606 ± 0.2130
INFO:kbc-cli.py:Epoch 87/100	dev results	MRR 0.280702	H@1 0.142551	H@3 0.392221	H@5 0.455834	H@10 0.513514	H@20 0.548121	H@50 0.593935	H@100 0.627060
INFO:kbc-cli.py:Epoch 87/100	test results	MRR 0.280687	H@1 0.146299	H@3 0.381461	H@5 0.452138	H@10 0.510051	H@20 0.548022	H@50 0.595565	H@100 0.623484
INFO:kbc-cli.py:Epoch 88/100	Loss 21.2431 ± 0.2158
INFO:kbc-cli.py:Epoch 89/100	Loss 21.2262 ± 0.2108
INFO:kbc-cli.py:Epoch 90/100	Loss 21.2089 ± 0.2118
INFO:kbc-cli.py:Epoch 90/100	dev results	MRR 0.280250	H@1 0.141892	H@3 0.393210	H@5 0.457482	H@10 0.513184	H@20 0.549275	H@50 0.594759	H@100 0.628049
INFO:kbc-cli.py:Epoch 90/100	test results	MRR 0.281065	H@1 0.145980	H@3 0.382578	H@5 0.452616	H@10 0.511008	H@20 0.548500	H@50 0.595565	H@100 0.622846
INFO:kbc-cli.py:Epoch 91/100	Loss 21.1931 ± 0.2071
INFO:kbc-cli.py:Epoch 92/100	Loss 21.1764 ± 0.2074
INFO:kbc-cli.py:Epoch 93/100	Loss 21.1616 ± 0.2048
INFO:kbc-cli.py:Epoch 93/100	dev results	MRR 0.279406	H@1 0.140903	H@3 0.391068	H@5 0.456328	H@10 0.514173	H@20 0.549110	H@50 0.594265	H@100 0.628543
INFO:kbc-cli.py:Epoch 93/100	test results	MRR 0.280226	H@1 0.144225	H@3 0.382897	H@5 0.454052	H@10 0.511327	H@20 0.548022	H@50 0.595724	H@100 0.623963
INFO:kbc-cli.py:Epoch 94/100	Loss 21.1459 ± 0.1983
INFO:kbc-cli.py:Epoch 95/100	Loss 21.1309 ± 0.2077
INFO:kbc-cli.py:Epoch 96/100	Loss 21.1166 ± 0.2002
INFO:kbc-cli.py:Epoch 96/100	dev results	MRR 0.278953	H@1 0.139585	H@3 0.391068	H@5 0.457152	H@10 0.513514	H@20 0.549110	H@50 0.594595	H@100 0.628873
INFO:kbc-cli.py:Epoch 96/100	test results	MRR 0.280419	H@1 0.145341	H@3 0.382419	H@5 0.454052	H@10 0.510211	H@20 0.547543	H@50 0.597001	H@100 0.623963
INFO:kbc-cli.py:Epoch 97/100	Loss 21.1025 ± 0.1951
INFO:kbc-cli.py:Epoch 98/100	Loss 21.0890 ± 0.2027
INFO:kbc-cli.py:Epoch 99/100	Loss 21.0752 ± 0.2042
INFO:kbc-cli.py:Epoch 99/100	dev results	MRR 0.279152	H@1 0.139914	H@3 0.391233	H@5 0.456328	H@10 0.513678	H@20 0.549275	H@50 0.594265	H@100 0.628543
INFO:kbc-cli.py:Epoch 99/100	test results	MRR 0.279537	H@1 0.143267	H@3 0.383057	H@5 0.453414	H@10 0.510689	H@20 0.548341	H@50 0.596362	H@100 0.624761
INFO:kbc-cli.py:Epoch 100/100	Loss 21.0622 ± 0.2032
INFO:kbc-cli.py:Final 	dev results	MRR 0.279224	H@1 0.139914	H@3 0.391892	H@5 0.456823	H@10 0.513514	H@20 0.549110	H@50 0.593771	H@100 0.628708
INFO:kbc-cli.py:Final 	test results	MRR 0.279776	H@1 0.143586	H@3 0.383057	H@5 0.453574	H@10 0.511008	H@20 0.547703	H@50 0.596203	H@100 0.625239
INFO:kbc-cli.py:Training finished
