./bin/kbc-cli.py --train data/wn18rr/train.tsv --dev data/wn18rr/dev.tsv --test data/wn18rr/test.tsv -m complex -k 2000 -b 50 -e 100 --F2 0 --N3 0.01 -l 0.1 -I standard -V 3 -o adagrad -c spo -q
{'F2': 0.0,
 'N3': 0.01,
 'batch_size': 50,
 'corruption': 'spo',
 'dev': 'data/wn18rr/dev.tsv',
 'embedding_size': 2000,
 'epochs': 100,
 'eval_batch_size': None,
 'input_type': 'standard',
 'learning_rate': 0.1,
 'load': None,
 'model': 'complex',
 'optimizer': 'adagrad',
 'quiet': True,
 'save': None,
 'seed': 0,
 'test': 'data/wn18rr/test.tsv',
 'test_i': None,
 'test_ii': None,
 'train': 'data/wn18rr/train.tsv',
 'validate_every': 3}
INFO:kbc-cli.py:Device: cuda
INFO:kbc-cli.py:Model state:
INFO:kbc-cli.py:	entities.weight	torch.Size([40943, 4000])
INFO:kbc-cli.py:	predicates.weight	torch.Size([11, 4000])
INFO:kbc-cli.py:Epoch 1/100	Loss 20.7752 ± 1.9288
INFO:kbc-cli.py:Epoch 2/100	Loss 10.3937 ± 0.8185
INFO:kbc-cli.py:Epoch 3/100	Loss 6.3016 ± 0.4595
INFO:kbc-cli.py:Epoch 3/100	dev results	MRR 0.423375	H@1 0.401780	H@3 0.429631	H@5 0.444133	H@10 0.465557	H@20 0.485992	H@50 0.513678	H@100 0.542024
INFO:kbc-cli.py:Epoch 3/100	test results	MRR 0.426238	H@1 0.406828	H@3 0.429164	H@5 0.444480	H@10 0.463944	H@20 0.483727	H@50 0.519623	H@100 0.545469
INFO:kbc-cli.py:Epoch 4/100	Loss 5.5210 ± 0.3804
INFO:kbc-cli.py:Epoch 5/100	Loss 5.1214 ± 0.3657
INFO:kbc-cli.py:Epoch 6/100	Loss 4.8788 ± 0.3442
INFO:kbc-cli.py:Epoch 6/100	dev results	MRR 0.434705	H@1 0.411173	H@3 0.442485	H@5 0.457976	H@10 0.478411	H@20 0.500989	H@50 0.534608	H@100 0.563777
INFO:kbc-cli.py:Epoch 6/100	test results	MRR 0.436498	H@1 0.413050	H@3 0.442725	H@5 0.459158	H@10 0.479738	H@20 0.505903	H@50 0.540523	H@100 0.569400
INFO:kbc-cli.py:Epoch 7/100	Loss 4.6988 ± 0.3367
INFO:kbc-cli.py:Epoch 8/100	Loss 4.5598 ± 0.3390
INFO:kbc-cli.py:Epoch 9/100	Loss 4.4442 ± 0.3267
INFO:kbc-cli.py:Epoch 9/100	dev results	MRR 0.440949	H@1 0.416117	H@3 0.450560	H@5 0.465063	H@10 0.487805	H@20 0.510712	H@50 0.546638	H@100 0.575148
INFO:kbc-cli.py:Epoch 9/100	test results	MRR 0.444286	H@1 0.419432	H@3 0.451181	H@5 0.470485	H@10 0.493140	H@20 0.517709	H@50 0.550893	H@100 0.578334
INFO:kbc-cli.py:Epoch 10/100	Loss 4.3458 ± 0.3182
INFO:kbc-cli.py:Epoch 11/100	Loss 4.2615 ± 0.3132
INFO:kbc-cli.py:Epoch 12/100	Loss 4.1899 ± 0.3163
INFO:kbc-cli.py:Epoch 12/100	dev results	MRR 0.443657	H@1 0.418260	H@3 0.452208	H@5 0.469512	H@10 0.490936	H@20 0.515326	H@50 0.552900	H@100 0.578609
INFO:kbc-cli.py:Epoch 12/100	test results	MRR 0.447392	H@1 0.421666	H@3 0.454371	H@5 0.474793	H@10 0.497607	H@20 0.523612	H@50 0.556477	H@100 0.584237
INFO:kbc-cli.py:Epoch 13/100	Loss 4.1232 ± 0.3079
INFO:kbc-cli.py:Epoch 14/100	Loss 4.0643 ± 0.3105
INFO:kbc-cli.py:Epoch 15/100	Loss 4.0106 ± 0.3117
INFO:kbc-cli.py:Epoch 15/100	dev results	MRR 0.448120	H@1 0.421721	H@3 0.457317	H@5 0.474951	H@10 0.496210	H@20 0.520929	H@50 0.557350	H@100 0.586025
INFO:kbc-cli.py:Epoch 15/100	test results	MRR 0.450887	H@1 0.424378	H@3 0.459158	H@5 0.477824	H@10 0.503191	H@20 0.528239	H@50 0.562221	H@100 0.593810
INFO:kbc-cli.py:Epoch 16/100	Loss 3.9642 ± 0.3041
INFO:kbc-cli.py:Epoch 17/100	Loss 3.9184 ± 0.3007
INFO:kbc-cli.py:Epoch 18/100	Loss 3.8783 ± 0.2953
INFO:kbc-cli.py:Epoch 18/100	dev results	MRR 0.449959	H@1 0.423204	H@3 0.457317	H@5 0.476928	H@10 0.498517	H@20 0.527192	H@50 0.564107	H@100 0.591299
INFO:kbc-cli.py:Epoch 18/100	test results	MRR 0.453188	H@1 0.426133	H@3 0.461072	H@5 0.480536	H@10 0.506382	H@20 0.533504	H@50 0.568762	H@100 0.598596
INFO:kbc-cli.py:Epoch 19/100	Loss 3.8402 ± 0.2979
INFO:kbc-cli.py:Epoch 20/100	Loss 3.8064 ± 0.2913
INFO:kbc-cli.py:Epoch 21/100	Loss 3.7737 ± 0.2903
INFO:kbc-cli.py:Epoch 21/100	dev results	MRR 0.451916	H@1 0.424522	H@3 0.460613	H@5 0.479730	H@10 0.501483	H@20 0.530488	H@50 0.567897	H@100 0.597067
INFO:kbc-cli.py:Epoch 21/100	test results	MRR 0.454671	H@1 0.427090	H@3 0.463146	H@5 0.480855	H@10 0.511168	H@20 0.535897	H@50 0.572431	H@100 0.602744
INFO:kbc-cli.py:Epoch 22/100	Loss 3.7428 ± 0.2962
INFO:kbc-cli.py:Epoch 23/100	Loss 3.7135 ± 0.2903
INFO:kbc-cli.py:Epoch 24/100	Loss 3.6886 ± 0.2919
INFO:kbc-cli.py:Epoch 24/100	dev results	MRR 0.453020	H@1 0.425346	H@3 0.462261	H@5 0.480719	H@10 0.502966	H@20 0.533289	H@50 0.573171	H@100 0.601022
INFO:kbc-cli.py:Epoch 24/100	test results	MRR 0.456627	H@1 0.428366	H@3 0.465220	H@5 0.485163	H@10 0.513082	H@20 0.539885	H@50 0.576579	H@100 0.605935
INFO:kbc-cli.py:Epoch 25/100	Loss 3.6624 ± 0.2881
INFO:kbc-cli.py:Epoch 26/100	Loss 3.6387 ± 0.2892
INFO:kbc-cli.py:Epoch 27/100	Loss 3.6161 ± 0.2909
INFO:kbc-cli.py:Epoch 27/100	dev results	MRR 0.453975	H@1 0.425676	H@3 0.464568	H@5 0.483026	H@10 0.504779	H@20 0.537574	H@50 0.576137	H@100 0.604647
INFO:kbc-cli.py:Epoch 27/100	test results	MRR 0.457860	H@1 0.428526	H@3 0.467135	H@5 0.487396	H@10 0.515635	H@20 0.542916	H@50 0.579930	H@100 0.608328
INFO:kbc-cli.py:Epoch 28/100	Loss 3.5951 ± 0.2831
INFO:kbc-cli.py:Epoch 29/100	Loss 3.5749 ± 0.2871
INFO:kbc-cli.py:Epoch 30/100	Loss 3.5563 ± 0.2760
INFO:kbc-cli.py:Epoch 30/100	dev results	MRR 0.456652	H@1 0.428642	H@3 0.465392	H@5 0.486157	H@10 0.506757	H@20 0.538893	H@50 0.578115	H@100 0.609097
INFO:kbc-cli.py:Epoch 30/100	test results	MRR 0.459529	H@1 0.430281	H@3 0.469209	H@5 0.489470	H@10 0.516752	H@20 0.543714	H@50 0.582802	H@100 0.611359
INFO:kbc-cli.py:Epoch 31/100	Loss 3.5375 ± 0.2849
INFO:kbc-cli.py:Epoch 32/100	Loss 3.5201 ± 0.2806
INFO:kbc-cli.py:Epoch 33/100	Loss 3.5035 ± 0.2814
INFO:kbc-cli.py:Epoch 33/100	dev results	MRR 0.457399	H@1 0.429301	H@3 0.466711	H@5 0.485498	H@10 0.508075	H@20 0.542353	H@50 0.581411	H@100 0.611074
INFO:kbc-cli.py:Epoch 33/100	test results	MRR 0.459906	H@1 0.429962	H@3 0.469209	H@5 0.489630	H@10 0.518507	H@20 0.545788	H@50 0.585195	H@100 0.613912
INFO:kbc-cli.py:Epoch 34/100	Loss 3.4880 ± 0.2719
INFO:kbc-cli.py:Epoch 35/100	Loss 3.4728 ± 0.2821
INFO:kbc-cli.py:Epoch 36/100	Loss 3.4581 ± 0.2776
INFO:kbc-cli.py:Epoch 36/100	dev results	MRR 0.458734	H@1 0.430290	H@3 0.468029	H@5 0.486651	H@10 0.509888	H@20 0.543342	H@50 0.584377	H@100 0.613052
INFO:kbc-cli.py:Epoch 36/100	test results	MRR 0.462846	H@1 0.433153	H@3 0.472559	H@5 0.493459	H@10 0.520740	H@20 0.548660	H@50 0.588385	H@100 0.615029
INFO:kbc-cli.py:Epoch 37/100	Loss 3.4441 ± 0.2771
INFO:kbc-cli.py:Epoch 38/100	Loss 3.4305 ± 0.2821
INFO:kbc-cli.py:Epoch 39/100	Loss 3.4175 ± 0.2770
INFO:kbc-cli.py:Epoch 39/100	dev results	MRR 0.459160	H@1 0.429960	H@3 0.470336	H@5 0.487475	H@10 0.510712	H@20 0.546144	H@50 0.587014	H@100 0.616348
INFO:kbc-cli.py:Epoch 39/100	test results	MRR 0.462846	H@1 0.432514	H@3 0.472878	H@5 0.491863	H@10 0.524410	H@20 0.551372	H@50 0.590619	H@100 0.617581
INFO:kbc-cli.py:Epoch 40/100	Loss 3.4055 ± 0.2706
INFO:kbc-cli.py:Epoch 41/100	Loss 3.3939 ± 0.2707
INFO:kbc-cli.py:Epoch 42/100	Loss 3.3822 ± 0.2688
INFO:kbc-cli.py:Epoch 42/100	dev results	MRR 0.460636	H@1 0.431938	H@3 0.470501	H@5 0.490277	H@10 0.513184	H@20 0.547462	H@50 0.587838	H@100 0.617172
INFO:kbc-cli.py:Epoch 42/100	test results	MRR 0.464206	H@1 0.433312	H@3 0.475271	H@5 0.496011	H@10 0.524888	H@20 0.552170	H@50 0.592853	H@100 0.618858
INFO:kbc-cli.py:Epoch 43/100	Loss 3.3714 ± 0.2697
INFO:kbc-cli.py:Epoch 44/100	Loss 3.3604 ± 0.2657
INFO:kbc-cli.py:Epoch 45/100	Loss 3.3506 ± 0.2606
INFO:kbc-cli.py:Epoch 45/100	dev results	MRR 0.460359	H@1 0.430620	H@3 0.470831	H@5 0.489288	H@10 0.514997	H@20 0.549440	H@50 0.589815	H@100 0.619314
INFO:kbc-cli.py:Epoch 45/100	test results	MRR 0.464342	H@1 0.433631	H@3 0.475590	H@5 0.495533	H@10 0.525048	H@20 0.552489	H@50 0.593331	H@100 0.621091
INFO:kbc-cli.py:Epoch 46/100	Loss 3.3403 ± 0.2653
INFO:kbc-cli.py:Epoch 47/100	Loss 3.3307 ± 0.2690
INFO:kbc-cli.py:Epoch 48/100	Loss 3.3217 ± 0.2704
INFO:kbc-cli.py:Epoch 48/100	dev results	MRR 0.460828	H@1 0.430455	H@3 0.471655	H@5 0.490936	H@10 0.515821	H@20 0.549275	H@50 0.591463	H@100 0.621292
INFO:kbc-cli.py:Epoch 48/100	test results	MRR 0.465324	H@1 0.434748	H@3 0.475431	H@5 0.495852	H@10 0.527441	H@20 0.554882	H@50 0.595884	H@100 0.624282
INFO:kbc-cli.py:Epoch 49/100	Loss 3.3122 ± 0.2648
INFO:kbc-cli.py:Epoch 50/100	Loss 3.3035 ± 0.2621
INFO:kbc-cli.py:Epoch 51/100	Loss 3.2952 ± 0.2648
INFO:kbc-cli.py:Epoch 51/100	dev results	MRR 0.461844	H@1 0.432268	H@3 0.471819	H@5 0.490771	H@10 0.517304	H@20 0.552900	H@50 0.592782	H@100 0.622116
INFO:kbc-cli.py:Epoch 51/100	test results	MRR 0.466027	H@1 0.434588	H@3 0.477345	H@5 0.497766	H@10 0.527760	H@20 0.555201	H@50 0.596203	H@100 0.623803
INFO:kbc-cli.py:Epoch 52/100	Loss 3.2869 ± 0.2682
INFO:kbc-cli.py:Epoch 53/100	Loss 3.2787 ± 0.2602
INFO:kbc-cli.py:Epoch 54/100	Loss 3.2711 ± 0.2646
INFO:kbc-cli.py:Epoch 54/100	dev results	MRR 0.463912	H@1 0.434575	H@3 0.474291	H@5 0.492584	H@10 0.518952	H@20 0.553065	H@50 0.593771	H@100 0.623105
INFO:kbc-cli.py:Epoch 54/100	test results	MRR 0.466607	H@1 0.435227	H@3 0.478302	H@5 0.497926	H@10 0.528398	H@20 0.557275	H@50 0.596841	H@100 0.626037
INFO:kbc-cli.py:Epoch 55/100	Loss 3.2638 ± 0.2676
INFO:kbc-cli.py:Epoch 56/100	Loss 3.2564 ± 0.2569
INFO:kbc-cli.py:Epoch 57/100	Loss 3.2494 ± 0.2714
INFO:kbc-cli.py:Epoch 57/100	dev results	MRR 0.463784	H@1 0.434080	H@3 0.473632	H@5 0.494562	H@10 0.519281	H@20 0.554219	H@50 0.596243	H@100 0.624918
INFO:kbc-cli.py:Epoch 57/100	test results	MRR 0.466997	H@1 0.435067	H@3 0.479100	H@5 0.500319	H@10 0.529834	H@20 0.559509	H@50 0.598596	H@100 0.627154
INFO:kbc-cli.py:Epoch 58/100	Loss 3.2425 ± 0.2632
INFO:kbc-cli.py:Epoch 59/100	Loss 3.2358 ± 0.2653
INFO:kbc-cli.py:Epoch 60/100	Loss 3.2290 ± 0.2601
INFO:kbc-cli.py:Epoch 60/100	dev results	MRR 0.463635	H@1 0.433586	H@3 0.472973	H@5 0.493738	H@10 0.519941	H@20 0.556196	H@50 0.596737	H@100 0.627554
INFO:kbc-cli.py:Epoch 60/100	test results	MRR 0.468448	H@1 0.436822	H@3 0.479100	H@5 0.501595	H@10 0.530153	H@20 0.560625	H@50 0.600511	H@100 0.628590
INFO:kbc-cli.py:Epoch 61/100	Loss 3.2226 ± 0.2644
INFO:kbc-cli.py:Epoch 62/100	Loss 3.2162 ± 0.2613
INFO:kbc-cli.py:Epoch 63/100	Loss 3.2104 ± 0.2538
INFO:kbc-cli.py:Epoch 63/100	dev results	MRR 0.463948	H@1 0.433256	H@3 0.474127	H@5 0.495880	H@10 0.521424	H@20 0.556856	H@50 0.597396	H@100 0.626730
INFO:kbc-cli.py:Epoch 63/100	test results	MRR 0.468534	H@1 0.436503	H@3 0.480536	H@5 0.501595	H@10 0.531429	H@20 0.562380	H@50 0.600989	H@100 0.629547
INFO:kbc-cli.py:Epoch 64/100	Loss 3.2049 ± 0.2571
INFO:kbc-cli.py:Epoch 65/100	Loss 3.1983 ± 0.2618
INFO:kbc-cli.py:Epoch 66/100	Loss 3.1930 ± 0.2495
INFO:kbc-cli.py:Epoch 66/100	dev results	MRR 0.464436	H@1 0.434410	H@3 0.473962	H@5 0.495386	H@10 0.521753	H@20 0.556691	H@50 0.599539	H@100 0.629697
INFO:kbc-cli.py:Epoch 66/100	test results	MRR 0.468832	H@1 0.436343	H@3 0.481334	H@5 0.502553	H@10 0.531110	H@20 0.562699	H@50 0.601308	H@100 0.630504
INFO:kbc-cli.py:Epoch 67/100	Loss 3.1875 ± 0.2576
INFO:kbc-cli.py:Epoch 68/100	Loss 3.1823 ± 0.2649
INFO:kbc-cli.py:Epoch 69/100	Loss 3.1770 ± 0.2582
INFO:kbc-cli.py:Epoch 69/100	dev results	MRR 0.465369	H@1 0.435399	H@3 0.474291	H@5 0.495221	H@10 0.522413	H@20 0.557680	H@50 0.600198	H@100 0.629697
INFO:kbc-cli.py:Epoch 69/100	test results	MRR 0.469155	H@1 0.436503	H@3 0.481812	H@5 0.501755	H@10 0.532706	H@20 0.564295	H@50 0.601627	H@100 0.631780
INFO:kbc-cli.py:Epoch 70/100	Loss 3.1719 ± 0.2581
INFO:kbc-cli.py:Epoch 71/100	Loss 3.1668 ± 0.2546
INFO:kbc-cli.py:Epoch 72/100	Loss 3.1622 ± 0.2560
INFO:kbc-cli.py:Epoch 72/100	dev results	MRR 0.465778	H@1 0.435399	H@3 0.474127	H@5 0.495880	H@10 0.524390	H@20 0.558668	H@50 0.601516	H@100 0.631180
INFO:kbc-cli.py:Epoch 72/100	test results	MRR 0.470373	H@1 0.438258	H@3 0.482451	H@5 0.503989	H@10 0.532706	H@20 0.563816	H@50 0.603701	H@100 0.633216
INFO:kbc-cli.py:Epoch 73/100	Loss 3.1572 ± 0.2557
INFO:kbc-cli.py:Epoch 74/100	Loss 3.1521 ± 0.2566
INFO:kbc-cli.py:Epoch 75/100	Loss 3.1477 ± 0.2526
INFO:kbc-cli.py:Epoch 75/100	dev results	MRR 0.466477	H@1 0.435893	H@3 0.475445	H@5 0.495715	H@10 0.524390	H@20 0.558998	H@50 0.601022	H@100 0.632334
INFO:kbc-cli.py:Epoch 75/100	test results	MRR 0.470225	H@1 0.437460	H@3 0.483248	H@5 0.503829	H@10 0.533025	H@20 0.565093	H@50 0.603701	H@100 0.633535
INFO:kbc-cli.py:Epoch 76/100	Loss 3.1436 ± 0.2548
INFO:kbc-cli.py:Epoch 77/100	Loss 3.1388 ± 0.2507
INFO:kbc-cli.py:Epoch 78/100	Loss 3.1344 ± 0.2511
INFO:kbc-cli.py:Epoch 78/100	dev results	MRR 0.465998	H@1 0.435069	H@3 0.475775	H@5 0.497034	H@10 0.525709	H@20 0.560152	H@50 0.602175	H@100 0.632828
INFO:kbc-cli.py:Epoch 78/100	test results	MRR 0.470471	H@1 0.436981	H@3 0.484205	H@5 0.504946	H@10 0.533504	H@20 0.566369	H@50 0.603542	H@100 0.634333
INFO:kbc-cli.py:Epoch 79/100	Loss 3.1301 ± 0.2490
INFO:kbc-cli.py:Epoch 80/100	Loss 3.1263 ± 0.2516
INFO:kbc-cli.py:Epoch 81/100	Loss 3.1221 ± 0.2565
INFO:kbc-cli.py:Epoch 81/100	dev results	MRR 0.466694	H@1 0.435564	H@3 0.476928	H@5 0.498022	H@10 0.527192	H@20 0.560646	H@50 0.601022	H@100 0.633487
INFO:kbc-cli.py:Epoch 81/100	test results	MRR 0.471327	H@1 0.438417	H@3 0.484205	H@5 0.505105	H@10 0.535258	H@20 0.566847	H@50 0.604499	H@100 0.635131
INFO:kbc-cli.py:Epoch 82/100	Loss 3.1184 ± 0.2475
INFO:kbc-cli.py:Epoch 83/100	Loss 3.1142 ± 0.2457
INFO:kbc-cli.py:Epoch 84/100	Loss 3.1104 ± 0.2521
INFO:kbc-cli.py:Epoch 84/100	dev results	MRR 0.467558	H@1 0.436388	H@3 0.477093	H@5 0.499011	H@10 0.526533	H@20 0.560811	H@50 0.602340	H@100 0.633982
INFO:kbc-cli.py:Epoch 84/100	test results	MRR 0.471592	H@1 0.438417	H@3 0.485163	H@5 0.506063	H@10 0.535258	H@20 0.565890	H@50 0.604978	H@100 0.635929
INFO:kbc-cli.py:Epoch 85/100	Loss 3.1068 ± 0.2528
INFO:kbc-cli.py:Epoch 86/100	Loss 3.1032 ± 0.2504
INFO:kbc-cli.py:Epoch 87/100	Loss 3.0997 ± 0.2543
INFO:kbc-cli.py:Epoch 87/100	dev results	MRR 0.467395	H@1 0.435893	H@3 0.477093	H@5 0.499176	H@10 0.528016	H@20 0.561800	H@50 0.602999	H@100 0.636454
INFO:kbc-cli.py:Epoch 87/100	test results	MRR 0.471617	H@1 0.437939	H@3 0.484684	H@5 0.506541	H@10 0.536854	H@20 0.567805	H@50 0.605775	H@100 0.635769
INFO:kbc-cli.py:Epoch 88/100	Loss 3.0958 ± 0.2551
INFO:kbc-cli.py:Epoch 89/100	Loss 3.0925 ± 0.2488
INFO:kbc-cli.py:Epoch 90/100	Loss 3.0890 ± 0.2607
INFO:kbc-cli.py:Epoch 90/100	dev results	MRR 0.467126	H@1 0.434904	H@3 0.477093	H@5 0.499506	H@10 0.529334	H@20 0.563118	H@50 0.603823	H@100 0.636948
INFO:kbc-cli.py:Epoch 90/100	test results	MRR 0.472461	H@1 0.439056	H@3 0.485801	H@5 0.505903	H@10 0.537492	H@20 0.569560	H@50 0.605935	H@100 0.637045
INFO:kbc-cli.py:Epoch 91/100	Loss 3.0857 ± 0.2491
INFO:kbc-cli.py:Epoch 92/100	Loss 3.0823 ± 0.2511
INFO:kbc-cli.py:Epoch 93/100	Loss 3.0795 ± 0.2512
INFO:kbc-cli.py:Epoch 93/100	dev results	MRR 0.467611	H@1 0.435728	H@3 0.478247	H@5 0.499176	H@10 0.530323	H@20 0.563283	H@50 0.603823	H@100 0.638266
INFO:kbc-cli.py:Epoch 93/100	test results	MRR 0.471967	H@1 0.438258	H@3 0.486120	H@5 0.506382	H@10 0.537971	H@20 0.569081	H@50 0.607371	H@100 0.637683
INFO:kbc-cli.py:Epoch 94/100	Loss 3.0765 ± 0.2474
INFO:kbc-cli.py:Epoch 95/100	Loss 3.0730 ± 0.2492
INFO:kbc-cli.py:Epoch 96/100	Loss 3.0697 ± 0.2503
INFO:kbc-cli.py:Epoch 96/100	dev results	MRR 0.467754	H@1 0.435893	H@3 0.477093	H@5 0.499176	H@10 0.530982	H@20 0.564107	H@50 0.604483	H@100 0.638431
INFO:kbc-cli.py:Epoch 96/100	test results	MRR 0.471654	H@1 0.437779	H@3 0.484525	H@5 0.506541	H@10 0.538609	H@20 0.569081	H@50 0.608328	H@100 0.638641
INFO:kbc-cli.py:Epoch 97/100	Loss 3.0669 ± 0.2443
INFO:kbc-cli.py:Epoch 98/100	Loss 3.0639 ± 0.2493
INFO:kbc-cli.py:Epoch 99/100	Loss 3.0611 ± 0.2375
INFO:kbc-cli.py:Epoch 99/100	dev results	MRR 0.468234	H@1 0.436223	H@3 0.478576	H@5 0.500000	H@10 0.531477	H@20 0.564436	H@50 0.606131	H@100 0.638596
INFO:kbc-cli.py:Epoch 99/100	test results	MRR 0.472267	H@1 0.438098	H@3 0.486280	H@5 0.506382	H@10 0.537652	H@20 0.569719	H@50 0.608807	H@100 0.638641
INFO:kbc-cli.py:Epoch 100/100	Loss 3.0579 ± 0.2465
INFO:kbc-cli.py:Final 	dev results	MRR 0.468209	H@1 0.436058	H@3 0.477587	H@5 0.500989	H@10 0.530488	H@20 0.564601	H@50 0.605471	H@100 0.639255
INFO:kbc-cli.py:Final 	test results	MRR 0.472477	H@1 0.438896	H@3 0.485960	H@5 0.505903	H@10 0.537652	H@20 0.569879	H@50 0.609285	H@100 0.639119
INFO:kbc-cli.py:Training finished
