./bin/kbc-cli.py --train data/wn18rr/train.tsv --dev data/wn18rr/dev.tsv --test data/wn18rr/test.tsv -m complex -k 200 -b 100 -e 100 --F2 0 --N3 0.001 -l 0.1 -I standard -V 3 -o adagrad -c so -q
{'F2': 0.0,
 'N3': 0.001,
 'batch_size': 100,
 'corruption': 'so',
 'dev': 'data/wn18rr/dev.tsv',
 'embedding_size': 200,
 'epochs': 100,
 'eval_batch_size': None,
 'input_type': 'standard',
 'learning_rate': 0.1,
 'load': None,
 'model': 'complex',
 'optimizer': 'adagrad',
 'quiet': True,
 'save': None,
 'seed': 0,
 'test': 'data/wn18rr/test.tsv',
 'test_i': None,
 'test_ii': None,
 'train': 'data/wn18rr/train.tsv',
 'validate_every': 3}
INFO:kbc-cli.py:Device: cuda
INFO:kbc-cli.py:Model state:
INFO:kbc-cli.py:	entities.weight	torch.Size([40943, 400])
INFO:kbc-cli.py:	predicates.weight	torch.Size([11, 400])
INFO:kbc-cli.py:Epoch 1/100	Loss 18.5082 ± 1.5327
INFO:kbc-cli.py:Epoch 2/100	Loss 9.0568 ± 0.5027
INFO:kbc-cli.py:Epoch 3/100	Loss 4.6900 ± 0.3854
INFO:kbc-cli.py:Epoch 3/100	dev results	MRR 0.419722	H@1 0.391068	H@3 0.434245	H@5 0.446276	H@10 0.467205	H@20 0.491925	H@50 0.520600	H@100 0.546803
INFO:kbc-cli.py:Epoch 3/100	test results	MRR 0.424327	H@1 0.398373	H@3 0.436503	H@5 0.447511	H@10 0.467135	H@20 0.491225	H@50 0.524888	H@100 0.549458
INFO:kbc-cli.py:Epoch 4/100	Loss 3.8476 ± 0.3173
INFO:kbc-cli.py:Epoch 5/100	Loss 3.5256 ± 0.3116
INFO:kbc-cli.py:Epoch 6/100	Loss 3.3505 ± 0.2988
INFO:kbc-cli.py:Epoch 6/100	dev results	MRR 0.434196	H@1 0.411338	H@3 0.441002	H@5 0.456328	H@10 0.477258	H@20 0.499011	H@50 0.534278	H@100 0.562129
INFO:kbc-cli.py:Epoch 6/100	test results	MRR 0.436089	H@1 0.412731	H@3 0.443204	H@5 0.457403	H@10 0.481334	H@20 0.507498	H@50 0.541161	H@100 0.565093
INFO:kbc-cli.py:Epoch 7/100	Loss 3.2303 ± 0.2858
INFO:kbc-cli.py:Epoch 8/100	Loss 3.1458 ± 0.2860
INFO:kbc-cli.py:Epoch 9/100	Loss 3.0785 ± 0.2716
INFO:kbc-cli.py:Epoch 9/100	dev results	MRR 0.437678	H@1 0.413975	H@3 0.445616	H@5 0.458965	H@10 0.480883	H@20 0.505109	H@50 0.539057	H@100 0.568062
INFO:kbc-cli.py:Epoch 9/100	test results	MRR 0.441282	H@1 0.416241	H@3 0.450064	H@5 0.463944	H@10 0.488194	H@20 0.512285	H@50 0.547384	H@100 0.571155
INFO:kbc-cli.py:Epoch 10/100	Loss 3.0235 ± 0.2592
INFO:kbc-cli.py:Epoch 11/100	Loss 2.9788 ± 0.2597
INFO:kbc-cli.py:Epoch 12/100	Loss 2.9420 ± 0.2603
INFO:kbc-cli.py:Epoch 12/100	dev results	MRR 0.438735	H@1 0.414634	H@3 0.447924	H@5 0.458800	H@10 0.484015	H@20 0.509229	H@50 0.542518	H@100 0.571358
INFO:kbc-cli.py:Epoch 12/100	test results	MRR 0.442311	H@1 0.417518	H@3 0.450383	H@5 0.465699	H@10 0.490268	H@20 0.514997	H@50 0.549298	H@100 0.573708
INFO:kbc-cli.py:Epoch 13/100	Loss 2.9073 ± 0.2519
INFO:kbc-cli.py:Epoch 14/100	Loss 2.8777 ± 0.2499
INFO:kbc-cli.py:Epoch 15/100	Loss 2.8516 ± 0.2520
INFO:kbc-cli.py:Epoch 15/100	dev results	MRR 0.441513	H@1 0.417271	H@3 0.449407	H@5 0.463250	H@10 0.486157	H@20 0.510877	H@50 0.544825	H@100 0.575148
INFO:kbc-cli.py:Epoch 15/100	test results	MRR 0.444887	H@1 0.420230	H@3 0.452616	H@5 0.468092	H@10 0.492342	H@20 0.518188	H@50 0.554084	H@100 0.575463
INFO:kbc-cli.py:Epoch 16/100	Loss 2.8296 ± 0.2480
INFO:kbc-cli.py:Epoch 17/100	Loss 2.8077 ± 0.2395
INFO:kbc-cli.py:Epoch 18/100	Loss 2.7885 ± 0.2315
INFO:kbc-cli.py:Epoch 18/100	dev results	MRR 0.443171	H@1 0.419249	H@3 0.449901	H@5 0.466381	H@10 0.486981	H@20 0.512525	H@50 0.547792	H@100 0.577456
INFO:kbc-cli.py:Epoch 18/100	test results	MRR 0.445543	H@1 0.419592	H@3 0.454690	H@5 0.470804	H@10 0.495373	H@20 0.520102	H@50 0.554882	H@100 0.578813
INFO:kbc-cli.py:Epoch 19/100	Loss 2.7706 ± 0.2361
INFO:kbc-cli.py:Epoch 20/100	Loss 2.7548 ± 0.2280
INFO:kbc-cli.py:Epoch 21/100	Loss 2.7392 ± 0.2246
INFO:kbc-cli.py:Epoch 21/100	dev results	MRR 0.442830	H@1 0.418260	H@3 0.451384	H@5 0.466216	H@10 0.487805	H@20 0.514502	H@50 0.549275	H@100 0.579927
INFO:kbc-cli.py:Epoch 21/100	test results	MRR 0.447133	H@1 0.421666	H@3 0.454850	H@5 0.471602	H@10 0.497128	H@20 0.520740	H@50 0.555680	H@100 0.579930
INFO:kbc-cli.py:Epoch 22/100	Loss 2.7251 ± 0.2322
INFO:kbc-cli.py:Epoch 23/100	Loss 2.7115 ± 0.2262
INFO:kbc-cli.py:Epoch 24/100	Loss 2.6998 ± 0.2238
INFO:kbc-cli.py:Epoch 24/100	dev results	MRR 0.444152	H@1 0.419743	H@3 0.452373	H@5 0.466875	H@10 0.489453	H@20 0.514832	H@50 0.550428	H@100 0.583388
INFO:kbc-cli.py:Epoch 24/100	test results	MRR 0.447033	H@1 0.421027	H@3 0.455010	H@5 0.471761	H@10 0.497926	H@20 0.523293	H@50 0.556318	H@100 0.581844
INFO:kbc-cli.py:Epoch 25/100	Loss 2.6877 ± 0.2208
INFO:kbc-cli.py:Epoch 26/100	Loss 2.6767 ± 0.2218
INFO:kbc-cli.py:Epoch 27/100	Loss 2.6660 ± 0.2253
INFO:kbc-cli.py:Epoch 27/100	dev results	MRR 0.444196	H@1 0.419249	H@3 0.453197	H@5 0.468194	H@10 0.490112	H@20 0.515326	H@50 0.552736	H@100 0.583223
INFO:kbc-cli.py:Epoch 27/100	test results	MRR 0.447665	H@1 0.421187	H@3 0.455488	H@5 0.474314	H@10 0.499681	H@20 0.523931	H@50 0.558551	H@100 0.583440
INFO:kbc-cli.py:Epoch 28/100	Loss 2.6559 ± 0.2205
INFO:kbc-cli.py:Epoch 29/100	Loss 2.6467 ± 0.2202
INFO:kbc-cli.py:Epoch 30/100	Loss 2.6386 ± 0.2124
INFO:kbc-cli.py:Epoch 30/100	dev results	MRR 0.444970	H@1 0.419908	H@3 0.453527	H@5 0.468359	H@10 0.489947	H@20 0.515821	H@50 0.553230	H@100 0.584377
INFO:kbc-cli.py:Epoch 30/100	test results	MRR 0.448566	H@1 0.421825	H@3 0.457403	H@5 0.474314	H@10 0.500319	H@20 0.524091	H@50 0.558232	H@100 0.585035
INFO:kbc-cli.py:Epoch 31/100	Loss 2.6294 ± 0.2183
INFO:kbc-cli.py:Epoch 32/100	Loss 2.6213 ± 0.2167
INFO:kbc-cli.py:Epoch 33/100	Loss 2.6138 ± 0.2132
INFO:kbc-cli.py:Epoch 33/100	dev results	MRR 0.445187	H@1 0.420073	H@3 0.453527	H@5 0.469183	H@10 0.489947	H@20 0.516974	H@50 0.554713	H@100 0.584707
INFO:kbc-cli.py:Epoch 33/100	test results	MRR 0.449796	H@1 0.423421	H@3 0.458200	H@5 0.474793	H@10 0.502074	H@20 0.525526	H@50 0.558711	H@100 0.584237
INFO:kbc-cli.py:Epoch 34/100	Loss 2.6066 ± 0.2042
INFO:kbc-cli.py:Epoch 35/100	Loss 2.6000 ± 0.2170
INFO:kbc-cli.py:Epoch 36/100	Loss 2.5925 ± 0.2092
INFO:kbc-cli.py:Epoch 36/100	dev results	MRR 0.445924	H@1 0.420732	H@3 0.454680	H@5 0.469677	H@10 0.491266	H@20 0.517139	H@50 0.556526	H@100 0.585366
INFO:kbc-cli.py:Epoch 36/100	test results	MRR 0.450585	H@1 0.424697	H@3 0.456924	H@5 0.476069	H@10 0.502074	H@20 0.526165	H@50 0.559828	H@100 0.585195
INFO:kbc-cli.py:Epoch 37/100	Loss 2.5860 ± 0.2072
INFO:kbc-cli.py:Epoch 38/100	Loss 2.5799 ± 0.2170
INFO:kbc-cli.py:Epoch 39/100	Loss 2.5740 ± 0.2078
INFO:kbc-cli.py:Epoch 39/100	dev results	MRR 0.446472	H@1 0.421556	H@3 0.454845	H@5 0.470336	H@10 0.492254	H@20 0.518128	H@50 0.556856	H@100 0.586025
INFO:kbc-cli.py:Epoch 39/100	test results	MRR 0.450004	H@1 0.423421	H@3 0.458200	H@5 0.475590	H@10 0.502872	H@20 0.526803	H@50 0.560944	H@100 0.586311
INFO:kbc-cli.py:Epoch 40/100	Loss 2.5684 ± 0.2009
INFO:kbc-cli.py:Epoch 41/100	Loss 2.5625 ± 0.2043
INFO:kbc-cli.py:Epoch 42/100	Loss 2.5577 ± 0.1996
INFO:kbc-cli.py:Epoch 42/100	dev results	MRR 0.446529	H@1 0.421061	H@3 0.455504	H@5 0.470171	H@10 0.492254	H@20 0.518952	H@50 0.558339	H@100 0.587343
INFO:kbc-cli.py:Epoch 42/100	test results	MRR 0.451013	H@1 0.424537	H@3 0.459477	H@5 0.476867	H@10 0.502712	H@20 0.527760	H@50 0.559828	H@100 0.586790
INFO:kbc-cli.py:Epoch 43/100	Loss 2.5528 ± 0.2010
INFO:kbc-cli.py:Epoch 44/100	Loss 2.5474 ± 0.1956
INFO:kbc-cli.py:Epoch 45/100	Loss 2.5429 ± 0.1948
INFO:kbc-cli.py:Epoch 45/100	dev results	MRR 0.446349	H@1 0.420567	H@3 0.455010	H@5 0.470995	H@10 0.491925	H@20 0.519776	H@50 0.558174	H@100 0.588003
INFO:kbc-cli.py:Epoch 45/100	test results	MRR 0.450407	H@1 0.423580	H@3 0.458519	H@5 0.476867	H@10 0.502553	H@20 0.527601	H@50 0.559828	H@100 0.587428
INFO:kbc-cli.py:Epoch 46/100	Loss 2.5377 ± 0.1975
INFO:kbc-cli.py:Epoch 47/100	Loss 2.5338 ± 0.2017
INFO:kbc-cli.py:Epoch 48/100	Loss 2.5296 ± 0.1992
INFO:kbc-cli.py:Epoch 48/100	dev results	MRR 0.446989	H@1 0.421556	H@3 0.455999	H@5 0.471819	H@10 0.491760	H@20 0.519117	H@50 0.559987	H@100 0.588991
INFO:kbc-cli.py:Epoch 48/100	test results	MRR 0.450982	H@1 0.424059	H@3 0.458519	H@5 0.478622	H@10 0.503191	H@20 0.527760	H@50 0.561742	H@100 0.587588
INFO:kbc-cli.py:Epoch 49/100	Loss 2.5249 ± 0.1956
INFO:kbc-cli.py:Epoch 50/100	Loss 2.5207 ± 0.1962
INFO:kbc-cli.py:Epoch 51/100	Loss 2.5168 ± 0.1909
INFO:kbc-cli.py:Epoch 51/100	dev results	MRR 0.447124	H@1 0.421556	H@3 0.456493	H@5 0.471325	H@10 0.493243	H@20 0.521589	H@50 0.559492	H@100 0.588662
INFO:kbc-cli.py:Epoch 51/100	test results	MRR 0.451854	H@1 0.425335	H@3 0.458679	H@5 0.479260	H@10 0.503669	H@20 0.528558	H@50 0.561264	H@100 0.588066
INFO:kbc-cli.py:Epoch 52/100	Loss 2.5128 ± 0.2012
INFO:kbc-cli.py:Epoch 53/100	Loss 2.5089 ± 0.1917
INFO:kbc-cli.py:Epoch 54/100	Loss 2.5052 ± 0.1985
INFO:kbc-cli.py:Epoch 54/100	dev results	MRR 0.448165	H@1 0.422874	H@3 0.457482	H@5 0.471655	H@10 0.493408	H@20 0.520270	H@50 0.560316	H@100 0.588827
INFO:kbc-cli.py:Epoch 54/100	test results	MRR 0.451994	H@1 0.425016	H@3 0.459158	H@5 0.480696	H@10 0.503510	H@20 0.528558	H@50 0.562540	H@100 0.588705
INFO:kbc-cli.py:Epoch 55/100	Loss 2.5017 ± 0.2007
INFO:kbc-cli.py:Epoch 56/100	Loss 2.4982 ± 0.1868
INFO:kbc-cli.py:Epoch 57/100	Loss 2.4948 ± 0.2010
INFO:kbc-cli.py:Epoch 57/100	dev results	MRR 0.447764	H@1 0.422380	H@3 0.456823	H@5 0.473138	H@10 0.492914	H@20 0.521424	H@50 0.560481	H@100 0.590475
INFO:kbc-cli.py:Epoch 57/100	test results	MRR 0.451709	H@1 0.423899	H@3 0.461391	H@5 0.481015	H@10 0.505265	H@20 0.529196	H@50 0.563178	H@100 0.589183
INFO:kbc-cli.py:Epoch 58/100	Loss 2.4913 ± 0.1939
INFO:kbc-cli.py:Epoch 59/100	Loss 2.4882 ± 0.1981
INFO:kbc-cli.py:Epoch 60/100	Loss 2.4851 ± 0.1891
INFO:kbc-cli.py:Epoch 60/100	dev results	MRR 0.447998	H@1 0.422215	H@3 0.457811	H@5 0.471984	H@10 0.494891	H@20 0.521753	H@50 0.561964	H@100 0.590639
INFO:kbc-cli.py:Epoch 60/100	test results	MRR 0.453037	H@1 0.426292	H@3 0.460593	H@5 0.481015	H@10 0.505265	H@20 0.529834	H@50 0.564295	H@100 0.589821
INFO:kbc-cli.py:Epoch 61/100	Loss 2.4819 ± 0.1954
INFO:kbc-cli.py:Epoch 62/100	Loss 2.4785 ± 0.1941
INFO:kbc-cli.py:Epoch 63/100	Loss 2.4762 ± 0.1866
INFO:kbc-cli.py:Epoch 63/100	dev results	MRR 0.447878	H@1 0.422215	H@3 0.456823	H@5 0.473303	H@10 0.494232	H@20 0.522577	H@50 0.561470	H@100 0.590969
INFO:kbc-cli.py:Epoch 63/100	test results	MRR 0.452639	H@1 0.425814	H@3 0.460593	H@5 0.479898	H@10 0.505105	H@20 0.529196	H@50 0.563816	H@100 0.589502
INFO:kbc-cli.py:Epoch 64/100	Loss 2.4735 ± 0.1872
INFO:kbc-cli.py:Epoch 65/100	Loss 2.4702 ± 0.1896
INFO:kbc-cli.py:Epoch 66/100	Loss 2.4676 ± 0.1801
INFO:kbc-cli.py:Epoch 66/100	dev results	MRR 0.448464	H@1 0.423204	H@3 0.457647	H@5 0.473138	H@10 0.493738	H@20 0.522248	H@50 0.562624	H@100 0.591628
INFO:kbc-cli.py:Epoch 66/100	test results	MRR 0.452999	H@1 0.425814	H@3 0.461870	H@5 0.482131	H@10 0.506063	H@20 0.530313	H@50 0.564295	H@100 0.590300
INFO:kbc-cli.py:Epoch 67/100	Loss 2.4646 ± 0.1894
INFO:kbc-cli.py:Epoch 68/100	Loss 2.4622 ± 0.1919
INFO:kbc-cli.py:Epoch 69/100	Loss 2.4595 ± 0.1912
INFO:kbc-cli.py:Epoch 69/100	dev results	MRR 0.448157	H@1 0.422709	H@3 0.457976	H@5 0.473467	H@10 0.494891	H@20 0.523731	H@50 0.561470	H@100 0.591134
INFO:kbc-cli.py:Epoch 69/100	test results	MRR 0.452909	H@1 0.425814	H@3 0.461870	H@5 0.481015	H@10 0.506541	H@20 0.530472	H@50 0.564773	H@100 0.590459
INFO:kbc-cli.py:Epoch 70/100	Loss 2.4570 ± 0.1892
INFO:kbc-cli.py:Epoch 71/100	Loss 2.4547 ± 0.1858
INFO:kbc-cli.py:Epoch 72/100	Loss 2.4523 ± 0.1854
INFO:kbc-cli.py:Epoch 72/100	dev results	MRR 0.448869	H@1 0.423368	H@3 0.458141	H@5 0.473962	H@10 0.495056	H@20 0.523401	H@50 0.562953	H@100 0.592452
INFO:kbc-cli.py:Epoch 72/100	test results	MRR 0.453132	H@1 0.426133	H@3 0.460913	H@5 0.481493	H@10 0.506860	H@20 0.530313	H@50 0.565252	H@100 0.590938
INFO:kbc-cli.py:Epoch 73/100	Loss 2.4501 ± 0.1873
INFO:kbc-cli.py:Epoch 74/100	Loss 2.4472 ± 0.1864
INFO:kbc-cli.py:Epoch 75/100	Loss 2.4451 ± 0.1821
INFO:kbc-cli.py:Epoch 75/100	dev results	MRR 0.449080	H@1 0.423863	H@3 0.457976	H@5 0.473138	H@10 0.494562	H@20 0.523401	H@50 0.563118	H@100 0.592617
INFO:kbc-cli.py:Epoch 75/100	test results	MRR 0.453801	H@1 0.426930	H@3 0.462029	H@5 0.481334	H@10 0.508296	H@20 0.531429	H@50 0.564933	H@100 0.590779
INFO:kbc-cli.py:Epoch 76/100	Loss 2.4430 ± 0.1877
INFO:kbc-cli.py:Epoch 77/100	Loss 2.4410 ± 0.1814
INFO:kbc-cli.py:Epoch 78/100	Loss 2.4384 ± 0.1789
INFO:kbc-cli.py:Epoch 78/100	dev results	MRR 0.448829	H@1 0.423368	H@3 0.457482	H@5 0.473467	H@10 0.494891	H@20 0.523731	H@50 0.562624	H@100 0.592123
INFO:kbc-cli.py:Epoch 78/100	test results	MRR 0.453055	H@1 0.425335	H@3 0.461710	H@5 0.481972	H@10 0.506541	H@20 0.530951	H@50 0.564933	H@100 0.590938
INFO:kbc-cli.py:Epoch 79/100	Loss 2.4361 ± 0.1794
INFO:kbc-cli.py:Epoch 80/100	Loss 2.4346 ± 0.1836
INFO:kbc-cli.py:Epoch 81/100	Loss 2.4321 ± 0.1867
INFO:kbc-cli.py:Epoch 81/100	dev results	MRR 0.449149	H@1 0.423533	H@3 0.458141	H@5 0.474127	H@10 0.495550	H@20 0.524555	H@50 0.563118	H@100 0.593111
INFO:kbc-cli.py:Epoch 81/100	test results	MRR 0.454163	H@1 0.426930	H@3 0.462668	H@5 0.482291	H@10 0.507498	H@20 0.531908	H@50 0.565731	H@100 0.590779
INFO:kbc-cli.py:Epoch 82/100	Loss 2.4304 ± 0.1812
INFO:kbc-cli.py:Epoch 83/100	Loss 2.4280 ± 0.1771
INFO:kbc-cli.py:Epoch 84/100	Loss 2.4262 ± 0.1831
INFO:kbc-cli.py:Epoch 84/100	dev results	MRR 0.448995	H@1 0.423368	H@3 0.458306	H@5 0.473467	H@10 0.495386	H@20 0.524720	H@50 0.562788	H@100 0.594100
INFO:kbc-cli.py:Epoch 84/100	test results	MRR 0.454627	H@1 0.428366	H@3 0.461551	H@5 0.482610	H@10 0.507020	H@20 0.531429	H@50 0.565093	H@100 0.591576
INFO:kbc-cli.py:Epoch 85/100	Loss 2.4244 ± 0.1799
INFO:kbc-cli.py:Epoch 86/100	Loss 2.4226 ± 0.1792
INFO:kbc-cli.py:Epoch 87/100	Loss 2.4209 ± 0.1827
INFO:kbc-cli.py:Epoch 87/100	dev results	MRR 0.449140	H@1 0.423368	H@3 0.458471	H@5 0.474456	H@10 0.496704	H@20 0.525214	H@50 0.563942	H@100 0.593606
INFO:kbc-cli.py:Epoch 87/100	test results	MRR 0.454088	H@1 0.426930	H@3 0.462189	H@5 0.483248	H@10 0.508137	H@20 0.532546	H@50 0.566369	H@100 0.591417
INFO:kbc-cli.py:Epoch 88/100	Loss 2.4186 ± 0.1826
INFO:kbc-cli.py:Epoch 89/100	Loss 2.4169 ± 0.1773
INFO:kbc-cli.py:Epoch 90/100	Loss 2.4151 ± 0.1890
INFO:kbc-cli.py:Epoch 90/100	dev results	MRR 0.448847	H@1 0.422709	H@3 0.457647	H@5 0.473962	H@10 0.495386	H@20 0.525379	H@50 0.564436	H@100 0.594430
INFO:kbc-cli.py:Epoch 90/100	test results	MRR 0.454538	H@1 0.427728	H@3 0.461391	H@5 0.483248	H@10 0.507977	H@20 0.532865	H@50 0.567167	H@100 0.592693
INFO:kbc-cli.py:Epoch 91/100	Loss 2.4132 ± 0.1826
INFO:kbc-cli.py:Epoch 92/100	Loss 2.4119 ± 0.1849
INFO:kbc-cli.py:Epoch 93/100	Loss 2.4103 ± 0.1794
INFO:kbc-cli.py:Epoch 93/100	dev results	MRR 0.449292	H@1 0.423698	H@3 0.456987	H@5 0.474291	H@10 0.494891	H@20 0.525709	H@50 0.563448	H@100 0.594100
INFO:kbc-cli.py:Epoch 93/100	test results	MRR 0.454583	H@1 0.427569	H@3 0.461232	H@5 0.483408	H@10 0.508456	H@20 0.532706	H@50 0.567007	H@100 0.593012
INFO:kbc-cli.py:Epoch 94/100	Loss 2.4087 ± 0.1822
INFO:kbc-cli.py:Epoch 95/100	Loss 2.4067 ± 0.1775
INFO:kbc-cli.py:Epoch 96/100	Loss 2.4052 ± 0.1770
INFO:kbc-cli.py:Epoch 96/100	dev results	MRR 0.449461	H@1 0.423863	H@3 0.456987	H@5 0.474621	H@10 0.495880	H@20 0.526697	H@50 0.563448	H@100 0.594759
INFO:kbc-cli.py:Epoch 96/100	test results	MRR 0.454315	H@1 0.427250	H@3 0.460913	H@5 0.481972	H@10 0.508615	H@20 0.533184	H@50 0.567486	H@100 0.592853
INFO:kbc-cli.py:Epoch 97/100	Loss 2.4036 ± 0.1773
INFO:kbc-cli.py:Epoch 98/100	Loss 2.4019 ± 0.1816
INFO:kbc-cli.py:Epoch 99/100	Loss 2.4005 ± 0.1651
INFO:kbc-cli.py:Epoch 99/100	dev results	MRR 0.449341	H@1 0.423533	H@3 0.457811	H@5 0.474291	H@10 0.495221	H@20 0.527027	H@50 0.563448	H@100 0.594759
INFO:kbc-cli.py:Epoch 99/100	test results	MRR 0.454835	H@1 0.428047	H@3 0.462189	H@5 0.483408	H@10 0.508137	H@20 0.533823	H@50 0.567167	H@100 0.592853
INFO:kbc-cli.py:Epoch 100/100	Loss 2.3989 ± 0.1775
INFO:kbc-cli.py:Final 	dev results	MRR 0.449623	H@1 0.423533	H@3 0.458800	H@5 0.474951	H@10 0.495880	H@20 0.526203	H@50 0.563612	H@100 0.595419
INFO:kbc-cli.py:Final 	test results	MRR 0.454753	H@1 0.427250	H@3 0.463306	H@5 0.483248	H@10 0.508934	H@20 0.533982	H@50 0.567007	H@100 0.593172
INFO:kbc-cli.py:Training finished
