./bin/kbc-cli.py --train data/wn18rr/train.tsv --dev data/wn18rr/dev.tsv --test data/wn18rr/test.tsv -m complex -k 4000 -b 50 -e 100 --F2 0.001 --N3 0 -l 0.1 -I standard -V 3 -o adagrad -c spo -q
{'F2': 0.001,
 'N3': 0.0,
 'batch_size': 50,
 'corruption': 'spo',
 'dev': 'data/wn18rr/dev.tsv',
 'embedding_size': 4000,
 'epochs': 100,
 'eval_batch_size': None,
 'input_type': 'standard',
 'learning_rate': 0.1,
 'load': None,
 'model': 'complex',
 'optimizer': 'adagrad',
 'quiet': True,
 'save': None,
 'seed': 0,
 'test': 'data/wn18rr/test.tsv',
 'test_i': None,
 'test_ii': None,
 'train': 'data/wn18rr/train.tsv',
 'validate_every': 3}
INFO:kbc-cli.py:Device: cuda
INFO:kbc-cli.py:Model state:
INFO:kbc-cli.py:	entities.weight	torch.Size([40943, 8000])
INFO:kbc-cli.py:	predicates.weight	torch.Size([11, 8000])
INFO:kbc-cli.py:Epoch 1/100	Loss 19.5844 ± 1.9986
INFO:kbc-cli.py:Epoch 2/100	Loss 9.3631 ± 0.8176
INFO:kbc-cli.py:Epoch 3/100	Loss 5.1101 ± 0.4831
INFO:kbc-cli.py:Epoch 3/100	dev results	MRR 0.413377	H@1 0.393869	H@3 0.418919	H@5 0.432268	H@10 0.448912	H@20 0.468853	H@50 0.497198	H@100 0.520600
INFO:kbc-cli.py:Epoch 3/100	test results	MRR 0.414368	H@1 0.396937	H@3 0.419432	H@5 0.429802	H@10 0.445437	H@20 0.462668	H@50 0.492661	H@100 0.520740
INFO:kbc-cli.py:Epoch 4/100	Loss 4.3902 ± 0.3972
INFO:kbc-cli.py:Epoch 5/100	Loss 4.0549 ± 0.3821
INFO:kbc-cli.py:Epoch 6/100	Loss 3.8699 ± 0.3587
INFO:kbc-cli.py:Epoch 6/100	dev results	MRR 0.422931	H@1 0.401945	H@3 0.429136	H@5 0.442320	H@10 0.461602	H@20 0.483191	H@50 0.512690	H@100 0.537904
INFO:kbc-cli.py:Epoch 6/100	test results	MRR 0.422838	H@1 0.400925	H@3 0.430600	H@5 0.444799	H@10 0.462827	H@20 0.482131	H@50 0.513880	H@100 0.541640
INFO:kbc-cli.py:Epoch 7/100	Loss 3.7418 ± 0.3464
INFO:kbc-cli.py:Epoch 8/100	Loss 3.6469 ± 0.3469
INFO:kbc-cli.py:Epoch 9/100	Loss 3.5718 ± 0.3317
INFO:kbc-cli.py:Epoch 9/100	dev results	MRR 0.429337	H@1 0.407218	H@3 0.438036	H@5 0.450890	H@10 0.470007	H@20 0.491430	H@50 0.521094	H@100 0.549604
INFO:kbc-cli.py:Epoch 9/100	test results	MRR 0.429824	H@1 0.407466	H@3 0.437141	H@5 0.450862	H@10 0.471442	H@20 0.492661	H@50 0.524569	H@100 0.549458
INFO:kbc-cli.py:Epoch 10/100	Loss 3.5068 ± 0.3214
INFO:kbc-cli.py:Epoch 11/100	Loss 3.4543 ± 0.3174
INFO:kbc-cli.py:Epoch 12/100	Loss 3.4097 ± 0.3204
INFO:kbc-cli.py:Epoch 12/100	dev results	MRR 0.431611	H@1 0.409196	H@3 0.439189	H@5 0.453856	H@10 0.473797	H@20 0.495715	H@50 0.526862	H@100 0.554713
INFO:kbc-cli.py:Epoch 12/100	test results	MRR 0.432610	H@1 0.409860	H@3 0.440491	H@5 0.454212	H@10 0.474314	H@20 0.497607	H@50 0.529675	H@100 0.556318
INFO:kbc-cli.py:Epoch 13/100	Loss 3.3676 ± 0.3102
INFO:kbc-cli.py:Epoch 14/100	Loss 3.3315 ± 0.3098
INFO:kbc-cli.py:Epoch 15/100	Loss 3.2975 ± 0.3122
INFO:kbc-cli.py:Epoch 15/100	dev results	MRR 0.434943	H@1 0.411668	H@3 0.443144	H@5 0.457317	H@10 0.477752	H@20 0.497528	H@50 0.531641	H@100 0.558504
INFO:kbc-cli.py:Epoch 15/100	test results	MRR 0.435393	H@1 0.412253	H@3 0.442406	H@5 0.456445	H@10 0.479260	H@20 0.500798	H@50 0.533344	H@100 0.560306
INFO:kbc-cli.py:Epoch 16/100	Loss 3.2702 ± 0.3034
INFO:kbc-cli.py:Epoch 17/100	Loss 3.2408 ± 0.3008
INFO:kbc-cli.py:Epoch 18/100	Loss 3.2161 ± 0.2943
INFO:kbc-cli.py:Epoch 18/100	dev results	MRR 0.437558	H@1 0.413975	H@3 0.446770	H@5 0.461931	H@10 0.480224	H@20 0.500330	H@50 0.536421	H@100 0.562788
INFO:kbc-cli.py:Epoch 18/100	test results	MRR 0.438333	H@1 0.414167	H@3 0.446394	H@5 0.462189	H@10 0.481653	H@20 0.505105	H@50 0.539087	H@100 0.565412
INFO:kbc-cli.py:Epoch 19/100	Loss 3.1922 ± 0.2947
INFO:kbc-cli.py:Epoch 20/100	Loss 3.1711 ± 0.2882
INFO:kbc-cli.py:Epoch 21/100	Loss 3.1503 ± 0.2861
INFO:kbc-cli.py:Epoch 21/100	dev results	MRR 0.438186	H@1 0.414469	H@3 0.446770	H@5 0.461437	H@10 0.480883	H@20 0.502802	H@50 0.537739	H@100 0.566249
INFO:kbc-cli.py:Epoch 21/100	test results	MRR 0.438860	H@1 0.415124	H@3 0.446394	H@5 0.462508	H@10 0.482131	H@20 0.506063	H@50 0.540045	H@100 0.567167
INFO:kbc-cli.py:Epoch 22/100	Loss 3.1312 ± 0.2922
INFO:kbc-cli.py:Epoch 23/100	Loss 3.1121 ± 0.2865
INFO:kbc-cli.py:Epoch 24/100	Loss 3.0968 ± 0.2880
INFO:kbc-cli.py:Epoch 24/100	dev results	MRR 0.439686	H@1 0.415293	H@3 0.447924	H@5 0.463250	H@10 0.484015	H@20 0.506262	H@50 0.540046	H@100 0.568556
INFO:kbc-cli.py:Epoch 24/100	test results	MRR 0.440357	H@1 0.415922	H@3 0.448309	H@5 0.464263	H@10 0.484205	H@20 0.509413	H@50 0.542916	H@100 0.569879
INFO:kbc-cli.py:Epoch 25/100	Loss 3.0795 ± 0.2837
INFO:kbc-cli.py:Epoch 26/100	Loss 3.0640 ± 0.2850
INFO:kbc-cli.py:Epoch 27/100	Loss 3.0494 ± 0.2864
INFO:kbc-cli.py:Epoch 27/100	dev results	MRR 0.440909	H@1 0.416941	H@3 0.448583	H@5 0.464568	H@10 0.484838	H@20 0.506922	H@50 0.543672	H@100 0.572512
INFO:kbc-cli.py:Epoch 27/100	test results	MRR 0.441088	H@1 0.416560	H@3 0.448149	H@5 0.465380	H@10 0.484684	H@20 0.511966	H@50 0.546107	H@100 0.574346
INFO:kbc-cli.py:Epoch 28/100	Loss 3.0357 ± 0.2793
INFO:kbc-cli.py:Epoch 29/100	Loss 3.0223 ± 0.2819
INFO:kbc-cli.py:Epoch 30/100	Loss 3.0101 ± 0.2721
INFO:kbc-cli.py:Epoch 30/100	dev results	MRR 0.442368	H@1 0.418754	H@3 0.450396	H@5 0.466051	H@10 0.484838	H@20 0.508899	H@50 0.543672	H@100 0.573665
INFO:kbc-cli.py:Epoch 30/100	test results	MRR 0.443289	H@1 0.419113	H@3 0.451181	H@5 0.466656	H@10 0.488354	H@20 0.513242	H@50 0.547384	H@100 0.574346
INFO:kbc-cli.py:Epoch 31/100	Loss 2.9974 ± 0.2796
INFO:kbc-cli.py:Epoch 32/100	Loss 2.9857 ± 0.2766
INFO:kbc-cli.py:Epoch 33/100	Loss 2.9745 ± 0.2764
INFO:kbc-cli.py:Epoch 33/100	dev results	MRR 0.443073	H@1 0.418589	H@3 0.452703	H@5 0.467535	H@10 0.486651	H@20 0.512195	H@50 0.545649	H@100 0.575643
INFO:kbc-cli.py:Epoch 33/100	test results	MRR 0.443751	H@1 0.418634	H@3 0.452936	H@5 0.469049	H@10 0.488513	H@20 0.514837	H@50 0.549298	H@100 0.576899
INFO:kbc-cli.py:Epoch 34/100	Loss 2.9639 ± 0.2670
INFO:kbc-cli.py:Epoch 35/100	Loss 2.9537 ± 0.2780
INFO:kbc-cli.py:Epoch 36/100	Loss 2.9435 ± 0.2726
INFO:kbc-cli.py:Epoch 36/100	dev results	MRR 0.443874	H@1 0.419743	H@3 0.452703	H@5 0.469183	H@10 0.487146	H@20 0.513349	H@50 0.546968	H@100 0.575808
INFO:kbc-cli.py:Epoch 36/100	test results	MRR 0.444654	H@1 0.419272	H@3 0.453255	H@5 0.469528	H@10 0.490587	H@20 0.518347	H@50 0.549777	H@100 0.576579
INFO:kbc-cli.py:Epoch 37/100	Loss 2.9338 ± 0.2713
INFO:kbc-cli.py:Epoch 38/100	Loss 2.9245 ± 0.2759
INFO:kbc-cli.py:Epoch 39/100	Loss 2.9153 ± 0.2711
INFO:kbc-cli.py:Epoch 39/100	dev results	MRR 0.444658	H@1 0.420567	H@3 0.453691	H@5 0.468359	H@10 0.487970	H@20 0.515162	H@50 0.549275	H@100 0.578279
INFO:kbc-cli.py:Epoch 39/100	test results	MRR 0.445186	H@1 0.419751	H@3 0.454052	H@5 0.470485	H@10 0.492183	H@20 0.520262	H@50 0.552808	H@100 0.579611
INFO:kbc-cli.py:Epoch 40/100	Loss 2.9070 ± 0.2652
INFO:kbc-cli.py:Epoch 41/100	Loss 2.8986 ± 0.2651
INFO:kbc-cli.py:Epoch 42/100	Loss 2.8906 ± 0.2640
INFO:kbc-cli.py:Epoch 42/100	dev results	MRR 0.445546	H@1 0.421061	H@3 0.455010	H@5 0.469512	H@10 0.488794	H@20 0.516315	H@50 0.552241	H@100 0.579433
INFO:kbc-cli.py:Epoch 42/100	test results	MRR 0.446629	H@1 0.421187	H@3 0.455169	H@5 0.470964	H@10 0.493299	H@20 0.520900	H@50 0.554084	H@100 0.581047
INFO:kbc-cli.py:Epoch 43/100	Loss 2.8830 ± 0.2637
INFO:kbc-cli.py:Epoch 44/100	Loss 2.8751 ± 0.2599
INFO:kbc-cli.py:Epoch 45/100	Loss 2.8681 ± 0.2556
INFO:kbc-cli.py:Epoch 45/100	dev results	MRR 0.444841	H@1 0.420732	H@3 0.453362	H@5 0.470171	H@10 0.489453	H@20 0.515326	H@50 0.552571	H@100 0.579763
INFO:kbc-cli.py:Epoch 45/100	test results	MRR 0.445447	H@1 0.419911	H@3 0.453733	H@5 0.471283	H@10 0.493618	H@20 0.520900	H@50 0.552648	H@100 0.582802
INFO:kbc-cli.py:Epoch 46/100	Loss 2.8607 ± 0.2589
INFO:kbc-cli.py:Epoch 47/100	Loss 2.8538 ± 0.2628
INFO:kbc-cli.py:Epoch 48/100	Loss 2.8473 ± 0.2639
INFO:kbc-cli.py:Epoch 48/100	dev results	MRR 0.445711	H@1 0.420732	H@3 0.454680	H@5 0.470007	H@10 0.489947	H@20 0.518128	H@50 0.552736	H@100 0.580422
INFO:kbc-cli.py:Epoch 48/100	test results	MRR 0.446443	H@1 0.420389	H@3 0.455807	H@5 0.471442	H@10 0.494895	H@20 0.522655	H@50 0.555361	H@100 0.583280
INFO:kbc-cli.py:Epoch 49/100	Loss 2.8403 ± 0.2599
INFO:kbc-cli.py:Epoch 50/100	Loss 2.8341 ± 0.2561
INFO:kbc-cli.py:Epoch 51/100	Loss 2.8279 ± 0.2586
INFO:kbc-cli.py:Epoch 51/100	dev results	MRR 0.446638	H@1 0.421885	H@3 0.455504	H@5 0.470666	H@10 0.491430	H@20 0.518128	H@50 0.552736	H@100 0.581246
INFO:kbc-cli.py:Epoch 51/100	test results	MRR 0.447120	H@1 0.420549	H@3 0.457243	H@5 0.471921	H@10 0.495214	H@20 0.522655	H@50 0.556477	H@100 0.584876
INFO:kbc-cli.py:Epoch 52/100	Loss 2.8218 ± 0.2618
INFO:kbc-cli.py:Epoch 53/100	Loss 2.8157 ± 0.2533
INFO:kbc-cli.py:Epoch 54/100	Loss 2.8101 ± 0.2585
INFO:kbc-cli.py:Epoch 54/100	dev results	MRR 0.447604	H@1 0.423204	H@3 0.455834	H@5 0.471325	H@10 0.492254	H@20 0.519776	H@50 0.554219	H@100 0.582564
INFO:kbc-cli.py:Epoch 54/100	test results	MRR 0.446808	H@1 0.420708	H@3 0.456605	H@5 0.472878	H@10 0.496011	H@20 0.524729	H@50 0.557275	H@100 0.585195
INFO:kbc-cli.py:Epoch 55/100	Loss 2.8046 ± 0.2618
INFO:kbc-cli.py:Epoch 56/100	Loss 2.7992 ± 0.2502
INFO:kbc-cli.py:Epoch 57/100	Loss 2.7939 ± 0.2634
INFO:kbc-cli.py:Epoch 57/100	dev results	MRR 0.447093	H@1 0.422380	H@3 0.455669	H@5 0.471819	H@10 0.492090	H@20 0.520600	H@50 0.556361	H@100 0.582564
INFO:kbc-cli.py:Epoch 57/100	test results	MRR 0.447818	H@1 0.421666	H@3 0.457084	H@5 0.473357	H@10 0.497447	H@20 0.525846	H@50 0.558073	H@100 0.585833
INFO:kbc-cli.py:Epoch 58/100	Loss 2.7888 ± 0.2565
INFO:kbc-cli.py:Epoch 59/100	Loss 2.7837 ± 0.2584
INFO:kbc-cli.py:Epoch 60/100	Loss 2.7787 ± 0.2536
INFO:kbc-cli.py:Epoch 60/100	dev results	MRR 0.447463	H@1 0.422215	H@3 0.457482	H@5 0.471984	H@10 0.493573	H@20 0.520929	H@50 0.556526	H@100 0.584542
INFO:kbc-cli.py:Epoch 60/100	test results	MRR 0.448323	H@1 0.421825	H@3 0.457722	H@5 0.473357	H@10 0.498883	H@20 0.528079	H@50 0.560147	H@100 0.587109
INFO:kbc-cli.py:Epoch 61/100	Loss 2.7737 ± 0.2579
INFO:kbc-cli.py:Epoch 62/100	Loss 2.7689 ± 0.2551
INFO:kbc-cli.py:Epoch 63/100	Loss 2.7644 ± 0.2486
INFO:kbc-cli.py:Epoch 63/100	dev results	MRR 0.447570	H@1 0.422709	H@3 0.456987	H@5 0.471819	H@10 0.492584	H@20 0.521259	H@50 0.555702	H@100 0.584707
INFO:kbc-cli.py:Epoch 63/100	test results	MRR 0.448191	H@1 0.421825	H@3 0.458041	H@5 0.473516	H@10 0.498245	H@20 0.526484	H@50 0.558073	H@100 0.587428
INFO:kbc-cli.py:Epoch 64/100	Loss 2.7602 ± 0.2494
INFO:kbc-cli.py:Epoch 65/100	Loss 2.7553 ± 0.2544
INFO:kbc-cli.py:Epoch 66/100	Loss 2.7513 ± 0.2428
INFO:kbc-cli.py:Epoch 66/100	dev results	MRR 0.448294	H@1 0.423863	H@3 0.455834	H@5 0.472479	H@10 0.494891	H@20 0.521589	H@50 0.556691	H@100 0.585366
INFO:kbc-cli.py:Epoch 66/100	test results	MRR 0.448540	H@1 0.421825	H@3 0.457562	H@5 0.474633	H@10 0.499362	H@20 0.527122	H@50 0.561583	H@100 0.587428
INFO:kbc-cli.py:Epoch 67/100	Loss 2.7469 ± 0.2508
INFO:kbc-cli.py:Epoch 68/100	Loss 2.7428 ± 0.2571
INFO:kbc-cli.py:Epoch 69/100	Loss 2.7388 ± 0.2520
INFO:kbc-cli.py:Epoch 69/100	dev results	MRR 0.448062	H@1 0.423204	H@3 0.456163	H@5 0.473303	H@10 0.494397	H@20 0.521918	H@50 0.556196	H@100 0.585531
INFO:kbc-cli.py:Epoch 69/100	test results	MRR 0.449051	H@1 0.422623	H@3 0.457722	H@5 0.474154	H@10 0.500319	H@20 0.526962	H@50 0.560944	H@100 0.587269
INFO:kbc-cli.py:Epoch 70/100	Loss 2.7348 ± 0.2511
INFO:kbc-cli.py:Epoch 71/100	Loss 2.7309 ± 0.2474
INFO:kbc-cli.py:Epoch 72/100	Loss 2.7273 ± 0.2492
INFO:kbc-cli.py:Epoch 72/100	dev results	MRR 0.448925	H@1 0.424192	H@3 0.457152	H@5 0.473303	H@10 0.494397	H@20 0.522907	H@50 0.558668	H@100 0.587179
INFO:kbc-cli.py:Epoch 72/100	test results	MRR 0.449596	H@1 0.422942	H@3 0.458839	H@5 0.474474	H@10 0.501117	H@20 0.528717	H@50 0.561583	H@100 0.588705
INFO:kbc-cli.py:Epoch 73/100	Loss 2.7234 ± 0.2481
INFO:kbc-cli.py:Epoch 74/100	Loss 2.7194 ± 0.2491
INFO:kbc-cli.py:Epoch 75/100	Loss 2.7159 ± 0.2463
INFO:kbc-cli.py:Epoch 75/100	dev results	MRR 0.449129	H@1 0.424522	H@3 0.457317	H@5 0.473962	H@10 0.494397	H@20 0.522742	H@50 0.559657	H@100 0.588332
INFO:kbc-cli.py:Epoch 75/100	test results	MRR 0.449540	H@1 0.422623	H@3 0.459955	H@5 0.474793	H@10 0.501595	H@20 0.527760	H@50 0.561583	H@100 0.590300
INFO:kbc-cli.py:Epoch 76/100	Loss 2.7126 ± 0.2484
INFO:kbc-cli.py:Epoch 77/100	Loss 2.7089 ± 0.2438
INFO:kbc-cli.py:Epoch 78/100	Loss 2.7055 ± 0.2436
INFO:kbc-cli.py:Epoch 78/100	dev results	MRR 0.448760	H@1 0.423368	H@3 0.458141	H@5 0.473467	H@10 0.493902	H@20 0.522083	H@50 0.559328	H@100 0.588167
INFO:kbc-cli.py:Epoch 78/100	test results	MRR 0.449147	H@1 0.421825	H@3 0.458200	H@5 0.475112	H@10 0.501595	H@20 0.529355	H@50 0.563178	H@100 0.589821
INFO:kbc-cli.py:Epoch 79/100	Loss 2.7021 ± 0.2419
INFO:kbc-cli.py:Epoch 80/100	Loss 2.6990 ± 0.2447
INFO:kbc-cli.py:Epoch 81/100	Loss 2.6956 ± 0.2495
INFO:kbc-cli.py:Epoch 81/100	dev results	MRR 0.449590	H@1 0.424028	H@3 0.458306	H@5 0.474621	H@10 0.495221	H@20 0.524225	H@50 0.560481	H@100 0.588497
INFO:kbc-cli.py:Epoch 81/100	test results	MRR 0.450534	H@1 0.423740	H@3 0.459636	H@5 0.475431	H@10 0.502712	H@20 0.529675	H@50 0.563178	H@100 0.590459
INFO:kbc-cli.py:Epoch 82/100	Loss 2.6926 ± 0.2411
INFO:kbc-cli.py:Epoch 83/100	Loss 2.6894 ± 0.2385
INFO:kbc-cli.py:Epoch 84/100	Loss 2.6864 ± 0.2456
INFO:kbc-cli.py:Epoch 84/100	dev results	MRR 0.449937	H@1 0.425346	H@3 0.458635	H@5 0.474291	H@10 0.495056	H@20 0.522413	H@50 0.560811	H@100 0.588497
INFO:kbc-cli.py:Epoch 84/100	test results	MRR 0.450611	H@1 0.424059	H@3 0.458839	H@5 0.476228	H@10 0.502234	H@20 0.529834	H@50 0.564295	H@100 0.590140
INFO:kbc-cli.py:Epoch 85/100	Loss 2.6835 ± 0.2450
INFO:kbc-cli.py:Epoch 86/100	Loss 2.6805 ± 0.2429
INFO:kbc-cli.py:Epoch 87/100	Loss 2.6777 ± 0.2471
INFO:kbc-cli.py:Epoch 87/100	dev results	MRR 0.449862	H@1 0.424028	H@3 0.458141	H@5 0.475280	H@10 0.496374	H@20 0.525214	H@50 0.563118	H@100 0.589815
INFO:kbc-cli.py:Epoch 87/100	test results	MRR 0.451147	H@1 0.424059	H@3 0.458998	H@5 0.477983	H@10 0.504467	H@20 0.531429	H@50 0.564614	H@100 0.591417
INFO:kbc-cli.py:Epoch 88/100	Loss 2.6746 ± 0.2479
INFO:kbc-cli.py:Epoch 89/100	Loss 2.6720 ± 0.2414
INFO:kbc-cli.py:Epoch 90/100	Loss 2.6690 ± 0.2530
INFO:kbc-cli.py:Epoch 90/100	dev results	MRR 0.449596	H@1 0.423698	H@3 0.458141	H@5 0.475610	H@10 0.496539	H@20 0.525379	H@50 0.563283	H@100 0.589980
INFO:kbc-cli.py:Epoch 90/100	test results	MRR 0.451071	H@1 0.424218	H@3 0.458839	H@5 0.476548	H@10 0.504467	H@20 0.531908	H@50 0.564454	H@100 0.592853
INFO:kbc-cli.py:Epoch 91/100	Loss 2.6664 ± 0.2426
INFO:kbc-cli.py:Epoch 92/100	Loss 2.6637 ± 0.2437
INFO:kbc-cli.py:Epoch 93/100	Loss 2.6614 ± 0.2435
INFO:kbc-cli.py:Epoch 93/100	dev results	MRR 0.450239	H@1 0.425016	H@3 0.458306	H@5 0.475610	H@10 0.496704	H@20 0.525214	H@50 0.563283	H@100 0.590969
INFO:kbc-cli.py:Epoch 93/100	test results	MRR 0.450877	H@1 0.423580	H@3 0.458200	H@5 0.477824	H@10 0.505584	H@20 0.531908	H@50 0.565093	H@100 0.593012
INFO:kbc-cli.py:Epoch 94/100	Loss 2.6589 ± 0.2406
INFO:kbc-cli.py:Epoch 95/100	Loss 2.6559 ± 0.2422
INFO:kbc-cli.py:Epoch 96/100	Loss 2.6533 ± 0.2424
INFO:kbc-cli.py:Epoch 96/100	dev results	MRR 0.449946	H@1 0.424522	H@3 0.457482	H@5 0.475610	H@10 0.497034	H@20 0.526368	H@50 0.563777	H@100 0.591134
INFO:kbc-cli.py:Epoch 96/100	test results	MRR 0.450846	H@1 0.424059	H@3 0.458839	H@5 0.476548	H@10 0.505424	H@20 0.532387	H@50 0.565571	H@100 0.594129
INFO:kbc-cli.py:Epoch 97/100	Loss 2.6510 ± 0.2372
INFO:kbc-cli.py:Epoch 98/100	Loss 2.6486 ± 0.2420
INFO:kbc-cli.py:Epoch 99/100	Loss 2.6463 ± 0.2297
INFO:kbc-cli.py:Epoch 99/100	dev results	MRR 0.450118	H@1 0.424192	H@3 0.457976	H@5 0.476104	H@10 0.496374	H@20 0.524885	H@50 0.564601	H@100 0.591299
INFO:kbc-cli.py:Epoch 99/100	test results	MRR 0.451094	H@1 0.423740	H@3 0.459477	H@5 0.477664	H@10 0.504786	H@20 0.532387	H@50 0.564454	H@100 0.593650
INFO:kbc-cli.py:Epoch 100/100	Loss 2.6437 ± 0.2388
INFO:kbc-cli.py:Final 	dev results	MRR 0.450739	H@1 0.425346	H@3 0.458471	H@5 0.476434	H@10 0.496704	H@20 0.525709	H@50 0.564601	H@100 0.591299
INFO:kbc-cli.py:Final 	test results	MRR 0.451567	H@1 0.424697	H@3 0.458998	H@5 0.478622	H@10 0.506222	H@20 0.532387	H@50 0.564773	H@100 0.594608
INFO:kbc-cli.py:Training finished
