./bin/kbc-cli.py --train data/wn18rr/train.tsv --dev data/wn18rr/dev.tsv --test data/wn18rr/test.tsv -m complex -k 100 -b 100 -e 100 --F2 0 --N3 0.001 -l 0.1 -I standard -V 3 -o adagrad -c spo -q
{'F2': 0.0,
 'N3': 0.001,
 'batch_size': 100,
 'corruption': 'spo',
 'dev': 'data/wn18rr/dev.tsv',
 'embedding_size': 100,
 'epochs': 100,
 'eval_batch_size': None,
 'input_type': 'standard',
 'learning_rate': 0.1,
 'load': None,
 'model': 'complex',
 'optimizer': 'adagrad',
 'quiet': True,
 'save': None,
 'seed': 0,
 'test': 'data/wn18rr/test.tsv',
 'test_i': None,
 'test_ii': None,
 'train': 'data/wn18rr/train.tsv',
 'validate_every': 3}
INFO:kbc-cli.py:Device: cuda
INFO:kbc-cli.py:Model state:
INFO:kbc-cli.py:	entities.weight	torch.Size([40943, 200])
INFO:kbc-cli.py:	predicates.weight	torch.Size([11, 200])
INFO:kbc-cli.py:Epoch 1/100	Loss 20.9915 ± 1.7554
INFO:kbc-cli.py:Epoch 2/100	Loss 11.6340 ± 0.6792
INFO:kbc-cli.py:Epoch 3/100	Loss 6.2473 ± 0.4478
INFO:kbc-cli.py:Epoch 3/100	dev results	MRR 0.252658	H@1 0.109426	H@3 0.381510	H@5 0.430455	H@10 0.460943	H@20 0.487146	H@50 0.518457	H@100 0.539387
INFO:kbc-cli.py:Epoch 3/100	test results	MRR 0.255089	H@1 0.116146	H@3 0.381461	H@5 0.426292	H@10 0.455010	H@20 0.478941	H@50 0.512923	H@100 0.538130
INFO:kbc-cli.py:Epoch 4/100	Loss 4.7110 ± 0.3508
INFO:kbc-cli.py:Epoch 5/100	Loss 4.0293 ± 0.3187
INFO:kbc-cli.py:Epoch 6/100	Loss 3.6486 ± 0.3025
INFO:kbc-cli.py:Epoch 6/100	dev results	MRR 0.336637	H@1 0.231872	H@3 0.428477	H@5 0.446276	H@10 0.471490	H@20 0.494726	H@50 0.521424	H@100 0.546144
INFO:kbc-cli.py:Epoch 6/100	test results	MRR 0.339106	H@1 0.236280	H@3 0.427888	H@5 0.447830	H@10 0.471123	H@20 0.490268	H@50 0.522176	H@100 0.546905
INFO:kbc-cli.py:Epoch 7/100	Loss 3.4141 ± 0.2885
INFO:kbc-cli.py:Epoch 8/100	Loss 3.2600 ± 0.2838
INFO:kbc-cli.py:Epoch 9/100	Loss 3.1476 ± 0.2699
INFO:kbc-cli.py:Epoch 9/100	dev results	MRR 0.400508	H@1 0.347891	H@3 0.439848	H@5 0.453197	H@10 0.474456	H@20 0.496045	H@50 0.524885	H@100 0.547627
INFO:kbc-cli.py:Epoch 9/100	test results	MRR 0.400280	H@1 0.347798	H@3 0.438098	H@5 0.455648	H@10 0.474952	H@20 0.494735	H@50 0.524410	H@100 0.548022
INFO:kbc-cli.py:Epoch 10/100	Loss 3.0611 ± 0.2559
INFO:kbc-cli.py:Epoch 11/100	Loss 2.9939 ± 0.2581
INFO:kbc-cli.py:Epoch 12/100	Loss 2.9398 ± 0.2569
INFO:kbc-cli.py:Epoch 12/100	dev results	MRR 0.422485	H@1 0.389914	H@3 0.440837	H@5 0.453527	H@10 0.475610	H@20 0.496869	H@50 0.523731	H@100 0.549769
INFO:kbc-cli.py:Epoch 12/100	test results	MRR 0.421523	H@1 0.387205	H@3 0.441130	H@5 0.457722	H@10 0.476388	H@20 0.495054	H@50 0.525207	H@100 0.551691
INFO:kbc-cli.py:Epoch 13/100	Loss 2.8922 ± 0.2464
INFO:kbc-cli.py:Epoch 14/100	Loss 2.8526 ± 0.2453
INFO:kbc-cli.py:Epoch 15/100	Loss 2.8182 ± 0.2479
INFO:kbc-cli.py:Epoch 15/100	dev results	MRR 0.429821	H@1 0.402604	H@3 0.442650	H@5 0.455339	H@10 0.476928	H@20 0.499670	H@50 0.527686	H@100 0.549440
INFO:kbc-cli.py:Epoch 15/100	test results	MRR 0.428493	H@1 0.399809	H@3 0.443204	H@5 0.458200	H@10 0.478143	H@20 0.497447	H@50 0.526484	H@100 0.552010
INFO:kbc-cli.py:Epoch 16/100	Loss 2.7892 ± 0.2428
INFO:kbc-cli.py:Epoch 17/100	Loss 2.7623 ± 0.2335
INFO:kbc-cli.py:Epoch 18/100	Loss 2.7384 ± 0.2267
INFO:kbc-cli.py:Epoch 18/100	dev results	MRR 0.433756	H@1 0.410020	H@3 0.443144	H@5 0.455010	H@10 0.476434	H@20 0.498682	H@50 0.527521	H@100 0.551252
INFO:kbc-cli.py:Epoch 18/100	test results	MRR 0.431532	H@1 0.405392	H@3 0.442406	H@5 0.457881	H@10 0.480855	H@20 0.499202	H@50 0.529515	H@100 0.552967
INFO:kbc-cli.py:Epoch 19/100	Loss 2.7167 ± 0.2288
INFO:kbc-cli.py:Epoch 20/100	Loss 2.6979 ± 0.2218
INFO:kbc-cli.py:Epoch 21/100	Loss 2.6799 ± 0.2176
INFO:kbc-cli.py:Epoch 21/100	dev results	MRR 0.434939	H@1 0.411833	H@3 0.443639	H@5 0.456658	H@10 0.476928	H@20 0.499011	H@50 0.527521	H@100 0.551088
INFO:kbc-cli.py:Epoch 21/100	test results	MRR 0.432846	H@1 0.406988	H@3 0.443523	H@5 0.458200	H@10 0.480377	H@20 0.499362	H@50 0.530153	H@100 0.554244
INFO:kbc-cli.py:Epoch 22/100	Loss 2.6633 ± 0.2262
INFO:kbc-cli.py:Epoch 23/100	Loss 2.6480 ± 0.2195
INFO:kbc-cli.py:Epoch 24/100	Loss 2.6348 ± 0.2180
INFO:kbc-cli.py:Epoch 24/100	dev results	MRR 0.435873	H@1 0.413151	H@3 0.443968	H@5 0.457976	H@10 0.477587	H@20 0.500165	H@50 0.528510	H@100 0.553065
INFO:kbc-cli.py:Epoch 24/100	test results	MRR 0.434463	H@1 0.410179	H@3 0.443363	H@5 0.459158	H@10 0.479100	H@20 0.500479	H@50 0.530951	H@100 0.554563
INFO:kbc-cli.py:Epoch 25/100	Loss 2.6213 ± 0.2139
INFO:kbc-cli.py:Epoch 26/100	Loss 2.6095 ± 0.2154
INFO:kbc-cli.py:Epoch 27/100	Loss 2.5977 ± 0.2196
INFO:kbc-cli.py:Epoch 27/100	dev results	MRR 0.436333	H@1 0.413810	H@3 0.443804	H@5 0.457811	H@10 0.478906	H@20 0.501154	H@50 0.529334	H@100 0.553230
INFO:kbc-cli.py:Epoch 27/100	test results	MRR 0.434182	H@1 0.409541	H@3 0.443523	H@5 0.459955	H@10 0.480536	H@20 0.502393	H@50 0.530313	H@100 0.554722
INFO:kbc-cli.py:Epoch 28/100	Loss 2.5870 ± 0.2145
INFO:kbc-cli.py:Epoch 29/100	Loss 2.5768 ± 0.2138
INFO:kbc-cli.py:Epoch 30/100	Loss 2.5681 ± 0.2050
INFO:kbc-cli.py:Epoch 30/100	dev results	MRR 0.436439	H@1 0.413151	H@3 0.444133	H@5 0.459130	H@10 0.478247	H@20 0.501154	H@50 0.530488	H@100 0.554054
INFO:kbc-cli.py:Epoch 30/100	test results	MRR 0.434750	H@1 0.410657	H@3 0.442725	H@5 0.458839	H@10 0.480536	H@20 0.502712	H@50 0.532706	H@100 0.556318
INFO:kbc-cli.py:Epoch 31/100	Loss 2.5588 ± 0.2133
INFO:kbc-cli.py:Epoch 32/100	Loss 2.5500 ± 0.2110
INFO:kbc-cli.py:Epoch 33/100	Loss 2.5421 ± 0.2068
INFO:kbc-cli.py:Epoch 33/100	dev results	MRR 0.436458	H@1 0.413316	H@3 0.444298	H@5 0.459295	H@10 0.479235	H@20 0.501154	H@50 0.530817	H@100 0.553889
INFO:kbc-cli.py:Epoch 33/100	test results	MRR 0.435664	H@1 0.411774	H@3 0.444799	H@5 0.458679	H@10 0.480217	H@20 0.502872	H@50 0.533663	H@100 0.556637
INFO:kbc-cli.py:Epoch 34/100	Loss 2.5345 ± 0.1976
INFO:kbc-cli.py:Epoch 35/100	Loss 2.5277 ± 0.2107
INFO:kbc-cli.py:Epoch 36/100	Loss 2.5200 ± 0.2036
INFO:kbc-cli.py:Epoch 36/100	dev results	MRR 0.437365	H@1 0.414799	H@3 0.446111	H@5 0.459130	H@10 0.479071	H@20 0.502142	H@50 0.530817	H@100 0.554878
INFO:kbc-cli.py:Epoch 36/100	test results	MRR 0.436158	H@1 0.412412	H@3 0.444161	H@5 0.459158	H@10 0.479898	H@20 0.503510	H@50 0.534142	H@100 0.555839
INFO:kbc-cli.py:Epoch 37/100	Loss 2.5133 ± 0.2020
INFO:kbc-cli.py:Epoch 38/100	Loss 2.5070 ± 0.2114
INFO:kbc-cli.py:Epoch 39/100	Loss 2.5009 ± 0.2019
INFO:kbc-cli.py:Epoch 39/100	dev results	MRR 0.437030	H@1 0.414140	H@3 0.444957	H@5 0.459789	H@10 0.480389	H@20 0.501154	H@50 0.530982	H@100 0.554878
INFO:kbc-cli.py:Epoch 39/100	test results	MRR 0.436094	H@1 0.412253	H@3 0.444320	H@5 0.459636	H@10 0.482610	H@20 0.503829	H@50 0.534620	H@100 0.556158
INFO:kbc-cli.py:Epoch 40/100	Loss 2.4951 ± 0.1960
INFO:kbc-cli.py:Epoch 41/100	Loss 2.4891 ± 0.1985
INFO:kbc-cli.py:Epoch 42/100	Loss 2.4842 ± 0.1950
INFO:kbc-cli.py:Epoch 42/100	dev results	MRR 0.437335	H@1 0.414634	H@3 0.445122	H@5 0.459459	H@10 0.480883	H@20 0.502142	H@50 0.530653	H@100 0.554878
INFO:kbc-cli.py:Epoch 42/100	test results	MRR 0.436375	H@1 0.412731	H@3 0.444799	H@5 0.458360	H@10 0.481334	H@20 0.503989	H@50 0.533663	H@100 0.556477
INFO:kbc-cli.py:Epoch 43/100	Loss 2.4789 ± 0.1961
INFO:kbc-cli.py:Epoch 44/100	Loss 2.4735 ± 0.1900
INFO:kbc-cli.py:Epoch 45/100	Loss 2.4690 ± 0.1897
INFO:kbc-cli.py:Epoch 45/100	dev results	MRR 0.437197	H@1 0.413810	H@3 0.446111	H@5 0.460119	H@10 0.480224	H@20 0.502307	H@50 0.531147	H@100 0.556196
INFO:kbc-cli.py:Epoch 45/100	test results	MRR 0.436516	H@1 0.412572	H@3 0.445916	H@5 0.460434	H@10 0.481334	H@20 0.503989	H@50 0.533663	H@100 0.556318
INFO:kbc-cli.py:Epoch 46/100	Loss 2.4637 ± 0.1930
INFO:kbc-cli.py:Epoch 47/100	Loss 2.4597 ± 0.1973
INFO:kbc-cli.py:Epoch 48/100	Loss 2.4554 ± 0.1938
INFO:kbc-cli.py:Epoch 48/100	dev results	MRR 0.437377	H@1 0.414140	H@3 0.446111	H@5 0.459624	H@10 0.480554	H@20 0.503790	H@50 0.530488	H@100 0.556361
INFO:kbc-cli.py:Epoch 48/100	test results	MRR 0.436111	H@1 0.411455	H@3 0.446235	H@5 0.459158	H@10 0.482131	H@20 0.503989	H@50 0.534142	H@100 0.556956
INFO:kbc-cli.py:Epoch 49/100	Loss 2.4508 ± 0.1916
INFO:kbc-cli.py:Epoch 50/100	Loss 2.4463 ± 0.1916
INFO:kbc-cli.py:Epoch 51/100	Loss 2.4425 ± 0.1854
INFO:kbc-cli.py:Epoch 51/100	dev results	MRR 0.437529	H@1 0.414469	H@3 0.445452	H@5 0.459954	H@10 0.481213	H@20 0.502966	H@50 0.531971	H@100 0.556691
INFO:kbc-cli.py:Epoch 51/100	test results	MRR 0.436359	H@1 0.412093	H@3 0.445756	H@5 0.459796	H@10 0.483089	H@20 0.504786	H@50 0.534780	H@100 0.556796
INFO:kbc-cli.py:Epoch 52/100	Loss 2.4384 ± 0.1966
INFO:kbc-cli.py:Epoch 53/100	Loss 2.4348 ± 0.1876
INFO:kbc-cli.py:Epoch 54/100	Loss 2.4311 ± 0.1942
INFO:kbc-cli.py:Epoch 54/100	dev results	MRR 0.437198	H@1 0.413810	H@3 0.445452	H@5 0.460448	H@10 0.481048	H@20 0.503296	H@50 0.532630	H@100 0.555867
INFO:kbc-cli.py:Epoch 54/100	test results	MRR 0.436552	H@1 0.412253	H@3 0.446394	H@5 0.460115	H@10 0.482131	H@20 0.504627	H@50 0.535897	H@100 0.556477
INFO:kbc-cli.py:Epoch 55/100	Loss 2.4275 ± 0.1974
INFO:kbc-cli.py:Epoch 56/100	Loss 2.4239 ± 0.1825
INFO:kbc-cli.py:Epoch 57/100	Loss 2.4206 ± 0.1969
INFO:kbc-cli.py:Epoch 57/100	dev results	MRR 0.437287	H@1 0.414305	H@3 0.444628	H@5 0.460283	H@10 0.482531	H@20 0.503461	H@50 0.532465	H@100 0.556526
INFO:kbc-cli.py:Epoch 57/100	test results	MRR 0.436576	H@1 0.412093	H@3 0.446075	H@5 0.459955	H@10 0.481334	H@20 0.504786	H@50 0.535897	H@100 0.556158
INFO:kbc-cli.py:Epoch 58/100	Loss 2.4171 ± 0.1903
INFO:kbc-cli.py:Epoch 59/100	Loss 2.4141 ± 0.1936
INFO:kbc-cli.py:Epoch 60/100	Loss 2.4111 ± 0.1854
INFO:kbc-cli.py:Epoch 60/100	dev results	MRR 0.437669	H@1 0.414469	H@3 0.446276	H@5 0.460943	H@10 0.481707	H@20 0.504614	H@50 0.533125	H@100 0.557020
INFO:kbc-cli.py:Epoch 60/100	test results	MRR 0.437166	H@1 0.413050	H@3 0.445756	H@5 0.460753	H@10 0.483089	H@20 0.505105	H@50 0.536056	H@100 0.556477
INFO:kbc-cli.py:Epoch 61/100	Loss 2.4080 ± 0.1911
INFO:kbc-cli.py:Epoch 62/100	Loss 2.4046 ± 0.1898
INFO:kbc-cli.py:Epoch 63/100	Loss 2.4024 ± 0.1834
INFO:kbc-cli.py:Epoch 63/100	dev results	MRR 0.437456	H@1 0.414469	H@3 0.445122	H@5 0.461107	H@10 0.481543	H@20 0.503461	H@50 0.532465	H@100 0.556856
INFO:kbc-cli.py:Epoch 63/100	test results	MRR 0.437249	H@1 0.413050	H@3 0.446075	H@5 0.461072	H@10 0.483408	H@20 0.505424	H@50 0.535737	H@100 0.556637
INFO:kbc-cli.py:Epoch 64/100	Loss 2.3998 ± 0.1837
INFO:kbc-cli.py:Epoch 65/100	Loss 2.3966 ± 0.1856
INFO:kbc-cli.py:Epoch 66/100	Loss 2.3940 ± 0.1766
INFO:kbc-cli.py:Epoch 66/100	dev results	MRR 0.437355	H@1 0.413975	H@3 0.445946	H@5 0.460943	H@10 0.481707	H@20 0.503461	H@50 0.532960	H@100 0.557020
INFO:kbc-cli.py:Epoch 66/100	test results	MRR 0.437369	H@1 0.413050	H@3 0.446873	H@5 0.459796	H@10 0.482929	H@20 0.505743	H@50 0.535737	H@100 0.557116
INFO:kbc-cli.py:Epoch 67/100	Loss 2.3911 ± 0.1862
INFO:kbc-cli.py:Epoch 68/100	Loss 2.3889 ± 0.1889
INFO:kbc-cli.py:Epoch 69/100	Loss 2.3863 ± 0.1876
INFO:kbc-cli.py:Epoch 69/100	dev results	MRR 0.437060	H@1 0.413316	H@3 0.445616	H@5 0.460943	H@10 0.482037	H@20 0.504120	H@50 0.533289	H@100 0.556856
INFO:kbc-cli.py:Epoch 69/100	test results	MRR 0.436725	H@1 0.412093	H@3 0.445916	H@5 0.460913	H@10 0.482929	H@20 0.505424	H@50 0.536535	H@100 0.557116
INFO:kbc-cli.py:Epoch 70/100	Loss 2.3838 ± 0.1857
INFO:kbc-cli.py:Epoch 71/100	Loss 2.3816 ± 0.1824
INFO:kbc-cli.py:Epoch 72/100	Loss 2.3794 ± 0.1820
INFO:kbc-cli.py:Epoch 72/100	dev results	MRR 0.437323	H@1 0.413810	H@3 0.445946	H@5 0.460283	H@10 0.482202	H@20 0.502966	H@50 0.533125	H@100 0.556856
INFO:kbc-cli.py:Epoch 72/100	test results	MRR 0.437506	H@1 0.413210	H@3 0.447671	H@5 0.460753	H@10 0.484046	H@20 0.505743	H@50 0.535737	H@100 0.557913
INFO:kbc-cli.py:Epoch 73/100	Loss 2.3773 ± 0.1839
INFO:kbc-cli.py:Epoch 74/100	Loss 2.3745 ± 0.1831
INFO:kbc-cli.py:Epoch 75/100	Loss 2.3726 ± 0.1785
INFO:kbc-cli.py:Epoch 75/100	dev results	MRR 0.437481	H@1 0.413975	H@3 0.446276	H@5 0.460778	H@10 0.482367	H@20 0.503131	H@50 0.532960	H@100 0.557680
INFO:kbc-cli.py:Epoch 75/100	test results	MRR 0.437186	H@1 0.412572	H@3 0.446873	H@5 0.462029	H@10 0.484205	H@20 0.506222	H@50 0.536216	H@100 0.558073
INFO:kbc-cli.py:Epoch 76/100	Loss 2.3706 ± 0.1845
INFO:kbc-cli.py:Epoch 77/100	Loss 2.3688 ± 0.1779
INFO:kbc-cli.py:Epoch 78/100	Loss 2.3663 ± 0.1757
INFO:kbc-cli.py:Epoch 78/100	dev results	MRR 0.437293	H@1 0.413645	H@3 0.446276	H@5 0.460778	H@10 0.481872	H@20 0.502802	H@50 0.532465	H@100 0.557844
INFO:kbc-cli.py:Epoch 78/100	test results	MRR 0.436994	H@1 0.412093	H@3 0.447352	H@5 0.461551	H@10 0.484205	H@20 0.506860	H@50 0.537013	H@100 0.558392
INFO:kbc-cli.py:Epoch 79/100	Loss 2.3641 ± 0.1771
INFO:kbc-cli.py:Epoch 80/100	Loss 2.3628 ± 0.1813
INFO:kbc-cli.py:Epoch 81/100	Loss 2.3604 ± 0.1837
INFO:kbc-cli.py:Epoch 81/100	dev results	MRR 0.437544	H@1 0.413975	H@3 0.447100	H@5 0.460613	H@10 0.482037	H@20 0.503296	H@50 0.533454	H@100 0.556691
INFO:kbc-cli.py:Epoch 81/100	test results	MRR 0.436851	H@1 0.411615	H@3 0.447192	H@5 0.461391	H@10 0.484365	H@20 0.506701	H@50 0.536694	H@100 0.558870
INFO:kbc-cli.py:Epoch 82/100	Loss 2.3589 ± 0.1786
INFO:kbc-cli.py:Epoch 83/100	Loss 2.3567 ± 0.1746
INFO:kbc-cli.py:Epoch 84/100	Loss 2.3549 ± 0.1805
INFO:kbc-cli.py:Epoch 84/100	dev results	MRR 0.437544	H@1 0.413975	H@3 0.446935	H@5 0.460283	H@10 0.482202	H@20 0.503131	H@50 0.533784	H@100 0.557185
INFO:kbc-cli.py:Epoch 84/100	test results	MRR 0.436665	H@1 0.411295	H@3 0.447511	H@5 0.461391	H@10 0.484525	H@20 0.506382	H@50 0.536535	H@100 0.558551
INFO:kbc-cli.py:Epoch 85/100	Loss 2.3533 ± 0.1762
INFO:kbc-cli.py:Epoch 86/100	Loss 2.3517 ± 0.1756
INFO:kbc-cli.py:Epoch 87/100	Loss 2.3501 ± 0.1794
INFO:kbc-cli.py:Epoch 87/100	dev results	MRR 0.437325	H@1 0.413481	H@3 0.446440	H@5 0.461767	H@10 0.481872	H@20 0.502966	H@50 0.532795	H@100 0.557515
INFO:kbc-cli.py:Epoch 87/100	test results	MRR 0.436921	H@1 0.411934	H@3 0.447990	H@5 0.460753	H@10 0.484684	H@20 0.507179	H@50 0.537332	H@100 0.559190
INFO:kbc-cli.py:Epoch 88/100	Loss 2.3480 ± 0.1799
INFO:kbc-cli.py:Epoch 89/100	Loss 2.3465 ± 0.1745
INFO:kbc-cli.py:Epoch 90/100	Loss 2.3449 ± 0.1857
INFO:kbc-cli.py:Epoch 90/100	dev results	MRR 0.437376	H@1 0.413645	H@3 0.446605	H@5 0.461767	H@10 0.481707	H@20 0.503296	H@50 0.532960	H@100 0.558174
INFO:kbc-cli.py:Epoch 90/100	test results	MRR 0.437030	H@1 0.411934	H@3 0.447511	H@5 0.461232	H@10 0.485163	H@20 0.507977	H@50 0.537811	H@100 0.558870
INFO:kbc-cli.py:Epoch 91/100	Loss 2.3430 ± 0.1803
INFO:kbc-cli.py:Epoch 92/100	Loss 2.3420 ± 0.1823
INFO:kbc-cli.py:Epoch 93/100	Loss 2.3405 ± 0.1760
INFO:kbc-cli.py:Epoch 93/100	dev results	MRR 0.437609	H@1 0.414140	H@3 0.446605	H@5 0.461767	H@10 0.482202	H@20 0.502307	H@50 0.533289	H@100 0.557020
INFO:kbc-cli.py:Epoch 93/100	test results	MRR 0.437236	H@1 0.412412	H@3 0.447671	H@5 0.460274	H@10 0.484684	H@20 0.508137	H@50 0.537492	H@100 0.559190
INFO:kbc-cli.py:Epoch 94/100	Loss 2.3390 ± 0.1792
INFO:kbc-cli.py:Epoch 95/100	Loss 2.3373 ± 0.1752
INFO:kbc-cli.py:Epoch 96/100	Loss 2.3359 ± 0.1736
INFO:kbc-cli.py:Epoch 96/100	dev results	MRR 0.437497	H@1 0.413645	H@3 0.446935	H@5 0.461437	H@10 0.481707	H@20 0.503296	H@50 0.533125	H@100 0.557680
INFO:kbc-cli.py:Epoch 96/100	test results	MRR 0.436842	H@1 0.411774	H@3 0.447192	H@5 0.461232	H@10 0.484844	H@20 0.508456	H@50 0.538130	H@100 0.558870
INFO:kbc-cli.py:Epoch 97/100	Loss 2.3344 ± 0.1748
INFO:kbc-cli.py:Epoch 98/100	Loss 2.3328 ± 0.1788
INFO:kbc-cli.py:Epoch 99/100	Loss 2.3316 ± 0.1628
INFO:kbc-cli.py:Epoch 99/100	dev results	MRR 0.437764	H@1 0.414140	H@3 0.446770	H@5 0.461931	H@10 0.482367	H@20 0.503296	H@50 0.533619	H@100 0.558339
INFO:kbc-cli.py:Epoch 99/100	test results	MRR 0.437210	H@1 0.412253	H@3 0.447511	H@5 0.460593	H@10 0.484844	H@20 0.507498	H@50 0.538290	H@100 0.558870
INFO:kbc-cli.py:Epoch 100/100	Loss 2.3302 ± 0.1748
INFO:kbc-cli.py:Final 	dev results	MRR 0.437813	H@1 0.414140	H@3 0.446935	H@5 0.461602	H@10 0.481707	H@20 0.503790	H@50 0.533454	H@100 0.558174
INFO:kbc-cli.py:Final 	test results	MRR 0.437248	H@1 0.412093	H@3 0.448468	H@5 0.460274	H@10 0.484844	H@20 0.507020	H@50 0.538290	H@100 0.559030
INFO:kbc-cli.py:Training finished
