./bin/kbc-cli.py --train data/fb15k-237/train.tsv --dev data/fb15k-237/dev.tsv --test data/fb15k-237/test.tsv -m complex -k 2000 -b 100 -e 100 --F2 0 --N3 0.05 -l 0.1 -I standard -V 3 -o adagrad -c spo -q
{'F2': 0.0,
 'N3': 0.05,
 'batch_size': 100,
 'corruption': 'spo',
 'dev': 'data/fb15k-237/dev.tsv',
 'embedding_size': 2000,
 'epochs': 100,
 'eval_batch_size': None,
 'input_type': 'standard',
 'learning_rate': 0.1,
 'load': None,
 'model': 'complex',
 'optimizer': 'adagrad',
 'quiet': True,
 'save': None,
 'seed': 0,
 'test': 'data/fb15k-237/test.tsv',
 'test_i': None,
 'test_ii': None,
 'train': 'data/fb15k-237/train.tsv',
 'validate_every': 3}
INFO:kbc-cli.py:Device: cuda
INFO:kbc-cli.py:Model state:
INFO:kbc-cli.py:	entities.weight	torch.Size([14541, 4000])
INFO:kbc-cli.py:	predicates.weight	torch.Size([237, 4000])
INFO:kbc-cli.py:Epoch 1/100	Loss 17.3109 ± 3.1926
INFO:kbc-cli.py:Epoch 2/100	Loss 12.3613 ± 0.2449
INFO:kbc-cli.py:Epoch 3/100	Loss 11.2951 ± 0.2576
INFO:kbc-cli.py:Epoch 3/100	dev results	MRR 0.339858	H@1 0.249472	H@3 0.373852	H@5 0.436242	H@10 0.520701	H@20 0.603935	H@50 0.706587	H@100 0.777131
INFO:kbc-cli.py:Epoch 3/100	test results	MRR 0.332371	H@1 0.241523	H@3 0.365582	H@5 0.430617	H@10 0.516564	H@20 0.598945	H@50 0.702604	H@100 0.774015
INFO:kbc-cli.py:Epoch 4/100	Loss 10.8053 ± 0.2823
INFO:kbc-cli.py:Epoch 5/100	Loss 10.5102 ± 0.2882
INFO:kbc-cli.py:Epoch 6/100	Loss 10.3078 ± 0.2823
INFO:kbc-cli.py:Epoch 6/100	dev results	MRR 0.352694	H@1 0.258597	H@3 0.387710	H@5 0.454662	H@10 0.540148	H@20 0.625863	H@50 0.724750	H@100 0.791959
INFO:kbc-cli.py:Epoch 6/100	test results	MRR 0.347876	H@1 0.253884	H@3 0.383685	H@5 0.450332	H@10 0.536206	H@20 0.619979	H@50 0.721050	H@100 0.790751
INFO:kbc-cli.py:Epoch 7/100	Loss 10.1595 ± 0.2803
INFO:kbc-cli.py:Epoch 8/100	Loss 10.0455 ± 0.2808
INFO:kbc-cli.py:Epoch 9/100	Loss 9.9540 ± 0.2843
INFO:kbc-cli.py:Epoch 9/100	dev results	MRR 0.358231	H@1 0.264699	H@3 0.392786	H@5 0.458455	H@10 0.546707	H@20 0.632307	H@50 0.729769	H@100 0.796635
INFO:kbc-cli.py:Epoch 9/100	test results	MRR 0.353428	H@1 0.259846	H@3 0.387985	H@5 0.454143	H@10 0.541923	H@20 0.626820	H@50 0.728134	H@100 0.795441
INFO:kbc-cli.py:Epoch 10/100	Loss 9.8793 ± 0.2802
INFO:kbc-cli.py:Epoch 11/100	Loss 9.8165 ± 0.2842
INFO:kbc-cli.py:Epoch 12/100	Loss 9.7633 ± 0.2793
INFO:kbc-cli.py:Epoch 12/100	dev results	MRR 0.360583	H@1 0.266153	H@3 0.396436	H@5 0.462161	H@10 0.550356	H@20 0.634873	H@50 0.733847	H@100 0.799202
INFO:kbc-cli.py:Epoch 12/100	test results	MRR 0.355009	H@1 0.260505	H@3 0.389255	H@5 0.459176	H@10 0.547664	H@20 0.630363	H@50 0.730529	H@100 0.797738
INFO:kbc-cli.py:Epoch 13/100	Loss 9.7169 ± 0.2725
INFO:kbc-cli.py:Epoch 14/100	Loss 9.6771 ± 0.2768
INFO:kbc-cli.py:Epoch 15/100	Loss 9.6410 ± 0.2704
INFO:kbc-cli.py:Epoch 15/100	dev results	MRR 0.362090	H@1 0.266809	H@3 0.397890	H@5 0.464500	H@10 0.551982	H@20 0.637154	H@50 0.733504	H@100 0.800855
INFO:kbc-cli.py:Epoch 15/100	test results	MRR 0.357549	H@1 0.262631	H@3 0.393335	H@5 0.460960	H@10 0.549717	H@20 0.631951	H@50 0.732556	H@100 0.799741
INFO:kbc-cli.py:Epoch 16/100	Loss 9.6095 ± 0.2742
INFO:kbc-cli.py:Epoch 17/100	Loss 9.5811 ± 0.2697
INFO:kbc-cli.py:Epoch 18/100	Loss 9.5551 ± 0.2692
INFO:kbc-cli.py:Epoch 18/100	dev results	MRR 0.363985	H@1 0.269775	H@3 0.398204	H@5 0.464984	H@10 0.554491	H@20 0.638494	H@50 0.735301	H@100 0.800884
INFO:kbc-cli.py:Epoch 18/100	test results	MRR 0.357872	H@1 0.264072	H@3 0.390648	H@5 0.459592	H@10 0.550425	H@20 0.633074	H@50 0.733851	H@100 0.800498
INFO:kbc-cli.py:Epoch 19/100	Loss 9.5316 ± 0.2645
INFO:kbc-cli.py:Epoch 20/100	Loss 9.5104 ± 0.2627
INFO:kbc-cli.py:Epoch 21/100	Loss 9.4905 ± 0.2564
INFO:kbc-cli.py:Epoch 21/100	dev results	MRR 0.364203	H@1 0.269319	H@3 0.401483	H@5 0.463901	H@10 0.554006	H@20 0.638038	H@50 0.736584	H@100 0.801226
INFO:kbc-cli.py:Epoch 21/100	test results	MRR 0.359464	H@1 0.264292	H@3 0.396316	H@5 0.461766	H@10 0.550352	H@20 0.633636	H@50 0.733021	H@100 0.800498
INFO:kbc-cli.py:Epoch 22/100	Loss 9.4727 ± 0.2615
INFO:kbc-cli.py:Epoch 23/100	Loss 9.4553 ± 0.2608
INFO:kbc-cli.py:Epoch 24/100	Loss 9.4400 ± 0.2567
INFO:kbc-cli.py:Epoch 24/100	dev results	MRR 0.365411	H@1 0.270602	H@3 0.402367	H@5 0.465412	H@10 0.555004	H@20 0.638580	H@50 0.736384	H@100 0.802566
INFO:kbc-cli.py:Epoch 24/100	test results	MRR 0.360988	H@1 0.267126	H@3 0.396560	H@5 0.463207	H@10 0.552551	H@20 0.633368	H@50 0.733045	H@100 0.800596
INFO:kbc-cli.py:Epoch 25/100	Loss 9.4249 ± 0.2593
INFO:kbc-cli.py:Epoch 26/100	Loss 9.4111 ± 0.2503
INFO:kbc-cli.py:Epoch 27/100	Loss 9.3985 ± 0.2550
INFO:kbc-cli.py:Epoch 27/100	dev results	MRR 0.365993	H@1 0.271143	H@3 0.402110	H@5 0.466667	H@10 0.556316	H@20 0.640462	H@50 0.736898	H@100 0.802538
INFO:kbc-cli.py:Epoch 27/100	test results	MRR 0.361814	H@1 0.268445	H@3 0.396267	H@5 0.463818	H@10 0.552013	H@20 0.635200	H@50 0.734169	H@100 0.800474
INFO:kbc-cli.py:Epoch 28/100	Loss 9.3863 ± 0.2511
INFO:kbc-cli.py:Epoch 29/100	Loss 9.3748 ± 0.2477
INFO:kbc-cli.py:Epoch 30/100	Loss 9.3641 ± 0.2531
INFO:kbc-cli.py:Epoch 30/100	dev results	MRR 0.365723	H@1 0.270288	H@3 0.403593	H@5 0.467151	H@10 0.556344	H@20 0.640120	H@50 0.738580	H@100 0.802481
INFO:kbc-cli.py:Epoch 30/100	test results	MRR 0.361383	H@1 0.266564	H@3 0.397782	H@5 0.464942	H@10 0.552551	H@20 0.634198	H@50 0.735048	H@100 0.801158
INFO:kbc-cli.py:Epoch 31/100	Loss 9.3538 ± 0.2496
INFO:kbc-cli.py:Epoch 32/100	Loss 9.3441 ± 0.2495
INFO:kbc-cli.py:Epoch 33/100	Loss 9.3346 ± 0.2433
INFO:kbc-cli.py:Epoch 33/100	dev results	MRR 0.366441	H@1 0.271029	H@3 0.404505	H@5 0.467864	H@10 0.555118	H@20 0.639435	H@50 0.737839	H@100 0.801796
INFO:kbc-cli.py:Epoch 33/100	test results	MRR 0.361976	H@1 0.267199	H@3 0.398392	H@5 0.465015	H@10 0.552502	H@20 0.635298	H@50 0.734706	H@100 0.800303
INFO:kbc-cli.py:Epoch 34/100	Loss 9.3259 ± 0.2461
INFO:kbc-cli.py:Epoch 35/100	Loss 9.3175 ± 0.2490
INFO:kbc-cli.py:Epoch 36/100	Loss 9.3092 ± 0.2423
INFO:kbc-cli.py:Epoch 36/100	dev results	MRR 0.366159	H@1 0.271486	H@3 0.402053	H@5 0.468235	H@10 0.556430	H@20 0.640519	H@50 0.737126	H@100 0.802281
INFO:kbc-cli.py:Epoch 36/100	test results	MRR 0.361723	H@1 0.267028	H@3 0.399296	H@5 0.465113	H@10 0.553088	H@20 0.634833	H@50 0.735195	H@100 0.801427
INFO:kbc-cli.py:Epoch 37/100	Loss 9.3017 ± 0.2433
INFO:kbc-cli.py:Epoch 38/100	Loss 9.2942 ± 0.2457
INFO:kbc-cli.py:Epoch 39/100	Loss 9.2871 ± 0.2442
INFO:kbc-cli.py:Epoch 39/100	dev results	MRR 0.367109	H@1 0.272883	H@3 0.403308	H@5 0.468064	H@10 0.557029	H@20 0.639778	H@50 0.737439	H@100 0.802424
INFO:kbc-cli.py:Epoch 39/100	test results	MRR 0.363016	H@1 0.269325	H@3 0.399345	H@5 0.465333	H@10 0.553650	H@20 0.635322	H@50 0.734975	H@100 0.799790
INFO:kbc-cli.py:Epoch 40/100	Loss 9.2799 ± 0.2431
INFO:kbc-cli.py:Epoch 41/100	Loss 9.2738 ± 0.2399
INFO:kbc-cli.py:Epoch 42/100	Loss 9.2672 ± 0.2415
INFO:kbc-cli.py:Epoch 42/100	dev results	MRR 0.367171	H@1 0.272626	H@3 0.402424	H@5 0.469176	H@10 0.556430	H@20 0.641004	H@50 0.738409	H@100 0.803137
INFO:kbc-cli.py:Epoch 42/100	test results	MRR 0.362257	H@1 0.267395	H@3 0.397269	H@5 0.465846	H@10 0.552917	H@20 0.635615	H@50 0.736245	H@100 0.800181
INFO:kbc-cli.py:Epoch 43/100	Loss 9.2613 ± 0.2408
INFO:kbc-cli.py:Epoch 44/100	Loss 9.2554 ± 0.2388
INFO:kbc-cli.py:Epoch 45/100	Loss 9.2500 ± 0.2413
INFO:kbc-cli.py:Epoch 45/100	dev results	MRR 0.367444	H@1 0.273168	H@3 0.403080	H@5 0.467151	H@10 0.557285	H@20 0.640376	H@50 0.737354	H@100 0.802680
INFO:kbc-cli.py:Epoch 45/100	test results	MRR 0.363017	H@1 0.268738	H@3 0.398392	H@5 0.464478	H@10 0.552624	H@20 0.635371	H@50 0.735855	H@100 0.800132
INFO:kbc-cli.py:Epoch 46/100	Loss 9.2440 ± 0.2410
INFO:kbc-cli.py:Epoch 47/100	Loss 9.2388 ± 0.2385
INFO:kbc-cli.py:Epoch 48/100	Loss 9.2338 ± 0.2393
INFO:kbc-cli.py:Epoch 48/100	dev results	MRR 0.367589	H@1 0.273253	H@3 0.404163	H@5 0.468064	H@10 0.557685	H@20 0.640975	H@50 0.738067	H@100 0.801882
INFO:kbc-cli.py:Epoch 48/100	test results	MRR 0.362906	H@1 0.268348	H@3 0.399443	H@5 0.466505	H@10 0.552673	H@20 0.635713	H@50 0.735708	H@100 0.800376
INFO:kbc-cli.py:Epoch 49/100	Loss 9.2287 ± 0.2403
INFO:kbc-cli.py:Epoch 50/100	Loss 9.2242 ± 0.2358
INFO:kbc-cli.py:Epoch 51/100	Loss 9.2192 ± 0.2346
INFO:kbc-cli.py:Epoch 51/100	dev results	MRR 0.367908	H@1 0.273567	H@3 0.403564	H@5 0.470003	H@10 0.558084	H@20 0.640291	H@50 0.738095	H@100 0.803336
INFO:kbc-cli.py:Epoch 51/100	test results	MRR 0.362883	H@1 0.268201	H@3 0.399467	H@5 0.466774	H@10 0.552917	H@20 0.634833	H@50 0.735635	H@100 0.800254
INFO:kbc-cli.py:Epoch 52/100	Loss 9.2151 ± 0.2387
INFO:kbc-cli.py:Epoch 53/100	Loss 9.2104 ± 0.2395
INFO:kbc-cli.py:Epoch 54/100	Loss 9.2060 ± 0.2420
INFO:kbc-cli.py:Epoch 54/100	dev results	MRR 0.367681	H@1 0.272769	H@3 0.404078	H@5 0.468577	H@10 0.558312	H@20 0.641460	H@50 0.737839	H@100 0.802167
INFO:kbc-cli.py:Epoch 54/100	test results	MRR 0.363392	H@1 0.269227	H@3 0.398637	H@5 0.464893	H@10 0.553797	H@20 0.635420	H@50 0.736050	H@100 0.800718
INFO:kbc-cli.py:Epoch 55/100	Loss 9.2017 ± 0.2304
INFO:kbc-cli.py:Epoch 56/100	Loss 9.1981 ± 0.2329
INFO:kbc-cli.py:Epoch 57/100	Loss 9.1944 ± 0.2336
INFO:kbc-cli.py:Epoch 57/100	dev results	MRR 0.367791	H@1 0.273596	H@3 0.401939	H@5 0.470031	H@10 0.558027	H@20 0.640091	H@50 0.738466	H@100 0.802224
INFO:kbc-cli.py:Epoch 57/100	test results	MRR 0.362847	H@1 0.268250	H@3 0.398221	H@5 0.466994	H@10 0.554187	H@20 0.635273	H@50 0.735195	H@100 0.800083
INFO:kbc-cli.py:Epoch 58/100	Loss 9.1903 ± 0.2359
INFO:kbc-cli.py:Epoch 59/100	Loss 9.1865 ± 0.2306
INFO:kbc-cli.py:Epoch 60/100	Loss 9.1832 ± 0.2346
INFO:kbc-cli.py:Epoch 60/100	dev results	MRR 0.368825	H@1 0.274793	H@3 0.403678	H@5 0.469290	H@10 0.558084	H@20 0.640776	H@50 0.738608	H@100 0.802851
INFO:kbc-cli.py:Epoch 60/100	test results	MRR 0.363240	H@1 0.268763	H@3 0.399956	H@5 0.466334	H@10 0.554236	H@20 0.635957	H@50 0.735903	H@100 0.800230
INFO:kbc-cli.py:Epoch 61/100	Loss 9.1792 ± 0.2306
INFO:kbc-cli.py:Epoch 62/100	Loss 9.1762 ± 0.2327
INFO:kbc-cli.py:Epoch 63/100	Loss 9.1727 ± 0.2299
INFO:kbc-cli.py:Epoch 63/100	dev results	MRR 0.367995	H@1 0.273567	H@3 0.403906	H@5 0.469290	H@10 0.559082	H@20 0.640804	H@50 0.738095	H@100 0.802481
INFO:kbc-cli.py:Epoch 63/100	test results	MRR 0.362873	H@1 0.267688	H@3 0.400005	H@5 0.467703	H@10 0.553992	H@20 0.635298	H@50 0.735830	H@100 0.800547
INFO:kbc-cli.py:Epoch 64/100	Loss 9.1694 ± 0.2331
INFO:kbc-cli.py:Epoch 65/100	Loss 9.1663 ± 0.2299
INFO:kbc-cli.py:Epoch 66/100	Loss 9.1635 ± 0.2290
INFO:kbc-cli.py:Epoch 66/100	dev results	MRR 0.367639	H@1 0.273054	H@3 0.403194	H@5 0.469119	H@10 0.558084	H@20 0.641004	H@50 0.738067	H@100 0.802937
INFO:kbc-cli.py:Epoch 66/100	test results	MRR 0.363700	H@1 0.269691	H@3 0.399052	H@5 0.465748	H@10 0.554041	H@20 0.635566	H@50 0.736001	H@100 0.800303
INFO:kbc-cli.py:Epoch 67/100	Loss 9.1601 ± 0.2299
INFO:kbc-cli.py:Epoch 68/100	Loss 9.1571 ± 0.2327
INFO:kbc-cli.py:Epoch 69/100	Loss 9.1539 ± 0.2339
INFO:kbc-cli.py:Epoch 69/100	dev results	MRR 0.368549	H@1 0.274194	H@3 0.403650	H@5 0.470231	H@10 0.557713	H@20 0.641545	H@50 0.738352	H@100 0.802595
INFO:kbc-cli.py:Epoch 69/100	test results	MRR 0.363700	H@1 0.269471	H@3 0.399003	H@5 0.468045	H@10 0.554529	H@20 0.635762	H@50 0.735317	H@100 0.800596
INFO:kbc-cli.py:Epoch 70/100	Loss 9.1512 ± 0.2309
INFO:kbc-cli.py:Epoch 71/100	Loss 9.1483 ± 0.2280
INFO:kbc-cli.py:Epoch 72/100	Loss 9.1456 ± 0.2274
INFO:kbc-cli.py:Epoch 72/100	dev results	MRR 0.369103	H@1 0.274936	H@3 0.405076	H@5 0.470174	H@10 0.558397	H@20 0.641660	H@50 0.738295	H@100 0.802823
INFO:kbc-cli.py:Epoch 72/100	test results	MRR 0.363304	H@1 0.268470	H@3 0.400054	H@5 0.466823	H@10 0.554163	H@20 0.636568	H@50 0.736123	H@100 0.800425
INFO:kbc-cli.py:Epoch 73/100	Loss 9.1433 ± 0.2297
INFO:kbc-cli.py:Epoch 74/100	Loss 9.1403 ± 0.2351
INFO:kbc-cli.py:Epoch 75/100	Loss 9.1381 ± 0.2343
INFO:kbc-cli.py:Epoch 75/100	dev results	MRR 0.369375	H@1 0.275307	H@3 0.405247	H@5 0.471543	H@10 0.559053	H@20 0.641745	H@50 0.738637	H@100 0.802965
INFO:kbc-cli.py:Epoch 75/100	test results	MRR 0.363867	H@1 0.269545	H@3 0.400029	H@5 0.467361	H@10 0.553332	H@20 0.635811	H@50 0.735903	H@100 0.799472
INFO:kbc-cli.py:Epoch 76/100	Loss 9.1353 ± 0.2329
INFO:kbc-cli.py:Epoch 77/100	Loss 9.1330 ± 0.2278
INFO:kbc-cli.py:Epoch 78/100	Loss 9.1303 ± 0.2290
INFO:kbc-cli.py:Epoch 78/100	dev results	MRR 0.368598	H@1 0.274964	H@3 0.402766	H@5 0.469404	H@10 0.557998	H@20 0.640490	H@50 0.738238	H@100 0.803023
INFO:kbc-cli.py:Epoch 78/100	test results	MRR 0.363716	H@1 0.269813	H@3 0.398759	H@5 0.467238	H@10 0.553528	H@20 0.635688	H@50 0.735855	H@100 0.799765
INFO:kbc-cli.py:Epoch 79/100	Loss 9.1282 ± 0.2295
INFO:kbc-cli.py:Epoch 80/100	Loss 9.1262 ± 0.2242
INFO:kbc-cli.py:Epoch 81/100	Loss 9.1238 ± 0.2255
INFO:kbc-cli.py:Epoch 81/100	dev results	MRR 0.369106	H@1 0.275364	H@3 0.404021	H@5 0.469033	H@10 0.558654	H@20 0.641089	H@50 0.737896	H@100 0.802623
INFO:kbc-cli.py:Epoch 81/100	test results	MRR 0.363635	H@1 0.269178	H@3 0.399223	H@5 0.465406	H@10 0.553161	H@20 0.635102	H@50 0.735855	H@100 0.800230
INFO:kbc-cli.py:Epoch 82/100	Loss 9.1212 ± 0.2282
INFO:kbc-cli.py:Epoch 83/100	Loss 9.1190 ± 0.2266
INFO:kbc-cli.py:Epoch 84/100	Loss 9.1171 ± 0.2269
INFO:kbc-cli.py:Epoch 84/100	dev results	MRR 0.369206	H@1 0.275478	H@3 0.403194	H@5 0.470345	H@10 0.558996	H@20 0.641146	H@50 0.738466	H@100 0.802338
INFO:kbc-cli.py:Epoch 84/100	test results	MRR 0.364153	H@1 0.270229	H@3 0.400054	H@5 0.466896	H@10 0.553723	H@20 0.636715	H@50 0.735513	H@100 0.800572
INFO:kbc-cli.py:Epoch 85/100	Loss 9.1150 ± 0.2268
INFO:kbc-cli.py:Epoch 86/100	Loss 9.1130 ± 0.2235
INFO:kbc-cli.py:Epoch 87/100	Loss 9.1109 ± 0.2241
INFO:kbc-cli.py:Epoch 87/100	dev results	MRR 0.369471	H@1 0.276133	H@3 0.404306	H@5 0.470317	H@10 0.560251	H@20 0.642059	H@50 0.739093	H@100 0.803251
INFO:kbc-cli.py:Epoch 87/100	test results	MRR 0.364180	H@1 0.269764	H@3 0.400347	H@5 0.466872	H@10 0.554920	H@20 0.636128	H@50 0.735903	H@100 0.800621
INFO:kbc-cli.py:Epoch 88/100	Loss 9.1088 ± 0.2269
INFO:kbc-cli.py:Epoch 89/100	Loss 9.1067 ± 0.2278
INFO:kbc-cli.py:Epoch 90/100	Loss 9.1049 ± 0.2231
INFO:kbc-cli.py:Epoch 90/100	dev results	MRR 0.369298	H@1 0.275734	H@3 0.403678	H@5 0.469974	H@10 0.558369	H@20 0.642372	H@50 0.739435	H@100 0.802937
INFO:kbc-cli.py:Epoch 90/100	test results	MRR 0.364495	H@1 0.270278	H@3 0.400054	H@5 0.468093	H@10 0.554456	H@20 0.636397	H@50 0.736441	H@100 0.800083
INFO:kbc-cli.py:Epoch 91/100	Loss 9.1029 ± 0.2262
INFO:kbc-cli.py:Epoch 92/100	Loss 9.1010 ± 0.2228
INFO:kbc-cli.py:Epoch 93/100	Loss 9.0992 ± 0.2288
INFO:kbc-cli.py:Epoch 93/100	dev results	MRR 0.368892	H@1 0.275250	H@3 0.403165	H@5 0.469547	H@10 0.559338	H@20 0.642173	H@50 0.739407	H@100 0.802652
INFO:kbc-cli.py:Epoch 93/100	test results	MRR 0.364409	H@1 0.270278	H@3 0.399932	H@5 0.467336	H@10 0.554774	H@20 0.636910	H@50 0.735464	H@100 0.799643
INFO:kbc-cli.py:Epoch 94/100	Loss 9.0973 ± 0.2236
INFO:kbc-cli.py:Epoch 95/100	Loss 9.0954 ± 0.2220
INFO:kbc-cli.py:Epoch 96/100	Loss 9.0936 ± 0.2258
INFO:kbc-cli.py:Epoch 96/100	dev results	MRR 0.369758	H@1 0.276704	H@3 0.404306	H@5 0.469946	H@10 0.559510	H@20 0.640833	H@50 0.738723	H@100 0.802908
INFO:kbc-cli.py:Epoch 96/100	test results	MRR 0.364582	H@1 0.270326	H@3 0.400933	H@5 0.467654	H@10 0.553821	H@20 0.635640	H@50 0.736881	H@100 0.800254
INFO:kbc-cli.py:Epoch 97/100	Loss 9.0920 ± 0.2255
INFO:kbc-cli.py:Epoch 98/100	Loss 9.0903 ± 0.2202
INFO:kbc-cli.py:Epoch 99/100	Loss 9.0889 ± 0.2214
INFO:kbc-cli.py:Epoch 99/100	dev results	MRR 0.370064	H@1 0.276818	H@3 0.404676	H@5 0.471029	H@10 0.558996	H@20 0.641660	H@50 0.738951	H@100 0.802937
INFO:kbc-cli.py:Epoch 99/100	test results	MRR 0.364363	H@1 0.269960	H@3 0.400958	H@5 0.467825	H@10 0.555311	H@20 0.636177	H@50 0.736221	H@100 0.799790
INFO:kbc-cli.py:Epoch 100/100	Loss 9.0871 ± 0.2195
INFO:kbc-cli.py:Final 	dev results	MRR 0.369279	H@1 0.275421	H@3 0.404391	H@5 0.470402	H@10 0.558825	H@20 0.641660	H@50 0.738780	H@100 0.802794
INFO:kbc-cli.py:Final 	test results	MRR 0.364075	H@1 0.269789	H@3 0.400445	H@5 0.467141	H@10 0.554652	H@20 0.635835	H@50 0.736148	H@100 0.800938
INFO:kbc-cli.py:Training finished
