./bin/kbc-cli.py --train data/fb15k-237/train.tsv --dev data/fb15k-237/dev.tsv --test data/fb15k-237/test.tsv -m complex -k 200 -b 50 -e 100 --F2 0 --N3 0.5 -l 0.1 -I standard -V 3 -o adagrad -c so -q
{'F2': 0.0,
 'N3': 0.5,
 'batch_size': 50,
 'corruption': 'so',
 'dev': 'data/fb15k-237/dev.tsv',
 'embedding_size': 200,
 'epochs': 100,
 'eval_batch_size': None,
 'input_type': 'standard',
 'learning_rate': 0.1,
 'load': None,
 'model': 'complex',
 'optimizer': 'adagrad',
 'quiet': True,
 'save': None,
 'seed': 0,
 'test': 'data/fb15k-237/test.tsv',
 'test_i': None,
 'test_ii': None,
 'train': 'data/fb15k-237/train.tsv',
 'validate_every': 3}
INFO:kbc-cli.py:Device: cuda
INFO:kbc-cli.py:Model state:
INFO:kbc-cli.py:	entities.weight	torch.Size([14541, 400])
INFO:kbc-cli.py:	predicates.weight	torch.Size([237, 400])
INFO:kbc-cli.py:Epoch 1/100	Loss 46.7662 ± 11.9505
INFO:kbc-cli.py:Epoch 2/100	Loss 29.8777 ± 3.6481
INFO:kbc-cli.py:Epoch 3/100	Loss 25.8830 ± 2.8035
INFO:kbc-cli.py:Epoch 3/100	dev results	MRR 0.148992	H@1 0.100171	H@3 0.158283	H@5 0.194525	H@10 0.248132	H@20 0.304619	H@50 0.378899	H@100 0.441973
INFO:kbc-cli.py:Epoch 3/100	test results	MRR 0.148857	H@1 0.100410	H@3 0.158336	H@5 0.193492	H@10 0.246677	H@20 0.302453	H@50 0.378115	H@100 0.440438
INFO:kbc-cli.py:Epoch 4/100	Loss 23.9482 ± 2.3578
INFO:kbc-cli.py:Epoch 5/100	Loss 22.8045 ± 2.1464
INFO:kbc-cli.py:Epoch 6/100	Loss 22.0490 ± 1.9263
INFO:kbc-cli.py:Epoch 6/100	dev results	MRR 0.163098	H@1 0.101112	H@3 0.174537	H@5 0.219247	H@10 0.297092	H@20 0.363787	H@50 0.445309	H@100 0.512518
INFO:kbc-cli.py:Epoch 6/100	test results	MRR 0.162945	H@1 0.101681	H@3 0.172799	H@5 0.218435	H@10 0.295710	H@20 0.362186	H@50 0.444102	H@100 0.512142
INFO:kbc-cli.py:Epoch 7/100	Loss 21.5175 ± 1.7802
INFO:kbc-cli.py:Epoch 8/100	Loss 21.1229 ± 1.6561
INFO:kbc-cli.py:Epoch 9/100	Loss 20.8198 ± 1.5815
INFO:kbc-cli.py:Epoch 9/100	dev results	MRR 0.163421	H@1 0.099743	H@3 0.172512	H@5 0.221329	H@10 0.304648	H@20 0.374879	H@50 0.462760	H@100 0.535500
INFO:kbc-cli.py:Epoch 9/100	test results	MRR 0.164292	H@1 0.100948	H@3 0.173874	H@5 0.221001	H@10 0.302648	H@20 0.373766	H@50 0.461473	H@100 0.534179
INFO:kbc-cli.py:Epoch 10/100	Loss 20.5797 ± 1.4800
INFO:kbc-cli.py:Epoch 11/100	Loss 20.3852 ± 1.4108
INFO:kbc-cli.py:Epoch 12/100	Loss 20.2245 ± 1.3628
INFO:kbc-cli.py:Epoch 12/100	dev results	MRR 0.163371	H@1 0.098631	H@3 0.175250	H@5 0.220930	H@10 0.303878	H@20 0.377388	H@50 0.470202	H@100 0.547676
INFO:kbc-cli.py:Epoch 12/100	test results	MRR 0.164898	H@1 0.100264	H@3 0.177074	H@5 0.222809	H@10 0.300840	H@20 0.375892	H@50 0.470585	H@100 0.548397
INFO:kbc-cli.py:Epoch 13/100	Loss 20.0899 ± 1.2894
INFO:kbc-cli.py:Epoch 14/100	Loss 19.9755 ± 1.2601
INFO:kbc-cli.py:Epoch 15/100	Loss 19.8771 ± 1.2090
INFO:kbc-cli.py:Epoch 15/100	dev results	MRR 0.160460	H@1 0.093784	H@3 0.176875	H@5 0.222184	H@10 0.298147	H@20 0.375050	H@50 0.475250	H@100 0.551925
INFO:kbc-cli.py:Epoch 15/100	test results	MRR 0.160618	H@1 0.095451	H@3 0.174680	H@5 0.219437	H@10 0.296272	H@20 0.373375	H@50 0.474470	H@100 0.551989
INFO:kbc-cli.py:Epoch 16/100	Loss 19.7918 ± 1.1835
INFO:kbc-cli.py:Epoch 17/100	Loss 19.7172 ± 1.1499
INFO:kbc-cli.py:Epoch 18/100	Loss 19.6523 ± 1.1070
INFO:kbc-cli.py:Epoch 18/100	dev results	MRR 0.160820	H@1 0.094981	H@3 0.178529	H@5 0.222812	H@10 0.295865	H@20 0.374337	H@50 0.476561	H@100 0.557970
INFO:kbc-cli.py:Epoch 18/100	test results	MRR 0.160671	H@1 0.095133	H@3 0.176561	H@5 0.221905	H@10 0.293487	H@20 0.369882	H@50 0.476424	H@100 0.555385
INFO:kbc-cli.py:Epoch 19/100	Loss 19.5928 ± 1.0901
INFO:kbc-cli.py:Epoch 20/100	Loss 19.5406 ± 1.0453
INFO:kbc-cli.py:Epoch 21/100	Loss 19.4936 ± 1.0361
INFO:kbc-cli.py:Epoch 21/100	dev results	MRR 0.156603	H@1 0.089364	H@3 0.173111	H@5 0.223011	H@10 0.288851	H@20 0.369290	H@50 0.478044	H@100 0.559424
INFO:kbc-cli.py:Epoch 21/100	test results	MRR 0.157090	H@1 0.091322	H@3 0.171699	H@5 0.220488	H@10 0.286695	H@20 0.363408	H@50 0.476571	H@100 0.557852
INFO:kbc-cli.py:Epoch 22/100	Loss 19.4512 ± 0.9963
INFO:kbc-cli.py:Epoch 23/100	Loss 19.4130 ± 1.0132
INFO:kbc-cli.py:Epoch 24/100	Loss 19.3780 ± 0.9546
INFO:kbc-cli.py:Epoch 24/100	dev results	MRR 0.155317	H@1 0.090048	H@3 0.171029	H@5 0.220388	H@10 0.284745	H@20 0.365669	H@50 0.477074	H@100 0.562532
INFO:kbc-cli.py:Epoch 24/100	test results	MRR 0.156344	H@1 0.091909	H@3 0.171455	H@5 0.219364	H@10 0.284814	H@20 0.359474	H@50 0.474616	H@100 0.559416
INFO:kbc-cli.py:Epoch 25/100	Loss 19.3457 ± 0.9189
INFO:kbc-cli.py:Epoch 26/100	Loss 19.3163 ± 0.9088
INFO:kbc-cli.py:Epoch 27/100	Loss 19.2892 ± 0.8942
INFO:kbc-cli.py:Epoch 27/100	dev results	MRR 0.154423	H@1 0.089050	H@3 0.172455	H@5 0.217964	H@10 0.282350	H@20 0.361506	H@50 0.475734	H@100 0.563844
INFO:kbc-cli.py:Epoch 27/100	test results	MRR 0.154521	H@1 0.089710	H@3 0.171480	H@5 0.216799	H@10 0.280880	H@20 0.355297	H@50 0.474861	H@100 0.560662
INFO:kbc-cli.py:Epoch 28/100	Loss 19.2641 ± 0.8826
INFO:kbc-cli.py:Epoch 29/100	Loss 19.2410 ± 0.8739
INFO:kbc-cli.py:Epoch 30/100	Loss 19.2194 ± 0.8542
INFO:kbc-cli.py:Epoch 30/100	dev results	MRR 0.154346	H@1 0.090847	H@3 0.168292	H@5 0.217109	H@10 0.280867	H@20 0.358768	H@50 0.473482	H@100 0.563245
INFO:kbc-cli.py:Epoch 30/100	test results	MRR 0.154203	H@1 0.091420	H@3 0.167913	H@5 0.215528	H@10 0.279048	H@20 0.353147	H@50 0.473786	H@100 0.561272
INFO:kbc-cli.py:Epoch 31/100	Loss 19.1993 ± 0.8539
INFO:kbc-cli.py:Epoch 32/100	Loss 19.1806 ± 0.8211
INFO:kbc-cli.py:Epoch 33/100	Loss 19.1632 ± 0.8154
INFO:kbc-cli.py:Epoch 33/100	dev results	MRR 0.152108	H@1 0.087454	H@3 0.167807	H@5 0.215654	H@10 0.280838	H@20 0.355603	H@50 0.473425	H@100 0.563559
INFO:kbc-cli.py:Epoch 33/100	test results	MRR 0.152082	H@1 0.088684	H@3 0.166300	H@5 0.213769	H@10 0.279195	H@20 0.350386	H@50 0.471953	H@100 0.563007
INFO:kbc-cli.py:Epoch 34/100	Loss 19.1467 ± 0.7922
INFO:kbc-cli.py:Epoch 35/100	Loss 19.1314 ± 0.7898
INFO:kbc-cli.py:Epoch 36/100	Loss 19.1168 ± 0.7773
INFO:kbc-cli.py:Epoch 36/100	dev results	MRR 0.151502	H@1 0.088281	H@3 0.167351	H@5 0.212347	H@10 0.275649	H@20 0.355518	H@50 0.465868	H@100 0.564557
INFO:kbc-cli.py:Epoch 36/100	test results	MRR 0.152273	H@1 0.090614	H@3 0.166496	H@5 0.211888	H@10 0.275090	H@20 0.348578	H@50 0.465650	H@100 0.563154
INFO:kbc-cli.py:Epoch 37/100	Loss 19.1031 ± 0.7754
INFO:kbc-cli.py:Epoch 38/100	Loss 19.0901 ± 0.7571
INFO:kbc-cli.py:Epoch 39/100	Loss 19.0779 ± 0.7371
INFO:kbc-cli.py:Epoch 39/100	dev results	MRR 0.151472	H@1 0.088794	H@3 0.167180	H@5 0.209524	H@10 0.273738	H@20 0.352238	H@50 0.464414	H@100 0.562960
INFO:kbc-cli.py:Epoch 39/100	test results	MRR 0.150086	H@1 0.088195	H@3 0.164321	H@5 0.207368	H@10 0.273673	H@20 0.347967	H@50 0.464893	H@100 0.563764
INFO:kbc-cli.py:Epoch 40/100	Loss 19.0663 ± 0.7348
INFO:kbc-cli.py:Epoch 41/100	Loss 19.0554 ± 0.7251
INFO:kbc-cli.py:Epoch 42/100	Loss 19.0449 ± 0.7099
INFO:kbc-cli.py:Epoch 42/100	dev results	MRR 0.149822	H@1 0.086427	H@3 0.165241	H@5 0.209210	H@10 0.274594	H@20 0.351725	H@50 0.464100	H@100 0.563730
INFO:kbc-cli.py:Epoch 42/100	test results	MRR 0.149451	H@1 0.087731	H@3 0.162831	H@5 0.207490	H@10 0.274186	H@20 0.347381	H@50 0.462914	H@100 0.563935
INFO:kbc-cli.py:Epoch 43/100	Loss 19.0350 ± 0.7048
INFO:kbc-cli.py:Epoch 44/100	Loss 19.0255 ± 0.7001
INFO:kbc-cli.py:Epoch 45/100	Loss 19.0165 ± 0.6913
INFO:kbc-cli.py:Epoch 45/100	dev results	MRR 0.147830	H@1 0.084403	H@3 0.162133	H@5 0.208640	H@10 0.272512	H@20 0.351754	H@50 0.463445	H@100 0.564300
INFO:kbc-cli.py:Epoch 45/100	test results	MRR 0.147365	H@1 0.084970	H@3 0.160657	H@5 0.206611	H@10 0.272012	H@20 0.345427	H@50 0.462083	H@100 0.563984
INFO:kbc-cli.py:Epoch 46/100	Loss 19.0079 ± 0.6687
INFO:kbc-cli.py:Epoch 47/100	Loss 18.9997 ± 0.6708
INFO:kbc-cli.py:Epoch 48/100	Loss 18.9919 ± 0.6666
INFO:kbc-cli.py:Epoch 48/100	dev results	MRR 0.147992	H@1 0.085515	H@3 0.161363	H@5 0.206900	H@10 0.271229	H@20 0.349843	H@50 0.459823	H@100 0.563216
INFO:kbc-cli.py:Epoch 48/100	test results	MRR 0.147120	H@1 0.085899	H@3 0.159191	H@5 0.204168	H@10 0.268836	H@20 0.345378	H@50 0.459518	H@100 0.562347
INFO:kbc-cli.py:Epoch 49/100	Loss 18.9844 ± 0.6547
INFO:kbc-cli.py:Epoch 50/100	Loss 18.9771 ± 0.6627
INFO:kbc-cli.py:Epoch 51/100	Loss 18.9702 ± 0.6556
INFO:kbc-cli.py:Epoch 51/100	dev results	MRR 0.148291	H@1 0.087026	H@3 0.160137	H@5 0.206017	H@10 0.270031	H@20 0.348617	H@50 0.460336	H@100 0.562789
INFO:kbc-cli.py:Epoch 51/100	test results	MRR 0.148062	H@1 0.088073	H@3 0.158482	H@5 0.203704	H@10 0.267615	H@20 0.345964	H@50 0.457930	H@100 0.563105
INFO:kbc-cli.py:Epoch 52/100	Loss 18.9636 ± 0.6412
INFO:kbc-cli.py:Epoch 53/100	Loss 18.9572 ± 0.6385
INFO:kbc-cli.py:Epoch 54/100	Loss 18.9511 ± 0.6320
INFO:kbc-cli.py:Epoch 54/100	dev results	MRR 0.146501	H@1 0.084460	H@3 0.158711	H@5 0.207015	H@10 0.268606	H@20 0.349102	H@50 0.460679	H@100 0.562361
INFO:kbc-cli.py:Epoch 54/100	test results	MRR 0.147048	H@1 0.085825	H@3 0.158971	H@5 0.203655	H@10 0.267053	H@20 0.345280	H@50 0.460178	H@100 0.562616
INFO:kbc-cli.py:Epoch 55/100	Loss 18.9452 ± 0.6111
INFO:kbc-cli.py:Epoch 56/100	Loss 18.9395 ± 0.6023
INFO:kbc-cli.py:Epoch 57/100	Loss 18.9341 ± 0.5961
INFO:kbc-cli.py:Epoch 57/100	dev results	MRR 0.147433	H@1 0.085942	H@3 0.159823	H@5 0.205532	H@10 0.269005	H@20 0.349644	H@50 0.459681	H@100 0.561962
INFO:kbc-cli.py:Epoch 57/100	test results	MRR 0.145628	H@1 0.085654	H@3 0.154891	H@5 0.200210	H@10 0.267126	H@20 0.344620	H@50 0.458834	H@100 0.562665
INFO:kbc-cli.py:Epoch 58/100	Loss 18.9288 ± 0.6009
INFO:kbc-cli.py:Epoch 59/100	Loss 18.9239 ± 0.5915
INFO:kbc-cli.py:Epoch 60/100	Loss 18.9188 ± 0.5912
INFO:kbc-cli.py:Epoch 60/100	dev results	MRR 0.146284	H@1 0.084859	H@3 0.157000	H@5 0.204021	H@10 0.268121	H@20 0.349672	H@50 0.459281	H@100 0.560536
INFO:kbc-cli.py:Epoch 60/100	test results	MRR 0.145880	H@1 0.085972	H@3 0.154598	H@5 0.201041	H@10 0.265978	H@20 0.344620	H@50 0.458126	H@100 0.561077
INFO:kbc-cli.py:Epoch 61/100	Loss 18.9141 ± 0.5923
INFO:kbc-cli.py:Epoch 62/100	Loss 18.9096 ± 0.5772
INFO:kbc-cli.py:Epoch 63/100	Loss 18.9051 ± 0.5775
INFO:kbc-cli.py:Epoch 63/100	dev results	MRR 0.146318	H@1 0.084602	H@3 0.157799	H@5 0.202908	H@10 0.267864	H@20 0.348417	H@50 0.459167	H@100 0.561705
INFO:kbc-cli.py:Epoch 63/100	test results	MRR 0.145146	H@1 0.084921	H@3 0.155477	H@5 0.200283	H@10 0.266149	H@20 0.343521	H@50 0.457930	H@100 0.561346
INFO:kbc-cli.py:Epoch 64/100	Loss 18.9007 ± 0.5656
INFO:kbc-cli.py:Epoch 65/100	Loss 18.8966 ± 0.5635
INFO:kbc-cli.py:Epoch 66/100	Loss 18.8928 ± 0.5597
INFO:kbc-cli.py:Epoch 66/100	dev results	MRR 0.146801	H@1 0.085743	H@3 0.157285	H@5 0.202709	H@10 0.266923	H@20 0.350071	H@50 0.459424	H@100 0.560165
INFO:kbc-cli.py:Epoch 66/100	test results	MRR 0.145314	H@1 0.084775	H@3 0.154476	H@5 0.199868	H@10 0.266002	H@20 0.346599	H@50 0.458834	H@100 0.559440
INFO:kbc-cli.py:Epoch 67/100	Loss 18.8888 ± 0.5537
INFO:kbc-cli.py:Epoch 68/100	Loss 18.8850 ± 0.5433
INFO:kbc-cli.py:Epoch 69/100	Loss 18.8813 ± 0.5369
INFO:kbc-cli.py:Epoch 69/100	dev results	MRR 0.146852	H@1 0.085258	H@3 0.158882	H@5 0.205076	H@10 0.268577	H@20 0.346878	H@50 0.457713	H@100 0.559139
INFO:kbc-cli.py:Epoch 69/100	test results	MRR 0.146006	H@1 0.086070	H@3 0.156357	H@5 0.201261	H@10 0.266198	H@20 0.342764	H@50 0.456977	H@100 0.559074
INFO:kbc-cli.py:Epoch 70/100	Loss 18.8778 ± 0.5426
INFO:kbc-cli.py:Epoch 71/100	Loss 18.8746 ± 0.5323
INFO:kbc-cli.py:Epoch 72/100	Loss 18.8711 ± 0.5270
INFO:kbc-cli.py:Epoch 72/100	dev results	MRR 0.144613	H@1 0.083690	H@3 0.152581	H@5 0.201027	H@10 0.267123	H@20 0.347505	H@50 0.458483	H@100 0.559966
INFO:kbc-cli.py:Epoch 72/100	test results	MRR 0.142867	H@1 0.083700	H@3 0.148857	H@5 0.197010	H@10 0.264341	H@20 0.342568	H@50 0.457393	H@100 0.558756
INFO:kbc-cli.py:Epoch 73/100	Loss 18.8678 ± 0.5163
INFO:kbc-cli.py:Epoch 74/100	Loss 18.8648 ± 0.5187
INFO:kbc-cli.py:Epoch 75/100	Loss 18.8616 ± 0.5129
INFO:kbc-cli.py:Epoch 75/100	dev results	MRR 0.145871	H@1 0.086456	H@3 0.152980	H@5 0.201597	H@10 0.266553	H@20 0.347990	H@50 0.457628	H@100 0.559139
INFO:kbc-cli.py:Epoch 75/100	test results	MRR 0.144099	H@1 0.085703	H@3 0.148661	H@5 0.198280	H@10 0.263681	H@20 0.343985	H@50 0.457393	H@100 0.558780
INFO:kbc-cli.py:Epoch 76/100	Loss 18.8588 ± 0.5189
INFO:kbc-cli.py:Epoch 77/100	Loss 18.8558 ± 0.5012
INFO:kbc-cli.py:Epoch 78/100	Loss 18.8531 ± 0.5132
INFO:kbc-cli.py:Epoch 78/100	dev results	MRR 0.145099	H@1 0.085087	H@3 0.153778	H@5 0.200485	H@10 0.265583	H@20 0.346336	H@50 0.458312	H@100 0.559595
INFO:kbc-cli.py:Epoch 78/100	test results	MRR 0.144328	H@1 0.086167	H@3 0.150347	H@5 0.196643	H@10 0.263510	H@20 0.344156	H@50 0.458370	H@100 0.559049
INFO:kbc-cli.py:Epoch 79/100	Loss 18.8503 ± 0.5016
INFO:kbc-cli.py:Epoch 80/100	Loss 18.8476 ± 0.4943
INFO:kbc-cli.py:Epoch 81/100	Loss 18.8451 ± 0.4939
INFO:kbc-cli.py:Epoch 81/100	dev results	MRR 0.144629	H@1 0.083319	H@3 0.154947	H@5 0.201540	H@10 0.266695	H@20 0.346878	H@50 0.458654	H@100 0.559795
INFO:kbc-cli.py:Epoch 81/100	test results	MRR 0.143729	H@1 0.084359	H@3 0.151031	H@5 0.197816	H@10 0.264634	H@20 0.342788	H@50 0.458443	H@100 0.559440
INFO:kbc-cli.py:Epoch 82/100	Loss 18.8426 ± 0.4957
INFO:kbc-cli.py:Epoch 83/100	Loss 18.8401 ± 0.4921
INFO:kbc-cli.py:Epoch 84/100	Loss 18.8377 ± 0.4791
INFO:kbc-cli.py:Epoch 84/100	dev results	MRR 0.145925	H@1 0.085942	H@3 0.153864	H@5 0.200570	H@10 0.267066	H@20 0.347391	H@50 0.458939	H@100 0.560165
INFO:kbc-cli.py:Epoch 84/100	test results	MRR 0.144659	H@1 0.086094	H@3 0.150982	H@5 0.197205	H@10 0.264610	H@20 0.343839	H@50 0.459372	H@100 0.558829
INFO:kbc-cli.py:Epoch 85/100	Loss 18.8353 ± 0.4770
INFO:kbc-cli.py:Epoch 86/100	Loss 18.8331 ± 0.4748
INFO:kbc-cli.py:Epoch 87/100	Loss 18.8309 ± 0.4752
INFO:kbc-cli.py:Epoch 87/100	dev results	MRR 0.145653	H@1 0.086085	H@3 0.151212	H@5 0.200029	H@10 0.267094	H@20 0.346992	H@50 0.458968	H@100 0.559966
INFO:kbc-cli.py:Epoch 87/100	test results	MRR 0.144495	H@1 0.086680	H@3 0.147171	H@5 0.195910	H@10 0.265318	H@20 0.343179	H@50 0.458223	H@100 0.559831
INFO:kbc-cli.py:Epoch 88/100	Loss 18.8287 ± 0.4702
INFO:kbc-cli.py:Epoch 89/100	Loss 18.8265 ± 0.4646
INFO:kbc-cli.py:Epoch 90/100	Loss 18.8245 ± 0.4737
INFO:kbc-cli.py:Epoch 90/100	dev results	MRR 0.143703	H@1 0.082863	H@3 0.152409	H@5 0.199487	H@10 0.265583	H@20 0.347619	H@50 0.458340	H@100 0.560080
INFO:kbc-cli.py:Epoch 90/100	test results	MRR 0.142156	H@1 0.082771	H@3 0.148050	H@5 0.196888	H@10 0.264194	H@20 0.342715	H@50 0.457735	H@100 0.559538
INFO:kbc-cli.py:Epoch 91/100	Loss 18.8224 ± 0.4542
INFO:kbc-cli.py:Epoch 92/100	Loss 18.8205 ± 0.4614
INFO:kbc-cli.py:Epoch 93/100	Loss 18.8185 ± 0.4524
INFO:kbc-cli.py:Epoch 93/100	dev results	MRR 0.143399	H@1 0.081950	H@3 0.151640	H@5 0.200143	H@10 0.267151	H@20 0.347134	H@50 0.459481	H@100 0.559481
INFO:kbc-cli.py:Epoch 93/100	test results	MRR 0.142544	H@1 0.082869	H@3 0.147342	H@5 0.197425	H@10 0.265904	H@20 0.342935	H@50 0.458785	H@100 0.558854
INFO:kbc-cli.py:Epoch 94/100	Loss 18.8167 ± 0.4498
INFO:kbc-cli.py:Epoch 95/100	Loss 18.8148 ± 0.4580
INFO:kbc-cli.py:Epoch 96/100	Loss 18.8131 ± 0.4489
INFO:kbc-cli.py:Epoch 96/100	dev results	MRR 0.145603	H@1 0.086028	H@3 0.153179	H@5 0.200257	H@10 0.266695	H@20 0.346906	H@50 0.459196	H@100 0.560251
INFO:kbc-cli.py:Epoch 96/100	test results	MRR 0.143429	H@1 0.085337	H@3 0.148319	H@5 0.196399	H@10 0.263706	H@20 0.341811	H@50 0.458297	H@100 0.559000
INFO:kbc-cli.py:Epoch 97/100	Loss 18.8111 ± 0.4475
INFO:kbc-cli.py:Epoch 98/100	Loss 18.8094 ± 0.4451
INFO:kbc-cli.py:Epoch 99/100	Loss 18.8077 ± 0.4401
INFO:kbc-cli.py:Epoch 99/100	dev results	MRR 0.145259	H@1 0.085486	H@3 0.152723	H@5 0.199059	H@10 0.265412	H@20 0.347220	H@50 0.459167	H@100 0.560935
INFO:kbc-cli.py:Epoch 99/100	test results	MRR 0.144315	H@1 0.086118	H@3 0.149394	H@5 0.196985	H@10 0.263974	H@20 0.342348	H@50 0.459225	H@100 0.559000
INFO:kbc-cli.py:Epoch 100/100	Loss 18.8060 ± 0.4371
INFO:kbc-cli.py:Final 	dev results	MRR 0.144579	H@1 0.083661	H@3 0.152352	H@5 0.199743	H@10 0.266239	H@20 0.347619	H@50 0.458369	H@100 0.560793
INFO:kbc-cli.py:Final 	test results	MRR 0.143068	H@1 0.083846	H@3 0.148099	H@5 0.195959	H@10 0.263339	H@20 0.342983	H@50 0.458028	H@100 0.559611
INFO:kbc-cli.py:Training finished
