./bin/kbc-cli.py --train data/fb15k-237/train.tsv --dev data/fb15k-237/dev.tsv --test data/fb15k-237/test.tsv -m complex -k 200 -b 100 -e 100 --F2 0 --N3 0.1 -l 0.1 -I standard -V 3 -o adagrad -c so -q
{'F2': 0.0,
 'N3': 0.1,
 'batch_size': 100,
 'corruption': 'so',
 'dev': 'data/fb15k-237/dev.tsv',
 'embedding_size': 200,
 'epochs': 100,
 'eval_batch_size': None,
 'input_type': 'standard',
 'learning_rate': 0.1,
 'load': None,
 'model': 'complex',
 'optimizer': 'adagrad',
 'quiet': True,
 'save': None,
 'seed': 0,
 'test': 'data/fb15k-237/test.tsv',
 'test_i': None,
 'test_ii': None,
 'train': 'data/fb15k-237/train.tsv',
 'validate_every': 3}
INFO:kbc-cli.py:Device: cuda
INFO:kbc-cli.py:Model state:
INFO:kbc-cli.py:	entities.weight	torch.Size([14541, 400])
INFO:kbc-cli.py:	predicates.weight	torch.Size([237, 400])
INFO:kbc-cli.py:Epoch 1/100	Loss 17.6849 ± 2.5693
INFO:kbc-cli.py:Epoch 2/100	Loss 13.8614 ± 0.3720
INFO:kbc-cli.py:Epoch 3/100	Loss 12.9237 ± 0.2484
INFO:kbc-cli.py:Epoch 3/100	dev results	MRR 0.328636	H@1 0.241688	H@3 0.359367	H@5 0.418135	H@10 0.502253	H@20 0.584117	H@50 0.685971	H@100 0.756430
INFO:kbc-cli.py:Epoch 3/100	test results	MRR 0.324490	H@1 0.236636	H@3 0.357569	H@5 0.417131	H@10 0.500684	H@20 0.579351	H@50 0.682718	H@100 0.752492
INFO:kbc-cli.py:Epoch 4/100	Loss 12.4951 ± 0.2433
INFO:kbc-cli.py:Epoch 5/100	Loss 12.2499 ± 0.2377
INFO:kbc-cli.py:Epoch 6/100	Loss 12.0901 ± 0.2367
INFO:kbc-cli.py:Epoch 6/100	dev results	MRR 0.343335	H@1 0.251782	H@3 0.377331	H@5 0.439378	H@10 0.526718	H@20 0.608697	H@50 0.709296	H@100 0.778728
INFO:kbc-cli.py:Epoch 6/100	test results	MRR 0.339415	H@1 0.248241	H@3 0.371372	H@5 0.436724	H@10 0.523478	H@20 0.603391	H@50 0.704192	H@100 0.775042
INFO:kbc-cli.py:Epoch 7/100	Loss 11.9787 ± 0.2315
INFO:kbc-cli.py:Epoch 8/100	Loss 11.8964 ± 0.2303
INFO:kbc-cli.py:Epoch 9/100	Loss 11.8329 ± 0.2369
INFO:kbc-cli.py:Epoch 9/100	dev results	MRR 0.347412	H@1 0.256259	H@3 0.379698	H@5 0.444283	H@10 0.531908	H@20 0.615797	H@50 0.714942	H@100 0.783262
INFO:kbc-cli.py:Epoch 9/100	test results	MRR 0.343164	H@1 0.250855	H@3 0.376649	H@5 0.443003	H@10 0.528437	H@20 0.610329	H@50 0.711522	H@100 0.780807
INFO:kbc-cli.py:Epoch 10/100	Loss 11.7820 ± 0.2334
INFO:kbc-cli.py:Epoch 11/100	Loss 11.7402 ± 0.2386
INFO:kbc-cli.py:Epoch 12/100	Loss 11.7056 ± 0.2336
INFO:kbc-cli.py:Epoch 12/100	dev results	MRR 0.350543	H@1 0.258683	H@3 0.384887	H@5 0.447733	H@10 0.535985	H@20 0.620587	H@50 0.717650	H@100 0.786513
INFO:kbc-cli.py:Epoch 12/100	test results	MRR 0.345426	H@1 0.252981	H@3 0.377993	H@5 0.444151	H@10 0.531125	H@20 0.613774	H@50 0.714722	H@100 0.783348
INFO:kbc-cli.py:Epoch 13/100	Loss 11.6763 ± 0.2284
INFO:kbc-cli.py:Epoch 14/100	Loss 11.6507 ± 0.2296
INFO:kbc-cli.py:Epoch 15/100	Loss 11.6282 ± 0.2279
INFO:kbc-cli.py:Epoch 15/100	dev results	MRR 0.352788	H@1 0.260422	H@3 0.387054	H@5 0.450271	H@10 0.538238	H@20 0.621500	H@50 0.719276	H@100 0.787796
INFO:kbc-cli.py:Epoch 15/100	test results	MRR 0.346452	H@1 0.253542	H@3 0.380876	H@5 0.445568	H@10 0.534447	H@20 0.616119	H@50 0.717043	H@100 0.785205
INFO:kbc-cli.py:Epoch 16/100	Loss 11.6091 ± 0.2339
INFO:kbc-cli.py:Epoch 17/100	Loss 11.5918 ± 0.2265
INFO:kbc-cli.py:Epoch 18/100	Loss 11.5758 ± 0.2254
INFO:kbc-cli.py:Epoch 18/100	dev results	MRR 0.353463	H@1 0.261534	H@3 0.387311	H@5 0.451297	H@10 0.541203	H@20 0.623182	H@50 0.721044	H@100 0.788395
INFO:kbc-cli.py:Epoch 18/100	test results	MRR 0.347218	H@1 0.255106	H@3 0.380118	H@5 0.446350	H@10 0.535473	H@20 0.618343	H@50 0.717067	H@100 0.786329
INFO:kbc-cli.py:Epoch 19/100	Loss 11.5614 ± 0.2263
INFO:kbc-cli.py:Epoch 20/100	Loss 11.5491 ± 0.2237
INFO:kbc-cli.py:Epoch 21/100	Loss 11.5371 ± 0.2233
INFO:kbc-cli.py:Epoch 21/100	dev results	MRR 0.353619	H@1 0.261420	H@3 0.386969	H@5 0.452581	H@10 0.541688	H@20 0.622355	H@50 0.721814	H@100 0.788452
INFO:kbc-cli.py:Epoch 21/100	test results	MRR 0.347354	H@1 0.254764	H@3 0.380436	H@5 0.448231	H@10 0.535400	H@20 0.618098	H@50 0.718289	H@100 0.786353
INFO:kbc-cli.py:Epoch 22/100	Loss 11.5263 ± 0.2286
INFO:kbc-cli.py:Epoch 23/100	Loss 11.5160 ± 0.2238
INFO:kbc-cli.py:Epoch 24/100	Loss 11.5070 ± 0.2214
INFO:kbc-cli.py:Epoch 24/100	dev results	MRR 0.354461	H@1 0.262532	H@3 0.388052	H@5 0.452181	H@10 0.541260	H@20 0.623895	H@50 0.722555	H@100 0.789507
INFO:kbc-cli.py:Epoch 24/100	test results	MRR 0.348991	H@1 0.256547	H@3 0.381780	H@5 0.447889	H@10 0.536426	H@20 0.619882	H@50 0.719559	H@100 0.786842
INFO:kbc-cli.py:Epoch 25/100	Loss 11.4979 ± 0.2222
INFO:kbc-cli.py:Epoch 26/100	Loss 11.4899 ± 0.2126
INFO:kbc-cli.py:Epoch 27/100	Loss 11.4825 ± 0.2215
INFO:kbc-cli.py:Epoch 27/100	dev results	MRR 0.355737	H@1 0.263701	H@3 0.388623	H@5 0.454776	H@10 0.543399	H@20 0.624979	H@50 0.722926	H@100 0.789735
INFO:kbc-cli.py:Epoch 27/100	test results	MRR 0.349319	H@1 0.256474	H@3 0.382048	H@5 0.448793	H@10 0.537599	H@20 0.619247	H@50 0.720927	H@100 0.787965
INFO:kbc-cli.py:Epoch 28/100	Loss 11.4755 ± 0.2208
INFO:kbc-cli.py:Epoch 29/100	Loss 11.4687 ± 0.2195
INFO:kbc-cli.py:Epoch 30/100	Loss 11.4623 ± 0.2186
INFO:kbc-cli.py:Epoch 30/100	dev results	MRR 0.355815	H@1 0.263758	H@3 0.390163	H@5 0.455945	H@10 0.542287	H@20 0.625093	H@50 0.723838	H@100 0.790704
INFO:kbc-cli.py:Epoch 30/100	test results	MRR 0.350312	H@1 0.257940	H@3 0.383661	H@5 0.449844	H@10 0.537892	H@20 0.619955	H@50 0.720536	H@100 0.788649
INFO:kbc-cli.py:Epoch 31/100	Loss 11.4562 ± 0.2158
INFO:kbc-cli.py:Epoch 32/100	Loss 11.4505 ± 0.2177
INFO:kbc-cli.py:Epoch 33/100	Loss 11.4450 ± 0.2136
INFO:kbc-cli.py:Epoch 33/100	dev results	MRR 0.356738	H@1 0.264728	H@3 0.390647	H@5 0.454919	H@10 0.542800	H@20 0.627317	H@50 0.723410	H@100 0.790163
INFO:kbc-cli.py:Epoch 33/100	test results	MRR 0.350239	H@1 0.257598	H@3 0.383734	H@5 0.449648	H@10 0.538088	H@20 0.621201	H@50 0.720854	H@100 0.788259
INFO:kbc-cli.py:Epoch 34/100	Loss 11.4401 ± 0.2166
INFO:kbc-cli.py:Epoch 35/100	Loss 11.4350 ± 0.2167
INFO:kbc-cli.py:Epoch 36/100	Loss 11.4300 ± 0.2125
INFO:kbc-cli.py:Epoch 36/100	dev results	MRR 0.355914	H@1 0.263673	H@3 0.389649	H@5 0.455489	H@10 0.544226	H@20 0.626404	H@50 0.723752	H@100 0.791503
INFO:kbc-cli.py:Epoch 36/100	test results	MRR 0.350464	H@1 0.258062	H@3 0.383661	H@5 0.450503	H@10 0.537990	H@20 0.621323	H@50 0.721831	H@100 0.789334
INFO:kbc-cli.py:Epoch 37/100	Loss 11.4256 ± 0.2183
INFO:kbc-cli.py:Epoch 38/100	Loss 11.4212 ± 0.2144
INFO:kbc-cli.py:Epoch 39/100	Loss 11.4171 ± 0.2185
INFO:kbc-cli.py:Epoch 39/100	dev results	MRR 0.356483	H@1 0.264271	H@3 0.390932	H@5 0.455403	H@10 0.543627	H@20 0.626689	H@50 0.725007	H@100 0.791075
INFO:kbc-cli.py:Epoch 39/100	test results	MRR 0.350468	H@1 0.257696	H@3 0.384003	H@5 0.450210	H@10 0.537843	H@20 0.621299	H@50 0.722002	H@100 0.789724
INFO:kbc-cli.py:Epoch 40/100	Loss 11.4130 ± 0.2143
INFO:kbc-cli.py:Epoch 41/100	Loss 11.4093 ± 0.2163
INFO:kbc-cli.py:Epoch 42/100	Loss 11.4056 ± 0.2112
INFO:kbc-cli.py:Epoch 42/100	dev results	MRR 0.356730	H@1 0.264528	H@3 0.391560	H@5 0.456430	H@10 0.543399	H@20 0.627317	H@50 0.724779	H@100 0.791417
INFO:kbc-cli.py:Epoch 42/100	test results	MRR 0.350472	H@1 0.257574	H@3 0.383636	H@5 0.451065	H@10 0.538527	H@20 0.621396	H@50 0.721880	H@100 0.789260
INFO:kbc-cli.py:Epoch 43/100	Loss 11.4020 ± 0.2134
INFO:kbc-cli.py:Epoch 44/100	Loss 11.3984 ± 0.2171
INFO:kbc-cli.py:Epoch 45/100	Loss 11.3957 ± 0.2168
INFO:kbc-cli.py:Epoch 45/100	dev results	MRR 0.357005	H@1 0.264899	H@3 0.391674	H@5 0.456259	H@10 0.545024	H@20 0.626918	H@50 0.724294	H@100 0.791645
INFO:kbc-cli.py:Epoch 45/100	test results	MRR 0.350698	H@1 0.257891	H@3 0.384003	H@5 0.451358	H@10 0.538918	H@20 0.622398	H@50 0.722100	H@100 0.789480
INFO:kbc-cli.py:Epoch 46/100	Loss 11.3919 ± 0.2127
INFO:kbc-cli.py:Epoch 47/100	Loss 11.3889 ± 0.2125
INFO:kbc-cli.py:Epoch 48/100	Loss 11.3861 ± 0.2167
INFO:kbc-cli.py:Epoch 48/100	dev results	MRR 0.356482	H@1 0.263644	H@3 0.391360	H@5 0.456658	H@10 0.543884	H@20 0.627545	H@50 0.724836	H@100 0.791617
INFO:kbc-cli.py:Epoch 48/100	test results	MRR 0.351131	H@1 0.258306	H@3 0.383563	H@5 0.451456	H@10 0.539627	H@20 0.622105	H@50 0.722124	H@100 0.789993
INFO:kbc-cli.py:Epoch 49/100	Loss 11.3830 ± 0.2164
INFO:kbc-cli.py:Epoch 50/100	Loss 11.3803 ± 0.2160
INFO:kbc-cli.py:Epoch 51/100	Loss 11.3772 ± 0.2141
INFO:kbc-cli.py:Epoch 51/100	dev results	MRR 0.357237	H@1 0.264671	H@3 0.392073	H@5 0.458084	H@10 0.545053	H@20 0.627431	H@50 0.725777	H@100 0.792330
INFO:kbc-cli.py:Epoch 51/100	test results	MRR 0.351363	H@1 0.259186	H@3 0.383343	H@5 0.450919	H@10 0.538698	H@20 0.623009	H@50 0.722735	H@100 0.790335
INFO:kbc-cli.py:Epoch 52/100	Loss 11.3752 ± 0.2134
INFO:kbc-cli.py:Epoch 53/100	Loss 11.3723 ± 0.2179
INFO:kbc-cli.py:Epoch 54/100	Loss 11.3698 ± 0.2147
INFO:kbc-cli.py:Epoch 54/100	dev results	MRR 0.357306	H@1 0.265041	H@3 0.391360	H@5 0.457285	H@10 0.543627	H@20 0.628001	H@50 0.724665	H@100 0.792643
INFO:kbc-cli.py:Epoch 54/100	test results	MRR 0.351527	H@1 0.259088	H@3 0.384052	H@5 0.451456	H@10 0.539407	H@20 0.621983	H@50 0.722222	H@100 0.790213
INFO:kbc-cli.py:Epoch 55/100	Loss 11.3671 ± 0.2105
INFO:kbc-cli.py:Epoch 56/100	Loss 11.3652 ± 0.2097
INFO:kbc-cli.py:Epoch 57/100	Loss 11.3629 ± 0.2139
INFO:kbc-cli.py:Epoch 57/100	dev results	MRR 0.357557	H@1 0.265212	H@3 0.393128	H@5 0.457314	H@10 0.545994	H@20 0.628628	H@50 0.725178	H@100 0.792558
INFO:kbc-cli.py:Epoch 57/100	test results	MRR 0.351352	H@1 0.258331	H@3 0.384198	H@5 0.452213	H@10 0.539724	H@20 0.622813	H@50 0.722833	H@100 0.790799
INFO:kbc-cli.py:Epoch 58/100	Loss 11.3605 ± 0.2109
INFO:kbc-cli.py:Epoch 59/100	Loss 11.3583 ± 0.2111
INFO:kbc-cli.py:Epoch 60/100	Loss 11.3562 ± 0.2174
INFO:kbc-cli.py:Epoch 60/100	dev results	MRR 0.357853	H@1 0.265526	H@3 0.393071	H@5 0.457542	H@10 0.545024	H@20 0.627687	H@50 0.725292	H@100 0.792558
INFO:kbc-cli.py:Epoch 60/100	test results	MRR 0.351874	H@1 0.259088	H@3 0.385420	H@5 0.451871	H@10 0.539407	H@20 0.623571	H@50 0.723102	H@100 0.790531
INFO:kbc-cli.py:Epoch 61/100	Loss 11.3538 ± 0.2101
INFO:kbc-cli.py:Epoch 62/100	Loss 11.3521 ± 0.2151
INFO:kbc-cli.py:Epoch 63/100	Loss 11.3499 ± 0.2105
INFO:kbc-cli.py:Epoch 63/100	dev results	MRR 0.357985	H@1 0.265469	H@3 0.392757	H@5 0.458141	H@10 0.545224	H@20 0.628087	H@50 0.725093	H@100 0.793214
INFO:kbc-cli.py:Epoch 63/100	test results	MRR 0.351826	H@1 0.259137	H@3 0.385127	H@5 0.452458	H@10 0.539651	H@20 0.623351	H@50 0.722906	H@100 0.791190
INFO:kbc-cli.py:Epoch 64/100	Loss 11.3482 ± 0.2113
INFO:kbc-cli.py:Epoch 65/100	Loss 11.3463 ± 0.2165
INFO:kbc-cli.py:Epoch 66/100	Loss 11.3446 ± 0.2134
INFO:kbc-cli.py:Epoch 66/100	dev results	MRR 0.357894	H@1 0.265555	H@3 0.392301	H@5 0.457114	H@10 0.546279	H@20 0.628400	H@50 0.725435	H@100 0.793470
INFO:kbc-cli.py:Epoch 66/100	test results	MRR 0.351856	H@1 0.259162	H@3 0.385078	H@5 0.451407	H@10 0.539407	H@20 0.623204	H@50 0.723884	H@100 0.791019
INFO:kbc-cli.py:Epoch 67/100	Loss 11.3424 ± 0.2150
INFO:kbc-cli.py:Epoch 68/100	Loss 11.3407 ± 0.2135
INFO:kbc-cli.py:Epoch 69/100	Loss 11.3387 ± 0.2136
INFO:kbc-cli.py:Epoch 69/100	dev results	MRR 0.358320	H@1 0.265982	H@3 0.393100	H@5 0.457428	H@10 0.546165	H@20 0.627573	H@50 0.726376	H@100 0.792643
INFO:kbc-cli.py:Epoch 69/100	test results	MRR 0.352032	H@1 0.259455	H@3 0.383954	H@5 0.452433	H@10 0.540848	H@20 0.623962	H@50 0.723419	H@100 0.791557
INFO:kbc-cli.py:Epoch 70/100	Loss 11.3372 ± 0.2100
INFO:kbc-cli.py:Epoch 71/100	Loss 11.3354 ± 0.2085
INFO:kbc-cli.py:Epoch 72/100	Loss 11.3339 ± 0.2110
INFO:kbc-cli.py:Epoch 72/100	dev results	MRR 0.358610	H@1 0.266581	H@3 0.393042	H@5 0.457314	H@10 0.545965	H@20 0.629398	H@50 0.726034	H@100 0.793214
INFO:kbc-cli.py:Epoch 72/100	test results	MRR 0.352300	H@1 0.259577	H@3 0.385371	H@5 0.451994	H@10 0.540848	H@20 0.623888	H@50 0.723419	H@100 0.791190
INFO:kbc-cli.py:Epoch 73/100	Loss 11.3325 ± 0.2050
INFO:kbc-cli.py:Epoch 74/100	Loss 11.3310 ± 0.2163
INFO:kbc-cli.py:Epoch 75/100	Loss 11.3295 ± 0.2121
INFO:kbc-cli.py:Epoch 75/100	dev results	MRR 0.358628	H@1 0.266382	H@3 0.393841	H@5 0.458312	H@10 0.545537	H@20 0.628828	H@50 0.726575	H@100 0.793812
INFO:kbc-cli.py:Epoch 75/100	test results	MRR 0.352642	H@1 0.260090	H@3 0.385517	H@5 0.452262	H@10 0.540066	H@20 0.623840	H@50 0.723712	H@100 0.791630
INFO:kbc-cli.py:Epoch 76/100	Loss 11.3279 ± 0.2168
INFO:kbc-cli.py:Epoch 77/100	Loss 11.3262 ± 0.2092
INFO:kbc-cli.py:Epoch 78/100	Loss 11.3248 ± 0.2124
INFO:kbc-cli.py:Epoch 78/100	dev results	MRR 0.358509	H@1 0.266125	H@3 0.393470	H@5 0.457656	H@10 0.545652	H@20 0.629170	H@50 0.726661	H@100 0.793413
INFO:kbc-cli.py:Epoch 78/100	test results	MRR 0.352421	H@1 0.259699	H@3 0.384565	H@5 0.452042	H@10 0.540384	H@20 0.623864	H@50 0.723908	H@100 0.791117
INFO:kbc-cli.py:Epoch 79/100	Loss 11.3237 ± 0.2110
INFO:kbc-cli.py:Epoch 80/100	Loss 11.3225 ± 0.2092
INFO:kbc-cli.py:Epoch 81/100	Loss 11.3210 ± 0.2094
INFO:kbc-cli.py:Epoch 81/100	dev results	MRR 0.358412	H@1 0.265925	H@3 0.393071	H@5 0.457685	H@10 0.546022	H@20 0.628914	H@50 0.725920	H@100 0.793983
INFO:kbc-cli.py:Epoch 81/100	test results	MRR 0.352133	H@1 0.259259	H@3 0.385004	H@5 0.452824	H@10 0.540653	H@20 0.623791	H@50 0.723615	H@100 0.791337
INFO:kbc-cli.py:Epoch 82/100	Loss 11.3192 ± 0.2137
INFO:kbc-cli.py:Epoch 83/100	Loss 11.3180 ± 0.2089
INFO:kbc-cli.py:Epoch 84/100	Loss 11.3167 ± 0.2126
INFO:kbc-cli.py:Epoch 84/100	dev results	MRR 0.358352	H@1 0.265868	H@3 0.393356	H@5 0.457685	H@10 0.545823	H@20 0.629142	H@50 0.726518	H@100 0.793527
INFO:kbc-cli.py:Epoch 84/100	test results	MRR 0.352576	H@1 0.259968	H@3 0.385517	H@5 0.452238	H@10 0.540286	H@20 0.624450	H@50 0.723884	H@100 0.791264
INFO:kbc-cli.py:Epoch 85/100	Loss 11.3156 ± 0.2114
INFO:kbc-cli.py:Epoch 86/100	Loss 11.3144 ± 0.2051
INFO:kbc-cli.py:Epoch 87/100	Loss 11.3132 ± 0.2062
INFO:kbc-cli.py:Epoch 87/100	dev results	MRR 0.358729	H@1 0.266439	H@3 0.393869	H@5 0.458312	H@10 0.546963	H@20 0.629199	H@50 0.727488	H@100 0.794098
INFO:kbc-cli.py:Epoch 87/100	test results	MRR 0.352598	H@1 0.259723	H@3 0.385908	H@5 0.453069	H@10 0.541093	H@20 0.624401	H@50 0.724348	H@100 0.791606
INFO:kbc-cli.py:Epoch 88/100	Loss 11.3119 ± 0.2103
INFO:kbc-cli.py:Epoch 89/100	Loss 11.3104 ± 0.2134
INFO:kbc-cli.py:Epoch 90/100	Loss 11.3095 ± 0.2098
INFO:kbc-cli.py:Epoch 90/100	dev results	MRR 0.358907	H@1 0.266695	H@3 0.393499	H@5 0.457970	H@10 0.546564	H@20 0.629541	H@50 0.727117	H@100 0.794240
INFO:kbc-cli.py:Epoch 90/100	test results	MRR 0.352944	H@1 0.260334	H@3 0.386226	H@5 0.453875	H@10 0.541703	H@20 0.625086	H@50 0.724519	H@100 0.791215
INFO:kbc-cli.py:Epoch 91/100	Loss 11.3083 ± 0.2120
INFO:kbc-cli.py:Epoch 92/100	Loss 11.3074 ± 0.2087
INFO:kbc-cli.py:Epoch 93/100	Loss 11.3062 ± 0.2126
INFO:kbc-cli.py:Epoch 93/100	dev results	MRR 0.358796	H@1 0.266182	H@3 0.394040	H@5 0.458512	H@10 0.545680	H@20 0.629541	H@50 0.727431	H@100 0.794725
INFO:kbc-cli.py:Epoch 93/100	test results	MRR 0.353057	H@1 0.260065	H@3 0.386373	H@5 0.453777	H@10 0.541093	H@20 0.624866	H@50 0.724494	H@100 0.791117
INFO:kbc-cli.py:Epoch 94/100	Loss 11.3051 ± 0.2170
INFO:kbc-cli.py:Epoch 95/100	Loss 11.3038 ± 0.2086
INFO:kbc-cli.py:Epoch 96/100	Loss 11.3028 ± 0.2108
INFO:kbc-cli.py:Epoch 96/100	dev results	MRR 0.359160	H@1 0.267265	H@3 0.392928	H@5 0.458055	H@10 0.545452	H@20 0.629798	H@50 0.727687	H@100 0.794582
INFO:kbc-cli.py:Epoch 96/100	test results	MRR 0.352510	H@1 0.259577	H@3 0.385908	H@5 0.452849	H@10 0.540970	H@20 0.624401	H@50 0.724030	H@100 0.791386
INFO:kbc-cli.py:Epoch 97/100	Loss 11.3017 ± 0.2160
INFO:kbc-cli.py:Epoch 98/100	Loss 11.3008 ± 0.2101
INFO:kbc-cli.py:Epoch 99/100	Loss 11.3000 ± 0.2132
INFO:kbc-cli.py:Epoch 99/100	dev results	MRR 0.358752	H@1 0.266125	H@3 0.393328	H@5 0.459139	H@10 0.546621	H@20 0.629626	H@50 0.727402	H@100 0.794554
INFO:kbc-cli.py:Epoch 99/100	test results	MRR 0.352396	H@1 0.259210	H@3 0.385517	H@5 0.453264	H@10 0.541190	H@20 0.624401	H@50 0.724470	H@100 0.791215
INFO:kbc-cli.py:Epoch 100/100	Loss 11.2988 ± 0.2045
INFO:kbc-cli.py:Final 	dev results	MRR 0.359547	H@1 0.267665	H@3 0.394069	H@5 0.459196	H@10 0.546307	H@20 0.629798	H@50 0.727602	H@100 0.794040
INFO:kbc-cli.py:Final 	test results	MRR 0.352641	H@1 0.259919	H@3 0.385786	H@5 0.453679	H@10 0.540946	H@20 0.624377	H@50 0.724885	H@100 0.791337
INFO:kbc-cli.py:Training finished
