./bin/kbc-cli.py --train data/fb15k-237/train.tsv --dev data/fb15k-237/dev.tsv --test data/fb15k-237/test.tsv -m complex -k 1000 -b 500 -e 100 --F2 0 --N3 0.1 -l 0.1 -I standard -V 3 -o adagrad -c so -q
{'F2': 0.0,
 'N3': 0.1,
 'batch_size': 500,
 'corruption': 'so',
 'dev': 'data/fb15k-237/dev.tsv',
 'embedding_size': 1000,
 'epochs': 100,
 'eval_batch_size': None,
 'input_type': 'standard',
 'learning_rate': 0.1,
 'load': None,
 'model': 'complex',
 'optimizer': 'adagrad',
 'quiet': True,
 'save': None,
 'seed': 0,
 'test': 'data/fb15k-237/test.tsv',
 'test_i': None,
 'test_ii': None,
 'train': 'data/fb15k-237/train.tsv',
 'validate_every': 3}
INFO:kbc-cli.py:Device: cuda
INFO:kbc-cli.py:Model state:
INFO:kbc-cli.py:	entities.weight	torch.Size([14541, 2000])
INFO:kbc-cli.py:	predicates.weight	torch.Size([237, 2000])
INFO:kbc-cli.py:Epoch 1/100	Loss 15.5079 ± 1.7611
INFO:kbc-cli.py:Epoch 2/100	Loss 13.0121 ± 0.1223
INFO:kbc-cli.py:Epoch 3/100	Loss 12.4489 ± 0.1533
INFO:kbc-cli.py:Epoch 3/100	dev results	MRR 0.331426	H@1 0.242087	H@3 0.363045	H@5 0.425520	H@10 0.511406	H@20 0.594924	H@50 0.698289	H@100 0.768007
INFO:kbc-cli.py:Epoch 3/100	test results	MRR 0.326641	H@1 0.236856	H@3 0.359034	H@5 0.422750	H@10 0.506621	H@20 0.589172	H@50 0.694151	H@100 0.763070
INFO:kbc-cli.py:Epoch 4/100	Loss 12.1859 ± 0.1764
INFO:kbc-cli.py:Epoch 5/100	Loss 12.0294 ± 0.1795
INFO:kbc-cli.py:Epoch 6/100	Loss 11.9225 ± 0.1825
INFO:kbc-cli.py:Epoch 6/100	dev results	MRR 0.348302	H@1 0.256344	H@3 0.382293	H@5 0.446992	H@10 0.532022	H@20 0.617052	H@50 0.717679	H@100 0.786113
INFO:kbc-cli.py:Epoch 6/100	test results	MRR 0.341532	H@1 0.248852	H@3 0.375428	H@5 0.442197	H@10 0.528902	H@20 0.611038	H@50 0.714111	H@100 0.783788
INFO:kbc-cli.py:Epoch 7/100	Loss 11.8447 ± 0.1739
INFO:kbc-cli.py:Epoch 8/100	Loss 11.7844 ± 0.1745
INFO:kbc-cli.py:Epoch 9/100	Loss 11.7361 ± 0.1766
INFO:kbc-cli.py:Epoch 9/100	dev results	MRR 0.352199	H@1 0.260393	H@3 0.383747	H@5 0.450385	H@10 0.540376	H@20 0.623553	H@50 0.724266	H@100 0.791617
INFO:kbc-cli.py:Epoch 9/100	test results	MRR 0.347080	H@1 0.254007	H@3 0.381755	H@5 0.445568	H@10 0.535718	H@20 0.620664	H@50 0.721978	H@100 0.789456
INFO:kbc-cli.py:Epoch 10/100	Loss 11.6961 ± 0.1702
INFO:kbc-cli.py:Epoch 11/100	Loss 11.6620 ± 0.1726
INFO:kbc-cli.py:Epoch 12/100	Loss 11.6327 ± 0.1718
INFO:kbc-cli.py:Epoch 12/100	dev results	MRR 0.354923	H@1 0.262019	H@3 0.388737	H@5 0.456088	H@10 0.543114	H@20 0.628600	H@50 0.727687	H@100 0.795124
INFO:kbc-cli.py:Epoch 12/100	test results	MRR 0.348761	H@1 0.255106	H@3 0.382464	H@5 0.451138	H@10 0.539871	H@20 0.621958	H@50 0.724568	H@100 0.792583
INFO:kbc-cli.py:Epoch 13/100	Loss 11.6076 ± 0.1610
INFO:kbc-cli.py:Epoch 14/100	Loss 11.5852 ± 0.1669
INFO:kbc-cli.py:Epoch 15/100	Loss 11.5649 ± 0.1616
INFO:kbc-cli.py:Epoch 15/100	dev results	MRR 0.357964	H@1 0.263502	H@3 0.394098	H@5 0.460308	H@10 0.545595	H@20 0.631737	H@50 0.730510	H@100 0.798004
INFO:kbc-cli.py:Epoch 15/100	test results	MRR 0.352607	H@1 0.257403	H@3 0.388083	H@5 0.455927	H@10 0.542681	H@20 0.626356	H@50 0.727719	H@100 0.795197
INFO:kbc-cli.py:Epoch 16/100	Loss 11.5470 ± 0.1672
INFO:kbc-cli.py:Epoch 17/100	Loss 11.5316 ± 0.1562
INFO:kbc-cli.py:Epoch 18/100	Loss 11.5160 ± 0.1552
INFO:kbc-cli.py:Epoch 18/100	dev results	MRR 0.359021	H@1 0.264728	H@3 0.395153	H@5 0.460821	H@10 0.549045	H@20 0.632620	H@50 0.732022	H@100 0.798859
INFO:kbc-cli.py:Epoch 18/100	test results	MRR 0.353141	H@1 0.259015	H@3 0.387765	H@5 0.454217	H@10 0.545075	H@20 0.627162	H@50 0.728012	H@100 0.796883
INFO:kbc-cli.py:Epoch 19/100	Loss 11.5024 ± 0.1486
INFO:kbc-cli.py:Epoch 20/100	Loss 11.4906 ± 0.1499
INFO:kbc-cli.py:Epoch 21/100	Loss 11.4790 ± 0.1481
INFO:kbc-cli.py:Epoch 21/100	dev results	MRR 0.359808	H@1 0.266210	H@3 0.395466	H@5 0.460992	H@10 0.548589	H@20 0.632849	H@50 0.733533	H@100 0.799430
INFO:kbc-cli.py:Epoch 21/100	test results	MRR 0.354226	H@1 0.259601	H@3 0.390037	H@5 0.456562	H@10 0.545881	H@20 0.627480	H@50 0.729185	H@100 0.797274
INFO:kbc-cli.py:Epoch 22/100	Loss 11.4680 ± 0.1502
INFO:kbc-cli.py:Epoch 23/100	Loss 11.4573 ± 0.1473
INFO:kbc-cli.py:Epoch 24/100	Loss 11.4487 ± 0.1481
INFO:kbc-cli.py:Epoch 24/100	dev results	MRR 0.360809	H@1 0.266980	H@3 0.397804	H@5 0.462447	H@10 0.549045	H@20 0.632678	H@50 0.733790	H@100 0.800998
INFO:kbc-cli.py:Epoch 24/100	test results	MRR 0.355500	H@1 0.260872	H@3 0.391283	H@5 0.458126	H@10 0.547029	H@20 0.629239	H@50 0.730578	H@100 0.797054
INFO:kbc-cli.py:Epoch 25/100	Loss 11.4392 ± 0.1460
INFO:kbc-cli.py:Epoch 26/100	Loss 11.4313 ± 0.1385
INFO:kbc-cli.py:Epoch 27/100	Loss 11.4237 ± 0.1442
INFO:kbc-cli.py:Epoch 27/100	dev results	MRR 0.362493	H@1 0.268206	H@3 0.398375	H@5 0.465298	H@10 0.552780	H@20 0.635500	H@50 0.734759	H@100 0.800456
INFO:kbc-cli.py:Epoch 27/100	test results	MRR 0.357758	H@1 0.263510	H@3 0.393482	H@5 0.459372	H@10 0.549326	H@20 0.630827	H@50 0.731506	H@100 0.798739
INFO:kbc-cli.py:Epoch 28/100	Loss 11.4160 ± 0.1402
INFO:kbc-cli.py:Epoch 29/100	Loss 11.4091 ± 0.1411
INFO:kbc-cli.py:Epoch 30/100	Loss 11.4023 ± 0.1427
INFO:kbc-cli.py:Epoch 30/100	dev results	MRR 0.361923	H@1 0.267636	H@3 0.398090	H@5 0.464157	H@10 0.551668	H@20 0.635814	H@50 0.735187	H@100 0.802025
INFO:kbc-cli.py:Epoch 30/100	test results	MRR 0.356559	H@1 0.261947	H@3 0.392554	H@5 0.459274	H@10 0.547493	H@20 0.630314	H@50 0.731066	H@100 0.799668
INFO:kbc-cli.py:Epoch 31/100	Loss 11.3961 ± 0.1341
INFO:kbc-cli.py:Epoch 32/100	Loss 11.3898 ± 0.1366
INFO:kbc-cli.py:Epoch 33/100	Loss 11.3841 ± 0.1311
INFO:kbc-cli.py:Epoch 33/100	dev results	MRR 0.362649	H@1 0.268149	H@3 0.399772	H@5 0.464271	H@10 0.551411	H@20 0.635016	H@50 0.734474	H@100 0.802310
INFO:kbc-cli.py:Epoch 33/100	test results	MRR 0.357299	H@1 0.262069	H@3 0.393848	H@5 0.460178	H@10 0.549081	H@20 0.631438	H@50 0.731726	H@100 0.800059
INFO:kbc-cli.py:Epoch 34/100	Loss 11.3788 ± 0.1326
INFO:kbc-cli.py:Epoch 35/100	Loss 11.3732 ± 0.1341
INFO:kbc-cli.py:Epoch 36/100	Loss 11.3681 ± 0.1290
INFO:kbc-cli.py:Epoch 36/100	dev results	MRR 0.363192	H@1 0.268891	H@3 0.399031	H@5 0.465840	H@10 0.552466	H@20 0.636156	H@50 0.735215	H@100 0.802053
INFO:kbc-cli.py:Epoch 36/100	test results	MRR 0.357992	H@1 0.263755	H@3 0.392309	H@5 0.461912	H@10 0.548446	H@20 0.631560	H@50 0.733656	H@100 0.801134
INFO:kbc-cli.py:Epoch 37/100	Loss 11.3636 ± 0.1313
INFO:kbc-cli.py:Epoch 38/100	Loss 11.3588 ± 0.1309
INFO:kbc-cli.py:Epoch 39/100	Loss 11.3544 ± 0.1273
INFO:kbc-cli.py:Epoch 39/100	dev results	MRR 0.363787	H@1 0.269917	H@3 0.401340	H@5 0.465925	H@10 0.553008	H@20 0.635672	H@50 0.735073	H@100 0.802310
INFO:kbc-cli.py:Epoch 39/100	test results	MRR 0.358123	H@1 0.263217	H@3 0.396072	H@5 0.461057	H@10 0.548324	H@20 0.632073	H@50 0.732483	H@100 0.799985
INFO:kbc-cli.py:Epoch 40/100	Loss 11.3503 ± 0.1314
INFO:kbc-cli.py:Epoch 41/100	Loss 11.3455 ± 0.1283
INFO:kbc-cli.py:Epoch 42/100	Loss 11.3420 ± 0.1248
INFO:kbc-cli.py:Epoch 42/100	dev results	MRR 0.363610	H@1 0.269889	H@3 0.399173	H@5 0.466781	H@10 0.551896	H@20 0.636099	H@50 0.736384	H@100 0.802196
INFO:kbc-cli.py:Epoch 42/100	test results	MRR 0.357854	H@1 0.263486	H@3 0.393824	H@5 0.461326	H@10 0.549594	H@20 0.632415	H@50 0.733680	H@100 0.800254
INFO:kbc-cli.py:Epoch 43/100	Loss 11.3381 ± 0.1281
INFO:kbc-cli.py:Epoch 44/100	Loss 11.3337 ± 0.1245
INFO:kbc-cli.py:Epoch 45/100	Loss 11.3311 ± 0.1298
INFO:kbc-cli.py:Epoch 45/100	dev results	MRR 0.364052	H@1 0.269376	H@3 0.401967	H@5 0.465697	H@10 0.553265	H@20 0.635358	H@50 0.735729	H@100 0.802566
INFO:kbc-cli.py:Epoch 45/100	test results	MRR 0.358325	H@1 0.262973	H@3 0.395314	H@5 0.462597	H@10 0.549765	H@20 0.631340	H@50 0.732434	H@100 0.800376
INFO:kbc-cli.py:Epoch 46/100	Loss 11.3272 ± 0.1259
INFO:kbc-cli.py:Epoch 47/100	Loss 11.3233 ± 0.1272
INFO:kbc-cli.py:Epoch 48/100	Loss 11.3203 ± 0.1292
INFO:kbc-cli.py:Epoch 48/100	dev results	MRR 0.364359	H@1 0.270259	H@3 0.400969	H@5 0.466096	H@10 0.554092	H@20 0.636071	H@50 0.736498	H@100 0.802880
INFO:kbc-cli.py:Epoch 48/100	test results	MRR 0.359684	H@1 0.264952	H@3 0.395412	H@5 0.462450	H@10 0.549472	H@20 0.632635	H@50 0.733729	H@100 0.801744
INFO:kbc-cli.py:Epoch 49/100	Loss 11.3172 ± 0.1293
INFO:kbc-cli.py:Epoch 50/100	Loss 11.3139 ± 0.1207
INFO:kbc-cli.py:Epoch 51/100	Loss 11.3109 ± 0.1208
INFO:kbc-cli.py:Epoch 51/100	dev results	MRR 0.364515	H@1 0.269832	H@3 0.400855	H@5 0.467921	H@10 0.554634	H@20 0.636955	H@50 0.737240	H@100 0.804790
INFO:kbc-cli.py:Epoch 51/100	test results	MRR 0.359509	H@1 0.265074	H@3 0.394826	H@5 0.463085	H@10 0.549717	H@20 0.633197	H@50 0.734315	H@100 0.801549
INFO:kbc-cli.py:Epoch 52/100	Loss 11.3085 ± 0.1242
INFO:kbc-cli.py:Epoch 53/100	Loss 11.3051 ± 0.1308
INFO:kbc-cli.py:Epoch 54/100	Loss 11.3023 ± 0.1249
INFO:kbc-cli.py:Epoch 54/100	dev results	MRR 0.364883	H@1 0.270602	H@3 0.401084	H@5 0.468035	H@10 0.553008	H@20 0.636727	H@50 0.736555	H@100 0.803849
INFO:kbc-cli.py:Epoch 54/100	test results	MRR 0.359105	H@1 0.264561	H@3 0.394850	H@5 0.461790	H@10 0.550425	H@20 0.632928	H@50 0.733851	H@100 0.801793
INFO:kbc-cli.py:Epoch 55/100	Loss 11.2999 ± 0.1203
INFO:kbc-cli.py:Epoch 56/100	Loss 11.2977 ± 0.1219
INFO:kbc-cli.py:Epoch 57/100	Loss 11.2952 ± 0.1194
INFO:kbc-cli.py:Epoch 57/100	dev results	MRR 0.365090	H@1 0.270488	H@3 0.401853	H@5 0.466353	H@10 0.556230	H@20 0.637668	H@50 0.735614	H@100 0.803108
INFO:kbc-cli.py:Epoch 57/100	test results	MRR 0.359380	H@1 0.264487	H@3 0.395558	H@5 0.462474	H@10 0.551622	H@20 0.633514	H@50 0.734047	H@100 0.801573
INFO:kbc-cli.py:Epoch 58/100	Loss 11.2924 ± 0.1255
INFO:kbc-cli.py:Epoch 59/100	Loss 11.2896 ± 0.1173
INFO:kbc-cli.py:Epoch 60/100	Loss 11.2878 ± 0.1233
INFO:kbc-cli.py:Epoch 60/100	dev results	MRR 0.365736	H@1 0.271828	H@3 0.401939	H@5 0.467094	H@10 0.553835	H@20 0.636869	H@50 0.736898	H@100 0.804078
INFO:kbc-cli.py:Epoch 60/100	test results	MRR 0.360244	H@1 0.266246	H@3 0.395925	H@5 0.462010	H@10 0.548910	H@20 0.632757	H@50 0.734389	H@100 0.801329
INFO:kbc-cli.py:Epoch 61/100	Loss 11.2852 ± 0.1158
INFO:kbc-cli.py:Epoch 62/100	Loss 11.2831 ± 0.1220
INFO:kbc-cli.py:Epoch 63/100	Loss 11.2808 ± 0.1204
INFO:kbc-cli.py:Epoch 63/100	dev results	MRR 0.365444	H@1 0.271400	H@3 0.402053	H@5 0.467950	H@10 0.554634	H@20 0.637382	H@50 0.737354	H@100 0.804021
INFO:kbc-cli.py:Epoch 63/100	test results	MRR 0.359803	H@1 0.265294	H@3 0.395119	H@5 0.462743	H@10 0.550107	H@20 0.633319	H@50 0.734780	H@100 0.801891
INFO:kbc-cli.py:Epoch 64/100	Loss 11.2786 ± 0.1241
INFO:kbc-cli.py:Epoch 65/100	Loss 11.2767 ± 0.1233
INFO:kbc-cli.py:Epoch 66/100	Loss 11.2747 ± 0.1197
INFO:kbc-cli.py:Epoch 66/100	dev results	MRR 0.364748	H@1 0.270602	H@3 0.402110	H@5 0.465897	H@10 0.555061	H@20 0.637268	H@50 0.736670	H@100 0.804477
INFO:kbc-cli.py:Epoch 66/100	test results	MRR 0.359834	H@1 0.265660	H@3 0.395681	H@5 0.461790	H@10 0.550425	H@20 0.632903	H@50 0.733754	H@100 0.802086
INFO:kbc-cli.py:Epoch 67/100	Loss 11.2726 ± 0.1146
INFO:kbc-cli.py:Epoch 68/100	Loss 11.2705 ± 0.1177
INFO:kbc-cli.py:Epoch 69/100	Loss 11.2681 ± 0.1203
INFO:kbc-cli.py:Epoch 69/100	dev results	MRR 0.366456	H@1 0.272740	H@3 0.402880	H@5 0.466952	H@10 0.555118	H@20 0.638010	H@50 0.737012	H@100 0.804249
INFO:kbc-cli.py:Epoch 69/100	test results	MRR 0.360259	H@1 0.265514	H@3 0.395681	H@5 0.463232	H@10 0.551060	H@20 0.633807	H@50 0.734535	H@100 0.801744
INFO:kbc-cli.py:Epoch 70/100	Loss 11.2665 ± 0.1162
INFO:kbc-cli.py:Epoch 71/100	Loss 11.2646 ± 0.1178
INFO:kbc-cli.py:Epoch 72/100	Loss 11.2631 ± 0.1163
INFO:kbc-cli.py:Epoch 72/100	dev results	MRR 0.366206	H@1 0.272198	H@3 0.402281	H@5 0.467094	H@10 0.555147	H@20 0.638437	H@50 0.737867	H@100 0.804135
INFO:kbc-cli.py:Epoch 72/100	test results	MRR 0.361159	H@1 0.266931	H@3 0.395925	H@5 0.463036	H@10 0.552013	H@20 0.634100	H@50 0.734706	H@100 0.802355
INFO:kbc-cli.py:Epoch 73/100	Loss 11.2612 ± 0.1203
INFO:kbc-cli.py:Epoch 74/100	Loss 11.2596 ± 0.1252
INFO:kbc-cli.py:Epoch 75/100	Loss 11.2578 ± 0.1192
INFO:kbc-cli.py:Epoch 75/100	dev results	MRR 0.366403	H@1 0.272398	H@3 0.403365	H@5 0.467608	H@10 0.555175	H@20 0.638808	H@50 0.737468	H@100 0.804562
INFO:kbc-cli.py:Epoch 75/100	test results	MRR 0.361011	H@1 0.266857	H@3 0.396291	H@5 0.463085	H@10 0.549790	H@20 0.633368	H@50 0.734951	H@100 0.801793
INFO:kbc-cli.py:Epoch 76/100	Loss 11.2560 ± 0.1191
INFO:kbc-cli.py:Epoch 77/100	Loss 11.2546 ± 0.1111
INFO:kbc-cli.py:Epoch 78/100	Loss 11.2526 ± 0.1184
INFO:kbc-cli.py:Epoch 78/100	dev results	MRR 0.366089	H@1 0.272141	H@3 0.402281	H@5 0.467408	H@10 0.555204	H@20 0.637953	H@50 0.737468	H@100 0.804448
INFO:kbc-cli.py:Epoch 78/100	test results	MRR 0.360916	H@1 0.267004	H@3 0.395901	H@5 0.463207	H@10 0.551182	H@20 0.634540	H@50 0.734682	H@100 0.802135
INFO:kbc-cli.py:Epoch 79/100	Loss 11.2516 ± 0.1201
INFO:kbc-cli.py:Epoch 80/100	Loss 11.2497 ± 0.1140
INFO:kbc-cli.py:Epoch 81/100	Loss 11.2481 ± 0.1169
INFO:kbc-cli.py:Epoch 81/100	dev results	MRR 0.366129	H@1 0.271856	H@3 0.402139	H@5 0.467978	H@10 0.554976	H@20 0.637439	H@50 0.736926	H@100 0.803849
INFO:kbc-cli.py:Epoch 81/100	test results	MRR 0.360719	H@1 0.266760	H@3 0.394728	H@5 0.463256	H@10 0.550694	H@20 0.633856	H@50 0.734755	H@100 0.802404
INFO:kbc-cli.py:Epoch 82/100	Loss 11.2461 ± 0.1186
INFO:kbc-cli.py:Epoch 83/100	Loss 11.2452 ± 0.1099
INFO:kbc-cli.py:Epoch 84/100	Loss 11.2432 ± 0.1108
INFO:kbc-cli.py:Epoch 84/100	dev results	MRR 0.367175	H@1 0.273567	H@3 0.404078	H@5 0.468064	H@10 0.554577	H@20 0.638323	H@50 0.736841	H@100 0.804477
INFO:kbc-cli.py:Epoch 84/100	test results	MRR 0.361513	H@1 0.267126	H@3 0.398002	H@5 0.462939	H@10 0.550645	H@20 0.634125	H@50 0.735219	H@100 0.802551
INFO:kbc-cli.py:Epoch 85/100	Loss 11.2422 ± 0.1129
INFO:kbc-cli.py:Epoch 86/100	Loss 11.2406 ± 0.1125
INFO:kbc-cli.py:Epoch 87/100	Loss 11.2397 ± 0.1123
INFO:kbc-cli.py:Epoch 87/100	dev results	MRR 0.366361	H@1 0.272227	H@3 0.403023	H@5 0.468349	H@10 0.556801	H@20 0.638323	H@50 0.738067	H@100 0.804790
INFO:kbc-cli.py:Epoch 87/100	test results	MRR 0.361073	H@1 0.266979	H@3 0.395803	H@5 0.463110	H@10 0.551671	H@20 0.634345	H@50 0.735342	H@100 0.802819
INFO:kbc-cli.py:Epoch 88/100	Loss 11.2381 ± 0.1123
INFO:kbc-cli.py:Epoch 89/100	Loss 11.2369 ± 0.1136
INFO:kbc-cli.py:Epoch 90/100	Loss 11.2355 ± 0.1091
INFO:kbc-cli.py:Epoch 90/100	dev results	MRR 0.366438	H@1 0.271999	H@3 0.403051	H@5 0.467579	H@10 0.555860	H@20 0.639093	H@50 0.737753	H@100 0.804591
INFO:kbc-cli.py:Epoch 90/100	test results	MRR 0.361931	H@1 0.268030	H@3 0.397684	H@5 0.464282	H@10 0.551744	H@20 0.633783	H@50 0.736294	H@100 0.802697
INFO:kbc-cli.py:Epoch 91/100	Loss 11.2343 ± 0.1152
INFO:kbc-cli.py:Epoch 92/100	Loss 11.2330 ± 0.1158
INFO:kbc-cli.py:Epoch 93/100	Loss 11.2314 ± 0.1210
INFO:kbc-cli.py:Epoch 93/100	dev results	MRR 0.366762	H@1 0.272769	H@3 0.402538	H@5 0.468748	H@10 0.556088	H@20 0.638523	H@50 0.737582	H@100 0.804847
INFO:kbc-cli.py:Epoch 93/100	test results	MRR 0.362063	H@1 0.267908	H@3 0.398099	H@5 0.465284	H@10 0.551744	H@20 0.634345	H@50 0.735293	H@100 0.801964
INFO:kbc-cli.py:Epoch 94/100	Loss 11.2304 ± 0.1100
INFO:kbc-cli.py:Epoch 95/100	Loss 11.2295 ± 0.1128
INFO:kbc-cli.py:Epoch 96/100	Loss 11.2277 ± 0.1162
INFO:kbc-cli.py:Epoch 96/100	dev results	MRR 0.367061	H@1 0.273054	H@3 0.403365	H@5 0.467864	H@10 0.555575	H@20 0.638295	H@50 0.737496	H@100 0.804819
INFO:kbc-cli.py:Epoch 96/100	test results	MRR 0.361363	H@1 0.266784	H@3 0.397195	H@5 0.464062	H@10 0.551549	H@20 0.634271	H@50 0.736099	H@100 0.802893
INFO:kbc-cli.py:Epoch 97/100	Loss 11.2270 ± 0.1149
INFO:kbc-cli.py:Epoch 98/100	Loss 11.2255 ± 0.1110
INFO:kbc-cli.py:Epoch 99/100	Loss 11.2245 ± 0.1139
INFO:kbc-cli.py:Epoch 99/100	dev results	MRR 0.367148	H@1 0.273453	H@3 0.404135	H@5 0.468235	H@10 0.555632	H@20 0.638209	H@50 0.737240	H@100 0.804819
INFO:kbc-cli.py:Epoch 99/100	test results	MRR 0.361650	H@1 0.267395	H@3 0.398490	H@5 0.463549	H@10 0.551402	H@20 0.634100	H@50 0.735219	H@100 0.802648
INFO:kbc-cli.py:Epoch 100/100	Loss 11.2235 ± 0.1126
INFO:kbc-cli.py:Final 	dev results	MRR 0.366811	H@1 0.272883	H@3 0.402680	H@5 0.468007	H@10 0.555774	H@20 0.638266	H@50 0.738181	H@100 0.805703
INFO:kbc-cli.py:Final 	test results	MRR 0.361543	H@1 0.267273	H@3 0.397049	H@5 0.464282	H@10 0.551134	H@20 0.635517	H@50 0.735317	H@100 0.802844
INFO:kbc-cli.py:Training finished
