./bin/kbc-cli.py --train data/fb15k-237/train.tsv --dev data/fb15k-237/dev.tsv --test data/fb15k-237/test.tsv -m complex -k 200 -b 500 -e 100 --F2 0 --N3 0.05 -l 0.1 -I standard -V 3 -o adagrad -c spo -q
{'F2': 0.0,
 'N3': 0.05,
 'batch_size': 500,
 'corruption': 'spo',
 'dev': 'data/fb15k-237/dev.tsv',
 'embedding_size': 200,
 'epochs': 100,
 'eval_batch_size': None,
 'input_type': 'standard',
 'learning_rate': 0.1,
 'load': None,
 'model': 'complex',
 'optimizer': 'adagrad',
 'quiet': True,
 'save': None,
 'seed': 0,
 'test': 'data/fb15k-237/test.tsv',
 'test_i': None,
 'test_ii': None,
 'train': 'data/fb15k-237/train.tsv',
 'validate_every': 3}
INFO:kbc-cli.py:Device: cuda
INFO:kbc-cli.py:Model state:
INFO:kbc-cli.py:	entities.weight	torch.Size([14541, 400])
INFO:kbc-cli.py:	predicates.weight	torch.Size([237, 400])
INFO:kbc-cli.py:Epoch 1/100	Loss 15.9214 ± 2.9567
INFO:kbc-cli.py:Epoch 2/100	Loss 11.6715 ± 0.1201
INFO:kbc-cli.py:Epoch 3/100	Loss 10.7761 ± 0.1670
INFO:kbc-cli.py:Epoch 3/100	dev results	MRR 0.329955	H@1 0.242686	H@3 0.360536	H@5 0.423040	H@10 0.506929	H@20 0.588537	H@50 0.688765	H@100 0.757342
INFO:kbc-cli.py:Epoch 3/100	test results	MRR 0.325128	H@1 0.237833	H@3 0.355663	H@5 0.419989	H@10 0.500831	H@20 0.583627	H@50 0.683719	H@100 0.753933
INFO:kbc-cli.py:Epoch 4/100	Loss 10.3911 ± 0.1906
INFO:kbc-cli.py:Epoch 5/100	Loss 10.1776 ± 0.1930
INFO:kbc-cli.py:Epoch 6/100	Loss 10.0399 ± 0.1856
INFO:kbc-cli.py:Epoch 6/100	dev results	MRR 0.340831	H@1 0.251041	H@3 0.372569	H@5 0.437040	H@10 0.522384	H@20 0.603365	H@50 0.704762	H@100 0.772655
INFO:kbc-cli.py:Epoch 6/100	test results	MRR 0.335415	H@1 0.245822	H@3 0.365875	H@5 0.432107	H@10 0.518005	H@20 0.598090	H@50 0.700552	H@100 0.768519
INFO:kbc-cli.py:Epoch 7/100	Loss 9.9423 ± 0.1749
INFO:kbc-cli.py:Epoch 8/100	Loss 9.8678 ± 0.1753
INFO:kbc-cli.py:Epoch 9/100	Loss 9.8095 ± 0.1774
INFO:kbc-cli.py:Epoch 9/100	dev results	MRR 0.342853	H@1 0.252267	H@3 0.376190	H@5 0.439008	H@10 0.525920	H@20 0.606444	H@50 0.707699	H@100 0.775763
INFO:kbc-cli.py:Epoch 9/100	test results	MRR 0.339119	H@1 0.248852	H@3 0.371177	H@5 0.435478	H@10 0.521646	H@20 0.603684	H@50 0.703972	H@100 0.773405
INFO:kbc-cli.py:Epoch 10/100	Loss 9.7608 ± 0.1676
INFO:kbc-cli.py:Epoch 11/100	Loss 9.7202 ± 0.1725
INFO:kbc-cli.py:Epoch 12/100	Loss 9.6856 ± 0.1679
INFO:kbc-cli.py:Epoch 12/100	dev results	MRR 0.344263	H@1 0.253522	H@3 0.378814	H@5 0.440975	H@10 0.527802	H@20 0.608355	H@50 0.711577	H@100 0.777588
INFO:kbc-cli.py:Epoch 12/100	test results	MRR 0.339206	H@1 0.248436	H@3 0.373033	H@5 0.435429	H@10 0.522403	H@20 0.604955	H@50 0.706562	H@100 0.774773
INFO:kbc-cli.py:Epoch 13/100	Loss 9.6553 ± 0.1576
INFO:kbc-cli.py:Epoch 14/100	Loss 9.6287 ± 0.1665
INFO:kbc-cli.py:Epoch 15/100	Loss 9.6046 ± 0.1553
INFO:kbc-cli.py:Epoch 15/100	dev results	MRR 0.345932	H@1 0.255204	H@3 0.379441	H@5 0.442315	H@10 0.528828	H@20 0.610379	H@50 0.712005	H@100 0.777816
INFO:kbc-cli.py:Epoch 15/100	test results	MRR 0.341037	H@1 0.250489	H@3 0.374084	H@5 0.437384	H@10 0.522940	H@20 0.607862	H@50 0.706880	H@100 0.776214
INFO:kbc-cli.py:Epoch 16/100	Loss 9.5833 ± 0.1582
INFO:kbc-cli.py:Epoch 17/100	Loss 9.5647 ± 0.1502
INFO:kbc-cli.py:Epoch 18/100	Loss 9.5469 ± 0.1527
INFO:kbc-cli.py:Epoch 18/100	dev results	MRR 0.347092	H@1 0.256230	H@3 0.381551	H@5 0.442943	H@10 0.529569	H@20 0.610123	H@50 0.713003	H@100 0.779527
INFO:kbc-cli.py:Epoch 18/100	test results	MRR 0.341087	H@1 0.250366	H@3 0.373840	H@5 0.437115	H@10 0.525286	H@20 0.609108	H@50 0.707906	H@100 0.777020
INFO:kbc-cli.py:Epoch 19/100	Loss 9.5307 ± 0.1464
INFO:kbc-cli.py:Epoch 20/100	Loss 9.5161 ± 0.1449
INFO:kbc-cli.py:Epoch 21/100	Loss 9.5023 ± 0.1413
INFO:kbc-cli.py:Epoch 21/100	dev results	MRR 0.347504	H@1 0.256658	H@3 0.382064	H@5 0.444454	H@10 0.529341	H@20 0.612062	H@50 0.713887	H@100 0.779584
INFO:kbc-cli.py:Epoch 21/100	test results	MRR 0.342064	H@1 0.250831	H@3 0.375574	H@5 0.439534	H@10 0.526483	H@20 0.609474	H@50 0.708907	H@100 0.777778
INFO:kbc-cli.py:Epoch 22/100	Loss 9.4899 ± 0.1433
INFO:kbc-cli.py:Epoch 23/100	Loss 9.4774 ± 0.1422
INFO:kbc-cli.py:Epoch 24/100	Loss 9.4668 ± 0.1421
INFO:kbc-cli.py:Epoch 24/100	dev results	MRR 0.347632	H@1 0.256715	H@3 0.381437	H@5 0.444055	H@10 0.530339	H@20 0.612204	H@50 0.713259	H@100 0.780895
INFO:kbc-cli.py:Epoch 24/100	test results	MRR 0.342994	H@1 0.252248	H@3 0.375599	H@5 0.439143	H@10 0.527362	H@20 0.610012	H@50 0.709811	H@100 0.776972
INFO:kbc-cli.py:Epoch 25/100	Loss 9.4557 ± 0.1430
INFO:kbc-cli.py:Epoch 26/100	Loss 9.4460 ± 0.1381
INFO:kbc-cli.py:Epoch 27/100	Loss 9.4371 ± 0.1375
INFO:kbc-cli.py:Epoch 27/100	dev results	MRR 0.348054	H@1 0.257114	H@3 0.382236	H@5 0.445880	H@10 0.530938	H@20 0.614343	H@50 0.714086	H@100 0.781095
INFO:kbc-cli.py:Epoch 27/100	test results	MRR 0.343035	H@1 0.252468	H@3 0.374426	H@5 0.439119	H@10 0.526092	H@20 0.612064	H@50 0.710202	H@100 0.777436
INFO:kbc-cli.py:Epoch 28/100	Loss 9.4282 ± 0.1354
INFO:kbc-cli.py:Epoch 29/100	Loss 9.4199 ± 0.1333
INFO:kbc-cli.py:Epoch 30/100	Loss 9.4119 ± 0.1347
INFO:kbc-cli.py:Epoch 30/100	dev results	MRR 0.348087	H@1 0.256145	H@3 0.384089	H@5 0.445908	H@10 0.531423	H@20 0.613088	H@50 0.713858	H@100 0.781266
INFO:kbc-cli.py:Epoch 30/100	test results	MRR 0.342887	H@1 0.251222	H@3 0.376136	H@5 0.439729	H@10 0.527656	H@20 0.611649	H@50 0.709763	H@100 0.778047
INFO:kbc-cli.py:Epoch 31/100	Loss 9.4043 ± 0.1299
INFO:kbc-cli.py:Epoch 32/100	Loss 9.3968 ± 0.1340
INFO:kbc-cli.py:Epoch 33/100	Loss 9.3902 ± 0.1270
INFO:kbc-cli.py:Epoch 33/100	dev results	MRR 0.348848	H@1 0.257628	H@3 0.382891	H@5 0.446536	H@10 0.531993	H@20 0.613031	H@50 0.713858	H@100 0.781152
INFO:kbc-cli.py:Epoch 33/100	test results	MRR 0.342982	H@1 0.251222	H@3 0.375305	H@5 0.440584	H@10 0.529439	H@20 0.612064	H@50 0.710227	H@100 0.778242
INFO:kbc-cli.py:Epoch 34/100	Loss 9.3837 ± 0.1271
INFO:kbc-cli.py:Epoch 35/100	Loss 9.3773 ± 0.1302
INFO:kbc-cli.py:Epoch 36/100	Loss 9.3714 ± 0.1229
INFO:kbc-cli.py:Epoch 36/100	dev results	MRR 0.347933	H@1 0.256316	H@3 0.383319	H@5 0.445823	H@10 0.531936	H@20 0.613658	H@50 0.714856	H@100 0.781466
INFO:kbc-cli.py:Epoch 36/100	test results	MRR 0.343210	H@1 0.251759	H@3 0.376502	H@5 0.439461	H@10 0.528926	H@20 0.612333	H@50 0.710789	H@100 0.778462
INFO:kbc-cli.py:Epoch 37/100	Loss 9.3656 ± 0.1246
INFO:kbc-cli.py:Epoch 38/100	Loss 9.3604 ± 0.1287
INFO:kbc-cli.py:Epoch 39/100	Loss 9.3549 ± 0.1211
INFO:kbc-cli.py:Epoch 39/100	dev results	MRR 0.348976	H@1 0.258055	H@3 0.383661	H@5 0.446364	H@10 0.531822	H@20 0.614428	H@50 0.714001	H@100 0.781808
INFO:kbc-cli.py:Epoch 39/100	test results	MRR 0.343469	H@1 0.252052	H@3 0.376429	H@5 0.440047	H@10 0.529659	H@20 0.612479	H@50 0.709885	H@100 0.778120
INFO:kbc-cli.py:Epoch 40/100	Loss 9.3499 ± 0.1251
INFO:kbc-cli.py:Epoch 41/100	Loss 9.3443 ± 0.1246
INFO:kbc-cli.py:Epoch 42/100	Loss 9.3398 ± 0.1215
INFO:kbc-cli.py:Epoch 42/100	dev results	MRR 0.348698	H@1 0.257228	H@3 0.384773	H@5 0.446735	H@10 0.532364	H@20 0.614799	H@50 0.715056	H@100 0.781494
INFO:kbc-cli.py:Epoch 42/100	test results	MRR 0.343327	H@1 0.251832	H@3 0.376527	H@5 0.440975	H@10 0.528975	H@20 0.613432	H@50 0.709885	H@100 0.777851
INFO:kbc-cli.py:Epoch 43/100	Loss 9.3353 ± 0.1210
INFO:kbc-cli.py:Epoch 44/100	Loss 9.3304 ± 0.1203
INFO:kbc-cli.py:Epoch 45/100	Loss 9.3269 ± 0.1255
INFO:kbc-cli.py:Epoch 45/100	dev results	MRR 0.349292	H@1 0.257628	H@3 0.384517	H@5 0.446507	H@10 0.531708	H@20 0.613972	H@50 0.714514	H@100 0.781266
INFO:kbc-cli.py:Epoch 45/100	test results	MRR 0.343700	H@1 0.252345	H@3 0.375623	H@5 0.440780	H@10 0.528804	H@20 0.611282	H@50 0.710837	H@100 0.777631
INFO:kbc-cli.py:Epoch 46/100	Loss 9.3224 ± 0.1224
INFO:kbc-cli.py:Epoch 47/100	Loss 9.3180 ± 0.1247
INFO:kbc-cli.py:Epoch 48/100	Loss 9.3142 ± 0.1234
INFO:kbc-cli.py:Epoch 48/100	dev results	MRR 0.349389	H@1 0.257685	H@3 0.384688	H@5 0.447020	H@10 0.532592	H@20 0.614314	H@50 0.715540	H@100 0.782264
INFO:kbc-cli.py:Epoch 48/100	test results	MRR 0.343771	H@1 0.252321	H@3 0.377113	H@5 0.441097	H@10 0.529097	H@20 0.612626	H@50 0.711375	H@100 0.778364
INFO:kbc-cli.py:Epoch 49/100	Loss 9.3105 ± 0.1238
INFO:kbc-cli.py:Epoch 50/100	Loss 9.3066 ± 0.1145
INFO:kbc-cli.py:Epoch 51/100	Loss 9.3032 ± 0.1151
INFO:kbc-cli.py:Epoch 51/100	dev results	MRR 0.349656	H@1 0.257713	H@3 0.385401	H@5 0.447391	H@10 0.532278	H@20 0.614115	H@50 0.715369	H@100 0.782521
INFO:kbc-cli.py:Epoch 51/100	test results	MRR 0.343663	H@1 0.251393	H@3 0.377382	H@5 0.440658	H@10 0.529219	H@20 0.613285	H@50 0.710569	H@100 0.778682
INFO:kbc-cli.py:Epoch 52/100	Loss 9.3001 ± 0.1231
INFO:kbc-cli.py:Epoch 53/100	Loss 9.2959 ± 0.1234
INFO:kbc-cli.py:Epoch 54/100	Loss 9.2931 ± 0.1247
INFO:kbc-cli.py:Epoch 54/100	dev results	MRR 0.350138	H@1 0.258483	H@3 0.385429	H@5 0.447904	H@10 0.532278	H@20 0.614457	H@50 0.716168	H@100 0.782464
INFO:kbc-cli.py:Epoch 54/100	test results	MRR 0.344690	H@1 0.253494	H@3 0.377944	H@5 0.441171	H@10 0.529561	H@20 0.612430	H@50 0.710666	H@100 0.778242
INFO:kbc-cli.py:Epoch 55/100	Loss 9.2894 ± 0.1137
INFO:kbc-cli.py:Epoch 56/100	Loss 9.2869 ± 0.1168
INFO:kbc-cli.py:Epoch 57/100	Loss 9.2840 ± 0.1165
INFO:kbc-cli.py:Epoch 57/100	dev results	MRR 0.349263	H@1 0.257599	H@3 0.383975	H@5 0.447134	H@10 0.533419	H@20 0.613601	H@50 0.716139	H@100 0.782863
INFO:kbc-cli.py:Epoch 57/100	test results	MRR 0.343840	H@1 0.252272	H@3 0.375965	H@5 0.442246	H@10 0.528950	H@20 0.613090	H@50 0.711302	H@100 0.778413
INFO:kbc-cli.py:Epoch 58/100	Loss 9.2808 ± 0.1219
INFO:kbc-cli.py:Epoch 59/100	Loss 9.2773 ± 0.1108
INFO:kbc-cli.py:Epoch 60/100	Loss 9.2752 ± 0.1174
INFO:kbc-cli.py:Epoch 60/100	dev results	MRR 0.349981	H@1 0.258255	H@3 0.384802	H@5 0.447961	H@10 0.532963	H@20 0.614343	H@50 0.715198	H@100 0.782492
INFO:kbc-cli.py:Epoch 60/100	test results	MRR 0.344403	H@1 0.252883	H@3 0.377406	H@5 0.442441	H@10 0.529586	H@20 0.613530	H@50 0.710373	H@100 0.778511
INFO:kbc-cli.py:Epoch 61/100	Loss 9.2725 ± 0.1147
INFO:kbc-cli.py:Epoch 62/100	Loss 9.2695 ± 0.1163
INFO:kbc-cli.py:Epoch 63/100	Loss 9.2668 ± 0.1133
INFO:kbc-cli.py:Epoch 63/100	dev results	MRR 0.349447	H@1 0.257371	H@3 0.385515	H@5 0.448788	H@10 0.533048	H@20 0.614371	H@50 0.715968	H@100 0.783062
INFO:kbc-cli.py:Epoch 63/100	test results	MRR 0.344266	H@1 0.252590	H@3 0.377944	H@5 0.443907	H@10 0.529390	H@20 0.614067	H@50 0.710569	H@100 0.778828
INFO:kbc-cli.py:Epoch 64/100	Loss 9.2643 ± 0.1197
INFO:kbc-cli.py:Epoch 65/100	Loss 9.2619 ± 0.1130
INFO:kbc-cli.py:Epoch 66/100	Loss 9.2593 ± 0.1152
INFO:kbc-cli.py:Epoch 66/100	dev results	MRR 0.349396	H@1 0.257314	H@3 0.385287	H@5 0.448560	H@10 0.532164	H@20 0.614970	H@50 0.715825	H@100 0.782834
INFO:kbc-cli.py:Epoch 66/100	test results	MRR 0.344688	H@1 0.253323	H@3 0.377577	H@5 0.442319	H@10 0.529292	H@20 0.613359	H@50 0.710886	H@100 0.778804
INFO:kbc-cli.py:Epoch 67/100	Loss 9.2569 ± 0.1092
INFO:kbc-cli.py:Epoch 68/100	Loss 9.2547 ± 0.1136
INFO:kbc-cli.py:Epoch 69/100	Loss 9.2518 ± 0.1172
INFO:kbc-cli.py:Epoch 69/100	dev results	MRR 0.350356	H@1 0.258426	H@3 0.386113	H@5 0.448446	H@10 0.533476	H@20 0.615284	H@50 0.715711	H@100 0.783376
INFO:kbc-cli.py:Epoch 69/100	test results	MRR 0.344402	H@1 0.252468	H@3 0.378384	H@5 0.443467	H@10 0.530832	H@20 0.613872	H@50 0.711131	H@100 0.779146
INFO:kbc-cli.py:Epoch 70/100	Loss 9.2497 ± 0.1109
INFO:kbc-cli.py:Epoch 71/100	Loss 9.2474 ± 0.1135
INFO:kbc-cli.py:Epoch 72/100	Loss 9.2455 ± 0.1137
INFO:kbc-cli.py:Epoch 72/100	dev results	MRR 0.350736	H@1 0.258968	H@3 0.385515	H@5 0.449159	H@10 0.533134	H@20 0.615540	H@50 0.716681	H@100 0.782863
INFO:kbc-cli.py:Epoch 72/100	test results	MRR 0.345173	H@1 0.253811	H@3 0.378115	H@5 0.442856	H@10 0.530587	H@20 0.613896	H@50 0.711546	H@100 0.778657
INFO:kbc-cli.py:Epoch 73/100	Loss 9.2434 ± 0.1172
INFO:kbc-cli.py:Epoch 74/100	Loss 9.2411 ± 0.1170
INFO:kbc-cli.py:Epoch 75/100	Loss 9.2391 ± 0.1177
INFO:kbc-cli.py:Epoch 75/100	dev results	MRR 0.350971	H@1 0.259709	H@3 0.385458	H@5 0.449387	H@10 0.533676	H@20 0.615968	H@50 0.716225	H@100 0.782749
INFO:kbc-cli.py:Epoch 75/100	test results	MRR 0.345275	H@1 0.253909	H@3 0.378262	H@5 0.443418	H@10 0.529757	H@20 0.613970	H@50 0.711302	H@100 0.778731
INFO:kbc-cli.py:Epoch 76/100	Loss 9.2371 ± 0.1138
INFO:kbc-cli.py:Epoch 77/100	Loss 9.2354 ± 0.1124
INFO:kbc-cli.py:Epoch 78/100	Loss 9.2332 ± 0.1135
INFO:kbc-cli.py:Epoch 78/100	dev results	MRR 0.349861	H@1 0.257970	H@3 0.385001	H@5 0.449986	H@10 0.532706	H@20 0.615597	H@50 0.716624	H@100 0.782606
INFO:kbc-cli.py:Epoch 78/100	test results	MRR 0.344951	H@1 0.253371	H@3 0.378213	H@5 0.443247	H@10 0.529952	H@20 0.613823	H@50 0.711082	H@100 0.779268
INFO:kbc-cli.py:Epoch 79/100	Loss 9.2319 ± 0.1178
INFO:kbc-cli.py:Epoch 80/100	Loss 9.2296 ± 0.1099
INFO:kbc-cli.py:Epoch 81/100	Loss 9.2275 ± 0.1122
INFO:kbc-cli.py:Epoch 81/100	dev results	MRR 0.350625	H@1 0.258968	H@3 0.385572	H@5 0.448360	H@10 0.533590	H@20 0.615341	H@50 0.716111	H@100 0.782720
INFO:kbc-cli.py:Epoch 81/100	test results	MRR 0.344882	H@1 0.253078	H@3 0.379336	H@5 0.443541	H@10 0.529586	H@20 0.613041	H@50 0.710935	H@100 0.778926
INFO:kbc-cli.py:Epoch 82/100	Loss 9.2255 ± 0.1137
INFO:kbc-cli.py:Epoch 83/100	Loss 9.2241 ± 0.1071
INFO:kbc-cli.py:Epoch 84/100	Loss 9.2219 ± 0.1052
INFO:kbc-cli.py:Epoch 84/100	dev results	MRR 0.350584	H@1 0.258369	H@3 0.386712	H@5 0.449187	H@10 0.533847	H@20 0.616025	H@50 0.715854	H@100 0.782663
INFO:kbc-cli.py:Epoch 84/100	test results	MRR 0.345569	H@1 0.254227	H@3 0.379361	H@5 0.443467	H@10 0.530319	H@20 0.613237	H@50 0.711619	H@100 0.779121
INFO:kbc-cli.py:Epoch 85/100	Loss 9.2204 ± 0.1084
INFO:kbc-cli.py:Epoch 86/100	Loss 9.2185 ± 0.1106
INFO:kbc-cli.py:Epoch 87/100	Loss 9.2173 ± 0.1082
INFO:kbc-cli.py:Epoch 87/100	dev results	MRR 0.351079	H@1 0.259196	H@3 0.386285	H@5 0.448902	H@10 0.534046	H@20 0.616453	H@50 0.716196	H@100 0.783661
INFO:kbc-cli.py:Epoch 87/100	test results	MRR 0.345601	H@1 0.254153	H@3 0.379434	H@5 0.442930	H@10 0.530245	H@20 0.613310	H@50 0.711155	H@100 0.779732
INFO:kbc-cli.py:Epoch 88/100	Loss 9.2156 ± 0.1102
INFO:kbc-cli.py:Epoch 89/100	Loss 9.2140 ± 0.1102
INFO:kbc-cli.py:Epoch 90/100	Loss 9.2122 ± 0.1083
INFO:kbc-cli.py:Epoch 90/100	dev results	MRR 0.350921	H@1 0.259053	H@3 0.386712	H@5 0.449672	H@10 0.533390	H@20 0.616624	H@50 0.715997	H@100 0.783433
INFO:kbc-cli.py:Epoch 90/100	test results	MRR 0.345886	H@1 0.254300	H@3 0.379703	H@5 0.444249	H@10 0.530612	H@20 0.613945	H@50 0.711741	H@100 0.779170
INFO:kbc-cli.py:Epoch 91/100	Loss 9.2108 ± 0.1104
INFO:kbc-cli.py:Epoch 92/100	Loss 9.2092 ± 0.1099
INFO:kbc-cli.py:Epoch 93/100	Loss 9.2074 ± 0.1155
INFO:kbc-cli.py:Epoch 93/100	dev results	MRR 0.350576	H@1 0.258825	H@3 0.386028	H@5 0.450043	H@10 0.533390	H@20 0.616453	H@50 0.717166	H@100 0.783205
INFO:kbc-cli.py:Epoch 93/100	test results	MRR 0.345505	H@1 0.253836	H@3 0.379019	H@5 0.444127	H@10 0.530245	H@20 0.614434	H@50 0.711619	H@100 0.779390
INFO:kbc-cli.py:Epoch 94/100	Loss 9.2063 ± 0.1017
INFO:kbc-cli.py:Epoch 95/100	Loss 9.2051 ± 0.1121
INFO:kbc-cli.py:Epoch 96/100	Loss 9.2028 ± 0.1114
INFO:kbc-cli.py:Epoch 96/100	dev results	MRR 0.351181	H@1 0.259481	H@3 0.386427	H@5 0.449472	H@10 0.533362	H@20 0.616339	H@50 0.717365	H@100 0.783319
INFO:kbc-cli.py:Epoch 96/100	test results	MRR 0.345781	H@1 0.254178	H@3 0.379361	H@5 0.445202	H@10 0.530587	H@20 0.613163	H@50 0.712181	H@100 0.779244
INFO:kbc-cli.py:Epoch 97/100	Loss 9.2022 ± 0.1090
INFO:kbc-cli.py:Epoch 98/100	Loss 9.2001 ± 0.1047
INFO:kbc-cli.py:Epoch 99/100	Loss 9.1992 ± 0.1079
INFO:kbc-cli.py:Epoch 99/100	dev results	MRR 0.351729	H@1 0.259823	H@3 0.386598	H@5 0.449729	H@10 0.534388	H@20 0.616852	H@50 0.717593	H@100 0.784060
INFO:kbc-cli.py:Epoch 99/100	test results	MRR 0.345901	H@1 0.254031	H@3 0.379898	H@5 0.443687	H@10 0.530294	H@20 0.613798	H@50 0.711986	H@100 0.779073
INFO:kbc-cli.py:Epoch 100/100	Loss 9.1977 ± 0.1082
INFO:kbc-cli.py:Final 	dev results	MRR 0.350976	H@1 0.258825	H@3 0.386171	H@5 0.449872	H@10 0.533961	H@20 0.616481	H@50 0.717166	H@100 0.783747
INFO:kbc-cli.py:Final 	test results	MRR 0.345384	H@1 0.253152	H@3 0.379850	H@5 0.443443	H@10 0.531296	H@20 0.613456	H@50 0.711693	H@100 0.779586
INFO:kbc-cli.py:Training finished
