./bin/kbc-cli.py --train data/fb15k-237/train.tsv --dev data/fb15k-237/dev.tsv --test data/fb15k-237/test.tsv -m complex -k 100 -b 50 -e 100 --F2 0 --N3 0.01 -l 0.1 -I standard -V 3 -o adagrad -c spo -q
{'F2': 0.0,
 'N3': 0.01,
 'batch_size': 50,
 'corruption': 'spo',
 'dev': 'data/fb15k-237/dev.tsv',
 'embedding_size': 100,
 'epochs': 100,
 'eval_batch_size': None,
 'input_type': 'standard',
 'learning_rate': 0.1,
 'load': None,
 'model': 'complex',
 'optimizer': 'adagrad',
 'quiet': True,
 'save': None,
 'seed': 0,
 'test': 'data/fb15k-237/test.tsv',
 'test_i': None,
 'test_ii': None,
 'train': 'data/fb15k-237/train.tsv',
 'validate_every': 3}
INFO:kbc-cli.py:Device: cuda
INFO:kbc-cli.py:Model state:
INFO:kbc-cli.py:	entities.weight	torch.Size([14541, 200])
INFO:kbc-cli.py:	predicates.weight	torch.Size([237, 200])
INFO:kbc-cli.py:Epoch 1/100	Loss 15.2840 ± 2.5440
INFO:kbc-cli.py:Epoch 2/100	Loss 11.5449 ± 0.4451
INFO:kbc-cli.py:Epoch 3/100	Loss 10.2246 ± 0.3521
INFO:kbc-cli.py:Epoch 3/100	dev results	MRR 0.296998	H@1 0.214485	H@3 0.325720	H@5 0.382521	H@10 0.460593	H@20 0.539806	H@50 0.644254	H@100 0.715540
INFO:kbc-cli.py:Epoch 3/100	test results	MRR 0.290499	H@1 0.208590	H@3 0.317307	H@5 0.377016	H@10 0.454974	H@20 0.534545	H@50 0.641454	H@100 0.713818
INFO:kbc-cli.py:Epoch 4/100	Loss 9.5206 ± 0.3435
INFO:kbc-cli.py:Epoch 5/100	Loss 9.0814 ± 0.3413
INFO:kbc-cli.py:Epoch 6/100	Loss 8.7793 ± 0.3274
INFO:kbc-cli.py:Epoch 6/100	dev results	MRR 0.304651	H@1 0.219703	H@3 0.333847	H@5 0.390818	H@10 0.475506	H@20 0.554605	H@50 0.657342	H@100 0.727402
INFO:kbc-cli.py:Epoch 6/100	test results	MRR 0.298780	H@1 0.214282	H@3 0.326884	H@5 0.385786	H@10 0.467507	H@20 0.549008	H@50 0.654354	H@100 0.725814
INFO:kbc-cli.py:Epoch 7/100	Loss 8.5558 ± 0.3274
INFO:kbc-cli.py:Epoch 8/100	Loss 8.3821 ± 0.3210
INFO:kbc-cli.py:Epoch 9/100	Loss 8.2419 ± 0.3213
INFO:kbc-cli.py:Epoch 9/100	dev results	MRR 0.304862	H@1 0.219818	H@3 0.333761	H@5 0.392387	H@10 0.476504	H@20 0.557428	H@50 0.659453	H@100 0.727802
INFO:kbc-cli.py:Epoch 9/100	test results	MRR 0.299041	H@1 0.214038	H@3 0.328398	H@5 0.388864	H@10 0.468631	H@20 0.550034	H@50 0.654402	H@100 0.727206
INFO:kbc-cli.py:Epoch 10/100	Loss 8.1257 ± 0.3225
INFO:kbc-cli.py:Epoch 11/100	Loss 8.0269 ± 0.3239
INFO:kbc-cli.py:Epoch 12/100	Loss 7.9423 ± 0.3174
INFO:kbc-cli.py:Epoch 12/100	dev results	MRR 0.304742	H@1 0.219532	H@3 0.335101	H@5 0.395038	H@10 0.477246	H@20 0.557285	H@50 0.657884	H@100 0.728172
INFO:kbc-cli.py:Epoch 12/100	test results	MRR 0.297783	H@1 0.213183	H@3 0.325027	H@5 0.387472	H@10 0.471025	H@20 0.550792	H@50 0.654329	H@100 0.726864
INFO:kbc-cli.py:Epoch 13/100	Loss 7.8679 ± 0.3101
INFO:kbc-cli.py:Epoch 14/100	Loss 7.8029 ± 0.3174
INFO:kbc-cli.py:Epoch 15/100	Loss 7.7440 ± 0.3098
INFO:kbc-cli.py:Epoch 15/100	dev results	MRR 0.305276	H@1 0.220445	H@3 0.332620	H@5 0.393727	H@10 0.478101	H@20 0.556430	H@50 0.657542	H@100 0.726946
INFO:kbc-cli.py:Epoch 15/100	test results	MRR 0.298287	H@1 0.213500	H@3 0.325442	H@5 0.386861	H@10 0.470903	H@20 0.551622	H@50 0.654867	H@100 0.726375
INFO:kbc-cli.py:Epoch 16/100	Loss 7.6916 ± 0.3158
INFO:kbc-cli.py:Epoch 17/100	Loss 7.6439 ± 0.3133
INFO:kbc-cli.py:Epoch 18/100	Loss 7.6002 ± 0.3141
INFO:kbc-cli.py:Epoch 18/100	dev results	MRR 0.306255	H@1 0.221015	H@3 0.335843	H@5 0.394183	H@10 0.478158	H@20 0.556287	H@50 0.657685	H@100 0.725977
INFO:kbc-cli.py:Epoch 18/100	test results	MRR 0.299005	H@1 0.214111	H@3 0.327177	H@5 0.389206	H@10 0.472393	H@20 0.550914	H@50 0.653059	H@100 0.725227
INFO:kbc-cli.py:Epoch 19/100	Loss 7.5604 ± 0.3114
INFO:kbc-cli.py:Epoch 20/100	Loss 7.5239 ± 0.3106
INFO:kbc-cli.py:Epoch 21/100	Loss 7.4898 ± 0.3053
INFO:kbc-cli.py:Epoch 21/100	dev results	MRR 0.304636	H@1 0.219760	H@3 0.333419	H@5 0.393413	H@10 0.476732	H@20 0.554890	H@50 0.657171	H@100 0.725150
INFO:kbc-cli.py:Epoch 21/100	test results	MRR 0.298353	H@1 0.213989	H@3 0.325662	H@5 0.387105	H@10 0.470023	H@20 0.549375	H@50 0.653523	H@100 0.723175
INFO:kbc-cli.py:Epoch 22/100	Loss 7.4583 ± 0.3113
INFO:kbc-cli.py:Epoch 23/100	Loss 7.4288 ± 0.3085
INFO:kbc-cli.py:Epoch 24/100	Loss 7.4012 ± 0.3071
INFO:kbc-cli.py:Epoch 24/100	dev results	MRR 0.305112	H@1 0.220502	H@3 0.333590	H@5 0.392444	H@10 0.476390	H@20 0.555660	H@50 0.656544	H@100 0.725036
INFO:kbc-cli.py:Epoch 24/100	test results	MRR 0.299201	H@1 0.214869	H@3 0.326908	H@5 0.388156	H@10 0.471587	H@20 0.549839	H@50 0.653230	H@100 0.722515
INFO:kbc-cli.py:Epoch 25/100	Loss 7.3752 ± 0.3093
INFO:kbc-cli.py:Epoch 26/100	Loss 7.3510 ± 0.3053
INFO:kbc-cli.py:Epoch 27/100	Loss 7.3280 ± 0.3083
INFO:kbc-cli.py:Epoch 27/100	dev results	MRR 0.305584	H@1 0.221072	H@3 0.333390	H@5 0.394668	H@10 0.476960	H@20 0.556687	H@50 0.656573	H@100 0.724693
INFO:kbc-cli.py:Epoch 27/100	test results	MRR 0.298388	H@1 0.213085	H@3 0.327592	H@5 0.388742	H@10 0.471196	H@20 0.550572	H@50 0.652888	H@100 0.721905
INFO:kbc-cli.py:Epoch 28/100	Loss 7.3066 ± 0.3058
INFO:kbc-cli.py:Epoch 29/100	Loss 7.2863 ± 0.3014
INFO:kbc-cli.py:Epoch 30/100	Loss 7.2669 ± 0.3058
INFO:kbc-cli.py:Epoch 30/100	dev results	MRR 0.305648	H@1 0.221272	H@3 0.334816	H@5 0.393157	H@10 0.476761	H@20 0.554234	H@50 0.655689	H@100 0.724636
INFO:kbc-cli.py:Epoch 30/100	test results	MRR 0.298491	H@1 0.213403	H@3 0.326810	H@5 0.389182	H@10 0.470976	H@20 0.549643	H@50 0.652130	H@100 0.721709
INFO:kbc-cli.py:Epoch 31/100	Loss 7.2486 ± 0.3028
INFO:kbc-cli.py:Epoch 32/100	Loss 7.2310 ± 0.3075
INFO:kbc-cli.py:Epoch 33/100	Loss 7.2143 ± 0.2987
INFO:kbc-cli.py:Epoch 33/100	dev results	MRR 0.305140	H@1 0.220502	H@3 0.333733	H@5 0.392900	H@10 0.475877	H@20 0.554862	H@50 0.655147	H@100 0.723695
INFO:kbc-cli.py:Epoch 33/100	test results	MRR 0.298715	H@1 0.213818	H@3 0.328056	H@5 0.388034	H@10 0.470756	H@20 0.549643	H@50 0.651788	H@100 0.720976
INFO:kbc-cli.py:Epoch 34/100	Loss 7.1984 ± 0.3013
INFO:kbc-cli.py:Epoch 35/100	Loss 7.1833 ± 0.3039
INFO:kbc-cli.py:Epoch 36/100	Loss 7.1687 ± 0.3036
INFO:kbc-cli.py:Epoch 36/100	dev results	MRR 0.305171	H@1 0.221186	H@3 0.332535	H@5 0.392786	H@10 0.475592	H@20 0.554291	H@50 0.654377	H@100 0.723268
INFO:kbc-cli.py:Epoch 36/100	test results	MRR 0.298229	H@1 0.213940	H@3 0.326077	H@5 0.388034	H@10 0.471147	H@20 0.549301	H@50 0.651544	H@100 0.720439
INFO:kbc-cli.py:Epoch 37/100	Loss 7.1548 ± 0.3041
INFO:kbc-cli.py:Epoch 38/100	Loss 7.1416 ± 0.3033
INFO:kbc-cli.py:Epoch 39/100	Loss 7.1287 ± 0.3052
INFO:kbc-cli.py:Epoch 39/100	dev results	MRR 0.305620	H@1 0.221985	H@3 0.333191	H@5 0.392358	H@10 0.474594	H@20 0.554691	H@50 0.654833	H@100 0.722783
INFO:kbc-cli.py:Epoch 39/100	test results	MRR 0.298709	H@1 0.214478	H@3 0.326175	H@5 0.387741	H@10 0.469828	H@20 0.549619	H@50 0.650396	H@100 0.720121
INFO:kbc-cli.py:Epoch 40/100	Loss 7.1162 ± 0.3031
INFO:kbc-cli.py:Epoch 41/100	Loss 7.1046 ± 0.3010
INFO:kbc-cli.py:Epoch 42/100	Loss 7.0931 ± 0.3005
INFO:kbc-cli.py:Epoch 42/100	dev results	MRR 0.305481	H@1 0.221357	H@3 0.333818	H@5 0.393299	H@10 0.474907	H@20 0.553094	H@50 0.654662	H@100 0.722526
INFO:kbc-cli.py:Epoch 42/100	test results	MRR 0.298777	H@1 0.214746	H@3 0.326542	H@5 0.387838	H@10 0.470927	H@20 0.549985	H@50 0.650494	H@100 0.719291
INFO:kbc-cli.py:Epoch 43/100	Loss 7.0822 ± 0.3026
INFO:kbc-cli.py:Epoch 44/100	Loss 7.0716 ± 0.3021
INFO:kbc-cli.py:Epoch 45/100	Loss 7.0616 ± 0.3040
INFO:kbc-cli.py:Epoch 45/100	dev results	MRR 0.305270	H@1 0.221215	H@3 0.332877	H@5 0.393385	H@10 0.474679	H@20 0.553236	H@50 0.654149	H@100 0.722184
INFO:kbc-cli.py:Epoch 45/100	test results	MRR 0.298151	H@1 0.213745	H@3 0.326273	H@5 0.387276	H@10 0.470194	H@20 0.549790	H@50 0.650371	H@100 0.719193
INFO:kbc-cli.py:Epoch 46/100	Loss 7.0515 ± 0.3071
INFO:kbc-cli.py:Epoch 47/100	Loss 7.0421 ± 0.3013
INFO:kbc-cli.py:Epoch 48/100	Loss 7.0330 ± 0.3048
INFO:kbc-cli.py:Epoch 48/100	dev results	MRR 0.304587	H@1 0.220217	H@3 0.332221	H@5 0.394326	H@10 0.474194	H@20 0.553778	H@50 0.654263	H@100 0.721044
INFO:kbc-cli.py:Epoch 48/100	test results	MRR 0.298391	H@1 0.214331	H@3 0.325613	H@5 0.387643	H@10 0.470219	H@20 0.549863	H@50 0.649345	H@100 0.718777
INFO:kbc-cli.py:Epoch 49/100	Loss 7.0239 ± 0.3019
INFO:kbc-cli.py:Epoch 50/100	Loss 7.0154 ± 0.3019
INFO:kbc-cli.py:Epoch 51/100	Loss 7.0069 ± 0.3027
INFO:kbc-cli.py:Epoch 51/100	dev results	MRR 0.305034	H@1 0.220530	H@3 0.333733	H@5 0.393413	H@10 0.474366	H@20 0.553664	H@50 0.653464	H@100 0.721956
INFO:kbc-cli.py:Epoch 51/100	test results	MRR 0.298873	H@1 0.215088	H@3 0.325662	H@5 0.388303	H@10 0.470072	H@20 0.550059	H@50 0.649687	H@100 0.718631
INFO:kbc-cli.py:Epoch 52/100	Loss 6.9989 ± 0.3026
INFO:kbc-cli.py:Epoch 53/100	Loss 6.9909 ± 0.3044
INFO:kbc-cli.py:Epoch 54/100	Loss 6.9833 ± 0.3047
INFO:kbc-cli.py:Epoch 54/100	dev results	MRR 0.305442	H@1 0.221585	H@3 0.333048	H@5 0.394753	H@10 0.474423	H@20 0.553607	H@50 0.653464	H@100 0.720873
INFO:kbc-cli.py:Epoch 54/100	test results	MRR 0.298749	H@1 0.214551	H@3 0.326566	H@5 0.388474	H@10 0.470341	H@20 0.549423	H@50 0.649174	H@100 0.718411
INFO:kbc-cli.py:Epoch 55/100	Loss 6.9758 ± 0.2966
INFO:kbc-cli.py:Epoch 56/100	Loss 6.9686 ± 0.3000
INFO:kbc-cli.py:Epoch 57/100	Loss 6.9619 ± 0.3048
INFO:kbc-cli.py:Epoch 57/100	dev results	MRR 0.305091	H@1 0.221272	H@3 0.333333	H@5 0.393670	H@10 0.474366	H@20 0.552581	H@50 0.652381	H@100 0.720873
INFO:kbc-cli.py:Epoch 57/100	test results	MRR 0.298276	H@1 0.214258	H@3 0.325002	H@5 0.388596	H@10 0.469681	H@20 0.548959	H@50 0.649345	H@100 0.717556
INFO:kbc-cli.py:Epoch 58/100	Loss 6.9549 ± 0.3017
INFO:kbc-cli.py:Epoch 59/100	Loss 6.9483 ± 0.2977
INFO:kbc-cli.py:Epoch 60/100	Loss 6.9419 ± 0.2986
INFO:kbc-cli.py:Epoch 60/100	dev results	MRR 0.305411	H@1 0.221671	H@3 0.333875	H@5 0.393556	H@10 0.474451	H@20 0.553322	H@50 0.652352	H@100 0.720873
INFO:kbc-cli.py:Epoch 60/100	test results	MRR 0.298569	H@1 0.214527	H@3 0.325955	H@5 0.388693	H@10 0.470121	H@20 0.549814	H@50 0.648539	H@100 0.717507
INFO:kbc-cli.py:Epoch 61/100	Loss 6.9355 ± 0.3016
INFO:kbc-cli.py:Epoch 62/100	Loss 6.9294 ± 0.3018
INFO:kbc-cli.py:Epoch 63/100	Loss 6.9235 ± 0.3000
INFO:kbc-cli.py:Epoch 63/100	dev results	MRR 0.304836	H@1 0.220958	H@3 0.333419	H@5 0.393299	H@10 0.474537	H@20 0.553350	H@50 0.652581	H@100 0.721186
INFO:kbc-cli.py:Epoch 63/100	test results	MRR 0.298584	H@1 0.214356	H@3 0.326322	H@5 0.388034	H@10 0.470952	H@20 0.549546	H@50 0.648246	H@100 0.717434
INFO:kbc-cli.py:Epoch 64/100	Loss 6.9176 ± 0.3033
INFO:kbc-cli.py:Epoch 65/100	Loss 6.9120 ± 0.3016
INFO:kbc-cli.py:Epoch 66/100	Loss 6.9065 ± 0.3003
INFO:kbc-cli.py:Epoch 66/100	dev results	MRR 0.304809	H@1 0.220816	H@3 0.333105	H@5 0.393584	H@10 0.473909	H@20 0.552181	H@50 0.652980	H@100 0.720530
INFO:kbc-cli.py:Epoch 66/100	test results	MRR 0.298403	H@1 0.214209	H@3 0.325320	H@5 0.387765	H@10 0.469950	H@20 0.549106	H@50 0.648197	H@100 0.717800
INFO:kbc-cli.py:Epoch 67/100	Loss 6.9010 ± 0.3007
INFO:kbc-cli.py:Epoch 68/100	Loss 6.8957 ± 0.3054
INFO:kbc-cli.py:Epoch 69/100	Loss 6.8904 ± 0.3058
INFO:kbc-cli.py:Epoch 69/100	dev results	MRR 0.305178	H@1 0.221357	H@3 0.333875	H@5 0.393385	H@10 0.474251	H@20 0.552267	H@50 0.652324	H@100 0.720587
INFO:kbc-cli.py:Epoch 69/100	test results	MRR 0.298299	H@1 0.213940	H@3 0.326713	H@5 0.387496	H@10 0.470292	H@20 0.549057	H@50 0.648026	H@100 0.717751
INFO:kbc-cli.py:Epoch 70/100	Loss 6.8854 ± 0.3013
INFO:kbc-cli.py:Epoch 71/100	Loss 6.8804 ± 0.3043
INFO:kbc-cli.py:Epoch 72/100	Loss 6.8756 ± 0.2982
INFO:kbc-cli.py:Epoch 72/100	dev results	MRR 0.305729	H@1 0.222697	H@3 0.333162	H@5 0.394040	H@10 0.473995	H@20 0.553122	H@50 0.652238	H@100 0.720644
INFO:kbc-cli.py:Epoch 72/100	test results	MRR 0.298871	H@1 0.214771	H@3 0.326346	H@5 0.388767	H@10 0.470488	H@20 0.549228	H@50 0.648002	H@100 0.717263
INFO:kbc-cli.py:Epoch 73/100	Loss 6.8710 ± 0.3012
INFO:kbc-cli.py:Epoch 74/100	Loss 6.8663 ± 0.3076
INFO:kbc-cli.py:Epoch 75/100	Loss 6.8619 ± 0.3028
INFO:kbc-cli.py:Epoch 75/100	dev results	MRR 0.305436	H@1 0.221642	H@3 0.333676	H@5 0.394468	H@10 0.473824	H@20 0.551953	H@50 0.651297	H@100 0.720046
INFO:kbc-cli.py:Epoch 75/100	test results	MRR 0.298488	H@1 0.213891	H@3 0.326761	H@5 0.388278	H@10 0.470243	H@20 0.548642	H@50 0.647855	H@100 0.717507
INFO:kbc-cli.py:Epoch 76/100	Loss 6.8574 ± 0.3027
INFO:kbc-cli.py:Epoch 77/100	Loss 6.8531 ± 0.3045
INFO:kbc-cli.py:Epoch 78/100	Loss 6.8487 ± 0.3038
INFO:kbc-cli.py:Epoch 78/100	dev results	MRR 0.305444	H@1 0.221956	H@3 0.333561	H@5 0.393869	H@10 0.473710	H@20 0.551896	H@50 0.651326	H@100 0.719960
INFO:kbc-cli.py:Epoch 78/100	test results	MRR 0.298256	H@1 0.214062	H@3 0.325809	H@5 0.387887	H@10 0.470512	H@20 0.549375	H@50 0.648026	H@100 0.717238
INFO:kbc-cli.py:Epoch 79/100	Loss 6.8447 ± 0.3042
INFO:kbc-cli.py:Epoch 80/100	Loss 6.8408 ± 0.3014
INFO:kbc-cli.py:Epoch 81/100	Loss 6.8368 ± 0.2987
INFO:kbc-cli.py:Epoch 81/100	dev results	MRR 0.305490	H@1 0.222270	H@3 0.333989	H@5 0.393214	H@10 0.473596	H@20 0.551611	H@50 0.651126	H@100 0.719703
INFO:kbc-cli.py:Epoch 81/100	test results	MRR 0.298833	H@1 0.215088	H@3 0.326297	H@5 0.388327	H@10 0.469608	H@20 0.549155	H@50 0.647660	H@100 0.716921
INFO:kbc-cli.py:Epoch 82/100	Loss 6.8326 ± 0.3018
INFO:kbc-cli.py:Epoch 83/100	Loss 6.8288 ± 0.3028
INFO:kbc-cli.py:Epoch 84/100	Loss 6.8252 ± 0.3062
INFO:kbc-cli.py:Epoch 84/100	dev results	MRR 0.305552	H@1 0.222412	H@3 0.333533	H@5 0.394069	H@10 0.473510	H@20 0.552039	H@50 0.651269	H@100 0.719960
INFO:kbc-cli.py:Epoch 84/100	test results	MRR 0.298450	H@1 0.214233	H@3 0.326077	H@5 0.388474	H@10 0.470341	H@20 0.549081	H@50 0.647977	H@100 0.716799
INFO:kbc-cli.py:Epoch 85/100	Loss 6.8215 ± 0.3030
INFO:kbc-cli.py:Epoch 86/100	Loss 6.8178 ± 0.3019
INFO:kbc-cli.py:Epoch 87/100	Loss 6.8143 ± 0.2954
INFO:kbc-cli.py:Epoch 87/100	dev results	MRR 0.305571	H@1 0.222327	H@3 0.333647	H@5 0.394326	H@10 0.473539	H@20 0.552210	H@50 0.651126	H@100 0.719789
INFO:kbc-cli.py:Epoch 87/100	test results	MRR 0.298792	H@1 0.214991	H@3 0.326297	H@5 0.388132	H@10 0.470463	H@20 0.549668	H@50 0.647757	H@100 0.717238
INFO:kbc-cli.py:Epoch 88/100	Loss 6.8108 ± 0.3005
INFO:kbc-cli.py:Epoch 89/100	Loss 6.8074 ± 0.3042
INFO:kbc-cli.py:Epoch 90/100	Loss 6.8040 ± 0.2984
INFO:kbc-cli.py:Epoch 90/100	dev results	MRR 0.305466	H@1 0.221699	H@3 0.334160	H@5 0.393898	H@10 0.473596	H@20 0.552381	H@50 0.650699	H@100 0.720245
INFO:kbc-cli.py:Epoch 90/100	test results	MRR 0.298979	H@1 0.214917	H@3 0.326713	H@5 0.388205	H@10 0.470536	H@20 0.549472	H@50 0.647684	H@100 0.717532
INFO:kbc-cli.py:Epoch 91/100	Loss 6.8006 ± 0.3018
INFO:kbc-cli.py:Epoch 92/100	Loss 6.7973 ± 0.2997
INFO:kbc-cli.py:Epoch 93/100	Loss 6.7942 ± 0.3055
INFO:kbc-cli.py:Epoch 93/100	dev results	MRR 0.305464	H@1 0.222213	H@3 0.334274	H@5 0.393869	H@10 0.473111	H@20 0.552438	H@50 0.650499	H@100 0.720416
INFO:kbc-cli.py:Epoch 93/100	test results	MRR 0.298915	H@1 0.215015	H@3 0.325858	H@5 0.387985	H@10 0.471050	H@20 0.549497	H@50 0.647684	H@100 0.717018
INFO:kbc-cli.py:Epoch 94/100	Loss 6.7910 ± 0.2951
INFO:kbc-cli.py:Epoch 95/100	Loss 6.7879 ± 0.2981
INFO:kbc-cli.py:Epoch 96/100	Loss 6.7848 ± 0.3009
INFO:kbc-cli.py:Epoch 96/100	dev results	MRR 0.305545	H@1 0.222013	H@3 0.334702	H@5 0.393955	H@10 0.473881	H@20 0.552552	H@50 0.650585	H@100 0.720103
INFO:kbc-cli.py:Epoch 96/100	test results	MRR 0.298930	H@1 0.214722	H@3 0.326737	H@5 0.388376	H@10 0.470805	H@20 0.549301	H@50 0.647024	H@100 0.717189
INFO:kbc-cli.py:Epoch 97/100	Loss 6.7819 ± 0.3043
INFO:kbc-cli.py:Epoch 98/100	Loss 6.7790 ± 0.2966
INFO:kbc-cli.py:Epoch 99/100	Loss 6.7761 ± 0.3014
INFO:kbc-cli.py:Epoch 99/100	dev results	MRR 0.305840	H@1 0.222498	H@3 0.334303	H@5 0.394297	H@10 0.474052	H@20 0.552181	H@50 0.650556	H@100 0.720559
INFO:kbc-cli.py:Epoch 99/100	test results	MRR 0.299123	H@1 0.215235	H@3 0.326395	H@5 0.388156	H@10 0.471587	H@20 0.549350	H@50 0.647684	H@100 0.717238
INFO:kbc-cli.py:Epoch 100/100	Loss 6.7733 ± 0.2956
INFO:kbc-cli.py:Final 	dev results	MRR 0.305671	H@1 0.222441	H@3 0.334331	H@5 0.394297	H@10 0.473510	H@20 0.552438	H@50 0.650898	H@100 0.720587
INFO:kbc-cli.py:Final 	test results	MRR 0.298828	H@1 0.214624	H@3 0.326200	H@5 0.389231	H@10 0.471685	H@20 0.549717	H@50 0.647293	H@100 0.716970
INFO:kbc-cli.py:Training finished
