./bin/kbc-cli.py --train data/fb15k-237/train.tsv --dev data/fb15k-237/dev.tsv --test data/fb15k-237/test.tsv -m complex -k 500 -b 50 -e 100 --F2 0.001 --N3 0 -l 0.1 -I standard -V 3 -o adagrad -c spo -q
{'F2': 0.001,
 'N3': 0.0,
 'batch_size': 50,
 'corruption': 'spo',
 'dev': 'data/fb15k-237/dev.tsv',
 'embedding_size': 500,
 'epochs': 100,
 'eval_batch_size': None,
 'input_type': 'standard',
 'learning_rate': 0.1,
 'load': None,
 'model': 'complex',
 'optimizer': 'adagrad',
 'quiet': True,
 'save': None,
 'seed': 0,
 'test': 'data/fb15k-237/test.tsv',
 'test_i': None,
 'test_ii': None,
 'train': 'data/fb15k-237/train.tsv',
 'validate_every': 3}
INFO:kbc-cli.py:Device: cuda
INFO:kbc-cli.py:Model state:
INFO:kbc-cli.py:	entities.weight	torch.Size([14541, 1000])
INFO:kbc-cli.py:	predicates.weight	torch.Size([237, 1000])
INFO:kbc-cli.py:Epoch 1/100	Loss 12.7063 ± 2.4954
INFO:kbc-cli.py:Epoch 2/100	Loss 8.3405 ± 0.3562
INFO:kbc-cli.py:Epoch 3/100	Loss 7.3797 ± 0.4135
INFO:kbc-cli.py:Epoch 3/100	dev results	MRR 0.310112	H@1 0.224323	H@3 0.338437	H@5 0.400143	H@10 0.484060	H@20 0.567494	H@50 0.670145	H@100 0.741146
INFO:kbc-cli.py:Epoch 3/100	test results	MRR 0.303205	H@1 0.217238	H@3 0.330695	H@5 0.393897	H@10 0.477475	H@20 0.562298	H@50 0.666545	H@100 0.739886
INFO:kbc-cli.py:Epoch 4/100	Loss 7.0123 ± 0.4163
INFO:kbc-cli.py:Epoch 5/100	Loss 6.8068 ± 0.4170
INFO:kbc-cli.py:Epoch 6/100	Loss 6.6697 ± 0.4031
INFO:kbc-cli.py:Epoch 6/100	dev results	MRR 0.322012	H@1 0.234018	H@3 0.353094	H@5 0.414371	H@10 0.498118	H@20 0.579299	H@50 0.681637	H@100 0.753094
INFO:kbc-cli.py:Epoch 6/100	test results	MRR 0.316512	H@1 0.228672	H@3 0.347234	H@5 0.407872	H@10 0.493111	H@20 0.577103	H@50 0.680446	H@100 0.749145
INFO:kbc-cli.py:Epoch 7/100	Loss 6.5714 ± 0.3984
INFO:kbc-cli.py:Epoch 8/100	Loss 6.4953 ± 0.3967
INFO:kbc-cli.py:Epoch 9/100	Loss 6.4345 ± 0.3902
INFO:kbc-cli.py:Epoch 9/100	dev results	MRR 0.327127	H@1 0.239150	H@3 0.358911	H@5 0.420844	H@10 0.503650	H@20 0.584346	H@50 0.684203	H@100 0.755289
INFO:kbc-cli.py:Epoch 9/100	test results	MRR 0.321038	H@1 0.233387	H@3 0.350923	H@5 0.414443	H@10 0.497752	H@20 0.581452	H@50 0.682034	H@100 0.752052
INFO:kbc-cli.py:Epoch 10/100	Loss 6.3836 ± 0.3882
INFO:kbc-cli.py:Epoch 11/100	Loss 6.3410 ± 0.3879
INFO:kbc-cli.py:Epoch 12/100	Loss 6.3047 ± 0.3847
INFO:kbc-cli.py:Epoch 12/100	dev results	MRR 0.329563	H@1 0.242230	H@3 0.360964	H@5 0.421300	H@10 0.505047	H@20 0.587083	H@50 0.686285	H@100 0.757571
INFO:kbc-cli.py:Epoch 12/100	test results	MRR 0.323949	H@1 0.236636	H@3 0.352976	H@5 0.416373	H@10 0.502590	H@20 0.584188	H@50 0.685405	H@100 0.754569
INFO:kbc-cli.py:Epoch 13/100	Loss 6.2728 ± 0.3749
INFO:kbc-cli.py:Epoch 14/100	Loss 6.2454 ± 0.3778
INFO:kbc-cli.py:Epoch 15/100	Loss 6.2198 ± 0.3701
INFO:kbc-cli.py:Epoch 15/100	dev results	MRR 0.332996	H@1 0.246108	H@3 0.363445	H@5 0.424522	H@10 0.508440	H@20 0.587853	H@50 0.687910	H@100 0.757913
INFO:kbc-cli.py:Epoch 15/100	test results	MRR 0.326329	H@1 0.238298	H@3 0.356298	H@5 0.418939	H@10 0.505155	H@20 0.586509	H@50 0.686578	H@100 0.754153
INFO:kbc-cli.py:Epoch 16/100	Loss 6.1978 ± 0.3702
INFO:kbc-cli.py:Epoch 17/100	Loss 6.1776 ± 0.3711
INFO:kbc-cli.py:Epoch 18/100	Loss 6.1593 ± 0.3720
INFO:kbc-cli.py:Epoch 18/100	dev results	MRR 0.335295	H@1 0.247847	H@3 0.367750	H@5 0.427203	H@10 0.510322	H@20 0.591417	H@50 0.688908	H@100 0.758654
INFO:kbc-cli.py:Epoch 18/100	test results	MRR 0.328419	H@1 0.240228	H@3 0.359792	H@5 0.422237	H@10 0.506059	H@20 0.588830	H@50 0.686504	H@100 0.755521
INFO:kbc-cli.py:Epoch 19/100	Loss 6.1426 ± 0.3622
INFO:kbc-cli.py:Epoch 20/100	Loss 6.1276 ± 0.3643
INFO:kbc-cli.py:Epoch 21/100	Loss 6.1131 ± 0.3533
INFO:kbc-cli.py:Epoch 21/100	dev results	MRR 0.335168	H@1 0.247391	H@3 0.367893	H@5 0.427745	H@10 0.511206	H@20 0.591788	H@50 0.690163	H@100 0.759310
INFO:kbc-cli.py:Epoch 21/100	test results	MRR 0.330105	H@1 0.242768	H@3 0.360012	H@5 0.422237	H@10 0.508038	H@20 0.588317	H@50 0.687653	H@100 0.755179
INFO:kbc-cli.py:Epoch 22/100	Loss 6.1003 ± 0.3599
INFO:kbc-cli.py:Epoch 23/100	Loss 6.0881 ± 0.3567
INFO:kbc-cli.py:Epoch 24/100	Loss 6.0768 ± 0.3536
INFO:kbc-cli.py:Epoch 24/100	dev results	MRR 0.336477	H@1 0.249301	H@3 0.368035	H@5 0.429741	H@10 0.511349	H@20 0.592301	H@50 0.690362	H@100 0.759424
INFO:kbc-cli.py:Epoch 24/100	test results	MRR 0.331653	H@1 0.244845	H@3 0.361942	H@5 0.424753	H@10 0.507085	H@20 0.589246	H@50 0.687140	H@100 0.756132
INFO:kbc-cli.py:Epoch 25/100	Loss 6.0655 ± 0.3554
INFO:kbc-cli.py:Epoch 26/100	Loss 6.0556 ± 0.3503
INFO:kbc-cli.py:Epoch 27/100	Loss 6.0459 ± 0.3537
INFO:kbc-cli.py:Epoch 27/100	dev results	MRR 0.338537	H@1 0.251383	H@3 0.370545	H@5 0.430681	H@10 0.514343	H@20 0.593841	H@50 0.690818	H@100 0.760907
INFO:kbc-cli.py:Epoch 27/100	test results	MRR 0.333014	H@1 0.246116	H@3 0.362846	H@5 0.425022	H@10 0.509186	H@20 0.591420	H@50 0.688899	H@100 0.756254
INFO:kbc-cli.py:Epoch 28/100	Loss 6.0374 ± 0.3479
INFO:kbc-cli.py:Epoch 29/100	Loss 6.0290 ± 0.3454
INFO:kbc-cli.py:Epoch 30/100	Loss 6.0209 ± 0.3491
INFO:kbc-cli.py:Epoch 30/100	dev results	MRR 0.338011	H@1 0.250585	H@3 0.371229	H@5 0.429598	H@10 0.515141	H@20 0.593727	H@50 0.690733	H@100 0.759395
INFO:kbc-cli.py:Epoch 30/100	test results	MRR 0.333291	H@1 0.245554	H@3 0.365631	H@5 0.426488	H@10 0.509943	H@20 0.590052	H@50 0.688508	H@100 0.755644
INFO:kbc-cli.py:Epoch 31/100	Loss 6.0134 ± 0.3463
INFO:kbc-cli.py:Epoch 32/100	Loss 6.0060 ± 0.3514
INFO:kbc-cli.py:Epoch 33/100	Loss 5.9990 ± 0.3394
INFO:kbc-cli.py:Epoch 33/100	dev results	MRR 0.339028	H@1 0.251468	H@3 0.371685	H@5 0.430368	H@10 0.514400	H@20 0.594468	H@50 0.692387	H@100 0.761049
INFO:kbc-cli.py:Epoch 33/100	test results	MRR 0.333510	H@1 0.245505	H@3 0.365460	H@5 0.427001	H@10 0.510554	H@20 0.590980	H@50 0.689680	H@100 0.756303
INFO:kbc-cli.py:Epoch 34/100	Loss 5.9924 ± 0.3403
INFO:kbc-cli.py:Epoch 35/100	Loss 5.9862 ± 0.3446
INFO:kbc-cli.py:Epoch 36/100	Loss 5.9802 ± 0.3414
INFO:kbc-cli.py:Epoch 36/100	dev results	MRR 0.338646	H@1 0.250898	H@3 0.371115	H@5 0.430567	H@10 0.515426	H@20 0.594639	H@50 0.691674	H@100 0.760622
INFO:kbc-cli.py:Epoch 36/100	test results	MRR 0.333559	H@1 0.246116	H@3 0.363774	H@5 0.426488	H@10 0.511189	H@20 0.590956	H@50 0.688923	H@100 0.756596
INFO:kbc-cli.py:Epoch 37/100	Loss 5.9745 ± 0.3419
INFO:kbc-cli.py:Epoch 38/100	Loss 5.9691 ± 0.3420
INFO:kbc-cli.py:Epoch 39/100	Loss 5.9636 ± 0.3420
INFO:kbc-cli.py:Epoch 39/100	dev results	MRR 0.340707	H@1 0.253949	H@3 0.372997	H@5 0.431394	H@10 0.515113	H@20 0.594497	H@50 0.691930	H@100 0.760707
INFO:kbc-cli.py:Epoch 39/100	test results	MRR 0.334591	H@1 0.246995	H@3 0.366339	H@5 0.426830	H@10 0.510921	H@20 0.590345	H@50 0.689534	H@100 0.756645
INFO:kbc-cli.py:Epoch 40/100	Loss 5.9582 ± 0.3418
INFO:kbc-cli.py:Epoch 41/100	Loss 5.9536 ± 0.3372
INFO:kbc-cli.py:Epoch 42/100	Loss 5.9486 ± 0.3365
INFO:kbc-cli.py:Epoch 42/100	dev results	MRR 0.340529	H@1 0.253522	H@3 0.371799	H@5 0.432678	H@10 0.515512	H@20 0.595010	H@50 0.692016	H@100 0.761591
INFO:kbc-cli.py:Epoch 42/100	test results	MRR 0.335610	H@1 0.248510	H@3 0.365900	H@5 0.427880	H@10 0.510921	H@20 0.591053	H@50 0.689119	H@100 0.757085
INFO:kbc-cli.py:Epoch 43/100	Loss 5.9440 ± 0.3368
INFO:kbc-cli.py:Epoch 44/100	Loss 5.9397 ± 0.3381
INFO:kbc-cli.py:Epoch 45/100	Loss 5.9355 ± 0.3392
INFO:kbc-cli.py:Epoch 45/100	dev results	MRR 0.340376	H@1 0.252866	H@3 0.373082	H@5 0.432278	H@10 0.515825	H@20 0.595694	H@50 0.693214	H@100 0.760565
INFO:kbc-cli.py:Epoch 45/100	test results	MRR 0.334532	H@1 0.246287	H@3 0.366413	H@5 0.427661	H@10 0.511238	H@20 0.591200	H@50 0.689461	H@100 0.756889
INFO:kbc-cli.py:Epoch 46/100	Loss 5.9310 ± 0.3434
INFO:kbc-cli.py:Epoch 47/100	Loss 5.9272 ± 0.3364
INFO:kbc-cli.py:Epoch 48/100	Loss 5.9234 ± 0.3402
INFO:kbc-cli.py:Epoch 48/100	dev results	MRR 0.340441	H@1 0.252894	H@3 0.374052	H@5 0.432050	H@10 0.515540	H@20 0.596036	H@50 0.692330	H@100 0.760850
INFO:kbc-cli.py:Epoch 48/100	test results	MRR 0.335092	H@1 0.247557	H@3 0.366681	H@5 0.427783	H@10 0.511263	H@20 0.592983	H@50 0.689900	H@100 0.757280
INFO:kbc-cli.py:Epoch 49/100	Loss 5.9195 ± 0.3348
INFO:kbc-cli.py:Epoch 50/100	Loss 5.9159 ± 0.3340
INFO:kbc-cli.py:Epoch 51/100	Loss 5.9122 ± 0.3362
INFO:kbc-cli.py:Epoch 51/100	dev results	MRR 0.340651	H@1 0.253835	H@3 0.372598	H@5 0.432563	H@10 0.515997	H@20 0.596265	H@50 0.693356	H@100 0.761049
INFO:kbc-cli.py:Epoch 51/100	test results	MRR 0.335987	H@1 0.248314	H@3 0.367512	H@5 0.428613	H@10 0.512044	H@20 0.591909	H@50 0.689461	H@100 0.757916
INFO:kbc-cli.py:Epoch 52/100	Loss 5.9088 ± 0.3369
INFO:kbc-cli.py:Epoch 53/100	Loss 5.9053 ± 0.3367
INFO:kbc-cli.py:Epoch 54/100	Loss 5.9021 ± 0.3403
INFO:kbc-cli.py:Epoch 54/100	dev results	MRR 0.341189	H@1 0.253607	H@3 0.374080	H@5 0.433219	H@10 0.516909	H@20 0.596550	H@50 0.692957	H@100 0.761648
INFO:kbc-cli.py:Epoch 54/100	test results	MRR 0.335971	H@1 0.248021	H@3 0.367927	H@5 0.428882	H@10 0.512606	H@20 0.591664	H@50 0.689583	H@100 0.756889
INFO:kbc-cli.py:Epoch 55/100	Loss 5.8989 ± 0.3283
INFO:kbc-cli.py:Epoch 56/100	Loss 5.8958 ± 0.3324
INFO:kbc-cli.py:Epoch 57/100	Loss 5.8931 ± 0.3347
INFO:kbc-cli.py:Epoch 57/100	dev results	MRR 0.341697	H@1 0.255033	H@3 0.373253	H@5 0.433818	H@10 0.517679	H@20 0.596493	H@50 0.692700	H@100 0.761420
INFO:kbc-cli.py:Epoch 57/100	test results	MRR 0.336144	H@1 0.248583	H@3 0.368172	H@5 0.428613	H@10 0.512997	H@20 0.591909	H@50 0.689509	H@100 0.757183
INFO:kbc-cli.py:Epoch 58/100	Loss 5.8899 ± 0.3319
INFO:kbc-cli.py:Epoch 59/100	Loss 5.8871 ± 0.3274
INFO:kbc-cli.py:Epoch 60/100	Loss 5.8844 ± 0.3281
INFO:kbc-cli.py:Epoch 60/100	dev results	MRR 0.341955	H@1 0.254776	H@3 0.374622	H@5 0.433875	H@10 0.517080	H@20 0.596350	H@50 0.691816	H@100 0.761705
INFO:kbc-cli.py:Epoch 60/100	test results	MRR 0.336394	H@1 0.248925	H@3 0.368294	H@5 0.429981	H@10 0.512509	H@20 0.592666	H@50 0.690316	H@100 0.756987
INFO:kbc-cli.py:Epoch 61/100	Loss 5.8815 ± 0.3305
INFO:kbc-cli.py:Epoch 62/100	Loss 5.8790 ± 0.3317
INFO:kbc-cli.py:Epoch 63/100	Loss 5.8764 ± 0.3271
INFO:kbc-cli.py:Epoch 63/100	dev results	MRR 0.341402	H@1 0.253778	H@3 0.374508	H@5 0.433105	H@10 0.517109	H@20 0.596635	H@50 0.692672	H@100 0.761620
INFO:kbc-cli.py:Epoch 63/100	test results	MRR 0.336671	H@1 0.248974	H@3 0.369247	H@5 0.429517	H@10 0.513437	H@20 0.592299	H@50 0.689607	H@100 0.757060
INFO:kbc-cli.py:Epoch 64/100	Loss 5.8737 ± 0.3316
INFO:kbc-cli.py:Epoch 65/100	Loss 5.8713 ± 0.3286
INFO:kbc-cli.py:Epoch 66/100	Loss 5.8691 ± 0.3292
INFO:kbc-cli.py:Epoch 66/100	dev results	MRR 0.341422	H@1 0.253807	H@3 0.374537	H@5 0.433447	H@10 0.517337	H@20 0.596977	H@50 0.692843	H@100 0.761705
INFO:kbc-cli.py:Epoch 66/100	test results	MRR 0.336188	H@1 0.248217	H@3 0.368001	H@5 0.429395	H@10 0.513559	H@20 0.593179	H@50 0.689290	H@100 0.756938
INFO:kbc-cli.py:Epoch 67/100	Loss 5.8666 ± 0.3281
INFO:kbc-cli.py:Epoch 68/100	Loss 5.8641 ± 0.3351
INFO:kbc-cli.py:Epoch 69/100	Loss 5.8617 ± 0.3344
INFO:kbc-cli.py:Epoch 69/100	dev results	MRR 0.342425	H@1 0.255375	H@3 0.374964	H@5 0.434731	H@10 0.516681	H@20 0.596578	H@50 0.692301	H@100 0.761990
INFO:kbc-cli.py:Epoch 69/100	test results	MRR 0.337118	H@1 0.250073	H@3 0.368367	H@5 0.430617	H@10 0.513144	H@20 0.593057	H@50 0.689949	H@100 0.757207
INFO:kbc-cli.py:Epoch 70/100	Loss 5.8596 ± 0.3270
INFO:kbc-cli.py:Epoch 71/100	Loss 5.8574 ± 0.3320
INFO:kbc-cli.py:Epoch 72/100	Loss 5.8551 ± 0.3253
INFO:kbc-cli.py:Epoch 72/100	dev results	MRR 0.342468	H@1 0.255489	H@3 0.374109	H@5 0.435529	H@10 0.518335	H@20 0.596607	H@50 0.693071	H@100 0.762361
INFO:kbc-cli.py:Epoch 72/100	test results	MRR 0.337847	H@1 0.250684	H@3 0.369198	H@5 0.430323	H@10 0.513266	H@20 0.592690	H@50 0.689876	H@100 0.757769
INFO:kbc-cli.py:Epoch 73/100	Loss 5.8532 ± 0.3292
INFO:kbc-cli.py:Epoch 74/100	Loss 5.8509 ± 0.3338
INFO:kbc-cli.py:Epoch 75/100	Loss 5.8492 ± 0.3312
INFO:kbc-cli.py:Epoch 75/100	dev results	MRR 0.342778	H@1 0.255575	H@3 0.374594	H@5 0.436042	H@10 0.517080	H@20 0.596920	H@50 0.693271	H@100 0.762532
INFO:kbc-cli.py:Epoch 75/100	test results	MRR 0.337574	H@1 0.250440	H@3 0.369662	H@5 0.430641	H@10 0.513437	H@20 0.592275	H@50 0.690096	H@100 0.758453
INFO:kbc-cli.py:Epoch 76/100	Loss 5.8471 ± 0.3278
INFO:kbc-cli.py:Epoch 77/100	Loss 5.8453 ± 0.3303
INFO:kbc-cli.py:Epoch 78/100	Loss 5.8431 ± 0.3290
INFO:kbc-cli.py:Epoch 78/100	dev results	MRR 0.342689	H@1 0.255518	H@3 0.375135	H@5 0.434474	H@10 0.517993	H@20 0.596464	H@50 0.693470	H@100 0.762846
INFO:kbc-cli.py:Epoch 78/100	test results	MRR 0.336953	H@1 0.249316	H@3 0.368147	H@5 0.430788	H@10 0.514048	H@20 0.592812	H@50 0.689632	H@100 0.757940
INFO:kbc-cli.py:Epoch 79/100	Loss 5.8415 ± 0.3285
INFO:kbc-cli.py:Epoch 80/100	Loss 5.8397 ± 0.3275
INFO:kbc-cli.py:Epoch 81/100	Loss 5.8379 ± 0.3253
INFO:kbc-cli.py:Epoch 81/100	dev results	MRR 0.342317	H@1 0.255175	H@3 0.373795	H@5 0.435016	H@10 0.517194	H@20 0.596806	H@50 0.692586	H@100 0.762618
INFO:kbc-cli.py:Epoch 81/100	test results	MRR 0.337851	H@1 0.250684	H@3 0.369491	H@5 0.430617	H@10 0.513193	H@20 0.593252	H@50 0.689974	H@100 0.757818
INFO:kbc-cli.py:Epoch 82/100	Loss 5.8359 ± 0.3261
INFO:kbc-cli.py:Epoch 83/100	Loss 5.8341 ± 0.3273
INFO:kbc-cli.py:Epoch 84/100	Loss 5.8325 ± 0.3294
INFO:kbc-cli.py:Epoch 84/100	dev results	MRR 0.342326	H@1 0.255033	H@3 0.374993	H@5 0.435500	H@10 0.517593	H@20 0.597120	H@50 0.693670	H@100 0.762618
INFO:kbc-cli.py:Epoch 84/100	test results	MRR 0.337200	H@1 0.250098	H@3 0.369320	H@5 0.430348	H@10 0.513486	H@20 0.592641	H@50 0.690560	H@100 0.757818
INFO:kbc-cli.py:Epoch 85/100	Loss 5.8308 ± 0.3260
INFO:kbc-cli.py:Epoch 86/100	Loss 5.8292 ± 0.3255
INFO:kbc-cli.py:Epoch 87/100	Loss 5.8276 ± 0.3194
INFO:kbc-cli.py:Epoch 87/100	dev results	MRR 0.342414	H@1 0.255204	H@3 0.374052	H@5 0.435586	H@10 0.518135	H@20 0.597149	H@50 0.693128	H@100 0.762846
INFO:kbc-cli.py:Epoch 87/100	test results	MRR 0.337658	H@1 0.250122	H@3 0.370077	H@5 0.431154	H@10 0.513852	H@20 0.593374	H@50 0.689485	H@100 0.758062
INFO:kbc-cli.py:Epoch 88/100	Loss 5.8258 ± 0.3247
INFO:kbc-cli.py:Epoch 89/100	Loss 5.8244 ± 0.3284
INFO:kbc-cli.py:Epoch 90/100	Loss 5.8228 ± 0.3207
INFO:kbc-cli.py:Epoch 90/100	dev results	MRR 0.343258	H@1 0.256430	H@3 0.375307	H@5 0.435472	H@10 0.519846	H@20 0.597263	H@50 0.693042	H@100 0.762846
INFO:kbc-cli.py:Epoch 90/100	test results	MRR 0.338208	H@1 0.251222	H@3 0.369369	H@5 0.431716	H@10 0.514658	H@20 0.593203	H@50 0.690316	H@100 0.757793
INFO:kbc-cli.py:Epoch 91/100	Loss 5.8213 ± 0.3234
INFO:kbc-cli.py:Epoch 92/100	Loss 5.8197 ± 0.3234
INFO:kbc-cli.py:Epoch 93/100	Loss 5.8183 ± 0.3287
INFO:kbc-cli.py:Epoch 93/100	dev results	MRR 0.343066	H@1 0.256259	H@3 0.374765	H@5 0.434902	H@10 0.518221	H@20 0.597348	H@50 0.692957	H@100 0.763159
INFO:kbc-cli.py:Epoch 93/100	test results	MRR 0.337952	H@1 0.250660	H@3 0.369882	H@5 0.429884	H@10 0.513461	H@20 0.593203	H@50 0.690120	H@100 0.757525
INFO:kbc-cli.py:Epoch 94/100	Loss 5.8168 ± 0.3162
INFO:kbc-cli.py:Epoch 95/100	Loss 5.8153 ± 0.3223
INFO:kbc-cli.py:Epoch 96/100	Loss 5.8138 ± 0.3240
INFO:kbc-cli.py:Epoch 96/100	dev results	MRR 0.343007	H@1 0.255974	H@3 0.374708	H@5 0.436156	H@10 0.518962	H@20 0.596122	H@50 0.692729	H@100 0.762646
INFO:kbc-cli.py:Epoch 96/100	test results	MRR 0.337901	H@1 0.250342	H@3 0.369711	H@5 0.431569	H@10 0.514683	H@20 0.593326	H@50 0.689803	H@100 0.757671
INFO:kbc-cli.py:Epoch 97/100	Loss 5.8124 ± 0.3252
INFO:kbc-cli.py:Epoch 98/100	Loss 5.8111 ± 0.3181
INFO:kbc-cli.py:Epoch 99/100	Loss 5.8098 ± 0.3222
INFO:kbc-cli.py:Epoch 99/100	dev results	MRR 0.343247	H@1 0.256344	H@3 0.374679	H@5 0.436498	H@10 0.519675	H@20 0.596436	H@50 0.692729	H@100 0.762618
INFO:kbc-cli.py:Epoch 99/100	test results	MRR 0.338593	H@1 0.251417	H@3 0.370322	H@5 0.431496	H@10 0.514121	H@20 0.593057	H@50 0.690413	H@100 0.757500
INFO:kbc-cli.py:Epoch 100/100	Loss 5.8085 ± 0.3176
INFO:kbc-cli.py:Final 	dev results	MRR 0.342939	H@1 0.255575	H@3 0.375164	H@5 0.436099	H@10 0.518877	H@20 0.597462	H@50 0.693014	H@100 0.762561
INFO:kbc-cli.py:Final 	test results	MRR 0.338313	H@1 0.251051	H@3 0.370028	H@5 0.431447	H@10 0.513877	H@20 0.593252	H@50 0.690536	H@100 0.757867
INFO:kbc-cli.py:Training finished
