./bin/kbc-cli.py --train data/fb15k-237/train.tsv --dev data/fb15k-237/dev.tsv --test data/fb15k-237/test.tsv -m complex -k 4000 -b 50 -e 100 --F2 0 --N3 0.1 -l 0.1 -I standard -V 3 -o adagrad -c spo -q
{'F2': 0.0,
 'N3': 0.1,
 'batch_size': 50,
 'corruption': 'spo',
 'dev': 'data/fb15k-237/dev.tsv',
 'embedding_size': 4000,
 'epochs': 100,
 'eval_batch_size': None,
 'input_type': 'standard',
 'learning_rate': 0.1,
 'load': None,
 'model': 'complex',
 'optimizer': 'adagrad',
 'quiet': True,
 'save': None,
 'seed': 0,
 'test': 'data/fb15k-237/test.tsv',
 'test_i': None,
 'test_ii': None,
 'train': 'data/fb15k-237/train.tsv',
 'validate_every': 3}
INFO:kbc-cli.py:Device: cuda
INFO:kbc-cli.py:Model state:
INFO:kbc-cli.py:	entities.weight	torch.Size([14541, 8000])
INFO:kbc-cli.py:	predicates.weight	torch.Size([237, 8000])
INFO:kbc-cli.py:Epoch 1/100	Loss 22.3611 ± 5.0065
INFO:kbc-cli.py:Epoch 2/100	Loss 15.8465 ± 0.6199
INFO:kbc-cli.py:Epoch 3/100	Loss 14.4266 ± 0.4105
INFO:kbc-cli.py:Epoch 3/100	dev results	MRR 0.335104	H@1 0.245937	H@3 0.368378	H@5 0.430653	H@10 0.513060	H@20 0.596892	H@50 0.699857	H@100 0.768720
INFO:kbc-cli.py:Epoch 3/100	test results	MRR 0.329848	H@1 0.240496	H@3 0.362895	H@5 0.424949	H@10 0.511482	H@20 0.591371	H@50 0.695031	H@100 0.764829
INFO:kbc-cli.py:Epoch 4/100	Loss 13.7434 ± 0.3659
INFO:kbc-cli.py:Epoch 5/100	Loss 13.3312 ± 0.3460
INFO:kbc-cli.py:Epoch 6/100	Loss 13.0508 ± 0.3358
INFO:kbc-cli.py:Epoch 6/100	dev results	MRR 0.352201	H@1 0.259624	H@3 0.387226	H@5 0.451326	H@10 0.536498	H@20 0.620274	H@50 0.721129	H@100 0.788965
INFO:kbc-cli.py:Epoch 6/100	test results	MRR 0.347654	H@1 0.255961	H@3 0.381095	H@5 0.446765	H@10 0.534741	H@20 0.615655	H@50 0.717703	H@100 0.785718
INFO:kbc-cli.py:Epoch 7/100	Loss 12.8475 ± 0.3293
INFO:kbc-cli.py:Epoch 8/100	Loss 12.6928 ± 0.3223
INFO:kbc-cli.py:Epoch 9/100	Loss 12.5707 ± 0.3271
INFO:kbc-cli.py:Epoch 9/100	dev results	MRR 0.357846	H@1 0.265555	H@3 0.392472	H@5 0.457742	H@10 0.545680	H@20 0.627374	H@50 0.727716	H@100 0.795352
INFO:kbc-cli.py:Epoch 9/100	test results	MRR 0.352815	H@1 0.259235	H@3 0.387887	H@5 0.453630	H@10 0.540482	H@20 0.623644	H@50 0.725569	H@100 0.792632
INFO:kbc-cli.py:Epoch 10/100	Loss 12.4722 ± 0.3227
INFO:kbc-cli.py:Epoch 11/100	Loss 12.3906 ± 0.3256
INFO:kbc-cli.py:Epoch 12/100	Loss 12.3219 ± 0.3174
INFO:kbc-cli.py:Epoch 12/100	dev results	MRR 0.359949	H@1 0.265840	H@3 0.396379	H@5 0.462332	H@10 0.548474	H@20 0.633590	H@50 0.732506	H@100 0.798318
INFO:kbc-cli.py:Epoch 12/100	test results	MRR 0.355461	H@1 0.261971	H@3 0.389768	H@5 0.456904	H@10 0.544953	H@20 0.628335	H@50 0.729332	H@100 0.795270
INFO:kbc-cli.py:Epoch 13/100	Loss 12.2636 ± 0.3162
INFO:kbc-cli.py:Epoch 14/100	Loss 12.2137 ± 0.3177
INFO:kbc-cli.py:Epoch 15/100	Loss 12.1694 ± 0.3129
INFO:kbc-cli.py:Epoch 15/100	dev results	MRR 0.363943	H@1 0.269376	H@3 0.400884	H@5 0.466296	H@10 0.550898	H@20 0.636584	H@50 0.735016	H@100 0.801112
INFO:kbc-cli.py:Epoch 15/100	test results	MRR 0.359422	H@1 0.265416	H@3 0.395681	H@5 0.461375	H@10 0.548080	H@20 0.631047	H@50 0.730724	H@100 0.798397
INFO:kbc-cli.py:Epoch 16/100	Loss 12.1310 ± 0.3211
INFO:kbc-cli.py:Epoch 17/100	Loss 12.0969 ± 0.3122
INFO:kbc-cli.py:Epoch 18/100	Loss 12.0661 ± 0.3152
INFO:kbc-cli.py:Epoch 18/100	dev results	MRR 0.365863	H@1 0.271600	H@3 0.401682	H@5 0.467151	H@10 0.555004	H@20 0.638409	H@50 0.737069	H@100 0.802224
INFO:kbc-cli.py:Epoch 18/100	test results	MRR 0.360691	H@1 0.267957	H@3 0.394630	H@5 0.461448	H@10 0.549668	H@20 0.633539	H@50 0.732752	H@100 0.800254
INFO:kbc-cli.py:Epoch 19/100	Loss 12.0387 ± 0.3151
INFO:kbc-cli.py:Epoch 20/100	Loss 12.0141 ± 0.3113
INFO:kbc-cli.py:Epoch 21/100	Loss 11.9914 ± 0.3106
INFO:kbc-cli.py:Epoch 21/100	dev results	MRR 0.365921	H@1 0.271400	H@3 0.402595	H@5 0.468235	H@10 0.555575	H@20 0.638551	H@50 0.738095	H@100 0.802937
INFO:kbc-cli.py:Epoch 21/100	test results	MRR 0.361996	H@1 0.268323	H@3 0.398148	H@5 0.464087	H@10 0.550889	H@20 0.633636	H@50 0.734144	H@100 0.800914
INFO:kbc-cli.py:Epoch 22/100	Loss 11.9708 ± 0.3122
INFO:kbc-cli.py:Epoch 23/100	Loss 11.9518 ± 0.3082
INFO:kbc-cli.py:Epoch 24/100	Loss 11.9345 ± 0.3073
INFO:kbc-cli.py:Epoch 24/100	dev results	MRR 0.367497	H@1 0.272883	H@3 0.404904	H@5 0.468492	H@10 0.554634	H@20 0.639492	H@50 0.738608	H@100 0.804192
INFO:kbc-cli.py:Epoch 24/100	test results	MRR 0.362498	H@1 0.267615	H@3 0.400054	H@5 0.466676	H@10 0.552135	H@20 0.635811	H@50 0.733900	H@100 0.801451
INFO:kbc-cli.py:Epoch 25/100	Loss 11.9180 ± 0.3089
INFO:kbc-cli.py:Epoch 26/100	Loss 11.9030 ± 0.3007
INFO:kbc-cli.py:Epoch 27/100	Loss 11.8891 ± 0.3025
INFO:kbc-cli.py:Epoch 27/100	dev results	MRR 0.369272	H@1 0.274936	H@3 0.406131	H@5 0.472170	H@10 0.559766	H@20 0.641374	H@50 0.739407	H@100 0.803935
INFO:kbc-cli.py:Epoch 27/100	test results	MRR 0.365542	H@1 0.271988	H@3 0.400127	H@5 0.469217	H@10 0.554749	H@20 0.636690	H@50 0.735390	H@100 0.801671
INFO:kbc-cli.py:Epoch 28/100	Loss 11.8762 ± 0.3047
INFO:kbc-cli.py:Epoch 29/100	Loss 11.8640 ± 0.3044
INFO:kbc-cli.py:Epoch 30/100	Loss 11.8526 ± 0.3037
INFO:kbc-cli.py:Epoch 30/100	dev results	MRR 0.368566	H@1 0.272655	H@3 0.406843	H@5 0.471970	H@10 0.559224	H@20 0.642344	H@50 0.738437	H@100 0.804933
INFO:kbc-cli.py:Epoch 30/100	test results	MRR 0.364205	H@1 0.269349	H@3 0.400811	H@5 0.469217	H@10 0.553748	H@20 0.635713	H@50 0.735732	H@100 0.803381
INFO:kbc-cli.py:Epoch 31/100	Loss 11.8418 ± 0.3008
INFO:kbc-cli.py:Epoch 32/100	Loss 11.8318 ± 0.3079
INFO:kbc-cli.py:Epoch 33/100	Loss 11.8221 ± 0.2947
INFO:kbc-cli.py:Epoch 33/100	dev results	MRR 0.369597	H@1 0.274850	H@3 0.407499	H@5 0.472084	H@10 0.558112	H@20 0.640690	H@50 0.739179	H@100 0.805076
INFO:kbc-cli.py:Epoch 33/100	test results	MRR 0.365384	H@1 0.271426	H@3 0.401153	H@5 0.466701	H@10 0.553894	H@20 0.636934	H@50 0.736612	H@100 0.803845
INFO:kbc-cli.py:Epoch 34/100	Loss 11.8130 ± 0.3006
INFO:kbc-cli.py:Epoch 35/100	Loss 11.8045 ± 0.2983
INFO:kbc-cli.py:Epoch 36/100	Loss 11.7960 ± 0.2993
INFO:kbc-cli.py:Epoch 36/100	dev results	MRR 0.369268	H@1 0.274337	H@3 0.406387	H@5 0.473368	H@10 0.559994	H@20 0.642030	H@50 0.739635	H@100 0.805646
INFO:kbc-cli.py:Epoch 36/100	test results	MRR 0.365374	H@1 0.271181	H@3 0.401642	H@5 0.469681	H@10 0.555653	H@20 0.637374	H@50 0.737882	H@100 0.804456
INFO:kbc-cli.py:Epoch 37/100	Loss 11.7885 ± 0.3027
INFO:kbc-cli.py:Epoch 38/100	Loss 11.7808 ± 0.2998
INFO:kbc-cli.py:Epoch 39/100	Loss 11.7738 ± 0.3033
INFO:kbc-cli.py:Epoch 39/100	dev results	MRR 0.369610	H@1 0.274594	H@3 0.406416	H@5 0.473054	H@10 0.558255	H@20 0.642486	H@50 0.739949	H@100 0.805845
INFO:kbc-cli.py:Epoch 39/100	test results	MRR 0.365757	H@1 0.271133	H@3 0.401837	H@5 0.470170	H@10 0.554603	H@20 0.637912	H@50 0.737516	H@100 0.803845
INFO:kbc-cli.py:Epoch 40/100	Loss 11.7667 ± 0.3011
INFO:kbc-cli.py:Epoch 41/100	Loss 11.7606 ± 0.3008
INFO:kbc-cli.py:Epoch 42/100	Loss 11.7545 ± 0.2991
INFO:kbc-cli.py:Epoch 42/100	dev results	MRR 0.370967	H@1 0.276590	H@3 0.408013	H@5 0.472427	H@10 0.559652	H@20 0.644739	H@50 0.740719	H@100 0.806273
INFO:kbc-cli.py:Epoch 42/100	test results	MRR 0.366192	H@1 0.271768	H@3 0.402790	H@5 0.468900	H@10 0.555678	H@20 0.638474	H@50 0.737076	H@100 0.803870
INFO:kbc-cli.py:Epoch 43/100	Loss 11.7482 ± 0.2980
INFO:kbc-cli.py:Epoch 44/100	Loss 11.7426 ± 0.3014
INFO:kbc-cli.py:Epoch 45/100	Loss 11.7372 ± 0.2999
INFO:kbc-cli.py:Epoch 45/100	dev results	MRR 0.371509	H@1 0.277188	H@3 0.409410	H@5 0.473453	H@10 0.559766	H@20 0.642715	H@50 0.739835	H@100 0.806017
INFO:kbc-cli.py:Epoch 45/100	test results	MRR 0.366339	H@1 0.271963	H@3 0.403279	H@5 0.469852	H@10 0.555189	H@20 0.638180	H@50 0.737027	H@100 0.803503
INFO:kbc-cli.py:Epoch 46/100	Loss 11.7316 ± 0.2982
INFO:kbc-cli.py:Epoch 47/100	Loss 11.7266 ± 0.2986
INFO:kbc-cli.py:Epoch 48/100	Loss 11.7218 ± 0.3001
INFO:kbc-cli.py:Epoch 48/100	dev results	MRR 0.371786	H@1 0.277360	H@3 0.408982	H@5 0.472740	H@10 0.560508	H@20 0.642886	H@50 0.740462	H@100 0.806872
INFO:kbc-cli.py:Epoch 48/100	test results	MRR 0.367583	H@1 0.273429	H@3 0.403352	H@5 0.470927	H@10 0.555531	H@20 0.638913	H@50 0.738420	H@100 0.804920
INFO:kbc-cli.py:Epoch 49/100	Loss 11.7169 ± 0.2985
INFO:kbc-cli.py:Epoch 50/100	Loss 11.7125 ± 0.2986
INFO:kbc-cli.py:Epoch 51/100	Loss 11.7078 ± 0.2967
INFO:kbc-cli.py:Epoch 51/100	dev results	MRR 0.371200	H@1 0.276133	H@3 0.409039	H@5 0.475649	H@10 0.560137	H@20 0.643456	H@50 0.740947	H@100 0.808127
INFO:kbc-cli.py:Epoch 51/100	test results	MRR 0.366769	H@1 0.272354	H@3 0.403596	H@5 0.471587	H@10 0.556973	H@20 0.638107	H@50 0.739153	H@100 0.805311
INFO:kbc-cli.py:Epoch 52/100	Loss 11.7037 ± 0.2965
INFO:kbc-cli.py:Epoch 53/100	Loss 11.6993 ± 0.2976
INFO:kbc-cli.py:Epoch 54/100	Loss 11.6952 ± 0.2974
INFO:kbc-cli.py:Epoch 54/100	dev results	MRR 0.371943	H@1 0.277645	H@3 0.409695	H@5 0.475392	H@10 0.559224	H@20 0.643142	H@50 0.740690	H@100 0.806359
INFO:kbc-cli.py:Epoch 54/100	test results	MRR 0.367462	H@1 0.273625	H@3 0.403425	H@5 0.471025	H@10 0.556802	H@20 0.638351	H@50 0.737614	H@100 0.805507
INFO:kbc-cli.py:Epoch 55/100	Loss 11.6913 ± 0.2948
INFO:kbc-cli.py:Epoch 56/100	Loss 11.6876 ± 0.2939
INFO:kbc-cli.py:Epoch 57/100	Loss 11.6841 ± 0.2963
INFO:kbc-cli.py:Epoch 57/100	dev results	MRR 0.371171	H@1 0.276133	H@3 0.408355	H@5 0.474679	H@10 0.561334	H@20 0.645138	H@50 0.740861	H@100 0.806444
INFO:kbc-cli.py:Epoch 57/100	test results	MRR 0.367290	H@1 0.273063	H@3 0.402008	H@5 0.472638	H@10 0.557144	H@20 0.638645	H@50 0.738029	H@100 0.804456
INFO:kbc-cli.py:Epoch 58/100	Loss 11.6803 ± 0.2943
INFO:kbc-cli.py:Epoch 59/100	Loss 11.6769 ± 0.2938
INFO:kbc-cli.py:Epoch 60/100	Loss 11.6734 ± 0.2929
INFO:kbc-cli.py:Epoch 60/100	dev results	MRR 0.372549	H@1 0.278500	H@3 0.410009	H@5 0.474251	H@10 0.560964	H@20 0.643142	H@50 0.741431	H@100 0.807072
INFO:kbc-cli.py:Epoch 60/100	test results	MRR 0.367170	H@1 0.272892	H@3 0.403523	H@5 0.471172	H@10 0.555556	H@20 0.638425	H@50 0.737785	H@100 0.804994
INFO:kbc-cli.py:Epoch 61/100	Loss 11.6700 ± 0.2909
INFO:kbc-cli.py:Epoch 62/100	Loss 11.6670 ± 0.2945
INFO:kbc-cli.py:Epoch 63/100	Loss 11.6637 ± 0.2939
INFO:kbc-cli.py:Epoch 63/100	dev results	MRR 0.372474	H@1 0.277673	H@3 0.411320	H@5 0.474993	H@10 0.562390	H@20 0.644825	H@50 0.741089	H@100 0.807214
INFO:kbc-cli.py:Epoch 63/100	test results	MRR 0.367869	H@1 0.273527	H@3 0.404256	H@5 0.472564	H@10 0.557657	H@20 0.638742	H@50 0.738908	H@100 0.804676
INFO:kbc-cli.py:Epoch 64/100	Loss 11.6606 ± 0.2966
INFO:kbc-cli.py:Epoch 65/100	Loss 11.6577 ± 0.2962
INFO:kbc-cli.py:Epoch 66/100	Loss 11.6550 ± 0.2921
INFO:kbc-cli.py:Epoch 66/100	dev results	MRR 0.372076	H@1 0.277759	H@3 0.409267	H@5 0.475335	H@10 0.560365	H@20 0.645309	H@50 0.740833	H@100 0.807015
INFO:kbc-cli.py:Epoch 66/100	test results	MRR 0.367030	H@1 0.272843	H@3 0.403303	H@5 0.471611	H@10 0.555971	H@20 0.639109	H@50 0.738469	H@100 0.805702
INFO:kbc-cli.py:Epoch 67/100	Loss 11.6519 ± 0.2943
INFO:kbc-cli.py:Epoch 68/100	Loss 11.6493 ± 0.2948
INFO:kbc-cli.py:Epoch 69/100	Loss 11.6463 ± 0.2981
INFO:kbc-cli.py:Epoch 69/100	dev results	MRR 0.372591	H@1 0.277787	H@3 0.411548	H@5 0.474480	H@10 0.562190	H@20 0.644226	H@50 0.741717	H@100 0.807186
INFO:kbc-cli.py:Epoch 69/100	test results	MRR 0.367902	H@1 0.273112	H@3 0.405209	H@5 0.473346	H@10 0.558023	H@20 0.639671	H@50 0.738884	H@100 0.805336
INFO:kbc-cli.py:Epoch 70/100	Loss 11.6438 ± 0.2923
INFO:kbc-cli.py:Epoch 71/100	Loss 11.6411 ± 0.2927
INFO:kbc-cli.py:Epoch 72/100	Loss 11.6386 ± 0.2920
INFO:kbc-cli.py:Epoch 72/100	dev results	MRR 0.372881	H@1 0.278671	H@3 0.410265	H@5 0.474451	H@10 0.560907	H@20 0.645110	H@50 0.742715	H@100 0.807300
INFO:kbc-cli.py:Epoch 72/100	test results	MRR 0.367737	H@1 0.272843	H@3 0.404622	H@5 0.472442	H@10 0.556997	H@20 0.639671	H@50 0.739226	H@100 0.805311
INFO:kbc-cli.py:Epoch 73/100	Loss 11.6362 ± 0.2897
INFO:kbc-cli.py:Epoch 74/100	Loss 11.6338 ± 0.2987
INFO:kbc-cli.py:Epoch 75/100	Loss 11.6315 ± 0.2924
INFO:kbc-cli.py:Epoch 75/100	dev results	MRR 0.372966	H@1 0.278386	H@3 0.410864	H@5 0.474280	H@10 0.561933	H@20 0.644482	H@50 0.741945	H@100 0.807100
INFO:kbc-cli.py:Epoch 75/100	test results	MRR 0.368148	H@1 0.274064	H@3 0.405013	H@5 0.470463	H@10 0.556288	H@20 0.639255	H@50 0.739519	H@100 0.805214
INFO:kbc-cli.py:Epoch 76/100	Loss 11.6291 ± 0.2950
INFO:kbc-cli.py:Epoch 77/100	Loss 11.6268 ± 0.2918
INFO:kbc-cli.py:Epoch 78/100	Loss 11.6245 ± 0.2913
INFO:kbc-cli.py:Epoch 78/100	dev results	MRR 0.373072	H@1 0.279327	H@3 0.409980	H@5 0.473767	H@10 0.560679	H@20 0.645480	H@50 0.740747	H@100 0.806587
INFO:kbc-cli.py:Epoch 78/100	test results	MRR 0.368438	H@1 0.274700	H@3 0.404256	H@5 0.471172	H@10 0.557534	H@20 0.640159	H@50 0.739397	H@100 0.804749
INFO:kbc-cli.py:Epoch 79/100	Loss 11.6225 ± 0.2949
INFO:kbc-cli.py:Epoch 80/100	Loss 11.6204 ± 0.2902
INFO:kbc-cli.py:Epoch 81/100	Loss 11.6183 ± 0.2922
INFO:kbc-cli.py:Epoch 81/100	dev results	MRR 0.372859	H@1 0.278472	H@3 0.409894	H@5 0.474023	H@10 0.562019	H@20 0.644197	H@50 0.741175	H@100 0.806615
INFO:kbc-cli.py:Epoch 81/100	test results	MRR 0.367402	H@1 0.272867	H@3 0.403205	H@5 0.472173	H@10 0.556850	H@20 0.639035	H@50 0.738982	H@100 0.804847
INFO:kbc-cli.py:Epoch 82/100	Loss 11.6161 ± 0.2907
INFO:kbc-cli.py:Epoch 83/100	Loss 11.6141 ± 0.2900
INFO:kbc-cli.py:Epoch 84/100	Loss 11.6121 ± 0.2941
INFO:kbc-cli.py:Epoch 84/100	dev results	MRR 0.373582	H@1 0.279299	H@3 0.410579	H@5 0.475364	H@10 0.561220	H@20 0.645224	H@50 0.741574	H@100 0.806843
INFO:kbc-cli.py:Epoch 84/100	test results	MRR 0.369275	H@1 0.275359	H@3 0.405771	H@5 0.472955	H@10 0.557437	H@20 0.639866	H@50 0.739250	H@100 0.805189
INFO:kbc-cli.py:Epoch 85/100	Loss 11.6102 ± 0.2935
INFO:kbc-cli.py:Epoch 86/100	Loss 11.6083 ± 0.2866
INFO:kbc-cli.py:Epoch 87/100	Loss 11.6064 ± 0.2836
INFO:kbc-cli.py:Epoch 87/100	dev results	MRR 0.373692	H@1 0.279470	H@3 0.411149	H@5 0.475364	H@10 0.562304	H@20 0.645167	H@50 0.741916	H@100 0.807100
INFO:kbc-cli.py:Epoch 87/100	test results	MRR 0.369148	H@1 0.275237	H@3 0.405160	H@5 0.472735	H@10 0.557412	H@20 0.639793	H@50 0.739495	H@100 0.805458
INFO:kbc-cli.py:Epoch 88/100	Loss 11.6045 ± 0.2917
INFO:kbc-cli.py:Epoch 89/100	Loss 11.6027 ± 0.2930
INFO:kbc-cli.py:Epoch 90/100	Loss 11.6010 ± 0.2867
INFO:kbc-cli.py:Epoch 90/100	dev results	MRR 0.372999	H@1 0.278015	H@3 0.409837	H@5 0.475649	H@10 0.563559	H@20 0.645537	H@50 0.741603	H@100 0.807756
INFO:kbc-cli.py:Epoch 90/100	test results	MRR 0.369031	H@1 0.275213	H@3 0.404818	H@5 0.472686	H@10 0.558854	H@20 0.640501	H@50 0.739812	H@100 0.805018
INFO:kbc-cli.py:Epoch 91/100	Loss 11.5992 ± 0.2908
INFO:kbc-cli.py:Epoch 92/100	Loss 11.5976 ± 0.2885
INFO:kbc-cli.py:Epoch 93/100	Loss 11.5957 ± 0.2943
INFO:kbc-cli.py:Epoch 93/100	dev results	MRR 0.373506	H@1 0.279555	H@3 0.410693	H@5 0.475050	H@10 0.563045	H@20 0.644682	H@50 0.742601	H@100 0.807727
INFO:kbc-cli.py:Epoch 93/100	test results	MRR 0.369288	H@1 0.275139	H@3 0.406479	H@5 0.473712	H@10 0.557608	H@20 0.640550	H@50 0.739299	H@100 0.805140
INFO:kbc-cli.py:Epoch 94/100	Loss 11.5942 ± 0.2904
INFO:kbc-cli.py:Epoch 95/100	Loss 11.5924 ± 0.2846
INFO:kbc-cli.py:Epoch 96/100	Loss 11.5908 ± 0.2916
INFO:kbc-cli.py:Epoch 96/100	dev results	MRR 0.374104	H@1 0.280268	H@3 0.410123	H@5 0.474993	H@10 0.562931	H@20 0.644967	H@50 0.742116	H@100 0.807813
INFO:kbc-cli.py:Epoch 96/100	test results	MRR 0.369201	H@1 0.275139	H@3 0.405013	H@5 0.473004	H@10 0.557486	H@20 0.640037	H@50 0.739592	H@100 0.805531
INFO:kbc-cli.py:Epoch 97/100	Loss 11.5892 ± 0.2932
INFO:kbc-cli.py:Epoch 98/100	Loss 11.5877 ± 0.2855
INFO:kbc-cli.py:Epoch 99/100	Loss 11.5863 ± 0.2901
INFO:kbc-cli.py:Epoch 99/100	dev results	MRR 0.374322	H@1 0.280582	H@3 0.411634	H@5 0.475250	H@10 0.562275	H@20 0.645480	H@50 0.741916	H@100 0.806986
INFO:kbc-cli.py:Epoch 99/100	test results	MRR 0.369205	H@1 0.275481	H@3 0.405453	H@5 0.472980	H@10 0.558096	H@20 0.639475	H@50 0.739421	H@100 0.805556
INFO:kbc-cli.py:Epoch 100/100	Loss 11.5846 ± 0.2835
INFO:kbc-cli.py:Final 	dev results	MRR 0.374154	H@1 0.280040	H@3 0.412489	H@5 0.474822	H@10 0.562675	H@20 0.645167	H@50 0.742258	H@100 0.807613
INFO:kbc-cli.py:Final 	test results	MRR 0.369318	H@1 0.275432	H@3 0.406015	H@5 0.472369	H@10 0.557266	H@20 0.639426	H@50 0.740081	H@100 0.805702
INFO:kbc-cli.py:Training finished
