./bin/kbc-cli.py --train data/fb15k-237/train.tsv --dev data/fb15k-237/dev.tsv --test data/fb15k-237/test.tsv -m complex -k 1000 -b 100 -e 100 --F2 0.001 --N3 0 -l 0.1 -I standard -V 3 -o adagrad -c so -q
{'F2': 0.001,
 'N3': 0.0,
 'batch_size': 100,
 'corruption': 'so',
 'dev': 'data/fb15k-237/dev.tsv',
 'embedding_size': 1000,
 'epochs': 100,
 'eval_batch_size': None,
 'input_type': 'standard',
 'learning_rate': 0.1,
 'load': None,
 'model': 'complex',
 'optimizer': 'adagrad',
 'quiet': True,
 'save': None,
 'seed': 0,
 'test': 'data/fb15k-237/test.tsv',
 'test_i': None,
 'test_ii': None,
 'train': 'data/fb15k-237/train.tsv',
 'validate_every': 3}
INFO:kbc-cli.py:Device: cuda
INFO:kbc-cli.py:Model state:
INFO:kbc-cli.py:	entities.weight	torch.Size([14541, 2000])
INFO:kbc-cli.py:	predicates.weight	torch.Size([237, 2000])
INFO:kbc-cli.py:Epoch 1/100	Loss 12.0941 ± 1.9094
INFO:kbc-cli.py:Epoch 2/100	Loss 7.9558 ± 0.2837
INFO:kbc-cli.py:Epoch 3/100	Loss 7.0944 ± 0.3394
INFO:kbc-cli.py:Epoch 3/100	dev results	MRR 0.322390	H@1 0.234274	H@3 0.353436	H@5 0.415883	H@10 0.498717	H@20 0.581238	H@50 0.684574	H@100 0.753293
INFO:kbc-cli.py:Epoch 3/100	test results	MRR 0.314114	H@1 0.224958	H@3 0.345598	H@5 0.409093	H@10 0.493892	H@20 0.576029	H@50 0.682009	H@100 0.753152
INFO:kbc-cli.py:Epoch 4/100	Loss 6.7634 ± 0.3478
INFO:kbc-cli.py:Epoch 5/100	Loss 6.5757 ± 0.3524
INFO:kbc-cli.py:Epoch 6/100	Loss 6.4503 ± 0.3375
INFO:kbc-cli.py:Epoch 6/100	dev results	MRR 0.334956	H@1 0.245281	H@3 0.368663	H@5 0.430624	H@10 0.513259	H@20 0.596493	H@50 0.694753	H@100 0.764072
INFO:kbc-cli.py:Epoch 6/100	test results	MRR 0.327134	H@1 0.236856	H@3 0.358766	H@5 0.423507	H@10 0.508795	H@20 0.592080	H@50 0.694054	H@100 0.763046
INFO:kbc-cli.py:Epoch 7/100	Loss 6.3595 ± 0.3319
INFO:kbc-cli.py:Epoch 8/100	Loss 6.2896 ± 0.3294
INFO:kbc-cli.py:Epoch 9/100	Loss 6.2331 ± 0.3227
INFO:kbc-cli.py:Epoch 9/100	dev results	MRR 0.340306	H@1 0.251326	H@3 0.371999	H@5 0.434816	H@10 0.518107	H@20 0.600741	H@50 0.698489	H@100 0.766781
INFO:kbc-cli.py:Epoch 9/100	test results	MRR 0.333356	H@1 0.243428	H@3 0.365704	H@5 0.429004	H@10 0.510017	H@20 0.595866	H@50 0.698182	H@100 0.766149
INFO:kbc-cli.py:Epoch 10/100	Loss 6.1860 ± 0.3188
INFO:kbc-cli.py:Epoch 11/100	Loss 6.1460 ± 0.3222
INFO:kbc-cli.py:Epoch 12/100	Loss 6.1126 ± 0.3188
INFO:kbc-cli.py:Epoch 12/100	dev results	MRR 0.343078	H@1 0.253579	H@3 0.378215	H@5 0.437496	H@10 0.521129	H@20 0.602794	H@50 0.701369	H@100 0.768263
INFO:kbc-cli.py:Epoch 12/100	test results	MRR 0.334076	H@1 0.242940	H@3 0.368196	H@5 0.433133	H@10 0.514878	H@20 0.598822	H@50 0.701187	H@100 0.767712
INFO:kbc-cli.py:Epoch 13/100	Loss 6.0824 ± 0.3066
INFO:kbc-cli.py:Epoch 14/100	Loss 6.0568 ± 0.3103
INFO:kbc-cli.py:Epoch 15/100	Loss 6.0328 ± 0.3030
INFO:kbc-cli.py:Epoch 15/100	dev results	MRR 0.344053	H@1 0.254719	H@3 0.376533	H@5 0.440405	H@10 0.524693	H@20 0.603678	H@50 0.702395	H@100 0.769832
INFO:kbc-cli.py:Epoch 15/100	test results	MRR 0.335939	H@1 0.244967	H@3 0.369686	H@5 0.433622	H@10 0.517663	H@20 0.600606	H@50 0.701065	H@100 0.769251
INFO:kbc-cli.py:Epoch 16/100	Loss 6.0123 ± 0.3007
INFO:kbc-cli.py:Epoch 17/100	Loss 5.9933 ± 0.3034
INFO:kbc-cli.py:Epoch 18/100	Loss 5.9757 ± 0.3010
INFO:kbc-cli.py:Epoch 18/100	dev results	MRR 0.346667	H@1 0.256972	H@3 0.380553	H@5 0.442458	H@10 0.524380	H@20 0.606017	H@50 0.702367	H@100 0.770488
INFO:kbc-cli.py:Epoch 18/100	test results	MRR 0.337907	H@1 0.247068	H@3 0.370712	H@5 0.436285	H@10 0.517737	H@20 0.602072	H@50 0.702946	H@100 0.769447
INFO:kbc-cli.py:Epoch 19/100	Loss 5.9598 ± 0.2907
INFO:kbc-cli.py:Epoch 20/100	Loss 5.9456 ± 0.2907
INFO:kbc-cli.py:Epoch 21/100	Loss 5.9319 ± 0.2815
INFO:kbc-cli.py:Epoch 21/100	dev results	MRR 0.346850	H@1 0.257000	H@3 0.381665	H@5 0.442515	H@10 0.525663	H@20 0.606302	H@50 0.703536	H@100 0.769718
INFO:kbc-cli.py:Epoch 21/100	test results	MRR 0.339770	H@1 0.249463	H@3 0.374133	H@5 0.437189	H@10 0.519227	H@20 0.602365	H@50 0.702555	H@100 0.769936
INFO:kbc-cli.py:Epoch 22/100	Loss 5.9199 ± 0.2885
INFO:kbc-cli.py:Epoch 23/100	Loss 5.9076 ± 0.2870
INFO:kbc-cli.py:Epoch 24/100	Loss 5.8969 ± 0.2850
INFO:kbc-cli.py:Epoch 24/100	dev results	MRR 0.347603	H@1 0.257713	H@3 0.380867	H@5 0.443513	H@10 0.526490	H@20 0.607129	H@50 0.704733	H@100 0.769889
INFO:kbc-cli.py:Epoch 24/100	test results	MRR 0.340353	H@1 0.250220	H@3 0.373180	H@5 0.438434	H@10 0.518836	H@20 0.603709	H@50 0.702897	H@100 0.769203
INFO:kbc-cli.py:Epoch 25/100	Loss 5.8863 ± 0.2840
INFO:kbc-cli.py:Epoch 26/100	Loss 5.8765 ± 0.2781
INFO:kbc-cli.py:Epoch 27/100	Loss 5.8677 ± 0.2813
INFO:kbc-cli.py:Epoch 27/100	dev results	MRR 0.348348	H@1 0.258055	H@3 0.384146	H@5 0.446764	H@10 0.528030	H@20 0.607813	H@50 0.705646	H@100 0.770630
INFO:kbc-cli.py:Epoch 27/100	test results	MRR 0.340825	H@1 0.250122	H@3 0.375086	H@5 0.439412	H@10 0.520791	H@20 0.602902	H@50 0.705023	H@100 0.770302
INFO:kbc-cli.py:Epoch 28/100	Loss 5.8593 ± 0.2762
INFO:kbc-cli.py:Epoch 29/100	Loss 5.8511 ± 0.2717
INFO:kbc-cli.py:Epoch 30/100	Loss 5.8435 ± 0.2782
INFO:kbc-cli.py:Epoch 30/100	dev results	MRR 0.348601	H@1 0.258797	H@3 0.383148	H@5 0.445680	H@10 0.526632	H@20 0.607699	H@50 0.705019	H@100 0.771200
INFO:kbc-cli.py:Epoch 30/100	test results	MRR 0.340619	H@1 0.249658	H@3 0.375843	H@5 0.439216	H@10 0.520278	H@20 0.603855	H@50 0.703826	H@100 0.770644
INFO:kbc-cli.py:Epoch 31/100	Loss 5.8361 ± 0.2747
INFO:kbc-cli.py:Epoch 32/100	Loss 5.8292 ± 0.2743
INFO:kbc-cli.py:Epoch 33/100	Loss 5.8222 ± 0.2671
INFO:kbc-cli.py:Epoch 33/100	dev results	MRR 0.349238	H@1 0.259538	H@3 0.382777	H@5 0.445766	H@10 0.528400	H@20 0.607528	H@50 0.705788	H@100 0.770202
INFO:kbc-cli.py:Epoch 33/100	test results	MRR 0.341469	H@1 0.250391	H@3 0.375696	H@5 0.439021	H@10 0.521524	H@20 0.603318	H@50 0.705609	H@100 0.771035
INFO:kbc-cli.py:Epoch 34/100	Loss 5.8158 ± 0.2689
INFO:kbc-cli.py:Epoch 35/100	Loss 5.8098 ± 0.2748
INFO:kbc-cli.py:Epoch 36/100	Loss 5.8040 ± 0.2654
INFO:kbc-cli.py:Epoch 36/100	dev results	MRR 0.349311	H@1 0.259681	H@3 0.383718	H@5 0.445309	H@10 0.527345	H@20 0.607556	H@50 0.705190	H@100 0.770659
INFO:kbc-cli.py:Epoch 36/100	test results	MRR 0.341680	H@1 0.250904	H@3 0.376551	H@5 0.440096	H@10 0.520937	H@20 0.602560	H@50 0.704314	H@100 0.770888
INFO:kbc-cli.py:Epoch 37/100	Loss 5.7985 ± 0.2640
INFO:kbc-cli.py:Epoch 38/100	Loss 5.7932 ± 0.2706
INFO:kbc-cli.py:Epoch 39/100	Loss 5.7878 ± 0.2675
INFO:kbc-cli.py:Epoch 39/100	dev results	MRR 0.350190	H@1 0.261078	H@3 0.383690	H@5 0.446136	H@10 0.527431	H@20 0.607157	H@50 0.706159	H@100 0.770317
INFO:kbc-cli.py:Epoch 39/100	test results	MRR 0.341499	H@1 0.250293	H@3 0.376234	H@5 0.441293	H@10 0.521524	H@20 0.603757	H@50 0.705218	H@100 0.771328
INFO:kbc-cli.py:Epoch 40/100	Loss 5.7826 ± 0.2664
INFO:kbc-cli.py:Epoch 41/100	Loss 5.7780 ± 0.2616
INFO:kbc-cli.py:Epoch 42/100	Loss 5.7729 ± 0.2637
INFO:kbc-cli.py:Epoch 42/100	dev results	MRR 0.350123	H@1 0.261277	H@3 0.383148	H@5 0.446536	H@10 0.528714	H@20 0.608383	H@50 0.706416	H@100 0.771315
INFO:kbc-cli.py:Epoch 42/100	test results	MRR 0.342240	H@1 0.251906	H@3 0.376478	H@5 0.440365	H@10 0.521108	H@20 0.603367	H@50 0.704705	H@100 0.770717
INFO:kbc-cli.py:Epoch 43/100	Loss 5.7688 ± 0.2638
INFO:kbc-cli.py:Epoch 44/100	Loss 5.7643 ± 0.2636
INFO:kbc-cli.py:Epoch 45/100	Loss 5.7605 ± 0.2655
INFO:kbc-cli.py:Epoch 45/100	dev results	MRR 0.350235	H@1 0.261277	H@3 0.383205	H@5 0.445937	H@10 0.528087	H@20 0.608554	H@50 0.704990	H@100 0.771657
INFO:kbc-cli.py:Epoch 45/100	test results	MRR 0.342154	H@1 0.251417	H@3 0.376576	H@5 0.440291	H@10 0.521475	H@20 0.603977	H@50 0.704070	H@100 0.770962
INFO:kbc-cli.py:Epoch 46/100	Loss 5.7559 ± 0.2656
INFO:kbc-cli.py:Epoch 47/100	Loss 5.7521 ± 0.2583
INFO:kbc-cli.py:Epoch 48/100	Loss 5.7484 ± 0.2626
INFO:kbc-cli.py:Epoch 48/100	dev results	MRR 0.350297	H@1 0.260878	H@3 0.383091	H@5 0.446621	H@10 0.529085	H@20 0.608554	H@50 0.705560	H@100 0.771001
INFO:kbc-cli.py:Epoch 48/100	test results	MRR 0.342242	H@1 0.251710	H@3 0.377284	H@5 0.440193	H@10 0.521084	H@20 0.603782	H@50 0.704388	H@100 0.771304
INFO:kbc-cli.py:Epoch 49/100	Loss 5.7445 ± 0.2601
INFO:kbc-cli.py:Epoch 50/100	Loss 5.7411 ± 0.2585
INFO:kbc-cli.py:Epoch 51/100	Loss 5.7373 ± 0.2563
INFO:kbc-cli.py:Epoch 51/100	dev results	MRR 0.350360	H@1 0.261049	H@3 0.383604	H@5 0.446878	H@10 0.528514	H@20 0.607670	H@50 0.706131	H@100 0.771657
INFO:kbc-cli.py:Epoch 51/100	test results	MRR 0.342656	H@1 0.252003	H@3 0.376771	H@5 0.441122	H@10 0.521817	H@20 0.602927	H@50 0.704852	H@100 0.770815
INFO:kbc-cli.py:Epoch 52/100	Loss 5.7343 ± 0.2621
INFO:kbc-cli.py:Epoch 53/100	Loss 5.7307 ± 0.2607
INFO:kbc-cli.py:Epoch 54/100	Loss 5.7275 ± 0.2662
INFO:kbc-cli.py:Epoch 54/100	dev results	MRR 0.350687	H@1 0.261506	H@3 0.383861	H@5 0.446707	H@10 0.528001	H@20 0.609011	H@50 0.706786	H@100 0.770972
INFO:kbc-cli.py:Epoch 54/100	test results	MRR 0.342094	H@1 0.251051	H@3 0.377040	H@5 0.440609	H@10 0.521352	H@20 0.603611	H@50 0.704461	H@100 0.771230
INFO:kbc-cli.py:Epoch 55/100	Loss 5.7242 ± 0.2519
INFO:kbc-cli.py:Epoch 56/100	Loss 5.7215 ± 0.2577
INFO:kbc-cli.py:Epoch 57/100	Loss 5.7189 ± 0.2556
INFO:kbc-cli.py:Epoch 57/100	dev results	MRR 0.350454	H@1 0.261449	H@3 0.382749	H@5 0.446735	H@10 0.529056	H@20 0.608355	H@50 0.705988	H@100 0.770773
INFO:kbc-cli.py:Epoch 57/100	test results	MRR 0.342482	H@1 0.252003	H@3 0.377309	H@5 0.440316	H@10 0.521572	H@20 0.604148	H@50 0.704779	H@100 0.771206
INFO:kbc-cli.py:Epoch 58/100	Loss 5.7156 ± 0.2569
INFO:kbc-cli.py:Epoch 59/100	Loss 5.7126 ± 0.2511
INFO:kbc-cli.py:Epoch 60/100	Loss 5.7104 ± 0.2558
INFO:kbc-cli.py:Epoch 60/100	dev results	MRR 0.351032	H@1 0.261848	H@3 0.384773	H@5 0.446564	H@10 0.529028	H@20 0.607841	H@50 0.706102	H@100 0.771486
INFO:kbc-cli.py:Epoch 60/100	test results	MRR 0.342780	H@1 0.252614	H@3 0.377333	H@5 0.440975	H@10 0.521841	H@20 0.602878	H@50 0.704632	H@100 0.771157
INFO:kbc-cli.py:Epoch 61/100	Loss 5.7070 ± 0.2519
INFO:kbc-cli.py:Epoch 62/100	Loss 5.7047 ± 0.2549
INFO:kbc-cli.py:Epoch 63/100	Loss 5.7022 ± 0.2496
INFO:kbc-cli.py:Epoch 63/100	dev results	MRR 0.351020	H@1 0.261791	H@3 0.384716	H@5 0.446735	H@10 0.529427	H@20 0.608070	H@50 0.706359	H@100 0.771628
INFO:kbc-cli.py:Epoch 63/100	test results	MRR 0.342520	H@1 0.251661	H@3 0.377553	H@5 0.441317	H@10 0.522525	H@20 0.603782	H@50 0.704461	H@100 0.771230
INFO:kbc-cli.py:Epoch 64/100	Loss 5.6997 ± 0.2555
INFO:kbc-cli.py:Epoch 65/100	Loss 5.6974 ± 0.2516
INFO:kbc-cli.py:Epoch 66/100	Loss 5.6952 ± 0.2484
INFO:kbc-cli.py:Epoch 66/100	dev results	MRR 0.350539	H@1 0.261306	H@3 0.383832	H@5 0.446621	H@10 0.529655	H@20 0.608070	H@50 0.705874	H@100 0.771457
INFO:kbc-cli.py:Epoch 66/100	test results	MRR 0.342695	H@1 0.251808	H@3 0.377846	H@5 0.441268	H@10 0.522379	H@20 0.604075	H@50 0.704363	H@100 0.771352
INFO:kbc-cli.py:Epoch 67/100	Loss 5.6925 ± 0.2510
INFO:kbc-cli.py:Epoch 68/100	Loss 5.6901 ± 0.2558
INFO:kbc-cli.py:Epoch 69/100	Loss 5.6877 ± 0.2539
INFO:kbc-cli.py:Epoch 69/100	dev results	MRR 0.351722	H@1 0.263045	H@3 0.384916	H@5 0.447134	H@10 0.529142	H@20 0.607870	H@50 0.705475	H@100 0.771429
INFO:kbc-cli.py:Epoch 69/100	test results	MRR 0.342262	H@1 0.251124	H@3 0.377504	H@5 0.441659	H@10 0.522085	H@20 0.603733	H@50 0.704681	H@100 0.771475
INFO:kbc-cli.py:Epoch 70/100	Loss 5.6856 ± 0.2519
INFO:kbc-cli.py:Epoch 71/100	Loss 5.6833 ± 0.2512
INFO:kbc-cli.py:Epoch 72/100	Loss 5.6811 ± 0.2494
INFO:kbc-cli.py:Epoch 72/100	dev results	MRR 0.351440	H@1 0.262931	H@3 0.384517	H@5 0.446593	H@10 0.529741	H@20 0.608298	H@50 0.705988	H@100 0.770602
INFO:kbc-cli.py:Epoch 72/100	test results	MRR 0.343125	H@1 0.252419	H@3 0.377431	H@5 0.441953	H@10 0.522354	H@20 0.603880	H@50 0.705121	H@100 0.771401
INFO:kbc-cli.py:Epoch 73/100	Loss 5.6796 ± 0.2513
INFO:kbc-cli.py:Epoch 74/100	Loss 5.6770 ± 0.2539
INFO:kbc-cli.py:Epoch 75/100	Loss 5.6753 ± 0.2557
INFO:kbc-cli.py:Epoch 75/100	dev results	MRR 0.350688	H@1 0.261021	H@3 0.384602	H@5 0.448332	H@10 0.529170	H@20 0.608212	H@50 0.705760	H@100 0.771086
INFO:kbc-cli.py:Epoch 75/100	test results	MRR 0.343184	H@1 0.252663	H@3 0.377822	H@5 0.442075	H@10 0.522794	H@20 0.603513	H@50 0.704974	H@100 0.771108
INFO:kbc-cli.py:Epoch 76/100	Loss 5.6731 ± 0.2531
INFO:kbc-cli.py:Epoch 77/100	Loss 5.6715 ± 0.2489
INFO:kbc-cli.py:Epoch 78/100	Loss 5.6693 ± 0.2493
INFO:kbc-cli.py:Epoch 78/100	dev results	MRR 0.351018	H@1 0.261962	H@3 0.384773	H@5 0.446279	H@10 0.528999	H@20 0.607499	H@50 0.706245	H@100 0.771172
INFO:kbc-cli.py:Epoch 78/100	test results	MRR 0.342651	H@1 0.251906	H@3 0.377504	H@5 0.441122	H@10 0.522085	H@20 0.603049	H@50 0.705243	H@100 0.770522
INFO:kbc-cli.py:Epoch 79/100	Loss 5.6677 ± 0.2486
INFO:kbc-cli.py:Epoch 80/100	Loss 5.6661 ± 0.2477
INFO:kbc-cli.py:Epoch 81/100	Loss 5.6643 ± 0.2456
INFO:kbc-cli.py:Epoch 81/100	dev results	MRR 0.351159	H@1 0.262104	H@3 0.385572	H@5 0.447534	H@10 0.528229	H@20 0.608298	H@50 0.705760	H@100 0.771457
INFO:kbc-cli.py:Epoch 81/100	test results	MRR 0.342625	H@1 0.251832	H@3 0.377993	H@5 0.441073	H@10 0.521548	H@20 0.603562	H@50 0.704217	H@100 0.770522
INFO:kbc-cli.py:Epoch 82/100	Loss 5.6621 ± 0.2483
INFO:kbc-cli.py:Epoch 83/100	Loss 5.6602 ± 0.2472
INFO:kbc-cli.py:Epoch 84/100	Loss 5.6589 ± 0.2463
INFO:kbc-cli.py:Epoch 84/100	dev results	MRR 0.350803	H@1 0.261791	H@3 0.384089	H@5 0.447534	H@10 0.528628	H@20 0.608212	H@50 0.705760	H@100 0.771257
INFO:kbc-cli.py:Epoch 84/100	test results	MRR 0.342536	H@1 0.251588	H@3 0.378481	H@5 0.441195	H@10 0.521279	H@20 0.603220	H@50 0.704925	H@100 0.771035
INFO:kbc-cli.py:Epoch 85/100	Loss 5.6571 ± 0.2470
INFO:kbc-cli.py:Epoch 86/100	Loss 5.6557 ± 0.2440
INFO:kbc-cli.py:Epoch 87/100	Loss 5.6541 ± 0.2443
INFO:kbc-cli.py:Epoch 87/100	dev results	MRR 0.350990	H@1 0.261762	H@3 0.385087	H@5 0.446507	H@10 0.529655	H@20 0.609125	H@50 0.705560	H@100 0.770915
INFO:kbc-cli.py:Epoch 87/100	test results	MRR 0.342906	H@1 0.252492	H@3 0.377919	H@5 0.441000	H@10 0.523136	H@20 0.603464	H@50 0.704192	H@100 0.771181
INFO:kbc-cli.py:Epoch 88/100	Loss 5.6524 ± 0.2457
INFO:kbc-cli.py:Epoch 89/100	Loss 5.6507 ± 0.2462
INFO:kbc-cli.py:Epoch 90/100	Loss 5.6492 ± 0.2433
INFO:kbc-cli.py:Epoch 90/100	dev results	MRR 0.350924	H@1 0.261876	H@3 0.384973	H@5 0.447733	H@10 0.529284	H@20 0.608412	H@50 0.705817	H@100 0.771143
INFO:kbc-cli.py:Epoch 90/100	test results	MRR 0.343402	H@1 0.253298	H@3 0.378188	H@5 0.441537	H@10 0.522354	H@20 0.603342	H@50 0.704730	H@100 0.771670
INFO:kbc-cli.py:Epoch 91/100	Loss 5.6477 ± 0.2448
INFO:kbc-cli.py:Epoch 92/100	Loss 5.6459 ± 0.2437
INFO:kbc-cli.py:Epoch 93/100	Loss 5.6447 ± 0.2482
INFO:kbc-cli.py:Epoch 93/100	dev results	MRR 0.350451	H@1 0.261449	H@3 0.384773	H@5 0.446707	H@10 0.528857	H@20 0.609011	H@50 0.706416	H@100 0.771229
INFO:kbc-cli.py:Epoch 93/100	test results	MRR 0.342853	H@1 0.252394	H@3 0.378481	H@5 0.440755	H@10 0.522745	H@20 0.603464	H@50 0.704632	H@100 0.770766
INFO:kbc-cli.py:Epoch 94/100	Loss 5.6432 ± 0.2391
INFO:kbc-cli.py:Epoch 95/100	Loss 5.6416 ± 0.2440
INFO:kbc-cli.py:Epoch 96/100	Loss 5.6403 ± 0.2471
INFO:kbc-cli.py:Epoch 96/100	dev results	MRR 0.351106	H@1 0.262076	H@3 0.384916	H@5 0.447220	H@10 0.529056	H@20 0.608383	H@50 0.705532	H@100 0.770744
INFO:kbc-cli.py:Epoch 96/100	test results	MRR 0.343001	H@1 0.252785	H@3 0.377871	H@5 0.441830	H@10 0.522794	H@20 0.602829	H@50 0.704583	H@100 0.771304
INFO:kbc-cli.py:Epoch 97/100	Loss 5.6388 ± 0.2446
INFO:kbc-cli.py:Epoch 98/100	Loss 5.6376 ± 0.2406
INFO:kbc-cli.py:Epoch 99/100	Loss 5.6364 ± 0.2414
INFO:kbc-cli.py:Epoch 99/100	dev results	MRR 0.350684	H@1 0.261620	H@3 0.384289	H@5 0.446478	H@10 0.529199	H@20 0.607841	H@50 0.705960	H@100 0.770915
INFO:kbc-cli.py:Epoch 99/100	test results	MRR 0.342582	H@1 0.251686	H@3 0.378408	H@5 0.440853	H@10 0.522452	H@20 0.603171	H@50 0.704485	H@100 0.770326
INFO:kbc-cli.py:Epoch 100/100	Loss 5.6350 ± 0.2402
INFO:kbc-cli.py:Final 	dev results	MRR 0.350976	H@1 0.262161	H@3 0.383661	H@5 0.447077	H@10 0.529056	H@20 0.608184	H@50 0.705788	H@100 0.770887
INFO:kbc-cli.py:Final 	test results	MRR 0.342268	H@1 0.251270	H@3 0.377651	H@5 0.441195	H@10 0.522794	H@20 0.602951	H@50 0.704314	H@100 0.770864
INFO:kbc-cli.py:Training finished
