./bin/kbc-cli.py --train data/fb15k-237/train.tsv --dev data/fb15k-237/dev.tsv --test data/fb15k-237/test.tsv -m complex -k 100 -b 50 -e 100 --F2 0 --N3 0.1 -l 0.1 -I standard -V 3 -o adagrad -c spo -q
{'F2': 0.0,
 'N3': 0.1,
 'batch_size': 50,
 'corruption': 'spo',
 'dev': 'data/fb15k-237/dev.tsv',
 'embedding_size': 100,
 'epochs': 100,
 'eval_batch_size': None,
 'input_type': 'standard',
 'learning_rate': 0.1,
 'load': None,
 'model': 'complex',
 'optimizer': 'adagrad',
 'quiet': True,
 'save': None,
 'seed': 0,
 'test': 'data/fb15k-237/test.tsv',
 'test_i': None,
 'test_ii': None,
 'train': 'data/fb15k-237/train.tsv',
 'validate_every': 3}
INFO:kbc-cli.py:Device: cuda
INFO:kbc-cli.py:Model state:
INFO:kbc-cli.py:	entities.weight	torch.Size([14541, 200])
INFO:kbc-cli.py:	predicates.weight	torch.Size([237, 200])
INFO:kbc-cli.py:Epoch 1/100	Loss 24.4008 ± 6.3431
INFO:kbc-cli.py:Epoch 2/100	Loss 16.7478 ± 0.8296
INFO:kbc-cli.py:Epoch 3/100	Loss 14.9807 ± 0.4856
INFO:kbc-cli.py:Epoch 3/100	dev results	MRR 0.301397	H@1 0.220816	H@3 0.329683	H@5 0.384517	H@10 0.460679	H@20 0.538466	H@50 0.640063	H@100 0.710151
INFO:kbc-cli.py:Epoch 3/100	test results	MRR 0.296011	H@1 0.215186	H@3 0.322950	H@5 0.379507	H@10 0.457833	H@20 0.534741	H@50 0.635493	H@100 0.708004
INFO:kbc-cli.py:Epoch 4/100	Loss 14.1304 ± 0.3752
INFO:kbc-cli.py:Epoch 5/100	Loss 13.6323 ± 0.3428
INFO:kbc-cli.py:Epoch 6/100	Loss 13.3078 ± 0.3238
INFO:kbc-cli.py:Epoch 6/100	dev results	MRR 0.325448	H@1 0.239892	H@3 0.357143	H@5 0.414827	H@10 0.496863	H@20 0.574879	H@50 0.674594	H@100 0.743570
INFO:kbc-cli.py:Epoch 6/100	test results	MRR 0.320350	H@1 0.234315	H@3 0.350117	H@5 0.412684	H@10 0.495212	H@20 0.571753	H@50 0.673141	H@100 0.742793
INFO:kbc-cli.py:Epoch 7/100	Loss 13.0817 ± 0.3159
INFO:kbc-cli.py:Epoch 8/100	Loss 12.9167 ± 0.3074
INFO:kbc-cli.py:Epoch 9/100	Loss 12.7915 ± 0.3161
INFO:kbc-cli.py:Epoch 9/100	dev results	MRR 0.333478	H@1 0.246507	H@3 0.363901	H@5 0.425549	H@10 0.508697	H@20 0.589535	H@50 0.688708	H@100 0.756687
INFO:kbc-cli.py:Epoch 9/100	test results	MRR 0.329192	H@1 0.241645	H@3 0.359670	H@5 0.423654	H@10 0.507745	H@20 0.585459	H@50 0.687115	H@100 0.756034
INFO:kbc-cli.py:Epoch 10/100	Loss 12.6936 ± 0.3082
INFO:kbc-cli.py:Epoch 11/100	Loss 12.6150 ± 0.3130
INFO:kbc-cli.py:Epoch 12/100	Loss 12.5504 ± 0.3093
INFO:kbc-cli.py:Epoch 12/100	dev results	MRR 0.337516	H@1 0.249387	H@3 0.369147	H@5 0.428914	H@10 0.515369	H@20 0.595409	H@50 0.695865	H@100 0.763273
INFO:kbc-cli.py:Epoch 12/100	test results	MRR 0.333058	H@1 0.244528	H@3 0.364263	H@5 0.427587	H@10 0.512851	H@20 0.591542	H@50 0.692685	H@100 0.760872
INFO:kbc-cli.py:Epoch 13/100	Loss 12.4967 ± 0.3085
INFO:kbc-cli.py:Epoch 14/100	Loss 12.4510 ± 0.3100
INFO:kbc-cli.py:Epoch 15/100	Loss 12.4115 ± 0.3066
INFO:kbc-cli.py:Epoch 15/100	dev results	MRR 0.340082	H@1 0.251354	H@3 0.372056	H@5 0.433676	H@10 0.517879	H@20 0.597462	H@50 0.698204	H@100 0.765754
INFO:kbc-cli.py:Epoch 15/100	test results	MRR 0.335773	H@1 0.246018	H@3 0.368587	H@5 0.432913	H@10 0.515636	H@20 0.595598	H@50 0.695813	H@100 0.763852
INFO:kbc-cli.py:Epoch 16/100	Loss 12.3773 ± 0.3130
INFO:kbc-cli.py:Epoch 17/100	Loss 12.3472 ± 0.3050
INFO:kbc-cli.py:Epoch 18/100	Loss 12.3202 ± 0.3064
INFO:kbc-cli.py:Epoch 18/100	dev results	MRR 0.342498	H@1 0.253864	H@3 0.373139	H@5 0.436327	H@10 0.521642	H@20 0.600029	H@50 0.701112	H@100 0.768777
INFO:kbc-cli.py:Epoch 18/100	test results	MRR 0.337630	H@1 0.248290	H@3 0.369711	H@5 0.433817	H@10 0.519032	H@20 0.597234	H@50 0.699135	H@100 0.765562
INFO:kbc-cli.py:Epoch 19/100	Loss 12.2961 ± 0.3076
INFO:kbc-cli.py:Epoch 20/100	Loss 12.2746 ± 0.3057
INFO:kbc-cli.py:Epoch 21/100	Loss 12.2547 ± 0.3079
INFO:kbc-cli.py:Epoch 21/100	dev results	MRR 0.344152	H@1 0.256002	H@3 0.375620	H@5 0.437553	H@10 0.522526	H@20 0.601454	H@50 0.702110	H@100 0.770202
INFO:kbc-cli.py:Epoch 21/100	test results	MRR 0.339884	H@1 0.251124	H@3 0.371641	H@5 0.436895	H@10 0.520888	H@20 0.599140	H@50 0.700943	H@100 0.767004
INFO:kbc-cli.py:Epoch 22/100	Loss 12.2368 ± 0.3072
INFO:kbc-cli.py:Epoch 23/100	Loss 12.2201 ± 0.3030
INFO:kbc-cli.py:Epoch 24/100	Loss 12.2050 ± 0.3032
INFO:kbc-cli.py:Epoch 24/100	dev results	MRR 0.345309	H@1 0.257257	H@3 0.376675	H@5 0.437725	H@10 0.523296	H@20 0.602452	H@50 0.704277	H@100 0.771429
INFO:kbc-cli.py:Epoch 24/100	test results	MRR 0.340865	H@1 0.251393	H@3 0.373131	H@5 0.437995	H@10 0.521230	H@20 0.600508	H@50 0.702238	H@100 0.767932
INFO:kbc-cli.py:Epoch 25/100	Loss 12.1906 ± 0.3019
INFO:kbc-cli.py:Epoch 26/100	Loss 12.1775 ± 0.2974
INFO:kbc-cli.py:Epoch 27/100	Loss 12.1652 ± 0.2957
INFO:kbc-cli.py:Epoch 27/100	dev results	MRR 0.346745	H@1 0.258455	H@3 0.378186	H@5 0.441232	H@10 0.525435	H@20 0.605475	H@50 0.704163	H@100 0.771771
INFO:kbc-cli.py:Epoch 27/100	test results	MRR 0.341749	H@1 0.251906	H@3 0.374279	H@5 0.438288	H@10 0.523356	H@20 0.602072	H@50 0.702702	H@100 0.770375
INFO:kbc-cli.py:Epoch 28/100	Loss 12.1538 ± 0.3008
INFO:kbc-cli.py:Epoch 29/100	Loss 12.1430 ± 0.3006
INFO:kbc-cli.py:Epoch 30/100	Loss 12.1329 ± 0.2993
INFO:kbc-cli.py:Epoch 30/100	dev results	MRR 0.347309	H@1 0.259652	H@3 0.378044	H@5 0.440234	H@10 0.525920	H@20 0.605817	H@50 0.705161	H@100 0.773710
INFO:kbc-cli.py:Epoch 30/100	test results	MRR 0.342382	H@1 0.252834	H@3 0.375843	H@5 0.439265	H@10 0.523991	H@20 0.602194	H@50 0.703166	H@100 0.770693
INFO:kbc-cli.py:Epoch 31/100	Loss 12.1232 ± 0.2972
INFO:kbc-cli.py:Epoch 32/100	Loss 12.1142 ± 0.3013
INFO:kbc-cli.py:Epoch 33/100	Loss 12.1056 ± 0.2937
INFO:kbc-cli.py:Epoch 33/100	dev results	MRR 0.347889	H@1 0.259709	H@3 0.379327	H@5 0.441631	H@10 0.526205	H@20 0.607357	H@50 0.706273	H@100 0.773938
INFO:kbc-cli.py:Epoch 33/100	test results	MRR 0.342087	H@1 0.252150	H@3 0.375305	H@5 0.438923	H@10 0.524113	H@20 0.602927	H@50 0.703875	H@100 0.770937
INFO:kbc-cli.py:Epoch 34/100	Loss 12.0974 ± 0.2969
INFO:kbc-cli.py:Epoch 35/100	Loss 12.0896 ± 0.2967
INFO:kbc-cli.py:Epoch 36/100	Loss 12.0820 ± 0.2985
INFO:kbc-cli.py:Epoch 36/100	dev results	MRR 0.347332	H@1 0.258283	H@3 0.379441	H@5 0.442002	H@10 0.526946	H@20 0.607813	H@50 0.706672	H@100 0.774137
INFO:kbc-cli.py:Epoch 36/100	test results	MRR 0.342511	H@1 0.252590	H@3 0.375452	H@5 0.440731	H@10 0.523722	H@20 0.603196	H@50 0.705218	H@100 0.771548
INFO:kbc-cli.py:Epoch 37/100	Loss 12.0750 ± 0.3020
INFO:kbc-cli.py:Epoch 38/100	Loss 12.0682 ± 0.2968
INFO:kbc-cli.py:Epoch 39/100	Loss 12.0617 ± 0.3005
INFO:kbc-cli.py:Epoch 39/100	dev results	MRR 0.347817	H@1 0.258854	H@3 0.381608	H@5 0.442943	H@10 0.528315	H@20 0.608041	H@50 0.706929	H@100 0.774964
INFO:kbc-cli.py:Epoch 39/100	test results	MRR 0.343228	H@1 0.253005	H@3 0.377651	H@5 0.440926	H@10 0.524895	H@20 0.604319	H@50 0.704485	H@100 0.771866
INFO:kbc-cli.py:Epoch 40/100	Loss 12.0554 ± 0.2993
INFO:kbc-cli.py:Epoch 41/100	Loss 12.0496 ± 0.2988
INFO:kbc-cli.py:Epoch 42/100	Loss 12.0439 ± 0.2973
INFO:kbc-cli.py:Epoch 42/100	dev results	MRR 0.348426	H@1 0.259852	H@3 0.379897	H@5 0.442943	H@10 0.528372	H@20 0.609438	H@50 0.706758	H@100 0.775706
INFO:kbc-cli.py:Epoch 42/100	test results	MRR 0.342787	H@1 0.252321	H@3 0.376674	H@5 0.441391	H@10 0.525090	H@20 0.605199	H@50 0.705487	H@100 0.772550
INFO:kbc-cli.py:Epoch 43/100	Loss 12.0383 ± 0.2959
INFO:kbc-cli.py:Epoch 44/100	Loss 12.0330 ± 0.2984
INFO:kbc-cli.py:Epoch 45/100	Loss 12.0282 ± 0.2970
INFO:kbc-cli.py:Epoch 45/100	dev results	MRR 0.349480	H@1 0.260935	H@3 0.381523	H@5 0.444340	H@10 0.528514	H@20 0.610294	H@50 0.707585	H@100 0.775421
INFO:kbc-cli.py:Epoch 45/100	test results	MRR 0.343868	H@1 0.253323	H@3 0.378139	H@5 0.441879	H@10 0.525872	H@20 0.605101	H@50 0.705096	H@100 0.772501
INFO:kbc-cli.py:Epoch 46/100	Loss 12.0229 ± 0.2953
INFO:kbc-cli.py:Epoch 47/100	Loss 12.0182 ± 0.2965
INFO:kbc-cli.py:Epoch 48/100	Loss 12.0137 ± 0.2979
INFO:kbc-cli.py:Epoch 48/100	dev results	MRR 0.349173	H@1 0.260422	H@3 0.380753	H@5 0.443028	H@10 0.529455	H@20 0.610151	H@50 0.708098	H@100 0.776476
INFO:kbc-cli.py:Epoch 48/100	test results	MRR 0.344200	H@1 0.254104	H@3 0.377504	H@5 0.441439	H@10 0.527118	H@20 0.605174	H@50 0.706293	H@100 0.773478
INFO:kbc-cli.py:Epoch 49/100	Loss 12.0091 ± 0.2964
INFO:kbc-cli.py:Epoch 50/100	Loss 12.0049 ± 0.3005
INFO:kbc-cli.py:Epoch 51/100	Loss 12.0005 ± 0.2966
INFO:kbc-cli.py:Epoch 51/100	dev results	MRR 0.349827	H@1 0.261192	H@3 0.382293	H@5 0.444825	H@10 0.530482	H@20 0.610579	H@50 0.708640	H@100 0.776932
INFO:kbc-cli.py:Epoch 51/100	test results	MRR 0.344332	H@1 0.253933	H@3 0.378628	H@5 0.442075	H@10 0.527289	H@20 0.606127	H@50 0.706098	H@100 0.773502
INFO:kbc-cli.py:Epoch 52/100	Loss 11.9966 ± 0.2952
INFO:kbc-cli.py:Epoch 53/100	Loss 11.9926 ± 0.2966
INFO:kbc-cli.py:Epoch 54/100	Loss 11.9888 ± 0.2960
INFO:kbc-cli.py:Epoch 54/100	dev results	MRR 0.349923	H@1 0.260964	H@3 0.382663	H@5 0.444825	H@10 0.531081	H@20 0.610522	H@50 0.708383	H@100 0.777502
INFO:kbc-cli.py:Epoch 54/100	test results	MRR 0.344456	H@1 0.253713	H@3 0.379434	H@5 0.443174	H@10 0.528437	H@20 0.606469	H@50 0.706440	H@100 0.774309
INFO:kbc-cli.py:Epoch 55/100	Loss 11.9849 ± 0.2943
INFO:kbc-cli.py:Epoch 56/100	Loss 11.9815 ± 0.2931
INFO:kbc-cli.py:Epoch 57/100	Loss 11.9780 ± 0.2957
INFO:kbc-cli.py:Epoch 57/100	dev results	MRR 0.350152	H@1 0.260992	H@3 0.383348	H@5 0.444996	H@10 0.531537	H@20 0.611463	H@50 0.709210	H@100 0.776818
INFO:kbc-cli.py:Epoch 57/100	test results	MRR 0.345334	H@1 0.255082	H@3 0.379581	H@5 0.443101	H@10 0.527680	H@20 0.606787	H@50 0.706758	H@100 0.774528
INFO:kbc-cli.py:Epoch 58/100	Loss 11.9745 ± 0.2919
INFO:kbc-cli.py:Epoch 59/100	Loss 11.9712 ± 0.2935
INFO:kbc-cli.py:Epoch 60/100	Loss 11.9680 ± 0.2915
INFO:kbc-cli.py:Epoch 60/100	dev results	MRR 0.350608	H@1 0.262047	H@3 0.383091	H@5 0.445338	H@10 0.531508	H@20 0.611149	H@50 0.709096	H@100 0.777787
INFO:kbc-cli.py:Epoch 60/100	test results	MRR 0.345074	H@1 0.254642	H@3 0.379923	H@5 0.443345	H@10 0.528706	H@20 0.606909	H@50 0.706489	H@100 0.774675
INFO:kbc-cli.py:Epoch 61/100	Loss 11.9647 ± 0.2895
INFO:kbc-cli.py:Epoch 62/100	Loss 11.9617 ± 0.2947
INFO:kbc-cli.py:Epoch 63/100	Loss 11.9586 ± 0.2939
INFO:kbc-cli.py:Epoch 63/100	dev results	MRR 0.350428	H@1 0.260992	H@3 0.384460	H@5 0.445680	H@10 0.531138	H@20 0.612176	H@50 0.708554	H@100 0.777987
INFO:kbc-cli.py:Epoch 63/100	test results	MRR 0.345214	H@1 0.254495	H@3 0.380729	H@5 0.444322	H@10 0.528315	H@20 0.607764	H@50 0.706587	H@100 0.774968
INFO:kbc-cli.py:Epoch 64/100	Loss 11.9557 ± 0.2965
INFO:kbc-cli.py:Epoch 65/100	Loss 11.9529 ± 0.2986
INFO:kbc-cli.py:Epoch 66/100	Loss 11.9502 ± 0.2938
INFO:kbc-cli.py:Epoch 66/100	dev results	MRR 0.350450	H@1 0.261192	H@3 0.383519	H@5 0.444996	H@10 0.532193	H@20 0.612461	H@50 0.710066	H@100 0.778158
INFO:kbc-cli.py:Epoch 66/100	test results	MRR 0.345468	H@1 0.254959	H@3 0.379850	H@5 0.444444	H@10 0.528437	H@20 0.607373	H@50 0.707271	H@100 0.775921
INFO:kbc-cli.py:Epoch 67/100	Loss 11.9472 ± 0.2969
INFO:kbc-cli.py:Epoch 68/100	Loss 11.9446 ± 0.2956
INFO:kbc-cli.py:Epoch 69/100	Loss 11.9418 ± 0.2957
INFO:kbc-cli.py:Epoch 69/100	dev results	MRR 0.350840	H@1 0.261192	H@3 0.383775	H@5 0.445452	H@10 0.531737	H@20 0.612632	H@50 0.709752	H@100 0.778614
INFO:kbc-cli.py:Epoch 69/100	test results	MRR 0.345985	H@1 0.255472	H@3 0.380534	H@5 0.443101	H@10 0.529024	H@20 0.607837	H@50 0.707881	H@100 0.775432
INFO:kbc-cli.py:Epoch 70/100	Loss 11.9394 ± 0.2931
INFO:kbc-cli.py:Epoch 71/100	Loss 11.9368 ± 0.2937
INFO:kbc-cli.py:Epoch 72/100	Loss 11.9344 ± 0.2927
INFO:kbc-cli.py:Epoch 72/100	dev results	MRR 0.351462	H@1 0.262161	H@3 0.384716	H@5 0.446079	H@10 0.532763	H@20 0.613373	H@50 0.710522	H@100 0.778671
INFO:kbc-cli.py:Epoch 72/100	test results	MRR 0.345956	H@1 0.255228	H@3 0.380998	H@5 0.443883	H@10 0.529292	H@20 0.608057	H@50 0.708346	H@100 0.775970
INFO:kbc-cli.py:Epoch 73/100	Loss 11.9321 ± 0.2869
INFO:kbc-cli.py:Epoch 74/100	Loss 11.9297 ± 0.2987
INFO:kbc-cli.py:Epoch 75/100	Loss 11.9274 ± 0.2901
INFO:kbc-cli.py:Epoch 75/100	dev results	MRR 0.351333	H@1 0.261734	H@3 0.384175	H@5 0.446507	H@10 0.531822	H@20 0.613259	H@50 0.710351	H@100 0.779555
INFO:kbc-cli.py:Epoch 75/100	test results	MRR 0.346575	H@1 0.256376	H@3 0.380314	H@5 0.444835	H@10 0.528413	H@20 0.607324	H@50 0.707979	H@100 0.776581
INFO:kbc-cli.py:Epoch 76/100	Loss 11.9251 ± 0.2953
INFO:kbc-cli.py:Epoch 77/100	Loss 11.9229 ± 0.2923
INFO:kbc-cli.py:Epoch 78/100	Loss 11.9207 ± 0.2927
INFO:kbc-cli.py:Epoch 78/100	dev results	MRR 0.351091	H@1 0.261334	H@3 0.385258	H@5 0.445309	H@10 0.532079	H@20 0.613259	H@50 0.710066	H@100 0.779470
INFO:kbc-cli.py:Epoch 78/100	test results	MRR 0.346355	H@1 0.255692	H@3 0.381389	H@5 0.444029	H@10 0.529097	H@20 0.607960	H@50 0.708101	H@100 0.776483
INFO:kbc-cli.py:Epoch 79/100	Loss 11.9186 ± 0.2951
INFO:kbc-cli.py:Epoch 80/100	Loss 11.9166 ± 0.2920
INFO:kbc-cli.py:Epoch 81/100	Loss 11.9146 ± 0.2925
INFO:kbc-cli.py:Epoch 81/100	dev results	MRR 0.350899	H@1 0.261021	H@3 0.385572	H@5 0.446136	H@10 0.532906	H@20 0.613459	H@50 0.709952	H@100 0.779299
INFO:kbc-cli.py:Epoch 81/100	test results	MRR 0.346509	H@1 0.256328	H@3 0.381047	H@5 0.444713	H@10 0.529219	H@20 0.607960	H@50 0.708834	H@100 0.776190
INFO:kbc-cli.py:Epoch 82/100	Loss 11.9124 ± 0.2917
INFO:kbc-cli.py:Epoch 83/100	Loss 11.9104 ± 0.2912
INFO:kbc-cli.py:Epoch 84/100	Loss 11.9085 ± 0.2941
INFO:kbc-cli.py:Epoch 84/100	dev results	MRR 0.351259	H@1 0.261677	H@3 0.384232	H@5 0.446279	H@10 0.533305	H@20 0.613430	H@50 0.710721	H@100 0.778928
INFO:kbc-cli.py:Epoch 84/100	test results	MRR 0.346524	H@1 0.256205	H@3 0.381682	H@5 0.445080	H@10 0.529561	H@20 0.608033	H@50 0.708492	H@100 0.776752
INFO:kbc-cli.py:Epoch 85/100	Loss 11.9067 ± 0.2949
INFO:kbc-cli.py:Epoch 86/100	Loss 11.9048 ± 0.2872
INFO:kbc-cli.py:Epoch 87/100	Loss 11.9029 ± 0.2851
INFO:kbc-cli.py:Epoch 87/100	dev results	MRR 0.351474	H@1 0.261962	H@3 0.384460	H@5 0.446136	H@10 0.534075	H@20 0.613202	H@50 0.710693	H@100 0.779555
INFO:kbc-cli.py:Epoch 87/100	test results	MRR 0.347272	H@1 0.257305	H@3 0.381438	H@5 0.444420	H@10 0.529292	H@20 0.608937	H@50 0.708785	H@100 0.776923
INFO:kbc-cli.py:Epoch 88/100	Loss 11.9010 ± 0.2932
INFO:kbc-cli.py:Epoch 89/100	Loss 11.8992 ± 0.2941
INFO:kbc-cli.py:Epoch 90/100	Loss 11.8976 ± 0.2894
INFO:kbc-cli.py:Epoch 90/100	dev results	MRR 0.350771	H@1 0.260679	H@3 0.384602	H@5 0.445652	H@10 0.533847	H@20 0.614115	H@50 0.710950	H@100 0.779869
INFO:kbc-cli.py:Epoch 90/100	test results	MRR 0.347513	H@1 0.257525	H@3 0.381535	H@5 0.445177	H@10 0.529977	H@20 0.609132	H@50 0.709030	H@100 0.777069
INFO:kbc-cli.py:Epoch 91/100	Loss 11.8958 ± 0.2921
INFO:kbc-cli.py:Epoch 92/100	Loss 11.8942 ± 0.2886
INFO:kbc-cli.py:Epoch 93/100	Loss 11.8924 ± 0.2939
INFO:kbc-cli.py:Epoch 93/100	dev results	MRR 0.351071	H@1 0.260878	H@3 0.384973	H@5 0.446108	H@10 0.533989	H@20 0.614001	H@50 0.710636	H@100 0.780011
INFO:kbc-cli.py:Epoch 93/100	test results	MRR 0.347674	H@1 0.257500	H@3 0.381755	H@5 0.445764	H@10 0.531052	H@20 0.609303	H@50 0.708981	H@100 0.777289
INFO:kbc-cli.py:Epoch 94/100	Loss 11.8908 ± 0.2938
INFO:kbc-cli.py:Epoch 95/100	Loss 11.8891 ± 0.2875
INFO:kbc-cli.py:Epoch 96/100	Loss 11.8875 ± 0.2924
INFO:kbc-cli.py:Epoch 96/100	dev results	MRR 0.351531	H@1 0.261506	H@3 0.385372	H@5 0.446678	H@10 0.533790	H@20 0.613829	H@50 0.711406	H@100 0.780011
INFO:kbc-cli.py:Epoch 96/100	test results	MRR 0.347445	H@1 0.257256	H@3 0.381584	H@5 0.445959	H@10 0.529244	H@20 0.609059	H@50 0.709445	H@100 0.776801
INFO:kbc-cli.py:Epoch 97/100	Loss 11.8860 ± 0.2944
INFO:kbc-cli.py:Epoch 98/100	Loss 11.8844 ± 0.2878
INFO:kbc-cli.py:Epoch 99/100	Loss 11.8830 ± 0.2929
INFO:kbc-cli.py:Epoch 99/100	dev results	MRR 0.352179	H@1 0.262561	H@3 0.385771	H@5 0.446906	H@10 0.533961	H@20 0.614143	H@50 0.711349	H@100 0.780097
INFO:kbc-cli.py:Epoch 99/100	test results	MRR 0.347057	H@1 0.256596	H@3 0.382097	H@5 0.445104	H@10 0.530441	H@20 0.608888	H@50 0.709640	H@100 0.777094
INFO:kbc-cli.py:Epoch 100/100	Loss 11.8814 ± 0.2862
INFO:kbc-cli.py:Final 	dev results	MRR 0.351713	H@1 0.261534	H@3 0.385914	H@5 0.447020	H@10 0.533704	H@20 0.614599	H@50 0.711520	H@100 0.780268
INFO:kbc-cli.py:Final 	test results	MRR 0.347500	H@1 0.257134	H@3 0.382512	H@5 0.445495	H@10 0.529928	H@20 0.608741	H@50 0.709689	H@100 0.776972
INFO:kbc-cli.py:Training finished
