./bin/kbc-cli.py --train data/fb15k-237/train.tsv --dev data/fb15k-237/dev.tsv --test data/fb15k-237/test.tsv -m complex -k 200 -b 100 -e 100 --F2 0 --N3 0.5 -l 0.1 -I standard -V 3 -o adagrad -c so -q
{'F2': 0.0,
 'N3': 0.5,
 'batch_size': 100,
 'corruption': 'so',
 'dev': 'data/fb15k-237/dev.tsv',
 'embedding_size': 200,
 'epochs': 100,
 'eval_batch_size': None,
 'input_type': 'standard',
 'learning_rate': 0.1,
 'load': None,
 'model': 'complex',
 'optimizer': 'adagrad',
 'quiet': True,
 'save': None,
 'seed': 0,
 'test': 'data/fb15k-237/test.tsv',
 'test_i': None,
 'test_ii': None,
 'train': 'data/fb15k-237/train.tsv',
 'validate_every': 3}
INFO:kbc-cli.py:Device: cuda
INFO:kbc-cli.py:Model state:
INFO:kbc-cli.py:	entities.weight	torch.Size([14541, 400])
INFO:kbc-cli.py:	predicates.weight	torch.Size([237, 400])
INFO:kbc-cli.py:Epoch 1/100	Loss 36.6637 ± 8.1021
INFO:kbc-cli.py:Epoch 2/100	Loss 25.2646 ± 2.0208
INFO:kbc-cli.py:Epoch 3/100	Loss 22.8443 ± 1.5521
INFO:kbc-cli.py:Epoch 3/100	dev results	MRR 0.141347	H@1 0.084688	H@3 0.155689	H@5 0.196179	H@10 0.254463	H@20 0.314229	H@50 0.385543	H@100 0.451497
INFO:kbc-cli.py:Epoch 3/100	test results	MRR 0.141008	H@1 0.086754	H@3 0.151446	H@5 0.191879	H@10 0.252516	H@20 0.311004	H@50 0.384980	H@100 0.450821
INFO:kbc-cli.py:Epoch 4/100	Loss 21.7210 ± 1.3313
INFO:kbc-cli.py:Epoch 5/100	Loss 21.0744 ± 1.2063
INFO:kbc-cli.py:Epoch 6/100	Loss 20.6515 ± 1.0873
INFO:kbc-cli.py:Epoch 6/100	dev results	MRR 0.151991	H@1 0.089621	H@3 0.164243	H@5 0.208725	H@10 0.292586	H@20 0.363245	H@50 0.447419	H@100 0.518392
INFO:kbc-cli.py:Epoch 6/100	test results	MRR 0.151734	H@1 0.089588	H@3 0.163246	H@5 0.208614	H@10 0.288136	H@20 0.359645	H@50 0.445471	H@100 0.515343
INFO:kbc-cli.py:Epoch 7/100	Loss 20.3541 ± 0.9936
INFO:kbc-cli.py:Epoch 8/100	Loss 20.1316 ± 0.9445
INFO:kbc-cli.py:Epoch 9/100	Loss 19.9611 ± 0.8820
INFO:kbc-cli.py:Epoch 9/100	dev results	MRR 0.153838	H@1 0.091902	H@3 0.163929	H@5 0.208412	H@10 0.284175	H@20 0.365127	H@50 0.463587	H@100 0.540376
INFO:kbc-cli.py:Epoch 9/100	test results	MRR 0.153104	H@1 0.092006	H@3 0.162025	H@5 0.206635	H@10 0.283397	H@20 0.361062	H@50 0.462401	H@100 0.538259
INFO:kbc-cli.py:Epoch 10/100	Loss 19.8255 ± 0.8177
INFO:kbc-cli.py:Epoch 11/100	Loss 19.7153 ± 0.7871
INFO:kbc-cli.py:Epoch 12/100	Loss 19.6238 ± 0.7479
INFO:kbc-cli.py:Epoch 12/100	dev results	MRR 0.151822	H@1 0.092330	H@3 0.158027	H@5 0.204762	H@10 0.276789	H@20 0.359053	H@50 0.467465	H@100 0.551468
INFO:kbc-cli.py:Epoch 12/100	test results	MRR 0.152300	H@1 0.092617	H@3 0.159435	H@5 0.205316	H@10 0.275994	H@20 0.354393	H@50 0.466237	H@100 0.549619
INFO:kbc-cli.py:Epoch 13/100	Loss 19.5471 ± 0.7162
INFO:kbc-cli.py:Epoch 14/100	Loss 19.4812 ± 0.7019
INFO:kbc-cli.py:Epoch 15/100	Loss 19.4244 ± 0.6738
INFO:kbc-cli.py:Epoch 15/100	dev results	MRR 0.148385	H@1 0.086199	H@3 0.158369	H@5 0.202509	H@10 0.270716	H@20 0.356658	H@50 0.467380	H@100 0.554691
INFO:kbc-cli.py:Epoch 15/100	test results	MRR 0.147313	H@1 0.086314	H@3 0.155184	H@5 0.200259	H@10 0.268909	H@20 0.350435	H@50 0.467361	H@100 0.552013
INFO:kbc-cli.py:Epoch 16/100	Loss 19.3749 ± 0.6647
INFO:kbc-cli.py:Epoch 17/100	Loss 19.3314 ± 0.6237
INFO:kbc-cli.py:Epoch 18/100	Loss 19.2948 ± 0.6159
INFO:kbc-cli.py:Epoch 18/100	dev results	MRR 0.150366	H@1 0.090106	H@3 0.159709	H@5 0.202937	H@10 0.270545	H@20 0.355461	H@50 0.467636	H@100 0.559823
INFO:kbc-cli.py:Epoch 18/100	test results	MRR 0.149529	H@1 0.089392	H@3 0.158922	H@5 0.201309	H@10 0.270473	H@20 0.350410	H@50 0.467703	H@100 0.556802
INFO:kbc-cli.py:Epoch 19/100	Loss 19.2580 ± 0.5943
INFO:kbc-cli.py:Epoch 20/100	Loss 19.2271 ± 0.5755
INFO:kbc-cli.py:Epoch 21/100	Loss 19.1990 ± 0.5656
INFO:kbc-cli.py:Epoch 21/100	dev results	MRR 0.146860	H@1 0.086142	H@3 0.156373	H@5 0.200741	H@10 0.267151	H@20 0.351811	H@50 0.463473	H@100 0.560137
INFO:kbc-cli.py:Epoch 21/100	test results	MRR 0.146208	H@1 0.085923	H@3 0.155673	H@5 0.199990	H@10 0.265391	H@20 0.346502	H@50 0.462548	H@100 0.557461
INFO:kbc-cli.py:Epoch 22/100	Loss 19.1734 ± 0.5478
INFO:kbc-cli.py:Epoch 23/100	Loss 19.1507 ± 0.5594
INFO:kbc-cli.py:Epoch 24/100	Loss 19.1298 ± 0.5232
INFO:kbc-cli.py:Epoch 24/100	dev results	MRR 0.147240	H@1 0.088423	H@3 0.155489	H@5 0.198973	H@10 0.266153	H@20 0.349672	H@50 0.458996	H@100 0.560964
INFO:kbc-cli.py:Epoch 24/100	test results	MRR 0.147236	H@1 0.088073	H@3 0.156039	H@5 0.199893	H@10 0.267737	H@20 0.345671	H@50 0.458517	H@100 0.558219
INFO:kbc-cli.py:Epoch 25/100	Loss 19.1096 ± 0.5009
INFO:kbc-cli.py:Epoch 26/100	Loss 19.0917 ± 0.4911
INFO:kbc-cli.py:Epoch 27/100	Loss 19.0750 ± 0.4808
INFO:kbc-cli.py:Epoch 27/100	dev results	MRR 0.145880	H@1 0.087482	H@3 0.152352	H@5 0.197861	H@10 0.264072	H@20 0.345081	H@50 0.458711	H@100 0.561876
INFO:kbc-cli.py:Epoch 27/100	test results	MRR 0.144844	H@1 0.086460	H@3 0.150445	H@5 0.197352	H@10 0.264439	H@20 0.342641	H@50 0.459201	H@100 0.560808
INFO:kbc-cli.py:Epoch 28/100	Loss 19.0595 ± 0.4800
INFO:kbc-cli.py:Epoch 29/100	Loss 19.0453 ± 0.4594
INFO:kbc-cli.py:Epoch 30/100	Loss 19.0319 ± 0.4653
INFO:kbc-cli.py:Epoch 30/100	dev results	MRR 0.145011	H@1 0.085600	H@3 0.154377	H@5 0.198147	H@10 0.262104	H@20 0.346165	H@50 0.458569	H@100 0.559595
INFO:kbc-cli.py:Epoch 30/100	test results	MRR 0.144187	H@1 0.085312	H@3 0.151642	H@5 0.196521	H@10 0.261873	H@20 0.343252	H@50 0.460422	H@100 0.557705
INFO:kbc-cli.py:Epoch 31/100	Loss 19.0193 ± 0.4536
INFO:kbc-cli.py:Epoch 32/100	Loss 19.0076 ± 0.4354
INFO:kbc-cli.py:Epoch 33/100	Loss 18.9967 ± 0.4306
INFO:kbc-cli.py:Epoch 33/100	dev results	MRR 0.144505	H@1 0.085030	H@3 0.153750	H@5 0.196379	H@10 0.263216	H@20 0.345366	H@50 0.459510	H@100 0.558882
INFO:kbc-cli.py:Epoch 33/100	test results	MRR 0.143525	H@1 0.084579	H@3 0.151226	H@5 0.195104	H@10 0.262875	H@20 0.341640	H@50 0.458810	H@100 0.558365
INFO:kbc-cli.py:Epoch 34/100	Loss 18.9863 ± 0.4332
INFO:kbc-cli.py:Epoch 35/100	Loss 18.9768 ± 0.4162
INFO:kbc-cli.py:Epoch 36/100	Loss 18.9673 ± 0.4096
INFO:kbc-cli.py:Epoch 36/100	dev results	MRR 0.145625	H@1 0.086997	H@3 0.151982	H@5 0.199059	H@10 0.262874	H@20 0.343798	H@50 0.457542	H@100 0.558055
INFO:kbc-cli.py:Epoch 36/100	test results	MRR 0.145410	H@1 0.087682	H@3 0.150029	H@5 0.197449	H@10 0.260994	H@20 0.340882	H@50 0.457393	H@100 0.556411
INFO:kbc-cli.py:Epoch 37/100	Loss 18.9586 ± 0.4114
INFO:kbc-cli.py:Epoch 38/100	Loss 18.9503 ± 0.3981
INFO:kbc-cli.py:Epoch 39/100	Loss 18.9425 ± 0.3891
INFO:kbc-cli.py:Epoch 39/100	dev results	MRR 0.145074	H@1 0.085458	H@3 0.153978	H@5 0.198204	H@10 0.261506	H@20 0.342030	H@50 0.456145	H@100 0.556573
INFO:kbc-cli.py:Epoch 39/100	test results	MRR 0.143731	H@1 0.084628	H@3 0.150689	H@5 0.196594	H@10 0.260432	H@20 0.339636	H@50 0.456391	H@100 0.556240
INFO:kbc-cli.py:Epoch 40/100	Loss 18.9351 ± 0.3889
INFO:kbc-cli.py:Epoch 41/100	Loss 18.9279 ± 0.3873
INFO:kbc-cli.py:Epoch 42/100	Loss 18.9213 ± 0.3747
INFO:kbc-cli.py:Epoch 42/100	dev results	MRR 0.143822	H@1 0.083205	H@3 0.154463	H@5 0.198859	H@10 0.264100	H@20 0.342829	H@50 0.456972	H@100 0.557571
INFO:kbc-cli.py:Epoch 42/100	test results	MRR 0.142735	H@1 0.082503	H@3 0.152130	H@5 0.197889	H@10 0.262386	H@20 0.341469	H@50 0.456758	H@100 0.556240
INFO:kbc-cli.py:Epoch 43/100	Loss 18.9147 ± 0.3792
INFO:kbc-cli.py:Epoch 44/100	Loss 18.9086 ± 0.3619
INFO:kbc-cli.py:Epoch 45/100	Loss 18.9027 ± 0.3562
INFO:kbc-cli.py:Epoch 45/100	dev results	MRR 0.143683	H@1 0.083861	H@3 0.151982	H@5 0.199002	H@10 0.262361	H@20 0.343998	H@50 0.456373	H@100 0.557628
INFO:kbc-cli.py:Epoch 45/100	test results	MRR 0.142578	H@1 0.083480	H@3 0.148710	H@5 0.196423	H@10 0.261653	H@20 0.339930	H@50 0.456049	H@100 0.556117
INFO:kbc-cli.py:Epoch 46/100	Loss 18.8970 ± 0.3533
INFO:kbc-cli.py:Epoch 47/100	Loss 18.8917 ± 0.3540
INFO:kbc-cli.py:Epoch 48/100	Loss 18.8865 ± 0.3429
INFO:kbc-cli.py:Epoch 48/100	dev results	MRR 0.144277	H@1 0.084146	H@3 0.154092	H@5 0.197776	H@10 0.261078	H@20 0.341603	H@50 0.456744	H@100 0.556173
INFO:kbc-cli.py:Epoch 48/100	test results	MRR 0.142992	H@1 0.084311	H@3 0.150713	H@5 0.195544	H@10 0.260750	H@20 0.340711	H@50 0.456025	H@100 0.556435
INFO:kbc-cli.py:Epoch 49/100	Loss 18.8816 ± 0.3355
INFO:kbc-cli.py:Epoch 50/100	Loss 18.8768 ± 0.3392
INFO:kbc-cli.py:Epoch 51/100	Loss 18.8723 ± 0.3393
INFO:kbc-cli.py:Epoch 51/100	dev results	MRR 0.144855	H@1 0.085914	H@3 0.152780	H@5 0.197890	H@10 0.261049	H@20 0.341688	H@50 0.457029	H@100 0.557428
INFO:kbc-cli.py:Epoch 51/100	test results	MRR 0.143889	H@1 0.085996	H@3 0.149980	H@5 0.194518	H@10 0.259162	H@20 0.340247	H@50 0.455951	H@100 0.557021
INFO:kbc-cli.py:Epoch 52/100	Loss 18.8679 ± 0.3454
INFO:kbc-cli.py:Epoch 53/100	Loss 18.8636 ± 0.3353
INFO:kbc-cli.py:Epoch 54/100	Loss 18.8596 ± 0.3234
INFO:kbc-cli.py:Epoch 54/100	dev results	MRR 0.143484	H@1 0.083775	H@3 0.151725	H@5 0.198859	H@10 0.261363	H@20 0.343199	H@50 0.457542	H@100 0.558455
INFO:kbc-cli.py:Epoch 54/100	test results	MRR 0.143543	H@1 0.084775	H@3 0.149712	H@5 0.197083	H@10 0.259528	H@20 0.341395	H@50 0.458394	H@100 0.557388
INFO:kbc-cli.py:Epoch 55/100	Loss 18.8556 ± 0.3140
INFO:kbc-cli.py:Epoch 56/100	Loss 18.8518 ± 0.3078
INFO:kbc-cli.py:Epoch 57/100	Loss 18.8481 ± 0.3073
INFO:kbc-cli.py:Epoch 57/100	dev results	MRR 0.145389	H@1 0.085971	H@3 0.154035	H@5 0.199259	H@10 0.262047	H@20 0.343998	H@50 0.457941	H@100 0.558740
INFO:kbc-cli.py:Epoch 57/100	test results	MRR 0.143111	H@1 0.085068	H@3 0.148124	H@5 0.194713	H@10 0.259748	H@20 0.342006	H@50 0.457295	H@100 0.557657
INFO:kbc-cli.py:Epoch 58/100	Loss 18.8445 ± 0.3040
INFO:kbc-cli.py:Epoch 59/100	Loss 18.8416 ± 0.2981
INFO:kbc-cli.py:Epoch 60/100	Loss 18.8378 ± 0.3072
INFO:kbc-cli.py:Epoch 60/100	dev results	MRR 0.144601	H@1 0.085201	H@3 0.152295	H@5 0.199145	H@10 0.261506	H@20 0.343541	H@50 0.458854	H@100 0.558882
INFO:kbc-cli.py:Epoch 60/100	test results	MRR 0.143751	H@1 0.085288	H@3 0.149565	H@5 0.196155	H@10 0.259479	H@20 0.341053	H@50 0.457906	H@100 0.557388
INFO:kbc-cli.py:Epoch 61/100	Loss 18.8347 ± 0.2916
INFO:kbc-cli.py:Epoch 62/100	Loss 18.8318 ± 0.2949
INFO:kbc-cli.py:Epoch 63/100	Loss 18.8287 ± 0.2888
INFO:kbc-cli.py:Epoch 63/100	dev results	MRR 0.144652	H@1 0.084802	H@3 0.153750	H@5 0.198888	H@10 0.261021	H@20 0.343741	H@50 0.457485	H@100 0.560051
INFO:kbc-cli.py:Epoch 63/100	test results	MRR 0.143015	H@1 0.084042	H@3 0.150884	H@5 0.194860	H@10 0.259504	H@20 0.341249	H@50 0.457148	H@100 0.558414
INFO:kbc-cli.py:Epoch 64/100	Loss 18.8256 ± 0.2882
INFO:kbc-cli.py:Epoch 65/100	Loss 18.8229 ± 0.2920
INFO:kbc-cli.py:Epoch 66/100	Loss 18.8205 ± 0.2850
INFO:kbc-cli.py:Epoch 66/100	dev results	MRR 0.145143	H@1 0.085401	H@3 0.153664	H@5 0.197120	H@10 0.261591	H@20 0.345994	H@50 0.459367	H@100 0.559681
INFO:kbc-cli.py:Epoch 66/100	test results	MRR 0.143393	H@1 0.083944	H@3 0.150151	H@5 0.195104	H@10 0.261116	H@20 0.342593	H@50 0.457881	H@100 0.557095
INFO:kbc-cli.py:Epoch 67/100	Loss 18.8176 ± 0.2747
INFO:kbc-cli.py:Epoch 68/100	Loss 18.8149 ± 0.2727
INFO:kbc-cli.py:Epoch 69/100	Loss 18.8124 ± 0.2743
INFO:kbc-cli.py:Epoch 69/100	dev results	MRR 0.145552	H@1 0.085515	H@3 0.154577	H@5 0.200171	H@10 0.263388	H@20 0.342829	H@50 0.457628	H@100 0.559852
INFO:kbc-cli.py:Epoch 69/100	test results	MRR 0.144201	H@1 0.085068	H@3 0.152253	H@5 0.197303	H@10 0.260652	H@20 0.340296	H@50 0.457148	H@100 0.557657
INFO:kbc-cli.py:Epoch 70/100	Loss 18.8100 ± 0.2708
INFO:kbc-cli.py:Epoch 71/100	Loss 18.8080 ± 0.2687
INFO:kbc-cli.py:Epoch 72/100	Loss 18.8054 ± 0.2630
INFO:kbc-cli.py:Epoch 72/100	dev results	MRR 0.143689	H@1 0.084032	H@3 0.150727	H@5 0.197377	H@10 0.261762	H@20 0.342601	H@50 0.457228	H@100 0.560764
INFO:kbc-cli.py:Epoch 72/100	test results	MRR 0.141420	H@1 0.082649	H@3 0.147122	H@5 0.193785	H@10 0.259039	H@20 0.339172	H@50 0.456733	H@100 0.558292
INFO:kbc-cli.py:Epoch 73/100	Loss 18.8031 ± 0.2559
INFO:kbc-cli.py:Epoch 74/100	Loss 18.8011 ± 0.2609
INFO:kbc-cli.py:Epoch 75/100	Loss 18.7987 ± 0.2563
INFO:kbc-cli.py:Epoch 75/100	dev results	MRR 0.145175	H@1 0.086798	H@3 0.151411	H@5 0.197918	H@10 0.260422	H@20 0.343998	H@50 0.457770	H@100 0.559966
INFO:kbc-cli.py:Epoch 75/100	test results	MRR 0.143265	H@1 0.085825	H@3 0.146829	H@5 0.195373	H@10 0.259308	H@20 0.341444	H@50 0.457808	H@100 0.558341
INFO:kbc-cli.py:Epoch 76/100	Loss 18.7969 ± 0.2602
INFO:kbc-cli.py:Epoch 77/100	Loss 18.7947 ± 0.2518
INFO:kbc-cli.py:Epoch 78/100	Loss 18.7930 ± 0.2606
INFO:kbc-cli.py:Epoch 78/100	dev results	MRR 0.144110	H@1 0.085058	H@3 0.152552	H@5 0.196493	H@10 0.259937	H@20 0.342543	H@50 0.458455	H@100 0.559994
INFO:kbc-cli.py:Epoch 78/100	test results	MRR 0.143019	H@1 0.085288	H@3 0.148686	H@5 0.193198	H@10 0.257916	H@20 0.340369	H@50 0.458126	H@100 0.559025
INFO:kbc-cli.py:Epoch 79/100	Loss 18.7910 ± 0.2498
INFO:kbc-cli.py:Epoch 80/100	Loss 18.7891 ± 0.2456
INFO:kbc-cli.py:Epoch 81/100	Loss 18.7873 ± 0.2459
INFO:kbc-cli.py:Epoch 81/100	dev results	MRR 0.144335	H@1 0.084346	H@3 0.154463	H@5 0.198261	H@10 0.260108	H@20 0.343456	H@50 0.459652	H@100 0.561306
INFO:kbc-cli.py:Epoch 81/100	test results	MRR 0.143289	H@1 0.084921	H@3 0.150249	H@5 0.195348	H@10 0.258893	H@20 0.340687	H@50 0.458663	H@100 0.559660
INFO:kbc-cli.py:Epoch 82/100	Loss 18.7858 ± 0.2405
INFO:kbc-cli.py:Epoch 83/100	Loss 18.7839 ± 0.2492
INFO:kbc-cli.py:Epoch 84/100	Loss 18.7822 ± 0.2448
INFO:kbc-cli.py:Epoch 84/100	dev results	MRR 0.145466	H@1 0.086570	H@3 0.153179	H@5 0.198774	H@10 0.261363	H@20 0.343912	H@50 0.459224	H@100 0.561990
INFO:kbc-cli.py:Epoch 84/100	test results	MRR 0.144484	H@1 0.086729	H@3 0.150884	H@5 0.194640	H@10 0.258477	H@20 0.341469	H@50 0.459274	H@100 0.559245
INFO:kbc-cli.py:Epoch 85/100	Loss 18.7806 ± 0.2376
INFO:kbc-cli.py:Epoch 86/100	Loss 18.7790 ± 0.2345
INFO:kbc-cli.py:Epoch 87/100	Loss 18.7775 ± 0.2324
INFO:kbc-cli.py:Epoch 87/100	dev results	MRR 0.145853	H@1 0.087425	H@3 0.152381	H@5 0.197063	H@10 0.261848	H@20 0.344026	H@50 0.459766	H@100 0.561449
INFO:kbc-cli.py:Epoch 87/100	test results	MRR 0.144476	H@1 0.087462	H@3 0.148466	H@5 0.193980	H@10 0.259821	H@20 0.341738	H@50 0.459103	H@100 0.559758
INFO:kbc-cli.py:Epoch 88/100	Loss 18.7759 ± 0.2350
INFO:kbc-cli.py:Epoch 89/100	Loss 18.7744 ± 0.2334
INFO:kbc-cli.py:Epoch 90/100	Loss 18.7730 ± 0.2343
INFO:kbc-cli.py:Epoch 90/100	dev results	MRR 0.144144	H@1 0.084631	H@3 0.152723	H@5 0.196806	H@10 0.259681	H@20 0.344368	H@50 0.459025	H@100 0.561021
INFO:kbc-cli.py:Epoch 90/100	test results	MRR 0.142612	H@1 0.083895	H@3 0.149394	H@5 0.195153	H@10 0.258917	H@20 0.341518	H@50 0.458907	H@100 0.560613
INFO:kbc-cli.py:Epoch 91/100	Loss 18.7716 ± 0.2251
INFO:kbc-cli.py:Epoch 92/100	Loss 18.7704 ± 0.2338
INFO:kbc-cli.py:Epoch 93/100	Loss 18.7690 ± 0.2230
INFO:kbc-cli.py:Epoch 93/100	dev results	MRR 0.143240	H@1 0.082749	H@3 0.151782	H@5 0.196236	H@10 0.261021	H@20 0.342943	H@50 0.460793	H@100 0.560479
INFO:kbc-cli.py:Epoch 93/100	test results	MRR 0.142014	H@1 0.082527	H@3 0.149321	H@5 0.194396	H@10 0.259455	H@20 0.340858	H@50 0.459445	H@100 0.560100
INFO:kbc-cli.py:Epoch 94/100	Loss 18.7678 ± 0.2218
INFO:kbc-cli.py:Epoch 95/100	Loss 18.7665 ± 0.2310
INFO:kbc-cli.py:Epoch 96/100	Loss 18.7653 ± 0.2242
INFO:kbc-cli.py:Epoch 96/100	dev results	MRR 0.145632	H@1 0.087169	H@3 0.153522	H@5 0.196977	H@10 0.258825	H@20 0.342715	H@50 0.460622	H@100 0.560850
INFO:kbc-cli.py:Epoch 96/100	test results	MRR 0.143702	H@1 0.086485	H@3 0.149565	H@5 0.194151	H@10 0.257354	H@20 0.339954	H@50 0.458736	H@100 0.559782
INFO:kbc-cli.py:Epoch 97/100	Loss 18.7638 ± 0.2219
INFO:kbc-cli.py:Epoch 98/100	Loss 18.7626 ± 0.2164
INFO:kbc-cli.py:Epoch 99/100	Loss 18.7615 ± 0.2145
INFO:kbc-cli.py:Epoch 99/100	dev results	MRR 0.145854	H@1 0.087140	H@3 0.155004	H@5 0.196464	H@10 0.259053	H@20 0.344112	H@50 0.459795	H@100 0.560508
INFO:kbc-cli.py:Epoch 99/100	test results	MRR 0.144901	H@1 0.087218	H@3 0.152399	H@5 0.194982	H@10 0.257696	H@20 0.340834	H@50 0.459592	H@100 0.560002
INFO:kbc-cli.py:Epoch 100/100	Loss 18.7602 ± 0.2153
INFO:kbc-cli.py:Final 	dev results	MRR 0.145452	H@1 0.085572	H@3 0.154320	H@5 0.197006	H@10 0.260622	H@20 0.343770	H@50 0.459994	H@100 0.562390
INFO:kbc-cli.py:Final 	test results	MRR 0.143987	H@1 0.085361	H@3 0.150200	H@5 0.194176	H@10 0.259381	H@20 0.341884	H@50 0.458297	H@100 0.560344
INFO:kbc-cli.py:Training finished
