./bin/kbc-cli.py --train data/fb15k-237/train.tsv --dev data/fb15k-237/dev.tsv --test data/fb15k-237/test.tsv -m complex -k 200 -b 500 -e 100 --F2 0 --N3 0.1 -l 0.1 -I standard -V 3 -o adagrad -c so -q
{'F2': 0.0,
 'N3': 0.1,
 'batch_size': 500,
 'corruption': 'so',
 'dev': 'data/fb15k-237/dev.tsv',
 'embedding_size': 200,
 'epochs': 100,
 'eval_batch_size': None,
 'input_type': 'standard',
 'learning_rate': 0.1,
 'load': None,
 'model': 'complex',
 'optimizer': 'adagrad',
 'quiet': True,
 'save': None,
 'seed': 0,
 'test': 'data/fb15k-237/test.tsv',
 'test_i': None,
 'test_ii': None,
 'train': 'data/fb15k-237/train.tsv',
 'validate_every': 3}
INFO:kbc-cli.py:Device: cuda
INFO:kbc-cli.py:Model state:
INFO:kbc-cli.py:	entities.weight	torch.Size([14541, 400])
INFO:kbc-cli.py:	predicates.weight	torch.Size([237, 400])
INFO:kbc-cli.py:Epoch 1/100	Loss 15.4686 ± 1.5933
INFO:kbc-cli.py:Epoch 2/100	Loss 13.0761 ± 0.1334
INFO:kbc-cli.py:Epoch 3/100	Loss 12.4938 ± 0.1231
INFO:kbc-cli.py:Epoch 3/100	dev results	MRR 0.325718	H@1 0.238095	H@3 0.357143	H@5 0.416709	H@10 0.499829	H@20 0.582093	H@50 0.686598	H@100 0.757685
INFO:kbc-cli.py:Epoch 3/100	test results	MRR 0.321518	H@1 0.233045	H@3 0.354222	H@5 0.414224	H@10 0.498925	H@20 0.578643	H@50 0.681276	H@100 0.752590
INFO:kbc-cli.py:Epoch 4/100	Loss 12.2200 ± 0.1432
INFO:kbc-cli.py:Epoch 5/100	Loss 12.0581 ± 0.1482
INFO:kbc-cli.py:Epoch 6/100	Loss 11.9501 ± 0.1528
INFO:kbc-cli.py:Epoch 6/100	dev results	MRR 0.341960	H@1 0.251611	H@3 0.375364	H@5 0.438637	H@10 0.522926	H@20 0.606929	H@50 0.708440	H@100 0.777559
INFO:kbc-cli.py:Epoch 6/100	test results	MRR 0.337439	H@1 0.246116	H@3 0.371225	H@5 0.436480	H@10 0.520791	H@20 0.600533	H@50 0.704339	H@100 0.775261
INFO:kbc-cli.py:Epoch 7/100	Loss 11.8723 ± 0.1454
INFO:kbc-cli.py:Epoch 8/100	Loss 11.8137 ± 0.1456
INFO:kbc-cli.py:Epoch 9/100	Loss 11.7670 ± 0.1483
INFO:kbc-cli.py:Epoch 9/100	dev results	MRR 0.345969	H@1 0.256059	H@3 0.377559	H@5 0.442002	H@10 0.530311	H@20 0.614428	H@50 0.714457	H@100 0.782435
INFO:kbc-cli.py:Epoch 9/100	test results	MRR 0.341537	H@1 0.249560	H@3 0.374743	H@5 0.439803	H@10 0.525897	H@20 0.610280	H@50 0.711228	H@100 0.779854
INFO:kbc-cli.py:Epoch 10/100	Loss 11.7290 ± 0.1410
INFO:kbc-cli.py:Epoch 11/100	Loss 11.6972 ± 0.1453
INFO:kbc-cli.py:Epoch 12/100	Loss 11.6700 ± 0.1439
INFO:kbc-cli.py:Epoch 12/100	dev results	MRR 0.348259	H@1 0.257314	H@3 0.380211	H@5 0.445138	H@10 0.533818	H@20 0.616424	H@50 0.717879	H@100 0.785401
INFO:kbc-cli.py:Epoch 12/100	test results	MRR 0.343394	H@1 0.251051	H@3 0.377382	H@5 0.443052	H@10 0.529244	H@20 0.612088	H@50 0.714038	H@100 0.783030
INFO:kbc-cli.py:Epoch 13/100	Loss 11.6468 ± 0.1363
INFO:kbc-cli.py:Epoch 14/100	Loss 11.6263 ± 0.1411
INFO:kbc-cli.py:Epoch 15/100	Loss 11.6080 ± 0.1368
INFO:kbc-cli.py:Epoch 15/100	dev results	MRR 0.350596	H@1 0.258455	H@3 0.384716	H@5 0.449415	H@10 0.535900	H@20 0.619789	H@50 0.719133	H@100 0.787995
INFO:kbc-cli.py:Epoch 15/100	test results	MRR 0.346093	H@1 0.253005	H@3 0.380216	H@5 0.445764	H@10 0.533177	H@20 0.615020	H@50 0.716359	H@100 0.785376
INFO:kbc-cli.py:Epoch 16/100	Loss 11.5918 ± 0.1415
INFO:kbc-cli.py:Epoch 17/100	Loss 11.5780 ± 0.1301
INFO:kbc-cli.py:Epoch 18/100	Loss 11.5641 ± 0.1298
INFO:kbc-cli.py:Epoch 18/100	dev results	MRR 0.352292	H@1 0.260451	H@3 0.386513	H@5 0.451126	H@10 0.536727	H@20 0.622298	H@50 0.721158	H@100 0.788081
INFO:kbc-cli.py:Epoch 18/100	test results	MRR 0.347168	H@1 0.254666	H@3 0.381022	H@5 0.446448	H@10 0.533250	H@20 0.616803	H@50 0.717629	H@100 0.787110
INFO:kbc-cli.py:Epoch 19/100	Loss 11.5519 ± 0.1246
INFO:kbc-cli.py:Epoch 20/100	Loss 11.5415 ± 0.1261
INFO:kbc-cli.py:Epoch 21/100	Loss 11.5311 ± 0.1257
INFO:kbc-cli.py:Epoch 21/100	dev results	MRR 0.353202	H@1 0.261762	H@3 0.386940	H@5 0.451497	H@10 0.537496	H@20 0.621158	H@50 0.721871	H@100 0.788879
INFO:kbc-cli.py:Epoch 21/100	test results	MRR 0.347423	H@1 0.254349	H@3 0.380998	H@5 0.450015	H@10 0.534203	H@20 0.615826	H@50 0.717922	H@100 0.787110
INFO:kbc-cli.py:Epoch 22/100	Loss 11.5215 ± 0.1282
INFO:kbc-cli.py:Epoch 23/100	Loss 11.5120 ± 0.1233
INFO:kbc-cli.py:Epoch 24/100	Loss 11.5043 ± 0.1278
INFO:kbc-cli.py:Epoch 24/100	dev results	MRR 0.353376	H@1 0.261620	H@3 0.386912	H@5 0.452267	H@10 0.538951	H@20 0.621215	H@50 0.722669	H@100 0.790191
INFO:kbc-cli.py:Epoch 24/100	test results	MRR 0.349197	H@1 0.256572	H@3 0.383587	H@5 0.449257	H@10 0.535938	H@20 0.617634	H@50 0.719730	H@100 0.787623
INFO:kbc-cli.py:Epoch 25/100	Loss 11.4962 ± 0.1236
INFO:kbc-cli.py:Epoch 26/100	Loss 11.4894 ± 0.1168
INFO:kbc-cli.py:Epoch 27/100	Loss 11.4827 ± 0.1252
INFO:kbc-cli.py:Epoch 27/100	dev results	MRR 0.354035	H@1 0.261677	H@3 0.387796	H@5 0.453008	H@10 0.539607	H@20 0.623610	H@50 0.723040	H@100 0.790220
INFO:kbc-cli.py:Epoch 27/100	test results	MRR 0.349985	H@1 0.256841	H@3 0.384223	H@5 0.450796	H@10 0.535864	H@20 0.618831	H@50 0.720414	H@100 0.788112
INFO:kbc-cli.py:Epoch 28/100	Loss 11.4758 ± 0.1189
INFO:kbc-cli.py:Epoch 29/100	Loss 11.4698 ± 0.1198
INFO:kbc-cli.py:Epoch 30/100	Loss 11.4638 ± 0.1221
INFO:kbc-cli.py:Epoch 30/100	dev results	MRR 0.354503	H@1 0.261534	H@3 0.389279	H@5 0.454206	H@10 0.539863	H@20 0.622840	H@50 0.723268	H@100 0.790733
INFO:kbc-cli.py:Epoch 30/100	test results	MRR 0.348943	H@1 0.254495	H@3 0.385420	H@5 0.450723	H@10 0.536011	H@20 0.619027	H@50 0.720097	H@100 0.788820
INFO:kbc-cli.py:Epoch 31/100	Loss 11.4585 ± 0.1145
INFO:kbc-cli.py:Epoch 32/100	Loss 11.4529 ± 0.1174
INFO:kbc-cli.py:Epoch 33/100	Loss 11.4481 ± 0.1137
INFO:kbc-cli.py:Epoch 33/100	dev results	MRR 0.355472	H@1 0.263701	H@3 0.389763	H@5 0.453607	H@10 0.541916	H@20 0.623068	H@50 0.723325	H@100 0.791104
INFO:kbc-cli.py:Epoch 33/100	test results	MRR 0.350196	H@1 0.256694	H@3 0.385053	H@5 0.451383	H@10 0.536842	H@20 0.620053	H@50 0.720781	H@100 0.789358
INFO:kbc-cli.py:Epoch 34/100	Loss 11.4435 ± 0.1150
INFO:kbc-cli.py:Epoch 35/100	Loss 11.4385 ± 0.1155
INFO:kbc-cli.py:Epoch 36/100	Loss 11.4341 ± 0.1117
INFO:kbc-cli.py:Epoch 36/100	dev results	MRR 0.355169	H@1 0.263359	H@3 0.387539	H@5 0.455546	H@10 0.541032	H@20 0.623211	H@50 0.723952	H@100 0.791674
INFO:kbc-cli.py:Epoch 36/100	test results	MRR 0.350039	H@1 0.256596	H@3 0.384394	H@5 0.452482	H@10 0.537330	H@20 0.620517	H@50 0.721978	H@100 0.789724
INFO:kbc-cli.py:Epoch 37/100	Loss 11.4302 ± 0.1133
INFO:kbc-cli.py:Epoch 38/100	Loss 11.4261 ± 0.1142
INFO:kbc-cli.py:Epoch 39/100	Loss 11.4223 ± 0.1108
INFO:kbc-cli.py:Epoch 39/100	dev results	MRR 0.355984	H@1 0.263787	H@3 0.390847	H@5 0.455147	H@10 0.540405	H@20 0.623752	H@50 0.724294	H@100 0.791332
INFO:kbc-cli.py:Epoch 39/100	test results	MRR 0.350522	H@1 0.256450	H@3 0.386910	H@5 0.452165	H@10 0.538063	H@20 0.619979	H@50 0.721050	H@100 0.789480
INFO:kbc-cli.py:Epoch 40/100	Loss 11.4187 ± 0.1128
INFO:kbc-cli.py:Epoch 41/100	Loss 11.4146 ± 0.1123
INFO:kbc-cli.py:Epoch 42/100	Loss 11.4116 ± 0.1090
INFO:kbc-cli.py:Epoch 42/100	dev results	MRR 0.355964	H@1 0.264357	H@3 0.389307	H@5 0.454805	H@10 0.541888	H@20 0.624665	H@50 0.724779	H@100 0.791902
INFO:kbc-cli.py:Epoch 42/100	test results	MRR 0.351007	H@1 0.257671	H@3 0.385933	H@5 0.452458	H@10 0.537330	H@20 0.619686	H@50 0.722589	H@100 0.789602
INFO:kbc-cli.py:Epoch 43/100	Loss 11.4082 ± 0.1131
INFO:kbc-cli.py:Epoch 44/100	Loss 11.4042 ± 0.1084
INFO:kbc-cli.py:Epoch 45/100	Loss 11.4022 ± 0.1137
INFO:kbc-cli.py:Epoch 45/100	dev results	MRR 0.356144	H@1 0.264243	H@3 0.390590	H@5 0.455660	H@10 0.541032	H@20 0.624579	H@50 0.724608	H@100 0.791930
INFO:kbc-cli.py:Epoch 45/100	test results	MRR 0.350817	H@1 0.256914	H@3 0.386324	H@5 0.452262	H@10 0.539065	H@20 0.620590	H@50 0.721758	H@100 0.789993
INFO:kbc-cli.py:Epoch 46/100	Loss 11.3988 ± 0.1105
INFO:kbc-cli.py:Epoch 47/100	Loss 11.3953 ± 0.1115
INFO:kbc-cli.py:Epoch 48/100	Loss 11.3929 ± 0.1126
INFO:kbc-cli.py:Epoch 48/100	dev results	MRR 0.355626	H@1 0.263102	H@3 0.390419	H@5 0.456344	H@10 0.542030	H@20 0.624038	H@50 0.725178	H@100 0.792501
INFO:kbc-cli.py:Epoch 48/100	test results	MRR 0.351669	H@1 0.258355	H@3 0.385982	H@5 0.453899	H@10 0.539089	H@20 0.620810	H@50 0.722344	H@100 0.790653
INFO:kbc-cli.py:Epoch 49/100	Loss 11.3902 ± 0.1132
INFO:kbc-cli.py:Epoch 50/100	Loss 11.3871 ± 0.1078
INFO:kbc-cli.py:Epoch 51/100	Loss 11.3847 ± 0.1063
INFO:kbc-cli.py:Epoch 51/100	dev results	MRR 0.356622	H@1 0.264443	H@3 0.390533	H@5 0.456687	H@10 0.542886	H@20 0.625150	H@50 0.726062	H@100 0.792501
INFO:kbc-cli.py:Epoch 51/100	test results	MRR 0.351754	H@1 0.258160	H@3 0.386690	H@5 0.453704	H@10 0.537819	H@20 0.621983	H@50 0.723126	H@100 0.790995
INFO:kbc-cli.py:Epoch 52/100	Loss 11.3826 ± 0.1092
INFO:kbc-cli.py:Epoch 53/100	Loss 11.3797 ± 0.1163
INFO:kbc-cli.py:Epoch 54/100	Loss 11.3772 ± 0.1081
INFO:kbc-cli.py:Epoch 54/100	dev results	MRR 0.356460	H@1 0.264528	H@3 0.390761	H@5 0.456601	H@10 0.542230	H@20 0.624950	H@50 0.725749	H@100 0.792900
INFO:kbc-cli.py:Epoch 54/100	test results	MRR 0.351863	H@1 0.258306	H@3 0.386690	H@5 0.453899	H@10 0.538845	H@20 0.621128	H@50 0.722613	H@100 0.790702
INFO:kbc-cli.py:Epoch 55/100	Loss 11.3751 ± 0.1073
INFO:kbc-cli.py:Epoch 56/100	Loss 11.3734 ± 0.1051
INFO:kbc-cli.py:Epoch 57/100	Loss 11.3710 ± 0.1062
INFO:kbc-cli.py:Epoch 57/100	dev results	MRR 0.356722	H@1 0.264300	H@3 0.391474	H@5 0.456316	H@10 0.544169	H@20 0.625577	H@50 0.725948	H@100 0.791788
INFO:kbc-cli.py:Epoch 57/100	test results	MRR 0.351986	H@1 0.258184	H@3 0.386421	H@5 0.453801	H@10 0.539187	H@20 0.621787	H@50 0.722906	H@100 0.790653
INFO:kbc-cli.py:Epoch 58/100	Loss 11.3687 ± 0.1095
INFO:kbc-cli.py:Epoch 59/100	Loss 11.3661 ± 0.1036
INFO:kbc-cli.py:Epoch 60/100	Loss 11.3648 ± 0.1105
INFO:kbc-cli.py:Epoch 60/100	dev results	MRR 0.357323	H@1 0.264842	H@3 0.392187	H@5 0.456487	H@10 0.543171	H@20 0.625235	H@50 0.726205	H@100 0.791731
INFO:kbc-cli.py:Epoch 60/100	test results	MRR 0.352369	H@1 0.258868	H@3 0.387618	H@5 0.454290	H@10 0.539163	H@20 0.621177	H@50 0.723566	H@100 0.791239
INFO:kbc-cli.py:Epoch 61/100	Loss 11.3624 ± 0.1045
INFO:kbc-cli.py:Epoch 62/100	Loss 11.3606 ± 0.1101
INFO:kbc-cli.py:Epoch 63/100	Loss 11.3586 ± 0.1083
INFO:kbc-cli.py:Epoch 63/100	dev results	MRR 0.357040	H@1 0.264528	H@3 0.392900	H@5 0.456886	H@10 0.543085	H@20 0.625207	H@50 0.725777	H@100 0.792387
INFO:kbc-cli.py:Epoch 63/100	test results	MRR 0.352021	H@1 0.258258	H@3 0.387936	H@5 0.454412	H@10 0.539798	H@20 0.622618	H@50 0.723541	H@100 0.791435
INFO:kbc-cli.py:Epoch 64/100	Loss 11.3567 ± 0.1110
INFO:kbc-cli.py:Epoch 65/100	Loss 11.3550 ± 0.1109
INFO:kbc-cli.py:Epoch 66/100	Loss 11.3533 ± 0.1074
INFO:kbc-cli.py:Epoch 66/100	dev results	MRR 0.356693	H@1 0.264043	H@3 0.391731	H@5 0.457856	H@10 0.544083	H@20 0.626119	H@50 0.726404	H@100 0.792900
INFO:kbc-cli.py:Epoch 66/100	test results	MRR 0.351872	H@1 0.258087	H@3 0.386177	H@5 0.454437	H@10 0.539163	H@20 0.622813	H@50 0.723566	H@100 0.791874
INFO:kbc-cli.py:Epoch 67/100	Loss 11.3515 ± 0.1012
INFO:kbc-cli.py:Epoch 68/100	Loss 11.3496 ± 0.1057
INFO:kbc-cli.py:Epoch 69/100	Loss 11.3475 ± 0.1066
INFO:kbc-cli.py:Epoch 69/100	dev results	MRR 0.357780	H@1 0.264984	H@3 0.393214	H@5 0.458027	H@10 0.544026	H@20 0.626262	H@50 0.726005	H@100 0.792444
INFO:kbc-cli.py:Epoch 69/100	test results	MRR 0.352977	H@1 0.259430	H@3 0.387325	H@5 0.455536	H@10 0.539480	H@20 0.622252	H@50 0.723664	H@100 0.792387
INFO:kbc-cli.py:Epoch 70/100	Loss 11.3462 ± 0.1038
INFO:kbc-cli.py:Epoch 71/100	Loss 11.3445 ± 0.1051
INFO:kbc-cli.py:Epoch 72/100	Loss 11.3432 ± 0.1062
INFO:kbc-cli.py:Epoch 72/100	dev results	MRR 0.357618	H@1 0.265269	H@3 0.392415	H@5 0.457000	H@10 0.544397	H@20 0.626290	H@50 0.726262	H@100 0.792700
INFO:kbc-cli.py:Epoch 72/100	test results	MRR 0.352584	H@1 0.258648	H@3 0.388425	H@5 0.455438	H@10 0.539040	H@20 0.623204	H@50 0.723957	H@100 0.791654
INFO:kbc-cli.py:Epoch 73/100	Loss 11.3416 ± 0.1072
INFO:kbc-cli.py:Epoch 74/100	Loss 11.3402 ± 0.1144
INFO:kbc-cli.py:Epoch 75/100	Loss 11.3386 ± 0.1061
INFO:kbc-cli.py:Epoch 75/100	dev results	MRR 0.358412	H@1 0.266296	H@3 0.393527	H@5 0.457485	H@10 0.544539	H@20 0.625406	H@50 0.726262	H@100 0.792871
INFO:kbc-cli.py:Epoch 75/100	test results	MRR 0.353343	H@1 0.260114	H@3 0.387814	H@5 0.454730	H@10 0.539309	H@20 0.623107	H@50 0.724201	H@100 0.792192
INFO:kbc-cli.py:Epoch 76/100	Loss 11.3371 ± 0.1080
INFO:kbc-cli.py:Epoch 77/100	Loss 11.3358 ± 0.0982
INFO:kbc-cli.py:Epoch 78/100	Loss 11.3341 ± 0.1066
INFO:kbc-cli.py:Epoch 78/100	dev results	MRR 0.357619	H@1 0.265155	H@3 0.392757	H@5 0.458084	H@10 0.543285	H@20 0.625577	H@50 0.725977	H@100 0.792472
INFO:kbc-cli.py:Epoch 78/100	test results	MRR 0.353084	H@1 0.259797	H@3 0.386861	H@5 0.455316	H@10 0.539553	H@20 0.623082	H@50 0.723932	H@100 0.791557
INFO:kbc-cli.py:Epoch 79/100	Loss 11.3333 ± 0.1100
INFO:kbc-cli.py:Epoch 80/100	Loss 11.3315 ± 0.1034
INFO:kbc-cli.py:Epoch 81/100	Loss 11.3303 ± 0.1057
INFO:kbc-cli.py:Epoch 81/100	dev results	MRR 0.358025	H@1 0.265498	H@3 0.393613	H@5 0.457884	H@10 0.544996	H@20 0.625948	H@50 0.726034	H@100 0.793812
INFO:kbc-cli.py:Epoch 81/100	test results	MRR 0.353265	H@1 0.259943	H@3 0.387618	H@5 0.454437	H@10 0.539773	H@20 0.623449	H@50 0.723541	H@100 0.792534
INFO:kbc-cli.py:Epoch 82/100	Loss 11.3284 ± 0.1079
INFO:kbc-cli.py:Epoch 83/100	Loss 11.3277 ± 0.0978
INFO:kbc-cli.py:Epoch 84/100	Loss 11.3259 ± 0.1002
INFO:kbc-cli.py:Epoch 84/100	dev results	MRR 0.358291	H@1 0.266068	H@3 0.392700	H@5 0.459224	H@10 0.543399	H@20 0.625806	H@50 0.726604	H@100 0.793499
INFO:kbc-cli.py:Epoch 84/100	test results	MRR 0.353530	H@1 0.260065	H@3 0.387961	H@5 0.455609	H@10 0.539480	H@20 0.623498	H@50 0.723395	H@100 0.792681
INFO:kbc-cli.py:Epoch 85/100	Loss 11.3250 ± 0.1019
INFO:kbc-cli.py:Epoch 86/100	Loss 11.3236 ± 0.1019
INFO:kbc-cli.py:Epoch 87/100	Loss 11.3228 ± 0.1011
INFO:kbc-cli.py:Epoch 87/100	dev results	MRR 0.358131	H@1 0.265555	H@3 0.393413	H@5 0.458369	H@10 0.545053	H@20 0.626604	H@50 0.726918	H@100 0.793185
INFO:kbc-cli.py:Epoch 87/100	test results	MRR 0.353699	H@1 0.260383	H@3 0.387985	H@5 0.455805	H@10 0.539700	H@20 0.623058	H@50 0.724739	H@100 0.793145
INFO:kbc-cli.py:Epoch 88/100	Loss 11.3214 ± 0.1012
INFO:kbc-cli.py:Epoch 89/100	Loss 11.3204 ± 0.1036
INFO:kbc-cli.py:Epoch 90/100	Loss 11.3192 ± 0.0985
INFO:kbc-cli.py:Epoch 90/100	dev results	MRR 0.358645	H@1 0.266439	H@3 0.394012	H@5 0.459310	H@10 0.544539	H@20 0.627117	H@50 0.726461	H@100 0.793755
INFO:kbc-cli.py:Epoch 90/100	test results	MRR 0.354128	H@1 0.260701	H@3 0.388645	H@5 0.456098	H@10 0.540115	H@20 0.623669	H@50 0.724519	H@100 0.792681
INFO:kbc-cli.py:Epoch 91/100	Loss 11.3182 ± 0.1042
INFO:kbc-cli.py:Epoch 92/100	Loss 11.3170 ± 0.1055
INFO:kbc-cli.py:Epoch 93/100	Loss 11.3155 ± 0.1099
INFO:kbc-cli.py:Epoch 93/100	dev results	MRR 0.358425	H@1 0.265555	H@3 0.393841	H@5 0.459338	H@10 0.544511	H@20 0.626433	H@50 0.727203	H@100 0.794240
INFO:kbc-cli.py:Epoch 93/100	test results	MRR 0.353910	H@1 0.260188	H@3 0.388498	H@5 0.455951	H@10 0.541166	H@20 0.623742	H@50 0.724934	H@100 0.793340
INFO:kbc-cli.py:Epoch 94/100	Loss 11.3147 ± 0.1011
INFO:kbc-cli.py:Epoch 95/100	Loss 11.3140 ± 0.1026
INFO:kbc-cli.py:Epoch 96/100	Loss 11.3123 ± 0.1061
INFO:kbc-cli.py:Epoch 96/100	dev results	MRR 0.358788	H@1 0.266496	H@3 0.393584	H@5 0.458483	H@10 0.544511	H@20 0.626604	H@50 0.726347	H@100 0.794297
INFO:kbc-cli.py:Epoch 96/100	test results	MRR 0.354251	H@1 0.260774	H@3 0.388962	H@5 0.456293	H@10 0.540995	H@20 0.623253	H@50 0.724641	H@100 0.792852
INFO:kbc-cli.py:Epoch 97/100	Loss 11.3118 ± 0.1051
INFO:kbc-cli.py:Epoch 98/100	Loss 11.3105 ± 0.1018
INFO:kbc-cli.py:Epoch 99/100	Loss 11.3095 ± 0.1058
INFO:kbc-cli.py:Epoch 99/100	dev results	MRR 0.358715	H@1 0.266410	H@3 0.393042	H@5 0.458768	H@10 0.545423	H@20 0.627146	H@50 0.726889	H@100 0.794611
INFO:kbc-cli.py:Epoch 99/100	test results	MRR 0.353865	H@1 0.260212	H@3 0.388058	H@5 0.456367	H@10 0.540848	H@20 0.623400	H@50 0.724934	H@100 0.793047
INFO:kbc-cli.py:Epoch 100/100	Loss 11.3087 ± 0.1015
INFO:kbc-cli.py:Final 	dev results	MRR 0.358481	H@1 0.265982	H@3 0.393499	H@5 0.458426	H@10 0.545195	H@20 0.627203	H@50 0.726547	H@100 0.794497
INFO:kbc-cli.py:Final 	test results	MRR 0.354037	H@1 0.260725	H@3 0.388889	H@5 0.456220	H@10 0.540848	H@20 0.624304	H@50 0.724543	H@100 0.793071
INFO:kbc-cli.py:Training finished
