./bin/kbc-cli.py --train data/fb15k-237/train.tsv --dev data/fb15k-237/dev.tsv --test data/fb15k-237/test.tsv -m complex -k 2000 -b 100 -e 100 --F2 0 --N3 0.001 -l 0.1 -I standard -V 3 -o adagrad -c spo -q
{'F2': 0.0,
 'N3': 0.001,
 'batch_size': 100,
 'corruption': 'spo',
 'dev': 'data/fb15k-237/dev.tsv',
 'embedding_size': 2000,
 'epochs': 100,
 'eval_batch_size': None,
 'input_type': 'standard',
 'learning_rate': 0.1,
 'load': None,
 'model': 'complex',
 'optimizer': 'adagrad',
 'quiet': True,
 'save': None,
 'seed': 0,
 'test': 'data/fb15k-237/test.tsv',
 'test_i': None,
 'test_ii': None,
 'train': 'data/fb15k-237/train.tsv',
 'validate_every': 3}
INFO:kbc-cli.py:Device: cuda
INFO:kbc-cli.py:Model state:
INFO:kbc-cli.py:	entities.weight	torch.Size([14541, 4000])
INFO:kbc-cli.py:	predicates.weight	torch.Size([237, 4000])
INFO:kbc-cli.py:Epoch 1/100	Loss 12.9426 ± 2.6591
INFO:kbc-cli.py:Epoch 2/100	Loss 8.2359 ± 0.2823
INFO:kbc-cli.py:Epoch 3/100	Loss 7.3653 ± 0.3496
INFO:kbc-cli.py:Epoch 3/100	dev results	MRR 0.316989	H@1 0.229683	H@3 0.347648	H@5 0.407300	H@10 0.493499	H@20 0.575221	H@50 0.677274	H@100 0.748474
INFO:kbc-cli.py:Epoch 3/100	test results	MRR 0.309366	H@1 0.221685	H@3 0.339979	H@5 0.402350	H@10 0.486197	H@20 0.571094	H@50 0.675901	H@100 0.745309
INFO:kbc-cli.py:Epoch 4/100	Loss 7.0127 ± 0.3632
INFO:kbc-cli.py:Epoch 5/100	Loss 6.8095 ± 0.3682
INFO:kbc-cli.py:Epoch 6/100	Loss 6.6712 ± 0.3574
INFO:kbc-cli.py:Epoch 6/100	dev results	MRR 0.332973	H@1 0.243171	H@3 0.366324	H@5 0.428857	H@10 0.510778	H@20 0.593271	H@50 0.690904	H@100 0.761990
INFO:kbc-cli.py:Epoch 6/100	test results	MRR 0.326551	H@1 0.236490	H@3 0.360354	H@5 0.423898	H@10 0.505521	H@20 0.588757	H@50 0.689851	H@100 0.759943
INFO:kbc-cli.py:Epoch 7/100	Loss 6.5703 ± 0.3498
INFO:kbc-cli.py:Epoch 8/100	Loss 6.4921 ± 0.3493
INFO:kbc-cli.py:Epoch 9/100	Loss 6.4279 ± 0.3447
INFO:kbc-cli.py:Epoch 9/100	dev results	MRR 0.339929	H@1 0.250756	H@3 0.371885	H@5 0.435472	H@10 0.520445	H@20 0.599088	H@50 0.698375	H@100 0.765840
INFO:kbc-cli.py:Epoch 9/100	test results	MRR 0.333904	H@1 0.244210	H@3 0.366461	H@5 0.430983	H@10 0.513559	H@20 0.596257	H@50 0.696448	H@100 0.764903
INFO:kbc-cli.py:Epoch 10/100	Loss 6.3749 ± 0.3374
INFO:kbc-cli.py:Epoch 11/100	Loss 6.3298 ± 0.3409
INFO:kbc-cli.py:Epoch 12/100	Loss 6.2915 ± 0.3392
INFO:kbc-cli.py:Epoch 12/100	dev results	MRR 0.343232	H@1 0.254177	H@3 0.375278	H@5 0.439008	H@10 0.522983	H@20 0.603621	H@50 0.700570	H@100 0.768149
INFO:kbc-cli.py:Epoch 12/100	test results	MRR 0.336503	H@1 0.246506	H@3 0.369320	H@5 0.435283	H@10 0.517248	H@20 0.599824	H@50 0.699966	H@100 0.766808
INFO:kbc-cli.py:Epoch 13/100	Loss 6.2570 ± 0.3265
INFO:kbc-cli.py:Epoch 14/100	Loss 6.2278 ± 0.3294
INFO:kbc-cli.py:Epoch 15/100	Loss 6.2002 ± 0.3219
INFO:kbc-cli.py:Epoch 15/100	dev results	MRR 0.345557	H@1 0.255917	H@3 0.378215	H@5 0.441973	H@10 0.526176	H@20 0.606872	H@50 0.702680	H@100 0.769461
INFO:kbc-cli.py:Epoch 15/100	test results	MRR 0.338543	H@1 0.247850	H@3 0.372032	H@5 0.437311	H@10 0.519398	H@20 0.602976	H@50 0.702287	H@100 0.768299
INFO:kbc-cli.py:Epoch 16/100	Loss 6.1764 ± 0.3197
INFO:kbc-cli.py:Epoch 17/100	Loss 6.1543 ± 0.3207
INFO:kbc-cli.py:Epoch 18/100	Loss 6.1343 ± 0.3187
INFO:kbc-cli.py:Epoch 18/100	dev results	MRR 0.347027	H@1 0.255917	H@3 0.380553	H@5 0.444597	H@10 0.529626	H@20 0.608725	H@50 0.704534	H@100 0.769860
INFO:kbc-cli.py:Epoch 18/100	test results	MRR 0.340850	H@1 0.250342	H@3 0.374572	H@5 0.439461	H@10 0.522818	H@20 0.604466	H@50 0.702336	H@100 0.769398
INFO:kbc-cli.py:Epoch 19/100	Loss 6.1161 ± 0.3085
INFO:kbc-cli.py:Epoch 20/100	Loss 6.0994 ± 0.3085
INFO:kbc-cli.py:Epoch 21/100	Loss 6.0833 ± 0.2980
INFO:kbc-cli.py:Epoch 21/100	dev results	MRR 0.348798	H@1 0.259738	H@3 0.381095	H@5 0.443827	H@10 0.529855	H@20 0.610265	H@50 0.705275	H@100 0.771229
INFO:kbc-cli.py:Epoch 21/100	test results	MRR 0.341928	H@1 0.251515	H@3 0.376722	H@5 0.439412	H@10 0.523136	H@20 0.604979	H@50 0.703044	H@100 0.770082
INFO:kbc-cli.py:Epoch 22/100	Loss 6.0696 ± 0.3039
INFO:kbc-cli.py:Epoch 23/100	Loss 6.0554 ± 0.3036
INFO:kbc-cli.py:Epoch 24/100	Loss 6.0430 ± 0.2994
INFO:kbc-cli.py:Epoch 24/100	dev results	MRR 0.349961	H@1 0.260336	H@3 0.382834	H@5 0.447163	H@10 0.531280	H@20 0.611007	H@50 0.706102	H@100 0.771885
INFO:kbc-cli.py:Epoch 24/100	test results	MRR 0.343734	H@1 0.254007	H@3 0.377211	H@5 0.442172	H@10 0.524333	H@20 0.605614	H@50 0.703826	H@100 0.770668
INFO:kbc-cli.py:Epoch 25/100	Loss 6.0304 ± 0.2997
INFO:kbc-cli.py:Epoch 26/100	Loss 6.0193 ± 0.2936
INFO:kbc-cli.py:Epoch 27/100	Loss 6.0086 ± 0.2963
INFO:kbc-cli.py:Epoch 27/100	dev results	MRR 0.351846	H@1 0.262047	H@3 0.384802	H@5 0.448018	H@10 0.533818	H@20 0.612632	H@50 0.706900	H@100 0.773824
INFO:kbc-cli.py:Epoch 27/100	test results	MRR 0.345540	H@1 0.255692	H@3 0.379141	H@5 0.443076	H@10 0.524919	H@20 0.607007	H@50 0.704852	H@100 0.771988
INFO:kbc-cli.py:Epoch 28/100	Loss 5.9990 ± 0.2895
INFO:kbc-cli.py:Epoch 29/100	Loss 5.9895 ± 0.2853
INFO:kbc-cli.py:Epoch 30/100	Loss 5.9805 ± 0.2919
INFO:kbc-cli.py:Epoch 30/100	dev results	MRR 0.351600	H@1 0.261762	H@3 0.383661	H@5 0.449729	H@10 0.533362	H@20 0.611605	H@50 0.707186	H@100 0.771970
INFO:kbc-cli.py:Epoch 30/100	test results	MRR 0.344894	H@1 0.254202	H@3 0.379556	H@5 0.443785	H@10 0.526068	H@20 0.607080	H@50 0.705072	H@100 0.772232
INFO:kbc-cli.py:Epoch 31/100	Loss 5.9718 ± 0.2882
INFO:kbc-cli.py:Epoch 32/100	Loss 5.9635 ± 0.2885
INFO:kbc-cli.py:Epoch 33/100	Loss 5.9555 ± 0.2816
INFO:kbc-cli.py:Epoch 33/100	dev results	MRR 0.352869	H@1 0.263188	H@3 0.385686	H@5 0.449929	H@10 0.533362	H@20 0.613516	H@50 0.708697	H@100 0.774194
INFO:kbc-cli.py:Epoch 33/100	test results	MRR 0.346071	H@1 0.255570	H@3 0.381266	H@5 0.444371	H@10 0.526801	H@20 0.608179	H@50 0.705316	H@100 0.773063
INFO:kbc-cli.py:Epoch 34/100	Loss 5.9479 ± 0.2827
INFO:kbc-cli.py:Epoch 35/100	Loss 5.9410 ± 0.2881
INFO:kbc-cli.py:Epoch 36/100	Loss 5.9340 ± 0.2776
INFO:kbc-cli.py:Epoch 36/100	dev results	MRR 0.352484	H@1 0.262475	H@3 0.384773	H@5 0.450014	H@10 0.534788	H@20 0.612889	H@50 0.707784	H@100 0.773738
INFO:kbc-cli.py:Epoch 36/100	test results	MRR 0.345610	H@1 0.254886	H@3 0.379556	H@5 0.444249	H@10 0.526630	H@20 0.606689	H@50 0.706049	H@100 0.772965
INFO:kbc-cli.py:Epoch 37/100	Loss 5.9277 ± 0.2763
INFO:kbc-cli.py:Epoch 38/100	Loss 5.9213 ± 0.2832
INFO:kbc-cli.py:Epoch 39/100	Loss 5.9151 ± 0.2786
INFO:kbc-cli.py:Epoch 39/100	dev results	MRR 0.353929	H@1 0.264100	H@3 0.387368	H@5 0.452096	H@10 0.534331	H@20 0.614257	H@50 0.708839	H@100 0.774080
INFO:kbc-cli.py:Epoch 39/100	test results	MRR 0.346834	H@1 0.256083	H@3 0.381242	H@5 0.446130	H@10 0.527436	H@20 0.608033	H@50 0.706196	H@100 0.773234
INFO:kbc-cli.py:Epoch 40/100	Loss 5.9089 ± 0.2786
INFO:kbc-cli.py:Epoch 41/100	Loss 5.9035 ± 0.2742
INFO:kbc-cli.py:Epoch 42/100	Loss 5.8976 ± 0.2763
INFO:kbc-cli.py:Epoch 42/100	dev results	MRR 0.353974	H@1 0.263872	H@3 0.388423	H@5 0.450670	H@10 0.534816	H@20 0.614999	H@50 0.710294	H@100 0.773909
INFO:kbc-cli.py:Epoch 42/100	test results	MRR 0.347972	H@1 0.257867	H@3 0.381535	H@5 0.444664	H@10 0.527289	H@20 0.608717	H@50 0.706855	H@100 0.774138
INFO:kbc-cli.py:Epoch 43/100	Loss 5.8926 ± 0.2752
INFO:kbc-cli.py:Epoch 44/100	Loss 5.8874 ± 0.2737
INFO:kbc-cli.py:Epoch 45/100	Loss 5.8827 ± 0.2756
INFO:kbc-cli.py:Epoch 45/100	dev results	MRR 0.354046	H@1 0.264328	H@3 0.385942	H@5 0.451354	H@10 0.535871	H@20 0.614514	H@50 0.709609	H@100 0.774137
INFO:kbc-cli.py:Epoch 45/100	test results	MRR 0.347047	H@1 0.256279	H@3 0.381144	H@5 0.446130	H@10 0.527533	H@20 0.607764	H@50 0.706293	H@100 0.772989
INFO:kbc-cli.py:Epoch 46/100	Loss 5.8774 ± 0.2775
INFO:kbc-cli.py:Epoch 47/100	Loss 5.8729 ± 0.2711
INFO:kbc-cli.py:Epoch 48/100	Loss 5.8685 ± 0.2730
INFO:kbc-cli.py:Epoch 48/100	dev results	MRR 0.354193	H@1 0.264699	H@3 0.387311	H@5 0.451725	H@10 0.535244	H@20 0.614885	H@50 0.709866	H@100 0.774793
INFO:kbc-cli.py:Epoch 48/100	test results	MRR 0.347426	H@1 0.256645	H@3 0.380924	H@5 0.445617	H@10 0.527851	H@20 0.608546	H@50 0.707002	H@100 0.773600
INFO:kbc-cli.py:Epoch 49/100	Loss 5.8639 ± 0.2705
INFO:kbc-cli.py:Epoch 50/100	Loss 5.8599 ± 0.2676
INFO:kbc-cli.py:Epoch 51/100	Loss 5.8555 ± 0.2663
INFO:kbc-cli.py:Epoch 51/100	dev results	MRR 0.354879	H@1 0.265384	H@3 0.386541	H@5 0.452324	H@10 0.535700	H@20 0.615284	H@50 0.710265	H@100 0.774394
INFO:kbc-cli.py:Epoch 51/100	test results	MRR 0.347946	H@1 0.257647	H@3 0.380534	H@5 0.445935	H@10 0.528022	H@20 0.609059	H@50 0.707515	H@100 0.774211
INFO:kbc-cli.py:Epoch 52/100	Loss 5.8517 ± 0.2730
INFO:kbc-cli.py:Epoch 53/100	Loss 5.8476 ± 0.2700
INFO:kbc-cli.py:Epoch 54/100	Loss 5.8437 ± 0.2769
INFO:kbc-cli.py:Epoch 54/100	dev results	MRR 0.354822	H@1 0.265184	H@3 0.386627	H@5 0.452267	H@10 0.535900	H@20 0.615911	H@50 0.710037	H@100 0.775250
INFO:kbc-cli.py:Epoch 54/100	test results	MRR 0.348204	H@1 0.257818	H@3 0.382439	H@5 0.445886	H@10 0.527069	H@20 0.608546	H@50 0.708223	H@100 0.774064
INFO:kbc-cli.py:Epoch 55/100	Loss 5.8399 ± 0.2612
INFO:kbc-cli.py:Epoch 56/100	Loss 5.8366 ± 0.2665
INFO:kbc-cli.py:Epoch 57/100	Loss 5.8335 ± 0.2652
INFO:kbc-cli.py:Epoch 57/100	dev results	MRR 0.354970	H@1 0.265298	H@3 0.387511	H@5 0.451526	H@10 0.536755	H@20 0.615483	H@50 0.710636	H@100 0.775078
INFO:kbc-cli.py:Epoch 57/100	test results	MRR 0.348476	H@1 0.258233	H@3 0.382683	H@5 0.446203	H@10 0.528486	H@20 0.607837	H@50 0.708052	H@100 0.774700
INFO:kbc-cli.py:Epoch 58/100	Loss 5.8296 ± 0.2671
INFO:kbc-cli.py:Epoch 59/100	Loss 5.8262 ± 0.2603
INFO:kbc-cli.py:Epoch 60/100	Loss 5.8234 ± 0.2633
INFO:kbc-cli.py:Epoch 60/100	dev results	MRR 0.355245	H@1 0.265098	H@3 0.388765	H@5 0.453151	H@10 0.535500	H@20 0.616139	H@50 0.711377	H@100 0.775050
INFO:kbc-cli.py:Epoch 60/100	test results	MRR 0.348685	H@1 0.258893	H@3 0.381755	H@5 0.445055	H@10 0.528120	H@20 0.609694	H@50 0.707784	H@100 0.774675
INFO:kbc-cli.py:Epoch 61/100	Loss 5.8196 ± 0.2611
INFO:kbc-cli.py:Epoch 62/100	Loss 5.8168 ± 0.2633
INFO:kbc-cli.py:Epoch 63/100	Loss 5.8138 ± 0.2574
INFO:kbc-cli.py:Epoch 63/100	dev results	MRR 0.355532	H@1 0.265526	H@3 0.389250	H@5 0.453179	H@10 0.536014	H@20 0.615940	H@50 0.711064	H@100 0.775307
INFO:kbc-cli.py:Epoch 63/100	test results	MRR 0.348487	H@1 0.257842	H@3 0.382830	H@5 0.446301	H@10 0.529024	H@20 0.609596	H@50 0.707930	H@100 0.775310
INFO:kbc-cli.py:Epoch 64/100	Loss 5.8108 ± 0.2643
INFO:kbc-cli.py:Epoch 65/100	Loss 5.8079 ± 0.2582
INFO:kbc-cli.py:Epoch 66/100	Loss 5.8054 ± 0.2569
INFO:kbc-cli.py:Epoch 66/100	dev results	MRR 0.355546	H@1 0.265868	H@3 0.387824	H@5 0.453550	H@10 0.536955	H@20 0.615141	H@50 0.709780	H@100 0.775164
INFO:kbc-cli.py:Epoch 66/100	test results	MRR 0.349202	H@1 0.259039	H@3 0.382732	H@5 0.446839	H@10 0.528779	H@20 0.609352	H@50 0.708077	H@100 0.774748
INFO:kbc-cli.py:Epoch 67/100	Loss 5.8023 ± 0.2595
INFO:kbc-cli.py:Epoch 68/100	Loss 5.7994 ± 0.2651
INFO:kbc-cli.py:Epoch 69/100	Loss 5.7966 ± 0.2625
INFO:kbc-cli.py:Epoch 69/100	dev results	MRR 0.356059	H@1 0.266210	H@3 0.389393	H@5 0.454063	H@10 0.536926	H@20 0.615740	H@50 0.710237	H@100 0.775905
INFO:kbc-cli.py:Epoch 69/100	test results	MRR 0.349024	H@1 0.258844	H@3 0.382366	H@5 0.447474	H@10 0.528657	H@20 0.609425	H@50 0.708150	H@100 0.774724
INFO:kbc-cli.py:Epoch 70/100	Loss 5.7940 ± 0.2608
INFO:kbc-cli.py:Epoch 71/100	Loss 5.7914 ± 0.2596
INFO:kbc-cli.py:Epoch 72/100	Loss 5.7887 ± 0.2575
INFO:kbc-cli.py:Epoch 72/100	dev results	MRR 0.356412	H@1 0.266866	H@3 0.388680	H@5 0.453807	H@10 0.536812	H@20 0.616823	H@50 0.711206	H@100 0.775563
INFO:kbc-cli.py:Epoch 72/100	test results	MRR 0.349598	H@1 0.259137	H@3 0.384003	H@5 0.447010	H@10 0.528999	H@20 0.610574	H@50 0.708297	H@100 0.775652
INFO:kbc-cli.py:Epoch 73/100	Loss 5.7869 ± 0.2606
INFO:kbc-cli.py:Epoch 74/100	Loss 5.7838 ± 0.2622
INFO:kbc-cli.py:Epoch 75/100	Loss 5.7819 ± 0.2632
INFO:kbc-cli.py:Epoch 75/100	dev results	MRR 0.356063	H@1 0.266039	H@3 0.389649	H@5 0.453522	H@10 0.536812	H@20 0.616282	H@50 0.710436	H@100 0.775592
INFO:kbc-cli.py:Epoch 75/100	test results	MRR 0.350015	H@1 0.260065	H@3 0.383783	H@5 0.448280	H@10 0.528389	H@20 0.610305	H@50 0.707710	H@100 0.775750
INFO:kbc-cli.py:Epoch 76/100	Loss 5.7793 ± 0.2597
INFO:kbc-cli.py:Epoch 77/100	Loss 5.7772 ± 0.2574
INFO:kbc-cli.py:Epoch 78/100	Loss 5.7746 ± 0.2574
INFO:kbc-cli.py:Epoch 78/100	dev results	MRR 0.356211	H@1 0.266923	H@3 0.389222	H@5 0.454035	H@10 0.535529	H@20 0.617394	H@50 0.710379	H@100 0.776190
INFO:kbc-cli.py:Epoch 78/100	test results	MRR 0.349037	H@1 0.258746	H@3 0.382806	H@5 0.447401	H@10 0.528853	H@20 0.609963	H@50 0.708150	H@100 0.775823
INFO:kbc-cli.py:Epoch 79/100	Loss 5.7728 ± 0.2560
INFO:kbc-cli.py:Epoch 80/100	Loss 5.7709 ± 0.2555
INFO:kbc-cli.py:Epoch 81/100	Loss 5.7687 ± 0.2534
INFO:kbc-cli.py:Epoch 81/100	dev results	MRR 0.356124	H@1 0.266210	H@3 0.388908	H@5 0.454177	H@10 0.537154	H@20 0.616852	H@50 0.709894	H@100 0.775934
INFO:kbc-cli.py:Epoch 81/100	test results	MRR 0.349794	H@1 0.259552	H@3 0.383539	H@5 0.447743	H@10 0.528657	H@20 0.609523	H@50 0.707613	H@100 0.776141
INFO:kbc-cli.py:Epoch 82/100	Loss 5.7662 ± 0.2549
INFO:kbc-cli.py:Epoch 83/100	Loss 5.7640 ± 0.2550
INFO:kbc-cli.py:Epoch 84/100	Loss 5.7624 ± 0.2533
INFO:kbc-cli.py:Epoch 84/100	dev results	MRR 0.356155	H@1 0.265897	H@3 0.389393	H@5 0.454577	H@10 0.536584	H@20 0.616481	H@50 0.711349	H@100 0.775592
INFO:kbc-cli.py:Epoch 84/100	test results	MRR 0.349281	H@1 0.258551	H@3 0.383099	H@5 0.448182	H@10 0.528437	H@20 0.609694	H@50 0.708052	H@100 0.775628
INFO:kbc-cli.py:Epoch 85/100	Loss 5.7603 ± 0.2535
INFO:kbc-cli.py:Epoch 86/100	Loss 5.7585 ± 0.2509
INFO:kbc-cli.py:Epoch 87/100	Loss 5.7567 ± 0.2516
INFO:kbc-cli.py:Epoch 87/100	dev results	MRR 0.356288	H@1 0.266153	H@3 0.389136	H@5 0.454976	H@10 0.537268	H@20 0.616795	H@50 0.711007	H@100 0.775962
INFO:kbc-cli.py:Epoch 87/100	test results	MRR 0.350141	H@1 0.259821	H@3 0.383221	H@5 0.448549	H@10 0.529757	H@20 0.610720	H@50 0.707930	H@100 0.776043
INFO:kbc-cli.py:Epoch 88/100	Loss 5.7545 ± 0.2533
INFO:kbc-cli.py:Epoch 89/100	Loss 5.7527 ± 0.2544
INFO:kbc-cli.py:Epoch 90/100	Loss 5.7508 ± 0.2497
INFO:kbc-cli.py:Epoch 90/100	dev results	MRR 0.356491	H@1 0.266467	H@3 0.390134	H@5 0.453693	H@10 0.537496	H@20 0.616709	H@50 0.711719	H@100 0.776076
INFO:kbc-cli.py:Epoch 90/100	test results	MRR 0.350006	H@1 0.259894	H@3 0.383807	H@5 0.446863	H@10 0.529830	H@20 0.610549	H@50 0.709030	H@100 0.776165
INFO:kbc-cli.py:Epoch 91/100	Loss 5.7491 ± 0.2521
INFO:kbc-cli.py:Epoch 92/100	Loss 5.7470 ± 0.2511
INFO:kbc-cli.py:Epoch 93/100	Loss 5.7454 ± 0.2547
INFO:kbc-cli.py:Epoch 93/100	dev results	MRR 0.356652	H@1 0.266781	H@3 0.388965	H@5 0.454006	H@10 0.537924	H@20 0.617650	H@50 0.711349	H@100 0.776190
INFO:kbc-cli.py:Epoch 93/100	test results	MRR 0.350061	H@1 0.259943	H@3 0.382977	H@5 0.448744	H@10 0.529928	H@20 0.610476	H@50 0.708614	H@100 0.775408
INFO:kbc-cli.py:Epoch 94/100	Loss 5.7437 ± 0.2445
INFO:kbc-cli.py:Epoch 95/100	Loss 5.7418 ± 0.2505
INFO:kbc-cli.py:Epoch 96/100	Loss 5.7402 ± 0.2535
INFO:kbc-cli.py:Epoch 96/100	dev results	MRR 0.356817	H@1 0.267237	H@3 0.390020	H@5 0.454063	H@10 0.537354	H@20 0.616310	H@50 0.710750	H@100 0.776076
INFO:kbc-cli.py:Epoch 96/100	test results	MRR 0.350163	H@1 0.260114	H@3 0.383758	H@5 0.447620	H@10 0.529635	H@20 0.610158	H@50 0.708394	H@100 0.775677
INFO:kbc-cli.py:Epoch 97/100	Loss 5.7386 ± 0.2498
INFO:kbc-cli.py:Epoch 98/100	Loss 5.7370 ± 0.2462
INFO:kbc-cli.py:Epoch 99/100	Loss 5.7356 ± 0.2471
INFO:kbc-cli.py:Epoch 99/100	dev results	MRR 0.356658	H@1 0.267066	H@3 0.389450	H@5 0.454120	H@10 0.537668	H@20 0.617251	H@50 0.711491	H@100 0.776362
INFO:kbc-cli.py:Epoch 99/100	test results	MRR 0.350244	H@1 0.259992	H@3 0.384149	H@5 0.448182	H@10 0.530196	H@20 0.610183	H@50 0.708175	H@100 0.776459
INFO:kbc-cli.py:Epoch 100/100	Loss 5.7341 ± 0.2469
INFO:kbc-cli.py:Final 	dev results	MRR 0.356216	H@1 0.265954	H@3 0.388908	H@5 0.454006	H@10 0.537753	H@20 0.617280	H@50 0.711434	H@100 0.776846
INFO:kbc-cli.py:Final 	test results	MRR 0.349811	H@1 0.259162	H@3 0.383465	H@5 0.448133	H@10 0.529952	H@20 0.611087	H@50 0.708810	H@100 0.776434
INFO:kbc-cli.py:Training finished
