./bin/kbc-cli.py --train data/fb15k-237/train.tsv --dev data/fb15k-237/dev.tsv --test data/fb15k-237/test.tsv -m complex -k 200 -b 100 -e 100 --F2 0.01 --N3 0 -l 0.1 -I standard -V 3 -o adagrad -c spo -q
{'F2': 0.01,
 'N3': 0.0,
 'batch_size': 100,
 'corruption': 'spo',
 'dev': 'data/fb15k-237/dev.tsv',
 'embedding_size': 200,
 'epochs': 100,
 'eval_batch_size': None,
 'input_type': 'standard',
 'learning_rate': 0.1,
 'load': None,
 'model': 'complex',
 'optimizer': 'adagrad',
 'quiet': True,
 'save': None,
 'seed': 0,
 'test': 'data/fb15k-237/test.tsv',
 'test_i': None,
 'test_ii': None,
 'train': 'data/fb15k-237/train.tsv',
 'validate_every': 3}
INFO:kbc-cli.py:Device: cuda
INFO:kbc-cli.py:Model state:
INFO:kbc-cli.py:	entities.weight	torch.Size([14541, 400])
INFO:kbc-cli.py:	predicates.weight	torch.Size([237, 400])
INFO:kbc-cli.py:Epoch 1/100	Loss 14.1499 ± 2.3348
INFO:kbc-cli.py:Epoch 2/100	Loss 10.3468 ± 0.2640
INFO:kbc-cli.py:Epoch 3/100	Loss 9.1875 ± 0.2675
INFO:kbc-cli.py:Epoch 3/100	dev results	MRR 0.313657	H@1 0.227773	H@3 0.343599	H@5 0.403137	H@10 0.488081	H@20 0.568663	H@50 0.670374	H@100 0.739835
INFO:kbc-cli.py:Epoch 3/100	test results	MRR 0.306969	H@1 0.221245	H@3 0.335117	H@5 0.398270	H@10 0.480333	H@20 0.560955	H@50 0.665983	H@100 0.737003
INFO:kbc-cli.py:Epoch 4/100	Loss 8.6844 ± 0.2839
INFO:kbc-cli.py:Epoch 5/100	Loss 8.4151 ± 0.2874
INFO:kbc-cli.py:Epoch 6/100	Loss 8.2422 ± 0.2719
INFO:kbc-cli.py:Epoch 6/100	dev results	MRR 0.322515	H@1 0.235016	H@3 0.352951	H@5 0.414571	H@10 0.500941	H@20 0.582264	H@50 0.682407	H@100 0.751240
INFO:kbc-cli.py:Epoch 6/100	test results	MRR 0.316994	H@1 0.229087	H@3 0.348065	H@5 0.409337	H@10 0.494576	H@20 0.575564	H@50 0.679884	H@100 0.749560
INFO:kbc-cli.py:Epoch 7/100	Loss 8.1182 ± 0.2684
INFO:kbc-cli.py:Epoch 8/100	Loss 8.0239 ± 0.2668
INFO:kbc-cli.py:Epoch 9/100	Loss 7.9477 ± 0.2636
INFO:kbc-cli.py:Epoch 9/100	dev results	MRR 0.323687	H@1 0.235643	H@3 0.354348	H@5 0.413544	H@10 0.502994	H@20 0.583490	H@50 0.683519	H@100 0.750585
INFO:kbc-cli.py:Epoch 9/100	test results	MRR 0.318827	H@1 0.230187	H@3 0.350288	H@5 0.412171	H@10 0.495993	H@20 0.578203	H@50 0.679493	H@100 0.750293
INFO:kbc-cli.py:Epoch 10/100	Loss 7.8846 ± 0.2612
INFO:kbc-cli.py:Epoch 11/100	Loss 7.8308 ± 0.2636
INFO:kbc-cli.py:Epoch 12/100	Loss 7.7852 ± 0.2590
INFO:kbc-cli.py:Epoch 12/100	dev results	MRR 0.323676	H@1 0.235985	H@3 0.355004	H@5 0.413516	H@10 0.502110	H@20 0.584374	H@50 0.683775	H@100 0.750784
INFO:kbc-cli.py:Epoch 12/100	test results	MRR 0.317851	H@1 0.229771	H@3 0.347992	H@5 0.411512	H@10 0.496629	H@20 0.577519	H@50 0.681301	H@100 0.750073
INFO:kbc-cli.py:Epoch 13/100	Loss 7.7439 ± 0.2505
INFO:kbc-cli.py:Epoch 14/100	Loss 7.7082 ± 0.2555
INFO:kbc-cli.py:Epoch 15/100	Loss 7.6752 ± 0.2474
INFO:kbc-cli.py:Epoch 15/100	dev results	MRR 0.323860	H@1 0.236242	H@3 0.353949	H@5 0.414942	H@10 0.501796	H@20 0.584460	H@50 0.682606	H@100 0.749301
INFO:kbc-cli.py:Epoch 15/100	test results	MRR 0.318344	H@1 0.229845	H@3 0.349629	H@5 0.412000	H@10 0.495212	H@20 0.577250	H@50 0.680812	H@100 0.749243
INFO:kbc-cli.py:Epoch 16/100	Loss 7.6463 ± 0.2491
INFO:kbc-cli.py:Epoch 17/100	Loss 7.6193 ± 0.2484
INFO:kbc-cli.py:Epoch 18/100	Loss 7.5945 ± 0.2472
INFO:kbc-cli.py:Epoch 18/100	dev results	MRR 0.325127	H@1 0.237553	H@3 0.355289	H@5 0.414115	H@10 0.501910	H@20 0.584117	H@50 0.682064	H@100 0.748646
INFO:kbc-cli.py:Epoch 18/100	test results	MRR 0.319787	H@1 0.231652	H@3 0.351143	H@5 0.411145	H@10 0.495798	H@20 0.578252	H@50 0.679224	H@100 0.749047
INFO:kbc-cli.py:Epoch 19/100	Loss 7.5716 ± 0.2399
INFO:kbc-cli.py:Epoch 20/100	Loss 7.5506 ± 0.2402
INFO:kbc-cli.py:Epoch 21/100	Loss 7.5306 ± 0.2330
INFO:kbc-cli.py:Epoch 21/100	dev results	MRR 0.324592	H@1 0.237297	H@3 0.355090	H@5 0.414656	H@10 0.500314	H@20 0.584602	H@50 0.682093	H@100 0.748132
INFO:kbc-cli.py:Epoch 21/100	test results	MRR 0.319118	H@1 0.230797	H@3 0.351290	H@5 0.411805	H@10 0.495212	H@20 0.576981	H@50 0.678735	H@100 0.747728
INFO:kbc-cli.py:Epoch 22/100	Loss 7.5124 ± 0.2388
INFO:kbc-cli.py:Epoch 23/100	Loss 7.4946 ± 0.2382
INFO:kbc-cli.py:Epoch 24/100	Loss 7.4781 ± 0.2364
INFO:kbc-cli.py:Epoch 24/100	dev results	MRR 0.324285	H@1 0.237154	H@3 0.354919	H@5 0.414742	H@10 0.500485	H@20 0.583091	H@50 0.681979	H@100 0.746707
INFO:kbc-cli.py:Epoch 24/100	test results	MRR 0.319939	H@1 0.232752	H@3 0.349849	H@5 0.411438	H@10 0.495309	H@20 0.577103	H@50 0.677880	H@100 0.747288
INFO:kbc-cli.py:Epoch 25/100	Loss 7.4622 ± 0.2373
INFO:kbc-cli.py:Epoch 26/100	Loss 7.4476 ± 0.2298
INFO:kbc-cli.py:Epoch 27/100	Loss 7.4338 ± 0.2344
INFO:kbc-cli.py:Epoch 27/100	dev results	MRR 0.325197	H@1 0.238494	H@3 0.354890	H@5 0.414885	H@10 0.500513	H@20 0.584117	H@50 0.682121	H@100 0.746507
INFO:kbc-cli.py:Epoch 27/100	test results	MRR 0.320003	H@1 0.232312	H@3 0.352218	H@5 0.412074	H@10 0.495089	H@20 0.577714	H@50 0.677661	H@100 0.747704
INFO:kbc-cli.py:Epoch 28/100	Loss 7.4205 ± 0.2309
INFO:kbc-cli.py:Epoch 29/100	Loss 7.4078 ± 0.2259
INFO:kbc-cli.py:Epoch 30/100	Loss 7.3956 ± 0.2326
INFO:kbc-cli.py:Epoch 30/100	dev results	MRR 0.324209	H@1 0.237553	H@3 0.353949	H@5 0.414656	H@10 0.499772	H@20 0.582093	H@50 0.680696	H@100 0.746022
INFO:kbc-cli.py:Epoch 30/100	test results	MRR 0.319724	H@1 0.232434	H@3 0.350044	H@5 0.412342	H@10 0.494967	H@20 0.576419	H@50 0.676439	H@100 0.746506
INFO:kbc-cli.py:Epoch 31/100	Loss 7.3839 ± 0.2292
INFO:kbc-cli.py:Epoch 32/100	Loss 7.3727 ± 0.2288
INFO:kbc-cli.py:Epoch 33/100	Loss 7.3619 ± 0.2244
INFO:kbc-cli.py:Epoch 33/100	dev results	MRR 0.324276	H@1 0.237069	H@3 0.355575	H@5 0.414086	H@10 0.500200	H@20 0.581494	H@50 0.681437	H@100 0.745823
INFO:kbc-cli.py:Epoch 33/100	test results	MRR 0.319699	H@1 0.232312	H@3 0.350093	H@5 0.411609	H@10 0.494870	H@20 0.575638	H@50 0.676610	H@100 0.746335
INFO:kbc-cli.py:Epoch 34/100	Loss 7.3517 ± 0.2262
INFO:kbc-cli.py:Epoch 35/100	Loss 7.3419 ± 0.2301
INFO:kbc-cli.py:Epoch 36/100	Loss 7.3323 ± 0.2242
INFO:kbc-cli.py:Epoch 36/100	dev results	MRR 0.323722	H@1 0.236470	H@3 0.354748	H@5 0.414086	H@10 0.501796	H@20 0.580838	H@50 0.680297	H@100 0.745480
INFO:kbc-cli.py:Epoch 36/100	test results	MRR 0.319365	H@1 0.231995	H@3 0.349751	H@5 0.411390	H@10 0.495627	H@20 0.575369	H@50 0.676170	H@100 0.745651
INFO:kbc-cli.py:Epoch 37/100	Loss 7.3232 ± 0.2235
INFO:kbc-cli.py:Epoch 38/100	Loss 7.3144 ± 0.2269
INFO:kbc-cli.py:Epoch 39/100	Loss 7.3058 ± 0.2265
INFO:kbc-cli.py:Epoch 39/100	dev results	MRR 0.324089	H@1 0.236869	H@3 0.355033	H@5 0.414913	H@10 0.500171	H@20 0.580553	H@50 0.679983	H@100 0.744568
INFO:kbc-cli.py:Epoch 39/100	test results	MRR 0.319649	H@1 0.232410	H@3 0.350630	H@5 0.412123	H@10 0.494772	H@20 0.575027	H@50 0.675901	H@100 0.744943
INFO:kbc-cli.py:Epoch 40/100	Loss 7.2972 ± 0.2245
INFO:kbc-cli.py:Epoch 41/100	Loss 7.2895 ± 0.2207
INFO:kbc-cli.py:Epoch 42/100	Loss 7.2813 ± 0.2239
INFO:kbc-cli.py:Epoch 42/100	dev results	MRR 0.325131	H@1 0.238808	H@3 0.354976	H@5 0.415027	H@10 0.501369	H@20 0.580667	H@50 0.680125	H@100 0.745195
INFO:kbc-cli.py:Epoch 42/100	test results	MRR 0.319394	H@1 0.231921	H@3 0.350239	H@5 0.411829	H@10 0.495285	H@20 0.574416	H@50 0.675657	H@100 0.744992
INFO:kbc-cli.py:Epoch 43/100	Loss 7.2741 ± 0.2235
INFO:kbc-cli.py:Epoch 44/100	Loss 7.2666 ± 0.2227
INFO:kbc-cli.py:Epoch 45/100	Loss 7.2597 ± 0.2234
INFO:kbc-cli.py:Epoch 45/100	dev results	MRR 0.323920	H@1 0.237012	H@3 0.354035	H@5 0.414913	H@10 0.500884	H@20 0.579869	H@50 0.679299	H@100 0.745053
INFO:kbc-cli.py:Epoch 45/100	test results	MRR 0.319536	H@1 0.232312	H@3 0.350117	H@5 0.411243	H@10 0.495016	H@20 0.574783	H@50 0.675291	H@100 0.744137
INFO:kbc-cli.py:Epoch 46/100	Loss 7.2525 ± 0.2255
INFO:kbc-cli.py:Epoch 47/100	Loss 7.2460 ± 0.2209
INFO:kbc-cli.py:Epoch 48/100	Loss 7.2395 ± 0.2218
INFO:kbc-cli.py:Epoch 48/100	dev results	MRR 0.323925	H@1 0.236841	H@3 0.353949	H@5 0.414628	H@10 0.499458	H@20 0.579869	H@50 0.679213	H@100 0.744711
INFO:kbc-cli.py:Epoch 48/100	test results	MRR 0.319072	H@1 0.231799	H@3 0.350191	H@5 0.410852	H@10 0.494381	H@20 0.574856	H@50 0.674656	H@100 0.743868
INFO:kbc-cli.py:Epoch 49/100	Loss 7.2329 ± 0.2220
INFO:kbc-cli.py:Epoch 50/100	Loss 7.2269 ± 0.2193
INFO:kbc-cli.py:Epoch 51/100	Loss 7.2206 ± 0.2181
INFO:kbc-cli.py:Epoch 51/100	dev results	MRR 0.323699	H@1 0.236527	H@3 0.354377	H@5 0.415369	H@10 0.500143	H@20 0.580097	H@50 0.678529	H@100 0.744654
INFO:kbc-cli.py:Epoch 51/100	test results	MRR 0.319250	H@1 0.231775	H@3 0.350533	H@5 0.411096	H@10 0.494528	H@20 0.574587	H@50 0.674142	H@100 0.743941
INFO:kbc-cli.py:Epoch 52/100	Loss 7.2150 ± 0.2224
INFO:kbc-cli.py:Epoch 53/100	Loss 7.2091 ± 0.2212
INFO:kbc-cli.py:Epoch 54/100	Loss 7.2034 ± 0.2252
INFO:kbc-cli.py:Epoch 54/100	dev results	MRR 0.323562	H@1 0.236242	H@3 0.354006	H@5 0.415369	H@10 0.499401	H@20 0.579242	H@50 0.678671	H@100 0.743912
INFO:kbc-cli.py:Epoch 54/100	test results	MRR 0.319065	H@1 0.231775	H@3 0.350508	H@5 0.410681	H@10 0.494992	H@20 0.575344	H@50 0.674265	H@100 0.743770
INFO:kbc-cli.py:Epoch 55/100	Loss 7.1977 ± 0.2140
INFO:kbc-cli.py:Epoch 56/100	Loss 7.1927 ± 0.2180
INFO:kbc-cli.py:Epoch 57/100	Loss 7.1876 ± 0.2187
INFO:kbc-cli.py:Epoch 57/100	dev results	MRR 0.323107	H@1 0.235843	H@3 0.353778	H@5 0.414742	H@10 0.499401	H@20 0.578614	H@50 0.677958	H@100 0.744055
INFO:kbc-cli.py:Epoch 57/100	test results	MRR 0.318819	H@1 0.231604	H@3 0.349360	H@5 0.411170	H@10 0.494576	H@20 0.574245	H@50 0.673507	H@100 0.743599
INFO:kbc-cli.py:Epoch 58/100	Loss 7.1823 ± 0.2194
INFO:kbc-cli.py:Epoch 59/100	Loss 7.1771 ± 0.2148
INFO:kbc-cli.py:Epoch 60/100	Loss 7.1726 ± 0.2191
INFO:kbc-cli.py:Epoch 60/100	dev results	MRR 0.324160	H@1 0.237183	H@3 0.354634	H@5 0.415398	H@10 0.498973	H@20 0.578044	H@50 0.678101	H@100 0.743998
INFO:kbc-cli.py:Epoch 60/100	test results	MRR 0.319285	H@1 0.231775	H@3 0.350777	H@5 0.411170	H@10 0.494405	H@20 0.573756	H@50 0.673336	H@100 0.743575
INFO:kbc-cli.py:Epoch 61/100	Loss 7.1674 ± 0.2155
INFO:kbc-cli.py:Epoch 62/100	Loss 7.1628 ± 0.2176
INFO:kbc-cli.py:Epoch 63/100	Loss 7.1582 ± 0.2135
INFO:kbc-cli.py:Epoch 63/100	dev results	MRR 0.323256	H@1 0.236327	H@3 0.353493	H@5 0.415654	H@10 0.498375	H@20 0.578842	H@50 0.677388	H@100 0.743770
INFO:kbc-cli.py:Epoch 63/100	test results	MRR 0.318600	H@1 0.230944	H@3 0.350093	H@5 0.411512	H@10 0.494479	H@20 0.574294	H@50 0.673263	H@100 0.743037
INFO:kbc-cli.py:Epoch 64/100	Loss 7.1537 ± 0.2178
INFO:kbc-cli.py:Epoch 65/100	Loss 7.1493 ± 0.2151
INFO:kbc-cli.py:Epoch 66/100	Loss 7.1452 ± 0.2139
INFO:kbc-cli.py:Epoch 66/100	dev results	MRR 0.323048	H@1 0.235757	H@3 0.353864	H@5 0.415312	H@10 0.498603	H@20 0.578557	H@50 0.677702	H@100 0.743342
INFO:kbc-cli.py:Epoch 66/100	test results	MRR 0.318727	H@1 0.231139	H@3 0.350386	H@5 0.410364	H@10 0.494063	H@20 0.574318	H@50 0.673214	H@100 0.743062
INFO:kbc-cli.py:Epoch 67/100	Loss 7.1406 ± 0.2147
INFO:kbc-cli.py:Epoch 68/100	Loss 7.1363 ± 0.2195
INFO:kbc-cli.py:Epoch 69/100	Loss 7.1321 ± 0.2184
INFO:kbc-cli.py:Epoch 69/100	dev results	MRR 0.323140	H@1 0.236156	H@3 0.353864	H@5 0.414457	H@10 0.498745	H@20 0.578757	H@50 0.677673	H@100 0.742886
INFO:kbc-cli.py:Epoch 69/100	test results	MRR 0.318523	H@1 0.230920	H@3 0.348993	H@5 0.410583	H@10 0.493990	H@20 0.574294	H@50 0.673410	H@100 0.742964
INFO:kbc-cli.py:Epoch 70/100	Loss 7.1281 ± 0.2180
INFO:kbc-cli.py:Epoch 71/100	Loss 7.1240 ± 0.2158
INFO:kbc-cli.py:Epoch 72/100	Loss 7.1200 ± 0.2143
INFO:kbc-cli.py:Epoch 72/100	dev results	MRR 0.323017	H@1 0.235814	H@3 0.353892	H@5 0.414885	H@10 0.498232	H@20 0.577702	H@50 0.676989	H@100 0.742486
INFO:kbc-cli.py:Epoch 72/100	test results	MRR 0.318760	H@1 0.231115	H@3 0.350093	H@5 0.411023	H@10 0.494210	H@20 0.574245	H@50 0.673752	H@100 0.742036
INFO:kbc-cli.py:Epoch 73/100	Loss 7.1167 ± 0.2169
INFO:kbc-cli.py:Epoch 74/100	Loss 7.1124 ± 0.2195
INFO:kbc-cli.py:Epoch 75/100	Loss 7.1090 ± 0.2199
INFO:kbc-cli.py:Epoch 75/100	dev results	MRR 0.322760	H@1 0.235729	H@3 0.353721	H@5 0.414115	H@10 0.497234	H@20 0.578044	H@50 0.676960	H@100 0.742458
INFO:kbc-cli.py:Epoch 75/100	test results	MRR 0.318591	H@1 0.231335	H@3 0.349849	H@5 0.410046	H@10 0.493355	H@20 0.573708	H@50 0.672408	H@100 0.742207
INFO:kbc-cli.py:Epoch 76/100	Loss 7.1051 ± 0.2180
INFO:kbc-cli.py:Epoch 77/100	Loss 7.1017 ± 0.2148
INFO:kbc-cli.py:Epoch 78/100	Loss 7.0979 ± 0.2163
INFO:kbc-cli.py:Epoch 78/100	dev results	MRR 0.321935	H@1 0.235016	H@3 0.352466	H@5 0.413259	H@10 0.497605	H@20 0.577559	H@50 0.676476	H@100 0.742772
INFO:kbc-cli.py:Epoch 78/100	test results	MRR 0.318109	H@1 0.230920	H@3 0.348993	H@5 0.410412	H@10 0.493721	H@20 0.573805	H@50 0.672677	H@100 0.742304
INFO:kbc-cli.py:Epoch 79/100	Loss 7.0947 ± 0.2166
INFO:kbc-cli.py:Epoch 80/100	Loss 7.0916 ± 0.2137
INFO:kbc-cli.py:Epoch 81/100	Loss 7.0881 ± 0.2130
INFO:kbc-cli.py:Epoch 81/100	dev results	MRR 0.322330	H@1 0.235329	H@3 0.352267	H@5 0.413744	H@10 0.497291	H@20 0.578329	H@50 0.675905	H@100 0.742429
INFO:kbc-cli.py:Epoch 81/100	test results	MRR 0.318203	H@1 0.230846	H@3 0.349018	H@5 0.410657	H@10 0.494552	H@20 0.573879	H@50 0.671944	H@100 0.741962
INFO:kbc-cli.py:Epoch 82/100	Loss 7.0844 ± 0.2149
INFO:kbc-cli.py:Epoch 83/100	Loss 7.0810 ± 0.2152
INFO:kbc-cli.py:Epoch 84/100	Loss 7.0782 ± 0.2148
INFO:kbc-cli.py:Epoch 84/100	dev results	MRR 0.322464	H@1 0.235443	H@3 0.352581	H@5 0.414200	H@10 0.497662	H@20 0.577502	H@50 0.675763	H@100 0.742401
INFO:kbc-cli.py:Epoch 84/100	test results	MRR 0.318233	H@1 0.230700	H@3 0.350093	H@5 0.410999	H@10 0.493892	H@20 0.573463	H@50 0.672506	H@100 0.741669
INFO:kbc-cli.py:Epoch 85/100	Loss 7.0750 ± 0.2143
INFO:kbc-cli.py:Epoch 86/100	Loss 7.0719 ± 0.2125
INFO:kbc-cli.py:Epoch 87/100	Loss 7.0689 ± 0.2115
INFO:kbc-cli.py:Epoch 87/100	dev results	MRR 0.322514	H@1 0.235500	H@3 0.353778	H@5 0.413972	H@10 0.498061	H@20 0.577531	H@50 0.675848	H@100 0.741774
INFO:kbc-cli.py:Epoch 87/100	test results	MRR 0.318140	H@1 0.230626	H@3 0.349506	H@5 0.410681	H@10 0.493746	H@20 0.573732	H@50 0.672090	H@100 0.741229
INFO:kbc-cli.py:Epoch 88/100	Loss 7.0658 ± 0.2136
INFO:kbc-cli.py:Epoch 89/100	Loss 7.0627 ± 0.2149
INFO:kbc-cli.py:Epoch 90/100	Loss 7.0598 ± 0.2116
INFO:kbc-cli.py:Epoch 90/100	dev results	MRR 0.322256	H@1 0.235073	H@3 0.352980	H@5 0.414001	H@10 0.497149	H@20 0.576846	H@50 0.675620	H@100 0.741545
INFO:kbc-cli.py:Epoch 90/100	test results	MRR 0.318185	H@1 0.230700	H@3 0.350068	H@5 0.410877	H@10 0.493208	H@20 0.573488	H@50 0.671504	H@100 0.741254
INFO:kbc-cli.py:Epoch 91/100	Loss 7.0568 ± 0.2152
INFO:kbc-cli.py:Epoch 92/100	Loss 7.0538 ± 0.2119
INFO:kbc-cli.py:Epoch 93/100	Loss 7.0511 ± 0.2152
INFO:kbc-cli.py:Epoch 93/100	dev results	MRR 0.322266	H@1 0.235358	H@3 0.352581	H@5 0.413972	H@10 0.497405	H@20 0.577360	H@50 0.675763	H@100 0.741545
INFO:kbc-cli.py:Epoch 93/100	test results	MRR 0.318211	H@1 0.230871	H@3 0.350093	H@5 0.410412	H@10 0.493721	H@20 0.573390	H@50 0.671675	H@100 0.741376
INFO:kbc-cli.py:Epoch 94/100	Loss 7.0482 ± 0.2103
INFO:kbc-cli.py:Epoch 95/100	Loss 7.0454 ± 0.2119
INFO:kbc-cli.py:Epoch 96/100	Loss 7.0426 ± 0.2148
INFO:kbc-cli.py:Epoch 96/100	dev results	MRR 0.322428	H@1 0.235386	H@3 0.353493	H@5 0.413944	H@10 0.497263	H@20 0.576846	H@50 0.675563	H@100 0.741232
INFO:kbc-cli.py:Epoch 96/100	test results	MRR 0.317943	H@1 0.230358	H@3 0.350093	H@5 0.410364	H@10 0.492940	H@20 0.573024	H@50 0.671480	H@100 0.740985
INFO:kbc-cli.py:Epoch 97/100	Loss 7.0400 ± 0.2135
INFO:kbc-cli.py:Epoch 98/100	Loss 7.0374 ± 0.2096
INFO:kbc-cli.py:Epoch 99/100	Loss 7.0350 ± 0.2104
INFO:kbc-cli.py:Epoch 99/100	dev results	MRR 0.322139	H@1 0.234987	H@3 0.352780	H@5 0.414029	H@10 0.497263	H@20 0.576219	H@50 0.674850	H@100 0.741203
INFO:kbc-cli.py:Epoch 99/100	test results	MRR 0.317222	H@1 0.229209	H@3 0.349946	H@5 0.410315	H@10 0.492988	H@20 0.572999	H@50 0.671431	H@100 0.740838
INFO:kbc-cli.py:Epoch 100/100	Loss 7.0323 ± 0.2095
INFO:kbc-cli.py:Final 	dev results	MRR 0.322500	H@1 0.235757	H@3 0.353094	H@5 0.414029	H@10 0.496379	H@20 0.576903	H@50 0.674822	H@100 0.741146
INFO:kbc-cli.py:Final 	test results	MRR 0.317696	H@1 0.230162	H@3 0.349824	H@5 0.410046	H@10 0.492695	H@20 0.573610	H@50 0.671431	H@100 0.740790
INFO:kbc-cli.py:Training finished
