./bin/kbc-cli.py --train data/fb15k-237/train.tsv --dev data/fb15k-237/dev.tsv --test data/fb15k-237/test.tsv -m complex -k 1000 -b 500 -e 100 --F2 0 --N3 0.005 -l 0.1 -I standard -V 3 -o adagrad -c spo -q
{'F2': 0.0,
 'N3': 0.005,
 'batch_size': 500,
 'corruption': 'spo',
 'dev': 'data/fb15k-237/dev.tsv',
 'embedding_size': 1000,
 'epochs': 100,
 'eval_batch_size': None,
 'input_type': 'standard',
 'learning_rate': 0.1,
 'load': None,
 'model': 'complex',
 'optimizer': 'adagrad',
 'quiet': True,
 'save': None,
 'seed': 0,
 'test': 'data/fb15k-237/test.tsv',
 'test_i': None,
 'test_ii': None,
 'train': 'data/fb15k-237/train.tsv',
 'validate_every': 3}
INFO:kbc-cli.py:Device: cuda
INFO:kbc-cli.py:Model state:
INFO:kbc-cli.py:	entities.weight	torch.Size([14541, 2000])
INFO:kbc-cli.py:	predicates.weight	torch.Size([237, 2000])
INFO:kbc-cli.py:Epoch 1/100	Loss 13.3852 ± 2.7919
INFO:kbc-cli.py:Epoch 2/100	Loss 8.4309 ± 0.1945
INFO:kbc-cli.py:Epoch 3/100	Loss 7.6121 ± 0.2888
INFO:kbc-cli.py:Epoch 3/100	dev results	MRR 0.321203	H@1 0.233504	H@3 0.351240	H@5 0.413972	H@10 0.496578	H@20 0.580325	H@50 0.682378	H@100 0.755289
INFO:kbc-cli.py:Epoch 3/100	test results	MRR 0.313919	H@1 0.225154	H@3 0.344865	H@5 0.408214	H@10 0.491742	H@20 0.575955	H@50 0.679346	H@100 0.751295
INFO:kbc-cli.py:Epoch 4/100	Loss 7.2822 ± 0.2968
INFO:kbc-cli.py:Epoch 5/100	Loss 7.0917 ± 0.2973
INFO:kbc-cli.py:Epoch 6/100	Loss 6.9618 ± 0.2847
INFO:kbc-cli.py:Epoch 6/100	dev results	MRR 0.334313	H@1 0.243969	H@3 0.367807	H@5 0.428600	H@10 0.514115	H@20 0.598033	H@50 0.697263	H@100 0.767921
INFO:kbc-cli.py:Epoch 6/100	test results	MRR 0.328613	H@1 0.237662	H@3 0.363114	H@5 0.425804	H@10 0.509626	H@20 0.592959	H@50 0.695984	H@100 0.765733
INFO:kbc-cli.py:Epoch 7/100	Loss 6.8688 ± 0.2756
INFO:kbc-cli.py:Epoch 8/100	Loss 6.7948 ± 0.2714
INFO:kbc-cli.py:Epoch 9/100	Loss 6.7358 ± 0.2697
INFO:kbc-cli.py:Epoch 9/100	dev results	MRR 0.340247	H@1 0.250385	H@3 0.372569	H@5 0.436071	H@10 0.520017	H@20 0.602851	H@50 0.702452	H@100 0.771029
INFO:kbc-cli.py:Epoch 9/100	test results	MRR 0.336023	H@1 0.246677	H@3 0.367512	H@5 0.430739	H@10 0.515514	H@20 0.599018	H@50 0.700919	H@100 0.769716
INFO:kbc-cli.py:Epoch 10/100	Loss 6.6856 ± 0.2564
INFO:kbc-cli.py:Epoch 11/100	Loss 6.6432 ± 0.2599
INFO:kbc-cli.py:Epoch 12/100	Loss 6.6078 ± 0.2608
INFO:kbc-cli.py:Epoch 12/100	dev results	MRR 0.343360	H@1 0.252780	H@3 0.377502	H@5 0.440205	H@10 0.524237	H@20 0.607129	H@50 0.705902	H@100 0.774679
INFO:kbc-cli.py:Epoch 12/100	test results	MRR 0.337382	H@1 0.246458	H@3 0.370688	H@5 0.435698	H@10 0.519764	H@20 0.601876	H@50 0.703899	H@100 0.772110
INFO:kbc-cli.py:Epoch 13/100	Loss 6.5757 ± 0.2464
INFO:kbc-cli.py:Epoch 14/100	Loss 6.5475 ± 0.2514
INFO:kbc-cli.py:Epoch 15/100	Loss 6.5217 ± 0.2414
INFO:kbc-cli.py:Epoch 15/100	dev results	MRR 0.345557	H@1 0.254748	H@3 0.380011	H@5 0.441831	H@10 0.527802	H@20 0.610950	H@50 0.706530	H@100 0.775164
INFO:kbc-cli.py:Epoch 15/100	test results	MRR 0.340329	H@1 0.249853	H@3 0.372813	H@5 0.438361	H@10 0.523820	H@20 0.605248	H@50 0.706147	H@100 0.771817
INFO:kbc-cli.py:Epoch 16/100	Loss 6.4992 ± 0.2368
INFO:kbc-cli.py:Epoch 17/100	Loss 6.4790 ± 0.2366
INFO:kbc-cli.py:Epoch 18/100	Loss 6.4600 ± 0.2347
INFO:kbc-cli.py:Epoch 18/100	dev results	MRR 0.347897	H@1 0.256344	H@3 0.382578	H@5 0.445281	H@10 0.529056	H@20 0.612432	H@50 0.708839	H@100 0.777074
INFO:kbc-cli.py:Epoch 18/100	test results	MRR 0.341282	H@1 0.249853	H@3 0.374572	H@5 0.439143	H@10 0.524211	H@20 0.605663	H@50 0.706855	H@100 0.774528
INFO:kbc-cli.py:Epoch 19/100	Loss 6.4427 ± 0.2259
INFO:kbc-cli.py:Epoch 20/100	Loss 6.4271 ± 0.2247
INFO:kbc-cli.py:Epoch 21/100	Loss 6.4124 ± 0.2135
INFO:kbc-cli.py:Epoch 21/100	dev results	MRR 0.349319	H@1 0.258968	H@3 0.383775	H@5 0.444739	H@10 0.530567	H@20 0.614400	H@50 0.709495	H@100 0.777160
INFO:kbc-cli.py:Epoch 21/100	test results	MRR 0.343126	H@1 0.252443	H@3 0.376454	H@5 0.440560	H@10 0.524871	H@20 0.607862	H@50 0.707466	H@100 0.774993
INFO:kbc-cli.py:Epoch 22/100	Loss 6.3991 ± 0.2172
INFO:kbc-cli.py:Epoch 23/100	Loss 6.3857 ± 0.2193
INFO:kbc-cli.py:Epoch 24/100	Loss 6.3743 ± 0.2128
INFO:kbc-cli.py:Epoch 24/100	dev results	MRR 0.349670	H@1 0.258512	H@3 0.384773	H@5 0.446364	H@10 0.531565	H@20 0.615997	H@50 0.710436	H@100 0.776875
INFO:kbc-cli.py:Epoch 24/100	test results	MRR 0.344538	H@1 0.254153	H@3 0.377602	H@5 0.442783	H@10 0.527362	H@20 0.610280	H@50 0.707148	H@100 0.774455
INFO:kbc-cli.py:Epoch 25/100	Loss 6.3622 ± 0.2135
INFO:kbc-cli.py:Epoch 26/100	Loss 6.3513 ± 0.2103
INFO:kbc-cli.py:Epoch 27/100	Loss 6.3418 ± 0.2072
INFO:kbc-cli.py:Epoch 27/100	dev results	MRR 0.350595	H@1 0.258597	H@3 0.386427	H@5 0.447961	H@10 0.532421	H@20 0.616938	H@50 0.711948	H@100 0.778928
INFO:kbc-cli.py:Epoch 27/100	test results	MRR 0.345270	H@1 0.254129	H@3 0.380118	H@5 0.444225	H@10 0.526581	H@20 0.608399	H@50 0.708223	H@100 0.776459
INFO:kbc-cli.py:Epoch 28/100	Loss 6.3327 ± 0.2030
INFO:kbc-cli.py:Epoch 29/100	Loss 6.3234 ± 0.2002
INFO:kbc-cli.py:Epoch 30/100	Loss 6.3150 ± 0.2003
INFO:kbc-cli.py:Epoch 30/100	dev results	MRR 0.350496	H@1 0.258226	H@3 0.386855	H@5 0.448161	H@10 0.533761	H@20 0.616168	H@50 0.711577	H@100 0.777730
INFO:kbc-cli.py:Epoch 30/100	test results	MRR 0.345206	H@1 0.253836	H@3 0.380021	H@5 0.443980	H@10 0.527485	H@20 0.608717	H@50 0.709127	H@100 0.775677
INFO:kbc-cli.py:Epoch 31/100	Loss 6.3067 ± 0.1974
INFO:kbc-cli.py:Epoch 32/100	Loss 6.2987 ± 0.2022
INFO:kbc-cli.py:Epoch 33/100	Loss 6.2915 ± 0.1916
INFO:kbc-cli.py:Epoch 33/100	dev results	MRR 0.352239	H@1 0.260850	H@3 0.388052	H@5 0.449501	H@10 0.533875	H@20 0.616424	H@50 0.711520	H@100 0.778785
INFO:kbc-cli.py:Epoch 33/100	test results	MRR 0.346100	H@1 0.254422	H@3 0.381413	H@5 0.445202	H@10 0.528975	H@20 0.610427	H@50 0.708932	H@100 0.777411
INFO:kbc-cli.py:Epoch 34/100	Loss 6.2842 ± 0.1922
INFO:kbc-cli.py:Epoch 35/100	Loss 6.2776 ± 0.1973
INFO:kbc-cli.py:Epoch 36/100	Loss 6.2711 ± 0.1840
INFO:kbc-cli.py:Epoch 36/100	dev results	MRR 0.351937	H@1 0.260336	H@3 0.386769	H@5 0.448646	H@10 0.534731	H@20 0.617993	H@50 0.712375	H@100 0.778814
INFO:kbc-cli.py:Epoch 36/100	test results	MRR 0.346925	H@1 0.255863	H@3 0.380680	H@5 0.444689	H@10 0.529415	H@20 0.610940	H@50 0.709909	H@100 0.776825
INFO:kbc-cli.py:Epoch 37/100	Loss 6.2648 ± 0.1848
INFO:kbc-cli.py:Epoch 38/100	Loss 6.2592 ± 0.1941
INFO:kbc-cli.py:Epoch 39/100	Loss 6.2531 ± 0.1819
INFO:kbc-cli.py:Epoch 39/100	dev results	MRR 0.352986	H@1 0.261762	H@3 0.387482	H@5 0.450470	H@10 0.535130	H@20 0.617508	H@50 0.712603	H@100 0.778899
INFO:kbc-cli.py:Epoch 39/100	test results	MRR 0.347643	H@1 0.256963	H@3 0.380631	H@5 0.445568	H@10 0.529488	H@20 0.610622	H@50 0.709860	H@100 0.777289
INFO:kbc-cli.py:Epoch 40/100	Loss 6.2476 ± 0.1870
INFO:kbc-cli.py:Epoch 41/100	Loss 6.2418 ± 0.1855
INFO:kbc-cli.py:Epoch 42/100	Loss 6.2367 ± 0.1813
INFO:kbc-cli.py:Epoch 42/100	dev results	MRR 0.354186	H@1 0.262931	H@3 0.388537	H@5 0.450613	H@10 0.535472	H@20 0.618392	H@50 0.713345	H@100 0.779470
INFO:kbc-cli.py:Epoch 42/100	test results	MRR 0.348295	H@1 0.257745	H@3 0.382635	H@5 0.445055	H@10 0.529806	H@20 0.612357	H@50 0.709714	H@100 0.777020
INFO:kbc-cli.py:Epoch 43/100	Loss 6.2316 ± 0.1809
INFO:kbc-cli.py:Epoch 44/100	Loss 6.2267 ± 0.1802
INFO:kbc-cli.py:Epoch 45/100	Loss 6.2226 ± 0.1840
INFO:kbc-cli.py:Epoch 45/100	dev results	MRR 0.353521	H@1 0.262076	H@3 0.387226	H@5 0.450442	H@10 0.536185	H@20 0.617993	H@50 0.712432	H@100 0.778557
INFO:kbc-cli.py:Epoch 45/100	test results	MRR 0.347216	H@1 0.255741	H@3 0.380631	H@5 0.445886	H@10 0.530148	H@20 0.611502	H@50 0.709763	H@100 0.777094
INFO:kbc-cli.py:Epoch 46/100	Loss 6.2176 ± 0.1812
INFO:kbc-cli.py:Epoch 47/100	Loss 6.2132 ± 0.1812
INFO:kbc-cli.py:Epoch 48/100	Loss 6.2090 ± 0.1817
INFO:kbc-cli.py:Epoch 48/100	dev results	MRR 0.353472	H@1 0.261506	H@3 0.388224	H@5 0.450984	H@10 0.536413	H@20 0.619219	H@50 0.713402	H@100 0.779641
INFO:kbc-cli.py:Epoch 48/100	test results	MRR 0.347636	H@1 0.256230	H@3 0.381804	H@5 0.445935	H@10 0.530416	H@20 0.612382	H@50 0.710227	H@100 0.777900
INFO:kbc-cli.py:Epoch 49/100	Loss 6.2050 ± 0.1773
INFO:kbc-cli.py:Epoch 50/100	Loss 6.2008 ± 0.1666
INFO:kbc-cli.py:Epoch 51/100	Loss 6.1971 ± 0.1705
INFO:kbc-cli.py:Epoch 51/100	dev results	MRR 0.354189	H@1 0.262275	H@3 0.388452	H@5 0.451155	H@10 0.536071	H@20 0.619190	H@50 0.713117	H@100 0.780439
INFO:kbc-cli.py:Epoch 51/100	test results	MRR 0.347764	H@1 0.256328	H@3 0.381682	H@5 0.446350	H@10 0.530343	H@20 0.611478	H@50 0.710691	H@100 0.778193
INFO:kbc-cli.py:Epoch 52/100	Loss 6.1937 ± 0.1835
INFO:kbc-cli.py:Epoch 53/100	Loss 6.1888 ± 0.1777
INFO:kbc-cli.py:Epoch 54/100	Loss 6.1860 ± 0.1849
INFO:kbc-cli.py:Epoch 54/100	dev results	MRR 0.354774	H@1 0.263273	H@3 0.389193	H@5 0.451982	H@10 0.537810	H@20 0.618306	H@50 0.713516	H@100 0.780097
INFO:kbc-cli.py:Epoch 54/100	test results	MRR 0.348300	H@1 0.257158	H@3 0.382854	H@5 0.446814	H@10 0.530612	H@20 0.611746	H@50 0.710935	H@100 0.778462
INFO:kbc-cli.py:Epoch 55/100	Loss 6.1819 ± 0.1656
INFO:kbc-cli.py:Epoch 56/100	Loss 6.1791 ± 0.1730
INFO:kbc-cli.py:Epoch 57/100	Loss 6.1761 ± 0.1710
INFO:kbc-cli.py:Epoch 57/100	dev results	MRR 0.354888	H@1 0.263644	H@3 0.388366	H@5 0.452210	H@10 0.536356	H@20 0.620017	H@50 0.713402	H@100 0.779926
INFO:kbc-cli.py:Epoch 57/100	test results	MRR 0.348859	H@1 0.257964	H@3 0.382683	H@5 0.447449	H@10 0.530636	H@20 0.611526	H@50 0.710349	H@100 0.777851
INFO:kbc-cli.py:Epoch 58/100	Loss 6.1728 ± 0.1749
INFO:kbc-cli.py:Epoch 59/100	Loss 6.1689 ± 0.1610
INFO:kbc-cli.py:Epoch 60/100	Loss 6.1665 ± 0.1674
INFO:kbc-cli.py:Epoch 60/100	dev results	MRR 0.355700	H@1 0.265070	H@3 0.389393	H@5 0.452210	H@10 0.537782	H@20 0.619504	H@50 0.714200	H@100 0.779869
INFO:kbc-cli.py:Epoch 60/100	test results	MRR 0.348901	H@1 0.258135	H@3 0.382488	H@5 0.446570	H@10 0.531198	H@20 0.612895	H@50 0.711131	H@100 0.777949
INFO:kbc-cli.py:Epoch 61/100	Loss 6.1636 ± 0.1658
INFO:kbc-cli.py:Epoch 62/100	Loss 6.1602 ± 0.1667
INFO:kbc-cli.py:Epoch 63/100	Loss 6.1572 ± 0.1595
INFO:kbc-cli.py:Epoch 63/100	dev results	MRR 0.355060	H@1 0.263559	H@3 0.390476	H@5 0.452295	H@10 0.536727	H@20 0.620160	H@50 0.714314	H@100 0.779698
INFO:kbc-cli.py:Epoch 63/100	test results	MRR 0.349043	H@1 0.257964	H@3 0.383587	H@5 0.446985	H@10 0.531076	H@20 0.612992	H@50 0.711180	H@100 0.778047
INFO:kbc-cli.py:Epoch 64/100	Loss 6.1547 ± 0.1718
INFO:kbc-cli.py:Epoch 65/100	Loss 6.1519 ± 0.1629
INFO:kbc-cli.py:Epoch 66/100	Loss 6.1493 ± 0.1620
INFO:kbc-cli.py:Epoch 66/100	dev results	MRR 0.355575	H@1 0.264443	H@3 0.390277	H@5 0.452723	H@10 0.537582	H@20 0.620987	H@50 0.714058	H@100 0.780325
INFO:kbc-cli.py:Epoch 66/100	test results	MRR 0.349787	H@1 0.259015	H@3 0.383343	H@5 0.447132	H@10 0.531589	H@20 0.612748	H@50 0.711057	H@100 0.779073
INFO:kbc-cli.py:Epoch 67/100	Loss 6.1466 ± 0.1612
INFO:kbc-cli.py:Epoch 68/100	Loss 6.1443 ± 0.1637
INFO:kbc-cli.py:Epoch 69/100	Loss 6.1412 ± 0.1680
INFO:kbc-cli.py:Epoch 69/100	dev results	MRR 0.355577	H@1 0.264214	H@3 0.389820	H@5 0.453265	H@10 0.537553	H@20 0.620302	H@50 0.713944	H@100 0.779897
INFO:kbc-cli.py:Epoch 69/100	test results	MRR 0.349355	H@1 0.258477	H@3 0.383490	H@5 0.447156	H@10 0.531613	H@20 0.613432	H@50 0.710495	H@100 0.778853
INFO:kbc-cli.py:Epoch 70/100	Loss 6.1385 ± 0.1585
INFO:kbc-cli.py:Epoch 71/100	Loss 6.1363 ± 0.1614
INFO:kbc-cli.py:Epoch 72/100	Loss 6.1342 ± 0.1624
INFO:kbc-cli.py:Epoch 72/100	dev results	MRR 0.356025	H@1 0.265355	H@3 0.389820	H@5 0.452238	H@10 0.538409	H@20 0.619960	H@50 0.714001	H@100 0.780268
INFO:kbc-cli.py:Epoch 72/100	test results	MRR 0.349872	H@1 0.259113	H@3 0.383807	H@5 0.447352	H@10 0.531980	H@20 0.613359	H@50 0.711106	H@100 0.778779
INFO:kbc-cli.py:Epoch 73/100	Loss 6.1320 ± 0.1663
INFO:kbc-cli.py:Epoch 74/100	Loss 6.1293 ± 0.1618
INFO:kbc-cli.py:Epoch 75/100	Loss 6.1274 ± 0.1656
INFO:kbc-cli.py:Epoch 75/100	dev results	MRR 0.355961	H@1 0.264728	H@3 0.390847	H@5 0.453265	H@10 0.537953	H@20 0.620787	H@50 0.714514	H@100 0.780439
INFO:kbc-cli.py:Epoch 75/100	test results	MRR 0.350077	H@1 0.259479	H@3 0.383563	H@5 0.447107	H@10 0.532517	H@20 0.612968	H@50 0.711228	H@100 0.778926
INFO:kbc-cli.py:Epoch 76/100	Loss 6.1252 ± 0.1582
INFO:kbc-cli.py:Epoch 77/100	Loss 6.1233 ± 0.1618
INFO:kbc-cli.py:Epoch 78/100	Loss 6.1208 ± 0.1602
INFO:kbc-cli.py:Epoch 78/100	dev results	MRR 0.355315	H@1 0.263958	H@3 0.390106	H@5 0.452352	H@10 0.537012	H@20 0.621357	H@50 0.714856	H@100 0.780182
INFO:kbc-cli.py:Epoch 78/100	test results	MRR 0.349660	H@1 0.258697	H@3 0.383978	H@5 0.447791	H@10 0.532078	H@20 0.613212	H@50 0.711448	H@100 0.778731
INFO:kbc-cli.py:Epoch 79/100	Loss 6.1192 ± 0.1561
INFO:kbc-cli.py:Epoch 80/100	Loss 6.1169 ± 0.1588
INFO:kbc-cli.py:Epoch 81/100	Loss 6.1148 ± 0.1564
INFO:kbc-cli.py:Epoch 81/100	dev results	MRR 0.356121	H@1 0.265070	H@3 0.390305	H@5 0.453322	H@10 0.537354	H@20 0.620331	H@50 0.714457	H@100 0.779897
INFO:kbc-cli.py:Epoch 81/100	test results	MRR 0.349884	H@1 0.258722	H@3 0.383954	H@5 0.448085	H@10 0.532811	H@20 0.613066	H@50 0.711497	H@100 0.778731
INFO:kbc-cli.py:Epoch 82/100	Loss 6.1127 ± 0.1561
INFO:kbc-cli.py:Epoch 83/100	Loss 6.1108 ± 0.1545
INFO:kbc-cli.py:Epoch 84/100	Loss 6.1087 ± 0.1479
INFO:kbc-cli.py:Epoch 84/100	dev results	MRR 0.355732	H@1 0.264357	H@3 0.390932	H@5 0.453693	H@10 0.538723	H@20 0.620388	H@50 0.714685	H@100 0.780468
INFO:kbc-cli.py:Epoch 84/100	test results	MRR 0.350506	H@1 0.259846	H@3 0.385224	H@5 0.447987	H@10 0.532249	H@20 0.613408	H@50 0.711644	H@100 0.779366
INFO:kbc-cli.py:Epoch 85/100	Loss 6.1069 ± 0.1506
INFO:kbc-cli.py:Epoch 86/100	Loss 6.1051 ± 0.1511
INFO:kbc-cli.py:Epoch 87/100	Loss 6.1036 ± 0.1508
INFO:kbc-cli.py:Epoch 87/100	dev results	MRR 0.356916	H@1 0.265954	H@3 0.392130	H@5 0.453693	H@10 0.538409	H@20 0.621101	H@50 0.714856	H@100 0.780553
INFO:kbc-cli.py:Epoch 87/100	test results	MRR 0.350510	H@1 0.259113	H@3 0.385224	H@5 0.449013	H@10 0.532737	H@20 0.613554	H@50 0.711351	H@100 0.779879
INFO:kbc-cli.py:Epoch 88/100	Loss 6.1018 ± 0.1548
INFO:kbc-cli.py:Epoch 89/100	Loss 6.0998 ± 0.1560
INFO:kbc-cli.py:Epoch 90/100	Loss 6.0981 ± 0.1497
INFO:kbc-cli.py:Epoch 90/100	dev results	MRR 0.355765	H@1 0.264300	H@3 0.390505	H@5 0.453151	H@10 0.539721	H@20 0.621015	H@50 0.715170	H@100 0.780610
INFO:kbc-cli.py:Epoch 90/100	test results	MRR 0.350444	H@1 0.259504	H@3 0.384516	H@5 0.448647	H@10 0.533055	H@20 0.613774	H@50 0.712377	H@100 0.779317
INFO:kbc-cli.py:Epoch 91/100	Loss 6.0964 ± 0.1496
INFO:kbc-cli.py:Epoch 92/100	Loss 6.0946 ± 0.1528
INFO:kbc-cli.py:Epoch 93/100	Loss 6.0928 ± 0.1541
INFO:kbc-cli.py:Epoch 93/100	dev results	MRR 0.356622	H@1 0.266153	H@3 0.389136	H@5 0.452923	H@10 0.538608	H@20 0.621500	H@50 0.715113	H@100 0.780297
INFO:kbc-cli.py:Epoch 93/100	test results	MRR 0.351198	H@1 0.260872	H@3 0.384907	H@5 0.448353	H@10 0.533006	H@20 0.613603	H@50 0.711546	H@100 0.779512
INFO:kbc-cli.py:Epoch 94/100	Loss 6.0917 ± 0.1400
INFO:kbc-cli.py:Epoch 95/100	Loss 6.0903 ± 0.1549
INFO:kbc-cli.py:Epoch 96/100	Loss 6.0878 ± 0.1518
INFO:kbc-cli.py:Epoch 96/100	dev results	MRR 0.356320	H@1 0.265155	H@3 0.390248	H@5 0.453208	H@10 0.538323	H@20 0.621044	H@50 0.714799	H@100 0.780268
INFO:kbc-cli.py:Epoch 96/100	test results	MRR 0.350824	H@1 0.259968	H@3 0.384833	H@5 0.448598	H@10 0.533055	H@20 0.613285	H@50 0.711302	H@100 0.780123
INFO:kbc-cli.py:Epoch 97/100	Loss 6.0870 ± 0.1471
INFO:kbc-cli.py:Epoch 98/100	Loss 6.0847 ± 0.1441
INFO:kbc-cli.py:Epoch 99/100	Loss 6.0838 ± 0.1444
INFO:kbc-cli.py:Epoch 99/100	dev results	MRR 0.356463	H@1 0.265469	H@3 0.390790	H@5 0.452951	H@10 0.538580	H@20 0.621101	H@50 0.715398	H@100 0.780496
INFO:kbc-cli.py:Epoch 99/100	test results	MRR 0.350961	H@1 0.260041	H@3 0.385884	H@5 0.448060	H@10 0.533030	H@20 0.614654	H@50 0.712010	H@100 0.778975
INFO:kbc-cli.py:Epoch 100/100	Loss 6.0821 ± 0.1483
INFO:kbc-cli.py:Final 	dev results	MRR 0.356612	H@1 0.265469	H@3 0.391218	H@5 0.453892	H@10 0.538780	H@20 0.621414	H@50 0.715312	H@100 0.780439
INFO:kbc-cli.py:Final 	test results	MRR 0.350697	H@1 0.259528	H@3 0.385591	H@5 0.448671	H@10 0.533446	H@20 0.613921	H@50 0.711839	H@100 0.779415
INFO:kbc-cli.py:Training finished
