./bin/kbc-cli.py --train data/fb15k-237/train.tsv --dev data/fb15k-237/dev.tsv --test data/fb15k-237/test.tsv -m complex -k 200 -b 50 -e 100 --F2 0 --N3 0.005 -l 0.1 -I standard -V 3 -o adagrad -c spo -q
{'F2': 0.0,
 'N3': 0.005,
 'batch_size': 50,
 'corruption': 'spo',
 'dev': 'data/fb15k-237/dev.tsv',
 'embedding_size': 200,
 'epochs': 100,
 'eval_batch_size': None,
 'input_type': 'standard',
 'learning_rate': 0.1,
 'load': None,
 'model': 'complex',
 'optimizer': 'adagrad',
 'quiet': True,
 'save': None,
 'seed': 0,
 'test': 'data/fb15k-237/test.tsv',
 'test_i': None,
 'test_ii': None,
 'train': 'data/fb15k-237/train.tsv',
 'validate_every': 3}
INFO:kbc-cli.py:Device: cuda
INFO:kbc-cli.py:Model state:
INFO:kbc-cli.py:	entities.weight	torch.Size([14541, 400])
INFO:kbc-cli.py:	predicates.weight	torch.Size([237, 400])
INFO:kbc-cli.py:Epoch 1/100	Loss 13.7883 ± 2.4734
INFO:kbc-cli.py:Epoch 2/100	Loss 9.7374 ± 0.3610
INFO:kbc-cli.py:Epoch 3/100	Loss 8.5332 ± 0.3578
INFO:kbc-cli.py:Epoch 3/100	dev results	MRR 0.304711	H@1 0.220074	H@3 0.333419	H@5 0.393242	H@10 0.477188	H@20 0.558911	H@50 0.661477	H@100 0.733162
INFO:kbc-cli.py:Epoch 3/100	test results	MRR 0.299672	H@1 0.214282	H@3 0.327714	H@5 0.390697	H@10 0.472980	H@20 0.554798	H@50 0.658287	H@100 0.732263
INFO:kbc-cli.py:Epoch 4/100	Loss 8.0115 ± 0.3680
INFO:kbc-cli.py:Epoch 5/100	Loss 7.7252 ± 0.3683
INFO:kbc-cli.py:Epoch 6/100	Loss 7.5354 ± 0.3542
INFO:kbc-cli.py:Epoch 6/100	dev results	MRR 0.311204	H@1 0.225207	H@3 0.339721	H@5 0.401397	H@10 0.484802	H@20 0.568263	H@50 0.669604	H@100 0.740547
INFO:kbc-cli.py:Epoch 6/100	test results	MRR 0.307515	H@1 0.221221	H@3 0.336241	H@5 0.399321	H@10 0.481579	H@20 0.564473	H@50 0.667742	H@100 0.737980
INFO:kbc-cli.py:Epoch 7/100	Loss 7.3971 ± 0.3538
INFO:kbc-cli.py:Epoch 8/100	Loss 7.2892 ± 0.3522
INFO:kbc-cli.py:Epoch 9/100	Loss 7.2016 ± 0.3471
INFO:kbc-cli.py:Epoch 9/100	dev results	MRR 0.313584	H@1 0.227916	H@3 0.343399	H@5 0.403849	H@10 0.484802	H@20 0.567351	H@50 0.669974	H@100 0.742315
INFO:kbc-cli.py:Epoch 9/100	test results	MRR 0.309789	H@1 0.223835	H@3 0.338830	H@5 0.400249	H@10 0.480871	H@20 0.564448	H@50 0.669012	H@100 0.736734
INFO:kbc-cli.py:Epoch 10/100	Loss 7.1279 ± 0.3473
INFO:kbc-cli.py:Epoch 11/100	Loss 7.0652 ± 0.3484
INFO:kbc-cli.py:Epoch 12/100	Loss 7.0108 ± 0.3454
INFO:kbc-cli.py:Epoch 12/100	dev results	MRR 0.314199	H@1 0.229484	H@3 0.341631	H@5 0.403422	H@10 0.487197	H@20 0.568834	H@50 0.669889	H@100 0.741089
INFO:kbc-cli.py:Epoch 12/100	test results	MRR 0.309148	H@1 0.223053	H@3 0.335654	H@5 0.400371	H@10 0.484291	H@20 0.565792	H@50 0.669940	H@100 0.737833
INFO:kbc-cli.py:Epoch 13/100	Loss 6.9624 ± 0.3373
INFO:kbc-cli.py:Epoch 14/100	Loss 6.9201 ± 0.3417
INFO:kbc-cli.py:Epoch 15/100	Loss 6.8811 ± 0.3333
INFO:kbc-cli.py:Epoch 15/100	dev results	MRR 0.316281	H@1 0.231737	H@3 0.345053	H@5 0.405133	H@10 0.488708	H@20 0.569347	H@50 0.669119	H@100 0.741004
INFO:kbc-cli.py:Epoch 15/100	test results	MRR 0.310900	H@1 0.224763	H@3 0.339465	H@5 0.402179	H@10 0.484804	H@20 0.568162	H@50 0.668010	H@100 0.737711
INFO:kbc-cli.py:Epoch 16/100	Loss 6.8466 ± 0.3360
INFO:kbc-cli.py:Epoch 17/100	Loss 6.8147 ± 0.3366
INFO:kbc-cli.py:Epoch 18/100	Loss 6.7854 ± 0.3392
INFO:kbc-cli.py:Epoch 18/100	dev results	MRR 0.317822	H@1 0.233105	H@3 0.346707	H@5 0.406188	H@10 0.489877	H@20 0.571058	H@50 0.669718	H@100 0.740662
INFO:kbc-cli.py:Epoch 18/100	test results	MRR 0.312536	H@1 0.227231	H@3 0.340540	H@5 0.401544	H@10 0.485610	H@20 0.568260	H@50 0.667619	H@100 0.737076
INFO:kbc-cli.py:Epoch 19/100	Loss 6.7586 ± 0.3308
INFO:kbc-cli.py:Epoch 20/100	Loss 6.7340 ± 0.3321
INFO:kbc-cli.py:Epoch 21/100	Loss 6.7107 ± 0.3234
INFO:kbc-cli.py:Epoch 21/100	dev results	MRR 0.317506	H@1 0.232649	H@3 0.344939	H@5 0.406786	H@10 0.490676	H@20 0.570345	H@50 0.669290	H@100 0.739778
INFO:kbc-cli.py:Epoch 21/100	test results	MRR 0.312519	H@1 0.227084	H@3 0.340003	H@5 0.402790	H@10 0.486514	H@20 0.568333	H@50 0.668963	H@100 0.735928
INFO:kbc-cli.py:Epoch 22/100	Loss 6.6893 ± 0.3300
INFO:kbc-cli.py:Epoch 23/100	Loss 6.6690 ± 0.3266
INFO:kbc-cli.py:Epoch 24/100	Loss 6.6501 ± 0.3258
INFO:kbc-cli.py:Epoch 24/100	dev results	MRR 0.317873	H@1 0.232392	H@3 0.347391	H@5 0.408554	H@10 0.489564	H@20 0.570801	H@50 0.668663	H@100 0.740490
INFO:kbc-cli.py:Epoch 24/100	test results	MRR 0.314150	H@1 0.229087	H@3 0.342226	H@5 0.403621	H@10 0.487198	H@20 0.568577	H@50 0.667595	H@100 0.736270
INFO:kbc-cli.py:Epoch 25/100	Loss 6.6319 ± 0.3271
INFO:kbc-cli.py:Epoch 26/100	Loss 6.6151 ± 0.3230
INFO:kbc-cli.py:Epoch 27/100	Loss 6.5990 ± 0.3255
INFO:kbc-cli.py:Epoch 27/100	dev results	MRR 0.319343	H@1 0.234759	H@3 0.348589	H@5 0.408868	H@10 0.491617	H@20 0.572084	H@50 0.670117	H@100 0.741403
INFO:kbc-cli.py:Epoch 27/100	test results	MRR 0.313972	H@1 0.228061	H@3 0.343668	H@5 0.404134	H@10 0.487369	H@20 0.568748	H@50 0.668450	H@100 0.736807
INFO:kbc-cli.py:Epoch 28/100	Loss 6.5841 ± 0.3229
INFO:kbc-cli.py:Epoch 29/100	Loss 6.5699 ± 0.3196
INFO:kbc-cli.py:Epoch 30/100	Loss 6.5563 ± 0.3235
INFO:kbc-cli.py:Epoch 30/100	dev results	MRR 0.318970	H@1 0.233618	H@3 0.347819	H@5 0.408554	H@10 0.491531	H@20 0.571742	H@50 0.669974	H@100 0.739949
INFO:kbc-cli.py:Epoch 30/100	test results	MRR 0.314613	H@1 0.228721	H@3 0.342983	H@5 0.404818	H@10 0.488615	H@20 0.569261	H@50 0.667937	H@100 0.736319
INFO:kbc-cli.py:Epoch 31/100	Loss 6.5433 ± 0.3204
INFO:kbc-cli.py:Epoch 32/100	Loss 6.5307 ± 0.3256
INFO:kbc-cli.py:Epoch 33/100	Loss 6.5189 ± 0.3152
INFO:kbc-cli.py:Epoch 33/100	dev results	MRR 0.320268	H@1 0.235729	H@3 0.349758	H@5 0.409723	H@10 0.491417	H@20 0.572940	H@50 0.669433	H@100 0.739920
INFO:kbc-cli.py:Epoch 33/100	test results	MRR 0.314858	H@1 0.229087	H@3 0.344645	H@5 0.404622	H@10 0.488884	H@20 0.568944	H@50 0.668255	H@100 0.736197
INFO:kbc-cli.py:Epoch 34/100	Loss 6.5075 ± 0.3166
INFO:kbc-cli.py:Epoch 35/100	Loss 6.4967 ± 0.3204
INFO:kbc-cli.py:Epoch 36/100	Loss 6.4862 ± 0.3185
INFO:kbc-cli.py:Epoch 36/100	dev results	MRR 0.319413	H@1 0.233875	H@3 0.349558	H@5 0.409353	H@10 0.491873	H@20 0.572227	H@50 0.669461	H@100 0.739749
INFO:kbc-cli.py:Epoch 36/100	test results	MRR 0.314662	H@1 0.229161	H@3 0.343130	H@5 0.404060	H@10 0.489348	H@20 0.569408	H@50 0.668108	H@100 0.736099
INFO:kbc-cli.py:Epoch 37/100	Loss 6.4763 ± 0.3194
INFO:kbc-cli.py:Epoch 38/100	Loss 6.4667 ± 0.3184
INFO:kbc-cli.py:Epoch 39/100	Loss 6.4574 ± 0.3203
INFO:kbc-cli.py:Epoch 39/100	dev results	MRR 0.321216	H@1 0.236356	H@3 0.350528	H@5 0.410265	H@10 0.493128	H@20 0.572655	H@50 0.669319	H@100 0.740148
INFO:kbc-cli.py:Epoch 39/100	test results	MRR 0.315148	H@1 0.228525	H@3 0.346892	H@5 0.404598	H@10 0.489519	H@20 0.570116	H@50 0.668401	H@100 0.736197
INFO:kbc-cli.py:Epoch 40/100	Loss 6.4483 ± 0.3196
INFO:kbc-cli.py:Epoch 41/100	Loss 6.4399 ± 0.3155
INFO:kbc-cli.py:Epoch 42/100	Loss 6.4314 ± 0.3152
INFO:kbc-cli.py:Epoch 42/100	dev results	MRR 0.321616	H@1 0.237211	H@3 0.350214	H@5 0.410522	H@10 0.492159	H@20 0.573425	H@50 0.669632	H@100 0.740148
INFO:kbc-cli.py:Epoch 42/100	test results	MRR 0.316379	H@1 0.231066	H@3 0.345427	H@5 0.405477	H@10 0.489715	H@20 0.569652	H@50 0.667424	H@100 0.736172
INFO:kbc-cli.py:Epoch 43/100	Loss 6.4234 ± 0.3153
INFO:kbc-cli.py:Epoch 44/100	Loss 6.4157 ± 0.3172
INFO:kbc-cli.py:Epoch 45/100	Loss 6.4083 ± 0.3188
INFO:kbc-cli.py:Epoch 45/100	dev results	MRR 0.321187	H@1 0.236185	H@3 0.350699	H@5 0.409923	H@10 0.492643	H@20 0.572512	H@50 0.669147	H@100 0.739607
INFO:kbc-cli.py:Epoch 45/100	test results	MRR 0.315971	H@1 0.230431	H@3 0.345280	H@5 0.406064	H@10 0.489617	H@20 0.568895	H@50 0.667913	H@100 0.736368
INFO:kbc-cli.py:Epoch 46/100	Loss 6.4008 ± 0.3228
INFO:kbc-cli.py:Epoch 47/100	Loss 6.3940 ± 0.3156
INFO:kbc-cli.py:Epoch 48/100	Loss 6.3871 ± 0.3198
INFO:kbc-cli.py:Epoch 48/100	dev results	MRR 0.320822	H@1 0.235672	H@3 0.350385	H@5 0.410522	H@10 0.492843	H@20 0.573567	H@50 0.668748	H@100 0.739835
INFO:kbc-cli.py:Epoch 48/100	test results	MRR 0.316199	H@1 0.230431	H@3 0.346404	H@5 0.404940	H@10 0.490106	H@20 0.569677	H@50 0.667619	H@100 0.735513
INFO:kbc-cli.py:Epoch 49/100	Loss 6.3804 ± 0.3156
INFO:kbc-cli.py:Epoch 50/100	Loss 6.3741 ± 0.3149
INFO:kbc-cli.py:Epoch 51/100	Loss 6.3677 ± 0.3169
INFO:kbc-cli.py:Epoch 51/100	dev results	MRR 0.321400	H@1 0.236413	H@3 0.350841	H@5 0.411833	H@10 0.492814	H@20 0.573082	H@50 0.670003	H@100 0.740091
INFO:kbc-cli.py:Epoch 51/100	test results	MRR 0.316514	H@1 0.230553	H@3 0.346306	H@5 0.407090	H@10 0.489910	H@20 0.569383	H@50 0.667961	H@100 0.736612
INFO:kbc-cli.py:Epoch 52/100	Loss 6.3618 ± 0.3170
INFO:kbc-cli.py:Epoch 53/100	Loss 6.3557 ± 0.3177
INFO:kbc-cli.py:Epoch 54/100	Loss 6.3501 ± 0.3202
INFO:kbc-cli.py:Epoch 54/100	dev results	MRR 0.321749	H@1 0.236641	H@3 0.350984	H@5 0.411292	H@10 0.493042	H@20 0.574194	H@50 0.670088	H@100 0.739664
INFO:kbc-cli.py:Epoch 54/100	test results	MRR 0.316667	H@1 0.231017	H@3 0.347161	H@5 0.406088	H@10 0.489519	H@20 0.569872	H@50 0.668010	H@100 0.736343
INFO:kbc-cli.py:Epoch 55/100	Loss 6.3445 ± 0.3102
INFO:kbc-cli.py:Epoch 56/100	Loss 6.3391 ± 0.3137
INFO:kbc-cli.py:Epoch 57/100	Loss 6.3341 ± 0.3174
INFO:kbc-cli.py:Epoch 57/100	dev results	MRR 0.321815	H@1 0.237468	H@3 0.350499	H@5 0.411320	H@10 0.493356	H@20 0.574023	H@50 0.669518	H@100 0.739492
INFO:kbc-cli.py:Epoch 57/100	test results	MRR 0.316573	H@1 0.230822	H@3 0.346086	H@5 0.406357	H@10 0.490423	H@20 0.569554	H@50 0.667644	H@100 0.736441
INFO:kbc-cli.py:Epoch 58/100	Loss 6.3288 ± 0.3133
INFO:kbc-cli.py:Epoch 59/100	Loss 6.3237 ± 0.3097
INFO:kbc-cli.py:Epoch 60/100	Loss 6.3190 ± 0.3108
INFO:kbc-cli.py:Epoch 60/100	dev results	MRR 0.322354	H@1 0.237069	H@3 0.352295	H@5 0.412546	H@10 0.493328	H@20 0.574109	H@50 0.669917	H@100 0.739492
INFO:kbc-cli.py:Epoch 60/100	test results	MRR 0.317215	H@1 0.231457	H@3 0.347674	H@5 0.406772	H@10 0.489568	H@20 0.569603	H@50 0.668108	H@100 0.736294
INFO:kbc-cli.py:Epoch 61/100	Loss 6.3141 ± 0.3132
INFO:kbc-cli.py:Epoch 62/100	Loss 6.3095 ± 0.3141
INFO:kbc-cli.py:Epoch 63/100	Loss 6.3050 ± 0.3107
INFO:kbc-cli.py:Epoch 63/100	dev results	MRR 0.322089	H@1 0.237211	H@3 0.351411	H@5 0.411520	H@10 0.493442	H@20 0.574052	H@50 0.669775	H@100 0.739065
INFO:kbc-cli.py:Epoch 63/100	test results	MRR 0.316675	H@1 0.230822	H@3 0.347186	H@5 0.406552	H@10 0.489959	H@20 0.569530	H@50 0.668230	H@100 0.735977
INFO:kbc-cli.py:Epoch 64/100	Loss 6.3005 ± 0.3149
INFO:kbc-cli.py:Epoch 65/100	Loss 6.2962 ± 0.3126
INFO:kbc-cli.py:Epoch 66/100	Loss 6.2921 ± 0.3125
INFO:kbc-cli.py:Epoch 66/100	dev results	MRR 0.321850	H@1 0.236612	H@3 0.352210	H@5 0.412147	H@10 0.492472	H@20 0.575307	H@50 0.670060	H@100 0.739093
INFO:kbc-cli.py:Epoch 66/100	test results	MRR 0.317078	H@1 0.231262	H@3 0.347870	H@5 0.407236	H@10 0.491132	H@20 0.569603	H@50 0.667644	H@100 0.736294
INFO:kbc-cli.py:Epoch 67/100	Loss 6.2878 ± 0.3124
INFO:kbc-cli.py:Epoch 68/100	Loss 6.2837 ± 0.3186
INFO:kbc-cli.py:Epoch 69/100	Loss 6.2796 ± 0.3186
INFO:kbc-cli.py:Epoch 69/100	dev results	MRR 0.322554	H@1 0.237696	H@3 0.350870	H@5 0.412090	H@10 0.493869	H@20 0.574052	H@50 0.670374	H@100 0.739378
INFO:kbc-cli.py:Epoch 69/100	test results	MRR 0.316795	H@1 0.230407	H@3 0.347747	H@5 0.407481	H@10 0.490985	H@20 0.569774	H@50 0.667742	H@100 0.735830
INFO:kbc-cli.py:Epoch 70/100	Loss 6.2758 ± 0.3112
INFO:kbc-cli.py:Epoch 71/100	Loss 6.2720 ± 0.3160
INFO:kbc-cli.py:Epoch 72/100	Loss 6.2682 ± 0.3096
INFO:kbc-cli.py:Epoch 72/100	dev results	MRR 0.322929	H@1 0.238295	H@3 0.352295	H@5 0.411919	H@10 0.493584	H@20 0.574879	H@50 0.669490	H@100 0.739692
INFO:kbc-cli.py:Epoch 72/100	test results	MRR 0.317870	H@1 0.231946	H@3 0.348309	H@5 0.407285	H@10 0.491229	H@20 0.569921	H@50 0.667424	H@100 0.736099
INFO:kbc-cli.py:Epoch 73/100	Loss 6.2648 ± 0.3129
INFO:kbc-cli.py:Epoch 74/100	Loss 6.2610 ± 0.3184
INFO:kbc-cli.py:Epoch 75/100	Loss 6.2577 ± 0.3159
INFO:kbc-cli.py:Epoch 75/100	dev results	MRR 0.322694	H@1 0.237553	H@3 0.352723	H@5 0.412090	H@10 0.493869	H@20 0.573995	H@50 0.669803	H@100 0.739065
INFO:kbc-cli.py:Epoch 75/100	test results	MRR 0.317722	H@1 0.232166	H@3 0.347943	H@5 0.407310	H@10 0.490423	H@20 0.569506	H@50 0.667619	H@100 0.736074
INFO:kbc-cli.py:Epoch 76/100	Loss 6.2542 ± 0.3135
INFO:kbc-cli.py:Epoch 77/100	Loss 6.2509 ± 0.3145
INFO:kbc-cli.py:Epoch 78/100	Loss 6.2474 ± 0.3142
INFO:kbc-cli.py:Epoch 78/100	dev results	MRR 0.322555	H@1 0.238010	H@3 0.352010	H@5 0.411605	H@10 0.493442	H@20 0.574451	H@50 0.670174	H@100 0.739664
INFO:kbc-cli.py:Epoch 78/100	test results	MRR 0.317348	H@1 0.231604	H@3 0.348138	H@5 0.406626	H@10 0.491083	H@20 0.569945	H@50 0.667864	H@100 0.735366
INFO:kbc-cli.py:Epoch 79/100	Loss 6.2444 ± 0.3145
INFO:kbc-cli.py:Epoch 80/100	Loss 6.2413 ± 0.3132
INFO:kbc-cli.py:Epoch 81/100	Loss 6.2382 ± 0.3109
INFO:kbc-cli.py:Epoch 81/100	dev results	MRR 0.323121	H@1 0.238551	H@3 0.352695	H@5 0.411719	H@10 0.492957	H@20 0.574251	H@50 0.670488	H@100 0.739435
INFO:kbc-cli.py:Epoch 81/100	test results	MRR 0.317481	H@1 0.231506	H@3 0.348774	H@5 0.408776	H@10 0.490570	H@20 0.569139	H@50 0.667619	H@100 0.736099
INFO:kbc-cli.py:Epoch 82/100	Loss 6.2349 ± 0.3122
INFO:kbc-cli.py:Epoch 83/100	Loss 6.2319 ± 0.3133
INFO:kbc-cli.py:Epoch 84/100	Loss 6.2291 ± 0.3160
INFO:kbc-cli.py:Epoch 84/100	dev results	MRR 0.323087	H@1 0.238238	H@3 0.352238	H@5 0.412033	H@10 0.493670	H@20 0.574679	H@50 0.670145	H@100 0.739492
INFO:kbc-cli.py:Epoch 84/100	test results	MRR 0.317978	H@1 0.232312	H@3 0.348358	H@5 0.407456	H@10 0.491425	H@20 0.569432	H@50 0.667888	H@100 0.735928
INFO:kbc-cli.py:Epoch 85/100	Loss 6.2262 ± 0.3122
INFO:kbc-cli.py:Epoch 86/100	Loss 6.2234 ± 0.3118
INFO:kbc-cli.py:Epoch 87/100	Loss 6.2206 ± 0.3056
INFO:kbc-cli.py:Epoch 87/100	dev results	MRR 0.323304	H@1 0.238551	H@3 0.352638	H@5 0.412774	H@10 0.494326	H@20 0.574679	H@50 0.670687	H@100 0.739977
INFO:kbc-cli.py:Epoch 87/100	test results	MRR 0.317968	H@1 0.232288	H@3 0.348676	H@5 0.408824	H@10 0.491547	H@20 0.570067	H@50 0.667693	H@100 0.735561
INFO:kbc-cli.py:Epoch 88/100	Loss 6.2178 ± 0.3108
INFO:kbc-cli.py:Epoch 89/100	Loss 6.2151 ± 0.3145
INFO:kbc-cli.py:Epoch 90/100	Loss 6.2124 ± 0.3077
INFO:kbc-cli.py:Epoch 90/100	dev results	MRR 0.323099	H@1 0.238181	H@3 0.352581	H@5 0.412518	H@10 0.493869	H@20 0.575078	H@50 0.670202	H@100 0.739977
INFO:kbc-cli.py:Epoch 90/100	test results	MRR 0.318151	H@1 0.232410	H@3 0.348822	H@5 0.407627	H@10 0.490838	H@20 0.569506	H@50 0.668035	H@100 0.735684
INFO:kbc-cli.py:Epoch 91/100	Loss 6.2099 ± 0.3109
INFO:kbc-cli.py:Epoch 92/100	Loss 6.2072 ± 0.3104
INFO:kbc-cli.py:Epoch 93/100	Loss 6.2047 ± 0.3153
INFO:kbc-cli.py:Epoch 93/100	dev results	MRR 0.323074	H@1 0.238095	H@3 0.352837	H@5 0.412717	H@10 0.493926	H@20 0.574337	H@50 0.670602	H@100 0.739920
INFO:kbc-cli.py:Epoch 93/100	test results	MRR 0.318292	H@1 0.232825	H@3 0.348407	H@5 0.407749	H@10 0.491523	H@20 0.570141	H@50 0.668035	H@100 0.735439
INFO:kbc-cli.py:Epoch 94/100	Loss 6.2022 ± 0.3042
INFO:kbc-cli.py:Epoch 95/100	Loss 6.1997 ± 0.3088
INFO:kbc-cli.py:Epoch 96/100	Loss 6.1973 ± 0.3113
INFO:kbc-cli.py:Epoch 96/100	dev results	MRR 0.324019	H@1 0.239236	H@3 0.352980	H@5 0.412575	H@10 0.493983	H@20 0.574708	H@50 0.670716	H@100 0.740091
INFO:kbc-cli.py:Epoch 96/100	test results	MRR 0.318567	H@1 0.232898	H@3 0.349506	H@5 0.408531	H@10 0.491303	H@20 0.569432	H@50 0.668108	H@100 0.735561
INFO:kbc-cli.py:Epoch 97/100	Loss 6.1950 ± 0.3127
INFO:kbc-cli.py:Epoch 98/100	Loss 6.1927 ± 0.3059
INFO:kbc-cli.py:Epoch 99/100	Loss 6.1904 ± 0.3099
INFO:kbc-cli.py:Epoch 99/100	dev results	MRR 0.323471	H@1 0.238238	H@3 0.353065	H@5 0.412917	H@10 0.494297	H@20 0.575078	H@50 0.671229	H@100 0.740319
INFO:kbc-cli.py:Epoch 99/100	test results	MRR 0.318698	H@1 0.233021	H@3 0.349726	H@5 0.408922	H@10 0.491278	H@20 0.570092	H@50 0.668401	H@100 0.735464
INFO:kbc-cli.py:Epoch 100/100	Loss 6.1882 ± 0.3052
INFO:kbc-cli.py:Final 	dev results	MRR 0.323643	H@1 0.238551	H@3 0.353094	H@5 0.413402	H@10 0.494525	H@20 0.575250	H@50 0.670174	H@100 0.740091
INFO:kbc-cli.py:Final 	test results	MRR 0.318540	H@1 0.232898	H@3 0.349555	H@5 0.408336	H@10 0.491547	H@20 0.570141	H@50 0.668499	H@100 0.735390
INFO:kbc-cli.py:Training finished
