./bin/kbc-cli.py --train data/fb15k-237/train.tsv --dev data/fb15k-237/dev.tsv --test data/fb15k-237/test.tsv -m complex -k 100 -b 50 -e 100 --F2 0.005 --N3 0 -l 0.1 -I standard -V 3 -o adagrad -c so -q
{'F2': 0.005,
 'N3': 0.0,
 'batch_size': 50,
 'corruption': 'so',
 'dev': 'data/fb15k-237/dev.tsv',
 'embedding_size': 100,
 'epochs': 100,
 'eval_batch_size': None,
 'input_type': 'standard',
 'learning_rate': 0.1,
 'load': None,
 'model': 'complex',
 'optimizer': 'adagrad',
 'quiet': True,
 'save': None,
 'seed': 0,
 'test': 'data/fb15k-237/test.tsv',
 'test_i': None,
 'test_ii': None,
 'train': 'data/fb15k-237/train.tsv',
 'validate_every': 3}
INFO:kbc-cli.py:Device: cuda
INFO:kbc-cli.py:Model state:
INFO:kbc-cli.py:	entities.weight	torch.Size([14541, 200])
INFO:kbc-cli.py:	predicates.weight	torch.Size([237, 200])
INFO:kbc-cli.py:Epoch 1/100	Loss 12.8025 ± 1.8841
INFO:kbc-cli.py:Epoch 2/100	Loss 9.1109 ± 0.4185
INFO:kbc-cli.py:Epoch 3/100	Loss 7.9914 ± 0.3760
INFO:kbc-cli.py:Epoch 3/100	dev results	MRR 0.305677	H@1 0.220331	H@3 0.336128	H@5 0.394753	H@10 0.475791	H@20 0.557000	H@50 0.657342	H@100 0.727773
INFO:kbc-cli.py:Epoch 3/100	test results	MRR 0.299147	H@1 0.213965	H@3 0.327275	H@5 0.387790	H@10 0.472735	H@20 0.553039	H@50 0.656186	H@100 0.725887
INFO:kbc-cli.py:Epoch 4/100	Loss 7.4927 ± 0.3736
INFO:kbc-cli.py:Epoch 5/100	Loss 7.2240 ± 0.3790
INFO:kbc-cli.py:Epoch 6/100	Loss 7.0567 ± 0.3617
INFO:kbc-cli.py:Epoch 6/100	dev results	MRR 0.306168	H@1 0.220331	H@3 0.336042	H@5 0.396407	H@10 0.478728	H@20 0.560593	H@50 0.660536	H@100 0.731081
INFO:kbc-cli.py:Epoch 6/100	test results	MRR 0.301262	H@1 0.215455	H@3 0.330157	H@5 0.389524	H@10 0.474519	H@20 0.557754	H@50 0.659704	H@100 0.729503
INFO:kbc-cli.py:Epoch 7/100	Loss 6.9403 ± 0.3615
INFO:kbc-cli.py:Epoch 8/100	Loss 6.8534 ± 0.3586
INFO:kbc-cli.py:Epoch 9/100	Loss 6.7851 ± 0.3534
INFO:kbc-cli.py:Epoch 9/100	dev results	MRR 0.305080	H@1 0.220188	H@3 0.332963	H@5 0.393328	H@10 0.476704	H@20 0.558055	H@50 0.656943	H@100 0.729085
INFO:kbc-cli.py:Epoch 9/100	test results	MRR 0.301201	H@1 0.216725	H@3 0.328643	H@5 0.390184	H@10 0.470879	H@20 0.554725	H@50 0.657407	H@100 0.727206
INFO:kbc-cli.py:Epoch 10/100	Loss 6.7292 ± 0.3540
INFO:kbc-cli.py:Epoch 11/100	Loss 6.6825 ± 0.3558
INFO:kbc-cli.py:Epoch 12/100	Loss 6.6431 ± 0.3490
INFO:kbc-cli.py:Epoch 12/100	dev results	MRR 0.303637	H@1 0.218820	H@3 0.332164	H@5 0.391303	H@10 0.474822	H@20 0.555375	H@50 0.654919	H@100 0.727602
INFO:kbc-cli.py:Epoch 12/100	test results	MRR 0.299682	H@1 0.215577	H@3 0.327446	H@5 0.387325	H@10 0.470585	H@20 0.553210	H@50 0.655258	H@100 0.726644
INFO:kbc-cli.py:Epoch 13/100	Loss 6.6086 ± 0.3410
INFO:kbc-cli.py:Epoch 14/100	Loss 6.5787 ± 0.3469
INFO:kbc-cli.py:Epoch 15/100	Loss 6.5518 ± 0.3393
INFO:kbc-cli.py:Epoch 15/100	dev results	MRR 0.303591	H@1 0.219219	H@3 0.331594	H@5 0.391132	H@10 0.473795	H@20 0.553750	H@50 0.653522	H@100 0.725207
INFO:kbc-cli.py:Epoch 15/100	test results	MRR 0.299017	H@1 0.214698	H@3 0.326468	H@5 0.385933	H@10 0.469388	H@20 0.551647	H@50 0.653254	H@100 0.724616
INFO:kbc-cli.py:Epoch 16/100	Loss 6.5279 ± 0.3416
INFO:kbc-cli.py:Epoch 17/100	Loss 6.5065 ± 0.3451
INFO:kbc-cli.py:Epoch 18/100	Loss 6.4866 ± 0.3445
INFO:kbc-cli.py:Epoch 18/100	dev results	MRR 0.303608	H@1 0.219646	H@3 0.331537	H@5 0.390676	H@10 0.472484	H@20 0.552409	H@50 0.651811	H@100 0.724836
INFO:kbc-cli.py:Epoch 18/100	test results	MRR 0.298219	H@1 0.213696	H@3 0.325491	H@5 0.385151	H@10 0.469291	H@20 0.551231	H@50 0.651007	H@100 0.724103
INFO:kbc-cli.py:Epoch 19/100	Loss 6.4689 ± 0.3377
INFO:kbc-cli.py:Epoch 20/100	Loss 6.4528 ± 0.3383
INFO:kbc-cli.py:Epoch 21/100	Loss 6.4375 ± 0.3292
INFO:kbc-cli.py:Epoch 21/100	dev results	MRR 0.302141	H@1 0.217964	H@3 0.330596	H@5 0.389050	H@10 0.471514	H@20 0.550613	H@50 0.650299	H@100 0.722926
INFO:kbc-cli.py:Epoch 21/100	test results	MRR 0.298315	H@1 0.214356	H@3 0.325662	H@5 0.384394	H@10 0.467263	H@20 0.549350	H@50 0.649980	H@100 0.722369
INFO:kbc-cli.py:Epoch 22/100	Loss 6.4234 ± 0.3366
INFO:kbc-cli.py:Epoch 23/100	Loss 6.4104 ± 0.3345
INFO:kbc-cli.py:Epoch 24/100	Loss 6.3983 ± 0.3333
INFO:kbc-cli.py:Epoch 24/100	dev results	MRR 0.302700	H@1 0.219703	H@3 0.329997	H@5 0.389107	H@10 0.471514	H@20 0.550071	H@50 0.649387	H@100 0.721500
INFO:kbc-cli.py:Epoch 24/100	test results	MRR 0.298970	H@1 0.215919	H@3 0.325662	H@5 0.384296	H@10 0.467678	H@20 0.549301	H@50 0.648466	H@100 0.721025
INFO:kbc-cli.py:Epoch 25/100	Loss 6.3867 ± 0.3347
INFO:kbc-cli.py:Epoch 26/100	Loss 6.3760 ± 0.3277
INFO:kbc-cli.py:Epoch 27/100	Loss 6.3662 ± 0.3325
INFO:kbc-cli.py:Epoch 27/100	dev results	MRR 0.302047	H@1 0.218563	H@3 0.329912	H@5 0.388936	H@10 0.471828	H@20 0.550413	H@50 0.648417	H@100 0.720958
INFO:kbc-cli.py:Epoch 27/100	test results	MRR 0.298396	H@1 0.214942	H@3 0.325369	H@5 0.384736	H@10 0.466408	H@20 0.548739	H@50 0.648270	H@100 0.719877
INFO:kbc-cli.py:Epoch 28/100	Loss 6.3568 ± 0.3299
INFO:kbc-cli.py:Epoch 29/100	Loss 6.3478 ± 0.3261
INFO:kbc-cli.py:Epoch 30/100	Loss 6.3394 ± 0.3310
INFO:kbc-cli.py:Epoch 30/100	dev results	MRR 0.301299	H@1 0.217850	H@3 0.328343	H@5 0.389107	H@10 0.471143	H@20 0.548931	H@50 0.647020	H@100 0.719760
INFO:kbc-cli.py:Epoch 30/100	test results	MRR 0.298122	H@1 0.215064	H@3 0.325760	H@5 0.384833	H@10 0.466237	H@20 0.547713	H@50 0.646316	H@100 0.718606
INFO:kbc-cli.py:Epoch 31/100	Loss 6.3314 ± 0.3252
INFO:kbc-cli.py:Epoch 32/100	Loss 6.3238 ± 0.3311
INFO:kbc-cli.py:Epoch 33/100	Loss 6.3164 ± 0.3201
INFO:kbc-cli.py:Epoch 33/100	dev results	MRR 0.301394	H@1 0.218021	H@3 0.329655	H@5 0.388822	H@10 0.469718	H@20 0.548617	H@50 0.647077	H@100 0.719105
INFO:kbc-cli.py:Epoch 33/100	test results	MRR 0.297743	H@1 0.214453	H@3 0.325638	H@5 0.385444	H@10 0.465211	H@20 0.548446	H@50 0.646169	H@100 0.718216
INFO:kbc-cli.py:Epoch 34/100	Loss 6.3095 ± 0.3227
INFO:kbc-cli.py:Epoch 35/100	Loss 6.3030 ± 0.3244
INFO:kbc-cli.py:Epoch 36/100	Loss 6.2966 ± 0.3257
INFO:kbc-cli.py:Epoch 36/100	dev results	MRR 0.301076	H@1 0.218192	H@3 0.328857	H@5 0.388651	H@10 0.469033	H@20 0.547362	H@50 0.645851	H@100 0.718192
INFO:kbc-cli.py:Epoch 36/100	test results	MRR 0.297390	H@1 0.214331	H@3 0.324441	H@5 0.384760	H@10 0.464746	H@20 0.546174	H@50 0.645094	H@100 0.716457
INFO:kbc-cli.py:Epoch 37/100	Loss 6.2906 ± 0.3263
INFO:kbc-cli.py:Epoch 38/100	Loss 6.2850 ± 0.3230
INFO:kbc-cli.py:Epoch 39/100	Loss 6.2794 ± 0.3259
INFO:kbc-cli.py:Epoch 39/100	dev results	MRR 0.300960	H@1 0.218107	H@3 0.328001	H@5 0.387881	H@10 0.468948	H@20 0.547334	H@50 0.645566	H@100 0.717508
INFO:kbc-cli.py:Epoch 39/100	test results	MRR 0.297493	H@1 0.214527	H@3 0.324270	H@5 0.384565	H@10 0.464160	H@20 0.546370	H@50 0.644923	H@100 0.716090
INFO:kbc-cli.py:Epoch 40/100	Loss 6.2739 ± 0.3242
INFO:kbc-cli.py:Epoch 41/100	Loss 6.2690 ± 0.3196
INFO:kbc-cli.py:Epoch 42/100	Loss 6.2638 ± 0.3192
INFO:kbc-cli.py:Epoch 42/100	dev results	MRR 0.301324	H@1 0.218477	H@3 0.328372	H@5 0.388879	H@10 0.468406	H@20 0.547676	H@50 0.644682	H@100 0.717365
INFO:kbc-cli.py:Epoch 42/100	test results	MRR 0.297902	H@1 0.215333	H@3 0.324905	H@5 0.384442	H@10 0.463745	H@20 0.545783	H@50 0.643995	H@100 0.716041
INFO:kbc-cli.py:Epoch 43/100	Loss 6.2592 ± 0.3206
INFO:kbc-cli.py:Epoch 44/100	Loss 6.2546 ± 0.3230
INFO:kbc-cli.py:Epoch 45/100	Loss 6.2503 ± 0.3249
INFO:kbc-cli.py:Epoch 45/100	dev results	MRR 0.300356	H@1 0.217650	H@3 0.327602	H@5 0.386940	H@10 0.467636	H@20 0.545823	H@50 0.644197	H@100 0.716795
INFO:kbc-cli.py:Epoch 45/100	test results	MRR 0.297403	H@1 0.215088	H@3 0.323121	H@5 0.384174	H@10 0.463794	H@20 0.544195	H@50 0.643262	H@100 0.714551
INFO:kbc-cli.py:Epoch 46/100	Loss 6.2458 ± 0.3266
INFO:kbc-cli.py:Epoch 47/100	Loss 6.2418 ± 0.3202
INFO:kbc-cli.py:Epoch 48/100	Loss 6.2379 ± 0.3260
INFO:kbc-cli.py:Epoch 48/100	dev results	MRR 0.300473	H@1 0.217850	H@3 0.327117	H@5 0.387796	H@10 0.468748	H@20 0.546108	H@50 0.644083	H@100 0.716111
INFO:kbc-cli.py:Epoch 48/100	test results	MRR 0.297358	H@1 0.215015	H@3 0.323732	H@5 0.383710	H@10 0.463647	H@20 0.544953	H@50 0.643018	H@100 0.714478
INFO:kbc-cli.py:Epoch 49/100	Loss 6.2339 ± 0.3195
INFO:kbc-cli.py:Epoch 50/100	Loss 6.2303 ± 0.3204
INFO:kbc-cli.py:Epoch 51/100	Loss 6.2265 ± 0.3214
INFO:kbc-cli.py:Epoch 51/100	dev results	MRR 0.300841	H@1 0.218306	H@3 0.328229	H@5 0.387967	H@10 0.467864	H@20 0.546193	H@50 0.643513	H@100 0.716139
INFO:kbc-cli.py:Epoch 51/100	test results	MRR 0.297480	H@1 0.215137	H@3 0.323732	H@5 0.384052	H@10 0.463818	H@20 0.544415	H@50 0.642138	H@100 0.714185
INFO:kbc-cli.py:Epoch 52/100	Loss 6.2232 ± 0.3202
INFO:kbc-cli.py:Epoch 53/100	Loss 6.2197 ± 0.3228
INFO:kbc-cli.py:Epoch 54/100	Loss 6.2163 ± 0.3232
INFO:kbc-cli.py:Epoch 54/100	dev results	MRR 0.300786	H@1 0.218278	H@3 0.328087	H@5 0.388167	H@10 0.467693	H@20 0.546165	H@50 0.642829	H@100 0.715369
INFO:kbc-cli.py:Epoch 54/100	test results	MRR 0.297853	H@1 0.216261	H@3 0.323879	H@5 0.383856	H@10 0.463403	H@20 0.543927	H@50 0.641747	H@100 0.713769
INFO:kbc-cli.py:Epoch 55/100	Loss 6.2131 ± 0.3172
INFO:kbc-cli.py:Epoch 56/100	Loss 6.2100 ± 0.3181
INFO:kbc-cli.py:Epoch 57/100	Loss 6.2072 ± 0.3218
INFO:kbc-cli.py:Epoch 57/100	dev results	MRR 0.300250	H@1 0.217764	H@3 0.326832	H@5 0.386997	H@10 0.467351	H@20 0.545823	H@50 0.642315	H@100 0.714742
INFO:kbc-cli.py:Epoch 57/100	test results	MRR 0.297166	H@1 0.215088	H@3 0.323634	H@5 0.383905	H@10 0.462670	H@20 0.543707	H@50 0.641259	H@100 0.712939
INFO:kbc-cli.py:Epoch 58/100	Loss 6.2040 ± 0.3183
INFO:kbc-cli.py:Epoch 59/100	Loss 6.2011 ± 0.3155
INFO:kbc-cli.py:Epoch 60/100	Loss 6.1984 ± 0.3172
INFO:kbc-cli.py:Epoch 60/100	dev results	MRR 0.301149	H@1 0.219133	H@3 0.328372	H@5 0.387653	H@10 0.466724	H@20 0.545024	H@50 0.641888	H@100 0.714571
INFO:kbc-cli.py:Epoch 60/100	test results	MRR 0.297843	H@1 0.216334	H@3 0.324343	H@5 0.383929	H@10 0.462987	H@20 0.543511	H@50 0.640575	H@100 0.712254
INFO:kbc-cli.py:Epoch 61/100	Loss 6.1955 ± 0.3177
INFO:kbc-cli.py:Epoch 62/100	Loss 6.1929 ± 0.3186
INFO:kbc-cli.py:Epoch 63/100	Loss 6.1903 ± 0.3146
INFO:kbc-cli.py:Epoch 63/100	dev results	MRR 0.300044	H@1 0.217793	H@3 0.327659	H@5 0.386798	H@10 0.466752	H@20 0.544654	H@50 0.641888	H@100 0.714343
INFO:kbc-cli.py:Epoch 63/100	test results	MRR 0.297118	H@1 0.215211	H@3 0.323170	H@5 0.383221	H@10 0.462841	H@20 0.542558	H@50 0.640794	H@100 0.712181
INFO:kbc-cli.py:Epoch 64/100	Loss 6.1878 ± 0.3195
INFO:kbc-cli.py:Epoch 65/100	Loss 6.1854 ± 0.3189
INFO:kbc-cli.py:Epoch 66/100	Loss 6.1830 ± 0.3166
INFO:kbc-cli.py:Epoch 66/100	dev results	MRR 0.300009	H@1 0.217508	H@3 0.328600	H@5 0.386912	H@10 0.467123	H@20 0.544711	H@50 0.641660	H@100 0.714143
INFO:kbc-cli.py:Epoch 66/100	test results	MRR 0.297455	H@1 0.215895	H@3 0.323659	H@5 0.383490	H@10 0.462914	H@20 0.542656	H@50 0.640550	H@100 0.711766
INFO:kbc-cli.py:Epoch 67/100	Loss 6.1805 ± 0.3169
INFO:kbc-cli.py:Epoch 68/100	Loss 6.1782 ± 0.3208
INFO:kbc-cli.py:Epoch 69/100	Loss 6.1758 ± 0.3221
INFO:kbc-cli.py:Epoch 69/100	dev results	MRR 0.300542	H@1 0.218677	H@3 0.327374	H@5 0.386541	H@10 0.466923	H@20 0.543941	H@50 0.641146	H@100 0.713231
INFO:kbc-cli.py:Epoch 69/100	test results	MRR 0.297530	H@1 0.216115	H@3 0.323732	H@5 0.382464	H@10 0.463232	H@20 0.542045	H@50 0.640281	H@100 0.711033
INFO:kbc-cli.py:Epoch 70/100	Loss 6.1736 ± 0.3147
INFO:kbc-cli.py:Epoch 71/100	Loss 6.1714 ± 0.3207
INFO:kbc-cli.py:Epoch 72/100	Loss 6.1692 ± 0.3137
INFO:kbc-cli.py:Epoch 72/100	dev results	MRR 0.300472	H@1 0.218591	H@3 0.327402	H@5 0.386969	H@10 0.467123	H@20 0.544254	H@50 0.640405	H@100 0.713858
INFO:kbc-cli.py:Epoch 72/100	test results	MRR 0.297571	H@1 0.216066	H@3 0.324074	H@5 0.382341	H@10 0.462401	H@20 0.542583	H@50 0.640257	H@100 0.710935
INFO:kbc-cli.py:Epoch 73/100	Loss 6.1674 ± 0.3168
INFO:kbc-cli.py:Epoch 74/100	Loss 6.1652 ± 0.3219
INFO:kbc-cli.py:Epoch 75/100	Loss 6.1633 ± 0.3209
INFO:kbc-cli.py:Epoch 75/100	dev results	MRR 0.300071	H@1 0.217936	H@3 0.327545	H@5 0.385600	H@10 0.466809	H@20 0.543827	H@50 0.640063	H@100 0.713117
INFO:kbc-cli.py:Epoch 75/100	test results	MRR 0.297289	H@1 0.215846	H@3 0.323683	H@5 0.381560	H@10 0.462108	H@20 0.542021	H@50 0.639573	H@100 0.710862
INFO:kbc-cli.py:Epoch 76/100	Loss 6.1612 ± 0.3189
INFO:kbc-cli.py:Epoch 77/100	Loss 6.1594 ± 0.3189
INFO:kbc-cli.py:Epoch 78/100	Loss 6.1573 ± 0.3186
INFO:kbc-cli.py:Epoch 78/100	dev results	MRR 0.299636	H@1 0.217536	H@3 0.326689	H@5 0.385287	H@10 0.466638	H@20 0.544654	H@50 0.639835	H@100 0.712803
INFO:kbc-cli.py:Epoch 78/100	test results	MRR 0.296882	H@1 0.215528	H@3 0.322901	H@5 0.381731	H@10 0.461399	H@20 0.542510	H@50 0.639133	H@100 0.710056
INFO:kbc-cli.py:Epoch 79/100	Loss 6.1556 ± 0.3191
INFO:kbc-cli.py:Epoch 80/100	Loss 6.1539 ± 0.3176
INFO:kbc-cli.py:Epoch 81/100	Loss 6.1521 ± 0.3146
INFO:kbc-cli.py:Epoch 81/100	dev results	MRR 0.299667	H@1 0.217850	H@3 0.326547	H@5 0.386142	H@10 0.466695	H@20 0.543627	H@50 0.639378	H@100 0.712318
INFO:kbc-cli.py:Epoch 81/100	test results	MRR 0.296867	H@1 0.215284	H@3 0.323610	H@5 0.382806	H@10 0.462035	H@20 0.541215	H@50 0.639402	H@100 0.710129
INFO:kbc-cli.py:Epoch 82/100	Loss 6.1502 ± 0.3163
INFO:kbc-cli.py:Epoch 83/100	Loss 6.1484 ± 0.3167
INFO:kbc-cli.py:Epoch 84/100	Loss 6.1469 ± 0.3203
INFO:kbc-cli.py:Epoch 84/100	dev results	MRR 0.299566	H@1 0.217593	H@3 0.327260	H@5 0.384916	H@10 0.466382	H@20 0.543570	H@50 0.639521	H@100 0.711862
INFO:kbc-cli.py:Epoch 84/100	test results	MRR 0.297028	H@1 0.215577	H@3 0.323268	H@5 0.382293	H@10 0.461864	H@20 0.540946	H@50 0.639133	H@100 0.709201
INFO:kbc-cli.py:Epoch 85/100	Loss 6.1452 ± 0.3171
INFO:kbc-cli.py:Epoch 86/100	Loss 6.1436 ± 0.3156
INFO:kbc-cli.py:Epoch 87/100	Loss 6.1420 ± 0.3100
INFO:kbc-cli.py:Epoch 87/100	dev results	MRR 0.300026	H@1 0.218306	H@3 0.327203	H@5 0.385429	H@10 0.466324	H@20 0.543656	H@50 0.639721	H@100 0.712375
INFO:kbc-cli.py:Epoch 87/100	test results	MRR 0.297134	H@1 0.215528	H@3 0.324025	H@5 0.382488	H@10 0.461326	H@20 0.541996	H@50 0.639182	H@100 0.709469
INFO:kbc-cli.py:Epoch 88/100	Loss 6.1404 ± 0.3130
INFO:kbc-cli.py:Epoch 89/100	Loss 6.1388 ± 0.3180
INFO:kbc-cli.py:Epoch 90/100	Loss 6.1373 ± 0.3112
INFO:kbc-cli.py:Epoch 90/100	dev results	MRR 0.299696	H@1 0.217936	H@3 0.327032	H@5 0.385458	H@10 0.466296	H@20 0.543541	H@50 0.638922	H@100 0.711776
INFO:kbc-cli.py:Epoch 90/100	test results	MRR 0.297254	H@1 0.216017	H@3 0.324172	H@5 0.382073	H@10 0.461815	H@20 0.540824	H@50 0.638938	H@100 0.709469
INFO:kbc-cli.py:Epoch 91/100	Loss 6.1358 ± 0.3145
INFO:kbc-cli.py:Epoch 92/100	Loss 6.1342 ± 0.3129
INFO:kbc-cli.py:Epoch 93/100	Loss 6.1329 ± 0.3193
INFO:kbc-cli.py:Epoch 93/100	dev results	MRR 0.299367	H@1 0.217422	H@3 0.326661	H@5 0.384574	H@10 0.465298	H@20 0.542886	H@50 0.638551	H@100 0.711891
INFO:kbc-cli.py:Epoch 93/100	test results	MRR 0.297195	H@1 0.215944	H@3 0.323634	H@5 0.381682	H@10 0.460324	H@20 0.540848	H@50 0.638767	H@100 0.709078
INFO:kbc-cli.py:Epoch 94/100	Loss 6.1314 ± 0.3088
INFO:kbc-cli.py:Epoch 95/100	Loss 6.1299 ± 0.3119
INFO:kbc-cli.py:Epoch 96/100	Loss 6.1285 ± 0.3143
INFO:kbc-cli.py:Epoch 96/100	dev results	MRR 0.299342	H@1 0.217565	H@3 0.326804	H@5 0.385543	H@10 0.466011	H@20 0.543342	H@50 0.638666	H@100 0.711377
INFO:kbc-cli.py:Epoch 96/100	test results	MRR 0.297121	H@1 0.215797	H@3 0.323781	H@5 0.382244	H@10 0.461033	H@20 0.540775	H@50 0.638767	H@100 0.708272
INFO:kbc-cli.py:Epoch 97/100	Loss 6.1271 ± 0.3175
INFO:kbc-cli.py:Epoch 98/100	Loss 6.1259 ± 0.3101
INFO:kbc-cli.py:Epoch 99/100	Loss 6.1246 ± 0.3143
INFO:kbc-cli.py:Epoch 99/100	dev results	MRR 0.299433	H@1 0.217565	H@3 0.326832	H@5 0.385572	H@10 0.465754	H@20 0.543142	H@50 0.639236	H@100 0.711691
INFO:kbc-cli.py:Epoch 99/100	test results	MRR 0.296889	H@1 0.215333	H@3 0.323659	H@5 0.382024	H@10 0.461228	H@20 0.540457	H@50 0.638547	H@100 0.708590
INFO:kbc-cli.py:Epoch 100/100	Loss 6.1233 ± 0.3080
INFO:kbc-cli.py:Final 	dev results	MRR 0.299636	H@1 0.217879	H@3 0.326661	H@5 0.385971	H@10 0.465612	H@20 0.543114	H@50 0.639065	H@100 0.711548
INFO:kbc-cli.py:Final 	test results	MRR 0.296876	H@1 0.215186	H@3 0.323927	H@5 0.381682	H@10 0.460960	H@20 0.540311	H@50 0.638864	H@100 0.708663
INFO:kbc-cli.py:Training finished
