./bin/kbc-cli.py --train data/hetionet/train.tsv --dev data/hetionet/valid.tsv --test data/hetionet/test.tsv -m complex -k 100 -b 100 -e 100 --F2 0 --N3 0.001 -l 0.1 -I standard -V 3 -o adagrad -c so -q
{'F2': 0.0,
 'N3': 0.001,
 'batch_size': 100,
 'corruption': 'so',
 'dev': 'data/hetionet/valid.tsv',
 'embedding_size': 100,
 'epochs': 100,
 'eval_batch_size': None,
 'input_type': 'standard',
 'learning_rate': 0.1,
 'load': None,
 'model': 'complex',
 'optimizer': 'adagrad',
 'quiet': True,
 'save': None,
 'seed': 0,
 'test': 'data/hetionet/test.tsv',
 'test_i': None,
 'test_ii': None,
 'train': 'data/hetionet/train.tsv',
 'validate_every': 3}
INFO:kbc-cli.py:Device: cuda
INFO:kbc-cli.py:Model state:
INFO:kbc-cli.py:	entities.weight	torch.Size([45160, 200])
INFO:kbc-cli.py:	predicates.weight	torch.Size([25, 200])
INFO:kbc-cli.py:Epoch 1/100	Loss 15.2017 ± 0.9961
INFO:kbc-cli.py:Epoch 2/100	Loss 13.3912 ± 0.2664
INFO:kbc-cli.py:Epoch 3/100	Loss 12.8067 ± 0.2690
INFO:kbc-cli.py:Epoch 3/100	dev results	MRR 0.253302	H@1 0.180660	H@3 0.276550	H@5 0.326870	H@10 0.396700	H@20 0.469820	H@50 0.562120	H@100 0.632510
INFO:kbc-cli.py:Epoch 3/100	test results	MRR 0.253936	H@1 0.181310	H@3 0.276770	H@5 0.326900	H@10 0.397810	H@20 0.470410	H@50 0.563180	H@100 0.633790
INFO:kbc-cli.py:Epoch 4/100	Loss 12.4731 ± 0.2735
INFO:kbc-cli.py:Epoch 5/100	Loss 12.2499 ± 0.2790
INFO:kbc-cli.py:Epoch 6/100	Loss 12.0878 ± 0.2785
INFO:kbc-cli.py:Epoch 6/100	dev results	MRR 0.265817	H@1 0.191340	H@3 0.291060	H@5 0.341070	H@10 0.412440	H@20 0.486030	H@50 0.577880	H@100 0.647290
INFO:kbc-cli.py:Epoch 6/100	test results	MRR 0.266679	H@1 0.192370	H@3 0.291610	H@5 0.341540	H@10 0.414040	H@20 0.487010	H@50 0.579240	H@100 0.648220
INFO:kbc-cli.py:Epoch 7/100	Loss 11.9636 ± 0.2798
INFO:kbc-cli.py:Epoch 8/100	Loss 11.8646 ± 0.2830
INFO:kbc-cli.py:Epoch 9/100	Loss 11.7834 ± 0.2814
INFO:kbc-cli.py:Epoch 9/100	dev results	MRR 0.267873	H@1 0.192470	H@3 0.293850	H@5 0.345000	H@10 0.417540	H@20 0.489730	H@50 0.580280	H@100 0.649890
INFO:kbc-cli.py:Epoch 9/100	test results	MRR 0.269617	H@1 0.194700	H@3 0.295940	H@5 0.345550	H@10 0.417370	H@20 0.488600	H@50 0.581090	H@100 0.650430
INFO:kbc-cli.py:Epoch 10/100	Loss 11.7149 ± 0.2809
INFO:kbc-cli.py:Epoch 11/100	Loss 11.6565 ± 0.2837
INFO:kbc-cli.py:Epoch 12/100	Loss 11.6057 ± 0.2825
INFO:kbc-cli.py:Epoch 12/100	dev results	MRR 0.267230	H@1 0.191160	H@3 0.294540	H@5 0.344710	H@10 0.416840	H@20 0.488390	H@50 0.579500	H@100 0.649690
INFO:kbc-cli.py:Epoch 12/100	test results	MRR 0.268272	H@1 0.192860	H@3 0.295130	H@5 0.344990	H@10 0.416700	H@20 0.489100	H@50 0.580010	H@100 0.649460
INFO:kbc-cli.py:Epoch 13/100	Loss 11.5611 ± 0.2830
INFO:kbc-cli.py:Epoch 14/100	Loss 11.5210 ± 0.2794
INFO:kbc-cli.py:Epoch 15/100	Loss 11.4855 ± 0.2805
INFO:kbc-cli.py:Epoch 15/100	dev results	MRR 0.267239	H@1 0.191610	H@3 0.294520	H@5 0.344020	H@10 0.414970	H@20 0.487980	H@50 0.579120	H@100 0.649140
INFO:kbc-cli.py:Epoch 15/100	test results	MRR 0.267396	H@1 0.191550	H@3 0.295120	H@5 0.344680	H@10 0.415560	H@20 0.488130	H@50 0.580390	H@100 0.648480
INFO:kbc-cli.py:Epoch 16/100	Loss 11.4531 ± 0.2806
INFO:kbc-cli.py:Epoch 17/100	Loss 11.4237 ± 0.2828
INFO:kbc-cli.py:Epoch 18/100	Loss 11.3971 ± 0.2809
INFO:kbc-cli.py:Epoch 18/100	dev results	MRR 0.266434	H@1 0.190830	H@3 0.293110	H@5 0.343890	H@10 0.415340	H@20 0.488110	H@50 0.578440	H@100 0.647990
INFO:kbc-cli.py:Epoch 18/100	test results	MRR 0.267391	H@1 0.191730	H@3 0.294530	H@5 0.344600	H@10 0.415780	H@20 0.488280	H@50 0.579160	H@100 0.648220
INFO:kbc-cli.py:Epoch 19/100	Loss 11.3719 ± 0.2809
INFO:kbc-cli.py:Epoch 20/100	Loss 11.3493 ± 0.2798
INFO:kbc-cli.py:Epoch 21/100	Loss 11.3280 ± 0.2795
INFO:kbc-cli.py:Epoch 21/100	dev results	MRR 0.267264	H@1 0.191490	H@3 0.294690	H@5 0.344370	H@10 0.415880	H@20 0.487230	H@50 0.579100	H@100 0.647660
INFO:kbc-cli.py:Epoch 21/100	test results	MRR 0.268008	H@1 0.192980	H@3 0.294540	H@5 0.343950	H@10 0.415230	H@20 0.487110	H@50 0.578610	H@100 0.648080
INFO:kbc-cli.py:Epoch 22/100	Loss 11.3082 ± 0.2824
INFO:kbc-cli.py:Epoch 23/100	Loss 11.2897 ± 0.2812
INFO:kbc-cli.py:Epoch 24/100	Loss 11.2723 ± 0.2812
INFO:kbc-cli.py:Epoch 24/100	dev results	MRR 0.266240	H@1 0.190300	H@3 0.293570	H@5 0.344050	H@10 0.415400	H@20 0.487140	H@50 0.577880	H@100 0.647320
INFO:kbc-cli.py:Epoch 24/100	test results	MRR 0.267088	H@1 0.191960	H@3 0.294050	H@5 0.343010	H@10 0.415020	H@20 0.485670	H@50 0.578070	H@100 0.647360
INFO:kbc-cli.py:Epoch 25/100	Loss 11.2560 ± 0.2784
INFO:kbc-cli.py:Epoch 26/100	Loss 11.2407 ± 0.2780
INFO:kbc-cli.py:Epoch 27/100	Loss 11.2260 ± 0.2760
INFO:kbc-cli.py:Epoch 27/100	dev results	MRR 0.265636	H@1 0.189910	H@3 0.292760	H@5 0.343660	H@10 0.414370	H@20 0.486750	H@50 0.578180	H@100 0.647010
INFO:kbc-cli.py:Epoch 27/100	test results	MRR 0.266996	H@1 0.191720	H@3 0.293300	H@5 0.342990	H@10 0.414800	H@20 0.484800	H@50 0.577280	H@100 0.646740
INFO:kbc-cli.py:Epoch 28/100	Loss 11.2123 ± 0.2779
INFO:kbc-cli.py:Epoch 29/100	Loss 11.1992 ± 0.2793
INFO:kbc-cli.py:Epoch 30/100	Loss 11.1867 ± 0.2810
INFO:kbc-cli.py:Epoch 30/100	dev results	MRR 0.265911	H@1 0.190510	H@3 0.293290	H@5 0.343450	H@10 0.412660	H@20 0.485750	H@50 0.576580	H@100 0.645730
INFO:kbc-cli.py:Epoch 30/100	test results	MRR 0.267260	H@1 0.192620	H@3 0.293300	H@5 0.342970	H@10 0.413370	H@20 0.484790	H@50 0.576970	H@100 0.646030
INFO:kbc-cli.py:Epoch 31/100	Loss 11.1748 ± 0.2770
INFO:kbc-cli.py:Epoch 32/100	Loss 11.1635 ± 0.2803
INFO:kbc-cli.py:Epoch 33/100	Loss 11.1528 ± 0.2774
INFO:kbc-cli.py:Epoch 33/100	dev results	MRR 0.264810	H@1 0.189290	H@3 0.291330	H@5 0.342950	H@10 0.412230	H@20 0.485020	H@50 0.576490	H@100 0.645190
INFO:kbc-cli.py:Epoch 33/100	test results	MRR 0.265599	H@1 0.190490	H@3 0.291690	H@5 0.342000	H@10 0.413000	H@20 0.483770	H@50 0.576450	H@100 0.645250
INFO:kbc-cli.py:Epoch 34/100	Loss 11.1423 ± 0.2763
INFO:kbc-cli.py:Epoch 35/100	Loss 11.1325 ± 0.2782
INFO:kbc-cli.py:Epoch 36/100	Loss 11.1229 ± 0.2771
INFO:kbc-cli.py:Epoch 36/100	dev results	MRR 0.265139	H@1 0.189890	H@3 0.291790	H@5 0.342700	H@10 0.411840	H@20 0.484650	H@50 0.576590	H@100 0.645360
INFO:kbc-cli.py:Epoch 36/100	test results	MRR 0.266045	H@1 0.191570	H@3 0.291300	H@5 0.342690	H@10 0.412780	H@20 0.483890	H@50 0.575590	H@100 0.644870
INFO:kbc-cli.py:Epoch 37/100	Loss 11.1138 ± 0.2775
INFO:kbc-cli.py:Epoch 38/100	Loss 11.1050 ± 0.2771
INFO:kbc-cli.py:Epoch 39/100	Loss 11.0965 ± 0.2782
INFO:kbc-cli.py:Epoch 39/100	dev results	MRR 0.265127	H@1 0.190030	H@3 0.291190	H@5 0.341730	H@10 0.411190	H@20 0.484140	H@50 0.575440	H@100 0.644630
INFO:kbc-cli.py:Epoch 39/100	test results	MRR 0.266299	H@1 0.192310	H@3 0.291610	H@5 0.341820	H@10 0.411200	H@20 0.482950	H@50 0.575280	H@100 0.644320
INFO:kbc-cli.py:Epoch 40/100	Loss 11.0883 ± 0.2756
INFO:kbc-cli.py:Epoch 41/100	Loss 11.0804 ± 0.2781
INFO:kbc-cli.py:Epoch 42/100	Loss 11.0728 ± 0.2757
INFO:kbc-cli.py:Epoch 42/100	dev results	MRR 0.263556	H@1 0.188610	H@3 0.289720	H@5 0.340470	H@10 0.410760	H@20 0.482260	H@50 0.575100	H@100 0.643830
INFO:kbc-cli.py:Epoch 42/100	test results	MRR 0.265181	H@1 0.191190	H@3 0.290190	H@5 0.340310	H@10 0.410960	H@20 0.481340	H@50 0.573780	H@100 0.643560
INFO:kbc-cli.py:Epoch 43/100	Loss 11.0654 ± 0.2808
INFO:kbc-cli.py:Epoch 44/100	Loss 11.0583 ± 0.2774
INFO:kbc-cli.py:Epoch 45/100	Loss 11.0514 ± 0.2753
INFO:kbc-cli.py:Epoch 45/100	dev results	MRR 0.263976	H@1 0.189100	H@3 0.289730	H@5 0.340910	H@10 0.410000	H@20 0.482820	H@50 0.575930	H@100 0.643460
INFO:kbc-cli.py:Epoch 45/100	test results	MRR 0.264813	H@1 0.190550	H@3 0.290490	H@5 0.340440	H@10 0.410510	H@20 0.481700	H@50 0.574190	H@100 0.643410
INFO:kbc-cli.py:Epoch 46/100	Loss 11.0447 ± 0.2778
INFO:kbc-cli.py:Epoch 47/100	Loss 11.0382 ± 0.2751
INFO:kbc-cli.py:Epoch 48/100	Loss 11.0319 ± 0.2761
INFO:kbc-cli.py:Epoch 48/100	dev results	MRR 0.263105	H@1 0.188080	H@3 0.289420	H@5 0.339780	H@10 0.409320	H@20 0.481300	H@50 0.573530	H@100 0.643030
INFO:kbc-cli.py:Epoch 48/100	test results	MRR 0.264262	H@1 0.190220	H@3 0.289930	H@5 0.339380	H@10 0.409630	H@20 0.480730	H@50 0.572720	H@100 0.642480
INFO:kbc-cli.py:Epoch 49/100	Loss 11.0258 ± 0.2797
INFO:kbc-cli.py:Epoch 50/100	Loss 11.0199 ± 0.2757
INFO:kbc-cli.py:Epoch 51/100	Loss 11.0142 ± 0.2781
INFO:kbc-cli.py:Epoch 51/100	dev results	MRR 0.263621	H@1 0.188950	H@3 0.289500	H@5 0.339730	H@10 0.409320	H@20 0.481600	H@50 0.574340	H@100 0.643000
INFO:kbc-cli.py:Epoch 51/100	test results	MRR 0.264127	H@1 0.189920	H@3 0.290130	H@5 0.338880	H@10 0.409170	H@20 0.479930	H@50 0.572800	H@100 0.642100
INFO:kbc-cli.py:Epoch 52/100	Loss 11.0085 ± 0.2768
INFO:kbc-cli.py:Epoch 53/100	Loss 11.0031 ± 0.2761
INFO:kbc-cli.py:Epoch 54/100	Loss 10.9977 ± 0.2744
INFO:kbc-cli.py:Epoch 54/100	dev results	MRR 0.262943	H@1 0.188270	H@3 0.288490	H@5 0.338920	H@10 0.409470	H@20 0.480500	H@50 0.573850	H@100 0.642670
INFO:kbc-cli.py:Epoch 54/100	test results	MRR 0.264043	H@1 0.190260	H@3 0.289350	H@5 0.338970	H@10 0.408600	H@20 0.480140	H@50 0.572840	H@100 0.641400
INFO:kbc-cli.py:Epoch 55/100	Loss 10.9926 ± 0.2785
INFO:kbc-cli.py:Epoch 56/100	Loss 10.9876 ± 0.2766
INFO:kbc-cli.py:Epoch 57/100	Loss 10.9826 ± 0.2761
INFO:kbc-cli.py:Epoch 57/100	dev results	MRR 0.262864	H@1 0.188150	H@3 0.289080	H@5 0.339050	H@10 0.408370	H@20 0.481290	H@50 0.573750	H@100 0.642280
INFO:kbc-cli.py:Epoch 57/100	test results	MRR 0.263709	H@1 0.189620	H@3 0.289460	H@5 0.338530	H@10 0.408410	H@20 0.480360	H@50 0.572540	H@100 0.641630
INFO:kbc-cli.py:Epoch 58/100	Loss 10.9779 ± 0.2760
INFO:kbc-cli.py:Epoch 59/100	Loss 10.9733 ± 0.2762
INFO:kbc-cli.py:Epoch 60/100	Loss 10.9686 ± 0.2756
INFO:kbc-cli.py:Epoch 60/100	dev results	MRR 0.262165	H@1 0.187460	H@3 0.288200	H@5 0.338700	H@10 0.408170	H@20 0.479230	H@50 0.572260	H@100 0.642070
INFO:kbc-cli.py:Epoch 60/100	test results	MRR 0.262623	H@1 0.188780	H@3 0.288380	H@5 0.337560	H@10 0.408050	H@20 0.478300	H@50 0.571100	H@100 0.640630
INFO:kbc-cli.py:Epoch 61/100	Loss 10.9640 ± 0.2761
INFO:kbc-cli.py:Epoch 62/100	Loss 10.9598 ± 0.2757
INFO:kbc-cli.py:Epoch 63/100	Loss 10.9554 ± 0.2756
INFO:kbc-cli.py:Epoch 63/100	dev results	MRR 0.262261	H@1 0.187660	H@3 0.288130	H@5 0.338270	H@10 0.407900	H@20 0.479230	H@50 0.572780	H@100 0.641530
INFO:kbc-cli.py:Epoch 63/100	test results	MRR 0.263277	H@1 0.189450	H@3 0.289160	H@5 0.337500	H@10 0.407760	H@20 0.478650	H@50 0.571490	H@100 0.640560
INFO:kbc-cli.py:Epoch 64/100	Loss 10.9513 ± 0.2769
INFO:kbc-cli.py:Epoch 65/100	Loss 10.9472 ± 0.2773
INFO:kbc-cli.py:Epoch 66/100	Loss 10.9433 ± 0.2762
INFO:kbc-cli.py:Epoch 66/100	dev results	MRR 0.262296	H@1 0.187920	H@3 0.288170	H@5 0.338340	H@10 0.407720	H@20 0.479140	H@50 0.571180	H@100 0.641160
INFO:kbc-cli.py:Epoch 66/100	test results	MRR 0.262862	H@1 0.189120	H@3 0.288390	H@5 0.337820	H@10 0.407610	H@20 0.477900	H@50 0.570430	H@100 0.639950
INFO:kbc-cli.py:Epoch 67/100	Loss 10.9393 ± 0.2772
INFO:kbc-cli.py:Epoch 68/100	Loss 10.9355 ± 0.2759
INFO:kbc-cli.py:Epoch 69/100	Loss 10.9318 ± 0.2734
INFO:kbc-cli.py:Epoch 69/100	dev results	MRR 0.261640	H@1 0.187200	H@3 0.287540	H@5 0.337350	H@10 0.407120	H@20 0.478090	H@50 0.571110	H@100 0.641280
INFO:kbc-cli.py:Epoch 69/100	test results	MRR 0.261921	H@1 0.188060	H@3 0.287530	H@5 0.336250	H@10 0.406710	H@20 0.477170	H@50 0.570190	H@100 0.639710
INFO:kbc-cli.py:Epoch 70/100	Loss 10.9280 ± 0.2758
INFO:kbc-cli.py:Epoch 71/100	Loss 10.9244 ± 0.2728
INFO:kbc-cli.py:Epoch 72/100	Loss 10.9208 ± 0.2761
INFO:kbc-cli.py:Epoch 72/100	dev results	MRR 0.261909	H@1 0.187760	H@3 0.287580	H@5 0.337640	H@10 0.406770	H@20 0.477660	H@50 0.571300	H@100 0.640900
INFO:kbc-cli.py:Epoch 72/100	test results	MRR 0.262691	H@1 0.189310	H@3 0.288080	H@5 0.336430	H@10 0.406040	H@20 0.476790	H@50 0.570020	H@100 0.639840
INFO:kbc-cli.py:Epoch 73/100	Loss 10.9175 ± 0.2758
INFO:kbc-cli.py:Epoch 74/100	Loss 10.9140 ± 0.2755
INFO:kbc-cli.py:Epoch 75/100	Loss 10.9107 ± 0.2744
INFO:kbc-cli.py:Epoch 75/100	dev results	MRR 0.260724	H@1 0.185970	H@3 0.286560	H@5 0.336990	H@10 0.406870	H@20 0.476960	H@50 0.570440	H@100 0.640200
INFO:kbc-cli.py:Epoch 75/100	test results	MRR 0.260978	H@1 0.187130	H@3 0.287110	H@5 0.335670	H@10 0.405820	H@20 0.476710	H@50 0.569440	H@100 0.639140
INFO:kbc-cli.py:Epoch 76/100	Loss 10.9073 ± 0.2740
INFO:kbc-cli.py:Epoch 77/100	Loss 10.9042 ± 0.2752
INFO:kbc-cli.py:Epoch 78/100	Loss 10.9010 ± 0.2756
INFO:kbc-cli.py:Epoch 78/100	dev results	MRR 0.260861	H@1 0.186330	H@3 0.287040	H@5 0.336530	H@10 0.406640	H@20 0.476890	H@50 0.570330	H@100 0.640140
INFO:kbc-cli.py:Epoch 78/100	test results	MRR 0.260947	H@1 0.187220	H@3 0.286170	H@5 0.335500	H@10 0.405720	H@20 0.476860	H@50 0.568780	H@100 0.638890
INFO:kbc-cli.py:Epoch 79/100	Loss 10.8979 ± 0.2751
INFO:kbc-cli.py:Epoch 80/100	Loss 10.8949 ± 0.2777
INFO:kbc-cli.py:Epoch 81/100	Loss 10.8919 ± 0.2735
INFO:kbc-cli.py:Epoch 81/100	dev results	MRR 0.260225	H@1 0.185800	H@3 0.285890	H@5 0.336030	H@10 0.405630	H@20 0.476620	H@50 0.570360	H@100 0.639650
INFO:kbc-cli.py:Epoch 81/100	test results	MRR 0.260813	H@1 0.187530	H@3 0.285990	H@5 0.334490	H@10 0.404960	H@20 0.475550	H@50 0.568620	H@100 0.638100
INFO:kbc-cli.py:Epoch 82/100	Loss 10.8889 ± 0.2745
INFO:kbc-cli.py:Epoch 83/100	Loss 10.8860 ± 0.2747
INFO:kbc-cli.py:Epoch 84/100	Loss 10.8831 ± 0.2760
INFO:kbc-cli.py:Epoch 84/100	dev results	MRR 0.260449	H@1 0.186290	H@3 0.285760	H@5 0.336270	H@10 0.405720	H@20 0.476420	H@50 0.569670	H@100 0.639470
INFO:kbc-cli.py:Epoch 84/100	test results	MRR 0.260504	H@1 0.187300	H@3 0.285580	H@5 0.333970	H@10 0.404900	H@20 0.475780	H@50 0.567940	H@100 0.638200
INFO:kbc-cli.py:Epoch 85/100	Loss 10.8804 ± 0.2751
INFO:kbc-cli.py:Epoch 86/100	Loss 10.8776 ± 0.2753
INFO:kbc-cli.py:Epoch 87/100	Loss 10.8749 ± 0.2751
INFO:kbc-cli.py:Epoch 87/100	dev results	MRR 0.260613	H@1 0.186580	H@3 0.285610	H@5 0.336410	H@10 0.405540	H@20 0.476340	H@50 0.569690	H@100 0.639490
INFO:kbc-cli.py:Epoch 87/100	test results	MRR 0.260279	H@1 0.186660	H@3 0.285740	H@5 0.334700	H@10 0.405200	H@20 0.475570	H@50 0.568030	H@100 0.638120
INFO:kbc-cli.py:Epoch 88/100	Loss 10.8722 ± 0.2744
INFO:kbc-cli.py:Epoch 89/100	Loss 10.8696 ± 0.2764
INFO:kbc-cli.py:Epoch 90/100	Loss 10.8670 ± 0.2744
INFO:kbc-cli.py:Epoch 90/100	dev results	MRR 0.259267	H@1 0.184900	H@3 0.284930	H@5 0.335290	H@10 0.405120	H@20 0.475490	H@50 0.569220	H@100 0.639350
INFO:kbc-cli.py:Epoch 90/100	test results	MRR 0.260235	H@1 0.187460	H@3 0.283950	H@5 0.334190	H@10 0.404750	H@20 0.474830	H@50 0.567150	H@100 0.637610
INFO:kbc-cli.py:Epoch 91/100	Loss 10.8645 ± 0.2744
INFO:kbc-cli.py:Epoch 92/100	Loss 10.8619 ± 0.2760
INFO:kbc-cli.py:Epoch 93/100	Loss 10.8595 ± 0.2752
INFO:kbc-cli.py:Epoch 93/100	dev results	MRR 0.259692	H@1 0.185360	H@3 0.285750	H@5 0.335460	H@10 0.404840	H@20 0.476130	H@50 0.569090	H@100 0.638850
INFO:kbc-cli.py:Epoch 93/100	test results	MRR 0.260237	H@1 0.187290	H@3 0.285310	H@5 0.334430	H@10 0.404320	H@20 0.475040	H@50 0.567100	H@100 0.637600
INFO:kbc-cli.py:Epoch 94/100	Loss 10.8570 ± 0.2732
INFO:kbc-cli.py:Epoch 95/100	Loss 10.8546 ± 0.2735
INFO:kbc-cli.py:Epoch 96/100	Loss 10.8523 ± 0.2749
INFO:kbc-cli.py:Epoch 96/100	dev results	MRR 0.259229	H@1 0.184870	H@3 0.285430	H@5 0.334820	H@10 0.404220	H@20 0.474930	H@50 0.568040	H@100 0.638470
INFO:kbc-cli.py:Epoch 96/100	test results	MRR 0.259658	H@1 0.186720	H@3 0.284160	H@5 0.333620	H@10 0.403410	H@20 0.474480	H@50 0.566050	H@100 0.636720
INFO:kbc-cli.py:Epoch 97/100	Loss 10.8499 ± 0.2762
INFO:kbc-cli.py:Epoch 98/100	Loss 10.8475 ± 0.2758
INFO:kbc-cli.py:Epoch 99/100	Loss 10.8453 ± 0.2727
INFO:kbc-cli.py:Epoch 99/100	dev results	MRR 0.258844	H@1 0.184690	H@3 0.284170	H@5 0.334720	H@10 0.404360	H@20 0.475280	H@50 0.568330	H@100 0.638240
INFO:kbc-cli.py:Epoch 99/100	test results	MRR 0.259073	H@1 0.185770	H@3 0.283920	H@5 0.333170	H@10 0.403520	H@20 0.473750	H@50 0.566100	H@100 0.636770
INFO:kbc-cli.py:Epoch 100/100	Loss 10.8431 ± 0.2733
INFO:kbc-cli.py:Final 	dev results	MRR 0.259649	H@1 0.185600	H@3 0.285750	H@5 0.334960	H@10 0.404490	H@20 0.475230	H@50 0.568180	H@100 0.638140
INFO:kbc-cli.py:Final 	test results	MRR 0.259988	H@1 0.186850	H@3 0.284880	H@5 0.334090	H@10 0.404150	H@20 0.473680	H@50 0.566140	H@100 0.636610
INFO:kbc-cli.py:Training finished
