./bin/kbc-cli.py --train data/hetionet/train.tsv --dev data/hetionet/valid.tsv --test data/hetionet/test.tsv -m complex -k 200 -b 100 -e 100 --F2 0 --N3 0.001 -l 0.1 -I standard -V 3 -o adagrad -c spo -q
{'F2': 0.0,
 'N3': 0.001,
 'batch_size': 100,
 'corruption': 'spo',
 'dev': 'data/hetionet/valid.tsv',
 'embedding_size': 200,
 'epochs': 100,
 'eval_batch_size': None,
 'input_type': 'standard',
 'learning_rate': 0.1,
 'load': None,
 'model': 'complex',
 'optimizer': 'adagrad',
 'quiet': True,
 'save': None,
 'seed': 0,
 'test': 'data/hetionet/test.tsv',
 'test_i': None,
 'test_ii': None,
 'train': 'data/hetionet/train.tsv',
 'validate_every': 3}
INFO:kbc-cli.py:Device: cuda
INFO:kbc-cli.py:Model state:
INFO:kbc-cli.py:	entities.weight	torch.Size([45160, 400])
INFO:kbc-cli.py:	predicates.weight	torch.Size([25, 400])
INFO:kbc-cli.py:Epoch 1/100	Loss 15.4996 ± 1.4875
INFO:kbc-cli.py:Epoch 2/100	Loss 13.0553 ± 0.2662
INFO:kbc-cli.py:Epoch 3/100	Loss 12.3214 ± 0.2980
INFO:kbc-cli.py:Epoch 3/100	dev results	MRR 0.287746	H@1 0.213080	H@3 0.315230	H@5 0.364810	H@10 0.434840	H@20 0.504720	H@50 0.593320	H@100 0.658590
INFO:kbc-cli.py:Epoch 3/100	test results	MRR 0.289316	H@1 0.215470	H@3 0.315860	H@5 0.366340	H@10 0.435700	H@20 0.503950	H@50 0.593480	H@100 0.660220
INFO:kbc-cli.py:Epoch 4/100	Loss 11.9328 ± 0.3092
INFO:kbc-cli.py:Epoch 5/100	Loss 11.6929 ± 0.3127
INFO:kbc-cli.py:Epoch 6/100	Loss 11.5261 ± 0.3103
INFO:kbc-cli.py:Epoch 6/100	dev results	MRR 0.300602	H@1 0.224260	H@3 0.329940	H@5 0.379940	H@10 0.450430	H@20 0.518160	H@50 0.602990	H@100 0.666050
INFO:kbc-cli.py:Epoch 6/100	test results	MRR 0.300582	H@1 0.224400	H@3 0.330070	H@5 0.380370	H@10 0.449700	H@20 0.518270	H@50 0.603480	H@100 0.667880
INFO:kbc-cli.py:Epoch 7/100	Loss 11.4011 ± 0.3098
INFO:kbc-cli.py:Epoch 8/100	Loss 11.3025 ± 0.3080
INFO:kbc-cli.py:Epoch 9/100	Loss 11.2222 ± 0.3051
INFO:kbc-cli.py:Epoch 9/100	dev results	MRR 0.305034	H@1 0.228950	H@3 0.335170	H@5 0.385400	H@10 0.453750	H@20 0.520030	H@50 0.603890	H@100 0.665650
INFO:kbc-cli.py:Epoch 9/100	test results	MRR 0.304974	H@1 0.229680	H@3 0.333870	H@5 0.383420	H@10 0.451690	H@20 0.519430	H@50 0.603940	H@100 0.667810
INFO:kbc-cli.py:Epoch 10/100	Loss 11.1549 ± 0.3042
INFO:kbc-cli.py:Epoch 11/100	Loss 11.0977 ± 0.3021
INFO:kbc-cli.py:Epoch 12/100	Loss 11.0480 ± 0.3004
INFO:kbc-cli.py:Epoch 12/100	dev results	MRR 0.305327	H@1 0.230040	H@3 0.334960	H@5 0.384370	H@10 0.452400	H@20 0.517850	H@50 0.602020	H@100 0.664100
INFO:kbc-cli.py:Epoch 12/100	test results	MRR 0.304079	H@1 0.228590	H@3 0.332980	H@5 0.384040	H@10 0.451570	H@20 0.518400	H@50 0.602130	H@100 0.666160
INFO:kbc-cli.py:Epoch 13/100	Loss 11.0046 ± 0.2996
INFO:kbc-cli.py:Epoch 14/100	Loss 10.9659 ± 0.2939
INFO:kbc-cli.py:Epoch 15/100	Loss 10.9315 ± 0.2950
INFO:kbc-cli.py:Epoch 15/100	dev results	MRR 0.305019	H@1 0.229800	H@3 0.334790	H@5 0.384800	H@10 0.452470	H@20 0.516300	H@50 0.600600	H@100 0.662940
INFO:kbc-cli.py:Epoch 15/100	test results	MRR 0.304313	H@1 0.228890	H@3 0.333480	H@5 0.384290	H@10 0.451550	H@20 0.517650	H@50 0.600350	H@100 0.664700
INFO:kbc-cli.py:Epoch 16/100	Loss 10.9001 ± 0.2935
INFO:kbc-cli.py:Epoch 17/100	Loss 10.8719 ± 0.2929
INFO:kbc-cli.py:Epoch 18/100	Loss 10.8462 ± 0.2920
INFO:kbc-cli.py:Epoch 18/100	dev results	MRR 0.304249	H@1 0.228450	H@3 0.335090	H@5 0.384470	H@10 0.451780	H@20 0.515520	H@50 0.599110	H@100 0.660900
INFO:kbc-cli.py:Epoch 18/100	test results	MRR 0.302848	H@1 0.227750	H@3 0.332180	H@5 0.381620	H@10 0.449710	H@20 0.516190	H@50 0.599840	H@100 0.662860
INFO:kbc-cli.py:Epoch 19/100	Loss 10.8222 ± 0.2895
INFO:kbc-cli.py:Epoch 20/100	Loss 10.8004 ± 0.2865
INFO:kbc-cli.py:Epoch 21/100	Loss 10.7802 ± 0.2879
INFO:kbc-cli.py:Epoch 21/100	dev results	MRR 0.304246	H@1 0.229510	H@3 0.334360	H@5 0.383700	H@10 0.450140	H@20 0.513870	H@50 0.597940	H@100 0.659780
INFO:kbc-cli.py:Epoch 21/100	test results	MRR 0.302858	H@1 0.227750	H@3 0.332690	H@5 0.382070	H@10 0.448130	H@20 0.515060	H@50 0.598440	H@100 0.662470
INFO:kbc-cli.py:Epoch 22/100	Loss 10.7613 ± 0.2897
INFO:kbc-cli.py:Epoch 23/100	Loss 10.7437 ± 0.2874
INFO:kbc-cli.py:Epoch 24/100	Loss 10.7273 ± 0.2863
INFO:kbc-cli.py:Epoch 24/100	dev results	MRR 0.302223	H@1 0.226960	H@3 0.332480	H@5 0.382140	H@10 0.448510	H@20 0.512600	H@50 0.596150	H@100 0.658320
INFO:kbc-cli.py:Epoch 24/100	test results	MRR 0.301617	H@1 0.226390	H@3 0.331170	H@5 0.380330	H@10 0.447320	H@20 0.514150	H@50 0.597290	H@100 0.661470
INFO:kbc-cli.py:Epoch 25/100	Loss 10.7118 ± 0.2837
INFO:kbc-cli.py:Epoch 26/100	Loss 10.6973 ± 0.2821
INFO:kbc-cli.py:Epoch 27/100	Loss 10.6835 ± 0.2813
INFO:kbc-cli.py:Epoch 27/100	dev results	MRR 0.301560	H@1 0.226470	H@3 0.332570	H@5 0.381170	H@10 0.447190	H@20 0.511330	H@50 0.594850	H@100 0.657370
INFO:kbc-cli.py:Epoch 27/100	test results	MRR 0.300809	H@1 0.225690	H@3 0.330540	H@5 0.379400	H@10 0.446340	H@20 0.514770	H@50 0.595630	H@100 0.659490
INFO:kbc-cli.py:Epoch 28/100	Loss 10.6705 ± 0.2814
INFO:kbc-cli.py:Epoch 29/100	Loss 10.6583 ± 0.2820
INFO:kbc-cli.py:Epoch 30/100	Loss 10.6465 ± 0.2808
INFO:kbc-cli.py:Epoch 30/100	dev results	MRR 0.301616	H@1 0.227130	H@3 0.331450	H@5 0.380610	H@10 0.447060	H@20 0.510360	H@50 0.593670	H@100 0.656130
INFO:kbc-cli.py:Epoch 30/100	test results	MRR 0.300862	H@1 0.226190	H@3 0.329670	H@5 0.379440	H@10 0.445680	H@20 0.512810	H@50 0.594470	H@100 0.658780
INFO:kbc-cli.py:Epoch 31/100	Loss 10.6355 ± 0.2797
INFO:kbc-cli.py:Epoch 32/100	Loss 10.6248 ± 0.2804
INFO:kbc-cli.py:Epoch 33/100	Loss 10.6148 ± 0.2784
INFO:kbc-cli.py:Epoch 33/100	dev results	MRR 0.300547	H@1 0.226530	H@3 0.329180	H@5 0.379550	H@10 0.445740	H@20 0.509440	H@50 0.592880	H@100 0.654550
INFO:kbc-cli.py:Epoch 33/100	test results	MRR 0.299866	H@1 0.225130	H@3 0.328660	H@5 0.378680	H@10 0.444530	H@20 0.511480	H@50 0.593920	H@100 0.657590
INFO:kbc-cli.py:Epoch 34/100	Loss 10.6051 ± 0.2768
INFO:kbc-cli.py:Epoch 35/100	Loss 10.5959 ± 0.2778
INFO:kbc-cli.py:Epoch 36/100	Loss 10.5871 ± 0.2774
INFO:kbc-cli.py:Epoch 36/100	dev results	MRR 0.299757	H@1 0.225660	H@3 0.328810	H@5 0.378820	H@10 0.443960	H@20 0.506960	H@50 0.591690	H@100 0.653890
INFO:kbc-cli.py:Epoch 36/100	test results	MRR 0.299320	H@1 0.224950	H@3 0.327830	H@5 0.377090	H@10 0.443390	H@20 0.510000	H@50 0.592800	H@100 0.656370
INFO:kbc-cli.py:Epoch 37/100	Loss 10.5786 ± 0.2759
INFO:kbc-cli.py:Epoch 38/100	Loss 10.5704 ± 0.2775
INFO:kbc-cli.py:Epoch 39/100	Loss 10.5625 ± 0.2757
INFO:kbc-cli.py:Epoch 39/100	dev results	MRR 0.298866	H@1 0.224780	H@3 0.328180	H@5 0.378000	H@10 0.442920	H@20 0.506150	H@50 0.590000	H@100 0.652530
INFO:kbc-cli.py:Epoch 39/100	test results	MRR 0.298560	H@1 0.224360	H@3 0.326990	H@5 0.376440	H@10 0.442250	H@20 0.508970	H@50 0.591350	H@100 0.654480
INFO:kbc-cli.py:Epoch 40/100	Loss 10.5550 ± 0.2754
INFO:kbc-cli.py:Epoch 41/100	Loss 10.5477 ± 0.2748
INFO:kbc-cli.py:Epoch 42/100	Loss 10.5407 ± 0.2722
INFO:kbc-cli.py:Epoch 42/100	dev results	MRR 0.297662	H@1 0.223480	H@3 0.327230	H@5 0.376310	H@10 0.441810	H@20 0.505640	H@50 0.589460	H@100 0.652230
INFO:kbc-cli.py:Epoch 42/100	test results	MRR 0.297527	H@1 0.223310	H@3 0.326240	H@5 0.375920	H@10 0.441230	H@20 0.508130	H@50 0.590660	H@100 0.654200
INFO:kbc-cli.py:Epoch 43/100	Loss 10.5339 ± 0.2767
INFO:kbc-cli.py:Epoch 44/100	Loss 10.5274 ± 0.2751
INFO:kbc-cli.py:Epoch 45/100	Loss 10.5210 ± 0.2722
INFO:kbc-cli.py:Epoch 45/100	dev results	MRR 0.297654	H@1 0.223270	H@3 0.327390	H@5 0.376920	H@10 0.441240	H@20 0.504930	H@50 0.588550	H@100 0.650770
INFO:kbc-cli.py:Epoch 45/100	test results	MRR 0.297405	H@1 0.223170	H@3 0.325940	H@5 0.375730	H@10 0.441130	H@20 0.508000	H@50 0.589930	H@100 0.652890
INFO:kbc-cli.py:Epoch 46/100	Loss 10.5149 ± 0.2733
INFO:kbc-cli.py:Epoch 47/100	Loss 10.5089 ± 0.2699
INFO:kbc-cli.py:Epoch 48/100	Loss 10.5032 ± 0.2699
INFO:kbc-cli.py:Epoch 48/100	dev results	MRR 0.296320	H@1 0.222160	H@3 0.326120	H@5 0.374890	H@10 0.440000	H@20 0.503370	H@50 0.587100	H@100 0.649890
INFO:kbc-cli.py:Epoch 48/100	test results	MRR 0.296404	H@1 0.222360	H@3 0.325360	H@5 0.374340	H@10 0.440100	H@20 0.506410	H@50 0.588820	H@100 0.651870
INFO:kbc-cli.py:Epoch 49/100	Loss 10.4977 ± 0.2731
INFO:kbc-cli.py:Epoch 50/100	Loss 10.4922 ± 0.2697
INFO:kbc-cli.py:Epoch 51/100	Loss 10.4871 ± 0.2709
INFO:kbc-cli.py:Epoch 51/100	dev results	MRR 0.296555	H@1 0.223010	H@3 0.325960	H@5 0.374900	H@10 0.439700	H@20 0.502950	H@50 0.586390	H@100 0.649160
INFO:kbc-cli.py:Epoch 51/100	test results	MRR 0.295842	H@1 0.221860	H@3 0.324380	H@5 0.374040	H@10 0.439050	H@20 0.506190	H@50 0.588190	H@100 0.651210
INFO:kbc-cli.py:Epoch 52/100	Loss 10.4819 ± 0.2702
INFO:kbc-cli.py:Epoch 53/100	Loss 10.4769 ± 0.2709
INFO:kbc-cli.py:Epoch 54/100	Loss 10.4721 ± 0.2686
INFO:kbc-cli.py:Epoch 54/100	dev results	MRR 0.295536	H@1 0.221760	H@3 0.324240	H@5 0.374520	H@10 0.438760	H@20 0.502110	H@50 0.585630	H@100 0.648270
INFO:kbc-cli.py:Epoch 54/100	test results	MRR 0.295310	H@1 0.221440	H@3 0.323900	H@5 0.373410	H@10 0.438440	H@20 0.504610	H@50 0.587570	H@100 0.650290
INFO:kbc-cli.py:Epoch 55/100	Loss 10.4675 ± 0.2699
INFO:kbc-cli.py:Epoch 56/100	Loss 10.4629 ± 0.2697
INFO:kbc-cli.py:Epoch 57/100	Loss 10.4584 ± 0.2695
INFO:kbc-cli.py:Epoch 57/100	dev results	MRR 0.295423	H@1 0.221800	H@3 0.324670	H@5 0.373700	H@10 0.438390	H@20 0.501030	H@50 0.584400	H@100 0.647250
INFO:kbc-cli.py:Epoch 57/100	test results	MRR 0.294928	H@1 0.221280	H@3 0.323470	H@5 0.372450	H@10 0.438300	H@20 0.505100	H@50 0.586460	H@100 0.649410
INFO:kbc-cli.py:Epoch 58/100	Loss 10.4541 ± 0.2688
INFO:kbc-cli.py:Epoch 59/100	Loss 10.4500 ± 0.2705
INFO:kbc-cli.py:Epoch 60/100	Loss 10.4458 ± 0.2679
INFO:kbc-cli.py:Epoch 60/100	dev results	MRR 0.294408	H@1 0.220830	H@3 0.323100	H@5 0.373010	H@10 0.437500	H@20 0.500150	H@50 0.584120	H@100 0.646330
INFO:kbc-cli.py:Epoch 60/100	test results	MRR 0.293561	H@1 0.219580	H@3 0.322180	H@5 0.371350	H@10 0.437270	H@20 0.503430	H@50 0.585960	H@100 0.648830
INFO:kbc-cli.py:Epoch 61/100	Loss 10.4417 ± 0.2691
INFO:kbc-cli.py:Epoch 62/100	Loss 10.4378 ± 0.2693
INFO:kbc-cli.py:Epoch 63/100	Loss 10.4340 ± 0.2681
INFO:kbc-cli.py:Epoch 63/100	dev results	MRR 0.294401	H@1 0.221070	H@3 0.323170	H@5 0.373120	H@10 0.436340	H@20 0.499060	H@50 0.583490	H@100 0.645760
INFO:kbc-cli.py:Epoch 63/100	test results	MRR 0.293683	H@1 0.219950	H@3 0.321910	H@5 0.371020	H@10 0.436240	H@20 0.502830	H@50 0.585140	H@100 0.648510
INFO:kbc-cli.py:Epoch 64/100	Loss 10.4302 ± 0.2673
INFO:kbc-cli.py:Epoch 65/100	Loss 10.4265 ± 0.2685
INFO:kbc-cli.py:Epoch 66/100	Loss 10.4230 ± 0.2662
INFO:kbc-cli.py:Epoch 66/100	dev results	MRR 0.293849	H@1 0.220400	H@3 0.322570	H@5 0.372060	H@10 0.436440	H@20 0.499480	H@50 0.582520	H@100 0.644990
INFO:kbc-cli.py:Epoch 66/100	test results	MRR 0.293005	H@1 0.219470	H@3 0.321510	H@5 0.370170	H@10 0.436200	H@20 0.502520	H@50 0.584470	H@100 0.647450
INFO:kbc-cli.py:Epoch 67/100	Loss 10.4195 ± 0.2683
INFO:kbc-cli.py:Epoch 68/100	Loss 10.4161 ± 0.2671
INFO:kbc-cli.py:Epoch 69/100	Loss 10.4128 ± 0.2645
INFO:kbc-cli.py:Epoch 69/100	dev results	MRR 0.292670	H@1 0.219260	H@3 0.321390	H@5 0.370790	H@10 0.434970	H@20 0.498600	H@50 0.581200	H@100 0.644540
INFO:kbc-cli.py:Epoch 69/100	test results	MRR 0.292042	H@1 0.218150	H@3 0.320710	H@5 0.369690	H@10 0.435120	H@20 0.501680	H@50 0.583670	H@100 0.647350
INFO:kbc-cli.py:Epoch 70/100	Loss 10.4094 ± 0.2666
INFO:kbc-cli.py:Epoch 71/100	Loss 10.4062 ± 0.2640
INFO:kbc-cli.py:Epoch 72/100	Loss 10.4031 ± 0.2648
INFO:kbc-cli.py:Epoch 72/100	dev results	MRR 0.292629	H@1 0.219220	H@3 0.321190	H@5 0.371100	H@10 0.434990	H@20 0.498160	H@50 0.581220	H@100 0.643710
INFO:kbc-cli.py:Epoch 72/100	test results	MRR 0.292426	H@1 0.219130	H@3 0.320260	H@5 0.369170	H@10 0.435360	H@20 0.501130	H@50 0.583660	H@100 0.646730
INFO:kbc-cli.py:Epoch 73/100	Loss 10.4000 ± 0.2645
INFO:kbc-cli.py:Epoch 74/100	Loss 10.3970 ± 0.2667
INFO:kbc-cli.py:Epoch 75/100	Loss 10.3940 ± 0.2644
INFO:kbc-cli.py:Epoch 75/100	dev results	MRR 0.291423	H@1 0.218060	H@3 0.319820	H@5 0.369730	H@10 0.434200	H@20 0.497180	H@50 0.580270	H@100 0.643420
INFO:kbc-cli.py:Epoch 75/100	test results	MRR 0.290527	H@1 0.216710	H@3 0.318720	H@5 0.367730	H@10 0.434300	H@20 0.500160	H@50 0.582700	H@100 0.645880
INFO:kbc-cli.py:Epoch 76/100	Loss 10.3911 ± 0.2654
INFO:kbc-cli.py:Epoch 77/100	Loss 10.3883 ± 0.2670
INFO:kbc-cli.py:Epoch 78/100	Loss 10.3855 ± 0.2646
INFO:kbc-cli.py:Epoch 78/100	dev results	MRR 0.291318	H@1 0.218000	H@3 0.319720	H@5 0.369470	H@10 0.433800	H@20 0.496780	H@50 0.579980	H@100 0.642840
INFO:kbc-cli.py:Epoch 78/100	test results	MRR 0.290440	H@1 0.216800	H@3 0.319130	H@5 0.367210	H@10 0.433590	H@20 0.499670	H@50 0.582160	H@100 0.645710
INFO:kbc-cli.py:Epoch 79/100	Loss 10.3827 ± 0.2640
INFO:kbc-cli.py:Epoch 80/100	Loss 10.3800 ± 0.2659
INFO:kbc-cli.py:Epoch 81/100	Loss 10.3774 ± 0.2636
INFO:kbc-cli.py:Epoch 81/100	dev results	MRR 0.290541	H@1 0.217450	H@3 0.319100	H@5 0.368710	H@10 0.432920	H@20 0.495980	H@50 0.579320	H@100 0.642090
INFO:kbc-cli.py:Epoch 81/100	test results	MRR 0.289827	H@1 0.216540	H@3 0.317860	H@5 0.366460	H@10 0.432700	H@20 0.499030	H@50 0.581170	H@100 0.644910
INFO:kbc-cli.py:Epoch 82/100	Loss 10.3748 ± 0.2639
INFO:kbc-cli.py:Epoch 83/100	Loss 10.3722 ± 0.2636
INFO:kbc-cli.py:Epoch 84/100	Loss 10.3697 ± 0.2634
INFO:kbc-cli.py:Epoch 84/100	dev results	MRR 0.290200	H@1 0.217180	H@3 0.318580	H@5 0.368430	H@10 0.433330	H@20 0.495550	H@50 0.578920	H@100 0.641480
INFO:kbc-cli.py:Epoch 84/100	test results	MRR 0.289825	H@1 0.216640	H@3 0.317980	H@5 0.366110	H@10 0.432490	H@20 0.498600	H@50 0.581190	H@100 0.644310
INFO:kbc-cli.py:Epoch 85/100	Loss 10.3673 ± 0.2641
INFO:kbc-cli.py:Epoch 86/100	Loss 10.3648 ± 0.2649
INFO:kbc-cli.py:Epoch 87/100	Loss 10.3625 ± 0.2635
INFO:kbc-cli.py:Epoch 87/100	dev results	MRR 0.290155	H@1 0.217170	H@3 0.318170	H@5 0.367780	H@10 0.433070	H@20 0.495410	H@50 0.578290	H@100 0.641280
INFO:kbc-cli.py:Epoch 87/100	test results	MRR 0.289474	H@1 0.216260	H@3 0.317810	H@5 0.365920	H@10 0.432230	H@20 0.497920	H@50 0.580510	H@100 0.643940
INFO:kbc-cli.py:Epoch 88/100	Loss 10.3601 ± 0.2631
INFO:kbc-cli.py:Epoch 89/100	Loss 10.3578 ± 0.2644
INFO:kbc-cli.py:Epoch 90/100	Loss 10.3556 ± 0.2647
INFO:kbc-cli.py:Epoch 90/100	dev results	MRR 0.289426	H@1 0.216520	H@3 0.317250	H@5 0.367270	H@10 0.431960	H@20 0.495090	H@50 0.578060	H@100 0.640880
INFO:kbc-cli.py:Epoch 90/100	test results	MRR 0.288741	H@1 0.215260	H@3 0.317150	H@5 0.365000	H@10 0.431300	H@20 0.497720	H@50 0.580170	H@100 0.643100
INFO:kbc-cli.py:Epoch 91/100	Loss 10.3533 ± 0.2612
INFO:kbc-cli.py:Epoch 92/100	Loss 10.3511 ± 0.2626
INFO:kbc-cli.py:Epoch 93/100	Loss 10.3490 ± 0.2637
INFO:kbc-cli.py:Epoch 93/100	dev results	MRR 0.289024	H@1 0.215770	H@3 0.317940	H@5 0.367010	H@10 0.431880	H@20 0.494640	H@50 0.577450	H@100 0.640200
INFO:kbc-cli.py:Epoch 93/100	test results	MRR 0.288657	H@1 0.215480	H@3 0.316860	H@5 0.365340	H@10 0.431050	H@20 0.497390	H@50 0.579750	H@100 0.642770
INFO:kbc-cli.py:Epoch 94/100	Loss 10.3468 ± 0.2625
INFO:kbc-cli.py:Epoch 95/100	Loss 10.3448 ± 0.2614
INFO:kbc-cli.py:Epoch 96/100	Loss 10.3427 ± 0.2638
INFO:kbc-cli.py:Epoch 96/100	dev results	MRR 0.288233	H@1 0.215330	H@3 0.316250	H@5 0.365310	H@10 0.430690	H@20 0.493300	H@50 0.576490	H@100 0.639910
INFO:kbc-cli.py:Epoch 96/100	test results	MRR 0.287780	H@1 0.214570	H@3 0.316230	H@5 0.363990	H@10 0.430190	H@20 0.496260	H@50 0.578930	H@100 0.642100
INFO:kbc-cli.py:Epoch 97/100	Loss 10.3407 ± 0.2642
INFO:kbc-cli.py:Epoch 98/100	Loss 10.3386 ± 0.2643
INFO:kbc-cli.py:Epoch 99/100	Loss 10.3367 ± 0.2609
INFO:kbc-cli.py:Epoch 99/100	dev results	MRR 0.287593	H@1 0.214340	H@3 0.316020	H@5 0.365580	H@10 0.430840	H@20 0.493270	H@50 0.576280	H@100 0.639210
INFO:kbc-cli.py:Epoch 99/100	test results	MRR 0.287457	H@1 0.214450	H@3 0.315700	H@5 0.363540	H@10 0.429770	H@20 0.496010	H@50 0.578810	H@100 0.641920
INFO:kbc-cli.py:Epoch 100/100	Loss 10.3347 ± 0.2611
INFO:kbc-cli.py:Final 	dev results	MRR 0.287991	H@1 0.215050	H@3 0.315920	H@5 0.365660	H@10 0.430890	H@20 0.493590	H@50 0.576410	H@100 0.639340
INFO:kbc-cli.py:Final 	test results	MRR 0.287715	H@1 0.214750	H@3 0.316010	H@5 0.363980	H@10 0.430160	H@20 0.496110	H@50 0.578890	H@100 0.641530
INFO:kbc-cli.py:Training finished
