./bin/kbc-cli.py --train data/hetionet/train.tsv --dev data/hetionet/valid.tsv --test data/hetionet/test.tsv -m complex -k 1000 -b 50 -e 100 --F2 0 --N3 0.005 -l 0.1 -I standard -V 3 -o adagrad -c so -q
{'F2': 0.0,
 'N3': 0.005,
 'batch_size': 50,
 'corruption': 'so',
 'dev': 'data/hetionet/valid.tsv',
 'embedding_size': 1000,
 'epochs': 100,
 'eval_batch_size': None,
 'input_type': 'standard',
 'learning_rate': 0.1,
 'load': None,
 'model': 'complex',
 'optimizer': 'adagrad',
 'quiet': True,
 'save': None,
 'seed': 0,
 'test': 'data/hetionet/test.tsv',
 'test_i': None,
 'test_ii': None,
 'train': 'data/hetionet/train.tsv',
 'validate_every': 3}
INFO:kbc-cli.py:Device: cuda
INFO:kbc-cli.py:Model state:
INFO:kbc-cli.py:	entities.weight	torch.Size([45160, 2000])
INFO:kbc-cli.py:	predicates.weight	torch.Size([25, 2000])
INFO:kbc-cli.py:Epoch 1/100	Loss 16.9650 ± 1.4598
INFO:kbc-cli.py:Epoch 2/100	Loss 14.1620 ± 0.4924
INFO:kbc-cli.py:Epoch 3/100	Loss 13.1534 ± 0.4332
INFO:kbc-cli.py:Epoch 3/100	dev results	MRR 0.330164	H@1 0.253550	H@3 0.359040	H@5 0.409700	H@10 0.481630	H@20 0.549620	H@50 0.634230	H@100 0.695980
INFO:kbc-cli.py:Epoch 3/100	test results	MRR 0.330111	H@1 0.254160	H@3 0.358060	H@5 0.409470	H@10 0.479700	H@20 0.547760	H@50 0.631630	H@100 0.694060
INFO:kbc-cli.py:Epoch 4/100	Loss 12.6085 ± 0.4193
INFO:kbc-cli.py:Epoch 5/100	Loss 12.2834 ± 0.4152
INFO:kbc-cli.py:Epoch 6/100	Loss 12.0662 ± 0.4051
INFO:kbc-cli.py:Epoch 6/100	dev results	MRR 0.358169	H@1 0.282680	H@3 0.386930	H@5 0.438540	H@10 0.507160	H@20 0.572950	H@50 0.652960	H@100 0.710470
INFO:kbc-cli.py:Epoch 6/100	test results	MRR 0.358793	H@1 0.283870	H@3 0.387860	H@5 0.438750	H@10 0.506500	H@20 0.570550	H@50 0.649440	H@100 0.709490
INFO:kbc-cli.py:Epoch 7/100	Loss 11.9082 ± 0.3994
INFO:kbc-cli.py:Epoch 8/100	Loss 11.7864 ± 0.3964
INFO:kbc-cli.py:Epoch 9/100	Loss 11.6886 ± 0.3895
INFO:kbc-cli.py:Epoch 9/100	dev results	MRR 0.368802	H@1 0.293900	H@3 0.398400	H@5 0.449320	H@10 0.515270	H@20 0.579730	H@50 0.657480	H@100 0.713390
INFO:kbc-cli.py:Epoch 9/100	test results	MRR 0.369349	H@1 0.295530	H@3 0.398720	H@5 0.447790	H@10 0.514560	H@20 0.577840	H@50 0.655380	H@100 0.712310
INFO:kbc-cli.py:Epoch 10/100	Loss 11.6078 ± 0.3852
INFO:kbc-cli.py:Epoch 11/100	Loss 11.5395 ± 0.3805
INFO:kbc-cli.py:Epoch 12/100	Loss 11.4808 ± 0.3794
INFO:kbc-cli.py:Epoch 12/100	dev results	MRR 0.372300	H@1 0.298020	H@3 0.402100	H@5 0.451990	H@10 0.516580	H@20 0.580200	H@50 0.656000	H@100 0.713210
INFO:kbc-cli.py:Epoch 12/100	test results	MRR 0.372732	H@1 0.299670	H@3 0.402600	H@5 0.450400	H@10 0.515730	H@20 0.577990	H@50 0.654980	H@100 0.711950
INFO:kbc-cli.py:Epoch 13/100	Loss 11.4296 ± 0.3760
INFO:kbc-cli.py:Epoch 14/100	Loss 11.3843 ± 0.3713
INFO:kbc-cli.py:Epoch 15/100	Loss 11.3439 ± 0.3678
INFO:kbc-cli.py:Epoch 15/100	dev results	MRR 0.374519	H@1 0.301320	H@3 0.403860	H@5 0.452180	H@10 0.517530	H@20 0.579630	H@50 0.655330	H@100 0.711520
INFO:kbc-cli.py:Epoch 15/100	test results	MRR 0.374552	H@1 0.301820	H@3 0.404090	H@5 0.451690	H@10 0.516060	H@20 0.577870	H@50 0.653670	H@100 0.711040
INFO:kbc-cli.py:Epoch 16/100	Loss 11.3075 ± 0.3672
INFO:kbc-cli.py:Epoch 17/100	Loss 11.2746 ± 0.3652
INFO:kbc-cli.py:Epoch 18/100	Loss 11.2448 ± 0.3621
INFO:kbc-cli.py:Epoch 18/100	dev results	MRR 0.375730	H@1 0.303250	H@3 0.405190	H@5 0.451990	H@10 0.516540	H@20 0.578640	H@50 0.655330	H@100 0.709890
INFO:kbc-cli.py:Epoch 18/100	test results	MRR 0.375764	H@1 0.304260	H@3 0.404900	H@5 0.451110	H@10 0.514280	H@20 0.576280	H@50 0.653560	H@100 0.710130
INFO:kbc-cli.py:Epoch 19/100	Loss 11.2171 ± 0.3598
INFO:kbc-cli.py:Epoch 20/100	Loss 11.1919 ± 0.3578
INFO:kbc-cli.py:Epoch 21/100	Loss 11.1685 ± 0.3571
INFO:kbc-cli.py:Epoch 21/100	dev results	MRR 0.377611	H@1 0.306260	H@3 0.406140	H@5 0.452680	H@10 0.517040	H@20 0.578170	H@50 0.653880	H@100 0.709660
INFO:kbc-cli.py:Epoch 21/100	test results	MRR 0.377604	H@1 0.306640	H@3 0.406470	H@5 0.451940	H@10 0.515900	H@20 0.575830	H@50 0.651940	H@100 0.709020
INFO:kbc-cli.py:Epoch 22/100	Loss 11.1468 ± 0.3573
INFO:kbc-cli.py:Epoch 23/100	Loss 11.1265 ± 0.3557
INFO:kbc-cli.py:Epoch 24/100	Loss 11.1075 ± 0.3550
INFO:kbc-cli.py:Epoch 24/100	dev results	MRR 0.377321	H@1 0.305330	H@3 0.407160	H@5 0.453530	H@10 0.516120	H@20 0.577530	H@50 0.652710	H@100 0.708440
INFO:kbc-cli.py:Epoch 24/100	test results	MRR 0.377577	H@1 0.306580	H@3 0.406300	H@5 0.452760	H@10 0.515150	H@20 0.575390	H@50 0.651770	H@100 0.708080
INFO:kbc-cli.py:Epoch 25/100	Loss 11.0898 ± 0.3516
INFO:kbc-cli.py:Epoch 26/100	Loss 11.0732 ± 0.3510
INFO:kbc-cli.py:Epoch 27/100	Loss 11.0574 ± 0.3497
INFO:kbc-cli.py:Epoch 27/100	dev results	MRR 0.378900	H@1 0.307600	H@3 0.408460	H@5 0.455090	H@10 0.517090	H@20 0.577560	H@50 0.653150	H@100 0.708350
INFO:kbc-cli.py:Epoch 27/100	test results	MRR 0.378756	H@1 0.308180	H@3 0.407100	H@5 0.453750	H@10 0.514530	H@20 0.575350	H@50 0.651240	H@100 0.707880
INFO:kbc-cli.py:Epoch 28/100	Loss 11.0427 ± 0.3470
INFO:kbc-cli.py:Epoch 29/100	Loss 11.0286 ± 0.3485
INFO:kbc-cli.py:Epoch 30/100	Loss 11.0153 ± 0.3472
INFO:kbc-cli.py:Epoch 30/100	dev results	MRR 0.379317	H@1 0.308710	H@3 0.407970	H@5 0.454350	H@10 0.516450	H@20 0.576580	H@50 0.651230	H@100 0.707230
INFO:kbc-cli.py:Epoch 30/100	test results	MRR 0.379291	H@1 0.309310	H@3 0.407700	H@5 0.453780	H@10 0.515280	H@20 0.574390	H@50 0.650520	H@100 0.706590
INFO:kbc-cli.py:Epoch 31/100	Loss 11.0026 ± 0.3460
INFO:kbc-cli.py:Epoch 32/100	Loss 10.9906 ± 0.3444
INFO:kbc-cli.py:Epoch 33/100	Loss 10.9792 ± 0.3433
INFO:kbc-cli.py:Epoch 33/100	dev results	MRR 0.379293	H@1 0.309010	H@3 0.407680	H@5 0.453320	H@10 0.515510	H@20 0.576260	H@50 0.650790	H@100 0.706570
INFO:kbc-cli.py:Epoch 33/100	test results	MRR 0.378845	H@1 0.308640	H@3 0.407620	H@5 0.452740	H@10 0.514660	H@20 0.574110	H@50 0.649630	H@100 0.706470
INFO:kbc-cli.py:Epoch 34/100	Loss 10.9681 ± 0.3428
INFO:kbc-cli.py:Epoch 35/100	Loss 10.9578 ± 0.3418
INFO:kbc-cli.py:Epoch 36/100	Loss 10.9478 ± 0.3427
INFO:kbc-cli.py:Epoch 36/100	dev results	MRR 0.379642	H@1 0.309320	H@3 0.408100	H@5 0.453980	H@10 0.516320	H@20 0.575650	H@50 0.649710	H@100 0.706160
INFO:kbc-cli.py:Epoch 36/100	test results	MRR 0.379483	H@1 0.309730	H@3 0.407580	H@5 0.453450	H@10 0.514800	H@20 0.573720	H@50 0.649240	H@100 0.705750
INFO:kbc-cli.py:Epoch 37/100	Loss 10.9382 ± 0.3419
INFO:kbc-cli.py:Epoch 38/100	Loss 10.9290 ± 0.3404
INFO:kbc-cli.py:Epoch 39/100	Loss 10.9202 ± 0.3399
INFO:kbc-cli.py:Epoch 39/100	dev results	MRR 0.380231	H@1 0.310110	H@3 0.408810	H@5 0.455200	H@10 0.516800	H@20 0.575660	H@50 0.649380	H@100 0.704870
INFO:kbc-cli.py:Epoch 39/100	test results	MRR 0.380229	H@1 0.310840	H@3 0.408280	H@5 0.453140	H@10 0.515320	H@20 0.573740	H@50 0.648420	H@100 0.704620
INFO:kbc-cli.py:Epoch 40/100	Loss 10.9117 ± 0.3407
INFO:kbc-cli.py:Epoch 41/100	Loss 10.9035 ± 0.3405
INFO:kbc-cli.py:Epoch 42/100	Loss 10.8958 ± 0.3376
INFO:kbc-cli.py:Epoch 42/100	dev results	MRR 0.379054	H@1 0.308430	H@3 0.407780	H@5 0.453860	H@10 0.516220	H@20 0.574740	H@50 0.649440	H@100 0.704620
INFO:kbc-cli.py:Epoch 42/100	test results	MRR 0.379141	H@1 0.309640	H@3 0.407160	H@5 0.452730	H@10 0.513730	H@20 0.572600	H@50 0.647920	H@100 0.704210
INFO:kbc-cli.py:Epoch 43/100	Loss 10.8881 ± 0.3392
