./bin/kbc-cli.py --train data/hetionet/train.tsv --dev data/hetionet/valid.tsv --test data/hetionet/test.tsv -m complex -k 500 -b 500 -e 100 --F2 0 --N3 0.5 -l 0.1 -I standard -V 3 -o adagrad -c spo -q
{'F2': 0.0,
 'N3': 0.5,
 'batch_size': 500,
 'corruption': 'spo',
 'dev': 'data/hetionet/valid.tsv',
 'embedding_size': 500,
 'epochs': 100,
 'eval_batch_size': None,
 'input_type': 'standard',
 'learning_rate': 0.1,
 'load': None,
 'model': 'complex',
 'optimizer': 'adagrad',
 'quiet': True,
 'save': None,
 'seed': 0,
 'test': 'data/hetionet/test.tsv',
 'test_i': None,
 'test_ii': None,
 'train': 'data/hetionet/train.tsv',
 'validate_every': 3}
INFO:kbc-cli.py:Device: cuda
INFO:kbc-cli.py:Model state:
INFO:kbc-cli.py:	entities.weight	torch.Size([45160, 1000])
INFO:kbc-cli.py:	predicates.weight	torch.Size([25, 1000])
INFO:kbc-cli.py:Epoch 1/100	Loss 70.2124 ± 11.6641
INFO:kbc-cli.py:Epoch 2/100	Loss 49.2027 ± 6.7914
INFO:kbc-cli.py:Epoch 3/100	Loss 43.3305 ± 5.7117
INFO:kbc-cli.py:Epoch 3/100	dev results	MRR 0.093124	H@1 0.060700	H@3 0.096050	H@5 0.117140	H@10 0.155820	H@20 0.202690	H@50 0.270240	H@100 0.321200
INFO:kbc-cli.py:Epoch 3/100	test results	MRR 0.094002	H@1 0.061520	H@3 0.096890	H@5 0.118230	H@10 0.156630	H@20 0.202230	H@50 0.270780	H@100 0.321730
INFO:kbc-cli.py:Epoch 4/100	Loss 40.0415 ± 5.0242
INFO:kbc-cli.py:Epoch 5/100	Loss 37.8380 ± 4.7403
INFO:kbc-cli.py:Epoch 6/100	Loss 36.2272 ± 4.3124
INFO:kbc-cli.py:Epoch 6/100	dev results	MRR 0.094899	H@1 0.060480	H@3 0.096530	H@5 0.121520	H@10 0.163210	H@20 0.212570	H@50 0.286860	H@100 0.339900
INFO:kbc-cli.py:Epoch 6/100	test results	MRR 0.095189	H@1 0.060300	H@3 0.098070	H@5 0.122650	H@10 0.163990	H@20 0.211690	H@50 0.285100	H@100 0.338380
INFO:kbc-cli.py:Epoch 7/100	Loss 34.9776 ± 4.0542
INFO:kbc-cli.py:Epoch 8/100	Loss 33.9723 ± 3.8321
INFO:kbc-cli.py:Epoch 9/100	Loss 33.1415 ± 3.6902
INFO:kbc-cli.py:Epoch 9/100	dev results	MRR 0.096239	H@1 0.059430	H@3 0.099090	H@5 0.124770	H@10 0.168270	H@20 0.222090	H@50 0.300480	H@100 0.357060
INFO:kbc-cli.py:Epoch 9/100	test results	MRR 0.097049	H@1 0.060430	H@3 0.100420	H@5 0.125620	H@10 0.167950	H@20 0.219890	H@50 0.297630	H@100 0.355610
INFO:kbc-cli.py:Epoch 10/100	Loss 32.4376 ± 3.5892
INFO:kbc-cli.py:Epoch 11/100	Loss 31.8369 ± 3.3122
INFO:kbc-cli.py:Epoch 12/100	Loss 31.3088 ± 3.2376
INFO:kbc-cli.py:Epoch 12/100	dev results	MRR 0.096135	H@1 0.058730	H@3 0.098560	H@5 0.124960	H@10 0.169980	H@20 0.224100	H@50 0.303500	H@100 0.362130
INFO:kbc-cli.py:Epoch 12/100	test results	MRR 0.096669	H@1 0.059240	H@3 0.100050	H@5 0.125460	H@10 0.169760	H@20 0.222960	H@50 0.301770	H@100 0.359320
INFO:kbc-cli.py:Epoch 13/100	Loss 30.8459 ± 3.1076
INFO:kbc-cli.py:Epoch 14/100	Loss 30.4353 ± 3.0402
INFO:kbc-cli.py:Epoch 15/100	Loss 30.0655 ± 2.8979
INFO:kbc-cli.py:Epoch 15/100	dev results	MRR 0.094982	H@1 0.057070	H@3 0.097830	H@5 0.123160	H@10 0.169460	H@20 0.224410	H@50 0.305450	H@100 0.363640
INFO:kbc-cli.py:Epoch 15/100	test results	MRR 0.095666	H@1 0.058110	H@3 0.098670	H@5 0.124540	H@10 0.169680	H@20 0.222520	H@50 0.304160	H@100 0.362010
INFO:kbc-cli.py:Epoch 16/100	Loss 29.7333 ± 2.7701
INFO:kbc-cli.py:Epoch 17/100	Loss 29.4315 ± 2.7065
INFO:kbc-cli.py:Epoch 18/100	Loss 29.1563 ± 2.6491
INFO:kbc-cli.py:Epoch 18/100	dev results	MRR 0.094011	H@1 0.054930	H@3 0.097210	H@5 0.124440	H@10 0.171340	H@20 0.226680	H@50 0.306470	H@100 0.365570
INFO:kbc-cli.py:Epoch 18/100	test results	MRR 0.094135	H@1 0.055230	H@3 0.097910	H@5 0.124720	H@10 0.171180	H@20 0.224160	H@50 0.305110	H@100 0.364270
INFO:kbc-cli.py:Epoch 19/100	Loss 28.9031 ± 2.5640
INFO:kbc-cli.py:Epoch 20/100	Loss 28.6693 ± 2.5549
INFO:kbc-cli.py:Epoch 21/100	Loss 28.4540 ± 2.4819
INFO:kbc-cli.py:Epoch 21/100	dev results	MRR 0.094667	H@1 0.056270	H@3 0.096940	H@5 0.124130	H@10 0.171500	H@20 0.227450	H@50 0.308140	H@100 0.367310
INFO:kbc-cli.py:Epoch 21/100	test results	MRR 0.094823	H@1 0.056290	H@3 0.097480	H@5 0.125310	H@10 0.171530	H@20 0.224380	H@50 0.305180	H@100 0.364630
INFO:kbc-cli.py:Epoch 22/100	Loss 28.2548 ± 2.3709
INFO:kbc-cli.py:Epoch 23/100	Loss 28.0676 ± 2.3322
INFO:kbc-cli.py:Epoch 24/100	Loss 27.8948 ± 2.2443
INFO:kbc-cli.py:Epoch 24/100	dev results	MRR 0.092799	H@1 0.054280	H@3 0.095030	H@5 0.122870	H@10 0.169970	H@20 0.226090	H@50 0.307740	H@100 0.366670
INFO:kbc-cli.py:Epoch 24/100	test results	MRR 0.092754	H@1 0.054270	H@3 0.095260	H@5 0.123050	H@10 0.168670	H@20 0.224770	H@50 0.305050	H@100 0.365450
INFO:kbc-cli.py:Epoch 25/100	Loss 27.7325 ± 2.2109
INFO:kbc-cli.py:Epoch 26/100	Loss 27.5794 ± 2.1842
INFO:kbc-cli.py:Epoch 27/100	Loss 27.4360 ± 2.1088
INFO:kbc-cli.py:Epoch 27/100	dev results	MRR 0.093088	H@1 0.054270	H@3 0.095630	H@5 0.123190	H@10 0.170740	H@20 0.228460	H@50 0.308460	H@100 0.368310
INFO:kbc-cli.py:Epoch 27/100	test results	MRR 0.093405	H@1 0.054980	H@3 0.095820	H@5 0.123570	H@10 0.169990	H@20 0.225380	H@50 0.306180	H@100 0.365460
INFO:kbc-cli.py:Epoch 28/100	Loss 27.3012 ± 2.0616
INFO:kbc-cli.py:Epoch 29/100	Loss 27.1737 ± 2.0657
INFO:kbc-cli.py:Epoch 30/100	Loss 27.0525 ± 2.0098
INFO:kbc-cli.py:Epoch 30/100	dev results	MRR 0.091490	H@1 0.052350	H@3 0.093520	H@5 0.121680	H@10 0.170430	H@20 0.228200	H@50 0.308600	H@100 0.367880
INFO:kbc-cli.py:Epoch 30/100	test results	MRR 0.092577	H@1 0.053530	H@3 0.095000	H@5 0.123080	H@10 0.170700	H@20 0.225810	H@50 0.305570	H@100 0.366660
INFO:kbc-cli.py:Epoch 31/100	Loss 26.9380 ± 1.9520
INFO:kbc-cli.py:Epoch 32/100	Loss 26.8295 ± 1.9038
INFO:kbc-cli.py:Epoch 33/100	Loss 26.7255 ± 1.8920
INFO:kbc-cli.py:Epoch 33/100	dev results	MRR 0.090870	H@1 0.051950	H@3 0.092320	H@5 0.120450	H@10 0.169000	H@20 0.226710	H@50 0.309330	H@100 0.368720
INFO:kbc-cli.py:Epoch 33/100	test results	MRR 0.091438	H@1 0.052590	H@3 0.093640	H@5 0.121330	H@10 0.169380	H@20 0.225360	H@50 0.307160	H@100 0.367090
INFO:kbc-cli.py:Epoch 34/100	Loss 26.6280 ± 1.8448
INFO:kbc-cli.py:Epoch 35/100	Loss 26.5338 ± 1.8462
INFO:kbc-cli.py:Epoch 36/100	Loss 26.4446 ± 1.8149
INFO:kbc-cli.py:Epoch 36/100	dev results	MRR 0.092105	H@1 0.053550	H@3 0.093430	H@5 0.121860	H@10 0.169500	H@20 0.227270	H@50 0.308910	H@100 0.369350
INFO:kbc-cli.py:Epoch 36/100	test results	MRR 0.092421	H@1 0.053560	H@3 0.094960	H@5 0.122340	H@10 0.170610	H@20 0.226980	H@50 0.307470	H@100 0.367940
INFO:kbc-cli.py:Epoch 37/100	Loss 26.3589 ± 1.7747
INFO:kbc-cli.py:Epoch 38/100	Loss 26.2774 ± 1.7307
INFO:kbc-cli.py:Epoch 39/100	Loss 26.1990 ± 1.7461
INFO:kbc-cli.py:Epoch 39/100	dev results	MRR 0.092038	H@1 0.052870	H@3 0.093360	H@5 0.122870	H@10 0.172370	H@20 0.229050	H@50 0.309150	H@100 0.368930
INFO:kbc-cli.py:Epoch 39/100	test results	MRR 0.092155	H@1 0.053120	H@3 0.093900	H@5 0.123750	H@10 0.172450	H@20 0.227330	H@50 0.306920	H@100 0.366870
INFO:kbc-cli.py:Epoch 40/100	Loss 26.1246 ± 1.6652
INFO:kbc-cli.py:Epoch 41/100	Loss 26.0530 ± 1.6826
INFO:kbc-cli.py:Epoch 42/100	Loss 25.9831 ± 1.6359
INFO:kbc-cli.py:Epoch 42/100	dev results	MRR 0.091413	H@1 0.052660	H@3 0.092920	H@5 0.120780	H@10 0.169320	H@20 0.228310	H@50 0.309280	H@100 0.369570
INFO:kbc-cli.py:Epoch 42/100	test results	MRR 0.091636	H@1 0.053060	H@3 0.093020	H@5 0.120560	H@10 0.169810	H@20 0.227360	H@50 0.307000	H@100 0.367050
INFO:kbc-cli.py:Epoch 43/100	Loss 25.9171 ± 1.6313
INFO:kbc-cli.py:Epoch 44/100	Loss 25.8534 ± 1.5730
INFO:kbc-cli.py:Epoch 45/100	Loss 25.7919 ± 1.5678
INFO:kbc-cli.py:Epoch 45/100	dev results	MRR 0.091837	H@1 0.052360	H@3 0.094140	H@5 0.122460	H@10 0.171980	H@20 0.228450	H@50 0.310650	H@100 0.369130
INFO:kbc-cli.py:Epoch 45/100	test results	MRR 0.091678	H@1 0.052380	H@3 0.094280	H@5 0.122490	H@10 0.171960	H@20 0.226210	H@50 0.307930	H@100 0.367930
INFO:kbc-cli.py:Epoch 46/100	Loss 25.7325 ± 1.5711
INFO:kbc-cli.py:Epoch 47/100	Loss 25.6754 ± 1.5373
INFO:kbc-cli.py:Epoch 48/100	Loss 25.6213 ± 1.5055
INFO:kbc-cli.py:Epoch 48/100	dev results	MRR 0.091285	H@1 0.052240	H@3 0.092960	H@5 0.121910	H@10 0.169700	H@20 0.229120	H@50 0.309750	H@100 0.370430
INFO:kbc-cli.py:Epoch 48/100	test results	MRR 0.091315	H@1 0.052200	H@3 0.093540	H@5 0.121630	H@10 0.169650	H@20 0.226540	H@50 0.307800	H@100 0.368480
INFO:kbc-cli.py:Epoch 49/100	Loss 25.5682 ± 1.4704
INFO:kbc-cli.py:Epoch 50/100	Loss 25.5160 ± 1.4582
INFO:kbc-cli.py:Epoch 51/100	Loss 25.4665 ± 1.4614
INFO:kbc-cli.py:Epoch 51/100	dev results	MRR 0.091055	H@1 0.052170	H@3 0.092240	H@5 0.121140	H@10 0.170530	H@20 0.229010	H@50 0.310020	H@100 0.370180
INFO:kbc-cli.py:Epoch 51/100	test results	MRR 0.091649	H@1 0.052960	H@3 0.093700	H@5 0.121200	H@10 0.170110	H@20 0.226210	H@50 0.308030	H@100 0.368180
INFO:kbc-cli.py:Epoch 52/100	Loss 25.4188 ± 1.4381
INFO:kbc-cli.py:Epoch 53/100	Loss 25.3716 ± 1.4012
INFO:kbc-cli.py:Epoch 54/100	Loss 25.3266 ± 1.3600
INFO:kbc-cli.py:Epoch 54/100	dev results	MRR 0.090023	H@1 0.051060	H@3 0.091340	H@5 0.120030	H@10 0.168530	H@20 0.227920	H@50 0.309950	H@100 0.369730
INFO:kbc-cli.py:Epoch 54/100	test results	MRR 0.090885	H@1 0.052130	H@3 0.092620	H@5 0.119950	H@10 0.168740	H@20 0.226090	H@50 0.307910	H@100 0.367780
INFO:kbc-cli.py:Epoch 55/100	Loss 25.2833 ± 1.3995
INFO:kbc-cli.py:Epoch 56/100	Loss 25.2413 ± 1.3355
INFO:kbc-cli.py:Epoch 57/100	Loss 25.1998 ± 1.3387
INFO:kbc-cli.py:Epoch 57/100	dev results	MRR 0.089762	H@1 0.050590	H@3 0.091320	H@5 0.119630	H@10 0.169430	H@20 0.228160	H@50 0.310770	H@100 0.370840
INFO:kbc-cli.py:Epoch 57/100	test results	MRR 0.090515	H@1 0.051530	H@3 0.092790	H@5 0.120910	H@10 0.169300	H@20 0.226550	H@50 0.308000	H@100 0.368890
INFO:kbc-cli.py:Epoch 58/100	Loss 25.1601 ± 1.3386
INFO:kbc-cli.py:Epoch 59/100	Loss 25.1215 ± 1.2966
INFO:kbc-cli.py:Epoch 60/100	Loss 25.0841 ± 1.2905
INFO:kbc-cli.py:Epoch 60/100	dev results	MRR 0.090590	H@1 0.052080	H@3 0.090750	H@5 0.120050	H@10 0.168930	H@20 0.229290	H@50 0.310240	H@100 0.370720
INFO:kbc-cli.py:Epoch 60/100	test results	MRR 0.090783	H@1 0.052200	H@3 0.091890	H@5 0.120290	H@10 0.169140	H@20 0.227250	H@50 0.307710	H@100 0.368810
INFO:kbc-cli.py:Epoch 61/100	Loss 25.0477 ± 1.2678
INFO:kbc-cli.py:Epoch 62/100	Loss 25.0122 ± 1.2815
INFO:kbc-cli.py:Epoch 63/100	Loss 24.9784 ± 1.2419
INFO:kbc-cli.py:Epoch 63/100	dev results	MRR 0.090253	H@1 0.051490	H@3 0.091190	H@5 0.119960	H@10 0.168420	H@20 0.229290	H@50 0.310910	H@100 0.371250
INFO:kbc-cli.py:Epoch 63/100	test results	MRR 0.090534	H@1 0.051710	H@3 0.092350	H@5 0.119660	H@10 0.169210	H@20 0.226670	H@50 0.308630	H@100 0.369150
INFO:kbc-cli.py:Epoch 64/100	Loss 24.9444 ± 1.2598
INFO:kbc-cli.py:Epoch 65/100	Loss 24.9119 ± 1.2462
INFO:kbc-cli.py:Epoch 66/100	Loss 24.8802 ± 1.1986
INFO:kbc-cli.py:Epoch 66/100	dev results	MRR 0.089219	H@1 0.049760	H@3 0.090200	H@5 0.119650	H@10 0.169480	H@20 0.228710	H@50 0.311280	H@100 0.370450
INFO:kbc-cli.py:Epoch 66/100	test results	MRR 0.089281	H@1 0.049740	H@3 0.090910	H@5 0.119600	H@10 0.169310	H@20 0.227360	H@50 0.308360	H@100 0.368820
INFO:kbc-cli.py:Epoch 67/100	Loss 24.8492 ± 1.1963
INFO:kbc-cli.py:Epoch 68/100	Loss 24.8194 ± 1.1848
INFO:kbc-cli.py:Epoch 69/100	Loss 24.7898 ± 1.1755
INFO:kbc-cli.py:Epoch 69/100	dev results	MRR 0.090578	H@1 0.051270	H@3 0.092230	H@5 0.121100	H@10 0.169380	H@20 0.229060	H@50 0.311120	H@100 0.370790
INFO:kbc-cli.py:Epoch 69/100	test results	MRR 0.090533	H@1 0.051620	H@3 0.091670	H@5 0.120780	H@10 0.169400	H@20 0.226900	H@50 0.308250	H@100 0.369190
INFO:kbc-cli.py:Epoch 70/100	Loss 24.7611 ± 1.1560
INFO:kbc-cli.py:Epoch 71/100	Loss 24.7337 ± 1.1400
INFO:kbc-cli.py:Epoch 72/100	Loss 24.7062 ± 1.1217
INFO:kbc-cli.py:Epoch 72/100	dev results	MRR 0.089664	H@1 0.050880	H@3 0.090290	H@5 0.118780	H@10 0.168260	H@20 0.228830	H@50 0.311980	H@100 0.370370
INFO:kbc-cli.py:Epoch 72/100	test results	MRR 0.089696	H@1 0.051280	H@3 0.090690	H@5 0.118520	H@10 0.167400	H@20 0.226000	H@50 0.308570	H@100 0.369420
INFO:kbc-cli.py:Epoch 73/100	Loss 24.6798 ± 1.1274
INFO:kbc-cli.py:Epoch 74/100	Loss 24.6539 ± 1.1108
INFO:kbc-cli.py:Epoch 75/100	Loss 24.6286 ± 1.1050
INFO:kbc-cli.py:Epoch 75/100	dev results	MRR 0.088496	H@1 0.048870	H@3 0.089980	H@5 0.118540	H@10 0.168890	H@20 0.229480	H@50 0.311320	H@100 0.371290
INFO:kbc-cli.py:Epoch 75/100	test results	MRR 0.088918	H@1 0.049660	H@3 0.091110	H@5 0.118160	H@10 0.167880	H@20 0.227850	H@50 0.308960	H@100 0.370010
INFO:kbc-cli.py:Epoch 76/100	Loss 24.6043 ± 1.0782
INFO:kbc-cli.py:Epoch 77/100	Loss 24.5800 ± 1.0855
INFO:kbc-cli.py:Epoch 78/100	Loss 24.5562 ± 1.0803
INFO:kbc-cli.py:Epoch 78/100	dev results	MRR 0.089390	H@1 0.049520	H@3 0.090730	H@5 0.120220	H@10 0.170890	H@20 0.229720	H@50 0.311050	H@100 0.371830
INFO:kbc-cli.py:Epoch 78/100	test results	MRR 0.089700	H@1 0.050130	H@3 0.091220	H@5 0.120090	H@10 0.169890	H@20 0.228890	H@50 0.308990	H@100 0.369200
INFO:kbc-cli.py:Epoch 79/100	Loss 24.5332 ± 1.0514
INFO:kbc-cli.py:Epoch 80/100	Loss 24.5109 ± 1.0418
INFO:kbc-cli.py:Epoch 81/100	Loss 24.4887 ± 1.0366
INFO:kbc-cli.py:Epoch 81/100	dev results	MRR 0.089203	H@1 0.050250	H@3 0.090020	H@5 0.118310	H@10 0.168480	H@20 0.229040	H@50 0.311690	H@100 0.371920
INFO:kbc-cli.py:Epoch 81/100	test results	MRR 0.089144	H@1 0.050130	H@3 0.090390	H@5 0.119200	H@10 0.168260	H@20 0.226890	H@50 0.308970	H@100 0.370180
INFO:kbc-cli.py:Epoch 82/100	Loss 24.4674 ± 1.0384
INFO:kbc-cli.py:Epoch 83/100	Loss 24.4460 ± 1.0098
INFO:kbc-cli.py:Epoch 84/100	Loss 24.4257 ± 1.0186
INFO:kbc-cli.py:Epoch 84/100	dev results	MRR 0.090164	H@1 0.050780	H@3 0.091110	H@5 0.120760	H@10 0.170010	H@20 0.231110	H@50 0.311820	H@100 0.371370
INFO:kbc-cli.py:Epoch 84/100	test results	MRR 0.090063	H@1 0.050880	H@3 0.090950	H@5 0.120480	H@10 0.170280	H@20 0.228540	H@50 0.309080	H@100 0.369600
INFO:kbc-cli.py:Epoch 85/100	Loss 24.4051 ± 1.0090
INFO:kbc-cli.py:Epoch 86/100	Loss 24.3855 ± 0.9939
INFO:kbc-cli.py:Epoch 87/100	Loss 24.3661 ± 0.9766
INFO:kbc-cli.py:Epoch 87/100	dev results	MRR 0.088697	H@1 0.049740	H@3 0.089550	H@5 0.117940	H@10 0.168260	H@20 0.228500	H@50 0.312030	H@100 0.371950
INFO:kbc-cli.py:Epoch 87/100	test results	MRR 0.089183	H@1 0.050690	H@3 0.089470	H@5 0.118230	H@10 0.167700	H@20 0.226670	H@50 0.309680	H@100 0.370790
INFO:kbc-cli.py:Epoch 88/100	Loss 24.3473 ± 0.9895
INFO:kbc-cli.py:Epoch 89/100	Loss 24.3286 ± 0.9933
INFO:kbc-cli.py:Epoch 90/100	Loss 24.3106 ± 0.9750
INFO:kbc-cli.py:Epoch 90/100	dev results	MRR 0.087262	H@1 0.048360	H@3 0.086780	H@5 0.116860	H@10 0.166810	H@20 0.228660	H@50 0.312630	H@100 0.373010
INFO:kbc-cli.py:Epoch 90/100	test results	MRR 0.087676	H@1 0.048900	H@3 0.087880	H@5 0.117510	H@10 0.166310	H@20 0.226430	H@50 0.309910	H@100 0.371470
INFO:kbc-cli.py:Epoch 91/100	Loss 24.2930 ± 0.9504
INFO:kbc-cli.py:Epoch 92/100	Loss 24.2752 ± 0.9470
INFO:kbc-cli.py:Epoch 93/100	Loss 24.2581 ± 0.9501
INFO:kbc-cli.py:Epoch 93/100	dev results	MRR 0.088827	H@1 0.049450	H@3 0.090000	H@5 0.119250	H@10 0.168550	H@20 0.229570	H@50 0.313140	H@100 0.372350
INFO:kbc-cli.py:Epoch 93/100	test results	MRR 0.088872	H@1 0.049430	H@3 0.090700	H@5 0.118750	H@10 0.169080	H@20 0.227700	H@50 0.309640	H@100 0.370420
INFO:kbc-cli.py:Epoch 94/100	Loss 24.2413 ± 0.9170
INFO:kbc-cli.py:Epoch 95/100	Loss 24.2248 ± 0.9250
INFO:kbc-cli.py:Epoch 96/100	Loss 24.2089 ± 0.9116
INFO:kbc-cli.py:Epoch 96/100	dev results	MRR 0.088658	H@1 0.048960	H@3 0.089430	H@5 0.118830	H@10 0.170330	H@20 0.230290	H@50 0.312270	H@100 0.372790
INFO:kbc-cli.py:Epoch 96/100	test results	MRR 0.088863	H@1 0.049260	H@3 0.090810	H@5 0.118980	H@10 0.169870	H@20 0.228130	H@50 0.309640	H@100 0.370810
INFO:kbc-cli.py:Epoch 97/100	Loss 24.1932 ± 0.9008
INFO:kbc-cli.py:Epoch 98/100	Loss 24.1772 ± 0.9056
INFO:kbc-cli.py:Epoch 99/100	Loss 24.1620 ± 0.8783
INFO:kbc-cli.py:Epoch 99/100	dev results	MRR 0.086792	H@1 0.047380	H@3 0.087020	H@5 0.115720	H@10 0.167580	H@20 0.229390	H@50 0.312460	H@100 0.373390
INFO:kbc-cli.py:Epoch 99/100	test results	MRR 0.087124	H@1 0.048070	H@3 0.087290	H@5 0.116200	H@10 0.166540	H@20 0.227400	H@50 0.309840	H@100 0.370950
INFO:kbc-cli.py:Epoch 100/100	Loss 24.1470 ± 0.8951
INFO:kbc-cli.py:Final 	dev results	MRR 0.088450	H@1 0.049300	H@3 0.089480	H@5 0.118090	H@10 0.167840	H@20 0.228020	H@50 0.312450	H@100 0.372460
INFO:kbc-cli.py:Final 	test results	MRR 0.088753	H@1 0.049720	H@3 0.090210	H@5 0.118500	H@10 0.167950	H@20 0.226620	H@50 0.309950	H@100 0.370620
INFO:kbc-cli.py:Training finished
