./bin/kbc-cli.py --train data/hetionet/train.tsv --dev data/hetionet/valid.tsv --test data/hetionet/test.tsv -m complex -k 200 -b 500 -e 100 --F2 0 --N3 0.001 -l 0.1 -I standard -V 3 -o adagrad -c spo -q
{'F2': 0.0,
 'N3': 0.001,
 'batch_size': 500,
 'corruption': 'spo',
 'dev': 'data/hetionet/valid.tsv',
 'embedding_size': 200,
 'epochs': 100,
 'eval_batch_size': None,
 'input_type': 'standard',
 'learning_rate': 0.1,
 'load': None,
 'model': 'complex',
 'optimizer': 'adagrad',
 'quiet': True,
 'save': None,
 'seed': 0,
 'test': 'data/hetionet/test.tsv',
 'test_i': None,
 'test_ii': None,
 'train': 'data/hetionet/train.tsv',
 'validate_every': 3}
INFO:kbc-cli.py:Device: cuda
INFO:kbc-cli.py:Model state:
INFO:kbc-cli.py:	entities.weight	torch.Size([45160, 400])
INFO:kbc-cli.py:	predicates.weight	torch.Size([25, 400])
INFO:kbc-cli.py:Epoch 1/100	Loss 15.2383 ± 1.3591
INFO:kbc-cli.py:Epoch 2/100	Loss 13.0269 ± 0.1181
INFO:kbc-cli.py:Epoch 3/100	Loss 12.2836 ± 0.1771
INFO:kbc-cli.py:Epoch 3/100	dev results	MRR 0.284540	H@1 0.209920	H@3 0.310560	H@5 0.360100	H@10 0.431040	H@20 0.501930	H@50 0.592910	H@100 0.659000
INFO:kbc-cli.py:Epoch 3/100	test results	MRR 0.284677	H@1 0.210060	H@3 0.312510	H@5 0.360200	H@10 0.429620	H@20 0.500380	H@50 0.589690	H@100 0.657030
INFO:kbc-cli.py:Epoch 4/100	Loss 11.8676 ± 0.2007
INFO:kbc-cli.py:Epoch 5/100	Loss 11.6099 ± 0.2075
INFO:kbc-cli.py:Epoch 6/100	Loss 11.4332 ± 0.2054
INFO:kbc-cli.py:Epoch 6/100	dev results	MRR 0.297010	H@1 0.221120	H@3 0.324470	H@5 0.375980	H@10 0.444970	H@20 0.516170	H@50 0.601990	H@100 0.667140
INFO:kbc-cli.py:Epoch 6/100	test results	MRR 0.297376	H@1 0.221490	H@3 0.325890	H@5 0.376380	H@10 0.445260	H@20 0.514130	H@50 0.601270	H@100 0.666880
INFO:kbc-cli.py:Epoch 7/100	Loss 11.3029 ± 0.2080
INFO:kbc-cli.py:Epoch 8/100	Loss 11.2014 ± 0.2028
INFO:kbc-cli.py:Epoch 9/100	Loss 11.1200 ± 0.2003
INFO:kbc-cli.py:Epoch 9/100	dev results	MRR 0.300833	H@1 0.224770	H@3 0.329690	H@5 0.379600	H@10 0.448880	H@20 0.516960	H@50 0.602900	H@100 0.667650
INFO:kbc-cli.py:Epoch 9/100	test results	MRR 0.301844	H@1 0.226250	H@3 0.330510	H@5 0.379990	H@10 0.448340	H@20 0.515970	H@50 0.602540	H@100 0.665890
INFO:kbc-cli.py:Epoch 10/100	Loss 11.0524 ± 0.1969
INFO:kbc-cli.py:Epoch 11/100	Loss 10.9954 ± 0.1927
INFO:kbc-cli.py:Epoch 12/100	Loss 10.9465 ± 0.1937
INFO:kbc-cli.py:Epoch 12/100	dev results	MRR 0.300370	H@1 0.223950	H@3 0.330360	H@5 0.380810	H@10 0.447960	H@20 0.516630	H@50 0.601750	H@100 0.665810
INFO:kbc-cli.py:Epoch 12/100	test results	MRR 0.300669	H@1 0.224690	H@3 0.330590	H@5 0.380290	H@10 0.448150	H@20 0.515710	H@50 0.601590	H@100 0.663730
INFO:kbc-cli.py:Epoch 13/100	Loss 10.9039 ± 0.1896
INFO:kbc-cli.py:Epoch 14/100	Loss 10.8661 ± 0.1865
INFO:kbc-cli.py:Epoch 15/100	Loss 10.8328 ± 0.1861
INFO:kbc-cli.py:Epoch 15/100	dev results	MRR 0.300268	H@1 0.224510	H@3 0.329560	H@5 0.379020	H@10 0.447610	H@20 0.515290	H@50 0.600090	H@100 0.664530
INFO:kbc-cli.py:Epoch 15/100	test results	MRR 0.300268	H@1 0.224760	H@3 0.329490	H@5 0.378510	H@10 0.448210	H@20 0.514980	H@50 0.600100	H@100 0.662160
INFO:kbc-cli.py:Epoch 16/100	Loss 10.8025 ± 0.1848
INFO:kbc-cli.py:Epoch 17/100	Loss 10.7754 ± 0.1821
INFO:kbc-cli.py:Epoch 18/100	Loss 10.7508 ± 0.1811
INFO:kbc-cli.py:Epoch 18/100	dev results	MRR 0.300011	H@1 0.224420	H@3 0.329180	H@5 0.378800	H@10 0.445990	H@20 0.513880	H@50 0.598640	H@100 0.662570
INFO:kbc-cli.py:Epoch 18/100	test results	MRR 0.299769	H@1 0.223980	H@3 0.329550	H@5 0.378480	H@10 0.445990	H@20 0.513030	H@50 0.596880	H@100 0.660590
INFO:kbc-cli.py:Epoch 19/100	Loss 10.7279 ± 0.1776
INFO:kbc-cli.py:Epoch 20/100	Loss 10.7071 ± 0.1729
INFO:kbc-cli.py:Epoch 21/100	Loss 10.6879 ± 0.1743
INFO:kbc-cli.py:Epoch 21/100	dev results	MRR 0.301100	H@1 0.226290	H@3 0.329840	H@5 0.378290	H@10 0.446520	H@20 0.514170	H@50 0.598040	H@100 0.661780
INFO:kbc-cli.py:Epoch 21/100	test results	MRR 0.300744	H@1 0.226070	H@3 0.329330	H@5 0.377980	H@10 0.445540	H@20 0.513020	H@50 0.597170	H@100 0.659810
INFO:kbc-cli.py:Epoch 22/100	Loss 10.6699 ± 0.1768
INFO:kbc-cli.py:Epoch 23/100	Loss 10.6533 ± 0.1754
INFO:kbc-cli.py:Epoch 24/100	Loss 10.6378 ± 0.1724
INFO:kbc-cli.py:Epoch 24/100	dev results	MRR 0.299668	H@1 0.224270	H@3 0.329710	H@5 0.378050	H@10 0.445420	H@20 0.511970	H@50 0.596430	H@100 0.659810
INFO:kbc-cli.py:Epoch 24/100	test results	MRR 0.299532	H@1 0.224740	H@3 0.329110	H@5 0.377840	H@10 0.444300	H@20 0.510120	H@50 0.594780	H@100 0.657710
INFO:kbc-cli.py:Epoch 25/100	Loss 10.6232 ± 0.1719
INFO:kbc-cli.py:Epoch 26/100	Loss 10.6096 ± 0.1691
INFO:kbc-cli.py:Epoch 27/100	Loss 10.5966 ± 0.1663
INFO:kbc-cli.py:Epoch 27/100	dev results	MRR 0.299048	H@1 0.224130	H@3 0.328240	H@5 0.377410	H@10 0.444800	H@20 0.511680	H@50 0.595850	H@100 0.659150
INFO:kbc-cli.py:Epoch 27/100	test results	MRR 0.299065	H@1 0.224750	H@3 0.327970	H@5 0.376620	H@10 0.443920	H@20 0.510000	H@50 0.593690	H@100 0.656690
INFO:kbc-cli.py:Epoch 28/100	Loss 10.5845 ± 0.1676
INFO:kbc-cli.py:Epoch 29/100	Loss 10.5730 ± 0.1647
INFO:kbc-cli.py:Epoch 30/100	Loss 10.5621 ± 0.1662
INFO:kbc-cli.py:Epoch 30/100	dev results	MRR 0.298483	H@1 0.223910	H@3 0.327550	H@5 0.375950	H@10 0.443480	H@20 0.509650	H@50 0.593420	H@100 0.657120
INFO:kbc-cli.py:Epoch 30/100	test results	MRR 0.298661	H@1 0.224650	H@3 0.326970	H@5 0.375640	H@10 0.442300	H@20 0.508210	H@50 0.591890	H@100 0.655590
INFO:kbc-cli.py:Epoch 31/100	Loss 10.5516 ± 0.1631
INFO:kbc-cli.py:Epoch 32/100	Loss 10.5417 ± 0.1635
INFO:kbc-cli.py:Epoch 33/100	Loss 10.5324 ± 0.1619
INFO:kbc-cli.py:Epoch 33/100	dev results	MRR 0.298033	H@1 0.223390	H@3 0.327250	H@5 0.376050	H@10 0.442460	H@20 0.508800	H@50 0.593050	H@100 0.656000
INFO:kbc-cli.py:Epoch 33/100	test results	MRR 0.297853	H@1 0.224030	H@3 0.326310	H@5 0.374700	H@10 0.442040	H@20 0.507490	H@50 0.591440	H@100 0.654420
INFO:kbc-cli.py:Epoch 34/100	Loss 10.5234 ± 0.1612
INFO:kbc-cli.py:Epoch 35/100	Loss 10.5148 ± 0.1616
INFO:kbc-cli.py:Epoch 36/100	Loss 10.5067 ± 0.1602
INFO:kbc-cli.py:Epoch 36/100	dev results	MRR 0.298135	H@1 0.224120	H@3 0.326770	H@5 0.374890	H@10 0.440840	H@20 0.508010	H@50 0.592210	H@100 0.655290
INFO:kbc-cli.py:Epoch 36/100	test results	MRR 0.297422	H@1 0.223230	H@3 0.326390	H@5 0.374640	H@10 0.441010	H@20 0.506770	H@50 0.590870	H@100 0.653420
INFO:kbc-cli.py:Epoch 37/100	Loss 10.4987 ± 0.1592
INFO:kbc-cli.py:Epoch 38/100	Loss 10.4912 ± 0.1599
INFO:kbc-cli.py:Epoch 39/100	Loss 10.4838 ± 0.1583
INFO:kbc-cli.py:Epoch 39/100	dev results	MRR 0.297350	H@1 0.223130	H@3 0.326190	H@5 0.374490	H@10 0.440360	H@20 0.506780	H@50 0.590840	H@100 0.654410
INFO:kbc-cli.py:Epoch 39/100	test results	MRR 0.297349	H@1 0.223770	H@3 0.325760	H@5 0.374300	H@10 0.440130	H@20 0.505910	H@50 0.589460	H@100 0.652550
INFO:kbc-cli.py:Epoch 40/100	Loss 10.4769 ± 0.1575
INFO:kbc-cli.py:Epoch 41/100	Loss 10.4702 ± 0.1566
INFO:kbc-cli.py:Epoch 42/100	Loss 10.4637 ± 0.1549
INFO:kbc-cli.py:Epoch 42/100	dev results	MRR 0.296091	H@1 0.221770	H@3 0.325280	H@5 0.372720	H@10 0.439880	H@20 0.505230	H@50 0.589070	H@100 0.653480
INFO:kbc-cli.py:Epoch 42/100	test results	MRR 0.295671	H@1 0.221750	H@3 0.324180	H@5 0.372550	H@10 0.438860	H@20 0.504570	H@50 0.587920	H@100 0.651780
INFO:kbc-cli.py:Epoch 43/100	Loss 10.4574 ± 0.1574
INFO:kbc-cli.py:Epoch 44/100	Loss 10.4514 ± 0.1552
INFO:kbc-cli.py:Epoch 45/100	Loss 10.4456 ± 0.1547
INFO:kbc-cli.py:Epoch 45/100	dev results	MRR 0.295918	H@1 0.221640	H@3 0.325130	H@5 0.373060	H@10 0.438650	H@20 0.504610	H@50 0.588030	H@100 0.652390
INFO:kbc-cli.py:Epoch 45/100	test results	MRR 0.295635	H@1 0.221760	H@3 0.324700	H@5 0.372400	H@10 0.438150	H@20 0.504210	H@50 0.587100	H@100 0.650730
INFO:kbc-cli.py:Epoch 46/100	Loss 10.4400 ± 0.1518
INFO:kbc-cli.py:Epoch 47/100	Loss 10.4344 ± 0.1508
INFO:kbc-cli.py:Epoch 48/100	Loss 10.4292 ± 0.1515
INFO:kbc-cli.py:Epoch 48/100	dev results	MRR 0.295210	H@1 0.221140	H@3 0.324770	H@5 0.372110	H@10 0.438360	H@20 0.503830	H@50 0.587640	H@100 0.651350
INFO:kbc-cli.py:Epoch 48/100	test results	MRR 0.294648	H@1 0.220870	H@3 0.323690	H@5 0.371210	H@10 0.437360	H@20 0.503220	H@50 0.585850	H@100 0.650010
INFO:kbc-cli.py:Epoch 49/100	Loss 10.4240 ± 0.1542
INFO:kbc-cli.py:Epoch 50/100	Loss 10.4192 ± 0.1497
INFO:kbc-cli.py:Epoch 51/100	Loss 10.4144 ± 0.1508
INFO:kbc-cli.py:Epoch 51/100	dev results	MRR 0.295144	H@1 0.221320	H@3 0.324360	H@5 0.372350	H@10 0.438110	H@20 0.504060	H@50 0.587030	H@100 0.651040
INFO:kbc-cli.py:Epoch 51/100	test results	MRR 0.294398	H@1 0.220690	H@3 0.323490	H@5 0.371790	H@10 0.437030	H@20 0.503210	H@50 0.585940	H@100 0.649060
INFO:kbc-cli.py:Epoch 52/100	Loss 10.4096 ± 0.1515
INFO:kbc-cli.py:Epoch 53/100	Loss 10.4051 ± 0.1505
INFO:kbc-cli.py:Epoch 54/100	Loss 10.4007 ± 0.1486
INFO:kbc-cli.py:Epoch 54/100	dev results	MRR 0.294343	H@1 0.220260	H@3 0.323740	H@5 0.372380	H@10 0.437550	H@20 0.502310	H@50 0.585830	H@100 0.650340
INFO:kbc-cli.py:Epoch 54/100	test results	MRR 0.294510	H@1 0.221090	H@3 0.323860	H@5 0.371320	H@10 0.436500	H@20 0.501840	H@50 0.585010	H@100 0.648200
INFO:kbc-cli.py:Epoch 55/100	Loss 10.3964 ± 0.1507
INFO:kbc-cli.py:Epoch 56/100	Loss 10.3922 ± 0.1490
INFO:kbc-cli.py:Epoch 57/100	Loss 10.3882 ± 0.1472
INFO:kbc-cli.py:Epoch 57/100	dev results	MRR 0.294372	H@1 0.220350	H@3 0.324190	H@5 0.371390	H@10 0.436750	H@20 0.502410	H@50 0.585120	H@100 0.649240
INFO:kbc-cli.py:Epoch 57/100	test results	MRR 0.293621	H@1 0.219970	H@3 0.322460	H@5 0.370250	H@10 0.436100	H@20 0.501930	H@50 0.584090	H@100 0.647830
INFO:kbc-cli.py:Epoch 58/100	Loss 10.3842 ± 0.1496
INFO:kbc-cli.py:Epoch 59/100	Loss 10.3804 ± 0.1483
INFO:kbc-cli.py:Epoch 60/100	Loss 10.3766 ± 0.1482
INFO:kbc-cli.py:Epoch 60/100	dev results	MRR 0.293148	H@1 0.219110	H@3 0.322620	H@5 0.370130	H@10 0.435750	H@20 0.501420	H@50 0.584990	H@100 0.648580
INFO:kbc-cli.py:Epoch 60/100	test results	MRR 0.292775	H@1 0.218940	H@3 0.322380	H@5 0.369000	H@10 0.434800	H@20 0.500400	H@50 0.583450	H@100 0.646380
INFO:kbc-cli.py:Epoch 61/100	Loss 10.3729 ± 0.1466
INFO:kbc-cli.py:Epoch 62/100	Loss 10.3694 ± 0.1473
INFO:kbc-cli.py:Epoch 63/100	Loss 10.3659 ± 0.1491
INFO:kbc-cli.py:Epoch 63/100	dev results	MRR 0.293663	H@1 0.220280	H@3 0.322740	H@5 0.370140	H@10 0.435840	H@20 0.501570	H@50 0.583990	H@100 0.648560
INFO:kbc-cli.py:Epoch 63/100	test results	MRR 0.293094	H@1 0.219860	H@3 0.322200	H@5 0.369080	H@10 0.434720	H@20 0.500780	H@50 0.583020	H@100 0.645930
INFO:kbc-cli.py:Epoch 64/100	Loss 10.3625 ± 0.1461
INFO:kbc-cli.py:Epoch 65/100	Loss 10.3591 ± 0.1480
INFO:kbc-cli.py:Epoch 66/100	Loss 10.3559 ± 0.1447
INFO:kbc-cli.py:Epoch 66/100	dev results	MRR 0.292725	H@1 0.218910	H@3 0.322320	H@5 0.369450	H@10 0.435180	H@20 0.500400	H@50 0.583090	H@100 0.647410
INFO:kbc-cli.py:Epoch 66/100	test results	MRR 0.292449	H@1 0.219080	H@3 0.321450	H@5 0.368420	H@10 0.434140	H@20 0.499680	H@50 0.581810	H@100 0.645370
INFO:kbc-cli.py:Epoch 67/100	Loss 10.3528 ± 0.1461
INFO:kbc-cli.py:Epoch 68/100	Loss 10.3496 ± 0.1441
INFO:kbc-cli.py:Epoch 69/100	Loss 10.3466 ± 0.1433
INFO:kbc-cli.py:Epoch 69/100	dev results	MRR 0.292574	H@1 0.219040	H@3 0.322000	H@5 0.369550	H@10 0.434290	H@20 0.499690	H@50 0.582590	H@100 0.646660
INFO:kbc-cli.py:Epoch 69/100	test results	MRR 0.291817	H@1 0.218640	H@3 0.320920	H@5 0.367990	H@10 0.433570	H@20 0.498740	H@50 0.581120	H@100 0.644670
INFO:kbc-cli.py:Epoch 70/100	Loss 10.3436 ± 0.1440
INFO:kbc-cli.py:Epoch 71/100	Loss 10.3407 ± 0.1421
INFO:kbc-cli.py:Epoch 72/100	Loss 10.3378 ± 0.1423
INFO:kbc-cli.py:Epoch 72/100	dev results	MRR 0.292276	H@1 0.218870	H@3 0.321430	H@5 0.368670	H@10 0.433610	H@20 0.499750	H@50 0.582160	H@100 0.645970
INFO:kbc-cli.py:Epoch 72/100	test results	MRR 0.291645	H@1 0.218410	H@3 0.320860	H@5 0.367500	H@10 0.432730	H@20 0.498550	H@50 0.580880	H@100 0.644100
INFO:kbc-cli.py:Epoch 73/100	Loss 10.3351 ± 0.1418
INFO:kbc-cli.py:Epoch 74/100	Loss 10.3323 ± 0.1428
INFO:kbc-cli.py:Epoch 75/100	Loss 10.3296 ± 0.1431
INFO:kbc-cli.py:Epoch 75/100	dev results	MRR 0.291163	H@1 0.217570	H@3 0.320170	H@5 0.367970	H@10 0.433280	H@20 0.498710	H@50 0.581360	H@100 0.645640
INFO:kbc-cli.py:Epoch 75/100	test results	MRR 0.290265	H@1 0.216830	H@3 0.319190	H@5 0.366240	H@10 0.432210	H@20 0.497560	H@50 0.580070	H@100 0.643700
INFO:kbc-cli.py:Epoch 76/100	Loss 10.3270 ± 0.1432
INFO:kbc-cli.py:Epoch 77/100	Loss 10.3244 ± 0.1432
INFO:kbc-cli.py:Epoch 78/100	Loss 10.3219 ± 0.1436
INFO:kbc-cli.py:Epoch 78/100	dev results	MRR 0.291018	H@1 0.217500	H@3 0.320090	H@5 0.367790	H@10 0.433280	H@20 0.497640	H@50 0.580740	H@100 0.644610
INFO:kbc-cli.py:Epoch 78/100	test results	MRR 0.290378	H@1 0.217330	H@3 0.319140	H@5 0.366160	H@10 0.431530	H@20 0.496900	H@50 0.579300	H@100 0.642910
INFO:kbc-cli.py:Epoch 79/100	Loss 10.3195 ± 0.1418
INFO:kbc-cli.py:Epoch 80/100	Loss 10.3170 ± 0.1428
INFO:kbc-cli.py:Epoch 81/100	Loss 10.3146 ± 0.1407
INFO:kbc-cli.py:Epoch 81/100	dev results	MRR 0.290545	H@1 0.216820	H@3 0.319980	H@5 0.367700	H@10 0.432460	H@20 0.497740	H@50 0.580090	H@100 0.644410
INFO:kbc-cli.py:Epoch 81/100	test results	MRR 0.290062	H@1 0.216740	H@3 0.319260	H@5 0.366330	H@10 0.431500	H@20 0.496960	H@50 0.578670	H@100 0.642370
INFO:kbc-cli.py:Epoch 82/100	Loss 10.3123 ± 0.1396
INFO:kbc-cli.py:Epoch 83/100	Loss 10.3099 ± 0.1391
INFO:kbc-cli.py:Epoch 84/100	Loss 10.3077 ± 0.1398
INFO:kbc-cli.py:Epoch 84/100	dev results	MRR 0.290145	H@1 0.216580	H@3 0.319560	H@5 0.366980	H@10 0.432470	H@20 0.496770	H@50 0.579370	H@100 0.643570
INFO:kbc-cli.py:Epoch 84/100	test results	MRR 0.289430	H@1 0.216110	H@3 0.319080	H@5 0.365460	H@10 0.431060	H@20 0.496240	H@50 0.577910	H@100 0.641280
INFO:kbc-cli.py:Epoch 85/100	Loss 10.3056 ± 0.1403
INFO:kbc-cli.py:Epoch 86/100	Loss 10.3033 ± 0.1424
INFO:kbc-cli.py:Epoch 87/100	Loss 10.3011 ± 0.1408
INFO:kbc-cli.py:Epoch 87/100	dev results	MRR 0.290113	H@1 0.216590	H@3 0.319020	H@5 0.367370	H@10 0.432260	H@20 0.496640	H@50 0.579510	H@100 0.643550
INFO:kbc-cli.py:Epoch 87/100	test results	MRR 0.289710	H@1 0.216520	H@3 0.318320	H@5 0.365620	H@10 0.430170	H@20 0.496170	H@50 0.577910	H@100 0.641220
INFO:kbc-cli.py:Epoch 88/100	Loss 10.2990 ± 0.1390
INFO:kbc-cli.py:Epoch 89/100	Loss 10.2970 ± 0.1407
INFO:kbc-cli.py:Epoch 90/100	Loss 10.2949 ± 0.1417
INFO:kbc-cli.py:Epoch 90/100	dev results	MRR 0.289582	H@1 0.216240	H@3 0.318600	H@5 0.366370	H@10 0.430760	H@20 0.495890	H@50 0.578780	H@100 0.642740
INFO:kbc-cli.py:Epoch 90/100	test results	MRR 0.288571	H@1 0.215210	H@3 0.317240	H@5 0.365150	H@10 0.429390	H@20 0.495360	H@50 0.577180	H@100 0.640710
INFO:kbc-cli.py:Epoch 91/100	Loss 10.2930 ± 0.1355
INFO:kbc-cli.py:Epoch 92/100	Loss 10.2910 ± 0.1400
INFO:kbc-cli.py:Epoch 93/100	Loss 10.2890 ± 0.1384
INFO:kbc-cli.py:Epoch 93/100	dev results	MRR 0.289148	H@1 0.215850	H@3 0.318390	H@5 0.365510	H@10 0.431450	H@20 0.496080	H@50 0.578450	H@100 0.642090
INFO:kbc-cli.py:Epoch 93/100	test results	MRR 0.288342	H@1 0.215060	H@3 0.317880	H@5 0.364100	H@10 0.429440	H@20 0.495170	H@50 0.576560	H@100 0.640280
INFO:kbc-cli.py:Epoch 94/100	Loss 10.2871 ± 0.1393
INFO:kbc-cli.py:Epoch 95/100	Loss 10.2853 ± 0.1392
INFO:kbc-cli.py:Epoch 96/100	Loss 10.2834 ± 0.1382
INFO:kbc-cli.py:Epoch 96/100	dev results	MRR 0.288453	H@1 0.215050	H@3 0.317150	H@5 0.365680	H@10 0.430050	H@20 0.494890	H@50 0.577400	H@100 0.641740
INFO:kbc-cli.py:Epoch 96/100	test results	MRR 0.287865	H@1 0.214860	H@3 0.316780	H@5 0.363750	H@10 0.428350	H@20 0.494200	H@50 0.575710	H@100 0.639680
INFO:kbc-cli.py:Epoch 97/100	Loss 10.2816 ± 0.1375
INFO:kbc-cli.py:Epoch 98/100	Loss 10.2797 ± 0.1390
INFO:kbc-cli.py:Epoch 99/100	Loss 10.2780 ± 0.1372
INFO:kbc-cli.py:Epoch 99/100	dev results	MRR 0.288328	H@1 0.215160	H@3 0.316890	H@5 0.365270	H@10 0.429930	H@20 0.494070	H@50 0.576650	H@100 0.641070
INFO:kbc-cli.py:Epoch 99/100	test results	MRR 0.287356	H@1 0.214310	H@3 0.316400	H@5 0.363430	H@10 0.428240	H@20 0.493960	H@50 0.575120	H@100 0.639170
INFO:kbc-cli.py:Epoch 100/100	Loss 10.2763 ± 0.1359
INFO:kbc-cli.py:Final 	dev results	MRR 0.288515	H@1 0.215280	H@3 0.317180	H@5 0.365210	H@10 0.430350	H@20 0.494900	H@50 0.577510	H@100 0.641330
INFO:kbc-cli.py:Final 	test results	MRR 0.287639	H@1 0.214540	H@3 0.316870	H@5 0.363980	H@10 0.428450	H@20 0.494240	H@50 0.575510	H@100 0.639650
INFO:kbc-cli.py:Training finished
