./bin/kbc-cli.py --train data/hetionet/train.tsv --dev data/hetionet/valid.tsv --test data/hetionet/test.tsv -m complex -k 1000 -b 500 -e 100 --F2 0 --N3 0.005 -l 0.1 -I standard -V 3 -o adagrad -c so -q
{'F2': 0.0,
 'N3': 0.005,
 'batch_size': 500,
 'corruption': 'so',
 'dev': 'data/hetionet/valid.tsv',
 'embedding_size': 1000,
 'epochs': 100,
 'eval_batch_size': None,
 'input_type': 'standard',
 'learning_rate': 0.1,
 'load': None,
 'model': 'complex',
 'optimizer': 'adagrad',
 'quiet': True,
 'save': None,
 'seed': 0,
 'test': 'data/hetionet/test.tsv',
 'test_i': None,
 'test_ii': None,
 'train': 'data/hetionet/train.tsv',
 'validate_every': 3}
INFO:kbc-cli.py:Device: cuda
INFO:kbc-cli.py:Model state:
INFO:kbc-cli.py:	entities.weight	torch.Size([45160, 2000])
INFO:kbc-cli.py:	predicates.weight	torch.Size([25, 2000])
INFO:kbc-cli.py:Epoch 1/100	Loss 15.4474 ± 1.0522
INFO:kbc-cli.py:Epoch 2/100	Loss 13.2176 ± 0.1079
INFO:kbc-cli.py:Epoch 3/100	Loss 12.4009 ± 0.1913
INFO:kbc-cli.py:Epoch 3/100	dev results	MRR 0.330215	H@1 0.253790	H@3 0.358710	H@5 0.410860	H@10 0.480860	H@20 0.550120	H@50 0.633920	H@100 0.694720
INFO:kbc-cli.py:Epoch 3/100	test results	MRR 0.331041	H@1 0.255090	H@3 0.360340	H@5 0.409980	H@10 0.478500	H@20 0.547830	H@50 0.633550	H@100 0.695770
INFO:kbc-cli.py:Epoch 4/100	Loss 11.9684 ± 0.2194
INFO:kbc-cli.py:Epoch 5/100	Loss 11.7171 ± 0.2251
INFO:kbc-cli.py:Epoch 6/100	Loss 11.5529 ± 0.2231
INFO:kbc-cli.py:Epoch 6/100	dev results	MRR 0.359971	H@1 0.284930	H@3 0.389190	H@5 0.439470	H@10 0.506600	H@20 0.570510	H@50 0.651560	H@100 0.710800
INFO:kbc-cli.py:Epoch 6/100	test results	MRR 0.361016	H@1 0.286390	H@3 0.390390	H@5 0.438920	H@10 0.506350	H@20 0.571200	H@50 0.651000	H@100 0.710520
INFO:kbc-cli.py:Epoch 7/100	Loss 11.4359 ± 0.2233
INFO:kbc-cli.py:Epoch 8/100	Loss 11.3471 ± 0.2170
INFO:kbc-cli.py:Epoch 9/100	Loss 11.2765 ± 0.2137
INFO:kbc-cli.py:Epoch 9/100	dev results	MRR 0.370864	H@1 0.296740	H@3 0.400990	H@5 0.449710	H@10 0.514390	H@20 0.577220	H@50 0.656170	H@100 0.713070
INFO:kbc-cli.py:Epoch 9/100	test results	MRR 0.371989	H@1 0.298640	H@3 0.401810	H@5 0.449330	H@10 0.513730	H@20 0.577700	H@50 0.656280	H@100 0.714370
INFO:kbc-cli.py:Epoch 10/100	Loss 11.2189 ± 0.2085
INFO:kbc-cli.py:Epoch 11/100	Loss 11.1705 ± 0.2046
INFO:kbc-cli.py:Epoch 12/100	Loss 11.1292 ± 0.2044
INFO:kbc-cli.py:Epoch 12/100	dev results	MRR 0.373725	H@1 0.300790	H@3 0.403090	H@5 0.451570	H@10 0.515510	H@20 0.577740	H@50 0.654690	H@100 0.712590
INFO:kbc-cli.py:Epoch 12/100	test results	MRR 0.374744	H@1 0.302720	H@3 0.403150	H@5 0.452180	H@10 0.514130	H@20 0.577470	H@50 0.655550	H@100 0.712890
INFO:kbc-cli.py:Epoch 13/100	Loss 11.0935 ± 0.1992
INFO:kbc-cli.py:Epoch 14/100	Loss 11.0620 ± 0.1941
INFO:kbc-cli.py:Epoch 15/100	Loss 11.0341 ± 0.1932
INFO:kbc-cli.py:Epoch 15/100	dev results	MRR 0.374833	H@1 0.302740	H@3 0.403470	H@5 0.451610	H@10 0.515290	H@20 0.577440	H@50 0.654580	H@100 0.712090
INFO:kbc-cli.py:Epoch 15/100	test results	MRR 0.376381	H@1 0.304570	H@3 0.405410	H@5 0.452550	H@10 0.516290	H@20 0.578100	H@50 0.654930	H@100 0.711860
INFO:kbc-cli.py:Epoch 16/100	Loss 11.0091 ± 0.1918
INFO:kbc-cli.py:Epoch 17/100	Loss 10.9865 ± 0.1886
INFO:kbc-cli.py:Epoch 18/100	Loss 10.9660 ± 0.1859
INFO:kbc-cli.py:Epoch 18/100	dev results	MRR 0.376960	H@1 0.305180	H@3 0.405940	H@5 0.452480	H@10 0.516500	H@20 0.576750	H@50 0.654300	H@100 0.710630
INFO:kbc-cli.py:Epoch 18/100	test results	MRR 0.377457	H@1 0.306040	H@3 0.406440	H@5 0.452560	H@10 0.515690	H@20 0.577550	H@50 0.654030	H@100 0.711070
INFO:kbc-cli.py:Epoch 19/100	Loss 10.9472 ± 0.1825
INFO:kbc-cli.py:Epoch 20/100	Loss 10.9299 ± 0.1782
INFO:kbc-cli.py:Epoch 21/100	Loss 10.9141 ± 0.1790
INFO:kbc-cli.py:Epoch 21/100	dev results	MRR 0.378643	H@1 0.307760	H@3 0.406800	H@5 0.453180	H@10 0.516350	H@20 0.577050	H@50 0.653460	H@100 0.710360
INFO:kbc-cli.py:Epoch 21/100	test results	MRR 0.379622	H@1 0.309450	H@3 0.406980	H@5 0.454040	H@10 0.515600	H@20 0.577100	H@50 0.653630	H@100 0.709960
INFO:kbc-cli.py:Epoch 22/100	Loss 10.8993 ± 0.1817
INFO:kbc-cli.py:Epoch 23/100	Loss 10.8857 ± 0.1790
INFO:kbc-cli.py:Epoch 24/100	Loss 10.8729 ± 0.1754
INFO:kbc-cli.py:Epoch 24/100	dev results	MRR 0.378982	H@1 0.308360	H@3 0.407270	H@5 0.452900	H@10 0.517380	H@20 0.575900	H@50 0.652800	H@100 0.709430
INFO:kbc-cli.py:Epoch 24/100	test results	MRR 0.379875	H@1 0.309230	H@3 0.408040	H@5 0.454180	H@10 0.516260	H@20 0.577190	H@50 0.652780	H@100 0.709540
INFO:kbc-cli.py:Epoch 25/100	Loss 10.8610 ± 0.1745
INFO:kbc-cli.py:Epoch 26/100	Loss 10.8499 ± 0.1719
INFO:kbc-cli.py:Epoch 27/100	Loss 10.8393 ± 0.1685
INFO:kbc-cli.py:Epoch 27/100	dev results	MRR 0.380183	H@1 0.310400	H@3 0.407260	H@5 0.454090	H@10 0.517100	H@20 0.576290	H@50 0.651920	H@100 0.708810
INFO:kbc-cli.py:Epoch 27/100	test results	MRR 0.381411	H@1 0.311720	H@3 0.408900	H@5 0.454760	H@10 0.516760	H@20 0.576780	H@50 0.651670	H@100 0.707970
INFO:kbc-cli.py:Epoch 28/100	Loss 10.8293 ± 0.1685
INFO:kbc-cli.py:Epoch 29/100	Loss 10.8199 ± 0.1666
INFO:kbc-cli.py:Epoch 30/100	Loss 10.8110 ± 0.1669
INFO:kbc-cli.py:Epoch 30/100	dev results	MRR 0.380077	H@1 0.310490	H@3 0.406850	H@5 0.453800	H@10 0.516390	H@20 0.575770	H@50 0.650400	H@100 0.707940
INFO:kbc-cli.py:Epoch 30/100	test results	MRR 0.381268	H@1 0.311650	H@3 0.408900	H@5 0.454830	H@10 0.516560	H@20 0.576670	H@50 0.651100	H@100 0.707810
INFO:kbc-cli.py:Epoch 31/100	Loss 10.8025 ± 0.1642
INFO:kbc-cli.py:Epoch 32/100	Loss 10.7945 ± 0.1645
INFO:kbc-cli.py:Epoch 33/100	Loss 10.7869 ± 0.1631
INFO:kbc-cli.py:Epoch 33/100	dev results	MRR 0.380587	H@1 0.311210	H@3 0.407680	H@5 0.453890	H@10 0.516840	H@20 0.575380	H@50 0.650480	H@100 0.707520
INFO:kbc-cli.py:Epoch 33/100	test results	MRR 0.381600	H@1 0.312170	H@3 0.409120	H@5 0.454440	H@10 0.516490	H@20 0.576520	H@50 0.651010	H@100 0.707150
INFO:kbc-cli.py:Epoch 34/100	Loss 10.7796 ± 0.1617
INFO:kbc-cli.py:Epoch 35/100	Loss 10.7727 ± 0.1612
INFO:kbc-cli.py:Epoch 36/100	Loss 10.7661 ± 0.1596
INFO:kbc-cli.py:Epoch 36/100	dev results	MRR 0.381711	H@1 0.312950	H@3 0.408050	H@5 0.454870	H@10 0.516860	H@20 0.575420	H@50 0.650070	H@100 0.707060
INFO:kbc-cli.py:Epoch 36/100	test results	MRR 0.382394	H@1 0.313540	H@3 0.409770	H@5 0.455960	H@10 0.516810	H@20 0.575430	H@50 0.649890	H@100 0.706750
INFO:kbc-cli.py:Epoch 37/100	Loss 10.7597 ± 0.1584
INFO:kbc-cli.py:Epoch 38/100	Loss 10.7536 ± 0.1591
INFO:kbc-cli.py:Epoch 39/100	Loss 10.7477 ± 0.1582
INFO:kbc-cli.py:Epoch 39/100	dev results	MRR 0.381714	H@1 0.313070	H@3 0.408130	H@5 0.455210	H@10 0.516790	H@20 0.575450	H@50 0.649100	H@100 0.705810
INFO:kbc-cli.py:Epoch 39/100	test results	MRR 0.382567	H@1 0.313370	H@3 0.410670	H@5 0.456370	H@10 0.516990	H@20 0.575580	H@50 0.649580	H@100 0.705360
INFO:kbc-cli.py:Epoch 40/100	Loss 10.7421 ± 0.1571
INFO:kbc-cli.py:Epoch 41/100	Loss 10.7366 ± 0.1556
INFO:kbc-cli.py:Epoch 42/100	Loss 10.7316 ± 0.1531
INFO:kbc-cli.py:Epoch 42/100	dev results	MRR 0.380895	H@1 0.311880	H@3 0.407600	H@5 0.454110	H@10 0.516400	H@20 0.574370	H@50 0.649110	H@100 0.705690
INFO:kbc-cli.py:Epoch 42/100	test results	MRR 0.381897	H@1 0.312770	H@3 0.409050	H@5 0.455570	H@10 0.516290	H@20 0.574790	H@50 0.649020	H@100 0.704750
INFO:kbc-cli.py:Epoch 43/100	Loss 10.7264 ± 0.1555
INFO:kbc-cli.py:Epoch 44/100	Loss 10.7216 ± 0.1537
INFO:kbc-cli.py:Epoch 45/100	Loss 10.7169 ± 0.1530
INFO:kbc-cli.py:Epoch 45/100	dev results	MRR 0.381587	H@1 0.312720	H@3 0.408750	H@5 0.454000	H@10 0.516100	H@20 0.574070	H@50 0.647910	H@100 0.704210
INFO:kbc-cli.py:Epoch 45/100	test results	MRR 0.382245	H@1 0.313150	H@3 0.410440	H@5 0.455540	H@10 0.515810	H@20 0.574440	H@50 0.647620	H@100 0.704190
INFO:kbc-cli.py:Epoch 46/100	Loss 10.7124 ± 0.1507
INFO:kbc-cli.py:Epoch 47/100	Loss 10.7080 ± 0.1488
INFO:kbc-cli.py:Epoch 48/100	Loss 10.7039 ± 0.1495
INFO:kbc-cli.py:Epoch 48/100	dev results	MRR 0.380942	H@1 0.311840	H@3 0.407590	H@5 0.454670	H@10 0.515650	H@20 0.573720	H@50 0.647380	H@100 0.704210
INFO:kbc-cli.py:Epoch 48/100	test results	MRR 0.382350	H@1 0.313690	H@3 0.409380	H@5 0.455240	H@10 0.515820	H@20 0.574350	H@50 0.647470	H@100 0.704120
INFO:kbc-cli.py:Epoch 49/100	Loss 10.6998 ± 0.1523
INFO:kbc-cli.py:Epoch 50/100	Loss 10.6958 ± 0.1470
INFO:kbc-cli.py:Epoch 51/100	Loss 10.6920 ± 0.1484
INFO:kbc-cli.py:Epoch 51/100	dev results	MRR 0.381559	H@1 0.312670	H@3 0.408720	H@5 0.454740	H@10 0.515290	H@20 0.573340	H@50 0.647470	H@100 0.703840
INFO:kbc-cli.py:Epoch 51/100	test results	MRR 0.382565	H@1 0.313850	H@3 0.410290	H@5 0.455400	H@10 0.515390	H@20 0.573840	H@50 0.647260	H@100 0.703480
INFO:kbc-cli.py:Epoch 52/100	Loss 10.6882 ± 0.1485
INFO:kbc-cli.py:Epoch 53/100	Loss 10.6847 ± 0.1478
INFO:kbc-cli.py:Epoch 54/100	Loss 10.6811 ± 0.1461
INFO:kbc-cli.py:Epoch 54/100	dev results	MRR 0.382029	H@1 0.313710	H@3 0.408260	H@5 0.455210	H@10 0.516300	H@20 0.574150	H@50 0.647640	H@100 0.703760
INFO:kbc-cli.py:Epoch 54/100	test results	MRR 0.383170	H@1 0.314570	H@3 0.410660	H@5 0.456210	H@10 0.515770	H@20 0.573990	H@50 0.647250	H@100 0.703570
INFO:kbc-cli.py:Epoch 55/100	Loss 10.6777 ± 0.1475
INFO:kbc-cli.py:Epoch 56/100	Loss 10.6744 ± 0.1460
INFO:kbc-cli.py:Epoch 57/100	Loss 10.6711 ± 0.1446
INFO:kbc-cli.py:Epoch 57/100	dev results	MRR 0.381106	H@1 0.312450	H@3 0.407580	H@5 0.453990	H@10 0.515700	H@20 0.573320	H@50 0.646560	H@100 0.703350
INFO:kbc-cli.py:Epoch 57/100	test results	MRR 0.382781	H@1 0.314160	H@3 0.410590	H@5 0.454970	H@10 0.515820	H@20 0.573770	H@50 0.646490	H@100 0.702870
INFO:kbc-cli.py:Epoch 58/100	Loss 10.6680 ± 0.1460
INFO:kbc-cli.py:Epoch 59/100	Loss 10.6650 ± 0.1460
INFO:kbc-cli.py:Epoch 60/100	Loss 10.6620 ± 0.1438
INFO:kbc-cli.py:Epoch 60/100	dev results	MRR 0.382118	H@1 0.313850	H@3 0.408580	H@5 0.454350	H@10 0.515930	H@20 0.573280	H@50 0.646700	H@100 0.702770
INFO:kbc-cli.py:Epoch 60/100	test results	MRR 0.382936	H@1 0.314300	H@3 0.410360	H@5 0.456140	H@10 0.515440	H@20 0.573280	H@50 0.646090	H@100 0.702520
INFO:kbc-cli.py:Epoch 61/100	Loss 10.6590 ± 0.1435
INFO:kbc-cli.py:Epoch 62/100	Loss 10.6563 ± 0.1443
INFO:kbc-cli.py:Epoch 63/100	Loss 10.6534 ± 0.1452
INFO:kbc-cli.py:Epoch 63/100	dev results	MRR 0.382849	H@1 0.314600	H@3 0.409010	H@5 0.456110	H@10 0.516690	H@20 0.573300	H@50 0.646390	H@100 0.702930
INFO:kbc-cli.py:Epoch 63/100	test results	MRR 0.383752	H@1 0.315560	H@3 0.410970	H@5 0.456650	H@10 0.516110	H@20 0.573290	H@50 0.646540	H@100 0.702350
INFO:kbc-cli.py:Epoch 64/100	Loss 10.6507 ± 0.1428
INFO:kbc-cli.py:Epoch 65/100	Loss 10.6481 ± 0.1445
INFO:kbc-cli.py:Epoch 66/100	Loss 10.6456 ± 0.1411
INFO:kbc-cli.py:Epoch 66/100	dev results	MRR 0.382105	H@1 0.313440	H@3 0.408870	H@5 0.455790	H@10 0.515950	H@20 0.573210	H@50 0.645830	H@100 0.702300
INFO:kbc-cli.py:Epoch 66/100	test results	MRR 0.383917	H@1 0.315730	H@3 0.410740	H@5 0.455930	H@10 0.515690	H@20 0.573810	H@50 0.646030	H@100 0.701890
INFO:kbc-cli.py:Epoch 67/100	Loss 10.6431 ± 0.1423
INFO:kbc-cli.py:Epoch 68/100	Loss 10.6406 ± 0.1407
INFO:kbc-cli.py:Epoch 69/100	Loss 10.6382 ± 0.1385
INFO:kbc-cli.py:Epoch 69/100	dev results	MRR 0.381718	H@1 0.313300	H@3 0.408430	H@5 0.454670	H@10 0.515630	H@20 0.572840	H@50 0.646360	H@100 0.702290
INFO:kbc-cli.py:Epoch 69/100	test results	MRR 0.383197	H@1 0.314770	H@3 0.410620	H@5 0.455950	H@10 0.515600	H@20 0.573050	H@50 0.645130	H@100 0.701790
INFO:kbc-cli.py:Epoch 70/100	Loss 10.6358 ± 0.1398
INFO:kbc-cli.py:Epoch 71/100	Loss 10.6335 ± 0.1379
INFO:kbc-cli.py:Epoch 72/100	Loss 10.6312 ± 0.1380
INFO:kbc-cli.py:Epoch 72/100	dev results	MRR 0.382052	H@1 0.313800	H@3 0.408900	H@5 0.455150	H@10 0.515780	H@20 0.573020	H@50 0.646060	H@100 0.702070
INFO:kbc-cli.py:Epoch 72/100	test results	MRR 0.383465	H@1 0.315400	H@3 0.410840	H@5 0.455300	H@10 0.515260	H@20 0.573160	H@50 0.644900	H@100 0.701610
INFO:kbc-cli.py:Epoch 73/100	Loss 10.6291 ± 0.1377
INFO:kbc-cli.py:Epoch 74/100	Loss 10.6268 ± 0.1385
INFO:kbc-cli.py:Epoch 75/100	Loss 10.6248 ± 0.1383
INFO:kbc-cli.py:Epoch 75/100	dev results	MRR 0.381617	H@1 0.313240	H@3 0.408230	H@5 0.454700	H@10 0.515860	H@20 0.573020	H@50 0.646080	H@100 0.701810
INFO:kbc-cli.py:Epoch 75/100	test results	MRR 0.383253	H@1 0.314980	H@3 0.410620	H@5 0.455520	H@10 0.515210	H@20 0.572700	H@50 0.644880	H@100 0.701030
INFO:kbc-cli.py:Epoch 76/100	Loss 10.6227 ± 0.1383
INFO:kbc-cli.py:Epoch 77/100	Loss 10.6207 ± 0.1380
INFO:kbc-cli.py:Epoch 78/100	Loss 10.6187 ± 0.1388
INFO:kbc-cli.py:Epoch 78/100	dev results	MRR 0.382346	H@1 0.314400	H@3 0.409220	H@5 0.454880	H@10 0.515330	H@20 0.572380	H@50 0.645350	H@100 0.701070
INFO:kbc-cli.py:Epoch 78/100	test results	MRR 0.383508	H@1 0.315290	H@3 0.410590	H@5 0.455400	H@10 0.515330	H@20 0.572630	H@50 0.644280	H@100 0.700480
INFO:kbc-cli.py:Epoch 79/100	Loss 10.6167 ± 0.1377
INFO:kbc-cli.py:Epoch 80/100	Loss 10.6148 ± 0.1385
INFO:kbc-cli.py:Epoch 81/100	Loss 10.6129 ± 0.1356
INFO:kbc-cli.py:Epoch 81/100	dev results	MRR 0.381861	H@1 0.313860	H@3 0.408230	H@5 0.454300	H@10 0.515190	H@20 0.572420	H@50 0.644770	H@100 0.701350
INFO:kbc-cli.py:Epoch 81/100	test results	MRR 0.382760	H@1 0.314270	H@3 0.410110	H@5 0.455160	H@10 0.515330	H@20 0.572260	H@50 0.644060	H@100 0.700150
INFO:kbc-cli.py:Epoch 82/100	Loss 10.6111 ± 0.1344
INFO:kbc-cli.py:Epoch 83/100	Loss 10.6092 ± 0.1349
INFO:kbc-cli.py:Epoch 84/100	Loss 10.6074 ± 0.1341
INFO:kbc-cli.py:Epoch 84/100	dev results	MRR 0.382370	H@1 0.314450	H@3 0.408380	H@5 0.454560	H@10 0.515710	H@20 0.571830	H@50 0.645090	H@100 0.701020
INFO:kbc-cli.py:Epoch 84/100	test results	MRR 0.383343	H@1 0.315360	H@3 0.410250	H@5 0.455680	H@10 0.515420	H@20 0.571610	H@50 0.643950	H@100 0.700510
INFO:kbc-cli.py:Epoch 85/100	Loss 10.6058 ± 0.1350
INFO:kbc-cli.py:Epoch 86/100	Loss 10.6040 ± 0.1377
INFO:kbc-cli.py:Epoch 87/100	Loss 10.6023 ± 0.1353
INFO:kbc-cli.py:Epoch 87/100	dev results	MRR 0.382024	H@1 0.313900	H@3 0.408890	H@5 0.455000	H@10 0.515070	H@20 0.572280	H@50 0.644820	H@100 0.700520
INFO:kbc-cli.py:Epoch 87/100	test results	MRR 0.383406	H@1 0.315380	H@3 0.411170	H@5 0.455140	H@10 0.514790	H@20 0.571940	H@50 0.643600	H@100 0.699910
INFO:kbc-cli.py:Epoch 88/100	Loss 10.6007 ± 0.1339
INFO:kbc-cli.py:Epoch 89/100	Loss 10.5990 ± 0.1356
INFO:kbc-cli.py:Epoch 90/100	Loss 10.5974 ± 0.1361
INFO:kbc-cli.py:Epoch 90/100	dev results	MRR 0.382292	H@1 0.314560	H@3 0.408450	H@5 0.454710	H@10 0.514940	H@20 0.571750	H@50 0.644300	H@100 0.700500
INFO:kbc-cli.py:Epoch 90/100	test results	MRR 0.383487	H@1 0.315640	H@3 0.410640	H@5 0.455560	H@10 0.514350	H@20 0.572120	H@50 0.643600	H@100 0.699970
INFO:kbc-cli.py:Epoch 91/100	Loss 10.5959 ± 0.1307
INFO:kbc-cli.py:Epoch 92/100	Loss 10.5943 ± 0.1349
INFO:kbc-cli.py:Epoch 93/100	Loss 10.5927 ± 0.1334
INFO:kbc-cli.py:Epoch 93/100	dev results	MRR 0.382476	H@1 0.314330	H@3 0.409010	H@5 0.455530	H@10 0.515790	H@20 0.572140	H@50 0.644950	H@100 0.700550
INFO:kbc-cli.py:Epoch 93/100	test results	MRR 0.383897	H@1 0.315870	H@3 0.411130	H@5 0.456180	H@10 0.515500	H@20 0.572180	H@50 0.644020	H@100 0.700060
INFO:kbc-cli.py:Epoch 94/100	Loss 10.5912 ± 0.1337
INFO:kbc-cli.py:Epoch 95/100	Loss 10.5898 ± 0.1332
INFO:kbc-cli.py:Epoch 96/100	Loss 10.5883 ± 0.1326
INFO:kbc-cli.py:Epoch 96/100	dev results	MRR 0.382063	H@1 0.314320	H@3 0.408330	H@5 0.454390	H@10 0.515000	H@20 0.571900	H@50 0.644130	H@100 0.700370
INFO:kbc-cli.py:Epoch 96/100	test results	MRR 0.383134	H@1 0.315010	H@3 0.410560	H@5 0.455200	H@10 0.514290	H@20 0.571800	H@50 0.642980	H@100 0.699180
INFO:kbc-cli.py:Epoch 97/100	Loss 10.5869 ± 0.1317
INFO:kbc-cli.py:Epoch 98/100	Loss 10.5854 ± 0.1335
INFO:kbc-cli.py:Epoch 99/100	Loss 10.5841 ± 0.1318
INFO:kbc-cli.py:Epoch 99/100	dev results	MRR 0.381915	H@1 0.314130	H@3 0.408160	H@5 0.454380	H@10 0.514650	H@20 0.571550	H@50 0.643860	H@100 0.699860
INFO:kbc-cli.py:Epoch 99/100	test results	MRR 0.382825	H@1 0.314570	H@3 0.410160	H@5 0.455200	H@10 0.514600	H@20 0.571150	H@50 0.642870	H@100 0.699490
INFO:kbc-cli.py:Epoch 100/100	Loss 10.5827 ± 0.1302
INFO:kbc-cli.py:Final 	dev results	MRR 0.382113	H@1 0.314260	H@3 0.408540	H@5 0.455030	H@10 0.515140	H@20 0.571540	H@50 0.644610	H@100 0.700140
INFO:kbc-cli.py:Final 	test results	MRR 0.383441	H@1 0.315400	H@3 0.411150	H@5 0.455450	H@10 0.515470	H@20 0.571480	H@50 0.643380	H@100 0.699330
INFO:kbc-cli.py:Training finished
