./bin/kbc-cli.py --train data/hetionet/train.tsv --dev data/hetionet/valid.tsv --test data/hetionet/test.tsv -m complex -k 200 -b 100 -e 100 --F2 0 --N3 0.01 -l 0.1 -I standard -V 3 -o adagrad -c spo -q
{'F2': 0.0,
 'N3': 0.01,
 'batch_size': 100,
 'corruption': 'spo',
 'dev': 'data/hetionet/valid.tsv',
 'embedding_size': 200,
 'epochs': 100,
 'eval_batch_size': None,
 'input_type': 'standard',
 'learning_rate': 0.1,
 'load': None,
 'model': 'complex',
 'optimizer': 'adagrad',
 'quiet': True,
 'save': None,
 'seed': 0,
 'test': 'data/hetionet/test.tsv',
 'test_i': None,
 'test_ii': None,
 'train': 'data/hetionet/train.tsv',
 'validate_every': 3}
INFO:kbc-cli.py:Device: cuda
INFO:kbc-cli.py:Model state:
INFO:kbc-cli.py:	entities.weight	torch.Size([45160, 400])
INFO:kbc-cli.py:	predicates.weight	torch.Size([25, 400])
INFO:kbc-cli.py:Epoch 1/100	Loss 16.9563 ± 1.3535
INFO:kbc-cli.py:Epoch 2/100	Loss 14.5820 ± 0.3195
INFO:kbc-cli.py:Epoch 3/100	Loss 13.8281 ± 0.2870
INFO:kbc-cli.py:Epoch 3/100	dev results	MRR 0.301561	H@1 0.226070	H@3 0.329250	H@5 0.380160	H@10 0.448290	H@20 0.520140	H@50 0.606070	H@100 0.670560
INFO:kbc-cli.py:Epoch 3/100	test results	MRR 0.303009	H@1 0.228230	H@3 0.331210	H@5 0.380130	H@10 0.448120	H@20 0.518130	H@50 0.605150	H@100 0.669850
INFO:kbc-cli.py:Epoch 4/100	Loss 13.4051 ± 0.2839
INFO:kbc-cli.py:Epoch 5/100	Loss 13.1324 ± 0.2835
INFO:kbc-cli.py:Epoch 6/100	Loss 12.9397 ± 0.2776
INFO:kbc-cli.py:Epoch 6/100	dev results	MRR 0.318554	H@1 0.241900	H@3 0.348250	H@5 0.398310	H@10 0.468950	H@20 0.537490	H@50 0.621350	H@100 0.684280
INFO:kbc-cli.py:Epoch 6/100	test results	MRR 0.320202	H@1 0.244250	H@3 0.349430	H@5 0.399310	H@10 0.469410	H@20 0.536480	H@50 0.620370	H@100 0.683170
INFO:kbc-cli.py:Epoch 7/100	Loss 12.7942 ± 0.2750
INFO:kbc-cli.py:Epoch 8/100	Loss 12.6789 ± 0.2733
INFO:kbc-cli.py:Epoch 9/100	Loss 12.5847 ± 0.2695
INFO:kbc-cli.py:Epoch 9/100	dev results	MRR 0.324213	H@1 0.247320	H@3 0.354720	H@5 0.405630	H@10 0.473310	H@20 0.540250	H@50 0.623240	H@100 0.686160
INFO:kbc-cli.py:Epoch 9/100	test results	MRR 0.326198	H@1 0.250490	H@3 0.356110	H@5 0.405940	H@10 0.473440	H@20 0.540480	H@50 0.622650	H@100 0.685130
INFO:kbc-cli.py:Epoch 10/100	Loss 12.5058 ± 0.2644
INFO:kbc-cli.py:Epoch 11/100	Loss 12.4385 ± 0.2637
INFO:kbc-cli.py:Epoch 12/100	Loss 12.3801 ± 0.2627
INFO:kbc-cli.py:Epoch 12/100	dev results	MRR 0.324455	H@1 0.247580	H@3 0.355320	H@5 0.405450	H@10 0.474670	H@20 0.540170	H@50 0.622290	H@100 0.685280
INFO:kbc-cli.py:Epoch 12/100	test results	MRR 0.326382	H@1 0.250510	H@3 0.356710	H@5 0.406400	H@10 0.473540	H@20 0.539380	H@50 0.622810	H@100 0.684110
INFO:kbc-cli.py:Epoch 13/100	Loss 12.3292 ± 0.2626
INFO:kbc-cli.py:Epoch 14/100	Loss 12.2840 ± 0.2589
INFO:kbc-cli.py:Epoch 15/100	Loss 12.2437 ± 0.2585
INFO:kbc-cli.py:Epoch 15/100	dev results	MRR 0.325044	H@1 0.248620	H@3 0.356320	H@5 0.405630	H@10 0.473720	H@20 0.540690	H@50 0.622680	H@100 0.684620
INFO:kbc-cli.py:Epoch 15/100	test results	MRR 0.325883	H@1 0.249850	H@3 0.356930	H@5 0.406540	H@10 0.473680	H@20 0.539700	H@50 0.621560	H@100 0.683600
INFO:kbc-cli.py:Epoch 16/100	Loss 12.2073 ± 0.2592
INFO:kbc-cli.py:Epoch 17/100	Loss 12.1744 ± 0.2564
INFO:kbc-cli.py:Epoch 18/100	Loss 12.1446 ± 0.2561
INFO:kbc-cli.py:Epoch 18/100	dev results	MRR 0.324618	H@1 0.248170	H@3 0.356170	H@5 0.405630	H@10 0.473300	H@20 0.538710	H@50 0.620690	H@100 0.683400
INFO:kbc-cli.py:Epoch 18/100	test results	MRR 0.325271	H@1 0.249370	H@3 0.355400	H@5 0.405630	H@10 0.473150	H@20 0.538230	H@50 0.620480	H@100 0.681540
INFO:kbc-cli.py:Epoch 19/100	Loss 12.1170 ± 0.2564
INFO:kbc-cli.py:Epoch 20/100	Loss 12.0918 ± 0.2528
INFO:kbc-cli.py:Epoch 21/100	Loss 12.0685 ± 0.2535
INFO:kbc-cli.py:Epoch 21/100	dev results	MRR 0.324938	H@1 0.249050	H@3 0.355640	H@5 0.405120	H@10 0.473080	H@20 0.538550	H@50 0.620840	H@100 0.683100
INFO:kbc-cli.py:Epoch 21/100	test results	MRR 0.326396	H@1 0.251570	H@3 0.354950	H@5 0.405300	H@10 0.472280	H@20 0.538060	H@50 0.620210	H@100 0.681760
INFO:kbc-cli.py:Epoch 22/100	Loss 12.0468 ± 0.2557
INFO:kbc-cli.py:Epoch 23/100	Loss 12.0267 ± 0.2537
INFO:kbc-cli.py:Epoch 24/100	Loss 12.0078 ± 0.2533
INFO:kbc-cli.py:Epoch 24/100	dev results	MRR 0.325242	H@1 0.249990	H@3 0.354500	H@5 0.405050	H@10 0.472780	H@20 0.538210	H@50 0.619540	H@100 0.681410
INFO:kbc-cli.py:Epoch 24/100	test results	MRR 0.325238	H@1 0.249830	H@3 0.354710	H@5 0.405580	H@10 0.472430	H@20 0.537860	H@50 0.619230	H@100 0.680790
INFO:kbc-cli.py:Epoch 25/100	Loss 11.9902 ± 0.2513
INFO:kbc-cli.py:Epoch 26/100	Loss 11.9737 ± 0.2513
INFO:kbc-cli.py:Epoch 27/100	Loss 11.9580 ± 0.2497
INFO:kbc-cli.py:Epoch 27/100	dev results	MRR 0.324065	H@1 0.248270	H@3 0.354360	H@5 0.403780	H@10 0.473010	H@20 0.537640	H@50 0.619310	H@100 0.681720
INFO:kbc-cli.py:Epoch 27/100	test results	MRR 0.324471	H@1 0.248940	H@3 0.354540	H@5 0.403950	H@10 0.472430	H@20 0.537120	H@50 0.619010	H@100 0.680320
INFO:kbc-cli.py:Epoch 28/100	Loss 11.9433 ± 0.2510
INFO:kbc-cli.py:Epoch 29/100	Loss 11.9294 ± 0.2495
INFO:kbc-cli.py:Epoch 30/100	Loss 11.9162 ± 0.2502
INFO:kbc-cli.py:Epoch 30/100	dev results	MRR 0.324515	H@1 0.249260	H@3 0.354010	H@5 0.403800	H@10 0.472100	H@20 0.537020	H@50 0.617660	H@100 0.680440
INFO:kbc-cli.py:Epoch 30/100	test results	MRR 0.324898	H@1 0.249630	H@3 0.354800	H@5 0.404260	H@10 0.471700	H@20 0.537480	H@50 0.618920	H@100 0.679270
INFO:kbc-cli.py:Epoch 31/100	Loss 11.9036 ± 0.2485
INFO:kbc-cli.py:Epoch 32/100	Loss 11.8917 ± 0.2492
INFO:kbc-cli.py:Epoch 33/100	Loss 11.8804 ± 0.2469
INFO:kbc-cli.py:Epoch 33/100	dev results	MRR 0.323989	H@1 0.248820	H@3 0.353600	H@5 0.403200	H@10 0.471360	H@20 0.536290	H@50 0.617730	H@100 0.679520
INFO:kbc-cli.py:Epoch 33/100	test results	MRR 0.324344	H@1 0.249260	H@3 0.354040	H@5 0.403570	H@10 0.471230	H@20 0.536170	H@50 0.617960	H@100 0.679010
INFO:kbc-cli.py:Epoch 34/100	Loss 11.8696 ± 0.2463
INFO:kbc-cli.py:Epoch 35/100	Loss 11.8593 ± 0.2473
INFO:kbc-cli.py:Epoch 36/100	Loss 11.8494 ± 0.2474
INFO:kbc-cli.py:Epoch 36/100	dev results	MRR 0.323654	H@1 0.248420	H@3 0.353490	H@5 0.403210	H@10 0.469760	H@20 0.536430	H@50 0.617320	H@100 0.678880
INFO:kbc-cli.py:Epoch 36/100	test results	MRR 0.323854	H@1 0.248570	H@3 0.353810	H@5 0.402970	H@10 0.470220	H@20 0.535810	H@50 0.617300	H@100 0.678580
INFO:kbc-cli.py:Epoch 37/100	Loss 11.8399 ± 0.2462
INFO:kbc-cli.py:Epoch 38/100	Loss 11.8309 ± 0.2461
INFO:kbc-cli.py:Epoch 39/100	Loss 11.8221 ± 0.2446
INFO:kbc-cli.py:Epoch 39/100	dev results	MRR 0.323466	H@1 0.248280	H@3 0.353100	H@5 0.402290	H@10 0.469770	H@20 0.535570	H@50 0.616260	H@100 0.678150
INFO:kbc-cli.py:Epoch 39/100	test results	MRR 0.323669	H@1 0.248800	H@3 0.353480	H@5 0.402330	H@10 0.469700	H@20 0.535000	H@50 0.616560	H@100 0.677530
INFO:kbc-cli.py:Epoch 40/100	Loss 11.8137 ± 0.2459
INFO:kbc-cli.py:Epoch 41/100	Loss 11.8057 ± 0.2461
INFO:kbc-cli.py:Epoch 42/100	Loss 11.7980 ± 0.2437
INFO:kbc-cli.py:Epoch 42/100	dev results	MRR 0.322264	H@1 0.247050	H@3 0.352380	H@5 0.401110	H@10 0.469340	H@20 0.535060	H@50 0.615810	H@100 0.677820
INFO:kbc-cli.py:Epoch 42/100	test results	MRR 0.322711	H@1 0.247770	H@3 0.352830	H@5 0.401790	H@10 0.469120	H@20 0.533610	H@50 0.616550	H@100 0.677460
INFO:kbc-cli.py:Epoch 43/100	Loss 11.7905 ± 0.2479
INFO:kbc-cli.py:Epoch 44/100	Loss 11.7832 ± 0.2470
INFO:kbc-cli.py:Epoch 45/100	Loss 11.7763 ± 0.2436
INFO:kbc-cli.py:Epoch 45/100	dev results	MRR 0.322978	H@1 0.247720	H@3 0.352740	H@5 0.401700	H@10 0.469350	H@20 0.534950	H@50 0.615570	H@100 0.677040
INFO:kbc-cli.py:Epoch 45/100	test results	MRR 0.322588	H@1 0.247260	H@3 0.353390	H@5 0.401780	H@10 0.469020	H@20 0.533400	H@50 0.615710	H@100 0.676520
INFO:kbc-cli.py:Epoch 46/100	Loss 11.7696 ± 0.2452
INFO:kbc-cli.py:Epoch 47/100	Loss 11.7630 ± 0.2422
INFO:kbc-cli.py:Epoch 48/100	Loss 11.7567 ± 0.2445
INFO:kbc-cli.py:Epoch 48/100	dev results	MRR 0.322259	H@1 0.247040	H@3 0.352570	H@5 0.401250	H@10 0.468380	H@20 0.534050	H@50 0.615260	H@100 0.676630
INFO:kbc-cli.py:Epoch 48/100	test results	MRR 0.322139	H@1 0.246870	H@3 0.352670	H@5 0.401700	H@10 0.468380	H@20 0.533240	H@50 0.615940	H@100 0.676640
INFO:kbc-cli.py:Epoch 49/100	Loss 11.7507 ± 0.2462
INFO:kbc-cli.py:Epoch 50/100	Loss 11.7447 ± 0.2433
INFO:kbc-cli.py:Epoch 51/100	Loss 11.7390 ± 0.2432
INFO:kbc-cli.py:Epoch 51/100	dev results	MRR 0.322166	H@1 0.247250	H@3 0.352110	H@5 0.400320	H@10 0.468030	H@20 0.533900	H@50 0.615250	H@100 0.676100
INFO:kbc-cli.py:Epoch 51/100	test results	MRR 0.322178	H@1 0.247540	H@3 0.351910	H@5 0.400930	H@10 0.467700	H@20 0.533030	H@50 0.615860	H@100 0.675960
INFO:kbc-cli.py:Epoch 52/100	Loss 11.7334 ± 0.2435
INFO:kbc-cli.py:Epoch 53/100	Loss 11.7281 ± 0.2445
INFO:kbc-cli.py:Epoch 54/100	Loss 11.7228 ± 0.2417
INFO:kbc-cli.py:Epoch 54/100	dev results	MRR 0.321532	H@1 0.246020	H@3 0.351850	H@5 0.400380	H@10 0.467710	H@20 0.533800	H@50 0.614330	H@100 0.675690
INFO:kbc-cli.py:Epoch 54/100	test results	MRR 0.321943	H@1 0.246640	H@3 0.352560	H@5 0.400850	H@10 0.467750	H@20 0.532640	H@50 0.615020	H@100 0.675300
INFO:kbc-cli.py:Epoch 55/100	Loss 11.7177 ± 0.2444
INFO:kbc-cli.py:Epoch 56/100	Loss 11.7128 ± 0.2436
INFO:kbc-cli.py:Epoch 57/100	Loss 11.7080 ± 0.2431
INFO:kbc-cli.py:Epoch 57/100	dev results	MRR 0.321485	H@1 0.246270	H@3 0.351760	H@5 0.400260	H@10 0.467480	H@20 0.533140	H@50 0.614020	H@100 0.675070
INFO:kbc-cli.py:Epoch 57/100	test results	MRR 0.321487	H@1 0.246390	H@3 0.352080	H@5 0.400820	H@10 0.467830	H@20 0.531940	H@50 0.614690	H@100 0.674790
INFO:kbc-cli.py:Epoch 58/100	Loss 11.7033 ± 0.2430
INFO:kbc-cli.py:Epoch 59/100	Loss 11.6987 ± 0.2441
INFO:kbc-cli.py:Epoch 60/100	Loss 11.6943 ± 0.2424
INFO:kbc-cli.py:Epoch 60/100	dev results	MRR 0.321458	H@1 0.246570	H@3 0.351530	H@5 0.399960	H@10 0.467490	H@20 0.532900	H@50 0.613800	H@100 0.674790
INFO:kbc-cli.py:Epoch 60/100	test results	MRR 0.321067	H@1 0.246220	H@3 0.351650	H@5 0.400070	H@10 0.466870	H@20 0.531610	H@50 0.614440	H@100 0.674240
INFO:kbc-cli.py:Epoch 61/100	Loss 11.6899 ± 0.2425
INFO:kbc-cli.py:Epoch 62/100	Loss 11.6857 ± 0.2427
INFO:kbc-cli.py:Epoch 63/100	Loss 11.6816 ± 0.2424
INFO:kbc-cli.py:Epoch 63/100	dev results	MRR 0.321605	H@1 0.246860	H@3 0.351040	H@5 0.399880	H@10 0.467130	H@20 0.532410	H@50 0.613560	H@100 0.674850
INFO:kbc-cli.py:Epoch 63/100	test results	MRR 0.321462	H@1 0.246720	H@3 0.351340	H@5 0.399850	H@10 0.466980	H@20 0.531080	H@50 0.614070	H@100 0.674480
INFO:kbc-cli.py:Epoch 64/100	Loss 11.6776 ± 0.2426
INFO:kbc-cli.py:Epoch 65/100	Loss 11.6736 ± 0.2447
INFO:kbc-cli.py:Epoch 66/100	Loss 11.6698 ± 0.2414
INFO:kbc-cli.py:Epoch 66/100	dev results	MRR 0.321152	H@1 0.246250	H@3 0.351300	H@5 0.399790	H@10 0.466980	H@20 0.532750	H@50 0.612600	H@100 0.674030
INFO:kbc-cli.py:Epoch 66/100	test results	MRR 0.321362	H@1 0.246660	H@3 0.352310	H@5 0.399700	H@10 0.466160	H@20 0.531420	H@50 0.613760	H@100 0.674040
INFO:kbc-cli.py:Epoch 67/100	Loss 11.6660 ± 0.2441
INFO:kbc-cli.py:Epoch 68/100	Loss 11.6624 ± 0.2418
INFO:kbc-cli.py:Epoch 69/100	Loss 11.6588 ± 0.2404
INFO:kbc-cli.py:Epoch 69/100	dev results	MRR 0.320768	H@1 0.246050	H@3 0.350620	H@5 0.399400	H@10 0.466370	H@20 0.532120	H@50 0.612300	H@100 0.674050
INFO:kbc-cli.py:Epoch 69/100	test results	MRR 0.320381	H@1 0.245500	H@3 0.350670	H@5 0.399510	H@10 0.465990	H@20 0.530520	H@50 0.613530	H@100 0.673170
INFO:kbc-cli.py:Epoch 70/100	Loss 11.6553 ± 0.2418
INFO:kbc-cli.py:Epoch 71/100	Loss 11.6519 ± 0.2398
INFO:kbc-cli.py:Epoch 72/100	Loss 11.6485 ± 0.2411
INFO:kbc-cli.py:Epoch 72/100	dev results	MRR 0.320699	H@1 0.246150	H@3 0.350270	H@5 0.398890	H@10 0.465830	H@20 0.532210	H@50 0.611760	H@100 0.673340
INFO:kbc-cli.py:Epoch 72/100	test results	MRR 0.320773	H@1 0.246430	H@3 0.350930	H@5 0.398930	H@10 0.465330	H@20 0.530450	H@50 0.612900	H@100 0.673050
INFO:kbc-cli.py:Epoch 73/100	Loss 11.6452 ± 0.2409
INFO:kbc-cli.py:Epoch 74/100	Loss 11.6420 ± 0.2419
INFO:kbc-cli.py:Epoch 75/100	Loss 11.6389 ± 0.2416
INFO:kbc-cli.py:Epoch 75/100	dev results	MRR 0.319978	H@1 0.244860	H@3 0.350460	H@5 0.398740	H@10 0.465800	H@20 0.531260	H@50 0.611120	H@100 0.672550
INFO:kbc-cli.py:Epoch 75/100	test results	MRR 0.319471	H@1 0.244290	H@3 0.350300	H@5 0.399070	H@10 0.464900	H@20 0.529650	H@50 0.612810	H@100 0.673090
INFO:kbc-cli.py:Epoch 76/100	Loss 11.6358 ± 0.2415
INFO:kbc-cli.py:Epoch 77/100	Loss 11.6327 ± 0.2425
INFO:kbc-cli.py:Epoch 78/100	Loss 11.6298 ± 0.2407
INFO:kbc-cli.py:Epoch 78/100	dev results	MRR 0.320088	H@1 0.245280	H@3 0.350560	H@5 0.398820	H@10 0.465690	H@20 0.531060	H@50 0.611080	H@100 0.672310
INFO:kbc-cli.py:Epoch 78/100	test results	MRR 0.319713	H@1 0.244830	H@3 0.350230	H@5 0.398490	H@10 0.465120	H@20 0.529380	H@50 0.612440	H@100 0.672760
INFO:kbc-cli.py:Epoch 79/100	Loss 11.6269 ± 0.2408
INFO:kbc-cli.py:Epoch 80/100	Loss 11.6240 ± 0.2420
INFO:kbc-cli.py:Epoch 81/100	Loss 11.6212 ± 0.2407
INFO:kbc-cli.py:Epoch 81/100	dev results	MRR 0.319940	H@1 0.245340	H@3 0.350030	H@5 0.398170	H@10 0.465150	H@20 0.530780	H@50 0.610520	H@100 0.672430
INFO:kbc-cli.py:Epoch 81/100	test results	MRR 0.319690	H@1 0.245100	H@3 0.350180	H@5 0.398360	H@10 0.464350	H@20 0.529510	H@50 0.611990	H@100 0.672620
INFO:kbc-cli.py:Epoch 82/100	Loss 11.6185 ± 0.2419
INFO:kbc-cli.py:Epoch 83/100	Loss 11.6158 ± 0.2405
INFO:kbc-cli.py:Epoch 84/100	Loss 11.6131 ± 0.2417
INFO:kbc-cli.py:Epoch 84/100	dev results	MRR 0.320084	H@1 0.245270	H@3 0.350310	H@5 0.398080	H@10 0.464870	H@20 0.530880	H@50 0.610320	H@100 0.671850
INFO:kbc-cli.py:Epoch 84/100	test results	MRR 0.319670	H@1 0.245110	H@3 0.350100	H@5 0.397910	H@10 0.464610	H@20 0.529370	H@50 0.611590	H@100 0.672420
INFO:kbc-cli.py:Epoch 85/100	Loss 11.6105 ± 0.2410
INFO:kbc-cli.py:Epoch 86/100	Loss 11.6080 ± 0.2422
INFO:kbc-cli.py:Epoch 87/100	Loss 11.6055 ± 0.2402
INFO:kbc-cli.py:Epoch 87/100	dev results	MRR 0.319865	H@1 0.244930	H@3 0.350120	H@5 0.398470	H@10 0.465180	H@20 0.530640	H@50 0.610290	H@100 0.671780
INFO:kbc-cli.py:Epoch 87/100	test results	MRR 0.319375	H@1 0.244670	H@3 0.349880	H@5 0.397870	H@10 0.464600	H@20 0.529120	H@50 0.611320	H@100 0.672270
INFO:kbc-cli.py:Epoch 88/100	Loss 11.6030 ± 0.2411
INFO:kbc-cli.py:Epoch 89/100	Loss 11.6006 ± 0.2423
INFO:kbc-cli.py:Epoch 90/100	Loss 11.5982 ± 0.2417
INFO:kbc-cli.py:Epoch 90/100	dev results	MRR 0.319559	H@1 0.244880	H@3 0.349440	H@5 0.398050	H@10 0.464840	H@20 0.530290	H@50 0.610210	H@100 0.671010
INFO:kbc-cli.py:Epoch 90/100	test results	MRR 0.318899	H@1 0.244140	H@3 0.349230	H@5 0.397580	H@10 0.464120	H@20 0.528570	H@50 0.611310	H@100 0.671360
INFO:kbc-cli.py:Epoch 91/100	Loss 11.5959 ± 0.2399
INFO:kbc-cli.py:Epoch 92/100	Loss 11.5936 ± 0.2402
INFO:kbc-cli.py:Epoch 93/100	Loss 11.5913 ± 0.2417
INFO:kbc-cli.py:Epoch 93/100	dev results	MRR 0.319757	H@1 0.245270	H@3 0.349820	H@5 0.398100	H@10 0.464970	H@20 0.530150	H@50 0.609360	H@100 0.671220
INFO:kbc-cli.py:Epoch 93/100	test results	MRR 0.319061	H@1 0.244200	H@3 0.350040	H@5 0.397260	H@10 0.463860	H@20 0.528640	H@50 0.610730	H@100 0.671830
INFO:kbc-cli.py:Epoch 94/100	Loss 11.5891 ± 0.2401
INFO:kbc-cli.py:Epoch 95/100	Loss 11.5869 ± 0.2396
INFO:kbc-cli.py:Epoch 96/100	Loss 11.5847 ± 0.2422
INFO:kbc-cli.py:Epoch 96/100	dev results	MRR 0.319232	H@1 0.244440	H@3 0.349620	H@5 0.398420	H@10 0.465050	H@20 0.529920	H@50 0.609540	H@100 0.670690
INFO:kbc-cli.py:Epoch 96/100	test results	MRR 0.318653	H@1 0.244090	H@3 0.349510	H@5 0.397090	H@10 0.463760	H@20 0.528270	H@50 0.610610	H@100 0.671640
INFO:kbc-cli.py:Epoch 97/100	Loss 11.5826 ± 0.2429
INFO:kbc-cli.py:Epoch 98/100	Loss 11.5805 ± 0.2412
INFO:kbc-cli.py:Epoch 99/100	Loss 11.5785 ± 0.2394
INFO:kbc-cli.py:Epoch 99/100	dev results	MRR 0.318862	H@1 0.244080	H@3 0.348600	H@5 0.397640	H@10 0.463500	H@20 0.529500	H@50 0.609150	H@100 0.670670
INFO:kbc-cli.py:Epoch 99/100	test results	MRR 0.318034	H@1 0.243290	H@3 0.348480	H@5 0.396630	H@10 0.462880	H@20 0.528100	H@50 0.610220	H@100 0.671020
INFO:kbc-cli.py:Epoch 100/100	Loss 11.5764 ± 0.2398
INFO:kbc-cli.py:Final 	dev results	MRR 0.319657	H@1 0.245070	H@3 0.349660	H@5 0.397920	H@10 0.464490	H@20 0.530030	H@50 0.609450	H@100 0.670820
INFO:kbc-cli.py:Final 	test results	MRR 0.318799	H@1 0.244180	H@3 0.349620	H@5 0.397190	H@10 0.464070	H@20 0.528830	H@50 0.610720	H@100 0.670880
INFO:kbc-cli.py:Training finished
