./bin/kbc-cli.py --train data/hetionet/train.tsv --dev data/hetionet/valid.tsv --test data/hetionet/test.tsv -m complex -k 100 -b 50 -e 100 --F2 0 --N3 0.1 -l 0.1 -I standard -V 3 -o adagrad -c spo -q
{'F2': 0.0,
 'N3': 0.1,
 'batch_size': 50,
 'corruption': 'spo',
 'dev': 'data/hetionet/valid.tsv',
 'embedding_size': 100,
 'epochs': 100,
 'eval_batch_size': None,
 'input_type': 'standard',
 'learning_rate': 0.1,
 'load': None,
 'model': 'complex',
 'optimizer': 'adagrad',
 'quiet': True,
 'save': None,
 'seed': 0,
 'test': 'data/hetionet/test.tsv',
 'test_i': None,
 'test_ii': None,
 'train': 'data/hetionet/train.tsv',
 'validate_every': 3}
INFO:kbc-cli.py:Device: cuda
INFO:kbc-cli.py:Model state:
INFO:kbc-cli.py:	entities.weight	torch.Size([45160, 200])
INFO:kbc-cli.py:	predicates.weight	torch.Size([25, 200])
INFO:kbc-cli.py:Epoch 1/100	Loss 50.4269 ± 12.7770
INFO:kbc-cli.py:Epoch 2/100	Loss 37.7601 ± 9.7746
INFO:kbc-cli.py:Epoch 3/100	Loss 33.5337 ± 8.8247
INFO:kbc-cli.py:Epoch 3/100	dev results	MRR 0.217490	H@1 0.158520	H@3 0.230450	H@5 0.271340	H@10 0.335350	H@20 0.406980	H@50 0.496570	H@100 0.567130
INFO:kbc-cli.py:Epoch 3/100	test results	MRR 0.218372	H@1 0.160340	H@3 0.231010	H@5 0.271180	H@10 0.333830	H@20 0.403470	H@50 0.495730	H@100 0.565650
INFO:kbc-cli.py:Epoch 4/100	Loss 31.0957 ± 8.2125
INFO:kbc-cli.py:Epoch 5/100	Loss 29.4432 ± 7.7918
INFO:kbc-cli.py:Epoch 6/100	Loss 28.2236 ± 7.3465
INFO:kbc-cli.py:Epoch 6/100	dev results	MRR 0.244842	H@1 0.182660	H@3 0.259920	H@5 0.303340	H@10 0.371010	H@20 0.442570	H@50 0.531390	H@100 0.600400
INFO:kbc-cli.py:Epoch 6/100	test results	MRR 0.245369	H@1 0.183040	H@3 0.261830	H@5 0.303700	H@10 0.369680	H@20 0.439500	H@50 0.531410	H@100 0.599670
INFO:kbc-cli.py:Epoch 7/100	Loss 27.2740 ± 7.0579
INFO:kbc-cli.py:Epoch 8/100	Loss 26.5065 ± 6.8505
INFO:kbc-cli.py:Epoch 9/100	Loss 25.8689 ± 6.5863
INFO:kbc-cli.py:Epoch 9/100	dev results	MRR 0.257385	H@1 0.193540	H@3 0.274540	H@5 0.318560	H@10 0.385130	H@20 0.455580	H@50 0.546380	H@100 0.614720
INFO:kbc-cli.py:Epoch 9/100	test results	MRR 0.257719	H@1 0.193550	H@3 0.275770	H@5 0.319520	H@10 0.384190	H@20 0.454680	H@50 0.545410	H@100 0.614160
INFO:kbc-cli.py:Epoch 10/100	Loss 25.3282 ± 6.3775
INFO:kbc-cli.py:Epoch 11/100	Loss 24.8618 ± 6.1970
INFO:kbc-cli.py:Epoch 12/100	Loss 24.4540 ± 6.0538
INFO:kbc-cli.py:Epoch 12/100	dev results	MRR 0.263624	H@1 0.199530	H@3 0.280810	H@5 0.325090	H@10 0.392990	H@20 0.463300	H@50 0.553620	H@100 0.621630
INFO:kbc-cli.py:Epoch 12/100	test results	MRR 0.264280	H@1 0.200370	H@3 0.280810	H@5 0.325330	H@10 0.392250	H@20 0.461830	H@50 0.552320	H@100 0.620700
INFO:kbc-cli.py:Epoch 13/100	Loss 24.0933 ± 5.8649
INFO:kbc-cli.py:Epoch 14/100	Loss 23.7713 ± 5.7308
INFO:kbc-cli.py:Epoch 15/100	Loss 23.4813 ± 5.5701
INFO:kbc-cli.py:Epoch 15/100	dev results	MRR 0.268126	H@1 0.203220	H@3 0.286050	H@5 0.330160	H@10 0.398190	H@20 0.469590	H@50 0.558530	H@100 0.626120
INFO:kbc-cli.py:Epoch 15/100	test results	MRR 0.268090	H@1 0.203300	H@3 0.285700	H@5 0.330300	H@10 0.397330	H@20 0.467830	H@50 0.558560	H@100 0.625390
INFO:kbc-cli.py:Epoch 16/100	Loss 23.2185 ± 5.4987
INFO:kbc-cli.py:Epoch 17/100	Loss 22.9787 ± 5.3899
INFO:kbc-cli.py:Epoch 18/100	Loss 22.7588 ± 5.2397
INFO:kbc-cli.py:Epoch 18/100	dev results	MRR 0.270634	H@1 0.205270	H@3 0.289260	H@5 0.333700	H@10 0.402380	H@20 0.472520	H@50 0.562400	H@100 0.628840
INFO:kbc-cli.py:Epoch 18/100	test results	MRR 0.270718	H@1 0.205240	H@3 0.289530	H@5 0.334470	H@10 0.401250	H@20 0.470780	H@50 0.560420	H@100 0.628850
INFO:kbc-cli.py:Epoch 19/100	Loss 22.5560 ± 5.1614
INFO:kbc-cli.py:Epoch 20/100	Loss 22.3683 ± 5.1037
INFO:kbc-cli.py:Epoch 21/100	Loss 22.1940 ± 4.9707
INFO:kbc-cli.py:Epoch 21/100	dev results	MRR 0.273044	H@1 0.207890	H@3 0.290930	H@5 0.335890	H@10 0.404390	H@20 0.474740	H@50 0.565320	H@100 0.631650
INFO:kbc-cli.py:Epoch 21/100	test results	MRR 0.273277	H@1 0.208220	H@3 0.290680	H@5 0.336230	H@10 0.403690	H@20 0.473500	H@50 0.564070	H@100 0.630470
INFO:kbc-cli.py:Epoch 22/100	Loss 22.0314 ± 4.9112
INFO:kbc-cli.py:Epoch 23/100	Loss 21.8793 ± 4.8249
INFO:kbc-cli.py:Epoch 24/100	Loss 21.7367 ± 4.7443
INFO:kbc-cli.py:Epoch 24/100	dev results	MRR 0.274728	H@1 0.209160	H@3 0.293340	H@5 0.338330	H@10 0.405670	H@20 0.477360	H@50 0.566770	H@100 0.633700
INFO:kbc-cli.py:Epoch 24/100	test results	MRR 0.275007	H@1 0.209690	H@3 0.293160	H@5 0.337310	H@10 0.405870	H@20 0.475320	H@50 0.565820	H@100 0.632690
INFO:kbc-cli.py:Epoch 25/100	Loss 21.6025 ± 4.6507
INFO:kbc-cli.py:Epoch 26/100	Loss 21.4760 ± 4.5867
INFO:kbc-cli.py:Epoch 27/100	Loss 21.3564 ± 4.5069
INFO:kbc-cli.py:Epoch 27/100	dev results	MRR 0.276263	H@1 0.210730	H@3 0.294110	H@5 0.340010	H@10 0.407800	H@20 0.478960	H@50 0.569490	H@100 0.635130
INFO:kbc-cli.py:Epoch 27/100	test results	MRR 0.276820	H@1 0.211380	H@3 0.294950	H@5 0.339520	H@10 0.407490	H@20 0.477410	H@50 0.567330	H@100 0.634500
INFO:kbc-cli.py:Epoch 28/100	Loss 21.2433 ± 4.4552
INFO:kbc-cli.py:Epoch 29/100	Loss 21.1360 ± 4.4127
INFO:kbc-cli.py:Epoch 30/100	Loss 21.0340 ± 4.3430
INFO:kbc-cli.py:Epoch 30/100	dev results	MRR 0.278562	H@1 0.213480	H@3 0.296140	H@5 0.341100	H@10 0.409660	H@20 0.480770	H@50 0.570960	H@100 0.636500
INFO:kbc-cli.py:Epoch 30/100	test results	MRR 0.278912	H@1 0.213580	H@3 0.297420	H@5 0.342020	H@10 0.409300	H@20 0.479020	H@50 0.569870	H@100 0.636070
INFO:kbc-cli.py:Epoch 31/100	Loss 20.9369 ± 4.2889
INFO:kbc-cli.py:Epoch 32/100	Loss 20.8443 ± 4.2198
INFO:kbc-cli.py:Epoch 33/100	Loss 20.7560 ± 4.1637
INFO:kbc-cli.py:Epoch 33/100	dev results	MRR 0.279786	H@1 0.214630	H@3 0.296660	H@5 0.343100	H@10 0.411090	H@20 0.482300	H@50 0.571950	H@100 0.638200
INFO:kbc-cli.py:Epoch 33/100	test results	MRR 0.280367	H@1 0.215010	H@3 0.298260	H@5 0.343430	H@10 0.410920	H@20 0.480730	H@50 0.570410	H@100 0.636900
INFO:kbc-cli.py:Epoch 34/100	Loss 20.6715 ± 4.1316
INFO:kbc-cli.py:Epoch 35/100	Loss 20.5907 ± 4.0954
INFO:kbc-cli.py:Epoch 36/100	Loss 20.5131 ± 4.0278
INFO:kbc-cli.py:Epoch 36/100	dev results	MRR 0.279868	H@1 0.213600	H@3 0.298970	H@5 0.344500	H@10 0.411950	H@20 0.483150	H@50 0.573060	H@100 0.639660
INFO:kbc-cli.py:Epoch 36/100	test results	MRR 0.280528	H@1 0.214220	H@3 0.299990	H@5 0.344660	H@10 0.411690	H@20 0.481840	H@50 0.571890	H@100 0.638540
INFO:kbc-cli.py:Epoch 37/100	Loss 20.4388 ± 3.9860
INFO:kbc-cli.py:Epoch 38/100	Loss 20.3673 ± 3.9226
INFO:kbc-cli.py:Epoch 39/100	Loss 20.2986 ± 3.9012
INFO:kbc-cli.py:Epoch 39/100	dev results	MRR 0.281141	H@1 0.215150	H@3 0.299430	H@5 0.345850	H@10 0.414060	H@20 0.484470	H@50 0.574190	H@100 0.639670
INFO:kbc-cli.py:Epoch 39/100	test results	MRR 0.281779	H@1 0.216000	H@3 0.300670	H@5 0.345280	H@10 0.414020	H@20 0.483030	H@50 0.572710	H@100 0.638810
INFO:kbc-cli.py:Epoch 40/100	Loss 20.2326 ± 3.8244
INFO:kbc-cli.py:Epoch 41/100	Loss 20.1689 ± 3.8008
INFO:kbc-cli.py:Epoch 42/100	Loss 20.1075 ± 3.7332
INFO:kbc-cli.py:Epoch 42/100	dev results	MRR 0.281563	H@1 0.215660	H@3 0.300650	H@5 0.345600	H@10 0.413660	H@20 0.484400	H@50 0.574870	H@100 0.640460
INFO:kbc-cli.py:Epoch 42/100	test results	MRR 0.282607	H@1 0.216870	H@3 0.301530	H@5 0.346300	H@10 0.414090	H@20 0.483590	H@50 0.573630	H@100 0.639830
INFO:kbc-cli.py:Epoch 43/100	Loss 20.0482 ± 3.7105
INFO:kbc-cli.py:Epoch 44/100	Loss 19.9910 ± 3.6828
INFO:kbc-cli.py:Epoch 45/100	Loss 19.9357 ± 3.6549
INFO:kbc-cli.py:Epoch 45/100	dev results	MRR 0.282552	H@1 0.216280	H@3 0.302400	H@5 0.347570	H@10 0.414360	H@20 0.485430	H@50 0.576030	H@100 0.641660
INFO:kbc-cli.py:Epoch 45/100	test results	MRR 0.283469	H@1 0.217420	H@3 0.303080	H@5 0.347670	H@10 0.415140	H@20 0.484420	H@50 0.574520	H@100 0.640880
INFO:kbc-cli.py:Epoch 46/100	Loss 19.8822 ± 3.6035
INFO:kbc-cli.py:Epoch 47/100	Loss 19.8304 ± 3.5593
INFO:kbc-cli.py:Epoch 48/100	Loss 19.7803 ± 3.5502
INFO:kbc-cli.py:Epoch 48/100	dev results	MRR 0.283231	H@1 0.217120	H@3 0.302110	H@5 0.347730	H@10 0.415370	H@20 0.486460	H@50 0.576820	H@100 0.642210
INFO:kbc-cli.py:Epoch 48/100	test results	MRR 0.284060	H@1 0.217900	H@3 0.302780	H@5 0.348890	H@10 0.416300	H@20 0.485130	H@50 0.575480	H@100 0.641610
INFO:kbc-cli.py:Epoch 49/100	Loss 19.7317 ± 3.4836
INFO:kbc-cli.py:Epoch 50/100	Loss 19.6846 ± 3.4719
INFO:kbc-cli.py:Epoch 51/100	Loss 19.6389 ± 3.4458
INFO:kbc-cli.py:Epoch 51/100	dev results	MRR 0.284049	H@1 0.217630	H@3 0.303940	H@5 0.350100	H@10 0.416370	H@20 0.487110	H@50 0.577780	H@100 0.642920
INFO:kbc-cli.py:Epoch 51/100	test results	MRR 0.284948	H@1 0.219030	H@3 0.304220	H@5 0.349770	H@10 0.416370	H@20 0.486170	H@50 0.576210	H@100 0.642000
INFO:kbc-cli.py:Epoch 52/100	Loss 19.5945 ± 3.3880
INFO:kbc-cli.py:Epoch 53/100	Loss 19.5514 ± 3.3672
INFO:kbc-cli.py:Epoch 54/100	Loss 19.5095 ± 3.3505
INFO:kbc-cli.py:Epoch 54/100	dev results	MRR 0.284366	H@1 0.218200	H@3 0.303400	H@5 0.349320	H@10 0.416790	H@20 0.487980	H@50 0.577850	H@100 0.643610
INFO:kbc-cli.py:Epoch 54/100	test results	MRR 0.285256	H@1 0.219070	H@3 0.304970	H@5 0.350280	H@10 0.416820	H@20 0.486960	H@50 0.576440	H@100 0.642680
INFO:kbc-cli.py:Epoch 55/100	Loss 19.4687 ± 3.3302
INFO:kbc-cli.py:Epoch 56/100	Loss 19.4290 ± 3.3020
INFO:kbc-cli.py:Epoch 57/100	Loss 19.3904 ± 3.2450
INFO:kbc-cli.py:Epoch 57/100	dev results	MRR 0.285149	H@1 0.218880	H@3 0.304910	H@5 0.350080	H@10 0.417920	H@20 0.489000	H@50 0.579230	H@100 0.644450
INFO:kbc-cli.py:Epoch 57/100	test results	MRR 0.285743	H@1 0.219150	H@3 0.306570	H@5 0.350280	H@10 0.418630	H@20 0.488070	H@50 0.577450	H@100 0.642960
INFO:kbc-cli.py:Epoch 58/100	Loss 19.3528 ± 3.2293
INFO:kbc-cli.py:Epoch 59/100	Loss 19.3162 ± 3.1859
INFO:kbc-cli.py:Epoch 60/100	Loss 19.2805 ± 3.1754
INFO:kbc-cli.py:Epoch 60/100	dev results	MRR 0.285356	H@1 0.218830	H@3 0.305040	H@5 0.350460	H@10 0.418420	H@20 0.489260	H@50 0.579130	H@100 0.644840
INFO:kbc-cli.py:Epoch 60/100	test results	MRR 0.286234	H@1 0.219770	H@3 0.306440	H@5 0.351450	H@10 0.418850	H@20 0.487770	H@50 0.577490	H@100 0.643760
INFO:kbc-cli.py:Epoch 61/100	Loss 19.2457 ± 3.1405
INFO:kbc-cli.py:Epoch 62/100	Loss 19.2118 ± 3.1136
INFO:kbc-cli.py:Epoch 63/100	Loss 19.1787 ± 3.0939
INFO:kbc-cli.py:Epoch 63/100	dev results	MRR 0.285999	H@1 0.219290	H@3 0.306290	H@5 0.351440	H@10 0.419560	H@20 0.490170	H@50 0.580000	H@100 0.645170
INFO:kbc-cli.py:Epoch 63/100	test results	MRR 0.287042	H@1 0.220590	H@3 0.307420	H@5 0.351900	H@10 0.419670	H@20 0.488800	H@50 0.577920	H@100 0.644150
INFO:kbc-cli.py:Epoch 64/100	Loss 19.1464 ± 3.1007
INFO:kbc-cli.py:Epoch 65/100	Loss 19.1148 ± 3.0640
INFO:kbc-cli.py:Epoch 66/100	Loss 19.0840 ± 3.0181
INFO:kbc-cli.py:Epoch 66/100	dev results	MRR 0.286209	H@1 0.219380	H@3 0.306450	H@5 0.351810	H@10 0.419420	H@20 0.490700	H@50 0.580260	H@100 0.645650
INFO:kbc-cli.py:Epoch 66/100	test results	MRR 0.287506	H@1 0.221120	H@3 0.307440	H@5 0.352680	H@10 0.419620	H@20 0.489350	H@50 0.578890	H@100 0.644520
INFO:kbc-cli.py:Epoch 67/100	Loss 19.0539 ± 2.9987
INFO:kbc-cli.py:Epoch 68/100	Loss 19.0245 ± 2.9797
INFO:kbc-cli.py:Epoch 69/100	Loss 18.9958 ± 2.9580
INFO:kbc-cli.py:Epoch 69/100	dev results	MRR 0.286248	H@1 0.219310	H@3 0.306250	H@5 0.351850	H@10 0.419490	H@20 0.490410	H@50 0.580770	H@100 0.645740
INFO:kbc-cli.py:Epoch 69/100	test results	MRR 0.287446	H@1 0.220760	H@3 0.308260	H@5 0.352950	H@10 0.420240	H@20 0.489630	H@50 0.578750	H@100 0.645190
INFO:kbc-cli.py:Epoch 70/100	Loss 18.9677 ± 2.9477
INFO:kbc-cli.py:Epoch 71/100	Loss 18.9402 ± 2.9127
INFO:kbc-cli.py:Epoch 72/100	Loss 18.9132 ± 2.9038
INFO:kbc-cli.py:Epoch 72/100	dev results	MRR 0.286761	H@1 0.220290	H@3 0.306700	H@5 0.351910	H@10 0.419790	H@20 0.490710	H@50 0.580660	H@100 0.646580
INFO:kbc-cli.py:Epoch 72/100	test results	MRR 0.287807	H@1 0.221230	H@3 0.308120	H@5 0.353120	H@10 0.420290	H@20 0.489820	H@50 0.579370	H@100 0.645680
INFO:kbc-cli.py:Epoch 73/100	Loss 18.8869 ± 2.8743
INFO:kbc-cli.py:Epoch 74/100	Loss 18.8612 ± 2.8578
INFO:kbc-cli.py:Epoch 75/100	Loss 18.8359 ± 2.8458
INFO:kbc-cli.py:Epoch 75/100	dev results	MRR 0.286750	H@1 0.219730	H@3 0.307050	H@5 0.352290	H@10 0.420480	H@20 0.491000	H@50 0.581060	H@100 0.646450
INFO:kbc-cli.py:Epoch 75/100	test results	MRR 0.287966	H@1 0.220880	H@3 0.308840	H@5 0.353730	H@10 0.421150	H@20 0.490330	H@50 0.579520	H@100 0.645580
INFO:kbc-cli.py:Epoch 76/100	Loss 18.8112 ± 2.8002
INFO:kbc-cli.py:Epoch 77/100	Loss 18.7870 ± 2.8009
INFO:kbc-cli.py:Epoch 78/100	Loss 18.7632 ± 2.7694
INFO:kbc-cli.py:Epoch 78/100	dev results	MRR 0.287359	H@1 0.220300	H@3 0.307230	H@5 0.353340	H@10 0.420840	H@20 0.491710	H@50 0.581710	H@100 0.647250
INFO:kbc-cli.py:Epoch 78/100	test results	MRR 0.288580	H@1 0.221890	H@3 0.309110	H@5 0.353960	H@10 0.421530	H@20 0.490850	H@50 0.580290	H@100 0.646030
INFO:kbc-cli.py:Epoch 79/100	Loss 18.7400 ± 2.7391
INFO:kbc-cli.py:Epoch 80/100	Loss 18.7172 ± 2.7461
INFO:kbc-cli.py:Epoch 81/100	Loss 18.6948 ± 2.7133
INFO:kbc-cli.py:Epoch 81/100	dev results	MRR 0.287707	H@1 0.220800	H@3 0.307770	H@5 0.353100	H@10 0.421310	H@20 0.491770	H@50 0.581960	H@100 0.647220
INFO:kbc-cli.py:Epoch 81/100	test results	MRR 0.288724	H@1 0.221730	H@3 0.309320	H@5 0.354410	H@10 0.421660	H@20 0.491250	H@50 0.580380	H@100 0.646400
INFO:kbc-cli.py:Epoch 82/100	Loss 18.6729 ± 2.6891
INFO:kbc-cli.py:Epoch 83/100	Loss 18.6513 ± 2.6683
INFO:kbc-cli.py:Epoch 84/100	Loss 18.6302 ± 2.6649
INFO:kbc-cli.py:Epoch 84/100	dev results	MRR 0.287865	H@1 0.220680	H@3 0.308160	H@5 0.353750	H@10 0.421220	H@20 0.492290	H@50 0.582110	H@100 0.647870
INFO:kbc-cli.py:Epoch 84/100	test results	MRR 0.289141	H@1 0.222350	H@3 0.309800	H@5 0.355040	H@10 0.421450	H@20 0.491810	H@50 0.580940	H@100 0.646400
INFO:kbc-cli.py:Epoch 85/100	Loss 18.6095 ± 2.6483
INFO:kbc-cli.py:Epoch 86/100	Loss 18.5891 ± 2.6257
INFO:kbc-cli.py:Epoch 87/100	Loss 18.5691 ± 2.6064
INFO:kbc-cli.py:Epoch 87/100	dev results	MRR 0.288500	H@1 0.221530	H@3 0.309010	H@5 0.353950	H@10 0.422090	H@20 0.492740	H@50 0.582420	H@100 0.647960
INFO:kbc-cli.py:Epoch 87/100	test results	MRR 0.289659	H@1 0.222840	H@3 0.310780	H@5 0.355660	H@10 0.422130	H@20 0.491770	H@50 0.581130	H@100 0.647030
INFO:kbc-cli.py:Epoch 88/100	Loss 18.5495 ± 2.5911
INFO:kbc-cli.py:Epoch 89/100	Loss 18.5302 ± 2.5817
INFO:kbc-cli.py:Epoch 90/100	Loss 18.5113 ± 2.5709
INFO:kbc-cli.py:Epoch 90/100	dev results	MRR 0.288708	H@1 0.221730	H@3 0.308870	H@5 0.354210	H@10 0.421940	H@20 0.493020	H@50 0.582550	H@100 0.648640
INFO:kbc-cli.py:Epoch 90/100	test results	MRR 0.289763	H@1 0.222720	H@3 0.310660	H@5 0.355450	H@10 0.422340	H@20 0.492240	H@50 0.581590	H@100 0.647120
INFO:kbc-cli.py:Epoch 91/100	Loss 18.4927 ± 2.5480
INFO:kbc-cli.py:Epoch 92/100	Loss 18.4744 ± 2.5274
INFO:kbc-cli.py:Epoch 93/100	Loss 18.4564 ± 2.5160
INFO:kbc-cli.py:Epoch 93/100	dev results	MRR 0.288484	H@1 0.221250	H@3 0.308530	H@5 0.354510	H@10 0.422080	H@20 0.493040	H@50 0.582980	H@100 0.648260
INFO:kbc-cli.py:Epoch 93/100	test results	MRR 0.289912	H@1 0.222980	H@3 0.310310	H@5 0.356280	H@10 0.422420	H@20 0.492210	H@50 0.581720	H@100 0.647420
INFO:kbc-cli.py:Epoch 94/100	Loss 18.4387 ± 2.4885
INFO:kbc-cli.py:Epoch 95/100	Loss 18.4213 ± 2.4941
INFO:kbc-cli.py:Epoch 96/100	Loss 18.4042 ± 2.4477
INFO:kbc-cli.py:Epoch 96/100	dev results	MRR 0.288802	H@1 0.221780	H@3 0.308720	H@5 0.354740	H@10 0.422400	H@20 0.493090	H@50 0.582930	H@100 0.648550
INFO:kbc-cli.py:Epoch 96/100	test results	MRR 0.290330	H@1 0.223680	H@3 0.310500	H@5 0.355820	H@10 0.422720	H@20 0.492080	H@50 0.582030	H@100 0.647410
INFO:kbc-cli.py:Epoch 97/100	Loss 18.3874 ± 2.4463
INFO:kbc-cli.py:Epoch 98/100	Loss 18.3708 ± 2.4330
INFO:kbc-cli.py:Epoch 99/100	Loss 18.3546 ± 2.4257
INFO:kbc-cli.py:Epoch 99/100	dev results	MRR 0.289050	H@1 0.221830	H@3 0.309480	H@5 0.355130	H@10 0.423220	H@20 0.494240	H@50 0.583070	H@100 0.649000
INFO:kbc-cli.py:Epoch 99/100	test results	MRR 0.290312	H@1 0.223200	H@3 0.310910	H@5 0.356490	H@10 0.423180	H@20 0.493040	H@50 0.582170	H@100 0.647980
INFO:kbc-cli.py:Epoch 100/100	Loss 18.3385 ± 2.4068
INFO:kbc-cli.py:Final 	dev results	MRR 0.289108	H@1 0.222020	H@3 0.309140	H@5 0.355200	H@10 0.422810	H@20 0.493630	H@50 0.583100	H@100 0.648730
INFO:kbc-cli.py:Final 	test results	MRR 0.290593	H@1 0.223610	H@3 0.311250	H@5 0.356610	H@10 0.422910	H@20 0.493110	H@50 0.582070	H@100 0.647600
INFO:kbc-cli.py:Training finished
