./bin/kbc-cli.py --train data/hetionet/train.tsv --dev data/hetionet/valid.tsv --test data/hetionet/test.tsv -m complex -k 2000 -b 50 -e 100 --F2 0 --N3 0.5 -l 0.1 -I standard -V 3 -o adagrad -c so -q
{'F2': 0.0,
 'N3': 0.5,
 'batch_size': 50,
 'corruption': 'so',
 'dev': 'data/hetionet/valid.tsv',
 'embedding_size': 2000,
 'epochs': 100,
 'eval_batch_size': None,
 'input_type': 'standard',
 'learning_rate': 0.1,
 'load': None,
 'model': 'complex',
 'optimizer': 'adagrad',
 'quiet': True,
 'save': None,
 'seed': 0,
 'test': 'data/hetionet/test.tsv',
 'test_i': None,
 'test_ii': None,
 'train': 'data/hetionet/train.tsv',
 'validate_every': 3}
INFO:kbc-cli.py:Device: cuda
INFO:kbc-cli.py:Model state:
INFO:kbc-cli.py:	entities.weight	torch.Size([45160, 4000])
INFO:kbc-cli.py:	predicates.weight	torch.Size([25, 4000])
INFO:kbc-cli.py:Epoch 1/100	Loss 378.7383 ± 176.4206
INFO:kbc-cli.py:Epoch 2/100	Loss 234.6650 ± 142.1182
INFO:kbc-cli.py:Epoch 3/100	Loss 193.6182 ± 129.4650
INFO:kbc-cli.py:Epoch 3/100	dev results	MRR 0.078990	H@1 0.054490	H@3 0.083120	H@5 0.099370	H@10 0.125710	H@20 0.157810	H@50 0.193460	H@100 0.235500
INFO:kbc-cli.py:Epoch 3/100	test results	MRR 0.079244	H@1 0.054630	H@3 0.083200	H@5 0.100330	H@10 0.126700	H@20 0.157820	H@50 0.192110	H@100 0.234060
INFO:kbc-cli.py:Epoch 4/100	Loss 170.4790 ± 120.9250
INFO:kbc-cli.py:Epoch 5/100	Loss 154.9002 ± 115.3819
INFO:kbc-cli.py:Epoch 6/100	Loss 143.4091 ± 109.0138
INFO:kbc-cli.py:Epoch 6/100	dev results	MRR 0.080218	H@1 0.055580	H@3 0.084000	H@5 0.099540	H@10 0.126780	H@20 0.159240	H@50 0.198930	H@100 0.237800
INFO:kbc-cli.py:Epoch 6/100	test results	MRR 0.080419	H@1 0.055340	H@3 0.084820	H@5 0.100780	H@10 0.127780	H@20 0.159000	H@50 0.197410	H@100 0.236490
INFO:kbc-cli.py:Epoch 7/100	Loss 134.4420 ± 105.0782
INFO:kbc-cli.py:Epoch 8/100	Loss 127.1706 ± 102.2341
INFO:kbc-cli.py:Epoch 9/100	Loss 121.1069 ± 98.5733
INFO:kbc-cli.py:Epoch 9/100	dev results	MRR 0.079771	H@1 0.054900	H@3 0.083250	H@5 0.099370	H@10 0.127180	H@20 0.161750	H@50 0.203800	H@100 0.241870
INFO:kbc-cli.py:Epoch 9/100	test results	MRR 0.080299	H@1 0.055370	H@3 0.084180	H@5 0.100570	H@10 0.127340	H@20 0.160360	H@50 0.201750	H@100 0.240020
INFO:kbc-cli.py:Epoch 10/100	Loss 115.9423 ± 95.4719
INFO:kbc-cli.py:Epoch 11/100	Loss 111.4698 ± 93.2921
INFO:kbc-cli.py:Epoch 12/100	Loss 107.5427 ± 91.2769
INFO:kbc-cli.py:Epoch 12/100	dev results	MRR 0.080978	H@1 0.056090	H@3 0.083610	H@5 0.100770	H@10 0.127960	H@20 0.164030	H@50 0.208700	H@100 0.247730
INFO:kbc-cli.py:Epoch 12/100	test results	MRR 0.081133	H@1 0.055880	H@3 0.084550	H@5 0.101510	H@10 0.128330	H@20 0.162670	H@50 0.207470	H@100 0.245790
INFO:kbc-cli.py:Epoch 13/100	Loss 104.0572 ± 88.5036
INFO:kbc-cli.py:Epoch 14/100	Loss 100.9342 ± 86.6625
INFO:kbc-cli.py:Epoch 15/100	Loss 98.1137 ± 84.2739
INFO:kbc-cli.py:Epoch 15/100	dev results	MRR 0.079495	H@1 0.053660	H@3 0.081960	H@5 0.099450	H@10 0.128920	H@20 0.164810	H@50 0.214130	H@100 0.253330
INFO:kbc-cli.py:Epoch 15/100	test results	MRR 0.080094	H@1 0.054300	H@3 0.083010	H@5 0.100300	H@10 0.129070	H@20 0.163430	H@50 0.212260	H@100 0.251930
INFO:kbc-cli.py:Epoch 16/100	Loss 95.5488 ± 83.4097
INFO:kbc-cli.py:Epoch 17/100	Loss 93.2025 ± 82.0562
INFO:kbc-cli.py:Epoch 18/100	Loss 91.0449 ± 79.6716
INFO:kbc-cli.py:Epoch 18/100	dev results	MRR 0.082267	H@1 0.056690	H@3 0.084000	H@5 0.100060	H@10 0.131330	H@20 0.168770	H@50 0.219280	H@100 0.259050
INFO:kbc-cli.py:Epoch 18/100	test results	MRR 0.082494	H@1 0.057010	H@3 0.084650	H@5 0.100590	H@10 0.131050	H@20 0.167820	H@50 0.217300	H@100 0.257300
INFO:kbc-cli.py:Epoch 19/100	Loss 89.0514 ± 78.8820
INFO:kbc-cli.py:Epoch 20/100	Loss 87.2021 ± 77.9141
INFO:kbc-cli.py:Epoch 21/100	Loss 85.4802 ± 76.2008
INFO:kbc-cli.py:Epoch 21/100	dev results	MRR 0.082654	H@1 0.056490	H@3 0.084400	H@5 0.102130	H@10 0.131930	H@20 0.172080	H@50 0.222860	H@100 0.264530
INFO:kbc-cli.py:Epoch 21/100	test results	MRR 0.082959	H@1 0.056830	H@3 0.085360	H@5 0.102580	H@10 0.131700	H@20 0.171220	H@50 0.220910	H@100 0.262920
INFO:kbc-cli.py:Epoch 22/100	Loss 83.8713 ± 75.2984
INFO:kbc-cli.py:Epoch 23/100	Loss 82.3635 ± 74.0853
