./bin/kbc-cli.py --train data/yago3-10/train.tsv --dev data/yago3-10/dev.tsv --test data/yago3-10/test.tsv -m complex -k 100 -b 500 -e 100 --F2 0 --N3 0.005 -l 0.1 -I standard -V 3 -o adagrad -c spo -q
{'F2': 0.0,
 'N3': 0.005,
 'batch_size': 500,
 'corruption': 'spo',
 'dev': 'data/yago3-10/dev.tsv',
 'embedding_size': 100,
 'epochs': 100,
 'eval_batch_size': None,
 'input_type': 'standard',
 'learning_rate': 0.1,
 'load': None,
 'model': 'complex',
 'optimizer': 'adagrad',
 'quiet': True,
 'save': None,
 'seed': 0,
 'test': 'data/yago3-10/test.tsv',
 'test_i': None,
 'test_ii': None,
 'train': 'data/yago3-10/train.tsv',
 'validate_every': 3}
INFO:kbc-cli.py:Device: cuda
INFO:kbc-cli.py:Model state:
INFO:kbc-cli.py:	entities.weight	torch.Size([123182, 200])
INFO:kbc-cli.py:	predicates.weight	torch.Size([37, 200])
INFO:kbc-cli.py:Epoch 1/100	Loss 17.8480 ± 2.7282
INFO:kbc-cli.py:Epoch 2/100	Loss 11.3565 ± 0.1647
INFO:kbc-cli.py:Epoch 3/100	Loss 9.5879 ± 0.2299
INFO:kbc-cli.py:Epoch 3/100	dev results	MRR 0.385102	H@1 0.289200	H@3 0.430900	H@5 0.490100	H@10 0.570500	H@20 0.647800	H@50 0.727600	H@100 0.774000
INFO:kbc-cli.py:Epoch 3/100	test results	MRR 0.380885	H@1 0.282100	H@3 0.430300	H@5 0.493200	H@10 0.572100	H@20 0.643700	H@50 0.725600	H@100 0.773100
INFO:kbc-cli.py:Epoch 4/100	Loss 8.9416 ± 0.2598
INFO:kbc-cli.py:Epoch 5/100	Loss 8.6198 ± 0.2604
INFO:kbc-cli.py:Epoch 6/100	Loss 8.4236 ± 0.2525
INFO:kbc-cli.py:Epoch 6/100	dev results	MRR 0.447106	H@1 0.356400	H@3 0.491900	H@5 0.547700	H@10 0.623800	H@20 0.693500	H@50 0.762300	H@100 0.796700
INFO:kbc-cli.py:Epoch 6/100	test results	MRR 0.443879	H@1 0.353300	H@3 0.485100	H@5 0.545500	H@10 0.625000	H@20 0.691200	H@50 0.758200	H@100 0.794800
INFO:kbc-cli.py:Epoch 7/100	Loss 8.2880 ± 0.2450
INFO:kbc-cli.py:Epoch 8/100	Loss 8.1867 ± 0.2403
INFO:kbc-cli.py:Epoch 9/100	Loss 8.1082 ± 0.2350
INFO:kbc-cli.py:Epoch 9/100	dev results	MRR 0.473501	H@1 0.382300	H@3 0.521600	H@5 0.578100	H@10 0.651000	H@20 0.709200	H@50 0.766500	H@100 0.800000
INFO:kbc-cli.py:Epoch 9/100	test results	MRR 0.468155	H@1 0.378300	H@3 0.513500	H@5 0.571400	H@10 0.645200	H@20 0.706600	H@50 0.764000	H@100 0.798100
INFO:kbc-cli.py:Epoch 10/100	Loss 8.0442 ± 0.2293
INFO:kbc-cli.py:Epoch 11/100	Loss 7.9917 ± 0.2214
INFO:kbc-cli.py:Epoch 12/100	Loss 7.9475 ± 0.2142
INFO:kbc-cli.py:Epoch 12/100	dev results	MRR 0.492956	H@1 0.401000	H@3 0.544700	H@5 0.599300	H@10 0.665300	H@20 0.716100	H@50 0.766300	H@100 0.801300
INFO:kbc-cli.py:Epoch 12/100	test results	MRR 0.490595	H@1 0.399900	H@3 0.540600	H@5 0.597400	H@10 0.665400	H@20 0.714800	H@50 0.766000	H@100 0.799400
INFO:kbc-cli.py:Epoch 13/100	Loss 7.9095 ± 0.2173
INFO:kbc-cli.py:Epoch 14/100	Loss 7.8760 ± 0.2101
INFO:kbc-cli.py:Epoch 15/100	Loss 7.8468 ± 0.2071
INFO:kbc-cli.py:Epoch 15/100	dev results	MRR 0.511419	H@1 0.422000	H@3 0.566400	H@5 0.617500	H@10 0.672700	H@20 0.721900	H@50 0.768300	H@100 0.802100
INFO:kbc-cli.py:Epoch 15/100	test results	MRR 0.504902	H@1 0.413800	H@3 0.560800	H@5 0.611800	H@10 0.672200	H@20 0.718800	H@50 0.766500	H@100 0.800400
INFO:kbc-cli.py:Epoch 16/100	Loss 7.8212 ± 0.2061
INFO:kbc-cli.py:Epoch 17/100	Loss 7.7978 ± 0.1991
INFO:kbc-cli.py:Epoch 18/100	Loss 7.7767 ± 0.1988
INFO:kbc-cli.py:Epoch 18/100	dev results	MRR 0.524186	H@1 0.437800	H@3 0.580300	H@5 0.623700	H@10 0.679000	H@20 0.723000	H@50 0.769400	H@100 0.801900
INFO:kbc-cli.py:Epoch 18/100	test results	MRR 0.515350	H@1 0.426600	H@3 0.569800	H@5 0.620200	H@10 0.676100	H@20 0.720400	H@50 0.767500	H@100 0.800500
INFO:kbc-cli.py:Epoch 19/100	Loss 7.7579 ± 0.1969
INFO:kbc-cli.py:Epoch 20/100	Loss 7.7408 ± 0.1951
INFO:kbc-cli.py:Epoch 21/100	Loss 7.7242 ± 0.1906
INFO:kbc-cli.py:Epoch 21/100	dev results	MRR 0.527933	H@1 0.440900	H@3 0.582900	H@5 0.630600	H@10 0.683000	H@20 0.724300	H@50 0.770200	H@100 0.802500
INFO:kbc-cli.py:Epoch 21/100	test results	MRR 0.523152	H@1 0.437000	H@3 0.575900	H@5 0.623700	H@10 0.678300	H@20 0.722200	H@50 0.768400	H@100 0.800900
INFO:kbc-cli.py:Epoch 22/100	Loss 7.7100 ± 0.1942
INFO:kbc-cli.py:Epoch 23/100	Loss 7.6963 ± 0.1865
INFO:kbc-cli.py:Epoch 24/100	Loss 7.6835 ± 0.1839
INFO:kbc-cli.py:Epoch 24/100	dev results	MRR 0.535830	H@1 0.450500	H@3 0.589400	H@5 0.636500	H@10 0.684100	H@20 0.724700	H@50 0.771200	H@100 0.803900
INFO:kbc-cli.py:Epoch 24/100	test results	MRR 0.530174	H@1 0.443300	H@3 0.586500	H@5 0.631000	H@10 0.680900	H@20 0.722400	H@50 0.769600	H@100 0.802900
INFO:kbc-cli.py:Epoch 25/100	Loss 7.6718 ± 0.1811
INFO:kbc-cli.py:Epoch 26/100	Loss 7.6604 ± 0.1785
INFO:kbc-cli.py:Epoch 27/100	Loss 7.6503 ± 0.1849
INFO:kbc-cli.py:Epoch 27/100	dev results	MRR 0.543154	H@1 0.462100	H@3 0.594900	H@5 0.637600	H@10 0.684000	H@20 0.725500	H@50 0.770900	H@100 0.803200
INFO:kbc-cli.py:Epoch 27/100	test results	MRR 0.536855	H@1 0.454600	H@3 0.588300	H@5 0.634500	H@10 0.683600	H@20 0.723200	H@50 0.769100	H@100 0.802300
INFO:kbc-cli.py:Epoch 28/100	Loss 7.6404 ± 0.1774
INFO:kbc-cli.py:Epoch 29/100	Loss 7.6315 ± 0.1767
INFO:kbc-cli.py:Epoch 30/100	Loss 7.6228 ± 0.1776
INFO:kbc-cli.py:Epoch 30/100	dev results	MRR 0.548535	H@1 0.470100	H@3 0.599700	H@5 0.639200	H@10 0.686000	H@20 0.726400	H@50 0.772900	H@100 0.805100
INFO:kbc-cli.py:Epoch 30/100	test results	MRR 0.541045	H@1 0.460900	H@3 0.590600	H@5 0.634100	H@10 0.683300	H@20 0.724200	H@50 0.770100	H@100 0.802800
INFO:kbc-cli.py:Epoch 31/100	Loss 7.6143 ± 0.1766
INFO:kbc-cli.py:Epoch 32/100	Loss 7.6068 ± 0.1721
INFO:kbc-cli.py:Epoch 33/100	Loss 7.5990 ± 0.1694
INFO:kbc-cli.py:Epoch 33/100	dev results	MRR 0.551105	H@1 0.473000	H@3 0.599600	H@5 0.641200	H@10 0.688000	H@20 0.726800	H@50 0.773200	H@100 0.804200
INFO:kbc-cli.py:Epoch 33/100	test results	MRR 0.544229	H@1 0.464900	H@3 0.594900	H@5 0.635200	H@10 0.684600	H@20 0.724500	H@50 0.770300	H@100 0.802900
INFO:kbc-cli.py:Epoch 34/100	Loss 7.5921 ± 0.1681
INFO:kbc-cli.py:Epoch 35/100	Loss 7.5853 ± 0.1680
INFO:kbc-cli.py:Epoch 36/100	Loss 7.5785 ± 0.1683
INFO:kbc-cli.py:Epoch 36/100	dev results	MRR 0.553837	H@1 0.478100	H@3 0.601100	H@5 0.641500	H@10 0.688200	H@20 0.727000	H@50 0.773000	H@100 0.805400
INFO:kbc-cli.py:Epoch 36/100	test results	MRR 0.545896	H@1 0.467500	H@3 0.595200	H@5 0.637100	H@10 0.684300	H@20 0.725000	H@50 0.770600	H@100 0.803400
INFO:kbc-cli.py:Epoch 37/100	Loss 7.5726 ± 0.1660
INFO:kbc-cli.py:Epoch 38/100	Loss 7.5669 ± 0.1647
INFO:kbc-cli.py:Epoch 39/100	Loss 7.5615 ± 0.1619
INFO:kbc-cli.py:Epoch 39/100	dev results	MRR 0.554812	H@1 0.478700	H@3 0.603800	H@5 0.642600	H@10 0.689600	H@20 0.727000	H@50 0.773900	H@100 0.806500
INFO:kbc-cli.py:Epoch 39/100	test results	MRR 0.548352	H@1 0.470800	H@3 0.599900	H@5 0.636900	H@10 0.685400	H@20 0.725000	H@50 0.769700	H@100 0.804100
INFO:kbc-cli.py:Epoch 40/100	Loss 7.5557 ± 0.1628
INFO:kbc-cli.py:Epoch 41/100	Loss 7.5504 ± 0.1642
INFO:kbc-cli.py:Epoch 42/100	Loss 7.5451 ± 0.1598
INFO:kbc-cli.py:Epoch 42/100	dev results	MRR 0.554982	H@1 0.479100	H@3 0.601800	H@5 0.642700	H@10 0.688100	H@20 0.727800	H@50 0.772600	H@100 0.805800
INFO:kbc-cli.py:Epoch 42/100	test results	MRR 0.550018	H@1 0.473500	H@3 0.598000	H@5 0.638900	H@10 0.683500	H@20 0.724800	H@50 0.771200	H@100 0.803700
INFO:kbc-cli.py:Epoch 43/100	Loss 7.5402 ± 0.1624
INFO:kbc-cli.py:Epoch 44/100	Loss 7.5362 ± 0.1598
INFO:kbc-cli.py:Epoch 45/100	Loss 7.5310 ± 0.1578
INFO:kbc-cli.py:Epoch 45/100	dev results	MRR 0.557806	H@1 0.484300	H@3 0.602800	H@5 0.642700	H@10 0.689200	H@20 0.727100	H@50 0.773100	H@100 0.806000
INFO:kbc-cli.py:Epoch 45/100	test results	MRR 0.550152	H@1 0.473300	H@3 0.599000	H@5 0.638900	H@10 0.687500	H@20 0.725000	H@50 0.771600	H@100 0.803900
INFO:kbc-cli.py:Epoch 46/100	Loss 7.5272 ± 0.1574
INFO:kbc-cli.py:Epoch 47/100	Loss 7.5225 ± 0.1536
INFO:kbc-cli.py:Epoch 48/100	Loss 7.5186 ± 0.1577
INFO:kbc-cli.py:Epoch 48/100	dev results	MRR 0.558303	H@1 0.485600	H@3 0.602500	H@5 0.641800	H@10 0.689900	H@20 0.727600	H@50 0.773100	H@100 0.805800
INFO:kbc-cli.py:Epoch 48/100	test results	MRR 0.551434	H@1 0.475600	H@3 0.599600	H@5 0.638500	H@10 0.686000	H@20 0.725500	H@50 0.771100	H@100 0.803700
INFO:kbc-cli.py:Epoch 49/100	Loss 7.5149 ± 0.1593
INFO:kbc-cli.py:Epoch 50/100	Loss 7.5107 ± 0.1561
INFO:kbc-cli.py:Epoch 51/100	Loss 7.5072 ± 0.1552
INFO:kbc-cli.py:Epoch 51/100	dev results	MRR 0.559256	H@1 0.486400	H@3 0.603200	H@5 0.644400	H@10 0.689400	H@20 0.727800	H@50 0.773900	H@100 0.806500
INFO:kbc-cli.py:Epoch 51/100	test results	MRR 0.551424	H@1 0.475100	H@3 0.598600	H@5 0.639100	H@10 0.685900	H@20 0.725600	H@50 0.771600	H@100 0.804600
INFO:kbc-cli.py:Epoch 52/100	Loss 7.5033 ± 0.1568
INFO:kbc-cli.py:Epoch 53/100	Loss 7.5001 ± 0.1502
INFO:kbc-cli.py:Epoch 54/100	Loss 7.4965 ± 0.1523
INFO:kbc-cli.py:Epoch 54/100	dev results	MRR 0.558662	H@1 0.485200	H@3 0.604300	H@5 0.644500	H@10 0.688200	H@20 0.728100	H@50 0.773400	H@100 0.806300
INFO:kbc-cli.py:Epoch 54/100	test results	MRR 0.553241	H@1 0.477400	H@3 0.601700	H@5 0.639900	H@10 0.686200	H@20 0.725100	H@50 0.772300	H@100 0.804200
INFO:kbc-cli.py:Epoch 55/100	Loss 7.4932 ± 0.1510
INFO:kbc-cli.py:Epoch 56/100	Loss 7.4897 ± 0.1472
INFO:kbc-cli.py:Epoch 57/100	Loss 7.4867 ± 0.1495
INFO:kbc-cli.py:Epoch 57/100	dev results	MRR 0.558577	H@1 0.485600	H@3 0.604000	H@5 0.643700	H@10 0.688400	H@20 0.728700	H@50 0.773600	H@100 0.806500
INFO:kbc-cli.py:Epoch 57/100	test results	MRR 0.552685	H@1 0.477200	H@3 0.600200	H@5 0.638900	H@10 0.686600	H@20 0.724700	H@50 0.771300	H@100 0.804800
INFO:kbc-cli.py:Epoch 58/100	Loss 7.4836 ± 0.1472
INFO:kbc-cli.py:Epoch 59/100	Loss 7.4805 ± 0.1457
INFO:kbc-cli.py:Epoch 60/100	Loss 7.4783 ± 0.1528
INFO:kbc-cli.py:Epoch 60/100	dev results	MRR 0.560838	H@1 0.488900	H@3 0.605100	H@5 0.645000	H@10 0.689100	H@20 0.728000	H@50 0.773000	H@100 0.806600
INFO:kbc-cli.py:Epoch 60/100	test results	MRR 0.554616	H@1 0.479400	H@3 0.602100	H@5 0.640700	H@10 0.686600	H@20 0.725700	H@50 0.771900	H@100 0.805400
INFO:kbc-cli.py:Epoch 61/100	Loss 7.4749 ± 0.1472
INFO:kbc-cli.py:Epoch 62/100	Loss 7.4720 ± 0.1475
INFO:kbc-cli.py:Epoch 63/100	Loss 7.4695 ± 0.1477
INFO:kbc-cli.py:Epoch 63/100	dev results	MRR 0.559406	H@1 0.486100	H@3 0.604500	H@5 0.643900	H@10 0.689100	H@20 0.728400	H@50 0.773700	H@100 0.806800
INFO:kbc-cli.py:Epoch 63/100	test results	MRR 0.554338	H@1 0.479300	H@3 0.600400	H@5 0.638800	H@10 0.686700	H@20 0.725100	H@50 0.771800	H@100 0.805000
INFO:kbc-cli.py:Epoch 64/100	Loss 7.4668 ± 0.1427
INFO:kbc-cli.py:Epoch 65/100	Loss 7.4643 ± 0.1438
INFO:kbc-cli.py:Epoch 66/100	Loss 7.4613 ± 0.1477
INFO:kbc-cli.py:Epoch 66/100	dev results	MRR 0.560170	H@1 0.487800	H@3 0.604200	H@5 0.644800	H@10 0.689600	H@20 0.728200	H@50 0.773700	H@100 0.806100
INFO:kbc-cli.py:Epoch 66/100	test results	MRR 0.553696	H@1 0.478700	H@3 0.599200	H@5 0.640400	H@10 0.687000	H@20 0.725300	H@50 0.772700	H@100 0.805200
INFO:kbc-cli.py:Epoch 67/100	Loss 7.4592 ± 0.1498
INFO:kbc-cli.py:Epoch 68/100	Loss 7.4565 ± 0.1468
INFO:kbc-cli.py:Epoch 69/100	Loss 7.4546 ± 0.1476
INFO:kbc-cli.py:Epoch 69/100	dev results	MRR 0.560597	H@1 0.488800	H@3 0.605600	H@5 0.644000	H@10 0.689300	H@20 0.728200	H@50 0.773800	H@100 0.806900
INFO:kbc-cli.py:Epoch 69/100	test results	MRR 0.554795	H@1 0.480100	H@3 0.600400	H@5 0.640500	H@10 0.686600	H@20 0.726700	H@50 0.771500	H@100 0.804800
INFO:kbc-cli.py:Epoch 70/100	Loss 7.4520 ± 0.1437
INFO:kbc-cli.py:Epoch 71/100	Loss 7.4496 ± 0.1428
INFO:kbc-cli.py:Epoch 72/100	Loss 7.4476 ± 0.1423
INFO:kbc-cli.py:Epoch 72/100	dev results	MRR 0.559667	H@1 0.487100	H@3 0.605300	H@5 0.643100	H@10 0.688900	H@20 0.728600	H@50 0.772800	H@100 0.806700
INFO:kbc-cli.py:Epoch 72/100	test results	MRR 0.554511	H@1 0.479500	H@3 0.599300	H@5 0.641100	H@10 0.686400	H@20 0.726600	H@50 0.772100	H@100 0.805200
INFO:kbc-cli.py:Epoch 73/100	Loss 7.4451 ± 0.1456
INFO:kbc-cli.py:Epoch 74/100	Loss 7.4433 ± 0.1438
INFO:kbc-cli.py:Epoch 75/100	Loss 7.4408 ± 0.1466
INFO:kbc-cli.py:Epoch 75/100	dev results	MRR 0.559769	H@1 0.487300	H@3 0.605100	H@5 0.644900	H@10 0.689300	H@20 0.727700	H@50 0.773600	H@100 0.806800
INFO:kbc-cli.py:Epoch 75/100	test results	MRR 0.553463	H@1 0.477400	H@3 0.600500	H@5 0.640200	H@10 0.685900	H@20 0.726200	H@50 0.771800	H@100 0.805200
INFO:kbc-cli.py:Epoch 76/100	Loss 7.4390 ± 0.1420
INFO:kbc-cli.py:Epoch 77/100	Loss 7.4371 ± 0.1454
INFO:kbc-cli.py:Epoch 78/100	Loss 7.4352 ± 0.1457
INFO:kbc-cli.py:Epoch 78/100	dev results	MRR 0.559515	H@1 0.486200	H@3 0.606400	H@5 0.644500	H@10 0.688700	H@20 0.728200	H@50 0.773700	H@100 0.807300
INFO:kbc-cli.py:Epoch 78/100	test results	MRR 0.554140	H@1 0.478600	H@3 0.601400	H@5 0.639800	H@10 0.685600	H@20 0.726800	H@50 0.772100	H@100 0.805200
INFO:kbc-cli.py:Epoch 79/100	Loss 7.4330 ± 0.1374
INFO:kbc-cli.py:Epoch 80/100	Loss 7.4314 ± 0.1398
INFO:kbc-cli.py:Epoch 81/100	Loss 7.4295 ± 0.1400
INFO:kbc-cli.py:Epoch 81/100	dev results	MRR 0.561395	H@1 0.490100	H@3 0.605500	H@5 0.643900	H@10 0.688800	H@20 0.728200	H@50 0.773900	H@100 0.807200
INFO:kbc-cli.py:Epoch 81/100	test results	MRR 0.554394	H@1 0.479900	H@3 0.598300	H@5 0.641100	H@10 0.686100	H@20 0.727300	H@50 0.773100	H@100 0.805100
INFO:kbc-cli.py:Epoch 82/100	Loss 7.4275 ± 0.1412
INFO:kbc-cli.py:Epoch 83/100	Loss 7.4254 ± 0.1422
INFO:kbc-cli.py:Epoch 84/100	Loss 7.4239 ± 0.1379
INFO:kbc-cli.py:Epoch 84/100	dev results	MRR 0.560653	H@1 0.488800	H@3 0.605400	H@5 0.644000	H@10 0.689200	H@20 0.728300	H@50 0.774000	H@100 0.806900
INFO:kbc-cli.py:Epoch 84/100	test results	MRR 0.554894	H@1 0.480200	H@3 0.601100	H@5 0.640600	H@10 0.685100	H@20 0.726400	H@50 0.772000	H@100 0.805200
INFO:kbc-cli.py:Epoch 85/100	Loss 7.4222 ± 0.1389
INFO:kbc-cli.py:Epoch 86/100	Loss 7.4202 ± 0.1358
INFO:kbc-cli.py:Epoch 87/100	Loss 7.4186 ± 0.1394
INFO:kbc-cli.py:Epoch 87/100	dev results	MRR 0.560651	H@1 0.488600	H@3 0.605900	H@5 0.644700	H@10 0.688700	H@20 0.728800	H@50 0.773400	H@100 0.807300
INFO:kbc-cli.py:Epoch 87/100	test results	MRR 0.553647	H@1 0.477900	H@3 0.599500	H@5 0.641400	H@10 0.686300	H@20 0.726800	H@50 0.772700	H@100 0.805100
INFO:kbc-cli.py:Epoch 88/100	Loss 7.4173 ± 0.1437
INFO:kbc-cli.py:Epoch 89/100	Loss 7.4153 ± 0.1398
INFO:kbc-cli.py:Epoch 90/100	Loss 7.4137 ± 0.1413
INFO:kbc-cli.py:Epoch 90/100	dev results	MRR 0.561359	H@1 0.490300	H@3 0.605600	H@5 0.643600	H@10 0.688100	H@20 0.728300	H@50 0.774200	H@100 0.807300
INFO:kbc-cli.py:Epoch 90/100	test results	MRR 0.555370	H@1 0.481400	H@3 0.599900	H@5 0.642100	H@10 0.686200	H@20 0.726100	H@50 0.772100	H@100 0.805500
INFO:kbc-cli.py:Epoch 91/100	Loss 7.4122 ± 0.1366
INFO:kbc-cli.py:Epoch 92/100	Loss 7.4104 ± 0.1374
INFO:kbc-cli.py:Epoch 93/100	Loss 7.4091 ± 0.1388
INFO:kbc-cli.py:Epoch 93/100	dev results	MRR 0.560380	H@1 0.488200	H@3 0.606300	H@5 0.644400	H@10 0.689100	H@20 0.728600	H@50 0.774000	H@100 0.807500
INFO:kbc-cli.py:Epoch 93/100	test results	MRR 0.554077	H@1 0.478400	H@3 0.600000	H@5 0.641300	H@10 0.685800	H@20 0.726600	H@50 0.772000	H@100 0.805000
INFO:kbc-cli.py:Epoch 94/100	Loss 7.4076 ± 0.1359
INFO:kbc-cli.py:Epoch 95/100	Loss 7.4059 ± 0.1381
INFO:kbc-cli.py:Epoch 96/100	Loss 7.4045 ± 0.1341
INFO:kbc-cli.py:Epoch 96/100	dev results	MRR 0.560189	H@1 0.488000	H@3 0.604900	H@5 0.644000	H@10 0.689400	H@20 0.728500	H@50 0.773600	H@100 0.807200
INFO:kbc-cli.py:Epoch 96/100	test results	MRR 0.554677	H@1 0.479000	H@3 0.601100	H@5 0.641700	H@10 0.686800	H@20 0.727200	H@50 0.772400	H@100 0.805000
INFO:kbc-cli.py:Epoch 97/100	Loss 7.4032 ± 0.1367
INFO:kbc-cli.py:Epoch 98/100	Loss 7.4019 ± 0.1338
INFO:kbc-cli.py:Epoch 99/100	Loss 7.4002 ± 0.1366
INFO:kbc-cli.py:Epoch 99/100	dev results	MRR 0.560573	H@1 0.488200	H@3 0.606800	H@5 0.644600	H@10 0.688200	H@20 0.728300	H@50 0.773800	H@100 0.807600
INFO:kbc-cli.py:Epoch 99/100	test results	MRR 0.555276	H@1 0.480000	H@3 0.600400	H@5 0.642200	H@10 0.686000	H@20 0.727600	H@50 0.772400	H@100 0.805500
INFO:kbc-cli.py:Epoch 100/100	Loss 7.3987 ± 0.1339
INFO:kbc-cli.py:Final 	dev results	MRR 0.560213	H@1 0.488100	H@3 0.606200	H@5 0.643900	H@10 0.688800	H@20 0.728600	H@50 0.773700	H@100 0.807600
INFO:kbc-cli.py:Final 	test results	MRR 0.555427	H@1 0.480300	H@3 0.600300	H@5 0.642300	H@10 0.686800	H@20 0.727800	H@50 0.772400	H@100 0.804900
INFO:kbc-cli.py:Training finished
