./bin/kbc-cli.py --train data/yago3-10/train.tsv --dev data/yago3-10/dev.tsv --test data/yago3-10/test.tsv -m complex -k 500 -b 100 -e 100 --F2 0 --N3 0.001 -l 0.1 -I standard -V 3 -o adagrad -c so -q
{'F2': 0.0,
 'N3': 0.001,
 'batch_size': 100,
 'corruption': 'so',
 'dev': 'data/yago3-10/dev.tsv',
 'embedding_size': 500,
 'epochs': 100,
 'eval_batch_size': None,
 'input_type': 'standard',
 'learning_rate': 0.1,
 'load': None,
 'model': 'complex',
 'optimizer': 'adagrad',
 'quiet': True,
 'save': None,
 'seed': 0,
 'test': 'data/yago3-10/test.tsv',
 'test_i': None,
 'test_ii': None,
 'train': 'data/yago3-10/train.tsv',
 'validate_every': 3}
INFO:kbc-cli.py:Device: cuda
INFO:kbc-cli.py:Model state:
INFO:kbc-cli.py:	entities.weight	torch.Size([123182, 1000])
INFO:kbc-cli.py:	predicates.weight	torch.Size([37, 1000])
INFO:kbc-cli.py:Epoch 1/100	Loss 15.9529 ± 2.3608
INFO:kbc-cli.py:Epoch 2/100	Loss 9.8938 ± 0.2830
INFO:kbc-cli.py:Epoch 3/100	Loss 8.5944 ± 0.3442
INFO:kbc-cli.py:Epoch 3/100	dev results	MRR 0.460473	H@1 0.371500	H@3 0.502800	H@5 0.561500	H@10 0.630300	H@20 0.696600	H@50 0.763200	H@100 0.801500
INFO:kbc-cli.py:Epoch 3/100	test results	MRR 0.463631	H@1 0.375200	H@3 0.508900	H@5 0.563600	H@10 0.631500	H@20 0.694600	H@50 0.761700	H@100 0.801500
INFO:kbc-cli.py:Epoch 4/100	Loss 8.1642 ± 0.3486
INFO:kbc-cli.py:Epoch 5/100	Loss 7.9307 ± 0.3462
INFO:kbc-cli.py:Epoch 6/100	Loss 7.7786 ± 0.3380
INFO:kbc-cli.py:Epoch 6/100	dev results	MRR 0.524026	H@1 0.440600	H@3 0.569800	H@5 0.620400	H@10 0.682200	H@20 0.730600	H@50 0.781200	H@100 0.811700
INFO:kbc-cli.py:Epoch 6/100	test results	MRR 0.520932	H@1 0.435000	H@3 0.570500	H@5 0.621400	H@10 0.678000	H@20 0.727200	H@50 0.780600	H@100 0.814000
INFO:kbc-cli.py:Epoch 7/100	Loss 7.6681 ± 0.3337
INFO:kbc-cli.py:Epoch 8/100	Loss 7.5826 ± 0.3291
INFO:kbc-cli.py:Epoch 9/100	Loss 7.5144 ± 0.3244
INFO:kbc-cli.py:Epoch 9/100	dev results	MRR 0.545902	H@1 0.464800	H@3 0.595500	H@5 0.642000	H@10 0.696200	H@20 0.737700	H@50 0.783600	H@100 0.815400
INFO:kbc-cli.py:Epoch 9/100	test results	MRR 0.538375	H@1 0.453700	H@3 0.588900	H@5 0.638000	H@10 0.688900	H@20 0.733400	H@50 0.786400	H@100 0.818800
INFO:kbc-cli.py:Epoch 10/100	Loss 7.4570 ± 0.3216
INFO:kbc-cli.py:Epoch 11/100	Loss 7.4087 ± 0.3140
INFO:kbc-cli.py:Epoch 12/100	Loss 7.3673 ± 0.3075
INFO:kbc-cli.py:Epoch 12/100	dev results	MRR 0.555057	H@1 0.476100	H@3 0.604200	H@5 0.644400	H@10 0.697200	H@20 0.738200	H@50 0.784300	H@100 0.816900
INFO:kbc-cli.py:Epoch 12/100	test results	MRR 0.554149	H@1 0.474700	H@3 0.602200	H@5 0.644900	H@10 0.694800	H@20 0.736500	H@50 0.786300	H@100 0.819800
INFO:kbc-cli.py:Epoch 13/100	Loss 7.3307 ± 0.3106
INFO:kbc-cli.py:Epoch 14/100	Loss 7.2980 ± 0.3056
INFO:kbc-cli.py:Epoch 15/100	Loss 7.2690 ± 0.3030
INFO:kbc-cli.py:Epoch 15/100	dev results	MRR 0.563784	H@1 0.488600	H@3 0.610800	H@5 0.651300	H@10 0.700700	H@20 0.739400	H@50 0.787200	H@100 0.818900
INFO:kbc-cli.py:Epoch 15/100	test results	MRR 0.559171	H@1 0.480500	H@3 0.606100	H@5 0.651500	H@10 0.698600	H@20 0.738500	H@50 0.788500	H@100 0.821200
INFO:kbc-cli.py:Epoch 16/100	Loss 7.2427 ± 0.3019
INFO:kbc-cli.py:Epoch 17/100	Loss 7.2188 ± 0.2954
INFO:kbc-cli.py:Epoch 18/100	Loss 7.1970 ± 0.2940
INFO:kbc-cli.py:Epoch 18/100	dev results	MRR 0.566188	H@1 0.491800	H@3 0.610500	H@5 0.652000	H@10 0.700600	H@20 0.742500	H@50 0.788000	H@100 0.818500
INFO:kbc-cli.py:Epoch 18/100	test results	MRR 0.562768	H@1 0.485500	H@3 0.609500	H@5 0.653300	H@10 0.699900	H@20 0.742700	H@50 0.787700	H@100 0.822100
INFO:kbc-cli.py:Epoch 19/100	Loss 7.1766 ± 0.2954
INFO:kbc-cli.py:Epoch 20/100	Loss 7.1581 ± 0.2936
INFO:kbc-cli.py:Epoch 21/100	Loss 7.1406 ± 0.2888
INFO:kbc-cli.py:Epoch 21/100	dev results	MRR 0.568656	H@1 0.493800	H@3 0.615700	H@5 0.655200	H@10 0.704000	H@20 0.743400	H@50 0.788800	H@100 0.818100
INFO:kbc-cli.py:Epoch 21/100	test results	MRR 0.566563	H@1 0.490400	H@3 0.612900	H@5 0.653300	H@10 0.701400	H@20 0.742300	H@50 0.788800	H@100 0.823100
INFO:kbc-cli.py:Epoch 22/100	Loss 7.1245 ± 0.2916
INFO:kbc-cli.py:Epoch 23/100	Loss 7.1093 ± 0.2876
INFO:kbc-cli.py:Epoch 24/100	Loss 7.0951 ± 0.2869
INFO:kbc-cli.py:Epoch 24/100	dev results	MRR 0.571039	H@1 0.495900	H@3 0.617000	H@5 0.656500	H@10 0.705400	H@20 0.744100	H@50 0.787900	H@100 0.819100
INFO:kbc-cli.py:Epoch 24/100	test results	MRR 0.567746	H@1 0.491200	H@3 0.615100	H@5 0.656500	H@10 0.702300	H@20 0.744600	H@50 0.789800	H@100 0.823600
INFO:kbc-cli.py:Epoch 25/100	Loss 7.0816 ± 0.2815
INFO:kbc-cli.py:Epoch 26/100	Loss 7.0690 ± 0.2816
INFO:kbc-cli.py:Epoch 27/100	Loss 7.0570 ± 0.2853
INFO:kbc-cli.py:Epoch 27/100	dev results	MRR 0.570691	H@1 0.496600	H@3 0.616900	H@5 0.656100	H@10 0.703500	H@20 0.743600	H@50 0.788400	H@100 0.819100
INFO:kbc-cli.py:Epoch 27/100	test results	MRR 0.569736	H@1 0.494200	H@3 0.615000	H@5 0.657600	H@10 0.703100	H@20 0.744000	H@50 0.790400	H@100 0.822600
INFO:kbc-cli.py:Epoch 28/100	Loss 7.0455 ± 0.2819
INFO:kbc-cli.py:Epoch 29/100	Loss 7.0348 ± 0.2767
INFO:kbc-cli.py:Epoch 30/100	Loss 7.0246 ± 0.2788
INFO:kbc-cli.py:Epoch 30/100	dev results	MRR 0.572637	H@1 0.499100	H@3 0.617400	H@5 0.655900	H@10 0.705300	H@20 0.743500	H@50 0.788500	H@100 0.819700
INFO:kbc-cli.py:Epoch 30/100	test results	MRR 0.570603	H@1 0.494700	H@3 0.616900	H@5 0.658500	H@10 0.705300	H@20 0.743500	H@50 0.789800	H@100 0.822800
INFO:kbc-cli.py:Epoch 31/100	Loss 7.0147 ± 0.2787
INFO:kbc-cli.py:Epoch 32/100	Loss 7.0053 ± 0.2759
INFO:kbc-cli.py:Epoch 33/100	Loss 6.9963 ± 0.2738
INFO:kbc-cli.py:Epoch 33/100	dev results	MRR 0.574020	H@1 0.501100	H@3 0.620500	H@5 0.656200	H@10 0.705900	H@20 0.745100	H@50 0.788700	H@100 0.820100
INFO:kbc-cli.py:Epoch 33/100	test results	MRR 0.572826	H@1 0.499000	H@3 0.617000	H@5 0.660000	H@10 0.703900	H@20 0.744600	H@50 0.789900	H@100 0.823700
INFO:kbc-cli.py:Epoch 34/100	Loss 6.9878 ± 0.2717
INFO:kbc-cli.py:Epoch 35/100	Loss 6.9796 ± 0.2728
INFO:kbc-cli.py:Epoch 36/100	Loss 6.9718 ± 0.2746
INFO:kbc-cli.py:Epoch 36/100	dev results	MRR 0.572968	H@1 0.500400	H@3 0.615900	H@5 0.655200	H@10 0.703800	H@20 0.745100	H@50 0.789300	H@100 0.819400
INFO:kbc-cli.py:Epoch 36/100	test results	MRR 0.572255	H@1 0.497300	H@3 0.617000	H@5 0.660300	H@10 0.707100	H@20 0.746000	H@50 0.790000	H@100 0.824300
INFO:kbc-cli.py:Epoch 37/100	Loss 6.9639 ± 0.2719
INFO:kbc-cli.py:Epoch 38/100	Loss 6.9568 ± 0.2720
INFO:kbc-cli.py:Epoch 39/100	Loss 6.9498 ± 0.2671
INFO:kbc-cli.py:Epoch 39/100	dev results	MRR 0.575519	H@1 0.503300	H@3 0.618600	H@5 0.658000	H@10 0.705400	H@20 0.746100	H@50 0.789500	H@100 0.820300
INFO:kbc-cli.py:Epoch 39/100	test results	MRR 0.573117	H@1 0.498400	H@3 0.618500	H@5 0.660400	H@10 0.706100	H@20 0.745100	H@50 0.791000	H@100 0.824000
INFO:kbc-cli.py:Epoch 40/100	Loss 6.9429 ± 0.2703
INFO:kbc-cli.py:Epoch 41/100	Loss 6.9364 ± 0.2708
INFO:kbc-cli.py:Epoch 42/100	Loss 6.9301 ± 0.2665
INFO:kbc-cli.py:Epoch 42/100	dev results	MRR 0.575099	H@1 0.503500	H@3 0.617600	H@5 0.656100	H@10 0.704200	H@20 0.745600	H@50 0.788600	H@100 0.821000
INFO:kbc-cli.py:Epoch 42/100	test results	MRR 0.574413	H@1 0.500500	H@3 0.618000	H@5 0.660400	H@10 0.707000	H@20 0.745300	H@50 0.791500	H@100 0.824400
INFO:kbc-cli.py:Epoch 43/100	Loss 6.9238 ± 0.2697
INFO:kbc-cli.py:Epoch 44/100	Loss 6.9181 ± 0.2671
INFO:kbc-cli.py:Epoch 45/100	Loss 6.9123 ± 0.2655
INFO:kbc-cli.py:Epoch 45/100	dev results	MRR 0.576565	H@1 0.505600	H@3 0.618100	H@5 0.656500	H@10 0.706100	H@20 0.745400	H@50 0.789800	H@100 0.820200
INFO:kbc-cli.py:Epoch 45/100	test results	MRR 0.574590	H@1 0.500200	H@3 0.619300	H@5 0.660900	H@10 0.707300	H@20 0.745700	H@50 0.791600	H@100 0.824400
INFO:kbc-cli.py:Epoch 46/100	Loss 6.9068 ± 0.2642
INFO:kbc-cli.py:Epoch 47/100	Loss 6.9013 ± 0.2650
INFO:kbc-cli.py:Epoch 48/100	Loss 6.8960 ± 0.2646
INFO:kbc-cli.py:Epoch 48/100	dev results	MRR 0.575571	H@1 0.504200	H@3 0.618800	H@5 0.655300	H@10 0.705900	H@20 0.746200	H@50 0.789500	H@100 0.820500
INFO:kbc-cli.py:Epoch 48/100	test results	MRR 0.574161	H@1 0.500100	H@3 0.617500	H@5 0.661900	H@10 0.707500	H@20 0.746100	H@50 0.791100	H@100 0.824900
INFO:kbc-cli.py:Epoch 49/100	Loss 6.8911 ± 0.2643
INFO:kbc-cli.py:Epoch 50/100	Loss 6.8860 ± 0.2630
INFO:kbc-cli.py:Epoch 51/100	Loss 6.8813 ± 0.2629
INFO:kbc-cli.py:Epoch 51/100	dev results	MRR 0.575709	H@1 0.504400	H@3 0.618100	H@5 0.656300	H@10 0.704200	H@20 0.747800	H@50 0.789700	H@100 0.820700
INFO:kbc-cli.py:Epoch 51/100	test results	MRR 0.574022	H@1 0.498900	H@3 0.619600	H@5 0.662400	H@10 0.707300	H@20 0.746500	H@50 0.791200	H@100 0.824500
INFO:kbc-cli.py:Epoch 52/100	Loss 6.8766 ± 0.2653
INFO:kbc-cli.py:Epoch 53/100	Loss 6.8722 ± 0.2585
INFO:kbc-cli.py:Epoch 54/100	Loss 6.8677 ± 0.2611
INFO:kbc-cli.py:Epoch 54/100	dev results	MRR 0.576228	H@1 0.506000	H@3 0.615200	H@5 0.655300	H@10 0.705900	H@20 0.746000	H@50 0.790000	H@100 0.820900
INFO:kbc-cli.py:Epoch 54/100	test results	MRR 0.574840	H@1 0.499800	H@3 0.620300	H@5 0.663000	H@10 0.707900	H@20 0.744700	H@50 0.791200	H@100 0.824000
INFO:kbc-cli.py:Epoch 55/100	Loss 6.8634 ± 0.2593
INFO:kbc-cli.py:Epoch 56/100	Loss 6.8592 ± 0.2573
INFO:kbc-cli.py:Epoch 57/100	Loss 6.8550 ± 0.2589
INFO:kbc-cli.py:Epoch 57/100	dev results	MRR 0.575669	H@1 0.504200	H@3 0.616400	H@5 0.657600	H@10 0.706400	H@20 0.746000	H@50 0.790300	H@100 0.821400
INFO:kbc-cli.py:Epoch 57/100	test results	MRR 0.574567	H@1 0.500000	H@3 0.618600	H@5 0.663300	H@10 0.706600	H@20 0.746000	H@50 0.791100	H@100 0.825000
INFO:kbc-cli.py:Epoch 58/100	Loss 6.8510 ± 0.2584
INFO:kbc-cli.py:Epoch 59/100	Loss 6.8471 ± 0.2590
INFO:kbc-cli.py:Epoch 60/100	Loss 6.8434 ± 0.2593
INFO:kbc-cli.py:Epoch 60/100	dev results	MRR 0.577344	H@1 0.507200	H@3 0.617300	H@5 0.657500	H@10 0.704400	H@20 0.747200	H@50 0.789600	H@100 0.821200
INFO:kbc-cli.py:Epoch 60/100	test results	MRR 0.575013	H@1 0.500200	H@3 0.619500	H@5 0.662500	H@10 0.707600	H@20 0.747100	H@50 0.790900	H@100 0.825000
INFO:kbc-cli.py:Epoch 61/100	Loss 6.8395 ± 0.2578
INFO:kbc-cli.py:Epoch 62/100	Loss 6.8360 ± 0.2607
INFO:kbc-cli.py:Epoch 63/100	Loss 6.8324 ± 0.2570
INFO:kbc-cli.py:Epoch 63/100	dev results	MRR 0.576521	H@1 0.505700	H@3 0.618500	H@5 0.655700	H@10 0.706600	H@20 0.747900	H@50 0.789200	H@100 0.820800
INFO:kbc-cli.py:Epoch 63/100	test results	MRR 0.575806	H@1 0.502000	H@3 0.619700	H@5 0.663100	H@10 0.706900	H@20 0.747000	H@50 0.791800	H@100 0.824600
INFO:kbc-cli.py:Epoch 64/100	Loss 6.8289 ± 0.2529
INFO:kbc-cli.py:Epoch 65/100	Loss 6.8256 ± 0.2540
INFO:kbc-cli.py:Epoch 66/100	Loss 6.8222 ± 0.2561
INFO:kbc-cli.py:Epoch 66/100	dev results	MRR 0.577021	H@1 0.506100	H@3 0.617700	H@5 0.655400	H@10 0.705100	H@20 0.747500	H@50 0.789900	H@100 0.820800
INFO:kbc-cli.py:Epoch 66/100	test results	MRR 0.574329	H@1 0.499200	H@3 0.619200	H@5 0.663400	H@10 0.708000	H@20 0.746800	H@50 0.791800	H@100 0.825000
INFO:kbc-cli.py:Epoch 67/100	Loss 6.8189 ± 0.2566
INFO:kbc-cli.py:Epoch 68/100	Loss 6.8157 ± 0.2569
INFO:kbc-cli.py:Epoch 69/100	Loss 6.8127 ± 0.2588
INFO:kbc-cli.py:Epoch 69/100	dev results	MRR 0.576328	H@1 0.506100	H@3 0.615400	H@5 0.657400	H@10 0.705300	H@20 0.746800	H@50 0.790800	H@100 0.820500
INFO:kbc-cli.py:Epoch 69/100	test results	MRR 0.574930	H@1 0.500500	H@3 0.618700	H@5 0.661600	H@10 0.707800	H@20 0.746800	H@50 0.791600	H@100 0.824600
INFO:kbc-cli.py:Epoch 70/100	Loss 6.8095 ± 0.2547
INFO:kbc-cli.py:Epoch 71/100	Loss 6.8065 ± 0.2543
INFO:kbc-cli.py:Epoch 72/100	Loss 6.8036 ± 0.2529
INFO:kbc-cli.py:Epoch 72/100	dev results	MRR 0.576258	H@1 0.506400	H@3 0.616300	H@5 0.656400	H@10 0.704800	H@20 0.747100	H@50 0.790500	H@100 0.821100
INFO:kbc-cli.py:Epoch 72/100	test results	MRR 0.576379	H@1 0.502400	H@3 0.620300	H@5 0.662100	H@10 0.708000	H@20 0.746400	H@50 0.792000	H@100 0.825000
INFO:kbc-cli.py:Epoch 73/100	Loss 6.8008 ± 0.2566
INFO:kbc-cli.py:Epoch 74/100	Loss 6.7980 ± 0.2521
INFO:kbc-cli.py:Epoch 75/100	Loss 6.7951 ± 0.2560
INFO:kbc-cli.py:Epoch 75/100	dev results	MRR 0.577395	H@1 0.508100	H@3 0.615600	H@5 0.656800	H@10 0.705800	H@20 0.747300	H@50 0.790100	H@100 0.820800
INFO:kbc-cli.py:Epoch 75/100	test results	MRR 0.576303	H@1 0.502200	H@3 0.620100	H@5 0.662700	H@10 0.706100	H@20 0.747000	H@50 0.791900	H@100 0.825100
INFO:kbc-cli.py:Epoch 76/100	Loss 6.7924 ± 0.2537
INFO:kbc-cli.py:Epoch 77/100	Loss 6.7898 ± 0.2546
INFO:kbc-cli.py:Epoch 78/100	Loss 6.7871 ± 0.2555
INFO:kbc-cli.py:Epoch 78/100	dev results	MRR 0.576845	H@1 0.507500	H@3 0.615500	H@5 0.656700	H@10 0.705300	H@20 0.746000	H@50 0.790500	H@100 0.821700
INFO:kbc-cli.py:Epoch 78/100	test results	MRR 0.577234	H@1 0.503900	H@3 0.621000	H@5 0.663000	H@10 0.706800	H@20 0.746400	H@50 0.792900	H@100 0.824700
INFO:kbc-cli.py:Epoch 79/100	Loss 6.7845 ± 0.2507
INFO:kbc-cli.py:Epoch 80/100	Loss 6.7820 ± 0.2520
INFO:kbc-cli.py:Epoch 81/100	Loss 6.7795 ± 0.2529
INFO:kbc-cli.py:Epoch 81/100	dev results	MRR 0.577169	H@1 0.507500	H@3 0.616500	H@5 0.656400	H@10 0.706200	H@20 0.746000	H@50 0.790900	H@100 0.821600
INFO:kbc-cli.py:Epoch 81/100	test results	MRR 0.576709	H@1 0.503100	H@3 0.620200	H@5 0.662500	H@10 0.708700	H@20 0.747000	H@50 0.792400	H@100 0.824900
INFO:kbc-cli.py:Epoch 82/100	Loss 6.7771 ± 0.2529
INFO:kbc-cli.py:Epoch 83/100	Loss 6.7747 ± 0.2526
INFO:kbc-cli.py:Epoch 84/100	Loss 6.7723 ± 0.2495
INFO:kbc-cli.py:Epoch 84/100	dev results	MRR 0.576508	H@1 0.506800	H@3 0.614800	H@5 0.656900	H@10 0.705200	H@20 0.746600	H@50 0.790900	H@100 0.821400
INFO:kbc-cli.py:Epoch 84/100	test results	MRR 0.576676	H@1 0.503300	H@3 0.620400	H@5 0.663200	H@10 0.707800	H@20 0.747500	H@50 0.793100	H@100 0.825300
INFO:kbc-cli.py:Epoch 85/100	Loss 6.7699 ± 0.2488
INFO:kbc-cli.py:Epoch 86/100	Loss 6.7676 ± 0.2478
INFO:kbc-cli.py:Epoch 87/100	Loss 6.7654 ± 0.2519
INFO:kbc-cli.py:Epoch 87/100	dev results	MRR 0.576225	H@1 0.506100	H@3 0.616200	H@5 0.655700	H@10 0.705100	H@20 0.746600	H@50 0.790400	H@100 0.821500
INFO:kbc-cli.py:Epoch 87/100	test results	MRR 0.576043	H@1 0.502600	H@3 0.618600	H@5 0.663000	H@10 0.707100	H@20 0.746500	H@50 0.792700	H@100 0.824300
INFO:kbc-cli.py:Epoch 88/100	Loss 6.7632 ± 0.2522
INFO:kbc-cli.py:Epoch 89/100	Loss 6.7610 ± 0.2529
INFO:kbc-cli.py:Epoch 90/100	Loss 6.7589 ± 0.2531
INFO:kbc-cli.py:Epoch 90/100	dev results	MRR 0.576554	H@1 0.506600	H@3 0.616100	H@5 0.655700	H@10 0.704200	H@20 0.747200	H@50 0.790800	H@100 0.821800
INFO:kbc-cli.py:Epoch 90/100	test results	MRR 0.576973	H@1 0.503800	H@3 0.620000	H@5 0.663600	H@10 0.707700	H@20 0.746400	H@50 0.792100	H@100 0.824800
INFO:kbc-cli.py:Epoch 91/100	Loss 6.7568 ± 0.2503
INFO:kbc-cli.py:Epoch 92/100	Loss 6.7547 ± 0.2529
INFO:kbc-cli.py:Epoch 93/100	Loss 6.7527 ± 0.2516
INFO:kbc-cli.py:Epoch 93/100	dev results	MRR 0.576751	H@1 0.507200	H@3 0.616500	H@5 0.656900	H@10 0.703700	H@20 0.746600	H@50 0.791100	H@100 0.822100
INFO:kbc-cli.py:Epoch 93/100	test results	MRR 0.576562	H@1 0.503000	H@3 0.620600	H@5 0.663500	H@10 0.707600	H@20 0.746900	H@50 0.792900	H@100 0.825400
INFO:kbc-cli.py:Epoch 94/100	Loss 6.7507 ± 0.2488
INFO:kbc-cli.py:Epoch 95/100	Loss 6.7487 ± 0.2517
INFO:kbc-cli.py:Epoch 96/100	Loss 6.7467 ± 0.2495
INFO:kbc-cli.py:Epoch 96/100	dev results	MRR 0.576104	H@1 0.505700	H@3 0.615700	H@5 0.656500	H@10 0.705000	H@20 0.746300	H@50 0.790600	H@100 0.821600
INFO:kbc-cli.py:Epoch 96/100	test results	MRR 0.575809	H@1 0.501600	H@3 0.619600	H@5 0.664100	H@10 0.706700	H@20 0.747700	H@50 0.792600	H@100 0.824800
INFO:kbc-cli.py:Epoch 97/100	Loss 6.7449 ± 0.2494
INFO:kbc-cli.py:Epoch 98/100	Loss 6.7430 ± 0.2471
INFO:kbc-cli.py:Epoch 99/100	Loss 6.7411 ± 0.2505
INFO:kbc-cli.py:Epoch 99/100	dev results	MRR 0.577446	H@1 0.507800	H@3 0.615600	H@5 0.656600	H@10 0.704400	H@20 0.746500	H@50 0.790300	H@100 0.821400
INFO:kbc-cli.py:Epoch 99/100	test results	MRR 0.577812	H@1 0.505200	H@3 0.619800	H@5 0.663800	H@10 0.707800	H@20 0.746900	H@50 0.793200	H@100 0.825500
INFO:kbc-cli.py:Epoch 100/100	Loss 6.7392 ± 0.2504
INFO:kbc-cli.py:Final 	dev results	MRR 0.577777	H@1 0.508500	H@3 0.615900	H@5 0.656900	H@10 0.704900	H@20 0.746700	H@50 0.791600	H@100 0.821600
INFO:kbc-cli.py:Final 	test results	MRR 0.578037	H@1 0.505700	H@3 0.619800	H@5 0.662700	H@10 0.706400	H@20 0.746700	H@50 0.792400	H@100 0.825100
INFO:kbc-cli.py:Training finished
