./bin/kbc-cli.py --train data/yago3-10/train.tsv --dev data/yago3-10/dev.tsv --test data/yago3-10/test.tsv -m complex -k 100 -b 500 -e 100 --F2 0 --N3 0.01 -l 0.1 -I standard -V 3 -o adagrad -c so -q
{'F2': 0.0,
 'N3': 0.01,
 'batch_size': 500,
 'corruption': 'so',
 'dev': 'data/yago3-10/dev.tsv',
 'embedding_size': 100,
 'epochs': 100,
 'eval_batch_size': None,
 'input_type': 'standard',
 'learning_rate': 0.1,
 'load': None,
 'model': 'complex',
 'optimizer': 'adagrad',
 'quiet': True,
 'save': None,
 'seed': 0,
 'test': 'data/yago3-10/test.tsv',
 'test_i': None,
 'test_ii': None,
 'train': 'data/yago3-10/train.tsv',
 'validate_every': 3}
INFO:kbc-cli.py:Device: cuda
INFO:kbc-cli.py:Model state:
INFO:kbc-cli.py:	entities.weight	torch.Size([123182, 200])
INFO:kbc-cli.py:	predicates.weight	torch.Size([37, 200])
INFO:kbc-cli.py:Epoch 1/100	Loss 18.0480 ± 1.8846
INFO:kbc-cli.py:Epoch 2/100	Loss 12.9251 ± 0.3082
INFO:kbc-cli.py:Epoch 3/100	Loss 10.7910 ± 0.1508
INFO:kbc-cli.py:Epoch 3/100	dev results	MRR 0.333092	H@1 0.249600	H@3 0.366900	H@5 0.422600	H@10 0.496800	H@20 0.564500	H@50 0.655800	H@100 0.715700
INFO:kbc-cli.py:Epoch 3/100	test results	MRR 0.330892	H@1 0.246800	H@3 0.367000	H@5 0.421200	H@10 0.491400	H@20 0.560700	H@50 0.651400	H@100 0.710900
INFO:kbc-cli.py:Epoch 4/100	Loss 9.8080 ± 0.2128
INFO:kbc-cli.py:Epoch 5/100	Loss 9.3041 ± 0.2301
INFO:kbc-cli.py:Epoch 6/100	Loss 9.0099 ± 0.2263
INFO:kbc-cli.py:Epoch 6/100	dev results	MRR 0.446435	H@1 0.363200	H@3 0.489600	H@5 0.541000	H@10 0.601400	H@20 0.662600	H@50 0.735800	H@100 0.775100
INFO:kbc-cli.py:Epoch 6/100	test results	MRR 0.443171	H@1 0.357900	H@3 0.485800	H@5 0.539200	H@10 0.604500	H@20 0.661500	H@50 0.730500	H@100 0.774300
INFO:kbc-cli.py:Epoch 7/100	Loss 8.8157 ± 0.2231
INFO:kbc-cli.py:Epoch 8/100	Loss 8.6747 ± 0.2188
INFO:kbc-cli.py:Epoch 9/100	Loss 8.5673 ± 0.2143
INFO:kbc-cli.py:Epoch 9/100	dev results	MRR 0.488197	H@1 0.406500	H@3 0.533000	H@5 0.583700	H@10 0.641800	H@20 0.693000	H@50 0.751500	H@100 0.786000
INFO:kbc-cli.py:Epoch 9/100	test results	MRR 0.486761	H@1 0.404900	H@3 0.532000	H@5 0.579300	H@10 0.639800	H@20 0.689400	H@50 0.749300	H@100 0.787100
INFO:kbc-cli.py:Epoch 10/100	Loss 8.4811 ± 0.2093
INFO:kbc-cli.py:Epoch 11/100	Loss 8.4100 ± 0.2022
INFO:kbc-cli.py:Epoch 12/100	Loss 8.3508 ± 0.1958
INFO:kbc-cli.py:Epoch 12/100	dev results	MRR 0.512438	H@1 0.434200	H@3 0.557000	H@5 0.600500	H@10 0.656200	H@20 0.706000	H@50 0.757500	H@100 0.791100
INFO:kbc-cli.py:Epoch 12/100	test results	MRR 0.512398	H@1 0.434700	H@3 0.556000	H@5 0.600100	H@10 0.655200	H@20 0.702100	H@50 0.754600	H@100 0.789800
INFO:kbc-cli.py:Epoch 13/100	Loss 8.2992 ± 0.1980
INFO:kbc-cli.py:Epoch 14/100	Loss 8.2542 ± 0.1912
INFO:kbc-cli.py:Epoch 15/100	Loss 8.2147 ± 0.1892
INFO:kbc-cli.py:Epoch 15/100	dev results	MRR 0.526809	H@1 0.449700	H@3 0.573300	H@5 0.614900	H@10 0.670700	H@20 0.712000	H@50 0.759300	H@100 0.795500
INFO:kbc-cli.py:Epoch 15/100	test results	MRR 0.523137	H@1 0.444900	H@3 0.567700	H@5 0.610800	H@10 0.664000	H@20 0.709000	H@50 0.758500	H@100 0.793500
INFO:kbc-cli.py:Epoch 16/100	Loss 8.1794 ± 0.1863
INFO:kbc-cli.py:Epoch 17/100	Loss 8.1474 ± 0.1815
INFO:kbc-cli.py:Epoch 18/100	Loss 8.1182 ± 0.1809
INFO:kbc-cli.py:Epoch 18/100	dev results	MRR 0.538051	H@1 0.464400	H@3 0.580500	H@5 0.623300	H@10 0.674600	H@20 0.715100	H@50 0.761600	H@100 0.796200
INFO:kbc-cli.py:Epoch 18/100	test results	MRR 0.531668	H@1 0.455000	H@3 0.576200	H@5 0.619700	H@10 0.670000	H@20 0.712200	H@50 0.760400	H@100 0.793400
INFO:kbc-cli.py:Epoch 19/100	Loss 8.0920 ± 0.1786
INFO:kbc-cli.py:Epoch 20/100	Loss 8.0679 ± 0.1768
INFO:kbc-cli.py:Epoch 21/100	Loss 8.0449 ± 0.1732
INFO:kbc-cli.py:Epoch 21/100	dev results	MRR 0.540112	H@1 0.464800	H@3 0.586000	H@5 0.628500	H@10 0.676600	H@20 0.718300	H@50 0.762300	H@100 0.796900
INFO:kbc-cli.py:Epoch 21/100	test results	MRR 0.537669	H@1 0.462500	H@3 0.581000	H@5 0.621800	H@10 0.672200	H@20 0.714200	H@50 0.761100	H@100 0.795600
INFO:kbc-cli.py:Epoch 22/100	Loss 8.0243 ± 0.1767
INFO:kbc-cli.py:Epoch 23/100	Loss 8.0048 ± 0.1694
INFO:kbc-cli.py:Epoch 24/100	Loss 7.9865 ± 0.1672
INFO:kbc-cli.py:Epoch 24/100	dev results	MRR 0.546256	H@1 0.472600	H@3 0.591600	H@5 0.634200	H@10 0.679600	H@20 0.718000	H@50 0.764000	H@100 0.797400
INFO:kbc-cli.py:Epoch 24/100	test results	MRR 0.542747	H@1 0.469100	H@3 0.585000	H@5 0.628900	H@10 0.677100	H@20 0.716400	H@50 0.761900	H@100 0.796400
INFO:kbc-cli.py:Epoch 25/100	Loss 7.9695 ± 0.1654
INFO:kbc-cli.py:Epoch 26/100	Loss 7.9532 ± 0.1626
INFO:kbc-cli.py:Epoch 27/100	Loss 7.9382 ± 0.1685
INFO:kbc-cli.py:Epoch 27/100	dev results	MRR 0.549115	H@1 0.476900	H@3 0.592500	H@5 0.635600	H@10 0.677900	H@20 0.718600	H@50 0.765000	H@100 0.797300
INFO:kbc-cli.py:Epoch 27/100	test results	MRR 0.544012	H@1 0.469100	H@3 0.587900	H@5 0.629500	H@10 0.678200	H@20 0.717800	H@50 0.763500	H@100 0.796400
INFO:kbc-cli.py:Epoch 28/100	Loss 7.9237 ± 0.1615
INFO:kbc-cli.py:Epoch 29/100	Loss 7.9104 ± 0.1602
INFO:kbc-cli.py:Epoch 30/100	Loss 7.8975 ± 0.1609
INFO:kbc-cli.py:Epoch 30/100	dev results	MRR 0.550066	H@1 0.477000	H@3 0.594500	H@5 0.639000	H@10 0.680900	H@20 0.720800	H@50 0.765800	H@100 0.798200
INFO:kbc-cli.py:Epoch 30/100	test results	MRR 0.547747	H@1 0.473800	H@3 0.591700	H@5 0.631800	H@10 0.680300	H@20 0.717900	H@50 0.764100	H@100 0.797500
INFO:kbc-cli.py:Epoch 31/100	Loss 7.8849 ± 0.1609
INFO:kbc-cli.py:Epoch 32/100	Loss 7.8735 ± 0.1570
INFO:kbc-cli.py:Epoch 33/100	Loss 7.8620 ± 0.1534
INFO:kbc-cli.py:Epoch 33/100	dev results	MRR 0.553309	H@1 0.481600	H@3 0.597500	H@5 0.638500	H@10 0.682300	H@20 0.721600	H@50 0.767200	H@100 0.798800
INFO:kbc-cli.py:Epoch 33/100	test results	MRR 0.549833	H@1 0.477100	H@3 0.592700	H@5 0.633000	H@10 0.679400	H@20 0.720000	H@50 0.763900	H@100 0.796900
INFO:kbc-cli.py:Epoch 34/100	Loss 7.8515 ± 0.1525
INFO:kbc-cli.py:Epoch 35/100	Loss 7.8412 ± 0.1534
INFO:kbc-cli.py:Epoch 36/100	Loss 7.8310 ± 0.1531
INFO:kbc-cli.py:Epoch 36/100	dev results	MRR 0.553430	H@1 0.481300	H@3 0.596000	H@5 0.638100	H@10 0.682800	H@20 0.722100	H@50 0.766700	H@100 0.800000
INFO:kbc-cli.py:Epoch 36/100	test results	MRR 0.552629	H@1 0.480500	H@3 0.594000	H@5 0.634500	H@10 0.679800	H@20 0.719200	H@50 0.764000	H@100 0.798000
INFO:kbc-cli.py:Epoch 37/100	Loss 7.8218 ± 0.1510
INFO:kbc-cli.py:Epoch 38/100	Loss 7.8129 ± 0.1507
INFO:kbc-cli.py:Epoch 39/100	Loss 7.8044 ± 0.1481
INFO:kbc-cli.py:Epoch 39/100	dev results	MRR 0.555456	H@1 0.483400	H@3 0.598900	H@5 0.641500	H@10 0.684700	H@20 0.721900	H@50 0.767400	H@100 0.798700
INFO:kbc-cli.py:Epoch 39/100	test results	MRR 0.552086	H@1 0.479100	H@3 0.596000	H@5 0.634500	H@10 0.681300	H@20 0.719900	H@50 0.764900	H@100 0.797900
INFO:kbc-cli.py:Epoch 40/100	Loss 7.7957 ± 0.1481
INFO:kbc-cli.py:Epoch 41/100	Loss 7.7874 ± 0.1508
INFO:kbc-cli.py:Epoch 42/100	Loss 7.7794 ± 0.1461
INFO:kbc-cli.py:Epoch 42/100	dev results	MRR 0.555952	H@1 0.483400	H@3 0.600800	H@5 0.640700	H@10 0.683800	H@20 0.721700	H@50 0.767500	H@100 0.799400
INFO:kbc-cli.py:Epoch 42/100	test results	MRR 0.554686	H@1 0.483100	H@3 0.597100	H@5 0.636200	H@10 0.682200	H@20 0.721200	H@50 0.765500	H@100 0.798500
INFO:kbc-cli.py:Epoch 43/100	Loss 7.7718 ± 0.1474
INFO:kbc-cli.py:Epoch 44/100	Loss 7.7651 ± 0.1458
INFO:kbc-cli.py:Epoch 45/100	Loss 7.7574 ± 0.1438
INFO:kbc-cli.py:Epoch 45/100	dev results	MRR 0.557324	H@1 0.485700	H@3 0.601500	H@5 0.641900	H@10 0.684400	H@20 0.723100	H@50 0.767100	H@100 0.800200
INFO:kbc-cli.py:Epoch 45/100	test results	MRR 0.556326	H@1 0.485600	H@3 0.597600	H@5 0.637800	H@10 0.681700	H@20 0.721400	H@50 0.766300	H@100 0.799200
INFO:kbc-cli.py:Epoch 46/100	Loss 7.7510 ± 0.1432
INFO:kbc-cli.py:Epoch 47/100	Loss 7.7439 ± 0.1404
INFO:kbc-cli.py:Epoch 48/100	Loss 7.7376 ± 0.1437
INFO:kbc-cli.py:Epoch 48/100	dev results	MRR 0.558595	H@1 0.488600	H@3 0.601000	H@5 0.641400	H@10 0.686500	H@20 0.722100	H@50 0.767800	H@100 0.799000
INFO:kbc-cli.py:Epoch 48/100	test results	MRR 0.556600	H@1 0.485100	H@3 0.597900	H@5 0.638000	H@10 0.682800	H@20 0.722100	H@50 0.765800	H@100 0.798600
INFO:kbc-cli.py:Epoch 49/100	Loss 7.7317 ± 0.1458
INFO:kbc-cli.py:Epoch 50/100	Loss 7.7253 ± 0.1429
INFO:kbc-cli.py:Epoch 51/100	Loss 7.7196 ± 0.1422
INFO:kbc-cli.py:Epoch 51/100	dev results	MRR 0.558810	H@1 0.488100	H@3 0.602300	H@5 0.641300	H@10 0.685100	H@20 0.723200	H@50 0.768900	H@100 0.800000
INFO:kbc-cli.py:Epoch 51/100	test results	MRR 0.557679	H@1 0.486500	H@3 0.600800	H@5 0.638600	H@10 0.682300	H@20 0.722300	H@50 0.765900	H@100 0.799900
INFO:kbc-cli.py:Epoch 52/100	Loss 7.7135 ± 0.1435
INFO:kbc-cli.py:Epoch 53/100	Loss 7.7083 ± 0.1373
INFO:kbc-cli.py:Epoch 54/100	Loss 7.7026 ± 0.1392
INFO:kbc-cli.py:Epoch 54/100	dev results	MRR 0.558251	H@1 0.486300	H@3 0.604700	H@5 0.641700	H@10 0.685600	H@20 0.721900	H@50 0.769200	H@100 0.799200
INFO:kbc-cli.py:Epoch 54/100	test results	MRR 0.558516	H@1 0.488200	H@3 0.601000	H@5 0.639800	H@10 0.683300	H@20 0.722500	H@50 0.767400	H@100 0.799400
INFO:kbc-cli.py:Epoch 55/100	Loss 7.6973 ± 0.1382
INFO:kbc-cli.py:Epoch 56/100	Loss 7.6919 ± 0.1347
INFO:kbc-cli.py:Epoch 57/100	Loss 7.6870 ± 0.1370
INFO:kbc-cli.py:Epoch 57/100	dev results	MRR 0.560165	H@1 0.489100	H@3 0.605700	H@5 0.641300	H@10 0.686400	H@20 0.722300	H@50 0.768400	H@100 0.799900
INFO:kbc-cli.py:Epoch 57/100	test results	MRR 0.558323	H@1 0.487500	H@3 0.599500	H@5 0.638500	H@10 0.683900	H@20 0.723300	H@50 0.766400	H@100 0.799900
INFO:kbc-cli.py:Epoch 58/100	Loss 7.6822 ± 0.1347
INFO:kbc-cli.py:Epoch 59/100	Loss 7.6773 ± 0.1337
INFO:kbc-cli.py:Epoch 60/100	Loss 7.6733 ± 0.1398
INFO:kbc-cli.py:Epoch 60/100	dev results	MRR 0.559954	H@1 0.489300	H@3 0.605000	H@5 0.642400	H@10 0.687200	H@20 0.722600	H@50 0.769100	H@100 0.800200
INFO:kbc-cli.py:Epoch 60/100	test results	MRR 0.559663	H@1 0.489200	H@3 0.602500	H@5 0.640900	H@10 0.684800	H@20 0.723200	H@50 0.767200	H@100 0.800800
INFO:kbc-cli.py:Epoch 61/100	Loss 7.6681 ± 0.1355
INFO:kbc-cli.py:Epoch 62/100	Loss 7.6635 ± 0.1355
INFO:kbc-cli.py:Epoch 63/100	Loss 7.6595 ± 0.1348
INFO:kbc-cli.py:Epoch 63/100	dev results	MRR 0.559225	H@1 0.488100	H@3 0.603800	H@5 0.641300	H@10 0.688400	H@20 0.722700	H@50 0.769800	H@100 0.800200
INFO:kbc-cli.py:Epoch 63/100	test results	MRR 0.559645	H@1 0.488900	H@3 0.602200	H@5 0.640200	H@10 0.684400	H@20 0.723000	H@50 0.767100	H@100 0.799900
INFO:kbc-cli.py:Epoch 64/100	Loss 7.6552 ± 0.1308
INFO:kbc-cli.py:Epoch 65/100	Loss 7.6511 ± 0.1314
INFO:kbc-cli.py:Epoch 66/100	Loss 7.6467 ± 0.1359
INFO:kbc-cli.py:Epoch 66/100	dev results	MRR 0.560919	H@1 0.491000	H@3 0.604400	H@5 0.641400	H@10 0.687200	H@20 0.724300	H@50 0.769800	H@100 0.800400
INFO:kbc-cli.py:Epoch 66/100	test results	MRR 0.559944	H@1 0.489300	H@3 0.602100	H@5 0.640400	H@10 0.685200	H@20 0.723700	H@50 0.767600	H@100 0.801100
INFO:kbc-cli.py:Epoch 67/100	Loss 7.6430 ± 0.1377
INFO:kbc-cli.py:Epoch 68/100	Loss 7.6389 ± 0.1341
INFO:kbc-cli.py:Epoch 69/100	Loss 7.6355 ± 0.1350
INFO:kbc-cli.py:Epoch 69/100	dev results	MRR 0.562071	H@1 0.493400	H@3 0.603400	H@5 0.641200	H@10 0.686000	H@20 0.723500	H@50 0.769800	H@100 0.801000
INFO:kbc-cli.py:Epoch 69/100	test results	MRR 0.560504	H@1 0.490400	H@3 0.603000	H@5 0.640800	H@10 0.684500	H@20 0.724200	H@50 0.767900	H@100 0.800700
INFO:kbc-cli.py:Epoch 70/100	Loss 7.6316 ± 0.1313
INFO:kbc-cli.py:Epoch 71/100	Loss 7.6278 ± 0.1315
INFO:kbc-cli.py:Epoch 72/100	Loss 7.6246 ± 0.1300
INFO:kbc-cli.py:Epoch 72/100	dev results	MRR 0.561237	H@1 0.490700	H@3 0.605600	H@5 0.642600	H@10 0.687400	H@20 0.723900	H@50 0.771000	H@100 0.801000
INFO:kbc-cli.py:Epoch 72/100	test results	MRR 0.560792	H@1 0.490200	H@3 0.603700	H@5 0.642900	H@10 0.685200	H@20 0.723700	H@50 0.768200	H@100 0.801000
INFO:kbc-cli.py:Epoch 73/100	Loss 7.6207 ± 0.1339
INFO:kbc-cli.py:Epoch 74/100	Loss 7.6177 ± 0.1311
INFO:kbc-cli.py:Epoch 75/100	Loss 7.6139 ± 0.1351
INFO:kbc-cli.py:Epoch 75/100	dev results	MRR 0.561026	H@1 0.490500	H@3 0.605200	H@5 0.643300	H@10 0.686800	H@20 0.724600	H@50 0.770400	H@100 0.801100
INFO:kbc-cli.py:Epoch 75/100	test results	MRR 0.562149	H@1 0.492400	H@3 0.604400	H@5 0.641800	H@10 0.685200	H@20 0.724100	H@50 0.769000	H@100 0.801700
INFO:kbc-cli.py:Epoch 76/100	Loss 7.6109 ± 0.1304
INFO:kbc-cli.py:Epoch 77/100	Loss 7.6077 ± 0.1339
INFO:kbc-cli.py:Epoch 78/100	Loss 7.6046 ± 0.1338
INFO:kbc-cli.py:Epoch 78/100	dev results	MRR 0.561329	H@1 0.491900	H@3 0.604900	H@5 0.642900	H@10 0.686200	H@20 0.723500	H@50 0.770700	H@100 0.801000
INFO:kbc-cli.py:Epoch 78/100	test results	MRR 0.561646	H@1 0.491900	H@3 0.604500	H@5 0.642400	H@10 0.685300	H@20 0.724200	H@50 0.769100	H@100 0.801100
INFO:kbc-cli.py:Epoch 79/100	Loss 7.6013 ± 0.1269
INFO:kbc-cli.py:Epoch 80/100	Loss 7.5985 ± 0.1283
INFO:kbc-cli.py:Epoch 81/100	Loss 7.5955 ± 0.1284
INFO:kbc-cli.py:Epoch 81/100	dev results	MRR 0.562240	H@1 0.493400	H@3 0.604800	H@5 0.643400	H@10 0.686800	H@20 0.724100	H@50 0.770000	H@100 0.801000
INFO:kbc-cli.py:Epoch 81/100	test results	MRR 0.562312	H@1 0.492700	H@3 0.604500	H@5 0.642200	H@10 0.686100	H@20 0.723900	H@50 0.768800	H@100 0.801900
INFO:kbc-cli.py:Epoch 82/100	Loss 7.5924 ± 0.1300
INFO:kbc-cli.py:Epoch 83/100	Loss 7.5893 ± 0.1305
INFO:kbc-cli.py:Epoch 84/100	Loss 7.5867 ± 0.1267
INFO:kbc-cli.py:Epoch 84/100	dev results	MRR 0.562351	H@1 0.493400	H@3 0.605000	H@5 0.643800	H@10 0.687000	H@20 0.724200	H@50 0.770400	H@100 0.801100
INFO:kbc-cli.py:Epoch 84/100	test results	MRR 0.562764	H@1 0.493400	H@3 0.606500	H@5 0.642300	H@10 0.686500	H@20 0.725000	H@50 0.768900	H@100 0.801600
INFO:kbc-cli.py:Epoch 85/100	Loss 7.5840 ± 0.1271
INFO:kbc-cli.py:Epoch 86/100	Loss 7.5810 ± 0.1248
INFO:kbc-cli.py:Epoch 87/100	Loss 7.5784 ± 0.1282
INFO:kbc-cli.py:Epoch 87/100	dev results	MRR 0.561204	H@1 0.491100	H@3 0.605700	H@5 0.643000	H@10 0.687200	H@20 0.724400	H@50 0.770200	H@100 0.801000
INFO:kbc-cli.py:Epoch 87/100	test results	MRR 0.561932	H@1 0.491500	H@3 0.604500	H@5 0.642800	H@10 0.685500	H@20 0.724800	H@50 0.769200	H@100 0.801600
INFO:kbc-cli.py:Epoch 88/100	Loss 7.5760 ± 0.1320
INFO:kbc-cli.py:Epoch 89/100	Loss 7.5732 ± 0.1290
INFO:kbc-cli.py:Epoch 90/100	Loss 7.5707 ± 0.1294
INFO:kbc-cli.py:Epoch 90/100	dev results	MRR 0.560188	H@1 0.488800	H@3 0.604500	H@5 0.643400	H@10 0.687700	H@20 0.724100	H@50 0.770900	H@100 0.801600
INFO:kbc-cli.py:Epoch 90/100	test results	MRR 0.562903	H@1 0.493400	H@3 0.604800	H@5 0.641800	H@10 0.686100	H@20 0.725700	H@50 0.769500	H@100 0.802400
INFO:kbc-cli.py:Epoch 91/100	Loss 7.5682 ± 0.1258
INFO:kbc-cli.py:Epoch 92/100	Loss 7.5655 ± 0.1271
INFO:kbc-cli.py:Epoch 93/100	Loss 7.5633 ± 0.1279
INFO:kbc-cli.py:Epoch 93/100	dev results	MRR 0.561626	H@1 0.491400	H@3 0.605800	H@5 0.643600	H@10 0.687300	H@20 0.724200	H@50 0.770000	H@100 0.801700
INFO:kbc-cli.py:Epoch 93/100	test results	MRR 0.562621	H@1 0.493000	H@3 0.603600	H@5 0.641900	H@10 0.685500	H@20 0.725100	H@50 0.769300	H@100 0.801800
INFO:kbc-cli.py:Epoch 94/100	Loss 7.5609 ± 0.1249
INFO:kbc-cli.py:Epoch 95/100	Loss 7.5583 ± 0.1272
INFO:kbc-cli.py:Epoch 96/100	Loss 7.5561 ± 0.1232
INFO:kbc-cli.py:Epoch 96/100	dev results	MRR 0.561272	H@1 0.491000	H@3 0.605200	H@5 0.642000	H@10 0.687000	H@20 0.724800	H@50 0.770100	H@100 0.802000
INFO:kbc-cli.py:Epoch 96/100	test results	MRR 0.562251	H@1 0.492000	H@3 0.606500	H@5 0.642800	H@10 0.685900	H@20 0.725700	H@50 0.769500	H@100 0.802400
INFO:kbc-cli.py:Epoch 97/100	Loss 7.5540 ± 0.1261
INFO:kbc-cli.py:Epoch 98/100	Loss 7.5518 ± 0.1232
INFO:kbc-cli.py:Epoch 99/100	Loss 7.5493 ± 0.1262
INFO:kbc-cli.py:Epoch 99/100	dev results	MRR 0.561894	H@1 0.492100	H@3 0.605800	H@5 0.643400	H@10 0.686300	H@20 0.723900	H@50 0.770500	H@100 0.801900
INFO:kbc-cli.py:Epoch 99/100	test results	MRR 0.563501	H@1 0.494000	H@3 0.606300	H@5 0.643200	H@10 0.687000	H@20 0.726000	H@50 0.769700	H@100 0.802700
INFO:kbc-cli.py:Epoch 100/100	Loss 7.5471 ± 0.1235
INFO:kbc-cli.py:Final 	dev results	MRR 0.561486	H@1 0.491700	H@3 0.605500	H@5 0.643400	H@10 0.687300	H@20 0.725000	H@50 0.770200	H@100 0.802300
INFO:kbc-cli.py:Final 	test results	MRR 0.564129	H@1 0.495500	H@3 0.606200	H@5 0.643500	H@10 0.686600	H@20 0.725500	H@50 0.769500	H@100 0.802400
INFO:kbc-cli.py:Training finished
