./bin/kbc-cli.py --train data/yago3-10/train.tsv --dev data/yago3-10/dev.tsv --test data/yago3-10/test.tsv -m complex -k 1000 -b 100 -e 100 --F2 0.5 --N3 0 -l 0.1 -I standard -V 3 -o adagrad -c spo -q
{'F2': 0.5,
 'N3': 0.0,
 'batch_size': 100,
 'corruption': 'spo',
 'dev': 'data/yago3-10/dev.tsv',
 'embedding_size': 1000,
 'epochs': 100,
 'eval_batch_size': None,
 'input_type': 'standard',
 'learning_rate': 0.1,
 'load': None,
 'model': 'complex',
 'optimizer': 'adagrad',
 'quiet': True,
 'save': None,
 'seed': 0,
 'test': 'data/yago3-10/test.tsv',
 'test_i': None,
 'test_ii': None,
 'train': 'data/yago3-10/train.tsv',
 'validate_every': 3}
INFO:kbc-cli.py:Device: cuda
INFO:kbc-cli.py:Model state:
INFO:kbc-cli.py:	entities.weight	torch.Size([123182, 2000])
INFO:kbc-cli.py:	predicates.weight	torch.Size([37, 2000])
INFO:kbc-cli.py:Epoch 1/100	Loss 195.2507 ± 72.0662
INFO:kbc-cli.py:Epoch 2/100	Loss 78.8909 ± 13.1407
INFO:kbc-cli.py:Epoch 3/100	Loss 54.3120 ± 7.1862
INFO:kbc-cli.py:Epoch 3/100	dev results	MRR 0.011447	H@1 0.005400	H@3 0.009900	H@5 0.013000	H@10 0.017800	H@20 0.026900	H@50 0.051800	H@100 0.083100
INFO:kbc-cli.py:Epoch 3/100	test results	MRR 0.010779	H@1 0.005000	H@3 0.009200	H@5 0.011600	H@10 0.017400	H@20 0.027100	H@50 0.049900	H@100 0.082000
INFO:kbc-cli.py:Epoch 4/100	Loss nan ± nan
INFO:kbc-cli.py:Epoch 5/100	Loss nan ± nan
INFO:kbc-cli.py:Epoch 6/100	Loss nan ± nan
INFO:kbc-cli.py:Epoch 6/100	dev results	MRR 0.000096	H@1 0.000000	H@3 0.000000	H@5 0.000100	H@10 0.000100	H@20 0.000100	H@50 0.000600	H@100 0.000900
INFO:kbc-cli.py:Epoch 6/100	test results	MRR 0.000081	H@1 0.000000	H@3 0.000000	H@5 0.000000	H@10 0.000000	H@20 0.000100	H@50 0.000700	H@100 0.000900
INFO:kbc-cli.py:Epoch 7/100	Loss nan ± nan
INFO:kbc-cli.py:Epoch 8/100	Loss nan ± nan
INFO:kbc-cli.py:Epoch 9/100	Loss nan ± nan
INFO:kbc-cli.py:Epoch 9/100	dev results	MRR 0.000096	H@1 0.000000	H@3 0.000000	H@5 0.000100	H@10 0.000100	H@20 0.000100	H@50 0.000600	H@100 0.000900
INFO:kbc-cli.py:Epoch 9/100	test results	MRR 0.000081	H@1 0.000000	H@3 0.000000	H@5 0.000000	H@10 0.000000	H@20 0.000100	H@50 0.000700	H@100 0.000900
INFO:kbc-cli.py:Epoch 10/100	Loss nan ± nan
INFO:kbc-cli.py:Epoch 11/100	Loss nan ± nan
INFO:kbc-cli.py:Epoch 12/100	Loss nan ± nan
INFO:kbc-cli.py:Epoch 12/100	dev results	MRR 0.000096	H@1 0.000000	H@3 0.000000	H@5 0.000100	H@10 0.000100	H@20 0.000100	H@50 0.000600	H@100 0.000900
INFO:kbc-cli.py:Epoch 12/100	test results	MRR 0.000081	H@1 0.000000	H@3 0.000000	H@5 0.000000	H@10 0.000000	H@20 0.000100	H@50 0.000700	H@100 0.000900
INFO:kbc-cli.py:Epoch 13/100	Loss nan ± nan
INFO:kbc-cli.py:Epoch 14/100	Loss nan ± nan
INFO:kbc-cli.py:Epoch 15/100	Loss nan ± nan
INFO:kbc-cli.py:Epoch 15/100	dev results	MRR 0.000096	H@1 0.000000	H@3 0.000000	H@5 0.000100	H@10 0.000100	H@20 0.000100	H@50 0.000600	H@100 0.000900
INFO:kbc-cli.py:Epoch 15/100	test results	MRR 0.000081	H@1 0.000000	H@3 0.000000	H@5 0.000000	H@10 0.000000	H@20 0.000100	H@50 0.000700	H@100 0.000900
INFO:kbc-cli.py:Epoch 16/100	Loss nan ± nan
INFO:kbc-cli.py:Epoch 17/100	Loss nan ± nan
INFO:kbc-cli.py:Epoch 18/100	Loss nan ± nan
INFO:kbc-cli.py:Epoch 18/100	dev results	MRR 0.000096	H@1 0.000000	H@3 0.000000	H@5 0.000100	H@10 0.000100	H@20 0.000100	H@50 0.000600	H@100 0.000900
INFO:kbc-cli.py:Epoch 18/100	test results	MRR 0.000081	H@1 0.000000	H@3 0.000000	H@5 0.000000	H@10 0.000000	H@20 0.000100	H@50 0.000700	H@100 0.000900
INFO:kbc-cli.py:Epoch 19/100	Loss nan ± nan
INFO:kbc-cli.py:Epoch 20/100	Loss nan ± nan
INFO:kbc-cli.py:Epoch 21/100	Loss nan ± nan
INFO:kbc-cli.py:Epoch 21/100	dev results	MRR 0.000096	H@1 0.000000	H@3 0.000000	H@5 0.000100	H@10 0.000100	H@20 0.000100	H@50 0.000600	H@100 0.000900
INFO:kbc-cli.py:Epoch 21/100	test results	MRR 0.000081	H@1 0.000000	H@3 0.000000	H@5 0.000000	H@10 0.000000	H@20 0.000100	H@50 0.000700	H@100 0.000900
INFO:kbc-cli.py:Epoch 22/100	Loss nan ± nan
INFO:kbc-cli.py:Epoch 23/100	Loss nan ± nan
INFO:kbc-cli.py:Epoch 24/100	Loss nan ± nan
INFO:kbc-cli.py:Epoch 24/100	dev results	MRR 0.000096	H@1 0.000000	H@3 0.000000	H@5 0.000100	H@10 0.000100	H@20 0.000100	H@50 0.000600	H@100 0.000900
INFO:kbc-cli.py:Epoch 24/100	test results	MRR 0.000081	H@1 0.000000	H@3 0.000000	H@5 0.000000	H@10 0.000000	H@20 0.000100	H@50 0.000700	H@100 0.000900
INFO:kbc-cli.py:Epoch 25/100	Loss nan ± nan
INFO:kbc-cli.py:Epoch 26/100	Loss nan ± nan
INFO:kbc-cli.py:Epoch 27/100	Loss nan ± nan
INFO:kbc-cli.py:Epoch 27/100	dev results	MRR 0.000096	H@1 0.000000	H@3 0.000000	H@5 0.000100	H@10 0.000100	H@20 0.000100	H@50 0.000600	H@100 0.000900
INFO:kbc-cli.py:Epoch 27/100	test results	MRR 0.000081	H@1 0.000000	H@3 0.000000	H@5 0.000000	H@10 0.000000	H@20 0.000100	H@50 0.000700	H@100 0.000900
INFO:kbc-cli.py:Epoch 28/100	Loss nan ± nan
INFO:kbc-cli.py:Epoch 29/100	Loss nan ± nan
INFO:kbc-cli.py:Epoch 30/100	Loss nan ± nan
INFO:kbc-cli.py:Epoch 30/100	dev results	MRR 0.000096	H@1 0.000000	H@3 0.000000	H@5 0.000100	H@10 0.000100	H@20 0.000100	H@50 0.000600	H@100 0.000900
INFO:kbc-cli.py:Epoch 30/100	test results	MRR 0.000081	H@1 0.000000	H@3 0.000000	H@5 0.000000	H@10 0.000000	H@20 0.000100	H@50 0.000700	H@100 0.000900
INFO:kbc-cli.py:Epoch 31/100	Loss nan ± nan
INFO:kbc-cli.py:Epoch 32/100	Loss nan ± nan
INFO:kbc-cli.py:Epoch 33/100	Loss nan ± nan
INFO:kbc-cli.py:Epoch 33/100	dev results	MRR 0.000096	H@1 0.000000	H@3 0.000000	H@5 0.000100	H@10 0.000100	H@20 0.000100	H@50 0.000600	H@100 0.000900
INFO:kbc-cli.py:Epoch 33/100	test results	MRR 0.000081	H@1 0.000000	H@3 0.000000	H@5 0.000000	H@10 0.000000	H@20 0.000100	H@50 0.000700	H@100 0.000900
INFO:kbc-cli.py:Epoch 34/100	Loss nan ± nan
INFO:kbc-cli.py:Epoch 35/100	Loss nan ± nan
INFO:kbc-cli.py:Epoch 36/100	Loss nan ± nan
INFO:kbc-cli.py:Epoch 36/100	dev results	MRR 0.000096	H@1 0.000000	H@3 0.000000	H@5 0.000100	H@10 0.000100	H@20 0.000100	H@50 0.000600	H@100 0.000900
INFO:kbc-cli.py:Epoch 36/100	test results	MRR 0.000081	H@1 0.000000	H@3 0.000000	H@5 0.000000	H@10 0.000000	H@20 0.000100	H@50 0.000700	H@100 0.000900
INFO:kbc-cli.py:Epoch 37/100	Loss nan ± nan
INFO:kbc-cli.py:Epoch 38/100	Loss nan ± nan
INFO:kbc-cli.py:Epoch 39/100	Loss nan ± nan
INFO:kbc-cli.py:Epoch 39/100	dev results	MRR 0.000096	H@1 0.000000	H@3 0.000000	H@5 0.000100	H@10 0.000100	H@20 0.000100	H@50 0.000600	H@100 0.000900
INFO:kbc-cli.py:Epoch 39/100	test results	MRR 0.000081	H@1 0.000000	H@3 0.000000	H@5 0.000000	H@10 0.000000	H@20 0.000100	H@50 0.000700	H@100 0.000900
INFO:kbc-cli.py:Epoch 40/100	Loss nan ± nan
INFO:kbc-cli.py:Epoch 41/100	Loss nan ± nan
INFO:kbc-cli.py:Epoch 42/100	Loss nan ± nan
INFO:kbc-cli.py:Epoch 42/100	dev results	MRR 0.000096	H@1 0.000000	H@3 0.000000	H@5 0.000100	H@10 0.000100	H@20 0.000100	H@50 0.000600	H@100 0.000900
INFO:kbc-cli.py:Epoch 42/100	test results	MRR 0.000081	H@1 0.000000	H@3 0.000000	H@5 0.000000	H@10 0.000000	H@20 0.000100	H@50 0.000700	H@100 0.000900
INFO:kbc-cli.py:Epoch 43/100	Loss nan ± nan
INFO:kbc-cli.py:Epoch 44/100	Loss nan ± nan
INFO:kbc-cli.py:Epoch 45/100	Loss nan ± nan
INFO:kbc-cli.py:Epoch 45/100	dev results	MRR 0.000096	H@1 0.000000	H@3 0.000000	H@5 0.000100	H@10 0.000100	H@20 0.000100	H@50 0.000600	H@100 0.000900
INFO:kbc-cli.py:Epoch 45/100	test results	MRR 0.000081	H@1 0.000000	H@3 0.000000	H@5 0.000000	H@10 0.000000	H@20 0.000100	H@50 0.000700	H@100 0.000900
INFO:kbc-cli.py:Epoch 46/100	Loss nan ± nan
INFO:kbc-cli.py:Epoch 47/100	Loss nan ± nan
INFO:kbc-cli.py:Epoch 48/100	Loss nan ± nan
INFO:kbc-cli.py:Epoch 48/100	dev results	MRR 0.000096	H@1 0.000000	H@3 0.000000	H@5 0.000100	H@10 0.000100	H@20 0.000100	H@50 0.000600	H@100 0.000900
INFO:kbc-cli.py:Epoch 48/100	test results	MRR 0.000081	H@1 0.000000	H@3 0.000000	H@5 0.000000	H@10 0.000000	H@20 0.000100	H@50 0.000700	H@100 0.000900
INFO:kbc-cli.py:Epoch 49/100	Loss nan ± nan
INFO:kbc-cli.py:Epoch 50/100	Loss nan ± nan
INFO:kbc-cli.py:Epoch 51/100	Loss nan ± nan
INFO:kbc-cli.py:Epoch 51/100	dev results	MRR 0.000096	H@1 0.000000	H@3 0.000000	H@5 0.000100	H@10 0.000100	H@20 0.000100	H@50 0.000600	H@100 0.000900
INFO:kbc-cli.py:Epoch 51/100	test results	MRR 0.000081	H@1 0.000000	H@3 0.000000	H@5 0.000000	H@10 0.000000	H@20 0.000100	H@50 0.000700	H@100 0.000900
INFO:kbc-cli.py:Epoch 52/100	Loss nan ± nan
INFO:kbc-cli.py:Epoch 53/100	Loss nan ± nan
INFO:kbc-cli.py:Epoch 54/100	Loss nan ± nan
INFO:kbc-cli.py:Epoch 54/100	dev results	MRR 0.000096	H@1 0.000000	H@3 0.000000	H@5 0.000100	H@10 0.000100	H@20 0.000100	H@50 0.000600	H@100 0.000900
INFO:kbc-cli.py:Epoch 54/100	test results	MRR 0.000081	H@1 0.000000	H@3 0.000000	H@5 0.000000	H@10 0.000000	H@20 0.000100	H@50 0.000700	H@100 0.000900
INFO:kbc-cli.py:Epoch 55/100	Loss nan ± nan
INFO:kbc-cli.py:Epoch 56/100	Loss nan ± nan
INFO:kbc-cli.py:Epoch 57/100	Loss nan ± nan
INFO:kbc-cli.py:Epoch 57/100	dev results	MRR 0.000096	H@1 0.000000	H@3 0.000000	H@5 0.000100	H@10 0.000100	H@20 0.000100	H@50 0.000600	H@100 0.000900
INFO:kbc-cli.py:Epoch 57/100	test results	MRR 0.000081	H@1 0.000000	H@3 0.000000	H@5 0.000000	H@10 0.000000	H@20 0.000100	H@50 0.000700	H@100 0.000900
INFO:kbc-cli.py:Epoch 58/100	Loss nan ± nan
INFO:kbc-cli.py:Epoch 59/100	Loss nan ± nan
