./bin/kbc-cli.py --train data/yago3-10/train.tsv --dev data/yago3-10/dev.tsv --test data/yago3-10/test.tsv -m complex -k 100 -b 50 -e 100 --F2 0.01 --N3 0 -l 0.1 -I standard -V 3 -o adagrad -c spo -q
{'F2': 0.01,
 'N3': 0.0,
 'batch_size': 50,
 'corruption': 'spo',
 'dev': 'data/yago3-10/dev.tsv',
 'embedding_size': 100,
 'epochs': 100,
 'eval_batch_size': None,
 'input_type': 'standard',
 'learning_rate': 0.1,
 'load': None,
 'model': 'complex',
 'optimizer': 'adagrad',
 'quiet': True,
 'save': None,
 'seed': 0,
 'test': 'data/yago3-10/test.tsv',
 'test_i': None,
 'test_ii': None,
 'train': 'data/yago3-10/train.tsv',
 'validate_every': 3}
INFO:kbc-cli.py:Device: cuda
INFO:kbc-cli.py:Model state:
INFO:kbc-cli.py:	entities.weight	torch.Size([123182, 200])
INFO:kbc-cli.py:	predicates.weight	torch.Size([37, 200])
INFO:kbc-cli.py:Epoch 1/100	Loss 18.9718 ± 2.3865
INFO:kbc-cli.py:Epoch 2/100	Loss 12.9279 ± 0.4955
INFO:kbc-cli.py:Epoch 3/100	Loss 10.8994 ± 0.3777
INFO:kbc-cli.py:Epoch 3/100	dev results	MRR 0.392235	H@1 0.301400	H@3 0.438400	H@5 0.495700	H@10 0.562200	H@20 0.632700	H@50 0.712200	H@100 0.760700
INFO:kbc-cli.py:Epoch 3/100	test results	MRR 0.394588	H@1 0.306700	H@3 0.435200	H@5 0.491000	H@10 0.561100	H@20 0.630700	H@50 0.708500	H@100 0.757800
INFO:kbc-cli.py:Epoch 4/100	Loss 10.1521 ± 0.3884
INFO:kbc-cli.py:Epoch 5/100	Loss 9.7952 ± 0.3868
INFO:kbc-cli.py:Epoch 6/100	Loss 9.5831 ± 0.3809
INFO:kbc-cli.py:Epoch 6/100	dev results	MRR 0.475260	H@1 0.389900	H@3 0.520600	H@5 0.566900	H@10 0.636900	H@20 0.697400	H@50 0.758300	H@100 0.794200
INFO:kbc-cli.py:Epoch 6/100	test results	MRR 0.471234	H@1 0.387300	H@3 0.512100	H@5 0.564900	H@10 0.630900	H@20 0.690700	H@50 0.751800	H@100 0.786800
INFO:kbc-cli.py:Epoch 7/100	Loss 9.4383 ± 0.3759
INFO:kbc-cli.py:Epoch 8/100	Loss 9.3308 ± 0.3714
INFO:kbc-cli.py:Epoch 9/100	Loss 9.2476 ± 0.3689
INFO:kbc-cli.py:Epoch 9/100	dev results	MRR 0.502663	H@1 0.418600	H@3 0.550300	H@5 0.601000	H@10 0.661300	H@20 0.712100	H@50 0.766900	H@100 0.797900
INFO:kbc-cli.py:Epoch 9/100	test results	MRR 0.497353	H@1 0.416500	H@3 0.539600	H@5 0.587900	H@10 0.653500	H@20 0.704800	H@50 0.758900	H@100 0.794400
INFO:kbc-cli.py:Epoch 10/100	Loss 9.1798 ± 0.3680
INFO:kbc-cli.py:Epoch 11/100	Loss 9.1235 ± 0.3587
INFO:kbc-cli.py:Epoch 12/100	Loss 9.0761 ± 0.3572
INFO:kbc-cli.py:Epoch 12/100	dev results	MRR 0.516521	H@1 0.432600	H@3 0.565300	H@5 0.614800	H@10 0.670100	H@20 0.717200	H@50 0.768500	H@100 0.798800
INFO:kbc-cli.py:Epoch 12/100	test results	MRR 0.515252	H@1 0.436800	H@3 0.557700	H@5 0.605200	H@10 0.662800	H@20 0.711800	H@50 0.762400	H@100 0.794100
INFO:kbc-cli.py:Epoch 13/100	Loss 9.0349 ± 0.3585
INFO:kbc-cli.py:Epoch 14/100	Loss 8.9987 ± 0.3539
INFO:kbc-cli.py:Epoch 15/100	Loss 8.9668 ± 0.3525
INFO:kbc-cli.py:Epoch 15/100	dev results	MRR 0.528038	H@1 0.445800	H@3 0.576500	H@5 0.623700	H@10 0.677900	H@20 0.721500	H@50 0.770600	H@100 0.798800
INFO:kbc-cli.py:Epoch 15/100	test results	MRR 0.520432	H@1 0.440500	H@3 0.565600	H@5 0.611300	H@10 0.669500	H@20 0.715000	H@50 0.765300	H@100 0.795600
INFO:kbc-cli.py:Epoch 16/100	Loss 8.9381 ± 0.3505
INFO:kbc-cli.py:Epoch 17/100	Loss 8.9123 ± 0.3471
INFO:kbc-cli.py:Epoch 18/100	Loss 8.8889 ± 0.3455
INFO:kbc-cli.py:Epoch 18/100	dev results	MRR 0.536238	H@1 0.458200	H@3 0.581800	H@5 0.628800	H@10 0.682600	H@20 0.722300	H@50 0.770700	H@100 0.800300
INFO:kbc-cli.py:Epoch 18/100	test results	MRR 0.525546	H@1 0.445800	H@3 0.572200	H@5 0.617900	H@10 0.675800	H@20 0.718900	H@50 0.764300	H@100 0.796200
INFO:kbc-cli.py:Epoch 19/100	Loss 8.8674 ± 0.3468
INFO:kbc-cli.py:Epoch 20/100	Loss 8.8476 ± 0.3465
INFO:kbc-cli.py:Epoch 21/100	Loss 8.8292 ± 0.3432
INFO:kbc-cli.py:Epoch 21/100	dev results	MRR 0.539071	H@1 0.458200	H@3 0.588500	H@5 0.634000	H@10 0.685800	H@20 0.724600	H@50 0.771100	H@100 0.800200
INFO:kbc-cli.py:Epoch 21/100	test results	MRR 0.531573	H@1 0.453700	H@3 0.574100	H@5 0.623100	H@10 0.679300	H@20 0.720700	H@50 0.764900	H@100 0.797500
INFO:kbc-cli.py:Epoch 22/100	Loss 8.8121 ± 0.3426
INFO:kbc-cli.py:Epoch 23/100	Loss 8.7963 ± 0.3420
INFO:kbc-cli.py:Epoch 24/100	Loss 8.7815 ± 0.3427
INFO:kbc-cli.py:Epoch 24/100	dev results	MRR 0.543236	H@1 0.462900	H@3 0.592500	H@5 0.639500	H@10 0.688000	H@20 0.726400	H@50 0.771800	H@100 0.800700
INFO:kbc-cli.py:Epoch 24/100	test results	MRR 0.535876	H@1 0.458500	H@3 0.581600	H@5 0.630100	H@10 0.680900	H@20 0.722200	H@50 0.765900	H@100 0.798200
INFO:kbc-cli.py:Epoch 25/100	Loss 8.7674 ± 0.3375
INFO:kbc-cli.py:Epoch 26/100	Loss 8.7542 ± 0.3400
INFO:kbc-cli.py:Epoch 27/100	Loss 8.7417 ± 0.3406
INFO:kbc-cli.py:Epoch 27/100	dev results	MRR 0.545673	H@1 0.466300	H@3 0.595600	H@5 0.639300	H@10 0.687800	H@20 0.727500	H@50 0.772100	H@100 0.800700
INFO:kbc-cli.py:Epoch 27/100	test results	MRR 0.538221	H@1 0.460400	H@3 0.583700	H@5 0.628800	H@10 0.682300	H@20 0.721000	H@50 0.766000	H@100 0.797600
INFO:kbc-cli.py:Epoch 28/100	Loss 8.7299 ± 0.3399
INFO:kbc-cli.py:Epoch 29/100	Loss 8.7187 ± 0.3349
INFO:kbc-cli.py:Epoch 30/100	Loss 8.7080 ± 0.3369
INFO:kbc-cli.py:Epoch 30/100	dev results	MRR 0.548499	H@1 0.469900	H@3 0.594700	H@5 0.640800	H@10 0.691500	H@20 0.729700	H@50 0.773800	H@100 0.802000
INFO:kbc-cli.py:Epoch 30/100	test results	MRR 0.539745	H@1 0.460300	H@3 0.588800	H@5 0.632500	H@10 0.684400	H@20 0.722000	H@50 0.767400	H@100 0.798100
INFO:kbc-cli.py:Epoch 31/100	Loss 8.6978 ± 0.3362
INFO:kbc-cli.py:Epoch 32/100	Loss 8.6881 ± 0.3357
INFO:kbc-cli.py:Epoch 33/100	Loss 8.6787 ± 0.3331
INFO:kbc-cli.py:Epoch 33/100	dev results	MRR 0.549802	H@1 0.470800	H@3 0.601500	H@5 0.643600	H@10 0.691900	H@20 0.728700	H@50 0.773300	H@100 0.801600
INFO:kbc-cli.py:Epoch 33/100	test results	MRR 0.542863	H@1 0.465100	H@3 0.590000	H@5 0.637500	H@10 0.685800	H@20 0.723500	H@50 0.767200	H@100 0.798800
INFO:kbc-cli.py:Epoch 34/100	Loss 8.6698 ± 0.3311
INFO:kbc-cli.py:Epoch 35/100	Loss 8.6611 ± 0.3344
INFO:kbc-cli.py:Epoch 36/100	Loss 8.6530 ± 0.3348
INFO:kbc-cli.py:Epoch 36/100	dev results	MRR 0.551807	H@1 0.474600	H@3 0.600100	H@5 0.643100	H@10 0.691000	H@20 0.729300	H@50 0.773800	H@100 0.800800
INFO:kbc-cli.py:Epoch 36/100	test results	MRR 0.543166	H@1 0.464300	H@3 0.592400	H@5 0.638600	H@10 0.687000	H@20 0.723300	H@50 0.767500	H@100 0.799100
INFO:kbc-cli.py:Epoch 37/100	Loss 8.6450 ± 0.3327
INFO:kbc-cli.py:Epoch 38/100	Loss 8.6374 ± 0.3337
INFO:kbc-cli.py:Epoch 39/100	Loss 8.6301 ± 0.3294
INFO:kbc-cli.py:Epoch 39/100	dev results	MRR 0.553531	H@1 0.475500	H@3 0.605600	H@5 0.645100	H@10 0.692200	H@20 0.730300	H@50 0.773600	H@100 0.801300
INFO:kbc-cli.py:Epoch 39/100	test results	MRR 0.545032	H@1 0.467100	H@3 0.592700	H@5 0.639400	H@10 0.687400	H@20 0.724400	H@50 0.767000	H@100 0.799600
INFO:kbc-cli.py:Epoch 40/100	Loss 8.6229 ± 0.3314
INFO:kbc-cli.py:Epoch 41/100	Loss 8.6160 ± 0.3328
INFO:kbc-cli.py:Epoch 42/100	Loss 8.6094 ± 0.3290
INFO:kbc-cli.py:Epoch 42/100	dev results	MRR 0.554329	H@1 0.476900	H@3 0.603300	H@5 0.644000	H@10 0.693100	H@20 0.730900	H@50 0.773500	H@100 0.802100
INFO:kbc-cli.py:Epoch 42/100	test results	MRR 0.545602	H@1 0.466900	H@3 0.596500	H@5 0.639600	H@10 0.687200	H@20 0.724600	H@50 0.767000	H@100 0.800300
INFO:kbc-cli.py:Epoch 43/100	Loss 8.6029 ± 0.3323
INFO:kbc-cli.py:Epoch 44/100	Loss 8.5968 ± 0.3311
INFO:kbc-cli.py:Epoch 45/100	Loss 8.5907 ± 0.3311
INFO:kbc-cli.py:Epoch 45/100	dev results	MRR 0.555758	H@1 0.478600	H@3 0.606100	H@5 0.645300	H@10 0.692800	H@20 0.730700	H@50 0.773500	H@100 0.802500
INFO:kbc-cli.py:Epoch 45/100	test results	MRR 0.547075	H@1 0.468700	H@3 0.596700	H@5 0.641100	H@10 0.689300	H@20 0.724900	H@50 0.768600	H@100 0.800300
INFO:kbc-cli.py:Epoch 46/100	Loss 8.5849 ± 0.3292
INFO:kbc-cli.py:Epoch 47/100	Loss 8.5791 ± 0.3300
INFO:kbc-cli.py:Epoch 48/100	Loss 8.5736 ± 0.3262
INFO:kbc-cli.py:Epoch 48/100	dev results	MRR 0.553943	H@1 0.475800	H@3 0.603100	H@5 0.644200	H@10 0.694000	H@20 0.731400	H@50 0.772900	H@100 0.801600
INFO:kbc-cli.py:Epoch 48/100	test results	MRR 0.547498	H@1 0.468900	H@3 0.596200	H@5 0.641400	H@10 0.689000	H@20 0.725100	H@50 0.767900	H@100 0.800700
INFO:kbc-cli.py:Epoch 49/100	Loss 8.5683 ± 0.3293
INFO:kbc-cli.py:Epoch 50/100	Loss 8.5630 ± 0.3300
INFO:kbc-cli.py:Epoch 51/100	Loss 8.5580 ± 0.3291
INFO:kbc-cli.py:Epoch 51/100	dev results	MRR 0.556294	H@1 0.479700	H@3 0.604200	H@5 0.646100	H@10 0.694000	H@20 0.731800	H@50 0.774200	H@100 0.802200
INFO:kbc-cli.py:Epoch 51/100	test results	MRR 0.549835	H@1 0.473300	H@3 0.598300	H@5 0.640800	H@10 0.689600	H@20 0.724700	H@50 0.768500	H@100 0.801100
INFO:kbc-cli.py:Epoch 52/100	Loss 8.5530 ± 0.3323
INFO:kbc-cli.py:Epoch 53/100	Loss 8.5482 ± 0.3262
INFO:kbc-cli.py:Epoch 54/100	Loss 8.5434 ± 0.3290
INFO:kbc-cli.py:Epoch 54/100	dev results	MRR 0.557386	H@1 0.481000	H@3 0.604600	H@5 0.646300	H@10 0.694400	H@20 0.732600	H@50 0.773500	H@100 0.802700
INFO:kbc-cli.py:Epoch 54/100	test results	MRR 0.550725	H@1 0.473300	H@3 0.600800	H@5 0.642600	H@10 0.689500	H@20 0.726300	H@50 0.769700	H@100 0.801100
INFO:kbc-cli.py:Epoch 55/100	Loss 8.5388 ± 0.3265
INFO:kbc-cli.py:Epoch 56/100	Loss 8.5344 ± 0.3266
INFO:kbc-cli.py:Epoch 57/100	Loss 8.5300 ± 0.3264
INFO:kbc-cli.py:Epoch 57/100	dev results	MRR 0.556730	H@1 0.480000	H@3 0.605300	H@5 0.646700	H@10 0.693700	H@20 0.731600	H@50 0.773200	H@100 0.802800
INFO:kbc-cli.py:Epoch 57/100	test results	MRR 0.551086	H@1 0.473400	H@3 0.601700	H@5 0.642200	H@10 0.689200	H@20 0.726200	H@50 0.769200	H@100 0.801000
INFO:kbc-cli.py:Epoch 58/100	Loss 8.5257 ± 0.3263
INFO:kbc-cli.py:Epoch 59/100	Loss 8.5215 ± 0.3262
INFO:kbc-cli.py:Epoch 60/100	Loss 8.5174 ± 0.3276
INFO:kbc-cli.py:Epoch 60/100	dev results	MRR 0.557485	H@1 0.481400	H@3 0.605500	H@5 0.645900	H@10 0.694700	H@20 0.732700	H@50 0.773400	H@100 0.802600
INFO:kbc-cli.py:Epoch 60/100	test results	MRR 0.552095	H@1 0.475700	H@3 0.602000	H@5 0.644800	H@10 0.690600	H@20 0.727000	H@50 0.769500	H@100 0.801100
INFO:kbc-cli.py:Epoch 61/100	Loss 8.5133 ± 0.3271
INFO:kbc-cli.py:Epoch 62/100	Loss 8.5095 ± 0.3300
INFO:kbc-cli.py:Epoch 63/100	Loss 8.5056 ± 0.3264
INFO:kbc-cli.py:Epoch 63/100	dev results	MRR 0.558570	H@1 0.483200	H@3 0.604100	H@5 0.645700	H@10 0.694600	H@20 0.733200	H@50 0.773300	H@100 0.802800
INFO:kbc-cli.py:Epoch 63/100	test results	MRR 0.552977	H@1 0.476500	H@3 0.601200	H@5 0.642600	H@10 0.690700	H@20 0.726100	H@50 0.769900	H@100 0.801500
INFO:kbc-cli.py:Epoch 64/100	Loss 8.5019 ± 0.3232
INFO:kbc-cli.py:Epoch 65/100	Loss 8.4982 ± 0.3230
INFO:kbc-cli.py:Epoch 66/100	Loss 8.4946 ± 0.3247
INFO:kbc-cli.py:Epoch 66/100	dev results	MRR 0.559275	H@1 0.483800	H@3 0.605800	H@5 0.646400	H@10 0.694700	H@20 0.732500	H@50 0.773500	H@100 0.802700
INFO:kbc-cli.py:Epoch 66/100	test results	MRR 0.552842	H@1 0.477300	H@3 0.600700	H@5 0.643700	H@10 0.691000	H@20 0.726900	H@50 0.769900	H@100 0.802000
INFO:kbc-cli.py:Epoch 67/100	Loss 8.4910 ± 0.3266
INFO:kbc-cli.py:Epoch 68/100	Loss 8.4876 ± 0.3268
INFO:kbc-cli.py:Epoch 69/100	Loss 8.4843 ± 0.3285
INFO:kbc-cli.py:Epoch 69/100	dev results	MRR 0.560790	H@1 0.486500	H@3 0.606600	H@5 0.646100	H@10 0.694800	H@20 0.732700	H@50 0.773300	H@100 0.802200
INFO:kbc-cli.py:Epoch 69/100	test results	MRR 0.553947	H@1 0.477500	H@3 0.601800	H@5 0.644800	H@10 0.691300	H@20 0.726900	H@50 0.770800	H@100 0.801500
INFO:kbc-cli.py:Epoch 70/100	Loss 8.4809 ± 0.3262
INFO:kbc-cli.py:Epoch 71/100	Loss 8.4776 ± 0.3255
INFO:kbc-cli.py:Epoch 72/100	Loss 8.4744 ± 0.3258
INFO:kbc-cli.py:Epoch 72/100	dev results	MRR 0.561683	H@1 0.488200	H@3 0.607000	H@5 0.646000	H@10 0.694800	H@20 0.733300	H@50 0.773100	H@100 0.802600
INFO:kbc-cli.py:Epoch 72/100	test results	MRR 0.554908	H@1 0.479200	H@3 0.602900	H@5 0.646100	H@10 0.691100	H@20 0.727100	H@50 0.771100	H@100 0.802400
INFO:kbc-cli.py:Epoch 73/100	Loss 8.4713 ± 0.3273
INFO:kbc-cli.py:Epoch 74/100	Loss 8.4682 ± 0.3250
INFO:kbc-cli.py:Epoch 75/100	Loss 8.4651 ± 0.3249
INFO:kbc-cli.py:Epoch 75/100	dev results	MRR 0.560550	H@1 0.486100	H@3 0.605200	H@5 0.647700	H@10 0.694700	H@20 0.733000	H@50 0.773500	H@100 0.802100
INFO:kbc-cli.py:Epoch 75/100	test results	MRR 0.554478	H@1 0.479000	H@3 0.602000	H@5 0.644100	H@10 0.691900	H@20 0.727200	H@50 0.771300	H@100 0.802300
INFO:kbc-cli.py:Epoch 76/100	Loss 8.4621 ± 0.3234
INFO:kbc-cli.py:Epoch 77/100	Loss 8.4592 ± 0.3259
INFO:kbc-cli.py:Epoch 78/100	Loss 8.4563 ± 0.3263
INFO:kbc-cli.py:Epoch 78/100	dev results	MRR 0.560872	H@1 0.486300	H@3 0.607600	H@5 0.646300	H@10 0.694200	H@20 0.733400	H@50 0.773400	H@100 0.802400
INFO:kbc-cli.py:Epoch 78/100	test results	MRR 0.555749	H@1 0.480700	H@3 0.603600	H@5 0.644800	H@10 0.690700	H@20 0.725900	H@50 0.771400	H@100 0.801400
INFO:kbc-cli.py:Epoch 79/100	Loss 8.4534 ± 0.3232
INFO:kbc-cli.py:Epoch 80/100	Loss 8.4507 ± 0.3223
INFO:kbc-cli.py:Epoch 81/100	Loss 8.4479 ± 0.3253
INFO:kbc-cli.py:Epoch 81/100	dev results	MRR 0.560262	H@1 0.484900	H@3 0.608400	H@5 0.646600	H@10 0.694200	H@20 0.732800	H@50 0.773100	H@100 0.802600
INFO:kbc-cli.py:Epoch 81/100	test results	MRR 0.556392	H@1 0.481300	H@3 0.604300	H@5 0.644200	H@10 0.691700	H@20 0.726600	H@50 0.772100	H@100 0.802400
INFO:kbc-cli.py:Epoch 82/100	Loss 8.4452 ± 0.3228
INFO:kbc-cli.py:Epoch 83/100	Loss 8.4425 ± 0.3252
INFO:kbc-cli.py:Epoch 84/100	Loss 8.4399 ± 0.3219
INFO:kbc-cli.py:Epoch 84/100	dev results	MRR 0.560914	H@1 0.486600	H@3 0.607400	H@5 0.647000	H@10 0.694600	H@20 0.732500	H@50 0.772900	H@100 0.802100
INFO:kbc-cli.py:Epoch 84/100	test results	MRR 0.556161	H@1 0.480800	H@3 0.603100	H@5 0.645100	H@10 0.692000	H@20 0.726900	H@50 0.771800	H@100 0.801700
INFO:kbc-cli.py:Epoch 85/100	Loss 8.4373 ± 0.3209
INFO:kbc-cli.py:Epoch 86/100	Loss 8.4348 ± 0.3216
INFO:kbc-cli.py:Epoch 87/100	Loss 8.4323 ± 0.3239
INFO:kbc-cli.py:Epoch 87/100	dev results	MRR 0.560380	H@1 0.485800	H@3 0.607600	H@5 0.648400	H@10 0.694800	H@20 0.732500	H@50 0.773400	H@100 0.802500
INFO:kbc-cli.py:Epoch 87/100	test results	MRR 0.556615	H@1 0.481500	H@3 0.603500	H@5 0.645800	H@10 0.692500	H@20 0.726900	H@50 0.771600	H@100 0.802300
INFO:kbc-cli.py:Epoch 88/100	Loss 8.4298 ± 0.3250
INFO:kbc-cli.py:Epoch 89/100	Loss 8.4273 ± 0.3239
INFO:kbc-cli.py:Epoch 90/100	Loss 8.4250 ± 0.3257
INFO:kbc-cli.py:Epoch 90/100	dev results	MRR 0.561954	H@1 0.488100	H@3 0.608300	H@5 0.646800	H@10 0.694400	H@20 0.732900	H@50 0.773700	H@100 0.803000
INFO:kbc-cli.py:Epoch 90/100	test results	MRR 0.556519	H@1 0.481000	H@3 0.604300	H@5 0.647000	H@10 0.691900	H@20 0.726700	H@50 0.772000	H@100 0.802800
INFO:kbc-cli.py:Epoch 91/100	Loss 8.4226 ± 0.3235
INFO:kbc-cli.py:Epoch 92/100	Loss 8.4203 ± 0.3242
INFO:kbc-cli.py:Epoch 93/100	Loss 8.4180 ± 0.3255
INFO:kbc-cli.py:Epoch 93/100	dev results	MRR 0.561658	H@1 0.488400	H@3 0.606900	H@5 0.647700	H@10 0.694800	H@20 0.732400	H@50 0.774000	H@100 0.802800
INFO:kbc-cli.py:Epoch 93/100	test results	MRR 0.556432	H@1 0.480400	H@3 0.605200	H@5 0.646500	H@10 0.691900	H@20 0.727100	H@50 0.771100	H@100 0.803200
INFO:kbc-cli.py:Epoch 94/100	Loss 8.4157 ± 0.3212
INFO:kbc-cli.py:Epoch 95/100	Loss 8.4135 ± 0.3262
INFO:kbc-cli.py:Epoch 96/100	Loss 8.4113 ± 0.3221
INFO:kbc-cli.py:Epoch 96/100	dev results	MRR 0.562358	H@1 0.489400	H@3 0.607200	H@5 0.647500	H@10 0.695300	H@20 0.732500	H@50 0.773900	H@100 0.802500
INFO:kbc-cli.py:Epoch 96/100	test results	MRR 0.557966	H@1 0.483700	H@3 0.604600	H@5 0.646400	H@10 0.691800	H@20 0.726700	H@50 0.771400	H@100 0.802400
INFO:kbc-cli.py:Epoch 97/100	Loss 8.4091 ± 0.3250
INFO:kbc-cli.py:Epoch 98/100	Loss 8.4070 ± 0.3223
INFO:kbc-cli.py:Epoch 99/100	Loss 8.4049 ± 0.3243
INFO:kbc-cli.py:Epoch 99/100	dev results	MRR 0.562520	H@1 0.489700	H@3 0.607700	H@5 0.648000	H@10 0.694700	H@20 0.731900	H@50 0.773600	H@100 0.803000
INFO:kbc-cli.py:Epoch 99/100	test results	MRR 0.559367	H@1 0.485600	H@3 0.605400	H@5 0.647500	H@10 0.692500	H@20 0.726200	H@50 0.771900	H@100 0.803300
INFO:kbc-cli.py:Epoch 100/100	Loss 8.4028 ± 0.3238
INFO:kbc-cli.py:Final 	dev results	MRR 0.561749	H@1 0.488100	H@3 0.608000	H@5 0.648800	H@10 0.694500	H@20 0.732900	H@50 0.773800	H@100 0.802800
INFO:kbc-cli.py:Final 	test results	MRR 0.559463	H@1 0.485700	H@3 0.604000	H@5 0.646800	H@10 0.692900	H@20 0.726800	H@50 0.771600	H@100 0.803400
INFO:kbc-cli.py:Training finished
