./bin/kbc-cli.py --train data/yago3-10/train.tsv --dev data/yago3-10/dev.tsv --test data/yago3-10/test.tsv -m complex -k 500 -b 100 -e 100 --F2 0.001 --N3 0 -l 0.1 -I standard -V 3 -o adagrad -c spo -q
{'F2': 0.001,
 'N3': 0.0,
 'batch_size': 100,
 'corruption': 'spo',
 'dev': 'data/yago3-10/dev.tsv',
 'embedding_size': 500,
 'epochs': 100,
 'eval_batch_size': None,
 'input_type': 'standard',
 'learning_rate': 0.1,
 'load': None,
 'model': 'complex',
 'optimizer': 'adagrad',
 'quiet': True,
 'save': None,
 'seed': 0,
 'test': 'data/yago3-10/test.tsv',
 'test_i': None,
 'test_ii': None,
 'train': 'data/yago3-10/train.tsv',
 'validate_every': 3}
INFO:kbc-cli.py:Device: cuda
INFO:kbc-cli.py:Model state:
INFO:kbc-cli.py:	entities.weight	torch.Size([123182, 1000])
INFO:kbc-cli.py:	predicates.weight	torch.Size([37, 1000])
INFO:kbc-cli.py:Epoch 1/100	Loss 17.0251 ± 2.8211
INFO:kbc-cli.py:Epoch 2/100	Loss 10.1069 ± 0.3056
INFO:kbc-cli.py:Epoch 3/100	Loss 8.8808 ± 0.3657
INFO:kbc-cli.py:Epoch 3/100	dev results	MRR 0.448036	H@1 0.358500	H@3 0.489300	H@5 0.550500	H@10 0.620700	H@20 0.694300	H@50 0.762200	H@100 0.800400
INFO:kbc-cli.py:Epoch 3/100	test results	MRR 0.448638	H@1 0.362000	H@3 0.488300	H@5 0.542800	H@10 0.618600	H@20 0.687200	H@50 0.758500	H@100 0.795200
INFO:kbc-cli.py:Epoch 4/100	Loss 8.4716 ± 0.3712
INFO:kbc-cli.py:Epoch 5/100	Loss 8.2452 ± 0.3684
INFO:kbc-cli.py:Epoch 6/100	Loss 8.0967 ± 0.3594
INFO:kbc-cli.py:Epoch 6/100	dev results	MRR 0.496743	H@1 0.413700	H@3 0.535800	H@5 0.591200	H@10 0.659500	H@20 0.716900	H@50 0.780000	H@100 0.811400
INFO:kbc-cli.py:Epoch 6/100	test results	MRR 0.489431	H@1 0.403800	H@3 0.533400	H@5 0.586500	H@10 0.653300	H@20 0.716300	H@50 0.774500	H@100 0.806900
INFO:kbc-cli.py:Epoch 7/100	Loss 7.9883 ± 0.3556
INFO:kbc-cli.py:Epoch 8/100	Loss 7.9048 ± 0.3507
INFO:kbc-cli.py:Epoch 9/100	Loss 7.8382 ± 0.3463
INFO:kbc-cli.py:Epoch 9/100	dev results	MRR 0.521360	H@1 0.436100	H@3 0.569500	H@5 0.622200	H@10 0.682700	H@20 0.729100	H@50 0.782900	H@100 0.815900
INFO:kbc-cli.py:Epoch 9/100	test results	MRR 0.512228	H@1 0.426800	H@3 0.559100	H@5 0.612200	H@10 0.671900	H@20 0.727300	H@50 0.779000	H@100 0.812300
INFO:kbc-cli.py:Epoch 10/100	Loss 7.7824 ± 0.3433
INFO:kbc-cli.py:Epoch 11/100	Loss 7.7356 ± 0.3352
INFO:kbc-cli.py:Epoch 12/100	Loss 7.6957 ± 0.3284
INFO:kbc-cli.py:Epoch 12/100	dev results	MRR 0.535848	H@1 0.451700	H@3 0.586500	H@5 0.634700	H@10 0.690400	H@20 0.733100	H@50 0.784900	H@100 0.817800
INFO:kbc-cli.py:Epoch 12/100	test results	MRR 0.533964	H@1 0.452200	H@3 0.582100	H@5 0.629700	H@10 0.685500	H@20 0.731400	H@50 0.779900	H@100 0.813300
INFO:kbc-cli.py:Epoch 13/100	Loss 7.6606 ± 0.3309
INFO:kbc-cli.py:Epoch 14/100	Loss 7.6293 ± 0.3263
INFO:kbc-cli.py:Epoch 15/100	Loss 7.6017 ± 0.3227
INFO:kbc-cli.py:Epoch 15/100	dev results	MRR 0.547859	H@1 0.466500	H@3 0.596300	H@5 0.643700	H@10 0.698300	H@20 0.736900	H@50 0.786900	H@100 0.818400
INFO:kbc-cli.py:Epoch 15/100	test results	MRR 0.542047	H@1 0.460900	H@3 0.590400	H@5 0.637200	H@10 0.692600	H@20 0.732400	H@50 0.781400	H@100 0.815200
INFO:kbc-cli.py:Epoch 16/100	Loss 7.5769 ± 0.3225
INFO:kbc-cli.py:Epoch 17/100	Loss 7.5543 ± 0.3156
INFO:kbc-cli.py:Epoch 18/100	Loss 7.5337 ± 0.3140
INFO:kbc-cli.py:Epoch 18/100	dev results	MRR 0.552851	H@1 0.473000	H@3 0.600800	H@5 0.648900	H@10 0.697700	H@20 0.736700	H@50 0.788500	H@100 0.818500
INFO:kbc-cli.py:Epoch 18/100	test results	MRR 0.546147	H@1 0.465800	H@3 0.593800	H@5 0.642500	H@10 0.693100	H@20 0.734500	H@50 0.782100	H@100 0.815300
INFO:kbc-cli.py:Epoch 19/100	Loss 7.5147 ± 0.3153
INFO:kbc-cli.py:Epoch 20/100	Loss 7.4973 ± 0.3135
INFO:kbc-cli.py:Epoch 21/100	Loss 7.4810 ± 0.3085
INFO:kbc-cli.py:Epoch 21/100	dev results	MRR 0.555892	H@1 0.475800	H@3 0.604400	H@5 0.650400	H@10 0.701000	H@20 0.740300	H@50 0.788100	H@100 0.819400
INFO:kbc-cli.py:Epoch 21/100	test results	MRR 0.550461	H@1 0.470100	H@3 0.599600	H@5 0.645300	H@10 0.693400	H@20 0.735100	H@50 0.782900	H@100 0.816900
INFO:kbc-cli.py:Epoch 22/100	Loss 7.4660 ± 0.3111
INFO:kbc-cli.py:Epoch 23/100	Loss 7.4520 ± 0.3072
INFO:kbc-cli.py:Epoch 24/100	Loss 7.4387 ± 0.3061
INFO:kbc-cli.py:Epoch 24/100	dev results	MRR 0.560776	H@1 0.482400	H@3 0.611200	H@5 0.652200	H@10 0.699800	H@20 0.741200	H@50 0.787900	H@100 0.819400
INFO:kbc-cli.py:Epoch 24/100	test results	MRR 0.552874	H@1 0.472100	H@3 0.604900	H@5 0.647300	H@10 0.693900	H@20 0.737900	H@50 0.784500	H@100 0.817300
INFO:kbc-cli.py:Epoch 25/100	Loss 7.4262 ± 0.3006
INFO:kbc-cli.py:Epoch 26/100	Loss 7.4146 ± 0.3004
INFO:kbc-cli.py:Epoch 27/100	Loss 7.4034 ± 0.3046
INFO:kbc-cli.py:Epoch 27/100	dev results	MRR 0.561441	H@1 0.483900	H@3 0.608000	H@5 0.653000	H@10 0.700900	H@20 0.740700	H@50 0.788100	H@100 0.820000
INFO:kbc-cli.py:Epoch 27/100	test results	MRR 0.557861	H@1 0.480300	H@3 0.604900	H@5 0.649500	H@10 0.697600	H@20 0.737800	H@50 0.784000	H@100 0.818200
INFO:kbc-cli.py:Epoch 28/100	Loss 7.3930 ± 0.3012
INFO:kbc-cli.py:Epoch 29/100	Loss 7.3830 ± 0.2959
INFO:kbc-cli.py:Epoch 30/100	Loss 7.3736 ± 0.2981
INFO:kbc-cli.py:Epoch 30/100	dev results	MRR 0.563350	H@1 0.486400	H@3 0.608900	H@5 0.652800	H@10 0.701700	H@20 0.742700	H@50 0.789000	H@100 0.820600
INFO:kbc-cli.py:Epoch 30/100	test results	MRR 0.557627	H@1 0.479400	H@3 0.607200	H@5 0.650800	H@10 0.696500	H@20 0.737500	H@50 0.784700	H@100 0.818600
INFO:kbc-cli.py:Epoch 31/100	Loss 7.3645 ± 0.2981
INFO:kbc-cli.py:Epoch 32/100	Loss 7.3559 ± 0.2942
INFO:kbc-cli.py:Epoch 33/100	Loss 7.3476 ± 0.2925
INFO:kbc-cli.py:Epoch 33/100	dev results	MRR 0.564623	H@1 0.488100	H@3 0.611800	H@5 0.655500	H@10 0.703700	H@20 0.741900	H@50 0.789200	H@100 0.821100
INFO:kbc-cli.py:Epoch 33/100	test results	MRR 0.559082	H@1 0.481200	H@3 0.608700	H@5 0.651800	H@10 0.697300	H@20 0.737300	H@50 0.784500	H@100 0.818500
INFO:kbc-cli.py:Epoch 34/100	Loss 7.3397 ± 0.2899
INFO:kbc-cli.py:Epoch 35/100	Loss 7.3322 ± 0.2909
INFO:kbc-cli.py:Epoch 36/100	Loss 7.3251 ± 0.2929
INFO:kbc-cli.py:Epoch 36/100	dev results	MRR 0.566443	H@1 0.491900	H@3 0.609900	H@5 0.654600	H@10 0.702100	H@20 0.741500	H@50 0.790100	H@100 0.821700
INFO:kbc-cli.py:Epoch 36/100	test results	MRR 0.559935	H@1 0.481500	H@3 0.609800	H@5 0.653200	H@10 0.698700	H@20 0.737900	H@50 0.785500	H@100 0.819400
INFO:kbc-cli.py:Epoch 37/100	Loss 7.3180 ± 0.2899
INFO:kbc-cli.py:Epoch 38/100	Loss 7.3114 ± 0.2899
INFO:kbc-cli.py:Epoch 39/100	Loss 7.3050 ± 0.2847
INFO:kbc-cli.py:Epoch 39/100	dev results	MRR 0.567189	H@1 0.491000	H@3 0.612900	H@5 0.656800	H@10 0.704800	H@20 0.742700	H@50 0.790200	H@100 0.821400
INFO:kbc-cli.py:Epoch 39/100	test results	MRR 0.559716	H@1 0.480700	H@3 0.609700	H@5 0.652800	H@10 0.700000	H@20 0.738900	H@50 0.785500	H@100 0.819700
INFO:kbc-cli.py:Epoch 40/100	Loss 7.2987 ± 0.2880
INFO:kbc-cli.py:Epoch 41/100	Loss 7.2928 ± 0.2880
INFO:kbc-cli.py:Epoch 42/100	Loss 7.2871 ± 0.2840
INFO:kbc-cli.py:Epoch 42/100	dev results	MRR 0.567644	H@1 0.492800	H@3 0.613500	H@5 0.655700	H@10 0.704100	H@20 0.742300	H@50 0.789800	H@100 0.821800
INFO:kbc-cli.py:Epoch 42/100	test results	MRR 0.563170	H@1 0.486200	H@3 0.610800	H@5 0.654100	H@10 0.700400	H@20 0.738800	H@50 0.786700	H@100 0.820000
INFO:kbc-cli.py:Epoch 43/100	Loss 7.2814 ± 0.2873
INFO:kbc-cli.py:Epoch 44/100	Loss 7.2762 ± 0.2846
INFO:kbc-cli.py:Epoch 45/100	Loss 7.2710 ± 0.2831
INFO:kbc-cli.py:Epoch 45/100	dev results	MRR 0.569691	H@1 0.496000	H@3 0.613600	H@5 0.655800	H@10 0.703200	H@20 0.743100	H@50 0.789500	H@100 0.821900
INFO:kbc-cli.py:Epoch 45/100	test results	MRR 0.562493	H@1 0.484500	H@3 0.613200	H@5 0.653600	H@10 0.699500	H@20 0.739700	H@50 0.787300	H@100 0.821000
INFO:kbc-cli.py:Epoch 46/100	Loss 7.2660 ± 0.2818
INFO:kbc-cli.py:Epoch 47/100	Loss 7.2610 ± 0.2817
INFO:kbc-cli.py:Epoch 48/100	Loss 7.2564 ± 0.2821
INFO:kbc-cli.py:Epoch 48/100	dev results	MRR 0.569153	H@1 0.494900	H@3 0.613500	H@5 0.655400	H@10 0.702700	H@20 0.742900	H@50 0.789900	H@100 0.822700
INFO:kbc-cli.py:Epoch 48/100	test results	MRR 0.562616	H@1 0.484800	H@3 0.612400	H@5 0.654500	H@10 0.698800	H@20 0.740500	H@50 0.786800	H@100 0.820400
INFO:kbc-cli.py:Epoch 49/100	Loss 7.2519 ± 0.2813
INFO:kbc-cli.py:Epoch 50/100	Loss 7.2474 ± 0.2803
INFO:kbc-cli.py:Epoch 51/100	Loss 7.2432 ± 0.2788
INFO:kbc-cli.py:Epoch 51/100	dev results	MRR 0.570298	H@1 0.496200	H@3 0.614800	H@5 0.656900	H@10 0.702800	H@20 0.744800	H@50 0.790300	H@100 0.822600
INFO:kbc-cli.py:Epoch 51/100	test results	MRR 0.563125	H@1 0.485700	H@3 0.612600	H@5 0.655100	H@10 0.701600	H@20 0.740900	H@50 0.786800	H@100 0.820600
INFO:kbc-cli.py:Epoch 52/100	Loss 7.2390 ± 0.2814
INFO:kbc-cli.py:Epoch 53/100	Loss 7.2350 ± 0.2745
INFO:kbc-cli.py:Epoch 54/100	Loss 7.2310 ± 0.2776
INFO:kbc-cli.py:Epoch 54/100	dev results	MRR 0.570729	H@1 0.497500	H@3 0.613000	H@5 0.656800	H@10 0.702400	H@20 0.744200	H@50 0.789600	H@100 0.822300
INFO:kbc-cli.py:Epoch 54/100	test results	MRR 0.564016	H@1 0.486900	H@3 0.612600	H@5 0.653600	H@10 0.700800	H@20 0.740800	H@50 0.786700	H@100 0.819900
INFO:kbc-cli.py:Epoch 55/100	Loss 7.2272 ± 0.2754
INFO:kbc-cli.py:Epoch 56/100	Loss 7.2235 ± 0.2733
INFO:kbc-cli.py:Epoch 57/100	Loss 7.2199 ± 0.2750
INFO:kbc-cli.py:Epoch 57/100	dev results	MRR 0.569170	H@1 0.494700	H@3 0.613500	H@5 0.655000	H@10 0.703100	H@20 0.743800	H@50 0.790500	H@100 0.823000
INFO:kbc-cli.py:Epoch 57/100	test results	MRR 0.563942	H@1 0.486200	H@3 0.613700	H@5 0.655600	H@10 0.700300	H@20 0.739800	H@50 0.788000	H@100 0.820700
INFO:kbc-cli.py:Epoch 58/100	Loss 7.2163 ± 0.2743
INFO:kbc-cli.py:Epoch 59/100	Loss 7.2128 ± 0.2750
INFO:kbc-cli.py:Epoch 60/100	Loss 7.2096 ± 0.2757
INFO:kbc-cli.py:Epoch 60/100	dev results	MRR 0.571037	H@1 0.497100	H@3 0.615300	H@5 0.657100	H@10 0.703100	H@20 0.742900	H@50 0.790700	H@100 0.823300
INFO:kbc-cli.py:Epoch 60/100	test results	MRR 0.564521	H@1 0.487600	H@3 0.612500	H@5 0.657100	H@10 0.701600	H@20 0.740600	H@50 0.788200	H@100 0.820000
INFO:kbc-cli.py:Epoch 61/100	Loss 7.2062 ± 0.2738
INFO:kbc-cli.py:Epoch 62/100	Loss 7.2031 ± 0.2763
INFO:kbc-cli.py:Epoch 63/100	Loss 7.2000 ± 0.2725
INFO:kbc-cli.py:Epoch 63/100	dev results	MRR 0.570296	H@1 0.496800	H@3 0.614600	H@5 0.656800	H@10 0.703300	H@20 0.743500	H@50 0.790200	H@100 0.823300
INFO:kbc-cli.py:Epoch 63/100	test results	MRR 0.565611	H@1 0.489300	H@3 0.612800	H@5 0.654100	H@10 0.700500	H@20 0.741600	H@50 0.788400	H@100 0.820000
INFO:kbc-cli.py:Epoch 64/100	Loss 7.1970 ± 0.2681
INFO:kbc-cli.py:Epoch 65/100	Loss 7.1941 ± 0.2688
INFO:kbc-cli.py:Epoch 66/100	Loss 7.1911 ± 0.2705
INFO:kbc-cli.py:Epoch 66/100	dev results	MRR 0.571746	H@1 0.499200	H@3 0.614800	H@5 0.657700	H@10 0.703500	H@20 0.743400	H@50 0.790100	H@100 0.823500
INFO:kbc-cli.py:Epoch 66/100	test results	MRR 0.565179	H@1 0.487800	H@3 0.613400	H@5 0.655500	H@10 0.700100	H@20 0.741100	H@50 0.787900	H@100 0.821000
INFO:kbc-cli.py:Epoch 67/100	Loss 7.1883 ± 0.2718
INFO:kbc-cli.py:Epoch 68/100	Loss 7.1856 ± 0.2724
INFO:kbc-cli.py:Epoch 69/100	Loss 7.1830 ± 0.2745
INFO:kbc-cli.py:Epoch 69/100	dev results	MRR 0.571134	H@1 0.498600	H@3 0.613500	H@5 0.656200	H@10 0.704400	H@20 0.743600	H@50 0.790200	H@100 0.823800
INFO:kbc-cli.py:Epoch 69/100	test results	MRR 0.566243	H@1 0.489700	H@3 0.613500	H@5 0.656100	H@10 0.701600	H@20 0.741800	H@50 0.787800	H@100 0.821000
INFO:kbc-cli.py:Epoch 70/100	Loss 7.1802 ± 0.2704
INFO:kbc-cli.py:Epoch 71/100	Loss 7.1777 ± 0.2691
INFO:kbc-cli.py:Epoch 72/100	Loss 7.1752 ± 0.2681
INFO:kbc-cli.py:Epoch 72/100	dev results	MRR 0.572404	H@1 0.500700	H@3 0.614000	H@5 0.656700	H@10 0.703300	H@20 0.742500	H@50 0.791000	H@100 0.823700
INFO:kbc-cli.py:Epoch 72/100	test results	MRR 0.566156	H@1 0.489800	H@3 0.613900	H@5 0.657000	H@10 0.701600	H@20 0.741800	H@50 0.788300	H@100 0.820600
INFO:kbc-cli.py:Epoch 73/100	Loss 7.1727 ± 0.2711
INFO:kbc-cli.py:Epoch 74/100	Loss 7.1704 ± 0.2676
INFO:kbc-cli.py:Epoch 75/100	Loss 7.1679 ± 0.2707
INFO:kbc-cli.py:Epoch 75/100	dev results	MRR 0.572756	H@1 0.500200	H@3 0.616100	H@5 0.656800	H@10 0.703900	H@20 0.743900	H@50 0.789700	H@100 0.823700
INFO:kbc-cli.py:Epoch 75/100	test results	MRR 0.566896	H@1 0.491000	H@3 0.614900	H@5 0.655000	H@10 0.700400	H@20 0.742200	H@50 0.789000	H@100 0.821000
INFO:kbc-cli.py:Epoch 76/100	Loss 7.1656 ± 0.2687
INFO:kbc-cli.py:Epoch 77/100	Loss 7.1634 ± 0.2690
INFO:kbc-cli.py:Epoch 78/100	Loss 7.1611 ± 0.2705
INFO:kbc-cli.py:Epoch 78/100	dev results	MRR 0.572550	H@1 0.500500	H@3 0.612800	H@5 0.656700	H@10 0.703800	H@20 0.745000	H@50 0.790600	H@100 0.823700
INFO:kbc-cli.py:Epoch 78/100	test results	MRR 0.567839	H@1 0.492200	H@3 0.616000	H@5 0.654700	H@10 0.700600	H@20 0.742000	H@50 0.788000	H@100 0.821000
INFO:kbc-cli.py:Epoch 79/100	Loss 7.1589 ± 0.2648
INFO:kbc-cli.py:Epoch 80/100	Loss 7.1568 ± 0.2665
INFO:kbc-cli.py:Epoch 81/100	Loss 7.1547 ± 0.2673
INFO:kbc-cli.py:Epoch 81/100	dev results	MRR 0.573088	H@1 0.500900	H@3 0.616000	H@5 0.656600	H@10 0.703300	H@20 0.743300	H@50 0.790200	H@100 0.823400
INFO:kbc-cli.py:Epoch 81/100	test results	MRR 0.567410	H@1 0.491400	H@3 0.613400	H@5 0.655600	H@10 0.700100	H@20 0.742700	H@50 0.788500	H@100 0.820600
INFO:kbc-cli.py:Epoch 82/100	Loss 7.1526 ± 0.2664
INFO:kbc-cli.py:Epoch 83/100	Loss 7.1506 ± 0.2670
INFO:kbc-cli.py:Epoch 84/100	Loss 7.1486 ± 0.2631
INFO:kbc-cli.py:Epoch 84/100	dev results	MRR 0.573507	H@1 0.501700	H@3 0.614700	H@5 0.656800	H@10 0.703200	H@20 0.744200	H@50 0.790000	H@100 0.823900
INFO:kbc-cli.py:Epoch 84/100	test results	MRR 0.567562	H@1 0.491900	H@3 0.614400	H@5 0.655500	H@10 0.700500	H@20 0.742000	H@50 0.788500	H@100 0.820900
INFO:kbc-cli.py:Epoch 85/100	Loss 7.1466 ± 0.2631
INFO:kbc-cli.py:Epoch 86/100	Loss 7.1447 ± 0.2615
INFO:kbc-cli.py:Epoch 87/100	Loss 7.1428 ± 0.2659
INFO:kbc-cli.py:Epoch 87/100	dev results	MRR 0.572258	H@1 0.500100	H@3 0.613700	H@5 0.655800	H@10 0.703600	H@20 0.744300	H@50 0.791300	H@100 0.823400
INFO:kbc-cli.py:Epoch 87/100	test results	MRR 0.567449	H@1 0.491500	H@3 0.615300	H@5 0.655500	H@10 0.701000	H@20 0.743400	H@50 0.789100	H@100 0.821200
INFO:kbc-cli.py:Epoch 88/100	Loss 7.1410 ± 0.2662
INFO:kbc-cli.py:Epoch 89/100	Loss 7.1391 ± 0.2661
INFO:kbc-cli.py:Epoch 90/100	Loss 7.1373 ± 0.2672
INFO:kbc-cli.py:Epoch 90/100	dev results	MRR 0.573376	H@1 0.501600	H@3 0.615100	H@5 0.655800	H@10 0.703600	H@20 0.744200	H@50 0.790600	H@100 0.823400
INFO:kbc-cli.py:Epoch 90/100	test results	MRR 0.567465	H@1 0.491600	H@3 0.614800	H@5 0.655300	H@10 0.702000	H@20 0.742400	H@50 0.788400	H@100 0.821600
INFO:kbc-cli.py:Epoch 91/100	Loss 7.1357 ± 0.2645
INFO:kbc-cli.py:Epoch 92/100	Loss 7.1339 ± 0.2658
INFO:kbc-cli.py:Epoch 93/100	Loss 7.1322 ± 0.2657
INFO:kbc-cli.py:Epoch 93/100	dev results	MRR 0.573271	H@1 0.501200	H@3 0.615300	H@5 0.656600	H@10 0.704200	H@20 0.743900	H@50 0.790600	H@100 0.824100
INFO:kbc-cli.py:Epoch 93/100	test results	MRR 0.568331	H@1 0.492900	H@3 0.614900	H@5 0.655400	H@10 0.701500	H@20 0.743300	H@50 0.788600	H@100 0.821300
INFO:kbc-cli.py:Epoch 94/100	Loss 7.1305 ± 0.2623
INFO:kbc-cli.py:Epoch 95/100	Loss 7.1289 ± 0.2654
INFO:kbc-cli.py:Epoch 96/100	Loss 7.1273 ± 0.2627
INFO:kbc-cli.py:Epoch 96/100	dev results	MRR 0.573959	H@1 0.503800	H@3 0.613100	H@5 0.657100	H@10 0.702800	H@20 0.743100	H@50 0.790900	H@100 0.823800
INFO:kbc-cli.py:Epoch 96/100	test results	MRR 0.567935	H@1 0.492400	H@3 0.615300	H@5 0.656400	H@10 0.701000	H@20 0.742500	H@50 0.788900	H@100 0.821800
INFO:kbc-cli.py:Epoch 97/100	Loss 7.1257 ± 0.2627
INFO:kbc-cli.py:Epoch 98/100	Loss 7.1242 ± 0.2602
INFO:kbc-cli.py:Epoch 99/100	Loss 7.1226 ± 0.2639
INFO:kbc-cli.py:Epoch 99/100	dev results	MRR 0.573919	H@1 0.502500	H@3 0.614400	H@5 0.656600	H@10 0.703600	H@20 0.744400	H@50 0.791300	H@100 0.823400
INFO:kbc-cli.py:Epoch 99/100	test results	MRR 0.568658	H@1 0.494100	H@3 0.614700	H@5 0.656100	H@10 0.701500	H@20 0.742700	H@50 0.788600	H@100 0.822100
INFO:kbc-cli.py:Epoch 100/100	Loss 7.1211 ± 0.2637
INFO:kbc-cli.py:Final 	dev results	MRR 0.574778	H@1 0.504700	H@3 0.613300	H@5 0.657000	H@10 0.703000	H@20 0.744100	H@50 0.791400	H@100 0.823700
INFO:kbc-cli.py:Final 	test results	MRR 0.569823	H@1 0.495800	H@3 0.615600	H@5 0.654800	H@10 0.700600	H@20 0.742500	H@50 0.788300	H@100 0.821800
INFO:kbc-cli.py:Training finished
