./bin/kbc-cli.py --train data/yago3-10/train.tsv --dev data/yago3-10/dev.tsv --test data/yago3-10/test.tsv -m complex -k 100 -b 50 -e 100 --F2 0.005 --N3 0 -l 0.1 -I standard -V 3 -o adagrad -c so -q
{'F2': 0.005,
 'N3': 0.0,
 'batch_size': 50,
 'corruption': 'so',
 'dev': 'data/yago3-10/dev.tsv',
 'embedding_size': 100,
 'epochs': 100,
 'eval_batch_size': None,
 'input_type': 'standard',
 'learning_rate': 0.1,
 'load': None,
 'model': 'complex',
 'optimizer': 'adagrad',
 'quiet': True,
 'save': None,
 'seed': 0,
 'test': 'data/yago3-10/test.tsv',
 'test_i': None,
 'test_ii': None,
 'train': 'data/yago3-10/train.tsv',
 'validate_every': 3}
INFO:kbc-cli.py:Device: cuda
INFO:kbc-cli.py:Model state:
INFO:kbc-cli.py:	entities.weight	torch.Size([123182, 200])
INFO:kbc-cli.py:	predicates.weight	torch.Size([37, 200])
INFO:kbc-cli.py:Epoch 1/100	Loss 17.7563 ± 2.1166
INFO:kbc-cli.py:Epoch 2/100	Loss 12.3235 ± 0.4633
INFO:kbc-cli.py:Epoch 3/100	Loss 10.4659 ± 0.3762
INFO:kbc-cli.py:Epoch 3/100	dev results	MRR 0.356775	H@1 0.269700	H@3 0.396900	H@5 0.449600	H@10 0.521400	H@20 0.593600	H@50 0.680300	H@100 0.737500
INFO:kbc-cli.py:Epoch 3/100	test results	MRR 0.360930	H@1 0.275000	H@3 0.401200	H@5 0.454700	H@10 0.521500	H@20 0.589400	H@50 0.678100	H@100 0.737000
INFO:kbc-cli.py:Epoch 4/100	Loss 9.7067 ± 0.3761
INFO:kbc-cli.py:Epoch 5/100	Loss 9.3218 ± 0.3718
INFO:kbc-cli.py:Epoch 6/100	Loss 9.0852 ± 0.3642
INFO:kbc-cli.py:Epoch 6/100	dev results	MRR 0.465010	H@1 0.380700	H@3 0.509400	H@5 0.558900	H@10 0.620700	H@20 0.679200	H@50 0.743900	H@100 0.782700
INFO:kbc-cli.py:Epoch 6/100	test results	MRR 0.467673	H@1 0.386600	H@3 0.509200	H@5 0.557700	H@10 0.620000	H@20 0.677200	H@50 0.737200	H@100 0.780900
INFO:kbc-cli.py:Epoch 7/100	Loss 8.9202 ± 0.3590
INFO:kbc-cli.py:Epoch 8/100	Loss 8.7957 ± 0.3543
INFO:kbc-cli.py:Epoch 9/100	Loss 8.6974 ± 0.3509
INFO:kbc-cli.py:Epoch 9/100	dev results	MRR 0.502197	H@1 0.420300	H@3 0.551200	H@5 0.596400	H@10 0.651800	H@20 0.702500	H@50 0.754600	H@100 0.792600
INFO:kbc-cli.py:Epoch 9/100	test results	MRR 0.502819	H@1 0.424600	H@3 0.547000	H@5 0.593400	H@10 0.648000	H@20 0.697100	H@50 0.752300	H@100 0.789800
INFO:kbc-cli.py:Epoch 10/100	Loss 8.6167 ± 0.3492
INFO:kbc-cli.py:Epoch 11/100	Loss 8.5487 ± 0.3405
INFO:kbc-cli.py:Epoch 12/100	Loss 8.4908 ± 0.3377
INFO:kbc-cli.py:Epoch 12/100	dev results	MRR 0.519505	H@1 0.440300	H@3 0.567100	H@5 0.611100	H@10 0.665400	H@20 0.710200	H@50 0.758300	H@100 0.794100
INFO:kbc-cli.py:Epoch 12/100	test results	MRR 0.519572	H@1 0.442500	H@3 0.563700	H@5 0.607600	H@10 0.659600	H@20 0.706300	H@50 0.756200	H@100 0.790200
INFO:kbc-cli.py:Epoch 13/100	Loss 8.4399 ± 0.3395
INFO:kbc-cli.py:Epoch 14/100	Loss 8.3950 ± 0.3346
INFO:kbc-cli.py:Epoch 15/100	Loss 8.3550 ± 0.3338
INFO:kbc-cli.py:Epoch 15/100	dev results	MRR 0.530420	H@1 0.452800	H@3 0.579600	H@5 0.622000	H@10 0.673500	H@20 0.711600	H@50 0.761000	H@100 0.793200
INFO:kbc-cli.py:Epoch 15/100	test results	MRR 0.528350	H@1 0.452600	H@3 0.572200	H@5 0.612700	H@10 0.667900	H@20 0.709100	H@50 0.757200	H@100 0.790800
INFO:kbc-cli.py:Epoch 16/100	Loss 8.3189 ± 0.3314
INFO:kbc-cli.py:Epoch 17/100	Loss 8.2860 ± 0.3277
INFO:kbc-cli.py:Epoch 18/100	Loss 8.2560 ± 0.3263
INFO:kbc-cli.py:Epoch 18/100	dev results	MRR 0.536905	H@1 0.460700	H@3 0.583600	H@5 0.627300	H@10 0.674800	H@20 0.716200	H@50 0.760600	H@100 0.795300
INFO:kbc-cli.py:Epoch 18/100	test results	MRR 0.534185	H@1 0.458300	H@3 0.579900	H@5 0.620000	H@10 0.670900	H@20 0.711500	H@50 0.756400	H@100 0.791800
INFO:kbc-cli.py:Epoch 19/100	Loss 8.2282 ± 0.3272
INFO:kbc-cli.py:Epoch 20/100	Loss 8.2027 ± 0.3268
INFO:kbc-cli.py:Epoch 21/100	Loss 8.1789 ± 0.3233
INFO:kbc-cli.py:Epoch 21/100	dev results	MRR 0.540568	H@1 0.464200	H@3 0.587000	H@5 0.631300	H@10 0.677800	H@20 0.716500	H@50 0.761600	H@100 0.795200
INFO:kbc-cli.py:Epoch 21/100	test results	MRR 0.537365	H@1 0.462100	H@3 0.582100	H@5 0.623100	H@10 0.672700	H@20 0.714000	H@50 0.758000	H@100 0.792200
INFO:kbc-cli.py:Epoch 22/100	Loss 8.1566 ± 0.3237
INFO:kbc-cli.py:Epoch 23/100	Loss 8.1359 ± 0.3222
INFO:kbc-cli.py:Epoch 24/100	Loss 8.1163 ± 0.3228
INFO:kbc-cli.py:Epoch 24/100	dev results	MRR 0.544193	H@1 0.467200	H@3 0.593600	H@5 0.636000	H@10 0.681000	H@20 0.717500	H@50 0.761000	H@100 0.795900
INFO:kbc-cli.py:Epoch 24/100	test results	MRR 0.543218	H@1 0.470700	H@3 0.584600	H@5 0.625800	H@10 0.675000	H@20 0.714800	H@50 0.758700	H@100 0.792200
INFO:kbc-cli.py:Epoch 25/100	Loss 8.0978 ± 0.3174
INFO:kbc-cli.py:Epoch 26/100	Loss 8.0804 ± 0.3199
INFO:kbc-cli.py:Epoch 27/100	Loss 8.0639 ± 0.3207
INFO:kbc-cli.py:Epoch 27/100	dev results	MRR 0.546227	H@1 0.470800	H@3 0.595400	H@5 0.633700	H@10 0.680300	H@20 0.718100	H@50 0.762200	H@100 0.794800
INFO:kbc-cli.py:Epoch 27/100	test results	MRR 0.544123	H@1 0.470000	H@3 0.589300	H@5 0.627300	H@10 0.675700	H@20 0.715000	H@50 0.759800	H@100 0.791900
INFO:kbc-cli.py:Epoch 28/100	Loss 8.0482 ± 0.3193
INFO:kbc-cli.py:Epoch 29/100	Loss 8.0333 ± 0.3147
INFO:kbc-cli.py:Epoch 30/100	Loss 8.0191 ± 0.3169
INFO:kbc-cli.py:Epoch 30/100	dev results	MRR 0.548777	H@1 0.475400	H@3 0.594700	H@5 0.633600	H@10 0.680700	H@20 0.719500	H@50 0.762400	H@100 0.795100
INFO:kbc-cli.py:Epoch 30/100	test results	MRR 0.545722	H@1 0.473200	H@3 0.587700	H@5 0.628600	H@10 0.677600	H@20 0.714500	H@50 0.759900	H@100 0.792000
INFO:kbc-cli.py:Epoch 31/100	Loss 8.0054 ± 0.3158
INFO:kbc-cli.py:Epoch 32/100	Loss 7.9924 ± 0.3161
INFO:kbc-cli.py:Epoch 33/100	Loss 7.9799 ± 0.3134
INFO:kbc-cli.py:Epoch 33/100	dev results	MRR 0.549041	H@1 0.474500	H@3 0.596300	H@5 0.634400	H@10 0.682100	H@20 0.718900	H@50 0.761700	H@100 0.794800
INFO:kbc-cli.py:Epoch 33/100	test results	MRR 0.545662	H@1 0.472500	H@3 0.590200	H@5 0.629500	H@10 0.676000	H@20 0.714900	H@50 0.760100	H@100 0.792700
INFO:kbc-cli.py:Epoch 34/100	Loss 7.9679 ± 0.3115
INFO:kbc-cli.py:Epoch 35/100	Loss 7.9564 ± 0.3140
INFO:kbc-cli.py:Epoch 36/100	Loss 7.9455 ± 0.3149
INFO:kbc-cli.py:Epoch 36/100	dev results	MRR 0.552813	H@1 0.480500	H@3 0.597500	H@5 0.636700	H@10 0.680300	H@20 0.719900	H@50 0.762300	H@100 0.795300
INFO:kbc-cli.py:Epoch 36/100	test results	MRR 0.546579	H@1 0.473000	H@3 0.592800	H@5 0.631200	H@10 0.678100	H@20 0.716400	H@50 0.760800	H@100 0.793400
INFO:kbc-cli.py:Epoch 37/100	Loss 7.9346 ± 0.3126
INFO:kbc-cli.py:Epoch 38/100	Loss 7.9244 ± 0.3136
INFO:kbc-cli.py:Epoch 39/100	Loss 7.9145 ± 0.3108
INFO:kbc-cli.py:Epoch 39/100	dev results	MRR 0.552579	H@1 0.478800	H@3 0.600200	H@5 0.637500	H@10 0.682900	H@20 0.720000	H@50 0.762700	H@100 0.796500
INFO:kbc-cli.py:Epoch 39/100	test results	MRR 0.546967	H@1 0.472400	H@3 0.594300	H@5 0.631400	H@10 0.678900	H@20 0.717200	H@50 0.760400	H@100 0.793600
INFO:kbc-cli.py:Epoch 40/100	Loss 7.9047 ± 0.3118
INFO:kbc-cli.py:Epoch 41/100	Loss 7.8955 ± 0.3134
INFO:kbc-cli.py:Epoch 42/100	Loss 7.8865 ± 0.3087
INFO:kbc-cli.py:Epoch 42/100	dev results	MRR 0.553238	H@1 0.480400	H@3 0.600000	H@5 0.637900	H@10 0.682500	H@20 0.720400	H@50 0.762300	H@100 0.795100
INFO:kbc-cli.py:Epoch 42/100	test results	MRR 0.549301	H@1 0.476300	H@3 0.593600	H@5 0.634600	H@10 0.678700	H@20 0.717100	H@50 0.761000	H@100 0.793600
INFO:kbc-cli.py:Epoch 43/100	Loss 7.8777 ± 0.3130
INFO:kbc-cli.py:Epoch 44/100	Loss 7.8693 ± 0.3100
INFO:kbc-cli.py:Epoch 45/100	Loss 7.8611 ± 0.3105
INFO:kbc-cli.py:Epoch 45/100	dev results	MRR 0.554589	H@1 0.482000	H@3 0.599200	H@5 0.637800	H@10 0.684300	H@20 0.720000	H@50 0.762800	H@100 0.796100
INFO:kbc-cli.py:Epoch 45/100	test results	MRR 0.551120	H@1 0.478600	H@3 0.595100	H@5 0.635800	H@10 0.680000	H@20 0.717200	H@50 0.761300	H@100 0.792800
INFO:kbc-cli.py:Epoch 46/100	Loss 7.8531 ± 0.3087
INFO:kbc-cli.py:Epoch 47/100	Loss 7.8453 ± 0.3097
INFO:kbc-cli.py:Epoch 48/100	Loss 7.8377 ± 0.3066
INFO:kbc-cli.py:Epoch 48/100	dev results	MRR 0.552833	H@1 0.478300	H@3 0.599500	H@5 0.637700	H@10 0.684600	H@20 0.721200	H@50 0.762300	H@100 0.796100
INFO:kbc-cli.py:Epoch 48/100	test results	MRR 0.550688	H@1 0.477700	H@3 0.595600	H@5 0.634800	H@10 0.679700	H@20 0.717400	H@50 0.761500	H@100 0.793500
INFO:kbc-cli.py:Epoch 49/100	Loss 7.8304 ± 0.3087
INFO:kbc-cli.py:Epoch 50/100	Loss 7.8232 ± 0.3087
INFO:kbc-cli.py:Epoch 51/100	Loss 7.8163 ± 0.3093
INFO:kbc-cli.py:Epoch 51/100	dev results	MRR 0.553668	H@1 0.480800	H@3 0.598000	H@5 0.638600	H@10 0.683400	H@20 0.721000	H@50 0.762500	H@100 0.796100
INFO:kbc-cli.py:Epoch 51/100	test results	MRR 0.551893	H@1 0.479000	H@3 0.597400	H@5 0.635200	H@10 0.680800	H@20 0.718400	H@50 0.760900	H@100 0.793900
INFO:kbc-cli.py:Epoch 52/100	Loss 7.8095 ± 0.3118
INFO:kbc-cli.py:Epoch 53/100	Loss 7.8028 ± 0.3058
INFO:kbc-cli.py:Epoch 54/100	Loss 7.7964 ± 0.3087
INFO:kbc-cli.py:Epoch 54/100	dev results	MRR 0.555764	H@1 0.482900	H@3 0.599600	H@5 0.639400	H@10 0.685300	H@20 0.720900	H@50 0.762600	H@100 0.796000
INFO:kbc-cli.py:Epoch 54/100	test results	MRR 0.553441	H@1 0.481500	H@3 0.598700	H@5 0.636500	H@10 0.680200	H@20 0.718700	H@50 0.761200	H@100 0.793500
INFO:kbc-cli.py:Epoch 55/100	Loss 7.7901 ± 0.3067
INFO:kbc-cli.py:Epoch 56/100	Loss 7.7839 ± 0.3059
INFO:kbc-cli.py:Epoch 57/100	Loss 7.7779 ± 0.3067
INFO:kbc-cli.py:Epoch 57/100	dev results	MRR 0.553707	H@1 0.479800	H@3 0.599300	H@5 0.639000	H@10 0.683600	H@20 0.721400	H@50 0.762400	H@100 0.796300
INFO:kbc-cli.py:Epoch 57/100	test results	MRR 0.552845	H@1 0.480600	H@3 0.597100	H@5 0.637000	H@10 0.680100	H@20 0.717300	H@50 0.761400	H@100 0.794000
INFO:kbc-cli.py:Epoch 58/100	Loss 7.7719 ± 0.3066
INFO:kbc-cli.py:Epoch 59/100	Loss 7.7661 ± 0.3056
INFO:kbc-cli.py:Epoch 60/100	Loss 7.7606 ± 0.3072
INFO:kbc-cli.py:Epoch 60/100	dev results	MRR 0.556472	H@1 0.484500	H@3 0.601700	H@5 0.638400	H@10 0.684800	H@20 0.720600	H@50 0.762200	H@100 0.796200
INFO:kbc-cli.py:Epoch 60/100	test results	MRR 0.554133	H@1 0.482200	H@3 0.600500	H@5 0.636800	H@10 0.680100	H@20 0.718800	H@50 0.761400	H@100 0.794000
INFO:kbc-cli.py:Epoch 61/100	Loss 7.7549 ± 0.3070
INFO:kbc-cli.py:Epoch 62/100	Loss 7.7496 ± 0.3105
INFO:kbc-cli.py:Epoch 63/100	Loss 7.7443 ± 0.3063
INFO:kbc-cli.py:Epoch 63/100	dev results	MRR 0.556423	H@1 0.484700	H@3 0.600600	H@5 0.639800	H@10 0.684100	H@20 0.722100	H@50 0.762800	H@100 0.795300
INFO:kbc-cli.py:Epoch 63/100	test results	MRR 0.554499	H@1 0.482400	H@3 0.600700	H@5 0.637300	H@10 0.678800	H@20 0.718700	H@50 0.760700	H@100 0.793800
INFO:kbc-cli.py:Epoch 64/100	Loss 7.7391 ± 0.3028
INFO:kbc-cli.py:Epoch 65/100	Loss 7.7340 ± 0.3042
INFO:kbc-cli.py:Epoch 66/100	Loss 7.7290 ± 0.3055
INFO:kbc-cli.py:Epoch 66/100	dev results	MRR 0.556888	H@1 0.485900	H@3 0.600800	H@5 0.638600	H@10 0.684500	H@20 0.720300	H@50 0.763500	H@100 0.795300
INFO:kbc-cli.py:Epoch 66/100	test results	MRR 0.554668	H@1 0.483100	H@3 0.601200	H@5 0.638100	H@10 0.679700	H@20 0.718900	H@50 0.761600	H@100 0.793600
INFO:kbc-cli.py:Epoch 67/100	Loss 7.7241 ± 0.3069
INFO:kbc-cli.py:Epoch 68/100	Loss 7.7193 ± 0.3060
INFO:kbc-cli.py:Epoch 69/100	Loss 7.7147 ± 0.3088
INFO:kbc-cli.py:Epoch 69/100	dev results	MRR 0.557075	H@1 0.486100	H@3 0.602200	H@5 0.636900	H@10 0.684200	H@20 0.720700	H@50 0.762400	H@100 0.795200
INFO:kbc-cli.py:Epoch 69/100	test results	MRR 0.556003	H@1 0.484100	H@3 0.604000	H@5 0.638900	H@10 0.681200	H@20 0.718100	H@50 0.761000	H@100 0.793100
INFO:kbc-cli.py:Epoch 70/100	Loss 7.7100 ± 0.3060
INFO:kbc-cli.py:Epoch 71/100	Loss 7.7055 ± 0.3054
INFO:kbc-cli.py:Epoch 72/100	Loss 7.7010 ± 0.3055
INFO:kbc-cli.py:Epoch 72/100	dev results	MRR 0.557903	H@1 0.487500	H@3 0.599900	H@5 0.638500	H@10 0.686200	H@20 0.720300	H@50 0.763300	H@100 0.795900
INFO:kbc-cli.py:Epoch 72/100	test results	MRR 0.555392	H@1 0.483300	H@3 0.601200	H@5 0.638800	H@10 0.681300	H@20 0.718800	H@50 0.761800	H@100 0.793500
INFO:kbc-cli.py:Epoch 73/100	Loss 7.6967 ± 0.3072
INFO:kbc-cli.py:Epoch 74/100	Loss 7.6924 ± 0.3042
INFO:kbc-cli.py:Epoch 75/100	Loss 7.6881 ± 0.3056
INFO:kbc-cli.py:Epoch 75/100	dev results	MRR 0.558106	H@1 0.487300	H@3 0.601400	H@5 0.639300	H@10 0.684100	H@20 0.722400	H@50 0.762800	H@100 0.795700
INFO:kbc-cli.py:Epoch 75/100	test results	MRR 0.556763	H@1 0.485400	H@3 0.601100	H@5 0.638700	H@10 0.681300	H@20 0.718500	H@50 0.762000	H@100 0.794300
INFO:kbc-cli.py:Epoch 76/100	Loss 7.6840 ± 0.3042
INFO:kbc-cli.py:Epoch 77/100	Loss 7.6799 ± 0.3062
INFO:kbc-cli.py:Epoch 78/100	Loss 7.6759 ± 0.3061
INFO:kbc-cli.py:Epoch 78/100	dev results	MRR 0.558872	H@1 0.488600	H@3 0.601900	H@5 0.638200	H@10 0.683900	H@20 0.720700	H@50 0.762800	H@100 0.795700
INFO:kbc-cli.py:Epoch 78/100	test results	MRR 0.556715	H@1 0.485000	H@3 0.602900	H@5 0.638700	H@10 0.681500	H@20 0.717000	H@50 0.762300	H@100 0.793400
INFO:kbc-cli.py:Epoch 79/100	Loss 7.6719 ± 0.3035
INFO:kbc-cli.py:Epoch 80/100	Loss 7.6681 ± 0.3028
INFO:kbc-cli.py:Epoch 81/100	Loss 7.6642 ± 0.3049
INFO:kbc-cli.py:Epoch 81/100	dev results	MRR 0.558463	H@1 0.487900	H@3 0.602600	H@5 0.638300	H@10 0.685300	H@20 0.721300	H@50 0.762500	H@100 0.795400
INFO:kbc-cli.py:Epoch 81/100	test results	MRR 0.557396	H@1 0.486500	H@3 0.601900	H@5 0.638500	H@10 0.681800	H@20 0.719100	H@50 0.761900	H@100 0.793400
INFO:kbc-cli.py:Epoch 82/100	Loss 7.6605 ± 0.3039
INFO:kbc-cli.py:Epoch 83/100	Loss 7.6568 ± 0.3059
INFO:kbc-cli.py:Epoch 84/100	Loss 7.6531 ± 0.3029
INFO:kbc-cli.py:Epoch 84/100	dev results	MRR 0.558617	H@1 0.488000	H@3 0.603400	H@5 0.639500	H@10 0.683400	H@20 0.721600	H@50 0.763900	H@100 0.795300
INFO:kbc-cli.py:Epoch 84/100	test results	MRR 0.557329	H@1 0.486300	H@3 0.603000	H@5 0.637300	H@10 0.682700	H@20 0.719000	H@50 0.762500	H@100 0.793700
INFO:kbc-cli.py:Epoch 85/100	Loss 7.6495 ± 0.3016
INFO:kbc-cli.py:Epoch 86/100	Loss 7.6459 ± 0.3017
INFO:kbc-cli.py:Epoch 87/100	Loss 7.6425 ± 0.3040
INFO:kbc-cli.py:Epoch 87/100	dev results	MRR 0.558005	H@1 0.487300	H@3 0.603100	H@5 0.639800	H@10 0.684800	H@20 0.720500	H@50 0.763300	H@100 0.795100
INFO:kbc-cli.py:Epoch 87/100	test results	MRR 0.557001	H@1 0.486100	H@3 0.601800	H@5 0.637600	H@10 0.681700	H@20 0.718100	H@50 0.762400	H@100 0.793800
INFO:kbc-cli.py:Epoch 88/100	Loss 7.6390 ± 0.3050
INFO:kbc-cli.py:Epoch 89/100	Loss 7.6356 ± 0.3052
INFO:kbc-cli.py:Epoch 90/100	Loss 7.6323 ± 0.3062
INFO:kbc-cli.py:Epoch 90/100	dev results	MRR 0.559037	H@1 0.488900	H@3 0.602700	H@5 0.638600	H@10 0.685400	H@20 0.720900	H@50 0.763600	H@100 0.795600
INFO:kbc-cli.py:Epoch 90/100	test results	MRR 0.557529	H@1 0.487100	H@3 0.601400	H@5 0.638600	H@10 0.683100	H@20 0.718400	H@50 0.763500	H@100 0.794300
INFO:kbc-cli.py:Epoch 91/100	Loss 7.6290 ± 0.3028
INFO:kbc-cli.py:Epoch 92/100	Loss 7.6258 ± 0.3058
INFO:kbc-cli.py:Epoch 93/100	Loss 7.6226 ± 0.3058
INFO:kbc-cli.py:Epoch 93/100	dev results	MRR 0.559690	H@1 0.489700	H@3 0.603900	H@5 0.639700	H@10 0.683300	H@20 0.721200	H@50 0.763600	H@100 0.795000
INFO:kbc-cli.py:Epoch 93/100	test results	MRR 0.558294	H@1 0.488300	H@3 0.603100	H@5 0.638100	H@10 0.682000	H@20 0.718000	H@50 0.762400	H@100 0.794200
INFO:kbc-cli.py:Epoch 94/100	Loss 7.6194 ± 0.3017
INFO:kbc-cli.py:Epoch 95/100	Loss 7.6163 ± 0.3067
INFO:kbc-cli.py:Epoch 96/100	Loss 7.6132 ± 0.3033
INFO:kbc-cli.py:Epoch 96/100	dev results	MRR 0.558706	H@1 0.488600	H@3 0.603300	H@5 0.638700	H@10 0.683500	H@20 0.721100	H@50 0.763700	H@100 0.794900
INFO:kbc-cli.py:Epoch 96/100	test results	MRR 0.558327	H@1 0.488000	H@3 0.603100	H@5 0.638300	H@10 0.683000	H@20 0.718300	H@50 0.762900	H@100 0.793500
INFO:kbc-cli.py:Epoch 97/100	Loss 7.6103 ± 0.3061
INFO:kbc-cli.py:Epoch 98/100	Loss 7.6072 ± 0.3037
INFO:kbc-cli.py:Epoch 99/100	Loss 7.6043 ± 0.3055
INFO:kbc-cli.py:Epoch 99/100	dev results	MRR 0.559798	H@1 0.490500	H@3 0.602800	H@5 0.639600	H@10 0.684000	H@20 0.721100	H@50 0.764300	H@100 0.795400
INFO:kbc-cli.py:Epoch 99/100	test results	MRR 0.558095	H@1 0.487400	H@3 0.602800	H@5 0.638000	H@10 0.683300	H@20 0.718700	H@50 0.762800	H@100 0.793800
INFO:kbc-cli.py:Epoch 100/100	Loss 7.6014 ± 0.3038
INFO:kbc-cli.py:Final 	dev results	MRR 0.559873	H@1 0.490800	H@3 0.603500	H@5 0.640200	H@10 0.683600	H@20 0.720900	H@50 0.763200	H@100 0.795500
INFO:kbc-cli.py:Final 	test results	MRR 0.558425	H@1 0.488200	H@3 0.603800	H@5 0.638100	H@10 0.682700	H@20 0.718400	H@50 0.763100	H@100 0.793700
INFO:kbc-cli.py:Training finished
