./bin/kbc-cli.py --train data/yago3-10/train.tsv --dev data/yago3-10/dev.tsv --test data/yago3-10/test.tsv -m complex -k 200 -b 100 -e 100 --F2 0 --N3 0.5 -l 0.1 -I standard -V 3 -o adagrad -c spo -q
{'F2': 0.0,
 'N3': 0.5,
 'batch_size': 100,
 'corruption': 'spo',
 'dev': 'data/yago3-10/dev.tsv',
 'embedding_size': 200,
 'epochs': 100,
 'eval_batch_size': None,
 'input_type': 'standard',
 'learning_rate': 0.1,
 'load': None,
 'model': 'complex',
 'optimizer': 'adagrad',
 'quiet': True,
 'save': None,
 'seed': 0,
 'test': 'data/yago3-10/test.tsv',
 'test_i': None,
 'test_ii': None,
 'train': 'data/yago3-10/train.tsv',
 'validate_every': 3}
INFO:kbc-cli.py:Device: cuda
INFO:kbc-cli.py:Model state:
INFO:kbc-cli.py:	entities.weight	torch.Size([123182, 400])
INFO:kbc-cli.py:	predicates.weight	torch.Size([37, 400])
INFO:kbc-cli.py:Epoch 1/100	Loss 197.4347 ± 33.3954
INFO:kbc-cli.py:Epoch 2/100	Loss 135.7051 ± 12.2892
INFO:kbc-cli.py:Epoch 3/100	Loss 110.7899 ± 8.8468
INFO:kbc-cli.py:Epoch 3/100	dev results	MRR 0.060645	H@1 0.043700	H@3 0.058900	H@5 0.069300	H@10 0.089900	H@20 0.116900	H@50 0.168700	H@100 0.225600
INFO:kbc-cli.py:Epoch 3/100	test results	MRR 0.062400	H@1 0.045300	H@3 0.062800	H@5 0.073300	H@10 0.089700	H@20 0.116400	H@50 0.169800	H@100 0.227000
INFO:kbc-cli.py:Epoch 4/100	Loss 95.6434 ± 7.4172
INFO:kbc-cli.py:Epoch 5/100	Loss 85.1755 ± 6.5266
INFO:kbc-cli.py:Epoch 6/100	Loss 77.4260 ± 5.8452
INFO:kbc-cli.py:Epoch 6/100	dev results	MRR 0.078998	H@1 0.051800	H@3 0.079900	H@5 0.093400	H@10 0.125700	H@20 0.168500	H@50 0.252100	H@100 0.329500
INFO:kbc-cli.py:Epoch 6/100	test results	MRR 0.081603	H@1 0.055100	H@3 0.080000	H@5 0.095800	H@10 0.129300	H@20 0.175900	H@50 0.255100	H@100 0.331700
INFO:kbc-cli.py:Epoch 7/100	Loss 71.4119 ± 5.3992
INFO:kbc-cli.py:Epoch 8/100	Loss 66.5880 ± 4.9933
INFO:kbc-cli.py:Epoch 9/100	Loss 62.6230 ± 4.6738
INFO:kbc-cli.py:Epoch 9/100	dev results	MRR 0.087020	H@1 0.055800	H@3 0.087700	H@5 0.102900	H@10 0.141500	H@20 0.193200	H@50 0.283300	H@100 0.364400
INFO:kbc-cli.py:Epoch 9/100	test results	MRR 0.091558	H@1 0.060000	H@3 0.092500	H@5 0.113400	H@10 0.151000	H@20 0.199700	H@50 0.286000	H@100 0.364300
INFO:kbc-cli.py:Epoch 10/100	Loss 59.3034 ± 4.4277
INFO:kbc-cli.py:Epoch 11/100	Loss 56.4790 ± 4.1753
INFO:kbc-cli.py:Epoch 12/100	Loss 54.0451 ± 3.9742
INFO:kbc-cli.py:Epoch 12/100	dev results	MRR 0.091991	H@1 0.059400	H@3 0.091400	H@5 0.110300	H@10 0.150200	H@20 0.206900	H@50 0.298400	H@100 0.381900
INFO:kbc-cli.py:Epoch 12/100	test results	MRR 0.096468	H@1 0.062100	H@3 0.096000	H@5 0.118800	H@10 0.161300	H@20 0.215100	H@50 0.303200	H@100 0.385700
INFO:kbc-cli.py:Epoch 13/100	Loss 51.9257 ± 3.8083
INFO:kbc-cli.py:Epoch 14/100	Loss 50.0614 ± 3.6304
INFO:kbc-cli.py:Epoch 15/100	Loss 48.4094 ± 3.4656
INFO:kbc-cli.py:Epoch 15/100	dev results	MRR 0.095828	H@1 0.060900	H@3 0.097400	H@5 0.117400	H@10 0.153100	H@20 0.215300	H@50 0.310600	H@100 0.396200
INFO:kbc-cli.py:Epoch 15/100	test results	MRR 0.100622	H@1 0.064600	H@3 0.101400	H@5 0.126900	H@10 0.169100	H@20 0.224300	H@50 0.313200	H@100 0.395800
INFO:kbc-cli.py:Epoch 16/100	Loss 46.9346 ± 3.3564
INFO:kbc-cli.py:Epoch 17/100	Loss 45.6106 ± 3.2132
INFO:kbc-cli.py:Epoch 18/100	Loss 44.4154 ± 3.0689
INFO:kbc-cli.py:Epoch 18/100	dev results	MRR 0.097893	H@1 0.061500	H@3 0.099500	H@5 0.119800	H@10 0.161300	H@20 0.222200	H@50 0.318900	H@100 0.406700
INFO:kbc-cli.py:Epoch 18/100	test results	MRR 0.104569	H@1 0.068100	H@3 0.104900	H@5 0.131100	H@10 0.170300	H@20 0.225800	H@50 0.321800	H@100 0.407700
INFO:kbc-cli.py:Epoch 19/100	Loss 43.3299 ± 2.9833
INFO:kbc-cli.py:Epoch 20/100	Loss 42.3414 ± 2.9374
INFO:kbc-cli.py:Epoch 21/100	Loss 41.4375 ± 2.8059
INFO:kbc-cli.py:Epoch 21/100	dev results	MRR 0.100952	H@1 0.063900	H@3 0.102000	H@5 0.124200	H@10 0.165300	H@20 0.226200	H@50 0.328200	H@100 0.416700
INFO:kbc-cli.py:Epoch 21/100	test results	MRR 0.106101	H@1 0.067800	H@3 0.108100	H@5 0.134100	H@10 0.176900	H@20 0.233600	H@50 0.326700	H@100 0.416100
INFO:kbc-cli.py:Epoch 22/100	Loss 40.6064 ± 2.7114
INFO:kbc-cli.py:Epoch 23/100	Loss 39.8408 ± 2.6178
INFO:kbc-cli.py:Epoch 24/100	Loss 39.1333 ± 2.5533
INFO:kbc-cli.py:Epoch 24/100	dev results	MRR 0.104923	H@1 0.066400	H@3 0.107700	H@5 0.130300	H@10 0.170700	H@20 0.233600	H@50 0.336800	H@100 0.423700
INFO:kbc-cli.py:Epoch 24/100	test results	MRR 0.109380	H@1 0.070500	H@3 0.111300	H@5 0.138900	H@10 0.181800	H@20 0.239100	H@50 0.336300	H@100 0.425400
INFO:kbc-cli.py:Epoch 25/100	Loss 38.4773 ± 2.4657
INFO:kbc-cli.py:Epoch 26/100	Loss 37.8674 ± 2.4295
INFO:kbc-cli.py:Epoch 27/100	Loss 37.2999 ± 2.3611
INFO:kbc-cli.py:Epoch 27/100	dev results	MRR 0.107382	H@1 0.068100	H@3 0.110700	H@5 0.132900	H@10 0.174000	H@20 0.237900	H@50 0.341900	H@100 0.430200
INFO:kbc-cli.py:Epoch 27/100	test results	MRR 0.110860	H@1 0.071100	H@3 0.113200	H@5 0.139800	H@10 0.184400	H@20 0.240900	H@50 0.340700	H@100 0.431000
INFO:kbc-cli.py:Epoch 28/100	Loss 36.7703 ± 2.3032
INFO:kbc-cli.py:Epoch 29/100	Loss 36.2746 ± 2.2228
INFO:kbc-cli.py:Epoch 30/100	Loss 35.8104 ± 2.2015
INFO:kbc-cli.py:Epoch 30/100	dev results	MRR 0.108588	H@1 0.068600	H@3 0.111400	H@5 0.133400	H@10 0.179700	H@20 0.241700	H@50 0.346500	H@100 0.435500
INFO:kbc-cli.py:Epoch 30/100	test results	MRR 0.113157	H@1 0.072300	H@3 0.116200	H@5 0.143800	H@10 0.188500	H@20 0.246800	H@50 0.345400	H@100 0.438200
INFO:kbc-cli.py:Epoch 31/100	Loss 35.3756 ± 2.1343
INFO:kbc-cli.py:Epoch 32/100	Loss 34.9656 ± 2.0658
INFO:kbc-cli.py:Epoch 33/100	Loss 34.5806 ± 2.0341
INFO:kbc-cli.py:Epoch 33/100	dev results	MRR 0.109322	H@1 0.068100	H@3 0.113600	H@5 0.134100	H@10 0.182000	H@20 0.245300	H@50 0.348500	H@100 0.441200
INFO:kbc-cli.py:Epoch 33/100	test results	MRR 0.114273	H@1 0.073500	H@3 0.116100	H@5 0.143500	H@10 0.189800	H@20 0.249000	H@50 0.348600	H@100 0.441300
INFO:kbc-cli.py:Epoch 34/100	Loss 34.2167 ± 1.9599
INFO:kbc-cli.py:Epoch 35/100	Loss 33.8736 ± 1.9299
INFO:kbc-cli.py:Epoch 36/100	Loss 33.5490 ± 1.8911
INFO:kbc-cli.py:Epoch 36/100	dev results	MRR 0.109610	H@1 0.067500	H@3 0.113900	H@5 0.135600	H@10 0.182900	H@20 0.248800	H@50 0.352800	H@100 0.444500
INFO:kbc-cli.py:Epoch 36/100	test results	MRR 0.113886	H@1 0.071600	H@3 0.118000	H@5 0.145200	H@10 0.189900	H@20 0.250100	H@50 0.351200	H@100 0.445600
INFO:kbc-cli.py:Epoch 37/100	Loss 33.2413 ± 1.8520
INFO:kbc-cli.py:Epoch 38/100	Loss 32.9493 ± 1.8006
INFO:kbc-cli.py:Epoch 39/100	Loss 32.6724 ± 1.7965
INFO:kbc-cli.py:Epoch 39/100	dev results	MRR 0.110095	H@1 0.067200	H@3 0.114500	H@5 0.137500	H@10 0.185700	H@20 0.249200	H@50 0.354300	H@100 0.447600
INFO:kbc-cli.py:Epoch 39/100	test results	MRR 0.115204	H@1 0.072800	H@3 0.119400	H@5 0.145600	H@10 0.190700	H@20 0.252100	H@50 0.353100	H@100 0.447500
INFO:kbc-cli.py:Epoch 40/100	Loss 32.4094 ± 1.7523
INFO:kbc-cli.py:Epoch 41/100	Loss 32.1587 ± 1.7361
INFO:kbc-cli.py:Epoch 42/100	Loss 31.9203 ± 1.6402
INFO:kbc-cli.py:Epoch 42/100	dev results	MRR 0.111174	H@1 0.067800	H@3 0.116400	H@5 0.138300	H@10 0.187500	H@20 0.250500	H@50 0.357300	H@100 0.451500
INFO:kbc-cli.py:Epoch 42/100	test results	MRR 0.115255	H@1 0.072500	H@3 0.120500	H@5 0.146100	H@10 0.192200	H@20 0.252200	H@50 0.356900	H@100 0.450000
INFO:kbc-cli.py:Epoch 43/100	Loss 31.6927 ± 1.6486
INFO:kbc-cli.py:Epoch 44/100	Loss 31.4752 ± 1.6333
INFO:kbc-cli.py:Epoch 45/100	Loss 31.2678 ± 1.6050
INFO:kbc-cli.py:Epoch 45/100	dev results	MRR 0.110990	H@1 0.067700	H@3 0.116100	H@5 0.139400	H@10 0.187700	H@20 0.248700	H@50 0.358700	H@100 0.451500
INFO:kbc-cli.py:Epoch 45/100	test results	MRR 0.115964	H@1 0.073200	H@3 0.120200	H@5 0.146100	H@10 0.193900	H@20 0.254500	H@50 0.357200	H@100 0.450000
INFO:kbc-cli.py:Epoch 46/100	Loss 31.0693 ± 1.5894
INFO:kbc-cli.py:Epoch 47/100	Loss 30.8797 ± 1.5475
INFO:kbc-cli.py:Epoch 48/100	Loss 30.6979 ± 1.5288
INFO:kbc-cli.py:Epoch 48/100	dev results	MRR 0.111418	H@1 0.068000	H@3 0.115600	H@5 0.139200	H@10 0.189400	H@20 0.249300	H@50 0.362300	H@100 0.453900
INFO:kbc-cli.py:Epoch 48/100	test results	MRR 0.115207	H@1 0.071400	H@3 0.120100	H@5 0.146600	H@10 0.193700	H@20 0.255500	H@50 0.358500	H@100 0.453200
INFO:kbc-cli.py:Epoch 49/100	Loss 30.5239 ± 1.4996
INFO:kbc-cli.py:Epoch 50/100	Loss 30.3566 ± 1.4639
INFO:kbc-cli.py:Epoch 51/100	Loss 30.1961 ± 1.4562
INFO:kbc-cli.py:Epoch 51/100	dev results	MRR 0.112319	H@1 0.068700	H@3 0.116300	H@5 0.140900	H@10 0.189300	H@20 0.251900	H@50 0.362100	H@100 0.455000
INFO:kbc-cli.py:Epoch 51/100	test results	MRR 0.116020	H@1 0.071700	H@3 0.122400	H@5 0.148100	H@10 0.196100	H@20 0.255800	H@50 0.362600	H@100 0.455000
INFO:kbc-cli.py:Epoch 52/100	Loss 30.0422 ± 1.4248
INFO:kbc-cli.py:Epoch 53/100	Loss 29.8942 ± 1.3913
INFO:kbc-cli.py:Epoch 54/100	Loss 29.7521 ± 1.3617
INFO:kbc-cli.py:Epoch 54/100	dev results	MRR 0.111730	H@1 0.067500	H@3 0.116200	H@5 0.142000	H@10 0.190500	H@20 0.251900	H@50 0.364000	H@100 0.456600
INFO:kbc-cli.py:Epoch 54/100	test results	MRR 0.115726	H@1 0.071500	H@3 0.121700	H@5 0.146500	H@10 0.196400	H@20 0.256100	H@50 0.362800	H@100 0.456200
INFO:kbc-cli.py:Epoch 55/100	Loss 29.6146 ± 1.3561
INFO:kbc-cli.py:Epoch 56/100	Loss 29.4829 ± 1.3305
INFO:kbc-cli.py:Epoch 57/100	Loss 29.3558 ± 1.3106
INFO:kbc-cli.py:Epoch 57/100	dev results	MRR 0.112249	H@1 0.068100	H@3 0.116600	H@5 0.141500	H@10 0.190800	H@20 0.255200	H@50 0.363200	H@100 0.457700
INFO:kbc-cli.py:Epoch 57/100	test results	MRR 0.115671	H@1 0.070800	H@3 0.122100	H@5 0.148100	H@10 0.194600	H@20 0.257800	H@50 0.364400	H@100 0.457600
INFO:kbc-cli.py:Epoch 58/100	Loss 29.2332 ± 1.2870
INFO:kbc-cli.py:Epoch 59/100	Loss 29.1153 ± 1.2942
INFO:kbc-cli.py:Epoch 60/100	Loss 29.0013 ± 1.2526
INFO:kbc-cli.py:Epoch 60/100	dev results	MRR 0.112486	H@1 0.068400	H@3 0.117300	H@5 0.141300	H@10 0.190100	H@20 0.255400	H@50 0.365200	H@100 0.457800
INFO:kbc-cli.py:Epoch 60/100	test results	MRR 0.116117	H@1 0.071200	H@3 0.122000	H@5 0.148400	H@10 0.197100	H@20 0.258600	H@50 0.365500	H@100 0.458600
INFO:kbc-cli.py:Epoch 61/100	Loss 28.8910 ± 1.2537
INFO:kbc-cli.py:Epoch 62/100	Loss 28.7845 ± 1.2331
INFO:kbc-cli.py:Epoch 63/100	Loss 28.6818 ± 1.1979
INFO:kbc-cli.py:Epoch 63/100	dev results	MRR 0.113068	H@1 0.068900	H@3 0.117300	H@5 0.141800	H@10 0.190300	H@20 0.257600	H@50 0.365600	H@100 0.459800
INFO:kbc-cli.py:Epoch 63/100	test results	MRR 0.115907	H@1 0.071100	H@3 0.120800	H@5 0.146500	H@10 0.195500	H@20 0.257500	H@50 0.367500	H@100 0.459800
INFO:kbc-cli.py:Epoch 64/100	Loss 28.5826 ± 1.1921
INFO:kbc-cli.py:Epoch 65/100	Loss 28.4864 ± 1.1550
INFO:kbc-cli.py:Epoch 66/100	Loss 28.3936 ± 1.1524
INFO:kbc-cli.py:Epoch 66/100	dev results	MRR 0.113656	H@1 0.069300	H@3 0.118200	H@5 0.142400	H@10 0.191500	H@20 0.257400	H@50 0.367400	H@100 0.459900
INFO:kbc-cli.py:Epoch 66/100	test results	MRR 0.116241	H@1 0.071200	H@3 0.121900	H@5 0.147900	H@10 0.196500	H@20 0.259800	H@50 0.367600	H@100 0.460200
INFO:kbc-cli.py:Epoch 67/100	Loss 28.3035 ± 1.1405
INFO:kbc-cli.py:Epoch 68/100	Loss 28.2161 ± 1.1582
INFO:kbc-cli.py:Epoch 69/100	Loss 28.1317 ± 1.1179
INFO:kbc-cli.py:Epoch 69/100	dev results	MRR 0.113261	H@1 0.068600	H@3 0.117800	H@5 0.141900	H@10 0.193000	H@20 0.257700	H@50 0.367400	H@100 0.461700
INFO:kbc-cli.py:Epoch 69/100	test results	MRR 0.116407	H@1 0.071200	H@3 0.121800	H@5 0.149100	H@10 0.198100	H@20 0.259400	H@50 0.367500	H@100 0.461900
INFO:kbc-cli.py:Epoch 70/100	Loss 28.0497 ± 1.1019
INFO:kbc-cli.py:Epoch 71/100	Loss 27.9704 ± 1.0939
INFO:kbc-cli.py:Epoch 72/100	Loss 27.8933 ± 1.0843
INFO:kbc-cli.py:Epoch 72/100	dev results	MRR 0.113943	H@1 0.068900	H@3 0.118700	H@5 0.143600	H@10 0.192900	H@20 0.256200	H@50 0.368200	H@100 0.462000
INFO:kbc-cli.py:Epoch 72/100	test results	MRR 0.115935	H@1 0.070500	H@3 0.121100	H@5 0.148200	H@10 0.198800	H@20 0.259800	H@50 0.367500	H@100 0.461800
INFO:kbc-cli.py:Epoch 73/100	Loss 27.8188 ± 1.0733
INFO:kbc-cli.py:Epoch 74/100	Loss 27.7459 ± 1.0435
INFO:kbc-cli.py:Epoch 75/100	Loss 27.6756 ± 1.0353
INFO:kbc-cli.py:Epoch 75/100	dev results	MRR 0.114240	H@1 0.069500	H@3 0.118700	H@5 0.143100	H@10 0.192800	H@20 0.257900	H@50 0.369200	H@100 0.463100
INFO:kbc-cli.py:Epoch 75/100	test results	MRR 0.116149	H@1 0.070600	H@3 0.121500	H@5 0.147900	H@10 0.198900	H@20 0.260500	H@50 0.370500	H@100 0.463600
INFO:kbc-cli.py:Epoch 76/100	Loss 27.6071 ± 1.0213
INFO:kbc-cli.py:Epoch 77/100	Loss 27.5406 ± 1.0225
INFO:kbc-cli.py:Epoch 78/100	Loss 27.4759 ± 1.0040
INFO:kbc-cli.py:Epoch 78/100	dev results	MRR 0.114436	H@1 0.068900	H@3 0.119100	H@5 0.144700	H@10 0.195000	H@20 0.259900	H@50 0.368200	H@100 0.467100
INFO:kbc-cli.py:Epoch 78/100	test results	MRR 0.116995	H@1 0.071000	H@3 0.121900	H@5 0.148100	H@10 0.199600	H@20 0.262800	H@50 0.370000	H@100 0.464700
INFO:kbc-cli.py:Epoch 79/100	Loss 27.4130 ± 1.0024
INFO:kbc-cli.py:Epoch 80/100	Loss 27.3520 ± 0.9841
INFO:kbc-cli.py:Epoch 81/100	Loss 27.2925 ± 0.9782
INFO:kbc-cli.py:Epoch 81/100	dev results	MRR 0.114496	H@1 0.069300	H@3 0.118300	H@5 0.145200	H@10 0.196300	H@20 0.260700	H@50 0.370300	H@100 0.466400
INFO:kbc-cli.py:Epoch 81/100	test results	MRR 0.116282	H@1 0.069900	H@3 0.122100	H@5 0.148800	H@10 0.199500	H@20 0.262600	H@50 0.369100	H@100 0.465300
INFO:kbc-cli.py:Epoch 82/100	Loss 27.2347 ± 0.9610
INFO:kbc-cli.py:Epoch 83/100	Loss 27.1784 ± 0.9578
INFO:kbc-cli.py:Epoch 84/100	Loss 27.1235 ± 0.9467
INFO:kbc-cli.py:Epoch 84/100	dev results	MRR 0.114864	H@1 0.069300	H@3 0.119600	H@5 0.145200	H@10 0.196100	H@20 0.260400	H@50 0.371000	H@100 0.466600
INFO:kbc-cli.py:Epoch 84/100	test results	MRR 0.116871	H@1 0.071100	H@3 0.122800	H@5 0.148600	H@10 0.200800	H@20 0.261500	H@50 0.371400	H@100 0.466600
INFO:kbc-cli.py:Epoch 85/100	Loss 27.0700 ± 0.9248
INFO:kbc-cli.py:Epoch 86/100	Loss 27.0180 ± 0.9235
INFO:kbc-cli.py:Epoch 87/100	Loss 26.9672 ± 0.9144
INFO:kbc-cli.py:Epoch 87/100	dev results	MRR 0.114775	H@1 0.069100	H@3 0.119200	H@5 0.144900	H@10 0.195600	H@20 0.260700	H@50 0.371300	H@100 0.468200
INFO:kbc-cli.py:Epoch 87/100	test results	MRR 0.117047	H@1 0.071000	H@3 0.122300	H@5 0.149000	H@10 0.200200	H@20 0.264800	H@50 0.373600	H@100 0.467000
INFO:kbc-cli.py:Epoch 88/100	Loss 26.9176 ± 0.8897
INFO:kbc-cli.py:Epoch 89/100	Loss 26.8693 ± 0.8923
INFO:kbc-cli.py:Epoch 90/100	Loss 26.8224 ± 0.8890
INFO:kbc-cli.py:Epoch 90/100	dev results	MRR 0.115384	H@1 0.070100	H@3 0.120500	H@5 0.144800	H@10 0.198400	H@20 0.262500	H@50 0.372800	H@100 0.469000
INFO:kbc-cli.py:Epoch 90/100	test results	MRR 0.117454	H@1 0.071100	H@3 0.123500	H@5 0.150100	H@10 0.201400	H@20 0.265800	H@50 0.374000	H@100 0.468300
INFO:kbc-cli.py:Epoch 91/100	Loss 26.7765 ± 0.8842
INFO:kbc-cli.py:Epoch 92/100	Loss 26.7318 ± 0.8719
INFO:kbc-cli.py:Epoch 93/100	Loss 26.6881 ± 0.8601
INFO:kbc-cli.py:Epoch 93/100	dev results	MRR 0.115387	H@1 0.069400	H@3 0.121100	H@5 0.144700	H@10 0.197900	H@20 0.262700	H@50 0.373100	H@100 0.469500
INFO:kbc-cli.py:Epoch 93/100	test results	MRR 0.117239	H@1 0.071100	H@3 0.122400	H@5 0.149400	H@10 0.200800	H@20 0.265600	H@50 0.375200	H@100 0.469100
INFO:kbc-cli.py:Epoch 94/100	Loss 26.6454 ± 0.8547
INFO:kbc-cli.py:Epoch 95/100	Loss 26.6038 ± 0.8407
INFO:kbc-cli.py:Epoch 96/100	Loss 26.5632 ± 0.8417
INFO:kbc-cli.py:Epoch 96/100	dev results	MRR 0.116220	H@1 0.070400	H@3 0.121800	H@5 0.146600	H@10 0.198300	H@20 0.264000	H@50 0.374600	H@100 0.470300
INFO:kbc-cli.py:Epoch 96/100	test results	MRR 0.117834	H@1 0.071300	H@3 0.123500	H@5 0.149900	H@10 0.201300	H@20 0.266900	H@50 0.374400	H@100 0.472100
INFO:kbc-cli.py:Epoch 97/100	Loss 26.5236 ± 0.8238
INFO:kbc-cli.py:Epoch 98/100	Loss 26.4848 ± 0.8207
INFO:kbc-cli.py:Epoch 99/100	Loss 26.4469 ± 0.8054
INFO:kbc-cli.py:Epoch 99/100	dev results	MRR 0.116549	H@1 0.070400	H@3 0.122000	H@5 0.145700	H@10 0.200400	H@20 0.265000	H@50 0.375000	H@100 0.470500
INFO:kbc-cli.py:Epoch 99/100	test results	MRR 0.118252	H@1 0.072100	H@3 0.123400	H@5 0.150000	H@10 0.201600	H@20 0.266600	H@50 0.376900	H@100 0.472500
INFO:kbc-cli.py:Epoch 100/100	Loss 26.4100 ± 0.8033
INFO:kbc-cli.py:Final 	dev results	MRR 0.116962	H@1 0.071200	H@3 0.122600	H@5 0.146800	H@10 0.199100	H@20 0.265000	H@50 0.375600	H@100 0.471200
INFO:kbc-cli.py:Final 	test results	MRR 0.118146	H@1 0.071200	H@3 0.124400	H@5 0.150900	H@10 0.201100	H@20 0.267300	H@50 0.378000	H@100 0.472400
INFO:kbc-cli.py:Training finished
