./bin/kbc-cli.py --train data/yago3-10/train.tsv --dev data/yago3-10/dev.tsv --test data/yago3-10/test.tsv -m complex -k 500 -b 100 -e 100 --F2 0.001 --N3 0 -l 0.1 -I standard -V 3 -o adagrad -c so -q
{'F2': 0.001,
 'N3': 0.0,
 'batch_size': 100,
 'corruption': 'so',
 'dev': 'data/yago3-10/dev.tsv',
 'embedding_size': 500,
 'epochs': 100,
 'eval_batch_size': None,
 'input_type': 'standard',
 'learning_rate': 0.1,
 'load': None,
 'model': 'complex',
 'optimizer': 'adagrad',
 'quiet': True,
 'save': None,
 'seed': 0,
 'test': 'data/yago3-10/test.tsv',
 'test_i': None,
 'test_ii': None,
 'train': 'data/yago3-10/train.tsv',
 'validate_every': 3}
INFO:kbc-cli.py:Device: cuda
INFO:kbc-cli.py:Model state:
INFO:kbc-cli.py:	entities.weight	torch.Size([123182, 1000])
INFO:kbc-cli.py:	predicates.weight	torch.Size([37, 1000])
INFO:kbc-cli.py:Epoch 1/100	Loss 16.0520 ± 2.3183
INFO:kbc-cli.py:Epoch 2/100	Loss 10.0058 ± 0.2833
INFO:kbc-cli.py:Epoch 3/100	Loss 8.6242 ± 0.3449
INFO:kbc-cli.py:Epoch 3/100	dev results	MRR 0.453283	H@1 0.365200	H@3 0.496500	H@5 0.549700	H@10 0.622000	H@20 0.686300	H@50 0.757900	H@100 0.795600
INFO:kbc-cli.py:Epoch 3/100	test results	MRR 0.455983	H@1 0.367900	H@3 0.502400	H@5 0.554400	H@10 0.623600	H@20 0.685300	H@50 0.755100	H@100 0.793400
INFO:kbc-cli.py:Epoch 4/100	Loss 8.1816 ± 0.3491
INFO:kbc-cli.py:Epoch 5/100	Loss 7.9465 ± 0.3458
INFO:kbc-cli.py:Epoch 6/100	Loss 7.7951 ± 0.3379
INFO:kbc-cli.py:Epoch 6/100	dev results	MRR 0.513813	H@1 0.430300	H@3 0.560400	H@5 0.610900	H@10 0.668700	H@20 0.723500	H@50 0.775600	H@100 0.808600
INFO:kbc-cli.py:Epoch 6/100	test results	MRR 0.511536	H@1 0.428100	H@3 0.557300	H@5 0.608400	H@10 0.668100	H@20 0.719000	H@50 0.775600	H@100 0.809900
INFO:kbc-cli.py:Epoch 7/100	Loss 7.6860 ± 0.3332
INFO:kbc-cli.py:Epoch 8/100	Loss 7.6023 ± 0.3287
INFO:kbc-cli.py:Epoch 9/100	Loss 7.5354 ± 0.3236
INFO:kbc-cli.py:Epoch 9/100	dev results	MRR 0.535350	H@1 0.450700	H@3 0.586800	H@5 0.635500	H@10 0.688900	H@20 0.730100	H@50 0.777500	H@100 0.810700
INFO:kbc-cli.py:Epoch 9/100	test results	MRR 0.530181	H@1 0.446100	H@3 0.578800	H@5 0.628900	H@10 0.681800	H@20 0.728600	H@50 0.781100	H@100 0.813500
INFO:kbc-cli.py:Epoch 10/100	Loss 7.4798 ± 0.3209
INFO:kbc-cli.py:Epoch 11/100	Loss 7.4329 ± 0.3131
INFO:kbc-cli.py:Epoch 12/100	Loss 7.3929 ± 0.3068
INFO:kbc-cli.py:Epoch 12/100	dev results	MRR 0.547454	H@1 0.466500	H@3 0.598700	H@5 0.641900	H@10 0.693400	H@20 0.734300	H@50 0.780600	H@100 0.811900
INFO:kbc-cli.py:Epoch 12/100	test results	MRR 0.548861	H@1 0.470600	H@3 0.595100	H@5 0.639700	H@10 0.689000	H@20 0.732000	H@50 0.782200	H@100 0.815100
INFO:kbc-cli.py:Epoch 13/100	Loss 7.3576 ± 0.3098
INFO:kbc-cli.py:Epoch 14/100	Loss 7.3263 ± 0.3049
INFO:kbc-cli.py:Epoch 15/100	Loss 7.2984 ± 0.3023
INFO:kbc-cli.py:Epoch 15/100	dev results	MRR 0.556588	H@1 0.477700	H@3 0.607400	H@5 0.648900	H@10 0.695800	H@20 0.736300	H@50 0.781400	H@100 0.812400
INFO:kbc-cli.py:Epoch 15/100	test results	MRR 0.552535	H@1 0.473100	H@3 0.601300	H@5 0.644900	H@10 0.692400	H@20 0.735000	H@50 0.782200	H@100 0.815500
INFO:kbc-cli.py:Epoch 16/100	Loss 7.2734 ± 0.3013
INFO:kbc-cli.py:Epoch 17/100	Loss 7.2507 ± 0.2947
INFO:kbc-cli.py:Epoch 18/100	Loss 7.2298 ± 0.2930
INFO:kbc-cli.py:Epoch 18/100	dev results	MRR 0.561540	H@1 0.486000	H@3 0.609000	H@5 0.652200	H@10 0.697700	H@20 0.736800	H@50 0.782700	H@100 0.813300
INFO:kbc-cli.py:Epoch 18/100	test results	MRR 0.557344	H@1 0.479900	H@3 0.604900	H@5 0.649200	H@10 0.693900	H@20 0.737900	H@50 0.782500	H@100 0.816300
INFO:kbc-cli.py:Epoch 19/100	Loss 7.2105 ± 0.2945
INFO:kbc-cli.py:Epoch 20/100	Loss 7.1930 ± 0.2927
INFO:kbc-cli.py:Epoch 21/100	Loss 7.1765 ± 0.2877
INFO:kbc-cli.py:Epoch 21/100	dev results	MRR 0.565313	H@1 0.489800	H@3 0.613300	H@5 0.656400	H@10 0.700100	H@20 0.737200	H@50 0.784300	H@100 0.814500
INFO:kbc-cli.py:Epoch 21/100	test results	MRR 0.562141	H@1 0.486600	H@3 0.607500	H@5 0.649800	H@10 0.695200	H@20 0.738800	H@50 0.783000	H@100 0.817400
INFO:kbc-cli.py:Epoch 22/100	Loss 7.1612 ± 0.2903
INFO:kbc-cli.py:Epoch 23/100	Loss 7.1469 ± 0.2867
INFO:kbc-cli.py:Epoch 24/100	Loss 7.1335 ± 0.2858
INFO:kbc-cli.py:Epoch 24/100	dev results	MRR 0.567865	H@1 0.492000	H@3 0.616300	H@5 0.657800	H@10 0.701400	H@20 0.740300	H@50 0.784300	H@100 0.816100
INFO:kbc-cli.py:Epoch 24/100	test results	MRR 0.564747	H@1 0.489300	H@3 0.611800	H@5 0.653600	H@10 0.697200	H@20 0.739200	H@50 0.785000	H@100 0.818100
INFO:kbc-cli.py:Epoch 25/100	Loss 7.1208 ± 0.2802
INFO:kbc-cli.py:Epoch 26/100	Loss 7.1090 ± 0.2805
INFO:kbc-cli.py:Epoch 27/100	Loss 7.0978 ± 0.2843
INFO:kbc-cli.py:Epoch 27/100	dev results	MRR 0.569636	H@1 0.495900	H@3 0.614200	H@5 0.655600	H@10 0.700400	H@20 0.739200	H@50 0.783600	H@100 0.815600
INFO:kbc-cli.py:Epoch 27/100	test results	MRR 0.565476	H@1 0.490500	H@3 0.611700	H@5 0.653500	H@10 0.696700	H@20 0.738600	H@50 0.784700	H@100 0.818000
INFO:kbc-cli.py:Epoch 28/100	Loss 7.0870 ± 0.2807
INFO:kbc-cli.py:Epoch 29/100	Loss 7.0770 ± 0.2755
INFO:kbc-cli.py:Epoch 30/100	Loss 7.0675 ± 0.2777
INFO:kbc-cli.py:Epoch 30/100	dev results	MRR 0.569266	H@1 0.495100	H@3 0.615500	H@5 0.657000	H@10 0.703100	H@20 0.738300	H@50 0.785000	H@100 0.816400
INFO:kbc-cli.py:Epoch 30/100	test results	MRR 0.568053	H@1 0.493500	H@3 0.613900	H@5 0.654900	H@10 0.699000	H@20 0.739000	H@50 0.784900	H@100 0.817000
INFO:kbc-cli.py:Epoch 31/100	Loss 7.0582 ± 0.2773
INFO:kbc-cli.py:Epoch 32/100	Loss 7.0495 ± 0.2748
INFO:kbc-cli.py:Epoch 33/100	Loss 7.0410 ± 0.2728
INFO:kbc-cli.py:Epoch 33/100	dev results	MRR 0.571264	H@1 0.497700	H@3 0.617000	H@5 0.659100	H@10 0.703200	H@20 0.738900	H@50 0.785000	H@100 0.815500
INFO:kbc-cli.py:Epoch 33/100	test results	MRR 0.566942	H@1 0.490700	H@3 0.615900	H@5 0.655000	H@10 0.698700	H@20 0.740200	H@50 0.785300	H@100 0.817700
INFO:kbc-cli.py:Epoch 34/100	Loss 7.0330 ± 0.2706
INFO:kbc-cli.py:Epoch 35/100	Loss 7.0254 ± 0.2717
INFO:kbc-cli.py:Epoch 36/100	Loss 7.0182 ± 0.2734
INFO:kbc-cli.py:Epoch 36/100	dev results	MRR 0.571702	H@1 0.499000	H@3 0.616200	H@5 0.657700	H@10 0.701100	H@20 0.740200	H@50 0.784900	H@100 0.816400
INFO:kbc-cli.py:Epoch 36/100	test results	MRR 0.568010	H@1 0.492800	H@3 0.613900	H@5 0.656900	H@10 0.700100	H@20 0.740800	H@50 0.786600	H@100 0.819900
INFO:kbc-cli.py:Epoch 37/100	Loss 7.0108 ± 0.2706
INFO:kbc-cli.py:Epoch 38/100	Loss 7.0042 ± 0.2706
INFO:kbc-cli.py:Epoch 39/100	Loss 6.9977 ± 0.2659
INFO:kbc-cli.py:Epoch 39/100	dev results	MRR 0.572629	H@1 0.498900	H@3 0.619500	H@5 0.659500	H@10 0.702900	H@20 0.738400	H@50 0.785000	H@100 0.816800
INFO:kbc-cli.py:Epoch 39/100	test results	MRR 0.569121	H@1 0.493700	H@3 0.618000	H@5 0.658000	H@10 0.700300	H@20 0.740900	H@50 0.785700	H@100 0.818400
INFO:kbc-cli.py:Epoch 40/100	Loss 6.9912 ± 0.2691
INFO:kbc-cli.py:Epoch 41/100	Loss 6.9852 ± 0.2694
INFO:kbc-cli.py:Epoch 42/100	Loss 6.9793 ± 0.2650
INFO:kbc-cli.py:Epoch 42/100	dev results	MRR 0.572283	H@1 0.499100	H@3 0.618500	H@5 0.658900	H@10 0.703200	H@20 0.738700	H@50 0.784600	H@100 0.816500
INFO:kbc-cli.py:Epoch 42/100	test results	MRR 0.571194	H@1 0.497200	H@3 0.616900	H@5 0.657100	H@10 0.700100	H@20 0.742000	H@50 0.785700	H@100 0.819600
INFO:kbc-cli.py:Epoch 43/100	Loss 6.9734 ± 0.2683
INFO:kbc-cli.py:Epoch 44/100	Loss 6.9681 ± 0.2658
INFO:kbc-cli.py:Epoch 45/100	Loss 6.9627 ± 0.2640
INFO:kbc-cli.py:Epoch 45/100	dev results	MRR 0.573415	H@1 0.500500	H@3 0.618300	H@5 0.659400	H@10 0.703800	H@20 0.739200	H@50 0.785500	H@100 0.817600
INFO:kbc-cli.py:Epoch 45/100	test results	MRR 0.572009	H@1 0.497700	H@3 0.618200	H@5 0.658700	H@10 0.701900	H@20 0.741600	H@50 0.785700	H@100 0.819700
INFO:kbc-cli.py:Epoch 46/100	Loss 6.9576 ± 0.2631
INFO:kbc-cli.py:Epoch 47/100	Loss 6.9525 ± 0.2634
INFO:kbc-cli.py:Epoch 48/100	Loss 6.9476 ± 0.2632
INFO:kbc-cli.py:Epoch 48/100	dev results	MRR 0.571758	H@1 0.498100	H@3 0.617600	H@5 0.659800	H@10 0.703200	H@20 0.739300	H@50 0.784800	H@100 0.817000
INFO:kbc-cli.py:Epoch 48/100	test results	MRR 0.571650	H@1 0.497200	H@3 0.618500	H@5 0.659700	H@10 0.701200	H@20 0.742100	H@50 0.786400	H@100 0.820300
INFO:kbc-cli.py:Epoch 49/100	Loss 6.9430 ± 0.2628
INFO:kbc-cli.py:Epoch 50/100	Loss 6.9383 ± 0.2615
INFO:kbc-cli.py:Epoch 51/100	Loss 6.9340 ± 0.2615
INFO:kbc-cli.py:Epoch 51/100	dev results	MRR 0.573185	H@1 0.500400	H@3 0.619000	H@5 0.660000	H@10 0.703800	H@20 0.740000	H@50 0.786200	H@100 0.817200
INFO:kbc-cli.py:Epoch 51/100	test results	MRR 0.572144	H@1 0.497700	H@3 0.619700	H@5 0.657700	H@10 0.700900	H@20 0.744300	H@50 0.786600	H@100 0.820000
INFO:kbc-cli.py:Epoch 52/100	Loss 6.9296 ± 0.2636
INFO:kbc-cli.py:Epoch 53/100	Loss 6.9254 ± 0.2567
INFO:kbc-cli.py:Epoch 54/100	Loss 6.9213 ± 0.2596
INFO:kbc-cli.py:Epoch 54/100	dev results	MRR 0.573128	H@1 0.500200	H@3 0.617400	H@5 0.660200	H@10 0.703000	H@20 0.739700	H@50 0.785900	H@100 0.816200
INFO:kbc-cli.py:Epoch 54/100	test results	MRR 0.573494	H@1 0.500300	H@3 0.619200	H@5 0.658200	H@10 0.699700	H@20 0.742900	H@50 0.786200	H@100 0.820900
INFO:kbc-cli.py:Epoch 55/100	Loss 6.9173 ± 0.2575
INFO:kbc-cli.py:Epoch 56/100	Loss 6.9135 ± 0.2557
INFO:kbc-cli.py:Epoch 57/100	Loss 6.9096 ± 0.2574
INFO:kbc-cli.py:Epoch 57/100	dev results	MRR 0.571600	H@1 0.497300	H@3 0.619000	H@5 0.659500	H@10 0.702300	H@20 0.740400	H@50 0.785500	H@100 0.816700
INFO:kbc-cli.py:Epoch 57/100	test results	MRR 0.572738	H@1 0.499100	H@3 0.618800	H@5 0.660100	H@10 0.700700	H@20 0.742200	H@50 0.786700	H@100 0.820500
INFO:kbc-cli.py:Epoch 58/100	Loss 6.9059 ± 0.2569
INFO:kbc-cli.py:Epoch 59/100	Loss 6.9022 ± 0.2575
INFO:kbc-cli.py:Epoch 60/100	Loss 6.8989 ± 0.2576
INFO:kbc-cli.py:Epoch 60/100	dev results	MRR 0.574107	H@1 0.501300	H@3 0.619500	H@5 0.659200	H@10 0.702800	H@20 0.739700	H@50 0.786500	H@100 0.816700
INFO:kbc-cli.py:Epoch 60/100	test results	MRR 0.573740	H@1 0.500800	H@3 0.618900	H@5 0.658300	H@10 0.700800	H@20 0.743300	H@50 0.786700	H@100 0.820700
INFO:kbc-cli.py:Epoch 61/100	Loss 6.8952 ± 0.2563
INFO:kbc-cli.py:Epoch 62/100	Loss 6.8920 ± 0.2591
INFO:kbc-cli.py:Epoch 63/100	Loss 6.8887 ± 0.2554
INFO:kbc-cli.py:Epoch 63/100	dev results	MRR 0.572846	H@1 0.500000	H@3 0.618500	H@5 0.659600	H@10 0.703500	H@20 0.738300	H@50 0.785600	H@100 0.817100
INFO:kbc-cli.py:Epoch 63/100	test results	MRR 0.573663	H@1 0.500300	H@3 0.620900	H@5 0.659000	H@10 0.699900	H@20 0.743100	H@50 0.786100	H@100 0.820100
INFO:kbc-cli.py:Epoch 64/100	Loss 6.8854 ± 0.2514
INFO:kbc-cli.py:Epoch 65/100	Loss 6.8824 ± 0.2522
INFO:kbc-cli.py:Epoch 66/100	Loss 6.8793 ± 0.2543
INFO:kbc-cli.py:Epoch 66/100	dev results	MRR 0.572964	H@1 0.499300	H@3 0.617400	H@5 0.660100	H@10 0.701800	H@20 0.739500	H@50 0.785300	H@100 0.816600
INFO:kbc-cli.py:Epoch 66/100	test results	MRR 0.574123	H@1 0.501500	H@3 0.618800	H@5 0.658500	H@10 0.701400	H@20 0.742500	H@50 0.786500	H@100 0.820000
INFO:kbc-cli.py:Epoch 67/100	Loss 6.8762 ± 0.2549
INFO:kbc-cli.py:Epoch 68/100	Loss 6.8733 ± 0.2552
INFO:kbc-cli.py:Epoch 69/100	Loss 6.8706 ± 0.2569
INFO:kbc-cli.py:Epoch 69/100	dev results	MRR 0.572757	H@1 0.500800	H@3 0.616600	H@5 0.659200	H@10 0.702900	H@20 0.739900	H@50 0.785600	H@100 0.817200
INFO:kbc-cli.py:Epoch 69/100	test results	MRR 0.574624	H@1 0.502100	H@3 0.620200	H@5 0.658500	H@10 0.701400	H@20 0.743200	H@50 0.786700	H@100 0.820900
INFO:kbc-cli.py:Epoch 70/100	Loss 6.8676 ± 0.2531
INFO:kbc-cli.py:Epoch 71/100	Loss 6.8649 ± 0.2524
INFO:kbc-cli.py:Epoch 72/100	Loss 6.8622 ± 0.2512
INFO:kbc-cli.py:Epoch 72/100	dev results	MRR 0.573223	H@1 0.501000	H@3 0.618200	H@5 0.658800	H@10 0.702000	H@20 0.740100	H@50 0.786700	H@100 0.816700
INFO:kbc-cli.py:Epoch 72/100	test results	MRR 0.574357	H@1 0.501100	H@3 0.620200	H@5 0.659100	H@10 0.702600	H@20 0.743300	H@50 0.786200	H@100 0.821500
INFO:kbc-cli.py:Epoch 73/100	Loss 6.8596 ± 0.2546
INFO:kbc-cli.py:Epoch 74/100	Loss 6.8571 ± 0.2503
INFO:kbc-cli.py:Epoch 75/100	Loss 6.8544 ± 0.2540
INFO:kbc-cli.py:Epoch 75/100	dev results	MRR 0.574407	H@1 0.502600	H@3 0.619200	H@5 0.659700	H@10 0.702400	H@20 0.739500	H@50 0.785500	H@100 0.817100
INFO:kbc-cli.py:Epoch 75/100	test results	MRR 0.574519	H@1 0.501600	H@3 0.619600	H@5 0.659400	H@10 0.702100	H@20 0.743700	H@50 0.787500	H@100 0.820200
INFO:kbc-cli.py:Epoch 76/100	Loss 6.8520 ± 0.2517
INFO:kbc-cli.py:Epoch 77/100	Loss 6.8495 ± 0.2527
INFO:kbc-cli.py:Epoch 78/100	Loss 6.8471 ± 0.2536
INFO:kbc-cli.py:Epoch 78/100	dev results	MRR 0.574061	H@1 0.502700	H@3 0.617600	H@5 0.658500	H@10 0.701900	H@20 0.739800	H@50 0.786300	H@100 0.817200
INFO:kbc-cli.py:Epoch 78/100	test results	MRR 0.574824	H@1 0.502100	H@3 0.619800	H@5 0.658400	H@10 0.701400	H@20 0.742800	H@50 0.786500	H@100 0.820600
INFO:kbc-cli.py:Epoch 79/100	Loss 6.8447 ± 0.2489
INFO:kbc-cli.py:Epoch 80/100	Loss 6.8425 ± 0.2500
INFO:kbc-cli.py:Epoch 81/100	Loss 6.8402 ± 0.2510
INFO:kbc-cli.py:Epoch 81/100	dev results	MRR 0.572337	H@1 0.498600	H@3 0.617900	H@5 0.658800	H@10 0.702300	H@20 0.738900	H@50 0.786400	H@100 0.817000
INFO:kbc-cli.py:Epoch 81/100	test results	MRR 0.574732	H@1 0.501700	H@3 0.619400	H@5 0.659600	H@10 0.702200	H@20 0.743300	H@50 0.787000	H@100 0.820700
INFO:kbc-cli.py:Epoch 82/100	Loss 6.8379 ± 0.2510
INFO:kbc-cli.py:Epoch 83/100	Loss 6.8357 ± 0.2505
INFO:kbc-cli.py:Epoch 84/100	Loss 6.8336 ± 0.2475
INFO:kbc-cli.py:Epoch 84/100	dev results	MRR 0.573427	H@1 0.501200	H@3 0.618200	H@5 0.658200	H@10 0.701900	H@20 0.740600	H@50 0.785800	H@100 0.816000
INFO:kbc-cli.py:Epoch 84/100	test results	MRR 0.573878	H@1 0.500300	H@3 0.620400	H@5 0.657600	H@10 0.702100	H@20 0.742500	H@50 0.787200	H@100 0.820900
INFO:kbc-cli.py:Epoch 85/100	Loss 6.8314 ± 0.2467
INFO:kbc-cli.py:Epoch 86/100	Loss 6.8293 ± 0.2460
INFO:kbc-cli.py:Epoch 87/100	Loss 6.8273 ± 0.2500
INFO:kbc-cli.py:Epoch 87/100	dev results	MRR 0.573304	H@1 0.501400	H@3 0.618200	H@5 0.657800	H@10 0.700900	H@20 0.739700	H@50 0.786300	H@100 0.817000
INFO:kbc-cli.py:Epoch 87/100	test results	MRR 0.574630	H@1 0.501400	H@3 0.620100	H@5 0.657400	H@10 0.702200	H@20 0.743500	H@50 0.786600	H@100 0.821500
INFO:kbc-cli.py:Epoch 88/100	Loss 6.8253 ± 0.2502
INFO:kbc-cli.py:Epoch 89/100	Loss 6.8233 ± 0.2507
INFO:kbc-cli.py:Epoch 90/100	Loss 6.8213 ± 0.2511
INFO:kbc-cli.py:Epoch 90/100	dev results	MRR 0.574157	H@1 0.503300	H@3 0.615500	H@5 0.658400	H@10 0.701700	H@20 0.739800	H@50 0.786800	H@100 0.816500
INFO:kbc-cli.py:Epoch 90/100	test results	MRR 0.575149	H@1 0.502900	H@3 0.620500	H@5 0.658100	H@10 0.701900	H@20 0.742900	H@50 0.787400	H@100 0.820700
INFO:kbc-cli.py:Epoch 91/100	Loss 6.8195 ± 0.2484
INFO:kbc-cli.py:Epoch 92/100	Loss 6.8176 ± 0.2508
INFO:kbc-cli.py:Epoch 93/100	Loss 6.8157 ± 0.2496
INFO:kbc-cli.py:Epoch 93/100	dev results	MRR 0.574025	H@1 0.502800	H@3 0.617200	H@5 0.658400	H@10 0.702000	H@20 0.740300	H@50 0.786700	H@100 0.816700
INFO:kbc-cli.py:Epoch 93/100	test results	MRR 0.573930	H@1 0.500400	H@3 0.619200	H@5 0.659000	H@10 0.701400	H@20 0.743100	H@50 0.787200	H@100 0.820000
INFO:kbc-cli.py:Epoch 94/100	Loss 6.8139 ± 0.2468
INFO:kbc-cli.py:Epoch 95/100	Loss 6.8120 ± 0.2496
INFO:kbc-cli.py:Epoch 96/100	Loss 6.8103 ± 0.2476
INFO:kbc-cli.py:Epoch 96/100	dev results	MRR 0.572887	H@1 0.500800	H@3 0.616800	H@5 0.656800	H@10 0.702600	H@20 0.739800	H@50 0.787000	H@100 0.816600
INFO:kbc-cli.py:Epoch 96/100	test results	MRR 0.574897	H@1 0.502000	H@3 0.619100	H@5 0.656800	H@10 0.702700	H@20 0.743400	H@50 0.787900	H@100 0.820600
INFO:kbc-cli.py:Epoch 97/100	Loss 6.8086 ± 0.2472
INFO:kbc-cli.py:Epoch 98/100	Loss 6.8068 ± 0.2452
INFO:kbc-cli.py:Epoch 99/100	Loss 6.8051 ± 0.2484
INFO:kbc-cli.py:Epoch 99/100	dev results	MRR 0.574094	H@1 0.502100	H@3 0.618800	H@5 0.658600	H@10 0.702500	H@20 0.740500	H@50 0.786700	H@100 0.816700
INFO:kbc-cli.py:Epoch 99/100	test results	MRR 0.575833	H@1 0.503200	H@3 0.621100	H@5 0.658400	H@10 0.702600	H@20 0.743800	H@50 0.787800	H@100 0.820900
INFO:kbc-cli.py:Epoch 100/100	Loss 6.8034 ± 0.2483
INFO:kbc-cli.py:Final 	dev results	MRR 0.574035	H@1 0.503000	H@3 0.617700	H@5 0.657400	H@10 0.702600	H@20 0.739700	H@50 0.786600	H@100 0.816800
INFO:kbc-cli.py:Final 	test results	MRR 0.575913	H@1 0.503900	H@3 0.620400	H@5 0.657800	H@10 0.702100	H@20 0.743700	H@50 0.787500	H@100 0.820400
INFO:kbc-cli.py:Training finished
