./bin/kbc-cli.py --train data/hetionet/train.tsv --dev data/hetionet/valid.tsv --test data/hetionet/test.tsv -m complex -k 500 -b 500 -e 100 --F2 0 --N3 0.05 -l 0.1 -I standard -V 3 -o adagrad -c so -q
{'F2': 0.0,
 'N3': 0.05,
 'batch_size': 500,
 'corruption': 'so',
 'dev': 'data/hetionet/valid.tsv',
 'embedding_size': 500,
 'epochs': 100,
 'eval_batch_size': None,
 'input_type': 'standard',
 'learning_rate': 0.1,
 'load': None,
 'model': 'complex',
 'optimizer': 'adagrad',
 'quiet': True,
 'save': None,
 'seed': 0,
 'test': 'data/hetionet/test.tsv',
 'test_i': None,
 'test_ii': None,
 'train': 'data/hetionet/train.tsv',
 'validate_every': 3}
INFO:kbc-cli.py:Device: cuda
INFO:kbc-cli.py:Model state:
INFO:kbc-cli.py:	entities.weight	torch.Size([45160, 1000])
INFO:kbc-cli.py:	predicates.weight	torch.Size([25, 1000])
INFO:kbc-cli.py:Epoch 1/100	Loss 18.9234 ± 1.5290
INFO:kbc-cli.py:Epoch 2/100	Loss 16.4341 ± 0.3280
INFO:kbc-cli.py:Epoch 3/100	Loss 15.8274 ± 0.2536
INFO:kbc-cli.py:Epoch 3/100	dev results	MRR 0.286581	H@1 0.216190	H@3 0.309590	H@5 0.356440	H@10 0.425260	H@20 0.497460	H@50 0.586230	H@100 0.649950
INFO:kbc-cli.py:Epoch 3/100	test results	MRR 0.287926	H@1 0.217730	H@3 0.311460	H@5 0.358100	H@10 0.425850	H@20 0.496800	H@50 0.584280	H@100 0.649320
INFO:kbc-cli.py:Epoch 4/100	Loss 15.5119 ± 0.2252
INFO:kbc-cli.py:Epoch 5/100	Loss 15.3093 ± 0.2160
INFO:kbc-cli.py:Epoch 6/100	Loss 15.1652 ± 0.1975
INFO:kbc-cli.py:Epoch 6/100	dev results	MRR 0.318773	H@1 0.246550	H@3 0.343900	H@5 0.392830	H@10 0.461440	H@20 0.531480	H@50 0.616480	H@100 0.679460
INFO:kbc-cli.py:Epoch 6/100	test results	MRR 0.321131	H@1 0.249370	H@3 0.346380	H@5 0.394180	H@10 0.463510	H@20 0.531570	H@50 0.615610	H@100 0.678050
INFO:kbc-cli.py:Epoch 7/100	Loss 15.0555 ± 0.1906
INFO:kbc-cli.py:Epoch 8/100	Loss 14.9684 ± 0.1842
INFO:kbc-cli.py:Epoch 9/100	Loss 14.8975 ± 0.1789
INFO:kbc-cli.py:Epoch 9/100	dev results	MRR 0.334454	H@1 0.261350	H@3 0.361400	H@5 0.409320	H@10 0.477220	H@20 0.546110	H@50 0.629270	H@100 0.690860
INFO:kbc-cli.py:Epoch 9/100	test results	MRR 0.336230	H@1 0.263850	H@3 0.362840	H@5 0.410770	H@10 0.478770	H@20 0.545690	H@50 0.628640	H@100 0.689470
INFO:kbc-cli.py:Epoch 10/100	Loss 14.8381 ± 0.1728
INFO:kbc-cli.py:Epoch 11/100	Loss 14.7879 ± 0.1656
INFO:kbc-cli.py:Epoch 12/100	Loss 14.7445 ± 0.1649
INFO:kbc-cli.py:Epoch 12/100	dev results	MRR 0.341679	H@1 0.268820	H@3 0.368570	H@5 0.417500	H@10 0.485020	H@20 0.553820	H@50 0.635430	H@100 0.697800
INFO:kbc-cli.py:Epoch 12/100	test results	MRR 0.343195	H@1 0.270640	H@3 0.370620	H@5 0.418320	H@10 0.485700	H@20 0.553230	H@50 0.635300	H@100 0.696350
INFO:kbc-cli.py:Epoch 13/100	Loss 14.7066 ± 0.1601
INFO:kbc-cli.py:Epoch 14/100	Loss 14.6731 ± 0.1572
INFO:kbc-cli.py:Epoch 15/100	Loss 14.6432 ± 0.1543
INFO:kbc-cli.py:Epoch 15/100	dev results	MRR 0.347003	H@1 0.273630	H@3 0.373990	H@5 0.423310	H@10 0.490420	H@20 0.558470	H@50 0.641200	H@100 0.701350
INFO:kbc-cli.py:Epoch 15/100	test results	MRR 0.348081	H@1 0.275020	H@3 0.376200	H@5 0.424300	H@10 0.490860	H@20 0.557710	H@50 0.639980	H@100 0.699620
INFO:kbc-cli.py:Epoch 16/100	Loss 14.6163 ± 0.1498
INFO:kbc-cli.py:Epoch 17/100	Loss 14.5920 ± 0.1486
INFO:kbc-cli.py:Epoch 18/100	Loss 14.5700 ± 0.1468
INFO:kbc-cli.py:Epoch 18/100	dev results	MRR 0.350226	H@1 0.276540	H@3 0.377810	H@5 0.426630	H@10 0.494470	H@20 0.561780	H@50 0.643050	H@100 0.703450
INFO:kbc-cli.py:Epoch 18/100	test results	MRR 0.351814	H@1 0.278510	H@3 0.379210	H@5 0.428390	H@10 0.495300	H@20 0.561620	H@50 0.642470	H@100 0.703480
INFO:kbc-cli.py:Epoch 19/100	Loss 14.5497 ± 0.1452
INFO:kbc-cli.py:Epoch 20/100	Loss 14.5311 ± 0.1423
INFO:kbc-cli.py:Epoch 21/100	Loss 14.5139 ± 0.1409
INFO:kbc-cli.py:Epoch 21/100	dev results	MRR 0.353557	H@1 0.279640	H@3 0.382320	H@5 0.430780	H@10 0.498250	H@20 0.565140	H@50 0.646060	H@100 0.706770
INFO:kbc-cli.py:Epoch 21/100	test results	MRR 0.354423	H@1 0.280910	H@3 0.382140	H@5 0.431090	H@10 0.498670	H@20 0.564420	H@50 0.645350	H@100 0.705720
INFO:kbc-cli.py:Epoch 22/100	Loss 14.4979 ± 0.1417
INFO:kbc-cli.py:Epoch 23/100	Loss 14.4831 ± 0.1377
INFO:kbc-cli.py:Epoch 24/100	Loss 14.4692 ± 0.1356
INFO:kbc-cli.py:Epoch 24/100	dev results	MRR 0.355511	H@1 0.282410	H@3 0.382630	H@5 0.432180	H@10 0.499200	H@20 0.566720	H@50 0.647460	H@100 0.707230
INFO:kbc-cli.py:Epoch 24/100	test results	MRR 0.356680	H@1 0.283700	H@3 0.383850	H@5 0.432540	H@10 0.500570	H@20 0.566210	H@50 0.647180	H@100 0.707600
INFO:kbc-cli.py:Epoch 25/100	Loss 14.4563 ± 0.1346
INFO:kbc-cli.py:Epoch 26/100	Loss 14.4442 ± 0.1322
INFO:kbc-cli.py:Epoch 27/100	Loss 14.4327 ± 0.1301
INFO:kbc-cli.py:Epoch 27/100	dev results	MRR 0.357650	H@1 0.284390	H@3 0.385820	H@5 0.434060	H@10 0.502200	H@20 0.568180	H@50 0.649390	H@100 0.709090
INFO:kbc-cli.py:Epoch 27/100	test results	MRR 0.359078	H@1 0.286140	H@3 0.386200	H@5 0.434960	H@10 0.501800	H@20 0.567620	H@50 0.648860	H@100 0.708630
INFO:kbc-cli.py:Epoch 28/100	Loss 14.4219 ± 0.1280
INFO:kbc-cli.py:Epoch 29/100	Loss 14.4117 ± 0.1293
INFO:kbc-cli.py:Epoch 30/100	Loss 14.4020 ± 0.1289
INFO:kbc-cli.py:Epoch 30/100	dev results	MRR 0.359467	H@1 0.286310	H@3 0.386480	H@5 0.435130	H@10 0.503350	H@20 0.569310	H@50 0.651260	H@100 0.710870
INFO:kbc-cli.py:Epoch 30/100	test results	MRR 0.361250	H@1 0.288410	H@3 0.388120	H@5 0.436680	H@10 0.504020	H@20 0.569590	H@50 0.650910	H@100 0.710700
INFO:kbc-cli.py:Epoch 31/100	Loss 14.3928 ± 0.1267
INFO:kbc-cli.py:Epoch 32/100	Loss 14.3841 ± 0.1236
INFO:kbc-cli.py:Epoch 33/100	Loss 14.3758 ± 0.1239
INFO:kbc-cli.py:Epoch 33/100	dev results	MRR 0.362208	H@1 0.289090	H@3 0.390360	H@5 0.439150	H@10 0.505250	H@20 0.571040	H@50 0.652630	H@100 0.711420
INFO:kbc-cli.py:Epoch 33/100	test results	MRR 0.362914	H@1 0.289600	H@3 0.391830	H@5 0.439110	H@10 0.506000	H@20 0.571190	H@50 0.652490	H@100 0.711640
INFO:kbc-cli.py:Epoch 34/100	Loss 14.3679 ± 0.1246
INFO:kbc-cli.py:Epoch 35/100	Loss 14.3604 ± 0.1222
INFO:kbc-cli.py:Epoch 36/100	Loss 14.3532 ± 0.1209
INFO:kbc-cli.py:Epoch 36/100	dev results	MRR 0.361290	H@1 0.287030	H@3 0.390660	H@5 0.439070	H@10 0.505090	H@20 0.572340	H@50 0.653160	H@100 0.711930
INFO:kbc-cli.py:Epoch 36/100	test results	MRR 0.362850	H@1 0.289640	H@3 0.390720	H@5 0.439270	H@10 0.506610	H@20 0.572780	H@50 0.652170	H@100 0.712570
INFO:kbc-cli.py:Epoch 37/100	Loss 14.3463 ± 0.1206
INFO:kbc-cli.py:Epoch 38/100	Loss 14.3396 ± 0.1192
INFO:kbc-cli.py:Epoch 39/100	Loss 14.3333 ± 0.1174
INFO:kbc-cli.py:Epoch 39/100	dev results	MRR 0.363357	H@1 0.290170	H@3 0.390920	H@5 0.440400	H@10 0.506100	H@20 0.572150	H@50 0.654080	H@100 0.712860
INFO:kbc-cli.py:Epoch 39/100	test results	MRR 0.364416	H@1 0.291570	H@3 0.391790	H@5 0.440410	H@10 0.506950	H@20 0.573060	H@50 0.653130	H@100 0.712410
INFO:kbc-cli.py:Epoch 40/100	Loss 14.3273 ± 0.1175
INFO:kbc-cli.py:Epoch 41/100	Loss 14.3214 ± 0.1196
INFO:kbc-cli.py:Epoch 42/100	Loss 14.3158 ± 0.1168
INFO:kbc-cli.py:Epoch 42/100	dev results	MRR 0.362960	H@1 0.288820	H@3 0.391990	H@5 0.440180	H@10 0.506940	H@20 0.574050	H@50 0.654750	H@100 0.713670
INFO:kbc-cli.py:Epoch 42/100	test results	MRR 0.363975	H@1 0.290190	H@3 0.392950	H@5 0.440710	H@10 0.508180	H@20 0.574440	H@50 0.654170	H@100 0.713590
INFO:kbc-cli.py:Epoch 43/100	Loss 14.3103 ± 0.1185
INFO:kbc-cli.py:Epoch 44/100	Loss 14.3051 ± 0.1169
INFO:kbc-cli.py:Epoch 45/100	Loss 14.3001 ± 0.1150
INFO:kbc-cli.py:Epoch 45/100	dev results	MRR 0.365391	H@1 0.291760	H@3 0.393650	H@5 0.441900	H@10 0.508640	H@20 0.574510	H@50 0.655510	H@100 0.713720
INFO:kbc-cli.py:Epoch 45/100	test results	MRR 0.366088	H@1 0.292660	H@3 0.394370	H@5 0.441780	H@10 0.509080	H@20 0.574060	H@50 0.654820	H@100 0.714370
INFO:kbc-cli.py:Epoch 46/100	Loss 14.2952 ± 0.1155
INFO:kbc-cli.py:Epoch 47/100	Loss 14.2905 ± 0.1133
INFO:kbc-cli.py:Epoch 48/100	Loss 14.2860 ± 0.1120
INFO:kbc-cli.py:Epoch 48/100	dev results	MRR 0.365817	H@1 0.292140	H@3 0.394490	H@5 0.442490	H@10 0.509650	H@20 0.576030	H@50 0.655610	H@100 0.714830
INFO:kbc-cli.py:Epoch 48/100	test results	MRR 0.366965	H@1 0.293900	H@3 0.395090	H@5 0.442550	H@10 0.510180	H@20 0.575890	H@50 0.655190	H@100 0.714660
INFO:kbc-cli.py:Epoch 49/100	Loss 14.2816 ± 0.1139
INFO:kbc-cli.py:Epoch 50/100	Loss 14.2774 ± 0.1152
INFO:kbc-cli.py:Epoch 51/100	Loss 14.2732 ± 0.1147
INFO:kbc-cli.py:Epoch 51/100	dev results	MRR 0.366709	H@1 0.292980	H@3 0.395520	H@5 0.444000	H@10 0.510190	H@20 0.576430	H@50 0.656210	H@100 0.715310
INFO:kbc-cli.py:Epoch 51/100	test results	MRR 0.367723	H@1 0.294290	H@3 0.396350	H@5 0.444700	H@10 0.510700	H@20 0.576660	H@50 0.656630	H@100 0.715050
INFO:kbc-cli.py:Epoch 52/100	Loss 14.2693 ± 0.1133
INFO:kbc-cli.py:Epoch 53/100	Loss 14.2654 ± 0.1124
INFO:kbc-cli.py:Epoch 54/100	Loss 14.2616 ± 0.1118
INFO:kbc-cli.py:Epoch 54/100	dev results	MRR 0.366410	H@1 0.292430	H@3 0.394920	H@5 0.444450	H@10 0.509630	H@20 0.576560	H@50 0.656080	H@100 0.715000
INFO:kbc-cli.py:Epoch 54/100	test results	MRR 0.367656	H@1 0.294640	H@3 0.395320	H@5 0.443700	H@10 0.509780	H@20 0.577090	H@50 0.656060	H@100 0.715460
INFO:kbc-cli.py:Epoch 55/100	Loss 14.2580 ± 0.1139
INFO:kbc-cli.py:Epoch 56/100	Loss 14.2544 ± 0.1108
INFO:kbc-cli.py:Epoch 57/100	Loss 14.2510 ± 0.1099
INFO:kbc-cli.py:Epoch 57/100	dev results	MRR 0.367237	H@1 0.293500	H@3 0.396130	H@5 0.444420	H@10 0.510970	H@20 0.576530	H@50 0.657200	H@100 0.716040
INFO:kbc-cli.py:Epoch 57/100	test results	MRR 0.367989	H@1 0.294660	H@3 0.396510	H@5 0.444290	H@10 0.511410	H@20 0.577040	H@50 0.656360	H@100 0.716660
INFO:kbc-cli.py:Epoch 58/100	Loss 14.2476 ± 0.1128
INFO:kbc-cli.py:Epoch 59/100	Loss 14.2445 ± 0.1100
INFO:kbc-cli.py:Epoch 60/100	Loss 14.2412 ± 0.1121
INFO:kbc-cli.py:Epoch 60/100	dev results	MRR 0.368048	H@1 0.294500	H@3 0.396570	H@5 0.445450	H@10 0.511390	H@20 0.577020	H@50 0.657100	H@100 0.715260
INFO:kbc-cli.py:Epoch 60/100	test results	MRR 0.369120	H@1 0.296280	H@3 0.397290	H@5 0.445480	H@10 0.511030	H@20 0.576800	H@50 0.656950	H@100 0.716070
INFO:kbc-cli.py:Epoch 61/100	Loss 14.2382 ± 0.1088
INFO:kbc-cli.py:Epoch 62/100	Loss 14.2352 ± 0.1085
INFO:kbc-cli.py:Epoch 63/100	Loss 14.2322 ± 0.1099
INFO:kbc-cli.py:Epoch 63/100	dev results	MRR 0.368871	H@1 0.294980	H@3 0.398520	H@5 0.446210	H@10 0.512450	H@20 0.577900	H@50 0.657740	H@100 0.716690
INFO:kbc-cli.py:Epoch 63/100	test results	MRR 0.369767	H@1 0.296580	H@3 0.398110	H@5 0.445700	H@10 0.511840	H@20 0.578020	H@50 0.657490	H@100 0.716960
INFO:kbc-cli.py:Epoch 64/100	Loss 14.2294 ± 0.1088
INFO:kbc-cli.py:Epoch 65/100	Loss 14.2266 ± 0.1100
INFO:kbc-cli.py:Epoch 66/100	Loss 14.2239 ± 0.1105
INFO:kbc-cli.py:Epoch 66/100	dev results	MRR 0.369408	H@1 0.295740	H@3 0.398920	H@5 0.446750	H@10 0.511860	H@20 0.578450	H@50 0.657700	H@100 0.716370
INFO:kbc-cli.py:Epoch 66/100	test results	MRR 0.370944	H@1 0.298270	H@3 0.399140	H@5 0.447220	H@10 0.512680	H@20 0.578490	H@50 0.658220	H@100 0.716930
INFO:kbc-cli.py:Epoch 67/100	Loss 14.2213 ± 0.1085
INFO:kbc-cli.py:Epoch 68/100	Loss 14.2187 ± 0.1091
INFO:kbc-cli.py:Epoch 69/100	Loss 14.2161 ± 0.1077
INFO:kbc-cli.py:Epoch 69/100	dev results	MRR 0.369286	H@1 0.296020	H@3 0.397820	H@5 0.446540	H@10 0.512070	H@20 0.578200	H@50 0.658290	H@100 0.716880
INFO:kbc-cli.py:Epoch 69/100	test results	MRR 0.370217	H@1 0.297590	H@3 0.397840	H@5 0.446380	H@10 0.512250	H@20 0.579070	H@50 0.658310	H@100 0.717800
INFO:kbc-cli.py:Epoch 70/100	Loss 14.2137 ± 0.1077
INFO:kbc-cli.py:Epoch 71/100	Loss 14.2113 ± 0.1064
INFO:kbc-cli.py:Epoch 72/100	Loss 14.2088 ± 0.1085
INFO:kbc-cli.py:Epoch 72/100	dev results	MRR 0.368853	H@1 0.294940	H@3 0.398230	H@5 0.447470	H@10 0.512370	H@20 0.578200	H@50 0.658660	H@100 0.717060
INFO:kbc-cli.py:Epoch 72/100	test results	MRR 0.370258	H@1 0.297340	H@3 0.398710	H@5 0.446890	H@10 0.512290	H@20 0.578260	H@50 0.658970	H@100 0.717850
INFO:kbc-cli.py:Epoch 73/100	Loss 14.2066 ± 0.1081
INFO:kbc-cli.py:Epoch 74/100	Loss 14.2043 ± 0.1070
INFO:kbc-cli.py:Epoch 75/100	Loss 14.2021 ± 0.1062
INFO:kbc-cli.py:Epoch 75/100	dev results	MRR 0.369162	H@1 0.295630	H@3 0.397630	H@5 0.446340	H@10 0.512500	H@20 0.578280	H@50 0.658550	H@100 0.717010
INFO:kbc-cli.py:Epoch 75/100	test results	MRR 0.369954	H@1 0.296530	H@3 0.398510	H@5 0.447330	H@10 0.512260	H@20 0.578360	H@50 0.658570	H@100 0.718360
INFO:kbc-cli.py:Epoch 76/100	Loss 14.2000 ± 0.1081
INFO:kbc-cli.py:Epoch 77/100	Loss 14.1979 ± 0.1057
INFO:kbc-cli.py:Epoch 78/100	Loss 14.1958 ± 0.1055
INFO:kbc-cli.py:Epoch 78/100	dev results	MRR 0.370559	H@1 0.297330	H@3 0.399140	H@5 0.447380	H@10 0.513110	H@20 0.579450	H@50 0.659130	H@100 0.717340
INFO:kbc-cli.py:Epoch 78/100	test results	MRR 0.371107	H@1 0.297940	H@3 0.399550	H@5 0.447050	H@10 0.513370	H@20 0.579290	H@50 0.658970	H@100 0.717680
INFO:kbc-cli.py:Epoch 79/100	Loss 14.1938 ± 0.1060
INFO:kbc-cli.py:Epoch 80/100	Loss 14.1918 ± 0.1067
INFO:kbc-cli.py:Epoch 81/100	Loss 14.1899 ± 0.1046
INFO:kbc-cli.py:Epoch 81/100	dev results	MRR 0.369924	H@1 0.295840	H@3 0.398670	H@5 0.447600	H@10 0.513730	H@20 0.579430	H@50 0.659080	H@100 0.717410
INFO:kbc-cli.py:Epoch 81/100	test results	MRR 0.371481	H@1 0.298320	H@3 0.399900	H@5 0.447410	H@10 0.513560	H@20 0.579150	H@50 0.659020	H@100 0.718220
INFO:kbc-cli.py:Epoch 82/100	Loss 14.1880 ± 0.1062
INFO:kbc-cli.py:Epoch 83/100	Loss 14.1861 ± 0.1049
INFO:kbc-cli.py:Epoch 84/100	Loss 14.1842 ± 0.1058
INFO:kbc-cli.py:Epoch 84/100	dev results	MRR 0.370150	H@1 0.295950	H@3 0.399800	H@5 0.448350	H@10 0.514140	H@20 0.579620	H@50 0.659670	H@100 0.718190
INFO:kbc-cli.py:Epoch 84/100	test results	MRR 0.371101	H@1 0.297790	H@3 0.399230	H@5 0.448610	H@10 0.514530	H@20 0.579930	H@50 0.659550	H@100 0.718280
INFO:kbc-cli.py:Epoch 85/100	Loss 14.1825 ± 0.1052
INFO:kbc-cli.py:Epoch 86/100	Loss 14.1807 ± 0.1053
INFO:kbc-cli.py:Epoch 87/100	Loss 14.1790 ± 0.1032
INFO:kbc-cli.py:Epoch 87/100	dev results	MRR 0.371318	H@1 0.297840	H@3 0.400360	H@5 0.448490	H@10 0.514430	H@20 0.580210	H@50 0.660220	H@100 0.718380
INFO:kbc-cli.py:Epoch 87/100	test results	MRR 0.372080	H@1 0.299170	H@3 0.400200	H@5 0.448420	H@10 0.514150	H@20 0.579560	H@50 0.659890	H@100 0.719080
INFO:kbc-cli.py:Epoch 88/100	Loss 14.1773 ± 0.1042
INFO:kbc-cli.py:Epoch 89/100	Loss 14.1756 ± 0.1053
INFO:kbc-cli.py:Epoch 90/100	Loss 14.1740 ± 0.1047
INFO:kbc-cli.py:Epoch 90/100	dev results	MRR 0.370949	H@1 0.297230	H@3 0.399590	H@5 0.448870	H@10 0.514610	H@20 0.579640	H@50 0.660270	H@100 0.718270
INFO:kbc-cli.py:Epoch 90/100	test results	MRR 0.372044	H@1 0.299020	H@3 0.400280	H@5 0.447840	H@10 0.514150	H@20 0.579800	H@50 0.660160	H@100 0.718950
INFO:kbc-cli.py:Epoch 91/100	Loss 14.1724 ± 0.1035
INFO:kbc-cli.py:Epoch 92/100	Loss 14.1708 ± 0.1064
INFO:kbc-cli.py:Epoch 93/100	Loss 14.1693 ± 0.1047
INFO:kbc-cli.py:Epoch 93/100	dev results	MRR 0.371515	H@1 0.297480	H@3 0.400990	H@5 0.449750	H@10 0.514150	H@20 0.580600	H@50 0.660100	H@100 0.718710
INFO:kbc-cli.py:Epoch 93/100	test results	MRR 0.372552	H@1 0.299290	H@3 0.401150	H@5 0.449270	H@10 0.514430	H@20 0.581020	H@50 0.660130	H@100 0.719000
INFO:kbc-cli.py:Epoch 94/100	Loss 14.1677 ± 0.1029
INFO:kbc-cli.py:Epoch 95/100	Loss 14.1662 ± 0.1050
INFO:kbc-cli.py:Epoch 96/100	Loss 14.1648 ± 0.1040
INFO:kbc-cli.py:Epoch 96/100	dev results	MRR 0.370830	H@1 0.296570	H@3 0.400090	H@5 0.449170	H@10 0.514760	H@20 0.580020	H@50 0.660450	H@100 0.718310
INFO:kbc-cli.py:Epoch 96/100	test results	MRR 0.371815	H@1 0.298610	H@3 0.400100	H@5 0.448780	H@10 0.514190	H@20 0.580850	H@50 0.660910	H@100 0.719070
INFO:kbc-cli.py:Epoch 97/100	Loss 14.1633 ± 0.1026
INFO:kbc-cli.py:Epoch 98/100	Loss 14.1618 ± 0.1048
INFO:kbc-cli.py:Epoch 99/100	Loss 14.1605 ± 0.1030
INFO:kbc-cli.py:Epoch 99/100	dev results	MRR 0.371405	H@1 0.297070	H@3 0.401440	H@5 0.449160	H@10 0.515100	H@20 0.579920	H@50 0.660650	H@100 0.719210
INFO:kbc-cli.py:Epoch 99/100	test results	MRR 0.372800	H@1 0.299490	H@3 0.401920	H@5 0.449180	H@10 0.514610	H@20 0.580140	H@50 0.660400	H@100 0.719730
INFO:kbc-cli.py:Epoch 100/100	Loss 14.1591 ± 0.1024
INFO:kbc-cli.py:Final 	dev results	MRR 0.371802	H@1 0.298100	H@3 0.400990	H@5 0.449720	H@10 0.514780	H@20 0.579970	H@50 0.660390	H@100 0.719060
INFO:kbc-cli.py:Final 	test results	MRR 0.373112	H@1 0.300070	H@3 0.402370	H@5 0.449330	H@10 0.514590	H@20 0.579900	H@50 0.660150	H@100 0.719480
INFO:kbc-cli.py:Training finished
