./bin/kbc-cli.py --train data/kinship/train.tsv --dev data/kinship/dev.tsv --test data/kinship/test.tsv -m complex -k 200 -b 100 -e 15 --F2 0 --N3 0.001 -l 0.1 -I standard -V 3 -o adagrad -c spo -q
{'F2': 0.0,
 'N3': 0.001,
 'batch_size': 100,
 'corruption': 'spo',
 'dev': 'data/kinship/dev.tsv',
 'embedding_size': 200,
 'epochs': 15,
 'eval_batch_size': None,
 'input_type': 'standard',
 'learning_rate': 0.1,
 'load': None,
 'model': 'complex',
 'optimizer': 'adagrad',
 'quiet': True,
 'save': None,
 'seed': 0,
 'test': 'data/kinship/test.tsv',
 'test_i': None,
 'test_ii': None,
 'train': 'data/kinship/train.tsv',
 'validate_every': 3}
INFO:kbc-cli.py:Device: cuda
INFO:kbc-cli.py:Model state:
INFO:kbc-cli.py:	entities.weight	torch.Size([104, 400])
INFO:kbc-cli.py:	predicates.weight	torch.Size([25, 400])
INFO:kbc-cli.py:Epoch 1/15	Loss 8.8546 ± 2.0275
INFO:kbc-cli.py:Epoch 2/15	Loss 5.8346 ± 0.2238
INFO:kbc-cli.py:Epoch 3/15	Loss 5.3432 ± 0.2569
INFO:kbc-cli.py:Epoch 3/15	dev results	MRR 0.858159	H@1 0.782772	H@3 0.923221	H@5 0.956461	H@10 0.977996	H@20 0.985487	H@50 0.993446	H@100 1.000000
INFO:kbc-cli.py:Epoch 3/15	test results	MRR 0.864763	H@1 0.789106	H@3 0.933426	H@5 0.964153	H@10 0.983706	H@20 0.992086	H@50 0.997207	H@100 1.000000
INFO:kbc-cli.py:Epoch 4/15	Loss 5.0898 ± 0.2211
INFO:kbc-cli.py:Epoch 5/15	Loss 4.9419 ± 0.2236
INFO:kbc-cli.py:Epoch 6/15	Loss 4.8337 ± 0.2209
INFO:kbc-cli.py:Epoch 6/15	dev results	MRR 0.879307	H@1 0.816011	H@3 0.935861	H@5 0.961610	H@10 0.977528	H@20 0.987360	H@50 0.993446	H@100 1.000000
INFO:kbc-cli.py:Epoch 6/15	test results	MRR 0.887237	H@1 0.824022	H@3 0.943203	H@5 0.968343	H@10 0.984637	H@20 0.992551	H@50 0.997207	H@100 1.000000
INFO:kbc-cli.py:Epoch 7/15	Loss 4.7613 ± 0.1983
INFO:kbc-cli.py:Epoch 8/15	Loss 4.7031 ± 0.1983
INFO:kbc-cli.py:Epoch 9/15	Loss 4.6578 ± 0.1819
INFO:kbc-cli.py:Epoch 9/15	dev results	MRR 0.882378	H@1 0.821161	H@3 0.936330	H@5 0.961142	H@10 0.978464	H@20 0.986891	H@50 0.993914	H@100 1.000000
INFO:kbc-cli.py:Epoch 9/15	test results	MRR 0.890160	H@1 0.829609	H@3 0.944600	H@5 0.965084	H@10 0.983706	H@20 0.993017	H@50 0.997207	H@100 1.000000
INFO:kbc-cli.py:Epoch 10/15	Loss 4.6210 ± 0.1908
INFO:kbc-cli.py:Epoch 11/15	Loss 4.5903 ± 0.1966
INFO:kbc-cli.py:Epoch 12/15	Loss 4.5645 ± 0.1689
INFO:kbc-cli.py:Epoch 12/15	dev results	MRR 0.882676	H@1 0.821161	H@3 0.935861	H@5 0.961142	H@10 0.977996	H@20 0.986891	H@50 0.993446	H@100 1.000000
INFO:kbc-cli.py:Epoch 12/15	test results	MRR 0.888386	H@1 0.825419	H@3 0.943669	H@5 0.968808	H@10 0.984171	H@20 0.993017	H@50 0.997672	H@100 1.000000
INFO:kbc-cli.py:Epoch 13/15	Loss 4.5407 ± 0.1925
INFO:kbc-cli.py:Epoch 14/15	Loss 4.5236 ± 0.1854
INFO:kbc-cli.py:Epoch 15/15	Loss 4.5052 ± 0.1624
INFO:kbc-cli.py:Epoch 15/15	dev results	MRR 0.882386	H@1 0.821161	H@3 0.933521	H@5 0.961610	H@10 0.977996	H@20 0.986891	H@50 0.993446	H@100 1.000000
INFO:kbc-cli.py:Epoch 15/15	test results	MRR 0.888985	H@1 0.827747	H@3 0.942737	H@5 0.966946	H@10 0.983706	H@20 0.993017	H@50 0.997672	H@100 1.000000
INFO:kbc-cli.py:Final 	dev results	MRR 0.882386	H@1 0.821161	H@3 0.933521	H@5 0.961610	H@10 0.977996	H@20 0.986891	H@50 0.993446	H@100 1.000000
INFO:kbc-cli.py:Final 	test results	MRR 0.888985	H@1 0.827747	H@3 0.942737	H@5 0.966946	H@10 0.983706	H@20 0.993017	H@50 0.997672	H@100 1.000000
INFO:kbc-cli.py:Training finished
