./bin/kbc-cli.py --train data/umls/train.tsv --dev data/umls/dev.tsv --test data/umls/test.tsv -m complex -k 200 -b 10 -e 15 --F2 0 --N3 0.01 -l 0.1 -I standard -V 3 -o adagrad -c spo -q
{'F2': 0.0,
 'N3': 0.01,
 'batch_size': 10,
 'corruption': 'spo',
 'dev': 'data/umls/dev.tsv',
 'embedding_size': 200,
 'epochs': 15,
 'eval_batch_size': None,
 'input_type': 'standard',
 'learning_rate': 0.1,
 'load': None,
 'model': 'complex',
 'optimizer': 'adagrad',
 'quiet': True,
 'save': None,
 'seed': 0,
 'test': 'data/umls/test.tsv',
 'test_i': None,
 'test_ii': None,
 'train': 'data/umls/train.tsv',
 'validate_every': 3}
INFO:kbc-cli.py:Device: cuda
INFO:kbc-cli.py:Model state:
INFO:kbc-cli.py:	entities.weight	torch.Size([135, 400])
INFO:kbc-cli.py:	predicates.weight	torch.Size([46, 400])
INFO:kbc-cli.py:Epoch 1/15	Loss 9.7073 ± 1.8963
INFO:kbc-cli.py:Epoch 2/15	Loss 7.4087 ± 0.5036
INFO:kbc-cli.py:Epoch 3/15	Loss 7.0751 ± 0.4547
INFO:kbc-cli.py:Epoch 3/15	dev results	MRR 0.915118	H@1 0.852761	H@3 0.970859	H@5 0.983129	H@10 0.990798	H@20 0.993865	H@50 0.997699	H@100 1.000000
INFO:kbc-cli.py:Epoch 3/15	test results	MRR 0.909760	H@1 0.841150	H@3 0.974281	H@5 0.985628	H@10 0.995461	H@20 0.997731	H@50 1.000000	H@100 1.000000
INFO:kbc-cli.py:Epoch 4/15	Loss 6.9093 ± 0.4592
INFO:kbc-cli.py:Epoch 5/15	Loss 6.8175 ± 0.4444
INFO:kbc-cli.py:Epoch 6/15	Loss 6.7453 ± 0.4618
INFO:kbc-cli.py:Epoch 6/15	dev results	MRR 0.922533	H@1 0.863497	H@3 0.980828	H@5 0.986196	H@10 0.992331	H@20 0.994632	H@50 0.997699	H@100 1.000000
INFO:kbc-cli.py:Epoch 6/15	test results	MRR 0.912147	H@1 0.838124	H@3 0.985628	H@5 0.995461	H@10 0.996218	H@20 0.999244	H@50 1.000000	H@100 1.000000
INFO:kbc-cli.py:Epoch 7/15	Loss 6.6912 ± 0.4551
INFO:kbc-cli.py:Epoch 8/15	Loss 6.6479 ± 0.4527
INFO:kbc-cli.py:Epoch 9/15	Loss 6.6108 ± 0.4676
INFO:kbc-cli.py:Epoch 9/15	dev results	MRR 0.945410	H@1 0.907209	H@3 0.980061	H@5 0.986196	H@10 0.992331	H@20 0.997699	H@50 0.999233	H@100 1.000000
INFO:kbc-cli.py:Epoch 9/15	test results	MRR 0.939040	H@1 0.891074	H@3 0.987141	H@5 0.994705	H@10 0.996218	H@20 0.999244	H@50 1.000000	H@100 1.000000
INFO:kbc-cli.py:Epoch 10/15	Loss 6.5826 ± 0.4609
INFO:kbc-cli.py:Epoch 11/15	Loss 6.5553 ± 0.4569
INFO:kbc-cli.py:Epoch 12/15	Loss 6.5331 ± 0.4602
INFO:kbc-cli.py:Epoch 12/15	dev results	MRR 0.948047	H@1 0.911810	H@3 0.980828	H@5 0.987730	H@10 0.993098	H@20 0.997699	H@50 0.999233	H@100 1.000000
INFO:kbc-cli.py:Epoch 12/15	test results	MRR 0.945341	H@1 0.901664	H@3 0.990923	H@5 0.993949	H@10 0.996218	H@20 0.999244	H@50 1.000000	H@100 1.000000
INFO:kbc-cli.py:Epoch 13/15	Loss 6.5112 ± 0.4656
INFO:kbc-cli.py:Epoch 14/15	Loss 6.4916 ± 0.4588
INFO:kbc-cli.py:Epoch 15/15	Loss 6.4754 ± 0.4342
INFO:kbc-cli.py:Epoch 15/15	dev results	MRR 0.957437	H@1 0.928681	H@3 0.983129	H@5 0.988497	H@10 0.993098	H@20 0.997699	H@50 0.999233	H@100 1.000000
INFO:kbc-cli.py:Epoch 15/15	test results	MRR 0.953937	H@1 0.919062	H@3 0.989410	H@5 0.994705	H@10 0.996974	H@20 0.999244	H@50 0.999244	H@100 1.000000
INFO:kbc-cli.py:Final 	dev results	MRR 0.957437	H@1 0.928681	H@3 0.983129	H@5 0.988497	H@10 0.993098	H@20 0.997699	H@50 0.999233	H@100 1.000000
INFO:kbc-cli.py:Final 	test results	MRR 0.953937	H@1 0.919062	H@3 0.989410	H@5 0.994705	H@10 0.996974	H@20 0.999244	H@50 0.999244	H@100 1.000000
INFO:kbc-cli.py:Training finished
