./bin/kbc-cli.py --train data/kinship/train.tsv --dev data/kinship/dev.tsv --test data/kinship/test.tsv -m complex -k 1000 -b 100 -e 15 --F2 0 --N3 0.0005 -l 0.1 -I reciprocal -V 3 -o adagrad -c so -q
{'F2': 0.0,
 'N3': 0.0005,
 'batch_size': 100,
 'corruption': 'so',
 'dev': 'data/kinship/dev.tsv',
 'embedding_size': 1000,
 'epochs': 15,
 'eval_batch_size': None,
 'input_type': 'reciprocal',
 'learning_rate': 0.1,
 'load': None,
 'model': 'complex',
 'optimizer': 'adagrad',
 'quiet': True,
 'save': None,
 'seed': 0,
 'test': 'data/kinship/test.tsv',
 'test_i': None,
 'test_ii': None,
 'train': 'data/kinship/train.tsv',
 'validate_every': 3}
INFO:kbc-cli.py:Device: cuda
INFO:kbc-cli.py:Model state:
INFO:kbc-cli.py:	entities.weight	torch.Size([104, 2000])
INFO:kbc-cli.py:	predicates.weight	torch.Size([50, 2000])
INFO:kbc-cli.py:Epoch 1/15	Loss 7.0270 ± 1.3054
INFO:kbc-cli.py:Epoch 2/15	Loss 5.2134 ± 0.1916
INFO:kbc-cli.py:Epoch 3/15	Loss 4.9376 ± 0.2206
INFO:kbc-cli.py:Epoch 3/15	dev results	MRR 0.869444	H@1 0.794007	H@3 0.937734	H@5 0.964888	H@10 0.981742	H@20 0.989232	H@50 0.993446	H@100 1.000000
INFO:kbc-cli.py:Epoch 3/15	test results	MRR 0.872637	H@1 0.798417	H@3 0.940410	H@5 0.970670	H@10 0.984637	H@20 0.994879	H@50 0.997207	H@100 1.000000
INFO:kbc-cli.py:Epoch 4/15	Loss 4.7939 ± 0.2248
INFO:kbc-cli.py:Epoch 5/15	Loss 4.7035 ± 0.2289
INFO:kbc-cli.py:Epoch 6/15	Loss 4.6395 ± 0.2112
INFO:kbc-cli.py:Epoch 6/15	dev results	MRR 0.878872	H@1 0.809925	H@3 0.939139	H@5 0.965356	H@10 0.983146	H@20 0.989232	H@50 0.994382	H@100 1.000000
INFO:kbc-cli.py:Epoch 6/15	test results	MRR 0.888347	H@1 0.825885	H@3 0.944600	H@5 0.969274	H@10 0.986034	H@20 0.993948	H@50 0.996741	H@100 1.000000
INFO:kbc-cli.py:Epoch 7/15	Loss 4.5890 ± 0.2061
INFO:kbc-cli.py:Epoch 8/15	Loss 4.5503 ± 0.2071
INFO:kbc-cli.py:Epoch 9/15	Loss 4.5203 ± 0.1950
INFO:kbc-cli.py:Epoch 9/15	dev results	MRR 0.883817	H@1 0.818352	H@3 0.944288	H@5 0.966760	H@10 0.983146	H@20 0.989232	H@50 0.993446	H@100 0.999532
INFO:kbc-cli.py:Epoch 9/15	test results	MRR 0.891063	H@1 0.828212	H@3 0.947393	H@5 0.973464	H@10 0.987430	H@20 0.993948	H@50 0.996741	H@100 1.000000
INFO:kbc-cli.py:Epoch 10/15	Loss 4.4942 ± 0.1991
INFO:kbc-cli.py:Epoch 11/15	Loss 4.4708 ± 0.2013
INFO:kbc-cli.py:Epoch 12/15	Loss 4.4513 ± 0.1903
INFO:kbc-cli.py:Epoch 12/15	dev results	MRR 0.883526	H@1 0.816948	H@3 0.944757	H@5 0.965356	H@10 0.984551	H@20 0.989232	H@50 0.993446	H@100 0.999532
INFO:kbc-cli.py:Epoch 12/15	test results	MRR 0.891582	H@1 0.828212	H@3 0.946927	H@5 0.972533	H@10 0.987430	H@20 0.993948	H@50 0.996741	H@100 1.000000
INFO:kbc-cli.py:Epoch 13/15	Loss 4.4345 ± 0.1825
INFO:kbc-cli.py:Epoch 14/15	Loss 4.4186 ± 0.1790
INFO:kbc-cli.py:Epoch 15/15	Loss 4.4056 ± 0.1821
INFO:kbc-cli.py:Epoch 15/15	dev results	MRR 0.883918	H@1 0.818352	H@3 0.943352	H@5 0.966760	H@10 0.984082	H@20 0.989232	H@50 0.993446	H@100 0.999532
INFO:kbc-cli.py:Epoch 15/15	test results	MRR 0.890507	H@1 0.826816	H@3 0.945996	H@5 0.973464	H@10 0.987430	H@20 0.993482	H@50 0.996741	H@100 1.000000
INFO:kbc-cli.py:Final 	dev results	MRR 0.883918	H@1 0.818352	H@3 0.943352	H@5 0.966760	H@10 0.984082	H@20 0.989232	H@50 0.993446	H@100 0.999532
INFO:kbc-cli.py:Final 	test results	MRR 0.890507	H@1 0.826816	H@3 0.945996	H@5 0.973464	H@10 0.987430	H@20 0.993482	H@50 0.996741	H@100 1.000000
INFO:kbc-cli.py:Training finished
