./bin/kbc-cli.py --train data/nations/train.tsv --dev data/nations/dev.tsv --test data/nations/test.tsv -m complex -k 1000 -b 500 -e 15 --F2 0 --N3 0.005 -l 0.1 -I reciprocal -V 3 -o adagrad -c so -q
{'F2': 0.0,
 'N3': 0.005,
 'batch_size': 500,
 'corruption': 'so',
 'dev': 'data/nations/dev.tsv',
 'embedding_size': 1000,
 'epochs': 15,
 'eval_batch_size': None,
 'input_type': 'reciprocal',
 'learning_rate': 0.1,
 'load': None,
 'model': 'complex',
 'optimizer': 'adagrad',
 'quiet': True,
 'save': None,
 'seed': 0,
 'test': 'data/nations/test.tsv',
 'test_i': None,
 'test_ii': None,
 'train': 'data/nations/train.tsv',
 'validate_every': 3}
INFO:kbc-cli.py:Device: cuda
INFO:kbc-cli.py:Model state:
INFO:kbc-cli.py:	entities.weight	torch.Size([14, 2000])
INFO:kbc-cli.py:	predicates.weight	torch.Size([110, 2000])
INFO:kbc-cli.py:Epoch 1/15	Loss 5.5084 ± 0.1687
INFO:kbc-cli.py:Epoch 2/15	Loss 4.8625 ± 0.1125
INFO:kbc-cli.py:Epoch 3/15	Loss 4.3560 ± 0.1934
INFO:kbc-cli.py:Epoch 3/15	dev results	MRR 0.773837	H@1 0.648241	H@3 0.869347	H@5 0.949749	H@10 1.000000	H@20 1.000000	H@50 1.000000	H@100 1.000000
INFO:kbc-cli.py:Epoch 3/15	test results	MRR 0.788007	H@1 0.674129	H@3 0.878109	H@5 0.940299	H@10 0.997512	H@20 1.000000	H@50 1.000000	H@100 1.000000
INFO:kbc-cli.py:Epoch 4/15	Loss 4.1593 ± 0.1726
INFO:kbc-cli.py:Epoch 5/15	Loss 4.0372 ± 0.1780
INFO:kbc-cli.py:Epoch 6/15	Loss 3.9549 ± 0.1720
INFO:kbc-cli.py:Epoch 6/15	dev results	MRR 0.796560	H@1 0.693467	H@3 0.874372	H@5 0.949749	H@10 1.000000	H@20 1.000000	H@50 1.000000	H@100 1.000000
INFO:kbc-cli.py:Epoch 6/15	test results	MRR 0.804825	H@1 0.691542	H@3 0.900498	H@5 0.960199	H@10 1.000000	H@20 1.000000	H@50 1.000000	H@100 1.000000
INFO:kbc-cli.py:Epoch 7/15	Loss 3.9074 ± 0.1619
INFO:kbc-cli.py:Epoch 8/15	Loss 3.8682 ± 0.1814
INFO:kbc-cli.py:Epoch 9/15	Loss 3.8339 ± 0.1812
INFO:kbc-cli.py:Epoch 9/15	dev results	MRR 0.796091	H@1 0.678392	H@3 0.896985	H@5 0.969849	H@10 1.000000	H@20 1.000000	H@50 1.000000	H@100 1.000000
INFO:kbc-cli.py:Epoch 9/15	test results	MRR 0.817773	H@1 0.708955	H@3 0.915423	H@5 0.962687	H@10 0.995025	H@20 1.000000	H@50 1.000000	H@100 1.000000
INFO:kbc-cli.py:Epoch 10/15	Loss 3.8093 ± 0.1888
INFO:kbc-cli.py:Epoch 11/15	Loss 3.7730 ± 0.1175
INFO:kbc-cli.py:Epoch 12/15	Loss 3.7596 ± 0.1739
INFO:kbc-cli.py:Epoch 12/15	dev results	MRR 0.806216	H@1 0.688442	H@3 0.917085	H@5 0.972362	H@10 0.997487	H@20 1.000000	H@50 1.000000	H@100 1.000000
INFO:kbc-cli.py:Epoch 12/15	test results	MRR 0.814702	H@1 0.696517	H@3 0.922886	H@5 0.962687	H@10 1.000000	H@20 1.000000	H@50 1.000000	H@100 1.000000
INFO:kbc-cli.py:Epoch 13/15	Loss 3.7318 ± 0.1034
INFO:kbc-cli.py:Epoch 14/15	Loss 3.7366 ± 0.1758
INFO:kbc-cli.py:Epoch 15/15	Loss 3.7135 ± 0.1607
INFO:kbc-cli.py:Epoch 15/15	dev results	MRR 0.797797	H@1 0.678392	H@3 0.912060	H@5 0.964824	H@10 1.000000	H@20 1.000000	H@50 1.000000	H@100 1.000000
INFO:kbc-cli.py:Epoch 15/15	test results	MRR 0.806191	H@1 0.686567	H@3 0.917910	H@5 0.962687	H@10 1.000000	H@20 1.000000	H@50 1.000000	H@100 1.000000
INFO:kbc-cli.py:Final 	dev results	MRR 0.797797	H@1 0.678392	H@3 0.912060	H@5 0.964824	H@10 1.000000	H@20 1.000000	H@50 1.000000	H@100 1.000000
INFO:kbc-cli.py:Final 	test results	MRR 0.806191	H@1 0.686567	H@3 0.917910	H@5 0.962687	H@10 1.000000	H@20 1.000000	H@50 1.000000	H@100 1.000000
INFO:kbc-cli.py:Training finished
