./bin/kbc-cli.py --train data/umls/train.tsv --dev data/umls/dev.tsv --test data/umls/test.tsv -m complex -k 500 -b 500 -e 15 --F2 0 --N3 0.0005 -l 0.1 -I standard -V 3 -o adagrad -c spo -q
{'F2': 0.0,
 'N3': 0.0005,
 'batch_size': 500,
 'corruption': 'spo',
 'dev': 'data/umls/dev.tsv',
 'embedding_size': 500,
 'epochs': 15,
 'eval_batch_size': None,
 'input_type': 'standard',
 'learning_rate': 0.1,
 'load': None,
 'model': 'complex',
 'optimizer': 'adagrad',
 'quiet': True,
 'save': None,
 'seed': 0,
 'test': 'data/umls/test.tsv',
 'test_i': None,
 'test_ii': None,
 'train': 'data/umls/train.tsv',
 'validate_every': 3}
INFO:kbc-cli.py:Device: cuda
INFO:kbc-cli.py:Model state:
INFO:kbc-cli.py:	entities.weight	torch.Size([135, 1000])
INFO:kbc-cli.py:	predicates.weight	torch.Size([46, 1000])
INFO:kbc-cli.py:Epoch 1/15	Loss 11.5597 ± 1.8388
INFO:kbc-cli.py:Epoch 2/15	Loss 7.4397 ± 0.1220
INFO:kbc-cli.py:Epoch 3/15	Loss 6.6396 ± 0.2299
INFO:kbc-cli.py:Epoch 3/15	dev results	MRR 0.910156	H@1 0.837423	H@3 0.982362	H@5 0.989264	H@10 0.996166	H@20 0.997699	H@50 1.000000	H@100 1.000000
INFO:kbc-cli.py:Epoch 3/15	test results	MRR 0.893496	H@1 0.805598	H@3 0.981846	H@5 0.989410	H@10 0.996218	H@20 0.996974	H@50 0.998487	H@100 1.000000
INFO:kbc-cli.py:Epoch 4/15	Loss 6.4052 ± 0.2579
INFO:kbc-cli.py:Epoch 5/15	Loss 6.2833 ± 0.2223
INFO:kbc-cli.py:Epoch 6/15	Loss 6.1996 ± 0.2283
INFO:kbc-cli.py:Epoch 6/15	dev results	MRR 0.900651	H@1 0.814417	H@3 0.984663	H@5 0.993098	H@10 0.996166	H@20 0.997699	H@50 1.000000	H@100 1.000000
INFO:kbc-cli.py:Epoch 6/15	test results	MRR 0.885607	H@1 0.784418	H@3 0.984871	H@5 0.993949	H@10 0.996974	H@20 0.997731	H@50 0.999244	H@100 1.000000
INFO:kbc-cli.py:Epoch 7/15	Loss 6.1383 ± 0.2131
INFO:kbc-cli.py:Epoch 8/15	Loss 6.0862 ± 0.2081
INFO:kbc-cli.py:Epoch 9/15	Loss 6.0342 ± 0.2343
INFO:kbc-cli.py:Epoch 9/15	dev results	MRR 0.917783	H@1 0.848160	H@3 0.983896	H@5 0.990798	H@10 0.996933	H@20 0.997699	H@50 1.000000	H@100 1.000000
INFO:kbc-cli.py:Epoch 9/15	test results	MRR 0.918576	H@1 0.848714	H@3 0.987897	H@5 0.992436	H@10 0.996974	H@20 0.997731	H@50 0.998487	H@100 1.000000
INFO:kbc-cli.py:Epoch 10/15	Loss 6.0141 ± 0.1989
INFO:kbc-cli.py:Epoch 11/15	Loss 5.9891 ± 0.1950
INFO:kbc-cli.py:Epoch 12/15	Loss 5.9583 ± 0.2232
INFO:kbc-cli.py:Epoch 12/15	dev results	MRR 0.927922	H@1 0.867331	H@3 0.985429	H@5 0.991564	H@10 0.996166	H@20 0.999233	H@50 1.000000	H@100 1.000000
INFO:kbc-cli.py:Epoch 12/15	test results	MRR 0.920649	H@1 0.854009	H@3 0.987141	H@5 0.991679	H@10 0.996974	H@20 0.997731	H@50 0.999244	H@100 1.000000
INFO:kbc-cli.py:Epoch 13/15	Loss 5.9414 ± 0.1960
INFO:kbc-cli.py:Epoch 14/15	Loss 5.9195 ± 0.1807
INFO:kbc-cli.py:Epoch 15/15	Loss 5.9035 ± 0.2151
INFO:kbc-cli.py:Epoch 15/15	dev results	MRR 0.945129	H@1 0.901074	H@3 0.986963	H@5 0.992331	H@10 0.996166	H@20 0.998466	H@50 1.000000	H@100 1.000000
INFO:kbc-cli.py:Epoch 15/15	test results	MRR 0.930453	H@1 0.872920	H@3 0.987141	H@5 0.993192	H@10 0.996974	H@20 0.997731	H@50 1.000000	H@100 1.000000
INFO:kbc-cli.py:Final 	dev results	MRR 0.945129	H@1 0.901074	H@3 0.986963	H@5 0.992331	H@10 0.996166	H@20 0.998466	H@50 1.000000	H@100 1.000000
INFO:kbc-cli.py:Final 	test results	MRR 0.930453	H@1 0.872920	H@3 0.987141	H@5 0.993192	H@10 0.996974	H@20 0.997731	H@50 1.000000	H@100 1.000000
INFO:kbc-cli.py:Training finished
