./bin/kbc-cli.py --train data/kinship/train.tsv --dev data/kinship/dev.tsv --test data/kinship/test.tsv -m complex -k 200 -b 100 -e 15 --F2 0 --N3 0.0001 -l 0.1 -I reciprocal -V 3 -o adagrad -c so -q
{'F2': 0.0,
 'N3': 0.0001,
 'batch_size': 100,
 'corruption': 'so',
 'dev': 'data/kinship/dev.tsv',
 'embedding_size': 200,
 'epochs': 15,
 'eval_batch_size': None,
 'input_type': 'reciprocal',
 'learning_rate': 0.1,
 'load': None,
 'model': 'complex',
 'optimizer': 'adagrad',
 'quiet': True,
 'save': None,
 'seed': 0,
 'test': 'data/kinship/test.tsv',
 'test_i': None,
 'test_ii': None,
 'train': 'data/kinship/train.tsv',
 'validate_every': 3}
INFO:kbc-cli.py:Device: cuda
INFO:kbc-cli.py:Model state:
INFO:kbc-cli.py:	entities.weight	torch.Size([104, 400])
INFO:kbc-cli.py:	predicates.weight	torch.Size([50, 400])
INFO:kbc-cli.py:Epoch 1/15	Loss 6.8026 ± 1.1652
INFO:kbc-cli.py:Epoch 2/15	Loss 5.1929 ± 0.1435
INFO:kbc-cli.py:Epoch 3/15	Loss 4.8868 ± 0.1706
INFO:kbc-cli.py:Epoch 3/15	dev results	MRR 0.846567	H@1 0.764981	H@3 0.919007	H@5 0.955056	H@10 0.977528	H@20 0.985487	H@50 0.993446	H@100 1.000000
INFO:kbc-cli.py:Epoch 3/15	test results	MRR 0.844289	H@1 0.754655	H@3 0.922719	H@5 0.964618	H@10 0.984171	H@20 0.992551	H@50 0.998138	H@100 1.000000
INFO:kbc-cli.py:Epoch 4/15	Loss 4.7221 ± 0.1889
INFO:kbc-cli.py:Epoch 5/15	Loss 4.6146 ± 0.1814
INFO:kbc-cli.py:Epoch 6/15	Loss 4.5408 ± 0.1688
INFO:kbc-cli.py:Epoch 6/15	dev results	MRR 0.857112	H@1 0.783240	H@3 0.921348	H@5 0.950375	H@10 0.977996	H@20 0.988296	H@50 0.994382	H@100 1.000000
INFO:kbc-cli.py:Epoch 6/15	test results	MRR 0.853716	H@1 0.770950	H@3 0.926443	H@5 0.967412	H@10 0.983240	H@20 0.993017	H@50 0.998138	H@100 1.000000
INFO:kbc-cli.py:Epoch 7/15	Loss 4.4846 ± 0.1674
INFO:kbc-cli.py:Epoch 8/15	Loss 4.4414 ± 0.1700
INFO:kbc-cli.py:Epoch 9/15	Loss 4.4080 ± 0.1620
INFO:kbc-cli.py:Epoch 9/15	dev results	MRR 0.855123	H@1 0.779026	H@3 0.920412	H@5 0.952247	H@10 0.976124	H@20 0.987828	H@50 0.993914	H@100 1.000000
INFO:kbc-cli.py:Epoch 9/15	test results	MRR 0.856648	H@1 0.775140	H@3 0.927840	H@5 0.962756	H@10 0.984171	H@20 0.993948	H@50 0.998138	H@100 1.000000
INFO:kbc-cli.py:Epoch 10/15	Loss 4.3797 ± 0.1644
INFO:kbc-cli.py:Epoch 11/15	Loss 4.3554 ± 0.1666
INFO:kbc-cli.py:Epoch 12/15	Loss 4.3358 ± 0.1576
INFO:kbc-cli.py:Epoch 12/15	dev results	MRR 0.852846	H@1 0.775281	H@3 0.917603	H@5 0.952247	H@10 0.977528	H@20 0.987828	H@50 0.993914	H@100 1.000000
INFO:kbc-cli.py:Epoch 12/15	test results	MRR 0.851023	H@1 0.769088	H@3 0.923184	H@5 0.960894	H@10 0.984171	H@20 0.993017	H@50 0.998138	H@100 1.000000
INFO:kbc-cli.py:Epoch 13/15	Loss 4.3184 ± 0.1542
INFO:kbc-cli.py:Epoch 14/15	Loss 4.3030 ± 0.1472
INFO:kbc-cli.py:Epoch 15/15	Loss 4.2897 ± 0.1530
INFO:kbc-cli.py:Epoch 15/15	dev results	MRR 0.847368	H@1 0.767322	H@3 0.916667	H@5 0.953184	H@10 0.977060	H@20 0.987360	H@50 0.993914	H@100 1.000000
INFO:kbc-cli.py:Epoch 15/15	test results	MRR 0.850533	H@1 0.767225	H@3 0.925512	H@5 0.957169	H@10 0.983706	H@20 0.993482	H@50 0.998138	H@100 1.000000
INFO:kbc-cli.py:Final 	dev results	MRR 0.847368	H@1 0.767322	H@3 0.916667	H@5 0.953184	H@10 0.977060	H@20 0.987360	H@50 0.993914	H@100 1.000000
INFO:kbc-cli.py:Final 	test results	MRR 0.850533	H@1 0.767225	H@3 0.925512	H@5 0.957169	H@10 0.983706	H@20 0.993482	H@50 0.998138	H@100 1.000000
INFO:kbc-cli.py:Training finished
