./bin/kbc-cli.py --train data/nations/train.tsv --dev data/nations/dev.tsv --test data/nations/test.tsv -m complex -k 500 -b 500 -e 15 --F2 0 --N3 0.001 -l 0.1 -I standard -V 3 -o adagrad -c spo -q
{'F2': 0.0,
 'N3': 0.001,
 'batch_size': 500,
 'corruption': 'spo',
 'dev': 'data/nations/dev.tsv',
 'embedding_size': 500,
 'epochs': 15,
 'eval_batch_size': None,
 'input_type': 'standard',
 'learning_rate': 0.1,
 'load': None,
 'model': 'complex',
 'optimizer': 'adagrad',
 'quiet': True,
 'save': None,
 'seed': 0,
 'test': 'data/nations/test.tsv',
 'test_i': None,
 'test_ii': None,
 'train': 'data/nations/train.tsv',
 'validate_every': 3}
INFO:kbc-cli.py:Device: cuda
INFO:kbc-cli.py:Model state:
INFO:kbc-cli.py:	entities.weight	torch.Size([14, 1000])
INFO:kbc-cli.py:	predicates.weight	torch.Size([55, 1000])
INFO:kbc-cli.py:Epoch 1/15	Loss 9.4060 ± 0.1328
INFO:kbc-cli.py:Epoch 2/15	Loss 8.7409 ± 0.1180
INFO:kbc-cli.py:Epoch 3/15	Loss 7.6371 ± 0.2514
INFO:kbc-cli.py:Epoch 3/15	dev results	MRR 0.734844	H@1 0.597990	H@3 0.839196	H@5 0.929648	H@10 0.994975	H@20 1.000000	H@50 1.000000	H@100 1.000000
INFO:kbc-cli.py:Epoch 3/15	test results	MRR 0.745203	H@1 0.597015	H@3 0.868159	H@5 0.947761	H@10 0.995025	H@20 1.000000	H@50 1.000000	H@100 1.000000
INFO:kbc-cli.py:Epoch 4/15	Loss 7.1884 ± 0.3151
INFO:kbc-cli.py:Epoch 5/15	Loss 6.8580 ± 0.1693
INFO:kbc-cli.py:Epoch 6/15	Loss 6.8056 ± 0.3215
INFO:kbc-cli.py:Epoch 6/15	dev results	MRR 0.743437	H@1 0.603015	H@3 0.856784	H@5 0.939698	H@10 0.992462	H@20 1.000000	H@50 1.000000	H@100 1.000000
INFO:kbc-cli.py:Epoch 6/15	test results	MRR 0.800895	H@1 0.696517	H@3 0.883085	H@5 0.962687	H@10 0.990050	H@20 1.000000	H@50 1.000000	H@100 1.000000
INFO:kbc-cli.py:Epoch 7/15	Loss 6.5664 ± 0.1346
INFO:kbc-cli.py:Epoch 8/15	Loss 6.5540 ± 0.1939
INFO:kbc-cli.py:Epoch 9/15	Loss 6.3965 ± 0.1549
INFO:kbc-cli.py:Epoch 9/15	dev results	MRR 0.765518	H@1 0.635678	H@3 0.876884	H@5 0.944724	H@10 0.997487	H@20 1.000000	H@50 1.000000	H@100 1.000000
INFO:kbc-cli.py:Epoch 9/15	test results	MRR 0.811521	H@1 0.706468	H@3 0.900498	H@5 0.970149	H@10 0.995025	H@20 1.000000	H@50 1.000000	H@100 1.000000
INFO:kbc-cli.py:Epoch 10/15	Loss 6.4471 ± 0.2518
INFO:kbc-cli.py:Epoch 11/15	Loss 6.3492 ± 0.1308
INFO:kbc-cli.py:Epoch 12/15	Loss 6.3277 ± 0.1933
INFO:kbc-cli.py:Epoch 12/15	dev results	MRR 0.787199	H@1 0.663317	H@3 0.907035	H@5 0.949749	H@10 0.997487	H@20 1.000000	H@50 1.000000	H@100 1.000000
INFO:kbc-cli.py:Epoch 12/15	test results	MRR 0.814957	H@1 0.716418	H@3 0.898010	H@5 0.962687	H@10 0.995025	H@20 1.000000	H@50 1.000000	H@100 1.000000
INFO:kbc-cli.py:Epoch 13/15	Loss 6.3136 ± 0.1788
INFO:kbc-cli.py:Epoch 14/15	Loss 6.2248 ± 0.1563
INFO:kbc-cli.py:Epoch 15/15	Loss 6.2043 ± 0.1156
INFO:kbc-cli.py:Epoch 15/15	dev results	MRR 0.788412	H@1 0.665829	H@3 0.894472	H@5 0.957286	H@10 0.997487	H@20 1.000000	H@50 1.000000	H@100 1.000000
INFO:kbc-cli.py:Epoch 15/15	test results	MRR 0.807566	H@1 0.696517	H@3 0.898010	H@5 0.960199	H@10 0.997512	H@20 1.000000	H@50 1.000000	H@100 1.000000
INFO:kbc-cli.py:Final 	dev results	MRR 0.788412	H@1 0.665829	H@3 0.894472	H@5 0.957286	H@10 0.997487	H@20 1.000000	H@50 1.000000	H@100 1.000000
INFO:kbc-cli.py:Final 	test results	MRR 0.807566	H@1 0.696517	H@3 0.898010	H@5 0.960199	H@10 0.997512	H@20 1.000000	H@50 1.000000	H@100 1.000000
INFO:kbc-cli.py:Training finished
