./bin/kbc-cli.py --train data/nations/train.tsv --dev data/nations/dev.tsv --test data/nations/test.tsv -m complex -k 500 -b 10 -e 15 --F2 0 --N3 0.05 -l 0.1 -I standard -V 3 -o adagrad -c so -q
{'F2': 0.0,
 'N3': 0.05,
 'batch_size': 10,
 'corruption': 'so',
 'dev': 'data/nations/dev.tsv',
 'embedding_size': 500,
 'epochs': 15,
 'eval_batch_size': None,
 'input_type': 'standard',
 'learning_rate': 0.1,
 'load': None,
 'model': 'complex',
 'optimizer': 'adagrad',
 'quiet': True,
 'save': None,
 'seed': 0,
 'test': 'data/nations/test.tsv',
 'test_i': None,
 'test_ii': None,
 'train': 'data/nations/train.tsv',
 'validate_every': 3}
INFO:kbc-cli.py:Device: cuda
INFO:kbc-cli.py:Model state:
INFO:kbc-cli.py:	entities.weight	torch.Size([14, 1000])
INFO:kbc-cli.py:	predicates.weight	torch.Size([55, 1000])
INFO:kbc-cli.py:Epoch 1/15	Loss 5.5116 ± 0.2131
INFO:kbc-cli.py:Epoch 2/15	Loss 5.1581 ± 0.1693
INFO:kbc-cli.py:Epoch 3/15	Loss 5.0412 ± 0.2404
INFO:kbc-cli.py:Epoch 3/15	dev results	MRR 0.725219	H@1 0.575377	H@3 0.851759	H@5 0.924623	H@10 0.994975	H@20 1.000000	H@50 1.000000	H@100 1.000000
INFO:kbc-cli.py:Epoch 3/15	test results	MRR 0.759780	H@1 0.631841	H@3 0.860697	H@5 0.935323	H@10 0.992537	H@20 1.000000	H@50 1.000000	H@100 1.000000
INFO:kbc-cli.py:Epoch 4/15	Loss 4.9633 ± 0.2808
INFO:kbc-cli.py:Epoch 5/15	Loss 4.9134 ± 0.2820
INFO:kbc-cli.py:Epoch 6/15	Loss 4.8791 ± 0.2771
INFO:kbc-cli.py:Epoch 6/15	dev results	MRR 0.742561	H@1 0.613065	H@3 0.854271	H@5 0.939698	H@10 0.997487	H@20 1.000000	H@50 1.000000	H@100 1.000000
INFO:kbc-cli.py:Epoch 6/15	test results	MRR 0.781104	H@1 0.661692	H@3 0.878109	H@5 0.955224	H@10 0.997512	H@20 1.000000	H@50 1.000000	H@100 1.000000
INFO:kbc-cli.py:Epoch 7/15	Loss 4.8494 ± 0.2594
INFO:kbc-cli.py:Epoch 8/15	Loss 4.8290 ± 0.2596
INFO:kbc-cli.py:Epoch 9/15	Loss 4.8169 ± 0.2936
INFO:kbc-cli.py:Epoch 9/15	dev results	MRR 0.756008	H@1 0.625628	H@3 0.871859	H@5 0.952261	H@10 0.997487	H@20 1.000000	H@50 1.000000	H@100 1.000000
INFO:kbc-cli.py:Epoch 9/15	test results	MRR 0.776853	H@1 0.656716	H@3 0.883085	H@5 0.947761	H@10 1.000000	H@20 1.000000	H@50 1.000000	H@100 1.000000
INFO:kbc-cli.py:Epoch 10/15	Loss 4.8011 ± 0.2990
INFO:kbc-cli.py:Epoch 11/15	Loss 4.7883 ± 0.2825
INFO:kbc-cli.py:Epoch 12/15	Loss 4.7743 ± 0.2934
INFO:kbc-cli.py:Epoch 12/15	dev results	MRR 0.752596	H@1 0.620603	H@3 0.866834	H@5 0.949749	H@10 0.994975	H@20 1.000000	H@50 1.000000	H@100 1.000000
INFO:kbc-cli.py:Epoch 12/15	test results	MRR 0.775019	H@1 0.649254	H@3 0.888060	H@5 0.945274	H@10 1.000000	H@20 1.000000	H@50 1.000000	H@100 1.000000
INFO:kbc-cli.py:Epoch 13/15	Loss 4.7607 ± 0.3028
INFO:kbc-cli.py:Epoch 14/15	Loss 4.7573 ± 0.3029
INFO:kbc-cli.py:Epoch 15/15	Loss 4.7402 ± 0.3136
INFO:kbc-cli.py:Epoch 15/15	dev results	MRR 0.752107	H@1 0.623116	H@3 0.861809	H@5 0.949749	H@10 0.997487	H@20 1.000000	H@50 1.000000	H@100 1.000000
INFO:kbc-cli.py:Epoch 15/15	test results	MRR 0.772214	H@1 0.644279	H@3 0.893035	H@5 0.955224	H@10 0.997512	H@20 1.000000	H@50 1.000000	H@100 1.000000
INFO:kbc-cli.py:Final 	dev results	MRR 0.752107	H@1 0.623116	H@3 0.861809	H@5 0.949749	H@10 0.997487	H@20 1.000000	H@50 1.000000	H@100 1.000000
INFO:kbc-cli.py:Final 	test results	MRR 0.772214	H@1 0.644279	H@3 0.893035	H@5 0.955224	H@10 0.997512	H@20 1.000000	H@50 1.000000	H@100 1.000000
INFO:kbc-cli.py:Training finished
