./bin/kbc-cli.py --train data/kinship/train.tsv --dev data/kinship/dev.tsv --test data/kinship/test.tsv -m complex -k 1000 -b 100 -e 15 --F2 0 --N3 0.05 -l 0.1 -I standard -V 3 -o adagrad -c spo -q
{'F2': 0.0,
 'N3': 0.05,
 'batch_size': 100,
 'corruption': 'spo',
 'dev': 'data/kinship/dev.tsv',
 'embedding_size': 1000,
 'epochs': 15,
 'eval_batch_size': None,
 'input_type': 'standard',
 'learning_rate': 0.1,
 'load': None,
 'model': 'complex',
 'optimizer': 'adagrad',
 'quiet': True,
 'save': None,
 'seed': 0,
 'test': 'data/kinship/test.tsv',
 'test_i': None,
 'test_ii': None,
 'train': 'data/kinship/train.tsv',
 'validate_every': 3}
INFO:kbc-cli.py:Device: cuda
INFO:kbc-cli.py:Model state:
INFO:kbc-cli.py:	entities.weight	torch.Size([104, 2000])
INFO:kbc-cli.py:	predicates.weight	torch.Size([25, 2000])
INFO:kbc-cli.py:Epoch 1/15	Loss 10.0524 ± 2.0824
INFO:kbc-cli.py:Epoch 2/15	Loss 7.6883 ± 0.1918
INFO:kbc-cli.py:Epoch 3/15	Loss 7.4419 ± 0.2196
INFO:kbc-cli.py:Epoch 3/15	dev results	MRR 0.846887	H@1 0.760300	H@3 0.922285	H@5 0.955524	H@10 0.977528	H@20 0.986891	H@50 0.995318	H@100 1.000000
INFO:kbc-cli.py:Epoch 3/15	test results	MRR 0.847985	H@1 0.764432	H@3 0.918994	H@5 0.958101	H@10 0.982309	H@20 0.991620	H@50 0.996276	H@100 1.000000
INFO:kbc-cli.py:Epoch 4/15	Loss 7.3192 ± 0.1859
INFO:kbc-cli.py:Epoch 5/15	Loss 7.2499 ± 0.1938
INFO:kbc-cli.py:Epoch 6/15	Loss 7.1971 ± 0.1780
INFO:kbc-cli.py:Epoch 6/15	dev results	MRR 0.874891	H@1 0.806648	H@3 0.934925	H@5 0.961610	H@10 0.980337	H@20 0.989232	H@50 0.993914	H@100 1.000000
INFO:kbc-cli.py:Epoch 6/15	test results	MRR 0.876002	H@1 0.807263	H@3 0.934358	H@5 0.969739	H@10 0.985568	H@20 0.993017	H@50 0.996741	H@100 1.000000
INFO:kbc-cli.py:Epoch 7/15	Loss 7.1590 ± 0.1824
INFO:kbc-cli.py:Epoch 8/15	Loss 7.1322 ± 0.1923
INFO:kbc-cli.py:Epoch 9/15	Loss 7.1022 ± 0.1749
INFO:kbc-cli.py:Epoch 9/15	dev results	MRR 0.879629	H@1 0.811798	H@3 0.941011	H@5 0.963483	H@10 0.979401	H@20 0.989232	H@50 0.993914	H@100 1.000000
INFO:kbc-cli.py:Epoch 9/15	test results	MRR 0.884283	H@1 0.819832	H@3 0.942737	H@5 0.967877	H@10 0.986965	H@20 0.993017	H@50 0.996741	H@100 1.000000
INFO:kbc-cli.py:Epoch 10/15	Loss 7.0816 ± 0.1725
INFO:kbc-cli.py:Epoch 11/15	Loss 7.0653 ± 0.1639
INFO:kbc-cli.py:Epoch 12/15	Loss 7.0468 ± 0.1579
INFO:kbc-cli.py:Epoch 12/15	dev results	MRR 0.885556	H@1 0.822097	H@3 0.943352	H@5 0.964419	H@10 0.978464	H@20 0.989232	H@50 0.993914	H@100 1.000000
INFO:kbc-cli.py:Epoch 12/15	test results	MRR 0.890363	H@1 0.828678	H@3 0.946462	H@5 0.971601	H@10 0.986965	H@20 0.993017	H@50 0.996741	H@100 1.000000
INFO:kbc-cli.py:Epoch 13/15	Loss 7.0319 ± 0.1854
INFO:kbc-cli.py:Epoch 14/15	Loss 7.0208 ± 0.1673
INFO:kbc-cli.py:Epoch 15/15	Loss 7.0089 ± 0.1694
INFO:kbc-cli.py:Epoch 15/15	dev results	MRR 0.889157	H@1 0.828184	H@3 0.946161	H@5 0.963951	H@10 0.979869	H@20 0.989232	H@50 0.992978	H@100 1.000000
INFO:kbc-cli.py:Epoch 15/15	test results	MRR 0.894394	H@1 0.834730	H@3 0.945531	H@5 0.974395	H@10 0.986499	H@20 0.993017	H@50 0.996741	H@100 1.000000
INFO:kbc-cli.py:Final 	dev results	MRR 0.889157	H@1 0.828184	H@3 0.946161	H@5 0.963951	H@10 0.979869	H@20 0.989232	H@50 0.992978	H@100 1.000000
INFO:kbc-cli.py:Final 	test results	MRR 0.894394	H@1 0.834730	H@3 0.945531	H@5 0.974395	H@10 0.986499	H@20 0.993017	H@50 0.996741	H@100 1.000000
INFO:kbc-cli.py:Training finished
