./bin/kbc-cli.py --train data/umls/train.tsv --dev data/umls/dev.tsv --test data/umls/test.tsv -m complex -k 500 -b 50 -e 15 --F2 0 --N3 0.001 -l 0.1 -I reciprocal -V 3 -o adagrad -c so -q
{'F2': 0.0,
 'N3': 0.001,
 'batch_size': 50,
 'corruption': 'so',
 'dev': 'data/umls/dev.tsv',
 'embedding_size': 500,
 'epochs': 15,
 'eval_batch_size': None,
 'input_type': 'reciprocal',
 'learning_rate': 0.1,
 'load': None,
 'model': 'complex',
 'optimizer': 'adagrad',
 'quiet': True,
 'save': None,
 'seed': 0,
 'test': 'data/umls/test.tsv',
 'test_i': None,
 'test_ii': None,
 'train': 'data/umls/train.tsv',
 'validate_every': 3}
INFO:kbc-cli.py:Device: cuda
INFO:kbc-cli.py:Model state:
INFO:kbc-cli.py:	entities.weight	torch.Size([135, 1000])
INFO:kbc-cli.py:	predicates.weight	torch.Size([92, 1000])
INFO:kbc-cli.py:Epoch 1/15	Loss 7.3177 ± 1.1170
INFO:kbc-cli.py:Epoch 2/15	Loss 5.7865 ± 0.1983
INFO:kbc-cli.py:Epoch 3/15	Loss 5.5906 ± 0.2139
INFO:kbc-cli.py:Epoch 3/15	dev results	MRR 0.934125	H@1 0.879601	H@3 0.985429	H@5 0.993865	H@10 0.999233	H@20 1.000000	H@50 1.000000	H@100 1.000000
INFO:kbc-cli.py:Epoch 3/15	test results	MRR 0.925826	H@1 0.865356	H@3 0.984871	H@5 0.990923	H@10 0.997731	H@20 0.998487	H@50 0.999244	H@100 1.000000
INFO:kbc-cli.py:Epoch 4/15	Loss 5.5013 ± 0.2192
INFO:kbc-cli.py:Epoch 5/15	Loss 5.4415 ± 0.2039
INFO:kbc-cli.py:Epoch 6/15	Loss 5.3926 ± 0.2191
INFO:kbc-cli.py:Epoch 6/15	dev results	MRR 0.964343	H@1 0.938650	H@3 0.985429	H@5 0.994632	H@10 1.000000	H@20 1.000000	H@50 1.000000	H@100 1.000000
INFO:kbc-cli.py:Epoch 6/15	test results	MRR 0.954947	H@1 0.921331	H@3 0.987141	H@5 0.993949	H@10 0.997731	H@20 0.998487	H@50 0.999244	H@100 1.000000
INFO:kbc-cli.py:Epoch 7/15	Loss 5.3587 ± 0.2102
INFO:kbc-cli.py:Epoch 8/15	Loss 5.3294 ± 0.2083
INFO:kbc-cli.py:Epoch 9/15	Loss 5.3056 ± 0.2090
INFO:kbc-cli.py:Epoch 9/15	dev results	MRR 0.964075	H@1 0.939417	H@3 0.985429	H@5 0.994632	H@10 0.998466	H@20 1.000000	H@50 1.000000	H@100 1.000000
INFO:kbc-cli.py:Epoch 9/15	test results	MRR 0.957347	H@1 0.925113	H@3 0.987141	H@5 0.993949	H@10 0.998487	H@20 0.998487	H@50 0.999244	H@100 1.000000
INFO:kbc-cli.py:Epoch 10/15	Loss 5.2842 ± 0.2045
INFO:kbc-cli.py:Epoch 11/15	Loss 5.2683 ± 0.2161
INFO:kbc-cli.py:Epoch 12/15	Loss 5.2521 ± 0.2136
INFO:kbc-cli.py:Epoch 12/15	dev results	MRR 0.967555	H@1 0.946319	H@3 0.985429	H@5 0.993098	H@10 0.997699	H@20 1.000000	H@50 1.000000	H@100 1.000000
INFO:kbc-cli.py:Epoch 12/15	test results	MRR 0.962238	H@1 0.935703	H@3 0.988654	H@5 0.993192	H@10 0.998487	H@20 0.998487	H@50 0.999244	H@100 1.000000
INFO:kbc-cli.py:Epoch 13/15	Loss 5.2371 ± 0.1881
INFO:kbc-cli.py:Epoch 14/15	Loss 5.2275 ± 0.2082
INFO:kbc-cli.py:Epoch 15/15	Loss 5.2143 ± 0.1977
INFO:kbc-cli.py:Epoch 15/15	dev results	MRR 0.967771	H@1 0.945552	H@3 0.986963	H@5 0.993098	H@10 0.997699	H@20 1.000000	H@50 1.000000	H@100 1.000000
INFO:kbc-cli.py:Epoch 15/15	test results	MRR 0.964503	H@1 0.938729	H@3 0.988654	H@5 0.993949	H@10 0.996974	H@20 0.998487	H@50 0.999244	H@100 1.000000
INFO:kbc-cli.py:Final 	dev results	MRR 0.967771	H@1 0.945552	H@3 0.986963	H@5 0.993098	H@10 0.997699	H@20 1.000000	H@50 1.000000	H@100 1.000000
INFO:kbc-cli.py:Final 	test results	MRR 0.964503	H@1 0.938729	H@3 0.988654	H@5 0.993949	H@10 0.996974	H@20 0.998487	H@50 0.999244	H@100 1.000000
INFO:kbc-cli.py:Training finished
