./bin/kbc-cli.py --train data/kinship/train.tsv --dev data/kinship/dev.tsv --test data/kinship/test.tsv -m complex -k 500 -b 50 -e 15 --F2 0 --N3 0.005 -l 0.1 -I standard -V 3 -o adagrad -c spo -q
{'F2': 0.0,
 'N3': 0.005,
 'batch_size': 50,
 'corruption': 'spo',
 'dev': 'data/kinship/dev.tsv',
 'embedding_size': 500,
 'epochs': 15,
 'eval_batch_size': None,
 'input_type': 'standard',
 'learning_rate': 0.1,
 'load': None,
 'model': 'complex',
 'optimizer': 'adagrad',
 'quiet': True,
 'save': None,
 'seed': 0,
 'test': 'data/kinship/test.tsv',
 'test_i': None,
 'test_ii': None,
 'train': 'data/kinship/train.tsv',
 'validate_every': 3}
INFO:kbc-cli.py:Device: cuda
INFO:kbc-cli.py:Model state:
INFO:kbc-cli.py:	entities.weight	torch.Size([104, 1000])
INFO:kbc-cli.py:	predicates.weight	torch.Size([25, 1000])
INFO:kbc-cli.py:Epoch 1/15	Loss 8.7841 ± 1.9415
INFO:kbc-cli.py:Epoch 2/15	Loss 5.9384 ± 0.3050
INFO:kbc-cli.py:Epoch 3/15	Loss 5.5565 ± 0.3159
INFO:kbc-cli.py:Epoch 3/15	dev results	MRR 0.880403	H@1 0.813670	H@3 0.940075	H@5 0.961610	H@10 0.977060	H@20 0.987828	H@50 0.996255	H@100 1.000000
INFO:kbc-cli.py:Epoch 3/15	test results	MRR 0.885184	H@1 0.816108	H@3 0.951117	H@5 0.969739	H@10 0.984637	H@20 0.993017	H@50 0.997672	H@100 1.000000
INFO:kbc-cli.py:Epoch 4/15	Loss 5.3669 ± 0.2846
INFO:kbc-cli.py:Epoch 5/15	Loss 5.2532 ± 0.2721
INFO:kbc-cli.py:Epoch 6/15	Loss 5.1683 ± 0.2473
INFO:kbc-cli.py:Epoch 6/15	dev results	MRR 0.904157	H@1 0.853933	H@3 0.948502	H@5 0.969101	H@10 0.979869	H@20 0.988764	H@50 0.996255	H@100 1.000000
INFO:kbc-cli.py:Epoch 6/15	test results	MRR 0.908796	H@1 0.855214	H@3 0.957635	H@5 0.973929	H@10 0.986499	H@20 0.993017	H@50 0.997672	H@100 1.000000
INFO:kbc-cli.py:Epoch 7/15	Loss 5.1102 ± 0.2406
INFO:kbc-cli.py:Epoch 8/15	Loss 5.0638 ± 0.2290
INFO:kbc-cli.py:Epoch 9/15	Loss 5.0252 ± 0.2229
INFO:kbc-cli.py:Epoch 9/15	dev results	MRR 0.904823	H@1 0.853464	H@3 0.951311	H@5 0.968165	H@10 0.980805	H@20 0.988764	H@50 0.996255	H@100 1.000000
INFO:kbc-cli.py:Epoch 9/15	test results	MRR 0.909515	H@1 0.857076	H@3 0.959497	H@5 0.973464	H@10 0.987430	H@20 0.992551	H@50 0.996741	H@100 1.000000
INFO:kbc-cli.py:Epoch 10/15	Loss 4.9951 ± 0.2262
INFO:kbc-cli.py:Epoch 11/15	Loss 4.9694 ± 0.2335
INFO:kbc-cli.py:Epoch 12/15	Loss 4.9452 ± 0.2111
INFO:kbc-cli.py:Epoch 12/15	dev results	MRR 0.905755	H@1 0.855805	H@3 0.950843	H@5 0.968165	H@10 0.982678	H@20 0.988764	H@50 0.996255	H@100 1.000000
INFO:kbc-cli.py:Epoch 12/15	test results	MRR 0.911703	H@1 0.860801	H@3 0.958101	H@5 0.974860	H@10 0.987430	H@20 0.992086	H@50 0.996741	H@100 1.000000
INFO:kbc-cli.py:Epoch 13/15	Loss 4.9245 ± 0.2258
INFO:kbc-cli.py:Epoch 14/15	Loss 4.9069 ± 0.2132
INFO:kbc-cli.py:Epoch 15/15	Loss 4.8909 ± 0.1964
INFO:kbc-cli.py:Epoch 15/15	dev results	MRR 0.905481	H@1 0.854401	H@3 0.953652	H@5 0.968165	H@10 0.982210	H@20 0.989232	H@50 0.996255	H@100 1.000000
INFO:kbc-cli.py:Epoch 15/15	test results	MRR 0.912520	H@1 0.861266	H@3 0.961359	H@5 0.974395	H@10 0.986499	H@20 0.991620	H@50 0.996741	H@100 1.000000
INFO:kbc-cli.py:Final 	dev results	MRR 0.905481	H@1 0.854401	H@3 0.953652	H@5 0.968165	H@10 0.982210	H@20 0.989232	H@50 0.996255	H@100 1.000000
INFO:kbc-cli.py:Final 	test results	MRR 0.912520	H@1 0.861266	H@3 0.961359	H@5 0.974395	H@10 0.986499	H@20 0.991620	H@50 0.996741	H@100 1.000000
INFO:kbc-cli.py:Training finished
