./bin/kbc-cli.py --train data/nations/train.tsv --dev data/nations/dev.tsv --test data/nations/test.tsv -m complex -k 100 -b 100 -e 15 --F2 0 --N3 0.005 -l 0.1 -I reciprocal -V 3 -o adagrad -c spo -q
{'F2': 0.0,
 'N3': 0.005,
 'batch_size': 100,
 'corruption': 'spo',
 'dev': 'data/nations/dev.tsv',
 'embedding_size': 100,
 'epochs': 15,
 'eval_batch_size': None,
 'input_type': 'reciprocal',
 'learning_rate': 0.1,
 'load': None,
 'model': 'complex',
 'optimizer': 'adagrad',
 'quiet': True,
 'save': None,
 'seed': 0,
 'test': 'data/nations/test.tsv',
 'test_i': None,
 'test_ii': None,
 'train': 'data/nations/train.tsv',
 'validate_every': 3}
INFO:kbc-cli.py:Device: cuda
INFO:kbc-cli.py:Model state:
INFO:kbc-cli.py:	entities.weight	torch.Size([14, 200])
INFO:kbc-cli.py:	predicates.weight	torch.Size([110, 200])
INFO:kbc-cli.py:Epoch 1/15	Loss 9.6547 ± 0.3450
INFO:kbc-cli.py:Epoch 2/15	Loss 8.5199 ± 0.1296
INFO:kbc-cli.py:Epoch 3/15	Loss 7.9758 ± 0.2126
INFO:kbc-cli.py:Epoch 3/15	dev results	MRR 0.785063	H@1 0.665829	H@3 0.879397	H@5 0.934673	H@10 1.000000	H@20 1.000000	H@50 1.000000	H@100 1.000000
INFO:kbc-cli.py:Epoch 3/15	test results	MRR 0.801209	H@1 0.691542	H@3 0.898010	H@5 0.960199	H@10 0.997512	H@20 1.000000	H@50 1.000000	H@100 1.000000
INFO:kbc-cli.py:Epoch 4/15	Loss 7.6716 ± 0.2111
INFO:kbc-cli.py:Epoch 5/15	Loss 7.4745 ± 0.2482
INFO:kbc-cli.py:Epoch 6/15	Loss 7.3396 ± 0.2689
INFO:kbc-cli.py:Epoch 6/15	dev results	MRR 0.795449	H@1 0.688442	H@3 0.881910	H@5 0.942211	H@10 0.994975	H@20 1.000000	H@50 1.000000	H@100 1.000000
INFO:kbc-cli.py:Epoch 6/15	test results	MRR 0.797593	H@1 0.691542	H@3 0.880597	H@5 0.942786	H@10 1.000000	H@20 1.000000	H@50 1.000000	H@100 1.000000
INFO:kbc-cli.py:Epoch 7/15	Loss 7.2416 ± 0.2413
INFO:kbc-cli.py:Epoch 8/15	Loss 7.1716 ± 0.2556
INFO:kbc-cli.py:Epoch 9/15	Loss 7.1152 ± 0.2400
INFO:kbc-cli.py:Epoch 9/15	dev results	MRR 0.791168	H@1 0.680905	H@3 0.881910	H@5 0.954774	H@10 0.997487	H@20 1.000000	H@50 1.000000	H@100 1.000000
INFO:kbc-cli.py:Epoch 9/15	test results	MRR 0.793337	H@1 0.681592	H@3 0.885572	H@5 0.950249	H@10 0.997512	H@20 1.000000	H@50 1.000000	H@100 1.000000
INFO:kbc-cli.py:Epoch 10/15	Loss 7.0704 ± 0.2184
INFO:kbc-cli.py:Epoch 11/15	Loss 7.0310 ± 0.2116
INFO:kbc-cli.py:Epoch 12/15	Loss 7.0012 ± 0.2218
INFO:kbc-cli.py:Epoch 12/15	dev results	MRR 0.785003	H@1 0.665829	H@3 0.889447	H@5 0.954774	H@10 0.997487	H@20 1.000000	H@50 1.000000	H@100 1.000000
INFO:kbc-cli.py:Epoch 12/15	test results	MRR 0.789272	H@1 0.674129	H@3 0.888060	H@5 0.955224	H@10 0.995025	H@20 1.000000	H@50 1.000000	H@100 1.000000
INFO:kbc-cli.py:Epoch 13/15	Loss 6.9770 ± 0.2072
INFO:kbc-cli.py:Epoch 14/15	Loss 6.9523 ± 0.2209
INFO:kbc-cli.py:Epoch 15/15	Loss 6.9302 ± 0.1905
INFO:kbc-cli.py:Epoch 15/15	dev results	MRR 0.786514	H@1 0.670854	H@3 0.884422	H@5 0.952261	H@10 0.997487	H@20 1.000000	H@50 1.000000	H@100 1.000000
INFO:kbc-cli.py:Epoch 15/15	test results	MRR 0.785962	H@1 0.674129	H@3 0.890547	H@5 0.952736	H@10 0.995025	H@20 1.000000	H@50 1.000000	H@100 1.000000
INFO:kbc-cli.py:Final 	dev results	MRR 0.786514	H@1 0.670854	H@3 0.884422	H@5 0.952261	H@10 0.997487	H@20 1.000000	H@50 1.000000	H@100 1.000000
INFO:kbc-cli.py:Final 	test results	MRR 0.785962	H@1 0.674129	H@3 0.890547	H@5 0.952736	H@10 0.995025	H@20 1.000000	H@50 1.000000	H@100 1.000000
INFO:kbc-cli.py:Training finished
