./bin/kbc-cli.py --train data/nations/train.tsv --dev data/nations/dev.tsv --test data/nations/test.tsv -m complex -k 200 -b 10 -e 15 --F2 0 --N3 0.01 -l 0.1 -I reciprocal -V 3 -o adagrad -c so -q
{'F2': 0.0,
 'N3': 0.01,
 'batch_size': 10,
 'corruption': 'so',
 'dev': 'data/nations/dev.tsv',
 'embedding_size': 200,
 'epochs': 15,
 'eval_batch_size': None,
 'input_type': 'reciprocal',
 'learning_rate': 0.1,
 'load': None,
 'model': 'complex',
 'optimizer': 'adagrad',
 'quiet': True,
 'save': None,
 'seed': 0,
 'test': 'data/nations/test.tsv',
 'test_i': None,
 'test_ii': None,
 'train': 'data/nations/train.tsv',
 'validate_every': 3}
INFO:kbc-cli.py:Device: cuda
INFO:kbc-cli.py:Model state:
INFO:kbc-cli.py:	entities.weight	torch.Size([14, 400])
INFO:kbc-cli.py:	predicates.weight	torch.Size([110, 400])
INFO:kbc-cli.py:Epoch 1/15	Loss 5.2463 ± 0.2105
INFO:kbc-cli.py:Epoch 2/15	Loss 4.6674 ± 0.2935
INFO:kbc-cli.py:Epoch 3/15	Loss 4.3726 ± 0.3391
INFO:kbc-cli.py:Epoch 3/15	dev results	MRR 0.787938	H@1 0.673367	H@3 0.889447	H@5 0.964824	H@10 1.000000	H@20 1.000000	H@50 1.000000	H@100 1.000000
INFO:kbc-cli.py:Epoch 3/15	test results	MRR 0.816303	H@1 0.706468	H@3 0.907960	H@5 0.972637	H@10 0.997512	H@20 1.000000	H@50 1.000000	H@100 1.000000
INFO:kbc-cli.py:Epoch 4/15	Loss 4.2099 ± 0.3681
INFO:kbc-cli.py:Epoch 5/15	Loss 4.1163 ± 0.3574
INFO:kbc-cli.py:Epoch 6/15	Loss 4.0468 ± 0.3711
INFO:kbc-cli.py:Epoch 6/15	dev results	MRR 0.794050	H@1 0.678392	H@3 0.899497	H@5 0.964824	H@10 1.000000	H@20 1.000000	H@50 1.000000	H@100 1.000000
INFO:kbc-cli.py:Epoch 6/15	test results	MRR 0.803751	H@1 0.681592	H@3 0.902985	H@5 0.980100	H@10 1.000000	H@20 1.000000	H@50 1.000000	H@100 1.000000
INFO:kbc-cli.py:Epoch 7/15	Loss 4.0015 ± 0.3640
INFO:kbc-cli.py:Epoch 8/15	Loss 3.9651 ± 0.3692
INFO:kbc-cli.py:Epoch 9/15	Loss 3.9339 ± 0.3581
INFO:kbc-cli.py:Epoch 9/15	dev results	MRR 0.793149	H@1 0.673367	H@3 0.896985	H@5 0.967337	H@10 1.000000	H@20 1.000000	H@50 1.000000	H@100 1.000000
INFO:kbc-cli.py:Epoch 9/15	test results	MRR 0.792342	H@1 0.664179	H@3 0.898010	H@5 0.975124	H@10 1.000000	H@20 1.000000	H@50 1.000000	H@100 1.000000
INFO:kbc-cli.py:Epoch 10/15	Loss 3.9120 ± 0.3801
INFO:kbc-cli.py:Epoch 11/15	Loss 3.8903 ± 0.3658
INFO:kbc-cli.py:Epoch 12/15	Loss 3.8754 ± 0.3580
INFO:kbc-cli.py:Epoch 12/15	dev results	MRR 0.791855	H@1 0.668342	H@3 0.896985	H@5 0.969849	H@10 1.000000	H@20 1.000000	H@50 1.000000	H@100 1.000000
INFO:kbc-cli.py:Epoch 12/15	test results	MRR 0.783778	H@1 0.649254	H@3 0.902985	H@5 0.970149	H@10 1.000000	H@20 1.000000	H@50 1.000000	H@100 1.000000
INFO:kbc-cli.py:Epoch 13/15	Loss 3.8622 ± 0.3723
INFO:kbc-cli.py:Epoch 14/15	Loss 3.8495 ± 0.3739
INFO:kbc-cli.py:Epoch 15/15	Loss 3.8379 ± 0.3568
INFO:kbc-cli.py:Epoch 15/15	dev results	MRR 0.790790	H@1 0.665829	H@3 0.894472	H@5 0.969849	H@10 1.000000	H@20 1.000000	H@50 1.000000	H@100 1.000000
INFO:kbc-cli.py:Epoch 15/15	test results	MRR 0.782066	H@1 0.644279	H@3 0.902985	H@5 0.962687	H@10 1.000000	H@20 1.000000	H@50 1.000000	H@100 1.000000
INFO:kbc-cli.py:Final 	dev results	MRR 0.790790	H@1 0.665829	H@3 0.894472	H@5 0.969849	H@10 1.000000	H@20 1.000000	H@50 1.000000	H@100 1.000000
INFO:kbc-cli.py:Final 	test results	MRR 0.782066	H@1 0.644279	H@3 0.902985	H@5 0.962687	H@10 1.000000	H@20 1.000000	H@50 1.000000	H@100 1.000000
INFO:kbc-cli.py:Training finished
