./bin/kbc-cli.py --train data/nations/train.tsv --dev data/nations/dev.tsv --test data/nations/test.tsv -m complex -k 500 -b 500 -e 15 --F2 0 --N3 0.5 -l 0.1 -I standard -V 3 -o adagrad -c spo -q
{'F2': 0.0,
 'N3': 0.5,
 'batch_size': 500,
 'corruption': 'spo',
 'dev': 'data/nations/dev.tsv',
 'embedding_size': 500,
 'epochs': 15,
 'eval_batch_size': None,
 'input_type': 'standard',
 'learning_rate': 0.1,
 'load': None,
 'model': 'complex',
 'optimizer': 'adagrad',
 'quiet': True,
 'save': None,
 'seed': 0,
 'test': 'data/nations/test.tsv',
 'test_i': None,
 'test_ii': None,
 'train': 'data/nations/train.tsv',
 'validate_every': 3}
INFO:kbc-cli.py:Device: cuda
INFO:kbc-cli.py:Model state:
INFO:kbc-cli.py:	entities.weight	torch.Size([14, 1000])
INFO:kbc-cli.py:	predicates.weight	torch.Size([55, 1000])
INFO:kbc-cli.py:Epoch 1/15	Loss 9.8744 ± 0.8599
INFO:kbc-cli.py:Epoch 2/15	Loss 9.2975 ± 0.0056
INFO:kbc-cli.py:Epoch 3/15	Loss 9.2873 ± 0.0006
INFO:kbc-cli.py:Epoch 3/15	dev results	MRR 0.564917	H@1 0.384422	H@3 0.668342	H@5 0.841709	H@10 0.992462	H@20 1.000000	H@50 1.000000	H@100 1.000000
INFO:kbc-cli.py:Epoch 3/15	test results	MRR 0.543087	H@1 0.348259	H@3 0.649254	H@5 0.820896	H@10 0.985075	H@20 1.000000	H@50 1.000000	H@100 1.000000
INFO:kbc-cli.py:Epoch 4/15	Loss 9.2863 ± 0.0002
INFO:kbc-cli.py:Epoch 5/15	Loss 9.2859 ± 0.0001
INFO:kbc-cli.py:Epoch 6/15	Loss 9.2858 ± 0.0001
INFO:kbc-cli.py:Epoch 6/15	dev results	MRR 0.607765	H@1 0.437186	H@3 0.706030	H@5 0.869347	H@10 0.989950	H@20 1.000000	H@50 1.000000	H@100 1.000000
INFO:kbc-cli.py:Epoch 6/15	test results	MRR 0.586423	H@1 0.400498	H@3 0.716418	H@5 0.855721	H@10 0.987562	H@20 1.000000	H@50 1.000000	H@100 1.000000
INFO:kbc-cli.py:Epoch 7/15	Loss 9.2857 ± 0.0001
INFO:kbc-cli.py:Epoch 8/15	Loss 9.2856 ± 0.0000
INFO:kbc-cli.py:Epoch 9/15	Loss 9.2855 ± 0.0000
INFO:kbc-cli.py:Epoch 9/15	dev results	MRR 0.626539	H@1 0.449749	H@3 0.756281	H@5 0.869347	H@10 0.987437	H@20 1.000000	H@50 1.000000	H@100 1.000000
INFO:kbc-cli.py:Epoch 9/15	test results	MRR 0.610579	H@1 0.425373	H@3 0.748756	H@5 0.878109	H@10 0.990050	H@20 1.000000	H@50 1.000000	H@100 1.000000
INFO:kbc-cli.py:Epoch 10/15	Loss 9.2855 ± 0.0000
INFO:kbc-cli.py:Epoch 11/15	Loss 9.2855 ± 0.0000
INFO:kbc-cli.py:Epoch 12/15	Loss 9.2855 ± 0.0000
INFO:kbc-cli.py:Epoch 12/15	dev results	MRR 0.643607	H@1 0.472362	H@3 0.758794	H@5 0.889447	H@10 0.992462	H@20 1.000000	H@50 1.000000	H@100 1.000000
INFO:kbc-cli.py:Epoch 12/15	test results	MRR 0.635725	H@1 0.467662	H@3 0.763682	H@5 0.878109	H@10 0.990050	H@20 1.000000	H@50 1.000000	H@100 1.000000
INFO:kbc-cli.py:Epoch 13/15	Loss 9.2855 ± 0.0000
INFO:kbc-cli.py:Epoch 14/15	Loss 9.2855 ± 0.0000
INFO:kbc-cli.py:Epoch 15/15	Loss 9.2855 ± 0.0000
INFO:kbc-cli.py:Epoch 15/15	dev results	MRR 0.651507	H@1 0.484925	H@3 0.768844	H@5 0.889447	H@10 0.989950	H@20 1.000000	H@50 1.000000	H@100 1.000000
INFO:kbc-cli.py:Epoch 15/15	test results	MRR 0.646105	H@1 0.482587	H@3 0.766169	H@5 0.893035	H@10 0.992537	H@20 1.000000	H@50 1.000000	H@100 1.000000
INFO:kbc-cli.py:Final 	dev results	MRR 0.651507	H@1 0.484925	H@3 0.768844	H@5 0.889447	H@10 0.989950	H@20 1.000000	H@50 1.000000	H@100 1.000000
INFO:kbc-cli.py:Final 	test results	MRR 0.646105	H@1 0.482587	H@3 0.766169	H@5 0.893035	H@10 0.992537	H@20 1.000000	H@50 1.000000	H@100 1.000000
INFO:kbc-cli.py:Training finished
