./bin/kbc-cli.py --train data/nations/train.tsv --dev data/nations/dev.tsv --test data/nations/test.tsv -m complex -k 100 -b 50 -e 15 --F2 0 --N3 0.1 -l 0.1 -I standard -V 3 -o adagrad -c spo -q
{'F2': 0.0,
 'N3': 0.1,
 'batch_size': 50,
 'corruption': 'spo',
 'dev': 'data/nations/dev.tsv',
 'embedding_size': 100,
 'epochs': 15,
 'eval_batch_size': None,
 'input_type': 'standard',
 'learning_rate': 0.1,
 'load': None,
 'model': 'complex',
 'optimizer': 'adagrad',
 'quiet': True,
 'save': None,
 'seed': 0,
 'test': 'data/nations/test.tsv',
 'test_i': None,
 'test_ii': None,
 'train': 'data/nations/train.tsv',
 'validate_every': 3}
INFO:kbc-cli.py:Device: cuda
INFO:kbc-cli.py:Model state:
INFO:kbc-cli.py:	entities.weight	torch.Size([14, 200])
INFO:kbc-cli.py:	predicates.weight	torch.Size([55, 200])
INFO:kbc-cli.py:Epoch 1/15	Loss 9.3300 ± 0.1206
INFO:kbc-cli.py:Epoch 2/15	Loss 8.9927 ± 0.0884
INFO:kbc-cli.py:Epoch 3/15	Loss 8.8472 ± 0.1196
INFO:kbc-cli.py:Epoch 3/15	dev results	MRR 0.657022	H@1 0.484925	H@3 0.786432	H@5 0.894472	H@10 0.994975	H@20 1.000000	H@50 1.000000	H@100 1.000000
INFO:kbc-cli.py:Epoch 3/15	test results	MRR 0.673229	H@1 0.504975	H@3 0.803483	H@5 0.907960	H@10 0.985075	H@20 1.000000	H@50 1.000000	H@100 1.000000
INFO:kbc-cli.py:Epoch 4/15	Loss 8.7744 ± 0.1555
INFO:kbc-cli.py:Epoch 5/15	Loss 8.7282 ± 0.1429
INFO:kbc-cli.py:Epoch 6/15	Loss 8.7013 ± 0.1474
INFO:kbc-cli.py:Epoch 6/15	dev results	MRR 0.680967	H@1 0.512563	H@3 0.804020	H@5 0.919598	H@10 0.994975	H@20 1.000000	H@50 1.000000	H@100 1.000000
INFO:kbc-cli.py:Epoch 6/15	test results	MRR 0.714649	H@1 0.557214	H@3 0.845771	H@5 0.932836	H@10 0.992537	H@20 1.000000	H@50 1.000000	H@100 1.000000
INFO:kbc-cli.py:Epoch 7/15	Loss 8.6772 ± 0.1375
INFO:kbc-cli.py:Epoch 8/15	Loss 8.6528 ± 0.1152
INFO:kbc-cli.py:Epoch 9/15	Loss 8.6383 ± 0.1531
INFO:kbc-cli.py:Epoch 9/15	dev results	MRR 0.696814	H@1 0.532663	H@3 0.826633	H@5 0.934673	H@10 0.992462	H@20 1.000000	H@50 1.000000	H@100 1.000000
INFO:kbc-cli.py:Epoch 9/15	test results	MRR 0.738981	H@1 0.594527	H@3 0.850746	H@5 0.937811	H@10 0.992537	H@20 1.000000	H@50 1.000000	H@100 1.000000
INFO:kbc-cli.py:Epoch 10/15	Loss 8.6222 ± 0.1520
INFO:kbc-cli.py:Epoch 11/15	Loss 8.6113 ± 0.1322
INFO:kbc-cli.py:Epoch 12/15	Loss 8.5987 ± 0.1452
INFO:kbc-cli.py:Epoch 12/15	dev results	MRR 0.705372	H@1 0.550251	H@3 0.811558	H@5 0.939698	H@10 0.992462	H@20 1.000000	H@50 1.000000	H@100 1.000000
INFO:kbc-cli.py:Epoch 12/15	test results	MRR 0.754395	H@1 0.619403	H@3 0.863184	H@5 0.942786	H@10 0.990050	H@20 1.000000	H@50 1.000000	H@100 1.000000
INFO:kbc-cli.py:Epoch 13/15	Loss 8.5889 ± 0.1264
INFO:kbc-cli.py:Epoch 14/15	Loss 8.5833 ± 0.1122
INFO:kbc-cli.py:Epoch 15/15	Loss 8.5721 ± 0.1318
INFO:kbc-cli.py:Epoch 15/15	dev results	MRR 0.713251	H@1 0.562814	H@3 0.841709	H@5 0.937186	H@10 0.992462	H@20 1.000000	H@50 1.000000	H@100 1.000000
INFO:kbc-cli.py:Epoch 15/15	test results	MRR 0.759560	H@1 0.626866	H@3 0.873134	H@5 0.940299	H@10 0.990050	H@20 1.000000	H@50 1.000000	H@100 1.000000
INFO:kbc-cli.py:Final 	dev results	MRR 0.713251	H@1 0.562814	H@3 0.841709	H@5 0.937186	H@10 0.992462	H@20 1.000000	H@50 1.000000	H@100 1.000000
INFO:kbc-cli.py:Final 	test results	MRR 0.759560	H@1 0.626866	H@3 0.873134	H@5 0.940299	H@10 0.990050	H@20 1.000000	H@50 1.000000	H@100 1.000000
INFO:kbc-cli.py:Training finished
