./bin/kbc-cli.py --train data/kinship/train.tsv --dev data/kinship/dev.tsv --test data/kinship/test.tsv -m complex -k 1000 -b 50 -e 15 --F2 0 --N3 0.05 -l 0.1 -I standard -V 3 -o adagrad -c spo -q
{'F2': 0.0,
 'N3': 0.05,
 'batch_size': 50,
 'corruption': 'spo',
 'dev': 'data/kinship/dev.tsv',
 'embedding_size': 1000,
 'epochs': 15,
 'eval_batch_size': None,
 'input_type': 'standard',
 'learning_rate': 0.1,
 'load': None,
 'model': 'complex',
 'optimizer': 'adagrad',
 'quiet': True,
 'save': None,
 'seed': 0,
 'test': 'data/kinship/test.tsv',
 'test_i': None,
 'test_ii': None,
 'train': 'data/kinship/train.tsv',
 'validate_every': 3}
INFO:kbc-cli.py:Device: cuda
INFO:kbc-cli.py:Model state:
INFO:kbc-cli.py:	entities.weight	torch.Size([104, 2000])
INFO:kbc-cli.py:	predicates.weight	torch.Size([25, 2000])
INFO:kbc-cli.py:Epoch 1/15	Loss 9.8587 ± 2.0981
INFO:kbc-cli.py:Epoch 2/15	Loss 7.6466 ± 0.2621
INFO:kbc-cli.py:Epoch 3/15	Loss 7.4188 ± 0.2718
INFO:kbc-cli.py:Epoch 3/15	dev results	MRR 0.848039	H@1 0.762640	H@3 0.926498	H@5 0.956461	H@10 0.978933	H@20 0.986891	H@50 0.992509	H@100 1.000000
INFO:kbc-cli.py:Epoch 3/15	test results	MRR 0.848910	H@1 0.764898	H@3 0.920391	H@5 0.957169	H@10 0.984637	H@20 0.993482	H@50 0.996741	H@100 1.000000
INFO:kbc-cli.py:Epoch 4/15	Loss 7.3082 ± 0.2530
INFO:kbc-cli.py:Epoch 5/15	Loss 7.2399 ± 0.2405
INFO:kbc-cli.py:Epoch 6/15	Loss 7.1882 ± 0.2217
INFO:kbc-cli.py:Epoch 6/15	dev results	MRR 0.874923	H@1 0.804307	H@3 0.934457	H@5 0.962547	H@10 0.977528	H@20 0.989700	H@50 0.992509	H@100 1.000000
INFO:kbc-cli.py:Epoch 6/15	test results	MRR 0.880488	H@1 0.814246	H@3 0.936220	H@5 0.967877	H@10 0.985102	H@20 0.993017	H@50 0.996741	H@100 1.000000
INFO:kbc-cli.py:Epoch 7/15	Loss 7.1520 ± 0.2255
INFO:kbc-cli.py:Epoch 8/15	Loss 7.1225 ± 0.2275
INFO:kbc-cli.py:Epoch 9/15	Loss 7.0956 ± 0.2189
INFO:kbc-cli.py:Epoch 9/15	dev results	MRR 0.881715	H@1 0.813202	H@3 0.941011	H@5 0.966292	H@10 0.979401	H@20 0.989232	H@50 0.992509	H@100 1.000000
INFO:kbc-cli.py:Epoch 9/15	test results	MRR 0.888397	H@1 0.824953	H@3 0.942272	H@5 0.972067	H@10 0.985568	H@20 0.993017	H@50 0.995810	H@100 1.000000
INFO:kbc-cli.py:Epoch 10/15	Loss 7.0757 ± 0.2245
INFO:kbc-cli.py:Epoch 11/15	Loss 7.0588 ± 0.2355
INFO:kbc-cli.py:Epoch 12/15	Loss 7.0420 ± 0.2135
INFO:kbc-cli.py:Epoch 12/15	dev results	MRR 0.886442	H@1 0.822566	H@3 0.941948	H@5 0.965824	H@10 0.978933	H@20 0.988764	H@50 0.992978	H@100 1.000000
INFO:kbc-cli.py:Epoch 12/15	test results	MRR 0.893008	H@1 0.832868	H@3 0.946927	H@5 0.972533	H@10 0.984637	H@20 0.992551	H@50 0.995810	H@100 1.000000
INFO:kbc-cli.py:Epoch 13/15	Loss 7.0278 ± 0.2275
INFO:kbc-cli.py:Epoch 14/15	Loss 7.0156 ± 0.2094
INFO:kbc-cli.py:Epoch 15/15	Loss 7.0042 ± 0.2185
INFO:kbc-cli.py:Epoch 15/15	dev results	MRR 0.889470	H@1 0.828184	H@3 0.945225	H@5 0.965356	H@10 0.980337	H@20 0.988764	H@50 0.992978	H@100 1.000000
INFO:kbc-cli.py:Epoch 15/15	test results	MRR 0.896151	H@1 0.837058	H@3 0.947858	H@5 0.974395	H@10 0.985568	H@20 0.992551	H@50 0.995810	H@100 1.000000
INFO:kbc-cli.py:Final 	dev results	MRR 0.889470	H@1 0.828184	H@3 0.945225	H@5 0.965356	H@10 0.980337	H@20 0.988764	H@50 0.992978	H@100 1.000000
INFO:kbc-cli.py:Final 	test results	MRR 0.896151	H@1 0.837058	H@3 0.947858	H@5 0.974395	H@10 0.985568	H@20 0.992551	H@50 0.995810	H@100 1.000000
INFO:kbc-cli.py:Training finished
