./bin/kbc-cli.py --train data/nations/train.tsv --dev data/nations/dev.tsv --test data/nations/test.tsv -m complex -k 200 -b 50 -e 15 --F2 0 --N3 0.0005 -l 0.1 -I reciprocal -V 3 -o adagrad -c spo -q
{'F2': 0.0,
 'N3': 0.0005,
 'batch_size': 50,
 'corruption': 'spo',
 'dev': 'data/nations/dev.tsv',
 'embedding_size': 200,
 'epochs': 15,
 'eval_batch_size': None,
 'input_type': 'reciprocal',
 'learning_rate': 0.1,
 'load': None,
 'model': 'complex',
 'optimizer': 'adagrad',
 'quiet': True,
 'save': None,
 'seed': 0,
 'test': 'data/nations/test.tsv',
 'test_i': None,
 'test_ii': None,
 'train': 'data/nations/train.tsv',
 'validate_every': 3}
INFO:kbc-cli.py:Device: cuda
INFO:kbc-cli.py:Model state:
INFO:kbc-cli.py:	entities.weight	torch.Size([14, 400])
INFO:kbc-cli.py:	predicates.weight	torch.Size([110, 400])
INFO:kbc-cli.py:Epoch 1/15	Loss 9.5888 ± 0.4432
INFO:kbc-cli.py:Epoch 2/15	Loss 8.2262 ± 0.2081
INFO:kbc-cli.py:Epoch 3/15	Loss 7.7044 ± 0.2926
INFO:kbc-cli.py:Epoch 3/15	dev results	MRR 0.788805	H@1 0.670854	H@3 0.881910	H@5 0.959799	H@10 0.994975	H@20 1.000000	H@50 1.000000	H@100 1.000000
INFO:kbc-cli.py:Epoch 3/15	test results	MRR 0.797736	H@1 0.671642	H@3 0.912935	H@5 0.975124	H@10 1.000000	H@20 1.000000	H@50 1.000000	H@100 1.000000
INFO:kbc-cli.py:Epoch 4/15	Loss 7.4109 ± 0.2959
INFO:kbc-cli.py:Epoch 5/15	Loss 7.2219 ± 0.3157
INFO:kbc-cli.py:Epoch 6/15	Loss 7.0883 ± 0.3240
INFO:kbc-cli.py:Epoch 6/15	dev results	MRR 0.799663	H@1 0.685930	H@3 0.894472	H@5 0.964824	H@10 0.994975	H@20 1.000000	H@50 1.000000	H@100 1.000000
INFO:kbc-cli.py:Epoch 6/15	test results	MRR 0.808653	H@1 0.696517	H@3 0.907960	H@5 0.975124	H@10 1.000000	H@20 1.000000	H@50 1.000000	H@100 1.000000
INFO:kbc-cli.py:Epoch 7/15	Loss 6.9946 ± 0.2871
INFO:kbc-cli.py:Epoch 8/15	Loss 6.9235 ± 0.3074
INFO:kbc-cli.py:Epoch 9/15	Loss 6.8671 ± 0.2987
INFO:kbc-cli.py:Epoch 9/15	dev results	MRR 0.802633	H@1 0.685930	H@3 0.899497	H@5 0.962312	H@10 0.994975	H@20 1.000000	H@50 1.000000	H@100 1.000000
INFO:kbc-cli.py:Epoch 9/15	test results	MRR 0.810245	H@1 0.696517	H@3 0.900498	H@5 0.975124	H@10 0.997512	H@20 1.000000	H@50 1.000000	H@100 1.000000
INFO:kbc-cli.py:Epoch 10/15	Loss 6.8208 ± 0.2965
INFO:kbc-cli.py:Epoch 11/15	Loss 6.7811 ± 0.2623
INFO:kbc-cli.py:Epoch 12/15	Loss 6.7521 ± 0.2933
INFO:kbc-cli.py:Epoch 12/15	dev results	MRR 0.808625	H@1 0.693467	H@3 0.904523	H@5 0.969849	H@10 0.994975	H@20 1.000000	H@50 1.000000	H@100 1.000000
INFO:kbc-cli.py:Epoch 12/15	test results	MRR 0.803430	H@1 0.689055	H@3 0.898010	H@5 0.970149	H@10 1.000000	H@20 1.000000	H@50 1.000000	H@100 1.000000
INFO:kbc-cli.py:Epoch 13/15	Loss 6.7211 ± 0.2594
INFO:kbc-cli.py:Epoch 14/15	Loss 6.6990 ± 0.2738
INFO:kbc-cli.py:Epoch 15/15	Loss 6.6734 ± 0.2540
INFO:kbc-cli.py:Epoch 15/15	dev results	MRR 0.799555	H@1 0.675879	H@3 0.907035	H@5 0.957286	H@10 0.994975	H@20 1.000000	H@50 1.000000	H@100 1.000000
INFO:kbc-cli.py:Epoch 15/15	test results	MRR 0.805254	H@1 0.694030	H@3 0.900498	H@5 0.972637	H@10 1.000000	H@20 1.000000	H@50 1.000000	H@100 1.000000
INFO:kbc-cli.py:Final 	dev results	MRR 0.799555	H@1 0.675879	H@3 0.907035	H@5 0.957286	H@10 0.994975	H@20 1.000000	H@50 1.000000	H@100 1.000000
INFO:kbc-cli.py:Final 	test results	MRR 0.805254	H@1 0.694030	H@3 0.900498	H@5 0.972637	H@10 1.000000	H@20 1.000000	H@50 1.000000	H@100 1.000000
INFO:kbc-cli.py:Training finished
