./bin/kbc-cli.py --train data/kinship/train.tsv --dev data/kinship/dev.tsv --test data/kinship/test.tsv -m complex -k 200 -b 50 -e 15 --F2 0 --N3 0.0001 -l 0.1 -I standard -V 3 -o adagrad -c so -q
{'F2': 0.0,
 'N3': 0.0001,
 'batch_size': 50,
 'corruption': 'so',
 'dev': 'data/kinship/dev.tsv',
 'embedding_size': 200,
 'epochs': 15,
 'eval_batch_size': None,
 'input_type': 'standard',
 'learning_rate': 0.1,
 'load': None,
 'model': 'complex',
 'optimizer': 'adagrad',
 'quiet': True,
 'save': None,
 'seed': 0,
 'test': 'data/kinship/test.tsv',
 'test_i': None,
 'test_ii': None,
 'train': 'data/kinship/train.tsv',
 'validate_every': 3}
INFO:kbc-cli.py:Device: cuda
INFO:kbc-cli.py:Model state:
INFO:kbc-cli.py:	entities.weight	torch.Size([104, 400])
INFO:kbc-cli.py:	predicates.weight	torch.Size([25, 400])
INFO:kbc-cli.py:Epoch 1/15	Loss 7.1347 ± 1.1125
INFO:kbc-cli.py:Epoch 2/15	Loss 5.4405 ± 0.2207
INFO:kbc-cli.py:Epoch 3/15	Loss 5.1143 ± 0.2474
INFO:kbc-cli.py:Epoch 3/15	dev results	MRR 0.828140	H@1 0.734551	H@3 0.908240	H@5 0.948034	H@10 0.974251	H@20 0.985487	H@50 0.995318	H@100 1.000000
INFO:kbc-cli.py:Epoch 3/15	test results	MRR 0.828253	H@1 0.730912	H@3 0.912477	H@5 0.955773	H@10 0.979981	H@20 0.991155	H@50 0.998138	H@100 1.000000
INFO:kbc-cli.py:Epoch 4/15	Loss 4.9327 ± 0.2505
INFO:kbc-cli.py:Epoch 5/15	Loss 4.8123 ± 0.2344
INFO:kbc-cli.py:Epoch 6/15	Loss 4.7213 ± 0.2180
INFO:kbc-cli.py:Epoch 6/15	dev results	MRR 0.852171	H@1 0.774345	H@3 0.915730	H@5 0.952247	H@10 0.977060	H@20 0.987828	H@50 0.995787	H@100 1.000000
INFO:kbc-cli.py:Epoch 6/15	test results	MRR 0.850221	H@1 0.766294	H@3 0.925047	H@5 0.960428	H@10 0.982309	H@20 0.991620	H@50 0.998138	H@100 1.000000
INFO:kbc-cli.py:Epoch 7/15	Loss 4.6548 ± 0.2232
INFO:kbc-cli.py:Epoch 8/15	Loss 4.6011 ± 0.2148
INFO:kbc-cli.py:Epoch 9/15	Loss 4.5565 ± 0.2054
INFO:kbc-cli.py:Epoch 9/15	dev results	MRR 0.849238	H@1 0.768258	H@3 0.916667	H@5 0.951311	H@10 0.976592	H@20 0.987828	H@50 0.994850	H@100 1.000000
INFO:kbc-cli.py:Epoch 9/15	test results	MRR 0.851394	H@1 0.767691	H@3 0.927374	H@5 0.960428	H@10 0.982309	H@20 0.991155	H@50 0.998138	H@100 1.000000
INFO:kbc-cli.py:Epoch 10/15	Loss 4.5203 ± 0.2113
INFO:kbc-cli.py:Epoch 11/15	Loss 4.4897 ± 0.2247
INFO:kbc-cli.py:Epoch 12/15	Loss 4.4624 ± 0.2094
INFO:kbc-cli.py:Epoch 12/15	dev results	MRR 0.848547	H@1 0.768727	H@3 0.917603	H@5 0.949438	H@10 0.976592	H@20 0.987828	H@50 0.995318	H@100 1.000000
INFO:kbc-cli.py:Epoch 12/15	test results	MRR 0.845307	H@1 0.756983	H@3 0.924115	H@5 0.959032	H@10 0.982775	H@20 0.990689	H@50 0.997672	H@100 1.000000
INFO:kbc-cli.py:Epoch 13/15	Loss 4.4385 ± 0.2137
INFO:kbc-cli.py:Epoch 14/15	Loss 4.4183 ± 0.2035
INFO:kbc-cli.py:Epoch 15/15	Loss 4.4002 ± 0.1854
INFO:kbc-cli.py:Epoch 15/15	dev results	MRR 0.847268	H@1 0.766854	H@3 0.916667	H@5 0.948502	H@10 0.975187	H@20 0.987360	H@50 0.994850	H@100 1.000000
INFO:kbc-cli.py:Epoch 15/15	test results	MRR 0.846228	H@1 0.758845	H@3 0.924581	H@5 0.957635	H@10 0.983240	H@20 0.990689	H@50 0.997672	H@100 1.000000
INFO:kbc-cli.py:Final 	dev results	MRR 0.847268	H@1 0.766854	H@3 0.916667	H@5 0.948502	H@10 0.975187	H@20 0.987360	H@50 0.994850	H@100 1.000000
INFO:kbc-cli.py:Final 	test results	MRR 0.846228	H@1 0.758845	H@3 0.924581	H@5 0.957635	H@10 0.983240	H@20 0.990689	H@50 0.997672	H@100 1.000000
INFO:kbc-cli.py:Training finished
