./bin/kbc-cli.py --train data/umls/train.tsv --dev data/umls/dev.tsv --test data/umls/test.tsv -m complex -k 1000 -b 50 -e 15 --F2 0 --N3 0.005 -l 0.1 -I standard -V 3 -o adagrad -c so -q
{'F2': 0.0,
 'N3': 0.005,
 'batch_size': 50,
 'corruption': 'so',
 'dev': 'data/umls/dev.tsv',
 'embedding_size': 1000,
 'epochs': 15,
 'eval_batch_size': None,
 'input_type': 'standard',
 'learning_rate': 0.1,
 'load': None,
 'model': 'complex',
 'optimizer': 'adagrad',
 'quiet': True,
 'save': None,
 'seed': 0,
 'test': 'data/umls/test.tsv',
 'test_i': None,
 'test_ii': None,
 'train': 'data/umls/train.tsv',
 'validate_every': 3}
INFO:kbc-cli.py:Device: cuda
INFO:kbc-cli.py:Model state:
INFO:kbc-cli.py:	entities.weight	torch.Size([135, 2000])
INFO:kbc-cli.py:	predicates.weight	torch.Size([46, 2000])
INFO:kbc-cli.py:Epoch 1/15	Loss 8.1263 ± 1.1349
INFO:kbc-cli.py:Epoch 2/15	Loss 6.3107 ± 0.2186
INFO:kbc-cli.py:Epoch 3/15	Loss 6.0283 ± 0.2267
INFO:kbc-cli.py:Epoch 3/15	dev results	MRR 0.940181	H@1 0.894939	H@3 0.980061	H@5 0.990798	H@10 0.998466	H@20 0.999233	H@50 1.000000	H@100 1.000000
INFO:kbc-cli.py:Epoch 3/15	test results	MRR 0.926294	H@1 0.872920	H@3 0.974281	H@5 0.987141	H@10 0.996218	H@20 0.997731	H@50 0.998487	H@100 1.000000
INFO:kbc-cli.py:Epoch 4/15	Loss 5.9087 ± 0.2402
INFO:kbc-cli.py:Epoch 5/15	Loss 5.8372 ± 0.2119
INFO:kbc-cli.py:Epoch 6/15	Loss 5.7850 ± 0.2222
INFO:kbc-cli.py:Epoch 6/15	dev results	MRR 0.933164	H@1 0.879601	H@3 0.985429	H@5 0.991564	H@10 0.996933	H@20 0.999233	H@50 1.000000	H@100 1.000000
INFO:kbc-cli.py:Epoch 6/15	test results	MRR 0.926448	H@1 0.868381	H@3 0.984871	H@5 0.993192	H@10 0.997731	H@20 0.997731	H@50 0.998487	H@100 1.000000
INFO:kbc-cli.py:Epoch 7/15	Loss 5.7411 ± 0.2132
INFO:kbc-cli.py:Epoch 8/15	Loss 5.7111 ± 0.2130
INFO:kbc-cli.py:Epoch 9/15	Loss 5.6783 ± 0.2338
INFO:kbc-cli.py:Epoch 9/15	dev results	MRR 0.962888	H@1 0.937883	H@3 0.983129	H@5 0.993098	H@10 0.997699	H@20 1.000000	H@50 1.000000	H@100 1.000000
INFO:kbc-cli.py:Epoch 9/15	test results	MRR 0.954970	H@1 0.922088	H@3 0.987141	H@5 0.992436	H@10 0.997731	H@20 0.998487	H@50 0.999244	H@100 1.000000
INFO:kbc-cli.py:Epoch 10/15	Loss 5.6594 ± 0.2246
INFO:kbc-cli.py:Epoch 11/15	Loss 5.6390 ± 0.2102
INFO:kbc-cli.py:Epoch 12/15	Loss 5.6156 ± 0.2291
INFO:kbc-cli.py:Epoch 12/15	dev results	MRR 0.959635	H@1 0.932515	H@3 0.983896	H@5 0.993865	H@10 0.996933	H@20 1.000000	H@50 1.000000	H@100 1.000000
INFO:kbc-cli.py:Epoch 12/15	test results	MRR 0.954236	H@1 0.920575	H@3 0.984115	H@5 0.993949	H@10 0.997731	H@20 0.998487	H@50 0.999244	H@100 1.000000
INFO:kbc-cli.py:Epoch 13/15	Loss 5.6046 ± 0.2295
INFO:kbc-cli.py:Epoch 14/15	Loss 5.5839 ± 0.2077
INFO:kbc-cli.py:Epoch 15/15	Loss 5.5747 ± 0.2207
INFO:kbc-cli.py:Epoch 15/15	dev results	MRR 0.968991	H@1 0.949387	H@3 0.984663	H@5 0.993865	H@10 0.996933	H@20 1.000000	H@50 1.000000	H@100 1.000000
INFO:kbc-cli.py:Epoch 15/15	test results	MRR 0.965786	H@1 0.942511	H@3 0.987897	H@5 0.993949	H@10 0.997731	H@20 0.998487	H@50 0.999244	H@100 1.000000
INFO:kbc-cli.py:Final 	dev results	MRR 0.968991	H@1 0.949387	H@3 0.984663	H@5 0.993865	H@10 0.996933	H@20 1.000000	H@50 1.000000	H@100 1.000000
INFO:kbc-cli.py:Final 	test results	MRR 0.965786	H@1 0.942511	H@3 0.987897	H@5 0.993949	H@10 0.997731	H@20 0.998487	H@50 0.999244	H@100 1.000000
INFO:kbc-cli.py:Training finished
