./bin/kbc-cli.py --train data/umls/train.tsv --dev data/umls/dev.tsv --test data/umls/test.tsv -m complex -k 1000 -b 10 -e 15 --F2 0 --N3 0.001 -l 0.1 -I reciprocal -V 3 -o adagrad -c so -q
{'F2': 0.0,
 'N3': 0.001,
 'batch_size': 10,
 'corruption': 'so',
 'dev': 'data/umls/dev.tsv',
 'embedding_size': 1000,
 'epochs': 15,
 'eval_batch_size': None,
 'input_type': 'reciprocal',
 'learning_rate': 0.1,
 'load': None,
 'model': 'complex',
 'optimizer': 'adagrad',
 'quiet': True,
 'save': None,
 'seed': 0,
 'test': 'data/umls/test.tsv',
 'test_i': None,
 'test_ii': None,
 'train': 'data/umls/train.tsv',
 'validate_every': 3}
INFO:kbc-cli.py:Device: cuda
INFO:kbc-cli.py:Model state:
INFO:kbc-cli.py:	entities.weight	torch.Size([135, 2000])
INFO:kbc-cli.py:	predicates.weight	torch.Size([92, 2000])
INFO:kbc-cli.py:Epoch 1/15	Loss 7.2271 ± 1.1375
INFO:kbc-cli.py:Epoch 2/15	Loss 5.8669 ± 0.3969
INFO:kbc-cli.py:Epoch 3/15	Loss 5.6606 ± 0.4013
INFO:kbc-cli.py:Epoch 3/15	dev results	MRR 0.928376	H@1 0.869632	H@3 0.983896	H@5 0.993098	H@10 0.997699	H@20 1.000000	H@50 1.000000	H@100 1.000000
INFO:kbc-cli.py:Epoch 3/15	test results	MRR 0.917620	H@1 0.850983	H@3 0.981846	H@5 0.990923	H@10 0.996974	H@20 0.998487	H@50 1.000000	H@100 1.000000
INFO:kbc-cli.py:Epoch 4/15	Loss 5.5688 ± 0.4094
INFO:kbc-cli.py:Epoch 5/15	Loss 5.5079 ± 0.3957
INFO:kbc-cli.py:Epoch 6/15	Loss 5.4554 ± 0.4179
INFO:kbc-cli.py:Epoch 6/15	dev results	MRR 0.955574	H@1 0.923313	H@3 0.982362	H@5 0.994632	H@10 0.998466	H@20 0.999233	H@50 1.000000	H@100 1.000000
INFO:kbc-cli.py:Epoch 6/15	test results	MRR 0.947666	H@1 0.907716	H@3 0.987897	H@5 0.994705	H@10 0.997731	H@20 0.999244	H@50 1.000000	H@100 1.000000
INFO:kbc-cli.py:Epoch 7/15	Loss 5.4214 ± 0.4004
INFO:kbc-cli.py:Epoch 8/15	Loss 5.3902 ± 0.4091
INFO:kbc-cli.py:Epoch 9/15	Loss 5.3638 ± 0.3955
INFO:kbc-cli.py:Epoch 9/15	dev results	MRR 0.955812	H@1 0.922546	H@3 0.989264	H@5 0.993098	H@10 0.996933	H@20 0.999233	H@50 1.000000	H@100 1.000000
INFO:kbc-cli.py:Epoch 9/15	test results	MRR 0.947123	H@1 0.906203	H@3 0.987141	H@5 0.995461	H@10 0.997731	H@20 0.999244	H@50 1.000000	H@100 1.000000
INFO:kbc-cli.py:Epoch 10/15	Loss 5.3399 ± 0.3896
INFO:kbc-cli.py:Epoch 11/15	Loss 5.3239 ± 0.4153
INFO:kbc-cli.py:Epoch 12/15	Loss 5.3053 ± 0.4037
INFO:kbc-cli.py:Epoch 12/15	dev results	MRR 0.960457	H@1 0.933282	H@3 0.987730	H@5 0.993098	H@10 0.996933	H@20 0.999233	H@50 1.000000	H@100 1.000000
INFO:kbc-cli.py:Epoch 12/15	test results	MRR 0.952788	H@1 0.916793	H@3 0.987141	H@5 0.994705	H@10 0.997731	H@20 0.999244	H@50 1.000000	H@100 1.000000
INFO:kbc-cli.py:Epoch 13/15	Loss 5.2891 ± 0.3929
INFO:kbc-cli.py:Epoch 14/15	Loss 5.2766 ± 0.4008
INFO:kbc-cli.py:Epoch 15/15	Loss 5.2629 ± 0.3959
INFO:kbc-cli.py:Epoch 15/15	dev results	MRR 0.961356	H@1 0.934049	H@3 0.987730	H@5 0.994632	H@10 0.996933	H@20 0.999233	H@50 1.000000	H@100 1.000000
INFO:kbc-cli.py:Epoch 15/15	test results	MRR 0.959480	H@1 0.929652	H@3 0.988654	H@5 0.996218	H@10 0.997731	H@20 0.999244	H@50 1.000000	H@100 1.000000
INFO:kbc-cli.py:Final 	dev results	MRR 0.961356	H@1 0.934049	H@3 0.987730	H@5 0.994632	H@10 0.996933	H@20 0.999233	H@50 1.000000	H@100 1.000000
INFO:kbc-cli.py:Final 	test results	MRR 0.959480	H@1 0.929652	H@3 0.988654	H@5 0.996218	H@10 0.997731	H@20 0.999244	H@50 1.000000	H@100 1.000000
INFO:kbc-cli.py:Training finished
