./bin/kbc-cli.py --train data/umls/train.tsv --dev data/umls/dev.tsv --test data/umls/test.tsv -m complex -k 100 -b 50 -e 15 --F2 0 --N3 0.05 -l 0.1 -I standard -V 3 -o adagrad -c so -q
{'F2': 0.0,
 'N3': 0.05,
 'batch_size': 50,
 'corruption': 'so',
 'dev': 'data/umls/dev.tsv',
 'embedding_size': 100,
 'epochs': 15,
 'eval_batch_size': None,
 'input_type': 'standard',
 'learning_rate': 0.1,
 'load': None,
 'model': 'complex',
 'optimizer': 'adagrad',
 'quiet': True,
 'save': None,
 'seed': 0,
 'test': 'data/umls/test.tsv',
 'test_i': None,
 'test_ii': None,
 'train': 'data/umls/train.tsv',
 'validate_every': 3}
INFO:kbc-cli.py:Device: cuda
INFO:kbc-cli.py:Model state:
INFO:kbc-cli.py:	entities.weight	torch.Size([135, 200])
INFO:kbc-cli.py:	predicates.weight	torch.Size([46, 200])
INFO:kbc-cli.py:Epoch 1/15	Loss 8.5210 ± 0.8243
INFO:kbc-cli.py:Epoch 2/15	Loss 7.3365 ± 0.1613
INFO:kbc-cli.py:Epoch 3/15	Loss 7.1499 ± 0.1671
INFO:kbc-cli.py:Epoch 3/15	dev results	MRR 0.898013	H@1 0.827454	H@3 0.960890	H@5 0.973926	H@10 0.985429	H@20 0.991564	H@50 0.996933	H@100 1.000000
INFO:kbc-cli.py:Epoch 3/15	test results	MRR 0.891600	H@1 0.816944	H@3 0.965204	H@5 0.976551	H@10 0.987897	H@20 0.993192	H@50 0.998487	H@100 0.999244
INFO:kbc-cli.py:Epoch 4/15	Loss 7.0718 ± 0.1772
INFO:kbc-cli.py:Epoch 5/15	Loss 7.0270 ± 0.1652
INFO:kbc-cli.py:Epoch 6/15	Loss 6.9980 ± 0.1626
INFO:kbc-cli.py:Epoch 6/15	dev results	MRR 0.895910	H@1 0.817485	H@3 0.970092	H@5 0.979294	H@10 0.989264	H@20 0.994632	H@50 0.998466	H@100 1.000000
INFO:kbc-cli.py:Epoch 6/15	test results	MRR 0.887759	H@1 0.799546	H@3 0.972769	H@5 0.985628	H@10 0.994705	H@20 0.996218	H@50 0.998487	H@100 0.999244
INFO:kbc-cli.py:Epoch 7/15	Loss 6.9754 ± 0.1593
INFO:kbc-cli.py:Epoch 8/15	Loss 6.9601 ± 0.1565
INFO:kbc-cli.py:Epoch 9/15	Loss 6.9425 ± 0.1842
INFO:kbc-cli.py:Epoch 9/15	dev results	MRR 0.913800	H@1 0.849693	H@3 0.973926	H@5 0.984663	H@10 0.992331	H@20 0.996166	H@50 1.000000	H@100 1.000000
INFO:kbc-cli.py:Epoch 9/15	test results	MRR 0.902411	H@1 0.824508	H@3 0.980333	H@5 0.987897	H@10 0.993192	H@20 0.997731	H@50 0.998487	H@100 0.999244
INFO:kbc-cli.py:Epoch 10/15	Loss 6.9343 ± 0.1908
INFO:kbc-cli.py:Epoch 11/15	Loss 6.9260 ± 0.1659
INFO:kbc-cli.py:Epoch 12/15	Loss 6.9140 ± 0.1612
INFO:kbc-cli.py:Epoch 12/15	dev results	MRR 0.912218	H@1 0.845859	H@3 0.972393	H@5 0.985429	H@10 0.993098	H@20 0.996166	H@50 1.000000	H@100 1.000000
INFO:kbc-cli.py:Epoch 12/15	test results	MRR 0.901888	H@1 0.823752	H@3 0.978820	H@5 0.987897	H@10 0.993949	H@20 0.997731	H@50 0.998487	H@100 0.999244
INFO:kbc-cli.py:Epoch 13/15	Loss 6.9105 ± 0.1669
INFO:kbc-cli.py:Epoch 14/15	Loss 6.8996 ± 0.1516
INFO:kbc-cli.py:Epoch 15/15	Loss 6.8965 ± 0.1659
INFO:kbc-cli.py:Epoch 15/15	dev results	MRR 0.916128	H@1 0.852761	H@3 0.973160	H@5 0.985429	H@10 0.993098	H@20 0.996166	H@50 1.000000	H@100 1.000000
INFO:kbc-cli.py:Epoch 15/15	test results	MRR 0.908023	H@1 0.834342	H@3 0.979576	H@5 0.989410	H@10 0.994705	H@20 0.997731	H@50 0.998487	H@100 0.999244
INFO:kbc-cli.py:Final 	dev results	MRR 0.916128	H@1 0.852761	H@3 0.973160	H@5 0.985429	H@10 0.993098	H@20 0.996166	H@50 1.000000	H@100 1.000000
INFO:kbc-cli.py:Final 	test results	MRR 0.908023	H@1 0.834342	H@3 0.979576	H@5 0.989410	H@10 0.994705	H@20 0.997731	H@50 0.998487	H@100 0.999244
INFO:kbc-cli.py:Training finished
