./bin/kbc-cli.py --train data/kinship/train.tsv --dev data/kinship/dev.tsv --test data/kinship/test.tsv -m complex -k 1000 -b 500 -e 15 --F2 0 --N3 0.005 -l 0.1 -I standard -V 3 -o adagrad -c so -q
{'F2': 0.0,
 'N3': 0.005,
 'batch_size': 500,
 'corruption': 'so',
 'dev': 'data/kinship/dev.tsv',
 'embedding_size': 1000,
 'epochs': 15,
 'eval_batch_size': None,
 'input_type': 'standard',
 'learning_rate': 0.1,
 'load': None,
 'model': 'complex',
 'optimizer': 'adagrad',
 'quiet': True,
 'save': None,
 'seed': 0,
 'test': 'data/kinship/test.tsv',
 'test_i': None,
 'test_ii': None,
 'train': 'data/kinship/train.tsv',
 'validate_every': 3}
INFO:kbc-cli.py:Device: cuda
INFO:kbc-cli.py:Model state:
INFO:kbc-cli.py:	entities.weight	torch.Size([104, 2000])
INFO:kbc-cli.py:	predicates.weight	torch.Size([25, 2000])
INFO:kbc-cli.py:Epoch 1/15	Loss 7.8922 ± 1.1073
INFO:kbc-cli.py:Epoch 2/15	Loss 5.9280 ± 0.0926
INFO:kbc-cli.py:Epoch 3/15	Loss 5.5816 ± 0.1433
INFO:kbc-cli.py:Epoch 3/15	dev results	MRR 0.809629	H@1 0.701311	H@3 0.911517	H@5 0.951311	H@10 0.977528	H@20 0.987828	H@50 0.992978	H@100 1.000000
INFO:kbc-cli.py:Epoch 3/15	test results	MRR 0.814607	H@1 0.709497	H@3 0.906425	H@5 0.955307	H@10 0.981844	H@20 0.992086	H@50 0.996741	H@100 1.000000
INFO:kbc-cli.py:Epoch 4/15	Loss 5.3776 ± 0.1196
INFO:kbc-cli.py:Epoch 5/15	Loss 5.2799 ± 0.1295
INFO:kbc-cli.py:Epoch 6/15	Loss 5.1891 ± 0.1315
INFO:kbc-cli.py:Epoch 6/15	dev results	MRR 0.861098	H@1 0.782303	H@3 0.936798	H@5 0.960674	H@10 0.979869	H@20 0.988296	H@50 0.992041	H@100 1.000000
INFO:kbc-cli.py:Epoch 6/15	test results	MRR 0.859554	H@1 0.777933	H@3 0.931099	H@5 0.970670	H@10 0.984171	H@20 0.993017	H@50 0.996741	H@100 1.000000
INFO:kbc-cli.py:Epoch 7/15	Loss 5.1332 ± 0.1485
INFO:kbc-cli.py:Epoch 8/15	Loss 5.0853 ± 0.1399
INFO:kbc-cli.py:Epoch 9/15	Loss 5.0469 ± 0.1183
INFO:kbc-cli.py:Epoch 9/15	dev results	MRR 0.864073	H@1 0.786517	H@3 0.936330	H@5 0.961610	H@10 0.980337	H@20 0.988764	H@50 0.992041	H@100 1.000000
INFO:kbc-cli.py:Epoch 9/15	test results	MRR 0.868931	H@1 0.792831	H@3 0.939944	H@5 0.968343	H@10 0.984171	H@20 0.992086	H@50 0.996741	H@100 1.000000
INFO:kbc-cli.py:Epoch 10/15	Loss 5.0027 ± 0.1141
INFO:kbc-cli.py:Epoch 11/15	Loss 4.9824 ± 0.1110
INFO:kbc-cli.py:Epoch 12/15	Loss 4.9587 ± 0.1127
INFO:kbc-cli.py:Epoch 12/15	dev results	MRR 0.869317	H@1 0.794944	H@3 0.935861	H@5 0.961142	H@10 0.982678	H@20 0.988296	H@50 0.992509	H@100 1.000000
INFO:kbc-cli.py:Epoch 12/15	test results	MRR 0.876641	H@1 0.804004	H@3 0.944134	H@5 0.974860	H@10 0.985102	H@20 0.992086	H@50 0.996741	H@100 1.000000
INFO:kbc-cli.py:Epoch 13/15	Loss 4.9303 ± 0.1254
INFO:kbc-cli.py:Epoch 14/15	Loss 4.9161 ± 0.1292
INFO:kbc-cli.py:Epoch 15/15	Loss 4.8970 ± 0.1026
INFO:kbc-cli.py:Epoch 15/15	dev results	MRR 0.881746	H@1 0.816948	H@3 0.940075	H@5 0.963483	H@10 0.983146	H@20 0.988296	H@50 0.992509	H@100 1.000000
INFO:kbc-cli.py:Epoch 15/15	test results	MRR 0.884144	H@1 0.816574	H@3 0.945996	H@5 0.972998	H@10 0.985102	H@20 0.992551	H@50 0.996741	H@100 1.000000
INFO:kbc-cli.py:Final 	dev results	MRR 0.881746	H@1 0.816948	H@3 0.940075	H@5 0.963483	H@10 0.983146	H@20 0.988296	H@50 0.992509	H@100 1.000000
INFO:kbc-cli.py:Final 	test results	MRR 0.884144	H@1 0.816574	H@3 0.945996	H@5 0.972998	H@10 0.985102	H@20 0.992551	H@50 0.996741	H@100 1.000000
INFO:kbc-cli.py:Training finished
