./bin/kbc-cli.py --train data/umls/train.tsv --dev data/umls/dev.tsv --test data/umls/test.tsv -m complex -k 500 -b 50 -e 15 --F2 0 --N3 0.05 -l 0.1 -I reciprocal -V 3 -o adagrad -c so -q
{'F2': 0.0,
 'N3': 0.05,
 'batch_size': 50,
 'corruption': 'so',
 'dev': 'data/umls/dev.tsv',
 'embedding_size': 500,
 'epochs': 15,
 'eval_batch_size': None,
 'input_type': 'reciprocal',
 'learning_rate': 0.1,
 'load': None,
 'model': 'complex',
 'optimizer': 'adagrad',
 'quiet': True,
 'save': None,
 'seed': 0,
 'test': 'data/umls/test.tsv',
 'test_i': None,
 'test_ii': None,
 'train': 'data/umls/train.tsv',
 'validate_every': 3}
INFO:kbc-cli.py:Device: cuda
INFO:kbc-cli.py:Model state:
INFO:kbc-cli.py:	entities.weight	torch.Size([135, 1000])
INFO:kbc-cli.py:	predicates.weight	torch.Size([92, 1000])
INFO:kbc-cli.py:Epoch 1/15	Loss 8.2270 ± 0.9843
INFO:kbc-cli.py:Epoch 2/15	Loss 7.1721 ± 0.1688
INFO:kbc-cli.py:Epoch 3/15	Loss 7.0493 ± 0.1686
INFO:kbc-cli.py:Epoch 3/15	dev results	MRR 0.901786	H@1 0.820552	H@3 0.976994	H@5 0.989264	H@10 0.996933	H@20 0.999233	H@50 1.000000	H@100 1.000000
INFO:kbc-cli.py:Epoch 3/15	test results	MRR 0.883501	H@1 0.785930	H@3 0.980333	H@5 0.985628	H@10 0.994705	H@20 0.997731	H@50 0.998487	H@100 1.000000
INFO:kbc-cli.py:Epoch 4/15	Loss 6.9970 ± 0.1747
INFO:kbc-cli.py:Epoch 5/15	Loss 6.9637 ± 0.1572
INFO:kbc-cli.py:Epoch 6/15	Loss 6.9378 ± 0.1696
INFO:kbc-cli.py:Epoch 6/15	dev results	MRR 0.914014	H@1 0.844325	H@3 0.979294	H@5 0.986196	H@10 0.994632	H@20 0.999233	H@50 1.000000	H@100 1.000000
INFO:kbc-cli.py:Epoch 6/15	test results	MRR 0.904720	H@1 0.822239	H@3 0.985628	H@5 0.990923	H@10 0.996218	H@20 0.997731	H@50 0.998487	H@100 1.000000
INFO:kbc-cli.py:Epoch 7/15	Loss 6.9208 ± 0.1768
INFO:kbc-cli.py:Epoch 8/15	Loss 6.9067 ± 0.1633
INFO:kbc-cli.py:Epoch 9/15	Loss 6.8966 ± 0.1684
INFO:kbc-cli.py:Epoch 9/15	dev results	MRR 0.919505	H@1 0.855061	H@3 0.980061	H@5 0.988497	H@10 0.994632	H@20 0.998466	H@50 1.000000	H@100 1.000000
INFO:kbc-cli.py:Epoch 9/15	test results	MRR 0.912955	H@1 0.840393	H@3 0.984115	H@5 0.991679	H@10 0.996218	H@20 0.998487	H@50 0.998487	H@100 1.000000
INFO:kbc-cli.py:Epoch 10/15	Loss 6.8861 ± 0.1680
INFO:kbc-cli.py:Epoch 11/15	Loss 6.8774 ± 0.1691
INFO:kbc-cli.py:Epoch 12/15	Loss 6.8698 ± 0.1643
INFO:kbc-cli.py:Epoch 12/15	dev results	MRR 0.926261	H@1 0.868865	H@3 0.978528	H@5 0.988497	H@10 0.996166	H@20 0.998466	H@50 1.000000	H@100 1.000000
INFO:kbc-cli.py:Epoch 12/15	test results	MRR 0.922489	H@1 0.858548	H@3 0.984871	H@5 0.990166	H@10 0.996974	H@20 0.998487	H@50 0.999244	H@100 1.000000
INFO:kbc-cli.py:Epoch 13/15	Loss 6.8635 ± 0.1473
INFO:kbc-cli.py:Epoch 14/15	Loss 6.8595 ± 0.1655
INFO:kbc-cli.py:Epoch 15/15	Loss 6.8529 ± 0.1562
INFO:kbc-cli.py:Epoch 15/15	dev results	MRR 0.925563	H@1 0.867331	H@3 0.978528	H@5 0.988497	H@10 0.996166	H@20 0.998466	H@50 1.000000	H@100 1.000000
INFO:kbc-cli.py:Epoch 15/15	test results	MRR 0.923786	H@1 0.860061	H@3 0.985628	H@5 0.993192	H@10 0.997731	H@20 0.998487	H@50 0.999244	H@100 1.000000
INFO:kbc-cli.py:Final 	dev results	MRR 0.925563	H@1 0.867331	H@3 0.978528	H@5 0.988497	H@10 0.996166	H@20 0.998466	H@50 1.000000	H@100 1.000000
INFO:kbc-cli.py:Final 	test results	MRR 0.923786	H@1 0.860061	H@3 0.985628	H@5 0.993192	H@10 0.997731	H@20 0.998487	H@50 0.999244	H@100 1.000000
INFO:kbc-cli.py:Training finished
