./bin/kbc-cli.py --train data/kinship/train.tsv --dev data/kinship/dev.tsv --test data/kinship/test.tsv -m complex -k 100 -b 100 -e 15 --F2 0 --N3 0.001 -l 0.1 -I standard -V 3 -o adagrad -c so -q
{'F2': 0.0,
 'N3': 0.001,
 'batch_size': 100,
 'corruption': 'so',
 'dev': 'data/kinship/dev.tsv',
 'embedding_size': 100,
 'epochs': 15,
 'eval_batch_size': None,
 'input_type': 'standard',
 'learning_rate': 0.1,
 'load': None,
 'model': 'complex',
 'optimizer': 'adagrad',
 'quiet': True,
 'save': None,
 'seed': 0,
 'test': 'data/kinship/test.tsv',
 'test_i': None,
 'test_ii': None,
 'train': 'data/kinship/train.tsv',
 'validate_every': 3}
INFO:kbc-cli.py:Device: cuda
INFO:kbc-cli.py:Model state:
INFO:kbc-cli.py:	entities.weight	torch.Size([104, 200])
INFO:kbc-cli.py:	predicates.weight	torch.Size([25, 200])
INFO:kbc-cli.py:Epoch 1/15	Loss 7.2603 ± 1.1463
INFO:kbc-cli.py:Epoch 2/15	Loss 5.6118 ± 0.1463
INFO:kbc-cli.py:Epoch 3/15	Loss 5.2697 ± 0.1768
INFO:kbc-cli.py:Epoch 3/15	dev results	MRR 0.815396	H@1 0.713483	H@3 0.904026	H@5 0.947566	H@10 0.973783	H@20 0.985019	H@50 0.993446	H@100 1.000000
INFO:kbc-cli.py:Epoch 3/15	test results	MRR 0.810403	H@1 0.708566	H@3 0.897114	H@5 0.946927	H@10 0.979050	H@20 0.990223	H@50 0.997207	H@100 0.999534
INFO:kbc-cli.py:Epoch 4/15	Loss 5.0790 ± 0.1733
INFO:kbc-cli.py:Epoch 5/15	Loss 4.9606 ± 0.1823
INFO:kbc-cli.py:Epoch 6/15	Loss 4.8732 ± 0.1700
INFO:kbc-cli.py:Epoch 6/15	dev results	MRR 0.837286	H@1 0.748127	H@3 0.915730	H@5 0.948970	H@10 0.976124	H@20 0.986891	H@50 0.995318	H@100 1.000000
INFO:kbc-cli.py:Epoch 6/15	test results	MRR 0.835956	H@1 0.743482	H@3 0.918994	H@5 0.954376	H@10 0.980447	H@20 0.991155	H@50 0.996741	H@100 0.999534
INFO:kbc-cli.py:Epoch 7/15	Loss 4.8083 ± 0.1701
INFO:kbc-cli.py:Epoch 8/15	Loss 4.7571 ± 0.1720
INFO:kbc-cli.py:Epoch 9/15	Loss 4.7100 ± 0.1593
INFO:kbc-cli.py:Epoch 9/15	dev results	MRR 0.835521	H@1 0.744850	H@3 0.915262	H@5 0.950843	H@10 0.974719	H@20 0.987828	H@50 0.994850	H@100 1.000000
INFO:kbc-cli.py:Epoch 9/15	test results	MRR 0.835608	H@1 0.744879	H@3 0.917132	H@5 0.952048	H@10 0.979050	H@20 0.991620	H@50 0.996741	H@100 1.000000
INFO:kbc-cli.py:Epoch 10/15	Loss 4.6730 ± 0.1569
INFO:kbc-cli.py:Epoch 11/15	Loss 4.6439 ± 0.1688
INFO:kbc-cli.py:Epoch 12/15	Loss 4.6148 ± 0.1453
INFO:kbc-cli.py:Epoch 12/15	dev results	MRR 0.833898	H@1 0.742978	H@3 0.913390	H@5 0.949906	H@10 0.973783	H@20 0.988296	H@50 0.994850	H@100 1.000000
INFO:kbc-cli.py:Epoch 12/15	test results	MRR 0.830859	H@1 0.735568	H@3 0.918529	H@5 0.952980	H@10 0.979050	H@20 0.992086	H@50 0.996741	H@100 1.000000
INFO:kbc-cli.py:Epoch 13/15	Loss 4.5900 ± 0.1599
INFO:kbc-cli.py:Epoch 14/15	Loss 4.5696 ± 0.1676
INFO:kbc-cli.py:Epoch 15/15	Loss 4.5501 ± 0.1443
INFO:kbc-cli.py:Epoch 15/15	dev results	MRR 0.831914	H@1 0.741105	H@3 0.913390	H@5 0.948970	H@10 0.975655	H@20 0.988296	H@50 0.994850	H@100 1.000000
INFO:kbc-cli.py:Epoch 15/15	test results	MRR 0.830061	H@1 0.736034	H@3 0.914804	H@5 0.950652	H@10 0.978119	H@20 0.992086	H@50 0.997207	H@100 1.000000
INFO:kbc-cli.py:Final 	dev results	MRR 0.831914	H@1 0.741105	H@3 0.913390	H@5 0.948970	H@10 0.975655	H@20 0.988296	H@50 0.994850	H@100 1.000000
INFO:kbc-cli.py:Final 	test results	MRR 0.830061	H@1 0.736034	H@3 0.914804	H@5 0.950652	H@10 0.978119	H@20 0.992086	H@50 0.997207	H@100 1.000000
INFO:kbc-cli.py:Training finished
