./bin/kbc-cli.py --train data/umls/train.tsv --dev data/umls/dev.tsv --test data/umls/test.tsv -m complex -k 200 -b 50 -e 15 --F2 0 --N3 0.0001 -l 0.1 -I standard -V 3 -o adagrad -c spo -q
{'F2': 0.0,
 'N3': 0.0001,
 'batch_size': 50,
 'corruption': 'spo',
 'dev': 'data/umls/dev.tsv',
 'embedding_size': 200,
 'epochs': 15,
 'eval_batch_size': None,
 'input_type': 'standard',
 'learning_rate': 0.1,
 'load': None,
 'model': 'complex',
 'optimizer': 'adagrad',
 'quiet': True,
 'save': None,
 'seed': 0,
 'test': 'data/umls/test.tsv',
 'test_i': None,
 'test_ii': None,
 'train': 'data/umls/train.tsv',
 'validate_every': 3}
INFO:kbc-cli.py:Device: cuda
INFO:kbc-cli.py:Model state:
INFO:kbc-cli.py:	entities.weight	torch.Size([135, 400])
INFO:kbc-cli.py:	predicates.weight	torch.Size([46, 400])
INFO:kbc-cli.py:Epoch 1/15	Loss 9.5952 ± 1.8010
INFO:kbc-cli.py:Epoch 2/15	Loss 6.7834 ± 0.2752
INFO:kbc-cli.py:Epoch 3/15	Loss 6.4197 ± 0.2880
INFO:kbc-cli.py:Epoch 3/15	dev results	MRR 0.931827	H@1 0.885736	H@3 0.973160	H@5 0.983129	H@10 0.990031	H@20 0.995399	H@50 0.998466	H@100 0.998466
INFO:kbc-cli.py:Epoch 3/15	test results	MRR 0.917416	H@1 0.857035	H@3 0.973525	H@5 0.987897	H@10 0.994705	H@20 0.997731	H@50 0.999244	H@100 1.000000
INFO:kbc-cli.py:Epoch 4/15	Loss 6.2533 ± 0.2829
INFO:kbc-cli.py:Epoch 5/15	Loss 6.1663 ± 0.2684
INFO:kbc-cli.py:Epoch 6/15	Loss 6.0949 ± 0.2635
INFO:kbc-cli.py:Epoch 6/15	dev results	MRR 0.924670	H@1 0.866564	H@3 0.981595	H@5 0.986963	H@10 0.991564	H@20 0.995399	H@50 0.998466	H@100 1.000000
INFO:kbc-cli.py:Epoch 6/15	test results	MRR 0.915645	H@1 0.847958	H@3 0.982602	H@5 0.992436	H@10 0.996218	H@20 0.998487	H@50 1.000000	H@100 1.000000
INFO:kbc-cli.py:Epoch 7/15	Loss 6.0366 ± 0.2712
INFO:kbc-cli.py:Epoch 8/15	Loss 5.9962 ± 0.2633
INFO:kbc-cli.py:Epoch 9/15	Loss 5.9530 ± 0.2868
INFO:kbc-cli.py:Epoch 9/15	dev results	MRR 0.951821	H@1 0.920245	H@3 0.981595	H@5 0.987730	H@10 0.990798	H@20 0.996933	H@50 0.998466	H@100 1.000000
INFO:kbc-cli.py:Epoch 9/15	test results	MRR 0.942546	H@1 0.899395	H@3 0.984871	H@5 0.993949	H@10 0.996974	H@20 0.998487	H@50 1.000000	H@100 1.000000
INFO:kbc-cli.py:Epoch 10/15	Loss 5.9295 ± 0.2631
INFO:kbc-cli.py:Epoch 11/15	Loss 5.9003 ± 0.2514
INFO:kbc-cli.py:Epoch 12/15	Loss 5.8738 ± 0.2798
INFO:kbc-cli.py:Epoch 12/15	dev results	MRR 0.952292	H@1 0.921012	H@3 0.981595	H@5 0.987730	H@10 0.990798	H@20 0.996166	H@50 0.998466	H@100 1.000000
INFO:kbc-cli.py:Epoch 12/15	test results	MRR 0.945539	H@1 0.904690	H@3 0.985628	H@5 0.993192	H@10 0.997731	H@20 0.998487	H@50 1.000000	H@100 1.000000
INFO:kbc-cli.py:Epoch 13/15	Loss 5.8582 ± 0.2691
INFO:kbc-cli.py:Epoch 14/15	Loss 5.8369 ± 0.2515
INFO:kbc-cli.py:Epoch 15/15	Loss 5.8225 ± 0.2706
INFO:kbc-cli.py:Epoch 15/15	dev results	MRR 0.951017	H@1 0.917945	H@3 0.983896	H@5 0.987730	H@10 0.991564	H@20 0.996166	H@50 0.998466	H@100 1.000000
INFO:kbc-cli.py:Epoch 15/15	test results	MRR 0.947820	H@1 0.909228	H@3 0.986384	H@5 0.993949	H@10 0.997731	H@20 0.998487	H@50 1.000000	H@100 1.000000
INFO:kbc-cli.py:Final 	dev results	MRR 0.951017	H@1 0.917945	H@3 0.983896	H@5 0.987730	H@10 0.991564	H@20 0.996166	H@50 0.998466	H@100 1.000000
INFO:kbc-cli.py:Final 	test results	MRR 0.947820	H@1 0.909228	H@3 0.986384	H@5 0.993949	H@10 0.997731	H@20 0.998487	H@50 1.000000	H@100 1.000000
INFO:kbc-cli.py:Training finished
