./bin/kbc-cli.py --train data/nations/train.tsv --dev data/nations/dev.tsv --test data/nations/test.tsv -m complex -k 200 -b 500 -e 15 --F2 0 --N3 0.0001 -l 0.1 -I standard -V 3 -o adagrad -c spo -q
{'F2': 0.0,
 'N3': 0.0001,
 'batch_size': 500,
 'corruption': 'spo',
 'dev': 'data/nations/dev.tsv',
 'embedding_size': 200,
 'epochs': 15,
 'eval_batch_size': None,
 'input_type': 'standard',
 'learning_rate': 0.1,
 'load': None,
 'model': 'complex',
 'optimizer': 'adagrad',
 'quiet': True,
 'save': None,
 'seed': 0,
 'test': 'data/nations/test.tsv',
 'test_i': None,
 'test_ii': None,
 'train': 'data/nations/train.tsv',
 'validate_every': 3}
INFO:kbc-cli.py:Device: cuda
INFO:kbc-cli.py:Model state:
INFO:kbc-cli.py:	entities.weight	torch.Size([14, 400])
INFO:kbc-cli.py:	predicates.weight	torch.Size([55, 400])
INFO:kbc-cli.py:Epoch 1/15	Loss 9.3207 ± 0.0432
INFO:kbc-cli.py:Epoch 2/15	Loss 8.8154 ± 0.0825
INFO:kbc-cli.py:Epoch 3/15	Loss 7.8243 ± 0.1452
INFO:kbc-cli.py:Epoch 3/15	dev results	MRR 0.710913	H@1 0.555276	H@3 0.834171	H@5 0.932161	H@10 0.997487	H@20 1.000000	H@50 1.000000	H@100 1.000000
INFO:kbc-cli.py:Epoch 3/15	test results	MRR 0.708277	H@1 0.554726	H@3 0.850746	H@5 0.940299	H@10 0.992537	H@20 1.000000	H@50 1.000000	H@100 1.000000
INFO:kbc-cli.py:Epoch 4/15	Loss 7.2254 ± 0.2484
INFO:kbc-cli.py:Epoch 5/15	Loss 6.8261 ± 0.1170
INFO:kbc-cli.py:Epoch 6/15	Loss 6.7701 ± 0.3101
INFO:kbc-cli.py:Epoch 6/15	dev results	MRR 0.726567	H@1 0.582915	H@3 0.849246	H@5 0.944724	H@10 0.992462	H@20 1.000000	H@50 1.000000	H@100 1.000000
INFO:kbc-cli.py:Epoch 6/15	test results	MRR 0.762847	H@1 0.631841	H@3 0.865672	H@5 0.945274	H@10 0.997512	H@20 1.000000	H@50 1.000000	H@100 1.000000
INFO:kbc-cli.py:Epoch 7/15	Loss 6.5039 ± 0.1062
INFO:kbc-cli.py:Epoch 8/15	Loss 6.4680 ± 0.1828
INFO:kbc-cli.py:Epoch 9/15	Loss 6.2979 ± 0.1543
INFO:kbc-cli.py:Epoch 9/15	dev results	MRR 0.743370	H@1 0.600503	H@3 0.856784	H@5 0.944724	H@10 0.994975	H@20 1.000000	H@50 1.000000	H@100 1.000000
INFO:kbc-cli.py:Epoch 9/15	test results	MRR 0.786432	H@1 0.666667	H@3 0.888060	H@5 0.955224	H@10 1.000000	H@20 1.000000	H@50 1.000000	H@100 1.000000
INFO:kbc-cli.py:Epoch 10/15	Loss 6.3715 ± 0.2637
INFO:kbc-cli.py:Epoch 11/15	Loss 6.2586 ± 0.1368
INFO:kbc-cli.py:Epoch 12/15	Loss 6.2193 ± 0.1716
INFO:kbc-cli.py:Epoch 12/15	dev results	MRR 0.765433	H@1 0.635678	H@3 0.871859	H@5 0.947236	H@10 0.997487	H@20 1.000000	H@50 1.000000	H@100 1.000000
INFO:kbc-cli.py:Epoch 12/15	test results	MRR 0.783801	H@1 0.661692	H@3 0.888060	H@5 0.950249	H@10 0.997512	H@20 1.000000	H@50 1.000000	H@100 1.000000
INFO:kbc-cli.py:Epoch 13/15	Loss 6.2048 ± 0.1664
INFO:kbc-cli.py:Epoch 14/15	Loss 6.1192 ± 0.1483
INFO:kbc-cli.py:Epoch 15/15	Loss 6.1026 ± 0.1089
INFO:kbc-cli.py:Epoch 15/15	dev results	MRR 0.779768	H@1 0.660804	H@3 0.881910	H@5 0.947236	H@10 0.994975	H@20 1.000000	H@50 1.000000	H@100 1.000000
INFO:kbc-cli.py:Epoch 15/15	test results	MRR 0.798286	H@1 0.686567	H@3 0.888060	H@5 0.945274	H@10 0.997512	H@20 1.000000	H@50 1.000000	H@100 1.000000
INFO:kbc-cli.py:Final 	dev results	MRR 0.779768	H@1 0.660804	H@3 0.881910	H@5 0.947236	H@10 0.994975	H@20 1.000000	H@50 1.000000	H@100 1.000000
INFO:kbc-cli.py:Final 	test results	MRR 0.798286	H@1 0.686567	H@3 0.888060	H@5 0.945274	H@10 0.997512	H@20 1.000000	H@50 1.000000	H@100 1.000000
INFO:kbc-cli.py:Training finished
