./bin/kbc-cli.py --train data/kinship/train.tsv --dev data/kinship/dev.tsv --test data/kinship/test.tsv -m complex -k 1000 -b 50 -e 15 --F2 0 --N3 0.0001 -l 0.1 -I standard -V 3 -o adagrad -c so -q
{'F2': 0.0,
 'N3': 0.0001,
 'batch_size': 50,
 'corruption': 'so',
 'dev': 'data/kinship/dev.tsv',
 'embedding_size': 1000,
 'epochs': 15,
 'eval_batch_size': None,
 'input_type': 'standard',
 'learning_rate': 0.1,
 'load': None,
 'model': 'complex',
 'optimizer': 'adagrad',
 'quiet': True,
 'save': None,
 'seed': 0,
 'test': 'data/kinship/test.tsv',
 'test_i': None,
 'test_ii': None,
 'train': 'data/kinship/train.tsv',
 'validate_every': 3}
INFO:kbc-cli.py:Device: cuda
INFO:kbc-cli.py:Model state:
INFO:kbc-cli.py:	entities.weight	torch.Size([104, 2000])
INFO:kbc-cli.py:	predicates.weight	torch.Size([25, 2000])
INFO:kbc-cli.py:Epoch 1/15	Loss 7.4119 ± 1.3151
INFO:kbc-cli.py:Epoch 2/15	Loss 5.4806 ± 0.2687
INFO:kbc-cli.py:Epoch 3/15	Loss 5.1588 ± 0.3015
INFO:kbc-cli.py:Epoch 3/15	dev results	MRR 0.860965	H@1 0.778558	H@3 0.935861	H@5 0.960206	H@10 0.978933	H@20 0.987360	H@50 0.994850	H@100 1.000000
INFO:kbc-cli.py:Epoch 3/15	test results	MRR 0.862843	H@1 0.781657	H@3 0.934358	H@5 0.964153	H@10 0.984637	H@20 0.993017	H@50 0.998138	H@100 1.000000
INFO:kbc-cli.py:Epoch 4/15	Loss 4.9903 ± 0.2925
INFO:kbc-cli.py:Epoch 5/15	Loss 4.8801 ± 0.2912
INFO:kbc-cli.py:Epoch 6/15	Loss 4.7937 ± 0.2690
INFO:kbc-cli.py:Epoch 6/15	dev results	MRR 0.882830	H@1 0.816479	H@3 0.940543	H@5 0.961610	H@10 0.981273	H@20 0.988764	H@50 0.995318	H@100 1.000000
INFO:kbc-cli.py:Epoch 6/15	test results	MRR 0.887813	H@1 0.822160	H@3 0.947858	H@5 0.971136	H@10 0.986965	H@20 0.993948	H@50 0.998138	H@100 1.000000
INFO:kbc-cli.py:Epoch 7/15	Loss 4.7322 ± 0.2697
INFO:kbc-cli.py:Epoch 8/15	Loss 4.6818 ± 0.2583
INFO:kbc-cli.py:Epoch 9/15	Loss 4.6393 ± 0.2489
INFO:kbc-cli.py:Epoch 9/15	dev results	MRR 0.884451	H@1 0.820225	H@3 0.938670	H@5 0.964419	H@10 0.981273	H@20 0.988764	H@50 0.995318	H@100 1.000000
INFO:kbc-cli.py:Epoch 9/15	test results	MRR 0.889984	H@1 0.824953	H@3 0.948790	H@5 0.970205	H@10 0.987430	H@20 0.993482	H@50 0.998603	H@100 1.000000
INFO:kbc-cli.py:Epoch 10/15	Loss 4.6050 ± 0.2550
INFO:kbc-cli.py:Epoch 11/15	Loss 4.5757 ± 0.2611
INFO:kbc-cli.py:Epoch 12/15	Loss 4.5478 ± 0.2408
INFO:kbc-cli.py:Epoch 12/15	dev results	MRR 0.884965	H@1 0.819757	H@3 0.942416	H@5 0.964419	H@10 0.980805	H@20 0.989232	H@50 0.995318	H@100 1.000000
INFO:kbc-cli.py:Epoch 12/15	test results	MRR 0.891697	H@1 0.827747	H@3 0.949255	H@5 0.972067	H@10 0.987430	H@20 0.993017	H@50 0.998603	H@100 1.000000
INFO:kbc-cli.py:Epoch 13/15	Loss 4.5245 ± 0.2556
INFO:kbc-cli.py:Epoch 14/15	Loss 4.5042 ± 0.2425
INFO:kbc-cli.py:Epoch 15/15	Loss 4.4866 ± 0.2240
INFO:kbc-cli.py:Epoch 15/15	dev results	MRR 0.885741	H@1 0.820693	H@3 0.943352	H@5 0.964888	H@10 0.981273	H@20 0.988764	H@50 0.995787	H@100 1.000000
INFO:kbc-cli.py:Epoch 15/15	test results	MRR 0.891761	H@1 0.827281	H@3 0.949721	H@5 0.971601	H@10 0.988361	H@20 0.993482	H@50 0.998603	H@100 1.000000
INFO:kbc-cli.py:Final 	dev results	MRR 0.885741	H@1 0.820693	H@3 0.943352	H@5 0.964888	H@10 0.981273	H@20 0.988764	H@50 0.995787	H@100 1.000000
INFO:kbc-cli.py:Final 	test results	MRR 0.891761	H@1 0.827281	H@3 0.949721	H@5 0.971601	H@10 0.988361	H@20 0.993482	H@50 0.998603	H@100 1.000000
INFO:kbc-cli.py:Training finished
