./bin/kbc-cli.py --train data/kinship/train.tsv --dev data/kinship/dev.tsv --test data/kinship/test.tsv -m complex -k 200 -b 100 -e 15 --F2 0 --N3 0.1 -l 0.1 -I standard -V 3 -o adagrad -c spo -q
{'F2': 0.0,
 'N3': 0.1,
 'batch_size': 100,
 'corruption': 'spo',
 'dev': 'data/kinship/dev.tsv',
 'embedding_size': 200,
 'epochs': 15,
 'eval_batch_size': None,
 'input_type': 'standard',
 'learning_rate': 0.1,
 'load': None,
 'model': 'complex',
 'optimizer': 'adagrad',
 'quiet': True,
 'save': None,
 'seed': 0,
 'test': 'data/kinship/test.tsv',
 'test_i': None,
 'test_ii': None,
 'train': 'data/kinship/train.tsv',
 'validate_every': 3}
INFO:kbc-cli.py:Device: cuda
INFO:kbc-cli.py:Model state:
INFO:kbc-cli.py:	entities.weight	torch.Size([104, 400])
INFO:kbc-cli.py:	predicates.weight	torch.Size([25, 400])
INFO:kbc-cli.py:Epoch 1/15	Loss 9.9229 ± 1.4849
INFO:kbc-cli.py:Epoch 2/15	Loss 8.6021 ± 0.1863
INFO:kbc-cli.py:Epoch 3/15	Loss 8.4727 ± 0.1973
INFO:kbc-cli.py:Epoch 3/15	dev results	MRR 0.750282	H@1 0.627341	H@3 0.852996	H@5 0.912453	H@10 0.965824	H@20 0.982678	H@50 0.992041	H@100 1.000000
INFO:kbc-cli.py:Epoch 3/15	test results	MRR 0.748322	H@1 0.620112	H@3 0.851955	H@5 0.919926	H@10 0.966015	H@20 0.988361	H@50 0.996276	H@100 1.000000
INFO:kbc-cli.py:Epoch 4/15	Loss 8.4103 ± 0.1824
INFO:kbc-cli.py:Epoch 5/15	Loss 8.3771 ± 0.1917
INFO:kbc-cli.py:Epoch 6/15	Loss 8.3535 ± 0.1701
INFO:kbc-cli.py:Epoch 6/15	dev results	MRR 0.782484	H@1 0.669944	H@3 0.875000	H@5 0.925094	H@10 0.972846	H@20 0.983146	H@50 0.992509	H@100 1.000000
INFO:kbc-cli.py:Epoch 6/15	test results	MRR 0.786732	H@1 0.679702	H@3 0.874302	H@5 0.929702	H@10 0.973464	H@20 0.991155	H@50 0.995810	H@100 1.000000
INFO:kbc-cli.py:Epoch 7/15	Loss 8.3351 ± 0.1899
INFO:kbc-cli.py:Epoch 8/15	Loss 8.3238 ± 0.1965
INFO:kbc-cli.py:Epoch 9/15	Loss 8.3051 ± 0.1692
INFO:kbc-cli.py:Epoch 9/15	dev results	MRR 0.794084	H@1 0.685861	H@3 0.881086	H@5 0.934457	H@10 0.972378	H@20 0.983614	H@50 0.992509	H@100 1.000000
INFO:kbc-cli.py:Epoch 9/15	test results	MRR 0.801277	H@1 0.695531	H@3 0.893855	H@5 0.935289	H@10 0.975326	H@20 0.990223	H@50 0.995810	H@100 1.000000
INFO:kbc-cli.py:Epoch 10/15	Loss 8.2961 ± 0.1700
INFO:kbc-cli.py:Epoch 11/15	Loss 8.2872 ± 0.1549
INFO:kbc-cli.py:Epoch 12/15	Loss 8.2765 ± 0.1623
INFO:kbc-cli.py:Epoch 12/15	dev results	MRR 0.803162	H@1 0.698502	H@3 0.888109	H@5 0.936798	H@10 0.974251	H@20 0.983614	H@50 0.991573	H@100 1.000000
INFO:kbc-cli.py:Epoch 12/15	test results	MRR 0.806608	H@1 0.700186	H@3 0.896182	H@5 0.942737	H@10 0.977188	H@20 0.991620	H@50 0.995810	H@100 1.000000
INFO:kbc-cli.py:Epoch 13/15	Loss 8.2686 ± 0.1896
INFO:kbc-cli.py:Epoch 14/15	Loss 8.2639 ± 0.1602
INFO:kbc-cli.py:Epoch 15/15	Loss 8.2584 ± 0.1686
INFO:kbc-cli.py:Epoch 15/15	dev results	MRR 0.814864	H@1 0.717228	H@3 0.896067	H@5 0.942416	H@10 0.975655	H@20 0.984082	H@50 0.991573	H@100 1.000000
INFO:kbc-cli.py:Epoch 15/15	test results	MRR 0.814954	H@1 0.716015	H@3 0.897114	H@5 0.943203	H@10 0.978119	H@20 0.990689	H@50 0.995345	H@100 1.000000
INFO:kbc-cli.py:Final 	dev results	MRR 0.814864	H@1 0.717228	H@3 0.896067	H@5 0.942416	H@10 0.975655	H@20 0.984082	H@50 0.991573	H@100 1.000000
INFO:kbc-cli.py:Final 	test results	MRR 0.814954	H@1 0.716015	H@3 0.897114	H@5 0.943203	H@10 0.978119	H@20 0.990689	H@50 0.995345	H@100 1.000000
INFO:kbc-cli.py:Training finished
