./bin/kbc-cli.py --train data/umls/train.tsv --dev data/umls/dev.tsv --test data/umls/test.tsv -m complex -k 500 -b 50 -e 15 --F2 0 --N3 0.005 -l 0.1 -I reciprocal -V 3 -o adagrad -c so -q
{'F2': 0.0,
 'N3': 0.005,
 'batch_size': 50,
 'corruption': 'so',
 'dev': 'data/umls/dev.tsv',
 'embedding_size': 500,
 'epochs': 15,
 'eval_batch_size': None,
 'input_type': 'reciprocal',
 'learning_rate': 0.1,
 'load': None,
 'model': 'complex',
 'optimizer': 'adagrad',
 'quiet': True,
 'save': None,
 'seed': 0,
 'test': 'data/umls/test.tsv',
 'test_i': None,
 'test_ii': None,
 'train': 'data/umls/train.tsv',
 'validate_every': 3}
INFO:kbc-cli.py:Device: cuda
INFO:kbc-cli.py:Model state:
INFO:kbc-cli.py:	entities.weight	torch.Size([135, 1000])
INFO:kbc-cli.py:	predicates.weight	torch.Size([92, 1000])
INFO:kbc-cli.py:Epoch 1/15	Loss 7.4428 ± 1.0980
INFO:kbc-cli.py:Epoch 2/15	Loss 5.9740 ± 0.1866
INFO:kbc-cli.py:Epoch 3/15	Loss 5.7924 ± 0.2018
INFO:kbc-cli.py:Epoch 3/15	dev results	MRR 0.932127	H@1 0.875767	H@3 0.984663	H@5 0.991564	H@10 0.997699	H@20 1.000000	H@50 1.000000	H@100 1.000000
INFO:kbc-cli.py:Epoch 3/15	test results	MRR 0.920483	H@1 0.855522	H@3 0.983359	H@5 0.989410	H@10 0.996974	H@20 0.998487	H@50 0.999244	H@100 1.000000
INFO:kbc-cli.py:Epoch 4/15	Loss 5.7107 ± 0.2085
INFO:kbc-cli.py:Epoch 5/15	Loss 5.6557 ± 0.1935
INFO:kbc-cli.py:Epoch 6/15	Loss 5.6113 ± 0.2058
INFO:kbc-cli.py:Epoch 6/15	dev results	MRR 0.964067	H@1 0.937117	H@3 0.988497	H@5 0.993865	H@10 0.997699	H@20 1.000000	H@50 1.000000	H@100 1.000000
INFO:kbc-cli.py:Epoch 6/15	test results	MRR 0.957287	H@1 0.925113	H@3 0.987141	H@5 0.994705	H@10 0.997731	H@20 0.998487	H@50 0.999244	H@100 1.000000
INFO:kbc-cli.py:Epoch 7/15	Loss 5.5804 ± 0.2013
INFO:kbc-cli.py:Epoch 8/15	Loss 5.5535 ± 0.1975
INFO:kbc-cli.py:Epoch 9/15	Loss 5.5318 ± 0.1988
INFO:kbc-cli.py:Epoch 9/15	dev results	MRR 0.967303	H@1 0.944018	H@3 0.990031	H@5 0.993865	H@10 0.997699	H@20 1.000000	H@50 1.000000	H@100 1.000000
INFO:kbc-cli.py:Epoch 9/15	test results	MRR 0.959279	H@1 0.930408	H@3 0.986384	H@5 0.993192	H@10 0.997731	H@20 0.998487	H@50 0.999244	H@100 1.000000
INFO:kbc-cli.py:Epoch 10/15	Loss 5.5118 ± 0.1943
INFO:kbc-cli.py:Epoch 11/15	Loss 5.4967 ± 0.2078
INFO:kbc-cli.py:Epoch 12/15	Loss 5.4817 ± 0.2032
INFO:kbc-cli.py:Epoch 12/15	dev results	MRR 0.968133	H@1 0.947086	H@3 0.987730	H@5 0.994632	H@10 0.996933	H@20 1.000000	H@50 1.000000	H@100 1.000000
INFO:kbc-cli.py:Epoch 12/15	test results	MRR 0.964802	H@1 0.940998	H@3 0.986384	H@5 0.992436	H@10 0.997731	H@20 0.998487	H@50 0.999244	H@100 1.000000
INFO:kbc-cli.py:Epoch 13/15	Loss 5.4675 ± 0.1786
INFO:kbc-cli.py:Epoch 14/15	Loss 5.4589 ± 0.1989
INFO:kbc-cli.py:Epoch 15/15	Loss 5.4463 ± 0.1889
INFO:kbc-cli.py:Epoch 15/15	dev results	MRR 0.970460	H@1 0.950920	H@3 0.989264	H@5 0.993865	H@10 0.997699	H@20 1.000000	H@50 1.000000	H@100 1.000000
INFO:kbc-cli.py:Epoch 15/15	test results	MRR 0.965422	H@1 0.940998	H@3 0.988654	H@5 0.993949	H@10 0.996974	H@20 0.998487	H@50 0.999244	H@100 1.000000
INFO:kbc-cli.py:Final 	dev results	MRR 0.970460	H@1 0.950920	H@3 0.989264	H@5 0.993865	H@10 0.997699	H@20 1.000000	H@50 1.000000	H@100 1.000000
INFO:kbc-cli.py:Final 	test results	MRR 0.965422	H@1 0.940998	H@3 0.988654	H@5 0.993949	H@10 0.996974	H@20 0.998487	H@50 0.999244	H@100 1.000000
INFO:kbc-cli.py:Training finished
