./bin/kbc-cli.py --train data/umls/train.tsv --dev data/umls/dev.tsv --test data/umls/test.tsv -m complex -k 200 -b 50 -e 15 --F2 0 --N3 0.0001 -l 0.1 -I reciprocal -V 3 -o adagrad -c so -q
{'F2': 0.0,
 'N3': 0.0001,
 'batch_size': 50,
 'corruption': 'so',
 'dev': 'data/umls/dev.tsv',
 'embedding_size': 200,
 'epochs': 15,
 'eval_batch_size': None,
 'input_type': 'reciprocal',
 'learning_rate': 0.1,
 'load': None,
 'model': 'complex',
 'optimizer': 'adagrad',
 'quiet': True,
 'save': None,
 'seed': 0,
 'test': 'data/umls/test.tsv',
 'test_i': None,
 'test_ii': None,
 'train': 'data/umls/train.tsv',
 'validate_every': 3}
INFO:kbc-cli.py:Device: cuda
INFO:kbc-cli.py:Model state:
INFO:kbc-cli.py:	entities.weight	torch.Size([135, 400])
INFO:kbc-cli.py:	predicates.weight	torch.Size([92, 400])
INFO:kbc-cli.py:Epoch 1/15	Loss 7.2918 ± 1.1114
INFO:kbc-cli.py:Epoch 2/15	Loss 5.7027 ± 0.1869
INFO:kbc-cli.py:Epoch 3/15	Loss 5.4968 ± 0.2061
INFO:kbc-cli.py:Epoch 3/15	dev results	MRR 0.937909	H@1 0.889571	H@3 0.982362	H@5 0.991564	H@10 0.996933	H@20 1.000000	H@50 1.000000	H@100 1.000000
INFO:kbc-cli.py:Epoch 3/15	test results	MRR 0.924528	H@1 0.867625	H@3 0.978820	H@5 0.988654	H@10 0.996218	H@20 0.997731	H@50 0.998487	H@100 1.000000
INFO:kbc-cli.py:Epoch 4/15	Loss 5.4026 ± 0.2096
INFO:kbc-cli.py:Epoch 5/15	Loss 5.3402 ± 0.1951
INFO:kbc-cli.py:Epoch 6/15	Loss 5.2914 ± 0.2141
INFO:kbc-cli.py:Epoch 6/15	dev results	MRR 0.965081	H@1 0.944018	H@3 0.983129	H@5 0.992331	H@10 0.996933	H@20 1.000000	H@50 1.000000	H@100 1.000000
INFO:kbc-cli.py:Epoch 6/15	test results	MRR 0.953678	H@1 0.921331	H@3 0.984115	H@5 0.991679	H@10 0.996974	H@20 0.997731	H@50 0.999244	H@100 1.000000
INFO:kbc-cli.py:Epoch 7/15	Loss 5.2556 ± 0.2026
INFO:kbc-cli.py:Epoch 8/15	Loss 5.2262 ± 0.2047
INFO:kbc-cli.py:Epoch 9/15	Loss 5.2020 ± 0.2019
INFO:kbc-cli.py:Epoch 9/15	dev results	MRR 0.963911	H@1 0.940184	H@3 0.986963	H@5 0.993098	H@10 0.996933	H@20 1.000000	H@50 1.000000	H@100 1.000000
INFO:kbc-cli.py:Epoch 9/15	test results	MRR 0.957743	H@1 0.931165	H@3 0.981846	H@5 0.989410	H@10 0.996974	H@20 0.997731	H@50 0.999244	H@100 1.000000
INFO:kbc-cli.py:Epoch 10/15	Loss 5.1802 ± 0.2032
INFO:kbc-cli.py:Epoch 11/15	Loss 5.1635 ± 0.2138
INFO:kbc-cli.py:Epoch 12/15	Loss 5.1473 ± 0.2083
INFO:kbc-cli.py:Epoch 12/15	dev results	MRR 0.966790	H@1 0.946319	H@3 0.986963	H@5 0.991564	H@10 0.996933	H@20 0.999233	H@50 1.000000	H@100 1.000000
INFO:kbc-cli.py:Epoch 12/15	test results	MRR 0.957922	H@1 0.931165	H@3 0.981089	H@5 0.992436	H@10 0.996974	H@20 0.997731	H@50 0.999244	H@100 1.000000
INFO:kbc-cli.py:Epoch 13/15	Loss 5.1325 ± 0.1805
INFO:kbc-cli.py:Epoch 14/15	Loss 5.1232 ± 0.2021
INFO:kbc-cli.py:Epoch 15/15	Loss 5.1094 ± 0.1936
INFO:kbc-cli.py:Epoch 15/15	dev results	MRR 0.965384	H@1 0.943252	H@3 0.986963	H@5 0.992331	H@10 0.996933	H@20 0.998466	H@50 1.000000	H@100 1.000000
INFO:kbc-cli.py:Epoch 15/15	test results	MRR 0.957907	H@1 0.931921	H@3 0.981089	H@5 0.990923	H@10 0.996974	H@20 0.997731	H@50 0.999244	H@100 1.000000
INFO:kbc-cli.py:Final 	dev results	MRR 0.965384	H@1 0.943252	H@3 0.986963	H@5 0.992331	H@10 0.996933	H@20 0.998466	H@50 1.000000	H@100 1.000000
INFO:kbc-cli.py:Final 	test results	MRR 0.957907	H@1 0.931921	H@3 0.981089	H@5 0.990923	H@10 0.996974	H@20 0.997731	H@50 0.999244	H@100 1.000000
INFO:kbc-cli.py:Training finished
