./bin/kbc-cli.py --train data/nations/train.tsv --dev data/nations/dev.tsv --test data/nations/test.tsv -m complex -k 1000 -b 500 -e 15 --F2 0 --N3 0.0005 -l 0.1 -I standard -V 3 -o adagrad -c so -q
{'F2': 0.0,
 'N3': 0.0005,
 'batch_size': 500,
 'corruption': 'so',
 'dev': 'data/nations/dev.tsv',
 'embedding_size': 1000,
 'epochs': 15,
 'eval_batch_size': None,
 'input_type': 'standard',
 'learning_rate': 0.1,
 'load': None,
 'model': 'complex',
 'optimizer': 'adagrad',
 'quiet': True,
 'save': None,
 'seed': 0,
 'test': 'data/nations/test.tsv',
 'test_i': None,
 'test_ii': None,
 'train': 'data/nations/train.tsv',
 'validate_every': 3}
INFO:kbc-cli.py:Device: cuda
INFO:kbc-cli.py:Model state:
INFO:kbc-cli.py:	entities.weight	torch.Size([14, 2000])
INFO:kbc-cli.py:	predicates.weight	torch.Size([55, 2000])
INFO:kbc-cli.py:Epoch 1/15	Loss 5.4470 ± 0.2094
INFO:kbc-cli.py:Epoch 2/15	Loss 5.1204 ± 0.1258
INFO:kbc-cli.py:Epoch 3/15	Loss 4.4345 ± 0.1937
INFO:kbc-cli.py:Epoch 3/15	dev results	MRR 0.729840	H@1 0.590452	H@3 0.836683	H@5 0.942211	H@10 0.997487	H@20 1.000000	H@50 1.000000	H@100 1.000000
INFO:kbc-cli.py:Epoch 3/15	test results	MRR 0.733082	H@1 0.577114	H@3 0.875622	H@5 0.947761	H@10 0.992537	H@20 1.000000	H@50 1.000000	H@100 1.000000
INFO:kbc-cli.py:Epoch 4/15	Loss 4.1858 ± 0.2015
INFO:kbc-cli.py:Epoch 5/15	Loss 4.0040 ± 0.1471
INFO:kbc-cli.py:Epoch 6/15	Loss 3.9392 ± 0.1688
INFO:kbc-cli.py:Epoch 6/15	dev results	MRR 0.745456	H@1 0.603015	H@3 0.866834	H@5 0.952261	H@10 1.000000	H@20 1.000000	H@50 1.000000	H@100 1.000000
INFO:kbc-cli.py:Epoch 6/15	test results	MRR 0.796492	H@1 0.679104	H@3 0.905473	H@5 0.947761	H@10 0.995025	H@20 1.000000	H@50 1.000000	H@100 1.000000
INFO:kbc-cli.py:Epoch 7/15	Loss 3.7764 ± 0.1198
INFO:kbc-cli.py:Epoch 8/15	Loss 3.7722 ± 0.0980
INFO:kbc-cli.py:Epoch 9/15	Loss 3.6800 ± 0.0917
INFO:kbc-cli.py:Epoch 9/15	dev results	MRR 0.780161	H@1 0.660804	H@3 0.884422	H@5 0.954774	H@10 0.997487	H@20 1.000000	H@50 1.000000	H@100 1.000000
INFO:kbc-cli.py:Epoch 9/15	test results	MRR 0.810849	H@1 0.708955	H@3 0.893035	H@5 0.960199	H@10 1.000000	H@20 1.000000	H@50 1.000000	H@100 1.000000
INFO:kbc-cli.py:Epoch 10/15	Loss 3.7326 ± 0.1836
INFO:kbc-cli.py:Epoch 11/15	Loss 3.6599 ± 0.0922
INFO:kbc-cli.py:Epoch 12/15	Loss 3.6337 ± 0.1066
INFO:kbc-cli.py:Epoch 12/15	dev results	MRR 0.792007	H@1 0.673367	H@3 0.896985	H@5 0.964824	H@10 0.994975	H@20 1.000000	H@50 1.000000	H@100 1.000000
INFO:kbc-cli.py:Epoch 12/15	test results	MRR 0.796066	H@1 0.671642	H@3 0.902985	H@5 0.957711	H@10 1.000000	H@20 1.000000	H@50 1.000000	H@100 1.000000
INFO:kbc-cli.py:Epoch 13/15	Loss 3.6484 ± 0.1345
INFO:kbc-cli.py:Epoch 14/15	Loss 3.5793 ± 0.1296
INFO:kbc-cli.py:Epoch 15/15	Loss 3.5785 ± 0.1086
INFO:kbc-cli.py:Epoch 15/15	dev results	MRR 0.813156	H@1 0.703518	H@3 0.927136	H@5 0.974874	H@10 0.997487	H@20 1.000000	H@50 1.000000	H@100 1.000000
INFO:kbc-cli.py:Epoch 15/15	test results	MRR 0.800675	H@1 0.684080	H@3 0.907960	H@5 0.955224	H@10 0.997512	H@20 1.000000	H@50 1.000000	H@100 1.000000
INFO:kbc-cli.py:Final 	dev results	MRR 0.813156	H@1 0.703518	H@3 0.927136	H@5 0.974874	H@10 0.997487	H@20 1.000000	H@50 1.000000	H@100 1.000000
INFO:kbc-cli.py:Final 	test results	MRR 0.800675	H@1 0.684080	H@3 0.907960	H@5 0.955224	H@10 0.997512	H@20 1.000000	H@50 1.000000	H@100 1.000000
INFO:kbc-cli.py:Training finished
