./bin/kbc-cli.py --train data/nations/train.tsv --dev data/nations/dev.tsv --test data/nations/test.tsv -m complex -k 100 -b 500 -e 15 --F2 0 --N3 0.0001 -l 0.1 -I standard -V 3 -o adagrad -c spo -q
{'F2': 0.0,
 'N3': 0.0001,
 'batch_size': 500,
 'corruption': 'spo',
 'dev': 'data/nations/dev.tsv',
 'embedding_size': 100,
 'epochs': 15,
 'eval_batch_size': None,
 'input_type': 'standard',
 'learning_rate': 0.1,
 'load': None,
 'model': 'complex',
 'optimizer': 'adagrad',
 'quiet': True,
 'save': None,
 'seed': 0,
 'test': 'data/nations/test.tsv',
 'test_i': None,
 'test_ii': None,
 'train': 'data/nations/train.tsv',
 'validate_every': 3}
INFO:kbc-cli.py:Device: cuda
INFO:kbc-cli.py:Model state:
INFO:kbc-cli.py:	entities.weight	torch.Size([14, 200])
INFO:kbc-cli.py:	predicates.weight	torch.Size([55, 200])
INFO:kbc-cli.py:Epoch 1/15	Loss 9.3038 ± 0.0275
INFO:kbc-cli.py:Epoch 2/15	Loss 8.9295 ± 0.0642
INFO:kbc-cli.py:Epoch 3/15	Loss 8.0576 ± 0.1012
INFO:kbc-cli.py:Epoch 3/15	dev results	MRR 0.647959	H@1 0.477387	H@3 0.773869	H@5 0.902010	H@10 0.992462	H@20 1.000000	H@50 1.000000	H@100 1.000000
INFO:kbc-cli.py:Epoch 3/15	test results	MRR 0.671551	H@1 0.500000	H@3 0.823383	H@5 0.922886	H@10 0.990050	H@20 1.000000	H@50 1.000000	H@100 1.000000
INFO:kbc-cli.py:Epoch 4/15	Loss 7.3814 ± 0.1615
INFO:kbc-cli.py:Epoch 5/15	Loss 6.9124 ± 0.1461
INFO:kbc-cli.py:Epoch 6/15	Loss 6.8265 ± 0.2572
INFO:kbc-cli.py:Epoch 6/15	dev results	MRR 0.694430	H@1 0.532663	H@3 0.844221	H@5 0.939698	H@10 0.997487	H@20 1.000000	H@50 1.000000	H@100 1.000000
INFO:kbc-cli.py:Epoch 6/15	test results	MRR 0.734132	H@1 0.587065	H@3 0.860697	H@5 0.930348	H@10 0.990050	H@20 1.000000	H@50 1.000000	H@100 1.000000
INFO:kbc-cli.py:Epoch 7/15	Loss 6.5745 ± 0.0959
INFO:kbc-cli.py:Epoch 8/15	Loss 6.4863 ± 0.1407
INFO:kbc-cli.py:Epoch 9/15	Loss 6.3219 ± 0.1537
INFO:kbc-cli.py:Epoch 9/15	dev results	MRR 0.720935	H@1 0.572864	H@3 0.846734	H@5 0.947236	H@10 0.997487	H@20 1.000000	H@50 1.000000	H@100 1.000000
INFO:kbc-cli.py:Epoch 9/15	test results	MRR 0.741367	H@1 0.597015	H@3 0.865672	H@5 0.942786	H@10 0.992537	H@20 1.000000	H@50 1.000000	H@100 1.000000
INFO:kbc-cli.py:Epoch 10/15	Loss 6.3651 ± 0.1913
INFO:kbc-cli.py:Epoch 11/15	Loss 6.2685 ± 0.1090
INFO:kbc-cli.py:Epoch 12/15	Loss 6.2240 ± 0.1460
INFO:kbc-cli.py:Epoch 12/15	dev results	MRR 0.735150	H@1 0.592965	H@3 0.841709	H@5 0.934673	H@10 0.997487	H@20 1.000000	H@50 1.000000	H@100 1.000000
INFO:kbc-cli.py:Epoch 12/15	test results	MRR 0.749170	H@1 0.609453	H@3 0.865672	H@5 0.935323	H@10 0.995025	H@20 1.000000	H@50 1.000000	H@100 1.000000
INFO:kbc-cli.py:Epoch 13/15	Loss 6.1771 ± 0.0837
INFO:kbc-cli.py:Epoch 14/15	Loss 6.1256 ± 0.1332
INFO:kbc-cli.py:Epoch 15/15	Loss 6.0971 ± 0.0891
INFO:kbc-cli.py:Epoch 15/15	dev results	MRR 0.749791	H@1 0.618090	H@3 0.856784	H@5 0.939698	H@10 0.997487	H@20 1.000000	H@50 1.000000	H@100 1.000000
INFO:kbc-cli.py:Epoch 15/15	test results	MRR 0.744989	H@1 0.609453	H@3 0.865672	H@5 0.935323	H@10 0.995025	H@20 1.000000	H@50 1.000000	H@100 1.000000
INFO:kbc-cli.py:Final 	dev results	MRR 0.749791	H@1 0.618090	H@3 0.856784	H@5 0.939698	H@10 0.997487	H@20 1.000000	H@50 1.000000	H@100 1.000000
INFO:kbc-cli.py:Final 	test results	MRR 0.744989	H@1 0.609453	H@3 0.865672	H@5 0.935323	H@10 0.995025	H@20 1.000000	H@50 1.000000	H@100 1.000000
INFO:kbc-cli.py:Training finished
