./bin/kbc-cli.py --train data/umls/train.tsv --dev data/umls/dev.tsv --test data/umls/test.tsv -m complex -k 200 -b 10 -e 15 --F2 0 --N3 0.005 -l 0.1 -I standard -V 3 -o adagrad -c spo -q
{'F2': 0.0,
 'N3': 0.005,
 'batch_size': 10,
 'corruption': 'spo',
 'dev': 'data/umls/dev.tsv',
 'embedding_size': 200,
 'epochs': 15,
 'eval_batch_size': None,
 'input_type': 'standard',
 'learning_rate': 0.1,
 'load': None,
 'model': 'complex',
 'optimizer': 'adagrad',
 'quiet': True,
 'save': None,
 'seed': 0,
 'test': 'data/umls/test.tsv',
 'test_i': None,
 'test_ii': None,
 'train': 'data/umls/train.tsv',
 'validate_every': 3}
INFO:kbc-cli.py:Device: cuda
INFO:kbc-cli.py:Model state:
INFO:kbc-cli.py:	entities.weight	torch.Size([135, 400])
INFO:kbc-cli.py:	predicates.weight	torch.Size([46, 400])
INFO:kbc-cli.py:Epoch 1/15	Loss 9.4594 ± 1.8911
INFO:kbc-cli.py:Epoch 2/15	Loss 7.1388 ± 0.5144
INFO:kbc-cli.py:Epoch 3/15	Loss 6.8081 ± 0.4713
INFO:kbc-cli.py:Epoch 3/15	dev results	MRR 0.914042	H@1 0.851227	H@3 0.970092	H@5 0.982362	H@10 0.990031	H@20 0.995399	H@50 0.998466	H@100 0.999233
INFO:kbc-cli.py:Epoch 3/15	test results	MRR 0.908890	H@1 0.841150	H@3 0.975038	H@5 0.984115	H@10 0.995461	H@20 0.996974	H@50 0.999244	H@100 1.000000
INFO:kbc-cli.py:Epoch 4/15	Loss 6.6436 ± 0.4718
INFO:kbc-cli.py:Epoch 5/15	Loss 6.5532 ± 0.4550
INFO:kbc-cli.py:Epoch 6/15	Loss 6.4820 ± 0.4882
INFO:kbc-cli.py:Epoch 6/15	dev results	MRR 0.922285	H@1 0.863497	H@3 0.976994	H@5 0.987730	H@10 0.993098	H@20 0.996166	H@50 0.998466	H@100 1.000000
INFO:kbc-cli.py:Epoch 6/15	test results	MRR 0.914508	H@1 0.845688	H@3 0.981846	H@5 0.991679	H@10 0.996974	H@20 0.996974	H@50 0.999244	H@100 1.000000
INFO:kbc-cli.py:Epoch 7/15	Loss 6.4283 ± 0.4647
INFO:kbc-cli.py:Epoch 8/15	Loss 6.3851 ± 0.4665
INFO:kbc-cli.py:Epoch 9/15	Loss 6.3487 ± 0.4774
INFO:kbc-cli.py:Epoch 9/15	dev results	MRR 0.939030	H@1 0.896472	H@3 0.977761	H@5 0.985429	H@10 0.994632	H@20 0.996933	H@50 0.999233	H@100 1.000000
INFO:kbc-cli.py:Epoch 9/15	test results	MRR 0.938100	H@1 0.889561	H@3 0.987141	H@5 0.993192	H@10 0.996974	H@20 0.996974	H@50 0.999244	H@100 1.000000
INFO:kbc-cli.py:Epoch 10/15	Loss 6.3211 ± 0.4696
INFO:kbc-cli.py:Epoch 11/15	Loss 6.2930 ± 0.4685
INFO:kbc-cli.py:Epoch 12/15	Loss 6.2710 ± 0.4699
INFO:kbc-cli.py:Epoch 12/15	dev results	MRR 0.941224	H@1 0.900307	H@3 0.979294	H@5 0.987730	H@10 0.994632	H@20 0.996166	H@50 0.998466	H@100 1.000000
INFO:kbc-cli.py:Epoch 12/15	test results	MRR 0.947301	H@1 0.906959	H@3 0.987141	H@5 0.993949	H@10 0.996974	H@20 0.997731	H@50 0.999244	H@100 1.000000
INFO:kbc-cli.py:Epoch 13/15	Loss 6.2495 ± 0.4726
INFO:kbc-cli.py:Epoch 14/15	Loss 6.2295 ± 0.4655
INFO:kbc-cli.py:Epoch 15/15	Loss 6.2129 ± 0.4418
INFO:kbc-cli.py:Epoch 15/15	dev results	MRR 0.946869	H@1 0.910276	H@3 0.980828	H@5 0.989264	H@10 0.994632	H@20 0.996933	H@50 0.998466	H@100 1.000000
INFO:kbc-cli.py:Epoch 15/15	test results	MRR 0.951899	H@1 0.916036	H@3 0.989410	H@5 0.993949	H@10 0.996974	H@20 0.997731	H@50 0.999244	H@100 1.000000
INFO:kbc-cli.py:Final 	dev results	MRR 0.946869	H@1 0.910276	H@3 0.980828	H@5 0.989264	H@10 0.994632	H@20 0.996933	H@50 0.998466	H@100 1.000000
INFO:kbc-cli.py:Final 	test results	MRR 0.951899	H@1 0.916036	H@3 0.989410	H@5 0.993949	H@10 0.996974	H@20 0.997731	H@50 0.999244	H@100 1.000000
INFO:kbc-cli.py:Training finished
