./bin/kbc-cli.py --train data/kinship/train.tsv --dev data/kinship/dev.tsv --test data/kinship/test.tsv -m complex -k 500 -b 500 -e 15 --F2 0 --N3 0.005 -l 0.1 -I standard -V 3 -o adagrad -c spo -q
{'F2': 0.0,
 'N3': 0.005,
 'batch_size': 500,
 'corruption': 'spo',
 'dev': 'data/kinship/dev.tsv',
 'embedding_size': 500,
 'epochs': 15,
 'eval_batch_size': None,
 'input_type': 'standard',
 'learning_rate': 0.1,
 'load': None,
 'model': 'complex',
 'optimizer': 'adagrad',
 'quiet': True,
 'save': None,
 'seed': 0,
 'test': 'data/kinship/test.tsv',
 'test_i': None,
 'test_ii': None,
 'train': 'data/kinship/train.tsv',
 'validate_every': 3}
INFO:kbc-cli.py:Device: cuda
INFO:kbc-cli.py:Model state:
INFO:kbc-cli.py:	entities.weight	torch.Size([104, 1000])
INFO:kbc-cli.py:	predicates.weight	torch.Size([25, 1000])
INFO:kbc-cli.py:Epoch 1/15	Loss 9.7068 ± 2.0565
INFO:kbc-cli.py:Epoch 2/15	Loss 6.2367 ± 0.1057
INFO:kbc-cli.py:Epoch 3/15	Loss 5.7467 ± 0.1850
INFO:kbc-cli.py:Epoch 3/15	dev results	MRR 0.846145	H@1 0.760300	H@3 0.926966	H@5 0.955524	H@10 0.976592	H@20 0.988764	H@50 0.994850	H@100 1.000000
INFO:kbc-cli.py:Epoch 3/15	test results	MRR 0.853335	H@1 0.769553	H@3 0.923184	H@5 0.962291	H@10 0.986034	H@20 0.993017	H@50 0.995810	H@100 1.000000
INFO:kbc-cli.py:Epoch 4/15	Loss 5.4821 ± 0.1288
INFO:kbc-cli.py:Epoch 5/15	Loss 5.3475 ± 0.1428
INFO:kbc-cli.py:Epoch 6/15	Loss 5.2448 ± 0.1360
INFO:kbc-cli.py:Epoch 6/15	dev results	MRR 0.886390	H@1 0.824438	H@3 0.940075	H@5 0.967697	H@10 0.979869	H@20 0.988764	H@50 0.993446	H@100 1.000000
INFO:kbc-cli.py:Epoch 6/15	test results	MRR 0.887618	H@1 0.822160	H@3 0.947393	H@5 0.972998	H@10 0.987430	H@20 0.992551	H@50 0.996276	H@100 1.000000
INFO:kbc-cli.py:Epoch 7/15	Loss 5.1834 ± 0.1588
INFO:kbc-cli.py:Epoch 8/15	Loss 5.1221 ± 0.1369
INFO:kbc-cli.py:Epoch 9/15	Loss 5.0899 ± 0.1242
INFO:kbc-cli.py:Epoch 9/15	dev results	MRR 0.887215	H@1 0.824438	H@3 0.943352	H@5 0.967228	H@10 0.980805	H@20 0.988764	H@50 0.993446	H@100 1.000000
INFO:kbc-cli.py:Epoch 9/15	test results	MRR 0.891160	H@1 0.826816	H@3 0.952048	H@5 0.972533	H@10 0.988361	H@20 0.993482	H@50 0.995810	H@100 1.000000
INFO:kbc-cli.py:Epoch 10/15	Loss 5.0376 ± 0.1191
INFO:kbc-cli.py:Epoch 11/15	Loss 5.0117 ± 0.1083
INFO:kbc-cli.py:Epoch 12/15	Loss 4.9908 ± 0.1130
INFO:kbc-cli.py:Epoch 12/15	dev results	MRR 0.893768	H@1 0.835674	H@3 0.948034	H@5 0.967697	H@10 0.979869	H@20 0.989232	H@50 0.993914	H@100 1.000000
INFO:kbc-cli.py:Epoch 12/15	test results	MRR 0.898266	H@1 0.840317	H@3 0.950652	H@5 0.976257	H@10 0.989758	H@20 0.992551	H@50 0.996276	H@100 1.000000
INFO:kbc-cli.py:Epoch 13/15	Loss 4.9623 ± 0.1252
INFO:kbc-cli.py:Epoch 14/15	Loss 4.9460 ± 0.1280
INFO:kbc-cli.py:Epoch 15/15	Loss 4.9299 ± 0.1046
INFO:kbc-cli.py:Epoch 15/15	dev results	MRR 0.899915	H@1 0.846442	H@3 0.945225	H@5 0.970506	H@10 0.981742	H@20 0.988296	H@50 0.994382	H@100 1.000000
INFO:kbc-cli.py:Epoch 15/15	test results	MRR 0.897658	H@1 0.837058	H@3 0.951117	H@5 0.975326	H@10 0.989292	H@20 0.993017	H@50 0.996741	H@100 1.000000
INFO:kbc-cli.py:Final 	dev results	MRR 0.899915	H@1 0.846442	H@3 0.945225	H@5 0.970506	H@10 0.981742	H@20 0.988296	H@50 0.994382	H@100 1.000000
INFO:kbc-cli.py:Final 	test results	MRR 0.897658	H@1 0.837058	H@3 0.951117	H@5 0.975326	H@10 0.989292	H@20 0.993017	H@50 0.996741	H@100 1.000000
INFO:kbc-cli.py:Training finished
