./bin/kbc-cli.py --train data/kinship/train.tsv --dev data/kinship/dev.tsv --test data/kinship/test.tsv -m complex -k 500 -b 500 -e 15 --F2 0 --N3 0.1 -l 0.1 -I reciprocal -V 3 -o adagrad -c so -q
{'F2': 0.0,
 'N3': 0.1,
 'batch_size': 500,
 'corruption': 'so',
 'dev': 'data/kinship/dev.tsv',
 'embedding_size': 500,
 'epochs': 15,
 'eval_batch_size': None,
 'input_type': 'reciprocal',
 'learning_rate': 0.1,
 'load': None,
 'model': 'complex',
 'optimizer': 'adagrad',
 'quiet': True,
 'save': None,
 'seed': 0,
 'test': 'data/kinship/test.tsv',
 'test_i': None,
 'test_ii': None,
 'train': 'data/kinship/train.tsv',
 'validate_every': 3}
INFO:kbc-cli.py:Device: cuda
INFO:kbc-cli.py:Model state:
INFO:kbc-cli.py:	entities.weight	torch.Size([104, 1000])
INFO:kbc-cli.py:	predicates.weight	torch.Size([50, 1000])
INFO:kbc-cli.py:Epoch 1/15	Loss 8.0864 ± 0.8998
INFO:kbc-cli.py:Epoch 2/15	Loss 7.3463 ± 0.0501
INFO:kbc-cli.py:Epoch 3/15	Loss 7.3006 ± 0.0500
INFO:kbc-cli.py:Epoch 3/15	dev results	MRR 0.646667	H@1 0.492978	H@3 0.748127	H@5 0.851124	H@10 0.946161	H@20 0.982210	H@50 0.991573	H@100 1.000000
INFO:kbc-cli.py:Epoch 3/15	test results	MRR 0.632804	H@1 0.475326	H@3 0.743017	H@5 0.843575	H@10 0.952048	H@20 0.986034	H@50 0.996276	H@100 1.000000
INFO:kbc-cli.py:Epoch 4/15	Loss 7.2831 ± 0.0470
INFO:kbc-cli.py:Epoch 5/15	Loss 7.2669 ± 0.0590
INFO:kbc-cli.py:Epoch 6/15	Loss 7.2667 ± 0.0445
INFO:kbc-cli.py:Epoch 6/15	dev results	MRR 0.680784	H@1 0.544476	H@3 0.769195	H@5 0.868914	H@10 0.949906	H@20 0.982210	H@50 0.990637	H@100 1.000000
INFO:kbc-cli.py:Epoch 6/15	test results	MRR 0.668448	H@1 0.520484	H@3 0.779795	H@5 0.871508	H@10 0.952048	H@20 0.986499	H@50 0.996741	H@100 1.000000
INFO:kbc-cli.py:Epoch 7/15	Loss 7.2558 ± 0.0520
INFO:kbc-cli.py:Epoch 8/15	Loss 7.2552 ± 0.0388
INFO:kbc-cli.py:Epoch 9/15	Loss 7.2553 ± 0.0538
INFO:kbc-cli.py:Epoch 9/15	dev results	MRR 0.700723	H@1 0.572566	H@3 0.788858	H@5 0.871723	H@10 0.953652	H@20 0.981742	H@50 0.992041	H@100 1.000000
INFO:kbc-cli.py:Epoch 9/15	test results	MRR 0.688065	H@1 0.548883	H@3 0.786313	H@5 0.879888	H@10 0.956238	H@20 0.986499	H@50 0.997207	H@100 1.000000
INFO:kbc-cli.py:Epoch 10/15	Loss 7.2422 ± 0.0596
INFO:kbc-cli.py:Epoch 11/15	Loss 7.2461 ± 0.0431
INFO:kbc-cli.py:Epoch 12/15	Loss 7.2426 ± 0.0556
INFO:kbc-cli.py:Epoch 12/15	dev results	MRR 0.694971	H@1 0.563670	H@3 0.782303	H@5 0.872659	H@10 0.958333	H@20 0.981742	H@50 0.991573	H@100 1.000000
INFO:kbc-cli.py:Epoch 12/15	test results	MRR 0.690212	H@1 0.551676	H@3 0.793296	H@5 0.881750	H@10 0.955773	H@20 0.986499	H@50 0.995345	H@100 1.000000
INFO:kbc-cli.py:Epoch 13/15	Loss 7.2441 ± 0.0565
INFO:kbc-cli.py:Epoch 14/15	Loss 7.2406 ± 0.0499
INFO:kbc-cli.py:Epoch 15/15	Loss 7.2431 ± 0.0605
INFO:kbc-cli.py:Epoch 15/15	dev results	MRR 0.703128	H@1 0.571629	H@3 0.796816	H@5 0.876404	H@10 0.956929	H@20 0.982678	H@50 0.992041	H@100 1.000000
INFO:kbc-cli.py:Epoch 15/15	test results	MRR 0.696450	H@1 0.558659	H@3 0.800745	H@5 0.880354	H@10 0.956238	H@20 0.986034	H@50 0.996276	H@100 1.000000
INFO:kbc-cli.py:Final 	dev results	MRR 0.703128	H@1 0.571629	H@3 0.796816	H@5 0.876404	H@10 0.956929	H@20 0.982678	H@50 0.992041	H@100 1.000000
INFO:kbc-cli.py:Final 	test results	MRR 0.696450	H@1 0.558659	H@3 0.800745	H@5 0.880354	H@10 0.956238	H@20 0.986034	H@50 0.996276	H@100 1.000000
INFO:kbc-cli.py:Training finished
