./bin/kbc-cli.py --train data/kinship/train.tsv --dev data/kinship/dev.tsv --test data/kinship/test.tsv -m complex -k 100 -b 500 -e 15 --F2 0 --N3 0.0001 -l 0.1 -I standard -V 3 -o adagrad -c so -q
{'F2': 0.0,
 'N3': 0.0001,
 'batch_size': 500,
 'corruption': 'so',
 'dev': 'data/kinship/dev.tsv',
 'embedding_size': 100,
 'epochs': 15,
 'eval_batch_size': None,
 'input_type': 'standard',
 'learning_rate': 0.1,
 'load': None,
 'model': 'complex',
 'optimizer': 'adagrad',
 'quiet': True,
 'save': None,
 'seed': 0,
 'test': 'data/kinship/test.tsv',
 'test_i': None,
 'test_ii': None,
 'train': 'data/kinship/train.tsv',
 'validate_every': 3}
INFO:kbc-cli.py:Device: cuda
INFO:kbc-cli.py:Model state:
INFO:kbc-cli.py:	entities.weight	torch.Size([104, 200])
INFO:kbc-cli.py:	predicates.weight	torch.Size([25, 200])
INFO:kbc-cli.py:Epoch 1/15	Loss 7.8048 ± 1.2609
INFO:kbc-cli.py:Epoch 2/15	Loss 5.6870 ± 0.0922
INFO:kbc-cli.py:Epoch 3/15	Loss 5.3033 ± 0.0972
INFO:kbc-cli.py:Epoch 3/15	dev results	MRR 0.776430	H@1 0.657772	H@3 0.877341	H@5 0.933989	H@10 0.964888	H@20 0.985019	H@50 0.991573	H@100 1.000000
INFO:kbc-cli.py:Epoch 3/15	test results	MRR 0.787608	H@1 0.674115	H@3 0.877561	H@5 0.936685	H@10 0.976257	H@20 0.991620	H@50 0.995810	H@100 1.000000
INFO:kbc-cli.py:Epoch 4/15	Loss 5.0831 ± 0.0936
INFO:kbc-cli.py:Epoch 5/15	Loss 4.9612 ± 0.0971
INFO:kbc-cli.py:Epoch 6/15	Loss 4.8633 ± 0.0989
INFO:kbc-cli.py:Epoch 6/15	dev results	MRR 0.818317	H@1 0.722378	H@3 0.896536	H@5 0.942416	H@10 0.973315	H@20 0.986423	H@50 0.992041	H@100 1.000000
INFO:kbc-cli.py:Epoch 6/15	test results	MRR 0.818893	H@1 0.721601	H@3 0.904097	H@5 0.947393	H@10 0.978119	H@20 0.991620	H@50 0.996276	H@100 1.000000
INFO:kbc-cli.py:Epoch 7/15	Loss 4.8010 ± 0.1037
INFO:kbc-cli.py:Epoch 8/15	Loss 4.7527 ± 0.1315
INFO:kbc-cli.py:Epoch 9/15	Loss 4.6865 ± 0.0830
INFO:kbc-cli.py:Epoch 9/15	dev results	MRR 0.819149	H@1 0.722378	H@3 0.904026	H@5 0.947566	H@10 0.973315	H@20 0.985487	H@50 0.991105	H@100 1.000000
INFO:kbc-cli.py:Epoch 9/15	test results	MRR 0.816632	H@1 0.714618	H@3 0.902235	H@5 0.945996	H@10 0.981378	H@20 0.992086	H@50 0.997207	H@100 1.000000
INFO:kbc-cli.py:Epoch 10/15	Loss 4.6321 ± 0.1142
INFO:kbc-cli.py:Epoch 11/15	Loss 4.6166 ± 0.0759
INFO:kbc-cli.py:Epoch 12/15	Loss 4.5829 ± 0.0770
INFO:kbc-cli.py:Epoch 12/15	dev results	MRR 0.822298	H@1 0.727528	H@3 0.904494	H@5 0.946629	H@10 0.972846	H@20 0.985487	H@50 0.991573	H@100 1.000000
INFO:kbc-cli.py:Epoch 12/15	test results	MRR 0.818609	H@1 0.718808	H@3 0.904562	H@5 0.945065	H@10 0.978585	H@20 0.990689	H@50 0.997207	H@100 1.000000
INFO:kbc-cli.py:Epoch 13/15	Loss 4.5545 ± 0.1020
INFO:kbc-cli.py:Epoch 14/15	Loss 4.5396 ± 0.0936
INFO:kbc-cli.py:Epoch 15/15	Loss 4.5173 ± 0.0864
INFO:kbc-cli.py:Epoch 15/15	dev results	MRR 0.820174	H@1 0.724719	H@3 0.903090	H@5 0.945225	H@10 0.974251	H@20 0.985487	H@50 0.991573	H@100 1.000000
INFO:kbc-cli.py:Epoch 15/15	test results	MRR 0.815619	H@1 0.716480	H@3 0.898510	H@5 0.942272	H@10 0.979050	H@20 0.989292	H@50 0.997207	H@100 1.000000
INFO:kbc-cli.py:Final 	dev results	MRR 0.820174	H@1 0.724719	H@3 0.903090	H@5 0.945225	H@10 0.974251	H@20 0.985487	H@50 0.991573	H@100 1.000000
INFO:kbc-cli.py:Final 	test results	MRR 0.815619	H@1 0.716480	H@3 0.898510	H@5 0.942272	H@10 0.979050	H@20 0.989292	H@50 0.997207	H@100 1.000000
INFO:kbc-cli.py:Training finished
