./bin/kbc-cli.py --train data/kinship/train.tsv --dev data/kinship/dev.tsv --test data/kinship/test.tsv -m complex -k 200 -b 100 -e 15 --F2 0 --N3 0.05 -l 0.1 -I reciprocal -V 3 -o adagrad -c so -q
{'F2': 0.0,
 'N3': 0.05,
 'batch_size': 100,
 'corruption': 'so',
 'dev': 'data/kinship/dev.tsv',
 'embedding_size': 200,
 'epochs': 15,
 'eval_batch_size': None,
 'input_type': 'reciprocal',
 'learning_rate': 0.1,
 'load': None,
 'model': 'complex',
 'optimizer': 'adagrad',
 'quiet': True,
 'save': None,
 'seed': 0,
 'test': 'data/kinship/test.tsv',
 'test_i': None,
 'test_ii': None,
 'train': 'data/kinship/train.tsv',
 'validate_every': 3}
INFO:kbc-cli.py:Device: cuda
INFO:kbc-cli.py:Model state:
INFO:kbc-cli.py:	entities.weight	torch.Size([104, 400])
INFO:kbc-cli.py:	predicates.weight	torch.Size([50, 400])
INFO:kbc-cli.py:Epoch 1/15	Loss 7.3894 ± 0.9088
INFO:kbc-cli.py:Epoch 2/15	Loss 6.6443 ± 0.1167
INFO:kbc-cli.py:Epoch 3/15	Loss 6.5605 ± 0.1190
INFO:kbc-cli.py:Epoch 3/15	dev results	MRR 0.780834	H@1 0.668539	H@3 0.873127	H@5 0.933521	H@10 0.971442	H@20 0.984082	H@50 0.989232	H@100 0.999532
INFO:kbc-cli.py:Epoch 3/15	test results	MRR 0.778483	H@1 0.662011	H@3 0.878492	H@5 0.931099	H@10 0.974395	H@20 0.991155	H@50 0.997207	H@100 1.000000
INFO:kbc-cli.py:Epoch 4/15	Loss 6.5195 ± 0.1330
INFO:kbc-cli.py:Epoch 5/15	Loss 6.4924 ± 0.1263
INFO:kbc-cli.py:Epoch 6/15	Loss 6.4745 ± 0.1253
INFO:kbc-cli.py:Epoch 6/15	dev results	MRR 0.816555	H@1 0.719569	H@3 0.897004	H@5 0.948034	H@10 0.975187	H@20 0.985019	H@50 0.989232	H@100 0.999532
INFO:kbc-cli.py:Epoch 6/15	test results	MRR 0.817841	H@1 0.719739	H@3 0.900372	H@5 0.942272	H@10 0.973929	H@20 0.992086	H@50 0.997207	H@100 1.000000
INFO:kbc-cli.py:Epoch 7/15	Loss 6.4594 ± 0.1234
INFO:kbc-cli.py:Epoch 8/15	Loss 6.4489 ± 0.1225
INFO:kbc-cli.py:Epoch 9/15	Loss 6.4399 ± 0.1174
INFO:kbc-cli.py:Epoch 9/15	dev results	MRR 0.828628	H@1 0.735487	H@3 0.910581	H@5 0.952247	H@10 0.977060	H@20 0.985955	H@50 0.989700	H@100 0.999532
INFO:kbc-cli.py:Epoch 9/15	test results	MRR 0.833619	H@1 0.745345	H@3 0.906425	H@5 0.947393	H@10 0.977654	H@20 0.992551	H@50 0.996741	H@100 1.000000
INFO:kbc-cli.py:Epoch 10/15	Loss 6.4321 ± 0.1240
INFO:kbc-cli.py:Epoch 11/15	Loss 6.4256 ± 0.1219
INFO:kbc-cli.py:Epoch 12/15	Loss 6.4201 ± 0.1171
INFO:kbc-cli.py:Epoch 12/15	dev results	MRR 0.835058	H@1 0.745318	H@3 0.915730	H@5 0.956461	H@10 0.977060	H@20 0.985955	H@50 0.989700	H@100 0.999532
INFO:kbc-cli.py:Epoch 12/15	test results	MRR 0.836539	H@1 0.748603	H@3 0.911546	H@5 0.950652	H@10 0.977654	H@20 0.992551	H@50 0.996741	H@100 1.000000
INFO:kbc-cli.py:Epoch 13/15	Loss 6.4153 ± 0.1214
INFO:kbc-cli.py:Epoch 14/15	Loss 6.4102 ± 0.1232
INFO:kbc-cli.py:Epoch 15/15	Loss 6.4068 ± 0.1171
INFO:kbc-cli.py:Epoch 15/15	dev results	MRR 0.840144	H@1 0.753277	H@3 0.916199	H@5 0.955993	H@10 0.978464	H@20 0.986891	H@50 0.990169	H@100 0.999532
INFO:kbc-cli.py:Epoch 15/15	test results	MRR 0.842171	H@1 0.756052	H@3 0.914339	H@5 0.953911	H@10 0.978585	H@20 0.992551	H@50 0.996741	H@100 1.000000
INFO:kbc-cli.py:Final 	dev results	MRR 0.840144	H@1 0.753277	H@3 0.916199	H@5 0.955993	H@10 0.978464	H@20 0.986891	H@50 0.990169	H@100 0.999532
INFO:kbc-cli.py:Final 	test results	MRR 0.842171	H@1 0.756052	H@3 0.914339	H@5 0.953911	H@10 0.978585	H@20 0.992551	H@50 0.996741	H@100 1.000000
INFO:kbc-cli.py:Training finished
