./bin/kbc-cli.py --train data/umls/train.tsv --dev data/umls/dev.tsv --test data/umls/test.tsv -m complex -k 1000 -b 10 -e 15 --F2 0 --N3 0.005 -l 0.1 -I reciprocal -V 3 -o adagrad -c spo -q
{'F2': 0.0,
 'N3': 0.005,
 'batch_size': 10,
 'corruption': 'spo',
 'dev': 'data/umls/dev.tsv',
 'embedding_size': 1000,
 'epochs': 15,
 'eval_batch_size': None,
 'input_type': 'reciprocal',
 'learning_rate': 0.1,
 'load': None,
 'model': 'complex',
 'optimizer': 'adagrad',
 'quiet': True,
 'save': None,
 'seed': 0,
 'test': 'data/umls/test.tsv',
 'test_i': None,
 'test_ii': None,
 'train': 'data/umls/train.tsv',
 'validate_every': 3}
INFO:kbc-cli.py:Device: cuda
INFO:kbc-cli.py:Model state:
INFO:kbc-cli.py:	entities.weight	torch.Size([135, 2000])
INFO:kbc-cli.py:	predicates.weight	torch.Size([92, 2000])
INFO:kbc-cli.py:Epoch 1/15	Loss 9.7418 ± 2.6283
INFO:kbc-cli.py:Epoch 2/15	Loss 7.2268 ± 0.5555
INFO:kbc-cli.py:Epoch 3/15	Loss 6.9342 ± 0.5390
INFO:kbc-cli.py:Epoch 3/15	dev results	MRR 0.919305	H@1 0.853528	H@3 0.981595	H@5 0.987730	H@10 0.993865	H@20 0.997699	H@50 0.999233	H@100 1.000000
INFO:kbc-cli.py:Epoch 3/15	test results	MRR 0.909072	H@1 0.834342	H@3 0.978820	H@5 0.989410	H@10 0.996218	H@20 0.997731	H@50 0.998487	H@100 0.999244
INFO:kbc-cli.py:Epoch 4/15	Loss 6.8020 ± 0.5389
INFO:kbc-cli.py:Epoch 5/15	Loss 6.7147 ± 0.5054
INFO:kbc-cli.py:Epoch 6/15	Loss 6.6455 ± 0.5197
INFO:kbc-cli.py:Epoch 6/15	dev results	MRR 0.947295	H@1 0.907209	H@3 0.984663	H@5 0.991564	H@10 0.996166	H@20 0.998466	H@50 0.999233	H@100 1.000000
INFO:kbc-cli.py:Epoch 6/15	test results	MRR 0.941261	H@1 0.893343	H@3 0.987897	H@5 0.993949	H@10 0.997731	H@20 0.997731	H@50 0.998487	H@100 1.000000
INFO:kbc-cli.py:Epoch 7/15	Loss 6.5986 ± 0.5106
INFO:kbc-cli.py:Epoch 8/15	Loss 6.5591 ± 0.5290
INFO:kbc-cli.py:Epoch 9/15	Loss 6.5224 ± 0.5037
INFO:kbc-cli.py:Epoch 9/15	dev results	MRR 0.944995	H@1 0.901074	H@3 0.984663	H@5 0.992331	H@10 0.996933	H@20 0.997699	H@50 0.999233	H@100 1.000000
INFO:kbc-cli.py:Epoch 9/15	test results	MRR 0.948061	H@1 0.906959	H@3 0.987897	H@5 0.993192	H@10 0.997731	H@20 0.997731	H@50 0.998487	H@100 1.000000
INFO:kbc-cli.py:Epoch 10/15	Loss 6.4934 ± 0.5038
INFO:kbc-cli.py:Epoch 11/15	Loss 6.4707 ± 0.5195
INFO:kbc-cli.py:Epoch 12/15	Loss 6.4483 ± 0.5221
INFO:kbc-cli.py:Epoch 12/15	dev results	MRR 0.949596	H@1 0.911810	H@3 0.983896	H@5 0.990798	H@10 0.996166	H@20 0.998466	H@50 0.999233	H@100 1.000000
INFO:kbc-cli.py:Epoch 12/15	test results	MRR 0.949565	H@1 0.909228	H@3 0.990166	H@5 0.993192	H@10 0.997731	H@20 0.997731	H@50 0.998487	H@100 1.000000
INFO:kbc-cli.py:Epoch 13/15	Loss 6.4270 ± 0.4915
INFO:kbc-cli.py:Epoch 14/15	Loss 6.4127 ± 0.4972
INFO:kbc-cli.py:Epoch 15/15	Loss 6.3944 ± 0.5077
INFO:kbc-cli.py:Epoch 15/15	dev results	MRR 0.950721	H@1 0.914110	H@3 0.983896	H@5 0.990798	H@10 0.996933	H@20 0.998466	H@50 0.999233	H@100 1.000000
INFO:kbc-cli.py:Epoch 15/15	test results	MRR 0.952478	H@1 0.915280	H@3 0.990166	H@5 0.993949	H@10 0.997731	H@20 0.997731	H@50 1.000000	H@100 1.000000
INFO:kbc-cli.py:Final 	dev results	MRR 0.950721	H@1 0.914110	H@3 0.983896	H@5 0.990798	H@10 0.996933	H@20 0.998466	H@50 0.999233	H@100 1.000000
INFO:kbc-cli.py:Final 	test results	MRR 0.952478	H@1 0.915280	H@3 0.990166	H@5 0.993949	H@10 0.997731	H@20 0.997731	H@50 1.000000	H@100 1.000000
INFO:kbc-cli.py:Training finished
