./bin/kbc-cli.py --train data/kinship/train.tsv --dev data/kinship/dev.tsv --test data/kinship/test.tsv -m complex -k 100 -b 50 -e 15 --F2 0 --N3 0.005 -l 0.1 -I standard -V 3 -o adagrad -c spo -q
{'F2': 0.0,
 'N3': 0.005,
 'batch_size': 50,
 'corruption': 'spo',
 'dev': 'data/kinship/dev.tsv',
 'embedding_size': 100,
 'epochs': 15,
 'eval_batch_size': None,
 'input_type': 'standard',
 'learning_rate': 0.1,
 'load': None,
 'model': 'complex',
 'optimizer': 'adagrad',
 'quiet': True,
 'save': None,
 'seed': 0,
 'test': 'data/kinship/test.tsv',
 'test_i': None,
 'test_ii': None,
 'train': 'data/kinship/train.tsv',
 'validate_every': 3}
INFO:kbc-cli.py:Device: cuda
INFO:kbc-cli.py:Model state:
INFO:kbc-cli.py:	entities.weight	torch.Size([104, 200])
INFO:kbc-cli.py:	predicates.weight	torch.Size([25, 200])
INFO:kbc-cli.py:Epoch 1/15	Loss 8.8547 ± 2.0734
INFO:kbc-cli.py:Epoch 2/15	Loss 6.1351 ± 0.2880
INFO:kbc-cli.py:Epoch 3/15	Loss 5.7143 ± 0.3039
INFO:kbc-cli.py:Epoch 3/15	dev results	MRR 0.834060	H@1 0.745787	H@3 0.905431	H@5 0.945225	H@10 0.973783	H@20 0.985955	H@50 0.991105	H@100 1.000000
INFO:kbc-cli.py:Epoch 3/15	test results	MRR 0.842557	H@1 0.757914	H@3 0.913873	H@5 0.954376	H@10 0.978585	H@20 0.994879	H@50 0.997672	H@100 1.000000
INFO:kbc-cli.py:Epoch 4/15	Loss 5.4969 ± 0.2913
INFO:kbc-cli.py:Epoch 5/15	Loss 5.3629 ± 0.2465
INFO:kbc-cli.py:Epoch 6/15	Loss 5.2657 ± 0.2297
INFO:kbc-cli.py:Epoch 6/15	dev results	MRR 0.861296	H@1 0.788858	H@3 0.923221	H@5 0.952247	H@10 0.978464	H@20 0.986423	H@50 0.991573	H@100 1.000000
INFO:kbc-cli.py:Epoch 6/15	test results	MRR 0.871339	H@1 0.799814	H@3 0.935754	H@5 0.964618	H@10 0.986034	H@20 0.994879	H@50 0.997672	H@100 1.000000
INFO:kbc-cli.py:Epoch 7/15	Loss 5.1953 ± 0.2248
INFO:kbc-cli.py:Epoch 8/15	Loss 5.1392 ± 0.2178
INFO:kbc-cli.py:Epoch 9/15	Loss 5.0946 ± 0.2108
INFO:kbc-cli.py:Epoch 9/15	dev results	MRR 0.865552	H@1 0.794476	H@3 0.926030	H@5 0.953652	H@10 0.979401	H@20 0.986891	H@50 0.991573	H@100 1.000000
INFO:kbc-cli.py:Epoch 9/15	test results	MRR 0.873965	H@1 0.803073	H@3 0.937616	H@5 0.965084	H@10 0.987896	H@20 0.994413	H@50 0.998138	H@100 1.000000
INFO:kbc-cli.py:Epoch 10/15	Loss 5.0586 ± 0.2123
INFO:kbc-cli.py:Epoch 11/15	Loss 5.0281 ± 0.2262
INFO:kbc-cli.py:Epoch 12/15	Loss 5.0006 ± 0.2047
INFO:kbc-cli.py:Epoch 12/15	dev results	MRR 0.865403	H@1 0.793539	H@3 0.927434	H@5 0.955056	H@10 0.978933	H@20 0.986891	H@50 0.991105	H@100 1.000000
INFO:kbc-cli.py:Epoch 12/15	test results	MRR 0.877983	H@1 0.808659	H@3 0.943203	H@5 0.967877	H@10 0.987430	H@20 0.994413	H@50 0.998138	H@100 1.000000
INFO:kbc-cli.py:Epoch 13/15	Loss 4.9780 ± 0.1952
INFO:kbc-cli.py:Epoch 14/15	Loss 4.9580 ± 0.1898
INFO:kbc-cli.py:Epoch 15/15	Loss 4.9405 ± 0.1757
INFO:kbc-cli.py:Epoch 15/15	dev results	MRR 0.867088	H@1 0.796348	H@3 0.929307	H@5 0.955524	H@10 0.977060	H@20 0.986891	H@50 0.992041	H@100 1.000000
INFO:kbc-cli.py:Epoch 15/15	test results	MRR 0.875914	H@1 0.806331	H@3 0.941341	H@5 0.965084	H@10 0.987430	H@20 0.993948	H@50 0.998138	H@100 1.000000
INFO:kbc-cli.py:Final 	dev results	MRR 0.867088	H@1 0.796348	H@3 0.929307	H@5 0.955524	H@10 0.977060	H@20 0.986891	H@50 0.992041	H@100 1.000000
INFO:kbc-cli.py:Final 	test results	MRR 0.875914	H@1 0.806331	H@3 0.941341	H@5 0.965084	H@10 0.987430	H@20 0.993948	H@50 0.998138	H@100 1.000000
INFO:kbc-cli.py:Training finished
