./bin/kbc-cli.py --train data/umls/train.tsv --dev data/umls/dev.tsv --test data/umls/test.tsv -m complex -k 200 -b 500 -e 100 --F2 0 --N3 0.0005 -l 0.1 -I reciprocal -V 3 -o adagrad -c so -q
{'F2': 0.0,
 'N3': 0.0005,
 'batch_size': 500,
 'corruption': 'so',
 'dev': 'data/umls/dev.tsv',
 'embedding_size': 200,
 'epochs': 100,
 'eval_batch_size': None,
 'input_type': 'reciprocal',
 'learning_rate': 0.1,
 'load': None,
 'model': 'complex',
 'optimizer': 'adagrad',
 'quiet': True,
 'save': None,
 'seed': 0,
 'test': 'data/umls/test.tsv',
 'test_i': None,
 'test_ii': None,
 'train': 'data/umls/train.tsv',
 'validate_every': 3}
INFO:kbc-cli.py:Device: cuda
INFO:kbc-cli.py:Model state:
INFO:kbc-cli.py:	entities.weight	torch.Size([135, 400])
INFO:kbc-cli.py:	predicates.weight	torch.Size([92, 400])
INFO:kbc-cli.py:Epoch 1/100	Loss 8.0244 ± 1.2371
INFO:kbc-cli.py:Epoch 2/100	Loss 5.9972 ± 0.0614
INFO:kbc-cli.py:Epoch 3/100	Loss 5.6378 ± 0.1052
INFO:kbc-cli.py:Epoch 3/100	dev results	MRR 0.897976	H@1 0.812883	H@3 0.977761	H@5 0.986963	H@10 0.995399	H@20 0.999233	H@50 0.999233	H@100 0.999233
INFO:kbc-cli.py:Epoch 3/100	test results	MRR 0.886536	H@1 0.791225	H@3 0.981846	H@5 0.988654	H@10 0.993949	H@20 0.996974	H@50 0.998487	H@100 0.999244
INFO:kbc-cli.py:Epoch 4/100	Loss 5.4778 ± 0.1218
INFO:kbc-cli.py:Epoch 5/100	Loss 5.3934 ± 0.1349
INFO:kbc-cli.py:Epoch 6/100	Loss 5.3410 ± 0.1132
INFO:kbc-cli.py:Epoch 6/100	dev results	MRR 0.948464	H@1 0.911043	H@3 0.980828	H@5 0.990031	H@10 0.997699	H@20 0.999233	H@50 0.999233	H@100 1.000000
INFO:kbc-cli.py:Epoch 6/100	test results	MRR 0.943704	H@1 0.900151	H@3 0.985628	H@5 0.993192	H@10 0.996218	H@20 0.998487	H@50 0.999244	H@100 1.000000
INFO:kbc-cli.py:Epoch 7/100	Loss 5.3005 ± 0.1315
INFO:kbc-cli.py:Epoch 8/100	Loss 5.2655 ± 0.1374
INFO:kbc-cli.py:Epoch 9/100	Loss 5.2385 ± 0.1268
INFO:kbc-cli.py:Epoch 9/100	dev results	MRR 0.958261	H@1 0.929448	H@3 0.983129	H@5 0.990031	H@10 0.997699	H@20 0.999233	H@50 1.000000	H@100 1.000000
INFO:kbc-cli.py:Epoch 9/100	test results	MRR 0.955237	H@1 0.922844	H@3 0.990166	H@5 0.993192	H@10 0.996974	H@20 0.998487	H@50 1.000000	H@100 1.000000
INFO:kbc-cli.py:Epoch 10/100	Loss 5.2161 ± 0.1197
INFO:kbc-cli.py:Epoch 11/100	Loss 5.1984 ± 0.1261
INFO:kbc-cli.py:Epoch 12/100	Loss 5.1817 ± 0.1413
INFO:kbc-cli.py:Epoch 12/100	dev results	MRR 0.956866	H@1 0.927147	H@3 0.983129	H@5 0.988497	H@10 0.996166	H@20 0.999233	H@50 1.000000	H@100 1.000000
INFO:kbc-cli.py:Epoch 12/100	test results	MRR 0.959995	H@1 0.931165	H@3 0.990923	H@5 0.992436	H@10 0.996974	H@20 0.998487	H@50 1.000000	H@100 1.000000
INFO:kbc-cli.py:Epoch 13/100	Loss 5.1657 ± 0.1066
INFO:kbc-cli.py:Epoch 14/100	Loss 5.1566 ± 0.1227
INFO:kbc-cli.py:Epoch 15/100	Loss 5.1431 ± 0.1118
INFO:kbc-cli.py:Epoch 15/100	dev results	MRR 0.956772	H@1 0.927914	H@3 0.982362	H@5 0.987730	H@10 0.996933	H@20 0.999233	H@50 1.000000	H@100 1.000000
INFO:kbc-cli.py:Epoch 15/100	test results	MRR 0.959730	H@1 0.930408	H@3 0.989410	H@5 0.992436	H@10 0.996974	H@20 0.998487	H@50 1.000000	H@100 1.000000
INFO:kbc-cli.py:Epoch 16/100	Loss 5.1327 ± 0.0982
INFO:kbc-cli.py:Epoch 17/100	Loss 5.1242 ± 0.1011
INFO:kbc-cli.py:Epoch 18/100	Loss 5.1148 ± 0.0999
INFO:kbc-cli.py:Epoch 18/100	dev results	MRR 0.954129	H@1 0.921779	H@3 0.983129	H@5 0.988497	H@10 0.995399	H@20 0.999233	H@50 1.000000	H@100 1.000000
INFO:kbc-cli.py:Epoch 18/100	test results	MRR 0.957859	H@1 0.926626	H@3 0.989410	H@5 0.993192	H@10 0.996974	H@20 0.997731	H@50 1.000000	H@100 1.000000
INFO:kbc-cli.py:Epoch 19/100	Loss 5.1098 ± 0.1020
INFO:kbc-cli.py:Epoch 20/100	Loss 5.1028 ± 0.1215
INFO:kbc-cli.py:Epoch 21/100	Loss 5.0966 ± 0.1121
INFO:kbc-cli.py:Epoch 21/100	dev results	MRR 0.953442	H@1 0.921012	H@3 0.982362	H@5 0.987730	H@10 0.994632	H@20 0.999233	H@50 1.000000	H@100 1.000000
INFO:kbc-cli.py:Epoch 21/100	test results	MRR 0.963955	H@1 0.937973	H@3 0.990166	H@5 0.992436	H@10 0.996974	H@20 0.997731	H@50 1.000000	H@100 1.000000
INFO:kbc-cli.py:Epoch 22/100	Loss 5.0881 ± 0.1213
INFO:kbc-cli.py:Epoch 23/100	Loss 5.0842 ± 0.1008
INFO:kbc-cli.py:Epoch 24/100	Loss 5.0793 ± 0.1123
INFO:kbc-cli.py:Epoch 24/100	dev results	MRR 0.956888	H@1 0.927914	H@3 0.983129	H@5 0.986963	H@10 0.994632	H@20 0.999233	H@50 1.000000	H@100 1.000000
INFO:kbc-cli.py:Epoch 24/100	test results	MRR 0.960563	H@1 0.931921	H@3 0.989410	H@5 0.993949	H@10 0.996974	H@20 0.997731	H@50 1.000000	H@100 1.000000
INFO:kbc-cli.py:Epoch 25/100	Loss 5.0746 ± 0.1121
INFO:kbc-cli.py:Epoch 26/100	Loss 5.0694 ± 0.1088
INFO:kbc-cli.py:Epoch 27/100	Loss 5.0634 ± 0.0866
INFO:kbc-cli.py:Epoch 27/100	dev results	MRR 0.956875	H@1 0.927914	H@3 0.982362	H@5 0.988497	H@10 0.994632	H@20 0.999233	H@50 1.000000	H@100 1.000000
INFO:kbc-cli.py:Epoch 27/100	test results	MRR 0.961107	H@1 0.932678	H@3 0.989410	H@5 0.992436	H@10 0.996974	H@20 0.997731	H@50 1.000000	H@100 1.000000
INFO:kbc-cli.py:Epoch 28/100	Loss 5.0597 ± 0.1145
INFO:kbc-cli.py:Epoch 29/100	Loss 5.0561 ± 0.0973
INFO:kbc-cli.py:Epoch 30/100	Loss 5.0548 ± 0.0950
INFO:kbc-cli.py:Epoch 30/100	dev results	MRR 0.957886	H@1 0.930982	H@3 0.982362	H@5 0.986196	H@10 0.994632	H@20 0.999233	H@50 1.000000	H@100 1.000000
INFO:kbc-cli.py:Epoch 30/100	test results	MRR 0.963682	H@1 0.937973	H@3 0.989410	H@5 0.993949	H@10 0.996974	H@20 0.997731	H@50 1.000000	H@100 1.000000
INFO:kbc-cli.py:Epoch 31/100	Loss 5.0492 ± 0.0979
INFO:kbc-cli.py:Epoch 32/100	Loss 5.0472 ± 0.0879
INFO:kbc-cli.py:Epoch 33/100	Loss 5.0436 ± 0.0876
INFO:kbc-cli.py:Epoch 33/100	dev results	MRR 0.951731	H@1 0.919479	H@3 0.981595	H@5 0.986963	H@10 0.995399	H@20 0.999233	H@50 1.000000	H@100 1.000000
INFO:kbc-cli.py:Epoch 33/100	test results	MRR 0.958738	H@1 0.928139	H@3 0.989410	H@5 0.993192	H@10 0.996974	H@20 0.997731	H@50 1.000000	H@100 1.000000
INFO:kbc-cli.py:Epoch 34/100	Loss 5.0394 ± 0.0868
INFO:kbc-cli.py:Epoch 35/100	Loss 5.0376 ± 0.0830
INFO:kbc-cli.py:Epoch 36/100	Loss 5.0356 ± 0.0966
INFO:kbc-cli.py:Epoch 36/100	dev results	MRR 0.955043	H@1 0.926380	H@3 0.982362	H@5 0.986963	H@10 0.995399	H@20 0.999233	H@50 1.000000	H@100 1.000000
INFO:kbc-cli.py:Epoch 36/100	test results	MRR 0.960192	H@1 0.931921	H@3 0.987897	H@5 0.992436	H@10 0.996974	H@20 0.998487	H@50 1.000000	H@100 1.000000
INFO:kbc-cli.py:Epoch 37/100	Loss 5.0336 ± 0.0693
INFO:kbc-cli.py:Epoch 38/100	Loss 5.0302 ± 0.1038
INFO:kbc-cli.py:Epoch 39/100	Loss 5.0275 ± 0.1017
INFO:kbc-cli.py:Epoch 39/100	dev results	MRR 0.954219	H@1 0.924080	H@3 0.981595	H@5 0.986963	H@10 0.994632	H@20 1.000000	H@50 1.000000	H@100 1.000000
INFO:kbc-cli.py:Epoch 39/100	test results	MRR 0.960385	H@1 0.931921	H@3 0.988654	H@5 0.992436	H@10 0.996974	H@20 0.998487	H@50 1.000000	H@100 1.000000
INFO:kbc-cli.py:Epoch 40/100	Loss 5.0249 ± 0.0944
INFO:kbc-cli.py:Epoch 41/100	Loss 5.0218 ± 0.0781
INFO:kbc-cli.py:Epoch 42/100	Loss 5.0201 ± 0.0908
INFO:kbc-cli.py:Epoch 42/100	dev results	MRR 0.954211	H@1 0.924847	H@3 0.980061	H@5 0.986963	H@10 0.994632	H@20 1.000000	H@50 1.000000	H@100 1.000000
INFO:kbc-cli.py:Epoch 42/100	test results	MRR 0.959439	H@1 0.930408	H@3 0.987897	H@5 0.992436	H@10 0.996974	H@20 0.998487	H@50 1.000000	H@100 1.000000
INFO:kbc-cli.py:Epoch 43/100	Loss 5.0177 ± 0.0814
INFO:kbc-cli.py:Epoch 44/100	Loss 5.0162 ± 0.0785
INFO:kbc-cli.py:Epoch 45/100	Loss 5.0139 ± 0.0911
INFO:kbc-cli.py:Epoch 45/100	dev results	MRR 0.956105	H@1 0.927914	H@3 0.980828	H@5 0.986963	H@10 0.994632	H@20 1.000000	H@50 1.000000	H@100 1.000000
INFO:kbc-cli.py:Epoch 45/100	test results	MRR 0.959817	H@1 0.931165	H@3 0.987897	H@5 0.992436	H@10 0.996974	H@20 0.998487	H@50 1.000000	H@100 1.000000
INFO:kbc-cli.py:Epoch 46/100	Loss 5.0127 ± 0.0997
INFO:kbc-cli.py:Epoch 47/100	Loss 5.0098 ± 0.0887
INFO:kbc-cli.py:Epoch 48/100	Loss 5.0091 ± 0.0874
INFO:kbc-cli.py:Epoch 48/100	dev results	MRR 0.951603	H@1 0.919479	H@3 0.980828	H@5 0.986963	H@10 0.994632	H@20 1.000000	H@50 1.000000	H@100 1.000000
INFO:kbc-cli.py:Epoch 48/100	test results	MRR 0.957678	H@1 0.927383	H@3 0.987897	H@5 0.992436	H@10 0.996974	H@20 0.998487	H@50 1.000000	H@100 1.000000
INFO:kbc-cli.py:Epoch 49/100	Loss 5.0080 ± 0.0996
INFO:kbc-cli.py:Epoch 50/100	Loss 5.0055 ± 0.0661
INFO:kbc-cli.py:Epoch 51/100	Loss 5.0039 ± 0.0989
INFO:kbc-cli.py:Epoch 51/100	dev results	MRR 0.954050	H@1 0.924847	H@3 0.980828	H@5 0.986963	H@10 0.995399	H@20 1.000000	H@50 1.000000	H@100 1.000000
INFO:kbc-cli.py:Epoch 51/100	test results	MRR 0.959350	H@1 0.931165	H@3 0.986384	H@5 0.992436	H@10 0.996974	H@20 0.998487	H@50 1.000000	H@100 1.000000
INFO:kbc-cli.py:Epoch 52/100	Loss 5.0023 ± 0.0948
INFO:kbc-cli.py:Epoch 53/100	Loss 5.0014 ± 0.0874
INFO:kbc-cli.py:Epoch 54/100	Loss 4.9985 ± 0.0945
INFO:kbc-cli.py:Epoch 54/100	dev results	MRR 0.953937	H@1 0.924080	H@3 0.980828	H@5 0.986963	H@10 0.994632	H@20 1.000000	H@50 1.000000	H@100 1.000000
INFO:kbc-cli.py:Epoch 54/100	test results	MRR 0.961038	H@1 0.934191	H@3 0.987141	H@5 0.993192	H@10 0.996974	H@20 0.998487	H@50 1.000000	H@100 1.000000
INFO:kbc-cli.py:Epoch 55/100	Loss 4.9980 ± 0.0792
INFO:kbc-cli.py:Epoch 56/100	Loss 4.9955 ± 0.0705
INFO:kbc-cli.py:Epoch 57/100	Loss 4.9957 ± 0.0795
INFO:kbc-cli.py:Epoch 57/100	dev results	MRR 0.951989	H@1 0.921012	H@3 0.980828	H@5 0.986963	H@10 0.994632	H@20 1.000000	H@50 1.000000	H@100 1.000000
INFO:kbc-cli.py:Epoch 57/100	test results	MRR 0.960674	H@1 0.933434	H@3 0.987897	H@5 0.991679	H@10 0.996974	H@20 0.998487	H@50 1.000000	H@100 1.000000
INFO:kbc-cli.py:Epoch 58/100	Loss 4.9943 ± 0.0800
INFO:kbc-cli.py:Epoch 59/100	Loss 4.9930 ± 0.0717
INFO:kbc-cli.py:Epoch 60/100	Loss 4.9912 ± 0.0829
INFO:kbc-cli.py:Epoch 60/100	dev results	MRR 0.953201	H@1 0.923313	H@3 0.981595	H@5 0.986963	H@10 0.993865	H@20 1.000000	H@50 1.000000	H@100 1.000000
INFO:kbc-cli.py:Epoch 60/100	test results	MRR 0.959644	H@1 0.931921	H@3 0.986384	H@5 0.991679	H@10 0.996974	H@20 0.998487	H@50 1.000000	H@100 1.000000
INFO:kbc-cli.py:Epoch 61/100	Loss 4.9905 ± 0.0758
INFO:kbc-cli.py:Epoch 62/100	Loss 4.9900 ± 0.0980
INFO:kbc-cli.py:Epoch 63/100	Loss 4.9889 ± 0.0806
INFO:kbc-cli.py:Epoch 63/100	dev results	MRR 0.952199	H@1 0.921012	H@3 0.980828	H@5 0.986196	H@10 0.993865	H@20 1.000000	H@50 1.000000	H@100 1.000000
INFO:kbc-cli.py:Epoch 63/100	test results	MRR 0.959836	H@1 0.932678	H@3 0.987141	H@5 0.991679	H@10 0.996974	H@20 0.998487	H@50 1.000000	H@100 1.000000
INFO:kbc-cli.py:Epoch 64/100	Loss 4.9871 ± 0.0792
INFO:kbc-cli.py:Epoch 65/100	Loss 4.9855 ± 0.0682
INFO:kbc-cli.py:Epoch 66/100	Loss 4.9846 ± 0.0772
INFO:kbc-cli.py:Epoch 66/100	dev results	MRR 0.951187	H@1 0.919479	H@3 0.980828	H@5 0.986963	H@10 0.993865	H@20 1.000000	H@50 1.000000	H@100 1.000000
INFO:kbc-cli.py:Epoch 66/100	test results	MRR 0.959045	H@1 0.931165	H@3 0.987141	H@5 0.991679	H@10 0.996974	H@20 0.998487	H@50 1.000000	H@100 1.000000
INFO:kbc-cli.py:Epoch 67/100	Loss 4.9839 ± 0.0774
INFO:kbc-cli.py:Epoch 68/100	Loss 4.9831 ± 0.0929
INFO:kbc-cli.py:Epoch 69/100	Loss 4.9817 ± 0.0787
INFO:kbc-cli.py:Epoch 69/100	dev results	MRR 0.949645	H@1 0.916411	H@3 0.980828	H@5 0.986963	H@10 0.993865	H@20 1.000000	H@50 1.000000	H@100 1.000000
INFO:kbc-cli.py:Epoch 69/100	test results	MRR 0.958871	H@1 0.930408	H@3 0.987141	H@5 0.992436	H@10 0.996974	H@20 0.998487	H@50 1.000000	H@100 1.000000
INFO:kbc-cli.py:Epoch 70/100	Loss 4.9812 ± 0.0806
INFO:kbc-cli.py:Epoch 71/100	Loss 4.9796 ± 0.1054
INFO:kbc-cli.py:Epoch 72/100	Loss 4.9789 ± 0.0666
INFO:kbc-cli.py:Epoch 72/100	dev results	MRR 0.951115	H@1 0.920245	H@3 0.980828	H@5 0.986196	H@10 0.993865	H@20 1.000000	H@50 1.000000	H@100 1.000000
INFO:kbc-cli.py:Epoch 72/100	test results	MRR 0.958163	H@1 0.929652	H@3 0.986384	H@5 0.992436	H@10 0.996974	H@20 0.998487	H@50 1.000000	H@100 1.000000
INFO:kbc-cli.py:Epoch 73/100	Loss 4.9777 ± 0.0775
INFO:kbc-cli.py:Epoch 74/100	Loss 4.9778 ± 0.0826
INFO:kbc-cli.py:Epoch 75/100	Loss 4.9763 ± 0.0674
INFO:kbc-cli.py:Epoch 75/100	dev results	MRR 0.949588	H@1 0.917178	H@3 0.980828	H@5 0.986196	H@10 0.993865	H@20 1.000000	H@50 1.000000	H@100 1.000000
INFO:kbc-cli.py:Epoch 75/100	test results	MRR 0.958692	H@1 0.929652	H@3 0.987141	H@5 0.991679	H@10 0.996974	H@20 0.998487	H@50 1.000000	H@100 1.000000
INFO:kbc-cli.py:Epoch 76/100	Loss 4.9748 ± 0.0657
INFO:kbc-cli.py:Epoch 77/100	Loss 4.9748 ± 0.0754
INFO:kbc-cli.py:Epoch 78/100	Loss 4.9736 ± 0.0742
INFO:kbc-cli.py:Epoch 78/100	dev results	MRR 0.951712	H@1 0.921012	H@3 0.980828	H@5 0.986196	H@10 0.993865	H@20 0.999233	H@50 1.000000	H@100 1.000000
INFO:kbc-cli.py:Epoch 78/100	test results	MRR 0.958770	H@1 0.930408	H@3 0.986384	H@5 0.992436	H@10 0.996974	H@20 0.998487	H@50 1.000000	H@100 1.000000
INFO:kbc-cli.py:Epoch 79/100	Loss 4.9725 ± 0.0766
INFO:kbc-cli.py:Epoch 80/100	Loss 4.9731 ± 0.0720
INFO:kbc-cli.py:Epoch 81/100	Loss 4.9714 ± 0.0793
INFO:kbc-cli.py:Epoch 81/100	dev results	MRR 0.952030	H@1 0.921779	H@3 0.980061	H@5 0.986196	H@10 0.993865	H@20 1.000000	H@50 1.000000	H@100 1.000000
INFO:kbc-cli.py:Epoch 81/100	test results	MRR 0.958629	H@1 0.930408	H@3 0.986384	H@5 0.991679	H@10 0.996974	H@20 0.998487	H@50 1.000000	H@100 1.000000
INFO:kbc-cli.py:Epoch 82/100	Loss 4.9708 ± 0.0775
INFO:kbc-cli.py:Epoch 83/100	Loss 4.9704 ± 0.0755
INFO:kbc-cli.py:Epoch 84/100	Loss 4.9680 ± 0.0734
INFO:kbc-cli.py:Epoch 84/100	dev results	MRR 0.950877	H@1 0.920245	H@3 0.980061	H@5 0.986196	H@10 0.993865	H@20 0.999233	H@50 1.000000	H@100 1.000000
INFO:kbc-cli.py:Epoch 84/100	test results	MRR 0.957432	H@1 0.928139	H@3 0.987141	H@5 0.991679	H@10 0.996974	H@20 0.998487	H@50 1.000000	H@100 1.000000
INFO:kbc-cli.py:Epoch 85/100	Loss 4.9688 ± 0.0717
INFO:kbc-cli.py:Epoch 86/100	Loss 4.9678 ± 0.0786
INFO:kbc-cli.py:Epoch 87/100	Loss 4.9667 ± 0.0677
INFO:kbc-cli.py:Epoch 87/100	dev results	MRR 0.952298	H@1 0.922546	H@3 0.980828	H@5 0.986196	H@10 0.993865	H@20 0.999233	H@50 1.000000	H@100 1.000000
INFO:kbc-cli.py:Epoch 87/100	test results	MRR 0.957966	H@1 0.929652	H@3 0.987141	H@5 0.992436	H@10 0.996974	H@20 0.998487	H@50 1.000000	H@100 1.000000
INFO:kbc-cli.py:Epoch 88/100	Loss 4.9667 ± 0.0775
INFO:kbc-cli.py:Epoch 89/100	Loss 4.9662 ± 0.0837
INFO:kbc-cli.py:Epoch 90/100	Loss 4.9651 ± 0.0606
INFO:kbc-cli.py:Epoch 90/100	dev results	MRR 0.950357	H@1 0.919479	H@3 0.979294	H@5 0.986196	H@10 0.993865	H@20 0.999233	H@50 1.000000	H@100 1.000000
INFO:kbc-cli.py:Epoch 90/100	test results	MRR 0.957811	H@1 0.928896	H@3 0.987141	H@5 0.991679	H@10 0.996974	H@20 0.998487	H@50 1.000000	H@100 1.000000
INFO:kbc-cli.py:Epoch 91/100	Loss 4.9637 ± 0.0773
INFO:kbc-cli.py:Epoch 92/100	Loss 4.9646 ± 0.0679
INFO:kbc-cli.py:Epoch 93/100	Loss 4.9634 ± 0.0852
INFO:kbc-cli.py:Epoch 93/100	dev results	MRR 0.952028	H@1 0.921779	H@3 0.980061	H@5 0.986196	H@10 0.993865	H@20 0.999233	H@50 1.000000	H@100 1.000000
INFO:kbc-cli.py:Epoch 93/100	test results	MRR 0.957997	H@1 0.928896	H@3 0.986384	H@5 0.992436	H@10 0.996974	H@20 0.998487	H@50 1.000000	H@100 1.000000
INFO:kbc-cli.py:Epoch 94/100	Loss 4.9613 ± 0.0845
INFO:kbc-cli.py:Epoch 95/100	Loss 4.9610 ± 0.0710
INFO:kbc-cli.py:Epoch 96/100	Loss 4.9613 ± 0.0863
INFO:kbc-cli.py:Epoch 96/100	dev results	MRR 0.951118	H@1 0.920245	H@3 0.980061	H@5 0.986196	H@10 0.993865	H@20 0.999233	H@50 1.000000	H@100 1.000000
INFO:kbc-cli.py:Epoch 96/100	test results	MRR 0.957998	H@1 0.929652	H@3 0.986384	H@5 0.993192	H@10 0.996974	H@20 0.998487	H@50 1.000000	H@100 1.000000
INFO:kbc-cli.py:Epoch 97/100	Loss 4.9609 ± 0.0558
INFO:kbc-cli.py:Epoch 98/100	Loss 4.9594 ± 0.0778
INFO:kbc-cli.py:Epoch 99/100	Loss 4.9605 ± 0.0540
INFO:kbc-cli.py:Epoch 99/100	dev results	MRR 0.950202	H@1 0.918712	H@3 0.980061	H@5 0.986196	H@10 0.994632	H@20 0.999233	H@50 1.000000	H@100 1.000000
INFO:kbc-cli.py:Epoch 99/100	test results	MRR 0.957915	H@1 0.928896	H@3 0.987141	H@5 0.992436	H@10 0.996974	H@20 0.998487	H@50 1.000000	H@100 1.000000
INFO:kbc-cli.py:Epoch 100/100	Loss 4.9592 ± 0.0720
INFO:kbc-cli.py:Final 	dev results	MRR 0.950894	H@1 0.920245	H@3 0.980828	H@5 0.986196	H@10 0.994632	H@20 0.999233	H@50 1.000000	H@100 1.000000
INFO:kbc-cli.py:Final 	test results	MRR 0.958477	H@1 0.930408	H@3 0.986384	H@5 0.992436	H@10 0.996974	H@20 0.998487	H@50 1.000000	H@100 1.000000
INFO:kbc-cli.py:Training finished
