./bin/kbc-cli.py --train data/umls/train.tsv --dev data/umls/dev.tsv --test data/umls/test.tsv -m complex -k 100 -b 50 -e 100 --F2 0 --N3 0.0005 -l 0.1 -I standard -V 3 -o adagrad -c spo -q
{'F2': 0.0,
 'N3': 0.0005,
 'batch_size': 50,
 'corruption': 'spo',
 'dev': 'data/umls/dev.tsv',
 'embedding_size': 100,
 'epochs': 100,
 'eval_batch_size': None,
 'input_type': 'standard',
 'learning_rate': 0.1,
 'load': None,
 'model': 'complex',
 'optimizer': 'adagrad',
 'quiet': True,
 'save': None,
 'seed': 0,
 'test': 'data/umls/test.tsv',
 'test_i': None,
 'test_ii': None,
 'train': 'data/umls/train.tsv',
 'validate_every': 3}
INFO:kbc-cli.py:Device: cuda
INFO:kbc-cli.py:Model state:
INFO:kbc-cli.py:	entities.weight	torch.Size([135, 200])
INFO:kbc-cli.py:	predicates.weight	torch.Size([46, 200])
INFO:kbc-cli.py:Epoch 1/100	Loss 9.7111 ± 1.8529
INFO:kbc-cli.py:Epoch 2/100	Loss 6.8808 ± 0.2808
INFO:kbc-cli.py:Epoch 3/100	Loss 6.4808 ± 0.2740
INFO:kbc-cli.py:Epoch 3/100	dev results	MRR 0.915153	H@1 0.861196	H@3 0.960123	H@5 0.974693	H@10 0.989264	H@20 0.993098	H@50 0.998466	H@100 1.000000
INFO:kbc-cli.py:Epoch 3/100	test results	MRR 0.913342	H@1 0.854009	H@3 0.967474	H@5 0.984115	H@10 0.993192	H@20 0.996974	H@50 0.998487	H@100 0.999244
INFO:kbc-cli.py:Epoch 4/100	Loss 6.2970 ± 0.2589
INFO:kbc-cli.py:Epoch 5/100	Loss 6.2002 ± 0.2545
INFO:kbc-cli.py:Epoch 6/100	Loss 6.1287 ± 0.2432
INFO:kbc-cli.py:Epoch 6/100	dev results	MRR 0.913402	H@1 0.848160	H@3 0.973160	H@5 0.983129	H@10 0.993098	H@20 0.993865	H@50 0.999233	H@100 1.000000
INFO:kbc-cli.py:Epoch 6/100	test results	MRR 0.906266	H@1 0.833585	H@3 0.978064	H@5 0.992436	H@10 0.996974	H@20 0.997731	H@50 0.999244	H@100 0.999244
INFO:kbc-cli.py:Epoch 7/100	Loss 6.0702 ± 0.2512
INFO:kbc-cli.py:Epoch 8/100	Loss 6.0297 ± 0.2539
INFO:kbc-cli.py:Epoch 9/100	Loss 5.9857 ± 0.2592
INFO:kbc-cli.py:Epoch 9/100	dev results	MRR 0.930974	H@1 0.881902	H@3 0.974693	H@5 0.983896	H@10 0.993098	H@20 0.996166	H@50 0.999233	H@100 1.000000
INFO:kbc-cli.py:Epoch 9/100	test results	MRR 0.930307	H@1 0.878971	H@3 0.977307	H@5 0.990923	H@10 0.996974	H@20 0.998487	H@50 0.999244	H@100 1.000000
INFO:kbc-cli.py:Epoch 10/100	Loss 5.9608 ± 0.2513
INFO:kbc-cli.py:Epoch 11/100	Loss 5.9322 ± 0.2186
INFO:kbc-cli.py:Epoch 12/100	Loss 5.9055 ± 0.2636
INFO:kbc-cli.py:Epoch 12/100	dev results	MRR 0.934646	H@1 0.889571	H@3 0.974693	H@5 0.983896	H@10 0.993865	H@20 0.996166	H@50 0.999233	H@100 1.000000
INFO:kbc-cli.py:Epoch 12/100	test results	MRR 0.931551	H@1 0.880484	H@3 0.980333	H@5 0.993192	H@10 0.997731	H@20 0.998487	H@50 0.999244	H@100 1.000000
INFO:kbc-cli.py:Epoch 13/100	Loss 5.8883 ± 0.2435
INFO:kbc-cli.py:Epoch 14/100	Loss 5.8676 ± 0.2389
INFO:kbc-cli.py:Epoch 15/100	Loss 5.8541 ± 0.2604
INFO:kbc-cli.py:Epoch 15/100	dev results	MRR 0.939603	H@1 0.898773	H@3 0.977761	H@5 0.984663	H@10 0.993098	H@20 0.996166	H@50 0.999233	H@100 1.000000
INFO:kbc-cli.py:Epoch 15/100	test results	MRR 0.934856	H@1 0.886536	H@3 0.978820	H@5 0.989410	H@10 0.997731	H@20 0.998487	H@50 0.999244	H@100 1.000000
INFO:kbc-cli.py:Epoch 16/100	Loss 5.8308 ± 0.2156
INFO:kbc-cli.py:Epoch 17/100	Loss 5.8178 ± 0.2424
INFO:kbc-cli.py:Epoch 18/100	Loss 5.8035 ± 0.2385
INFO:kbc-cli.py:Epoch 18/100	dev results	MRR 0.936020	H@1 0.892638	H@3 0.974693	H@5 0.983129	H@10 0.993098	H@20 0.996933	H@50 0.999233	H@100 1.000000
INFO:kbc-cli.py:Epoch 18/100	test results	MRR 0.936232	H@1 0.891074	H@3 0.978064	H@5 0.990166	H@10 0.996974	H@20 0.998487	H@50 0.999244	H@100 1.000000
INFO:kbc-cli.py:Epoch 19/100	Loss 5.7908 ± 0.2220
INFO:kbc-cli.py:Epoch 20/100	Loss 5.7791 ± 0.2454
INFO:kbc-cli.py:Epoch 21/100	Loss 5.7742 ± 0.2509
INFO:kbc-cli.py:Epoch 21/100	dev results	MRR 0.942530	H@1 0.905675	H@3 0.976994	H@5 0.982362	H@10 0.993865	H@20 0.997699	H@50 0.999233	H@100 1.000000
INFO:kbc-cli.py:Epoch 21/100	test results	MRR 0.935492	H@1 0.889561	H@3 0.979576	H@5 0.990923	H@10 0.996974	H@20 0.998487	H@50 0.999244	H@100 1.000000
INFO:kbc-cli.py:Epoch 22/100	Loss 5.7561 ± 0.2473
INFO:kbc-cli.py:Epoch 23/100	Loss 5.7532 ± 0.2190
INFO:kbc-cli.py:Epoch 24/100	Loss 5.7403 ± 0.2422
INFO:kbc-cli.py:Epoch 24/100	dev results	MRR 0.938615	H@1 0.897239	H@3 0.975460	H@5 0.983129	H@10 0.993865	H@20 0.996933	H@50 0.999233	H@100 1.000000
INFO:kbc-cli.py:Epoch 24/100	test results	MRR 0.933999	H@1 0.886536	H@3 0.977307	H@5 0.990923	H@10 0.996974	H@20 0.998487	H@50 0.999244	H@100 1.000000
INFO:kbc-cli.py:Epoch 25/100	Loss 5.7359 ± 0.2350
INFO:kbc-cli.py:Epoch 26/100	Loss 5.7228 ± 0.2468
INFO:kbc-cli.py:Epoch 27/100	Loss 5.7221 ± 0.2333
INFO:kbc-cli.py:Epoch 27/100	dev results	MRR 0.938650	H@1 0.898006	H@3 0.973926	H@5 0.981595	H@10 0.993098	H@20 0.997699	H@50 0.999233	H@100 1.000000
INFO:kbc-cli.py:Epoch 27/100	test results	MRR 0.933052	H@1 0.885023	H@3 0.978064	H@5 0.989410	H@10 0.996974	H@20 0.998487	H@50 0.999244	H@100 1.000000
INFO:kbc-cli.py:Epoch 28/100	Loss 5.7099 ± 0.2626
INFO:kbc-cli.py:Epoch 29/100	Loss 5.7081 ± 0.2209
INFO:kbc-cli.py:Epoch 30/100	Loss 5.7027 ± 0.2368
INFO:kbc-cli.py:Epoch 30/100	dev results	MRR 0.943150	H@1 0.905675	H@3 0.975460	H@5 0.981595	H@10 0.993098	H@20 0.996933	H@50 0.999233	H@100 1.000000
INFO:kbc-cli.py:Epoch 30/100	test results	MRR 0.935440	H@1 0.889561	H@3 0.978820	H@5 0.989410	H@10 0.996974	H@20 0.998487	H@50 0.999244	H@100 1.000000
INFO:kbc-cli.py:Epoch 31/100	Loss 5.6948 ± 0.2238
INFO:kbc-cli.py:Epoch 32/100	Loss 5.6855 ± 0.2420
INFO:kbc-cli.py:Epoch 33/100	Loss 5.6853 ± 0.2369
INFO:kbc-cli.py:Epoch 33/100	dev results	MRR 0.942393	H@1 0.904908	H@3 0.975460	H@5 0.982362	H@10 0.992331	H@20 0.996933	H@50 0.999233	H@100 1.000000
INFO:kbc-cli.py:Epoch 33/100	test results	MRR 0.935083	H@1 0.889561	H@3 0.978064	H@5 0.989410	H@10 0.996974	H@20 0.998487	H@50 0.999244	H@100 1.000000
INFO:kbc-cli.py:Epoch 34/100	Loss 5.6759 ± 0.2433
INFO:kbc-cli.py:Epoch 35/100	Loss 5.6747 ± 0.2282
INFO:kbc-cli.py:Epoch 36/100	Loss 5.6699 ± 0.2297
INFO:kbc-cli.py:Epoch 36/100	dev results	MRR 0.940445	H@1 0.901074	H@3 0.973926	H@5 0.980828	H@10 0.992331	H@20 0.996933	H@50 0.999233	H@100 1.000000
INFO:kbc-cli.py:Epoch 36/100	test results	MRR 0.932606	H@1 0.884266	H@3 0.978064	H@5 0.988654	H@10 0.996218	H@20 0.998487	H@50 0.999244	H@100 1.000000
INFO:kbc-cli.py:Epoch 37/100	Loss 5.6694 ± 0.2021
INFO:kbc-cli.py:Epoch 38/100	Loss 5.6575 ± 0.2340
INFO:kbc-cli.py:Epoch 39/100	Loss 5.6566 ± 0.2551
INFO:kbc-cli.py:Epoch 39/100	dev results	MRR 0.942396	H@1 0.905675	H@3 0.974693	H@5 0.980828	H@10 0.992331	H@20 0.996933	H@50 0.999233	H@100 1.000000
INFO:kbc-cli.py:Epoch 39/100	test results	MRR 0.935416	H@1 0.890318	H@3 0.977307	H@5 0.987897	H@10 0.996974	H@20 0.998487	H@50 0.999244	H@100 1.000000
INFO:kbc-cli.py:Epoch 40/100	Loss 5.6549 ± 0.2304
INFO:kbc-cli.py:Epoch 41/100	Loss 5.6450 ± 0.2258
INFO:kbc-cli.py:Epoch 42/100	Loss 5.6469 ± 0.2365
INFO:kbc-cli.py:Epoch 42/100	dev results	MRR 0.943470	H@1 0.907209	H@3 0.975460	H@5 0.980828	H@10 0.991564	H@20 0.996933	H@50 0.999233	H@100 1.000000
INFO:kbc-cli.py:Epoch 42/100	test results	MRR 0.937371	H@1 0.894100	H@3 0.978064	H@5 0.987897	H@10 0.996974	H@20 0.998487	H@50 0.999244	H@100 1.000000
INFO:kbc-cli.py:Epoch 43/100	Loss 5.6456 ± 0.2571
INFO:kbc-cli.py:Epoch 44/100	Loss 5.6373 ± 0.2242
INFO:kbc-cli.py:Epoch 45/100	Loss 5.6366 ± 0.2056
INFO:kbc-cli.py:Epoch 45/100	dev results	MRR 0.939363	H@1 0.899540	H@3 0.973926	H@5 0.980828	H@10 0.990798	H@20 0.996933	H@50 0.999233	H@100 1.000000
INFO:kbc-cli.py:Epoch 45/100	test results	MRR 0.935511	H@1 0.891074	H@3 0.978064	H@5 0.987897	H@10 0.996974	H@20 0.998487	H@50 0.999244	H@100 1.000000
INFO:kbc-cli.py:Epoch 46/100	Loss 5.6284 ± 0.2056
INFO:kbc-cli.py:Epoch 47/100	Loss 5.6234 ± 0.2319
INFO:kbc-cli.py:Epoch 48/100	Loss 5.6292 ± 0.2332
INFO:kbc-cli.py:Epoch 48/100	dev results	MRR 0.938869	H@1 0.898773	H@3 0.974693	H@5 0.980061	H@10 0.991564	H@20 0.996933	H@50 0.999233	H@100 1.000000
INFO:kbc-cli.py:Epoch 48/100	test results	MRR 0.932976	H@1 0.886536	H@3 0.976551	H@5 0.987141	H@10 0.996974	H@20 0.998487	H@50 0.999244	H@100 1.000000
INFO:kbc-cli.py:Epoch 49/100	Loss 5.6236 ± 0.2081
INFO:kbc-cli.py:Epoch 50/100	Loss 5.6216 ± 0.2239
INFO:kbc-cli.py:Epoch 51/100	Loss 5.6163 ± 0.2064
INFO:kbc-cli.py:Epoch 51/100	dev results	MRR 0.939769	H@1 0.901074	H@3 0.974693	H@5 0.979294	H@10 0.990798	H@20 0.996933	H@50 0.999233	H@100 1.000000
INFO:kbc-cli.py:Epoch 51/100	test results	MRR 0.934948	H@1 0.891074	H@3 0.975794	H@5 0.987141	H@10 0.996974	H@20 0.998487	H@50 0.999244	H@100 1.000000
INFO:kbc-cli.py:Epoch 52/100	Loss 5.6111 ± 0.2208
INFO:kbc-cli.py:Epoch 53/100	Loss 5.6145 ± 0.1960
INFO:kbc-cli.py:Epoch 54/100	Loss 5.6107 ± 0.2407
INFO:kbc-cli.py:Epoch 54/100	dev results	MRR 0.940155	H@1 0.901074	H@3 0.973926	H@5 0.979294	H@10 0.992331	H@20 0.996933	H@50 0.999233	H@100 1.000000
INFO:kbc-cli.py:Epoch 54/100	test results	MRR 0.933849	H@1 0.888805	H@3 0.975794	H@5 0.987141	H@10 0.996218	H@20 0.998487	H@50 0.999244	H@100 1.000000
INFO:kbc-cli.py:Epoch 55/100	Loss 5.6084 ± 0.2366
INFO:kbc-cli.py:Epoch 56/100	Loss 5.6065 ± 0.2297
INFO:kbc-cli.py:Epoch 57/100	Loss 5.6026 ± 0.2137
INFO:kbc-cli.py:Epoch 57/100	dev results	MRR 0.939088	H@1 0.899540	H@3 0.973926	H@5 0.979294	H@10 0.992331	H@20 0.996933	H@50 0.999233	H@100 1.000000
INFO:kbc-cli.py:Epoch 57/100	test results	MRR 0.935047	H@1 0.891831	H@3 0.975794	H@5 0.987141	H@10 0.995461	H@20 0.997731	H@50 0.999244	H@100 1.000000
INFO:kbc-cli.py:Epoch 58/100	Loss 5.6013 ± 0.2089
INFO:kbc-cli.py:Epoch 59/100	Loss 5.5961 ± 0.2154
INFO:kbc-cli.py:Epoch 60/100	Loss 5.5985 ± 0.2242
INFO:kbc-cli.py:Epoch 60/100	dev results	MRR 0.935996	H@1 0.893405	H@3 0.973926	H@5 0.978528	H@10 0.991564	H@20 0.996166	H@50 0.999233	H@100 1.000000
INFO:kbc-cli.py:Epoch 60/100	test results	MRR 0.933457	H@1 0.888048	H@3 0.975794	H@5 0.985628	H@10 0.995461	H@20 0.997731	H@50 0.999244	H@100 1.000000
INFO:kbc-cli.py:Epoch 61/100	Loss 5.5931 ± 0.2195
INFO:kbc-cli.py:Epoch 62/100	Loss 5.5983 ± 0.2274
INFO:kbc-cli.py:Epoch 63/100	Loss 5.5911 ± 0.2167
INFO:kbc-cli.py:Epoch 63/100	dev results	MRR 0.938449	H@1 0.898773	H@3 0.973160	H@5 0.978528	H@10 0.990798	H@20 0.996166	H@50 0.999233	H@100 1.000000
INFO:kbc-cli.py:Epoch 63/100	test results	MRR 0.933127	H@1 0.888048	H@3 0.975794	H@5 0.986384	H@10 0.994705	H@20 0.997731	H@50 0.999244	H@100 1.000000
INFO:kbc-cli.py:Epoch 64/100	Loss 5.5908 ± 0.2024
INFO:kbc-cli.py:Epoch 65/100	Loss 5.5857 ± 0.2184
INFO:kbc-cli.py:Epoch 66/100	Loss 5.5845 ± 0.1974
INFO:kbc-cli.py:Epoch 66/100	dev results	MRR 0.940635	H@1 0.902607	H@3 0.974693	H@5 0.978528	H@10 0.990031	H@20 0.996166	H@50 0.999233	H@100 1.000000
INFO:kbc-cli.py:Epoch 66/100	test results	MRR 0.933609	H@1 0.889561	H@3 0.975038	H@5 0.986384	H@10 0.994705	H@20 0.997731	H@50 0.999244	H@100 1.000000
INFO:kbc-cli.py:Epoch 67/100	Loss 5.5864 ± 0.2074
INFO:kbc-cli.py:Epoch 68/100	Loss 5.5797 ± 0.2013
INFO:kbc-cli.py:Epoch 69/100	Loss 5.5792 ± 0.2099
INFO:kbc-cli.py:Epoch 69/100	dev results	MRR 0.941372	H@1 0.904141	H@3 0.974693	H@5 0.978528	H@10 0.990031	H@20 0.996166	H@50 0.999233	H@100 1.000000
INFO:kbc-cli.py:Epoch 69/100	test results	MRR 0.934664	H@1 0.891074	H@3 0.975038	H@5 0.985628	H@10 0.994705	H@20 0.997731	H@50 0.999244	H@100 1.000000
INFO:kbc-cli.py:Epoch 70/100	Loss 5.5783 ± 0.2425
INFO:kbc-cli.py:Epoch 71/100	Loss 5.5784 ± 0.2105
INFO:kbc-cli.py:Epoch 72/100	Loss 5.5799 ± 0.2173
INFO:kbc-cli.py:Epoch 72/100	dev results	MRR 0.938308	H@1 0.898773	H@3 0.973926	H@5 0.978528	H@10 0.991564	H@20 0.996166	H@50 0.999233	H@100 1.000000
INFO:kbc-cli.py:Epoch 72/100	test results	MRR 0.934186	H@1 0.891074	H@3 0.975038	H@5 0.985628	H@10 0.994705	H@20 0.996974	H@50 0.999244	H@100 1.000000
INFO:kbc-cli.py:Epoch 73/100	Loss 5.5758 ± 0.2113
INFO:kbc-cli.py:Epoch 74/100	Loss 5.5766 ± 0.2194
INFO:kbc-cli.py:Epoch 75/100	Loss 5.5672 ± 0.2151
INFO:kbc-cli.py:Epoch 75/100	dev results	MRR 0.939377	H@1 0.900307	H@3 0.974693	H@5 0.978528	H@10 0.990798	H@20 0.996166	H@50 0.999233	H@100 1.000000
INFO:kbc-cli.py:Epoch 75/100	test results	MRR 0.934565	H@1 0.892587	H@3 0.973525	H@5 0.985628	H@10 0.994705	H@20 0.997731	H@50 0.999244	H@100 1.000000
INFO:kbc-cli.py:Epoch 76/100	Loss 5.5723 ± 0.2176
INFO:kbc-cli.py:Epoch 77/100	Loss 5.5674 ± 0.2090
INFO:kbc-cli.py:Epoch 78/100	Loss 5.5676 ± 0.2157
INFO:kbc-cli.py:Epoch 78/100	dev results	MRR 0.936183	H@1 0.894172	H@3 0.974693	H@5 0.978528	H@10 0.990798	H@20 0.996166	H@50 0.999233	H@100 1.000000
INFO:kbc-cli.py:Epoch 78/100	test results	MRR 0.931661	H@1 0.887292	H@3 0.974281	H@5 0.985628	H@10 0.993949	H@20 0.997731	H@50 0.999244	H@100 1.000000
INFO:kbc-cli.py:Epoch 79/100	Loss 5.5660 ± 0.1885
INFO:kbc-cli.py:Epoch 80/100	Loss 5.5658 ± 0.1846
INFO:kbc-cli.py:Epoch 81/100	Loss 5.5648 ± 0.1807
INFO:kbc-cli.py:Epoch 81/100	dev results	MRR 0.937022	H@1 0.895706	H@3 0.974693	H@5 0.978528	H@10 0.991564	H@20 0.996166	H@50 0.999233	H@100 1.000000
INFO:kbc-cli.py:Epoch 81/100	test results	MRR 0.933092	H@1 0.889561	H@3 0.973525	H@5 0.985628	H@10 0.993949	H@20 0.997731	H@50 0.999244	H@100 1.000000
INFO:kbc-cli.py:Epoch 82/100	Loss 5.5562 ± 0.2219
INFO:kbc-cli.py:Epoch 83/100	Loss 5.5617 ± 0.2051
INFO:kbc-cli.py:Epoch 84/100	Loss 5.5599 ± 0.2147
INFO:kbc-cli.py:Epoch 84/100	dev results	MRR 0.937595	H@1 0.897239	H@3 0.973926	H@5 0.977761	H@10 0.989264	H@20 0.996166	H@50 0.999233	H@100 1.000000
INFO:kbc-cli.py:Epoch 84/100	test results	MRR 0.932198	H@1 0.888048	H@3 0.972769	H@5 0.985628	H@10 0.993192	H@20 0.997731	H@50 0.999244	H@100 1.000000
INFO:kbc-cli.py:Epoch 85/100	Loss 5.5610 ± 0.2137
INFO:kbc-cli.py:Epoch 86/100	Loss 5.5587 ± 0.2098
INFO:kbc-cli.py:Epoch 87/100	Loss 5.5560 ± 0.2023
INFO:kbc-cli.py:Epoch 87/100	dev results	MRR 0.937843	H@1 0.897239	H@3 0.974693	H@5 0.977761	H@10 0.990798	H@20 0.996166	H@50 0.999233	H@100 1.000000
INFO:kbc-cli.py:Epoch 87/100	test results	MRR 0.931282	H@1 0.887292	H@3 0.971256	H@5 0.984871	H@10 0.993949	H@20 0.997731	H@50 0.999244	H@100 1.000000
INFO:kbc-cli.py:Epoch 88/100	Loss 5.5564 ± 0.2049
INFO:kbc-cli.py:Epoch 89/100	Loss 5.5533 ± 0.2071
INFO:kbc-cli.py:Epoch 90/100	Loss 5.5539 ± 0.2089
INFO:kbc-cli.py:Epoch 90/100	dev results	MRR 0.936867	H@1 0.895706	H@3 0.974693	H@5 0.977761	H@10 0.988497	H@20 0.996166	H@50 0.999233	H@100 1.000000
INFO:kbc-cli.py:Epoch 90/100	test results	MRR 0.929929	H@1 0.884266	H@3 0.971256	H@5 0.984115	H@10 0.993192	H@20 0.997731	H@50 0.999244	H@100 1.000000
INFO:kbc-cli.py:Epoch 91/100	Loss 5.5560 ± 0.2046
INFO:kbc-cli.py:Epoch 92/100	Loss 5.5544 ± 0.2165
INFO:kbc-cli.py:Epoch 93/100	Loss 5.5457 ± 0.2014
INFO:kbc-cli.py:Epoch 93/100	dev results	MRR 0.936891	H@1 0.895706	H@3 0.974693	H@5 0.977761	H@10 0.990031	H@20 0.996166	H@50 0.999233	H@100 1.000000
INFO:kbc-cli.py:Epoch 93/100	test results	MRR 0.929861	H@1 0.884266	H@3 0.970499	H@5 0.984115	H@10 0.993192	H@20 0.997731	H@50 0.999244	H@100 1.000000
INFO:kbc-cli.py:Epoch 94/100	Loss 5.5518 ± 0.1940
INFO:kbc-cli.py:Epoch 95/100	Loss 5.5492 ± 0.2035
INFO:kbc-cli.py:Epoch 96/100	Loss 5.5445 ± 0.1994
INFO:kbc-cli.py:Epoch 96/100	dev results	MRR 0.937600	H@1 0.897239	H@3 0.974693	H@5 0.978528	H@10 0.989264	H@20 0.996166	H@50 0.999233	H@100 1.000000
INFO:kbc-cli.py:Epoch 96/100	test results	MRR 0.930158	H@1 0.885023	H@3 0.971256	H@5 0.983359	H@10 0.993192	H@20 0.997731	H@50 0.999244	H@100 1.000000
INFO:kbc-cli.py:Epoch 97/100	Loss 5.5486 ± 0.2237
INFO:kbc-cli.py:Epoch 98/100	Loss 5.5486 ± 0.2210
INFO:kbc-cli.py:Epoch 99/100	Loss 5.5438 ± 0.1975
INFO:kbc-cli.py:Epoch 99/100	dev results	MRR 0.935925	H@1 0.894172	H@3 0.973926	H@5 0.978528	H@10 0.989264	H@20 0.996166	H@50 0.999233	H@100 1.000000
INFO:kbc-cli.py:Epoch 99/100	test results	MRR 0.929181	H@1 0.884266	H@3 0.971256	H@5 0.982602	H@10 0.993949	H@20 0.997731	H@50 0.999244	H@100 1.000000
INFO:kbc-cli.py:Epoch 100/100	Loss 5.5411 ± 0.2149
INFO:kbc-cli.py:Final 	dev results	MRR 0.936496	H@1 0.894939	H@3 0.974693	H@5 0.978528	H@10 0.989264	H@20 0.996166	H@50 0.999233	H@100 1.000000
INFO:kbc-cli.py:Final 	test results	MRR 0.932495	H@1 0.890318	H@3 0.972012	H@5 0.982602	H@10 0.993192	H@20 0.997731	H@50 0.999244	H@100 1.000000
INFO:kbc-cli.py:Training finished
