./bin/kbc-cli.py --train data/umls/train.tsv --dev data/umls/dev.tsv --test data/umls/test.tsv -m complex -k 1000 -b 10 -e 100 --F2 0 --N3 0.0005 -l 0.1 -I reciprocal -V 3 -o adagrad -c spo -q
{'F2': 0.0,
 'N3': 0.0005,
 'batch_size': 10,
 'corruption': 'spo',
 'dev': 'data/umls/dev.tsv',
 'embedding_size': 1000,
 'epochs': 100,
 'eval_batch_size': None,
 'input_type': 'reciprocal',
 'learning_rate': 0.1,
 'load': None,
 'model': 'complex',
 'optimizer': 'adagrad',
 'quiet': True,
 'save': None,
 'seed': 0,
 'test': 'data/umls/test.tsv',
 'test_i': None,
 'test_ii': None,
 'train': 'data/umls/train.tsv',
 'validate_every': 3}
INFO:kbc-cli.py:Device: cuda
INFO:kbc-cli.py:Model state:
INFO:kbc-cli.py:	entities.weight	torch.Size([135, 2000])
INFO:kbc-cli.py:	predicates.weight	torch.Size([92, 2000])
INFO:kbc-cli.py:Epoch 1/100	Loss 9.5381 ± 2.6397
INFO:kbc-cli.py:Epoch 2/100	Loss 6.9568 ± 0.5770
INFO:kbc-cli.py:Epoch 3/100	Loss 6.6546 ± 0.5634
INFO:kbc-cli.py:Epoch 3/100	dev results	MRR 0.917739	H@1 0.851994	H@3 0.979294	H@5 0.986196	H@10 0.991564	H@20 0.995399	H@50 0.998466	H@100 1.000000
INFO:kbc-cli.py:Epoch 3/100	test results	MRR 0.908277	H@1 0.834342	H@3 0.979576	H@5 0.986384	H@10 0.995461	H@20 0.997731	H@50 0.998487	H@100 0.999244
INFO:kbc-cli.py:Epoch 4/100	Loss 6.5176 ± 0.5600
INFO:kbc-cli.py:Epoch 5/100	Loss 6.4275 ± 0.5257
INFO:kbc-cli.py:Epoch 6/100	Loss 6.3548 ± 0.5345
INFO:kbc-cli.py:Epoch 6/100	dev results	MRR 0.943412	H@1 0.898773	H@3 0.985429	H@5 0.991564	H@10 0.993865	H@20 0.996933	H@50 0.998466	H@100 1.000000
INFO:kbc-cli.py:Epoch 6/100	test results	MRR 0.937203	H@1 0.886536	H@3 0.985628	H@5 0.992436	H@10 0.996218	H@20 0.998487	H@50 0.998487	H@100 0.999244
INFO:kbc-cli.py:Epoch 7/100	Loss 6.3068 ± 0.5262
INFO:kbc-cli.py:Epoch 8/100	Loss 6.2638 ± 0.5413
INFO:kbc-cli.py:Epoch 9/100	Loss 6.2268 ± 0.5168
INFO:kbc-cli.py:Epoch 9/100	dev results	MRR 0.941649	H@1 0.894939	H@3 0.986196	H@5 0.990031	H@10 0.995399	H@20 0.996933	H@50 0.999233	H@100 1.000000
INFO:kbc-cli.py:Epoch 9/100	test results	MRR 0.941275	H@1 0.895613	H@3 0.985628	H@5 0.990923	H@10 0.997731	H@20 0.998487	H@50 0.998487	H@100 0.999244
INFO:kbc-cli.py:Epoch 10/100	Loss 6.1964 ± 0.5190
INFO:kbc-cli.py:Epoch 11/100	Loss 6.1727 ± 0.5306
INFO:kbc-cli.py:Epoch 12/100	Loss 6.1493 ± 0.5315
INFO:kbc-cli.py:Epoch 12/100	dev results	MRR 0.946200	H@1 0.904141	H@3 0.984663	H@5 0.990031	H@10 0.994632	H@20 0.997699	H@50 0.999233	H@100 1.000000
INFO:kbc-cli.py:Epoch 12/100	test results	MRR 0.944028	H@1 0.899395	H@3 0.987141	H@5 0.991679	H@10 0.997731	H@20 0.998487	H@50 0.998487	H@100 0.999244
INFO:kbc-cli.py:Epoch 13/100	Loss 6.1279 ± 0.5025
INFO:kbc-cli.py:Epoch 14/100	Loss 6.1125 ± 0.5059
INFO:kbc-cli.py:Epoch 15/100	Loss 6.0939 ± 0.5191
INFO:kbc-cli.py:Epoch 15/100	dev results	MRR 0.944194	H@1 0.900307	H@3 0.986196	H@5 0.990031	H@10 0.994632	H@20 0.996933	H@50 0.999233	H@100 1.000000
INFO:kbc-cli.py:Epoch 15/100	test results	MRR 0.943710	H@1 0.898638	H@3 0.987897	H@5 0.991679	H@10 0.997731	H@20 0.998487	H@50 0.998487	H@100 1.000000
INFO:kbc-cli.py:Epoch 16/100	Loss 6.0778 ± 0.5004
INFO:kbc-cli.py:Epoch 17/100	Loss 6.0664 ± 0.4967
INFO:kbc-cli.py:Epoch 18/100	Loss 6.0509 ± 0.4952
INFO:kbc-cli.py:Epoch 18/100	dev results	MRR 0.941734	H@1 0.894172	H@3 0.985429	H@5 0.991564	H@10 0.994632	H@20 0.996933	H@50 0.999233	H@100 1.000000
INFO:kbc-cli.py:Epoch 18/100	test results	MRR 0.944321	H@1 0.900908	H@3 0.986384	H@5 0.992436	H@10 0.997731	H@20 0.998487	H@50 0.998487	H@100 1.000000
INFO:kbc-cli.py:Epoch 19/100	Loss 6.0426 ± 0.5047
INFO:kbc-cli.py:Epoch 20/100	Loss 6.0293 ± 0.4981
INFO:kbc-cli.py:Epoch 21/100	Loss 6.0227 ± 0.5037
INFO:kbc-cli.py:Epoch 21/100	dev results	MRR 0.937814	H@1 0.887270	H@3 0.986196	H@5 0.990031	H@10 0.994632	H@20 0.996166	H@50 0.999233	H@100 1.000000
INFO:kbc-cli.py:Epoch 21/100	test results	MRR 0.940824	H@1 0.894856	H@3 0.984115	H@5 0.992436	H@10 0.997731	H@20 0.998487	H@50 0.998487	H@100 1.000000
INFO:kbc-cli.py:Epoch 22/100	Loss 6.0107 ± 0.4917
INFO:kbc-cli.py:Epoch 23/100	Loss 6.0011 ± 0.4957
INFO:kbc-cli.py:Epoch 24/100	Loss 5.9954 ± 0.4763
INFO:kbc-cli.py:Epoch 24/100	dev results	MRR 0.942507	H@1 0.895706	H@3 0.986196	H@5 0.990798	H@10 0.994632	H@20 0.996933	H@50 0.999233	H@100 1.000000
INFO:kbc-cli.py:Epoch 24/100	test results	MRR 0.949450	H@1 0.909985	H@3 0.986384	H@5 0.993192	H@10 0.997731	H@20 0.998487	H@50 0.998487	H@100 1.000000
INFO:kbc-cli.py:Epoch 25/100	Loss 5.9869 ± 0.4954
INFO:kbc-cli.py:Epoch 26/100	Loss 5.9796 ± 0.5215
INFO:kbc-cli.py:Epoch 27/100	Loss 5.9738 ± 0.4796
INFO:kbc-cli.py:Epoch 27/100	dev results	MRR 0.943670	H@1 0.898773	H@3 0.985429	H@5 0.990798	H@10 0.994632	H@20 0.997699	H@50 0.999233	H@100 1.000000
INFO:kbc-cli.py:Epoch 27/100	test results	MRR 0.949382	H@1 0.911498	H@3 0.983359	H@5 0.993192	H@10 0.996974	H@20 0.998487	H@50 0.998487	H@100 1.000000
INFO:kbc-cli.py:Epoch 28/100	Loss 5.9660 ± 0.5002
INFO:kbc-cli.py:Epoch 29/100	Loss 5.9606 ± 0.4988
INFO:kbc-cli.py:Epoch 30/100	Loss 5.9552 ± 0.4939
INFO:kbc-cli.py:Epoch 30/100	dev results	MRR 0.949841	H@1 0.911043	H@3 0.987730	H@5 0.990031	H@10 0.993865	H@20 0.996933	H@50 0.999233	H@100 1.000000
INFO:kbc-cli.py:Epoch 30/100	test results	MRR 0.951361	H@1 0.914523	H@3 0.984115	H@5 0.991679	H@10 0.998487	H@20 0.998487	H@50 0.998487	H@100 1.000000
INFO:kbc-cli.py:Epoch 31/100	Loss 5.9480 ± 0.4990
INFO:kbc-cli.py:Epoch 32/100	Loss 5.9424 ± 0.4954
INFO:kbc-cli.py:Epoch 33/100	Loss 5.9379 ± 0.4879
INFO:kbc-cli.py:Epoch 33/100	dev results	MRR 0.945007	H@1 0.901074	H@3 0.986963	H@5 0.990031	H@10 0.994632	H@20 0.997699	H@50 0.999233	H@100 1.000000
INFO:kbc-cli.py:Epoch 33/100	test results	MRR 0.949258	H@1 0.910741	H@3 0.985628	H@5 0.993192	H@10 0.997731	H@20 0.998487	H@50 0.998487	H@100 1.000000
INFO:kbc-cli.py:Epoch 34/100	Loss 5.9331 ± 0.4856
INFO:kbc-cli.py:Epoch 35/100	Loss 5.9310 ± 0.4689
INFO:kbc-cli.py:Epoch 36/100	Loss 5.9232 ± 0.4881
INFO:kbc-cli.py:Epoch 36/100	dev results	MRR 0.944625	H@1 0.901074	H@3 0.984663	H@5 0.990031	H@10 0.994632	H@20 0.998466	H@50 0.999233	H@100 1.000000
INFO:kbc-cli.py:Epoch 36/100	test results	MRR 0.948182	H@1 0.907716	H@3 0.986384	H@5 0.992436	H@10 0.996974	H@20 0.998487	H@50 0.998487	H@100 1.000000
INFO:kbc-cli.py:Epoch 37/100	Loss 5.9229 ± 0.4842
INFO:kbc-cli.py:Epoch 38/100	Loss 5.9148 ± 0.4852
INFO:kbc-cli.py:Epoch 39/100	Loss 5.9136 ± 0.4871
INFO:kbc-cli.py:Epoch 39/100	dev results	MRR 0.943921	H@1 0.899540	H@3 0.986963	H@5 0.990798	H@10 0.994632	H@20 0.998466	H@50 0.999233	H@100 1.000000
INFO:kbc-cli.py:Epoch 39/100	test results	MRR 0.947793	H@1 0.907716	H@3 0.986384	H@5 0.993949	H@10 0.996974	H@20 0.998487	H@50 0.998487	H@100 1.000000
INFO:kbc-cli.py:Epoch 40/100	Loss 5.9079 ± 0.4836
INFO:kbc-cli.py:Epoch 41/100	Loss 5.9042 ± 0.4873
INFO:kbc-cli.py:Epoch 42/100	Loss 5.9006 ± 0.4870
INFO:kbc-cli.py:Epoch 42/100	dev results	MRR 0.949959	H@1 0.911810	H@3 0.986196	H@5 0.990031	H@10 0.994632	H@20 0.998466	H@50 0.999233	H@100 1.000000
INFO:kbc-cli.py:Epoch 42/100	test results	MRR 0.947145	H@1 0.906203	H@3 0.987141	H@5 0.991679	H@10 0.996974	H@20 0.998487	H@50 0.998487	H@100 1.000000
INFO:kbc-cli.py:Epoch 43/100	Loss 5.8951 ± 0.4716
INFO:kbc-cli.py:Epoch 44/100	Loss 5.8943 ± 0.5003
INFO:kbc-cli.py:Epoch 45/100	Loss 5.8895 ± 0.4833
INFO:kbc-cli.py:Epoch 45/100	dev results	MRR 0.943949	H@1 0.898773	H@3 0.986963	H@5 0.990798	H@10 0.994632	H@20 0.998466	H@50 0.999233	H@100 1.000000
INFO:kbc-cli.py:Epoch 45/100	test results	MRR 0.947654	H@1 0.906959	H@3 0.987141	H@5 0.992436	H@10 0.997731	H@20 0.998487	H@50 0.998487	H@100 1.000000
INFO:kbc-cli.py:Epoch 46/100	Loss 5.8860 ± 0.4846
INFO:kbc-cli.py:Epoch 47/100	Loss 5.8848 ± 0.4973
INFO:kbc-cli.py:Epoch 48/100	Loss 5.8827 ± 0.4731
INFO:kbc-cli.py:Epoch 48/100	dev results	MRR 0.941380	H@1 0.894939	H@3 0.984663	H@5 0.991564	H@10 0.994632	H@20 0.998466	H@50 0.999233	H@100 1.000000
INFO:kbc-cli.py:Epoch 48/100	test results	MRR 0.945859	H@1 0.903177	H@3 0.987897	H@5 0.993192	H@10 0.997731	H@20 0.998487	H@50 0.998487	H@100 1.000000
INFO:kbc-cli.py:Epoch 49/100	Loss 5.8815 ± 0.4792
INFO:kbc-cli.py:Epoch 50/100	Loss 5.8747 ± 0.4697
INFO:kbc-cli.py:Epoch 51/100	Loss 5.8737 ± 0.4897
INFO:kbc-cli.py:Epoch 51/100	dev results	MRR 0.951565	H@1 0.914877	H@3 0.985429	H@5 0.990031	H@10 0.995399	H@20 0.998466	H@50 0.999233	H@100 1.000000
INFO:kbc-cli.py:Epoch 51/100	test results	MRR 0.949748	H@1 0.911498	H@3 0.985628	H@5 0.993949	H@10 0.996974	H@20 0.998487	H@50 0.998487	H@100 1.000000
INFO:kbc-cli.py:Epoch 52/100	Loss 5.8725 ± 0.4865
INFO:kbc-cli.py:Epoch 53/100	Loss 5.8673 ± 0.4731
INFO:kbc-cli.py:Epoch 54/100	Loss 5.8657 ± 0.4838
INFO:kbc-cli.py:Epoch 54/100	dev results	MRR 0.951656	H@1 0.914877	H@3 0.986963	H@5 0.990031	H@10 0.995399	H@20 0.998466	H@50 0.999233	H@100 1.000000
INFO:kbc-cli.py:Epoch 54/100	test results	MRR 0.954214	H@1 0.919818	H@3 0.986384	H@5 0.993949	H@10 0.997731	H@20 0.998487	H@50 0.998487	H@100 1.000000
INFO:kbc-cli.py:Epoch 55/100	Loss 5.8626 ± 0.4701
INFO:kbc-cli.py:Epoch 56/100	Loss 5.8599 ± 0.4679
INFO:kbc-cli.py:Epoch 57/100	Loss 5.8575 ± 0.4904
INFO:kbc-cli.py:Epoch 57/100	dev results	MRR 0.947189	H@1 0.906442	H@3 0.986196	H@5 0.990031	H@10 0.994632	H@20 0.998466	H@50 0.999233	H@100 1.000000
INFO:kbc-cli.py:Epoch 57/100	test results	MRR 0.949941	H@1 0.911498	H@3 0.986384	H@5 0.993949	H@10 0.997731	H@20 0.998487	H@50 0.998487	H@100 1.000000
INFO:kbc-cli.py:Epoch 58/100	Loss 5.8554 ± 0.4652
INFO:kbc-cli.py:Epoch 59/100	Loss 5.8558 ± 0.4885
INFO:kbc-cli.py:Epoch 60/100	Loss 5.8539 ± 0.4726
INFO:kbc-cli.py:Epoch 60/100	dev results	MRR 0.949539	H@1 0.911043	H@3 0.986196	H@5 0.990798	H@10 0.995399	H@20 0.998466	H@50 0.999233	H@100 1.000000
INFO:kbc-cli.py:Epoch 60/100	test results	MRR 0.950977	H@1 0.914523	H@3 0.985628	H@5 0.992436	H@10 0.996974	H@20 0.998487	H@50 0.998487	H@100 1.000000
INFO:kbc-cli.py:Epoch 61/100	Loss 5.8497 ± 0.4734
INFO:kbc-cli.py:Epoch 62/100	Loss 5.8496 ± 0.4858
INFO:kbc-cli.py:Epoch 63/100	Loss 5.8462 ± 0.4744
INFO:kbc-cli.py:Epoch 63/100	dev results	MRR 0.951839	H@1 0.915644	H@3 0.985429	H@5 0.990798	H@10 0.994632	H@20 0.998466	H@50 0.999233	H@100 1.000000
INFO:kbc-cli.py:Epoch 63/100	test results	MRR 0.952751	H@1 0.916036	H@3 0.988654	H@5 0.994705	H@10 0.996974	H@20 0.998487	H@50 0.998487	H@100 1.000000
INFO:kbc-cli.py:Epoch 64/100	Loss 5.8437 ± 0.4721
INFO:kbc-cli.py:Epoch 65/100	Loss 5.8433 ± 0.4724
INFO:kbc-cli.py:Epoch 66/100	Loss 5.8387 ± 0.4960
INFO:kbc-cli.py:Epoch 66/100	dev results	MRR 0.952784	H@1 0.917178	H@3 0.986963	H@5 0.990798	H@10 0.995399	H@20 0.998466	H@50 0.999233	H@100 1.000000
INFO:kbc-cli.py:Epoch 66/100	test results	MRR 0.952035	H@1 0.914523	H@3 0.990166	H@5 0.993949	H@10 0.996974	H@20 0.998487	H@50 0.998487	H@100 1.000000
INFO:kbc-cli.py:Epoch 67/100	Loss 5.8402 ± 0.4710
INFO:kbc-cli.py:Epoch 68/100	Loss 5.8380 ± 0.4827
INFO:kbc-cli.py:Epoch 69/100	Loss 5.8349 ± 0.4856
INFO:kbc-cli.py:Epoch 69/100	dev results	MRR 0.948264	H@1 0.908742	H@3 0.986196	H@5 0.990798	H@10 0.995399	H@20 0.998466	H@50 0.999233	H@100 1.000000
INFO:kbc-cli.py:Epoch 69/100	test results	MRR 0.950479	H@1 0.912254	H@3 0.988654	H@5 0.994705	H@10 0.996974	H@20 0.998487	H@50 0.998487	H@100 1.000000
INFO:kbc-cli.py:Epoch 70/100	Loss 5.8344 ± 0.4603
INFO:kbc-cli.py:Epoch 71/100	Loss 5.8327 ± 0.4744
INFO:kbc-cli.py:Epoch 72/100	Loss 5.8314 ± 0.4759
INFO:kbc-cli.py:Epoch 72/100	dev results	MRR 0.945101	H@1 0.902607	H@3 0.986963	H@5 0.990031	H@10 0.995399	H@20 0.998466	H@50 0.999233	H@100 1.000000
INFO:kbc-cli.py:Epoch 72/100	test results	MRR 0.947304	H@1 0.906203	H@3 0.987897	H@5 0.993192	H@10 0.996974	H@20 0.998487	H@50 0.998487	H@100 1.000000
INFO:kbc-cli.py:Epoch 73/100	Loss 5.8301 ± 0.4886
INFO:kbc-cli.py:Epoch 74/100	Loss 5.8279 ± 0.4743
INFO:kbc-cli.py:Epoch 75/100	Loss 5.8265 ± 0.4767
INFO:kbc-cli.py:Epoch 75/100	dev results	MRR 0.945991	H@1 0.904141	H@3 0.985429	H@5 0.991564	H@10 0.995399	H@20 0.998466	H@50 0.999233	H@100 1.000000
INFO:kbc-cli.py:Epoch 75/100	test results	MRR 0.950676	H@1 0.912254	H@3 0.987897	H@5 0.994705	H@10 0.997731	H@20 0.998487	H@50 0.998487	H@100 1.000000
INFO:kbc-cli.py:Epoch 76/100	Loss 5.8239 ± 0.4823
INFO:kbc-cli.py:Epoch 77/100	Loss 5.8224 ± 0.4737
INFO:kbc-cli.py:Epoch 78/100	Loss 5.8221 ± 0.4787
INFO:kbc-cli.py:Epoch 78/100	dev results	MRR 0.949007	H@1 0.910276	H@3 0.986196	H@5 0.990798	H@10 0.995399	H@20 0.998466	H@50 0.999233	H@100 1.000000
INFO:kbc-cli.py:Epoch 78/100	test results	MRR 0.950525	H@1 0.912254	H@3 0.988654	H@5 0.993192	H@10 0.997731	H@20 0.998487	H@50 0.998487	H@100 1.000000
INFO:kbc-cli.py:Epoch 79/100	Loss 5.8215 ± 0.4741
INFO:kbc-cli.py:Epoch 80/100	Loss 5.8185 ± 0.4697
INFO:kbc-cli.py:Epoch 81/100	Loss 5.8151 ± 0.4725
INFO:kbc-cli.py:Epoch 81/100	dev results	MRR 0.948532	H@1 0.909509	H@3 0.984663	H@5 0.990798	H@10 0.995399	H@20 0.998466	H@50 0.999233	H@100 1.000000
INFO:kbc-cli.py:Epoch 81/100	test results	MRR 0.951516	H@1 0.913011	H@3 0.990166	H@5 0.995461	H@10 0.996974	H@20 0.998487	H@50 0.998487	H@100 1.000000
INFO:kbc-cli.py:Epoch 82/100	Loss 5.8161 ± 0.4811
INFO:kbc-cli.py:Epoch 83/100	Loss 5.8133 ± 0.4732
INFO:kbc-cli.py:Epoch 84/100	Loss 5.8135 ± 0.4651
INFO:kbc-cli.py:Epoch 84/100	dev results	MRR 0.946182	H@1 0.905675	H@3 0.984663	H@5 0.991564	H@10 0.995399	H@20 0.998466	H@50 0.999233	H@100 1.000000
INFO:kbc-cli.py:Epoch 84/100	test results	MRR 0.947111	H@1 0.905446	H@3 0.987897	H@5 0.993949	H@10 0.996974	H@20 0.998487	H@50 0.998487	H@100 1.000000
INFO:kbc-cli.py:Epoch 85/100	Loss 5.8125 ± 0.4657
INFO:kbc-cli.py:Epoch 86/100	Loss 5.8108 ± 0.4770
INFO:kbc-cli.py:Epoch 87/100	Loss 5.8073 ± 0.4796
INFO:kbc-cli.py:Epoch 87/100	dev results	MRR 0.945725	H@1 0.904141	H@3 0.984663	H@5 0.990031	H@10 0.995399	H@20 0.998466	H@50 0.999233	H@100 1.000000
INFO:kbc-cli.py:Epoch 87/100	test results	MRR 0.948105	H@1 0.907716	H@3 0.988654	H@5 0.993192	H@10 0.996974	H@20 0.998487	H@50 0.998487	H@100 1.000000
INFO:kbc-cli.py:Epoch 88/100	Loss 5.8087 ± 0.4634
INFO:kbc-cli.py:Epoch 89/100	Loss 5.8066 ± 0.4744
INFO:kbc-cli.py:Epoch 90/100	Loss 5.8067 ± 0.4749
INFO:kbc-cli.py:Epoch 90/100	dev results	MRR 0.942960	H@1 0.898773	H@3 0.984663	H@5 0.990031	H@10 0.995399	H@20 0.998466	H@50 0.999233	H@100 1.000000
INFO:kbc-cli.py:Epoch 90/100	test results	MRR 0.948420	H@1 0.907716	H@3 0.987141	H@5 0.993949	H@10 0.996974	H@20 0.998487	H@50 0.998487	H@100 1.000000
INFO:kbc-cli.py:Epoch 91/100	Loss 5.8043 ± 0.4777
INFO:kbc-cli.py:Epoch 92/100	Loss 5.8039 ± 0.4902
INFO:kbc-cli.py:Epoch 93/100	Loss 5.8019 ± 0.4755
INFO:kbc-cli.py:Epoch 93/100	dev results	MRR 0.948167	H@1 0.908742	H@3 0.985429	H@5 0.990798	H@10 0.995399	H@20 0.998466	H@50 0.999233	H@100 1.000000
INFO:kbc-cli.py:Epoch 93/100	test results	MRR 0.948562	H@1 0.907716	H@3 0.988654	H@5 0.993949	H@10 0.996974	H@20 0.998487	H@50 0.998487	H@100 1.000000
INFO:kbc-cli.py:Epoch 94/100	Loss 5.8013 ± 0.4814
INFO:kbc-cli.py:Epoch 95/100	Loss 5.8014 ± 0.4743
INFO:kbc-cli.py:Epoch 96/100	Loss 5.7991 ± 0.4708
INFO:kbc-cli.py:Epoch 96/100	dev results	MRR 0.948617	H@1 0.909509	H@3 0.984663	H@5 0.992331	H@10 0.995399	H@20 0.998466	H@50 0.999233	H@100 1.000000
INFO:kbc-cli.py:Epoch 96/100	test results	MRR 0.949084	H@1 0.908472	H@3 0.989410	H@5 0.993192	H@10 0.996974	H@20 0.998487	H@50 0.998487	H@100 1.000000
INFO:kbc-cli.py:Epoch 97/100	Loss 5.7994 ± 0.4663
INFO:kbc-cli.py:Epoch 98/100	Loss 5.7969 ± 0.4598
INFO:kbc-cli.py:Epoch 99/100	Loss 5.7969 ± 0.4733
INFO:kbc-cli.py:Epoch 99/100	dev results	MRR 0.944398	H@1 0.901840	H@3 0.984663	H@5 0.991564	H@10 0.995399	H@20 0.998466	H@50 0.999233	H@100 1.000000
INFO:kbc-cli.py:Epoch 99/100	test results	MRR 0.947364	H@1 0.905446	H@3 0.987897	H@5 0.993949	H@10 0.996974	H@20 0.998487	H@50 0.998487	H@100 1.000000
INFO:kbc-cli.py:Epoch 100/100	Loss 5.7950 ± 0.4767
INFO:kbc-cli.py:Final 	dev results	MRR 0.947776	H@1 0.907975	H@3 0.985429	H@5 0.991564	H@10 0.994632	H@20 0.998466	H@50 0.999233	H@100 1.000000
INFO:kbc-cli.py:Final 	test results	MRR 0.949875	H@1 0.910741	H@3 0.988654	H@5 0.993949	H@10 0.996974	H@20 0.998487	H@50 0.998487	H@100 1.000000
INFO:kbc-cli.py:Training finished
