./bin/kbc-cli.py --train data/umls/train.tsv --dev data/umls/dev.tsv --test data/umls/test.tsv -m complex -k 200 -b 10 -e 100 --F2 0 --N3 0.05 -l 0.1 -I standard -V 3 -o adagrad -c spo -q
{'F2': 0.0,
 'N3': 0.05,
 'batch_size': 10,
 'corruption': 'spo',
 'dev': 'data/umls/dev.tsv',
 'embedding_size': 200,
 'epochs': 100,
 'eval_batch_size': None,
 'input_type': 'standard',
 'learning_rate': 0.1,
 'load': None,
 'model': 'complex',
 'optimizer': 'adagrad',
 'quiet': True,
 'save': None,
 'seed': 0,
 'test': 'data/umls/test.tsv',
 'test_i': None,
 'test_ii': None,
 'train': 'data/umls/train.tsv',
 'validate_every': 3}
INFO:kbc-cli.py:Device: cuda
INFO:kbc-cli.py:Model state:
INFO:kbc-cli.py:	entities.weight	torch.Size([135, 400])
INFO:kbc-cli.py:	predicates.weight	torch.Size([46, 400])
INFO:kbc-cli.py:Epoch 1/100	Loss 10.8915 ± 1.9625
INFO:kbc-cli.py:Epoch 2/100	Loss 8.6928 ± 0.5288
INFO:kbc-cli.py:Epoch 3/100	Loss 8.3485 ± 0.4428
INFO:kbc-cli.py:Epoch 3/100	dev results	MRR 0.903864	H@1 0.829755	H@3 0.973926	H@5 0.983129	H@10 0.994632	H@20 0.996933	H@50 1.000000	H@100 1.000000
INFO:kbc-cli.py:Epoch 3/100	test results	MRR 0.889377	H@1 0.805598	H@3 0.972769	H@5 0.981089	H@10 0.993949	H@20 0.996218	H@50 0.997731	H@100 0.999244
INFO:kbc-cli.py:Epoch 4/100	Loss 8.1878 ± 0.4466
INFO:kbc-cli.py:Epoch 5/100	Loss 8.1020 ± 0.4226
INFO:kbc-cli.py:Epoch 6/100	Loss 8.0394 ± 0.4376
INFO:kbc-cli.py:Epoch 6/100	dev results	MRR 0.902947	H@1 0.819785	H@3 0.983896	H@5 0.991564	H@10 0.994632	H@20 0.999233	H@50 1.000000	H@100 1.000000
INFO:kbc-cli.py:Epoch 6/100	test results	MRR 0.887469	H@1 0.791982	H@3 0.981089	H@5 0.988654	H@10 0.996218	H@20 0.997731	H@50 0.998487	H@100 1.000000
INFO:kbc-cli.py:Epoch 7/100	Loss 7.9977 ± 0.4427
INFO:kbc-cli.py:Epoch 8/100	Loss 7.9649 ± 0.4422
INFO:kbc-cli.py:Epoch 9/100	Loss 7.9384 ± 0.4541
INFO:kbc-cli.py:Epoch 9/100	dev results	MRR 0.913478	H@1 0.841258	H@3 0.983896	H@5 0.990798	H@10 0.995399	H@20 0.999233	H@50 1.000000	H@100 1.000000
INFO:kbc-cli.py:Epoch 9/100	test results	MRR 0.905415	H@1 0.826021	H@3 0.982602	H@5 0.992436	H@10 0.996974	H@20 0.997731	H@50 0.998487	H@100 1.000000
INFO:kbc-cli.py:Epoch 10/100	Loss 7.9186 ± 0.4424
INFO:kbc-cli.py:Epoch 11/100	Loss 7.9007 ± 0.4331
INFO:kbc-cli.py:Epoch 12/100	Loss 7.8875 ± 0.4488
INFO:kbc-cli.py:Epoch 12/100	dev results	MRR 0.913547	H@1 0.839724	H@3 0.985429	H@5 0.990031	H@10 0.994632	H@20 1.000000	H@50 1.000000	H@100 1.000000
INFO:kbc-cli.py:Epoch 12/100	test results	MRR 0.907790	H@1 0.829803	H@3 0.985628	H@5 0.993192	H@10 0.996974	H@20 0.997731	H@50 0.998487	H@100 1.000000
INFO:kbc-cli.py:Epoch 13/100	Loss 7.8731 ± 0.4382
INFO:kbc-cli.py:Epoch 14/100	Loss 7.8609 ± 0.4410
INFO:kbc-cli.py:Epoch 15/100	Loss 7.8512 ± 0.4200
INFO:kbc-cli.py:Epoch 15/100	dev results	MRR 0.926350	H@1 0.865031	H@3 0.985429	H@5 0.990798	H@10 0.995399	H@20 1.000000	H@50 1.000000	H@100 1.000000
INFO:kbc-cli.py:Epoch 15/100	test results	MRR 0.920039	H@1 0.853253	H@3 0.985628	H@5 0.993949	H@10 0.996974	H@20 0.997731	H@50 0.998487	H@100 1.000000
INFO:kbc-cli.py:Epoch 16/100	Loss 7.8408 ± 0.4439
INFO:kbc-cli.py:Epoch 17/100	Loss 7.8320 ± 0.4253
INFO:kbc-cli.py:Epoch 18/100	Loss 7.8238 ± 0.4544
INFO:kbc-cli.py:Epoch 18/100	dev results	MRR 0.915201	H@1 0.842791	H@3 0.986196	H@5 0.990031	H@10 0.993865	H@20 1.000000	H@50 1.000000	H@100 1.000000
INFO:kbc-cli.py:Epoch 18/100	test results	MRR 0.911812	H@1 0.837368	H@3 0.984115	H@5 0.993949	H@10 0.997731	H@20 0.997731	H@50 0.998487	H@100 1.000000
INFO:kbc-cli.py:Epoch 19/100	Loss 7.8185 ± 0.4437
INFO:kbc-cli.py:Epoch 20/100	Loss 7.8115 ± 0.4252
INFO:kbc-cli.py:Epoch 21/100	Loss 7.8061 ± 0.4377
INFO:kbc-cli.py:Epoch 21/100	dev results	MRR 0.926751	H@1 0.865798	H@3 0.986963	H@5 0.991564	H@10 0.994632	H@20 1.000000	H@50 1.000000	H@100 1.000000
INFO:kbc-cli.py:Epoch 21/100	test results	MRR 0.920808	H@1 0.854009	H@3 0.985628	H@5 0.994705	H@10 0.997731	H@20 0.997731	H@50 0.998487	H@100 1.000000
INFO:kbc-cli.py:Epoch 22/100	Loss 7.7985 ± 0.4488
INFO:kbc-cli.py:Epoch 23/100	Loss 7.7946 ± 0.4338
INFO:kbc-cli.py:Epoch 24/100	Loss 7.7884 ± 0.4257
INFO:kbc-cli.py:Epoch 24/100	dev results	MRR 0.918812	H@1 0.850460	H@3 0.984663	H@5 0.990031	H@10 0.994632	H@20 1.000000	H@50 1.000000	H@100 1.000000
INFO:kbc-cli.py:Epoch 24/100	test results	MRR 0.916519	H@1 0.845688	H@3 0.986384	H@5 0.993949	H@10 0.997731	H@20 0.997731	H@50 0.998487	H@100 1.000000
INFO:kbc-cli.py:Epoch 25/100	Loss 7.7868 ± 0.4290
INFO:kbc-cli.py:Epoch 26/100	Loss 7.7802 ± 0.4367
INFO:kbc-cli.py:Epoch 27/100	Loss 7.7780 ± 0.4302
INFO:kbc-cli.py:Epoch 27/100	dev results	MRR 0.927405	H@1 0.867331	H@3 0.986196	H@5 0.990031	H@10 0.995399	H@20 1.000000	H@50 1.000000	H@100 1.000000
INFO:kbc-cli.py:Epoch 27/100	test results	MRR 0.923000	H@1 0.858548	H@3 0.986384	H@5 0.993949	H@10 0.997731	H@20 0.997731	H@50 0.998487	H@100 1.000000
INFO:kbc-cli.py:Epoch 28/100	Loss 7.7724 ± 0.4748
INFO:kbc-cli.py:Epoch 29/100	Loss 7.7698 ± 0.4459
INFO:kbc-cli.py:Epoch 30/100	Loss 7.7654 ± 0.4384
INFO:kbc-cli.py:Epoch 30/100	dev results	MRR 0.933849	H@1 0.880368	H@3 0.984663	H@5 0.990031	H@10 0.994632	H@20 0.999233	H@50 1.000000	H@100 1.000000
INFO:kbc-cli.py:Epoch 30/100	test results	MRR 0.929796	H@1 0.872920	H@3 0.984115	H@5 0.993949	H@10 0.997731	H@20 0.997731	H@50 0.998487	H@100 1.000000
INFO:kbc-cli.py:Epoch 31/100	Loss 7.7629 ± 0.4333
INFO:kbc-cli.py:Epoch 32/100	Loss 7.7596 ± 0.4529
INFO:kbc-cli.py:Epoch 33/100	Loss 7.7563 ± 0.4352
INFO:kbc-cli.py:Epoch 33/100	dev results	MRR 0.934946	H@1 0.881902	H@3 0.986963	H@5 0.991564	H@10 0.995399	H@20 0.999233	H@50 1.000000	H@100 1.000000
INFO:kbc-cli.py:Epoch 33/100	test results	MRR 0.928593	H@1 0.869894	H@3 0.985628	H@5 0.993949	H@10 0.997731	H@20 0.997731	H@50 0.998487	H@100 1.000000
INFO:kbc-cli.py:Epoch 34/100	Loss 7.7533 ± 0.4684
INFO:kbc-cli.py:Epoch 35/100	Loss 7.7508 ± 0.4300
INFO:kbc-cli.py:Epoch 36/100	Loss 7.7481 ± 0.4464
INFO:kbc-cli.py:Epoch 36/100	dev results	MRR 0.928901	H@1 0.870399	H@3 0.985429	H@5 0.990798	H@10 0.995399	H@20 0.999233	H@50 1.000000	H@100 1.000000
INFO:kbc-cli.py:Epoch 36/100	test results	MRR 0.925217	H@1 0.863086	H@3 0.985628	H@5 0.993949	H@10 0.997731	H@20 0.997731	H@50 0.998487	H@100 1.000000
INFO:kbc-cli.py:Epoch 37/100	Loss 7.7470 ± 0.4393
INFO:kbc-cli.py:Epoch 38/100	Loss 7.7419 ± 0.4471
INFO:kbc-cli.py:Epoch 39/100	Loss 7.7403 ± 0.4668
INFO:kbc-cli.py:Epoch 39/100	dev results	MRR 0.934086	H@1 0.881135	H@3 0.985429	H@5 0.990031	H@10 0.995399	H@20 0.999233	H@50 1.000000	H@100 1.000000
INFO:kbc-cli.py:Epoch 39/100	test results	MRR 0.928603	H@1 0.869894	H@3 0.987141	H@5 0.993949	H@10 0.997731	H@20 0.997731	H@50 0.999244	H@100 1.000000
INFO:kbc-cli.py:Epoch 40/100	Loss 7.7386 ± 0.4513
INFO:kbc-cli.py:Epoch 41/100	Loss 7.7355 ± 0.4505
INFO:kbc-cli.py:Epoch 42/100	Loss 7.7345 ± 0.4446
INFO:kbc-cli.py:Epoch 42/100	dev results	MRR 0.935897	H@1 0.884969	H@3 0.984663	H@5 0.990031	H@10 0.995399	H@20 0.999233	H@50 1.000000	H@100 1.000000
INFO:kbc-cli.py:Epoch 42/100	test results	MRR 0.932400	H@1 0.877458	H@3 0.986384	H@5 0.993949	H@10 0.997731	H@20 0.997731	H@50 0.999244	H@100 1.000000
INFO:kbc-cli.py:Epoch 43/100	Loss 7.7328 ± 0.4337
INFO:kbc-cli.py:Epoch 44/100	Loss 7.7293 ± 0.4443
INFO:kbc-cli.py:Epoch 45/100	Loss 7.7276 ± 0.4084
INFO:kbc-cli.py:Epoch 45/100	dev results	MRR 0.933900	H@1 0.880368	H@3 0.986196	H@5 0.990031	H@10 0.995399	H@20 0.999233	H@50 1.000000	H@100 1.000000
INFO:kbc-cli.py:Epoch 45/100	test results	MRR 0.929000	H@1 0.870651	H@3 0.987141	H@5 0.993949	H@10 0.997731	H@20 0.997731	H@50 0.999244	H@100 1.000000
INFO:kbc-cli.py:Epoch 46/100	Loss 7.7249 ± 0.4086
INFO:kbc-cli.py:Epoch 47/100	Loss 7.7242 ± 0.4242
INFO:kbc-cli.py:Epoch 48/100	Loss 7.7230 ± 0.4433
INFO:kbc-cli.py:Epoch 48/100	dev results	MRR 0.931143	H@1 0.875000	H@3 0.986963	H@5 0.989264	H@10 0.995399	H@20 0.999233	H@50 1.000000	H@100 1.000000
INFO:kbc-cli.py:Epoch 48/100	test results	MRR 0.927440	H@1 0.867625	H@3 0.984871	H@5 0.993949	H@10 0.997731	H@20 0.997731	H@50 0.999244	H@100 1.000000
INFO:kbc-cli.py:Epoch 49/100	Loss 7.7203 ± 0.4403
INFO:kbc-cli.py:Epoch 50/100	Loss 7.7195 ± 0.4328
INFO:kbc-cli.py:Epoch 51/100	Loss 7.7173 ± 0.4175
INFO:kbc-cli.py:Epoch 51/100	dev results	MRR 0.936758	H@1 0.885736	H@3 0.986196	H@5 0.990031	H@10 0.995399	H@20 0.999233	H@50 1.000000	H@100 1.000000
INFO:kbc-cli.py:Epoch 51/100	test results	MRR 0.933691	H@1 0.879728	H@3 0.986384	H@5 0.993949	H@10 0.997731	H@20 0.997731	H@50 0.999244	H@100 1.000000
INFO:kbc-cli.py:Epoch 52/100	Loss 7.7156 ± 0.4429
INFO:kbc-cli.py:Epoch 53/100	Loss 7.7146 ± 0.4230
INFO:kbc-cli.py:Epoch 54/100	Loss 7.7127 ± 0.4256
INFO:kbc-cli.py:Epoch 54/100	dev results	MRR 0.933072	H@1 0.878067	H@3 0.986963	H@5 0.989264	H@10 0.995399	H@20 0.999233	H@50 1.000000	H@100 1.000000
INFO:kbc-cli.py:Epoch 54/100	test results	MRR 0.928931	H@1 0.869894	H@3 0.987897	H@5 0.993949	H@10 0.997731	H@20 0.997731	H@50 0.999244	H@100 1.000000
INFO:kbc-cli.py:Epoch 55/100	Loss 7.7118 ± 0.4271
INFO:kbc-cli.py:Epoch 56/100	Loss 7.7096 ± 0.4554
INFO:kbc-cli.py:Epoch 57/100	Loss 7.7091 ± 0.4224
INFO:kbc-cli.py:Epoch 57/100	dev results	MRR 0.937784	H@1 0.888037	H@3 0.985429	H@5 0.990031	H@10 0.995399	H@20 0.999233	H@50 1.000000	H@100 1.000000
INFO:kbc-cli.py:Epoch 57/100	test results	MRR 0.933664	H@1 0.880484	H@3 0.984115	H@5 0.993949	H@10 0.997731	H@20 0.997731	H@50 0.999244	H@100 1.000000
INFO:kbc-cli.py:Epoch 58/100	Loss 7.7073 ± 0.4161
INFO:kbc-cli.py:Epoch 59/100	Loss 7.7054 ± 0.4319
INFO:kbc-cli.py:Epoch 60/100	Loss 7.7042 ± 0.4363
INFO:kbc-cli.py:Epoch 60/100	dev results	MRR 0.937113	H@1 0.886503	H@3 0.986196	H@5 0.990031	H@10 0.995399	H@20 0.999233	H@50 1.000000	H@100 1.000000
INFO:kbc-cli.py:Epoch 60/100	test results	MRR 0.929331	H@1 0.872163	H@3 0.984871	H@5 0.993949	H@10 0.997731	H@20 0.997731	H@50 0.999244	H@100 1.000000
INFO:kbc-cli.py:Epoch 61/100	Loss 7.7029 ± 0.4086
INFO:kbc-cli.py:Epoch 62/100	Loss 7.7039 ± 0.4288
INFO:kbc-cli.py:Epoch 63/100	Loss 7.7010 ± 0.4255
INFO:kbc-cli.py:Epoch 63/100	dev results	MRR 0.936423	H@1 0.885736	H@3 0.984663	H@5 0.990031	H@10 0.995399	H@20 0.999233	H@50 1.000000	H@100 1.000000
INFO:kbc-cli.py:Epoch 63/100	test results	MRR 0.931903	H@1 0.876702	H@3 0.985628	H@5 0.993949	H@10 0.997731	H@20 0.997731	H@50 0.999244	H@100 1.000000
INFO:kbc-cli.py:Epoch 64/100	Loss 7.6994 ± 0.4307
INFO:kbc-cli.py:Epoch 65/100	Loss 7.6988 ± 0.4506
INFO:kbc-cli.py:Epoch 66/100	Loss 7.6983 ± 0.4261
INFO:kbc-cli.py:Epoch 66/100	dev results	MRR 0.940251	H@1 0.893405	H@3 0.986196	H@5 0.990031	H@10 0.995399	H@20 0.999233	H@50 1.000000	H@100 1.000000
INFO:kbc-cli.py:Epoch 66/100	test results	MRR 0.931728	H@1 0.876702	H@3 0.984115	H@5 0.994705	H@10 0.997731	H@20 0.997731	H@50 0.999244	H@100 1.000000
INFO:kbc-cli.py:Epoch 67/100	Loss 7.6965 ± 0.4213
INFO:kbc-cli.py:Epoch 68/100	Loss 7.6948 ± 0.4142
INFO:kbc-cli.py:Epoch 69/100	Loss 7.6943 ± 0.4101
INFO:kbc-cli.py:Epoch 69/100	dev results	MRR 0.943165	H@1 0.898773	H@3 0.986196	H@5 0.989264	H@10 0.995399	H@20 0.999233	H@50 1.000000	H@100 1.000000
INFO:kbc-cli.py:Epoch 69/100	test results	MRR 0.938674	H@1 0.890318	H@3 0.984871	H@5 0.994705	H@10 0.997731	H@20 0.997731	H@50 1.000000	H@100 1.000000
INFO:kbc-cli.py:Epoch 70/100	Loss 7.6935 ± 0.4524
INFO:kbc-cli.py:Epoch 71/100	Loss 7.6935 ± 0.4310
INFO:kbc-cli.py:Epoch 72/100	Loss 7.6916 ± 0.4516
INFO:kbc-cli.py:Epoch 72/100	dev results	MRR 0.939210	H@1 0.891104	H@3 0.986196	H@5 0.989264	H@10 0.995399	H@20 0.999233	H@50 1.000000	H@100 1.000000
INFO:kbc-cli.py:Epoch 72/100	test results	MRR 0.933929	H@1 0.881241	H@3 0.985628	H@5 0.994705	H@10 0.997731	H@20 0.997731	H@50 0.999244	H@100 1.000000
INFO:kbc-cli.py:Epoch 73/100	Loss 7.6910 ± 0.3951
INFO:kbc-cli.py:Epoch 74/100	Loss 7.6901 ± 0.4424
INFO:kbc-cli.py:Epoch 75/100	Loss 7.6878 ± 0.4429
INFO:kbc-cli.py:Epoch 75/100	dev results	MRR 0.941623	H@1 0.895706	H@3 0.986196	H@5 0.989264	H@10 0.995399	H@20 0.999233	H@50 1.000000	H@100 1.000000
INFO:kbc-cli.py:Epoch 75/100	test results	MRR 0.935828	H@1 0.885023	H@3 0.984115	H@5 0.994705	H@10 0.997731	H@20 0.997731	H@50 1.000000	H@100 1.000000
INFO:kbc-cli.py:Epoch 76/100	Loss 7.6881 ± 0.4320
INFO:kbc-cli.py:Epoch 77/100	Loss 7.6868 ± 0.4205
INFO:kbc-cli.py:Epoch 78/100	Loss 7.6861 ± 0.4273
INFO:kbc-cli.py:Epoch 78/100	dev results	MRR 0.937862	H@1 0.888804	H@3 0.985429	H@5 0.989264	H@10 0.995399	H@20 0.999233	H@50 1.000000	H@100 1.000000
INFO:kbc-cli.py:Epoch 78/100	test results	MRR 0.933176	H@1 0.879728	H@3 0.984115	H@5 0.994705	H@10 0.997731	H@20 0.997731	H@50 1.000000	H@100 1.000000
INFO:kbc-cli.py:Epoch 79/100	Loss 7.6853 ± 0.4353
INFO:kbc-cli.py:Epoch 80/100	Loss 7.6847 ± 0.4285
INFO:kbc-cli.py:Epoch 81/100	Loss 7.6830 ± 0.4086
INFO:kbc-cli.py:Epoch 81/100	dev results	MRR 0.939592	H@1 0.891104	H@3 0.986196	H@5 0.989264	H@10 0.995399	H@20 0.999233	H@50 1.000000	H@100 1.000000
INFO:kbc-cli.py:Epoch 81/100	test results	MRR 0.934398	H@1 0.881997	H@3 0.984871	H@5 0.994705	H@10 0.997731	H@20 0.997731	H@50 1.000000	H@100 1.000000
INFO:kbc-cli.py:Epoch 82/100	Loss 7.6815 ± 0.4337
INFO:kbc-cli.py:Epoch 83/100	Loss 7.6815 ± 0.4371
INFO:kbc-cli.py:Epoch 84/100	Loss 7.6809 ± 0.4247
INFO:kbc-cli.py:Epoch 84/100	dev results	MRR 0.938830	H@1 0.890337	H@3 0.986196	H@5 0.989264	H@10 0.995399	H@20 0.999233	H@50 1.000000	H@100 1.000000
INFO:kbc-cli.py:Epoch 84/100	test results	MRR 0.933769	H@1 0.881241	H@3 0.984871	H@5 0.994705	H@10 0.997731	H@20 0.997731	H@50 1.000000	H@100 1.000000
INFO:kbc-cli.py:Epoch 85/100	Loss 7.6810 ± 0.4391
INFO:kbc-cli.py:Epoch 86/100	Loss 7.6793 ± 0.4290
INFO:kbc-cli.py:Epoch 87/100	Loss 7.6784 ± 0.4360
INFO:kbc-cli.py:Epoch 87/100	dev results	MRR 0.943359	H@1 0.899540	H@3 0.985429	H@5 0.989264	H@10 0.995399	H@20 0.999233	H@50 1.000000	H@100 1.000000
INFO:kbc-cli.py:Epoch 87/100	test results	MRR 0.936431	H@1 0.885779	H@3 0.984871	H@5 0.994705	H@10 0.997731	H@20 0.997731	H@50 1.000000	H@100 1.000000
INFO:kbc-cli.py:Epoch 88/100	Loss 7.6783 ± 0.4274
INFO:kbc-cli.py:Epoch 89/100	Loss 7.6776 ± 0.4382
INFO:kbc-cli.py:Epoch 90/100	Loss 7.6769 ± 0.4422
INFO:kbc-cli.py:Epoch 90/100	dev results	MRR 0.937650	H@1 0.888037	H@3 0.986196	H@5 0.989264	H@10 0.995399	H@20 0.999233	H@50 1.000000	H@100 1.000000
INFO:kbc-cli.py:Epoch 90/100	test results	MRR 0.931969	H@1 0.878215	H@3 0.983359	H@5 0.994705	H@10 0.997731	H@20 0.997731	H@50 1.000000	H@100 1.000000
INFO:kbc-cli.py:Epoch 91/100	Loss 7.6762 ± 0.4217
INFO:kbc-cli.py:Epoch 92/100	Loss 7.6759 ± 0.4265
INFO:kbc-cli.py:Epoch 93/100	Loss 7.6729 ± 0.4464
INFO:kbc-cli.py:Epoch 93/100	dev results	MRR 0.938927	H@1 0.890337	H@3 0.986196	H@5 0.989264	H@10 0.995399	H@20 0.999233	H@50 1.000000	H@100 1.000000
INFO:kbc-cli.py:Epoch 93/100	test results	MRR 0.933975	H@1 0.881997	H@3 0.983359	H@5 0.994705	H@10 0.997731	H@20 0.997731	H@50 1.000000	H@100 1.000000
INFO:kbc-cli.py:Epoch 94/100	Loss 7.6745 ± 0.4160
INFO:kbc-cli.py:Epoch 95/100	Loss 7.6735 ± 0.4392
INFO:kbc-cli.py:Epoch 96/100	Loss 7.6720 ± 0.4394
INFO:kbc-cli.py:Epoch 96/100	dev results	MRR 0.941813	H@1 0.896472	H@3 0.985429	H@5 0.989264	H@10 0.994632	H@20 0.999233	H@50 1.000000	H@100 1.000000
INFO:kbc-cli.py:Epoch 96/100	test results	MRR 0.935627	H@1 0.885023	H@3 0.984871	H@5 0.994705	H@10 0.997731	H@20 0.997731	H@50 1.000000	H@100 1.000000
INFO:kbc-cli.py:Epoch 97/100	Loss 7.6722 ± 0.4325
INFO:kbc-cli.py:Epoch 98/100	Loss 7.6716 ± 0.4272
INFO:kbc-cli.py:Epoch 99/100	Loss 7.6708 ± 0.4535
INFO:kbc-cli.py:Epoch 99/100	dev results	MRR 0.939245	H@1 0.891104	H@3 0.985429	H@5 0.989264	H@10 0.994632	H@20 0.999233	H@50 1.000000	H@100 1.000000
INFO:kbc-cli.py:Epoch 99/100	test results	MRR 0.936610	H@1 0.887292	H@3 0.984115	H@5 0.994705	H@10 0.997731	H@20 0.997731	H@50 1.000000	H@100 1.000000
INFO:kbc-cli.py:Epoch 100/100	Loss 7.6698 ± 0.4236
INFO:kbc-cli.py:Final 	dev results	MRR 0.940975	H@1 0.894939	H@3 0.984663	H@5 0.989264	H@10 0.994632	H@20 0.999233	H@50 1.000000	H@100 1.000000
INFO:kbc-cli.py:Final 	test results	MRR 0.936497	H@1 0.886536	H@3 0.984115	H@5 0.994705	H@10 0.997731	H@20 0.997731	H@50 1.000000	H@100 1.000000
INFO:kbc-cli.py:Training finished
