./bin/kbc-cli.py --train data/nations/train.tsv --dev data/nations/dev.tsv --test data/nations/test.tsv -m complex -k 200 -b 10 -e 100 --F2 0 --N3 0.1 -l 0.1 -I reciprocal -V 3 -o adagrad -c so -q
{'F2': 0.0,
 'N3': 0.1,
 'batch_size': 10,
 'corruption': 'so',
 'dev': 'data/nations/dev.tsv',
 'embedding_size': 200,
 'epochs': 100,
 'eval_batch_size': None,
 'input_type': 'reciprocal',
 'learning_rate': 0.1,
 'load': None,
 'model': 'complex',
 'optimizer': 'adagrad',
 'quiet': True,
 'save': None,
 'seed': 0,
 'test': 'data/nations/test.tsv',
 'test_i': None,
 'test_ii': None,
 'train': 'data/nations/train.tsv',
 'validate_every': 3}
INFO:kbc-cli.py:Device: cuda
INFO:kbc-cli.py:Model state:
INFO:kbc-cli.py:	entities.weight	torch.Size([14, 400])
INFO:kbc-cli.py:	predicates.weight	torch.Size([110, 400])
INFO:kbc-cli.py:Epoch 1/100	Loss 5.3072 ± 0.0435
INFO:kbc-cli.py:Epoch 2/100	Loss 5.2688 ± 0.0705
INFO:kbc-cli.py:Epoch 3/100	Loss 5.2398 ± 0.1060
INFO:kbc-cli.py:Epoch 3/100	dev results	MRR 0.589510	H@1 0.427136	H@3 0.645729	H@5 0.809045	H@10 0.959799	H@20 1.000000	H@50 1.000000	H@100 1.000000
INFO:kbc-cli.py:Epoch 3/100	test results	MRR 0.617247	H@1 0.465174	H@3 0.696517	H@5 0.835821	H@10 0.967662	H@20 1.000000	H@50 1.000000	H@100 1.000000
INFO:kbc-cli.py:Epoch 4/100	Loss 5.2102 ± 0.1423
INFO:kbc-cli.py:Epoch 5/100	Loss 5.1964 ± 0.1479
INFO:kbc-cli.py:Epoch 6/100	Loss 5.1865 ± 0.1472
INFO:kbc-cli.py:Epoch 6/100	dev results	MRR 0.632790	H@1 0.482412	H@3 0.698492	H@5 0.836683	H@10 0.967337	H@20 1.000000	H@50 1.000000	H@100 1.000000
INFO:kbc-cli.py:Epoch 6/100	test results	MRR 0.646579	H@1 0.497512	H@3 0.728856	H@5 0.860697	H@10 0.980100	H@20 1.000000	H@50 1.000000	H@100 1.000000
INFO:kbc-cli.py:Epoch 7/100	Loss 5.1808 ± 0.1633
INFO:kbc-cli.py:Epoch 8/100	Loss 5.1755 ± 0.1646
INFO:kbc-cli.py:Epoch 9/100	Loss 5.1694 ± 0.1681
INFO:kbc-cli.py:Epoch 9/100	dev results	MRR 0.643775	H@1 0.489950	H@3 0.721106	H@5 0.856784	H@10 0.979899	H@20 1.000000	H@50 1.000000	H@100 1.000000
INFO:kbc-cli.py:Epoch 9/100	test results	MRR 0.666594	H@1 0.517413	H@3 0.751244	H@5 0.880597	H@10 0.987562	H@20 1.000000	H@50 1.000000	H@100 1.000000
INFO:kbc-cli.py:Epoch 10/100	Loss 5.1677 ± 0.1781
INFO:kbc-cli.py:Epoch 11/100	Loss 5.1607 ± 0.1660
INFO:kbc-cli.py:Epoch 12/100	Loss 5.1573 ± 0.1756
INFO:kbc-cli.py:Epoch 12/100	dev results	MRR 0.664702	H@1 0.512563	H@3 0.756281	H@5 0.881910	H@10 0.984925	H@20 1.000000	H@50 1.000000	H@100 1.000000
INFO:kbc-cli.py:Epoch 12/100	test results	MRR 0.688007	H@1 0.542289	H@3 0.788557	H@5 0.893035	H@10 0.990050	H@20 1.000000	H@50 1.000000	H@100 1.000000
INFO:kbc-cli.py:Epoch 13/100	Loss 5.1523 ± 0.1702
INFO:kbc-cli.py:Epoch 14/100	Loss 5.1482 ± 0.1734
INFO:kbc-cli.py:Epoch 15/100	Loss 5.1458 ± 0.1715
INFO:kbc-cli.py:Epoch 15/100	dev results	MRR 0.676174	H@1 0.527638	H@3 0.758794	H@5 0.891960	H@10 0.987437	H@20 1.000000	H@50 1.000000	H@100 1.000000
INFO:kbc-cli.py:Epoch 15/100	test results	MRR 0.697343	H@1 0.554726	H@3 0.803483	H@5 0.910448	H@10 0.990050	H@20 1.000000	H@50 1.000000	H@100 1.000000
INFO:kbc-cli.py:Epoch 16/100	Loss 5.1414 ± 0.1690
INFO:kbc-cli.py:Epoch 17/100	Loss 5.1395 ± 0.1698
INFO:kbc-cli.py:Epoch 18/100	Loss 5.1374 ± 0.1751
INFO:kbc-cli.py:Epoch 18/100	dev results	MRR 0.671377	H@1 0.510050	H@3 0.766332	H@5 0.899497	H@10 0.982412	H@20 1.000000	H@50 1.000000	H@100 1.000000
INFO:kbc-cli.py:Epoch 18/100	test results	MRR 0.693624	H@1 0.542289	H@3 0.815920	H@5 0.917910	H@10 0.990050	H@20 1.000000	H@50 1.000000	H@100 1.000000
INFO:kbc-cli.py:Epoch 19/100	Loss 5.1353 ± 0.1807
INFO:kbc-cli.py:Epoch 20/100	Loss 5.1346 ± 0.1850
INFO:kbc-cli.py:Epoch 21/100	Loss 5.1309 ± 0.1812
INFO:kbc-cli.py:Epoch 21/100	dev results	MRR 0.671383	H@1 0.507538	H@3 0.776382	H@5 0.912060	H@10 0.982412	H@20 1.000000	H@50 1.000000	H@100 1.000000
INFO:kbc-cli.py:Epoch 21/100	test results	MRR 0.699370	H@1 0.549751	H@3 0.818408	H@5 0.920398	H@10 0.990050	H@20 1.000000	H@50 1.000000	H@100 1.000000
INFO:kbc-cli.py:Epoch 22/100	Loss 5.1294 ± 0.1763
INFO:kbc-cli.py:Epoch 23/100	Loss 5.1289 ± 0.1817
INFO:kbc-cli.py:Epoch 24/100	Loss 5.1270 ± 0.1918
INFO:kbc-cli.py:Epoch 24/100	dev results	MRR 0.686819	H@1 0.535176	H@3 0.786432	H@5 0.907035	H@10 0.984925	H@20 1.000000	H@50 1.000000	H@100 1.000000
INFO:kbc-cli.py:Epoch 24/100	test results	MRR 0.712876	H@1 0.574627	H@3 0.823383	H@5 0.932836	H@10 0.990050	H@20 1.000000	H@50 1.000000	H@100 1.000000
INFO:kbc-cli.py:Epoch 25/100	Loss 5.1245 ± 0.1767
INFO:kbc-cli.py:Epoch 26/100	Loss 5.1238 ± 0.1907
INFO:kbc-cli.py:Epoch 27/100	Loss 5.1225 ± 0.1774
INFO:kbc-cli.py:Epoch 27/100	dev results	MRR 0.693737	H@1 0.545226	H@3 0.788945	H@5 0.909548	H@10 0.989950	H@20 1.000000	H@50 1.000000	H@100 1.000000
INFO:kbc-cli.py:Epoch 27/100	test results	MRR 0.708821	H@1 0.562189	H@3 0.820896	H@5 0.932836	H@10 0.990050	H@20 1.000000	H@50 1.000000	H@100 1.000000
INFO:kbc-cli.py:Epoch 28/100	Loss 5.1214 ± 0.1806
INFO:kbc-cli.py:Epoch 29/100	Loss 5.1208 ± 0.1795
INFO:kbc-cli.py:Epoch 30/100	Loss 5.1198 ± 0.1897
INFO:kbc-cli.py:Epoch 30/100	dev results	MRR 0.693714	H@1 0.545226	H@3 0.783920	H@5 0.909548	H@10 0.989950	H@20 1.000000	H@50 1.000000	H@100 1.000000
INFO:kbc-cli.py:Epoch 30/100	test results	MRR 0.713320	H@1 0.572139	H@3 0.820896	H@5 0.930348	H@10 0.992537	H@20 1.000000	H@50 1.000000	H@100 1.000000
INFO:kbc-cli.py:Epoch 31/100	Loss 5.1177 ± 0.1861
INFO:kbc-cli.py:Epoch 32/100	Loss 5.1174 ± 0.1895
INFO:kbc-cli.py:Epoch 33/100	Loss 5.1160 ± 0.1813
INFO:kbc-cli.py:Epoch 33/100	dev results	MRR 0.694105	H@1 0.547739	H@3 0.786432	H@5 0.907035	H@10 0.989950	H@20 1.000000	H@50 1.000000	H@100 1.000000
INFO:kbc-cli.py:Epoch 33/100	test results	MRR 0.713997	H@1 0.569652	H@3 0.815920	H@5 0.925373	H@10 0.992537	H@20 1.000000	H@50 1.000000	H@100 1.000000
INFO:kbc-cli.py:Epoch 34/100	Loss 5.1159 ± 0.1968
INFO:kbc-cli.py:Epoch 35/100	Loss 5.1157 ± 0.1868
INFO:kbc-cli.py:Epoch 36/100	Loss 5.1156 ± 0.1833
INFO:kbc-cli.py:Epoch 36/100	dev results	MRR 0.697800	H@1 0.552764	H@3 0.783920	H@5 0.907035	H@10 0.989950	H@20 1.000000	H@50 1.000000	H@100 1.000000
INFO:kbc-cli.py:Epoch 36/100	test results	MRR 0.710987	H@1 0.567164	H@3 0.820896	H@5 0.927861	H@10 0.992537	H@20 1.000000	H@50 1.000000	H@100 1.000000
INFO:kbc-cli.py:Epoch 37/100	Loss 5.1131 ± 0.1825
INFO:kbc-cli.py:Epoch 38/100	Loss 5.1121 ± 0.1910
INFO:kbc-cli.py:Epoch 39/100	Loss 5.1128 ± 0.1884
INFO:kbc-cli.py:Epoch 39/100	dev results	MRR 0.702696	H@1 0.560302	H@3 0.786432	H@5 0.907035	H@10 0.989950	H@20 1.000000	H@50 1.000000	H@100 1.000000
INFO:kbc-cli.py:Epoch 39/100	test results	MRR 0.711715	H@1 0.572139	H@3 0.818408	H@5 0.927861	H@10 0.992537	H@20 1.000000	H@50 1.000000	H@100 1.000000
INFO:kbc-cli.py:Epoch 40/100	Loss 5.1128 ± 0.1936
INFO:kbc-cli.py:Epoch 41/100	Loss 5.1112 ± 0.1929
INFO:kbc-cli.py:Epoch 42/100	Loss 5.1121 ± 0.1748
INFO:kbc-cli.py:Epoch 42/100	dev results	MRR 0.702579	H@1 0.560302	H@3 0.786432	H@5 0.907035	H@10 0.992462	H@20 1.000000	H@50 1.000000	H@100 1.000000
INFO:kbc-cli.py:Epoch 42/100	test results	MRR 0.715336	H@1 0.577114	H@3 0.818408	H@5 0.925373	H@10 0.992537	H@20 1.000000	H@50 1.000000	H@100 1.000000
INFO:kbc-cli.py:Epoch 43/100	Loss 5.1117 ± 0.1948
INFO:kbc-cli.py:Epoch 44/100	Loss 5.1106 ± 0.1839
INFO:kbc-cli.py:Epoch 45/100	Loss 5.1108 ± 0.1843
INFO:kbc-cli.py:Epoch 45/100	dev results	MRR 0.704937	H@1 0.565327	H@3 0.786432	H@5 0.902010	H@10 0.989950	H@20 1.000000	H@50 1.000000	H@100 1.000000
INFO:kbc-cli.py:Epoch 45/100	test results	MRR 0.713500	H@1 0.574627	H@3 0.818408	H@5 0.930348	H@10 0.992537	H@20 1.000000	H@50 1.000000	H@100 1.000000
INFO:kbc-cli.py:Epoch 46/100	Loss 5.1098 ± 0.1996
INFO:kbc-cli.py:Epoch 47/100	Loss 5.1097 ± 0.1890
INFO:kbc-cli.py:Epoch 48/100	Loss 5.1074 ± 0.1865
INFO:kbc-cli.py:Epoch 48/100	dev results	MRR 0.706674	H@1 0.570352	H@3 0.783920	H@5 0.907035	H@10 0.989950	H@20 1.000000	H@50 1.000000	H@100 1.000000
INFO:kbc-cli.py:Epoch 48/100	test results	MRR 0.718243	H@1 0.582090	H@3 0.818408	H@5 0.930348	H@10 0.992537	H@20 1.000000	H@50 1.000000	H@100 1.000000
INFO:kbc-cli.py:Epoch 49/100	Loss 5.1080 ± 0.1985
INFO:kbc-cli.py:Epoch 50/100	Loss 5.1077 ± 0.1854
INFO:kbc-cli.py:Epoch 51/100	Loss 5.1072 ± 0.2035
INFO:kbc-cli.py:Epoch 51/100	dev results	MRR 0.701063	H@1 0.560302	H@3 0.783920	H@5 0.909548	H@10 0.989950	H@20 1.000000	H@50 1.000000	H@100 1.000000
INFO:kbc-cli.py:Epoch 51/100	test results	MRR 0.714906	H@1 0.574627	H@3 0.825871	H@5 0.927861	H@10 0.992537	H@20 1.000000	H@50 1.000000	H@100 1.000000
INFO:kbc-cli.py:Epoch 52/100	Loss 5.1081 ± 0.1920
INFO:kbc-cli.py:Epoch 53/100	Loss 5.1067 ± 0.1856
INFO:kbc-cli.py:Epoch 54/100	Loss 5.1067 ± 0.1863
INFO:kbc-cli.py:Epoch 54/100	dev results	MRR 0.703832	H@1 0.565327	H@3 0.786432	H@5 0.904523	H@10 0.992462	H@20 1.000000	H@50 1.000000	H@100 1.000000
INFO:kbc-cli.py:Epoch 54/100	test results	MRR 0.717714	H@1 0.579602	H@3 0.818408	H@5 0.927861	H@10 0.992537	H@20 1.000000	H@50 1.000000	H@100 1.000000
INFO:kbc-cli.py:Epoch 55/100	Loss 5.1058 ± 0.1746
INFO:kbc-cli.py:Epoch 56/100	Loss 5.1058 ± 0.1738
INFO:kbc-cli.py:Epoch 57/100	Loss 5.1058 ± 0.1836
INFO:kbc-cli.py:Epoch 57/100	dev results	MRR 0.708315	H@1 0.570352	H@3 0.788945	H@5 0.909548	H@10 0.992462	H@20 1.000000	H@50 1.000000	H@100 1.000000
INFO:kbc-cli.py:Epoch 57/100	test results	MRR 0.719096	H@1 0.579602	H@3 0.825871	H@5 0.927861	H@10 0.992537	H@20 1.000000	H@50 1.000000	H@100 1.000000
INFO:kbc-cli.py:Epoch 58/100	Loss 5.1054 ± 0.1986
INFO:kbc-cli.py:Epoch 59/100	Loss 5.1059 ± 0.1839
INFO:kbc-cli.py:Epoch 60/100	Loss 5.1044 ± 0.1889
INFO:kbc-cli.py:Epoch 60/100	dev results	MRR 0.708867	H@1 0.570352	H@3 0.791457	H@5 0.909548	H@10 0.992462	H@20 1.000000	H@50 1.000000	H@100 1.000000
INFO:kbc-cli.py:Epoch 60/100	test results	MRR 0.713815	H@1 0.569652	H@3 0.818408	H@5 0.925373	H@10 0.995025	H@20 1.000000	H@50 1.000000	H@100 1.000000
INFO:kbc-cli.py:Epoch 61/100	Loss 5.1035 ± 0.1940
INFO:kbc-cli.py:Epoch 62/100	Loss 5.1037 ± 0.1988
INFO:kbc-cli.py:Epoch 63/100	Loss 5.1045 ± 0.1956
INFO:kbc-cli.py:Epoch 63/100	dev results	MRR 0.706393	H@1 0.565327	H@3 0.791457	H@5 0.912060	H@10 0.992462	H@20 1.000000	H@50 1.000000	H@100 1.000000
INFO:kbc-cli.py:Epoch 63/100	test results	MRR 0.717735	H@1 0.579602	H@3 0.815920	H@5 0.925373	H@10 0.992537	H@20 1.000000	H@50 1.000000	H@100 1.000000
INFO:kbc-cli.py:Epoch 64/100	Loss 5.1033 ± 0.1883
INFO:kbc-cli.py:Epoch 65/100	Loss 5.1038 ± 0.1916
INFO:kbc-cli.py:Epoch 66/100	Loss 5.1025 ± 0.1895
INFO:kbc-cli.py:Epoch 66/100	dev results	MRR 0.708113	H@1 0.567839	H@3 0.788945	H@5 0.914573	H@10 0.992462	H@20 1.000000	H@50 1.000000	H@100 1.000000
INFO:kbc-cli.py:Epoch 66/100	test results	MRR 0.717228	H@1 0.574627	H@3 0.830846	H@5 0.927861	H@10 0.995025	H@20 1.000000	H@50 1.000000	H@100 1.000000
INFO:kbc-cli.py:Epoch 67/100	Loss 5.1027 ± 0.1845
INFO:kbc-cli.py:Epoch 68/100	Loss 5.1017 ± 0.1890
INFO:kbc-cli.py:Epoch 69/100	Loss 5.1029 ± 0.1779
INFO:kbc-cli.py:Epoch 69/100	dev results	MRR 0.710039	H@1 0.570352	H@3 0.793970	H@5 0.909548	H@10 0.992462	H@20 1.000000	H@50 1.000000	H@100 1.000000
INFO:kbc-cli.py:Epoch 69/100	test results	MRR 0.719578	H@1 0.579602	H@3 0.825871	H@5 0.930348	H@10 0.995025	H@20 1.000000	H@50 1.000000	H@100 1.000000
INFO:kbc-cli.py:Epoch 70/100	Loss 5.1022 ± 0.1833
INFO:kbc-cli.py:Epoch 71/100	Loss 5.1018 ± 0.1814
INFO:kbc-cli.py:Epoch 72/100	Loss 5.1009 ± 0.2006
INFO:kbc-cli.py:Epoch 72/100	dev results	MRR 0.709809	H@1 0.567839	H@3 0.793970	H@5 0.912060	H@10 0.992462	H@20 1.000000	H@50 1.000000	H@100 1.000000
INFO:kbc-cli.py:Epoch 72/100	test results	MRR 0.718995	H@1 0.579602	H@3 0.825871	H@5 0.927861	H@10 0.995025	H@20 1.000000	H@50 1.000000	H@100 1.000000
INFO:kbc-cli.py:Epoch 73/100	Loss 5.1017 ± 0.1830
INFO:kbc-cli.py:Epoch 74/100	Loss 5.0997 ± 0.1979
INFO:kbc-cli.py:Epoch 75/100	Loss 5.1011 ± 0.1822
INFO:kbc-cli.py:Epoch 75/100	dev results	MRR 0.710151	H@1 0.567839	H@3 0.796482	H@5 0.914573	H@10 0.992462	H@20 1.000000	H@50 1.000000	H@100 1.000000
INFO:kbc-cli.py:Epoch 75/100	test results	MRR 0.718645	H@1 0.579602	H@3 0.823383	H@5 0.927861	H@10 0.995025	H@20 1.000000	H@50 1.000000	H@100 1.000000
INFO:kbc-cli.py:Epoch 76/100	Loss 5.1011 ± 0.1960
INFO:kbc-cli.py:Epoch 77/100	Loss 5.1009 ± 0.1994
INFO:kbc-cli.py:Epoch 78/100	Loss 5.1006 ± 0.1909
INFO:kbc-cli.py:Epoch 78/100	dev results	MRR 0.708419	H@1 0.562814	H@3 0.796482	H@5 0.914573	H@10 0.992462	H@20 1.000000	H@50 1.000000	H@100 1.000000
INFO:kbc-cli.py:Epoch 78/100	test results	MRR 0.721472	H@1 0.582090	H@3 0.823383	H@5 0.927861	H@10 0.995025	H@20 1.000000	H@50 1.000000	H@100 1.000000
INFO:kbc-cli.py:Epoch 79/100	Loss 5.1006 ± 0.1951
INFO:kbc-cli.py:Epoch 80/100	Loss 5.1006 ± 0.1942
INFO:kbc-cli.py:Epoch 81/100	Loss 5.0994 ± 0.1871
INFO:kbc-cli.py:Epoch 81/100	dev results	MRR 0.708599	H@1 0.562814	H@3 0.793970	H@5 0.914573	H@10 0.992462	H@20 1.000000	H@50 1.000000	H@100 1.000000
INFO:kbc-cli.py:Epoch 81/100	test results	MRR 0.721599	H@1 0.582090	H@3 0.823383	H@5 0.930348	H@10 0.995025	H@20 1.000000	H@50 1.000000	H@100 1.000000
INFO:kbc-cli.py:Epoch 82/100	Loss 5.0995 ± 0.2031
INFO:kbc-cli.py:Epoch 83/100	Loss 5.0990 ± 0.1869
INFO:kbc-cli.py:Epoch 84/100	Loss 5.0983 ± 0.1829
INFO:kbc-cli.py:Epoch 84/100	dev results	MRR 0.708281	H@1 0.562814	H@3 0.791457	H@5 0.912060	H@10 0.992462	H@20 1.000000	H@50 1.000000	H@100 1.000000
INFO:kbc-cli.py:Epoch 84/100	test results	MRR 0.720781	H@1 0.579602	H@3 0.823383	H@5 0.927861	H@10 0.995025	H@20 1.000000	H@50 1.000000	H@100 1.000000
INFO:kbc-cli.py:Epoch 85/100	Loss 5.0999 ± 0.1843
INFO:kbc-cli.py:Epoch 86/100	Loss 5.0990 ± 0.1817
INFO:kbc-cli.py:Epoch 87/100	Loss 5.0991 ± 0.1877
INFO:kbc-cli.py:Epoch 87/100	dev results	MRR 0.709890	H@1 0.565327	H@3 0.793970	H@5 0.914573	H@10 0.992462	H@20 1.000000	H@50 1.000000	H@100 1.000000
INFO:kbc-cli.py:Epoch 87/100	test results	MRR 0.721983	H@1 0.582090	H@3 0.823383	H@5 0.930348	H@10 0.995025	H@20 1.000000	H@50 1.000000	H@100 1.000000
INFO:kbc-cli.py:Epoch 88/100	Loss 5.0990 ± 0.1950
INFO:kbc-cli.py:Epoch 89/100	Loss 5.0984 ± 0.1918
INFO:kbc-cli.py:Epoch 90/100	Loss 5.0988 ± 0.1908
INFO:kbc-cli.py:Epoch 90/100	dev results	MRR 0.710266	H@1 0.565327	H@3 0.793970	H@5 0.912060	H@10 0.992462	H@20 1.000000	H@50 1.000000	H@100 1.000000
INFO:kbc-cli.py:Epoch 90/100	test results	MRR 0.719993	H@1 0.579602	H@3 0.818408	H@5 0.932836	H@10 0.995025	H@20 1.000000	H@50 1.000000	H@100 1.000000
INFO:kbc-cli.py:Epoch 91/100	Loss 5.0982 ± 0.1864
INFO:kbc-cli.py:Epoch 92/100	Loss 5.0986 ± 0.1634
INFO:kbc-cli.py:Epoch 93/100	Loss 5.0988 ± 0.1887
INFO:kbc-cli.py:Epoch 93/100	dev results	MRR 0.711721	H@1 0.567839	H@3 0.801508	H@5 0.912060	H@10 0.992462	H@20 1.000000	H@50 1.000000	H@100 1.000000
INFO:kbc-cli.py:Epoch 93/100	test results	MRR 0.721441	H@1 0.582090	H@3 0.818408	H@5 0.927861	H@10 0.995025	H@20 1.000000	H@50 1.000000	H@100 1.000000
INFO:kbc-cli.py:Epoch 94/100	Loss 5.0974 ± 0.1809
INFO:kbc-cli.py:Epoch 95/100	Loss 5.0971 ± 0.1829
INFO:kbc-cli.py:Epoch 96/100	Loss 5.0969 ± 0.2052
INFO:kbc-cli.py:Epoch 96/100	dev results	MRR 0.713296	H@1 0.570352	H@3 0.801508	H@5 0.912060	H@10 0.992462	H@20 1.000000	H@50 1.000000	H@100 1.000000
INFO:kbc-cli.py:Epoch 96/100	test results	MRR 0.718441	H@1 0.577114	H@3 0.813433	H@5 0.927861	H@10 0.997512	H@20 1.000000	H@50 1.000000	H@100 1.000000
INFO:kbc-cli.py:Epoch 97/100	Loss 5.0982 ± 0.1859
INFO:kbc-cli.py:Epoch 98/100	Loss 5.0976 ± 0.1900
INFO:kbc-cli.py:Epoch 99/100	Loss 5.0968 ± 0.1981
INFO:kbc-cli.py:Epoch 99/100	dev results	MRR 0.711956	H@1 0.567839	H@3 0.806533	H@5 0.909548	H@10 0.992462	H@20 1.000000	H@50 1.000000	H@100 1.000000
INFO:kbc-cli.py:Epoch 99/100	test results	MRR 0.721050	H@1 0.582090	H@3 0.815920	H@5 0.930348	H@10 0.997512	H@20 1.000000	H@50 1.000000	H@100 1.000000
INFO:kbc-cli.py:Epoch 100/100	Loss 5.0963 ± 0.2044
INFO:kbc-cli.py:Final 	dev results	MRR 0.712333	H@1 0.567839	H@3 0.806533	H@5 0.912060	H@10 0.992462	H@20 1.000000	H@50 1.000000	H@100 1.000000
INFO:kbc-cli.py:Final 	test results	MRR 0.721094	H@1 0.582090	H@3 0.815920	H@5 0.930348	H@10 0.997512	H@20 1.000000	H@50 1.000000	H@100 1.000000
INFO:kbc-cli.py:Training finished
