./bin/kbc-cli.py --train data/nations/train.tsv --dev data/nations/dev.tsv --test data/nations/test.tsv -m complex -k 1000 -b 10 -e 100 --F2 0 --N3 0.0005 -l 0.1 -I reciprocal -V 3 -o adagrad -c so -q
{'F2': 0.0,
 'N3': 0.0005,
 'batch_size': 10,
 'corruption': 'so',
 'dev': 'data/nations/dev.tsv',
 'embedding_size': 1000,
 'epochs': 100,
 'eval_batch_size': None,
 'input_type': 'reciprocal',
 'learning_rate': 0.1,
 'load': None,
 'model': 'complex',
 'optimizer': 'adagrad',
 'quiet': True,
 'save': None,
 'seed': 0,
 'test': 'data/nations/test.tsv',
 'test_i': None,
 'test_ii': None,
 'train': 'data/nations/train.tsv',
 'validate_every': 3}
INFO:kbc-cli.py:Device: cuda
INFO:kbc-cli.py:Model state:
INFO:kbc-cli.py:	entities.weight	torch.Size([14, 2000])
INFO:kbc-cli.py:	predicates.weight	torch.Size([110, 2000])
INFO:kbc-cli.py:Epoch 1/100	Loss 5.3659 ± 0.5488
INFO:kbc-cli.py:Epoch 2/100	Loss 4.3976 ± 0.3714
INFO:kbc-cli.py:Epoch 3/100	Loss 4.0711 ± 0.4109
INFO:kbc-cli.py:Epoch 3/100	dev results	MRR 0.824172	H@1 0.723618	H@3 0.912060	H@5 0.967337	H@10 1.000000	H@20 1.000000	H@50 1.000000	H@100 1.000000
INFO:kbc-cli.py:Epoch 3/100	test results	MRR 0.831023	H@1 0.736318	H@3 0.910448	H@5 0.955224	H@10 0.992537	H@20 1.000000	H@50 1.000000	H@100 1.000000
INFO:kbc-cli.py:Epoch 4/100	Loss 3.9031 ± 0.4217
INFO:kbc-cli.py:Epoch 5/100	Loss 3.8066 ± 0.4188
INFO:kbc-cli.py:Epoch 6/100	Loss 3.7311 ± 0.4259
INFO:kbc-cli.py:Epoch 6/100	dev results	MRR 0.821669	H@1 0.721106	H@3 0.907035	H@5 0.962312	H@10 0.997487	H@20 1.000000	H@50 1.000000	H@100 1.000000
INFO:kbc-cli.py:Epoch 6/100	test results	MRR 0.828221	H@1 0.731343	H@3 0.905473	H@5 0.967662	H@10 0.995025	H@20 1.000000	H@50 1.000000	H@100 1.000000
INFO:kbc-cli.py:Epoch 7/100	Loss 3.6793 ± 0.4033
INFO:kbc-cli.py:Epoch 8/100	Loss 3.6395 ± 0.4133
INFO:kbc-cli.py:Epoch 9/100	Loss 3.6021 ± 0.3999
INFO:kbc-cli.py:Epoch 9/100	dev results	MRR 0.823640	H@1 0.721106	H@3 0.907035	H@5 0.969849	H@10 0.997487	H@20 1.000000	H@50 1.000000	H@100 1.000000
INFO:kbc-cli.py:Epoch 9/100	test results	MRR 0.835443	H@1 0.741294	H@3 0.907960	H@5 0.962687	H@10 0.995025	H@20 1.000000	H@50 1.000000	H@100 1.000000
INFO:kbc-cli.py:Epoch 10/100	Loss 3.5735 ± 0.4160
INFO:kbc-cli.py:Epoch 11/100	Loss 3.5493 ± 0.4034
INFO:kbc-cli.py:Epoch 12/100	Loss 3.5290 ± 0.3986
INFO:kbc-cli.py:Epoch 12/100	dev results	MRR 0.833419	H@1 0.733668	H@3 0.922111	H@5 0.969849	H@10 0.994975	H@20 1.000000	H@50 1.000000	H@100 1.000000
INFO:kbc-cli.py:Epoch 12/100	test results	MRR 0.825244	H@1 0.723881	H@3 0.907960	H@5 0.972637	H@10 0.995025	H@20 1.000000	H@50 1.000000	H@100 1.000000
INFO:kbc-cli.py:Epoch 13/100	Loss 3.5112 ± 0.4025
INFO:kbc-cli.py:Epoch 14/100	Loss 3.4943 ± 0.4138
INFO:kbc-cli.py:Epoch 15/100	Loss 3.4813 ± 0.3929
INFO:kbc-cli.py:Epoch 15/100	dev results	MRR 0.824242	H@1 0.718593	H@3 0.924623	H@5 0.967337	H@10 0.997487	H@20 1.000000	H@50 1.000000	H@100 1.000000
INFO:kbc-cli.py:Epoch 15/100	test results	MRR 0.823069	H@1 0.718905	H@3 0.915423	H@5 0.970149	H@10 0.995025	H@20 1.000000	H@50 1.000000	H@100 1.000000
INFO:kbc-cli.py:Epoch 16/100	Loss 3.4664 ± 0.3773
INFO:kbc-cli.py:Epoch 17/100	Loss 3.4557 ± 0.4079
INFO:kbc-cli.py:Epoch 18/100	Loss 3.4452 ± 0.3878
INFO:kbc-cli.py:Epoch 18/100	dev results	MRR 0.832252	H@1 0.733668	H@3 0.914573	H@5 0.967337	H@10 0.997487	H@20 1.000000	H@50 1.000000	H@100 1.000000
INFO:kbc-cli.py:Epoch 18/100	test results	MRR 0.829825	H@1 0.731343	H@3 0.915423	H@5 0.970149	H@10 0.995025	H@20 1.000000	H@50 1.000000	H@100 1.000000
INFO:kbc-cli.py:Epoch 19/100	Loss 3.4337 ± 0.3710
INFO:kbc-cli.py:Epoch 20/100	Loss 3.4275 ± 0.4029
INFO:kbc-cli.py:Epoch 21/100	Loss 3.4180 ± 0.3851
INFO:kbc-cli.py:Epoch 21/100	dev results	MRR 0.826936	H@1 0.723618	H@3 0.922111	H@5 0.967337	H@10 0.997487	H@20 1.000000	H@50 1.000000	H@100 1.000000
INFO:kbc-cli.py:Epoch 21/100	test results	MRR 0.824950	H@1 0.718905	H@3 0.920398	H@5 0.967662	H@10 0.995025	H@20 1.000000	H@50 1.000000	H@100 1.000000
INFO:kbc-cli.py:Epoch 22/100	Loss 3.4100 ± 0.3360
INFO:kbc-cli.py:Epoch 23/100	Loss 3.4004 ± 0.3817
INFO:kbc-cli.py:Epoch 24/100	Loss 3.3984 ± 0.3701
INFO:kbc-cli.py:Epoch 24/100	dev results	MRR 0.825038	H@1 0.721106	H@3 0.919598	H@5 0.964824	H@10 0.997487	H@20 1.000000	H@50 1.000000	H@100 1.000000
INFO:kbc-cli.py:Epoch 24/100	test results	MRR 0.824052	H@1 0.718905	H@3 0.915423	H@5 0.972637	H@10 0.995025	H@20 1.000000	H@50 1.000000	H@100 1.000000
INFO:kbc-cli.py:Epoch 25/100	Loss 3.3871 ± 0.3656
INFO:kbc-cli.py:Epoch 26/100	Loss 3.3845 ± 0.3761
INFO:kbc-cli.py:Epoch 27/100	Loss 3.3799 ± 0.3687
INFO:kbc-cli.py:Epoch 27/100	dev results	MRR 0.823070	H@1 0.716080	H@3 0.917085	H@5 0.967337	H@10 0.997487	H@20 1.000000	H@50 1.000000	H@100 1.000000
INFO:kbc-cli.py:Epoch 27/100	test results	MRR 0.823623	H@1 0.721393	H@3 0.912935	H@5 0.967662	H@10 0.995025	H@20 1.000000	H@50 1.000000	H@100 1.000000
INFO:kbc-cli.py:Epoch 28/100	Loss 3.3742 ± 0.3730
INFO:kbc-cli.py:Epoch 29/100	Loss 3.3704 ± 0.3943
INFO:kbc-cli.py:Epoch 30/100	Loss 3.3638 ± 0.3753
INFO:kbc-cli.py:Epoch 30/100	dev results	MRR 0.824117	H@1 0.721106	H@3 0.917085	H@5 0.964824	H@10 0.997487	H@20 1.000000	H@50 1.000000	H@100 1.000000
INFO:kbc-cli.py:Epoch 30/100	test results	MRR 0.826193	H@1 0.723881	H@3 0.912935	H@5 0.975124	H@10 0.997512	H@20 1.000000	H@50 1.000000	H@100 1.000000
INFO:kbc-cli.py:Epoch 31/100	Loss 3.3597 ± 0.3602
INFO:kbc-cli.py:Epoch 32/100	Loss 3.3558 ± 0.3633
INFO:kbc-cli.py:Epoch 33/100	Loss 3.3488 ± 0.3405
INFO:kbc-cli.py:Epoch 33/100	dev results	MRR 0.822651	H@1 0.718593	H@3 0.919598	H@5 0.964824	H@10 0.997487	H@20 1.000000	H@50 1.000000	H@100 1.000000
INFO:kbc-cli.py:Epoch 33/100	test results	MRR 0.821845	H@1 0.716418	H@3 0.910448	H@5 0.967662	H@10 0.997512	H@20 1.000000	H@50 1.000000	H@100 1.000000
INFO:kbc-cli.py:Epoch 34/100	Loss 3.3471 ± 0.3771
INFO:kbc-cli.py:Epoch 35/100	Loss 3.3414 ± 0.3867
INFO:kbc-cli.py:Epoch 36/100	Loss 3.3404 ± 0.3467
INFO:kbc-cli.py:Epoch 36/100	dev results	MRR 0.823405	H@1 0.718593	H@3 0.919598	H@5 0.962312	H@10 0.997487	H@20 1.000000	H@50 1.000000	H@100 1.000000
INFO:kbc-cli.py:Epoch 36/100	test results	MRR 0.824351	H@1 0.718905	H@3 0.915423	H@5 0.970149	H@10 0.997512	H@20 1.000000	H@50 1.000000	H@100 1.000000
INFO:kbc-cli.py:Epoch 37/100	Loss 3.3343 ± 0.3720
INFO:kbc-cli.py:Epoch 38/100	Loss 3.3320 ± 0.3584
INFO:kbc-cli.py:Epoch 39/100	Loss 3.3315 ± 0.3608
INFO:kbc-cli.py:Epoch 39/100	dev results	MRR 0.822065	H@1 0.716080	H@3 0.919598	H@5 0.959799	H@10 0.997487	H@20 1.000000	H@50 1.000000	H@100 1.000000
INFO:kbc-cli.py:Epoch 39/100	test results	MRR 0.824361	H@1 0.718905	H@3 0.912935	H@5 0.970149	H@10 0.997512	H@20 1.000000	H@50 1.000000	H@100 1.000000
INFO:kbc-cli.py:Epoch 40/100	Loss 3.3260 ± 0.3728
INFO:kbc-cli.py:Epoch 41/100	Loss 3.3242 ± 0.3679
INFO:kbc-cli.py:Epoch 42/100	Loss 3.3235 ± 0.3556
INFO:kbc-cli.py:Epoch 42/100	dev results	MRR 0.818146	H@1 0.708543	H@3 0.919598	H@5 0.962312	H@10 0.997487	H@20 1.000000	H@50 1.000000	H@100 1.000000
INFO:kbc-cli.py:Epoch 42/100	test results	MRR 0.819617	H@1 0.711443	H@3 0.915423	H@5 0.967662	H@10 0.997512	H@20 1.000000	H@50 1.000000	H@100 1.000000
INFO:kbc-cli.py:Epoch 43/100	Loss 3.3199 ± 0.3554
INFO:kbc-cli.py:Epoch 44/100	Loss 3.3181 ± 0.3554
INFO:kbc-cli.py:Epoch 45/100	Loss 3.3134 ± 0.3622
INFO:kbc-cli.py:Epoch 45/100	dev results	MRR 0.816974	H@1 0.708543	H@3 0.914573	H@5 0.959799	H@10 0.997487	H@20 1.000000	H@50 1.000000	H@100 1.000000
INFO:kbc-cli.py:Epoch 45/100	test results	MRR 0.817776	H@1 0.706468	H@3 0.915423	H@5 0.970149	H@10 0.997512	H@20 1.000000	H@50 1.000000	H@100 1.000000
INFO:kbc-cli.py:Epoch 46/100	Loss 3.3099 ± 0.3807
INFO:kbc-cli.py:Epoch 47/100	Loss 3.3101 ± 0.3247
INFO:kbc-cli.py:Epoch 48/100	Loss 3.3059 ± 0.3440
INFO:kbc-cli.py:Epoch 48/100	dev results	MRR 0.815574	H@1 0.706030	H@3 0.917085	H@5 0.959799	H@10 0.997487	H@20 1.000000	H@50 1.000000	H@100 1.000000
INFO:kbc-cli.py:Epoch 48/100	test results	MRR 0.821614	H@1 0.713930	H@3 0.920398	H@5 0.970149	H@10 0.997512	H@20 1.000000	H@50 1.000000	H@100 1.000000
INFO:kbc-cli.py:Epoch 49/100	Loss 3.3033 ± 0.3516
INFO:kbc-cli.py:Epoch 50/100	Loss 3.3041 ± 0.3483
INFO:kbc-cli.py:Epoch 51/100	Loss 3.3010 ± 0.3728
INFO:kbc-cli.py:Epoch 51/100	dev results	MRR 0.817309	H@1 0.708543	H@3 0.917085	H@5 0.959799	H@10 0.997487	H@20 1.000000	H@50 1.000000	H@100 1.000000
INFO:kbc-cli.py:Epoch 51/100	test results	MRR 0.820886	H@1 0.713930	H@3 0.915423	H@5 0.967662	H@10 0.997512	H@20 1.000000	H@50 1.000000	H@100 1.000000
INFO:kbc-cli.py:Epoch 52/100	Loss 3.3001 ± 0.3732
INFO:kbc-cli.py:Epoch 53/100	Loss 3.2959 ± 0.3447
INFO:kbc-cli.py:Epoch 54/100	Loss 3.2948 ± 0.3834
INFO:kbc-cli.py:Epoch 54/100	dev results	MRR 0.817309	H@1 0.708543	H@3 0.917085	H@5 0.959799	H@10 0.997487	H@20 1.000000	H@50 1.000000	H@100 1.000000
INFO:kbc-cli.py:Epoch 54/100	test results	MRR 0.822565	H@1 0.718905	H@3 0.910448	H@5 0.970149	H@10 0.997512	H@20 1.000000	H@50 1.000000	H@100 1.000000
INFO:kbc-cli.py:Epoch 55/100	Loss 3.2937 ± 0.3680
INFO:kbc-cli.py:Epoch 56/100	Loss 3.2882 ± 0.3434
INFO:kbc-cli.py:Epoch 57/100	Loss 3.2907 ± 0.3557
INFO:kbc-cli.py:Epoch 57/100	dev results	MRR 0.817309	H@1 0.708543	H@3 0.917085	H@5 0.959799	H@10 0.997487	H@20 1.000000	H@50 1.000000	H@100 1.000000
INFO:kbc-cli.py:Epoch 57/100	test results	MRR 0.820441	H@1 0.713930	H@3 0.917910	H@5 0.970149	H@10 0.997512	H@20 1.000000	H@50 1.000000	H@100 1.000000
INFO:kbc-cli.py:Epoch 58/100	Loss 3.2880 ± 0.3698
INFO:kbc-cli.py:Epoch 59/100	Loss 3.2868 ± 0.3244
INFO:kbc-cli.py:Epoch 60/100	Loss 3.2847 ± 0.3423
INFO:kbc-cli.py:Epoch 60/100	dev results	MRR 0.817811	H@1 0.708543	H@3 0.914573	H@5 0.959799	H@10 0.997487	H@20 1.000000	H@50 1.000000	H@100 1.000000
INFO:kbc-cli.py:Epoch 60/100	test results	MRR 0.819753	H@1 0.708955	H@3 0.920398	H@5 0.970149	H@10 0.997512	H@20 1.000000	H@50 1.000000	H@100 1.000000
INFO:kbc-cli.py:Epoch 61/100	Loss 3.2814 ± 0.3627
INFO:kbc-cli.py:Epoch 62/100	Loss 3.2818 ± 0.3586
INFO:kbc-cli.py:Epoch 63/100	Loss 3.2798 ± 0.3573
INFO:kbc-cli.py:Epoch 63/100	dev results	MRR 0.819612	H@1 0.711055	H@3 0.919598	H@5 0.959799	H@10 0.997487	H@20 1.000000	H@50 1.000000	H@100 1.000000
INFO:kbc-cli.py:Epoch 63/100	test results	MRR 0.821908	H@1 0.716418	H@3 0.917910	H@5 0.970149	H@10 0.997512	H@20 1.000000	H@50 1.000000	H@100 1.000000
INFO:kbc-cli.py:Epoch 64/100	Loss 3.2776 ± 0.3365
INFO:kbc-cli.py:Epoch 65/100	Loss 3.2778 ± 0.3771
INFO:kbc-cli.py:Epoch 66/100	Loss 3.2748 ± 0.3737
INFO:kbc-cli.py:Epoch 66/100	dev results	MRR 0.817183	H@1 0.708543	H@3 0.917085	H@5 0.959799	H@10 0.997487	H@20 1.000000	H@50 1.000000	H@100 1.000000
INFO:kbc-cli.py:Epoch 66/100	test results	MRR 0.825290	H@1 0.721393	H@3 0.922886	H@5 0.970149	H@10 0.997512	H@20 1.000000	H@50 1.000000	H@100 1.000000
INFO:kbc-cli.py:Epoch 67/100	Loss 3.2754 ± 0.3416
INFO:kbc-cli.py:Epoch 68/100	Loss 3.2716 ± 0.3631
INFO:kbc-cli.py:Epoch 69/100	Loss 3.2715 ± 0.3415
INFO:kbc-cli.py:Epoch 69/100	dev results	MRR 0.818356	H@1 0.711055	H@3 0.914573	H@5 0.959799	H@10 0.997487	H@20 1.000000	H@50 1.000000	H@100 1.000000
INFO:kbc-cli.py:Epoch 69/100	test results	MRR 0.820163	H@1 0.711443	H@3 0.920398	H@5 0.967662	H@10 0.997512	H@20 1.000000	H@50 1.000000	H@100 1.000000
INFO:kbc-cli.py:Epoch 70/100	Loss 3.2705 ± 0.3316
INFO:kbc-cli.py:Epoch 71/100	Loss 3.2693 ± 0.3466
INFO:kbc-cli.py:Epoch 72/100	Loss 3.2671 ± 0.3621
INFO:kbc-cli.py:Epoch 72/100	dev results	MRR 0.816764	H@1 0.708543	H@3 0.917085	H@5 0.959799	H@10 0.997487	H@20 1.000000	H@50 1.000000	H@100 1.000000
INFO:kbc-cli.py:Epoch 72/100	test results	MRR 0.819621	H@1 0.711443	H@3 0.917910	H@5 0.967662	H@10 0.997512	H@20 1.000000	H@50 1.000000	H@100 1.000000
INFO:kbc-cli.py:Epoch 73/100	Loss 3.2670 ± 0.3649
INFO:kbc-cli.py:Epoch 74/100	Loss 3.2630 ± 0.3596
INFO:kbc-cli.py:Epoch 75/100	Loss 3.2644 ± 0.3266
INFO:kbc-cli.py:Epoch 75/100	dev results	MRR 0.815239	H@1 0.706030	H@3 0.919598	H@5 0.959799	H@10 0.997487	H@20 1.000000	H@50 1.000000	H@100 1.000000
INFO:kbc-cli.py:Epoch 75/100	test results	MRR 0.818028	H@1 0.708955	H@3 0.917910	H@5 0.967662	H@10 0.997512	H@20 1.000000	H@50 1.000000	H@100 1.000000
INFO:kbc-cli.py:Epoch 76/100	Loss 3.2632 ± 0.3421
INFO:kbc-cli.py:Epoch 77/100	Loss 3.2614 ± 0.3463
INFO:kbc-cli.py:Epoch 78/100	Loss 3.2599 ± 0.3530
INFO:kbc-cli.py:Epoch 78/100	dev results	MRR 0.815574	H@1 0.706030	H@3 0.917085	H@5 0.959799	H@10 0.997487	H@20 1.000000	H@50 1.000000	H@100 1.000000
INFO:kbc-cli.py:Epoch 78/100	test results	MRR 0.820800	H@1 0.713930	H@3 0.917910	H@5 0.967662	H@10 0.997512	H@20 1.000000	H@50 1.000000	H@100 1.000000
INFO:kbc-cli.py:Epoch 79/100	Loss 3.2592 ± 0.3643
INFO:kbc-cli.py:Epoch 80/100	Loss 3.2589 ± 0.3760
INFO:kbc-cli.py:Epoch 81/100	Loss 3.2586 ± 0.3469
INFO:kbc-cli.py:Epoch 81/100	dev results	MRR 0.813648	H@1 0.703518	H@3 0.917085	H@5 0.959799	H@10 0.997487	H@20 1.000000	H@50 1.000000	H@100 1.000000
INFO:kbc-cli.py:Epoch 81/100	test results	MRR 0.813841	H@1 0.699005	H@3 0.920398	H@5 0.967662	H@10 0.997512	H@20 1.000000	H@50 1.000000	H@100 1.000000
INFO:kbc-cli.py:Epoch 82/100	Loss 3.2537 ± 0.3769
INFO:kbc-cli.py:Epoch 83/100	Loss 3.2537 ± 0.3401
INFO:kbc-cli.py:Epoch 84/100	Loss 3.2536 ± 0.3602
INFO:kbc-cli.py:Epoch 84/100	dev results	MRR 0.820390	H@1 0.716080	H@3 0.914573	H@5 0.959799	H@10 0.997487	H@20 1.000000	H@50 1.000000	H@100 1.000000
INFO:kbc-cli.py:Epoch 84/100	test results	MRR 0.816986	H@1 0.703980	H@3 0.920398	H@5 0.967662	H@10 0.997512	H@20 1.000000	H@50 1.000000	H@100 1.000000
INFO:kbc-cli.py:Epoch 85/100	Loss 3.2549 ± 0.3480
INFO:kbc-cli.py:Epoch 86/100	Loss 3.2512 ± 0.3631
INFO:kbc-cli.py:Epoch 87/100	Loss 3.2531 ± 0.3437
INFO:kbc-cli.py:Epoch 87/100	dev results	MRR 0.815131	H@1 0.706030	H@3 0.914573	H@5 0.962312	H@10 0.997487	H@20 1.000000	H@50 1.000000	H@100 1.000000
INFO:kbc-cli.py:Epoch 87/100	test results	MRR 0.820302	H@1 0.711443	H@3 0.920398	H@5 0.967662	H@10 0.997512	H@20 1.000000	H@50 1.000000	H@100 1.000000
INFO:kbc-cli.py:Epoch 88/100	Loss 3.2503 ± 0.3538
INFO:kbc-cli.py:Epoch 89/100	Loss 3.2505 ± 0.3574
INFO:kbc-cli.py:Epoch 90/100	Loss 3.2506 ± 0.3354
INFO:kbc-cli.py:Epoch 90/100	dev results	MRR 0.814569	H@1 0.703518	H@3 0.914573	H@5 0.959799	H@10 0.997487	H@20 1.000000	H@50 1.000000	H@100 1.000000
INFO:kbc-cli.py:Epoch 90/100	test results	MRR 0.816778	H@1 0.706468	H@3 0.917910	H@5 0.967662	H@10 0.997512	H@20 1.000000	H@50 1.000000	H@100 1.000000
INFO:kbc-cli.py:Epoch 91/100	Loss 3.2491 ± 0.3387
INFO:kbc-cli.py:Epoch 92/100	Loss 3.2488 ± 0.3202
INFO:kbc-cli.py:Epoch 93/100	Loss 3.2464 ± 0.3611
INFO:kbc-cli.py:Epoch 93/100	dev results	MRR 0.813731	H@1 0.706030	H@3 0.914573	H@5 0.959799	H@10 0.997487	H@20 1.000000	H@50 1.000000	H@100 1.000000
INFO:kbc-cli.py:Epoch 93/100	test results	MRR 0.823995	H@1 0.718905	H@3 0.917910	H@5 0.967662	H@10 0.997512	H@20 1.000000	H@50 1.000000	H@100 1.000000
INFO:kbc-cli.py:Epoch 94/100	Loss 3.2446 ± 0.3360
INFO:kbc-cli.py:Epoch 95/100	Loss 3.2430 ± 0.3568
INFO:kbc-cli.py:Epoch 96/100	Loss 3.2431 ± 0.3691
INFO:kbc-cli.py:Epoch 96/100	dev results	MRR 0.811219	H@1 0.701005	H@3 0.914573	H@5 0.959799	H@10 0.997487	H@20 1.000000	H@50 1.000000	H@100 1.000000
INFO:kbc-cli.py:Epoch 96/100	test results	MRR 0.823871	H@1 0.718905	H@3 0.917910	H@5 0.967662	H@10 0.997512	H@20 1.000000	H@50 1.000000	H@100 1.000000
INFO:kbc-cli.py:Epoch 97/100	Loss 3.2455 ± 0.3588
INFO:kbc-cli.py:Epoch 98/100	Loss 3.2431 ± 0.3382
INFO:kbc-cli.py:Epoch 99/100	Loss 3.2407 ± 0.3450
INFO:kbc-cli.py:Epoch 99/100	dev results	MRR 0.810004	H@1 0.698492	H@3 0.914573	H@5 0.957286	H@10 0.997487	H@20 1.000000	H@50 1.000000	H@100 1.000000
INFO:kbc-cli.py:Epoch 99/100	test results	MRR 0.819849	H@1 0.711443	H@3 0.917910	H@5 0.967662	H@10 0.997512	H@20 1.000000	H@50 1.000000	H@100 1.000000
INFO:kbc-cli.py:Epoch 100/100	Loss 3.2393 ± 0.3426
INFO:kbc-cli.py:Final 	dev results	MRR 0.811261	H@1 0.701005	H@3 0.914573	H@5 0.957286	H@10 0.997487	H@20 1.000000	H@50 1.000000	H@100 1.000000
INFO:kbc-cli.py:Final 	test results	MRR 0.816615	H@1 0.706468	H@3 0.920398	H@5 0.967662	H@10 0.997512	H@20 1.000000	H@50 1.000000	H@100 1.000000
INFO:kbc-cli.py:Training finished
