./bin/kbc-cli.py --train data/nations/train.tsv --dev data/nations/dev.tsv --test data/nations/test.tsv -m complex -k 100 -b 10 -e 100 --F2 0 --N3 0.1 -l 0.1 -I standard -V 3 -o adagrad -c spo -q
{'F2': 0.0,
 'N3': 0.1,
 'batch_size': 10,
 'corruption': 'spo',
 'dev': 'data/nations/dev.tsv',
 'embedding_size': 100,
 'epochs': 100,
 'eval_batch_size': None,
 'input_type': 'standard',
 'learning_rate': 0.1,
 'load': None,
 'model': 'complex',
 'optimizer': 'adagrad',
 'quiet': True,
 'save': None,
 'seed': 0,
 'test': 'data/nations/test.tsv',
 'test_i': None,
 'test_ii': None,
 'train': 'data/nations/train.tsv',
 'validate_every': 3}
INFO:kbc-cli.py:Device: cuda
INFO:kbc-cli.py:Model state:
INFO:kbc-cli.py:	entities.weight	torch.Size([14, 200])
INFO:kbc-cli.py:	predicates.weight	torch.Size([55, 200])
INFO:kbc-cli.py:Epoch 1/100	Loss 9.2992 ± 0.2819
INFO:kbc-cli.py:Epoch 2/100	Loss 8.9812 ± 0.2283
INFO:kbc-cli.py:Epoch 3/100	Loss 8.8661 ± 0.2580
INFO:kbc-cli.py:Epoch 3/100	dev results	MRR 0.664708	H@1 0.484925	H@3 0.806533	H@5 0.907035	H@10 0.987437	H@20 1.000000	H@50 1.000000	H@100 1.000000
INFO:kbc-cli.py:Epoch 3/100	test results	MRR 0.676074	H@1 0.495025	H@3 0.810945	H@5 0.930348	H@10 0.995025	H@20 1.000000	H@50 1.000000	H@100 1.000000
INFO:kbc-cli.py:Epoch 4/100	Loss 8.7875 ± 0.2882
INFO:kbc-cli.py:Epoch 5/100	Loss 8.7377 ± 0.2850
INFO:kbc-cli.py:Epoch 6/100	Loss 8.6996 ± 0.2780
INFO:kbc-cli.py:Epoch 6/100	dev results	MRR 0.709974	H@1 0.552764	H@3 0.821608	H@5 0.927136	H@10 0.992462	H@20 1.000000	H@50 1.000000	H@100 1.000000
INFO:kbc-cli.py:Epoch 6/100	test results	MRR 0.735463	H@1 0.584577	H@3 0.853234	H@5 0.942786	H@10 0.992537	H@20 1.000000	H@50 1.000000	H@100 1.000000
INFO:kbc-cli.py:Epoch 7/100	Loss 8.6712 ± 0.2929
INFO:kbc-cli.py:Epoch 8/100	Loss 8.6445 ± 0.2749
INFO:kbc-cli.py:Epoch 9/100	Loss 8.6337 ± 0.2868
INFO:kbc-cli.py:Epoch 9/100	dev results	MRR 0.713879	H@1 0.552764	H@3 0.839196	H@5 0.934673	H@10 0.992462	H@20 1.000000	H@50 1.000000	H@100 1.000000
INFO:kbc-cli.py:Epoch 9/100	test results	MRR 0.757722	H@1 0.616915	H@3 0.880597	H@5 0.942786	H@10 0.995025	H@20 1.000000	H@50 1.000000	H@100 1.000000
INFO:kbc-cli.py:Epoch 10/100	Loss 8.6134 ± 0.2863
INFO:kbc-cli.py:Epoch 11/100	Loss 8.6022 ± 0.2752
INFO:kbc-cli.py:Epoch 12/100	Loss 8.5872 ± 0.2882
INFO:kbc-cli.py:Epoch 12/100	dev results	MRR 0.738211	H@1 0.597990	H@3 0.854271	H@5 0.929648	H@10 0.992462	H@20 1.000000	H@50 1.000000	H@100 1.000000
INFO:kbc-cli.py:Epoch 12/100	test results	MRR 0.769870	H@1 0.639303	H@3 0.885572	H@5 0.947761	H@10 0.995025	H@20 1.000000	H@50 1.000000	H@100 1.000000
INFO:kbc-cli.py:Epoch 13/100	Loss 8.5695 ± 0.3006
INFO:kbc-cli.py:Epoch 14/100	Loss 8.5713 ± 0.2875
INFO:kbc-cli.py:Epoch 15/100	Loss 8.5544 ± 0.2840
INFO:kbc-cli.py:Epoch 15/100	dev results	MRR 0.744720	H@1 0.610553	H@3 0.854271	H@5 0.932161	H@10 0.992462	H@20 1.000000	H@50 1.000000	H@100 1.000000
INFO:kbc-cli.py:Epoch 15/100	test results	MRR 0.768505	H@1 0.629353	H@3 0.890547	H@5 0.947761	H@10 0.995025	H@20 1.000000	H@50 1.000000	H@100 1.000000
INFO:kbc-cli.py:Epoch 16/100	Loss 8.5485 ± 0.2961
INFO:kbc-cli.py:Epoch 17/100	Loss 8.5450 ± 0.2897
INFO:kbc-cli.py:Epoch 18/100	Loss 8.5378 ± 0.2863
INFO:kbc-cli.py:Epoch 18/100	dev results	MRR 0.742749	H@1 0.605528	H@3 0.854271	H@5 0.942211	H@10 0.992462	H@20 1.000000	H@50 1.000000	H@100 1.000000
INFO:kbc-cli.py:Epoch 18/100	test results	MRR 0.778953	H@1 0.649254	H@3 0.888060	H@5 0.960199	H@10 0.997512	H@20 1.000000	H@50 1.000000	H@100 1.000000
INFO:kbc-cli.py:Epoch 19/100	Loss 8.5337 ± 0.2866
INFO:kbc-cli.py:Epoch 20/100	Loss 8.5338 ± 0.2710
INFO:kbc-cli.py:Epoch 21/100	Loss 8.5229 ± 0.2932
INFO:kbc-cli.py:Epoch 21/100	dev results	MRR 0.751901	H@1 0.620603	H@3 0.859296	H@5 0.939698	H@10 0.992462	H@20 1.000000	H@50 1.000000	H@100 1.000000
INFO:kbc-cli.py:Epoch 21/100	test results	MRR 0.782969	H@1 0.656716	H@3 0.893035	H@5 0.955224	H@10 0.995025	H@20 1.000000	H@50 1.000000	H@100 1.000000
INFO:kbc-cli.py:Epoch 22/100	Loss 8.5210 ± 0.3013
INFO:kbc-cli.py:Epoch 23/100	Loss 8.5162 ± 0.2833
INFO:kbc-cli.py:Epoch 24/100	Loss 8.5164 ± 0.2941
INFO:kbc-cli.py:Epoch 24/100	dev results	MRR 0.754931	H@1 0.625628	H@3 0.869347	H@5 0.942211	H@10 0.992462	H@20 1.000000	H@50 1.000000	H@100 1.000000
INFO:kbc-cli.py:Epoch 24/100	test results	MRR 0.782994	H@1 0.656716	H@3 0.893035	H@5 0.952736	H@10 0.995025	H@20 1.000000	H@50 1.000000	H@100 1.000000
INFO:kbc-cli.py:Epoch 25/100	Loss 8.5121 ± 0.2677
INFO:kbc-cli.py:Epoch 26/100	Loss 8.5069 ± 0.2497
INFO:kbc-cli.py:Epoch 27/100	Loss 8.5053 ± 0.2729
INFO:kbc-cli.py:Epoch 27/100	dev results	MRR 0.755853	H@1 0.628141	H@3 0.864322	H@5 0.944724	H@10 0.992462	H@20 1.000000	H@50 1.000000	H@100 1.000000
INFO:kbc-cli.py:Epoch 27/100	test results	MRR 0.779028	H@1 0.649254	H@3 0.890547	H@5 0.952736	H@10 0.995025	H@20 1.000000	H@50 1.000000	H@100 1.000000
INFO:kbc-cli.py:Epoch 28/100	Loss 8.5011 ± 0.2849
INFO:kbc-cli.py:Epoch 29/100	Loss 8.4984 ± 0.2840
INFO:kbc-cli.py:Epoch 30/100	Loss 8.4936 ± 0.2900
INFO:kbc-cli.py:Epoch 30/100	dev results	MRR 0.751369	H@1 0.618090	H@3 0.864322	H@5 0.949749	H@10 0.992462	H@20 1.000000	H@50 1.000000	H@100 1.000000
INFO:kbc-cli.py:Epoch 30/100	test results	MRR 0.780843	H@1 0.651741	H@3 0.893035	H@5 0.957711	H@10 0.995025	H@20 1.000000	H@50 1.000000	H@100 1.000000
INFO:kbc-cli.py:Epoch 31/100	Loss 8.4868 ± 0.3104
INFO:kbc-cli.py:Epoch 32/100	Loss 8.4903 ± 0.2464
INFO:kbc-cli.py:Epoch 33/100	Loss 8.4918 ± 0.2781
INFO:kbc-cli.py:Epoch 33/100	dev results	MRR 0.756101	H@1 0.625628	H@3 0.866834	H@5 0.947236	H@10 0.992462	H@20 1.000000	H@50 1.000000	H@100 1.000000
INFO:kbc-cli.py:Epoch 33/100	test results	MRR 0.782709	H@1 0.654229	H@3 0.893035	H@5 0.960199	H@10 0.995025	H@20 1.000000	H@50 1.000000	H@100 1.000000
INFO:kbc-cli.py:Epoch 34/100	Loss 8.4857 ± 0.2772
INFO:kbc-cli.py:Epoch 35/100	Loss 8.4862 ± 0.2904
INFO:kbc-cli.py:Epoch 36/100	Loss 8.4806 ± 0.2832
INFO:kbc-cli.py:Epoch 36/100	dev results	MRR 0.752999	H@1 0.620603	H@3 0.869347	H@5 0.949749	H@10 0.992462	H@20 1.000000	H@50 1.000000	H@100 1.000000
INFO:kbc-cli.py:Epoch 36/100	test results	MRR 0.778518	H@1 0.646766	H@3 0.895522	H@5 0.960199	H@10 0.995025	H@20 1.000000	H@50 1.000000	H@100 1.000000
INFO:kbc-cli.py:Epoch 37/100	Loss 8.4831 ± 0.2706
INFO:kbc-cli.py:Epoch 38/100	Loss 8.4734 ± 0.2660
INFO:kbc-cli.py:Epoch 39/100	Loss 8.4761 ± 0.2982
INFO:kbc-cli.py:Epoch 39/100	dev results	MRR 0.755997	H@1 0.625628	H@3 0.864322	H@5 0.957286	H@10 0.989950	H@20 1.000000	H@50 1.000000	H@100 1.000000
INFO:kbc-cli.py:Epoch 39/100	test results	MRR 0.781885	H@1 0.651741	H@3 0.900498	H@5 0.960199	H@10 0.995025	H@20 1.000000	H@50 1.000000	H@100 1.000000
INFO:kbc-cli.py:Epoch 40/100	Loss 8.4803 ± 0.2886
INFO:kbc-cli.py:Epoch 41/100	Loss 8.4743 ± 0.2721
INFO:kbc-cli.py:Epoch 42/100	Loss 8.4767 ± 0.2879
INFO:kbc-cli.py:Epoch 42/100	dev results	MRR 0.755950	H@1 0.625628	H@3 0.866834	H@5 0.957286	H@10 0.989950	H@20 1.000000	H@50 1.000000	H@100 1.000000
INFO:kbc-cli.py:Epoch 42/100	test results	MRR 0.792213	H@1 0.671642	H@3 0.905473	H@5 0.960199	H@10 0.995025	H@20 1.000000	H@50 1.000000	H@100 1.000000
INFO:kbc-cli.py:Epoch 43/100	Loss 8.4699 ± 0.2827
INFO:kbc-cli.py:Epoch 44/100	Loss 8.4661 ± 0.3215
INFO:kbc-cli.py:Epoch 45/100	Loss 8.4724 ± 0.2760
INFO:kbc-cli.py:Epoch 45/100	dev results	MRR 0.758086	H@1 0.628141	H@3 0.869347	H@5 0.957286	H@10 0.989950	H@20 1.000000	H@50 1.000000	H@100 1.000000
INFO:kbc-cli.py:Epoch 45/100	test results	MRR 0.786306	H@1 0.659204	H@3 0.900498	H@5 0.960199	H@10 0.995025	H@20 1.000000	H@50 1.000000	H@100 1.000000
INFO:kbc-cli.py:Epoch 46/100	Loss 8.4702 ± 0.3083
INFO:kbc-cli.py:Epoch 47/100	Loss 8.4687 ± 0.2866
INFO:kbc-cli.py:Epoch 48/100	Loss 8.4649 ± 0.2727
INFO:kbc-cli.py:Epoch 48/100	dev results	MRR 0.755969	H@1 0.628141	H@3 0.866834	H@5 0.952261	H@10 0.989950	H@20 1.000000	H@50 1.000000	H@100 1.000000
INFO:kbc-cli.py:Epoch 48/100	test results	MRR 0.783601	H@1 0.654229	H@3 0.898010	H@5 0.960199	H@10 0.995025	H@20 1.000000	H@50 1.000000	H@100 1.000000
INFO:kbc-cli.py:Epoch 49/100	Loss 8.4667 ± 0.2777
INFO:kbc-cli.py:Epoch 50/100	Loss 8.4597 ± 0.2540
INFO:kbc-cli.py:Epoch 51/100	Loss 8.4594 ± 0.2668
INFO:kbc-cli.py:Epoch 51/100	dev results	MRR 0.757644	H@1 0.628141	H@3 0.869347	H@5 0.954774	H@10 0.989950	H@20 1.000000	H@50 1.000000	H@100 1.000000
INFO:kbc-cli.py:Epoch 51/100	test results	MRR 0.785784	H@1 0.656716	H@3 0.900498	H@5 0.955224	H@10 0.995025	H@20 1.000000	H@50 1.000000	H@100 1.000000
INFO:kbc-cli.py:Epoch 52/100	Loss 8.4663 ± 0.2921
INFO:kbc-cli.py:Epoch 53/100	Loss 8.4625 ± 0.2823
INFO:kbc-cli.py:Epoch 54/100	Loss 8.4610 ± 0.2846
INFO:kbc-cli.py:Epoch 54/100	dev results	MRR 0.753437	H@1 0.620603	H@3 0.869347	H@5 0.954774	H@10 0.989950	H@20 1.000000	H@50 1.000000	H@100 1.000000
INFO:kbc-cli.py:Epoch 54/100	test results	MRR 0.791019	H@1 0.666667	H@3 0.902985	H@5 0.957711	H@10 0.995025	H@20 1.000000	H@50 1.000000	H@100 1.000000
INFO:kbc-cli.py:Epoch 55/100	Loss 8.4575 ± 0.3032
INFO:kbc-cli.py:Epoch 56/100	Loss 8.4540 ± 0.2712
INFO:kbc-cli.py:Epoch 57/100	Loss 8.4562 ± 0.2792
INFO:kbc-cli.py:Epoch 57/100	dev results	MRR 0.756597	H@1 0.625628	H@3 0.869347	H@5 0.957286	H@10 0.989950	H@20 1.000000	H@50 1.000000	H@100 1.000000
INFO:kbc-cli.py:Epoch 57/100	test results	MRR 0.791025	H@1 0.669154	H@3 0.900498	H@5 0.955224	H@10 0.995025	H@20 1.000000	H@50 1.000000	H@100 1.000000
INFO:kbc-cli.py:Epoch 58/100	Loss 8.4582 ± 0.3051
INFO:kbc-cli.py:Epoch 59/100	Loss 8.4591 ± 0.2865
INFO:kbc-cli.py:Epoch 60/100	Loss 8.4593 ± 0.2978
INFO:kbc-cli.py:Epoch 60/100	dev results	MRR 0.757671	H@1 0.628141	H@3 0.866834	H@5 0.954774	H@10 0.989950	H@20 1.000000	H@50 1.000000	H@100 1.000000
INFO:kbc-cli.py:Epoch 60/100	test results	MRR 0.789012	H@1 0.664179	H@3 0.900498	H@5 0.955224	H@10 0.995025	H@20 1.000000	H@50 1.000000	H@100 1.000000
INFO:kbc-cli.py:Epoch 61/100	Loss 8.4570 ± 0.2800
INFO:kbc-cli.py:Epoch 62/100	Loss 8.4534 ± 0.2756
INFO:kbc-cli.py:Epoch 63/100	Loss 8.4576 ± 0.2839
INFO:kbc-cli.py:Epoch 63/100	dev results	MRR 0.758741	H@1 0.630653	H@3 0.864322	H@5 0.957286	H@10 0.989950	H@20 1.000000	H@50 1.000000	H@100 1.000000
INFO:kbc-cli.py:Epoch 63/100	test results	MRR 0.788727	H@1 0.664179	H@3 0.900498	H@5 0.955224	H@10 0.995025	H@20 1.000000	H@50 1.000000	H@100 1.000000
INFO:kbc-cli.py:Epoch 64/100	Loss 8.4555 ± 0.3065
INFO:kbc-cli.py:Epoch 65/100	Loss 8.4495 ± 0.2614
INFO:kbc-cli.py:Epoch 66/100	Loss 8.4490 ± 0.2782
INFO:kbc-cli.py:Epoch 66/100	dev results	MRR 0.757042	H@1 0.625628	H@3 0.874372	H@5 0.954774	H@10 0.989950	H@20 1.000000	H@50 1.000000	H@100 1.000000
INFO:kbc-cli.py:Epoch 66/100	test results	MRR 0.785466	H@1 0.659204	H@3 0.900498	H@5 0.955224	H@10 0.995025	H@20 1.000000	H@50 1.000000	H@100 1.000000
INFO:kbc-cli.py:Epoch 67/100	Loss 8.4443 ± 0.2996
INFO:kbc-cli.py:Epoch 68/100	Loss 8.4487 ± 0.2913
INFO:kbc-cli.py:Epoch 69/100	Loss 8.4445 ± 0.2918
INFO:kbc-cli.py:Epoch 69/100	dev results	MRR 0.756923	H@1 0.628141	H@3 0.869347	H@5 0.954774	H@10 0.989950	H@20 1.000000	H@50 1.000000	H@100 1.000000
INFO:kbc-cli.py:Epoch 69/100	test results	MRR 0.790113	H@1 0.666667	H@3 0.902985	H@5 0.955224	H@10 0.995025	H@20 1.000000	H@50 1.000000	H@100 1.000000
INFO:kbc-cli.py:Epoch 70/100	Loss 8.4477 ± 0.2815
INFO:kbc-cli.py:Epoch 71/100	Loss 8.4515 ± 0.2860
INFO:kbc-cli.py:Epoch 72/100	Loss 8.4476 ± 0.2681
INFO:kbc-cli.py:Epoch 72/100	dev results	MRR 0.758179	H@1 0.630653	H@3 0.869347	H@5 0.954774	H@10 0.989950	H@20 1.000000	H@50 1.000000	H@100 1.000000
INFO:kbc-cli.py:Epoch 72/100	test results	MRR 0.788786	H@1 0.664179	H@3 0.900498	H@5 0.955224	H@10 0.995025	H@20 1.000000	H@50 1.000000	H@100 1.000000
INFO:kbc-cli.py:Epoch 73/100	Loss 8.4499 ± 0.2905
INFO:kbc-cli.py:Epoch 74/100	Loss 8.4481 ± 0.2951
INFO:kbc-cli.py:Epoch 75/100	Loss 8.4477 ± 0.3037
INFO:kbc-cli.py:Epoch 75/100	dev results	MRR 0.757132	H@1 0.630653	H@3 0.866834	H@5 0.954774	H@10 0.989950	H@20 1.000000	H@50 1.000000	H@100 1.000000
INFO:kbc-cli.py:Epoch 75/100	test results	MRR 0.787625	H@1 0.661692	H@3 0.902985	H@5 0.955224	H@10 0.995025	H@20 1.000000	H@50 1.000000	H@100 1.000000
INFO:kbc-cli.py:Epoch 76/100	Loss 8.4404 ± 0.2687
INFO:kbc-cli.py:Epoch 77/100	Loss 8.4450 ± 0.2973
INFO:kbc-cli.py:Epoch 78/100	Loss 8.4442 ± 0.2503
INFO:kbc-cli.py:Epoch 78/100	dev results	MRR 0.756839	H@1 0.630653	H@3 0.866834	H@5 0.954774	H@10 0.989950	H@20 1.000000	H@50 1.000000	H@100 1.000000
INFO:kbc-cli.py:Epoch 78/100	test results	MRR 0.793074	H@1 0.671642	H@3 0.902985	H@5 0.955224	H@10 0.995025	H@20 1.000000	H@50 1.000000	H@100 1.000000
INFO:kbc-cli.py:Epoch 79/100	Loss 8.4427 ± 0.2693
INFO:kbc-cli.py:Epoch 80/100	Loss 8.4431 ± 0.2480
INFO:kbc-cli.py:Epoch 81/100	Loss 8.4393 ± 0.2587
INFO:kbc-cli.py:Epoch 81/100	dev results	MRR 0.754470	H@1 0.625628	H@3 0.869347	H@5 0.954774	H@10 0.989950	H@20 1.000000	H@50 1.000000	H@100 1.000000
INFO:kbc-cli.py:Epoch 81/100	test results	MRR 0.790561	H@1 0.666667	H@3 0.905473	H@5 0.955224	H@10 0.995025	H@20 1.000000	H@50 1.000000	H@100 1.000000
INFO:kbc-cli.py:Epoch 82/100	Loss 8.4435 ± 0.2597
INFO:kbc-cli.py:Epoch 83/100	Loss 8.4412 ± 0.2878
INFO:kbc-cli.py:Epoch 84/100	Loss 8.4426 ± 0.3031
INFO:kbc-cli.py:Epoch 84/100	dev results	MRR 0.758073	H@1 0.628141	H@3 0.874372	H@5 0.954774	H@10 0.992462	H@20 1.000000	H@50 1.000000	H@100 1.000000
INFO:kbc-cli.py:Epoch 84/100	test results	MRR 0.791746	H@1 0.669154	H@3 0.902985	H@5 0.957711	H@10 0.995025	H@20 1.000000	H@50 1.000000	H@100 1.000000
INFO:kbc-cli.py:Epoch 85/100	Loss 8.4415 ± 0.2840
INFO:kbc-cli.py:Epoch 86/100	Loss 8.4395 ± 0.2522
INFO:kbc-cli.py:Epoch 87/100	Loss 8.4383 ± 0.2613
INFO:kbc-cli.py:Epoch 87/100	dev results	MRR 0.755693	H@1 0.623116	H@3 0.871859	H@5 0.954774	H@10 0.992462	H@20 1.000000	H@50 1.000000	H@100 1.000000
INFO:kbc-cli.py:Epoch 87/100	test results	MRR 0.790255	H@1 0.666667	H@3 0.905473	H@5 0.955224	H@10 0.995025	H@20 1.000000	H@50 1.000000	H@100 1.000000
INFO:kbc-cli.py:Epoch 88/100	Loss 8.4330 ± 0.2718
INFO:kbc-cli.py:Epoch 89/100	Loss 8.4338 ± 0.2806
INFO:kbc-cli.py:Epoch 90/100	Loss 8.4368 ± 0.2609
INFO:kbc-cli.py:Epoch 90/100	dev results	MRR 0.758625	H@1 0.625628	H@3 0.871859	H@5 0.954774	H@10 0.992462	H@20 1.000000	H@50 1.000000	H@100 1.000000
INFO:kbc-cli.py:Epoch 90/100	test results	MRR 0.788802	H@1 0.664179	H@3 0.900498	H@5 0.957711	H@10 0.995025	H@20 1.000000	H@50 1.000000	H@100 1.000000
INFO:kbc-cli.py:Epoch 91/100	Loss 8.4323 ± 0.2978
INFO:kbc-cli.py:Epoch 92/100	Loss 8.4340 ± 0.2907
INFO:kbc-cli.py:Epoch 93/100	Loss 8.4379 ± 0.2871
INFO:kbc-cli.py:Epoch 93/100	dev results	MRR 0.757916	H@1 0.625628	H@3 0.874372	H@5 0.954774	H@10 0.992462	H@20 1.000000	H@50 1.000000	H@100 1.000000
INFO:kbc-cli.py:Epoch 93/100	test results	MRR 0.788758	H@1 0.664179	H@3 0.900498	H@5 0.957711	H@10 0.995025	H@20 1.000000	H@50 1.000000	H@100 1.000000
INFO:kbc-cli.py:Epoch 94/100	Loss 8.4376 ± 0.2500
INFO:kbc-cli.py:Epoch 95/100	Loss 8.4360 ± 0.2733
INFO:kbc-cli.py:Epoch 96/100	Loss 8.4353 ± 0.2998
INFO:kbc-cli.py:Epoch 96/100	dev results	MRR 0.753347	H@1 0.618090	H@3 0.874372	H@5 0.952261	H@10 0.992462	H@20 1.000000	H@50 1.000000	H@100 1.000000
INFO:kbc-cli.py:Epoch 96/100	test results	MRR 0.790693	H@1 0.666667	H@3 0.902985	H@5 0.955224	H@10 0.995025	H@20 1.000000	H@50 1.000000	H@100 1.000000
INFO:kbc-cli.py:Epoch 97/100	Loss 8.4362 ± 0.2758
INFO:kbc-cli.py:Epoch 98/100	Loss 8.4354 ± 0.2751
INFO:kbc-cli.py:Epoch 99/100	Loss 8.4328 ± 0.2985
INFO:kbc-cli.py:Epoch 99/100	dev results	MRR 0.753332	H@1 0.618090	H@3 0.869347	H@5 0.952261	H@10 0.992462	H@20 1.000000	H@50 1.000000	H@100 1.000000
INFO:kbc-cli.py:Epoch 99/100	test results	MRR 0.786299	H@1 0.659204	H@3 0.905473	H@5 0.957711	H@10 0.995025	H@20 1.000000	H@50 1.000000	H@100 1.000000
INFO:kbc-cli.py:Epoch 100/100	Loss 8.4315 ± 0.2833
INFO:kbc-cli.py:Final 	dev results	MRR 0.753960	H@1 0.618090	H@3 0.871859	H@5 0.952261	H@10 0.992462	H@20 1.000000	H@50 1.000000	H@100 1.000000
INFO:kbc-cli.py:Final 	test results	MRR 0.788247	H@1 0.664179	H@3 0.905473	H@5 0.957711	H@10 0.995025	H@20 1.000000	H@50 1.000000	H@100 1.000000
INFO:kbc-cli.py:Training finished
