./bin/kbc-cli.py --train data/nations/train.tsv --dev data/nations/dev.tsv --test data/nations/test.tsv -m complex -k 1000 -b 100 -e 100 --F2 0 --N3 0.1 -l 0.1 -I standard -V 3 -o adagrad -c spo -q
{'F2': 0.0,
 'N3': 0.1,
 'batch_size': 100,
 'corruption': 'spo',
 'dev': 'data/nations/dev.tsv',
 'embedding_size': 1000,
 'epochs': 100,
 'eval_batch_size': None,
 'input_type': 'standard',
 'learning_rate': 0.1,
 'load': None,
 'model': 'complex',
 'optimizer': 'adagrad',
 'quiet': True,
 'save': None,
 'seed': 0,
 'test': 'data/nations/test.tsv',
 'test_i': None,
 'test_ii': None,
 'train': 'data/nations/train.tsv',
 'validate_every': 3}
INFO:kbc-cli.py:Device: cuda
INFO:kbc-cli.py:Model state:
INFO:kbc-cli.py:	entities.weight	torch.Size([14, 2000])
INFO:kbc-cli.py:	predicates.weight	torch.Size([55, 2000])
INFO:kbc-cli.py:Epoch 1/100	Loss 9.9450 ± 0.6036
INFO:kbc-cli.py:Epoch 2/100	Loss 9.0528 ± 0.0875
INFO:kbc-cli.py:Epoch 3/100	Loss 8.8814 ± 0.0899
INFO:kbc-cli.py:Epoch 3/100	dev results	MRR 0.675183	H@1 0.502513	H@3 0.814070	H@5 0.922111	H@10 0.992462	H@20 1.000000	H@50 1.000000	H@100 1.000000
INFO:kbc-cli.py:Epoch 3/100	test results	MRR 0.699196	H@1 0.534826	H@3 0.845771	H@5 0.925373	H@10 0.992537	H@20 1.000000	H@50 1.000000	H@100 1.000000
INFO:kbc-cli.py:Epoch 4/100	Loss 8.8070 ± 0.1355
INFO:kbc-cli.py:Epoch 5/100	Loss 8.7577 ± 0.1127
INFO:kbc-cli.py:Epoch 6/100	Loss 8.7246 ± 0.1057
INFO:kbc-cli.py:Epoch 6/100	dev results	MRR 0.697890	H@1 0.532663	H@3 0.824121	H@5 0.949749	H@10 0.992462	H@20 1.000000	H@50 1.000000	H@100 1.000000
INFO:kbc-cli.py:Epoch 6/100	test results	MRR 0.739162	H@1 0.584577	H@3 0.863184	H@5 0.952736	H@10 0.997512	H@20 1.000000	H@50 1.000000	H@100 1.000000
INFO:kbc-cli.py:Epoch 7/100	Loss 8.7019 ± 0.1189
INFO:kbc-cli.py:Epoch 8/100	Loss 8.6740 ± 0.1079
INFO:kbc-cli.py:Epoch 9/100	Loss 8.6631 ± 0.1357
INFO:kbc-cli.py:Epoch 9/100	dev results	MRR 0.728374	H@1 0.580402	H@3 0.854271	H@5 0.957286	H@10 0.992462	H@20 1.000000	H@50 1.000000	H@100 1.000000
INFO:kbc-cli.py:Epoch 9/100	test results	MRR 0.770557	H@1 0.636816	H@3 0.878109	H@5 0.957711	H@10 0.997512	H@20 1.000000	H@50 1.000000	H@100 1.000000
INFO:kbc-cli.py:Epoch 10/100	Loss 8.6484 ± 0.1320
INFO:kbc-cli.py:Epoch 11/100	Loss 8.6344 ± 0.1318
INFO:kbc-cli.py:Epoch 12/100	Loss 8.6178 ± 0.1348
INFO:kbc-cli.py:Epoch 12/100	dev results	MRR 0.737629	H@1 0.587940	H@3 0.861809	H@5 0.957286	H@10 0.992462	H@20 1.000000	H@50 1.000000	H@100 1.000000
INFO:kbc-cli.py:Epoch 12/100	test results	MRR 0.788953	H@1 0.664179	H@3 0.898010	H@5 0.965174	H@10 1.000000	H@20 1.000000	H@50 1.000000	H@100 1.000000
INFO:kbc-cli.py:Epoch 13/100	Loss 8.6074 ± 0.0828
INFO:kbc-cli.py:Epoch 14/100	Loss 8.5995 ± 0.0909
INFO:kbc-cli.py:Epoch 15/100	Loss 8.5894 ± 0.1018
INFO:kbc-cli.py:Epoch 15/100	dev results	MRR 0.748825	H@1 0.608040	H@3 0.866834	H@5 0.954774	H@10 0.994975	H@20 1.000000	H@50 1.000000	H@100 1.000000
INFO:kbc-cli.py:Epoch 15/100	test results	MRR 0.794487	H@1 0.674129	H@3 0.902985	H@5 0.965174	H@10 1.000000	H@20 1.000000	H@50 1.000000	H@100 1.000000
INFO:kbc-cli.py:Epoch 16/100	Loss 8.5839 ± 0.1247
INFO:kbc-cli.py:Epoch 17/100	Loss 8.5731 ± 0.1078
INFO:kbc-cli.py:Epoch 18/100	Loss 8.5680 ± 0.1156
INFO:kbc-cli.py:Epoch 18/100	dev results	MRR 0.747928	H@1 0.608040	H@3 0.861809	H@5 0.954774	H@10 0.994975	H@20 1.000000	H@50 1.000000	H@100 1.000000
INFO:kbc-cli.py:Epoch 18/100	test results	MRR 0.794856	H@1 0.674129	H@3 0.900498	H@5 0.962687	H@10 1.000000	H@20 1.000000	H@50 1.000000	H@100 1.000000
INFO:kbc-cli.py:Epoch 19/100	Loss 8.5626 ± 0.1369
INFO:kbc-cli.py:Epoch 20/100	Loss 8.5556 ± 0.0841
INFO:kbc-cli.py:Epoch 21/100	Loss 8.5503 ± 0.1159
INFO:kbc-cli.py:Epoch 21/100	dev results	MRR 0.755589	H@1 0.620603	H@3 0.874372	H@5 0.954774	H@10 0.994975	H@20 1.000000	H@50 1.000000	H@100 1.000000
INFO:kbc-cli.py:Epoch 21/100	test results	MRR 0.795313	H@1 0.674129	H@3 0.898010	H@5 0.960199	H@10 1.000000	H@20 1.000000	H@50 1.000000	H@100 1.000000
INFO:kbc-cli.py:Epoch 22/100	Loss 8.5459 ± 0.1050
INFO:kbc-cli.py:Epoch 23/100	Loss 8.5401 ± 0.1101
INFO:kbc-cli.py:Epoch 24/100	Loss 8.5355 ± 0.0921
INFO:kbc-cli.py:Epoch 24/100	dev results	MRR 0.757351	H@1 0.623116	H@3 0.876884	H@5 0.947236	H@10 0.994975	H@20 1.000000	H@50 1.000000	H@100 1.000000
INFO:kbc-cli.py:Epoch 24/100	test results	MRR 0.791257	H@1 0.666667	H@3 0.902985	H@5 0.965174	H@10 1.000000	H@20 1.000000	H@50 1.000000	H@100 1.000000
INFO:kbc-cli.py:Epoch 25/100	Loss 8.5301 ± 0.1115
INFO:kbc-cli.py:Epoch 26/100	Loss 8.5294 ± 0.0909
INFO:kbc-cli.py:Epoch 27/100	Loss 8.5253 ± 0.0999
INFO:kbc-cli.py:Epoch 27/100	dev results	MRR 0.759986	H@1 0.630653	H@3 0.874372	H@5 0.949749	H@10 0.994975	H@20 1.000000	H@50 1.000000	H@100 1.000000
INFO:kbc-cli.py:Epoch 27/100	test results	MRR 0.787743	H@1 0.656716	H@3 0.907960	H@5 0.962687	H@10 1.000000	H@20 1.000000	H@50 1.000000	H@100 1.000000
INFO:kbc-cli.py:Epoch 28/100	Loss 8.5225 ± 0.0989
INFO:kbc-cli.py:Epoch 29/100	Loss 8.5162 ± 0.0778
INFO:kbc-cli.py:Epoch 30/100	Loss 8.5147 ± 0.1190
INFO:kbc-cli.py:Epoch 30/100	dev results	MRR 0.761487	H@1 0.630653	H@3 0.879397	H@5 0.952261	H@10 0.994975	H@20 1.000000	H@50 1.000000	H@100 1.000000
INFO:kbc-cli.py:Epoch 30/100	test results	MRR 0.798205	H@1 0.676617	H@3 0.902985	H@5 0.960199	H@10 1.000000	H@20 1.000000	H@50 1.000000	H@100 1.000000
INFO:kbc-cli.py:Epoch 31/100	Loss 8.5116 ± 0.0754
INFO:kbc-cli.py:Epoch 32/100	Loss 8.5080 ± 0.0722
INFO:kbc-cli.py:Epoch 33/100	Loss 8.5069 ± 0.0957
INFO:kbc-cli.py:Epoch 33/100	dev results	MRR 0.758849	H@1 0.628141	H@3 0.876884	H@5 0.949749	H@10 0.994975	H@20 1.000000	H@50 1.000000	H@100 1.000000
INFO:kbc-cli.py:Epoch 33/100	test results	MRR 0.793162	H@1 0.666667	H@3 0.910448	H@5 0.962687	H@10 1.000000	H@20 1.000000	H@50 1.000000	H@100 1.000000
INFO:kbc-cli.py:Epoch 34/100	Loss 8.5033 ± 0.1328
INFO:kbc-cli.py:Epoch 35/100	Loss 8.5022 ± 0.1227
INFO:kbc-cli.py:Epoch 36/100	Loss 8.4994 ± 0.1091
INFO:kbc-cli.py:Epoch 36/100	dev results	MRR 0.754201	H@1 0.620603	H@3 0.876884	H@5 0.952261	H@10 0.994975	H@20 1.000000	H@50 1.000000	H@100 1.000000
INFO:kbc-cli.py:Epoch 36/100	test results	MRR 0.791448	H@1 0.664179	H@3 0.907960	H@5 0.960199	H@10 1.000000	H@20 1.000000	H@50 1.000000	H@100 1.000000
INFO:kbc-cli.py:Epoch 37/100	Loss 8.4968 ± 0.0720
INFO:kbc-cli.py:Epoch 38/100	Loss 8.4933 ± 0.0655
INFO:kbc-cli.py:Epoch 39/100	Loss 8.4901 ± 0.0625
INFO:kbc-cli.py:Epoch 39/100	dev results	MRR 0.760398	H@1 0.630653	H@3 0.874372	H@5 0.952261	H@10 0.994975	H@20 1.000000	H@50 1.000000	H@100 1.000000
INFO:kbc-cli.py:Epoch 39/100	test results	MRR 0.794329	H@1 0.669154	H@3 0.907960	H@5 0.960199	H@10 1.000000	H@20 1.000000	H@50 1.000000	H@100 1.000000
INFO:kbc-cli.py:Epoch 40/100	Loss 8.4905 ± 0.1352
INFO:kbc-cli.py:Epoch 41/100	Loss 8.4904 ± 0.1110
INFO:kbc-cli.py:Epoch 42/100	Loss 8.4869 ± 0.0912
INFO:kbc-cli.py:Epoch 42/100	dev results	MRR 0.760691	H@1 0.630653	H@3 0.881910	H@5 0.954774	H@10 0.994975	H@20 1.000000	H@50 1.000000	H@100 1.000000
INFO:kbc-cli.py:Epoch 42/100	test results	MRR 0.795449	H@1 0.674129	H@3 0.910448	H@5 0.970149	H@10 1.000000	H@20 1.000000	H@50 1.000000	H@100 1.000000
INFO:kbc-cli.py:Epoch 43/100	Loss 8.4851 ± 0.1092
INFO:kbc-cli.py:Epoch 44/100	Loss 8.4820 ± 0.1714
INFO:kbc-cli.py:Epoch 45/100	Loss 8.4817 ± 0.1156
INFO:kbc-cli.py:Epoch 45/100	dev results	MRR 0.763085	H@1 0.635678	H@3 0.884422	H@5 0.954774	H@10 0.994975	H@20 1.000000	H@50 1.000000	H@100 1.000000
INFO:kbc-cli.py:Epoch 45/100	test results	MRR 0.794189	H@1 0.666667	H@3 0.912935	H@5 0.962687	H@10 1.000000	H@20 1.000000	H@50 1.000000	H@100 1.000000
INFO:kbc-cli.py:Epoch 46/100	Loss 8.4796 ± 0.1057
INFO:kbc-cli.py:Epoch 47/100	Loss 8.4783 ± 0.0959
INFO:kbc-cli.py:Epoch 48/100	Loss 8.4743 ± 0.0712
INFO:kbc-cli.py:Epoch 48/100	dev results	MRR 0.763766	H@1 0.635678	H@3 0.886935	H@5 0.954774	H@10 0.994975	H@20 1.000000	H@50 1.000000	H@100 1.000000
INFO:kbc-cli.py:Epoch 48/100	test results	MRR 0.798634	H@1 0.676617	H@3 0.912935	H@5 0.965174	H@10 1.000000	H@20 1.000000	H@50 1.000000	H@100 1.000000
INFO:kbc-cli.py:Epoch 49/100	Loss 8.4764 ± 0.0834
INFO:kbc-cli.py:Epoch 50/100	Loss 8.4740 ± 0.0975
INFO:kbc-cli.py:Epoch 51/100	Loss 8.4745 ± 0.1050
INFO:kbc-cli.py:Epoch 51/100	dev results	MRR 0.765220	H@1 0.638191	H@3 0.881910	H@5 0.952261	H@10 0.994975	H@20 1.000000	H@50 1.000000	H@100 1.000000
INFO:kbc-cli.py:Epoch 51/100	test results	MRR 0.796106	H@1 0.669154	H@3 0.915423	H@5 0.970149	H@10 1.000000	H@20 1.000000	H@50 1.000000	H@100 1.000000
INFO:kbc-cli.py:Epoch 52/100	Loss 8.4721 ± 0.0603
INFO:kbc-cli.py:Epoch 53/100	Loss 8.4711 ± 0.0725
INFO:kbc-cli.py:Epoch 54/100	Loss 8.4681 ± 0.0970
INFO:kbc-cli.py:Epoch 54/100	dev results	MRR 0.764806	H@1 0.638191	H@3 0.881910	H@5 0.954774	H@10 0.994975	H@20 1.000000	H@50 1.000000	H@100 1.000000
INFO:kbc-cli.py:Epoch 54/100	test results	MRR 0.799070	H@1 0.676617	H@3 0.915423	H@5 0.970149	H@10 1.000000	H@20 1.000000	H@50 1.000000	H@100 1.000000
INFO:kbc-cli.py:Epoch 55/100	Loss 8.4691 ± 0.1101
INFO:kbc-cli.py:Epoch 56/100	Loss 8.4660 ± 0.0925
INFO:kbc-cli.py:Epoch 57/100	Loss 8.4656 ± 0.0990
INFO:kbc-cli.py:Epoch 57/100	dev results	MRR 0.769095	H@1 0.643216	H@3 0.884422	H@5 0.954774	H@10 0.994975	H@20 1.000000	H@50 1.000000	H@100 1.000000
INFO:kbc-cli.py:Epoch 57/100	test results	MRR 0.795404	H@1 0.671642	H@3 0.910448	H@5 0.970149	H@10 1.000000	H@20 1.000000	H@50 1.000000	H@100 1.000000
INFO:kbc-cli.py:Epoch 58/100	Loss 8.4642 ± 0.1097
INFO:kbc-cli.py:Epoch 59/100	Loss 8.4638 ± 0.1140
INFO:kbc-cli.py:Epoch 60/100	Loss 8.4624 ± 0.1150
INFO:kbc-cli.py:Epoch 60/100	dev results	MRR 0.764074	H@1 0.635678	H@3 0.879397	H@5 0.952261	H@10 0.992462	H@20 1.000000	H@50 1.000000	H@100 1.000000
INFO:kbc-cli.py:Epoch 60/100	test results	MRR 0.793207	H@1 0.666667	H@3 0.907960	H@5 0.972637	H@10 1.000000	H@20 1.000000	H@50 1.000000	H@100 1.000000
INFO:kbc-cli.py:Epoch 61/100	Loss 8.4618 ± 0.0993
INFO:kbc-cli.py:Epoch 62/100	Loss 8.4601 ± 0.1178
INFO:kbc-cli.py:Epoch 63/100	Loss 8.4579 ± 0.0699
INFO:kbc-cli.py:Epoch 63/100	dev results	MRR 0.770001	H@1 0.645729	H@3 0.881910	H@5 0.954774	H@10 0.994975	H@20 1.000000	H@50 1.000000	H@100 1.000000
INFO:kbc-cli.py:Epoch 63/100	test results	MRR 0.799895	H@1 0.681592	H@3 0.910448	H@5 0.970149	H@10 1.000000	H@20 1.000000	H@50 1.000000	H@100 1.000000
INFO:kbc-cli.py:Epoch 64/100	Loss 8.4580 ± 0.1118
INFO:kbc-cli.py:Epoch 65/100	Loss 8.4589 ± 0.1074
INFO:kbc-cli.py:Epoch 66/100	Loss 8.4569 ± 0.1382
INFO:kbc-cli.py:Epoch 66/100	dev results	MRR 0.769857	H@1 0.645729	H@3 0.881910	H@5 0.952261	H@10 0.994975	H@20 1.000000	H@50 1.000000	H@100 1.000000
INFO:kbc-cli.py:Epoch 66/100	test results	MRR 0.795429	H@1 0.671642	H@3 0.915423	H@5 0.970149	H@10 1.000000	H@20 1.000000	H@50 1.000000	H@100 1.000000
INFO:kbc-cli.py:Epoch 67/100	Loss 8.4545 ± 0.1210
INFO:kbc-cli.py:Epoch 68/100	Loss 8.4545 ± 0.0753
INFO:kbc-cli.py:Epoch 69/100	Loss 8.4523 ± 0.0897
INFO:kbc-cli.py:Epoch 69/100	dev results	MRR 0.765752	H@1 0.638191	H@3 0.881910	H@5 0.949749	H@10 0.994975	H@20 1.000000	H@50 1.000000	H@100 1.000000
INFO:kbc-cli.py:Epoch 69/100	test results	MRR 0.798976	H@1 0.679104	H@3 0.907960	H@5 0.972637	H@10 1.000000	H@20 1.000000	H@50 1.000000	H@100 1.000000
INFO:kbc-cli.py:Epoch 70/100	Loss 8.4532 ± 0.0799
INFO:kbc-cli.py:Epoch 71/100	Loss 8.4530 ± 0.1135
INFO:kbc-cli.py:Epoch 72/100	Loss 8.4514 ± 0.0760
INFO:kbc-cli.py:Epoch 72/100	dev results	MRR 0.761669	H@1 0.633166	H@3 0.876884	H@5 0.954774	H@10 0.992462	H@20 1.000000	H@50 1.000000	H@100 1.000000
INFO:kbc-cli.py:Epoch 72/100	test results	MRR 0.791642	H@1 0.666667	H@3 0.905473	H@5 0.972637	H@10 1.000000	H@20 1.000000	H@50 1.000000	H@100 1.000000
INFO:kbc-cli.py:Epoch 73/100	Loss 8.4507 ± 0.1045
INFO:kbc-cli.py:Epoch 74/100	Loss 8.4503 ± 0.0905
INFO:kbc-cli.py:Epoch 75/100	Loss 8.4490 ± 0.1057
INFO:kbc-cli.py:Epoch 75/100	dev results	MRR 0.768601	H@1 0.643216	H@3 0.881910	H@5 0.949749	H@10 0.992462	H@20 1.000000	H@50 1.000000	H@100 1.000000
INFO:kbc-cli.py:Epoch 75/100	test results	MRR 0.794348	H@1 0.669154	H@3 0.907960	H@5 0.970149	H@10 1.000000	H@20 1.000000	H@50 1.000000	H@100 1.000000
INFO:kbc-cli.py:Epoch 76/100	Loss 8.4472 ± 0.0862
INFO:kbc-cli.py:Epoch 77/100	Loss 8.4476 ± 0.0952
INFO:kbc-cli.py:Epoch 78/100	Loss 8.4462 ± 0.0671
INFO:kbc-cli.py:Epoch 78/100	dev results	MRR 0.767680	H@1 0.640704	H@3 0.881910	H@5 0.947236	H@10 0.992462	H@20 1.000000	H@50 1.000000	H@100 1.000000
INFO:kbc-cli.py:Epoch 78/100	test results	MRR 0.795532	H@1 0.671642	H@3 0.912935	H@5 0.970149	H@10 1.000000	H@20 1.000000	H@50 1.000000	H@100 1.000000
INFO:kbc-cli.py:Epoch 79/100	Loss 8.4474 ± 0.1019
INFO:kbc-cli.py:Epoch 80/100	Loss 8.4447 ± 0.0836
INFO:kbc-cli.py:Epoch 81/100	Loss 8.4438 ± 0.0946
INFO:kbc-cli.py:Epoch 81/100	dev results	MRR 0.771342	H@1 0.648241	H@3 0.879397	H@5 0.949749	H@10 0.992462	H@20 1.000000	H@50 1.000000	H@100 1.000000
INFO:kbc-cli.py:Epoch 81/100	test results	MRR 0.796669	H@1 0.674129	H@3 0.910448	H@5 0.967662	H@10 1.000000	H@20 1.000000	H@50 1.000000	H@100 1.000000
INFO:kbc-cli.py:Epoch 82/100	Loss 8.4443 ± 0.0915
INFO:kbc-cli.py:Epoch 83/100	Loss 8.4439 ± 0.0979
INFO:kbc-cli.py:Epoch 84/100	Loss 8.4440 ± 0.1207
INFO:kbc-cli.py:Epoch 84/100	dev results	MRR 0.770462	H@1 0.645729	H@3 0.881910	H@5 0.952261	H@10 0.994975	H@20 1.000000	H@50 1.000000	H@100 1.000000
INFO:kbc-cli.py:Epoch 84/100	test results	MRR 0.794970	H@1 0.674129	H@3 0.905473	H@5 0.970149	H@10 1.000000	H@20 1.000000	H@50 1.000000	H@100 1.000000
INFO:kbc-cli.py:Epoch 85/100	Loss 8.4426 ± 0.0886
INFO:kbc-cli.py:Epoch 86/100	Loss 8.4417 ± 0.0963
INFO:kbc-cli.py:Epoch 87/100	Loss 8.4411 ± 0.0698
INFO:kbc-cli.py:Epoch 87/100	dev results	MRR 0.768350	H@1 0.643216	H@3 0.881910	H@5 0.954774	H@10 0.992462	H@20 1.000000	H@50 1.000000	H@100 1.000000
INFO:kbc-cli.py:Epoch 87/100	test results	MRR 0.794371	H@1 0.671642	H@3 0.902985	H@5 0.972637	H@10 1.000000	H@20 1.000000	H@50 1.000000	H@100 1.000000
INFO:kbc-cli.py:Epoch 88/100	Loss 8.4401 ± 0.0722
INFO:kbc-cli.py:Epoch 89/100	Loss 8.4395 ± 0.0789
INFO:kbc-cli.py:Epoch 90/100	Loss 8.4403 ± 0.0826
INFO:kbc-cli.py:Epoch 90/100	dev results	MRR 0.772244	H@1 0.650754	H@3 0.879397	H@5 0.954774	H@10 0.994975	H@20 1.000000	H@50 1.000000	H@100 1.000000
INFO:kbc-cli.py:Epoch 90/100	test results	MRR 0.794662	H@1 0.674129	H@3 0.907960	H@5 0.972637	H@10 1.000000	H@20 1.000000	H@50 1.000000	H@100 1.000000
INFO:kbc-cli.py:Epoch 91/100	Loss 8.4382 ± 0.0632
INFO:kbc-cli.py:Epoch 92/100	Loss 8.4395 ± 0.1106
INFO:kbc-cli.py:Epoch 93/100	Loss 8.4380 ± 0.0732
INFO:kbc-cli.py:Epoch 93/100	dev results	MRR 0.766922	H@1 0.640704	H@3 0.881910	H@5 0.952261	H@10 0.992462	H@20 1.000000	H@50 1.000000	H@100 1.000000
INFO:kbc-cli.py:Epoch 93/100	test results	MRR 0.794928	H@1 0.671642	H@3 0.910448	H@5 0.972637	H@10 1.000000	H@20 1.000000	H@50 1.000000	H@100 1.000000
INFO:kbc-cli.py:Epoch 94/100	Loss 8.4375 ± 0.0795
INFO:kbc-cli.py:Epoch 95/100	Loss 8.4357 ± 0.0884
INFO:kbc-cli.py:Epoch 96/100	Loss 8.4355 ± 0.1196
INFO:kbc-cli.py:Epoch 96/100	dev results	MRR 0.769583	H@1 0.645729	H@3 0.884422	H@5 0.954774	H@10 0.994975	H@20 1.000000	H@50 1.000000	H@100 1.000000
INFO:kbc-cli.py:Epoch 96/100	test results	MRR 0.794638	H@1 0.671642	H@3 0.910448	H@5 0.972637	H@10 1.000000	H@20 1.000000	H@50 1.000000	H@100 1.000000
INFO:kbc-cli.py:Epoch 97/100	Loss 8.4360 ± 0.0892
INFO:kbc-cli.py:Epoch 98/100	Loss 8.4353 ± 0.0924
INFO:kbc-cli.py:Epoch 99/100	Loss 8.4351 ± 0.0866
INFO:kbc-cli.py:Epoch 99/100	dev results	MRR 0.768685	H@1 0.643216	H@3 0.884422	H@5 0.952261	H@10 0.997487	H@20 1.000000	H@50 1.000000	H@100 1.000000
INFO:kbc-cli.py:Epoch 99/100	test results	MRR 0.795591	H@1 0.674129	H@3 0.912935	H@5 0.970149	H@10 1.000000	H@20 1.000000	H@50 1.000000	H@100 1.000000
INFO:kbc-cli.py:Epoch 100/100	Loss 8.4335 ± 0.0589
INFO:kbc-cli.py:Final 	dev results	MRR 0.769941	H@1 0.645729	H@3 0.884422	H@5 0.952261	H@10 0.997487	H@20 1.000000	H@50 1.000000	H@100 1.000000
INFO:kbc-cli.py:Final 	test results	MRR 0.797464	H@1 0.676617	H@3 0.910448	H@5 0.970149	H@10 1.000000	H@20 1.000000	H@50 1.000000	H@100 1.000000
INFO:kbc-cli.py:Training finished
