./bin/kbc-cli.py --train data/umls/train.tsv --dev data/umls/dev.tsv --test data/umls/test.tsv -m complex -k 200 -b 10 -e 100 --F2 0 --N3 0.01 -l 0.1 -I standard -V 3 -o adagrad -c so -q
{'F2': 0.0,
 'N3': 0.01,
 'batch_size': 10,
 'corruption': 'so',
 'dev': 'data/umls/dev.tsv',
 'embedding_size': 200,
 'epochs': 100,
 'eval_batch_size': None,
 'input_type': 'standard',
 'learning_rate': 0.1,
 'load': None,
 'model': 'complex',
 'optimizer': 'adagrad',
 'quiet': True,
 'save': None,
 'seed': 0,
 'test': 'data/umls/test.tsv',
 'test_i': None,
 'test_ii': None,
 'train': 'data/umls/train.tsv',
 'validate_every': 3}
INFO:kbc-cli.py:Device: cuda
INFO:kbc-cli.py:Model state:
INFO:kbc-cli.py:	entities.weight	torch.Size([135, 400])
INFO:kbc-cli.py:	predicates.weight	torch.Size([46, 400])
INFO:kbc-cli.py:Epoch 1/100	Loss 7.8427 ± 0.9148
INFO:kbc-cli.py:Epoch 2/100	Loss 6.4202 ± 0.3584
INFO:kbc-cli.py:Epoch 3/100	Loss 6.1930 ± 0.3447
INFO:kbc-cli.py:Epoch 3/100	dev results	MRR 0.929366	H@1 0.873466	H@3 0.980061	H@5 0.990798	H@10 0.999233	H@20 0.999233	H@50 1.000000	H@100 1.000000
INFO:kbc-cli.py:Epoch 3/100	test results	MRR 0.919452	H@1 0.855522	H@3 0.981846	H@5 0.987141	H@10 0.996218	H@20 0.998487	H@50 0.999244	H@100 1.000000
INFO:kbc-cli.py:Epoch 4/100	Loss 6.0851 ± 0.3649
INFO:kbc-cli.py:Epoch 5/100	Loss 6.0178 ± 0.3621
INFO:kbc-cli.py:Epoch 6/100	Loss 5.9685 ± 0.3863
INFO:kbc-cli.py:Epoch 6/100	dev results	MRR 0.929782	H@1 0.871933	H@3 0.983896	H@5 0.992331	H@10 0.999233	H@20 0.999233	H@50 1.000000	H@100 1.000000
INFO:kbc-cli.py:Epoch 6/100	test results	MRR 0.922561	H@1 0.856278	H@3 0.987897	H@5 0.991679	H@10 0.996974	H@20 0.999244	H@50 0.999244	H@100 1.000000
INFO:kbc-cli.py:Epoch 7/100	Loss 5.9303 ± 0.3730
INFO:kbc-cli.py:Epoch 8/100	Loss 5.8978 ± 0.3704
INFO:kbc-cli.py:Epoch 9/100	Loss 5.8714 ± 0.3788
INFO:kbc-cli.py:Epoch 9/100	dev results	MRR 0.954600	H@1 0.921012	H@3 0.986963	H@5 0.993865	H@10 0.999233	H@20 0.999233	H@50 1.000000	H@100 1.000000
INFO:kbc-cli.py:Epoch 9/100	test results	MRR 0.950593	H@1 0.912254	H@3 0.988654	H@5 0.992436	H@10 0.997731	H@20 0.999244	H@50 0.999244	H@100 1.000000
INFO:kbc-cli.py:Epoch 10/100	Loss 5.8503 ± 0.3838
INFO:kbc-cli.py:Epoch 11/100	Loss 5.8314 ± 0.3874
INFO:kbc-cli.py:Epoch 12/100	Loss 5.8134 ± 0.3715
INFO:kbc-cli.py:Epoch 12/100	dev results	MRR 0.956504	H@1 0.923313	H@3 0.989264	H@5 0.994632	H@10 0.998466	H@20 0.999233	H@50 1.000000	H@100 1.000000
INFO:kbc-cli.py:Epoch 12/100	test results	MRR 0.955710	H@1 0.921331	H@3 0.988654	H@5 0.992436	H@10 0.997731	H@20 0.998487	H@50 0.999244	H@100 1.000000
INFO:kbc-cli.py:Epoch 13/100	Loss 5.7973 ± 0.3987
INFO:kbc-cli.py:Epoch 14/100	Loss 5.7822 ± 0.3852
INFO:kbc-cli.py:Epoch 15/100	Loss 5.7705 ± 0.3518
INFO:kbc-cli.py:Epoch 15/100	dev results	MRR 0.963688	H@1 0.938650	H@3 0.987730	H@5 0.993865	H@10 0.998466	H@20 0.999233	H@50 1.000000	H@100 1.000000
INFO:kbc-cli.py:Epoch 15/100	test results	MRR 0.962745	H@1 0.934947	H@3 0.990166	H@5 0.992436	H@10 0.997731	H@20 0.998487	H@50 0.999244	H@100 1.000000
INFO:kbc-cli.py:Epoch 16/100	Loss 5.7570 ± 0.3691
INFO:kbc-cli.py:Epoch 17/100	Loss 5.7463 ± 0.3718
INFO:kbc-cli.py:Epoch 18/100	Loss 5.7363 ± 0.3906
INFO:kbc-cli.py:Epoch 18/100	dev results	MRR 0.961167	H@1 0.934816	H@3 0.985429	H@5 0.994632	H@10 0.998466	H@20 0.999233	H@50 1.000000	H@100 1.000000
INFO:kbc-cli.py:Epoch 18/100	test results	MRR 0.961173	H@1 0.932678	H@3 0.990923	H@5 0.993192	H@10 0.997731	H@20 0.998487	H@50 0.999244	H@100 1.000000
INFO:kbc-cli.py:Epoch 19/100	Loss 5.7279 ± 0.3708
INFO:kbc-cli.py:Epoch 20/100	Loss 5.7198 ± 0.3531
INFO:kbc-cli.py:Epoch 21/100	Loss 5.7116 ± 0.3788
INFO:kbc-cli.py:Epoch 21/100	dev results	MRR 0.963171	H@1 0.937883	H@3 0.987730	H@5 0.993865	H@10 0.998466	H@20 0.999233	H@50 1.000000	H@100 1.000000
INFO:kbc-cli.py:Epoch 21/100	test results	MRR 0.961299	H@1 0.932678	H@3 0.989410	H@5 0.993192	H@10 0.998487	H@20 0.998487	H@50 0.999244	H@100 1.000000
INFO:kbc-cli.py:Epoch 22/100	Loss 5.7037 ± 0.3856
INFO:kbc-cli.py:Epoch 23/100	Loss 5.6968 ± 0.3614
INFO:kbc-cli.py:Epoch 24/100	Loss 5.6883 ± 0.3707
INFO:kbc-cli.py:Epoch 24/100	dev results	MRR 0.964598	H@1 0.940951	H@3 0.984663	H@5 0.994632	H@10 0.997699	H@20 0.999233	H@50 1.000000	H@100 1.000000
INFO:kbc-cli.py:Epoch 24/100	test results	MRR 0.963553	H@1 0.937216	H@3 0.988654	H@5 0.992436	H@10 0.997731	H@20 0.998487	H@50 0.999244	H@100 1.000000
INFO:kbc-cli.py:Epoch 25/100	Loss 5.6845 ± 0.3668
INFO:kbc-cli.py:Epoch 26/100	Loss 5.6770 ± 0.3720
INFO:kbc-cli.py:Epoch 27/100	Loss 5.6728 ± 0.3632
INFO:kbc-cli.py:Epoch 27/100	dev results	MRR 0.966337	H@1 0.944018	H@3 0.986196	H@5 0.993865	H@10 0.997699	H@20 0.999233	H@50 1.000000	H@100 1.000000
INFO:kbc-cli.py:Epoch 27/100	test results	MRR 0.963546	H@1 0.937973	H@3 0.989410	H@5 0.993192	H@10 0.996974	H@20 0.998487	H@50 0.999244	H@100 1.000000
INFO:kbc-cli.py:Epoch 28/100	Loss 5.6670 ± 0.3925
INFO:kbc-cli.py:Epoch 29/100	Loss 5.6621 ± 0.3595
INFO:kbc-cli.py:Epoch 30/100	Loss 5.6578 ± 0.3840
INFO:kbc-cli.py:Epoch 30/100	dev results	MRR 0.969487	H@1 0.950153	H@3 0.985429	H@5 0.994632	H@10 0.996933	H@20 0.999233	H@50 1.000000	H@100 1.000000
INFO:kbc-cli.py:Epoch 30/100	test results	MRR 0.965636	H@1 0.941755	H@3 0.989410	H@5 0.992436	H@10 0.997731	H@20 0.998487	H@50 0.999244	H@100 1.000000
INFO:kbc-cli.py:Epoch 31/100	Loss 5.6532 ± 0.3728
INFO:kbc-cli.py:Epoch 32/100	Loss 5.6480 ± 0.3786
INFO:kbc-cli.py:Epoch 33/100	Loss 5.6446 ± 0.3692
INFO:kbc-cli.py:Epoch 33/100	dev results	MRR 0.967501	H@1 0.947086	H@3 0.985429	H@5 0.994632	H@10 0.997699	H@20 0.999233	H@50 1.000000	H@100 1.000000
INFO:kbc-cli.py:Epoch 33/100	test results	MRR 0.965950	H@1 0.942511	H@3 0.989410	H@5 0.993192	H@10 0.997731	H@20 0.998487	H@50 0.999244	H@100 1.000000
INFO:kbc-cli.py:Epoch 34/100	Loss 5.6398 ± 0.3864
INFO:kbc-cli.py:Epoch 35/100	Loss 5.6369 ± 0.3736
INFO:kbc-cli.py:Epoch 36/100	Loss 5.6334 ± 0.3764
INFO:kbc-cli.py:Epoch 36/100	dev results	MRR 0.968326	H@1 0.948620	H@3 0.983896	H@5 0.994632	H@10 0.996933	H@20 0.999233	H@50 1.000000	H@100 1.000000
INFO:kbc-cli.py:Epoch 36/100	test results	MRR 0.965635	H@1 0.941755	H@3 0.988654	H@5 0.993192	H@10 0.997731	H@20 0.998487	H@50 0.999244	H@100 1.000000
INFO:kbc-cli.py:Epoch 37/100	Loss 5.6309 ± 0.3685
INFO:kbc-cli.py:Epoch 38/100	Loss 5.6259 ± 0.3740
INFO:kbc-cli.py:Epoch 39/100	Loss 5.6233 ± 0.3870
INFO:kbc-cli.py:Epoch 39/100	dev results	MRR 0.968117	H@1 0.948620	H@3 0.983896	H@5 0.994632	H@10 0.996933	H@20 0.999233	H@50 1.000000	H@100 1.000000
INFO:kbc-cli.py:Epoch 39/100	test results	MRR 0.966871	H@1 0.944024	H@3 0.988654	H@5 0.992436	H@10 0.997731	H@20 0.998487	H@50 0.999244	H@100 1.000000
INFO:kbc-cli.py:Epoch 40/100	Loss 5.6194 ± 0.3693
INFO:kbc-cli.py:Epoch 41/100	Loss 5.6169 ± 0.3829
INFO:kbc-cli.py:Epoch 42/100	Loss 5.6147 ± 0.3823
INFO:kbc-cli.py:Epoch 42/100	dev results	MRR 0.966772	H@1 0.945552	H@3 0.984663	H@5 0.993865	H@10 0.996933	H@20 0.998466	H@50 1.000000	H@100 1.000000
INFO:kbc-cli.py:Epoch 42/100	test results	MRR 0.966753	H@1 0.944024	H@3 0.988654	H@5 0.993192	H@10 0.996974	H@20 0.998487	H@50 0.999244	H@100 1.000000
INFO:kbc-cli.py:Epoch 43/100	Loss 5.6123 ± 0.3771
INFO:kbc-cli.py:Epoch 44/100	Loss 5.6086 ± 0.3605
INFO:kbc-cli.py:Epoch 45/100	Loss 5.6060 ± 0.3609
INFO:kbc-cli.py:Epoch 45/100	dev results	MRR 0.967007	H@1 0.945552	H@3 0.985429	H@5 0.994632	H@10 0.996933	H@20 0.999233	H@50 1.000000	H@100 1.000000
INFO:kbc-cli.py:Epoch 45/100	test results	MRR 0.967239	H@1 0.944781	H@3 0.988654	H@5 0.992436	H@10 0.997731	H@20 0.998487	H@50 0.999244	H@100 1.000000
INFO:kbc-cli.py:Epoch 46/100	Loss 5.6040 ± 0.3652
INFO:kbc-cli.py:Epoch 47/100	Loss 5.6013 ± 0.3378
INFO:kbc-cli.py:Epoch 48/100	Loss 5.5996 ± 0.3878
INFO:kbc-cli.py:Epoch 48/100	dev results	MRR 0.967025	H@1 0.946319	H@3 0.984663	H@5 0.994632	H@10 0.996933	H@20 0.998466	H@50 1.000000	H@100 1.000000
INFO:kbc-cli.py:Epoch 48/100	test results	MRR 0.965683	H@1 0.941755	H@3 0.987897	H@5 0.993192	H@10 0.997731	H@20 0.998487	H@50 0.999244	H@100 1.000000
INFO:kbc-cli.py:Epoch 49/100	Loss 5.5969 ± 0.3577
INFO:kbc-cli.py:Epoch 50/100	Loss 5.5951 ± 0.3771
INFO:kbc-cli.py:Epoch 51/100	Loss 5.5929 ± 0.3652
INFO:kbc-cli.py:Epoch 51/100	dev results	MRR 0.966432	H@1 0.944785	H@3 0.983896	H@5 0.994632	H@10 0.996933	H@20 0.998466	H@50 1.000000	H@100 1.000000
INFO:kbc-cli.py:Epoch 51/100	test results	MRR 0.966490	H@1 0.943268	H@3 0.988654	H@5 0.992436	H@10 0.997731	H@20 0.998487	H@50 0.999244	H@100 1.000000
INFO:kbc-cli.py:Epoch 52/100	Loss 5.5905 ± 0.3571
INFO:kbc-cli.py:Epoch 53/100	Loss 5.5887 ± 0.3514
INFO:kbc-cli.py:Epoch 54/100	Loss 5.5868 ± 0.3607
INFO:kbc-cli.py:Epoch 54/100	dev results	MRR 0.967920	H@1 0.947853	H@3 0.983129	H@5 0.994632	H@10 0.996933	H@20 0.998466	H@50 1.000000	H@100 1.000000
INFO:kbc-cli.py:Epoch 54/100	test results	MRR 0.966547	H@1 0.944024	H@3 0.987897	H@5 0.992436	H@10 0.997731	H@20 0.998487	H@50 0.999244	H@100 1.000000
INFO:kbc-cli.py:Epoch 55/100	Loss 5.5848 ± 0.3741
INFO:kbc-cli.py:Epoch 56/100	Loss 5.5831 ± 0.3829
INFO:kbc-cli.py:Epoch 57/100	Loss 5.5816 ± 0.3608
INFO:kbc-cli.py:Epoch 57/100	dev results	MRR 0.968071	H@1 0.948620	H@3 0.982362	H@5 0.994632	H@10 0.996933	H@20 0.998466	H@50 1.000000	H@100 1.000000
INFO:kbc-cli.py:Epoch 57/100	test results	MRR 0.966073	H@1 0.943268	H@3 0.987141	H@5 0.992436	H@10 0.997731	H@20 0.998487	H@50 0.999244	H@100 1.000000
INFO:kbc-cli.py:Epoch 58/100	Loss 5.5797 ± 0.3709
INFO:kbc-cli.py:Epoch 59/100	Loss 5.5774 ± 0.3828
INFO:kbc-cli.py:Epoch 60/100	Loss 5.5757 ± 0.3640
INFO:kbc-cli.py:Epoch 60/100	dev results	MRR 0.967346	H@1 0.947086	H@3 0.982362	H@5 0.994632	H@10 0.996933	H@20 0.999233	H@50 1.000000	H@100 1.000000
INFO:kbc-cli.py:Epoch 60/100	test results	MRR 0.966146	H@1 0.943268	H@3 0.987897	H@5 0.992436	H@10 0.997731	H@20 0.998487	H@50 0.999244	H@100 1.000000
INFO:kbc-cli.py:Epoch 61/100	Loss 5.5743 ± 0.3752
INFO:kbc-cli.py:Epoch 62/100	Loss 5.5742 ± 0.3625
INFO:kbc-cli.py:Epoch 63/100	Loss 5.5716 ± 0.3592
INFO:kbc-cli.py:Epoch 63/100	dev results	MRR 0.966919	H@1 0.946319	H@3 0.982362	H@5 0.994632	H@10 0.996933	H@20 0.997699	H@50 1.000000	H@100 1.000000
INFO:kbc-cli.py:Epoch 63/100	test results	MRR 0.966669	H@1 0.944024	H@3 0.987897	H@5 0.992436	H@10 0.997731	H@20 0.998487	H@50 0.999244	H@100 1.000000
INFO:kbc-cli.py:Epoch 64/100	Loss 5.5699 ± 0.3643
INFO:kbc-cli.py:Epoch 65/100	Loss 5.5687 ± 0.3807
INFO:kbc-cli.py:Epoch 66/100	Loss 5.5674 ± 0.3723
INFO:kbc-cli.py:Epoch 66/100	dev results	MRR 0.966915	H@1 0.946319	H@3 0.983129	H@5 0.994632	H@10 0.996933	H@20 0.997699	H@50 1.000000	H@100 1.000000
INFO:kbc-cli.py:Epoch 66/100	test results	MRR 0.966543	H@1 0.944024	H@3 0.987897	H@5 0.992436	H@10 0.997731	H@20 0.998487	H@50 0.999244	H@100 1.000000
INFO:kbc-cli.py:Epoch 67/100	Loss 5.5660 ± 0.3478
INFO:kbc-cli.py:Epoch 68/100	Loss 5.5639 ± 0.3551
INFO:kbc-cli.py:Epoch 69/100	Loss 5.5634 ± 0.3463
INFO:kbc-cli.py:Epoch 69/100	dev results	MRR 0.967298	H@1 0.947086	H@3 0.983896	H@5 0.993865	H@10 0.996933	H@20 0.997699	H@50 1.000000	H@100 1.000000
INFO:kbc-cli.py:Epoch 69/100	test results	MRR 0.966742	H@1 0.944781	H@3 0.987897	H@5 0.992436	H@10 0.997731	H@20 0.998487	H@50 0.999244	H@100 1.000000
INFO:kbc-cli.py:Epoch 70/100	Loss 5.5617 ± 0.3755
INFO:kbc-cli.py:Epoch 71/100	Loss 5.5615 ± 0.3588
INFO:kbc-cli.py:Epoch 72/100	Loss 5.5599 ± 0.3770
INFO:kbc-cli.py:Epoch 72/100	dev results	MRR 0.965828	H@1 0.944018	H@3 0.983129	H@5 0.993865	H@10 0.996933	H@20 0.997699	H@50 1.000000	H@100 1.000000
INFO:kbc-cli.py:Epoch 72/100	test results	MRR 0.965373	H@1 0.941755	H@3 0.987897	H@5 0.992436	H@10 0.997731	H@20 0.998487	H@50 0.999244	H@100 1.000000
INFO:kbc-cli.py:Epoch 73/100	Loss 5.5586 ± 0.3585
INFO:kbc-cli.py:Epoch 74/100	Loss 5.5579 ± 0.3650
INFO:kbc-cli.py:Epoch 75/100	Loss 5.5550 ± 0.3763
INFO:kbc-cli.py:Epoch 75/100	dev results	MRR 0.965861	H@1 0.944785	H@3 0.982362	H@5 0.994632	H@10 0.996933	H@20 0.997699	H@50 1.000000	H@100 1.000000
INFO:kbc-cli.py:Epoch 75/100	test results	MRR 0.966129	H@1 0.943268	H@3 0.987897	H@5 0.992436	H@10 0.997731	H@20 0.998487	H@50 0.999244	H@100 1.000000
INFO:kbc-cli.py:Epoch 76/100	Loss 5.5548 ± 0.3661
INFO:kbc-cli.py:Epoch 77/100	Loss 5.5539 ± 0.3671
INFO:kbc-cli.py:Epoch 78/100	Loss 5.5527 ± 0.3641
INFO:kbc-cli.py:Epoch 78/100	dev results	MRR 0.965438	H@1 0.944018	H@3 0.982362	H@5 0.994632	H@10 0.996933	H@20 0.997699	H@50 1.000000	H@100 1.000000
INFO:kbc-cli.py:Epoch 78/100	test results	MRR 0.967371	H@1 0.945537	H@3 0.987897	H@5 0.992436	H@10 0.997731	H@20 0.998487	H@50 0.999244	H@100 1.000000
INFO:kbc-cli.py:Epoch 79/100	Loss 5.5514 ± 0.3515
INFO:kbc-cli.py:Epoch 80/100	Loss 5.5514 ± 0.3690
INFO:kbc-cli.py:Epoch 81/100	Loss 5.5495 ± 0.3572
INFO:kbc-cli.py:Epoch 81/100	dev results	MRR 0.965800	H@1 0.944785	H@3 0.981595	H@5 0.993865	H@10 0.996933	H@20 0.998466	H@50 1.000000	H@100 1.000000
INFO:kbc-cli.py:Epoch 81/100	test results	MRR 0.967942	H@1 0.947050	H@3 0.987141	H@5 0.992436	H@10 0.997731	H@20 0.998487	H@50 0.998487	H@100 1.000000
INFO:kbc-cli.py:Epoch 82/100	Loss 5.5480 ± 0.3699
INFO:kbc-cli.py:Epoch 83/100	Loss 5.5478 ± 0.3738
INFO:kbc-cli.py:Epoch 84/100	Loss 5.5469 ± 0.3629
INFO:kbc-cli.py:Epoch 84/100	dev results	MRR 0.965098	H@1 0.943252	H@3 0.982362	H@5 0.993865	H@10 0.996933	H@20 0.999233	H@50 1.000000	H@100 1.000000
INFO:kbc-cli.py:Epoch 84/100	test results	MRR 0.967250	H@1 0.945537	H@3 0.987897	H@5 0.992436	H@10 0.997731	H@20 0.998487	H@50 0.999244	H@100 1.000000
INFO:kbc-cli.py:Epoch 85/100	Loss 5.5465 ± 0.3610
INFO:kbc-cli.py:Epoch 86/100	Loss 5.5451 ± 0.3728
INFO:kbc-cli.py:Epoch 87/100	Loss 5.5441 ± 0.3782
INFO:kbc-cli.py:Epoch 87/100	dev results	MRR 0.965504	H@1 0.944018	H@3 0.983896	H@5 0.994632	H@10 0.996933	H@20 0.998466	H@50 1.000000	H@100 1.000000
INFO:kbc-cli.py:Epoch 87/100	test results	MRR 0.965863	H@1 0.942511	H@3 0.987897	H@5 0.992436	H@10 0.997731	H@20 0.998487	H@50 0.998487	H@100 1.000000
INFO:kbc-cli.py:Epoch 88/100	Loss 5.5433 ± 0.3577
INFO:kbc-cli.py:Epoch 89/100	Loss 5.5422 ± 0.3727
INFO:kbc-cli.py:Epoch 90/100	Loss 5.5416 ± 0.3671
INFO:kbc-cli.py:Epoch 90/100	dev results	MRR 0.965214	H@1 0.944018	H@3 0.982362	H@5 0.993865	H@10 0.996933	H@20 0.999233	H@50 1.000000	H@100 1.000000
INFO:kbc-cli.py:Epoch 90/100	test results	MRR 0.965659	H@1 0.942511	H@3 0.987141	H@5 0.992436	H@10 0.997731	H@20 0.998487	H@50 0.998487	H@100 1.000000
INFO:kbc-cli.py:Epoch 91/100	Loss 5.5410 ± 0.3624
INFO:kbc-cli.py:Epoch 92/100	Loss 5.5400 ± 0.3697
INFO:kbc-cli.py:Epoch 93/100	Loss 5.5377 ± 0.3707
INFO:kbc-cli.py:Epoch 93/100	dev results	MRR 0.964024	H@1 0.941718	H@3 0.982362	H@5 0.993865	H@10 0.996933	H@20 0.998466	H@50 1.000000	H@100 1.000000
INFO:kbc-cli.py:Epoch 93/100	test results	MRR 0.965173	H@1 0.941755	H@3 0.987141	H@5 0.992436	H@10 0.997731	H@20 0.998487	H@50 0.998487	H@100 1.000000
INFO:kbc-cli.py:Epoch 94/100	Loss 5.5387 ± 0.3483
INFO:kbc-cli.py:Epoch 95/100	Loss 5.5375 ± 0.3650
INFO:kbc-cli.py:Epoch 96/100	Loss 5.5361 ± 0.3593
INFO:kbc-cli.py:Epoch 96/100	dev results	MRR 0.964104	H@1 0.941718	H@3 0.982362	H@5 0.992331	H@10 0.996933	H@20 0.999233	H@50 1.000000	H@100 1.000000
INFO:kbc-cli.py:Epoch 96/100	test results	MRR 0.966825	H@1 0.945537	H@3 0.987141	H@5 0.992436	H@10 0.997731	H@20 0.998487	H@50 0.998487	H@100 1.000000
INFO:kbc-cli.py:Epoch 97/100	Loss 5.5360 ± 0.3525
INFO:kbc-cli.py:Epoch 98/100	Loss 5.5354 ± 0.3756
INFO:kbc-cli.py:Epoch 99/100	Loss 5.5348 ± 0.3759
INFO:kbc-cli.py:Epoch 99/100	dev results	MRR 0.963642	H@1 0.940951	H@3 0.982362	H@5 0.993865	H@10 0.996933	H@20 0.999233	H@50 1.000000	H@100 1.000000
INFO:kbc-cli.py:Epoch 99/100	test results	MRR 0.965358	H@1 0.942511	H@3 0.987897	H@5 0.992436	H@10 0.997731	H@20 0.998487	H@50 0.998487	H@100 1.000000
INFO:kbc-cli.py:Epoch 100/100	Loss 5.5333 ± 0.3600
INFO:kbc-cli.py:Final 	dev results	MRR 0.964792	H@1 0.943252	H@3 0.982362	H@5 0.993865	H@10 0.996933	H@20 0.999233	H@50 1.000000	H@100 1.000000
INFO:kbc-cli.py:Final 	test results	MRR 0.965628	H@1 0.942511	H@3 0.987897	H@5 0.992436	H@10 0.997731	H@20 0.998487	H@50 0.998487	H@100 1.000000
INFO:kbc-cli.py:Training finished
