./bin/kbc-cli.py --train data/nations/train.tsv --dev data/nations/dev.tsv --test data/nations/test.tsv -m complex -k 200 -b 500 -e 100 --F2 0 --N3 0.0005 -l 0.1 -I standard -V 3 -o adagrad -c spo -q
{'F2': 0.0,
 'N3': 0.0005,
 'batch_size': 500,
 'corruption': 'spo',
 'dev': 'data/nations/dev.tsv',
 'embedding_size': 200,
 'epochs': 100,
 'eval_batch_size': None,
 'input_type': 'standard',
 'learning_rate': 0.1,
 'load': None,
 'model': 'complex',
 'optimizer': 'adagrad',
 'quiet': True,
 'save': None,
 'seed': 0,
 'test': 'data/nations/test.tsv',
 'test_i': None,
 'test_ii': None,
 'train': 'data/nations/train.tsv',
 'validate_every': 3}
INFO:kbc-cli.py:Device: cuda
INFO:kbc-cli.py:Model state:
INFO:kbc-cli.py:	entities.weight	torch.Size([14, 400])
INFO:kbc-cli.py:	predicates.weight	torch.Size([55, 400])
INFO:kbc-cli.py:Epoch 1/100	Loss 9.3188 ± 0.0397
INFO:kbc-cli.py:Epoch 2/100	Loss 8.8168 ± 0.0896
INFO:kbc-cli.py:Epoch 3/100	Loss 7.8296 ± 0.1370
INFO:kbc-cli.py:Epoch 3/100	dev results	MRR 0.715345	H@1 0.565327	H@3 0.829146	H@5 0.934673	H@10 0.994975	H@20 1.000000	H@50 1.000000	H@100 1.000000
INFO:kbc-cli.py:Epoch 3/100	test results	MRR 0.719025	H@1 0.564677	H@3 0.850746	H@5 0.945274	H@10 0.992537	H@20 1.000000	H@50 1.000000	H@100 1.000000
INFO:kbc-cli.py:Epoch 4/100	Loss 7.2479 ± 0.2578
INFO:kbc-cli.py:Epoch 5/100	Loss 6.8463 ± 0.1162
INFO:kbc-cli.py:Epoch 6/100	Loss 6.7856 ± 0.3019
INFO:kbc-cli.py:Epoch 6/100	dev results	MRR 0.727926	H@1 0.585427	H@3 0.854271	H@5 0.949749	H@10 0.992462	H@20 1.000000	H@50 1.000000	H@100 1.000000
INFO:kbc-cli.py:Epoch 6/100	test results	MRR 0.775819	H@1 0.659204	H@3 0.875622	H@5 0.945274	H@10 0.995025	H@20 1.000000	H@50 1.000000	H@100 1.000000
INFO:kbc-cli.py:Epoch 7/100	Loss 6.5269 ± 0.1105
INFO:kbc-cli.py:Epoch 8/100	Loss 6.4926 ± 0.1874
INFO:kbc-cli.py:Epoch 9/100	Loss 6.3197 ± 0.1523
INFO:kbc-cli.py:Epoch 9/100	dev results	MRR 0.747310	H@1 0.603015	H@3 0.876884	H@5 0.944724	H@10 0.992462	H@20 1.000000	H@50 1.000000	H@100 1.000000
INFO:kbc-cli.py:Epoch 9/100	test results	MRR 0.790383	H@1 0.674129	H@3 0.888060	H@5 0.960199	H@10 0.997512	H@20 1.000000	H@50 1.000000	H@100 1.000000
INFO:kbc-cli.py:Epoch 10/100	Loss 6.3987 ± 0.2739
INFO:kbc-cli.py:Epoch 11/100	Loss 6.2780 ± 0.1336
INFO:kbc-cli.py:Epoch 12/100	Loss 6.2392 ± 0.1679
INFO:kbc-cli.py:Epoch 12/100	dev results	MRR 0.773295	H@1 0.653266	H@3 0.879397	H@5 0.949749	H@10 0.997487	H@20 1.000000	H@50 1.000000	H@100 1.000000
INFO:kbc-cli.py:Epoch 12/100	test results	MRR 0.788232	H@1 0.674129	H@3 0.890547	H@5 0.935323	H@10 1.000000	H@20 1.000000	H@50 1.000000	H@100 1.000000
INFO:kbc-cli.py:Epoch 13/100	Loss 6.2277 ± 0.1650
INFO:kbc-cli.py:Epoch 14/100	Loss 6.1448 ± 0.1485
INFO:kbc-cli.py:Epoch 15/100	Loss 6.1248 ± 0.1099
INFO:kbc-cli.py:Epoch 15/100	dev results	MRR 0.776949	H@1 0.650754	H@3 0.881910	H@5 0.954774	H@10 0.994975	H@20 1.000000	H@50 1.000000	H@100 1.000000
INFO:kbc-cli.py:Epoch 15/100	test results	MRR 0.797825	H@1 0.686567	H@3 0.893035	H@5 0.945274	H@10 1.000000	H@20 1.000000	H@50 1.000000	H@100 1.000000
INFO:kbc-cli.py:Epoch 16/100	Loss 6.0888 ± 0.1086
INFO:kbc-cli.py:Epoch 17/100	Loss 6.1016 ± 0.1725
INFO:kbc-cli.py:Epoch 18/100	Loss 6.0475 ± 0.1344
INFO:kbc-cli.py:Epoch 18/100	dev results	MRR 0.775132	H@1 0.643216	H@3 0.889447	H@5 0.954774	H@10 0.994975	H@20 1.000000	H@50 1.000000	H@100 1.000000
INFO:kbc-cli.py:Epoch 18/100	test results	MRR 0.803991	H@1 0.694030	H@3 0.900498	H@5 0.950249	H@10 0.997512	H@20 1.000000	H@50 1.000000	H@100 1.000000
INFO:kbc-cli.py:Epoch 19/100	Loss 6.0952 ± 0.2313
INFO:kbc-cli.py:Epoch 20/100	Loss 6.0666 ± 0.2089
INFO:kbc-cli.py:Epoch 21/100	Loss 6.0664 ± 0.2457
INFO:kbc-cli.py:Epoch 21/100	dev results	MRR 0.787162	H@1 0.668342	H@3 0.899497	H@5 0.959799	H@10 0.994975	H@20 1.000000	H@50 1.000000	H@100 1.000000
INFO:kbc-cli.py:Epoch 21/100	test results	MRR 0.804718	H@1 0.701493	H@3 0.900498	H@5 0.945274	H@10 1.000000	H@20 1.000000	H@50 1.000000	H@100 1.000000
INFO:kbc-cli.py:Epoch 22/100	Loss 5.9519 ± 0.1544
INFO:kbc-cli.py:Epoch 23/100	Loss 5.9958 ± 0.1829
INFO:kbc-cli.py:Epoch 24/100	Loss 5.9907 ± 0.1920
INFO:kbc-cli.py:Epoch 24/100	dev results	MRR 0.791039	H@1 0.673367	H@3 0.894472	H@5 0.959799	H@10 0.994975	H@20 1.000000	H@50 1.000000	H@100 1.000000
INFO:kbc-cli.py:Epoch 24/100	test results	MRR 0.799263	H@1 0.684080	H@3 0.902985	H@5 0.947761	H@10 0.997512	H@20 1.000000	H@50 1.000000	H@100 1.000000
INFO:kbc-cli.py:Epoch 25/100	Loss 5.9105 ± 0.1322
INFO:kbc-cli.py:Epoch 26/100	Loss 5.9535 ± 0.1226
INFO:kbc-cli.py:Epoch 27/100	Loss 5.9387 ± 0.1615
INFO:kbc-cli.py:Epoch 27/100	dev results	MRR 0.783671	H@1 0.660804	H@3 0.889447	H@5 0.959799	H@10 0.994975	H@20 1.000000	H@50 1.000000	H@100 1.000000
INFO:kbc-cli.py:Epoch 27/100	test results	MRR 0.802348	H@1 0.689055	H@3 0.902985	H@5 0.952736	H@10 0.997512	H@20 1.000000	H@50 1.000000	H@100 1.000000
INFO:kbc-cli.py:Epoch 28/100	Loss 5.9292 ± 0.0976
INFO:kbc-cli.py:Epoch 29/100	Loss 5.9611 ± 0.1790
INFO:kbc-cli.py:Epoch 30/100	Loss 5.8956 ± 0.1052
INFO:kbc-cli.py:Epoch 30/100	dev results	MRR 0.787528	H@1 0.670854	H@3 0.899497	H@5 0.959799	H@10 0.994975	H@20 1.000000	H@50 1.000000	H@100 1.000000
INFO:kbc-cli.py:Epoch 30/100	test results	MRR 0.797374	H@1 0.681592	H@3 0.895522	H@5 0.947761	H@10 0.997512	H@20 1.000000	H@50 1.000000	H@100 1.000000
INFO:kbc-cli.py:Epoch 31/100	Loss 5.8603 ± 0.0222
INFO:kbc-cli.py:Epoch 32/100	Loss 5.8604 ± 0.0792
INFO:kbc-cli.py:Epoch 33/100	Loss 5.8704 ± 0.1837
INFO:kbc-cli.py:Epoch 33/100	dev results	MRR 0.796749	H@1 0.685930	H@3 0.879397	H@5 0.952261	H@10 0.997487	H@20 1.000000	H@50 1.000000	H@100 1.000000
INFO:kbc-cli.py:Epoch 33/100	test results	MRR 0.804229	H@1 0.694030	H@3 0.900498	H@5 0.952736	H@10 0.997512	H@20 1.000000	H@50 1.000000	H@100 1.000000
INFO:kbc-cli.py:Epoch 34/100	Loss 5.8683 ± 0.1046
INFO:kbc-cli.py:Epoch 35/100	Loss 5.8584 ± 0.1293
INFO:kbc-cli.py:Epoch 36/100	Loss 5.9142 ± 0.2341
INFO:kbc-cli.py:Epoch 36/100	dev results	MRR 0.788092	H@1 0.665829	H@3 0.894472	H@5 0.967337	H@10 0.997487	H@20 1.000000	H@50 1.000000	H@100 1.000000
INFO:kbc-cli.py:Epoch 36/100	test results	MRR 0.795353	H@1 0.676617	H@3 0.905473	H@5 0.950249	H@10 0.992537	H@20 1.000000	H@50 1.000000	H@100 1.000000
INFO:kbc-cli.py:Epoch 37/100	Loss 5.9022 ± 0.1785
INFO:kbc-cli.py:Epoch 38/100	Loss 5.8348 ± 0.0465
INFO:kbc-cli.py:Epoch 39/100	Loss 5.8502 ± 0.0782
INFO:kbc-cli.py:Epoch 39/100	dev results	MRR 0.781161	H@1 0.655779	H@3 0.894472	H@5 0.962312	H@10 0.997487	H@20 1.000000	H@50 1.000000	H@100 1.000000
INFO:kbc-cli.py:Epoch 39/100	test results	MRR 0.806328	H@1 0.694030	H@3 0.910448	H@5 0.952736	H@10 0.995025	H@20 1.000000	H@50 1.000000	H@100 1.000000
INFO:kbc-cli.py:Epoch 40/100	Loss 5.8338 ± 0.1530
INFO:kbc-cli.py:Epoch 41/100	Loss 5.8984 ± 0.2331
INFO:kbc-cli.py:Epoch 42/100	Loss 5.8535 ± 0.1287
INFO:kbc-cli.py:Epoch 42/100	dev results	MRR 0.784923	H@1 0.665829	H@3 0.894472	H@5 0.959799	H@10 0.997487	H@20 1.000000	H@50 1.000000	H@100 1.000000
INFO:kbc-cli.py:Epoch 42/100	test results	MRR 0.801587	H@1 0.689055	H@3 0.907960	H@5 0.952736	H@10 0.992537	H@20 1.000000	H@50 1.000000	H@100 1.000000
INFO:kbc-cli.py:Epoch 43/100	Loss 5.8706 ± 0.1940
INFO:kbc-cli.py:Epoch 44/100	Loss 5.8136 ± 0.1442
INFO:kbc-cli.py:Epoch 45/100	Loss 5.8027 ± 0.1456
INFO:kbc-cli.py:Epoch 45/100	dev results	MRR 0.782892	H@1 0.660804	H@3 0.894472	H@5 0.959799	H@10 0.997487	H@20 1.000000	H@50 1.000000	H@100 1.000000
INFO:kbc-cli.py:Epoch 45/100	test results	MRR 0.806927	H@1 0.701493	H@3 0.900498	H@5 0.950249	H@10 0.995025	H@20 1.000000	H@50 1.000000	H@100 1.000000
INFO:kbc-cli.py:Epoch 46/100	Loss 5.8348 ± 0.1067
INFO:kbc-cli.py:Epoch 47/100	Loss 5.8220 ± 0.1255
INFO:kbc-cli.py:Epoch 48/100	Loss 5.7982 ± 0.0903
INFO:kbc-cli.py:Epoch 48/100	dev results	MRR 0.795989	H@1 0.685930	H@3 0.894472	H@5 0.959799	H@10 0.997487	H@20 1.000000	H@50 1.000000	H@100 1.000000
INFO:kbc-cli.py:Epoch 48/100	test results	MRR 0.802515	H@1 0.691542	H@3 0.902985	H@5 0.952736	H@10 0.997512	H@20 1.000000	H@50 1.000000	H@100 1.000000
INFO:kbc-cli.py:Epoch 49/100	Loss 5.8258 ± 0.1078
INFO:kbc-cli.py:Epoch 50/100	Loss 5.7834 ± 0.0931
INFO:kbc-cli.py:Epoch 51/100	Loss 5.7995 ± 0.0961
INFO:kbc-cli.py:Epoch 51/100	dev results	MRR 0.794139	H@1 0.680905	H@3 0.894472	H@5 0.962312	H@10 0.997487	H@20 1.000000	H@50 1.000000	H@100 1.000000
INFO:kbc-cli.py:Epoch 51/100	test results	MRR 0.814066	H@1 0.713930	H@3 0.905473	H@5 0.947761	H@10 0.995025	H@20 1.000000	H@50 1.000000	H@100 1.000000
INFO:kbc-cli.py:Epoch 52/100	Loss 5.8272 ± 0.1504
INFO:kbc-cli.py:Epoch 53/100	Loss 5.8254 ± 0.2006
INFO:kbc-cli.py:Epoch 54/100	Loss 5.7955 ± 0.0945
INFO:kbc-cli.py:Epoch 54/100	dev results	MRR 0.793933	H@1 0.675879	H@3 0.894472	H@5 0.959799	H@10 0.997487	H@20 1.000000	H@50 1.000000	H@100 1.000000
INFO:kbc-cli.py:Epoch 54/100	test results	MRR 0.813829	H@1 0.711443	H@3 0.910448	H@5 0.950249	H@10 0.995025	H@20 1.000000	H@50 1.000000	H@100 1.000000
INFO:kbc-cli.py:Epoch 55/100	Loss 5.7873 ± 0.0881
INFO:kbc-cli.py:Epoch 56/100	Loss 5.7608 ± 0.1029
INFO:kbc-cli.py:Epoch 57/100	Loss 5.7958 ± 0.0949
INFO:kbc-cli.py:Epoch 57/100	dev results	MRR 0.786084	H@1 0.663317	H@3 0.886935	H@5 0.957286	H@10 0.997487	H@20 1.000000	H@50 1.000000	H@100 1.000000
INFO:kbc-cli.py:Epoch 57/100	test results	MRR 0.816439	H@1 0.713930	H@3 0.912935	H@5 0.950249	H@10 0.992537	H@20 1.000000	H@50 1.000000	H@100 1.000000
INFO:kbc-cli.py:Epoch 58/100	Loss 5.8047 ± 0.1523
INFO:kbc-cli.py:Epoch 59/100	Loss 5.8057 ± 0.1467
INFO:kbc-cli.py:Epoch 60/100	Loss 5.7771 ± 0.1183
INFO:kbc-cli.py:Epoch 60/100	dev results	MRR 0.790342	H@1 0.668342	H@3 0.902010	H@5 0.957286	H@10 0.997487	H@20 1.000000	H@50 1.000000	H@100 1.000000
INFO:kbc-cli.py:Epoch 60/100	test results	MRR 0.811928	H@1 0.711443	H@3 0.902985	H@5 0.947761	H@10 0.995025	H@20 1.000000	H@50 1.000000	H@100 1.000000
INFO:kbc-cli.py:Epoch 61/100	Loss 5.8146 ± 0.1614
INFO:kbc-cli.py:Epoch 62/100	Loss 5.7780 ± 0.1416
INFO:kbc-cli.py:Epoch 63/100	Loss 5.7468 ± 0.1325
INFO:kbc-cli.py:Epoch 63/100	dev results	MRR 0.794290	H@1 0.675879	H@3 0.909548	H@5 0.962312	H@10 0.997487	H@20 1.000000	H@50 1.000000	H@100 1.000000
INFO:kbc-cli.py:Epoch 63/100	test results	MRR 0.811711	H@1 0.706468	H@3 0.907960	H@5 0.950249	H@10 0.997512	H@20 1.000000	H@50 1.000000	H@100 1.000000
INFO:kbc-cli.py:Epoch 64/100	Loss 5.7410 ± 0.0574
INFO:kbc-cli.py:Epoch 65/100	Loss 5.7476 ± 0.0791
INFO:kbc-cli.py:Epoch 66/100	Loss 5.7720 ± 0.1025
INFO:kbc-cli.py:Epoch 66/100	dev results	MRR 0.787966	H@1 0.670854	H@3 0.894472	H@5 0.964824	H@10 0.997487	H@20 1.000000	H@50 1.000000	H@100 1.000000
INFO:kbc-cli.py:Epoch 66/100	test results	MRR 0.810540	H@1 0.703980	H@3 0.902985	H@5 0.950249	H@10 0.995025	H@20 1.000000	H@50 1.000000	H@100 1.000000
INFO:kbc-cli.py:Epoch 67/100	Loss 5.7466 ± 0.1088
INFO:kbc-cli.py:Epoch 68/100	Loss 5.7553 ± 0.1006
INFO:kbc-cli.py:Epoch 69/100	Loss 5.7087 ± 0.0724
INFO:kbc-cli.py:Epoch 69/100	dev results	MRR 0.795954	H@1 0.680905	H@3 0.902010	H@5 0.962312	H@10 0.997487	H@20 1.000000	H@50 1.000000	H@100 1.000000
INFO:kbc-cli.py:Epoch 69/100	test results	MRR 0.802872	H@1 0.694030	H@3 0.900498	H@5 0.947761	H@10 0.997512	H@20 1.000000	H@50 1.000000	H@100 1.000000
INFO:kbc-cli.py:Epoch 70/100	Loss 5.7623 ± 0.1211
INFO:kbc-cli.py:Epoch 71/100	Loss 5.7685 ± 0.1039
INFO:kbc-cli.py:Epoch 72/100	Loss 5.7655 ± 0.1067
INFO:kbc-cli.py:Epoch 72/100	dev results	MRR 0.796805	H@1 0.678392	H@3 0.902010	H@5 0.964824	H@10 0.997487	H@20 1.000000	H@50 1.000000	H@100 1.000000
INFO:kbc-cli.py:Epoch 72/100	test results	MRR 0.804935	H@1 0.696517	H@3 0.905473	H@5 0.947761	H@10 0.995025	H@20 1.000000	H@50 1.000000	H@100 1.000000
INFO:kbc-cli.py:Epoch 73/100	Loss 5.7382 ± 0.1310
INFO:kbc-cli.py:Epoch 74/100	Loss 5.7392 ± 0.0981
INFO:kbc-cli.py:Epoch 75/100	Loss 5.7225 ± 0.0575
INFO:kbc-cli.py:Epoch 75/100	dev results	MRR 0.801443	H@1 0.688442	H@3 0.896985	H@5 0.957286	H@10 0.997487	H@20 1.000000	H@50 1.000000	H@100 1.000000
INFO:kbc-cli.py:Epoch 75/100	test results	MRR 0.807916	H@1 0.699005	H@3 0.900498	H@5 0.952736	H@10 0.997512	H@20 1.000000	H@50 1.000000	H@100 1.000000
INFO:kbc-cli.py:Epoch 76/100	Loss 5.7468 ± 0.0745
INFO:kbc-cli.py:Epoch 77/100	Loss 5.7813 ± 0.1755
INFO:kbc-cli.py:Epoch 78/100	Loss 5.7068 ± 0.0661
INFO:kbc-cli.py:Epoch 78/100	dev results	MRR 0.799088	H@1 0.683417	H@3 0.902010	H@5 0.954774	H@10 0.997487	H@20 1.000000	H@50 1.000000	H@100 1.000000
INFO:kbc-cli.py:Epoch 78/100	test results	MRR 0.812267	H@1 0.708955	H@3 0.898010	H@5 0.950249	H@10 0.995025	H@20 1.000000	H@50 1.000000	H@100 1.000000
INFO:kbc-cli.py:Epoch 79/100	Loss 5.7563 ± 0.1238
INFO:kbc-cli.py:Epoch 80/100	Loss 5.7397 ± 0.1043
INFO:kbc-cli.py:Epoch 81/100	Loss 5.7324 ± 0.0844
INFO:kbc-cli.py:Epoch 81/100	dev results	MRR 0.801980	H@1 0.685930	H@3 0.907035	H@5 0.957286	H@10 0.997487	H@20 1.000000	H@50 1.000000	H@100 1.000000
INFO:kbc-cli.py:Epoch 81/100	test results	MRR 0.816713	H@1 0.716418	H@3 0.900498	H@5 0.950249	H@10 0.995025	H@20 1.000000	H@50 1.000000	H@100 1.000000
INFO:kbc-cli.py:Epoch 82/100	Loss 5.7469 ± 0.1062
INFO:kbc-cli.py:Epoch 83/100	Loss 5.7693 ± 0.1640
INFO:kbc-cli.py:Epoch 84/100	Loss 5.7668 ± 0.1784
INFO:kbc-cli.py:Epoch 84/100	dev results	MRR 0.800054	H@1 0.683417	H@3 0.907035	H@5 0.962312	H@10 0.997487	H@20 1.000000	H@50 1.000000	H@100 1.000000
INFO:kbc-cli.py:Epoch 84/100	test results	MRR 0.822002	H@1 0.728856	H@3 0.902985	H@5 0.947761	H@10 0.995025	H@20 1.000000	H@50 1.000000	H@100 1.000000
INFO:kbc-cli.py:Epoch 85/100	Loss 5.7864 ± 0.2033
INFO:kbc-cli.py:Epoch 86/100	Loss 5.7303 ± 0.0875
INFO:kbc-cli.py:Epoch 87/100	Loss 5.7026 ± 0.0369
INFO:kbc-cli.py:Epoch 87/100	dev results	MRR 0.794963	H@1 0.673367	H@3 0.899497	H@5 0.959799	H@10 0.997487	H@20 1.000000	H@50 1.000000	H@100 1.000000
INFO:kbc-cli.py:Epoch 87/100	test results	MRR 0.809640	H@1 0.703980	H@3 0.902985	H@5 0.950249	H@10 0.995025	H@20 1.000000	H@50 1.000000	H@100 1.000000
INFO:kbc-cli.py:Epoch 88/100	Loss 5.6875 ± 0.0798
INFO:kbc-cli.py:Epoch 89/100	Loss 5.6659 ± 0.0944
INFO:kbc-cli.py:Epoch 90/100	Loss 5.7165 ± 0.0839
INFO:kbc-cli.py:Epoch 90/100	dev results	MRR 0.792534	H@1 0.665829	H@3 0.914573	H@5 0.959799	H@10 0.997487	H@20 1.000000	H@50 1.000000	H@100 1.000000
INFO:kbc-cli.py:Epoch 90/100	test results	MRR 0.811361	H@1 0.703980	H@3 0.907960	H@5 0.947761	H@10 0.995025	H@20 1.000000	H@50 1.000000	H@100 1.000000
INFO:kbc-cli.py:Epoch 91/100	Loss 5.7060 ± 0.0845
INFO:kbc-cli.py:Epoch 92/100	Loss 5.7247 ± 0.1259
INFO:kbc-cli.py:Epoch 93/100	Loss 5.6977 ± 0.0676
INFO:kbc-cli.py:Epoch 93/100	dev results	MRR 0.797322	H@1 0.675879	H@3 0.912060	H@5 0.954774	H@10 0.997487	H@20 1.000000	H@50 1.000000	H@100 1.000000
INFO:kbc-cli.py:Epoch 93/100	test results	MRR 0.816636	H@1 0.716418	H@3 0.898010	H@5 0.950249	H@10 0.995025	H@20 1.000000	H@50 1.000000	H@100 1.000000
INFO:kbc-cli.py:Epoch 94/100	Loss 5.7309 ± 0.1058
INFO:kbc-cli.py:Epoch 95/100	Loss 5.7400 ± 0.1311
INFO:kbc-cli.py:Epoch 96/100	Loss 5.6788 ± 0.0559
INFO:kbc-cli.py:Epoch 96/100	dev results	MRR 0.796038	H@1 0.678392	H@3 0.907035	H@5 0.954774	H@10 0.997487	H@20 1.000000	H@50 1.000000	H@100 1.000000
INFO:kbc-cli.py:Epoch 96/100	test results	MRR 0.814264	H@1 0.706468	H@3 0.912935	H@5 0.947761	H@10 0.995025	H@20 1.000000	H@50 1.000000	H@100 1.000000
INFO:kbc-cli.py:Epoch 97/100	Loss 5.7230 ± 0.1091
INFO:kbc-cli.py:Epoch 98/100	Loss 5.7694 ± 0.2049
INFO:kbc-cli.py:Epoch 99/100	Loss 5.7157 ± 0.1050
INFO:kbc-cli.py:Epoch 99/100	dev results	MRR 0.794677	H@1 0.678392	H@3 0.902010	H@5 0.954774	H@10 0.997487	H@20 1.000000	H@50 1.000000	H@100 1.000000
INFO:kbc-cli.py:Epoch 99/100	test results	MRR 0.819989	H@1 0.723881	H@3 0.905473	H@5 0.947761	H@10 0.995025	H@20 1.000000	H@50 1.000000	H@100 1.000000
INFO:kbc-cli.py:Epoch 100/100	Loss 5.6879 ± 0.0956
INFO:kbc-cli.py:Final 	dev results	MRR 0.798030	H@1 0.688442	H@3 0.902010	H@5 0.957286	H@10 0.997487	H@20 1.000000	H@50 1.000000	H@100 1.000000
INFO:kbc-cli.py:Final 	test results	MRR 0.811572	H@1 0.706468	H@3 0.905473	H@5 0.947761	H@10 0.995025	H@20 1.000000	H@50 1.000000	H@100 1.000000
INFO:kbc-cli.py:Training finished
