./bin/kbc-cli.py --train data/kinship/train.tsv --dev data/kinship/dev.tsv --test data/kinship/test.tsv -m complex -k 200 -b 500 -e 100 --F2 0 --N3 0.1 -l 0.1 -I reciprocal -V 3 -o adagrad -c spo -q
{'F2': 0.0,
 'N3': 0.1,
 'batch_size': 500,
 'corruption': 'spo',
 'dev': 'data/kinship/dev.tsv',
 'embedding_size': 200,
 'epochs': 100,
 'eval_batch_size': None,
 'input_type': 'reciprocal',
 'learning_rate': 0.1,
 'load': None,
 'model': 'complex',
 'optimizer': 'adagrad',
 'quiet': True,
 'save': None,
 'seed': 0,
 'test': 'data/kinship/test.tsv',
 'test_i': None,
 'test_ii': None,
 'train': 'data/kinship/train.tsv',
 'validate_every': 3}
INFO:kbc-cli.py:Device: cuda
INFO:kbc-cli.py:Model state:
INFO:kbc-cli.py:	entities.weight	torch.Size([104, 400])
INFO:kbc-cli.py:	predicates.weight	torch.Size([50, 400])
INFO:kbc-cli.py:Epoch 1/100	Loss 10.7541 ± 1.6560
INFO:kbc-cli.py:Epoch 2/100	Loss 9.2252 ± 0.0807
INFO:kbc-cli.py:Epoch 3/100	Loss 9.1098 ± 0.0836
INFO:kbc-cli.py:Epoch 3/100	dev results	MRR 0.741605	H@1 0.609551	H@3 0.840356	H@5 0.914326	H@10 0.968165	H@20 0.984082	H@50 0.991105	H@100 0.999532
INFO:kbc-cli.py:Epoch 3/100	test results	MRR 0.734565	H@1 0.597300	H@3 0.852421	H@5 0.918063	H@10 0.974395	H@20 0.990689	H@50 0.997672	H@100 1.000000
INFO:kbc-cli.py:Epoch 4/100	Loss 9.0626 ± 0.0847
INFO:kbc-cli.py:Epoch 5/100	Loss 9.0250 ± 0.0992
INFO:kbc-cli.py:Epoch 6/100	Loss 9.0136 ± 0.0766
INFO:kbc-cli.py:Epoch 6/100	dev results	MRR 0.779608	H@1 0.667135	H@3 0.873127	H@5 0.924625	H@10 0.970506	H@20 0.984551	H@50 0.992041	H@100 0.999532
INFO:kbc-cli.py:Epoch 6/100	test results	MRR 0.777333	H@1 0.660149	H@3 0.872905	H@5 0.934358	H@10 0.972533	H@20 0.990689	H@50 0.997672	H@100 1.000000
INFO:kbc-cli.py:Epoch 7/100	Loss 8.9934 ± 0.0856
INFO:kbc-cli.py:Epoch 8/100	Loss 8.9843 ± 0.0710
INFO:kbc-cli.py:Epoch 9/100	Loss 8.9766 ± 0.0781
INFO:kbc-cli.py:Epoch 9/100	dev results	MRR 0.804243	H@1 0.704588	H@3 0.883427	H@5 0.933521	H@10 0.972846	H@20 0.985019	H@50 0.992509	H@100 0.999532
INFO:kbc-cli.py:Epoch 9/100	test results	MRR 0.803610	H@1 0.701117	H@3 0.888268	H@5 0.935754	H@10 0.975326	H@20 0.990223	H@50 0.996741	H@100 1.000000
INFO:kbc-cli.py:Epoch 10/100	Loss 8.9568 ± 0.0867
INFO:kbc-cli.py:Epoch 11/100	Loss 8.9550 ± 0.0801
INFO:kbc-cli.py:Epoch 12/100	Loss 8.9430 ± 0.0837
INFO:kbc-cli.py:Epoch 12/100	dev results	MRR 0.806467	H@1 0.705993	H@3 0.883895	H@5 0.936330	H@10 0.975187	H@20 0.985487	H@50 0.992978	H@100 1.000000
INFO:kbc-cli.py:Epoch 12/100	test results	MRR 0.807291	H@1 0.706704	H@3 0.891993	H@5 0.944134	H@10 0.979050	H@20 0.990689	H@50 0.996276	H@100 1.000000
INFO:kbc-cli.py:Epoch 13/100	Loss 8.9452 ± 0.0937
INFO:kbc-cli.py:Epoch 14/100	Loss 8.9348 ± 0.0794
INFO:kbc-cli.py:Epoch 15/100	Loss 8.9368 ± 0.0988
INFO:kbc-cli.py:Epoch 15/100	dev results	MRR 0.819916	H@1 0.727996	H@3 0.890449	H@5 0.936798	H@10 0.974719	H@20 0.985487	H@50 0.992509	H@100 1.000000
INFO:kbc-cli.py:Epoch 15/100	test results	MRR 0.817161	H@1 0.722067	H@3 0.900372	H@5 0.941806	H@10 0.976723	H@20 0.990689	H@50 0.996741	H@100 1.000000
INFO:kbc-cli.py:Epoch 16/100	Loss 8.9255 ± 0.0819
INFO:kbc-cli.py:Epoch 17/100	Loss 8.9169 ± 0.0935
INFO:kbc-cli.py:Epoch 18/100	Loss 8.9144 ± 0.0896
INFO:kbc-cli.py:Epoch 18/100	dev results	MRR 0.820276	H@1 0.724719	H@3 0.899345	H@5 0.941011	H@10 0.975187	H@20 0.985487	H@50 0.992509	H@100 1.000000
INFO:kbc-cli.py:Epoch 18/100	test results	MRR 0.818355	H@1 0.721601	H@3 0.903631	H@5 0.948790	H@10 0.977654	H@20 0.991155	H@50 0.996741	H@100 1.000000
INFO:kbc-cli.py:Epoch 19/100	Loss 8.9116 ± 0.0855
INFO:kbc-cli.py:Epoch 20/100	Loss 8.9119 ± 0.0827
INFO:kbc-cli.py:Epoch 21/100	Loss 8.9007 ± 0.0873
INFO:kbc-cli.py:Epoch 21/100	dev results	MRR 0.827111	H@1 0.736891	H@3 0.896536	H@5 0.941479	H@10 0.975655	H@20 0.985019	H@50 0.992978	H@100 0.999532
INFO:kbc-cli.py:Epoch 21/100	test results	MRR 0.824179	H@1 0.731378	H@3 0.899907	H@5 0.946927	H@10 0.977654	H@20 0.991155	H@50 0.996741	H@100 1.000000
INFO:kbc-cli.py:Epoch 22/100	Loss 8.9101 ± 0.1030
INFO:kbc-cli.py:Epoch 23/100	Loss 8.8950 ± 0.0797
INFO:kbc-cli.py:Epoch 24/100	Loss 8.9049 ± 0.1055
INFO:kbc-cli.py:Epoch 24/100	dev results	MRR 0.825806	H@1 0.733614	H@3 0.897940	H@5 0.941011	H@10 0.975655	H@20 0.985019	H@50 0.992978	H@100 1.000000
INFO:kbc-cli.py:Epoch 24/100	test results	MRR 0.824803	H@1 0.731378	H@3 0.904097	H@5 0.950652	H@10 0.978119	H@20 0.990223	H@50 0.996276	H@100 1.000000
INFO:kbc-cli.py:Epoch 25/100	Loss 8.8925 ± 0.0534
INFO:kbc-cli.py:Epoch 26/100	Loss 8.8876 ± 0.0667
INFO:kbc-cli.py:Epoch 27/100	Loss 8.8873 ± 0.0741
INFO:kbc-cli.py:Epoch 27/100	dev results	MRR 0.825888	H@1 0.733614	H@3 0.901685	H@5 0.942884	H@10 0.974251	H@20 0.985019	H@50 0.992509	H@100 0.999532
INFO:kbc-cli.py:Epoch 27/100	test results	MRR 0.825287	H@1 0.730447	H@3 0.907356	H@5 0.951117	H@10 0.978585	H@20 0.990223	H@50 0.996276	H@100 1.000000
INFO:kbc-cli.py:Epoch 28/100	Loss 8.8862 ± 0.0607
INFO:kbc-cli.py:Epoch 29/100	Loss 8.8897 ± 0.0679
INFO:kbc-cli.py:Epoch 30/100	Loss 8.8788 ± 0.0798
INFO:kbc-cli.py:Epoch 30/100	dev results	MRR 0.829720	H@1 0.740169	H@3 0.905431	H@5 0.942884	H@10 0.975655	H@20 0.985487	H@50 0.992041	H@100 1.000000
INFO:kbc-cli.py:Epoch 30/100	test results	MRR 0.825526	H@1 0.733240	H@3 0.906425	H@5 0.949721	H@10 0.978585	H@20 0.991155	H@50 0.996276	H@100 1.000000
INFO:kbc-cli.py:Epoch 31/100	Loss 8.8821 ± 0.0798
INFO:kbc-cli.py:Epoch 32/100	Loss 8.8795 ± 0.0898
INFO:kbc-cli.py:Epoch 33/100	Loss 8.8763 ± 0.0634
INFO:kbc-cli.py:Epoch 33/100	dev results	MRR 0.832579	H@1 0.743446	H@3 0.907772	H@5 0.945225	H@10 0.976592	H@20 0.985019	H@50 0.992041	H@100 1.000000
INFO:kbc-cli.py:Epoch 33/100	test results	MRR 0.829369	H@1 0.736965	H@3 0.909683	H@5 0.947393	H@10 0.980447	H@20 0.990689	H@50 0.995810	H@100 1.000000
INFO:kbc-cli.py:Epoch 34/100	Loss 8.8804 ± 0.0700
INFO:kbc-cli.py:Epoch 35/100	Loss 8.8739 ± 0.0711
INFO:kbc-cli.py:Epoch 36/100	Loss 8.8707 ± 0.0746
INFO:kbc-cli.py:Epoch 36/100	dev results	MRR 0.832947	H@1 0.744382	H@3 0.905431	H@5 0.945225	H@10 0.976592	H@20 0.985487	H@50 0.992041	H@100 1.000000
INFO:kbc-cli.py:Epoch 36/100	test results	MRR 0.829382	H@1 0.738827	H@3 0.907821	H@5 0.948790	H@10 0.979516	H@20 0.990689	H@50 0.995810	H@100 1.000000
INFO:kbc-cli.py:Epoch 37/100	Loss 8.8697 ± 0.0665
INFO:kbc-cli.py:Epoch 38/100	Loss 8.8717 ± 0.0765
INFO:kbc-cli.py:Epoch 39/100	Loss 8.8770 ± 0.0887
INFO:kbc-cli.py:Epoch 39/100	dev results	MRR 0.835725	H@1 0.749064	H@3 0.904963	H@5 0.943820	H@10 0.976124	H@20 0.985487	H@50 0.992509	H@100 1.000000
INFO:kbc-cli.py:Epoch 39/100	test results	MRR 0.830849	H@1 0.743017	H@3 0.905959	H@5 0.950186	H@10 0.979050	H@20 0.990223	H@50 0.995810	H@100 1.000000
INFO:kbc-cli.py:Epoch 40/100	Loss 8.8719 ± 0.0638
INFO:kbc-cli.py:Epoch 41/100	Loss 8.8743 ± 0.0786
INFO:kbc-cli.py:Epoch 42/100	Loss 8.8706 ± 0.0705
INFO:kbc-cli.py:Epoch 42/100	dev results	MRR 0.835187	H@1 0.748596	H@3 0.905431	H@5 0.942884	H@10 0.977060	H@20 0.985487	H@50 0.992509	H@100 1.000000
INFO:kbc-cli.py:Epoch 42/100	test results	MRR 0.833031	H@1 0.742551	H@3 0.910149	H@5 0.950652	H@10 0.978585	H@20 0.990223	H@50 0.995810	H@100 1.000000
INFO:kbc-cli.py:Epoch 43/100	Loss 8.8723 ± 0.0825
INFO:kbc-cli.py:Epoch 44/100	Loss 8.8653 ± 0.0615
INFO:kbc-cli.py:Epoch 45/100	Loss 8.8710 ± 0.0790
INFO:kbc-cli.py:Epoch 45/100	dev results	MRR 0.835894	H@1 0.749064	H@3 0.908708	H@5 0.944757	H@10 0.975655	H@20 0.985487	H@50 0.992041	H@100 1.000000
INFO:kbc-cli.py:Epoch 45/100	test results	MRR 0.834449	H@1 0.746741	H@3 0.912942	H@5 0.949255	H@10 0.978585	H@20 0.991155	H@50 0.995810	H@100 1.000000
INFO:kbc-cli.py:Epoch 46/100	Loss 8.8701 ± 0.0870
INFO:kbc-cli.py:Epoch 47/100	Loss 8.8595 ± 0.0825
INFO:kbc-cli.py:Epoch 48/100	Loss 8.8624 ± 0.0592
INFO:kbc-cli.py:Epoch 48/100	dev results	MRR 0.837578	H@1 0.752809	H@3 0.904494	H@5 0.946629	H@10 0.976592	H@20 0.985019	H@50 0.992509	H@100 1.000000
INFO:kbc-cli.py:Epoch 48/100	test results	MRR 0.833619	H@1 0.744413	H@3 0.913873	H@5 0.950186	H@10 0.979516	H@20 0.990223	H@50 0.995810	H@100 1.000000
INFO:kbc-cli.py:Epoch 49/100	Loss 8.8618 ± 0.0740
INFO:kbc-cli.py:Epoch 50/100	Loss 8.8616 ± 0.0565
INFO:kbc-cli.py:Epoch 51/100	Loss 8.8605 ± 0.0670
INFO:kbc-cli.py:Epoch 51/100	dev results	MRR 0.834336	H@1 0.745318	H@3 0.907772	H@5 0.944757	H@10 0.975655	H@20 0.985487	H@50 0.992509	H@100 1.000000
INFO:kbc-cli.py:Epoch 51/100	test results	MRR 0.835841	H@1 0.750000	H@3 0.911080	H@5 0.949721	H@10 0.979050	H@20 0.991620	H@50 0.996276	H@100 1.000000
INFO:kbc-cli.py:Epoch 52/100	Loss 8.8677 ± 0.0980
INFO:kbc-cli.py:Epoch 53/100	Loss 8.8614 ± 0.0817
INFO:kbc-cli.py:Epoch 54/100	Loss 8.8594 ± 0.0738
INFO:kbc-cli.py:Epoch 54/100	dev results	MRR 0.839308	H@1 0.754213	H@3 0.908708	H@5 0.946161	H@10 0.976124	H@20 0.985487	H@50 0.992978	H@100 1.000000
INFO:kbc-cli.py:Epoch 54/100	test results	MRR 0.837177	H@1 0.751397	H@3 0.912942	H@5 0.950652	H@10 0.979981	H@20 0.991155	H@50 0.996276	H@100 1.000000
INFO:kbc-cli.py:Epoch 55/100	Loss 8.8566 ± 0.0760
INFO:kbc-cli.py:Epoch 56/100	Loss 8.8562 ± 0.0700
INFO:kbc-cli.py:Epoch 57/100	Loss 8.8525 ± 0.0743
INFO:kbc-cli.py:Epoch 57/100	dev results	MRR 0.833416	H@1 0.742509	H@3 0.908240	H@5 0.947097	H@10 0.977060	H@20 0.985019	H@50 0.992509	H@100 1.000000
INFO:kbc-cli.py:Epoch 57/100	test results	MRR 0.834757	H@1 0.747207	H@3 0.911080	H@5 0.950186	H@10 0.979050	H@20 0.990689	H@50 0.996276	H@100 1.000000
INFO:kbc-cli.py:Epoch 58/100	Loss 8.8496 ± 0.0788
INFO:kbc-cli.py:Epoch 59/100	Loss 8.8566 ± 0.0738
INFO:kbc-cli.py:Epoch 60/100	Loss 8.8593 ± 0.0814
INFO:kbc-cli.py:Epoch 60/100	dev results	MRR 0.838016	H@1 0.750468	H@3 0.910581	H@5 0.948034	H@10 0.976592	H@20 0.985487	H@50 0.992509	H@100 1.000000
INFO:kbc-cli.py:Epoch 60/100	test results	MRR 0.839906	H@1 0.754655	H@3 0.914339	H@5 0.951583	H@10 0.979050	H@20 0.991620	H@50 0.996276	H@100 1.000000
INFO:kbc-cli.py:Epoch 61/100	Loss 8.8517 ± 0.0725
INFO:kbc-cli.py:Epoch 62/100	Loss 8.8604 ± 0.0944
INFO:kbc-cli.py:Epoch 63/100	Loss 8.8516 ± 0.0616
INFO:kbc-cli.py:Epoch 63/100	dev results	MRR 0.839599	H@1 0.754682	H@3 0.909176	H@5 0.948970	H@10 0.976124	H@20 0.985955	H@50 0.992509	H@100 1.000000
INFO:kbc-cli.py:Epoch 63/100	test results	MRR 0.839542	H@1 0.753259	H@3 0.913408	H@5 0.952048	H@10 0.979981	H@20 0.991620	H@50 0.996276	H@100 1.000000
INFO:kbc-cli.py:Epoch 64/100	Loss 8.8514 ± 0.0603
INFO:kbc-cli.py:Epoch 65/100	Loss 8.8565 ± 0.0894
INFO:kbc-cli.py:Epoch 66/100	Loss 8.8510 ± 0.0711
INFO:kbc-cli.py:Epoch 66/100	dev results	MRR 0.839121	H@1 0.753277	H@3 0.908708	H@5 0.948502	H@10 0.976592	H@20 0.985955	H@50 0.992509	H@100 1.000000
INFO:kbc-cli.py:Epoch 66/100	test results	MRR 0.839451	H@1 0.754655	H@3 0.911080	H@5 0.950652	H@10 0.980447	H@20 0.990689	H@50 0.996276	H@100 1.000000
INFO:kbc-cli.py:Epoch 67/100	Loss 8.8494 ± 0.0740
INFO:kbc-cli.py:Epoch 68/100	Loss 8.8533 ± 0.0753
INFO:kbc-cli.py:Epoch 69/100	Loss 8.8520 ± 0.0822
INFO:kbc-cli.py:Epoch 69/100	dev results	MRR 0.838190	H@1 0.751873	H@3 0.910112	H@5 0.948970	H@10 0.977528	H@20 0.985487	H@50 0.992509	H@100 1.000000
INFO:kbc-cli.py:Epoch 69/100	test results	MRR 0.840246	H@1 0.755587	H@3 0.916667	H@5 0.950652	H@10 0.979516	H@20 0.991155	H@50 0.996276	H@100 1.000000
INFO:kbc-cli.py:Epoch 70/100	Loss 8.8499 ± 0.0711
INFO:kbc-cli.py:Epoch 71/100	Loss 8.8467 ± 0.0751
INFO:kbc-cli.py:Epoch 72/100	Loss 8.8563 ± 0.0983
INFO:kbc-cli.py:Epoch 72/100	dev results	MRR 0.839543	H@1 0.752341	H@3 0.910112	H@5 0.950375	H@10 0.976592	H@20 0.986423	H@50 0.992509	H@100 1.000000
INFO:kbc-cli.py:Epoch 72/100	test results	MRR 0.838954	H@1 0.752793	H@3 0.913873	H@5 0.951583	H@10 0.979981	H@20 0.991620	H@50 0.996276	H@100 1.000000
INFO:kbc-cli.py:Epoch 73/100	Loss 8.8450 ± 0.0638
INFO:kbc-cli.py:Epoch 74/100	Loss 8.8482 ± 0.0740
INFO:kbc-cli.py:Epoch 75/100	Loss 8.8544 ± 0.0805
INFO:kbc-cli.py:Epoch 75/100	dev results	MRR 0.841576	H@1 0.756554	H@3 0.911049	H@5 0.948970	H@10 0.977528	H@20 0.986423	H@50 0.992509	H@100 1.000000
INFO:kbc-cli.py:Epoch 75/100	test results	MRR 0.840196	H@1 0.754655	H@3 0.915270	H@5 0.951583	H@10 0.981378	H@20 0.991620	H@50 0.996276	H@100 1.000000
INFO:kbc-cli.py:Epoch 76/100	Loss 8.8467 ± 0.0665
INFO:kbc-cli.py:Epoch 77/100	Loss 8.8455 ± 0.0654
INFO:kbc-cli.py:Epoch 78/100	Loss 8.8424 ± 0.0683
INFO:kbc-cli.py:Epoch 78/100	dev results	MRR 0.840515	H@1 0.754213	H@3 0.912921	H@5 0.949438	H@10 0.976592	H@20 0.986891	H@50 0.992509	H@100 1.000000
INFO:kbc-cli.py:Epoch 78/100	test results	MRR 0.843099	H@1 0.759777	H@3 0.912477	H@5 0.952048	H@10 0.981378	H@20 0.991155	H@50 0.996276	H@100 1.000000
INFO:kbc-cli.py:Epoch 79/100	Loss 8.8393 ± 0.0849
INFO:kbc-cli.py:Epoch 80/100	Loss 8.8464 ± 0.0782
INFO:kbc-cli.py:Epoch 81/100	Loss 8.8489 ± 0.0715
INFO:kbc-cli.py:Epoch 81/100	dev results	MRR 0.839175	H@1 0.752341	H@3 0.910112	H@5 0.948970	H@10 0.976592	H@20 0.986423	H@50 0.992509	H@100 1.000000
INFO:kbc-cli.py:Epoch 81/100	test results	MRR 0.838929	H@1 0.751862	H@3 0.914804	H@5 0.953445	H@10 0.981378	H@20 0.991155	H@50 0.996276	H@100 1.000000
INFO:kbc-cli.py:Epoch 82/100	Loss 8.8451 ± 0.0687
INFO:kbc-cli.py:Epoch 83/100	Loss 8.8415 ± 0.0788
INFO:kbc-cli.py:Epoch 84/100	Loss 8.8471 ± 0.0523
INFO:kbc-cli.py:Epoch 84/100	dev results	MRR 0.838624	H@1 0.750936	H@3 0.912921	H@5 0.948502	H@10 0.975655	H@20 0.986423	H@50 0.992509	H@100 1.000000
INFO:kbc-cli.py:Epoch 84/100	test results	MRR 0.840421	H@1 0.754655	H@3 0.916667	H@5 0.952980	H@10 0.981378	H@20 0.991155	H@50 0.996276	H@100 1.000000
INFO:kbc-cli.py:Epoch 85/100	Loss 8.8457 ± 0.0708
INFO:kbc-cli.py:Epoch 86/100	Loss 8.8424 ± 0.0711
INFO:kbc-cli.py:Epoch 87/100	Loss 8.8351 ± 0.0927
INFO:kbc-cli.py:Epoch 87/100	dev results	MRR 0.838451	H@1 0.751404	H@3 0.911517	H@5 0.948970	H@10 0.977996	H@20 0.986891	H@50 0.992509	H@100 1.000000
INFO:kbc-cli.py:Epoch 87/100	test results	MRR 0.838966	H@1 0.752793	H@3 0.913408	H@5 0.953911	H@10 0.981844	H@20 0.991155	H@50 0.996276	H@100 1.000000
INFO:kbc-cli.py:Epoch 88/100	Loss 8.8457 ± 0.0791
INFO:kbc-cli.py:Epoch 89/100	Loss 8.8453 ± 0.0813
INFO:kbc-cli.py:Epoch 90/100	Loss 8.8453 ± 0.0723
INFO:kbc-cli.py:Epoch 90/100	dev results	MRR 0.838855	H@1 0.750468	H@3 0.911049	H@5 0.948970	H@10 0.977996	H@20 0.986891	H@50 0.992509	H@100 1.000000
INFO:kbc-cli.py:Epoch 90/100	test results	MRR 0.840911	H@1 0.756052	H@3 0.912011	H@5 0.952514	H@10 0.980447	H@20 0.991620	H@50 0.996276	H@100 1.000000
INFO:kbc-cli.py:Epoch 91/100	Loss 8.8472 ± 0.0793
INFO:kbc-cli.py:Epoch 92/100	Loss 8.8435 ± 0.0694
INFO:kbc-cli.py:Epoch 93/100	Loss 8.8409 ± 0.0645
INFO:kbc-cli.py:Epoch 93/100	dev results	MRR 0.840420	H@1 0.755150	H@3 0.909644	H@5 0.949438	H@10 0.976124	H@20 0.986423	H@50 0.992509	H@100 1.000000
INFO:kbc-cli.py:Epoch 93/100	test results	MRR 0.840282	H@1 0.754655	H@3 0.914804	H@5 0.952514	H@10 0.980447	H@20 0.991620	H@50 0.996276	H@100 1.000000
INFO:kbc-cli.py:Epoch 94/100	Loss 8.8382 ± 0.0650
INFO:kbc-cli.py:Epoch 95/100	Loss 8.8345 ± 0.0813
INFO:kbc-cli.py:Epoch 96/100	Loss 8.8367 ± 0.0715
INFO:kbc-cli.py:Epoch 96/100	dev results	MRR 0.840234	H@1 0.754682	H@3 0.909644	H@5 0.949906	H@10 0.977528	H@20 0.985955	H@50 0.992509	H@100 1.000000
INFO:kbc-cli.py:Epoch 96/100	test results	MRR 0.839715	H@1 0.752793	H@3 0.913873	H@5 0.951583	H@10 0.980447	H@20 0.991620	H@50 0.996276	H@100 1.000000
INFO:kbc-cli.py:Epoch 97/100	Loss 8.8361 ± 0.0871
INFO:kbc-cli.py:Epoch 98/100	Loss 8.8449 ± 0.0890
INFO:kbc-cli.py:Epoch 99/100	Loss 8.8420 ± 0.0687
INFO:kbc-cli.py:Epoch 99/100	dev results	MRR 0.839134	H@1 0.752341	H@3 0.908708	H@5 0.950375	H@10 0.975655	H@20 0.986423	H@50 0.992509	H@100 1.000000
INFO:kbc-cli.py:Epoch 99/100	test results	MRR 0.842939	H@1 0.759311	H@3 0.915270	H@5 0.952980	H@10 0.980447	H@20 0.991155	H@50 0.996276	H@100 1.000000
INFO:kbc-cli.py:Epoch 100/100	Loss 8.8336 ± 0.0666
INFO:kbc-cli.py:Final 	dev results	MRR 0.840148	H@1 0.753277	H@3 0.910581	H@5 0.948970	H@10 0.976592	H@20 0.986891	H@50 0.992509	H@100 1.000000
INFO:kbc-cli.py:Final 	test results	MRR 0.841702	H@1 0.757914	H@3 0.913408	H@5 0.950186	H@10 0.979981	H@20 0.991155	H@50 0.996276	H@100 1.000000
INFO:kbc-cli.py:Training finished
