./bin/kbc-cli.py --train data/kinship/train.tsv --dev data/kinship/dev.tsv --test data/kinship/test.tsv -m complex -k 1000 -b 10 -e 100 --F2 0 --N3 0.5 -l 0.1 -I standard -V 3 -o adagrad -c so -q
{'F2': 0.0,
 'N3': 0.5,
 'batch_size': 10,
 'corruption': 'so',
 'dev': 'data/kinship/dev.tsv',
 'embedding_size': 1000,
 'epochs': 100,
 'eval_batch_size': None,
 'input_type': 'standard',
 'learning_rate': 0.1,
 'load': None,
 'model': 'complex',
 'optimizer': 'adagrad',
 'quiet': True,
 'save': None,
 'seed': 0,
 'test': 'data/kinship/test.tsv',
 'test_i': None,
 'test_ii': None,
 'train': 'data/kinship/train.tsv',
 'validate_every': 3}
INFO:kbc-cli.py:Device: cuda
INFO:kbc-cli.py:Model state:
INFO:kbc-cli.py:	entities.weight	torch.Size([104, 2000])
INFO:kbc-cli.py:	predicates.weight	torch.Size([25, 2000])
INFO:kbc-cli.py:Epoch 1/100	Loss 9.4441 ± 0.7912
INFO:kbc-cli.py:Epoch 2/100	Loss 9.2430 ± 0.0267
INFO:kbc-cli.py:Epoch 3/100	Loss 9.2134 ± 0.0457
INFO:kbc-cli.py:Epoch 3/100	dev results	MRR 0.217062	H@1 0.071629	H@3 0.191011	H@5 0.344101	H@10 0.610487	H@20 0.933521	H@50 0.994382	H@100 1.000000
INFO:kbc-cli.py:Epoch 3/100	test results	MRR 0.208882	H@1 0.062849	H@3 0.189479	H@5 0.331006	H@10 0.589851	H@20 0.921322	H@50 0.995810	H@100 1.000000
INFO:kbc-cli.py:Epoch 4/100	Loss 9.1777 ± 0.0661
INFO:kbc-cli.py:Epoch 5/100	Loss 9.1764 ± 0.0667
INFO:kbc-cli.py:Epoch 6/100	Loss 9.1762 ± 0.0659
INFO:kbc-cli.py:Epoch 6/100	dev results	MRR 0.229055	H@1 0.086142	H@3 0.224251	H@5 0.328652	H@10 0.588951	H@20 0.941011	H@50 0.993914	H@100 1.000000
INFO:kbc-cli.py:Epoch 6/100	test results	MRR 0.225265	H@1 0.082402	H@3 0.212291	H@5 0.327281	H@10 0.593575	H@20 0.931564	H@50 0.996276	H@100 1.000000
INFO:kbc-cli.py:Epoch 7/100	Loss 9.1758 ± 0.0655
INFO:kbc-cli.py:Epoch 8/100	Loss 9.1756 ± 0.0650
INFO:kbc-cli.py:Epoch 9/100	Loss 9.1755 ± 0.0657
INFO:kbc-cli.py:Epoch 9/100	dev results	MRR 0.228596	H@1 0.080993	H@3 0.234551	H@5 0.346442	H@10 0.588015	H@20 0.941948	H@50 0.994382	H@100 1.000000
INFO:kbc-cli.py:Epoch 9/100	test results	MRR 0.236963	H@1 0.087058	H@3 0.250466	H@5 0.363128	H@10 0.591248	H@20 0.933426	H@50 0.997672	H@100 1.000000
INFO:kbc-cli.py:Epoch 10/100	Loss 9.1754 ± 0.0686
INFO:kbc-cli.py:Epoch 11/100	Loss 9.1753 ± 0.0683
INFO:kbc-cli.py:Epoch 12/100	Loss 9.1752 ± 0.0643
INFO:kbc-cli.py:Epoch 12/100	dev results	MRR 0.228145	H@1 0.083801	H@3 0.221442	H@5 0.349719	H@10 0.589419	H@20 0.941948	H@50 0.994382	H@100 1.000000
INFO:kbc-cli.py:Epoch 12/100	test results	MRR 0.230947	H@1 0.082868	H@3 0.230912	H@5 0.352886	H@10 0.586592	H@20 0.934823	H@50 0.995810	H@100 1.000000
INFO:kbc-cli.py:Epoch 13/100	Loss 9.1751 ± 0.0679
INFO:kbc-cli.py:Epoch 14/100	Loss 9.1751 ± 0.0626
INFO:kbc-cli.py:Epoch 15/100	Loss 9.1751 ± 0.0665
INFO:kbc-cli.py:Epoch 15/100	dev results	MRR 0.233327	H@1 0.096910	H@3 0.222846	H@5 0.342697	H@10 0.591760	H@20 0.935393	H@50 0.994382	H@100 1.000000
INFO:kbc-cli.py:Epoch 15/100	test results	MRR 0.241630	H@1 0.095903	H@3 0.245345	H@5 0.369646	H@10 0.601955	H@20 0.928305	H@50 0.997207	H@100 1.000000
INFO:kbc-cli.py:Epoch 16/100	Loss 9.1750 ± 0.0663
INFO:kbc-cli.py:Epoch 17/100	Loss 9.1750 ± 0.0648
INFO:kbc-cli.py:Epoch 18/100	Loss 9.1751 ± 0.0642
INFO:kbc-cli.py:Epoch 18/100	dev results	MRR 0.226593	H@1 0.084270	H@3 0.218165	H@5 0.335206	H@10 0.584270	H@20 0.941948	H@50 0.993446	H@100 1.000000
INFO:kbc-cli.py:Epoch 18/100	test results	MRR 0.231171	H@1 0.087989	H@3 0.221136	H@5 0.341713	H@10 0.597765	H@20 0.932495	H@50 0.996741	H@100 1.000000
INFO:kbc-cli.py:Epoch 19/100	Loss 9.1749 ± 0.0623
INFO:kbc-cli.py:Epoch 20/100	Loss 9.1749 ± 0.0657
INFO:kbc-cli.py:Epoch 21/100	Loss 9.1751 ± 0.0687
INFO:kbc-cli.py:Epoch 21/100	dev results	MRR 0.216507	H@1 0.075843	H@3 0.180243	H@5 0.339419	H@10 0.604869	H@20 0.935393	H@50 0.994382	H@100 0.999532
INFO:kbc-cli.py:Epoch 21/100	test results	MRR 0.220659	H@1 0.078212	H@3 0.196462	H@5 0.351024	H@10 0.598231	H@20 0.931099	H@50 0.996276	H@100 1.000000
INFO:kbc-cli.py:Epoch 22/100	Loss 9.1748 ± 0.0630
INFO:kbc-cli.py:Epoch 23/100	Loss 9.1748 ± 0.0631
INFO:kbc-cli.py:Epoch 24/100	Loss 9.1748 ± 0.0652
INFO:kbc-cli.py:Epoch 24/100	dev results	MRR 0.232087	H@1 0.089888	H@3 0.222846	H@5 0.347846	H@10 0.594101	H@20 0.932116	H@50 0.994850	H@100 1.000000
INFO:kbc-cli.py:Epoch 24/100	test results	MRR 0.234494	H@1 0.087989	H@3 0.234637	H@5 0.357076	H@10 0.599162	H@20 0.926909	H@50 0.996741	H@100 1.000000
INFO:kbc-cli.py:Epoch 25/100	Loss 9.1748 ± 0.0668
INFO:kbc-cli.py:Epoch 26/100	Loss 9.1747 ± 0.0643
INFO:kbc-cli.py:Epoch 27/100	Loss 9.1750 ± 0.0665
INFO:kbc-cli.py:Epoch 27/100	dev results	MRR 0.236715	H@1 0.108614	H@3 0.205993	H@5 0.305712	H@10 0.604401	H@20 0.938670	H@50 0.993914	H@100 1.000000
INFO:kbc-cli.py:Epoch 27/100	test results	MRR 0.229705	H@1 0.091248	H@3 0.216946	H@5 0.316108	H@10 0.601024	H@20 0.932961	H@50 0.996741	H@100 1.000000
INFO:kbc-cli.py:Epoch 28/100	Loss 9.1747 ± 0.0642
INFO:kbc-cli.py:Epoch 29/100	Loss 9.1747 ± 0.0674
INFO:kbc-cli.py:Epoch 30/100	Loss 9.1747 ± 0.0659
INFO:kbc-cli.py:Epoch 30/100	dev results	MRR 0.223937	H@1 0.071629	H@3 0.230805	H@5 0.362360	H@10 0.580056	H@20 0.934925	H@50 0.994850	H@100 1.000000
INFO:kbc-cli.py:Epoch 30/100	test results	MRR 0.227596	H@1 0.074488	H@3 0.242551	H@5 0.361732	H@10 0.589851	H@20 0.924115	H@50 0.996741	H@100 1.000000
INFO:kbc-cli.py:Epoch 31/100	Loss 9.1747 ± 0.0638
INFO:kbc-cli.py:Epoch 32/100	Loss 9.1747 ± 0.0636
INFO:kbc-cli.py:Epoch 33/100	Loss 9.1746 ± 0.0646
INFO:kbc-cli.py:Epoch 33/100	dev results	MRR 0.226076	H@1 0.083801	H@3 0.214419	H@5 0.343633	H@10 0.589419	H@20 0.935861	H@50 0.992978	H@100 0.999532
INFO:kbc-cli.py:Epoch 33/100	test results	MRR 0.235594	H@1 0.089385	H@3 0.235568	H@5 0.368715	H@10 0.587989	H@20 0.932961	H@50 0.996276	H@100 0.999534
INFO:kbc-cli.py:Epoch 34/100	Loss 9.1746 ± 0.0687
INFO:kbc-cli.py:Epoch 35/100	Loss 9.1746 ± 0.0648
INFO:kbc-cli.py:Epoch 36/100	Loss 9.1746 ± 0.0660
INFO:kbc-cli.py:Epoch 36/100	dev results	MRR 0.228615	H@1 0.088015	H@3 0.203184	H@5 0.339419	H@10 0.611891	H@20 0.931180	H@50 0.993446	H@100 1.000000
INFO:kbc-cli.py:Epoch 36/100	test results	MRR 0.227930	H@1 0.083799	H@3 0.214153	H@5 0.344507	H@10 0.597300	H@20 0.922253	H@50 0.996741	H@100 0.999534
INFO:kbc-cli.py:Epoch 37/100	Loss 9.1747 ± 0.0653
INFO:kbc-cli.py:Epoch 38/100	Loss 9.1746 ± 0.0652
INFO:kbc-cli.py:Epoch 39/100	Loss 9.1746 ± 0.0659
INFO:kbc-cli.py:Epoch 39/100	dev results	MRR 0.234726	H@1 0.087079	H@3 0.243914	H@5 0.360019	H@10 0.584738	H@20 0.931648	H@50 0.993914	H@100 1.000000
INFO:kbc-cli.py:Epoch 39/100	test results	MRR 0.235252	H@1 0.083333	H@3 0.249069	H@5 0.358939	H@10 0.587989	H@20 0.927840	H@50 0.995810	H@100 1.000000
INFO:kbc-cli.py:Epoch 40/100	Loss 9.1746 ± 0.0653
INFO:kbc-cli.py:Epoch 41/100	Loss 9.1748 ± 0.0624
INFO:kbc-cli.py:Epoch 42/100	Loss 9.1746 ± 0.0629
INFO:kbc-cli.py:Epoch 42/100	dev results	MRR 0.225020	H@1 0.080993	H@3 0.220037	H@5 0.351592	H@10 0.593165	H@20 0.934925	H@50 0.992978	H@100 1.000000
INFO:kbc-cli.py:Epoch 42/100	test results	MRR 0.226400	H@1 0.079609	H@3 0.226257	H@5 0.346834	H@10 0.601024	H@20 0.924115	H@50 0.996276	H@100 1.000000
INFO:kbc-cli.py:Epoch 43/100	Loss 9.1746 ± 0.0671
INFO:kbc-cli.py:Epoch 44/100	Loss 9.1746 ± 0.0654
INFO:kbc-cli.py:Epoch 45/100	Loss 9.1746 ± 0.0654
INFO:kbc-cli.py:Epoch 45/100	dev results	MRR 0.234010	H@1 0.092697	H@3 0.217697	H@5 0.336142	H@10 0.606273	H@20 0.932116	H@50 0.994382	H@100 1.000000
INFO:kbc-cli.py:Epoch 45/100	test results	MRR 0.234400	H@1 0.088920	H@3 0.227188	H@5 0.345438	H@10 0.605214	H@20 0.932961	H@50 0.996741	H@100 1.000000
INFO:kbc-cli.py:Epoch 46/100	Loss 9.1746 ± 0.0663
INFO:kbc-cli.py:Epoch 47/100	Loss 9.1745 ± 0.0654
INFO:kbc-cli.py:Epoch 48/100	Loss 9.1745 ± 0.0645
INFO:kbc-cli.py:Epoch 48/100	dev results	MRR 0.219360	H@1 0.076311	H@3 0.210674	H@5 0.338483	H@10 0.593165	H@20 0.940543	H@50 0.993914	H@100 1.000000
INFO:kbc-cli.py:Epoch 48/100	test results	MRR 0.225233	H@1 0.079609	H@3 0.224860	H@5 0.351024	H@10 0.593575	H@20 0.936220	H@50 0.997207	H@100 1.000000
INFO:kbc-cli.py:Epoch 49/100	Loss 9.1745 ± 0.0676
INFO:kbc-cli.py:Epoch 50/100	Loss 9.1745 ± 0.0641
INFO:kbc-cli.py:Epoch 51/100	Loss 9.1745 ± 0.0635
INFO:kbc-cli.py:Epoch 51/100	dev results	MRR 0.230211	H@1 0.083333	H@3 0.235019	H@5 0.372659	H@10 0.585674	H@20 0.935861	H@50 0.994382	H@100 1.000000
INFO:kbc-cli.py:Epoch 51/100	test results	MRR 0.236932	H@1 0.089851	H@3 0.243482	H@5 0.374767	H@10 0.587058	H@20 0.931099	H@50 0.997672	H@100 1.000000
INFO:kbc-cli.py:Epoch 52/100	Loss 9.1745 ± 0.0607
INFO:kbc-cli.py:Epoch 53/100	Loss 9.1745 ± 0.0645
INFO:kbc-cli.py:Epoch 54/100	Loss 9.1745 ± 0.0660
INFO:kbc-cli.py:Epoch 54/100	dev results	MRR 0.226337	H@1 0.088951	H@3 0.193352	H@5 0.345506	H@10 0.610019	H@20 0.944288	H@50 0.994382	H@100 0.999532
INFO:kbc-cli.py:Epoch 54/100	test results	MRR 0.236219	H@1 0.101024	H@3 0.207635	H@5 0.345903	H@10 0.601490	H@20 0.929702	H@50 0.996741	H@100 1.000000
INFO:kbc-cli.py:Epoch 55/100	Loss 9.1747 ± 0.0665
INFO:kbc-cli.py:Epoch 56/100	Loss 9.1745 ± 0.0637
INFO:kbc-cli.py:Epoch 57/100	Loss 9.1745 ± 0.0638
INFO:kbc-cli.py:Epoch 57/100	dev results	MRR 0.223136	H@1 0.075843	H@3 0.221442	H@5 0.348315	H@10 0.595506	H@20 0.932584	H@50 0.994850	H@100 1.000000
INFO:kbc-cli.py:Epoch 57/100	test results	MRR 0.230452	H@1 0.080074	H@3 0.236499	H@5 0.359870	H@10 0.595903	H@20 0.932961	H@50 0.996276	H@100 1.000000
INFO:kbc-cli.py:Epoch 58/100	Loss 9.1744 ± 0.0641
INFO:kbc-cli.py:Epoch 59/100	Loss 9.1745 ± 0.0644
INFO:kbc-cli.py:Epoch 60/100	Loss 9.1745 ± 0.0651
INFO:kbc-cli.py:Epoch 60/100	dev results	MRR 0.225965	H@1 0.068352	H@3 0.252809	H@5 0.367041	H@10 0.580993	H@20 0.936798	H@50 0.994850	H@100 1.000000
INFO:kbc-cli.py:Epoch 60/100	test results	MRR 0.226290	H@1 0.066108	H@3 0.256052	H@5 0.378957	H@10 0.577747	H@20 0.925512	H@50 0.995810	H@100 1.000000
INFO:kbc-cli.py:Epoch 61/100	Loss 9.1745 ± 0.0640
INFO:kbc-cli.py:Epoch 62/100	Loss 9.1745 ± 0.0642
INFO:kbc-cli.py:Epoch 63/100	Loss 9.1745 ± 0.0651
INFO:kbc-cli.py:Epoch 63/100	dev results	MRR 0.224125	H@1 0.078652	H@3 0.219101	H@5 0.338483	H@10 0.592228	H@20 0.925562	H@50 0.994382	H@100 1.000000
INFO:kbc-cli.py:Epoch 63/100	test results	MRR 0.228725	H@1 0.079609	H@3 0.225326	H@5 0.362197	H@10 0.598696	H@20 0.924115	H@50 0.996276	H@100 1.000000
INFO:kbc-cli.py:Epoch 64/100	Loss 9.1745 ± 0.0655
INFO:kbc-cli.py:Epoch 65/100	Loss 9.1744 ± 0.0656
INFO:kbc-cli.py:Epoch 66/100	Loss 9.1745 ± 0.0648
INFO:kbc-cli.py:Epoch 66/100	dev results	MRR 0.224662	H@1 0.085674	H@3 0.200375	H@5 0.344101	H@10 0.605337	H@20 0.935861	H@50 0.993914	H@100 1.000000
INFO:kbc-cli.py:Epoch 66/100	test results	MRR 0.227272	H@1 0.088920	H@3 0.200652	H@5 0.347300	H@10 0.600093	H@20 0.932030	H@50 0.996276	H@100 0.999534
INFO:kbc-cli.py:Epoch 67/100	Loss 9.1744 ± 0.0676
INFO:kbc-cli.py:Epoch 68/100	Loss 9.1744 ± 0.0674
INFO:kbc-cli.py:Epoch 69/100	Loss 9.1745 ± 0.0659
INFO:kbc-cli.py:Epoch 69/100	dev results	MRR 0.240681	H@1 0.098783	H@3 0.236423	H@5 0.354869	H@10 0.574906	H@20 0.929775	H@50 0.995318	H@100 1.000000
INFO:kbc-cli.py:Epoch 69/100	test results	MRR 0.251608	H@1 0.111266	H@3 0.246276	H@5 0.371043	H@10 0.581006	H@20 0.932495	H@50 0.996741	H@100 1.000000
INFO:kbc-cli.py:Epoch 70/100	Loss 9.1744 ± 0.0672
INFO:kbc-cli.py:Epoch 71/100	Loss 9.1744 ± 0.0652
INFO:kbc-cli.py:Epoch 72/100	Loss 9.1746 ± 0.0660
INFO:kbc-cli.py:Epoch 72/100	dev results	MRR 0.239820	H@1 0.092228	H@3 0.260300	H@5 0.360955	H@10 0.577715	H@20 0.937734	H@50 0.993914	H@100 1.000000
INFO:kbc-cli.py:Epoch 72/100	test results	MRR 0.242494	H@1 0.095438	H@3 0.260708	H@5 0.366853	H@10 0.577281	H@20 0.930168	H@50 0.995810	H@100 1.000000
INFO:kbc-cli.py:Epoch 73/100	Loss 9.1744 ± 0.0652
INFO:kbc-cli.py:Epoch 74/100	Loss 9.1745 ± 0.0633
INFO:kbc-cli.py:Epoch 75/100	Loss 9.1744 ± 0.0630
INFO:kbc-cli.py:Epoch 75/100	dev results	MRR 0.231973	H@1 0.099719	H@3 0.209738	H@5 0.332397	H@10 0.585206	H@20 0.929775	H@50 0.993914	H@100 1.000000
INFO:kbc-cli.py:Epoch 75/100	test results	MRR 0.242719	H@1 0.107076	H@3 0.230912	H@5 0.347765	H@10 0.594972	H@20 0.929236	H@50 0.995810	H@100 0.999534
INFO:kbc-cli.py:Epoch 76/100	Loss 9.1744 ± 0.0644
INFO:kbc-cli.py:Epoch 77/100	Loss 9.1744 ± 0.0663
INFO:kbc-cli.py:Epoch 78/100	Loss 9.1744 ± 0.0635
INFO:kbc-cli.py:Epoch 78/100	dev results	MRR 0.231068	H@1 0.082865	H@3 0.238764	H@5 0.356273	H@10 0.576779	H@20 0.933052	H@50 0.995318	H@100 1.000000
INFO:kbc-cli.py:Epoch 78/100	test results	MRR 0.237149	H@1 0.087989	H@3 0.249534	H@5 0.359404	H@10 0.582868	H@20 0.932961	H@50 0.996276	H@100 1.000000
INFO:kbc-cli.py:Epoch 79/100	Loss 9.1744 ± 0.0649
INFO:kbc-cli.py:Epoch 80/100	Loss 9.1744 ± 0.0652
INFO:kbc-cli.py:Epoch 81/100	Loss 9.1744 ± 0.0667
INFO:kbc-cli.py:Epoch 81/100	dev results	MRR 0.239789	H@1 0.099251	H@3 0.239232	H@5 0.359082	H@10 0.579588	H@20 0.936798	H@50 0.993914	H@100 1.000000
INFO:kbc-cli.py:Epoch 81/100	test results	MRR 0.241835	H@1 0.100093	H@3 0.242551	H@5 0.368715	H@10 0.575885	H@20 0.929702	H@50 0.996741	H@100 0.999534
INFO:kbc-cli.py:Epoch 82/100	Loss 9.1744 ± 0.0634
INFO:kbc-cli.py:Epoch 83/100	Loss 9.1744 ± 0.0646
INFO:kbc-cli.py:Epoch 84/100	Loss 9.1745 ± 0.0658
INFO:kbc-cli.py:Epoch 84/100	dev results	MRR 0.231152	H@1 0.084270	H@3 0.232678	H@5 0.357210	H@10 0.590824	H@20 0.936330	H@50 0.993914	H@100 1.000000
INFO:kbc-cli.py:Epoch 84/100	test results	MRR 0.235311	H@1 0.089385	H@3 0.235568	H@5 0.374767	H@10 0.589851	H@20 0.932495	H@50 0.996276	H@100 0.999534
INFO:kbc-cli.py:Epoch 85/100	Loss 9.1744 ± 0.0661
INFO:kbc-cli.py:Epoch 86/100	Loss 9.1746 ± 0.0649
INFO:kbc-cli.py:Epoch 87/100	Loss 9.1744 ± 0.0644
INFO:kbc-cli.py:Epoch 87/100	dev results	MRR 0.232030	H@1 0.079588	H@3 0.237360	H@5 0.373127	H@10 0.588483	H@20 0.931648	H@50 0.993914	H@100 1.000000
INFO:kbc-cli.py:Epoch 87/100	test results	MRR 0.234630	H@1 0.082402	H@3 0.252793	H@5 0.387803	H@10 0.588920	H@20 0.924581	H@50 0.996276	H@100 1.000000
INFO:kbc-cli.py:Epoch 88/100	Loss 9.1751 ± 0.0724
INFO:kbc-cli.py:Epoch 89/100	Loss 9.1744 ± 0.0631
INFO:kbc-cli.py:Epoch 90/100	Loss 9.1744 ± 0.0635
INFO:kbc-cli.py:Epoch 90/100	dev results	MRR 0.227887	H@1 0.080524	H@3 0.228464	H@5 0.329588	H@10 0.589888	H@20 0.929307	H@50 0.993446	H@100 1.000000
INFO:kbc-cli.py:Epoch 90/100	test results	MRR 0.228976	H@1 0.080540	H@3 0.227188	H@5 0.345903	H@10 0.592644	H@20 0.922253	H@50 0.997207	H@100 1.000000
INFO:kbc-cli.py:Epoch 91/100	Loss 9.1743 ± 0.0633
INFO:kbc-cli.py:Epoch 92/100	Loss 9.1744 ± 0.0644
INFO:kbc-cli.py:Epoch 93/100	Loss 9.1744 ± 0.0636
INFO:kbc-cli.py:Epoch 93/100	dev results	MRR 0.220771	H@1 0.071629	H@3 0.218165	H@5 0.360019	H@10 0.595974	H@20 0.933052	H@50 0.993914	H@100 1.000000
INFO:kbc-cli.py:Epoch 93/100	test results	MRR 0.219744	H@1 0.068436	H@3 0.227188	H@5 0.358473	H@10 0.596369	H@20 0.926909	H@50 0.996276	H@100 0.999534
INFO:kbc-cli.py:Epoch 94/100	Loss 9.1743 ± 0.0641
INFO:kbc-cli.py:Epoch 95/100	Loss 9.1744 ± 0.0635
INFO:kbc-cli.py:Epoch 96/100	Loss 9.1744 ± 0.0625
INFO:kbc-cli.py:Epoch 96/100	dev results	MRR 0.238754	H@1 0.093165	H@3 0.242041	H@5 0.365169	H@10 0.573970	H@20 0.930712	H@50 0.994850	H@100 1.000000
INFO:kbc-cli.py:Epoch 96/100	test results	MRR 0.241415	H@1 0.093110	H@3 0.244879	H@5 0.381750	H@10 0.581471	H@20 0.931099	H@50 0.996276	H@100 0.999534
INFO:kbc-cli.py:Epoch 97/100	Loss 9.1744 ± 0.0647
INFO:kbc-cli.py:Epoch 98/100	Loss 9.1743 ± 0.0648
INFO:kbc-cli.py:Epoch 99/100	Loss 9.1743 ± 0.0653
INFO:kbc-cli.py:Epoch 99/100	dev results	MRR 0.237329	H@1 0.093165	H@3 0.231273	H@5 0.370318	H@10 0.584738	H@20 0.931648	H@50 0.993914	H@100 1.000000
INFO:kbc-cli.py:Epoch 99/100	test results	MRR 0.231255	H@1 0.087058	H@3 0.224860	H@5 0.352421	H@10 0.578678	H@20 0.925978	H@50 0.996276	H@100 1.000000
INFO:kbc-cli.py:Epoch 100/100	Loss 9.1743 ± 0.0647
INFO:kbc-cli.py:Final 	dev results	MRR 0.227161	H@1 0.071161	H@3 0.246723	H@5 0.359551	H@10 0.577247	H@20 0.937266	H@50 0.994382	H@100 1.000000
INFO:kbc-cli.py:Final 	test results	MRR 0.236216	H@1 0.083333	H@3 0.252328	H@5 0.371508	H@10 0.580540	H@20 0.933426	H@50 0.995345	H@100 1.000000
INFO:kbc-cli.py:Training finished
