./bin/kbc-cli.py --train data/kinship/train.tsv --dev data/kinship/dev.tsv --test data/kinship/test.tsv -m complex -k 200 -b 500 -e 100 --F2 0 --N3 0.0005 -l 0.1 -I standard -V 3 -o adagrad -c spo -q
{'F2': 0.0,
 'N3': 0.0005,
 'batch_size': 500,
 'corruption': 'spo',
 'dev': 'data/kinship/dev.tsv',
 'embedding_size': 200,
 'epochs': 100,
 'eval_batch_size': None,
 'input_type': 'standard',
 'learning_rate': 0.1,
 'load': None,
 'model': 'complex',
 'optimizer': 'adagrad',
 'quiet': True,
 'save': None,
 'seed': 0,
 'test': 'data/kinship/test.tsv',
 'test_i': None,
 'test_ii': None,
 'train': 'data/kinship/train.tsv',
 'validate_every': 3}
INFO:kbc-cli.py:Device: cuda
INFO:kbc-cli.py:Model state:
INFO:kbc-cli.py:	entities.weight	torch.Size([104, 400])
INFO:kbc-cli.py:	predicates.weight	torch.Size([25, 400])
INFO:kbc-cli.py:Epoch 1/100	Loss 9.7374 ± 2.2199
INFO:kbc-cli.py:Epoch 2/100	Loss 6.0551 ± 0.1227
INFO:kbc-cli.py:Epoch 3/100	Loss 5.4530 ± 0.1423
INFO:kbc-cli.py:Epoch 3/100	dev results	MRR 0.841602	H@1 0.756086	H@3 0.919476	H@5 0.950843	H@10 0.974251	H@20 0.986423	H@50 0.992041	H@100 0.999532
INFO:kbc-cli.py:Epoch 3/100	test results	MRR 0.836098	H@1 0.745345	H@3 0.913873	H@5 0.956704	H@10 0.983240	H@20 0.991155	H@50 0.996741	H@100 1.000000
INFO:kbc-cli.py:Epoch 4/100	Loss 5.1604 ± 0.1124
INFO:kbc-cli.py:Epoch 5/100	Loss 4.9972 ± 0.1274
INFO:kbc-cli.py:Epoch 6/100	Loss 4.8764 ± 0.1230
INFO:kbc-cli.py:Epoch 6/100	dev results	MRR 0.872057	H@1 0.801966	H@3 0.934925	H@5 0.961142	H@10 0.978464	H@20 0.986423	H@50 0.991573	H@100 1.000000
INFO:kbc-cli.py:Epoch 6/100	test results	MRR 0.868496	H@1 0.795158	H@3 0.932495	H@5 0.962291	H@10 0.984171	H@20 0.993017	H@50 0.995345	H@100 1.000000
INFO:kbc-cli.py:Epoch 7/100	Loss 4.7979 ± 0.1408
INFO:kbc-cli.py:Epoch 8/100	Loss 4.7303 ± 0.1376
INFO:kbc-cli.py:Epoch 9/100	Loss 4.6809 ± 0.1128
INFO:kbc-cli.py:Epoch 9/100	dev results	MRR 0.875467	H@1 0.810393	H@3 0.933052	H@5 0.963483	H@10 0.979401	H@20 0.985487	H@50 0.990637	H@100 1.000000
INFO:kbc-cli.py:Epoch 9/100	test results	MRR 0.872719	H@1 0.801676	H@3 0.933426	H@5 0.962291	H@10 0.983706	H@20 0.992086	H@50 0.995345	H@100 1.000000
INFO:kbc-cli.py:Epoch 10/100	Loss 4.6209 ± 0.1095
INFO:kbc-cli.py:Epoch 11/100	Loss 4.5916 ± 0.0936
INFO:kbc-cli.py:Epoch 12/100	Loss 4.5678 ± 0.0995
INFO:kbc-cli.py:Epoch 12/100	dev results	MRR 0.875750	H@1 0.811798	H@3 0.931180	H@5 0.960674	H@10 0.978464	H@20 0.985487	H@50 0.991105	H@100 1.000000
INFO:kbc-cli.py:Epoch 12/100	test results	MRR 0.873997	H@1 0.802142	H@3 0.934823	H@5 0.964153	H@10 0.984171	H@20 0.993017	H@50 0.995345	H@100 1.000000
INFO:kbc-cli.py:Epoch 13/100	Loss 4.5399 ± 0.1253
INFO:kbc-cli.py:Epoch 14/100	Loss 4.5160 ± 0.1200
INFO:kbc-cli.py:Epoch 15/100	Loss 4.4916 ± 0.0875
INFO:kbc-cli.py:Epoch 15/100	dev results	MRR 0.877030	H@1 0.816011	H@3 0.928839	H@5 0.961142	H@10 0.979401	H@20 0.985019	H@50 0.991573	H@100 1.000000
INFO:kbc-cli.py:Epoch 15/100	test results	MRR 0.873887	H@1 0.804469	H@3 0.939479	H@5 0.960894	H@10 0.983240	H@20 0.992551	H@50 0.995810	H@100 1.000000
INFO:kbc-cli.py:Epoch 16/100	Loss 4.4859 ± 0.1324
INFO:kbc-cli.py:Epoch 17/100	Loss 4.4438 ± 0.0963
INFO:kbc-cli.py:Epoch 18/100	Loss 4.4496 ± 0.1213
INFO:kbc-cli.py:Epoch 18/100	dev results	MRR 0.878469	H@1 0.816948	H@3 0.933052	H@5 0.960674	H@10 0.978464	H@20 0.985955	H@50 0.992041	H@100 1.000000
INFO:kbc-cli.py:Epoch 18/100	test results	MRR 0.877049	H@1 0.808194	H@3 0.937151	H@5 0.961359	H@10 0.983240	H@20 0.992086	H@50 0.996276	H@100 0.999534
INFO:kbc-cli.py:Epoch 19/100	Loss 4.4387 ± 0.1166
INFO:kbc-cli.py:Epoch 20/100	Loss 4.4170 ± 0.0841
INFO:kbc-cli.py:Epoch 21/100	Loss 4.4171 ± 0.1238
INFO:kbc-cli.py:Epoch 21/100	dev results	MRR 0.882932	H@1 0.826779	H@3 0.929307	H@5 0.959270	H@10 0.977996	H@20 0.985955	H@50 0.992509	H@100 1.000000
INFO:kbc-cli.py:Epoch 21/100	test results	MRR 0.878598	H@1 0.808659	H@3 0.939479	H@5 0.964153	H@10 0.982309	H@20 0.992086	H@50 0.995810	H@100 1.000000
INFO:kbc-cli.py:Epoch 22/100	Loss 4.3876 ± 0.1053
INFO:kbc-cli.py:Epoch 23/100	Loss 4.3633 ± 0.1325
INFO:kbc-cli.py:Epoch 24/100	Loss 4.3786 ± 0.0854
INFO:kbc-cli.py:Epoch 24/100	dev results	MRR 0.879193	H@1 0.819757	H@3 0.930712	H@5 0.959270	H@10 0.979401	H@20 0.985955	H@50 0.991573	H@100 1.000000
INFO:kbc-cli.py:Epoch 24/100	test results	MRR 0.879261	H@1 0.811918	H@3 0.937151	H@5 0.963687	H@10 0.981378	H@20 0.991620	H@50 0.995810	H@100 1.000000
INFO:kbc-cli.py:Epoch 25/100	Loss 4.3707 ± 0.0960
INFO:kbc-cli.py:Epoch 26/100	Loss 4.3423 ± 0.1247
INFO:kbc-cli.py:Epoch 27/100	Loss 4.3552 ± 0.0916
INFO:kbc-cli.py:Epoch 27/100	dev results	MRR 0.876412	H@1 0.812266	H@3 0.932584	H@5 0.957865	H@10 0.977060	H@20 0.985487	H@50 0.991105	H@100 1.000000
INFO:kbc-cli.py:Epoch 27/100	test results	MRR 0.878004	H@1 0.807728	H@3 0.942737	H@5 0.961825	H@10 0.982775	H@20 0.992086	H@50 0.995810	H@100 1.000000
INFO:kbc-cli.py:Epoch 28/100	Loss 4.3427 ± 0.0954
INFO:kbc-cli.py:Epoch 29/100	Loss 4.3522 ± 0.1206
INFO:kbc-cli.py:Epoch 30/100	Loss 4.3360 ± 0.1048
INFO:kbc-cli.py:Epoch 30/100	dev results	MRR 0.881135	H@1 0.822566	H@3 0.930712	H@5 0.959270	H@10 0.977528	H@20 0.985487	H@50 0.992041	H@100 1.000000
INFO:kbc-cli.py:Epoch 30/100	test results	MRR 0.881540	H@1 0.814711	H@3 0.943203	H@5 0.964153	H@10 0.982309	H@20 0.993017	H@50 0.995810	H@100 1.000000
INFO:kbc-cli.py:Epoch 31/100	Loss 4.3327 ± 0.0831
INFO:kbc-cli.py:Epoch 32/100	Loss 4.3193 ± 0.0730
INFO:kbc-cli.py:Epoch 33/100	Loss 4.3203 ± 0.0898
INFO:kbc-cli.py:Epoch 33/100	dev results	MRR 0.877234	H@1 0.817416	H@3 0.927434	H@5 0.958801	H@10 0.976592	H@20 0.985955	H@50 0.991573	H@100 1.000000
INFO:kbc-cli.py:Epoch 33/100	test results	MRR 0.877969	H@1 0.809125	H@3 0.939944	H@5 0.962756	H@10 0.983240	H@20 0.992551	H@50 0.996276	H@100 1.000000
INFO:kbc-cli.py:Epoch 34/100	Loss 4.3287 ± 0.1247
INFO:kbc-cli.py:Epoch 35/100	Loss 4.3151 ± 0.1073
INFO:kbc-cli.py:Epoch 36/100	Loss 4.2945 ± 0.0738
INFO:kbc-cli.py:Epoch 36/100	dev results	MRR 0.880608	H@1 0.821161	H@3 0.929775	H@5 0.959270	H@10 0.977528	H@20 0.985487	H@50 0.992041	H@100 1.000000
INFO:kbc-cli.py:Epoch 36/100	test results	MRR 0.883413	H@1 0.818901	H@3 0.940875	H@5 0.961359	H@10 0.980912	H@20 0.992086	H@50 0.996276	H@100 1.000000
INFO:kbc-cli.py:Epoch 37/100	Loss 4.3062 ± 0.1019
INFO:kbc-cli.py:Epoch 38/100	Loss 4.3126 ± 0.1118
INFO:kbc-cli.py:Epoch 39/100	Loss 4.2983 ± 0.0871
INFO:kbc-cli.py:Epoch 39/100	dev results	MRR 0.878996	H@1 0.817416	H@3 0.935393	H@5 0.958333	H@10 0.977996	H@20 0.985019	H@50 0.991573	H@100 1.000000
INFO:kbc-cli.py:Epoch 39/100	test results	MRR 0.882800	H@1 0.818436	H@3 0.942272	H@5 0.960894	H@10 0.980912	H@20 0.992086	H@50 0.996276	H@100 1.000000
INFO:kbc-cli.py:Epoch 40/100	Loss 4.2686 ± 0.1006
INFO:kbc-cli.py:Epoch 41/100	Loss 4.2855 ± 0.0889
INFO:kbc-cli.py:Epoch 42/100	Loss 4.2706 ± 0.0936
INFO:kbc-cli.py:Epoch 42/100	dev results	MRR 0.877680	H@1 0.815075	H@3 0.933521	H@5 0.959738	H@10 0.977060	H@20 0.985955	H@50 0.991573	H@100 1.000000
INFO:kbc-cli.py:Epoch 42/100	test results	MRR 0.882943	H@1 0.817505	H@3 0.939013	H@5 0.962756	H@10 0.982775	H@20 0.992551	H@50 0.996276	H@100 1.000000
INFO:kbc-cli.py:Epoch 43/100	Loss 4.2688 ± 0.0887
INFO:kbc-cli.py:Epoch 44/100	Loss 4.2723 ± 0.1030
INFO:kbc-cli.py:Epoch 45/100	Loss 4.2613 ± 0.0896
INFO:kbc-cli.py:Epoch 45/100	dev results	MRR 0.876874	H@1 0.815075	H@3 0.930712	H@5 0.958333	H@10 0.976592	H@20 0.985487	H@50 0.991573	H@100 1.000000
INFO:kbc-cli.py:Epoch 45/100	test results	MRR 0.880213	H@1 0.814246	H@3 0.938547	H@5 0.961825	H@10 0.981378	H@20 0.992551	H@50 0.996276	H@100 1.000000
INFO:kbc-cli.py:Epoch 46/100	Loss 4.2775 ± 0.1025
INFO:kbc-cli.py:Epoch 47/100	Loss 4.2684 ± 0.0775
INFO:kbc-cli.py:Epoch 48/100	Loss 4.2661 ± 0.0837
INFO:kbc-cli.py:Epoch 48/100	dev results	MRR 0.878879	H@1 0.818352	H@3 0.932116	H@5 0.959270	H@10 0.977060	H@20 0.985955	H@50 0.991573	H@100 1.000000
INFO:kbc-cli.py:Epoch 48/100	test results	MRR 0.882268	H@1 0.817970	H@3 0.941341	H@5 0.964153	H@10 0.980447	H@20 0.992086	H@50 0.996276	H@100 1.000000
INFO:kbc-cli.py:Epoch 49/100	Loss 4.2554 ± 0.0776
INFO:kbc-cli.py:Epoch 50/100	Loss 4.2562 ± 0.0762
INFO:kbc-cli.py:Epoch 51/100	Loss 4.2421 ± 0.0665
INFO:kbc-cli.py:Epoch 51/100	dev results	MRR 0.876937	H@1 0.815075	H@3 0.927903	H@5 0.956929	H@10 0.977528	H@20 0.985487	H@50 0.991573	H@100 1.000000
INFO:kbc-cli.py:Epoch 51/100	test results	MRR 0.880941	H@1 0.814711	H@3 0.939479	H@5 0.962756	H@10 0.980912	H@20 0.992086	H@50 0.996276	H@100 1.000000
INFO:kbc-cli.py:Epoch 52/100	Loss 4.2419 ± 0.0582
INFO:kbc-cli.py:Epoch 53/100	Loss 4.2587 ± 0.1120
INFO:kbc-cli.py:Epoch 54/100	Loss 4.2309 ± 0.0995
INFO:kbc-cli.py:Epoch 54/100	dev results	MRR 0.875354	H@1 0.813670	H@3 0.926030	H@5 0.955993	H@10 0.977060	H@20 0.985019	H@50 0.992041	H@100 1.000000
INFO:kbc-cli.py:Epoch 54/100	test results	MRR 0.880272	H@1 0.813315	H@3 0.940410	H@5 0.961825	H@10 0.980447	H@20 0.992086	H@50 0.996276	H@100 1.000000
INFO:kbc-cli.py:Epoch 55/100	Loss 4.2519 ± 0.1012
INFO:kbc-cli.py:Epoch 56/100	Loss 4.2300 ± 0.0841
INFO:kbc-cli.py:Epoch 57/100	Loss 4.2383 ± 0.0766
INFO:kbc-cli.py:Epoch 57/100	dev results	MRR 0.879360	H@1 0.821629	H@3 0.926030	H@5 0.955056	H@10 0.977996	H@20 0.985487	H@50 0.992041	H@100 1.000000
INFO:kbc-cli.py:Epoch 57/100	test results	MRR 0.879026	H@1 0.811453	H@3 0.940875	H@5 0.962756	H@10 0.980447	H@20 0.992086	H@50 0.996276	H@100 1.000000
INFO:kbc-cli.py:Epoch 58/100	Loss 4.2370 ± 0.0756
INFO:kbc-cli.py:Epoch 59/100	Loss 4.2309 ± 0.0834
INFO:kbc-cli.py:Epoch 60/100	Loss 4.2348 ± 0.0930
INFO:kbc-cli.py:Epoch 60/100	dev results	MRR 0.877038	H@1 0.817416	H@3 0.927434	H@5 0.955524	H@10 0.977060	H@20 0.985487	H@50 0.991573	H@100 1.000000
INFO:kbc-cli.py:Epoch 60/100	test results	MRR 0.879816	H@1 0.812384	H@3 0.941806	H@5 0.961359	H@10 0.981844	H@20 0.992086	H@50 0.996276	H@100 1.000000
INFO:kbc-cli.py:Epoch 61/100	Loss 4.2397 ± 0.0911
INFO:kbc-cli.py:Epoch 62/100	Loss 4.2364 ± 0.0853
INFO:kbc-cli.py:Epoch 63/100	Loss 4.2234 ± 0.0762
INFO:kbc-cli.py:Epoch 63/100	dev results	MRR 0.877865	H@1 0.818820	H@3 0.927434	H@5 0.955056	H@10 0.976124	H@20 0.985487	H@50 0.991105	H@100 1.000000
INFO:kbc-cli.py:Epoch 63/100	test results	MRR 0.878991	H@1 0.810987	H@3 0.940410	H@5 0.964153	H@10 0.980912	H@20 0.992551	H@50 0.996276	H@100 1.000000
INFO:kbc-cli.py:Epoch 64/100	Loss 4.2354 ± 0.0863
INFO:kbc-cli.py:Epoch 65/100	Loss 4.2344 ± 0.0988
INFO:kbc-cli.py:Epoch 66/100	Loss 4.2193 ± 0.0618
INFO:kbc-cli.py:Epoch 66/100	dev results	MRR 0.877673	H@1 0.818352	H@3 0.927903	H@5 0.956929	H@10 0.976124	H@20 0.985019	H@50 0.990169	H@100 1.000000
INFO:kbc-cli.py:Epoch 66/100	test results	MRR 0.880006	H@1 0.811453	H@3 0.943203	H@5 0.963222	H@10 0.980447	H@20 0.992551	H@50 0.996276	H@100 1.000000
INFO:kbc-cli.py:Epoch 67/100	Loss 4.2197 ± 0.0631
INFO:kbc-cli.py:Epoch 68/100	Loss 4.2293 ± 0.1024
INFO:kbc-cli.py:Epoch 69/100	Loss 4.2245 ± 0.0756
INFO:kbc-cli.py:Epoch 69/100	dev results	MRR 0.878159	H@1 0.818820	H@3 0.927434	H@5 0.957397	H@10 0.976592	H@20 0.985487	H@50 0.990637	H@100 1.000000
INFO:kbc-cli.py:Epoch 69/100	test results	MRR 0.875918	H@1 0.805400	H@3 0.939944	H@5 0.963687	H@10 0.980912	H@20 0.992086	H@50 0.996276	H@100 1.000000
INFO:kbc-cli.py:Epoch 70/100	Loss 4.2109 ± 0.0821
INFO:kbc-cli.py:Epoch 71/100	Loss 4.2246 ± 0.0901
INFO:kbc-cli.py:Epoch 72/100	Loss 4.2234 ± 0.0874
INFO:kbc-cli.py:Epoch 72/100	dev results	MRR 0.875998	H@1 0.814607	H@3 0.925562	H@5 0.955993	H@10 0.976592	H@20 0.985955	H@50 0.990637	H@100 1.000000
INFO:kbc-cli.py:Epoch 72/100	test results	MRR 0.876053	H@1 0.807263	H@3 0.939944	H@5 0.961359	H@10 0.982309	H@20 0.992086	H@50 0.995345	H@100 1.000000
INFO:kbc-cli.py:Epoch 73/100	Loss 4.2114 ± 0.0480
INFO:kbc-cli.py:Epoch 74/100	Loss 4.2058 ± 0.0659
INFO:kbc-cli.py:Epoch 75/100	Loss 4.2152 ± 0.0756
INFO:kbc-cli.py:Epoch 75/100	dev results	MRR 0.876043	H@1 0.813202	H@3 0.929307	H@5 0.956461	H@10 0.975655	H@20 0.985019	H@50 0.991573	H@100 1.000000
INFO:kbc-cli.py:Epoch 75/100	test results	MRR 0.877793	H@1 0.809125	H@3 0.939944	H@5 0.962756	H@10 0.981844	H@20 0.992086	H@50 0.995810	H@100 1.000000
INFO:kbc-cli.py:Epoch 76/100	Loss 4.2013 ± 0.0972
INFO:kbc-cli.py:Epoch 77/100	Loss 4.2090 ± 0.0778
INFO:kbc-cli.py:Epoch 78/100	Loss 4.2009 ± 0.0588
INFO:kbc-cli.py:Epoch 78/100	dev results	MRR 0.876685	H@1 0.814139	H@3 0.931648	H@5 0.956929	H@10 0.975655	H@20 0.985019	H@50 0.991105	H@100 1.000000
INFO:kbc-cli.py:Epoch 78/100	test results	MRR 0.878103	H@1 0.810056	H@3 0.941341	H@5 0.959963	H@10 0.981378	H@20 0.992086	H@50 0.996276	H@100 1.000000
INFO:kbc-cli.py:Epoch 79/100	Loss 4.2077 ± 0.0693
INFO:kbc-cli.py:Epoch 80/100	Loss 4.1953 ± 0.0879
INFO:kbc-cli.py:Epoch 81/100	Loss 4.2112 ± 0.0914
INFO:kbc-cli.py:Epoch 81/100	dev results	MRR 0.876939	H@1 0.815543	H@3 0.928371	H@5 0.957397	H@10 0.976592	H@20 0.984551	H@50 0.990637	H@100 1.000000
INFO:kbc-cli.py:Epoch 81/100	test results	MRR 0.878945	H@1 0.810987	H@3 0.942737	H@5 0.963687	H@10 0.981378	H@20 0.992086	H@50 0.996276	H@100 1.000000
INFO:kbc-cli.py:Epoch 82/100	Loss 4.2078 ± 0.0683
INFO:kbc-cli.py:Epoch 83/100	Loss 4.2099 ± 0.0907
INFO:kbc-cli.py:Epoch 84/100	Loss 4.2131 ± 0.1038
INFO:kbc-cli.py:Epoch 84/100	dev results	MRR 0.875803	H@1 0.814607	H@3 0.926498	H@5 0.955524	H@10 0.977060	H@20 0.985487	H@50 0.991573	H@100 1.000000
INFO:kbc-cli.py:Epoch 84/100	test results	MRR 0.876483	H@1 0.808659	H@3 0.939479	H@5 0.961825	H@10 0.979981	H@20 0.992086	H@50 0.996276	H@100 1.000000
INFO:kbc-cli.py:Epoch 85/100	Loss 4.1949 ± 0.0692
INFO:kbc-cli.py:Epoch 86/100	Loss 4.2069 ± 0.0925
INFO:kbc-cli.py:Epoch 87/100	Loss 4.1965 ± 0.0667
INFO:kbc-cli.py:Epoch 87/100	dev results	MRR 0.879961	H@1 0.821629	H@3 0.928839	H@5 0.955993	H@10 0.977060	H@20 0.984551	H@50 0.992041	H@100 1.000000
INFO:kbc-cli.py:Epoch 87/100	test results	MRR 0.875939	H@1 0.806331	H@3 0.940410	H@5 0.962756	H@10 0.980447	H@20 0.992551	H@50 0.996276	H@100 1.000000
INFO:kbc-cli.py:Epoch 88/100	Loss 4.2117 ± 0.1152
INFO:kbc-cli.py:Epoch 89/100	Loss 4.1929 ± 0.0704
INFO:kbc-cli.py:Epoch 90/100	Loss 4.1977 ± 0.0690
INFO:kbc-cli.py:Epoch 90/100	dev results	MRR 0.876705	H@1 0.816479	H@3 0.927434	H@5 0.955524	H@10 0.976592	H@20 0.985487	H@50 0.990637	H@100 1.000000
INFO:kbc-cli.py:Epoch 90/100	test results	MRR 0.874473	H@1 0.803073	H@3 0.942737	H@5 0.963687	H@10 0.980912	H@20 0.992086	H@50 0.996276	H@100 1.000000
INFO:kbc-cli.py:Epoch 91/100	Loss 4.1877 ± 0.0851
INFO:kbc-cli.py:Epoch 92/100	Loss 4.1991 ± 0.0849
INFO:kbc-cli.py:Epoch 93/100	Loss 4.1943 ± 0.0769
INFO:kbc-cli.py:Epoch 93/100	dev results	MRR 0.875370	H@1 0.813202	H@3 0.928371	H@5 0.953652	H@10 0.976124	H@20 0.985019	H@50 0.990637	H@100 1.000000
INFO:kbc-cli.py:Epoch 93/100	test results	MRR 0.876392	H@1 0.807263	H@3 0.939479	H@5 0.962291	H@10 0.981378	H@20 0.992086	H@50 0.995345	H@100 1.000000
INFO:kbc-cli.py:Epoch 94/100	Loss 4.1808 ± 0.0674
INFO:kbc-cli.py:Epoch 95/100	Loss 4.1921 ± 0.0857
INFO:kbc-cli.py:Epoch 96/100	Loss 4.1887 ± 0.0767
INFO:kbc-cli.py:Epoch 96/100	dev results	MRR 0.873715	H@1 0.810393	H@3 0.925562	H@5 0.954588	H@10 0.976592	H@20 0.985019	H@50 0.990169	H@100 1.000000
INFO:kbc-cli.py:Epoch 96/100	test results	MRR 0.876084	H@1 0.806331	H@3 0.938082	H@5 0.962291	H@10 0.982309	H@20 0.992086	H@50 0.995345	H@100 1.000000
INFO:kbc-cli.py:Epoch 97/100	Loss 4.1982 ± 0.0887
INFO:kbc-cli.py:Epoch 98/100	Loss 4.1800 ± 0.0605
INFO:kbc-cli.py:Epoch 99/100	Loss 4.1912 ± 0.0874
INFO:kbc-cli.py:Epoch 99/100	dev results	MRR 0.875886	H@1 0.815075	H@3 0.926966	H@5 0.955524	H@10 0.975187	H@20 0.985019	H@50 0.990637	H@100 1.000000
INFO:kbc-cli.py:Epoch 99/100	test results	MRR 0.876155	H@1 0.805866	H@3 0.939479	H@5 0.962291	H@10 0.980447	H@20 0.992086	H@50 0.995345	H@100 1.000000
INFO:kbc-cli.py:Epoch 100/100	Loss 4.1844 ± 0.0692
INFO:kbc-cli.py:Final 	dev results	MRR 0.875361	H@1 0.813670	H@3 0.926966	H@5 0.955524	H@10 0.976592	H@20 0.985019	H@50 0.990637	H@100 1.000000
INFO:kbc-cli.py:Final 	test results	MRR 0.874776	H@1 0.804469	H@3 0.939013	H@5 0.962291	H@10 0.980447	H@20 0.992086	H@50 0.995345	H@100 1.000000
INFO:kbc-cli.py:Training finished
