./bin/kbc-cli.py --train data/kinship/train.tsv --dev data/kinship/dev.tsv --test data/kinship/test.tsv -m complex -k 100 -b 50 -e 100 --F2 0 --N3 0.5 -l 0.1 -I reciprocal -V 3 -o adagrad -c spo -q
{'F2': 0.0,
 'N3': 0.5,
 'batch_size': 50,
 'corruption': 'spo',
 'dev': 'data/kinship/dev.tsv',
 'embedding_size': 100,
 'epochs': 100,
 'eval_batch_size': None,
 'input_type': 'reciprocal',
 'learning_rate': 0.1,
 'load': None,
 'model': 'complex',
 'optimizer': 'adagrad',
 'quiet': True,
 'save': None,
 'seed': 0,
 'test': 'data/kinship/test.tsv',
 'test_i': None,
 'test_ii': None,
 'train': 'data/kinship/train.tsv',
 'validate_every': 3}
INFO:kbc-cli.py:Device: cuda
INFO:kbc-cli.py:Model state:
INFO:kbc-cli.py:	entities.weight	torch.Size([104, 200])
INFO:kbc-cli.py:	predicates.weight	torch.Size([50, 200])
INFO:kbc-cli.py:Epoch 1/100	Loss 13.0773 ± 0.6287
INFO:kbc-cli.py:Epoch 2/100	Loss 12.5086 ± 0.4353
INFO:kbc-cli.py:Epoch 3/100	Loss 12.4238 ± 0.3764
INFO:kbc-cli.py:Epoch 3/100	dev results	MRR 0.223551	H@1 0.078652	H@3 0.208333	H@5 0.323034	H@10 0.599251	H@20 0.931648	H@50 0.994382	H@100 1.000000
INFO:kbc-cli.py:Epoch 3/100	test results	MRR 0.225164	H@1 0.083333	H@3 0.205307	H@5 0.327747	H@10 0.597765	H@20 0.928305	H@50 0.994413	H@100 1.000000
INFO:kbc-cli.py:Epoch 4/100	Loss 12.4150 ± 0.3383
INFO:kbc-cli.py:Epoch 5/100	Loss 12.4087 ± 0.2943
INFO:kbc-cli.py:Epoch 6/100	Loss 12.4043 ± 0.2660
INFO:kbc-cli.py:Epoch 6/100	dev results	MRR 0.242557	H@1 0.103464	H@3 0.218165	H@5 0.370787	H@10 0.593165	H@20 0.927434	H@50 0.993914	H@100 1.000000
INFO:kbc-cli.py:Epoch 6/100	test results	MRR 0.241835	H@1 0.102421	H@3 0.226257	H@5 0.375698	H@10 0.585196	H@20 0.918529	H@50 0.996276	H@100 1.000000
INFO:kbc-cli.py:Epoch 7/100	Loss 12.4008 ± 0.2599
INFO:kbc-cli.py:Epoch 8/100	Loss 12.3986 ± 0.2496
INFO:kbc-cli.py:Epoch 9/100	Loss 12.3952 ± 0.2165
INFO:kbc-cli.py:Epoch 9/100	dev results	MRR 0.237798	H@1 0.090356	H@3 0.247191	H@5 0.361423	H@10 0.580056	H@20 0.920880	H@50 0.993914	H@100 1.000000
INFO:kbc-cli.py:Epoch 9/100	test results	MRR 0.228664	H@1 0.079143	H@3 0.232775	H@5 0.351024	H@10 0.590782	H@20 0.924115	H@50 0.994879	H@100 1.000000
INFO:kbc-cli.py:Epoch 10/100	Loss 12.3933 ± 0.2133
INFO:kbc-cli.py:Epoch 11/100	Loss 12.3913 ± 0.2050
INFO:kbc-cli.py:Epoch 12/100	Loss 12.3899 ± 0.1997
INFO:kbc-cli.py:Epoch 12/100	dev results	MRR 0.236026	H@1 0.093165	H@3 0.231273	H@5 0.351592	H@10 0.591292	H@20 0.931648	H@50 0.993446	H@100 1.000000
INFO:kbc-cli.py:Epoch 12/100	test results	MRR 0.240818	H@1 0.101490	H@3 0.236499	H@5 0.351490	H@10 0.588920	H@20 0.923650	H@50 0.995810	H@100 1.000000
INFO:kbc-cli.py:Epoch 13/100	Loss 12.3885 ± 0.1979
INFO:kbc-cli.py:Epoch 14/100	Loss 12.3868 ± 0.1842
INFO:kbc-cli.py:Epoch 15/100	Loss 12.3859 ± 0.1745
INFO:kbc-cli.py:Epoch 15/100	dev results	MRR 0.227256	H@1 0.077247	H@3 0.228933	H@5 0.353933	H@10 0.599251	H@20 0.936798	H@50 0.992978	H@100 0.999532
INFO:kbc-cli.py:Epoch 15/100	test results	MRR 0.223613	H@1 0.071229	H@3 0.225791	H@5 0.353818	H@10 0.597300	H@20 0.926443	H@50 0.996276	H@100 1.000000
INFO:kbc-cli.py:Epoch 16/100	Loss 12.3849 ± 0.1959
INFO:kbc-cli.py:Epoch 17/100	Loss 12.3838 ± 0.1768
INFO:kbc-cli.py:Epoch 18/100	Loss 12.3830 ± 0.1787
INFO:kbc-cli.py:Epoch 18/100	dev results	MRR 0.230655	H@1 0.083801	H@3 0.232678	H@5 0.339888	H@10 0.588015	H@20 0.932116	H@50 0.993446	H@100 1.000000
INFO:kbc-cli.py:Epoch 18/100	test results	MRR 0.229081	H@1 0.077747	H@3 0.241620	H@5 0.349628	H@10 0.598696	H@20 0.922719	H@50 0.995345	H@100 1.000000
INFO:kbc-cli.py:Epoch 19/100	Loss 12.3823 ± 0.1622
INFO:kbc-cli.py:Epoch 20/100	Loss 12.3816 ± 0.1464
INFO:kbc-cli.py:Epoch 21/100	Loss 12.3808 ± 0.1433
INFO:kbc-cli.py:Epoch 21/100	dev results	MRR 0.239604	H@1 0.092697	H@3 0.233614	H@5 0.345974	H@10 0.593633	H@20 0.934457	H@50 0.992978	H@100 1.000000
INFO:kbc-cli.py:Epoch 21/100	test results	MRR 0.239990	H@1 0.095903	H@3 0.236499	H@5 0.335196	H@10 0.597765	H@20 0.924581	H@50 0.996741	H@100 1.000000
INFO:kbc-cli.py:Epoch 22/100	Loss 12.3806 ± 0.1467
INFO:kbc-cli.py:Epoch 23/100	Loss 12.3798 ± 0.1440
INFO:kbc-cli.py:Epoch 24/100	Loss 12.3791 ± 0.1451
INFO:kbc-cli.py:Epoch 24/100	dev results	MRR 0.226517	H@1 0.074906	H@3 0.220974	H@5 0.358614	H@10 0.607678	H@20 0.939139	H@50 0.993446	H@100 1.000000
INFO:kbc-cli.py:Epoch 24/100	test results	MRR 0.224233	H@1 0.071695	H@3 0.222533	H@5 0.359404	H@10 0.604283	H@20 0.925512	H@50 0.995810	H@100 1.000000
INFO:kbc-cli.py:Epoch 25/100	Loss 12.3788 ± 0.1370
INFO:kbc-cli.py:Epoch 26/100	Loss 12.3782 ± 0.1338
INFO:kbc-cli.py:Epoch 27/100	Loss 12.3779 ± 0.1351
INFO:kbc-cli.py:Epoch 27/100	dev results	MRR 0.230517	H@1 0.080524	H@3 0.235487	H@5 0.352528	H@10 0.606742	H@20 0.934457	H@50 0.993446	H@100 1.000000
INFO:kbc-cli.py:Epoch 27/100	test results	MRR 0.225231	H@1 0.076816	H@3 0.236499	H@5 0.352886	H@10 0.587989	H@20 0.930633	H@50 0.996276	H@100 1.000000
INFO:kbc-cli.py:Epoch 28/100	Loss 12.3774 ± 0.1344
INFO:kbc-cli.py:Epoch 29/100	Loss 12.3771 ± 0.1325
INFO:kbc-cli.py:Epoch 30/100	Loss 12.3768 ± 0.1274
INFO:kbc-cli.py:Epoch 30/100	dev results	MRR 0.228964	H@1 0.082397	H@3 0.227996	H@5 0.355337	H@10 0.586142	H@20 0.938202	H@50 0.993914	H@100 1.000000
INFO:kbc-cli.py:Epoch 30/100	test results	MRR 0.232915	H@1 0.079609	H@3 0.244413	H@5 0.358939	H@10 0.588454	H@20 0.932030	H@50 0.995810	H@100 1.000000
INFO:kbc-cli.py:Epoch 31/100	Loss 12.3763 ± 0.1292
INFO:kbc-cli.py:Epoch 32/100	Loss 12.3762 ± 0.1337
INFO:kbc-cli.py:Epoch 33/100	Loss 12.3759 ± 0.1295
INFO:kbc-cli.py:Epoch 33/100	dev results	MRR 0.232600	H@1 0.085206	H@3 0.233146	H@5 0.361423	H@10 0.602060	H@20 0.926966	H@50 0.993914	H@100 1.000000
INFO:kbc-cli.py:Epoch 33/100	test results	MRR 0.226471	H@1 0.078678	H@3 0.225326	H@5 0.356145	H@10 0.605214	H@20 0.920391	H@50 0.995810	H@100 1.000000
INFO:kbc-cli.py:Epoch 34/100	Loss 12.3754 ± 0.1275
INFO:kbc-cli.py:Epoch 35/100	Loss 12.3753 ± 0.1167
INFO:kbc-cli.py:Epoch 36/100	Loss 12.3749 ± 0.1259
INFO:kbc-cli.py:Epoch 36/100	dev results	MRR 0.238897	H@1 0.098783	H@3 0.238764	H@5 0.338483	H@10 0.590824	H@20 0.933052	H@50 0.992978	H@100 1.000000
INFO:kbc-cli.py:Epoch 36/100	test results	MRR 0.243427	H@1 0.102886	H@3 0.243017	H@5 0.344507	H@10 0.590782	H@20 0.925978	H@50 0.996741	H@100 1.000000
INFO:kbc-cli.py:Epoch 37/100	Loss 12.3746 ± 0.1224
INFO:kbc-cli.py:Epoch 38/100	Loss 12.3745 ± 0.1202
INFO:kbc-cli.py:Epoch 39/100	Loss 12.3742 ± 0.1162
INFO:kbc-cli.py:Epoch 39/100	dev results	MRR 0.230482	H@1 0.075375	H@3 0.240637	H@5 0.351592	H@10 0.592228	H@20 0.929775	H@50 0.993446	H@100 1.000000
INFO:kbc-cli.py:Epoch 39/100	test results	MRR 0.237579	H@1 0.087058	H@3 0.243482	H@5 0.352886	H@10 0.584730	H@20 0.926443	H@50 0.995345	H@100 1.000000
INFO:kbc-cli.py:Epoch 40/100	Loss 12.3741 ± 0.1226
INFO:kbc-cli.py:Epoch 41/100	Loss 12.3739 ± 0.1202
INFO:kbc-cli.py:Epoch 42/100	Loss 12.3738 ± 0.1112
INFO:kbc-cli.py:Epoch 42/100	dev results	MRR 0.227354	H@1 0.068820	H@3 0.238764	H@5 0.373596	H@10 0.596442	H@20 0.930712	H@50 0.993914	H@100 1.000000
INFO:kbc-cli.py:Epoch 42/100	test results	MRR 0.225284	H@1 0.063780	H@3 0.237430	H@5 0.365922	H@10 0.597765	H@20 0.925512	H@50 0.996741	H@100 1.000000
INFO:kbc-cli.py:Epoch 43/100	Loss 12.3736 ± 0.1176
INFO:kbc-cli.py:Epoch 44/100	Loss 12.3733 ± 0.1130
INFO:kbc-cli.py:Epoch 45/100	Loss 12.3733 ± 0.1149
INFO:kbc-cli.py:Epoch 45/100	dev results	MRR 0.236164	H@1 0.087547	H@3 0.234082	H@5 0.357678	H@10 0.587547	H@20 0.930243	H@50 0.992978	H@100 1.000000
INFO:kbc-cli.py:Epoch 45/100	test results	MRR 0.238340	H@1 0.087058	H@3 0.237430	H@5 0.368715	H@10 0.595903	H@20 0.919460	H@50 0.996741	H@100 1.000000
INFO:kbc-cli.py:Epoch 46/100	Loss 12.3731 ± 0.1145
INFO:kbc-cli.py:Epoch 47/100	Loss 12.3729 ± 0.1148
INFO:kbc-cli.py:Epoch 48/100	Loss 12.3729 ± 0.1143
INFO:kbc-cli.py:Epoch 48/100	dev results	MRR 0.223359	H@1 0.065075	H@3 0.220037	H@5 0.377809	H@10 0.598783	H@20 0.925562	H@50 0.993446	H@100 1.000000
INFO:kbc-cli.py:Epoch 48/100	test results	MRR 0.225387	H@1 0.072626	H@3 0.222533	H@5 0.363594	H@10 0.586592	H@20 0.922253	H@50 0.995810	H@100 1.000000
INFO:kbc-cli.py:Epoch 49/100	Loss 12.3726 ± 0.1107
INFO:kbc-cli.py:Epoch 50/100	Loss 12.3725 ± 0.1184
INFO:kbc-cli.py:Epoch 51/100	Loss 12.3724 ± 0.1123
INFO:kbc-cli.py:Epoch 51/100	dev results	MRR 0.235094	H@1 0.083801	H@3 0.244850	H@5 0.368446	H@10 0.597378	H@20 0.933521	H@50 0.993446	H@100 1.000000
INFO:kbc-cli.py:Epoch 51/100	test results	MRR 0.232011	H@1 0.080074	H@3 0.250931	H@5 0.367784	H@10 0.583799	H@20 0.931564	H@50 0.996741	H@100 1.000000
INFO:kbc-cli.py:Epoch 52/100	Loss 12.3724 ± 0.1060
INFO:kbc-cli.py:Epoch 53/100	Loss 12.3721 ± 0.1163
INFO:kbc-cli.py:Epoch 54/100	Loss 12.3720 ± 0.1088
INFO:kbc-cli.py:Epoch 54/100	dev results	MRR 0.247232	H@1 0.108146	H@3 0.244382	H@5 0.338483	H@10 0.593633	H@20 0.933989	H@50 0.993446	H@100 1.000000
INFO:kbc-cli.py:Epoch 54/100	test results	MRR 0.245773	H@1 0.110801	H@3 0.231378	H@5 0.342644	H@10 0.601490	H@20 0.925047	H@50 0.995810	H@100 1.000000
INFO:kbc-cli.py:Epoch 55/100	Loss 12.3720 ± 0.1157
INFO:kbc-cli.py:Epoch 56/100	Loss 12.3717 ± 0.1134
INFO:kbc-cli.py:Epoch 57/100	Loss 12.3716 ± 0.1111
INFO:kbc-cli.py:Epoch 57/100	dev results	MRR 0.230756	H@1 0.077715	H@3 0.243914	H@5 0.370318	H@10 0.599719	H@20 0.929307	H@50 0.993914	H@100 1.000000
INFO:kbc-cli.py:Epoch 57/100	test results	MRR 0.225344	H@1 0.070764	H@3 0.236034	H@5 0.367784	H@10 0.597300	H@20 0.922253	H@50 0.996276	H@100 1.000000
INFO:kbc-cli.py:Epoch 58/100	Loss 12.3716 ± 0.1094
INFO:kbc-cli.py:Epoch 59/100	Loss 12.3716 ± 0.1153
INFO:kbc-cli.py:Epoch 60/100	Loss 12.3713 ± 0.1052
INFO:kbc-cli.py:Epoch 60/100	dev results	MRR 0.233850	H@1 0.088951	H@3 0.231742	H@5 0.358146	H@10 0.576311	H@20 0.934925	H@50 0.992978	H@100 1.000000
INFO:kbc-cli.py:Epoch 60/100	test results	MRR 0.242416	H@1 0.103352	H@3 0.233706	H@5 0.363594	H@10 0.570764	H@20 0.925978	H@50 0.996276	H@100 1.000000
INFO:kbc-cli.py:Epoch 61/100	Loss 12.3713 ± 0.1118
INFO:kbc-cli.py:Epoch 62/100	Loss 12.3714 ± 0.1105
INFO:kbc-cli.py:Epoch 63/100	Loss 12.3711 ± 0.1032
INFO:kbc-cli.py:Epoch 63/100	dev results	MRR 0.233657	H@1 0.087547	H@3 0.234082	H@5 0.356273	H@10 0.592228	H@20 0.932584	H@50 0.993446	H@100 1.000000
INFO:kbc-cli.py:Epoch 63/100	test results	MRR 0.231911	H@1 0.086592	H@3 0.228585	H@5 0.351490	H@10 0.588454	H@20 0.923650	H@50 0.995810	H@100 1.000000
INFO:kbc-cli.py:Epoch 64/100	Loss 12.3710 ± 0.1156
INFO:kbc-cli.py:Epoch 65/100	Loss 12.3712 ± 0.1066
INFO:kbc-cli.py:Epoch 66/100	Loss 12.3708 ± 0.1152
INFO:kbc-cli.py:Epoch 66/100	dev results	MRR 0.243947	H@1 0.093633	H@3 0.257959	H@5 0.374064	H@10 0.585674	H@20 0.933989	H@50 0.993446	H@100 1.000000
INFO:kbc-cli.py:Epoch 66/100	test results	MRR 0.235523	H@1 0.082402	H@3 0.250931	H@5 0.371043	H@10 0.588454	H@20 0.921322	H@50 0.996276	H@100 1.000000
INFO:kbc-cli.py:Epoch 67/100	Loss 12.3708 ± 0.1044
INFO:kbc-cli.py:Epoch 68/100	Loss 12.3710 ± 0.1106
INFO:kbc-cli.py:Epoch 69/100	Loss 12.3706 ± 0.1088
INFO:kbc-cli.py:Epoch 69/100	dev results	MRR 0.224906	H@1 0.073502	H@3 0.219569	H@5 0.350187	H@10 0.593633	H@20 0.933989	H@50 0.993446	H@100 1.000000
INFO:kbc-cli.py:Epoch 69/100	test results	MRR 0.224234	H@1 0.074488	H@3 0.216015	H@5 0.351490	H@10 0.588454	H@20 0.923184	H@50 0.996276	H@100 1.000000
INFO:kbc-cli.py:Epoch 70/100	Loss 12.3706 ± 0.1049
INFO:kbc-cli.py:Epoch 71/100	Loss 12.3705 ± 0.1100
INFO:kbc-cli.py:Epoch 72/100	Loss 12.3706 ± 0.1080
INFO:kbc-cli.py:Epoch 72/100	dev results	MRR 0.245719	H@1 0.102528	H@3 0.244382	H@5 0.357210	H@10 0.601124	H@20 0.933521	H@50 0.993914	H@100 1.000000
INFO:kbc-cli.py:Epoch 72/100	test results	MRR 0.239807	H@1 0.097300	H@3 0.245345	H@5 0.356145	H@10 0.588920	H@20 0.926443	H@50 0.996276	H@100 1.000000
INFO:kbc-cli.py:Epoch 73/100	Loss 12.3703 ± 0.1074
INFO:kbc-cli.py:Epoch 74/100	Loss 12.3705 ± 0.1144
INFO:kbc-cli.py:Epoch 75/100	Loss 12.3704 ± 0.1031
INFO:kbc-cli.py:Epoch 75/100	dev results	MRR 0.228111	H@1 0.075843	H@3 0.232678	H@5 0.363296	H@10 0.593633	H@20 0.933521	H@50 0.993446	H@100 1.000000
INFO:kbc-cli.py:Epoch 75/100	test results	MRR 0.228461	H@1 0.081006	H@3 0.230447	H@5 0.364060	H@10 0.598231	H@20 0.924581	H@50 0.996276	H@100 1.000000
INFO:kbc-cli.py:Epoch 76/100	Loss 12.3702 ± 0.1078
INFO:kbc-cli.py:Epoch 77/100	Loss 12.3702 ± 0.1026
INFO:kbc-cli.py:Epoch 78/100	Loss 12.3703 ± 0.1012
INFO:kbc-cli.py:Epoch 78/100	dev results	MRR 0.248394	H@1 0.102528	H@3 0.251404	H@5 0.378745	H@10 0.614700	H@20 0.935861	H@50 0.993446	H@100 1.000000
INFO:kbc-cli.py:Epoch 78/100	test results	MRR 0.247398	H@1 0.102421	H@3 0.248603	H@5 0.363128	H@10 0.620577	H@20 0.931099	H@50 0.995810	H@100 1.000000
INFO:kbc-cli.py:Epoch 79/100	Loss 12.3700 ± 0.1016
INFO:kbc-cli.py:Epoch 80/100	Loss 12.3693 ± 0.1020
INFO:kbc-cli.py:Epoch 81/100	Loss 12.3681 ± 0.1027
INFO:kbc-cli.py:Epoch 81/100	dev results	MRR 0.474920	H@1 0.317884	H@3 0.535112	H@5 0.647940	H@10 0.841760	H@20 0.970037	H@50 0.992041	H@100 1.000000
INFO:kbc-cli.py:Epoch 81/100	test results	MRR 0.449055	H@1 0.285382	H@3 0.513035	H@5 0.637337	H@10 0.824488	H@20 0.965549	H@50 0.996276	H@100 1.000000
INFO:kbc-cli.py:Epoch 82/100	Loss 12.3672 ± 0.1035
INFO:kbc-cli.py:Epoch 83/100	Loss 12.3668 ± 0.1016
INFO:kbc-cli.py:Epoch 84/100	Loss 12.3664 ± 0.1051
INFO:kbc-cli.py:Epoch 84/100	dev results	MRR 0.484092	H@1 0.325843	H@3 0.541667	H@5 0.672753	H@10 0.853933	H@20 0.973315	H@50 0.992509	H@100 1.000000
INFO:kbc-cli.py:Epoch 84/100	test results	MRR 0.464026	H@1 0.299814	H@3 0.531657	H@5 0.651304	H@10 0.843575	H@20 0.965084	H@50 0.997207	H@100 1.000000
INFO:kbc-cli.py:Epoch 85/100	Loss 12.3662 ± 0.1102
INFO:kbc-cli.py:Epoch 86/100	Loss 12.3660 ± 0.1045
INFO:kbc-cli.py:Epoch 87/100	Loss 12.3657 ± 0.1051
INFO:kbc-cli.py:Epoch 87/100	dev results	MRR 0.488990	H@1 0.332865	H@3 0.547285	H@5 0.677434	H@10 0.862828	H@20 0.972846	H@50 0.992041	H@100 1.000000
INFO:kbc-cli.py:Epoch 87/100	test results	MRR 0.463091	H@1 0.299348	H@3 0.530726	H@5 0.657821	H@10 0.847300	H@20 0.966480	H@50 0.997207	H@100 1.000000
INFO:kbc-cli.py:Epoch 88/100	Loss 12.3658 ± 0.1114
INFO:kbc-cli.py:Epoch 89/100	Loss 12.3656 ± 0.1053
INFO:kbc-cli.py:Epoch 90/100	Loss 12.3655 ± 0.1009
INFO:kbc-cli.py:Epoch 90/100	dev results	MRR 0.486680	H@1 0.330056	H@3 0.549625	H@5 0.681180	H@10 0.854869	H@20 0.973783	H@50 0.992509	H@100 1.000000
INFO:kbc-cli.py:Epoch 90/100	test results	MRR 0.465336	H@1 0.299814	H@3 0.537244	H@5 0.661546	H@10 0.843575	H@20 0.965084	H@50 0.997207	H@100 1.000000
INFO:kbc-cli.py:Epoch 91/100	Loss 12.3654 ± 0.1038
INFO:kbc-cli.py:Epoch 92/100	Loss 12.3653 ± 0.1102
INFO:kbc-cli.py:Epoch 93/100	Loss 12.3652 ± 0.1084
INFO:kbc-cli.py:Epoch 93/100	dev results	MRR 0.496126	H@1 0.340356	H@3 0.563202	H@5 0.679775	H@10 0.860955	H@20 0.971442	H@50 0.992509	H@100 1.000000
INFO:kbc-cli.py:Epoch 93/100	test results	MRR 0.477967	H@1 0.318901	H@3 0.549348	H@5 0.660615	H@10 0.849628	H@20 0.964618	H@50 0.997207	H@100 1.000000
INFO:kbc-cli.py:Epoch 94/100	Loss 12.3651 ± 0.1077
INFO:kbc-cli.py:Epoch 95/100	Loss 12.3649 ± 0.1036
INFO:kbc-cli.py:Epoch 96/100	Loss 12.3650 ± 0.1063
INFO:kbc-cli.py:Epoch 96/100	dev results	MRR 0.494999	H@1 0.337547	H@3 0.560861	H@5 0.682584	H@10 0.861423	H@20 0.972846	H@50 0.992509	H@100 1.000000
INFO:kbc-cli.py:Epoch 96/100	test results	MRR 0.474374	H@1 0.310987	H@3 0.546089	H@5 0.666667	H@10 0.854749	H@20 0.966015	H@50 0.997207	H@100 1.000000
INFO:kbc-cli.py:Epoch 97/100	Loss 12.3649 ± 0.1064
INFO:kbc-cli.py:Epoch 98/100	Loss 12.3651 ± 0.1056
INFO:kbc-cli.py:Epoch 99/100	Loss 12.3649 ± 0.1086
INFO:kbc-cli.py:Epoch 99/100	dev results	MRR 0.500710	H@1 0.351124	H@3 0.554775	H@5 0.675562	H@10 0.857678	H@20 0.971442	H@50 0.992978	H@100 1.000000
INFO:kbc-cli.py:Epoch 99/100	test results	MRR 0.477117	H@1 0.317039	H@3 0.543296	H@5 0.662011	H@10 0.849162	H@20 0.967412	H@50 0.997672	H@100 1.000000
INFO:kbc-cli.py:Epoch 100/100	Loss 12.3648 ± 0.1057
INFO:kbc-cli.py:Final 	dev results	MRR 0.499286	H@1 0.346442	H@3 0.560393	H@5 0.676498	H@10 0.863296	H@20 0.972378	H@50 0.992509	H@100 1.000000
INFO:kbc-cli.py:Final 	test results	MRR 0.470575	H@1 0.305400	H@3 0.540503	H@5 0.660615	H@10 0.854283	H@20 0.963687	H@50 0.997672	H@100 1.000000
INFO:kbc-cli.py:Training finished
