./bin/kbc-cli.py --train data/kinship/train.tsv --dev data/kinship/dev.tsv --test data/kinship/test.tsv -m complex -k 500 -b 500 -e 100 --F2 0 --N3 0.05 -l 0.1 -I reciprocal -V 3 -o adagrad -c so -q
{'F2': 0.0,
 'N3': 0.05,
 'batch_size': 500,
 'corruption': 'so',
 'dev': 'data/kinship/dev.tsv',
 'embedding_size': 500,
 'epochs': 100,
 'eval_batch_size': None,
 'input_type': 'reciprocal',
 'learning_rate': 0.1,
 'load': None,
 'model': 'complex',
 'optimizer': 'adagrad',
 'quiet': True,
 'save': None,
 'seed': 0,
 'test': 'data/kinship/test.tsv',
 'test_i': None,
 'test_ii': None,
 'train': 'data/kinship/train.tsv',
 'validate_every': 3}
INFO:kbc-cli.py:Device: cuda
INFO:kbc-cli.py:Model state:
INFO:kbc-cli.py:	entities.weight	torch.Size([104, 1000])
INFO:kbc-cli.py:	predicates.weight	torch.Size([50, 1000])
INFO:kbc-cli.py:Epoch 1/100	Loss 7.7026 ± 1.0942
INFO:kbc-cli.py:Epoch 2/100	Loss 6.6799 ± 0.0545
INFO:kbc-cli.py:Epoch 3/100	Loss 6.5820 ± 0.0632
INFO:kbc-cli.py:Epoch 3/100	dev results	MRR 0.773481	H@1 0.652154	H@3 0.873596	H@5 0.933052	H@10 0.971442	H@20 0.984082	H@50 0.990637	H@100 1.000000
INFO:kbc-cli.py:Epoch 3/100	test results	MRR 0.763625	H@1 0.637337	H@3 0.872905	H@5 0.932961	H@10 0.976723	H@20 0.992086	H@50 0.996276	H@100 1.000000
INFO:kbc-cli.py:Epoch 4/100	Loss 6.5391 ± 0.0622
INFO:kbc-cli.py:Epoch 5/100	Loss 6.5046 ± 0.0661
INFO:kbc-cli.py:Epoch 6/100	Loss 6.4913 ± 0.0632
INFO:kbc-cli.py:Epoch 6/100	dev results	MRR 0.810658	H@1 0.706461	H@3 0.898876	H@5 0.942884	H@10 0.976124	H@20 0.985019	H@50 0.991573	H@100 1.000000
INFO:kbc-cli.py:Epoch 6/100	test results	MRR 0.809471	H@1 0.705773	H@3 0.898510	H@5 0.941806	H@10 0.976257	H@20 0.992086	H@50 0.996276	H@100 1.000000
INFO:kbc-cli.py:Epoch 7/100	Loss 6.4700 ± 0.0655
INFO:kbc-cli.py:Epoch 8/100	Loss 6.4590 ± 0.0554
INFO:kbc-cli.py:Epoch 9/100	Loss 6.4534 ± 0.0609
INFO:kbc-cli.py:Epoch 9/100	dev results	MRR 0.833340	H@1 0.744850	H@3 0.908708	H@5 0.949438	H@10 0.976592	H@20 0.985955	H@50 0.991573	H@100 1.000000
INFO:kbc-cli.py:Epoch 9/100	test results	MRR 0.840537	H@1 0.755121	H@3 0.912011	H@5 0.945531	H@10 0.979050	H@20 0.992551	H@50 0.996276	H@100 1.000000
INFO:kbc-cli.py:Epoch 10/100	Loss 6.4366 ± 0.0703
INFO:kbc-cli.py:Epoch 11/100	Loss 6.4340 ± 0.0638
INFO:kbc-cli.py:Epoch 12/100	Loss 6.4260 ± 0.0640
INFO:kbc-cli.py:Epoch 12/100	dev results	MRR 0.830829	H@1 0.737360	H@3 0.911985	H@5 0.950843	H@10 0.976592	H@20 0.986423	H@50 0.992041	H@100 1.000000
INFO:kbc-cli.py:Epoch 12/100	test results	MRR 0.832055	H@1 0.737896	H@3 0.915270	H@5 0.950186	H@10 0.980447	H@20 0.992551	H@50 0.995345	H@100 1.000000
INFO:kbc-cli.py:Epoch 13/100	Loss 6.4242 ± 0.0689
INFO:kbc-cli.py:Epoch 14/100	Loss 6.4174 ± 0.0629
INFO:kbc-cli.py:Epoch 15/100	Loss 6.4186 ± 0.0785
INFO:kbc-cli.py:Epoch 15/100	dev results	MRR 0.840381	H@1 0.752809	H@3 0.913390	H@5 0.953184	H@10 0.977528	H@20 0.986423	H@50 0.991573	H@100 1.000000
INFO:kbc-cli.py:Epoch 15/100	test results	MRR 0.848517	H@1 0.769088	H@3 0.914339	H@5 0.952980	H@10 0.981844	H@20 0.993017	H@50 0.995345	H@100 1.000000
INFO:kbc-cli.py:Epoch 16/100	Loss 6.4105 ± 0.0686
INFO:kbc-cli.py:Epoch 17/100	Loss 6.4026 ± 0.0618
INFO:kbc-cli.py:Epoch 18/100	Loss 6.4007 ± 0.0677
INFO:kbc-cli.py:Epoch 18/100	dev results	MRR 0.845446	H@1 0.760300	H@3 0.919944	H@5 0.954588	H@10 0.976592	H@20 0.986891	H@50 0.992041	H@100 0.999532
INFO:kbc-cli.py:Epoch 18/100	test results	MRR 0.846421	H@1 0.763966	H@3 0.918529	H@5 0.952514	H@10 0.980912	H@20 0.992551	H@50 0.995345	H@100 1.000000
INFO:kbc-cli.py:Epoch 19/100	Loss 6.4007 ± 0.0805
INFO:kbc-cli.py:Epoch 20/100	Loss 6.3945 ± 0.0590
INFO:kbc-cli.py:Epoch 21/100	Loss 6.3876 ± 0.0633
INFO:kbc-cli.py:Epoch 21/100	dev results	MRR 0.847278	H@1 0.763577	H@3 0.921816	H@5 0.954588	H@10 0.977060	H@20 0.986891	H@50 0.991573	H@100 0.999532
INFO:kbc-cli.py:Epoch 21/100	test results	MRR 0.847982	H@1 0.765829	H@3 0.917132	H@5 0.953445	H@10 0.981378	H@20 0.993017	H@50 0.995345	H@100 1.000000
INFO:kbc-cli.py:Epoch 22/100	Loss 6.3938 ± 0.0791
INFO:kbc-cli.py:Epoch 23/100	Loss 6.3849 ± 0.0562
INFO:kbc-cli.py:Epoch 24/100	Loss 6.3889 ± 0.0753
INFO:kbc-cli.py:Epoch 24/100	dev results	MRR 0.848315	H@1 0.764513	H@3 0.919944	H@5 0.953184	H@10 0.977060	H@20 0.986891	H@50 0.992041	H@100 0.999532
INFO:kbc-cli.py:Epoch 24/100	test results	MRR 0.850775	H@1 0.770019	H@3 0.916201	H@5 0.954842	H@10 0.981844	H@20 0.993017	H@50 0.995810	H@100 1.000000
INFO:kbc-cli.py:Epoch 25/100	Loss 6.3823 ± 0.0372
INFO:kbc-cli.py:Epoch 26/100	Loss 6.3799 ± 0.0563
INFO:kbc-cli.py:Epoch 27/100	Loss 6.3768 ± 0.0584
INFO:kbc-cli.py:Epoch 27/100	dev results	MRR 0.847164	H@1 0.763109	H@3 0.921348	H@5 0.954588	H@10 0.977528	H@20 0.986891	H@50 0.992041	H@100 0.999532
INFO:kbc-cli.py:Epoch 27/100	test results	MRR 0.851936	H@1 0.771881	H@3 0.918529	H@5 0.956704	H@10 0.982309	H@20 0.992086	H@50 0.995810	H@100 1.000000
INFO:kbc-cli.py:Epoch 28/100	Loss 6.3756 ± 0.0460
INFO:kbc-cli.py:Epoch 29/100	Loss 6.3771 ± 0.0538
INFO:kbc-cli.py:Epoch 30/100	Loss 6.3701 ± 0.0544
INFO:kbc-cli.py:Epoch 30/100	dev results	MRR 0.847645	H@1 0.762172	H@3 0.923221	H@5 0.955056	H@10 0.977060	H@20 0.986891	H@50 0.992041	H@100 0.999532
INFO:kbc-cli.py:Epoch 30/100	test results	MRR 0.855809	H@1 0.779330	H@3 0.922253	H@5 0.954376	H@10 0.980912	H@20 0.993017	H@50 0.996276	H@100 1.000000
INFO:kbc-cli.py:Epoch 31/100	Loss 6.3713 ± 0.0636
INFO:kbc-cli.py:Epoch 32/100	Loss 6.3677 ± 0.0629
INFO:kbc-cli.py:Epoch 33/100	Loss 6.3664 ± 0.0478
INFO:kbc-cli.py:Epoch 33/100	dev results	MRR 0.853606	H@1 0.773876	H@3 0.919944	H@5 0.953652	H@10 0.978464	H@20 0.986891	H@50 0.992041	H@100 0.999532
INFO:kbc-cli.py:Epoch 33/100	test results	MRR 0.857808	H@1 0.782588	H@3 0.920857	H@5 0.955307	H@10 0.981378	H@20 0.993017	H@50 0.995345	H@100 1.000000
INFO:kbc-cli.py:Epoch 34/100	Loss 6.3685 ± 0.0519
INFO:kbc-cli.py:Epoch 35/100	Loss 6.3665 ± 0.0489
INFO:kbc-cli.py:Epoch 36/100	Loss 6.3630 ± 0.0534
INFO:kbc-cli.py:Epoch 36/100	dev results	MRR 0.850491	H@1 0.766854	H@3 0.925094	H@5 0.957865	H@10 0.977060	H@20 0.986891	H@50 0.992041	H@100 1.000000
INFO:kbc-cli.py:Epoch 36/100	test results	MRR 0.854019	H@1 0.774674	H@3 0.920391	H@5 0.955773	H@10 0.981844	H@20 0.993482	H@50 0.995810	H@100 1.000000
INFO:kbc-cli.py:Epoch 37/100	Loss 6.3624 ± 0.0462
INFO:kbc-cli.py:Epoch 38/100	Loss 6.3612 ± 0.0598
INFO:kbc-cli.py:Epoch 39/100	Loss 6.3647 ± 0.0617
INFO:kbc-cli.py:Epoch 39/100	dev results	MRR 0.853714	H@1 0.773876	H@3 0.923689	H@5 0.956461	H@10 0.977996	H@20 0.986891	H@50 0.992041	H@100 1.000000
INFO:kbc-cli.py:Epoch 39/100	test results	MRR 0.856197	H@1 0.778864	H@3 0.921322	H@5 0.956704	H@10 0.982775	H@20 0.992551	H@50 0.995345	H@100 1.000000
INFO:kbc-cli.py:Epoch 40/100	Loss 6.3631 ± 0.0575
INFO:kbc-cli.py:Epoch 41/100	Loss 6.3629 ± 0.0604
INFO:kbc-cli.py:Epoch 42/100	Loss 6.3584 ± 0.0481
INFO:kbc-cli.py:Epoch 42/100	dev results	MRR 0.855541	H@1 0.776685	H@3 0.922753	H@5 0.958333	H@10 0.978464	H@20 0.986891	H@50 0.992041	H@100 1.000000
INFO:kbc-cli.py:Epoch 42/100	test results	MRR 0.858487	H@1 0.783054	H@3 0.922253	H@5 0.956704	H@10 0.981844	H@20 0.993017	H@50 0.995810	H@100 1.000000
INFO:kbc-cli.py:Epoch 43/100	Loss 6.3583 ± 0.0514
INFO:kbc-cli.py:Epoch 44/100	Loss 6.3574 ± 0.0526
INFO:kbc-cli.py:Epoch 45/100	Loss 6.3600 ± 0.0665
INFO:kbc-cli.py:Epoch 45/100	dev results	MRR 0.852987	H@1 0.772472	H@3 0.926966	H@5 0.956929	H@10 0.978933	H@20 0.986891	H@50 0.992041	H@100 1.000000
INFO:kbc-cli.py:Epoch 45/100	test results	MRR 0.854126	H@1 0.775140	H@3 0.922719	H@5 0.957169	H@10 0.981844	H@20 0.993482	H@50 0.995810	H@100 1.000000
INFO:kbc-cli.py:Epoch 46/100	Loss 6.3585 ± 0.0675
INFO:kbc-cli.py:Epoch 47/100	Loss 6.3506 ± 0.0586
INFO:kbc-cli.py:Epoch 48/100	Loss 6.3527 ± 0.0466
INFO:kbc-cli.py:Epoch 48/100	dev results	MRR 0.858897	H@1 0.782772	H@3 0.927434	H@5 0.955524	H@10 0.977528	H@20 0.986891	H@50 0.992041	H@100 1.000000
INFO:kbc-cli.py:Epoch 48/100	test results	MRR 0.855796	H@1 0.778864	H@3 0.920857	H@5 0.956704	H@10 0.982309	H@20 0.993017	H@50 0.995810	H@100 1.000000
INFO:kbc-cli.py:Epoch 49/100	Loss 6.3537 ± 0.0537
INFO:kbc-cli.py:Epoch 50/100	Loss 6.3510 ± 0.0434
INFO:kbc-cli.py:Epoch 51/100	Loss 6.3495 ± 0.0500
INFO:kbc-cli.py:Epoch 51/100	dev results	MRR 0.854253	H@1 0.773876	H@3 0.928371	H@5 0.956929	H@10 0.977528	H@20 0.986891	H@50 0.992041	H@100 1.000000
INFO:kbc-cli.py:Epoch 51/100	test results	MRR 0.856978	H@1 0.779795	H@3 0.926443	H@5 0.957169	H@10 0.980912	H@20 0.993017	H@50 0.995345	H@100 1.000000
INFO:kbc-cli.py:Epoch 52/100	Loss 6.3540 ± 0.0632
INFO:kbc-cli.py:Epoch 53/100	Loss 6.3515 ± 0.0564
INFO:kbc-cli.py:Epoch 54/100	Loss 6.3496 ± 0.0521
INFO:kbc-cli.py:Epoch 54/100	dev results	MRR 0.857418	H@1 0.778558	H@3 0.928839	H@5 0.958333	H@10 0.977528	H@20 0.986891	H@50 0.992041	H@100 1.000000
INFO:kbc-cli.py:Epoch 54/100	test results	MRR 0.860547	H@1 0.786778	H@3 0.921322	H@5 0.956704	H@10 0.981378	H@20 0.993017	H@50 0.995810	H@100 1.000000
INFO:kbc-cli.py:Epoch 55/100	Loss 6.3495 ± 0.0605
INFO:kbc-cli.py:Epoch 56/100	Loss 6.3476 ± 0.0496
INFO:kbc-cli.py:Epoch 57/100	Loss 6.3461 ± 0.0536
INFO:kbc-cli.py:Epoch 57/100	dev results	MRR 0.857145	H@1 0.777622	H@3 0.930243	H@5 0.957865	H@10 0.978464	H@20 0.986891	H@50 0.992509	H@100 1.000000
INFO:kbc-cli.py:Epoch 57/100	test results	MRR 0.860345	H@1 0.787244	H@3 0.921788	H@5 0.959032	H@10 0.982309	H@20 0.992086	H@50 0.995810	H@100 1.000000
INFO:kbc-cli.py:Epoch 58/100	Loss 6.3434 ± 0.0547
INFO:kbc-cli.py:Epoch 59/100	Loss 6.3433 ± 0.0482
INFO:kbc-cli.py:Epoch 60/100	Loss 6.3467 ± 0.0563
INFO:kbc-cli.py:Epoch 60/100	dev results	MRR 0.858058	H@1 0.779963	H@3 0.925562	H@5 0.956461	H@10 0.977528	H@20 0.986891	H@50 0.992041	H@100 1.000000
INFO:kbc-cli.py:Epoch 60/100	test results	MRR 0.860727	H@1 0.787244	H@3 0.920391	H@5 0.960894	H@10 0.981844	H@20 0.992551	H@50 0.995810	H@100 1.000000
INFO:kbc-cli.py:Epoch 61/100	Loss 6.3435 ± 0.0538
INFO:kbc-cli.py:Epoch 62/100	Loss 6.3466 ± 0.0587
INFO:kbc-cli.py:Epoch 63/100	Loss 6.3434 ± 0.0365
INFO:kbc-cli.py:Epoch 63/100	dev results	MRR 0.859833	H@1 0.783240	H@3 0.928839	H@5 0.957397	H@10 0.977996	H@20 0.986891	H@50 0.992041	H@100 1.000000
INFO:kbc-cli.py:Epoch 63/100	test results	MRR 0.858553	H@1 0.782588	H@3 0.922253	H@5 0.958566	H@10 0.981844	H@20 0.992551	H@50 0.995810	H@100 1.000000
INFO:kbc-cli.py:Epoch 64/100	Loss 6.3405 ± 0.0425
INFO:kbc-cli.py:Epoch 65/100	Loss 6.3455 ± 0.0660
INFO:kbc-cli.py:Epoch 66/100	Loss 6.3421 ± 0.0505
INFO:kbc-cli.py:Epoch 66/100	dev results	MRR 0.859926	H@1 0.783708	H@3 0.930712	H@5 0.958801	H@10 0.977528	H@20 0.986891	H@50 0.992041	H@100 1.000000
INFO:kbc-cli.py:Epoch 66/100	test results	MRR 0.862084	H@1 0.789572	H@3 0.922719	H@5 0.958566	H@10 0.980912	H@20 0.993017	H@50 0.995810	H@100 1.000000
INFO:kbc-cli.py:Epoch 67/100	Loss 6.3416 ± 0.0540
INFO:kbc-cli.py:Epoch 68/100	Loss 6.3405 ± 0.0459
INFO:kbc-cli.py:Epoch 69/100	Loss 6.3417 ± 0.0517
INFO:kbc-cli.py:Epoch 69/100	dev results	MRR 0.859095	H@1 0.780431	H@3 0.930712	H@5 0.956929	H@10 0.977528	H@20 0.986891	H@50 0.992509	H@100 1.000000
INFO:kbc-cli.py:Epoch 69/100	test results	MRR 0.861067	H@1 0.788175	H@3 0.917598	H@5 0.958566	H@10 0.982309	H@20 0.993017	H@50 0.996741	H@100 1.000000
INFO:kbc-cli.py:Epoch 70/100	Loss 6.3405 ± 0.0481
INFO:kbc-cli.py:Epoch 71/100	Loss 6.3382 ± 0.0539
INFO:kbc-cli.py:Epoch 72/100	Loss 6.3435 ± 0.0648
INFO:kbc-cli.py:Epoch 72/100	dev results	MRR 0.859618	H@1 0.781835	H@3 0.930712	H@5 0.955993	H@10 0.977528	H@20 0.986891	H@50 0.992041	H@100 1.000000
INFO:kbc-cli.py:Epoch 72/100	test results	MRR 0.861009	H@1 0.788175	H@3 0.923650	H@5 0.959963	H@10 0.981844	H@20 0.992086	H@50 0.996276	H@100 1.000000
INFO:kbc-cli.py:Epoch 73/100	Loss 6.3378 ± 0.0458
INFO:kbc-cli.py:Epoch 74/100	Loss 6.3389 ± 0.0484
INFO:kbc-cli.py:Epoch 75/100	Loss 6.3417 ± 0.0568
INFO:kbc-cli.py:Epoch 75/100	dev results	MRR 0.861357	H@1 0.785112	H@3 0.931180	H@5 0.958333	H@10 0.977996	H@20 0.986891	H@50 0.992041	H@100 1.000000
INFO:kbc-cli.py:Epoch 75/100	test results	MRR 0.862669	H@1 0.790968	H@3 0.921322	H@5 0.958101	H@10 0.982309	H@20 0.992086	H@50 0.996276	H@100 1.000000
INFO:kbc-cli.py:Epoch 76/100	Loss 6.3364 ± 0.0478
INFO:kbc-cli.py:Epoch 77/100	Loss 6.3349 ± 0.0485
INFO:kbc-cli.py:Epoch 78/100	Loss 6.3327 ± 0.0482
INFO:kbc-cli.py:Epoch 78/100	dev results	MRR 0.861610	H@1 0.785112	H@3 0.932584	H@5 0.957865	H@10 0.977996	H@20 0.986891	H@50 0.992041	H@100 1.000000
INFO:kbc-cli.py:Epoch 78/100	test results	MRR 0.862692	H@1 0.790037	H@3 0.921788	H@5 0.961359	H@10 0.982309	H@20 0.992086	H@50 0.996276	H@100 1.000000
INFO:kbc-cli.py:Epoch 79/100	Loss 6.3316 ± 0.0624
INFO:kbc-cli.py:Epoch 80/100	Loss 6.3369 ± 0.0570
INFO:kbc-cli.py:Epoch 81/100	Loss 6.3377 ± 0.0524
INFO:kbc-cli.py:Epoch 81/100	dev results	MRR 0.859612	H@1 0.780899	H@3 0.933521	H@5 0.958801	H@10 0.977996	H@20 0.986891	H@50 0.992041	H@100 1.000000
INFO:kbc-cli.py:Epoch 81/100	test results	MRR 0.859826	H@1 0.784451	H@3 0.920857	H@5 0.959497	H@10 0.982309	H@20 0.992086	H@50 0.996276	H@100 1.000000
INFO:kbc-cli.py:Epoch 82/100	Loss 6.3354 ± 0.0530
INFO:kbc-cli.py:Epoch 83/100	Loss 6.3323 ± 0.0528
INFO:kbc-cli.py:Epoch 84/100	Loss 6.3347 ± 0.0385
INFO:kbc-cli.py:Epoch 84/100	dev results	MRR 0.857920	H@1 0.778558	H@3 0.930243	H@5 0.958801	H@10 0.977996	H@20 0.986891	H@50 0.992041	H@100 1.000000
INFO:kbc-cli.py:Epoch 84/100	test results	MRR 0.863302	H@1 0.791434	H@3 0.923184	H@5 0.960894	H@10 0.982309	H@20 0.992551	H@50 0.996276	H@100 1.000000
INFO:kbc-cli.py:Epoch 85/100	Loss 6.3356 ± 0.0526
INFO:kbc-cli.py:Epoch 86/100	Loss 6.3319 ± 0.0521
INFO:kbc-cli.py:Epoch 87/100	Loss 6.3283 ± 0.0597
INFO:kbc-cli.py:Epoch 87/100	dev results	MRR 0.858262	H@1 0.779494	H@3 0.933052	H@5 0.958333	H@10 0.977528	H@20 0.986891	H@50 0.992041	H@100 1.000000
INFO:kbc-cli.py:Epoch 87/100	test results	MRR 0.861213	H@1 0.787244	H@3 0.922253	H@5 0.959032	H@10 0.981844	H@20 0.992551	H@50 0.996276	H@100 1.000000
INFO:kbc-cli.py:Epoch 88/100	Loss 6.3357 ± 0.0597
INFO:kbc-cli.py:Epoch 89/100	Loss 6.3335 ± 0.0505
INFO:kbc-cli.py:Epoch 90/100	Loss 6.3334 ± 0.0453
INFO:kbc-cli.py:Epoch 90/100	dev results	MRR 0.859944	H@1 0.782303	H@3 0.931180	H@5 0.959738	H@10 0.978464	H@20 0.986891	H@50 0.992041	H@100 1.000000
INFO:kbc-cli.py:Epoch 90/100	test results	MRR 0.860893	H@1 0.786313	H@3 0.921322	H@5 0.961359	H@10 0.982775	H@20 0.992551	H@50 0.996276	H@100 1.000000
INFO:kbc-cli.py:Epoch 91/100	Loss 6.3349 ± 0.0548
INFO:kbc-cli.py:Epoch 92/100	Loss 6.3347 ± 0.0582
INFO:kbc-cli.py:Epoch 93/100	Loss 6.3334 ± 0.0517
INFO:kbc-cli.py:Epoch 93/100	dev results	MRR 0.859445	H@1 0.780899	H@3 0.932116	H@5 0.959738	H@10 0.977996	H@20 0.986891	H@50 0.992041	H@100 1.000000
INFO:kbc-cli.py:Epoch 93/100	test results	MRR 0.862861	H@1 0.790968	H@3 0.922253	H@5 0.959497	H@10 0.982309	H@20 0.992551	H@50 0.996276	H@100 1.000000
INFO:kbc-cli.py:Epoch 94/100	Loss 6.3282 ± 0.0442
INFO:kbc-cli.py:Epoch 95/100	Loss 6.3287 ± 0.0595
INFO:kbc-cli.py:Epoch 96/100	Loss 6.3255 ± 0.0542
INFO:kbc-cli.py:Epoch 96/100	dev results	MRR 0.858718	H@1 0.779963	H@3 0.930712	H@5 0.960206	H@10 0.978464	H@20 0.986891	H@50 0.992041	H@100 1.000000
INFO:kbc-cli.py:Epoch 96/100	test results	MRR 0.862361	H@1 0.789106	H@3 0.924115	H@5 0.959497	H@10 0.982309	H@20 0.992551	H@50 0.996276	H@100 1.000000
INFO:kbc-cli.py:Epoch 97/100	Loss 6.3264 ± 0.0557
INFO:kbc-cli.py:Epoch 98/100	Loss 6.3308 ± 0.0624
INFO:kbc-cli.py:Epoch 99/100	Loss 6.3314 ± 0.0469
INFO:kbc-cli.py:Epoch 99/100	dev results	MRR 0.858223	H@1 0.779494	H@3 0.929307	H@5 0.958801	H@10 0.977996	H@20 0.986891	H@50 0.992041	H@100 1.000000
INFO:kbc-cli.py:Epoch 99/100	test results	MRR 0.860784	H@1 0.786313	H@3 0.921788	H@5 0.958566	H@10 0.982309	H@20 0.992551	H@50 0.996276	H@100 1.000000
INFO:kbc-cli.py:Epoch 100/100	Loss 6.3258 ± 0.0443
INFO:kbc-cli.py:Final 	dev results	MRR 0.859282	H@1 0.780431	H@3 0.931180	H@5 0.958333	H@10 0.977528	H@20 0.986891	H@50 0.992041	H@100 1.000000
INFO:kbc-cli.py:Final 	test results	MRR 0.861672	H@1 0.788175	H@3 0.920857	H@5 0.958566	H@10 0.981844	H@20 0.992551	H@50 0.996276	H@100 1.000000
INFO:kbc-cli.py:Training finished
