./bin/kbc-cli.py --train data/umls/train.tsv --dev data/umls/dev.tsv --test data/umls/test.tsv -m complex -k 200 -b 100 -e 100 --F2 0 --N3 0.5 -l 0.1 -I reciprocal -V 3 -o adagrad -c so -q
{'F2': 0.0,
 'N3': 0.5,
 'batch_size': 100,
 'corruption': 'so',
 'dev': 'data/umls/dev.tsv',
 'embedding_size': 200,
 'epochs': 100,
 'eval_batch_size': None,
 'input_type': 'reciprocal',
 'learning_rate': 0.1,
 'load': None,
 'model': 'complex',
 'optimizer': 'adagrad',
 'quiet': True,
 'save': None,
 'seed': 0,
 'test': 'data/umls/test.tsv',
 'test_i': None,
 'test_ii': None,
 'train': 'data/umls/train.tsv',
 'validate_every': 3}
INFO:kbc-cli.py:Device: cuda
INFO:kbc-cli.py:Model state:
INFO:kbc-cli.py:	entities.weight	torch.Size([135, 400])
INFO:kbc-cli.py:	predicates.weight	torch.Size([92, 400])
INFO:kbc-cli.py:Epoch 1/100	Loss 9.8483 ± 0.1098
INFO:kbc-cli.py:Epoch 2/100	Loss 9.8115 ± 0.0015
INFO:kbc-cli.py:Epoch 3/100	Loss 9.8109 ± 0.0004
INFO:kbc-cli.py:Epoch 3/100	dev results	MRR 0.157737	H@1 0.042945	H@3 0.114264	H@5 0.304448	H@10 0.499233	H@20 0.691718	H@50 0.884202	H@100 0.979294
INFO:kbc-cli.py:Epoch 3/100	test results	MRR 0.154731	H@1 0.040091	H@3 0.103631	H@5 0.294251	H@10 0.508321	H@20 0.712557	H@50 0.907716	H@100 0.984871
INFO:kbc-cli.py:Epoch 4/100	Loss 9.8107 ± 0.0002
INFO:kbc-cli.py:Epoch 5/100	Loss 9.8106 ± 0.0001
INFO:kbc-cli.py:Epoch 6/100	Loss 9.8106 ± 0.0001
INFO:kbc-cli.py:Epoch 6/100	dev results	MRR 0.427237	H@1 0.293712	H@3 0.502301	H@5 0.571319	H@10 0.679448	H@20 0.815184	H@50 0.927147	H@100 0.990798
INFO:kbc-cli.py:Epoch 6/100	test results	MRR 0.409670	H@1 0.275340	H@3 0.481089	H@5 0.564297	H@10 0.673222	H@20 0.810136	H@50 0.917549	H@100 0.979576
INFO:kbc-cli.py:Epoch 7/100	Loss 9.8106 ± 0.0000
INFO:kbc-cli.py:Epoch 8/100	Loss 9.8106 ± 0.0000
INFO:kbc-cli.py:Epoch 9/100	Loss 9.8106 ± 0.0000
INFO:kbc-cli.py:Epoch 9/100	dev results	MRR 0.249743	H@1 0.134969	H@3 0.287577	H@5 0.356595	H@10 0.476994	H@20 0.621933	H@50 0.881135	H@100 0.983896
INFO:kbc-cli.py:Epoch 9/100	test results	MRR 0.255774	H@1 0.138427	H@3 0.282148	H@5 0.351740	H@10 0.499244	H@20 0.663389	H@50 0.859304	H@100 0.974281
INFO:kbc-cli.py:Epoch 10/100	Loss 9.8106 ± 0.0002
INFO:kbc-cli.py:Epoch 11/100	Loss 9.8099 ± 0.0018
INFO:kbc-cli.py:Epoch 12/100	Loss 9.8080 ± 0.0040
INFO:kbc-cli.py:Epoch 12/100	dev results	MRR 0.319036	H@1 0.212423	H@3 0.335890	H@5 0.419479	H@10 0.540644	H@20 0.707822	H@50 0.898773	H@100 0.981595
INFO:kbc-cli.py:Epoch 12/100	test results	MRR 0.320683	H@1 0.201967	H@3 0.352496	H@5 0.439486	H@10 0.575643	H@20 0.722390	H@50 0.891831	H@100 0.980333
INFO:kbc-cli.py:Epoch 13/100	Loss 9.8067 ± 0.0067
INFO:kbc-cli.py:Epoch 14/100	Loss 9.8060 ± 0.0079
INFO:kbc-cli.py:Epoch 15/100	Loss 9.8054 ± 0.0068
INFO:kbc-cli.py:Epoch 15/100	dev results	MRR 0.316671	H@1 0.201687	H@3 0.350460	H@5 0.402607	H@10 0.561350	H@20 0.719325	H@50 0.896472	H@100 0.980828
INFO:kbc-cli.py:Epoch 15/100	test results	MRR 0.325214	H@1 0.201210	H@3 0.365356	H@5 0.429652	H@10 0.589259	H@20 0.739788	H@50 0.888048	H@100 0.976551
INFO:kbc-cli.py:Epoch 16/100	Loss 9.8052 ± 0.0074
INFO:kbc-cli.py:Epoch 17/100	Loss 9.8052 ± 0.0103
INFO:kbc-cli.py:Epoch 18/100	Loss 9.8048 ± 0.0084
INFO:kbc-cli.py:Epoch 18/100	dev results	MRR 0.339306	H@1 0.234663	H@3 0.351994	H@5 0.423313	H@10 0.572086	H@20 0.717791	H@50 0.901840	H@100 0.983896
INFO:kbc-cli.py:Epoch 18/100	test results	MRR 0.351358	H@1 0.239788	H@3 0.369894	H@5 0.450832	H@10 0.597579	H@20 0.732980	H@50 0.886536	H@100 0.977307
INFO:kbc-cli.py:Epoch 19/100	Loss 9.8048 ± 0.0089
INFO:kbc-cli.py:Epoch 20/100	Loss 9.8046 ± 0.0086
INFO:kbc-cli.py:Epoch 21/100	Loss 9.8047 ± 0.0081
INFO:kbc-cli.py:Epoch 21/100	dev results	MRR 0.331877	H@1 0.227761	H@3 0.335123	H@5 0.419479	H@10 0.560583	H@20 0.726994	H@50 0.896472	H@100 0.981595
INFO:kbc-cli.py:Epoch 21/100	test results	MRR 0.345797	H@1 0.236006	H@3 0.363086	H@5 0.445537	H@10 0.580938	H@20 0.746596	H@50 0.887292	H@100 0.977307
INFO:kbc-cli.py:Epoch 22/100	Loss 9.8044 ± 0.0095
INFO:kbc-cli.py:Epoch 23/100	Loss 9.8045 ± 0.0091
INFO:kbc-cli.py:Epoch 24/100	Loss 9.8046 ± 0.0073
INFO:kbc-cli.py:Epoch 24/100	dev results	MRR 0.357255	H@1 0.253067	H@3 0.365798	H@5 0.431748	H@10 0.582055	H@20 0.726994	H@50 0.898006	H@100 0.978528
INFO:kbc-cli.py:Epoch 24/100	test results	MRR 0.375545	H@1 0.264750	H@3 0.395613	H@5 0.464448	H@10 0.610439	H@20 0.749622	H@50 0.890318	H@100 0.975038
INFO:kbc-cli.py:Epoch 25/100	Loss 9.8043 ± 0.0081
INFO:kbc-cli.py:Epoch 26/100	Loss 9.8043 ± 0.0083
INFO:kbc-cli.py:Epoch 27/100	Loss 9.8044 ± 0.0086
INFO:kbc-cli.py:Epoch 27/100	dev results	MRR 0.350462	H@1 0.250767	H@3 0.353528	H@5 0.414110	H@10 0.580521	H@20 0.731595	H@50 0.899540	H@100 0.982362
INFO:kbc-cli.py:Epoch 27/100	test results	MRR 0.365099	H@1 0.260968	H@3 0.378215	H@5 0.428896	H@10 0.606657	H@20 0.753404	H@50 0.887292	H@100 0.975794
INFO:kbc-cli.py:Epoch 28/100	Loss 9.8042 ± 0.0087
INFO:kbc-cli.py:Epoch 29/100	Loss 9.8044 ± 0.0090
INFO:kbc-cli.py:Epoch 30/100	Loss 9.8041 ± 0.0089
INFO:kbc-cli.py:Epoch 30/100	dev results	MRR 0.352693	H@1 0.251534	H@3 0.361196	H@5 0.420245	H@10 0.592791	H@20 0.727761	H@50 0.902607	H@100 0.984663
INFO:kbc-cli.py:Epoch 30/100	test results	MRR 0.364607	H@1 0.254917	H@3 0.391831	H@5 0.438729	H@10 0.605144	H@20 0.754160	H@50 0.889561	H@100 0.978820
INFO:kbc-cli.py:Epoch 31/100	Loss 9.8043 ± 0.0091
INFO:kbc-cli.py:Epoch 32/100	Loss 9.8041 ± 0.0094
INFO:kbc-cli.py:Epoch 33/100	Loss 9.8042 ± 0.0089
INFO:kbc-cli.py:Epoch 33/100	dev results	MRR 0.358349	H@1 0.250767	H@3 0.372699	H@5 0.427147	H@10 0.599693	H@20 0.736963	H@50 0.904908	H@100 0.986196
INFO:kbc-cli.py:Epoch 33/100	test results	MRR 0.375764	H@1 0.269289	H@3 0.391074	H@5 0.445537	H@10 0.614221	H@20 0.754160	H@50 0.890318	H@100 0.978820
INFO:kbc-cli.py:Epoch 34/100	Loss 9.8040 ± 0.0091
INFO:kbc-cli.py:Epoch 35/100	Loss 9.8039 ± 0.0090
INFO:kbc-cli.py:Epoch 36/100	Loss 9.8040 ± 0.0092
INFO:kbc-cli.py:Epoch 36/100	dev results	MRR 0.362231	H@1 0.264571	H@3 0.367331	H@5 0.414110	H@10 0.586656	H@20 0.733896	H@50 0.902607	H@100 0.986963
INFO:kbc-cli.py:Epoch 36/100	test results	MRR 0.370650	H@1 0.264750	H@3 0.386536	H@5 0.433434	H@10 0.598336	H@20 0.754160	H@50 0.888805	H@100 0.981089
INFO:kbc-cli.py:Epoch 37/100	Loss 9.8040 ± 0.0084
INFO:kbc-cli.py:Epoch 38/100	Loss 9.8042 ± 0.0091
INFO:kbc-cli.py:Epoch 39/100	Loss 9.8041 ± 0.0085
INFO:kbc-cli.py:Epoch 39/100	dev results	MRR 0.354636	H@1 0.253834	H@3 0.361963	H@5 0.422546	H@10 0.591258	H@20 0.738497	H@50 0.901840	H@100 0.986963
INFO:kbc-cli.py:Epoch 39/100	test results	MRR 0.368927	H@1 0.263994	H@3 0.388048	H@5 0.439486	H@10 0.602118	H@20 0.754160	H@50 0.888805	H@100 0.979576
INFO:kbc-cli.py:Epoch 40/100	Loss 9.8038 ± 0.0075
INFO:kbc-cli.py:Epoch 41/100	Loss 9.8038 ± 0.0082
INFO:kbc-cli.py:Epoch 42/100	Loss 9.8040 ± 0.0090
INFO:kbc-cli.py:Epoch 42/100	dev results	MRR 0.366913	H@1 0.275307	H@3 0.367331	H@5 0.418712	H@10 0.593558	H@20 0.734663	H@50 0.904908	H@100 0.986196
INFO:kbc-cli.py:Epoch 42/100	test results	MRR 0.372825	H@1 0.274584	H@3 0.385779	H@5 0.428139	H@10 0.604387	H@20 0.749622	H@50 0.891831	H@100 0.981089
INFO:kbc-cli.py:Epoch 43/100	Loss 9.8038 ± 0.0092
INFO:kbc-cli.py:Epoch 44/100	Loss 9.8038 ± 0.0078
INFO:kbc-cli.py:Epoch 45/100	Loss 9.8039 ± 0.0094
INFO:kbc-cli.py:Epoch 45/100	dev results	MRR 0.362420	H@1 0.263804	H@3 0.376534	H@5 0.410276	H@10 0.587423	H@20 0.736196	H@50 0.902607	H@100 0.988497
INFO:kbc-cli.py:Epoch 45/100	test results	MRR 0.371774	H@1 0.271558	H@3 0.386536	H@5 0.427383	H@10 0.599092	H@20 0.749622	H@50 0.890318	H@100 0.980333
INFO:kbc-cli.py:Epoch 46/100	Loss 9.8040 ± 0.0091
INFO:kbc-cli.py:Epoch 47/100	Loss 9.8038 ± 0.0083
INFO:kbc-cli.py:Epoch 48/100	Loss 9.8041 ± 0.0103
INFO:kbc-cli.py:Epoch 48/100	dev results	MRR 0.353955	H@1 0.254601	H@3 0.361963	H@5 0.414877	H@10 0.597393	H@20 0.729294	H@50 0.903374	H@100 0.989264
INFO:kbc-cli.py:Epoch 48/100	test results	MRR 0.364659	H@1 0.258699	H@3 0.381241	H@5 0.435703	H@10 0.607413	H@20 0.744327	H@50 0.889561	H@100 0.980333
INFO:kbc-cli.py:Epoch 49/100	Loss 9.8038 ± 0.0093
INFO:kbc-cli.py:Epoch 50/100	Loss 9.8038 ± 0.0093
INFO:kbc-cli.py:Epoch 51/100	Loss 9.8038 ± 0.0094
INFO:kbc-cli.py:Epoch 51/100	dev results	MRR 0.361619	H@1 0.262270	H@3 0.375767	H@5 0.415644	H@10 0.591258	H@20 0.730828	H@50 0.907209	H@100 0.987730
INFO:kbc-cli.py:Epoch 51/100	test results	MRR 0.367765	H@1 0.260968	H@3 0.386536	H@5 0.429652	H@10 0.605144	H@20 0.742814	H@50 0.891074	H@100 0.981089
INFO:kbc-cli.py:Epoch 52/100	Loss 9.8035 ± 0.0088
INFO:kbc-cli.py:Epoch 53/100	Loss 9.8037 ± 0.0092
INFO:kbc-cli.py:Epoch 54/100	Loss 9.8037 ± 0.0090
INFO:kbc-cli.py:Epoch 54/100	dev results	MRR 0.355983	H@1 0.260736	H@3 0.358896	H@5 0.413344	H@10 0.587423	H@20 0.727761	H@50 0.905675	H@100 0.988497
INFO:kbc-cli.py:Epoch 54/100	test results	MRR 0.363983	H@1 0.260212	H@3 0.377458	H@5 0.429652	H@10 0.608926	H@20 0.736762	H@50 0.889561	H@100 0.980333
INFO:kbc-cli.py:Epoch 55/100	Loss 9.8037 ± 0.0084
INFO:kbc-cli.py:Epoch 56/100	Loss 9.8038 ± 0.0095
INFO:kbc-cli.py:Epoch 57/100	Loss 9.8036 ± 0.0089
INFO:kbc-cli.py:Epoch 57/100	dev results	MRR 0.353267	H@1 0.256902	H@3 0.357362	H@5 0.410276	H@10 0.587423	H@20 0.723926	H@50 0.906442	H@100 0.989264
INFO:kbc-cli.py:Epoch 57/100	test results	MRR 0.361120	H@1 0.258699	H@3 0.369894	H@5 0.425870	H@10 0.601362	H@20 0.737519	H@50 0.890318	H@100 0.982602
INFO:kbc-cli.py:Epoch 58/100	Loss 9.8037 ± 0.0091
INFO:kbc-cli.py:Epoch 59/100	Loss 9.8036 ± 0.0088
INFO:kbc-cli.py:Epoch 60/100	Loss 9.8036 ± 0.0081
INFO:kbc-cli.py:Epoch 60/100	dev results	MRR 0.349911	H@1 0.251534	H@3 0.363497	H@5 0.407975	H@10 0.588957	H@20 0.726227	H@50 0.906442	H@100 0.988497
INFO:kbc-cli.py:Epoch 60/100	test results	MRR 0.361003	H@1 0.254160	H@3 0.385779	H@5 0.428139	H@10 0.607413	H@20 0.739032	H@50 0.889561	H@100 0.981846
INFO:kbc-cli.py:Epoch 61/100	Loss 9.8034 ± 0.0105
INFO:kbc-cli.py:Epoch 62/100	Loss 9.8035 ± 0.0103
INFO:kbc-cli.py:Epoch 63/100	Loss 9.8034 ± 0.0092
INFO:kbc-cli.py:Epoch 63/100	dev results	MRR 0.352857	H@1 0.256902	H@3 0.354294	H@5 0.409509	H@10 0.580521	H@20 0.723926	H@50 0.907209	H@100 0.988497
INFO:kbc-cli.py:Epoch 63/100	test results	MRR 0.359551	H@1 0.256430	H@3 0.368381	H@5 0.431921	H@10 0.603631	H@20 0.735250	H@50 0.891074	H@100 0.982602
INFO:kbc-cli.py:Epoch 64/100	Loss 9.8035 ± 0.0090
INFO:kbc-cli.py:Epoch 65/100	Loss 9.8038 ± 0.0094
INFO:kbc-cli.py:Epoch 66/100	Loss 9.8036 ± 0.0095
INFO:kbc-cli.py:Epoch 66/100	dev results	MRR 0.349400	H@1 0.255368	H@3 0.350460	H@5 0.400307	H@10 0.577454	H@20 0.719325	H@50 0.907209	H@100 0.988497
INFO:kbc-cli.py:Epoch 66/100	test results	MRR 0.361435	H@1 0.259455	H@3 0.372920	H@5 0.419062	H@10 0.606657	H@20 0.728442	H@50 0.891074	H@100 0.982602
INFO:kbc-cli.py:Epoch 67/100	Loss 9.8034 ± 0.0086
INFO:kbc-cli.py:Epoch 68/100	Loss 9.8034 ± 0.0083
INFO:kbc-cli.py:Epoch 69/100	Loss 9.8035 ± 0.0085
INFO:kbc-cli.py:Epoch 69/100	dev results	MRR 0.345428	H@1 0.247699	H@3 0.345859	H@5 0.394172	H@10 0.585890	H@20 0.720092	H@50 0.907209	H@100 0.988497
INFO:kbc-cli.py:Epoch 69/100	test results	MRR 0.358939	H@1 0.251891	H@3 0.374433	H@5 0.423601	H@10 0.599092	H@20 0.734493	H@50 0.891831	H@100 0.982602
INFO:kbc-cli.py:Epoch 70/100	Loss 9.8035 ± 0.0082
INFO:kbc-cli.py:Epoch 71/100	Loss 9.8036 ± 0.0096
INFO:kbc-cli.py:Epoch 72/100	Loss 9.8036 ± 0.0084
INFO:kbc-cli.py:Epoch 72/100	dev results	MRR 0.346449	H@1 0.248466	H@3 0.349693	H@5 0.399540	H@10 0.575920	H@20 0.718558	H@50 0.908742	H@100 0.989264
INFO:kbc-cli.py:Epoch 72/100	test results	MRR 0.353072	H@1 0.249622	H@3 0.360817	H@5 0.414523	H@10 0.593041	H@20 0.736006	H@50 0.891831	H@100 0.983359
INFO:kbc-cli.py:Epoch 73/100	Loss 9.8034 ± 0.0088
INFO:kbc-cli.py:Epoch 74/100	Loss 9.8034 ± 0.0092
INFO:kbc-cli.py:Epoch 75/100	Loss 9.8035 ± 0.0094
INFO:kbc-cli.py:Epoch 75/100	dev results	MRR 0.340992	H@1 0.238497	H@3 0.348926	H@5 0.407209	H@10 0.580521	H@20 0.720859	H@50 0.910276	H@100 0.988497
INFO:kbc-cli.py:Epoch 75/100	test results	MRR 0.348346	H@1 0.235250	H@3 0.367625	H@5 0.425113	H@10 0.599092	H@20 0.732980	H@50 0.891831	H@100 0.982602
INFO:kbc-cli.py:Epoch 76/100	Loss 9.8034 ± 0.0084
INFO:kbc-cli.py:Epoch 77/100	Loss 9.8034 ± 0.0099
INFO:kbc-cli.py:Epoch 78/100	Loss 9.8034 ± 0.0085
INFO:kbc-cli.py:Epoch 78/100	dev results	MRR 0.355510	H@1 0.259202	H@3 0.358896	H@5 0.405675	H@10 0.585890	H@20 0.716258	H@50 0.909509	H@100 0.988497
INFO:kbc-cli.py:Epoch 78/100	test results	MRR 0.364872	H@1 0.261725	H@3 0.375946	H@5 0.427383	H@10 0.602118	H@20 0.731467	H@50 0.891074	H@100 0.983359
INFO:kbc-cli.py:Epoch 79/100	Loss 9.8034 ± 0.0089
INFO:kbc-cli.py:Epoch 80/100	Loss 9.8035 ± 0.0086
INFO:kbc-cli.py:Epoch 81/100	Loss 9.8032 ± 0.0101
INFO:kbc-cli.py:Epoch 81/100	dev results	MRR 0.348727	H@1 0.246166	H@3 0.361196	H@5 0.407209	H@10 0.584356	H@20 0.716258	H@50 0.910276	H@100 0.988497
INFO:kbc-cli.py:Epoch 81/100	test results	MRR 0.359021	H@1 0.248109	H@3 0.378971	H@5 0.434191	H@10 0.603631	H@20 0.729198	H@50 0.891831	H@100 0.982602
INFO:kbc-cli.py:Epoch 82/100	Loss 9.8032 ± 0.0097
INFO:kbc-cli.py:Epoch 83/100	Loss 9.8035 ± 0.0085
INFO:kbc-cli.py:Epoch 84/100	Loss 9.8034 ± 0.0089
INFO:kbc-cli.py:Epoch 84/100	dev results	MRR 0.342204	H@1 0.239264	H@3 0.350460	H@5 0.403374	H@10 0.586656	H@20 0.716258	H@50 0.910276	H@100 0.988497
INFO:kbc-cli.py:Epoch 84/100	test results	MRR 0.348622	H@1 0.235250	H@3 0.371407	H@5 0.425113	H@10 0.605144	H@20 0.730711	H@50 0.891831	H@100 0.981089
INFO:kbc-cli.py:Epoch 85/100	Loss 9.8033 ± 0.0086
INFO:kbc-cli.py:Epoch 86/100	Loss 9.8033 ± 0.0092
INFO:kbc-cli.py:Epoch 87/100	Loss 9.8033 ± 0.0094
INFO:kbc-cli.py:Epoch 87/100	dev results	MRR 0.342425	H@1 0.240031	H@3 0.355828	H@5 0.404141	H@10 0.583589	H@20 0.713957	H@50 0.910276	H@100 0.988497
INFO:kbc-cli.py:Epoch 87/100	test results	MRR 0.354484	H@1 0.246596	H@3 0.374433	H@5 0.426626	H@10 0.597579	H@20 0.729955	H@50 0.891831	H@100 0.983359
INFO:kbc-cli.py:Epoch 88/100	Loss 9.8036 ± 0.0099
INFO:kbc-cli.py:Epoch 89/100	Loss 9.8035 ± 0.0099
INFO:kbc-cli.py:Epoch 90/100	Loss 9.8033 ± 0.0091
INFO:kbc-cli.py:Epoch 90/100	dev results	MRR 0.346002	H@1 0.245399	H@3 0.355061	H@5 0.401074	H@10 0.583589	H@20 0.717791	H@50 0.910276	H@100 0.988497
INFO:kbc-cli.py:Epoch 90/100	test results	MRR 0.356241	H@1 0.251891	H@3 0.368381	H@5 0.422844	H@10 0.595310	H@20 0.729955	H@50 0.892587	H@100 0.983359
INFO:kbc-cli.py:Epoch 91/100	Loss 9.8035 ± 0.0092
INFO:kbc-cli.py:Epoch 92/100	Loss 9.8034 ± 0.0079
INFO:kbc-cli.py:Epoch 93/100	Loss 9.8033 ± 0.0090
INFO:kbc-cli.py:Epoch 93/100	dev results	MRR 0.343865	H@1 0.241564	H@3 0.355828	H@5 0.401840	H@10 0.579755	H@20 0.713957	H@50 0.908742	H@100 0.988497
INFO:kbc-cli.py:Epoch 93/100	test results	MRR 0.356526	H@1 0.248109	H@3 0.374433	H@5 0.422088	H@10 0.596067	H@20 0.731467	H@50 0.892587	H@100 0.982602
INFO:kbc-cli.py:Epoch 94/100	Loss 9.8034 ± 0.0090
INFO:kbc-cli.py:Epoch 95/100	Loss 9.8034 ± 0.0088
INFO:kbc-cli.py:Epoch 96/100	Loss 9.8032 ± 0.0093
INFO:kbc-cli.py:Epoch 96/100	dev results	MRR 0.345662	H@1 0.243865	H@3 0.355061	H@5 0.406442	H@10 0.579755	H@20 0.715491	H@50 0.908742	H@100 0.988497
INFO:kbc-cli.py:Epoch 96/100	test results	MRR 0.358547	H@1 0.249622	H@3 0.375946	H@5 0.427383	H@10 0.593041	H@20 0.732224	H@50 0.891831	H@100 0.982602
INFO:kbc-cli.py:Epoch 97/100	Loss 9.8033 ± 0.0100
INFO:kbc-cli.py:Epoch 98/100	Loss 9.8034 ± 0.0092
INFO:kbc-cli.py:Epoch 99/100	Loss 9.8035 ± 0.0090
INFO:kbc-cli.py:Epoch 99/100	dev results	MRR 0.352156	H@1 0.252301	H@3 0.358129	H@5 0.410276	H@10 0.584356	H@20 0.715491	H@50 0.910276	H@100 0.988497
INFO:kbc-cli.py:Epoch 99/100	test results	MRR 0.356947	H@1 0.245840	H@3 0.377458	H@5 0.434191	H@10 0.600605	H@20 0.730711	H@50 0.891831	H@100 0.983359
INFO:kbc-cli.py:Epoch 100/100	Loss 9.8032 ± 0.0089
INFO:kbc-cli.py:Final 	dev results	MRR 0.350571	H@1 0.253067	H@3 0.355828	H@5 0.407975	H@10 0.582822	H@20 0.716258	H@50 0.908742	H@100 0.989264
INFO:kbc-cli.py:Final 	test results	MRR 0.356504	H@1 0.248109	H@3 0.375189	H@5 0.431165	H@10 0.596823	H@20 0.729955	H@50 0.891831	H@100 0.983359
INFO:kbc-cli.py:Training finished
