./bin/kbc-cli.py --train data/nations/train.tsv --dev data/nations/dev.tsv --test data/nations/test.tsv -m complex -k 100 -b 500 -e 100 --F2 0 --N3 0.1 -l 0.1 -I reciprocal -V 3 -o adagrad -c so -q
{'F2': 0.0,
 'N3': 0.1,
 'batch_size': 500,
 'corruption': 'so',
 'dev': 'data/nations/dev.tsv',
 'embedding_size': 100,
 'epochs': 100,
 'eval_batch_size': None,
 'input_type': 'reciprocal',
 'learning_rate': 0.1,
 'load': None,
 'model': 'complex',
 'optimizer': 'adagrad',
 'quiet': True,
 'save': None,
 'seed': 0,
 'test': 'data/nations/test.tsv',
 'test_i': None,
 'test_ii': None,
 'train': 'data/nations/train.tsv',
 'validate_every': 3}
INFO:kbc-cli.py:Device: cuda
INFO:kbc-cli.py:Model state:
INFO:kbc-cli.py:	entities.weight	torch.Size([14, 200])
INFO:kbc-cli.py:	predicates.weight	torch.Size([110, 200])
INFO:kbc-cli.py:Epoch 1/100	Loss 5.3070 ± 0.0311
INFO:kbc-cli.py:Epoch 2/100	Loss 5.2790 ± 0.0012
INFO:kbc-cli.py:Epoch 3/100	Loss 5.2652 ± 0.0066
INFO:kbc-cli.py:Epoch 3/100	dev results	MRR 0.561183	H@1 0.399497	H@3 0.625628	H@5 0.781407	H@10 0.947236	H@20 1.000000	H@50 1.000000	H@100 1.000000
INFO:kbc-cli.py:Epoch 3/100	test results	MRR 0.590707	H@1 0.430348	H@3 0.686567	H@5 0.823383	H@10 0.967662	H@20 1.000000	H@50 1.000000	H@100 1.000000
INFO:kbc-cli.py:Epoch 4/100	Loss 5.2316 ± 0.0128
INFO:kbc-cli.py:Epoch 5/100	Loss 5.2114 ± 0.0197
INFO:kbc-cli.py:Epoch 6/100	Loss 5.1866 ± 0.0289
INFO:kbc-cli.py:Epoch 6/100	dev results	MRR 0.621515	H@1 0.472362	H@3 0.680905	H@5 0.816583	H@10 0.957286	H@20 1.000000	H@50 1.000000	H@100 1.000000
INFO:kbc-cli.py:Epoch 6/100	test results	MRR 0.650086	H@1 0.497512	H@3 0.741294	H@5 0.860697	H@10 0.970149	H@20 1.000000	H@50 1.000000	H@100 1.000000
INFO:kbc-cli.py:Epoch 7/100	Loss 5.1838 ± 0.0224
INFO:kbc-cli.py:Epoch 8/100	Loss 5.1775 ± 0.0263
INFO:kbc-cli.py:Epoch 9/100	Loss 5.1655 ± 0.0242
INFO:kbc-cli.py:Epoch 9/100	dev results	MRR 0.646154	H@1 0.494975	H@3 0.738693	H@5 0.856784	H@10 0.979899	H@20 1.000000	H@50 1.000000	H@100 1.000000
INFO:kbc-cli.py:Epoch 9/100	test results	MRR 0.684769	H@1 0.542289	H@3 0.778607	H@5 0.880597	H@10 0.980100	H@20 1.000000	H@50 1.000000	H@100 1.000000
INFO:kbc-cli.py:Epoch 10/100	Loss 5.1626 ± 0.0270
INFO:kbc-cli.py:Epoch 11/100	Loss 5.1552 ± 0.0117
INFO:kbc-cli.py:Epoch 12/100	Loss 5.1527 ± 0.0209
INFO:kbc-cli.py:Epoch 12/100	dev results	MRR 0.661552	H@1 0.512563	H@3 0.751256	H@5 0.881910	H@10 0.982412	H@20 1.000000	H@50 1.000000	H@100 1.000000
INFO:kbc-cli.py:Epoch 12/100	test results	MRR 0.685988	H@1 0.537313	H@3 0.786070	H@5 0.905473	H@10 0.987562	H@20 1.000000	H@50 1.000000	H@100 1.000000
INFO:kbc-cli.py:Epoch 13/100	Loss 5.1395 ± 0.0299
INFO:kbc-cli.py:Epoch 14/100	Loss 5.1485 ± 0.0405
INFO:kbc-cli.py:Epoch 15/100	Loss 5.1396 ± 0.0273
INFO:kbc-cli.py:Epoch 15/100	dev results	MRR 0.678577	H@1 0.537688	H@3 0.758794	H@5 0.894472	H@10 0.982412	H@20 1.000000	H@50 1.000000	H@100 1.000000
INFO:kbc-cli.py:Epoch 15/100	test results	MRR 0.702778	H@1 0.564677	H@3 0.805970	H@5 0.893035	H@10 0.990050	H@20 1.000000	H@50 1.000000	H@100 1.000000
INFO:kbc-cli.py:Epoch 16/100	Loss 5.1396 ± 0.0231
INFO:kbc-cli.py:Epoch 17/100	Loss 5.1354 ± 0.0341
INFO:kbc-cli.py:Epoch 18/100	Loss 5.1313 ± 0.0266
INFO:kbc-cli.py:Epoch 18/100	dev results	MRR 0.682791	H@1 0.540201	H@3 0.758794	H@5 0.907035	H@10 0.987437	H@20 1.000000	H@50 1.000000	H@100 1.000000
INFO:kbc-cli.py:Epoch 18/100	test results	MRR 0.706059	H@1 0.562189	H@3 0.813433	H@5 0.907960	H@10 0.987562	H@20 1.000000	H@50 1.000000	H@100 1.000000
INFO:kbc-cli.py:Epoch 19/100	Loss 5.1344 ± 0.0340
INFO:kbc-cli.py:Epoch 20/100	Loss 5.1292 ± 0.0324
INFO:kbc-cli.py:Epoch 21/100	Loss 5.1204 ± 0.0178
INFO:kbc-cli.py:Epoch 21/100	dev results	MRR 0.691764	H@1 0.555276	H@3 0.783920	H@5 0.907035	H@10 0.987437	H@20 1.000000	H@50 1.000000	H@100 1.000000
INFO:kbc-cli.py:Epoch 21/100	test results	MRR 0.708928	H@1 0.569652	H@3 0.810945	H@5 0.910448	H@10 0.985075	H@20 1.000000	H@50 1.000000	H@100 1.000000
INFO:kbc-cli.py:Epoch 22/100	Loss 5.1246 ± 0.0335
INFO:kbc-cli.py:Epoch 23/100	Loss 5.1218 ± 0.0211
INFO:kbc-cli.py:Epoch 24/100	Loss 5.1234 ± 0.0247
INFO:kbc-cli.py:Epoch 24/100	dev results	MRR 0.692811	H@1 0.547739	H@3 0.791457	H@5 0.907035	H@10 0.987437	H@20 1.000000	H@50 1.000000	H@100 1.000000
INFO:kbc-cli.py:Epoch 24/100	test results	MRR 0.703910	H@1 0.559701	H@3 0.805970	H@5 0.910448	H@10 0.990050	H@20 1.000000	H@50 1.000000	H@100 1.000000
INFO:kbc-cli.py:Epoch 25/100	Loss 5.1158 ± 0.0199
INFO:kbc-cli.py:Epoch 26/100	Loss 5.1152 ± 0.0213
INFO:kbc-cli.py:Epoch 27/100	Loss 5.1100 ± 0.0313
INFO:kbc-cli.py:Epoch 27/100	dev results	MRR 0.695012	H@1 0.555276	H@3 0.793970	H@5 0.909548	H@10 0.989950	H@20 1.000000	H@50 1.000000	H@100 1.000000
INFO:kbc-cli.py:Epoch 27/100	test results	MRR 0.708159	H@1 0.564677	H@3 0.818408	H@5 0.905473	H@10 0.987562	H@20 1.000000	H@50 1.000000	H@100 1.000000
INFO:kbc-cli.py:Epoch 28/100	Loss 5.1077 ± 0.0351
INFO:kbc-cli.py:Epoch 29/100	Loss 5.1146 ± 0.0176
INFO:kbc-cli.py:Epoch 30/100	Loss 5.1165 ± 0.0365
INFO:kbc-cli.py:Epoch 30/100	dev results	MRR 0.691352	H@1 0.542714	H@3 0.793970	H@5 0.909548	H@10 0.989950	H@20 1.000000	H@50 1.000000	H@100 1.000000
INFO:kbc-cli.py:Epoch 30/100	test results	MRR 0.706503	H@1 0.559701	H@3 0.815920	H@5 0.915423	H@10 0.995025	H@20 1.000000	H@50 1.000000	H@100 1.000000
INFO:kbc-cli.py:Epoch 31/100	Loss 5.1157 ± 0.0296
INFO:kbc-cli.py:Epoch 32/100	Loss 5.1140 ± 0.0225
INFO:kbc-cli.py:Epoch 33/100	Loss 5.1182 ± 0.0371
INFO:kbc-cli.py:Epoch 33/100	dev results	MRR 0.695515	H@1 0.545226	H@3 0.796482	H@5 0.909548	H@10 0.989950	H@20 1.000000	H@50 1.000000	H@100 1.000000
INFO:kbc-cli.py:Epoch 33/100	test results	MRR 0.715517	H@1 0.574627	H@3 0.815920	H@5 0.917910	H@10 0.992537	H@20 1.000000	H@50 1.000000	H@100 1.000000
INFO:kbc-cli.py:Epoch 34/100	Loss 5.1076 ± 0.0223
INFO:kbc-cli.py:Epoch 35/100	Loss 5.1137 ± 0.0260
INFO:kbc-cli.py:Epoch 36/100	Loss 5.1071 ± 0.0224
INFO:kbc-cli.py:Epoch 36/100	dev results	MRR 0.702342	H@1 0.557789	H@3 0.793970	H@5 0.902010	H@10 0.989950	H@20 1.000000	H@50 1.000000	H@100 1.000000
INFO:kbc-cli.py:Epoch 36/100	test results	MRR 0.703221	H@1 0.552239	H@3 0.823383	H@5 0.920398	H@10 0.997512	H@20 1.000000	H@50 1.000000	H@100 1.000000
INFO:kbc-cli.py:Epoch 37/100	Loss 5.1065 ± 0.0188
INFO:kbc-cli.py:Epoch 38/100	Loss 5.1040 ± 0.0364
INFO:kbc-cli.py:Epoch 39/100	Loss 5.1083 ± 0.0349
INFO:kbc-cli.py:Epoch 39/100	dev results	MRR 0.701005	H@1 0.555276	H@3 0.804020	H@5 0.909548	H@10 0.992462	H@20 1.000000	H@50 1.000000	H@100 1.000000
INFO:kbc-cli.py:Epoch 39/100	test results	MRR 0.700042	H@1 0.549751	H@3 0.818408	H@5 0.915423	H@10 0.992537	H@20 1.000000	H@50 1.000000	H@100 1.000000
INFO:kbc-cli.py:Epoch 40/100	Loss 5.1133 ± 0.0373
INFO:kbc-cli.py:Epoch 41/100	Loss 5.1012 ± 0.0282
INFO:kbc-cli.py:Epoch 42/100	Loss 5.1100 ± 0.0254
INFO:kbc-cli.py:Epoch 42/100	dev results	MRR 0.700906	H@1 0.555276	H@3 0.793970	H@5 0.912060	H@10 0.989950	H@20 1.000000	H@50 1.000000	H@100 1.000000
INFO:kbc-cli.py:Epoch 42/100	test results	MRR 0.706778	H@1 0.562189	H@3 0.820896	H@5 0.917910	H@10 0.990050	H@20 1.000000	H@50 1.000000	H@100 1.000000
INFO:kbc-cli.py:Epoch 43/100	Loss 5.1070 ± 0.0209
INFO:kbc-cli.py:Epoch 44/100	Loss 5.1052 ± 0.0253
INFO:kbc-cli.py:Epoch 45/100	Loss 5.1033 ± 0.0223
INFO:kbc-cli.py:Epoch 45/100	dev results	MRR 0.702475	H@1 0.557789	H@3 0.793970	H@5 0.907035	H@10 0.992462	H@20 1.000000	H@50 1.000000	H@100 1.000000
INFO:kbc-cli.py:Epoch 45/100	test results	MRR 0.701977	H@1 0.554726	H@3 0.813433	H@5 0.907960	H@10 0.992537	H@20 1.000000	H@50 1.000000	H@100 1.000000
INFO:kbc-cli.py:Epoch 46/100	Loss 5.1039 ± 0.0188
INFO:kbc-cli.py:Epoch 47/100	Loss 5.1003 ± 0.0341
INFO:kbc-cli.py:Epoch 48/100	Loss 5.0986 ± 0.0251
INFO:kbc-cli.py:Epoch 48/100	dev results	MRR 0.695145	H@1 0.547739	H@3 0.788945	H@5 0.909548	H@10 0.989950	H@20 1.000000	H@50 1.000000	H@100 1.000000
INFO:kbc-cli.py:Epoch 48/100	test results	MRR 0.696776	H@1 0.544776	H@3 0.805970	H@5 0.915423	H@10 0.995025	H@20 1.000000	H@50 1.000000	H@100 1.000000
INFO:kbc-cli.py:Epoch 49/100	Loss 5.1055 ± 0.0257
INFO:kbc-cli.py:Epoch 50/100	Loss 5.0986 ± 0.0263
INFO:kbc-cli.py:Epoch 51/100	Loss 5.1016 ± 0.0126
INFO:kbc-cli.py:Epoch 51/100	dev results	MRR 0.697870	H@1 0.550251	H@3 0.788945	H@5 0.909548	H@10 0.992462	H@20 1.000000	H@50 1.000000	H@100 1.000000
INFO:kbc-cli.py:Epoch 51/100	test results	MRR 0.706625	H@1 0.559701	H@3 0.823383	H@5 0.910448	H@10 0.995025	H@20 1.000000	H@50 1.000000	H@100 1.000000
INFO:kbc-cli.py:Epoch 52/100	Loss 5.1071 ± 0.0334
INFO:kbc-cli.py:Epoch 53/100	Loss 5.0991 ± 0.0253
INFO:kbc-cli.py:Epoch 54/100	Loss 5.1021 ± 0.0278
INFO:kbc-cli.py:Epoch 54/100	dev results	MRR 0.693680	H@1 0.540201	H@3 0.793970	H@5 0.907035	H@10 0.992462	H@20 1.000000	H@50 1.000000	H@100 1.000000
INFO:kbc-cli.py:Epoch 54/100	test results	MRR 0.700369	H@1 0.552239	H@3 0.813433	H@5 0.910448	H@10 0.995025	H@20 1.000000	H@50 1.000000	H@100 1.000000
INFO:kbc-cli.py:Epoch 55/100	Loss 5.1070 ± 0.0341
INFO:kbc-cli.py:Epoch 56/100	Loss 5.1015 ± 0.0432
INFO:kbc-cli.py:Epoch 57/100	Loss 5.0985 ± 0.0135
INFO:kbc-cli.py:Epoch 57/100	dev results	MRR 0.697673	H@1 0.550251	H@3 0.788945	H@5 0.904523	H@10 0.992462	H@20 1.000000	H@50 1.000000	H@100 1.000000
INFO:kbc-cli.py:Epoch 57/100	test results	MRR 0.705777	H@1 0.559701	H@3 0.818408	H@5 0.910448	H@10 0.995025	H@20 1.000000	H@50 1.000000	H@100 1.000000
INFO:kbc-cli.py:Epoch 58/100	Loss 5.1049 ± 0.0370
INFO:kbc-cli.py:Epoch 59/100	Loss 5.0968 ± 0.0209
INFO:kbc-cli.py:Epoch 60/100	Loss 5.1007 ± 0.0222
INFO:kbc-cli.py:Epoch 60/100	dev results	MRR 0.695213	H@1 0.542714	H@3 0.801508	H@5 0.907035	H@10 0.992462	H@20 1.000000	H@50 1.000000	H@100 1.000000
INFO:kbc-cli.py:Epoch 60/100	test results	MRR 0.701726	H@1 0.549751	H@3 0.810945	H@5 0.912935	H@10 0.995025	H@20 1.000000	H@50 1.000000	H@100 1.000000
INFO:kbc-cli.py:Epoch 61/100	Loss 5.1007 ± 0.0224
INFO:kbc-cli.py:Epoch 62/100	Loss 5.1033 ± 0.0229
INFO:kbc-cli.py:Epoch 63/100	Loss 5.1044 ± 0.0299
INFO:kbc-cli.py:Epoch 63/100	dev results	MRR 0.702392	H@1 0.552764	H@3 0.796482	H@5 0.907035	H@10 0.992462	H@20 1.000000	H@50 1.000000	H@100 1.000000
INFO:kbc-cli.py:Epoch 63/100	test results	MRR 0.708829	H@1 0.567164	H@3 0.808458	H@5 0.917910	H@10 0.995025	H@20 1.000000	H@50 1.000000	H@100 1.000000
INFO:kbc-cli.py:Epoch 64/100	Loss 5.1045 ± 0.0315
INFO:kbc-cli.py:Epoch 65/100	Loss 5.1020 ± 0.0341
INFO:kbc-cli.py:Epoch 66/100	Loss 5.0946 ± 0.0253
INFO:kbc-cli.py:Epoch 66/100	dev results	MRR 0.694781	H@1 0.542714	H@3 0.806533	H@5 0.909548	H@10 0.992462	H@20 1.000000	H@50 1.000000	H@100 1.000000
INFO:kbc-cli.py:Epoch 66/100	test results	MRR 0.712288	H@1 0.574627	H@3 0.803483	H@5 0.912935	H@10 0.995025	H@20 1.000000	H@50 1.000000	H@100 1.000000
INFO:kbc-cli.py:Epoch 67/100	Loss 5.1025 ± 0.0331
INFO:kbc-cli.py:Epoch 68/100	Loss 5.1002 ± 0.0225
INFO:kbc-cli.py:Epoch 69/100	Loss 5.0984 ± 0.0152
INFO:kbc-cli.py:Epoch 69/100	dev results	MRR 0.702568	H@1 0.552764	H@3 0.798995	H@5 0.899497	H@10 0.992462	H@20 1.000000	H@50 1.000000	H@100 1.000000
INFO:kbc-cli.py:Epoch 69/100	test results	MRR 0.705331	H@1 0.559701	H@3 0.808458	H@5 0.915423	H@10 0.992537	H@20 1.000000	H@50 1.000000	H@100 1.000000
INFO:kbc-cli.py:Epoch 70/100	Loss 5.0992 ± 0.0119
INFO:kbc-cli.py:Epoch 71/100	Loss 5.0979 ± 0.0256
INFO:kbc-cli.py:Epoch 72/100	Loss 5.0905 ± 0.0483
INFO:kbc-cli.py:Epoch 72/100	dev results	MRR 0.700285	H@1 0.550251	H@3 0.804020	H@5 0.907035	H@10 0.989950	H@20 1.000000	H@50 1.000000	H@100 1.000000
INFO:kbc-cli.py:Epoch 72/100	test results	MRR 0.705857	H@1 0.559701	H@3 0.818408	H@5 0.917910	H@10 0.995025	H@20 1.000000	H@50 1.000000	H@100 1.000000
INFO:kbc-cli.py:Epoch 73/100	Loss 5.0901 ± 0.0332
INFO:kbc-cli.py:Epoch 74/100	Loss 5.0988 ± 0.0268
INFO:kbc-cli.py:Epoch 75/100	Loss 5.0939 ± 0.0211
INFO:kbc-cli.py:Epoch 75/100	dev results	MRR 0.698703	H@1 0.550251	H@3 0.801508	H@5 0.902010	H@10 0.989950	H@20 1.000000	H@50 1.000000	H@100 1.000000
INFO:kbc-cli.py:Epoch 75/100	test results	MRR 0.708178	H@1 0.564677	H@3 0.815920	H@5 0.915423	H@10 0.995025	H@20 1.000000	H@50 1.000000	H@100 1.000000
INFO:kbc-cli.py:Epoch 76/100	Loss 5.0977 ± 0.0326
INFO:kbc-cli.py:Epoch 77/100	Loss 5.1003 ± 0.0264
INFO:kbc-cli.py:Epoch 78/100	Loss 5.0944 ± 0.0262
INFO:kbc-cli.py:Epoch 78/100	dev results	MRR 0.701432	H@1 0.550251	H@3 0.801508	H@5 0.912060	H@10 0.989950	H@20 1.000000	H@50 1.000000	H@100 1.000000
INFO:kbc-cli.py:Epoch 78/100	test results	MRR 0.712216	H@1 0.574627	H@3 0.810945	H@5 0.915423	H@10 0.995025	H@20 1.000000	H@50 1.000000	H@100 1.000000
INFO:kbc-cli.py:Epoch 79/100	Loss 5.0998 ± 0.0187
INFO:kbc-cli.py:Epoch 80/100	Loss 5.0978 ± 0.0170
INFO:kbc-cli.py:Epoch 81/100	Loss 5.0973 ± 0.0194
INFO:kbc-cli.py:Epoch 81/100	dev results	MRR 0.698264	H@1 0.547739	H@3 0.804020	H@5 0.907035	H@10 0.989950	H@20 1.000000	H@50 1.000000	H@100 1.000000
INFO:kbc-cli.py:Epoch 81/100	test results	MRR 0.706527	H@1 0.564677	H@3 0.810945	H@5 0.915423	H@10 0.995025	H@20 1.000000	H@50 1.000000	H@100 1.000000
INFO:kbc-cli.py:Epoch 82/100	Loss 5.0906 ± 0.0274
INFO:kbc-cli.py:Epoch 83/100	Loss 5.0937 ± 0.0227
INFO:kbc-cli.py:Epoch 84/100	Loss 5.0943 ± 0.0265
INFO:kbc-cli.py:Epoch 84/100	dev results	MRR 0.701990	H@1 0.552764	H@3 0.801508	H@5 0.909548	H@10 0.989950	H@20 1.000000	H@50 1.000000	H@100 1.000000
INFO:kbc-cli.py:Epoch 84/100	test results	MRR 0.709714	H@1 0.567164	H@3 0.818408	H@5 0.915423	H@10 0.995025	H@20 1.000000	H@50 1.000000	H@100 1.000000
INFO:kbc-cli.py:Epoch 85/100	Loss 5.1004 ± 0.0346
INFO:kbc-cli.py:Epoch 86/100	Loss 5.0987 ± 0.0167
INFO:kbc-cli.py:Epoch 87/100	Loss 5.0985 ± 0.0173
INFO:kbc-cli.py:Epoch 87/100	dev results	MRR 0.701353	H@1 0.555276	H@3 0.801508	H@5 0.904523	H@10 0.989950	H@20 1.000000	H@50 1.000000	H@100 1.000000
INFO:kbc-cli.py:Epoch 87/100	test results	MRR 0.710600	H@1 0.567164	H@3 0.815920	H@5 0.920398	H@10 0.995025	H@20 1.000000	H@50 1.000000	H@100 1.000000
INFO:kbc-cli.py:Epoch 88/100	Loss 5.1001 ± 0.0290
INFO:kbc-cli.py:Epoch 89/100	Loss 5.0923 ± 0.0317
INFO:kbc-cli.py:Epoch 90/100	Loss 5.0978 ± 0.0365
INFO:kbc-cli.py:Epoch 90/100	dev results	MRR 0.706295	H@1 0.557789	H@3 0.801508	H@5 0.909548	H@10 0.989950	H@20 1.000000	H@50 1.000000	H@100 1.000000
INFO:kbc-cli.py:Epoch 90/100	test results	MRR 0.710216	H@1 0.567164	H@3 0.820896	H@5 0.915423	H@10 0.995025	H@20 1.000000	H@50 1.000000	H@100 1.000000
INFO:kbc-cli.py:Epoch 91/100	Loss 5.0923 ± 0.0187
INFO:kbc-cli.py:Epoch 92/100	Loss 5.0934 ± 0.0126
INFO:kbc-cli.py:Epoch 93/100	Loss 5.0978 ± 0.0315
INFO:kbc-cli.py:Epoch 93/100	dev results	MRR 0.706524	H@1 0.557789	H@3 0.809045	H@5 0.907035	H@10 0.989950	H@20 1.000000	H@50 1.000000	H@100 1.000000
INFO:kbc-cli.py:Epoch 93/100	test results	MRR 0.704642	H@1 0.554726	H@3 0.818408	H@5 0.917910	H@10 0.995025	H@20 1.000000	H@50 1.000000	H@100 1.000000
INFO:kbc-cli.py:Epoch 94/100	Loss 5.0969 ± 0.0260
INFO:kbc-cli.py:Epoch 95/100	Loss 5.1008 ± 0.0419
INFO:kbc-cli.py:Epoch 96/100	Loss 5.0962 ± 0.0314
INFO:kbc-cli.py:Epoch 96/100	dev results	MRR 0.703028	H@1 0.550251	H@3 0.809045	H@5 0.899497	H@10 0.989950	H@20 1.000000	H@50 1.000000	H@100 1.000000
INFO:kbc-cli.py:Epoch 96/100	test results	MRR 0.708018	H@1 0.564677	H@3 0.818408	H@5 0.912935	H@10 0.995025	H@20 1.000000	H@50 1.000000	H@100 1.000000
INFO:kbc-cli.py:Epoch 97/100	Loss 5.0971 ± 0.0261
INFO:kbc-cli.py:Epoch 98/100	Loss 5.0984 ± 0.0371
INFO:kbc-cli.py:Epoch 99/100	Loss 5.0943 ± 0.0216
INFO:kbc-cli.py:Epoch 99/100	dev results	MRR 0.698554	H@1 0.545226	H@3 0.806533	H@5 0.907035	H@10 0.989950	H@20 1.000000	H@50 1.000000	H@100 1.000000
INFO:kbc-cli.py:Epoch 99/100	test results	MRR 0.706744	H@1 0.562189	H@3 0.815920	H@5 0.917910	H@10 0.995025	H@20 1.000000	H@50 1.000000	H@100 1.000000
INFO:kbc-cli.py:Epoch 100/100	Loss 5.0925 ± 0.0158
INFO:kbc-cli.py:Final 	dev results	MRR 0.702080	H@1 0.552764	H@3 0.806533	H@5 0.902010	H@10 0.989950	H@20 1.000000	H@50 1.000000	H@100 1.000000
INFO:kbc-cli.py:Final 	test results	MRR 0.707016	H@1 0.562189	H@3 0.818408	H@5 0.920398	H@10 0.995025	H@20 1.000000	H@50 1.000000	H@100 1.000000
INFO:kbc-cli.py:Training finished
