./bin/kbc-cli.py --train data/kinship/train.tsv --dev data/kinship/dev.tsv --test data/kinship/test.tsv -m complex -k 500 -b 100 -e 100 --F2 0 --N3 0.0005 -l 0.1 -I standard -V 3 -o adagrad -c so -q
{'F2': 0.0,
 'N3': 0.0005,
 'batch_size': 100,
 'corruption': 'so',
 'dev': 'data/kinship/dev.tsv',
 'embedding_size': 500,
 'epochs': 100,
 'eval_batch_size': None,
 'input_type': 'standard',
 'learning_rate': 0.1,
 'load': None,
 'model': 'complex',
 'optimizer': 'adagrad',
 'quiet': True,
 'save': None,
 'seed': 0,
 'test': 'data/kinship/test.tsv',
 'test_i': None,
 'test_ii': None,
 'train': 'data/kinship/train.tsv',
 'validate_every': 3}
INFO:kbc-cli.py:Device: cuda
INFO:kbc-cli.py:Model state:
INFO:kbc-cli.py:	entities.weight	torch.Size([104, 1000])
INFO:kbc-cli.py:	predicates.weight	torch.Size([25, 1000])
INFO:kbc-cli.py:Epoch 1/100	Loss 7.3539 ± 1.1213
INFO:kbc-cli.py:Epoch 2/100	Loss 5.4783 ± 0.1962
INFO:kbc-cli.py:Epoch 3/100	Loss 5.1520 ± 0.2481
INFO:kbc-cli.py:Epoch 3/100	dev results	MRR 0.855945	H@1 0.773876	H@3 0.928371	H@5 0.957397	H@10 0.977060	H@20 0.987360	H@50 0.992978	H@100 1.000000
INFO:kbc-cli.py:Epoch 3/100	test results	MRR 0.855093	H@1 0.773743	H@3 0.929236	H@5 0.962291	H@10 0.983706	H@20 0.993017	H@50 0.997207	H@100 1.000000
INFO:kbc-cli.py:Epoch 4/100	Loss 4.9737 ± 0.2268
INFO:kbc-cli.py:Epoch 5/100	Loss 4.8619 ± 0.2389
INFO:kbc-cli.py:Epoch 6/100	Loss 4.7754 ± 0.2239
INFO:kbc-cli.py:Epoch 6/100	dev results	MRR 0.883054	H@1 0.818820	H@3 0.938202	H@5 0.963951	H@10 0.979401	H@20 0.987360	H@50 0.992509	H@100 1.000000
INFO:kbc-cli.py:Epoch 6/100	test results	MRR 0.881728	H@1 0.811918	H@3 0.943203	H@5 0.970205	H@10 0.985102	H@20 0.993482	H@50 0.996741	H@100 1.000000
INFO:kbc-cli.py:Epoch 7/100	Loss 4.7146 ± 0.2257
INFO:kbc-cli.py:Epoch 8/100	Loss 4.6655 ± 0.2168
INFO:kbc-cli.py:Epoch 9/100	Loss 4.6249 ± 0.2081
INFO:kbc-cli.py:Epoch 9/100	dev results	MRR 0.877168	H@1 0.806648	H@3 0.939607	H@5 0.963483	H@10 0.982210	H@20 0.987828	H@50 0.992978	H@100 1.000000
INFO:kbc-cli.py:Epoch 9/100	test results	MRR 0.883501	H@1 0.814711	H@3 0.946462	H@5 0.969739	H@10 0.986034	H@20 0.993482	H@50 0.996276	H@100 1.000000
INFO:kbc-cli.py:Epoch 10/100	Loss 4.5893 ± 0.2097
INFO:kbc-cli.py:Epoch 11/100	Loss 4.5623 ± 0.2170
INFO:kbc-cli.py:Epoch 12/100	Loss 4.5366 ± 0.1957
INFO:kbc-cli.py:Epoch 12/100	dev results	MRR 0.880890	H@1 0.813670	H@3 0.938202	H@5 0.963015	H@10 0.982210	H@20 0.986891	H@50 0.992509	H@100 1.000000
INFO:kbc-cli.py:Epoch 12/100	test results	MRR 0.885647	H@1 0.818901	H@3 0.945065	H@5 0.971136	H@10 0.986965	H@20 0.993482	H@50 0.996276	H@100 1.000000
INFO:kbc-cli.py:Epoch 13/100	Loss 4.5141 ± 0.2082
INFO:kbc-cli.py:Epoch 14/100	Loss 4.4962 ± 0.2062
INFO:kbc-cli.py:Epoch 15/100	Loss 4.4776 ± 0.1822
INFO:kbc-cli.py:Epoch 15/100	dev results	MRR 0.881654	H@1 0.814607	H@3 0.940543	H@5 0.964419	H@10 0.981742	H@20 0.987360	H@50 0.992041	H@100 1.000000
INFO:kbc-cli.py:Epoch 15/100	test results	MRR 0.886720	H@1 0.820764	H@3 0.944600	H@5 0.971136	H@10 0.987430	H@20 0.993482	H@50 0.996276	H@100 1.000000
INFO:kbc-cli.py:Epoch 16/100	Loss 4.4635 ± 0.2004
INFO:kbc-cli.py:Epoch 17/100	Loss 4.4465 ± 0.1803
INFO:kbc-cli.py:Epoch 18/100	Loss 4.4368 ± 0.2015
INFO:kbc-cli.py:Epoch 18/100	dev results	MRR 0.881045	H@1 0.813670	H@3 0.939139	H@5 0.960674	H@10 0.981742	H@20 0.987360	H@50 0.992509	H@100 1.000000
INFO:kbc-cli.py:Epoch 18/100	test results	MRR 0.885706	H@1 0.818901	H@3 0.944600	H@5 0.971136	H@10 0.987430	H@20 0.993948	H@50 0.996276	H@100 1.000000
INFO:kbc-cli.py:Epoch 19/100	Loss 4.4254 ± 0.1885
INFO:kbc-cli.py:Epoch 20/100	Loss 4.4126 ± 0.1714
INFO:kbc-cli.py:Epoch 21/100	Loss 4.4050 ± 0.1879
INFO:kbc-cli.py:Epoch 21/100	dev results	MRR 0.881442	H@1 0.813202	H@3 0.942416	H@5 0.963015	H@10 0.982210	H@20 0.987360	H@50 0.992041	H@100 1.000000
INFO:kbc-cli.py:Epoch 21/100	test results	MRR 0.889471	H@1 0.824022	H@3 0.947858	H@5 0.971136	H@10 0.987430	H@20 0.993482	H@50 0.996276	H@100 1.000000
INFO:kbc-cli.py:Epoch 22/100	Loss 4.3924 ± 0.1906
INFO:kbc-cli.py:Epoch 23/100	Loss 4.3828 ± 0.1998
INFO:kbc-cli.py:Epoch 24/100	Loss 4.3780 ± 0.1642
INFO:kbc-cli.py:Epoch 24/100	dev results	MRR 0.882901	H@1 0.816479	H@3 0.941011	H@5 0.961142	H@10 0.983146	H@20 0.987360	H@50 0.992509	H@100 1.000000
INFO:kbc-cli.py:Epoch 24/100	test results	MRR 0.888485	H@1 0.822626	H@3 0.945996	H@5 0.971136	H@10 0.986965	H@20 0.993482	H@50 0.996276	H@100 1.000000
INFO:kbc-cli.py:Epoch 25/100	Loss 4.3703 ± 0.1710
INFO:kbc-cli.py:Epoch 26/100	Loss 4.3593 ± 0.1817
INFO:kbc-cli.py:Epoch 27/100	Loss 4.3572 ± 0.1753
INFO:kbc-cli.py:Epoch 27/100	dev results	MRR 0.882124	H@1 0.816011	H@3 0.938202	H@5 0.959738	H@10 0.983146	H@20 0.987360	H@50 0.992041	H@100 1.000000
INFO:kbc-cli.py:Epoch 27/100	test results	MRR 0.886499	H@1 0.819367	H@3 0.946927	H@5 0.970205	H@10 0.987430	H@20 0.993482	H@50 0.996276	H@100 1.000000
INFO:kbc-cli.py:Epoch 28/100	Loss 4.3482 ± 0.1742
INFO:kbc-cli.py:Epoch 29/100	Loss 4.3453 ± 0.1710
INFO:kbc-cli.py:Epoch 30/100	Loss 4.3384 ± 0.1734
INFO:kbc-cli.py:Epoch 30/100	dev results	MRR 0.882939	H@1 0.817884	H@3 0.940075	H@5 0.962547	H@10 0.983614	H@20 0.987360	H@50 0.992509	H@100 1.000000
INFO:kbc-cli.py:Epoch 30/100	test results	MRR 0.888469	H@1 0.823091	H@3 0.946462	H@5 0.971601	H@10 0.987430	H@20 0.993948	H@50 0.995810	H@100 1.000000
INFO:kbc-cli.py:Epoch 31/100	Loss 4.3333 ± 0.1580
INFO:kbc-cli.py:Epoch 32/100	Loss 4.3269 ± 0.1439
INFO:kbc-cli.py:Epoch 33/100	Loss 4.3236 ± 0.1566
INFO:kbc-cli.py:Epoch 33/100	dev results	MRR 0.881854	H@1 0.814607	H@3 0.941011	H@5 0.962547	H@10 0.983146	H@20 0.987360	H@50 0.992041	H@100 1.000000
INFO:kbc-cli.py:Epoch 33/100	test results	MRR 0.887114	H@1 0.821229	H@3 0.945531	H@5 0.970205	H@10 0.986965	H@20 0.993948	H@50 0.996276	H@100 1.000000
INFO:kbc-cli.py:Epoch 34/100	Loss 4.3194 ± 0.1769
INFO:kbc-cli.py:Epoch 35/100	Loss 4.3141 ± 0.1626
INFO:kbc-cli.py:Epoch 36/100	Loss 4.3090 ± 0.1520
INFO:kbc-cli.py:Epoch 36/100	dev results	MRR 0.882876	H@1 0.815543	H@3 0.942884	H@5 0.962547	H@10 0.983146	H@20 0.987360	H@50 0.991573	H@100 1.000000
INFO:kbc-cli.py:Epoch 36/100	test results	MRR 0.884992	H@1 0.816574	H@3 0.946462	H@5 0.970670	H@10 0.986965	H@20 0.993482	H@50 0.996276	H@100 1.000000
INFO:kbc-cli.py:Epoch 37/100	Loss 4.3063 ± 0.1687
INFO:kbc-cli.py:Epoch 38/100	Loss 4.3048 ± 0.1642
INFO:kbc-cli.py:Epoch 39/100	Loss 4.2985 ± 0.1443
INFO:kbc-cli.py:Epoch 39/100	dev results	MRR 0.880951	H@1 0.814139	H@3 0.939607	H@5 0.961610	H@10 0.983146	H@20 0.987360	H@50 0.992041	H@100 1.000000
INFO:kbc-cli.py:Epoch 39/100	test results	MRR 0.884930	H@1 0.816574	H@3 0.946462	H@5 0.970205	H@10 0.986965	H@20 0.993482	H@50 0.995810	H@100 1.000000
INFO:kbc-cli.py:Epoch 40/100	Loss 4.2911 ± 0.1663
INFO:kbc-cli.py:Epoch 41/100	Loss 4.2909 ± 0.1469
INFO:kbc-cli.py:Epoch 42/100	Loss 4.2865 ± 0.1609
INFO:kbc-cli.py:Epoch 42/100	dev results	MRR 0.883047	H@1 0.817416	H@3 0.937266	H@5 0.960674	H@10 0.983146	H@20 0.987360	H@50 0.991573	H@100 1.000000
INFO:kbc-cli.py:Epoch 42/100	test results	MRR 0.885089	H@1 0.817039	H@3 0.947393	H@5 0.970670	H@10 0.986499	H@20 0.993948	H@50 0.995810	H@100 1.000000
INFO:kbc-cli.py:Epoch 43/100	Loss 4.2835 ± 0.1463
INFO:kbc-cli.py:Epoch 44/100	Loss 4.2814 ± 0.1664
INFO:kbc-cli.py:Epoch 45/100	Loss 4.2769 ± 0.1516
INFO:kbc-cli.py:Epoch 45/100	dev results	MRR 0.879892	H@1 0.812266	H@3 0.939607	H@5 0.960206	H@10 0.983146	H@20 0.987360	H@50 0.991573	H@100 1.000000
INFO:kbc-cli.py:Epoch 45/100	test results	MRR 0.885724	H@1 0.818436	H@3 0.945065	H@5 0.970205	H@10 0.986965	H@20 0.993948	H@50 0.995810	H@100 1.000000
INFO:kbc-cli.py:Epoch 46/100	Loss 4.2766 ± 0.1516
INFO:kbc-cli.py:Epoch 47/100	Loss 4.2729 ± 0.1471
INFO:kbc-cli.py:Epoch 48/100	Loss 4.2701 ± 0.1451
INFO:kbc-cli.py:Epoch 48/100	dev results	MRR 0.882841	H@1 0.817884	H@3 0.938670	H@5 0.962079	H@10 0.983146	H@20 0.987360	H@50 0.992041	H@100 1.000000
INFO:kbc-cli.py:Epoch 48/100	test results	MRR 0.886394	H@1 0.818436	H@3 0.946462	H@5 0.971136	H@10 0.986965	H@20 0.993948	H@50 0.996276	H@100 1.000000
INFO:kbc-cli.py:Epoch 49/100	Loss 4.2662 ± 0.1483
INFO:kbc-cli.py:Epoch 50/100	Loss 4.2651 ± 0.1405
INFO:kbc-cli.py:Epoch 51/100	Loss 4.2606 ± 0.1282
INFO:kbc-cli.py:Epoch 51/100	dev results	MRR 0.881993	H@1 0.816011	H@3 0.936798	H@5 0.960674	H@10 0.983146	H@20 0.987360	H@50 0.992041	H@100 1.000000
INFO:kbc-cli.py:Epoch 51/100	test results	MRR 0.883875	H@1 0.815177	H@3 0.946462	H@5 0.970205	H@10 0.986965	H@20 0.993948	H@50 0.995810	H@100 1.000000
INFO:kbc-cli.py:Epoch 52/100	Loss 4.2581 ± 0.1221
INFO:kbc-cli.py:Epoch 53/100	Loss 4.2583 ± 0.1553
INFO:kbc-cli.py:Epoch 54/100	Loss 4.2537 ± 0.1527
INFO:kbc-cli.py:Epoch 54/100	dev results	MRR 0.881321	H@1 0.815543	H@3 0.937266	H@5 0.960206	H@10 0.983146	H@20 0.987360	H@50 0.992041	H@100 1.000000
INFO:kbc-cli.py:Epoch 54/100	test results	MRR 0.883032	H@1 0.813315	H@3 0.944600	H@5 0.970205	H@10 0.986965	H@20 0.993948	H@50 0.996276	H@100 1.000000
INFO:kbc-cli.py:Epoch 55/100	Loss 4.2542 ± 0.1493
INFO:kbc-cli.py:Epoch 56/100	Loss 4.2489 ± 0.1379
INFO:kbc-cli.py:Epoch 57/100	Loss 4.2484 ± 0.1360
INFO:kbc-cli.py:Epoch 57/100	dev results	MRR 0.880703	H@1 0.814139	H@3 0.936798	H@5 0.961142	H@10 0.983146	H@20 0.987360	H@50 0.992041	H@100 1.000000
INFO:kbc-cli.py:Epoch 57/100	test results	MRR 0.884646	H@1 0.816574	H@3 0.945996	H@5 0.970205	H@10 0.986965	H@20 0.993948	H@50 0.996276	H@100 1.000000
INFO:kbc-cli.py:Epoch 58/100	Loss 4.2460 ± 0.1370
INFO:kbc-cli.py:Epoch 59/100	Loss 4.2441 ± 0.1507
INFO:kbc-cli.py:Epoch 60/100	Loss 4.2427 ± 0.1562
INFO:kbc-cli.py:Epoch 60/100	dev results	MRR 0.880524	H@1 0.814139	H@3 0.936798	H@5 0.960674	H@10 0.982678	H@20 0.987360	H@50 0.992041	H@100 1.000000
INFO:kbc-cli.py:Epoch 60/100	test results	MRR 0.882113	H@1 0.811918	H@3 0.945065	H@5 0.970205	H@10 0.986499	H@20 0.993948	H@50 0.996276	H@100 1.000000
INFO:kbc-cli.py:Epoch 61/100	Loss 4.2416 ± 0.1299
INFO:kbc-cli.py:Epoch 62/100	Loss 4.2401 ± 0.1409
INFO:kbc-cli.py:Epoch 63/100	Loss 4.2365 ± 0.1415
INFO:kbc-cli.py:Epoch 63/100	dev results	MRR 0.883101	H@1 0.818352	H@3 0.938202	H@5 0.960674	H@10 0.983146	H@20 0.987360	H@50 0.992041	H@100 1.000000
INFO:kbc-cli.py:Epoch 63/100	test results	MRR 0.883703	H@1 0.814711	H@3 0.945531	H@5 0.970205	H@10 0.986965	H@20 0.993948	H@50 0.996276	H@100 1.000000
INFO:kbc-cli.py:Epoch 64/100	Loss 4.2367 ± 0.1471
INFO:kbc-cli.py:Epoch 65/100	Loss 4.2350 ± 0.1562
INFO:kbc-cli.py:Epoch 66/100	Loss 4.2318 ± 0.1313
INFO:kbc-cli.py:Epoch 66/100	dev results	MRR 0.882065	H@1 0.816948	H@3 0.937266	H@5 0.961142	H@10 0.983146	H@20 0.987360	H@50 0.992041	H@100 1.000000
INFO:kbc-cli.py:Epoch 66/100	test results	MRR 0.884611	H@1 0.816574	H@3 0.945531	H@5 0.970670	H@10 0.986965	H@20 0.993948	H@50 0.996276	H@100 1.000000
INFO:kbc-cli.py:Epoch 67/100	Loss 4.2301 ± 0.1320
INFO:kbc-cli.py:Epoch 68/100	Loss 4.2299 ± 0.1561
INFO:kbc-cli.py:Epoch 69/100	Loss 4.2279 ± 0.1356
INFO:kbc-cli.py:Epoch 69/100	dev results	MRR 0.880604	H@1 0.812734	H@3 0.939139	H@5 0.960674	H@10 0.983146	H@20 0.987360	H@50 0.992041	H@100 1.000000
INFO:kbc-cli.py:Epoch 69/100	test results	MRR 0.882239	H@1 0.811918	H@3 0.945065	H@5 0.970670	H@10 0.986499	H@20 0.993948	H@50 0.996276	H@100 1.000000
INFO:kbc-cli.py:Epoch 70/100	Loss 4.2250 ± 0.1497
INFO:kbc-cli.py:Epoch 71/100	Loss 4.2250 ± 0.1408
INFO:kbc-cli.py:Epoch 72/100	Loss 4.2236 ± 0.1264
INFO:kbc-cli.py:Epoch 72/100	dev results	MRR 0.882103	H@1 0.816948	H@3 0.939139	H@5 0.960674	H@10 0.983146	H@20 0.987360	H@50 0.992041	H@100 1.000000
INFO:kbc-cli.py:Epoch 72/100	test results	MRR 0.882925	H@1 0.813780	H@3 0.944600	H@5 0.969739	H@10 0.986965	H@20 0.993948	H@50 0.996276	H@100 1.000000
INFO:kbc-cli.py:Epoch 73/100	Loss 4.2210 ± 0.1084
INFO:kbc-cli.py:Epoch 74/100	Loss 4.2195 ± 0.1431
INFO:kbc-cli.py:Epoch 75/100	Loss 4.2192 ± 0.1266
INFO:kbc-cli.py:Epoch 75/100	dev results	MRR 0.880378	H@1 0.813670	H@3 0.937734	H@5 0.960674	H@10 0.983146	H@20 0.987360	H@50 0.992041	H@100 1.000000
INFO:kbc-cli.py:Epoch 75/100	test results	MRR 0.881821	H@1 0.810987	H@3 0.946927	H@5 0.970670	H@10 0.986965	H@20 0.993948	H@50 0.996276	H@100 1.000000
INFO:kbc-cli.py:Epoch 76/100	Loss 4.2163 ± 0.1545
INFO:kbc-cli.py:Epoch 77/100	Loss 4.2159 ± 0.1380
INFO:kbc-cli.py:Epoch 78/100	Loss 4.2133 ± 0.1209
INFO:kbc-cli.py:Epoch 78/100	dev results	MRR 0.881428	H@1 0.815543	H@3 0.936798	H@5 0.960206	H@10 0.983146	H@20 0.987360	H@50 0.992041	H@100 1.000000
INFO:kbc-cli.py:Epoch 78/100	test results	MRR 0.882070	H@1 0.810987	H@3 0.945065	H@5 0.969739	H@10 0.986965	H@20 0.993948	H@50 0.996741	H@100 1.000000
INFO:kbc-cli.py:Epoch 79/100	Loss 4.2137 ± 0.1281
INFO:kbc-cli.py:Epoch 80/100	Loss 4.2109 ± 0.1438
INFO:kbc-cli.py:Epoch 81/100	Loss 4.2122 ± 0.1287
INFO:kbc-cli.py:Epoch 81/100	dev results	MRR 0.881920	H@1 0.816948	H@3 0.936330	H@5 0.961142	H@10 0.983146	H@20 0.987360	H@50 0.992041	H@100 1.000000
INFO:kbc-cli.py:Epoch 81/100	test results	MRR 0.883229	H@1 0.814246	H@3 0.944134	H@5 0.971136	H@10 0.986965	H@20 0.993482	H@50 0.996741	H@100 1.000000
INFO:kbc-cli.py:Epoch 82/100	Loss 4.2104 ± 0.1261
INFO:kbc-cli.py:Epoch 83/100	Loss 4.2100 ± 0.1413
INFO:kbc-cli.py:Epoch 84/100	Loss 4.2090 ± 0.1416
INFO:kbc-cli.py:Epoch 84/100	dev results	MRR 0.881219	H@1 0.816011	H@3 0.936798	H@5 0.960206	H@10 0.983146	H@20 0.987360	H@50 0.992041	H@100 1.000000
INFO:kbc-cli.py:Epoch 84/100	test results	MRR 0.882570	H@1 0.812849	H@3 0.944600	H@5 0.970670	H@10 0.986965	H@20 0.993482	H@50 0.996741	H@100 1.000000
INFO:kbc-cli.py:Epoch 85/100	Loss 4.2054 ± 0.1267
INFO:kbc-cli.py:Epoch 86/100	Loss 4.2064 ± 0.1354
INFO:kbc-cli.py:Epoch 87/100	Loss 4.2038 ± 0.1277
INFO:kbc-cli.py:Epoch 87/100	dev results	MRR 0.879839	H@1 0.812734	H@3 0.936798	H@5 0.958801	H@10 0.983146	H@20 0.987360	H@50 0.992041	H@100 1.000000
INFO:kbc-cli.py:Epoch 87/100	test results	MRR 0.881083	H@1 0.809590	H@3 0.946462	H@5 0.969274	H@10 0.986965	H@20 0.993948	H@50 0.996741	H@100 1.000000
INFO:kbc-cli.py:Epoch 88/100	Loss 4.2049 ± 0.1353
INFO:kbc-cli.py:Epoch 89/100	Loss 4.2010 ± 0.1352
INFO:kbc-cli.py:Epoch 90/100	Loss 4.2014 ± 0.1270
INFO:kbc-cli.py:Epoch 90/100	dev results	MRR 0.879223	H@1 0.812266	H@3 0.935861	H@5 0.960206	H@10 0.983146	H@20 0.987360	H@50 0.992041	H@100 1.000000
INFO:kbc-cli.py:Epoch 90/100	test results	MRR 0.880434	H@1 0.809590	H@3 0.945065	H@5 0.970205	H@10 0.986965	H@20 0.993482	H@50 0.996741	H@100 1.000000
INFO:kbc-cli.py:Epoch 91/100	Loss 4.1997 ± 0.1514
INFO:kbc-cli.py:Epoch 92/100	Loss 4.1997 ± 0.1270
INFO:kbc-cli.py:Epoch 93/100	Loss 4.1982 ± 0.1179
INFO:kbc-cli.py:Epoch 93/100	dev results	MRR 0.879516	H@1 0.811330	H@3 0.936798	H@5 0.959738	H@10 0.983146	H@20 0.987360	H@50 0.992041	H@100 1.000000
INFO:kbc-cli.py:Epoch 93/100	test results	MRR 0.879574	H@1 0.806797	H@3 0.945065	H@5 0.970205	H@10 0.986965	H@20 0.993482	H@50 0.996741	H@100 1.000000
INFO:kbc-cli.py:Epoch 94/100	Loss 4.1958 ± 0.1227
INFO:kbc-cli.py:Epoch 95/100	Loss 4.1961 ± 0.1353
INFO:kbc-cli.py:Epoch 96/100	Loss 4.1953 ± 0.1306
INFO:kbc-cli.py:Epoch 96/100	dev results	MRR 0.878997	H@1 0.811330	H@3 0.937266	H@5 0.960206	H@10 0.983146	H@20 0.987360	H@50 0.992041	H@100 1.000000
INFO:kbc-cli.py:Epoch 96/100	test results	MRR 0.880572	H@1 0.809125	H@3 0.945065	H@5 0.969739	H@10 0.986965	H@20 0.993948	H@50 0.996741	H@100 1.000000
INFO:kbc-cli.py:Epoch 97/100	Loss 4.1949 ± 0.1313
INFO:kbc-cli.py:Epoch 98/100	Loss 4.1922 ± 0.1143
INFO:kbc-cli.py:Epoch 99/100	Loss 4.1929 ± 0.1274
INFO:kbc-cli.py:Epoch 99/100	dev results	MRR 0.879346	H@1 0.811330	H@3 0.937734	H@5 0.958333	H@10 0.983146	H@20 0.987360	H@50 0.992041	H@100 1.000000
INFO:kbc-cli.py:Epoch 99/100	test results	MRR 0.881404	H@1 0.810521	H@3 0.945065	H@5 0.969739	H@10 0.986965	H@20 0.993948	H@50 0.996276	H@100 1.000000
INFO:kbc-cli.py:Epoch 100/100	Loss 4.1915 ± 0.1301
INFO:kbc-cli.py:Final 	dev results	MRR 0.877533	H@1 0.808052	H@3 0.937734	H@5 0.959270	H@10 0.982678	H@20 0.987360	H@50 0.992041	H@100 1.000000
INFO:kbc-cli.py:Final 	test results	MRR 0.881497	H@1 0.810987	H@3 0.945531	H@5 0.970205	H@10 0.986965	H@20 0.993482	H@50 0.996276	H@100 1.000000
INFO:kbc-cli.py:Training finished
