./bin/kbc-cli.py --train data/umls/train.tsv --dev data/umls/dev.tsv --test data/umls/test.tsv -m complex -k 1000 -b 50 -e 100 --F2 0 --N3 0.005 -l 0.1 -I reciprocal -V 3 -o adagrad -c spo -q
{'F2': 0.0,
 'N3': 0.005,
 'batch_size': 50,
 'corruption': 'spo',
 'dev': 'data/umls/dev.tsv',
 'embedding_size': 1000,
 'epochs': 100,
 'eval_batch_size': None,
 'input_type': 'reciprocal',
 'learning_rate': 0.1,
 'load': None,
 'model': 'complex',
 'optimizer': 'adagrad',
 'quiet': True,
 'save': None,
 'seed': 0,
 'test': 'data/umls/test.tsv',
 'test_i': None,
 'test_ii': None,
 'train': 'data/umls/train.tsv',
 'validate_every': 3}
INFO:kbc-cli.py:Device: cuda
INFO:kbc-cli.py:Model state:
INFO:kbc-cli.py:	entities.weight	torch.Size([135, 2000])
INFO:kbc-cli.py:	predicates.weight	torch.Size([92, 2000])
INFO:kbc-cli.py:Epoch 1/100	Loss 9.8339 ± 2.1722
INFO:kbc-cli.py:Epoch 2/100	Loss 7.1858 ± 0.2670
INFO:kbc-cli.py:Epoch 3/100	Loss 6.9019 ± 0.2827
INFO:kbc-cli.py:Epoch 3/100	dev results	MRR 0.916396	H@1 0.845092	H@3 0.983896	H@5 0.992331	H@10 0.998466	H@20 0.999233	H@50 1.000000	H@100 1.000000
INFO:kbc-cli.py:Epoch 3/100	test results	MRR 0.908258	H@1 0.830560	H@3 0.984871	H@5 0.993192	H@10 0.996974	H@20 0.997731	H@50 0.998487	H@100 1.000000
INFO:kbc-cli.py:Epoch 4/100	Loss 6.7710 ± 0.2976
INFO:kbc-cli.py:Epoch 5/100	Loss 6.6905 ± 0.2714
INFO:kbc-cli.py:Epoch 6/100	Loss 6.6220 ± 0.2885
INFO:kbc-cli.py:Epoch 6/100	dev results	MRR 0.945718	H@1 0.902607	H@3 0.986963	H@5 0.995399	H@10 0.999233	H@20 1.000000	H@50 1.000000	H@100 1.000000
INFO:kbc-cli.py:Epoch 6/100	test results	MRR 0.944345	H@1 0.899395	H@3 0.986384	H@5 0.995461	H@10 0.997731	H@20 0.998487	H@50 0.998487	H@100 1.000000
INFO:kbc-cli.py:Epoch 7/100	Loss 6.5762 ± 0.2672
INFO:kbc-cli.py:Epoch 8/100	Loss 6.5388 ± 0.2762
INFO:kbc-cli.py:Epoch 9/100	Loss 6.5055 ± 0.2773
INFO:kbc-cli.py:Epoch 9/100	dev results	MRR 0.951868	H@1 0.914110	H@3 0.986963	H@5 0.996166	H@10 0.998466	H@20 1.000000	H@50 1.000000	H@100 1.000000
INFO:kbc-cli.py:Epoch 9/100	test results	MRR 0.946721	H@1 0.905446	H@3 0.987897	H@5 0.994705	H@10 0.996974	H@20 0.998487	H@50 0.999244	H@100 1.000000
INFO:kbc-cli.py:Epoch 10/100	Loss 6.4776 ± 0.2726
INFO:kbc-cli.py:Epoch 11/100	Loss 6.4535 ± 0.2759
INFO:kbc-cli.py:Epoch 12/100	Loss 6.4336 ± 0.2746
INFO:kbc-cli.py:Epoch 12/100	dev results	MRR 0.954433	H@1 0.919479	H@3 0.986963	H@5 0.995399	H@10 0.997699	H@20 1.000000	H@50 1.000000	H@100 1.000000
INFO:kbc-cli.py:Epoch 12/100	test results	MRR 0.951987	H@1 0.915280	H@3 0.985628	H@5 0.994705	H@10 0.997731	H@20 0.998487	H@50 0.999244	H@100 1.000000
INFO:kbc-cli.py:Epoch 13/100	Loss 6.4123 ± 0.2366
INFO:kbc-cli.py:Epoch 14/100	Loss 6.4009 ± 0.2596
INFO:kbc-cli.py:Epoch 15/100	Loss 6.3826 ± 0.2715
INFO:kbc-cli.py:Epoch 15/100	dev results	MRR 0.951500	H@1 0.913344	H@3 0.986963	H@5 0.995399	H@10 0.998466	H@20 1.000000	H@50 1.000000	H@100 1.000000
INFO:kbc-cli.py:Epoch 15/100	test results	MRR 0.951694	H@1 0.914523	H@3 0.986384	H@5 0.994705	H@10 0.996974	H@20 0.998487	H@50 0.999244	H@100 1.000000
INFO:kbc-cli.py:Epoch 16/100	Loss 6.3684 ± 0.2375
INFO:kbc-cli.py:Epoch 17/100	Loss 6.3580 ± 0.2512
INFO:kbc-cli.py:Epoch 18/100	Loss 6.3427 ± 0.2413
INFO:kbc-cli.py:Epoch 18/100	dev results	MRR 0.953578	H@1 0.916411	H@3 0.988497	H@5 0.995399	H@10 0.997699	H@20 1.000000	H@50 1.000000	H@100 1.000000
INFO:kbc-cli.py:Epoch 18/100	test results	MRR 0.955377	H@1 0.922088	H@3 0.984115	H@5 0.994705	H@10 0.997731	H@20 0.998487	H@50 0.999244	H@100 1.000000
INFO:kbc-cli.py:Epoch 19/100	Loss 6.3353 ± 0.2543
INFO:kbc-cli.py:Epoch 20/100	Loss 6.3235 ± 0.2458
INFO:kbc-cli.py:Epoch 21/100	Loss 6.3155 ± 0.2579
INFO:kbc-cli.py:Epoch 21/100	dev results	MRR 0.952125	H@1 0.914110	H@3 0.989264	H@5 0.994632	H@10 0.998466	H@20 1.000000	H@50 1.000000	H@100 1.000000
INFO:kbc-cli.py:Epoch 21/100	test results	MRR 0.952417	H@1 0.916036	H@3 0.987897	H@5 0.994705	H@10 0.997731	H@20 0.998487	H@50 0.999244	H@100 1.000000
INFO:kbc-cli.py:Epoch 22/100	Loss 6.3063 ± 0.2506
INFO:kbc-cli.py:Epoch 23/100	Loss 6.2977 ± 0.2473
INFO:kbc-cli.py:Epoch 24/100	Loss 6.2923 ± 0.2532
INFO:kbc-cli.py:Epoch 24/100	dev results	MRR 0.955705	H@1 0.921779	H@3 0.986963	H@5 0.994632	H@10 0.998466	H@20 1.000000	H@50 1.000000	H@100 1.000000
INFO:kbc-cli.py:Epoch 24/100	test results	MRR 0.958066	H@1 0.927383	H@3 0.986384	H@5 0.993949	H@10 0.997731	H@20 0.998487	H@50 0.999244	H@100 1.000000
INFO:kbc-cli.py:Epoch 25/100	Loss 6.2852 ± 0.2536
INFO:kbc-cli.py:Epoch 26/100	Loss 6.2769 ± 0.2594
INFO:kbc-cli.py:Epoch 27/100	Loss 6.2712 ± 0.2349
INFO:kbc-cli.py:Epoch 27/100	dev results	MRR 0.960120	H@1 0.930215	H@3 0.986963	H@5 0.995399	H@10 0.998466	H@20 1.000000	H@50 1.000000	H@100 1.000000
INFO:kbc-cli.py:Epoch 27/100	test results	MRR 0.957861	H@1 0.928139	H@3 0.984115	H@5 0.993949	H@10 0.996974	H@20 0.998487	H@50 0.999244	H@100 1.000000
INFO:kbc-cli.py:Epoch 28/100	Loss 6.2630 ± 0.2487
INFO:kbc-cli.py:Epoch 29/100	Loss 6.2584 ± 0.2416
INFO:kbc-cli.py:Epoch 30/100	Loss 6.2551 ± 0.2543
INFO:kbc-cli.py:Epoch 30/100	dev results	MRR 0.964282	H@1 0.938650	H@3 0.988497	H@5 0.994632	H@10 0.997699	H@20 1.000000	H@50 1.000000	H@100 1.000000
INFO:kbc-cli.py:Epoch 30/100	test results	MRR 0.962001	H@1 0.934947	H@3 0.987897	H@5 0.994705	H@10 0.996974	H@20 0.997731	H@50 0.999244	H@100 1.000000
INFO:kbc-cli.py:Epoch 31/100	Loss 6.2482 ± 0.2421
INFO:kbc-cli.py:Epoch 32/100	Loss 6.2418 ± 0.2418
INFO:kbc-cli.py:Epoch 33/100	Loss 6.2378 ± 0.2403
INFO:kbc-cli.py:Epoch 33/100	dev results	MRR 0.958767	H@1 0.927914	H@3 0.986196	H@5 0.994632	H@10 0.996933	H@20 1.000000	H@50 1.000000	H@100 1.000000
INFO:kbc-cli.py:Epoch 33/100	test results	MRR 0.958966	H@1 0.928896	H@3 0.986384	H@5 0.993949	H@10 0.996974	H@20 0.998487	H@50 0.999244	H@100 1.000000
INFO:kbc-cli.py:Epoch 34/100	Loss 6.2326 ± 0.2102
INFO:kbc-cli.py:Epoch 35/100	Loss 6.2313 ± 0.2306
INFO:kbc-cli.py:Epoch 36/100	Loss 6.2244 ± 0.2282
INFO:kbc-cli.py:Epoch 36/100	dev results	MRR 0.958225	H@1 0.927147	H@3 0.986196	H@5 0.993865	H@10 0.998466	H@20 1.000000	H@50 1.000000	H@100 1.000000
INFO:kbc-cli.py:Epoch 36/100	test results	MRR 0.955371	H@1 0.922844	H@3 0.984871	H@5 0.993949	H@10 0.996974	H@20 0.998487	H@50 0.999244	H@100 1.000000
INFO:kbc-cli.py:Epoch 37/100	Loss 6.2226 ± 0.2355
INFO:kbc-cli.py:Epoch 38/100	Loss 6.2161 ± 0.2449
INFO:kbc-cli.py:Epoch 39/100	Loss 6.2141 ± 0.2444
INFO:kbc-cli.py:Epoch 39/100	dev results	MRR 0.957498	H@1 0.924847	H@3 0.987730	H@5 0.994632	H@10 0.997699	H@20 1.000000	H@50 1.000000	H@100 1.000000
INFO:kbc-cli.py:Epoch 39/100	test results	MRR 0.956025	H@1 0.922844	H@3 0.988654	H@5 0.994705	H@10 0.996974	H@20 0.998487	H@50 0.999244	H@100 1.000000
INFO:kbc-cli.py:Epoch 40/100	Loss 6.2108 ± 0.2454
INFO:kbc-cli.py:Epoch 41/100	Loss 6.2061 ± 0.2245
INFO:kbc-cli.py:Epoch 42/100	Loss 6.2027 ± 0.2456
INFO:kbc-cli.py:Epoch 42/100	dev results	MRR 0.959084	H@1 0.928681	H@3 0.986196	H@5 0.993865	H@10 0.997699	H@20 1.000000	H@50 1.000000	H@100 1.000000
INFO:kbc-cli.py:Epoch 42/100	test results	MRR 0.956198	H@1 0.924357	H@3 0.986384	H@5 0.993949	H@10 0.996974	H@20 0.998487	H@50 0.999244	H@100 1.000000
INFO:kbc-cli.py:Epoch 43/100	Loss 6.1982 ± 0.2184
INFO:kbc-cli.py:Epoch 44/100	Loss 6.1972 ± 0.2517
INFO:kbc-cli.py:Epoch 45/100	Loss 6.1933 ± 0.2466
INFO:kbc-cli.py:Epoch 45/100	dev results	MRR 0.959242	H@1 0.928681	H@3 0.986963	H@5 0.993865	H@10 0.997699	H@20 1.000000	H@50 1.000000	H@100 1.000000
INFO:kbc-cli.py:Epoch 45/100	test results	MRR 0.953552	H@1 0.919062	H@3 0.986384	H@5 0.993949	H@10 0.996974	H@20 0.998487	H@50 0.999244	H@100 1.000000
INFO:kbc-cli.py:Epoch 46/100	Loss 6.1894 ± 0.2348
INFO:kbc-cli.py:Epoch 47/100	Loss 6.1876 ± 0.2340
INFO:kbc-cli.py:Epoch 48/100	Loss 6.1858 ± 0.2328
INFO:kbc-cli.py:Epoch 48/100	dev results	MRR 0.949643	H@1 0.910276	H@3 0.984663	H@5 0.993098	H@10 0.997699	H@20 1.000000	H@50 1.000000	H@100 1.000000
INFO:kbc-cli.py:Epoch 48/100	test results	MRR 0.951400	H@1 0.914523	H@3 0.987141	H@5 0.994705	H@10 0.996974	H@20 0.998487	H@50 0.999244	H@100 1.000000
INFO:kbc-cli.py:Epoch 49/100	Loss 6.1835 ± 0.2384
INFO:kbc-cli.py:Epoch 50/100	Loss 6.1798 ± 0.2243
INFO:kbc-cli.py:Epoch 51/100	Loss 6.1778 ± 0.2527
INFO:kbc-cli.py:Epoch 51/100	dev results	MRR 0.962901	H@1 0.936350	H@3 0.986196	H@5 0.993098	H@10 0.996933	H@20 1.000000	H@50 1.000000	H@100 1.000000
INFO:kbc-cli.py:Epoch 51/100	test results	MRR 0.958052	H@1 0.928139	H@3 0.987141	H@5 0.994705	H@10 0.996974	H@20 0.998487	H@50 0.999244	H@100 1.000000
INFO:kbc-cli.py:Epoch 52/100	Loss 6.1749 ± 0.2348
INFO:kbc-cli.py:Epoch 53/100	Loss 6.1717 ± 0.2220
INFO:kbc-cli.py:Epoch 54/100	Loss 6.1706 ± 0.2330
INFO:kbc-cli.py:Epoch 54/100	dev results	MRR 0.963238	H@1 0.937117	H@3 0.986196	H@5 0.993098	H@10 0.997699	H@20 1.000000	H@50 1.000000	H@100 1.000000
INFO:kbc-cli.py:Epoch 54/100	test results	MRR 0.958835	H@1 0.929652	H@3 0.987141	H@5 0.993949	H@10 0.996974	H@20 0.998487	H@50 0.999244	H@100 1.000000
INFO:kbc-cli.py:Epoch 55/100	Loss 6.1688 ± 0.2234
INFO:kbc-cli.py:Epoch 56/100	Loss 6.1658 ± 0.2221
INFO:kbc-cli.py:Epoch 57/100	Loss 6.1638 ± 0.2239
INFO:kbc-cli.py:Epoch 57/100	dev results	MRR 0.960841	H@1 0.932515	H@3 0.986196	H@5 0.993865	H@10 0.996933	H@20 1.000000	H@50 1.000000	H@100 1.000000
INFO:kbc-cli.py:Epoch 57/100	test results	MRR 0.957338	H@1 0.925870	H@3 0.987141	H@5 0.994705	H@10 0.996974	H@20 0.998487	H@50 0.999244	H@100 1.000000
INFO:kbc-cli.py:Epoch 58/100	Loss 6.1612 ± 0.2230
INFO:kbc-cli.py:Epoch 59/100	Loss 6.1593 ± 0.2323
INFO:kbc-cli.py:Epoch 60/100	Loss 6.1587 ± 0.2183
INFO:kbc-cli.py:Epoch 60/100	dev results	MRR 0.961950	H@1 0.934816	H@3 0.984663	H@5 0.993098	H@10 0.997699	H@20 1.000000	H@50 1.000000	H@100 1.000000
INFO:kbc-cli.py:Epoch 60/100	test results	MRR 0.956114	H@1 0.923601	H@3 0.987897	H@5 0.994705	H@10 0.996974	H@20 0.998487	H@50 0.999244	H@100 1.000000
INFO:kbc-cli.py:Epoch 61/100	Loss 6.1561 ± 0.2049
INFO:kbc-cli.py:Epoch 62/100	Loss 6.1550 ± 0.2396
INFO:kbc-cli.py:Epoch 63/100	Loss 6.1533 ± 0.2209
INFO:kbc-cli.py:Epoch 63/100	dev results	MRR 0.959947	H@1 0.930982	H@3 0.984663	H@5 0.993098	H@10 0.996933	H@20 1.000000	H@50 1.000000	H@100 1.000000
INFO:kbc-cli.py:Epoch 63/100	test results	MRR 0.958237	H@1 0.928139	H@3 0.986384	H@5 0.994705	H@10 0.996974	H@20 0.998487	H@50 0.999244	H@100 1.000000
INFO:kbc-cli.py:Epoch 64/100	Loss 6.1506 ± 0.2401
INFO:kbc-cli.py:Epoch 65/100	Loss 6.1482 ± 0.2125
INFO:kbc-cli.py:Epoch 66/100	Loss 6.1455 ± 0.2500
INFO:kbc-cli.py:Epoch 66/100	dev results	MRR 0.960805	H@1 0.931748	H@3 0.986963	H@5 0.993865	H@10 0.996933	H@20 1.000000	H@50 1.000000	H@100 1.000000
INFO:kbc-cli.py:Epoch 66/100	test results	MRR 0.960220	H@1 0.931921	H@3 0.988654	H@5 0.994705	H@10 0.996974	H@20 0.998487	H@50 0.999244	H@100 1.000000
INFO:kbc-cli.py:Epoch 67/100	Loss 6.1453 ± 0.2121
INFO:kbc-cli.py:Epoch 68/100	Loss 6.1447 ± 0.2448
INFO:kbc-cli.py:Epoch 69/100	Loss 6.1417 ± 0.2316
INFO:kbc-cli.py:Epoch 69/100	dev results	MRR 0.958340	H@1 0.927147	H@3 0.986963	H@5 0.993865	H@10 0.997699	H@20 1.000000	H@50 1.000000	H@100 1.000000
INFO:kbc-cli.py:Epoch 69/100	test results	MRR 0.957781	H@1 0.927383	H@3 0.986384	H@5 0.994705	H@10 0.996974	H@20 0.998487	H@50 0.999244	H@100 1.000000
INFO:kbc-cli.py:Epoch 70/100	Loss 6.1408 ± 0.2287
INFO:kbc-cli.py:Epoch 71/100	Loss 6.1403 ± 0.2282
INFO:kbc-cli.py:Epoch 72/100	Loss 6.1376 ± 0.2046
INFO:kbc-cli.py:Epoch 72/100	dev results	MRR 0.955457	H@1 0.921779	H@3 0.985429	H@5 0.993865	H@10 0.996933	H@20 1.000000	H@50 1.000000	H@100 1.000000
INFO:kbc-cli.py:Epoch 72/100	test results	MRR 0.955229	H@1 0.922088	H@3 0.987141	H@5 0.994705	H@10 0.996974	H@20 0.997731	H@50 0.999244	H@100 1.000000
INFO:kbc-cli.py:Epoch 73/100	Loss 6.1363 ± 0.2236
INFO:kbc-cli.py:Epoch 74/100	Loss 6.1352 ± 0.2301
INFO:kbc-cli.py:Epoch 75/100	Loss 6.1334 ± 0.2362
INFO:kbc-cli.py:Epoch 75/100	dev results	MRR 0.959553	H@1 0.929448	H@3 0.986196	H@5 0.993098	H@10 0.996933	H@20 1.000000	H@50 1.000000	H@100 1.000000
INFO:kbc-cli.py:Epoch 75/100	test results	MRR 0.954378	H@1 0.920575	H@3 0.987141	H@5 0.994705	H@10 0.996974	H@20 0.997731	H@50 0.999244	H@100 1.000000
INFO:kbc-cli.py:Epoch 76/100	Loss 6.1317 ± 0.2299
INFO:kbc-cli.py:Epoch 77/100	Loss 6.1303 ± 0.2272
INFO:kbc-cli.py:Epoch 78/100	Loss 6.1292 ± 0.2384
INFO:kbc-cli.py:Epoch 78/100	dev results	MRR 0.960896	H@1 0.932515	H@3 0.986196	H@5 0.993865	H@10 0.996933	H@20 1.000000	H@50 1.000000	H@100 1.000000
INFO:kbc-cli.py:Epoch 78/100	test results	MRR 0.956448	H@1 0.924357	H@3 0.987141	H@5 0.994705	H@10 0.996974	H@20 0.997731	H@50 0.999244	H@100 1.000000
INFO:kbc-cli.py:Epoch 79/100	Loss 6.1275 ± 0.2285
INFO:kbc-cli.py:Epoch 80/100	Loss 6.1264 ± 0.2223
INFO:kbc-cli.py:Epoch 81/100	Loss 6.1255 ± 0.2280
INFO:kbc-cli.py:Epoch 81/100	dev results	MRR 0.959556	H@1 0.929448	H@3 0.987730	H@5 0.993865	H@10 0.996166	H@20 1.000000	H@50 1.000000	H@100 1.000000
INFO:kbc-cli.py:Epoch 81/100	test results	MRR 0.955459	H@1 0.922844	H@3 0.987141	H@5 0.994705	H@10 0.996974	H@20 0.997731	H@50 0.999244	H@100 1.000000
INFO:kbc-cli.py:Epoch 82/100	Loss 6.1234 ± 0.2370
INFO:kbc-cli.py:Epoch 83/100	Loss 6.1230 ± 0.2193
INFO:kbc-cli.py:Epoch 84/100	Loss 6.1205 ± 0.2164
INFO:kbc-cli.py:Epoch 84/100	dev results	MRR 0.956685	H@1 0.923313	H@3 0.986963	H@5 0.993865	H@10 0.996166	H@20 1.000000	H@50 1.000000	H@100 1.000000
INFO:kbc-cli.py:Epoch 84/100	test results	MRR 0.953841	H@1 0.919818	H@3 0.986384	H@5 0.994705	H@10 0.997731	H@20 0.997731	H@50 0.999244	H@100 1.000000
INFO:kbc-cli.py:Epoch 85/100	Loss 6.1205 ± 0.2238
INFO:kbc-cli.py:Epoch 86/100	Loss 6.1196 ± 0.2251
INFO:kbc-cli.py:Epoch 87/100	Loss 6.1171 ± 0.2192
INFO:kbc-cli.py:Epoch 87/100	dev results	MRR 0.959956	H@1 0.930982	H@3 0.985429	H@5 0.992331	H@10 0.996166	H@20 1.000000	H@50 1.000000	H@100 1.000000
INFO:kbc-cli.py:Epoch 87/100	test results	MRR 0.954815	H@1 0.921331	H@3 0.985628	H@5 0.994705	H@10 0.996974	H@20 0.997731	H@50 0.999244	H@100 1.000000
INFO:kbc-cli.py:Epoch 88/100	Loss 6.1167 ± 0.2123
INFO:kbc-cli.py:Epoch 89/100	Loss 6.1161 ± 0.2196
INFO:kbc-cli.py:Epoch 90/100	Loss 6.1150 ± 0.2124
INFO:kbc-cli.py:Epoch 90/100	dev results	MRR 0.956246	H@1 0.923313	H@3 0.986196	H@5 0.993865	H@10 0.996166	H@20 1.000000	H@50 1.000000	H@100 1.000000
INFO:kbc-cli.py:Epoch 90/100	test results	MRR 0.954091	H@1 0.920575	H@3 0.986384	H@5 0.994705	H@10 0.996974	H@20 0.997731	H@50 0.999244	H@100 1.000000
INFO:kbc-cli.py:Epoch 91/100	Loss 6.1131 ± 0.2266
INFO:kbc-cli.py:Epoch 92/100	Loss 6.1128 ± 0.2280
INFO:kbc-cli.py:Epoch 93/100	Loss 6.1118 ± 0.2207
INFO:kbc-cli.py:Epoch 93/100	dev results	MRR 0.958545	H@1 0.927914	H@3 0.986196	H@5 0.993865	H@10 0.996166	H@20 1.000000	H@50 1.000000	H@100 1.000000
INFO:kbc-cli.py:Epoch 93/100	test results	MRR 0.954696	H@1 0.921331	H@3 0.987141	H@5 0.994705	H@10 0.996974	H@20 0.997731	H@50 0.999244	H@100 1.000000
INFO:kbc-cli.py:Epoch 94/100	Loss 6.1102 ± 0.2402
INFO:kbc-cli.py:Epoch 95/100	Loss 6.1102 ± 0.2228
INFO:kbc-cli.py:Epoch 96/100	Loss 6.1074 ± 0.2139
INFO:kbc-cli.py:Epoch 96/100	dev results	MRR 0.962371	H@1 0.934816	H@3 0.987730	H@5 0.993865	H@10 0.995399	H@20 1.000000	H@50 1.000000	H@100 1.000000
INFO:kbc-cli.py:Epoch 96/100	test results	MRR 0.955538	H@1 0.922844	H@3 0.987141	H@5 0.994705	H@10 0.996974	H@20 0.997731	H@50 0.999244	H@100 1.000000
INFO:kbc-cli.py:Epoch 97/100	Loss 6.1075 ± 0.2000
INFO:kbc-cli.py:Epoch 98/100	Loss 6.1061 ± 0.2145
INFO:kbc-cli.py:Epoch 99/100	Loss 6.1063 ± 0.2197
INFO:kbc-cli.py:Epoch 99/100	dev results	MRR 0.959880	H@1 0.930215	H@3 0.986963	H@5 0.993865	H@10 0.995399	H@20 1.000000	H@50 1.000000	H@100 1.000000
INFO:kbc-cli.py:Epoch 99/100	test results	MRR 0.954989	H@1 0.921331	H@3 0.987141	H@5 0.994705	H@10 0.996974	H@20 0.997731	H@50 0.999244	H@100 1.000000
INFO:kbc-cli.py:Epoch 100/100	Loss 6.1049 ± 0.2009
INFO:kbc-cli.py:Final 	dev results	MRR 0.960344	H@1 0.930982	H@3 0.986963	H@5 0.993865	H@10 0.995399	H@20 1.000000	H@50 1.000000	H@100 1.000000
INFO:kbc-cli.py:Final 	test results	MRR 0.957126	H@1 0.925870	H@3 0.987141	H@5 0.994705	H@10 0.996974	H@20 0.997731	H@50 0.999244	H@100 1.000000
INFO:kbc-cli.py:Training finished
