./bin/kbc-cli.py --train data/kinship/train.tsv --dev data/kinship/dev.tsv --test data/kinship/test.tsv -m complex -k 100 -b 500 -e 100 --F2 0 --N3 0.005 -l 0.1 -I reciprocal -V 3 -o adagrad -c so -q
{'F2': 0.0,
 'N3': 0.005,
 'batch_size': 500,
 'corruption': 'so',
 'dev': 'data/kinship/dev.tsv',
 'embedding_size': 100,
 'epochs': 100,
 'eval_batch_size': None,
 'input_type': 'reciprocal',
 'learning_rate': 0.1,
 'load': None,
 'model': 'complex',
 'optimizer': 'adagrad',
 'quiet': True,
 'save': None,
 'seed': 0,
 'test': 'data/kinship/test.tsv',
 'test_i': None,
 'test_ii': None,
 'train': 'data/kinship/train.tsv',
 'validate_every': 3}
INFO:kbc-cli.py:Device: cuda
INFO:kbc-cli.py:Model state:
INFO:kbc-cli.py:	entities.weight	torch.Size([104, 200])
INFO:kbc-cli.py:	predicates.weight	torch.Size([50, 200])
INFO:kbc-cli.py:Epoch 1/100	Loss 7.2656 ± 1.3174
INFO:kbc-cli.py:Epoch 2/100	Loss 5.5663 ± 0.0643
INFO:kbc-cli.py:Epoch 3/100	Loss 5.2725 ± 0.0928
INFO:kbc-cli.py:Epoch 3/100	dev results	MRR 0.813464	H@1 0.713483	H@3 0.902154	H@5 0.940075	H@10 0.974719	H@20 0.987828	H@50 0.990637	H@100 1.000000
INFO:kbc-cli.py:Epoch 3/100	test results	MRR 0.810174	H@1 0.703445	H@3 0.906890	H@5 0.954842	H@10 0.982775	H@20 0.993017	H@50 0.994879	H@100 1.000000
INFO:kbc-cli.py:Epoch 4/100	Loss 5.1361 ± 0.0982
INFO:kbc-cli.py:Epoch 5/100	Loss 5.0453 ± 0.0947
INFO:kbc-cli.py:Epoch 6/100	Loss 4.9858 ± 0.0986
INFO:kbc-cli.py:Epoch 6/100	dev results	MRR 0.832058	H@1 0.739700	H@3 0.911049	H@5 0.946629	H@10 0.972846	H@20 0.985955	H@50 0.992041	H@100 1.000000
INFO:kbc-cli.py:Epoch 6/100	test results	MRR 0.838867	H@1 0.746276	H@3 0.918994	H@5 0.961359	H@10 0.985568	H@20 0.992551	H@50 0.994879	H@100 1.000000
INFO:kbc-cli.py:Epoch 7/100	Loss 4.9321 ± 0.0863
INFO:kbc-cli.py:Epoch 8/100	Loss 4.8941 ± 0.0920
INFO:kbc-cli.py:Epoch 9/100	Loss 4.8677 ± 0.0889
INFO:kbc-cli.py:Epoch 9/100	dev results	MRR 0.837043	H@1 0.750936	H@3 0.911517	H@5 0.947566	H@10 0.973315	H@20 0.985019	H@50 0.992509	H@100 1.000000
INFO:kbc-cli.py:Epoch 9/100	test results	MRR 0.843014	H@1 0.753259	H@3 0.923650	H@5 0.959032	H@10 0.983240	H@20 0.993017	H@50 0.994879	H@100 1.000000
INFO:kbc-cli.py:Epoch 10/100	Loss 4.8420 ± 0.0910
INFO:kbc-cli.py:Epoch 11/100	Loss 4.8197 ± 0.0998
INFO:kbc-cli.py:Epoch 12/100	Loss 4.8048 ± 0.0861
INFO:kbc-cli.py:Epoch 12/100	dev results	MRR 0.834858	H@1 0.748596	H@3 0.907772	H@5 0.948502	H@10 0.973315	H@20 0.984551	H@50 0.992509	H@100 1.000000
INFO:kbc-cli.py:Epoch 12/100	test results	MRR 0.842333	H@1 0.753724	H@3 0.923184	H@5 0.959963	H@10 0.983240	H@20 0.993017	H@50 0.994879	H@100 1.000000
INFO:kbc-cli.py:Epoch 13/100	Loss 4.7883 ± 0.0844
INFO:kbc-cli.py:Epoch 14/100	Loss 4.7761 ± 0.0798
INFO:kbc-cli.py:Epoch 15/100	Loss 4.7688 ± 0.0939
INFO:kbc-cli.py:Epoch 15/100	dev results	MRR 0.831806	H@1 0.744382	H@3 0.907772	H@5 0.944757	H@10 0.972378	H@20 0.983614	H@50 0.992978	H@100 1.000000
INFO:kbc-cli.py:Epoch 15/100	test results	MRR 0.838129	H@1 0.747207	H@3 0.918529	H@5 0.959497	H@10 0.982309	H@20 0.992086	H@50 0.994879	H@100 1.000000
INFO:kbc-cli.py:Epoch 16/100	Loss 4.7563 ± 0.0883
INFO:kbc-cli.py:Epoch 17/100	Loss 4.7432 ± 0.0657
INFO:kbc-cli.py:Epoch 18/100	Loss 4.7364 ± 0.0855
INFO:kbc-cli.py:Epoch 18/100	dev results	MRR 0.828098	H@1 0.739232	H@3 0.904494	H@5 0.945693	H@10 0.972378	H@20 0.984082	H@50 0.993914	H@100 1.000000
INFO:kbc-cli.py:Epoch 18/100	test results	MRR 0.837167	H@1 0.746276	H@3 0.918063	H@5 0.955307	H@10 0.981844	H@20 0.992086	H@50 0.994879	H@100 1.000000
INFO:kbc-cli.py:Epoch 19/100	Loss 4.7316 ± 0.1034
INFO:kbc-cli.py:Epoch 20/100	Loss 4.7170 ± 0.0763
INFO:kbc-cli.py:Epoch 21/100	Loss 4.7095 ± 0.0702
INFO:kbc-cli.py:Epoch 21/100	dev results	MRR 0.829888	H@1 0.742041	H@3 0.904963	H@5 0.946161	H@10 0.970974	H@20 0.982678	H@50 0.994382	H@100 1.000000
INFO:kbc-cli.py:Epoch 21/100	test results	MRR 0.834804	H@1 0.742086	H@3 0.918063	H@5 0.954376	H@10 0.981844	H@20 0.992086	H@50 0.994879	H@100 1.000000
INFO:kbc-cli.py:Epoch 22/100	Loss 4.7049 ± 0.0774
INFO:kbc-cli.py:Epoch 23/100	Loss 4.6986 ± 0.0660
INFO:kbc-cli.py:Epoch 24/100	Loss 4.6968 ± 0.0792
INFO:kbc-cli.py:Epoch 24/100	dev results	MRR 0.826299	H@1 0.737360	H@3 0.900749	H@5 0.942884	H@10 0.971442	H@20 0.982678	H@50 0.993914	H@100 1.000000
INFO:kbc-cli.py:Epoch 24/100	test results	MRR 0.833578	H@1 0.740689	H@3 0.917598	H@5 0.953445	H@10 0.983706	H@20 0.992086	H@50 0.994879	H@100 1.000000
INFO:kbc-cli.py:Epoch 25/100	Loss 4.6916 ± 0.0622
INFO:kbc-cli.py:Epoch 26/100	Loss 4.6890 ± 0.0861
INFO:kbc-cli.py:Epoch 27/100	Loss 4.6779 ± 0.0690
INFO:kbc-cli.py:Epoch 27/100	dev results	MRR 0.826032	H@1 0.740169	H@3 0.896536	H@5 0.945225	H@10 0.970037	H@20 0.982678	H@50 0.993914	H@100 1.000000
INFO:kbc-cli.py:Epoch 27/100	test results	MRR 0.831250	H@1 0.737430	H@3 0.912477	H@5 0.956238	H@10 0.982309	H@20 0.992086	H@50 0.994879	H@100 1.000000
INFO:kbc-cli.py:Epoch 28/100	Loss 4.6739 ± 0.0679
INFO:kbc-cli.py:Epoch 29/100	Loss 4.6708 ± 0.0612
INFO:kbc-cli.py:Epoch 30/100	Loss 4.6684 ± 0.0753
INFO:kbc-cli.py:Epoch 30/100	dev results	MRR 0.822064	H@1 0.733146	H@3 0.898408	H@5 0.941948	H@10 0.970037	H@20 0.981742	H@50 0.993914	H@100 1.000000
INFO:kbc-cli.py:Epoch 30/100	test results	MRR 0.826140	H@1 0.731378	H@3 0.909683	H@5 0.951117	H@10 0.980912	H@20 0.992086	H@50 0.994879	H@100 1.000000
INFO:kbc-cli.py:Epoch 31/100	Loss 4.6650 ± 0.0719
INFO:kbc-cli.py:Epoch 32/100	Loss 4.6612 ± 0.0651
INFO:kbc-cli.py:Epoch 33/100	Loss 4.6530 ± 0.0596
INFO:kbc-cli.py:Epoch 33/100	dev results	MRR 0.818386	H@1 0.726592	H@3 0.896067	H@5 0.942416	H@10 0.971442	H@20 0.982678	H@50 0.993914	H@100 1.000000
INFO:kbc-cli.py:Epoch 33/100	test results	MRR 0.829077	H@1 0.736965	H@3 0.907821	H@5 0.951583	H@10 0.980912	H@20 0.992086	H@50 0.994879	H@100 1.000000
INFO:kbc-cli.py:Epoch 34/100	Loss 4.6564 ± 0.0699
INFO:kbc-cli.py:Epoch 35/100	Loss 4.6553 ± 0.0701
INFO:kbc-cli.py:Epoch 36/100	Loss 4.6489 ± 0.0585
INFO:kbc-cli.py:Epoch 36/100	dev results	MRR 0.819563	H@1 0.728933	H@3 0.895131	H@5 0.941011	H@10 0.969569	H@20 0.982678	H@50 0.993446	H@100 1.000000
INFO:kbc-cli.py:Epoch 36/100	test results	MRR 0.827176	H@1 0.732775	H@3 0.905028	H@5 0.952514	H@10 0.980447	H@20 0.992086	H@50 0.994879	H@100 1.000000
INFO:kbc-cli.py:Epoch 37/100	Loss 4.6479 ± 0.0638
INFO:kbc-cli.py:Epoch 38/100	Loss 4.6429 ± 0.0676
INFO:kbc-cli.py:Epoch 39/100	Loss 4.6420 ± 0.0597
INFO:kbc-cli.py:Epoch 39/100	dev results	MRR 0.813897	H@1 0.720037	H@3 0.891386	H@5 0.942884	H@10 0.969569	H@20 0.982678	H@50 0.993446	H@100 1.000000
INFO:kbc-cli.py:Epoch 39/100	test results	MRR 0.821782	H@1 0.725326	H@3 0.905028	H@5 0.950652	H@10 0.979981	H@20 0.992086	H@50 0.994879	H@100 1.000000
INFO:kbc-cli.py:Epoch 40/100	Loss 4.6405 ± 0.0707
INFO:kbc-cli.py:Epoch 41/100	Loss 4.6398 ± 0.0669
INFO:kbc-cli.py:Epoch 42/100	Loss 4.6306 ± 0.0592
INFO:kbc-cli.py:Epoch 42/100	dev results	MRR 0.816125	H@1 0.725187	H@3 0.891854	H@5 0.941011	H@10 0.969101	H@20 0.982210	H@50 0.993446	H@100 1.000000
INFO:kbc-cli.py:Epoch 42/100	test results	MRR 0.820894	H@1 0.723929	H@3 0.902235	H@5 0.949721	H@10 0.979981	H@20 0.991155	H@50 0.994879	H@100 1.000000
INFO:kbc-cli.py:Epoch 43/100	Loss 4.6312 ± 0.0596
INFO:kbc-cli.py:Epoch 44/100	Loss 4.6312 ± 0.0705
INFO:kbc-cli.py:Epoch 45/100	Loss 4.6296 ± 0.0634
INFO:kbc-cli.py:Epoch 45/100	dev results	MRR 0.809911	H@1 0.713951	H@3 0.891854	H@5 0.940075	H@10 0.969569	H@20 0.982678	H@50 0.993446	H@100 1.000000
INFO:kbc-cli.py:Epoch 45/100	test results	MRR 0.818472	H@1 0.720670	H@3 0.902235	H@5 0.948790	H@10 0.979516	H@20 0.992086	H@50 0.994879	H@100 1.000000
INFO:kbc-cli.py:Epoch 46/100	Loss 4.6291 ± 0.0771
INFO:kbc-cli.py:Epoch 47/100	Loss 4.6207 ± 0.0540
INFO:kbc-cli.py:Epoch 48/100	Loss 4.6220 ± 0.0689
INFO:kbc-cli.py:Epoch 48/100	dev results	MRR 0.815137	H@1 0.723315	H@3 0.891386	H@5 0.941011	H@10 0.969101	H@20 0.982678	H@50 0.993446	H@100 1.000000
INFO:kbc-cli.py:Epoch 48/100	test results	MRR 0.818700	H@1 0.721136	H@3 0.901769	H@5 0.950186	H@10 0.978585	H@20 0.992086	H@50 0.994879	H@100 1.000000
INFO:kbc-cli.py:Epoch 49/100	Loss 4.6202 ± 0.0646
INFO:kbc-cli.py:Epoch 50/100	Loss 4.6162 ± 0.0605
INFO:kbc-cli.py:Epoch 51/100	Loss 4.6151 ± 0.0511
INFO:kbc-cli.py:Epoch 51/100	dev results	MRR 0.807892	H@1 0.710674	H@3 0.888577	H@5 0.938670	H@10 0.969101	H@20 0.981742	H@50 0.993446	H@100 1.000000
INFO:kbc-cli.py:Epoch 51/100	test results	MRR 0.814888	H@1 0.714618	H@3 0.903166	H@5 0.947858	H@10 0.978119	H@20 0.992086	H@50 0.994879	H@100 1.000000
INFO:kbc-cli.py:Epoch 52/100	Loss 4.6155 ± 0.0543
INFO:kbc-cli.py:Epoch 53/100	Loss 4.6165 ± 0.0686
INFO:kbc-cli.py:Epoch 54/100	Loss 4.6151 ± 0.0612
INFO:kbc-cli.py:Epoch 54/100	dev results	MRR 0.808383	H@1 0.712079	H@3 0.891854	H@5 0.940543	H@10 0.970037	H@20 0.982678	H@50 0.993446	H@100 1.000000
INFO:kbc-cli.py:Epoch 54/100	test results	MRR 0.813403	H@1 0.711359	H@3 0.900372	H@5 0.947393	H@10 0.979981	H@20 0.991620	H@50 0.994879	H@100 1.000000
INFO:kbc-cli.py:Epoch 55/100	Loss 4.6155 ± 0.0772
INFO:kbc-cli.py:Epoch 56/100	Loss 4.6103 ± 0.0619
INFO:kbc-cli.py:Epoch 57/100	Loss 4.6097 ± 0.0687
INFO:kbc-cli.py:Epoch 57/100	dev results	MRR 0.807753	H@1 0.711142	H@3 0.889981	H@5 0.940543	H@10 0.969101	H@20 0.983146	H@50 0.993446	H@100 1.000000
INFO:kbc-cli.py:Epoch 57/100	test results	MRR 0.816623	H@1 0.716480	H@3 0.903166	H@5 0.946927	H@10 0.979516	H@20 0.991620	H@50 0.994879	H@100 1.000000
INFO:kbc-cli.py:Epoch 58/100	Loss 4.6065 ± 0.0637
INFO:kbc-cli.py:Epoch 59/100	Loss 4.6027 ± 0.0520
INFO:kbc-cli.py:Epoch 60/100	Loss 4.6043 ± 0.0541
INFO:kbc-cli.py:Epoch 60/100	dev results	MRR 0.806310	H@1 0.709270	H@3 0.889513	H@5 0.940075	H@10 0.967228	H@20 0.983614	H@50 0.993446	H@100 1.000000
INFO:kbc-cli.py:Epoch 60/100	test results	MRR 0.814043	H@1 0.711359	H@3 0.903166	H@5 0.945996	H@10 0.979050	H@20 0.991620	H@50 0.994879	H@100 1.000000
INFO:kbc-cli.py:Epoch 61/100	Loss 4.6062 ± 0.0663
INFO:kbc-cli.py:Epoch 62/100	Loss 4.6027 ± 0.0541
INFO:kbc-cli.py:Epoch 63/100	Loss 4.6031 ± 0.0513
INFO:kbc-cli.py:Epoch 63/100	dev results	MRR 0.804874	H@1 0.706461	H@3 0.888109	H@5 0.940075	H@10 0.967228	H@20 0.983146	H@50 0.993446	H@100 1.000000
INFO:kbc-cli.py:Epoch 63/100	test results	MRR 0.815535	H@1 0.714153	H@3 0.904097	H@5 0.944134	H@10 0.979516	H@20 0.992086	H@50 0.994879	H@100 1.000000
INFO:kbc-cli.py:Epoch 64/100	Loss 4.5947 ± 0.0596
INFO:kbc-cli.py:Epoch 65/100	Loss 4.6014 ± 0.0650
INFO:kbc-cli.py:Epoch 66/100	Loss 4.5991 ± 0.0615
INFO:kbc-cli.py:Epoch 66/100	dev results	MRR 0.802732	H@1 0.703184	H@3 0.884831	H@5 0.938670	H@10 0.968165	H@20 0.983146	H@50 0.993446	H@100 1.000000
INFO:kbc-cli.py:Epoch 66/100	test results	MRR 0.813904	H@1 0.713687	H@3 0.898510	H@5 0.946462	H@10 0.979050	H@20 0.991155	H@50 0.994879	H@100 1.000000
INFO:kbc-cli.py:Epoch 67/100	Loss 4.5983 ± 0.0591
INFO:kbc-cli.py:Epoch 68/100	Loss 4.5901 ± 0.0543
INFO:kbc-cli.py:Epoch 69/100	Loss 4.5969 ± 0.0547
INFO:kbc-cli.py:Epoch 69/100	dev results	MRR 0.802001	H@1 0.702247	H@3 0.886704	H@5 0.939139	H@10 0.968165	H@20 0.983146	H@50 0.993446	H@100 1.000000
INFO:kbc-cli.py:Epoch 69/100	test results	MRR 0.815558	H@1 0.716946	H@3 0.896648	H@5 0.944134	H@10 0.979981	H@20 0.990689	H@50 0.994413	H@100 1.000000
INFO:kbc-cli.py:Epoch 70/100	Loss 4.5952 ± 0.0628
INFO:kbc-cli.py:Epoch 71/100	Loss 4.5894 ± 0.0573
INFO:kbc-cli.py:Epoch 72/100	Loss 4.5910 ± 0.0619
INFO:kbc-cli.py:Epoch 72/100	dev results	MRR 0.801632	H@1 0.701311	H@3 0.883427	H@5 0.940075	H@10 0.966760	H@20 0.983146	H@50 0.993446	H@100 1.000000
INFO:kbc-cli.py:Epoch 72/100	test results	MRR 0.812570	H@1 0.710428	H@3 0.899441	H@5 0.947393	H@10 0.980447	H@20 0.991155	H@50 0.994879	H@100 1.000000
INFO:kbc-cli.py:Epoch 73/100	Loss 4.5916 ± 0.0585
INFO:kbc-cli.py:Epoch 74/100	Loss 4.5908 ± 0.0534
INFO:kbc-cli.py:Epoch 75/100	Loss 4.5880 ± 0.0534
INFO:kbc-cli.py:Epoch 75/100	dev results	MRR 0.801659	H@1 0.702247	H@3 0.884831	H@5 0.938202	H@10 0.967228	H@20 0.983614	H@50 0.993446	H@100 1.000000
INFO:kbc-cli.py:Epoch 75/100	test results	MRR 0.812763	H@1 0.711825	H@3 0.899441	H@5 0.947393	H@10 0.979516	H@20 0.990223	H@50 0.994879	H@100 1.000000
INFO:kbc-cli.py:Epoch 76/100	Loss 4.5863 ± 0.0457
INFO:kbc-cli.py:Epoch 77/100	Loss 4.5863 ± 0.0539
INFO:kbc-cli.py:Epoch 78/100	Loss 4.5849 ± 0.0500
INFO:kbc-cli.py:Epoch 78/100	dev results	MRR 0.802580	H@1 0.702715	H@3 0.887172	H@5 0.939139	H@10 0.966760	H@20 0.983614	H@50 0.993446	H@100 1.000000
INFO:kbc-cli.py:Epoch 78/100	test results	MRR 0.811072	H@1 0.709497	H@3 0.896648	H@5 0.945996	H@10 0.978585	H@20 0.989292	H@50 0.994879	H@100 1.000000
INFO:kbc-cli.py:Epoch 79/100	Loss 4.5831 ± 0.0587
INFO:kbc-cli.py:Epoch 80/100	Loss 4.5865 ± 0.0593
INFO:kbc-cli.py:Epoch 81/100	Loss 4.5833 ± 0.0609
INFO:kbc-cli.py:Epoch 81/100	dev results	MRR 0.802466	H@1 0.702715	H@3 0.887172	H@5 0.937734	H@10 0.966292	H@20 0.983614	H@50 0.993446	H@100 1.000000
INFO:kbc-cli.py:Epoch 81/100	test results	MRR 0.807916	H@1 0.702980	H@3 0.894786	H@5 0.944134	H@10 0.979981	H@20 0.990223	H@50 0.994879	H@100 1.000000
INFO:kbc-cli.py:Epoch 82/100	Loss 4.5816 ± 0.0489
INFO:kbc-cli.py:Epoch 83/100	Loss 4.5828 ± 0.0641
INFO:kbc-cli.py:Epoch 84/100	Loss 4.5814 ± 0.0514
INFO:kbc-cli.py:Epoch 84/100	dev results	MRR 0.800561	H@1 0.699906	H@3 0.884363	H@5 0.936330	H@10 0.967228	H@20 0.983614	H@50 0.993446	H@100 1.000000
INFO:kbc-cli.py:Epoch 84/100	test results	MRR 0.810469	H@1 0.708566	H@3 0.895717	H@5 0.943203	H@10 0.979050	H@20 0.989292	H@50 0.994879	H@100 1.000000
INFO:kbc-cli.py:Epoch 85/100	Loss 4.5819 ± 0.0576
INFO:kbc-cli.py:Epoch 86/100	Loss 4.5774 ± 0.0540
INFO:kbc-cli.py:Epoch 87/100	Loss 4.5760 ± 0.0608
INFO:kbc-cli.py:Epoch 87/100	dev results	MRR 0.797463	H@1 0.692884	H@3 0.884831	H@5 0.936798	H@10 0.967228	H@20 0.983614	H@50 0.993446	H@100 1.000000
INFO:kbc-cli.py:Epoch 87/100	test results	MRR 0.809202	H@1 0.705307	H@3 0.898045	H@5 0.945996	H@10 0.979516	H@20 0.990223	H@50 0.994879	H@100 1.000000
INFO:kbc-cli.py:Epoch 88/100	Loss 4.5817 ± 0.0555
INFO:kbc-cli.py:Epoch 89/100	Loss 4.5766 ± 0.0379
INFO:kbc-cli.py:Epoch 90/100	Loss 4.5758 ± 0.0487
INFO:kbc-cli.py:Epoch 90/100	dev results	MRR 0.794562	H@1 0.689139	H@3 0.883427	H@5 0.934457	H@10 0.966760	H@20 0.983614	H@50 0.993446	H@100 1.000000
INFO:kbc-cli.py:Epoch 90/100	test results	MRR 0.806062	H@1 0.700652	H@3 0.895717	H@5 0.946462	H@10 0.979050	H@20 0.989292	H@50 0.994879	H@100 1.000000
INFO:kbc-cli.py:Epoch 91/100	Loss 4.5773 ± 0.0511
INFO:kbc-cli.py:Epoch 92/100	Loss 4.5797 ± 0.0695
INFO:kbc-cli.py:Epoch 93/100	Loss 4.5781 ± 0.0538
INFO:kbc-cli.py:Epoch 93/100	dev results	MRR 0.796009	H@1 0.691479	H@3 0.883427	H@5 0.935393	H@10 0.966760	H@20 0.984082	H@50 0.993446	H@100 1.000000
INFO:kbc-cli.py:Epoch 93/100	test results	MRR 0.805742	H@1 0.699721	H@3 0.896648	H@5 0.945065	H@10 0.979050	H@20 0.989758	H@50 0.994879	H@100 1.000000
INFO:kbc-cli.py:Epoch 94/100	Loss 4.5727 ± 0.0427
INFO:kbc-cli.py:Epoch 95/100	Loss 4.5763 ± 0.0710
INFO:kbc-cli.py:Epoch 96/100	Loss 4.5693 ± 0.0496
INFO:kbc-cli.py:Epoch 96/100	dev results	MRR 0.800884	H@1 0.700375	H@3 0.883427	H@5 0.936330	H@10 0.967697	H@20 0.983614	H@50 0.993446	H@100 1.000000
INFO:kbc-cli.py:Epoch 96/100	test results	MRR 0.808442	H@1 0.704842	H@3 0.895251	H@5 0.942737	H@10 0.979516	H@20 0.989758	H@50 0.994879	H@100 1.000000
INFO:kbc-cli.py:Epoch 97/100	Loss 4.5701 ± 0.0596
INFO:kbc-cli.py:Epoch 98/100	Loss 4.5712 ± 0.0592
INFO:kbc-cli.py:Epoch 99/100	Loss 4.5717 ± 0.0543
INFO:kbc-cli.py:Epoch 99/100	dev results	MRR 0.798194	H@1 0.697097	H@3 0.881554	H@5 0.935861	H@10 0.967228	H@20 0.983614	H@50 0.993446	H@100 1.000000
INFO:kbc-cli.py:Epoch 99/100	test results	MRR 0.804468	H@1 0.697858	H@3 0.894786	H@5 0.944600	H@10 0.979516	H@20 0.988827	H@50 0.994413	H@100 1.000000
INFO:kbc-cli.py:Epoch 100/100	Loss 4.5691 ± 0.0455
INFO:kbc-cli.py:Final 	dev results	MRR 0.798432	H@1 0.697097	H@3 0.883427	H@5 0.935393	H@10 0.967228	H@20 0.983614	H@50 0.993446	H@100 1.000000
INFO:kbc-cli.py:Final 	test results	MRR 0.804600	H@1 0.698324	H@3 0.894320	H@5 0.943203	H@10 0.980447	H@20 0.988827	H@50 0.994413	H@100 1.000000
INFO:kbc-cli.py:Training finished
