./bin/kbc-cli.py --train data/umls/train.tsv --dev data/umls/dev.tsv --test data/umls/test.tsv -m complex -k 500 -b 500 -e 100 --F2 0 --N3 0.01 -l 0.1 -I reciprocal -V 3 -o adagrad -c so -q
{'F2': 0.0,
 'N3': 0.01,
 'batch_size': 500,
 'corruption': 'so',
 'dev': 'data/umls/dev.tsv',
 'embedding_size': 500,
 'epochs': 100,
 'eval_batch_size': None,
 'input_type': 'reciprocal',
 'learning_rate': 0.1,
 'load': None,
 'model': 'complex',
 'optimizer': 'adagrad',
 'quiet': True,
 'save': None,
 'seed': 0,
 'test': 'data/umls/test.tsv',
 'test_i': None,
 'test_ii': None,
 'train': 'data/umls/train.tsv',
 'validate_every': 3}
INFO:kbc-cli.py:Device: cuda
INFO:kbc-cli.py:Model state:
INFO:kbc-cli.py:	entities.weight	torch.Size([135, 1000])
INFO:kbc-cli.py:	predicates.weight	torch.Size([92, 1000])
INFO:kbc-cli.py:Epoch 1/100	Loss 8.2538 ± 1.1444
INFO:kbc-cli.py:Epoch 2/100	Loss 6.3810 ± 0.0784
INFO:kbc-cli.py:Epoch 3/100	Loss 6.0704 ± 0.1137
INFO:kbc-cli.py:Epoch 3/100	dev results	MRR 0.892638	H@1 0.802147	H@3 0.979294	H@5 0.987730	H@10 0.996166	H@20 0.998466	H@50 0.999233	H@100 1.000000
INFO:kbc-cli.py:Epoch 3/100	test results	MRR 0.879032	H@1 0.776097	H@3 0.981846	H@5 0.990166	H@10 0.995461	H@20 0.996218	H@50 0.997731	H@100 1.000000
INFO:kbc-cli.py:Epoch 4/100	Loss 5.9536 ± 0.1205
INFO:kbc-cli.py:Epoch 5/100	Loss 5.8869 ± 0.1293
INFO:kbc-cli.py:Epoch 6/100	Loss 5.8440 ± 0.1110
INFO:kbc-cli.py:Epoch 6/100	dev results	MRR 0.943266	H@1 0.901074	H@3 0.980828	H@5 0.990798	H@10 0.996933	H@20 0.999233	H@50 1.000000	H@100 1.000000
INFO:kbc-cli.py:Epoch 6/100	test results	MRR 0.939373	H@1 0.891074	H@3 0.987141	H@5 0.993949	H@10 0.996218	H@20 0.997731	H@50 0.999244	H@100 1.000000
INFO:kbc-cli.py:Epoch 7/100	Loss 5.8120 ± 0.1224
INFO:kbc-cli.py:Epoch 8/100	Loss 5.7829 ± 0.1270
INFO:kbc-cli.py:Epoch 9/100	Loss 5.7608 ± 0.1195
INFO:kbc-cli.py:Epoch 9/100	dev results	MRR 0.956983	H@1 0.927147	H@3 0.983129	H@5 0.990798	H@10 0.996933	H@20 1.000000	H@50 1.000000	H@100 1.000000
INFO:kbc-cli.py:Epoch 9/100	test results	MRR 0.947349	H@1 0.908472	H@3 0.984871	H@5 0.995461	H@10 0.996218	H@20 0.998487	H@50 1.000000	H@100 1.000000
INFO:kbc-cli.py:Epoch 10/100	Loss 5.7412 ± 0.1096
INFO:kbc-cli.py:Epoch 11/100	Loss 5.7270 ± 0.1165
INFO:kbc-cli.py:Epoch 12/100	Loss 5.7127 ± 0.1317
INFO:kbc-cli.py:Epoch 12/100	dev results	MRR 0.961640	H@1 0.937883	H@3 0.981595	H@5 0.989264	H@10 0.996933	H@20 1.000000	H@50 1.000000	H@100 1.000000
INFO:kbc-cli.py:Epoch 12/100	test results	MRR 0.956080	H@1 0.923601	H@3 0.989410	H@5 0.994705	H@10 0.996974	H@20 0.998487	H@50 1.000000	H@100 1.000000
INFO:kbc-cli.py:Epoch 13/100	Loss 5.6992 ± 0.1000
INFO:kbc-cli.py:Epoch 14/100	Loss 5.6915 ± 0.1177
INFO:kbc-cli.py:Epoch 15/100	Loss 5.6799 ± 0.0995
INFO:kbc-cli.py:Epoch 15/100	dev results	MRR 0.961987	H@1 0.939417	H@3 0.980828	H@5 0.988497	H@10 0.998466	H@20 1.000000	H@50 1.000000	H@100 1.000000
INFO:kbc-cli.py:Epoch 15/100	test results	MRR 0.958431	H@1 0.926626	H@3 0.992436	H@5 0.994705	H@10 0.996218	H@20 0.998487	H@50 1.000000	H@100 1.000000
INFO:kbc-cli.py:Epoch 16/100	Loss 5.6700 ± 0.0896
INFO:kbc-cli.py:Epoch 17/100	Loss 5.6626 ± 0.0901
INFO:kbc-cli.py:Epoch 18/100	Loss 5.6542 ± 0.0922
INFO:kbc-cli.py:Epoch 18/100	dev results	MRR 0.963281	H@1 0.941718	H@3 0.980061	H@5 0.986963	H@10 0.997699	H@20 1.000000	H@50 1.000000	H@100 1.000000
INFO:kbc-cli.py:Epoch 18/100	test results	MRR 0.960058	H@1 0.930408	H@3 0.990923	H@5 0.995461	H@10 0.996218	H@20 0.998487	H@50 1.000000	H@100 1.000000
INFO:kbc-cli.py:Epoch 19/100	Loss 5.6495 ± 0.0944
INFO:kbc-cli.py:Epoch 20/100	Loss 5.6427 ± 0.1129
INFO:kbc-cli.py:Epoch 21/100	Loss 5.6376 ± 0.1034
INFO:kbc-cli.py:Epoch 21/100	dev results	MRR 0.964777	H@1 0.944018	H@3 0.980061	H@5 0.987730	H@10 0.997699	H@20 1.000000	H@50 1.000000	H@100 1.000000
INFO:kbc-cli.py:Epoch 21/100	test results	MRR 0.963609	H@1 0.938729	H@3 0.988654	H@5 0.995461	H@10 0.996218	H@20 0.998487	H@50 1.000000	H@100 1.000000
INFO:kbc-cli.py:Epoch 22/100	Loss 5.6295 ± 0.1157
INFO:kbc-cli.py:Epoch 23/100	Loss 5.6256 ± 0.0959
INFO:kbc-cli.py:Epoch 24/100	Loss 5.6208 ± 0.1051
INFO:kbc-cli.py:Epoch 24/100	dev results	MRR 0.962088	H@1 0.939417	H@3 0.980061	H@5 0.987730	H@10 0.996166	H@20 1.000000	H@50 1.000000	H@100 1.000000
INFO:kbc-cli.py:Epoch 24/100	test results	MRR 0.960702	H@1 0.932678	H@3 0.989410	H@5 0.995461	H@10 0.996218	H@20 0.998487	H@50 1.000000	H@100 1.000000
INFO:kbc-cli.py:Epoch 25/100	Loss 5.6169 ± 0.1021
INFO:kbc-cli.py:Epoch 26/100	Loss 5.6117 ± 0.1009
INFO:kbc-cli.py:Epoch 27/100	Loss 5.6062 ± 0.0822
INFO:kbc-cli.py:Epoch 27/100	dev results	MRR 0.965157	H@1 0.945552	H@3 0.980828	H@5 0.987730	H@10 0.996933	H@20 1.000000	H@50 1.000000	H@100 1.000000
INFO:kbc-cli.py:Epoch 27/100	test results	MRR 0.963128	H@1 0.937216	H@3 0.988654	H@5 0.994705	H@10 0.996218	H@20 0.998487	H@50 1.000000	H@100 1.000000
INFO:kbc-cli.py:Epoch 28/100	Loss 5.6024 ± 0.1058
INFO:kbc-cli.py:Epoch 29/100	Loss 5.5984 ± 0.0905
INFO:kbc-cli.py:Epoch 30/100	Loss 5.5971 ± 0.0894
INFO:kbc-cli.py:Epoch 30/100	dev results	MRR 0.964591	H@1 0.944785	H@3 0.979294	H@5 0.986963	H@10 0.996933	H@20 1.000000	H@50 1.000000	H@100 1.000000
INFO:kbc-cli.py:Epoch 30/100	test results	MRR 0.965993	H@1 0.941755	H@3 0.992436	H@5 0.994705	H@10 0.996218	H@20 0.998487	H@50 1.000000	H@100 1.000000
INFO:kbc-cli.py:Epoch 31/100	Loss 5.5923 ± 0.0919
INFO:kbc-cli.py:Epoch 32/100	Loss 5.5903 ± 0.0814
INFO:kbc-cli.py:Epoch 33/100	Loss 5.5864 ± 0.0804
INFO:kbc-cli.py:Epoch 33/100	dev results	MRR 0.962836	H@1 0.940951	H@3 0.979294	H@5 0.987730	H@10 0.994632	H@20 1.000000	H@50 1.000000	H@100 1.000000
INFO:kbc-cli.py:Epoch 33/100	test results	MRR 0.965125	H@1 0.940242	H@3 0.990923	H@5 0.994705	H@10 0.996218	H@20 0.998487	H@50 1.000000	H@100 1.000000
INFO:kbc-cli.py:Epoch 34/100	Loss 5.5826 ± 0.0805
INFO:kbc-cli.py:Epoch 35/100	Loss 5.5805 ± 0.0780
INFO:kbc-cli.py:Epoch 36/100	Loss 5.5783 ± 0.0925
INFO:kbc-cli.py:Epoch 36/100	dev results	MRR 0.965651	H@1 0.946319	H@3 0.980061	H@5 0.987730	H@10 0.995399	H@20 1.000000	H@50 1.000000	H@100 1.000000
INFO:kbc-cli.py:Epoch 36/100	test results	MRR 0.963815	H@1 0.938729	H@3 0.989410	H@5 0.994705	H@10 0.996218	H@20 0.998487	H@50 1.000000	H@100 1.000000
INFO:kbc-cli.py:Epoch 37/100	Loss 5.5768 ± 0.0642
INFO:kbc-cli.py:Epoch 38/100	Loss 5.5729 ± 0.0948
INFO:kbc-cli.py:Epoch 39/100	Loss 5.5703 ± 0.0932
INFO:kbc-cli.py:Epoch 39/100	dev results	MRR 0.962971	H@1 0.941718	H@3 0.980061	H@5 0.987730	H@10 0.996933	H@20 1.000000	H@50 1.000000	H@100 1.000000
INFO:kbc-cli.py:Epoch 39/100	test results	MRR 0.964609	H@1 0.939486	H@3 0.990923	H@5 0.994705	H@10 0.996218	H@20 0.998487	H@50 1.000000	H@100 1.000000
INFO:kbc-cli.py:Epoch 40/100	Loss 5.5683 ± 0.0873
INFO:kbc-cli.py:Epoch 41/100	Loss 5.5648 ± 0.0707
INFO:kbc-cli.py:Epoch 42/100	Loss 5.5637 ± 0.0863
INFO:kbc-cli.py:Epoch 42/100	dev results	MRR 0.963635	H@1 0.943252	H@3 0.980061	H@5 0.987730	H@10 0.996166	H@20 1.000000	H@50 1.000000	H@100 1.000000
INFO:kbc-cli.py:Epoch 42/100	test results	MRR 0.964127	H@1 0.938729	H@3 0.990166	H@5 0.994705	H@10 0.996218	H@20 0.998487	H@50 1.000000	H@100 1.000000
INFO:kbc-cli.py:Epoch 43/100	Loss 5.5610 ± 0.0748
INFO:kbc-cli.py:Epoch 44/100	Loss 5.5593 ± 0.0736
INFO:kbc-cli.py:Epoch 45/100	Loss 5.5573 ± 0.0851
INFO:kbc-cli.py:Epoch 45/100	dev results	MRR 0.963269	H@1 0.941718	H@3 0.982362	H@5 0.988497	H@10 0.996166	H@20 1.000000	H@50 1.000000	H@100 1.000000
INFO:kbc-cli.py:Epoch 45/100	test results	MRR 0.963437	H@1 0.937973	H@3 0.990923	H@5 0.994705	H@10 0.996218	H@20 0.998487	H@50 1.000000	H@100 1.000000
INFO:kbc-cli.py:Epoch 46/100	Loss 5.5557 ± 0.0921
INFO:kbc-cli.py:Epoch 47/100	Loss 5.5531 ± 0.0817
INFO:kbc-cli.py:Epoch 48/100	Loss 5.5521 ± 0.0816
INFO:kbc-cli.py:Epoch 48/100	dev results	MRR 0.962811	H@1 0.941718	H@3 0.979294	H@5 0.988497	H@10 0.995399	H@20 1.000000	H@50 1.000000	H@100 1.000000
INFO:kbc-cli.py:Epoch 48/100	test results	MRR 0.963643	H@1 0.937973	H@3 0.990923	H@5 0.994705	H@10 0.996218	H@20 0.998487	H@50 1.000000	H@100 1.000000
INFO:kbc-cli.py:Epoch 49/100	Loss 5.5510 ± 0.0912
INFO:kbc-cli.py:Epoch 50/100	Loss 5.5488 ± 0.0601
INFO:kbc-cli.py:Epoch 51/100	Loss 5.5471 ± 0.0928
INFO:kbc-cli.py:Epoch 51/100	dev results	MRR 0.964705	H@1 0.944785	H@3 0.981595	H@5 0.987730	H@10 0.993865	H@20 1.000000	H@50 1.000000	H@100 1.000000
INFO:kbc-cli.py:Epoch 51/100	test results	MRR 0.962809	H@1 0.936460	H@3 0.989410	H@5 0.994705	H@10 0.996974	H@20 0.998487	H@50 1.000000	H@100 1.000000
INFO:kbc-cli.py:Epoch 52/100	Loss 5.5458 ± 0.0886
INFO:kbc-cli.py:Epoch 53/100	Loss 5.5446 ± 0.0808
INFO:kbc-cli.py:Epoch 54/100	Loss 5.5413 ± 0.0877
INFO:kbc-cli.py:Epoch 54/100	dev results	MRR 0.963648	H@1 0.943252	H@3 0.979294	H@5 0.988497	H@10 0.993865	H@20 1.000000	H@50 1.000000	H@100 1.000000
INFO:kbc-cli.py:Epoch 54/100	test results	MRR 0.964098	H@1 0.938729	H@3 0.990923	H@5 0.994705	H@10 0.996218	H@20 0.998487	H@50 1.000000	H@100 1.000000
INFO:kbc-cli.py:Epoch 55/100	Loss 5.5409 ± 0.0736
INFO:kbc-cli.py:Epoch 56/100	Loss 5.5383 ± 0.0674
INFO:kbc-cli.py:Epoch 57/100	Loss 5.5386 ± 0.0744
INFO:kbc-cli.py:Epoch 57/100	dev results	MRR 0.963865	H@1 0.944018	H@3 0.979294	H@5 0.987730	H@10 0.994632	H@20 1.000000	H@50 1.000000	H@100 1.000000
INFO:kbc-cli.py:Epoch 57/100	test results	MRR 0.964730	H@1 0.939486	H@3 0.990923	H@5 0.994705	H@10 0.996974	H@20 0.998487	H@50 1.000000	H@100 1.000000
INFO:kbc-cli.py:Epoch 58/100	Loss 5.5372 ± 0.0725
INFO:kbc-cli.py:Epoch 59/100	Loss 5.5360 ± 0.0658
INFO:kbc-cli.py:Epoch 60/100	Loss 5.5338 ± 0.0778
INFO:kbc-cli.py:Epoch 60/100	dev results	MRR 0.964980	H@1 0.946319	H@3 0.979294	H@5 0.987730	H@10 0.993865	H@20 1.000000	H@50 1.000000	H@100 1.000000
INFO:kbc-cli.py:Epoch 60/100	test results	MRR 0.964633	H@1 0.939486	H@3 0.991679	H@5 0.994705	H@10 0.996974	H@20 0.998487	H@50 1.000000	H@100 1.000000
INFO:kbc-cli.py:Epoch 61/100	Loss 5.5335 ± 0.0691
INFO:kbc-cli.py:Epoch 62/100	Loss 5.5325 ± 0.0919
INFO:kbc-cli.py:Epoch 63/100	Loss 5.5315 ± 0.0752
INFO:kbc-cli.py:Epoch 63/100	dev results	MRR 0.963487	H@1 0.944018	H@3 0.976994	H@5 0.987730	H@10 0.993865	H@20 1.000000	H@50 1.000000	H@100 1.000000
INFO:kbc-cli.py:Epoch 63/100	test results	MRR 0.964726	H@1 0.940242	H@3 0.990166	H@5 0.994705	H@10 0.996974	H@20 0.998487	H@50 1.000000	H@100 1.000000
INFO:kbc-cli.py:Epoch 64/100	Loss 5.5296 ± 0.0717
INFO:kbc-cli.py:Epoch 65/100	Loss 5.5284 ± 0.0650
INFO:kbc-cli.py:Epoch 66/100	Loss 5.5275 ± 0.0712
INFO:kbc-cli.py:Epoch 66/100	dev results	MRR 0.964508	H@1 0.944785	H@3 0.979294	H@5 0.988497	H@10 0.994632	H@20 1.000000	H@50 1.000000	H@100 1.000000
INFO:kbc-cli.py:Epoch 66/100	test results	MRR 0.963828	H@1 0.937973	H@3 0.991679	H@5 0.994705	H@10 0.996218	H@20 0.998487	H@50 1.000000	H@100 1.000000
INFO:kbc-cli.py:Epoch 67/100	Loss 5.5265 ± 0.0742
INFO:kbc-cli.py:Epoch 68/100	Loss 5.5257 ± 0.0873
INFO:kbc-cli.py:Epoch 69/100	Loss 5.5244 ± 0.0736
INFO:kbc-cli.py:Epoch 69/100	dev results	MRR 0.962682	H@1 0.941718	H@3 0.977761	H@5 0.987730	H@10 0.994632	H@20 1.000000	H@50 1.000000	H@100 1.000000
INFO:kbc-cli.py:Epoch 69/100	test results	MRR 0.962810	H@1 0.937216	H@3 0.989410	H@5 0.994705	H@10 0.996974	H@20 0.998487	H@50 1.000000	H@100 1.000000
INFO:kbc-cli.py:Epoch 70/100	Loss 5.5239 ± 0.0732
INFO:kbc-cli.py:Epoch 71/100	Loss 5.5220 ± 0.0993
INFO:kbc-cli.py:Epoch 72/100	Loss 5.5215 ± 0.0594
INFO:kbc-cli.py:Epoch 72/100	dev results	MRR 0.962571	H@1 0.941718	H@3 0.978528	H@5 0.987730	H@10 0.994632	H@20 1.000000	H@50 1.000000	H@100 1.000000
INFO:kbc-cli.py:Epoch 72/100	test results	MRR 0.963503	H@1 0.937973	H@3 0.991679	H@5 0.994705	H@10 0.996974	H@20 0.998487	H@50 1.000000	H@100 1.000000
INFO:kbc-cli.py:Epoch 73/100	Loss 5.5202 ± 0.0717
INFO:kbc-cli.py:Epoch 74/100	Loss 5.5203 ± 0.0750
INFO:kbc-cli.py:Epoch 75/100	Loss 5.5188 ± 0.0624
INFO:kbc-cli.py:Epoch 75/100	dev results	MRR 0.962919	H@1 0.942485	H@3 0.977761	H@5 0.987730	H@10 0.994632	H@20 1.000000	H@50 1.000000	H@100 1.000000
INFO:kbc-cli.py:Epoch 75/100	test results	MRR 0.963260	H@1 0.937973	H@3 0.990166	H@5 0.994705	H@10 0.996974	H@20 0.998487	H@50 1.000000	H@100 1.000000
INFO:kbc-cli.py:Epoch 76/100	Loss 5.5172 ± 0.0614
INFO:kbc-cli.py:Epoch 77/100	Loss 5.5172 ± 0.0725
INFO:kbc-cli.py:Epoch 78/100	Loss 5.5159 ± 0.0676
INFO:kbc-cli.py:Epoch 78/100	dev results	MRR 0.962086	H@1 0.940951	H@3 0.977761	H@5 0.988497	H@10 0.994632	H@20 1.000000	H@50 1.000000	H@100 1.000000
INFO:kbc-cli.py:Epoch 78/100	test results	MRR 0.964736	H@1 0.940242	H@3 0.990923	H@5 0.995461	H@10 0.996974	H@20 0.998487	H@50 1.000000	H@100 1.000000
INFO:kbc-cli.py:Epoch 79/100	Loss 5.5148 ± 0.0700
INFO:kbc-cli.py:Epoch 80/100	Loss 5.5154 ± 0.0680
INFO:kbc-cli.py:Epoch 81/100	Loss 5.5137 ± 0.0747
INFO:kbc-cli.py:Epoch 81/100	dev results	MRR 0.962368	H@1 0.941718	H@3 0.978528	H@5 0.986963	H@10 0.994632	H@20 1.000000	H@50 1.000000	H@100 1.000000
INFO:kbc-cli.py:Epoch 81/100	test results	MRR 0.964259	H@1 0.939486	H@3 0.991679	H@5 0.994705	H@10 0.996974	H@20 0.998487	H@50 1.000000	H@100 1.000000
INFO:kbc-cli.py:Epoch 82/100	Loss 5.5131 ± 0.0740
INFO:kbc-cli.py:Epoch 83/100	Loss 5.5126 ± 0.0699
INFO:kbc-cli.py:Epoch 84/100	Loss 5.5104 ± 0.0677
INFO:kbc-cli.py:Epoch 84/100	dev results	MRR 0.963891	H@1 0.944785	H@3 0.977761	H@5 0.986196	H@10 0.994632	H@20 1.000000	H@50 1.000000	H@100 1.000000
INFO:kbc-cli.py:Epoch 84/100	test results	MRR 0.964574	H@1 0.940242	H@3 0.990923	H@5 0.994705	H@10 0.996974	H@20 0.998487	H@50 1.000000	H@100 1.000000
INFO:kbc-cli.py:Epoch 85/100	Loss 5.5109 ± 0.0698
INFO:kbc-cli.py:Epoch 86/100	Loss 5.5101 ± 0.0754
INFO:kbc-cli.py:Epoch 87/100	Loss 5.5088 ± 0.0648
INFO:kbc-cli.py:Epoch 87/100	dev results	MRR 0.963000	H@1 0.943252	H@3 0.977761	H@5 0.986196	H@10 0.994632	H@20 1.000000	H@50 1.000000	H@100 1.000000
INFO:kbc-cli.py:Epoch 87/100	test results	MRR 0.965013	H@1 0.940998	H@3 0.991679	H@5 0.994705	H@10 0.996974	H@20 0.998487	H@50 1.000000	H@100 1.000000
INFO:kbc-cli.py:Epoch 88/100	Loss 5.5087 ± 0.0719
INFO:kbc-cli.py:Epoch 89/100	Loss 5.5084 ± 0.0783
INFO:kbc-cli.py:Epoch 90/100	Loss 5.5070 ± 0.0561
INFO:kbc-cli.py:Epoch 90/100	dev results	MRR 0.963350	H@1 0.944018	H@3 0.978528	H@5 0.986196	H@10 0.994632	H@20 1.000000	H@50 1.000000	H@100 1.000000
INFO:kbc-cli.py:Epoch 90/100	test results	MRR 0.964078	H@1 0.939486	H@3 0.990923	H@5 0.994705	H@10 0.996974	H@20 0.998487	H@50 1.000000	H@100 1.000000
INFO:kbc-cli.py:Epoch 91/100	Loss 5.5056 ± 0.0720
INFO:kbc-cli.py:Epoch 92/100	Loss 5.5063 ± 0.0628
INFO:kbc-cli.py:Epoch 93/100	Loss 5.5052 ± 0.0782
INFO:kbc-cli.py:Epoch 93/100	dev results	MRR 0.962704	H@1 0.942485	H@3 0.978528	H@5 0.986196	H@10 0.994632	H@20 1.000000	H@50 1.000000	H@100 1.000000
INFO:kbc-cli.py:Epoch 93/100	test results	MRR 0.962818	H@1 0.936460	H@3 0.990923	H@5 0.994705	H@10 0.996974	H@20 0.998487	H@50 1.000000	H@100 1.000000
INFO:kbc-cli.py:Epoch 94/100	Loss 5.5033 ± 0.0795
INFO:kbc-cli.py:Epoch 95/100	Loss 5.5029 ± 0.0634
INFO:kbc-cli.py:Epoch 96/100	Loss 5.5029 ± 0.0807
INFO:kbc-cli.py:Epoch 96/100	dev results	MRR 0.962793	H@1 0.942485	H@3 0.978528	H@5 0.986196	H@10 0.994632	H@20 1.000000	H@50 1.000000	H@100 1.000000
INFO:kbc-cli.py:Epoch 96/100	test results	MRR 0.963007	H@1 0.937973	H@3 0.990166	H@5 0.994705	H@10 0.996974	H@20 0.998487	H@50 1.000000	H@100 1.000000
INFO:kbc-cli.py:Epoch 97/100	Loss 5.5027 ± 0.0488
INFO:kbc-cli.py:Epoch 98/100	Loss 5.5014 ± 0.0735
INFO:kbc-cli.py:Epoch 99/100	Loss 5.5018 ± 0.0482
INFO:kbc-cli.py:Epoch 99/100	dev results	MRR 0.963805	H@1 0.944785	H@3 0.978528	H@5 0.986196	H@10 0.994632	H@20 1.000000	H@50 1.000000	H@100 1.000000
INFO:kbc-cli.py:Epoch 99/100	test results	MRR 0.963385	H@1 0.937973	H@3 0.991679	H@5 0.994705	H@10 0.996974	H@20 0.998487	H@50 1.000000	H@100 1.000000
INFO:kbc-cli.py:Epoch 100/100	Loss 5.5009 ± 0.0677
INFO:kbc-cli.py:Final 	dev results	MRR 0.961693	H@1 0.940184	H@3 0.978528	H@5 0.986196	H@10 0.994632	H@20 1.000000	H@50 1.000000	H@100 1.000000
INFO:kbc-cli.py:Final 	test results	MRR 0.963321	H@1 0.937973	H@3 0.990923	H@5 0.994705	H@10 0.996974	H@20 0.998487	H@50 1.000000	H@100 1.000000
INFO:kbc-cli.py:Training finished
