./bin/kbc-cli.py --train data/kinship/train.tsv --dev data/kinship/dev.tsv --test data/kinship/test.tsv -m complex -k 1000 -b 10 -e 100 --F2 0 --N3 0.0005 -l 0.1 -I standard -V 3 -o adagrad -c so -q
{'F2': 0.0,
 'N3': 0.0005,
 'batch_size': 10,
 'corruption': 'so',
 'dev': 'data/kinship/dev.tsv',
 'embedding_size': 1000,
 'epochs': 100,
 'eval_batch_size': None,
 'input_type': 'standard',
 'learning_rate': 0.1,
 'load': None,
 'model': 'complex',
 'optimizer': 'adagrad',
 'quiet': True,
 'save': None,
 'seed': 0,
 'test': 'data/kinship/test.tsv',
 'test_i': None,
 'test_ii': None,
 'train': 'data/kinship/train.tsv',
 'validate_every': 3}
INFO:kbc-cli.py:Device: cuda
INFO:kbc-cli.py:Model state:
INFO:kbc-cli.py:	entities.weight	torch.Size([104, 2000])
INFO:kbc-cli.py:	predicates.weight	torch.Size([25, 2000])
INFO:kbc-cli.py:Epoch 1/100	Loss 7.1936 ± 1.3067
INFO:kbc-cli.py:Epoch 2/100	Loss 5.4823 ± 0.4616
INFO:kbc-cli.py:Epoch 3/100	Loss 5.1868 ± 0.4578
INFO:kbc-cli.py:Epoch 3/100	dev results	MRR 0.862609	H@1 0.781367	H@3 0.933052	H@5 0.958801	H@10 0.980805	H@20 0.988764	H@50 0.995787	H@100 1.000000
INFO:kbc-cli.py:Epoch 3/100	test results	MRR 0.866093	H@1 0.787244	H@3 0.933892	H@5 0.966946	H@10 0.986499	H@20 0.994879	H@50 0.998138	H@100 1.000000
INFO:kbc-cli.py:Epoch 4/100	Loss 5.0264 ± 0.4391
INFO:kbc-cli.py:Epoch 5/100	Loss 4.9174 ± 0.4370
INFO:kbc-cli.py:Epoch 6/100	Loss 4.8358 ± 0.4163
INFO:kbc-cli.py:Epoch 6/100	dev results	MRR 0.882291	H@1 0.815075	H@3 0.941479	H@5 0.963951	H@10 0.980805	H@20 0.989232	H@50 0.995787	H@100 1.000000
INFO:kbc-cli.py:Epoch 6/100	test results	MRR 0.889281	H@1 0.823557	H@3 0.952048	H@5 0.973464	H@10 0.988361	H@20 0.994879	H@50 0.997672	H@100 1.000000
INFO:kbc-cli.py:Epoch 7/100	Loss 4.7743 ± 0.3982
INFO:kbc-cli.py:Epoch 8/100	Loss 4.7242 ± 0.3892
INFO:kbc-cli.py:Epoch 9/100	Loss 4.6828 ± 0.3908
INFO:kbc-cli.py:Epoch 9/100	dev results	MRR 0.883608	H@1 0.817416	H@3 0.944288	H@5 0.967697	H@10 0.981273	H@20 0.989232	H@50 0.995787	H@100 1.000000
INFO:kbc-cli.py:Epoch 9/100	test results	MRR 0.892265	H@1 0.828678	H@3 0.948324	H@5 0.974395	H@10 0.987430	H@20 0.994413	H@50 0.997672	H@100 1.000000
INFO:kbc-cli.py:Epoch 10/100	Loss 4.6465 ± 0.3873
INFO:kbc-cli.py:Epoch 11/100	Loss 4.6189 ± 0.3850
INFO:kbc-cli.py:Epoch 12/100	Loss 4.5903 ± 0.3726
INFO:kbc-cli.py:Epoch 12/100	dev results	MRR 0.884600	H@1 0.818352	H@3 0.944288	H@5 0.964888	H@10 0.980337	H@20 0.988764	H@50 0.995787	H@100 1.000000
INFO:kbc-cli.py:Epoch 12/100	test results	MRR 0.895692	H@1 0.832868	H@3 0.954842	H@5 0.971601	H@10 0.987430	H@20 0.994413	H@50 0.997672	H@100 1.000000
INFO:kbc-cli.py:Epoch 13/100	Loss 4.5671 ± 0.3856
INFO:kbc-cli.py:Epoch 14/100	Loss 4.5473 ± 0.3715
INFO:kbc-cli.py:Epoch 15/100	Loss 4.5299 ± 0.3616
INFO:kbc-cli.py:Epoch 15/100	dev results	MRR 0.884880	H@1 0.820225	H@3 0.940543	H@5 0.965356	H@10 0.980805	H@20 0.989700	H@50 0.995787	H@100 1.000000
INFO:kbc-cli.py:Epoch 15/100	test results	MRR 0.897782	H@1 0.836592	H@3 0.952514	H@5 0.973929	H@10 0.988361	H@20 0.994413	H@50 0.997672	H@100 1.000000
INFO:kbc-cli.py:Epoch 16/100	Loss 4.5130 ± 0.3618
INFO:kbc-cli.py:Epoch 17/100	Loss 4.4981 ± 0.3545
INFO:kbc-cli.py:Epoch 18/100	Loss 4.4854 ± 0.3747
INFO:kbc-cli.py:Epoch 18/100	dev results	MRR 0.885009	H@1 0.818820	H@3 0.945693	H@5 0.965824	H@10 0.979869	H@20 0.989700	H@50 0.995787	H@100 1.000000
INFO:kbc-cli.py:Epoch 18/100	test results	MRR 0.892709	H@1 0.829143	H@3 0.953445	H@5 0.974395	H@10 0.987896	H@20 0.994413	H@50 0.997672	H@100 1.000000
INFO:kbc-cli.py:Epoch 19/100	Loss 4.4725 ± 0.3616
INFO:kbc-cli.py:Epoch 20/100	Loss 4.4619 ± 0.3536
INFO:kbc-cli.py:Epoch 21/100	Loss 4.4503 ± 0.3621
INFO:kbc-cli.py:Epoch 21/100	dev results	MRR 0.884730	H@1 0.817884	H@3 0.945225	H@5 0.965356	H@10 0.981273	H@20 0.989232	H@50 0.995787	H@100 1.000000
INFO:kbc-cli.py:Epoch 21/100	test results	MRR 0.896522	H@1 0.834730	H@3 0.953911	H@5 0.974395	H@10 0.988361	H@20 0.994413	H@50 0.997672	H@100 1.000000
INFO:kbc-cli.py:Epoch 22/100	Loss 4.4393 ± 0.3641
INFO:kbc-cli.py:Epoch 23/100	Loss 4.4288 ± 0.3793
INFO:kbc-cli.py:Epoch 24/100	Loss 4.4224 ± 0.3519
INFO:kbc-cli.py:Epoch 24/100	dev results	MRR 0.884057	H@1 0.817416	H@3 0.943820	H@5 0.965356	H@10 0.981273	H@20 0.989700	H@50 0.995787	H@100 1.000000
INFO:kbc-cli.py:Epoch 24/100	test results	MRR 0.896999	H@1 0.836592	H@3 0.950652	H@5 0.974395	H@10 0.988361	H@20 0.994413	H@50 0.997672	H@100 1.000000
INFO:kbc-cli.py:Epoch 25/100	Loss 4.4134 ± 0.3536
INFO:kbc-cli.py:Epoch 26/100	Loss 4.4048 ± 0.3654
INFO:kbc-cli.py:Epoch 27/100	Loss 4.3991 ± 0.3544
INFO:kbc-cli.py:Epoch 27/100	dev results	MRR 0.885656	H@1 0.820225	H@3 0.943352	H@5 0.966292	H@10 0.980337	H@20 0.989700	H@50 0.995318	H@100 1.000000
INFO:kbc-cli.py:Epoch 27/100	test results	MRR 0.897924	H@1 0.837523	H@3 0.952514	H@5 0.972533	H@10 0.989758	H@20 0.994413	H@50 0.997672	H@100 1.000000
INFO:kbc-cli.py:Epoch 28/100	Loss 4.3921 ± 0.3514
INFO:kbc-cli.py:Epoch 29/100	Loss 4.3851 ± 0.3561
INFO:kbc-cli.py:Epoch 30/100	Loss 4.3794 ± 0.3462
INFO:kbc-cli.py:Epoch 30/100	dev results	MRR 0.887137	H@1 0.823034	H@3 0.941948	H@5 0.965356	H@10 0.981742	H@20 0.989700	H@50 0.995318	H@100 1.000000
INFO:kbc-cli.py:Epoch 30/100	test results	MRR 0.895263	H@1 0.834264	H@3 0.952048	H@5 0.971601	H@10 0.989292	H@20 0.994413	H@50 0.997207	H@100 1.000000
INFO:kbc-cli.py:Epoch 31/100	Loss 4.3733 ± 0.3453
INFO:kbc-cli.py:Epoch 32/100	Loss 4.3677 ± 0.3385
INFO:kbc-cli.py:Epoch 33/100	Loss 4.3612 ± 0.3424
INFO:kbc-cli.py:Epoch 33/100	dev results	MRR 0.883763	H@1 0.816011	H@3 0.943820	H@5 0.966292	H@10 0.980805	H@20 0.989700	H@50 0.995318	H@100 1.000000
INFO:kbc-cli.py:Epoch 33/100	test results	MRR 0.896248	H@1 0.835196	H@3 0.953445	H@5 0.973929	H@10 0.989292	H@20 0.994413	H@50 0.997207	H@100 1.000000
INFO:kbc-cli.py:Epoch 34/100	Loss 4.3569 ± 0.3514
INFO:kbc-cli.py:Epoch 35/100	Loss 4.3526 ± 0.3457
INFO:kbc-cli.py:Epoch 36/100	Loss 4.3475 ± 0.3391
INFO:kbc-cli.py:Epoch 36/100	dev results	MRR 0.884510	H@1 0.818820	H@3 0.941011	H@5 0.967228	H@10 0.979869	H@20 0.989700	H@50 0.995318	H@100 1.000000
INFO:kbc-cli.py:Epoch 36/100	test results	MRR 0.895104	H@1 0.833333	H@3 0.952980	H@5 0.973929	H@10 0.989292	H@20 0.994413	H@50 0.997207	H@100 1.000000
INFO:kbc-cli.py:Epoch 37/100	Loss 4.3434 ± 0.3405
INFO:kbc-cli.py:Epoch 38/100	Loss 4.3389 ± 0.3561
INFO:kbc-cli.py:Epoch 39/100	Loss 4.3355 ± 0.3356
INFO:kbc-cli.py:Epoch 39/100	dev results	MRR 0.884565	H@1 0.818820	H@3 0.941479	H@5 0.966292	H@10 0.980805	H@20 0.989700	H@50 0.995318	H@100 1.000000
INFO:kbc-cli.py:Epoch 39/100	test results	MRR 0.896481	H@1 0.836127	H@3 0.952514	H@5 0.973464	H@10 0.989292	H@20 0.994413	H@50 0.997207	H@100 1.000000
INFO:kbc-cli.py:Epoch 40/100	Loss 4.3299 ± 0.3558
INFO:kbc-cli.py:Epoch 41/100	Loss 4.3269 ± 0.3326
INFO:kbc-cli.py:Epoch 42/100	Loss 4.3226 ± 0.3441
INFO:kbc-cli.py:Epoch 42/100	dev results	MRR 0.882791	H@1 0.815543	H@3 0.942416	H@5 0.967697	H@10 0.980805	H@20 0.989700	H@50 0.995318	H@100 1.000000
INFO:kbc-cli.py:Epoch 42/100	test results	MRR 0.894422	H@1 0.831937	H@3 0.952048	H@5 0.972067	H@10 0.989292	H@20 0.994413	H@50 0.997207	H@100 1.000000
INFO:kbc-cli.py:Epoch 43/100	Loss 4.3189 ± 0.3327
INFO:kbc-cli.py:Epoch 44/100	Loss 4.3157 ± 0.3496
INFO:kbc-cli.py:Epoch 45/100	Loss 4.3125 ± 0.3350
INFO:kbc-cli.py:Epoch 45/100	dev results	MRR 0.882971	H@1 0.816479	H@3 0.940075	H@5 0.966292	H@10 0.979869	H@20 0.989700	H@50 0.995318	H@100 1.000000
INFO:kbc-cli.py:Epoch 45/100	test results	MRR 0.896908	H@1 0.836127	H@3 0.951117	H@5 0.973464	H@10 0.989758	H@20 0.994413	H@50 0.997207	H@100 1.000000
INFO:kbc-cli.py:Epoch 46/100	Loss 4.3093 ± 0.3357
INFO:kbc-cli.py:Epoch 47/100	Loss 4.3067 ± 0.3473
INFO:kbc-cli.py:Epoch 48/100	Loss 4.3035 ± 0.3363
INFO:kbc-cli.py:Epoch 48/100	dev results	MRR 0.884962	H@1 0.820225	H@3 0.942884	H@5 0.966292	H@10 0.980337	H@20 0.989700	H@50 0.994850	H@100 1.000000
INFO:kbc-cli.py:Epoch 48/100	test results	MRR 0.896571	H@1 0.836127	H@3 0.952048	H@5 0.973929	H@10 0.989292	H@20 0.994413	H@50 0.997207	H@100 1.000000
INFO:kbc-cli.py:Epoch 49/100	Loss 4.3005 ± 0.3406
INFO:kbc-cli.py:Epoch 50/100	Loss 4.2979 ± 0.3388
INFO:kbc-cli.py:Epoch 51/100	Loss 4.2948 ± 0.3299
INFO:kbc-cli.py:Epoch 51/100	dev results	MRR 0.882983	H@1 0.816011	H@3 0.942884	H@5 0.965824	H@10 0.980805	H@20 0.989700	H@50 0.995318	H@100 1.000000
INFO:kbc-cli.py:Epoch 51/100	test results	MRR 0.894517	H@1 0.833799	H@3 0.950652	H@5 0.973464	H@10 0.989292	H@20 0.994413	H@50 0.997207	H@100 1.000000
INFO:kbc-cli.py:Epoch 52/100	Loss 4.2913 ± 0.3217
INFO:kbc-cli.py:Epoch 53/100	Loss 4.2889 ± 0.3288
INFO:kbc-cli.py:Epoch 54/100	Loss 4.2878 ± 0.3373
INFO:kbc-cli.py:Epoch 54/100	dev results	MRR 0.882386	H@1 0.815543	H@3 0.943352	H@5 0.965824	H@10 0.980805	H@20 0.989700	H@50 0.995318	H@100 1.000000
INFO:kbc-cli.py:Epoch 54/100	test results	MRR 0.895303	H@1 0.834264	H@3 0.952980	H@5 0.973464	H@10 0.989292	H@20 0.994413	H@50 0.997207	H@100 1.000000
INFO:kbc-cli.py:Epoch 55/100	Loss 4.2850 ± 0.3342
INFO:kbc-cli.py:Epoch 56/100	Loss 4.2826 ± 0.3334
INFO:kbc-cli.py:Epoch 57/100	Loss 4.2801 ± 0.3342
INFO:kbc-cli.py:Epoch 57/100	dev results	MRR 0.882673	H@1 0.816011	H@3 0.944288	H@5 0.965356	H@10 0.980337	H@20 0.989700	H@50 0.994850	H@100 1.000000
INFO:kbc-cli.py:Epoch 57/100	test results	MRR 0.895510	H@1 0.834730	H@3 0.951583	H@5 0.972998	H@10 0.989292	H@20 0.994413	H@50 0.997207	H@100 1.000000
INFO:kbc-cli.py:Epoch 58/100	Loss 4.2772 ± 0.3300
INFO:kbc-cli.py:Epoch 59/100	Loss 4.2761 ± 0.3278
INFO:kbc-cli.py:Epoch 60/100	Loss 4.2735 ± 0.3379
INFO:kbc-cli.py:Epoch 60/100	dev results	MRR 0.882764	H@1 0.816479	H@3 0.941948	H@5 0.965824	H@10 0.980805	H@20 0.989700	H@50 0.994850	H@100 1.000000
INFO:kbc-cli.py:Epoch 60/100	test results	MRR 0.894460	H@1 0.832868	H@3 0.951583	H@5 0.972067	H@10 0.989292	H@20 0.994413	H@50 0.997207	H@100 1.000000
INFO:kbc-cli.py:Epoch 61/100	Loss 4.2710 ± 0.3257
INFO:kbc-cli.py:Epoch 62/100	Loss 4.2690 ± 0.3356
INFO:kbc-cli.py:Epoch 63/100	Loss 4.2669 ± 0.3402
INFO:kbc-cli.py:Epoch 63/100	dev results	MRR 0.880280	H@1 0.811330	H@3 0.942884	H@5 0.965356	H@10 0.980805	H@20 0.989700	H@50 0.994850	H@100 1.000000
INFO:kbc-cli.py:Epoch 63/100	test results	MRR 0.893805	H@1 0.831006	H@3 0.952514	H@5 0.973929	H@10 0.989292	H@20 0.994413	H@50 0.997207	H@100 1.000000
INFO:kbc-cli.py:Epoch 64/100	Loss 4.2659 ± 0.3388
INFO:kbc-cli.py:Epoch 65/100	Loss 4.2638 ± 0.3313
INFO:kbc-cli.py:Epoch 66/100	Loss 4.2606 ± 0.3177
INFO:kbc-cli.py:Epoch 66/100	dev results	MRR 0.882098	H@1 0.815075	H@3 0.941011	H@5 0.964419	H@10 0.980805	H@20 0.989700	H@50 0.994850	H@100 1.000000
INFO:kbc-cli.py:Epoch 66/100	test results	MRR 0.893755	H@1 0.831006	H@3 0.952048	H@5 0.973464	H@10 0.989292	H@20 0.994413	H@50 0.997207	H@100 1.000000
INFO:kbc-cli.py:Epoch 67/100	Loss 4.2591 ± 0.3351
INFO:kbc-cli.py:Epoch 68/100	Loss 4.2579 ± 0.3346
INFO:kbc-cli.py:Epoch 69/100	Loss 4.2554 ± 0.3295
INFO:kbc-cli.py:Epoch 69/100	dev results	MRR 0.880711	H@1 0.811798	H@3 0.943820	H@5 0.964888	H@10 0.980805	H@20 0.989700	H@50 0.994850	H@100 1.000000
INFO:kbc-cli.py:Epoch 69/100	test results	MRR 0.893816	H@1 0.831471	H@3 0.952048	H@5 0.973929	H@10 0.989292	H@20 0.994413	H@50 0.997207	H@100 1.000000
INFO:kbc-cli.py:Epoch 70/100	Loss 4.2540 ± 0.3322
INFO:kbc-cli.py:Epoch 71/100	Loss 4.2529 ± 0.3470
INFO:kbc-cli.py:Epoch 72/100	Loss 4.2511 ± 0.3262
INFO:kbc-cli.py:Epoch 72/100	dev results	MRR 0.880594	H@1 0.812266	H@3 0.943352	H@5 0.965824	H@10 0.980337	H@20 0.989700	H@50 0.994850	H@100 1.000000
INFO:kbc-cli.py:Epoch 72/100	test results	MRR 0.895617	H@1 0.835661	H@3 0.950652	H@5 0.973464	H@10 0.989292	H@20 0.994413	H@50 0.997207	H@100 1.000000
INFO:kbc-cli.py:Epoch 73/100	Loss 4.2487 ± 0.3259
INFO:kbc-cli.py:Epoch 74/100	Loss 4.2483 ± 0.3237
INFO:kbc-cli.py:Epoch 75/100	Loss 4.2458 ± 0.3130
INFO:kbc-cli.py:Epoch 75/100	dev results	MRR 0.880064	H@1 0.810861	H@3 0.942884	H@5 0.965824	H@10 0.980805	H@20 0.989700	H@50 0.994850	H@100 1.000000
INFO:kbc-cli.py:Epoch 75/100	test results	MRR 0.894312	H@1 0.832868	H@3 0.950186	H@5 0.972998	H@10 0.989292	H@20 0.994413	H@50 0.997207	H@100 1.000000
INFO:kbc-cli.py:Epoch 76/100	Loss 4.2446 ± 0.3392
INFO:kbc-cli.py:Epoch 77/100	Loss 4.2428 ± 0.3224
INFO:kbc-cli.py:Epoch 78/100	Loss 4.2415 ± 0.3314
INFO:kbc-cli.py:Epoch 78/100	dev results	MRR 0.880931	H@1 0.812734	H@3 0.943820	H@5 0.965356	H@10 0.980337	H@20 0.989700	H@50 0.994850	H@100 1.000000
INFO:kbc-cli.py:Epoch 78/100	test results	MRR 0.892139	H@1 0.828678	H@3 0.950652	H@5 0.973929	H@10 0.989292	H@20 0.994413	H@50 0.997207	H@100 1.000000
INFO:kbc-cli.py:Epoch 79/100	Loss 4.2397 ± 0.3173
INFO:kbc-cli.py:Epoch 80/100	Loss 4.2384 ± 0.3321
INFO:kbc-cli.py:Epoch 81/100	Loss 4.2375 ± 0.3338
INFO:kbc-cli.py:Epoch 81/100	dev results	MRR 0.880804	H@1 0.811798	H@3 0.943820	H@5 0.966292	H@10 0.980805	H@20 0.989700	H@50 0.994382	H@100 1.000000
INFO:kbc-cli.py:Epoch 81/100	test results	MRR 0.893458	H@1 0.831471	H@3 0.950652	H@5 0.972533	H@10 0.989292	H@20 0.994413	H@50 0.997207	H@100 1.000000
INFO:kbc-cli.py:Epoch 82/100	Loss 4.2356 ± 0.3322
INFO:kbc-cli.py:Epoch 83/100	Loss 4.2355 ± 0.3216
INFO:kbc-cli.py:Epoch 84/100	Loss 4.2330 ± 0.3331
INFO:kbc-cli.py:Epoch 84/100	dev results	MRR 0.881374	H@1 0.814607	H@3 0.941948	H@5 0.964888	H@10 0.980805	H@20 0.989700	H@50 0.994850	H@100 1.000000
INFO:kbc-cli.py:Epoch 84/100	test results	MRR 0.892453	H@1 0.829609	H@3 0.950186	H@5 0.973929	H@10 0.989292	H@20 0.994413	H@50 0.997207	H@100 1.000000
INFO:kbc-cli.py:Epoch 85/100	Loss 4.2314 ± 0.3272
INFO:kbc-cli.py:Epoch 86/100	Loss 4.2306 ± 0.3361
INFO:kbc-cli.py:Epoch 87/100	Loss 4.2294 ± 0.3266
INFO:kbc-cli.py:Epoch 87/100	dev results	MRR 0.880870	H@1 0.813202	H@3 0.940075	H@5 0.965356	H@10 0.980805	H@20 0.989700	H@50 0.994850	H@100 1.000000
INFO:kbc-cli.py:Epoch 87/100	test results	MRR 0.891514	H@1 0.828212	H@3 0.949255	H@5 0.973929	H@10 0.989292	H@20 0.994413	H@50 0.997207	H@100 1.000000
INFO:kbc-cli.py:Epoch 88/100	Loss 4.2285 ± 0.3319
INFO:kbc-cli.py:Epoch 89/100	Loss 4.2266 ± 0.3275
INFO:kbc-cli.py:Epoch 90/100	Loss 4.2262 ± 0.3189
INFO:kbc-cli.py:Epoch 90/100	dev results	MRR 0.880933	H@1 0.813202	H@3 0.942884	H@5 0.965356	H@10 0.980805	H@20 0.989700	H@50 0.994850	H@100 1.000000
INFO:kbc-cli.py:Epoch 90/100	test results	MRR 0.892048	H@1 0.828678	H@3 0.950652	H@5 0.973464	H@10 0.989292	H@20 0.994413	H@50 0.997207	H@100 1.000000
INFO:kbc-cli.py:Epoch 91/100	Loss 4.2253 ± 0.3275
INFO:kbc-cli.py:Epoch 92/100	Loss 4.2244 ± 0.3153
INFO:kbc-cli.py:Epoch 93/100	Loss 4.2227 ± 0.3261
INFO:kbc-cli.py:Epoch 93/100	dev results	MRR 0.880444	H@1 0.812266	H@3 0.941948	H@5 0.964888	H@10 0.980337	H@20 0.989700	H@50 0.994382	H@100 1.000000
INFO:kbc-cli.py:Epoch 93/100	test results	MRR 0.892807	H@1 0.830074	H@3 0.950186	H@5 0.973929	H@10 0.989292	H@20 0.994413	H@50 0.997207	H@100 1.000000
INFO:kbc-cli.py:Epoch 94/100	Loss 4.2214 ± 0.3332
INFO:kbc-cli.py:Epoch 95/100	Loss 4.2206 ± 0.3342
INFO:kbc-cli.py:Epoch 96/100	Loss 4.2194 ± 0.3354
INFO:kbc-cli.py:Epoch 96/100	dev results	MRR 0.879526	H@1 0.810861	H@3 0.941479	H@5 0.964888	H@10 0.980337	H@20 0.989700	H@50 0.994382	H@100 1.000000
INFO:kbc-cli.py:Epoch 96/100	test results	MRR 0.892269	H@1 0.829143	H@3 0.950186	H@5 0.973929	H@10 0.989292	H@20 0.994413	H@50 0.997207	H@100 1.000000
INFO:kbc-cli.py:Epoch 97/100	Loss 4.2184 ± 0.3262
INFO:kbc-cli.py:Epoch 98/100	Loss 4.2174 ± 0.3168
INFO:kbc-cli.py:Epoch 99/100	Loss 4.2161 ± 0.3231
INFO:kbc-cli.py:Epoch 99/100	dev results	MRR 0.879480	H@1 0.810393	H@3 0.941948	H@5 0.965356	H@10 0.980337	H@20 0.989700	H@50 0.994382	H@100 1.000000
INFO:kbc-cli.py:Epoch 99/100	test results	MRR 0.893615	H@1 0.831937	H@3 0.949721	H@5 0.972533	H@10 0.989292	H@20 0.994413	H@50 0.997207	H@100 1.000000
INFO:kbc-cli.py:Epoch 100/100	Loss 4.2156 ± 0.3393
INFO:kbc-cli.py:Final 	dev results	MRR 0.878497	H@1 0.808521	H@3 0.942416	H@5 0.965356	H@10 0.980337	H@20 0.989700	H@50 0.994850	H@100 1.000000
INFO:kbc-cli.py:Final 	test results	MRR 0.893523	H@1 0.831471	H@3 0.950652	H@5 0.972533	H@10 0.989292	H@20 0.994413	H@50 0.997207	H@100 1.000000
INFO:kbc-cli.py:Training finished
