./bin/kbc-cli.py --train data/nations/train.tsv --dev data/nations/dev.tsv --test data/nations/test.tsv -m complex -k 100 -b 50 -e 100 --F2 0 --N3 0.1 -l 0.1 -I standard -V 3 -o adagrad -c spo -q
{'F2': 0.0,
 'N3': 0.1,
 'batch_size': 50,
 'corruption': 'spo',
 'dev': 'data/nations/dev.tsv',
 'embedding_size': 100,
 'epochs': 100,
 'eval_batch_size': None,
 'input_type': 'standard',
 'learning_rate': 0.1,
 'load': None,
 'model': 'complex',
 'optimizer': 'adagrad',
 'quiet': True,
 'save': None,
 'seed': 0,
 'test': 'data/nations/test.tsv',
 'test_i': None,
 'test_ii': None,
 'train': 'data/nations/train.tsv',
 'validate_every': 3}
INFO:kbc-cli.py:Device: cuda
INFO:kbc-cli.py:Model state:
INFO:kbc-cli.py:	entities.weight	torch.Size([14, 200])
INFO:kbc-cli.py:	predicates.weight	torch.Size([55, 200])
INFO:kbc-cli.py:Epoch 1/100	Loss 9.3300 ± 0.1206
INFO:kbc-cli.py:Epoch 2/100	Loss 8.9927 ± 0.0884
INFO:kbc-cli.py:Epoch 3/100	Loss 8.8472 ± 0.1196
INFO:kbc-cli.py:Epoch 3/100	dev results	MRR 0.657022	H@1 0.484925	H@3 0.786432	H@5 0.894472	H@10 0.994975	H@20 1.000000	H@50 1.000000	H@100 1.000000
INFO:kbc-cli.py:Epoch 3/100	test results	MRR 0.673229	H@1 0.504975	H@3 0.803483	H@5 0.907960	H@10 0.985075	H@20 1.000000	H@50 1.000000	H@100 1.000000
INFO:kbc-cli.py:Epoch 4/100	Loss 8.7744 ± 0.1555
INFO:kbc-cli.py:Epoch 5/100	Loss 8.7282 ± 0.1429
INFO:kbc-cli.py:Epoch 6/100	Loss 8.7013 ± 0.1474
INFO:kbc-cli.py:Epoch 6/100	dev results	MRR 0.680967	H@1 0.512563	H@3 0.804020	H@5 0.919598	H@10 0.994975	H@20 1.000000	H@50 1.000000	H@100 1.000000
INFO:kbc-cli.py:Epoch 6/100	test results	MRR 0.714649	H@1 0.557214	H@3 0.845771	H@5 0.932836	H@10 0.992537	H@20 1.000000	H@50 1.000000	H@100 1.000000
INFO:kbc-cli.py:Epoch 7/100	Loss 8.6772 ± 0.1375
INFO:kbc-cli.py:Epoch 8/100	Loss 8.6528 ± 0.1152
INFO:kbc-cli.py:Epoch 9/100	Loss 8.6383 ± 0.1531
INFO:kbc-cli.py:Epoch 9/100	dev results	MRR 0.696814	H@1 0.532663	H@3 0.826633	H@5 0.934673	H@10 0.992462	H@20 1.000000	H@50 1.000000	H@100 1.000000
INFO:kbc-cli.py:Epoch 9/100	test results	MRR 0.738981	H@1 0.594527	H@3 0.850746	H@5 0.937811	H@10 0.992537	H@20 1.000000	H@50 1.000000	H@100 1.000000
INFO:kbc-cli.py:Epoch 10/100	Loss 8.6222 ± 0.1520
INFO:kbc-cli.py:Epoch 11/100	Loss 8.6113 ± 0.1322
INFO:kbc-cli.py:Epoch 12/100	Loss 8.5987 ± 0.1452
INFO:kbc-cli.py:Epoch 12/100	dev results	MRR 0.705372	H@1 0.550251	H@3 0.811558	H@5 0.939698	H@10 0.992462	H@20 1.000000	H@50 1.000000	H@100 1.000000
INFO:kbc-cli.py:Epoch 12/100	test results	MRR 0.754395	H@1 0.619403	H@3 0.863184	H@5 0.942786	H@10 0.990050	H@20 1.000000	H@50 1.000000	H@100 1.000000
INFO:kbc-cli.py:Epoch 13/100	Loss 8.5889 ± 0.1264
INFO:kbc-cli.py:Epoch 14/100	Loss 8.5833 ± 0.1122
INFO:kbc-cli.py:Epoch 15/100	Loss 8.5721 ± 0.1318
INFO:kbc-cli.py:Epoch 15/100	dev results	MRR 0.713251	H@1 0.562814	H@3 0.841709	H@5 0.937186	H@10 0.992462	H@20 1.000000	H@50 1.000000	H@100 1.000000
INFO:kbc-cli.py:Epoch 15/100	test results	MRR 0.759560	H@1 0.626866	H@3 0.873134	H@5 0.940299	H@10 0.990050	H@20 1.000000	H@50 1.000000	H@100 1.000000
INFO:kbc-cli.py:Epoch 16/100	Loss 8.5661 ± 0.1234
INFO:kbc-cli.py:Epoch 17/100	Loss 8.5600 ± 0.1227
INFO:kbc-cli.py:Epoch 18/100	Loss 8.5538 ± 0.1458
INFO:kbc-cli.py:Epoch 18/100	dev results	MRR 0.712529	H@1 0.557789	H@3 0.841709	H@5 0.942211	H@10 0.992462	H@20 1.000000	H@50 1.000000	H@100 1.000000
INFO:kbc-cli.py:Epoch 18/100	test results	MRR 0.759102	H@1 0.624378	H@3 0.870647	H@5 0.940299	H@10 0.990050	H@20 1.000000	H@50 1.000000	H@100 1.000000
INFO:kbc-cli.py:Epoch 19/100	Loss 8.5464 ± 0.1481
INFO:kbc-cli.py:Epoch 20/100	Loss 8.5418 ± 0.1054
INFO:kbc-cli.py:Epoch 21/100	Loss 8.5359 ± 0.1225
INFO:kbc-cli.py:Epoch 21/100	dev results	MRR 0.715630	H@1 0.560302	H@3 0.849246	H@5 0.949749	H@10 0.992462	H@20 1.000000	H@50 1.000000	H@100 1.000000
INFO:kbc-cli.py:Epoch 21/100	test results	MRR 0.770521	H@1 0.646766	H@3 0.883085	H@5 0.947761	H@10 0.995025	H@20 1.000000	H@50 1.000000	H@100 1.000000
INFO:kbc-cli.py:Epoch 22/100	Loss 8.5314 ± 0.1259
INFO:kbc-cli.py:Epoch 23/100	Loss 8.5279 ± 0.1327
INFO:kbc-cli.py:Epoch 24/100	Loss 8.5224 ± 0.1272
INFO:kbc-cli.py:Epoch 24/100	dev results	MRR 0.723566	H@1 0.577889	H@3 0.849246	H@5 0.944724	H@10 0.992462	H@20 1.000000	H@50 1.000000	H@100 1.000000
INFO:kbc-cli.py:Epoch 24/100	test results	MRR 0.763560	H@1 0.634328	H@3 0.880597	H@5 0.945274	H@10 0.990050	H@20 1.000000	H@50 1.000000	H@100 1.000000
INFO:kbc-cli.py:Epoch 25/100	Loss 8.5182 ± 0.1350
INFO:kbc-cli.py:Epoch 26/100	Loss 8.5151 ± 0.1243
INFO:kbc-cli.py:Epoch 27/100	Loss 8.5134 ± 0.1211
INFO:kbc-cli.py:Epoch 27/100	dev results	MRR 0.728009	H@1 0.585427	H@3 0.854271	H@5 0.944724	H@10 0.992462	H@20 1.000000	H@50 1.000000	H@100 1.000000
INFO:kbc-cli.py:Epoch 27/100	test results	MRR 0.767945	H@1 0.641791	H@3 0.883085	H@5 0.952736	H@10 0.992537	H@20 1.000000	H@50 1.000000	H@100 1.000000
INFO:kbc-cli.py:Epoch 28/100	Loss 8.5099 ± 0.1160
INFO:kbc-cli.py:Epoch 29/100	Loss 8.5040 ± 0.1251
INFO:kbc-cli.py:Epoch 30/100	Loss 8.5016 ± 0.1335
INFO:kbc-cli.py:Epoch 30/100	dev results	MRR 0.728122	H@1 0.585427	H@3 0.854271	H@5 0.952261	H@10 0.992462	H@20 1.000000	H@50 1.000000	H@100 1.000000
INFO:kbc-cli.py:Epoch 30/100	test results	MRR 0.773128	H@1 0.651741	H@3 0.873134	H@5 0.947761	H@10 0.992537	H@20 1.000000	H@50 1.000000	H@100 1.000000
INFO:kbc-cli.py:Epoch 31/100	Loss 8.4994 ± 0.1237
INFO:kbc-cli.py:Epoch 32/100	Loss 8.4960 ± 0.0842
INFO:kbc-cli.py:Epoch 33/100	Loss 8.4951 ± 0.1365
INFO:kbc-cli.py:Epoch 33/100	dev results	MRR 0.731789	H@1 0.590452	H@3 0.856784	H@5 0.949749	H@10 0.992462	H@20 1.000000	H@50 1.000000	H@100 1.000000
INFO:kbc-cli.py:Epoch 33/100	test results	MRR 0.779476	H@1 0.661692	H@3 0.875622	H@5 0.950249	H@10 0.990050	H@20 1.000000	H@50 1.000000	H@100 1.000000
INFO:kbc-cli.py:Epoch 34/100	Loss 8.4920 ± 0.1424
INFO:kbc-cli.py:Epoch 35/100	Loss 8.4898 ± 0.1609
INFO:kbc-cli.py:Epoch 36/100	Loss 8.4887 ± 0.1106
INFO:kbc-cli.py:Epoch 36/100	dev results	MRR 0.735037	H@1 0.597990	H@3 0.851759	H@5 0.944724	H@10 0.992462	H@20 1.000000	H@50 1.000000	H@100 1.000000
INFO:kbc-cli.py:Epoch 36/100	test results	MRR 0.778667	H@1 0.661692	H@3 0.873134	H@5 0.950249	H@10 0.990050	H@20 1.000000	H@50 1.000000	H@100 1.000000
INFO:kbc-cli.py:Epoch 37/100	Loss 8.4856 ± 0.1081
INFO:kbc-cli.py:Epoch 38/100	Loss 8.4807 ± 0.1047
INFO:kbc-cli.py:Epoch 39/100	Loss 8.4798 ± 0.1180
INFO:kbc-cli.py:Epoch 39/100	dev results	MRR 0.734726	H@1 0.597990	H@3 0.859296	H@5 0.947236	H@10 0.992462	H@20 1.000000	H@50 1.000000	H@100 1.000000
INFO:kbc-cli.py:Epoch 39/100	test results	MRR 0.777693	H@1 0.659204	H@3 0.880597	H@5 0.950249	H@10 0.990050	H@20 1.000000	H@50 1.000000	H@100 1.000000
INFO:kbc-cli.py:Epoch 40/100	Loss 8.4796 ± 0.1396
INFO:kbc-cli.py:Epoch 41/100	Loss 8.4795 ± 0.1417
INFO:kbc-cli.py:Epoch 42/100	Loss 8.4753 ± 0.1270
INFO:kbc-cli.py:Epoch 42/100	dev results	MRR 0.738555	H@1 0.603015	H@3 0.856784	H@5 0.944724	H@10 0.992462	H@20 1.000000	H@50 1.000000	H@100 1.000000
INFO:kbc-cli.py:Epoch 42/100	test results	MRR 0.781618	H@1 0.664179	H@3 0.880597	H@5 0.955224	H@10 0.990050	H@20 1.000000	H@50 1.000000	H@100 1.000000
INFO:kbc-cli.py:Epoch 43/100	Loss 8.4738 ± 0.1525
INFO:kbc-cli.py:Epoch 44/100	Loss 8.4719 ± 0.1824
INFO:kbc-cli.py:Epoch 45/100	Loss 8.4710 ± 0.1362
INFO:kbc-cli.py:Epoch 45/100	dev results	MRR 0.738345	H@1 0.603015	H@3 0.856784	H@5 0.942211	H@10 0.992462	H@20 1.000000	H@50 1.000000	H@100 1.000000
INFO:kbc-cli.py:Epoch 45/100	test results	MRR 0.788228	H@1 0.676617	H@3 0.885572	H@5 0.952736	H@10 0.990050	H@20 1.000000	H@50 1.000000	H@100 1.000000
INFO:kbc-cli.py:Epoch 46/100	Loss 8.4692 ± 0.1492
INFO:kbc-cli.py:Epoch 47/100	Loss 8.4687 ± 0.1153
INFO:kbc-cli.py:Epoch 48/100	Loss 8.4652 ± 0.1163
INFO:kbc-cli.py:Epoch 48/100	dev results	MRR 0.736335	H@1 0.600503	H@3 0.851759	H@5 0.944724	H@10 0.992462	H@20 1.000000	H@50 1.000000	H@100 1.000000
INFO:kbc-cli.py:Epoch 48/100	test results	MRR 0.786177	H@1 0.671642	H@3 0.885572	H@5 0.952736	H@10 0.992537	H@20 1.000000	H@50 1.000000	H@100 1.000000
INFO:kbc-cli.py:Epoch 49/100	Loss 8.4657 ± 0.1353
INFO:kbc-cli.py:Epoch 50/100	Loss 8.4643 ± 0.1185
INFO:kbc-cli.py:Epoch 51/100	Loss 8.4634 ± 0.1194
INFO:kbc-cli.py:Epoch 51/100	dev results	MRR 0.739099	H@1 0.605528	H@3 0.854271	H@5 0.944724	H@10 0.992462	H@20 1.000000	H@50 1.000000	H@100 1.000000
INFO:kbc-cli.py:Epoch 51/100	test results	MRR 0.783027	H@1 0.664179	H@3 0.888060	H@5 0.955224	H@10 0.992537	H@20 1.000000	H@50 1.000000	H@100 1.000000
INFO:kbc-cli.py:Epoch 52/100	Loss 8.4627 ± 0.0829
INFO:kbc-cli.py:Epoch 53/100	Loss 8.4613 ± 0.1000
INFO:kbc-cli.py:Epoch 54/100	Loss 8.4607 ± 0.1232
INFO:kbc-cli.py:Epoch 54/100	dev results	MRR 0.739434	H@1 0.605528	H@3 0.861809	H@5 0.944724	H@10 0.992462	H@20 1.000000	H@50 1.000000	H@100 1.000000
INFO:kbc-cli.py:Epoch 54/100	test results	MRR 0.782156	H@1 0.661692	H@3 0.890547	H@5 0.952736	H@10 0.992537	H@20 1.000000	H@50 1.000000	H@100 1.000000
INFO:kbc-cli.py:Epoch 55/100	Loss 8.4588 ± 0.1400
INFO:kbc-cli.py:Epoch 56/100	Loss 8.4580 ± 0.1072
INFO:kbc-cli.py:Epoch 57/100	Loss 8.4559 ± 0.1311
INFO:kbc-cli.py:Epoch 57/100	dev results	MRR 0.740311	H@1 0.605528	H@3 0.856784	H@5 0.944724	H@10 0.994975	H@20 1.000000	H@50 1.000000	H@100 1.000000
INFO:kbc-cli.py:Epoch 57/100	test results	MRR 0.788455	H@1 0.674129	H@3 0.890547	H@5 0.952736	H@10 0.992537	H@20 1.000000	H@50 1.000000	H@100 1.000000
INFO:kbc-cli.py:Epoch 58/100	Loss 8.4559 ± 0.1291
INFO:kbc-cli.py:Epoch 59/100	Loss 8.4545 ± 0.1315
INFO:kbc-cli.py:Epoch 60/100	Loss 8.4541 ± 0.1177
INFO:kbc-cli.py:Epoch 60/100	dev results	MRR 0.742213	H@1 0.608040	H@3 0.864322	H@5 0.947236	H@10 0.994975	H@20 1.000000	H@50 1.000000	H@100 1.000000
INFO:kbc-cli.py:Epoch 60/100	test results	MRR 0.786257	H@1 0.669154	H@3 0.890547	H@5 0.952736	H@10 0.992537	H@20 1.000000	H@50 1.000000	H@100 1.000000
INFO:kbc-cli.py:Epoch 61/100	Loss 8.4537 ± 0.1228
INFO:kbc-cli.py:Epoch 62/100	Loss 8.4529 ± 0.1355
INFO:kbc-cli.py:Epoch 63/100	Loss 8.4516 ± 0.0966
INFO:kbc-cli.py:Epoch 63/100	dev results	MRR 0.739868	H@1 0.605528	H@3 0.859296	H@5 0.947236	H@10 0.994975	H@20 1.000000	H@50 1.000000	H@100 1.000000
INFO:kbc-cli.py:Epoch 63/100	test results	MRR 0.787851	H@1 0.671642	H@3 0.890547	H@5 0.952736	H@10 0.992537	H@20 1.000000	H@50 1.000000	H@100 1.000000
INFO:kbc-cli.py:Epoch 64/100	Loss 8.4502 ± 0.1518
INFO:kbc-cli.py:Epoch 65/100	Loss 8.4509 ± 0.1243
INFO:kbc-cli.py:Epoch 66/100	Loss 8.4498 ± 0.1472
INFO:kbc-cli.py:Epoch 66/100	dev results	MRR 0.744726	H@1 0.613065	H@3 0.864322	H@5 0.947236	H@10 0.994975	H@20 1.000000	H@50 1.000000	H@100 1.000000
INFO:kbc-cli.py:Epoch 66/100	test results	MRR 0.788742	H@1 0.671642	H@3 0.895522	H@5 0.952736	H@10 0.992537	H@20 1.000000	H@50 1.000000	H@100 1.000000
INFO:kbc-cli.py:Epoch 67/100	Loss 8.4472 ± 0.1507
INFO:kbc-cli.py:Epoch 68/100	Loss 8.4483 ± 0.1309
INFO:kbc-cli.py:Epoch 69/100	Loss 8.4458 ± 0.1341
INFO:kbc-cli.py:Epoch 69/100	dev results	MRR 0.743888	H@1 0.610553	H@3 0.861809	H@5 0.949749	H@10 0.994975	H@20 1.000000	H@50 1.000000	H@100 1.000000
INFO:kbc-cli.py:Epoch 69/100	test results	MRR 0.787588	H@1 0.671642	H@3 0.890547	H@5 0.947761	H@10 0.992537	H@20 1.000000	H@50 1.000000	H@100 1.000000
INFO:kbc-cli.py:Epoch 70/100	Loss 8.4461 ± 0.1203
INFO:kbc-cli.py:Epoch 71/100	Loss 8.4460 ± 0.1143
INFO:kbc-cli.py:Epoch 72/100	Loss 8.4449 ± 0.1128
INFO:kbc-cli.py:Epoch 72/100	dev results	MRR 0.742925	H@1 0.610553	H@3 0.856784	H@5 0.949749	H@10 0.994975	H@20 1.000000	H@50 1.000000	H@100 1.000000
INFO:kbc-cli.py:Epoch 72/100	test results	MRR 0.787156	H@1 0.669154	H@3 0.895522	H@5 0.952736	H@10 0.992537	H@20 1.000000	H@50 1.000000	H@100 1.000000
INFO:kbc-cli.py:Epoch 73/100	Loss 8.4437 ± 0.1317
INFO:kbc-cli.py:Epoch 74/100	Loss 8.4442 ± 0.1261
INFO:kbc-cli.py:Epoch 75/100	Loss 8.4429 ± 0.1289
INFO:kbc-cli.py:Epoch 75/100	dev results	MRR 0.741867	H@1 0.608040	H@3 0.856784	H@5 0.949749	H@10 0.994975	H@20 1.000000	H@50 1.000000	H@100 1.000000
INFO:kbc-cli.py:Epoch 75/100	test results	MRR 0.790863	H@1 0.674129	H@3 0.898010	H@5 0.952736	H@10 0.992537	H@20 1.000000	H@50 1.000000	H@100 1.000000
INFO:kbc-cli.py:Epoch 76/100	Loss 8.4416 ± 0.1204
INFO:kbc-cli.py:Epoch 77/100	Loss 8.4428 ± 0.1300
INFO:kbc-cli.py:Epoch 78/100	Loss 8.4401 ± 0.0929
INFO:kbc-cli.py:Epoch 78/100	dev results	MRR 0.747121	H@1 0.615578	H@3 0.859296	H@5 0.949749	H@10 0.994975	H@20 1.000000	H@50 1.000000	H@100 1.000000
INFO:kbc-cli.py:Epoch 78/100	test results	MRR 0.790780	H@1 0.674129	H@3 0.900498	H@5 0.947761	H@10 0.992537	H@20 1.000000	H@50 1.000000	H@100 1.000000
INFO:kbc-cli.py:Epoch 79/100	Loss 8.4409 ± 0.1232
INFO:kbc-cli.py:Epoch 80/100	Loss 8.4395 ± 0.1123
INFO:kbc-cli.py:Epoch 81/100	Loss 8.4396 ± 0.1319
INFO:kbc-cli.py:Epoch 81/100	dev results	MRR 0.745446	H@1 0.613065	H@3 0.856784	H@5 0.947236	H@10 0.994975	H@20 1.000000	H@50 1.000000	H@100 1.000000
INFO:kbc-cli.py:Epoch 81/100	test results	MRR 0.791900	H@1 0.676617	H@3 0.900498	H@5 0.952736	H@10 0.992537	H@20 1.000000	H@50 1.000000	H@100 1.000000
INFO:kbc-cli.py:Epoch 82/100	Loss 8.4394 ± 0.1213
INFO:kbc-cli.py:Epoch 83/100	Loss 8.4382 ± 0.1179
INFO:kbc-cli.py:Epoch 84/100	Loss 8.4388 ± 0.1483
INFO:kbc-cli.py:Epoch 84/100	dev results	MRR 0.744099	H@1 0.610553	H@3 0.859296	H@5 0.949749	H@10 0.994975	H@20 1.000000	H@50 1.000000	H@100 1.000000
INFO:kbc-cli.py:Epoch 84/100	test results	MRR 0.792409	H@1 0.676617	H@3 0.902985	H@5 0.947761	H@10 0.992537	H@20 1.000000	H@50 1.000000	H@100 1.000000
INFO:kbc-cli.py:Epoch 85/100	Loss 8.4376 ± 0.1269
INFO:kbc-cli.py:Epoch 86/100	Loss 8.4361 ± 0.1126
INFO:kbc-cli.py:Epoch 87/100	Loss 8.4350 ± 0.1380
INFO:kbc-cli.py:Epoch 87/100	dev results	MRR 0.744643	H@1 0.610553	H@3 0.859296	H@5 0.949749	H@10 0.994975	H@20 1.000000	H@50 1.000000	H@100 1.000000
INFO:kbc-cli.py:Epoch 87/100	test results	MRR 0.792617	H@1 0.676617	H@3 0.902985	H@5 0.950249	H@10 0.992537	H@20 1.000000	H@50 1.000000	H@100 1.000000
INFO:kbc-cli.py:Epoch 88/100	Loss 8.4349 ± 0.1313
INFO:kbc-cli.py:Epoch 89/100	Loss 8.4347 ± 0.1132
INFO:kbc-cli.py:Epoch 90/100	Loss 8.4356 ± 0.0932
INFO:kbc-cli.py:Epoch 90/100	dev results	MRR 0.746074	H@1 0.613065	H@3 0.856784	H@5 0.949749	H@10 0.994975	H@20 1.000000	H@50 1.000000	H@100 1.000000
INFO:kbc-cli.py:Epoch 90/100	test results	MRR 0.792468	H@1 0.676617	H@3 0.900498	H@5 0.950249	H@10 0.992537	H@20 1.000000	H@50 1.000000	H@100 1.000000
INFO:kbc-cli.py:Epoch 91/100	Loss 8.4345 ± 0.1052
INFO:kbc-cli.py:Epoch 92/100	Loss 8.4347 ± 0.1367
INFO:kbc-cli.py:Epoch 93/100	Loss 8.4336 ± 0.1176
INFO:kbc-cli.py:Epoch 93/100	dev results	MRR 0.747143	H@1 0.615578	H@3 0.859296	H@5 0.947236	H@10 0.994975	H@20 1.000000	H@50 1.000000	H@100 1.000000
INFO:kbc-cli.py:Epoch 93/100	test results	MRR 0.793837	H@1 0.679104	H@3 0.902985	H@5 0.947761	H@10 0.992537	H@20 1.000000	H@50 1.000000	H@100 1.000000
INFO:kbc-cli.py:Epoch 94/100	Loss 8.4342 ± 0.1097
INFO:kbc-cli.py:Epoch 95/100	Loss 8.4315 ± 0.1222
INFO:kbc-cli.py:Epoch 96/100	Loss 8.4318 ± 0.1500
INFO:kbc-cli.py:Epoch 96/100	dev results	MRR 0.748903	H@1 0.618090	H@3 0.859296	H@5 0.947236	H@10 0.994975	H@20 1.000000	H@50 1.000000	H@100 1.000000
INFO:kbc-cli.py:Epoch 96/100	test results	MRR 0.791349	H@1 0.674129	H@3 0.902985	H@5 0.947761	H@10 0.992537	H@20 1.000000	H@50 1.000000	H@100 1.000000
INFO:kbc-cli.py:Epoch 97/100	Loss 8.4330 ± 0.1187
INFO:kbc-cli.py:Epoch 98/100	Loss 8.4317 ± 0.1155
INFO:kbc-cli.py:Epoch 99/100	Loss 8.4313 ± 0.1079
INFO:kbc-cli.py:Epoch 99/100	dev results	MRR 0.748394	H@1 0.618090	H@3 0.859296	H@5 0.947236	H@10 0.994975	H@20 1.000000	H@50 1.000000	H@100 1.000000
INFO:kbc-cli.py:Epoch 99/100	test results	MRR 0.793135	H@1 0.676617	H@3 0.902985	H@5 0.950249	H@10 0.992537	H@20 1.000000	H@50 1.000000	H@100 1.000000
INFO:kbc-cli.py:Epoch 100/100	Loss 8.4304 ± 0.1251
INFO:kbc-cli.py:Final 	dev results	MRR 0.748454	H@1 0.618090	H@3 0.859296	H@5 0.947236	H@10 0.994975	H@20 1.000000	H@50 1.000000	H@100 1.000000
INFO:kbc-cli.py:Final 	test results	MRR 0.794171	H@1 0.679104	H@3 0.900498	H@5 0.950249	H@10 0.992537	H@20 1.000000	H@50 1.000000	H@100 1.000000
INFO:kbc-cli.py:Training finished
