./bin/kbc-cli.py --train data/umls/train.tsv --dev data/umls/dev.tsv --test data/umls/test.tsv -m complex -k 500 -b 10 -e 100 --F2 0 --N3 0.5 -l 0.1 -I standard -V 3 -o adagrad -c spo -q
{'F2': 0.0,
 'N3': 0.5,
 'batch_size': 10,
 'corruption': 'spo',
 'dev': 'data/umls/dev.tsv',
 'embedding_size': 500,
 'epochs': 100,
 'eval_batch_size': None,
 'input_type': 'standard',
 'learning_rate': 0.1,
 'load': None,
 'model': 'complex',
 'optimizer': 'adagrad',
 'quiet': True,
 'save': None,
 'seed': 0,
 'test': 'data/umls/test.tsv',
 'test_i': None,
 'test_ii': None,
 'train': 'data/umls/train.tsv',
 'validate_every': 3}
INFO:kbc-cli.py:Device: cuda
INFO:kbc-cli.py:Model state:
INFO:kbc-cli.py:	entities.weight	torch.Size([135, 1000])
INFO:kbc-cli.py:	predicates.weight	torch.Size([46, 1000])
INFO:kbc-cli.py:Epoch 1/100	Loss 16.9736 ± 6.0966
INFO:kbc-cli.py:Epoch 2/100	Loss 14.1004 ± 2.5978
INFO:kbc-cli.py:Epoch 3/100	Loss 13.7380 ± 2.0077
INFO:kbc-cli.py:Epoch 3/100	dev results	MRR 0.592731	H@1 0.457822	H@3 0.665644	H@5 0.756902	H@10 0.858129	H@20 0.917945	H@50 0.965491	H@100 0.991564
INFO:kbc-cli.py:Epoch 3/100	test results	MRR 0.580695	H@1 0.447806	H@3 0.645234	H@5 0.734493	H@10 0.837368	H@20 0.894100	H@50 0.956127	H@100 0.996218
INFO:kbc-cli.py:Epoch 4/100	Loss 13.5776 ± 1.7612
INFO:kbc-cli.py:Epoch 5/100	Loss 13.4826 ± 1.4882
INFO:kbc-cli.py:Epoch 6/100	Loss 13.4194 ± 1.3353
INFO:kbc-cli.py:Epoch 6/100	dev results	MRR 0.603558	H@1 0.463190	H@3 0.687117	H@5 0.779141	H@10 0.868098	H@20 0.926380	H@50 0.967791	H@100 0.990031
INFO:kbc-cli.py:Epoch 6/100	test results	MRR 0.582758	H@1 0.440998	H@3 0.660363	H@5 0.755673	H@10 0.855522	H@20 0.911498	H@50 0.959909	H@100 0.994705
INFO:kbc-cli.py:Epoch 7/100	Loss 13.3753 ± 1.2219
INFO:kbc-cli.py:Epoch 8/100	Loss 13.3411 ± 1.1047
INFO:kbc-cli.py:Epoch 9/100	Loss 13.3227 ± 1.1206
INFO:kbc-cli.py:Epoch 9/100	dev results	MRR 0.619859	H@1 0.490798	H@3 0.693252	H@5 0.767638	H@10 0.861963	H@20 0.922546	H@50 0.965491	H@100 0.991564
INFO:kbc-cli.py:Epoch 9/100	test results	MRR 0.604009	H@1 0.474281	H@3 0.670953	H@5 0.749622	H@10 0.855522	H@20 0.910741	H@50 0.962935	H@100 0.994705
INFO:kbc-cli.py:Epoch 10/100	Loss 13.2937 ± 0.9682
INFO:kbc-cli.py:Epoch 11/100	Loss 13.2762 ± 0.9137
INFO:kbc-cli.py:Epoch 12/100	Loss 13.2628 ± 0.8592
INFO:kbc-cli.py:Epoch 12/100	dev results	MRR 0.615237	H@1 0.470859	H@3 0.698620	H@5 0.795245	H@10 0.875767	H@20 0.921012	H@50 0.963957	H@100 0.991564
INFO:kbc-cli.py:Epoch 12/100	test results	MRR 0.600164	H@1 0.460666	H@3 0.682300	H@5 0.768533	H@10 0.855522	H@20 0.908472	H@50 0.963691	H@100 0.994705
INFO:kbc-cli.py:Epoch 13/100	Loss 13.2505 ± 0.8185
INFO:kbc-cli.py:Epoch 14/100	Loss 13.2413 ± 0.8237
INFO:kbc-cli.py:Epoch 15/100	Loss 13.2319 ± 0.7654
INFO:kbc-cli.py:Epoch 15/100	dev results	MRR 0.614717	H@1 0.475460	H@3 0.694785	H@5 0.777607	H@10 0.872699	H@20 0.921779	H@50 0.962423	H@100 0.990798
INFO:kbc-cli.py:Epoch 15/100	test results	MRR 0.609146	H@1 0.475038	H@3 0.685325	H@5 0.762481	H@10 0.857791	H@20 0.913011	H@50 0.963691	H@100 0.994705
INFO:kbc-cli.py:Epoch 16/100	Loss 13.2235 ± 0.7212
INFO:kbc-cli.py:Epoch 17/100	Loss 13.2166 ± 0.6885
INFO:kbc-cli.py:Epoch 18/100	Loss 13.2105 ± 0.6652
INFO:kbc-cli.py:Epoch 18/100	dev results	MRR 0.608726	H@1 0.471626	H@3 0.681748	H@5 0.774540	H@10 0.869632	H@20 0.920245	H@50 0.963190	H@100 0.991564
INFO:kbc-cli.py:Epoch 18/100	test results	MRR 0.603266	H@1 0.470499	H@3 0.673979	H@5 0.770802	H@10 0.855522	H@20 0.910741	H@50 0.961422	H@100 0.995461
INFO:kbc-cli.py:Epoch 19/100	Loss 13.2059 ± 0.6496
INFO:kbc-cli.py:Epoch 20/100	Loss 13.2015 ± 0.6510
INFO:kbc-cli.py:Epoch 21/100	Loss 13.1963 ± 0.6132
INFO:kbc-cli.py:Epoch 21/100	dev results	MRR 0.615234	H@1 0.476994	H@3 0.694018	H@5 0.782975	H@10 0.867331	H@20 0.917945	H@50 0.961656	H@100 0.991564
INFO:kbc-cli.py:Epoch 21/100	test results	MRR 0.604620	H@1 0.468230	H@3 0.683056	H@5 0.770802	H@10 0.851740	H@20 0.906203	H@50 0.960666	H@100 0.993949
INFO:kbc-cli.py:Epoch 22/100	Loss 13.1924 ± 0.5928
INFO:kbc-cli.py:Epoch 23/100	Loss 13.1885 ± 0.5690
INFO:kbc-cli.py:Epoch 24/100	Loss 13.1843 ± 0.5684
INFO:kbc-cli.py:Epoch 24/100	dev results	MRR 0.617546	H@1 0.481595	H@3 0.698620	H@5 0.780675	H@10 0.866564	H@20 0.917178	H@50 0.961656	H@100 0.990031
INFO:kbc-cli.py:Epoch 24/100	test results	MRR 0.610386	H@1 0.478064	H@3 0.683056	H@5 0.766263	H@10 0.852496	H@20 0.903933	H@50 0.960666	H@100 0.994705
INFO:kbc-cli.py:Epoch 25/100	Loss 13.1832 ± 0.5492
INFO:kbc-cli.py:Epoch 26/100	Loss 13.1802 ± 0.5591
INFO:kbc-cli.py:Epoch 27/100	Loss 13.1777 ± 0.5559
INFO:kbc-cli.py:Epoch 27/100	dev results	MRR 0.604721	H@1 0.458589	H@3 0.686350	H@5 0.777607	H@10 0.872699	H@20 0.912577	H@50 0.962423	H@100 0.992331
INFO:kbc-cli.py:Epoch 27/100	test results	MRR 0.604249	H@1 0.467474	H@3 0.673979	H@5 0.769289	H@10 0.854009	H@20 0.903177	H@50 0.959909	H@100 0.994705
INFO:kbc-cli.py:Epoch 28/100	Loss 13.1751 ± 0.5341
INFO:kbc-cli.py:Epoch 29/100	Loss 13.1728 ± 0.5086
INFO:kbc-cli.py:Epoch 30/100	Loss 13.1704 ± 0.5015
INFO:kbc-cli.py:Epoch 30/100	dev results	MRR 0.619534	H@1 0.485429	H@3 0.688650	H@5 0.786043	H@10 0.868865	H@20 0.908742	H@50 0.960123	H@100 0.990031
INFO:kbc-cli.py:Epoch 30/100	test results	MRR 0.607141	H@1 0.472769	H@3 0.677761	H@5 0.766263	H@10 0.852496	H@20 0.899395	H@50 0.959153	H@100 0.993192
INFO:kbc-cli.py:Epoch 31/100	Loss 13.1687 ± 0.4860
INFO:kbc-cli.py:Epoch 32/100	Loss 13.1665 ± 0.5023
INFO:kbc-cli.py:Epoch 33/100	Loss 13.1652 ± 0.4817
INFO:kbc-cli.py:Epoch 33/100	dev results	MRR 0.606963	H@1 0.465491	H@3 0.684049	H@5 0.776840	H@10 0.871166	H@20 0.907975	H@50 0.962423	H@100 0.989264
INFO:kbc-cli.py:Epoch 33/100	test results	MRR 0.604279	H@1 0.472769	H@3 0.662632	H@5 0.768533	H@10 0.856278	H@20 0.898638	H@50 0.957640	H@100 0.994705
INFO:kbc-cli.py:Epoch 34/100	Loss 13.1637 ± 0.4861
INFO:kbc-cli.py:Epoch 35/100	Loss 13.1619 ± 0.4786
INFO:kbc-cli.py:Epoch 36/100	Loss 13.1612 ± 0.4979
INFO:kbc-cli.py:Epoch 36/100	dev results	MRR 0.614135	H@1 0.478528	H@3 0.684049	H@5 0.780675	H@10 0.868098	H@20 0.911810	H@50 0.962423	H@100 0.988497
INFO:kbc-cli.py:Epoch 36/100	test results	MRR 0.605371	H@1 0.475038	H@3 0.673979	H@5 0.767776	H@10 0.850983	H@20 0.898638	H@50 0.956884	H@100 0.994705
INFO:kbc-cli.py:Epoch 37/100	Loss 13.1593 ± 0.4750
INFO:kbc-cli.py:Epoch 38/100	Loss 13.1574 ± 0.4648
INFO:kbc-cli.py:Epoch 39/100	Loss 13.1568 ± 0.4563
INFO:kbc-cli.py:Epoch 39/100	dev results	MRR 0.613467	H@1 0.480061	H@3 0.687883	H@5 0.775307	H@10 0.873466	H@20 0.910276	H@50 0.960890	H@100 0.989264
INFO:kbc-cli.py:Epoch 39/100	test results	MRR 0.615785	H@1 0.487141	H@3 0.683812	H@5 0.770045	H@10 0.855522	H@20 0.898638	H@50 0.957640	H@100 0.994705
INFO:kbc-cli.py:Epoch 40/100	Loss 13.1561 ± 0.4844
INFO:kbc-cli.py:Epoch 41/100	Loss 13.1548 ± 0.4366
INFO:kbc-cli.py:Epoch 42/100	Loss 13.1530 ± 0.4342
INFO:kbc-cli.py:Epoch 42/100	dev results	MRR 0.612648	H@1 0.473160	H@3 0.687117	H@5 0.779141	H@10 0.866564	H@20 0.909509	H@50 0.960123	H@100 0.990031
INFO:kbc-cli.py:Epoch 42/100	test results	MRR 0.604096	H@1 0.466717	H@3 0.677005	H@5 0.772315	H@10 0.854009	H@20 0.897126	H@50 0.958396	H@100 0.994705
INFO:kbc-cli.py:Epoch 43/100	Loss 13.1520 ± 0.4249
INFO:kbc-cli.py:Epoch 44/100	Loss 13.1510 ± 0.4246
INFO:kbc-cli.py:Epoch 45/100	Loss 13.1506 ± 0.4408
INFO:kbc-cli.py:Epoch 45/100	dev results	MRR 0.613346	H@1 0.476227	H@3 0.690951	H@5 0.777607	H@10 0.868098	H@20 0.911810	H@50 0.959356	H@100 0.990031
INFO:kbc-cli.py:Epoch 45/100	test results	MRR 0.611311	H@1 0.478064	H@3 0.688351	H@5 0.776097	H@10 0.857035	H@20 0.897126	H@50 0.957640	H@100 0.994705
INFO:kbc-cli.py:Epoch 46/100	Loss 13.1489 ± 0.4064
INFO:kbc-cli.py:Epoch 47/100	Loss 13.1484 ± 0.4421
INFO:kbc-cli.py:Epoch 48/100	Loss 13.1484 ± 0.4051
INFO:kbc-cli.py:Epoch 48/100	dev results	MRR 0.616900	H@1 0.487730	H@3 0.685583	H@5 0.775307	H@10 0.865798	H@20 0.911043	H@50 0.960123	H@100 0.990031
INFO:kbc-cli.py:Epoch 48/100	test results	MRR 0.616264	H@1 0.491679	H@3 0.677005	H@5 0.772315	H@10 0.858548	H@20 0.898638	H@50 0.956884	H@100 0.994705
INFO:kbc-cli.py:Epoch 49/100	Loss 13.1478 ± 0.4159
INFO:kbc-cli.py:Epoch 50/100	Loss 13.1459 ± 0.4073
INFO:kbc-cli.py:Epoch 51/100	Loss 13.1451 ± 0.4262
INFO:kbc-cli.py:Epoch 51/100	dev results	MRR 0.614003	H@1 0.478528	H@3 0.687883	H@5 0.770706	H@10 0.871933	H@20 0.913344	H@50 0.958589	H@100 0.990031
INFO:kbc-cli.py:Epoch 51/100	test results	MRR 0.614504	H@1 0.484115	H@3 0.680030	H@5 0.782905	H@10 0.859304	H@20 0.899395	H@50 0.954614	H@100 0.994705
INFO:kbc-cli.py:Epoch 52/100	Loss 13.1445 ± 0.3954
INFO:kbc-cli.py:Epoch 53/100	Loss 13.1449 ± 0.4025
INFO:kbc-cli.py:Epoch 54/100	Loss 13.1438 ± 0.4025
INFO:kbc-cli.py:Epoch 54/100	dev results	MRR 0.614450	H@1 0.480061	H@3 0.680982	H@5 0.778374	H@10 0.867331	H@20 0.912577	H@50 0.960123	H@100 0.989264
INFO:kbc-cli.py:Epoch 54/100	test results	MRR 0.609760	H@1 0.480333	H@3 0.670197	H@5 0.770045	H@10 0.857035	H@20 0.899395	H@50 0.955371	H@100 0.994705
INFO:kbc-cli.py:Epoch 55/100	Loss 13.1428 ± 0.4162
INFO:kbc-cli.py:Epoch 56/100	Loss 13.1426 ± 0.4231
INFO:kbc-cli.py:Epoch 57/100	Loss 13.1423 ± 0.4151
INFO:kbc-cli.py:Epoch 57/100	dev results	MRR 0.611029	H@1 0.475460	H@3 0.677914	H@5 0.777607	H@10 0.871166	H@20 0.912577	H@50 0.961656	H@100 0.991564
INFO:kbc-cli.py:Epoch 57/100	test results	MRR 0.615635	H@1 0.489410	H@3 0.677761	H@5 0.770045	H@10 0.857791	H@20 0.898638	H@50 0.953858	H@100 0.994705
INFO:kbc-cli.py:Epoch 58/100	Loss 13.1424 ± 0.4034
INFO:kbc-cli.py:Epoch 59/100	Loss 13.1408 ± 0.3934
INFO:kbc-cli.py:Epoch 60/100	Loss 13.1403 ± 0.4062
INFO:kbc-cli.py:Epoch 60/100	dev results	MRR 0.615439	H@1 0.483129	H@3 0.681748	H@5 0.771472	H@10 0.871933	H@20 0.914110	H@50 0.960123	H@100 0.990798
INFO:kbc-cli.py:Epoch 60/100	test results	MRR 0.615062	H@1 0.486384	H@3 0.685325	H@5 0.772315	H@10 0.858548	H@20 0.897882	H@50 0.956127	H@100 0.994705
INFO:kbc-cli.py:Epoch 61/100	Loss 13.1396 ± 0.3981
INFO:kbc-cli.py:Epoch 62/100	Loss 13.1401 ± 0.3934
INFO:kbc-cli.py:Epoch 63/100	Loss 13.1391 ± 0.3773
INFO:kbc-cli.py:Epoch 63/100	dev results	MRR 0.613410	H@1 0.476994	H@3 0.685583	H@5 0.773006	H@10 0.871166	H@20 0.911810	H@50 0.959356	H@100 0.989264
INFO:kbc-cli.py:Epoch 63/100	test results	MRR 0.611826	H@1 0.479576	H@3 0.680030	H@5 0.769289	H@10 0.858548	H@20 0.897126	H@50 0.954614	H@100 0.993949
INFO:kbc-cli.py:Epoch 64/100	Loss 13.1384 ± 0.3938
INFO:kbc-cli.py:Epoch 65/100	Loss 13.1386 ± 0.3830
INFO:kbc-cli.py:Epoch 66/100	Loss 13.1383 ± 0.3899
INFO:kbc-cli.py:Epoch 66/100	dev results	MRR 0.608402	H@1 0.467791	H@3 0.684816	H@5 0.779141	H@10 0.870399	H@20 0.911043	H@50 0.961656	H@100 0.990031
INFO:kbc-cli.py:Epoch 66/100	test results	MRR 0.613173	H@1 0.484115	H@3 0.678517	H@5 0.773828	H@10 0.857791	H@20 0.897882	H@50 0.953858	H@100 0.994705
INFO:kbc-cli.py:Epoch 67/100	Loss 13.1372 ± 0.3720
INFO:kbc-cli.py:Epoch 68/100	Loss 13.1374 ± 0.3785
INFO:kbc-cli.py:Epoch 69/100	Loss 13.1363 ± 0.3649
INFO:kbc-cli.py:Epoch 69/100	dev results	MRR 0.615470	H@1 0.484663	H@3 0.680982	H@5 0.773006	H@10 0.868098	H@20 0.908742	H@50 0.960890	H@100 0.990031
INFO:kbc-cli.py:Epoch 69/100	test results	MRR 0.607742	H@1 0.478820	H@3 0.670197	H@5 0.765507	H@10 0.855522	H@20 0.897882	H@50 0.953101	H@100 0.994705
INFO:kbc-cli.py:Epoch 70/100	Loss 13.1368 ± 0.3823
INFO:kbc-cli.py:Epoch 71/100	Loss 13.1363 ± 0.4072
INFO:kbc-cli.py:Epoch 72/100	Loss 13.1359 ± 0.3921
INFO:kbc-cli.py:Epoch 72/100	dev results	MRR 0.612702	H@1 0.477761	H@3 0.680215	H@5 0.776840	H@10 0.870399	H@20 0.914110	H@50 0.960890	H@100 0.990031
INFO:kbc-cli.py:Epoch 72/100	test results	MRR 0.610515	H@1 0.479576	H@3 0.676248	H@5 0.779123	H@10 0.857791	H@20 0.900151	H@50 0.953858	H@100 0.994705
INFO:kbc-cli.py:Epoch 73/100	Loss 13.1357 ± 0.3757
INFO:kbc-cli.py:Epoch 74/100	Loss 13.1349 ± 0.3915
INFO:kbc-cli.py:Epoch 75/100	Loss 13.1353 ± 0.3708
INFO:kbc-cli.py:Epoch 75/100	dev results	MRR 0.609898	H@1 0.476994	H@3 0.674847	H@5 0.773006	H@10 0.866564	H@20 0.909509	H@50 0.960890	H@100 0.990031
INFO:kbc-cli.py:Epoch 75/100	test results	MRR 0.608405	H@1 0.479576	H@3 0.669440	H@5 0.772315	H@10 0.854766	H@20 0.900151	H@50 0.953858	H@100 0.993949
INFO:kbc-cli.py:Epoch 76/100	Loss 13.1346 ± 0.3793
INFO:kbc-cli.py:Epoch 77/100	Loss 13.1340 ± 0.3572
INFO:kbc-cli.py:Epoch 78/100	Loss 13.1338 ± 0.3643
INFO:kbc-cli.py:Epoch 78/100	dev results	MRR 0.617505	H@1 0.483129	H@3 0.687883	H@5 0.777607	H@10 0.871166	H@20 0.911810	H@50 0.960123	H@100 0.990031
INFO:kbc-cli.py:Epoch 78/100	test results	MRR 0.615251	H@1 0.484871	H@3 0.681543	H@5 0.777610	H@10 0.857035	H@20 0.899395	H@50 0.951589	H@100 0.993949
INFO:kbc-cli.py:Epoch 79/100	Loss 13.1343 ± 0.3695
INFO:kbc-cli.py:Epoch 80/100	Loss 13.1329 ± 0.3496
INFO:kbc-cli.py:Epoch 81/100	Loss 13.1326 ± 0.3781
INFO:kbc-cli.py:Epoch 81/100	dev results	MRR 0.612015	H@1 0.473926	H@3 0.690184	H@5 0.775307	H@10 0.866564	H@20 0.909509	H@50 0.960123	H@100 0.990031
INFO:kbc-cli.py:Epoch 81/100	test results	MRR 0.612535	H@1 0.481846	H@3 0.683812	H@5 0.773071	H@10 0.857035	H@20 0.897126	H@50 0.953858	H@100 0.993949
INFO:kbc-cli.py:Epoch 82/100	Loss 13.1327 ± 0.3643
INFO:kbc-cli.py:Epoch 83/100	Loss 13.1327 ± 0.3578
INFO:kbc-cli.py:Epoch 84/100	Loss 13.1331 ± 0.3721
INFO:kbc-cli.py:Epoch 84/100	dev results	MRR 0.619812	H@1 0.486196	H@3 0.687883	H@5 0.785276	H@10 0.872699	H@20 0.911043	H@50 0.960890	H@100 0.990031
INFO:kbc-cli.py:Epoch 84/100	test results	MRR 0.614143	H@1 0.486384	H@3 0.677761	H@5 0.776097	H@10 0.859304	H@20 0.897126	H@50 0.953101	H@100 0.993949
INFO:kbc-cli.py:Epoch 85/100	Loss 13.1319 ± 0.3819
INFO:kbc-cli.py:Epoch 86/100	Loss 13.1317 ± 0.3517
INFO:kbc-cli.py:Epoch 87/100	Loss 13.1307 ± 0.3591
INFO:kbc-cli.py:Epoch 87/100	dev results	MRR 0.615905	H@1 0.482362	H@3 0.682515	H@5 0.775307	H@10 0.871933	H@20 0.911810	H@50 0.961656	H@100 0.990031
INFO:kbc-cli.py:Epoch 87/100	test results	MRR 0.614611	H@1 0.484115	H@3 0.678517	H@5 0.772315	H@10 0.856278	H@20 0.898638	H@50 0.952345	H@100 0.994705
INFO:kbc-cli.py:Epoch 88/100	Loss 13.1312 ± 0.3701
INFO:kbc-cli.py:Epoch 89/100	Loss 13.1319 ± 0.3543
INFO:kbc-cli.py:Epoch 90/100	Loss 13.1307 ± 0.3656
INFO:kbc-cli.py:Epoch 90/100	dev results	MRR 0.617009	H@1 0.483129	H@3 0.687117	H@5 0.778374	H@10 0.869632	H@20 0.912577	H@50 0.961656	H@100 0.990031
INFO:kbc-cli.py:Epoch 90/100	test results	MRR 0.614146	H@1 0.483359	H@3 0.679274	H@5 0.779123	H@10 0.859304	H@20 0.899395	H@50 0.953858	H@100 0.993949
INFO:kbc-cli.py:Epoch 91/100	Loss 13.1307 ± 0.3621
INFO:kbc-cli.py:Epoch 92/100	Loss 13.1301 ± 0.3441
INFO:kbc-cli.py:Epoch 93/100	Loss 13.1301 ± 0.3613
INFO:kbc-cli.py:Epoch 93/100	dev results	MRR 0.616585	H@1 0.483896	H@3 0.684049	H@5 0.772239	H@10 0.871166	H@20 0.911043	H@50 0.961656	H@100 0.990031
INFO:kbc-cli.py:Epoch 93/100	test results	MRR 0.615370	H@1 0.487897	H@3 0.677761	H@5 0.774584	H@10 0.859304	H@20 0.900151	H@50 0.953101	H@100 0.993949
INFO:kbc-cli.py:Epoch 94/100	Loss 13.1297 ± 0.3688
INFO:kbc-cli.py:Epoch 95/100	Loss 13.1300 ± 0.3499
INFO:kbc-cli.py:Epoch 96/100	Loss 13.1297 ± 0.3516
INFO:kbc-cli.py:Epoch 96/100	dev results	MRR 0.613850	H@1 0.479294	H@3 0.686350	H@5 0.779141	H@10 0.871933	H@20 0.912577	H@50 0.960890	H@100 0.990031
INFO:kbc-cli.py:Epoch 96/100	test results	MRR 0.615211	H@1 0.485628	H@3 0.682300	H@5 0.776097	H@10 0.857035	H@20 0.900151	H@50 0.953858	H@100 0.994705
INFO:kbc-cli.py:Epoch 97/100	Loss 13.1288 ± 0.3664
INFO:kbc-cli.py:Epoch 98/100	Loss 13.1289 ± 0.3650
INFO:kbc-cli.py:Epoch 99/100	Loss 13.1285 ± 0.3533
INFO:kbc-cli.py:Epoch 99/100	dev results	MRR 0.619781	H@1 0.486963	H@3 0.689417	H@5 0.779141	H@10 0.874233	H@20 0.914110	H@50 0.960890	H@100 0.989264
INFO:kbc-cli.py:Epoch 99/100	test results	MRR 0.616233	H@1 0.487897	H@3 0.682300	H@5 0.768533	H@10 0.859304	H@20 0.899395	H@50 0.953101	H@100 0.993949
INFO:kbc-cli.py:Epoch 100/100	Loss 13.1288 ± 0.3583
INFO:kbc-cli.py:Final 	dev results	MRR 0.618626	H@1 0.486963	H@3 0.680982	H@5 0.776840	H@10 0.871933	H@20 0.912577	H@50 0.960890	H@100 0.990031
INFO:kbc-cli.py:Final 	test results	MRR 0.614469	H@1 0.484871	H@3 0.677761	H@5 0.771558	H@10 0.860061	H@20 0.900151	H@50 0.953858	H@100 0.993949
INFO:kbc-cli.py:Training finished
