./bin/kbc-cli.py --train data/umls/train.tsv --dev data/umls/dev.tsv --test data/umls/test.tsv -m complex -k 100 -b 100 -e 100 --F2 0 --N3 0.005 -l 0.1 -I reciprocal -V 3 -o adagrad -c spo -q
{'F2': 0.0,
 'N3': 0.005,
 'batch_size': 100,
 'corruption': 'spo',
 'dev': 'data/umls/dev.tsv',
 'embedding_size': 100,
 'epochs': 100,
 'eval_batch_size': None,
 'input_type': 'reciprocal',
 'learning_rate': 0.1,
 'load': None,
 'model': 'complex',
 'optimizer': 'adagrad',
 'quiet': True,
 'save': None,
 'seed': 0,
 'test': 'data/umls/test.tsv',
 'test_i': None,
 'test_ii': None,
 'train': 'data/umls/train.tsv',
 'validate_every': 3}
INFO:kbc-cli.py:Device: cuda
INFO:kbc-cli.py:Model state:
INFO:kbc-cli.py:	entities.weight	torch.Size([135, 200])
INFO:kbc-cli.py:	predicates.weight	torch.Size([92, 200])
INFO:kbc-cli.py:Epoch 1/100	Loss 9.9095 ± 2.3383
INFO:kbc-cli.py:Epoch 2/100	Loss 7.0535 ± 0.1855
INFO:kbc-cli.py:Epoch 3/100	Loss 6.7676 ± 0.1890
INFO:kbc-cli.py:Epoch 3/100	dev results	MRR 0.902336	H@1 0.822853	H@3 0.977761	H@5 0.986196	H@10 0.993865	H@20 0.996933	H@50 0.997699	H@100 1.000000
INFO:kbc-cli.py:Epoch 3/100	test results	MRR 0.870303	H@1 0.763994	H@3 0.972769	H@5 0.984115	H@10 0.992436	H@20 0.996974	H@50 1.000000	H@100 1.000000
INFO:kbc-cli.py:Epoch 4/100	Loss 6.6478 ± 0.2117
INFO:kbc-cli.py:Epoch 5/100	Loss 6.5694 ± 0.1903
INFO:kbc-cli.py:Epoch 6/100	Loss 6.5150 ± 0.2016
INFO:kbc-cli.py:Epoch 6/100	dev results	MRR 0.933831	H@1 0.881902	H@3 0.982362	H@5 0.989264	H@10 0.996166	H@20 0.996933	H@50 0.997699	H@100 1.000000
INFO:kbc-cli.py:Epoch 6/100	test results	MRR 0.917574	H@1 0.851740	H@3 0.981089	H@5 0.990923	H@10 0.995461	H@20 0.999244	H@50 1.000000	H@100 1.000000
INFO:kbc-cli.py:Epoch 7/100	Loss 6.4727 ± 0.1823
INFO:kbc-cli.py:Epoch 8/100	Loss 6.4414 ± 0.1957
INFO:kbc-cli.py:Epoch 9/100	Loss 6.4128 ± 0.1907
INFO:kbc-cli.py:Epoch 9/100	dev results	MRR 0.941867	H@1 0.898773	H@3 0.983129	H@5 0.989264	H@10 0.995399	H@20 0.996933	H@50 0.998466	H@100 1.000000
INFO:kbc-cli.py:Epoch 9/100	test results	MRR 0.924768	H@1 0.866868	H@3 0.978820	H@5 0.992436	H@10 0.996218	H@20 0.999244	H@50 1.000000	H@100 1.000000
INFO:kbc-cli.py:Epoch 10/100	Loss 6.3873 ± 0.1808
INFO:kbc-cli.py:Epoch 11/100	Loss 6.3659 ± 0.1920
INFO:kbc-cli.py:Epoch 12/100	Loss 6.3489 ± 0.1814
INFO:kbc-cli.py:Epoch 12/100	dev results	MRR 0.937461	H@1 0.891104	H@3 0.981595	H@5 0.988497	H@10 0.994632	H@20 0.996933	H@50 0.998466	H@100 1.000000
INFO:kbc-cli.py:Epoch 12/100	test results	MRR 0.926789	H@1 0.871407	H@3 0.981089	H@5 0.993949	H@10 0.996218	H@20 0.999244	H@50 1.000000	H@100 1.000000
INFO:kbc-cli.py:Epoch 13/100	Loss 6.3329 ± 0.1524
INFO:kbc-cli.py:Epoch 14/100	Loss 6.3228 ± 0.1873
INFO:kbc-cli.py:Epoch 15/100	Loss 6.3075 ± 0.1838
INFO:kbc-cli.py:Epoch 15/100	dev results	MRR 0.936126	H@1 0.887270	H@3 0.983896	H@5 0.990031	H@10 0.993865	H@20 0.996933	H@50 0.998466	H@100 1.000000
INFO:kbc-cli.py:Epoch 15/100	test results	MRR 0.928768	H@1 0.875189	H@3 0.979576	H@5 0.994705	H@10 0.996218	H@20 0.999244	H@50 1.000000	H@100 1.000000
INFO:kbc-cli.py:Epoch 16/100	Loss 6.2931 ± 0.1626
INFO:kbc-cli.py:Epoch 17/100	Loss 6.2848 ± 0.1734
INFO:kbc-cli.py:Epoch 18/100	Loss 6.2728 ± 0.1642
INFO:kbc-cli.py:Epoch 18/100	dev results	MRR 0.937621	H@1 0.891104	H@3 0.982362	H@5 0.990031	H@10 0.993865	H@20 0.996933	H@50 0.998466	H@100 1.000000
INFO:kbc-cli.py:Epoch 18/100	test results	MRR 0.928968	H@1 0.876702	H@3 0.978064	H@5 0.990923	H@10 0.995461	H@20 0.999244	H@50 0.999244	H@100 1.000000
INFO:kbc-cli.py:Epoch 19/100	Loss 6.2654 ± 0.1824
INFO:kbc-cli.py:Epoch 20/100	Loss 6.2590 ± 0.1837
INFO:kbc-cli.py:Epoch 21/100	Loss 6.2528 ± 0.1821
INFO:kbc-cli.py:Epoch 21/100	dev results	MRR 0.931130	H@1 0.878834	H@3 0.980828	H@5 0.988497	H@10 0.993865	H@20 0.996933	H@50 0.999233	H@100 1.000000
INFO:kbc-cli.py:Epoch 21/100	test results	MRR 0.926472	H@1 0.870651	H@3 0.978820	H@5 0.991679	H@10 0.996218	H@20 0.998487	H@50 0.999244	H@100 1.000000
INFO:kbc-cli.py:Epoch 22/100	Loss 6.2407 ± 0.1833
INFO:kbc-cli.py:Epoch 23/100	Loss 6.2382 ± 0.1786
INFO:kbc-cli.py:Epoch 24/100	Loss 6.2345 ± 0.1851
INFO:kbc-cli.py:Epoch 24/100	dev results	MRR 0.937145	H@1 0.891104	H@3 0.980828	H@5 0.988497	H@10 0.993865	H@20 0.996933	H@50 0.999233	H@100 1.000000
INFO:kbc-cli.py:Epoch 24/100	test results	MRR 0.931841	H@1 0.881997	H@3 0.979576	H@5 0.990923	H@10 0.996218	H@20 0.998487	H@50 0.999244	H@100 1.000000
INFO:kbc-cli.py:Epoch 25/100	Loss 6.2261 ± 0.1849
INFO:kbc-cli.py:Epoch 26/100	Loss 6.2178 ± 0.1825
INFO:kbc-cli.py:Epoch 27/100	Loss 6.2128 ± 0.1696
INFO:kbc-cli.py:Epoch 27/100	dev results	MRR 0.937878	H@1 0.892638	H@3 0.980061	H@5 0.987730	H@10 0.993865	H@20 0.996933	H@50 1.000000	H@100 1.000000
INFO:kbc-cli.py:Epoch 27/100	test results	MRR 0.929968	H@1 0.878971	H@3 0.977307	H@5 0.990923	H@10 0.995461	H@20 0.998487	H@50 0.999244	H@100 1.000000
INFO:kbc-cli.py:Epoch 28/100	Loss 6.2083 ± 0.1792
INFO:kbc-cli.py:Epoch 29/100	Loss 6.2047 ± 0.1612
INFO:kbc-cli.py:Epoch 30/100	Loss 6.2043 ± 0.1825
INFO:kbc-cli.py:Epoch 30/100	dev results	MRR 0.939749	H@1 0.897239	H@3 0.980828	H@5 0.987730	H@10 0.993865	H@20 0.996933	H@50 1.000000	H@100 1.000000
INFO:kbc-cli.py:Epoch 30/100	test results	MRR 0.931834	H@1 0.881997	H@3 0.979576	H@5 0.990923	H@10 0.995461	H@20 0.998487	H@50 0.999244	H@100 1.000000
INFO:kbc-cli.py:Epoch 31/100	Loss 6.1967 ± 0.1749
INFO:kbc-cli.py:Epoch 32/100	Loss 6.1917 ± 0.1651
INFO:kbc-cli.py:Epoch 33/100	Loss 6.1868 ± 0.1693
INFO:kbc-cli.py:Epoch 33/100	dev results	MRR 0.935887	H@1 0.889571	H@3 0.980061	H@5 0.987730	H@10 0.993865	H@20 0.996933	H@50 1.000000	H@100 1.000000
INFO:kbc-cli.py:Epoch 33/100	test results	MRR 0.930353	H@1 0.878971	H@3 0.979576	H@5 0.991679	H@10 0.995461	H@20 0.998487	H@50 0.999244	H@100 1.000000
INFO:kbc-cli.py:Epoch 34/100	Loss 6.1835 ± 0.1423
INFO:kbc-cli.py:Epoch 35/100	Loss 6.1820 ± 0.1568
INFO:kbc-cli.py:Epoch 36/100	Loss 6.1796 ± 0.1452
INFO:kbc-cli.py:Epoch 36/100	dev results	MRR 0.934956	H@1 0.888037	H@3 0.979294	H@5 0.986196	H@10 0.993098	H@20 0.996933	H@50 1.000000	H@100 1.000000
INFO:kbc-cli.py:Epoch 36/100	test results	MRR 0.928991	H@1 0.875946	H@3 0.978820	H@5 0.991679	H@10 0.995461	H@20 0.998487	H@50 0.999244	H@100 1.000000
INFO:kbc-cli.py:Epoch 37/100	Loss 6.1785 ± 0.1680
INFO:kbc-cli.py:Epoch 38/100	Loss 6.1694 ± 0.1702
INFO:kbc-cli.py:Epoch 39/100	Loss 6.1707 ± 0.1709
INFO:kbc-cli.py:Epoch 39/100	dev results	MRR 0.935954	H@1 0.889571	H@3 0.979294	H@5 0.987730	H@10 0.993865	H@20 0.996933	H@50 1.000000	H@100 1.000000
INFO:kbc-cli.py:Epoch 39/100	test results	MRR 0.928027	H@1 0.874433	H@3 0.978064	H@5 0.991679	H@10 0.996218	H@20 0.998487	H@50 0.999244	H@100 1.000000
INFO:kbc-cli.py:Epoch 40/100	Loss 6.1684 ± 0.1665
INFO:kbc-cli.py:Epoch 41/100	Loss 6.1640 ± 0.1590
INFO:kbc-cli.py:Epoch 42/100	Loss 6.1598 ± 0.1694
INFO:kbc-cli.py:Epoch 42/100	dev results	MRR 0.935796	H@1 0.889571	H@3 0.978528	H@5 0.986963	H@10 0.994632	H@20 0.996933	H@50 1.000000	H@100 1.000000
INFO:kbc-cli.py:Epoch 42/100	test results	MRR 0.926259	H@1 0.870651	H@3 0.977307	H@5 0.990166	H@10 0.995461	H@20 0.998487	H@50 0.999244	H@100 1.000000
INFO:kbc-cli.py:Epoch 43/100	Loss 6.1575 ± 0.1417
INFO:kbc-cli.py:Epoch 44/100	Loss 6.1546 ± 0.1745
INFO:kbc-cli.py:Epoch 45/100	Loss 6.1514 ± 0.1769
INFO:kbc-cli.py:Epoch 45/100	dev results	MRR 0.934716	H@1 0.887270	H@3 0.977761	H@5 0.986196	H@10 0.994632	H@20 0.996933	H@50 1.000000	H@100 1.000000
INFO:kbc-cli.py:Epoch 45/100	test results	MRR 0.924510	H@1 0.869138	H@3 0.976551	H@5 0.990166	H@10 0.995461	H@20 0.998487	H@50 0.999244	H@100 1.000000
INFO:kbc-cli.py:Epoch 46/100	Loss 6.1495 ± 0.1486
INFO:kbc-cli.py:Epoch 47/100	Loss 6.1508 ± 0.1663
INFO:kbc-cli.py:Epoch 48/100	Loss 6.1447 ± 0.1643
INFO:kbc-cli.py:Epoch 48/100	dev results	MRR 0.929643	H@1 0.878834	H@3 0.976994	H@5 0.986963	H@10 0.993865	H@20 0.996166	H@50 1.000000	H@100 1.000000
INFO:kbc-cli.py:Epoch 48/100	test results	MRR 0.922168	H@1 0.863843	H@3 0.977307	H@5 0.990166	H@10 0.994705	H@20 0.998487	H@50 0.999244	H@100 1.000000
INFO:kbc-cli.py:Epoch 49/100	Loss 6.1473 ± 0.1709
INFO:kbc-cli.py:Epoch 50/100	Loss 6.1406 ± 0.1368
INFO:kbc-cli.py:Epoch 51/100	Loss 6.1421 ± 0.1890
INFO:kbc-cli.py:Epoch 51/100	dev results	MRR 0.933662	H@1 0.887270	H@3 0.977761	H@5 0.986196	H@10 0.993865	H@20 0.996166	H@50 1.000000	H@100 1.000000
INFO:kbc-cli.py:Epoch 51/100	test results	MRR 0.926864	H@1 0.873676	H@3 0.977307	H@5 0.990166	H@10 0.994705	H@20 0.998487	H@50 0.999244	H@100 1.000000
INFO:kbc-cli.py:Epoch 52/100	Loss 6.1402 ± 0.1636
INFO:kbc-cli.py:Epoch 53/100	Loss 6.1351 ± 0.1677
INFO:kbc-cli.py:Epoch 54/100	Loss 6.1373 ± 0.1822
INFO:kbc-cli.py:Epoch 54/100	dev results	MRR 0.934749	H@1 0.889571	H@3 0.978528	H@5 0.985429	H@10 0.993098	H@20 0.996166	H@50 1.000000	H@100 1.000000
INFO:kbc-cli.py:Epoch 54/100	test results	MRR 0.928128	H@1 0.876702	H@3 0.976551	H@5 0.989410	H@10 0.994705	H@20 0.998487	H@50 0.999244	H@100 1.000000
INFO:kbc-cli.py:Epoch 55/100	Loss 6.1342 ± 0.1564
INFO:kbc-cli.py:Epoch 56/100	Loss 6.1323 ± 0.1456
INFO:kbc-cli.py:Epoch 57/100	Loss 6.1323 ± 0.1658
INFO:kbc-cli.py:Epoch 57/100	dev results	MRR 0.932837	H@1 0.885736	H@3 0.977761	H@5 0.986196	H@10 0.993098	H@20 0.996166	H@50 1.000000	H@100 1.000000
INFO:kbc-cli.py:Epoch 57/100	test results	MRR 0.923834	H@1 0.868381	H@3 0.976551	H@5 0.987897	H@10 0.994705	H@20 0.998487	H@50 0.999244	H@100 1.000000
INFO:kbc-cli.py:Epoch 58/100	Loss 6.1264 ± 0.1530
INFO:kbc-cli.py:Epoch 59/100	Loss 6.1248 ± 0.1702
INFO:kbc-cli.py:Epoch 60/100	Loss 6.1273 ± 0.1476
INFO:kbc-cli.py:Epoch 60/100	dev results	MRR 0.932628	H@1 0.885736	H@3 0.977761	H@5 0.985429	H@10 0.993098	H@20 0.996166	H@50 1.000000	H@100 1.000000
INFO:kbc-cli.py:Epoch 60/100	test results	MRR 0.923148	H@1 0.866868	H@3 0.977307	H@5 0.988654	H@10 0.994705	H@20 0.998487	H@50 0.999244	H@100 1.000000
INFO:kbc-cli.py:Epoch 61/100	Loss 6.1258 ± 0.1442
INFO:kbc-cli.py:Epoch 62/100	Loss 6.1249 ± 0.1803
INFO:kbc-cli.py:Epoch 63/100	Loss 6.1258 ± 0.1668
INFO:kbc-cli.py:Epoch 63/100	dev results	MRR 0.933617	H@1 0.887270	H@3 0.977761	H@5 0.986196	H@10 0.993098	H@20 0.996166	H@50 1.000000	H@100 1.000000
INFO:kbc-cli.py:Epoch 63/100	test results	MRR 0.926554	H@1 0.873676	H@3 0.976551	H@5 0.989410	H@10 0.994705	H@20 0.998487	H@50 0.999244	H@100 1.000000
INFO:kbc-cli.py:Epoch 64/100	Loss 6.1215 ± 0.1670
INFO:kbc-cli.py:Epoch 65/100	Loss 6.1184 ± 0.1398
INFO:kbc-cli.py:Epoch 66/100	Loss 6.1145 ± 0.1902
INFO:kbc-cli.py:Epoch 66/100	dev results	MRR 0.933445	H@1 0.886503	H@3 0.976994	H@5 0.986196	H@10 0.993098	H@20 0.996166	H@50 1.000000	H@100 1.000000
INFO:kbc-cli.py:Epoch 66/100	test results	MRR 0.923646	H@1 0.868381	H@3 0.975794	H@5 0.988654	H@10 0.994705	H@20 0.998487	H@50 0.999244	H@100 1.000000
INFO:kbc-cli.py:Epoch 67/100	Loss 6.1151 ± 0.1549
INFO:kbc-cli.py:Epoch 68/100	Loss 6.1177 ± 0.1783
INFO:kbc-cli.py:Epoch 69/100	Loss 6.1147 ± 0.1626
INFO:kbc-cli.py:Epoch 69/100	dev results	MRR 0.930967	H@1 0.882669	H@3 0.975460	H@5 0.985429	H@10 0.993865	H@20 0.996166	H@50 1.000000	H@100 1.000000
INFO:kbc-cli.py:Epoch 69/100	test results	MRR 0.924045	H@1 0.869138	H@3 0.975794	H@5 0.987141	H@10 0.995461	H@20 0.998487	H@50 0.999244	H@100 1.000000
INFO:kbc-cli.py:Epoch 70/100	Loss 6.1145 ± 0.1506
INFO:kbc-cli.py:Epoch 71/100	Loss 6.1148 ± 0.1593
INFO:kbc-cli.py:Epoch 72/100	Loss 6.1110 ± 0.1348
INFO:kbc-cli.py:Epoch 72/100	dev results	MRR 0.928175	H@1 0.877301	H@3 0.976227	H@5 0.986196	H@10 0.993098	H@20 0.996166	H@50 1.000000	H@100 1.000000
INFO:kbc-cli.py:Epoch 72/100	test results	MRR 0.921167	H@1 0.863843	H@3 0.975038	H@5 0.987141	H@10 0.994705	H@20 0.998487	H@50 0.999244	H@100 1.000000
INFO:kbc-cli.py:Epoch 73/100	Loss 6.1100 ± 0.1700
INFO:kbc-cli.py:Epoch 74/100	Loss 6.1103 ± 0.1506
INFO:kbc-cli.py:Epoch 75/100	Loss 6.1074 ± 0.1583
INFO:kbc-cli.py:Epoch 75/100	dev results	MRR 0.932445	H@1 0.885736	H@3 0.976994	H@5 0.986196	H@10 0.994632	H@20 0.995399	H@50 1.000000	H@100 1.000000
INFO:kbc-cli.py:Epoch 75/100	test results	MRR 0.923138	H@1 0.867625	H@3 0.974281	H@5 0.987141	H@10 0.994705	H@20 0.998487	H@50 0.999244	H@100 1.000000
INFO:kbc-cli.py:Epoch 76/100	Loss 6.1084 ± 0.1573
INFO:kbc-cli.py:Epoch 77/100	Loss 6.1051 ± 0.1558
INFO:kbc-cli.py:Epoch 78/100	Loss 6.1036 ± 0.1641
INFO:kbc-cli.py:Epoch 78/100	dev results	MRR 0.932535	H@1 0.886503	H@3 0.974693	H@5 0.986196	H@10 0.994632	H@20 0.996166	H@50 1.000000	H@100 1.000000
INFO:kbc-cli.py:Epoch 78/100	test results	MRR 0.922746	H@1 0.866868	H@3 0.974281	H@5 0.985628	H@10 0.994705	H@20 0.998487	H@50 0.999244	H@100 1.000000
INFO:kbc-cli.py:Epoch 79/100	Loss 6.1027 ± 0.1672
INFO:kbc-cli.py:Epoch 80/100	Loss 6.1012 ± 0.1503
INFO:kbc-cli.py:Epoch 81/100	Loss 6.1030 ± 0.1543
INFO:kbc-cli.py:Epoch 81/100	dev results	MRR 0.929147	H@1 0.879601	H@3 0.974693	H@5 0.985429	H@10 0.994632	H@20 0.995399	H@50 1.000000	H@100 1.000000
INFO:kbc-cli.py:Epoch 81/100	test results	MRR 0.924259	H@1 0.869894	H@3 0.974281	H@5 0.986384	H@10 0.994705	H@20 0.998487	H@50 0.999244	H@100 1.000000
INFO:kbc-cli.py:Epoch 82/100	Loss 6.1006 ± 0.1594
INFO:kbc-cli.py:Epoch 83/100	Loss 6.0998 ± 0.1471
INFO:kbc-cli.py:Epoch 84/100	Loss 6.0966 ± 0.1515
INFO:kbc-cli.py:Epoch 84/100	dev results	MRR 0.927387	H@1 0.875767	H@3 0.974693	H@5 0.986196	H@10 0.994632	H@20 0.996166	H@50 1.000000	H@100 1.000000
INFO:kbc-cli.py:Epoch 84/100	test results	MRR 0.922996	H@1 0.868381	H@3 0.973525	H@5 0.985628	H@10 0.994705	H@20 0.998487	H@50 0.999244	H@100 1.000000
INFO:kbc-cli.py:Epoch 85/100	Loss 6.0995 ± 0.1616
INFO:kbc-cli.py:Epoch 86/100	Loss 6.0992 ± 0.1611
INFO:kbc-cli.py:Epoch 87/100	Loss 6.0939 ± 0.1567
INFO:kbc-cli.py:Epoch 87/100	dev results	MRR 0.928350	H@1 0.878067	H@3 0.973926	H@5 0.986196	H@10 0.994632	H@20 0.996166	H@50 1.000000	H@100 1.000000
INFO:kbc-cli.py:Epoch 87/100	test results	MRR 0.922925	H@1 0.867625	H@3 0.975038	H@5 0.986384	H@10 0.994705	H@20 0.998487	H@50 0.999244	H@100 1.000000
INFO:kbc-cli.py:Epoch 88/100	Loss 6.0965 ± 0.1522
INFO:kbc-cli.py:Epoch 89/100	Loss 6.0952 ± 0.1534
INFO:kbc-cli.py:Epoch 90/100	Loss 6.0938 ± 0.1393
INFO:kbc-cli.py:Epoch 90/100	dev results	MRR 0.929813	H@1 0.881135	H@3 0.973926	H@5 0.986196	H@10 0.994632	H@20 0.995399	H@50 1.000000	H@100 1.000000
INFO:kbc-cli.py:Epoch 90/100	test results	MRR 0.922544	H@1 0.866868	H@3 0.974281	H@5 0.985628	H@10 0.994705	H@20 0.998487	H@50 0.999244	H@100 1.000000
INFO:kbc-cli.py:Epoch 91/100	Loss 6.0922 ± 0.1359
INFO:kbc-cli.py:Epoch 92/100	Loss 6.0930 ± 0.1531
INFO:kbc-cli.py:Epoch 93/100	Loss 6.0929 ± 0.1584
INFO:kbc-cli.py:Epoch 93/100	dev results	MRR 0.927766	H@1 0.877301	H@3 0.973926	H@5 0.985429	H@10 0.994632	H@20 0.995399	H@50 1.000000	H@100 1.000000
INFO:kbc-cli.py:Epoch 93/100	test results	MRR 0.921222	H@1 0.864599	H@3 0.975038	H@5 0.984871	H@10 0.995461	H@20 0.998487	H@50 0.999244	H@100 1.000000
INFO:kbc-cli.py:Epoch 94/100	Loss 6.0895 ± 0.1783
INFO:kbc-cli.py:Epoch 95/100	Loss 6.0911 ± 0.1584
INFO:kbc-cli.py:Epoch 96/100	Loss 6.0871 ± 0.1528
INFO:kbc-cli.py:Epoch 96/100	dev results	MRR 0.929875	H@1 0.880368	H@3 0.974693	H@5 0.985429	H@10 0.994632	H@20 0.995399	H@50 1.000000	H@100 1.000000
INFO:kbc-cli.py:Epoch 96/100	test results	MRR 0.923696	H@1 0.869894	H@3 0.975038	H@5 0.984871	H@10 0.994705	H@20 0.998487	H@50 0.999244	H@100 1.000000
INFO:kbc-cli.py:Epoch 97/100	Loss 6.0878 ± 0.1507
INFO:kbc-cli.py:Epoch 98/100	Loss 6.0855 ± 0.1547
INFO:kbc-cli.py:Epoch 99/100	Loss 6.0901 ± 0.1533
INFO:kbc-cli.py:Epoch 99/100	dev results	MRR 0.926739	H@1 0.875000	H@3 0.973926	H@5 0.985429	H@10 0.994632	H@20 0.995399	H@50 1.000000	H@100 1.000000
INFO:kbc-cli.py:Epoch 99/100	test results	MRR 0.922156	H@1 0.866868	H@3 0.974281	H@5 0.984871	H@10 0.994705	H@20 0.998487	H@50 0.999244	H@100 1.000000
INFO:kbc-cli.py:Epoch 100/100	Loss 6.0883 ± 0.1430
INFO:kbc-cli.py:Final 	dev results	MRR 0.929123	H@1 0.879601	H@3 0.974693	H@5 0.984663	H@10 0.994632	H@20 0.995399	H@50 1.000000	H@100 1.000000
INFO:kbc-cli.py:Final 	test results	MRR 0.920818	H@1 0.864599	H@3 0.974281	H@5 0.985628	H@10 0.994705	H@20 0.998487	H@50 0.999244	H@100 1.000000
INFO:kbc-cli.py:Training finished
