./bin/kbc-cli.py --train data/nations/train.tsv --dev data/nations/dev.tsv --test data/nations/test.tsv -m complex -k 100 -b 10 -e 100 --F2 0 --N3 0.0005 -l 0.1 -I reciprocal -V 3 -o adagrad -c so -q
{'F2': 0.0,
 'N3': 0.0005,
 'batch_size': 10,
 'corruption': 'so',
 'dev': 'data/nations/dev.tsv',
 'embedding_size': 100,
 'epochs': 100,
 'eval_batch_size': None,
 'input_type': 'reciprocal',
 'learning_rate': 0.1,
 'load': None,
 'model': 'complex',
 'optimizer': 'adagrad',
 'quiet': True,
 'save': None,
 'seed': 0,
 'test': 'data/nations/test.tsv',
 'test_i': None,
 'test_ii': None,
 'train': 'data/nations/train.tsv',
 'validate_every': 3}
INFO:kbc-cli.py:Device: cuda
INFO:kbc-cli.py:Model state:
INFO:kbc-cli.py:	entities.weight	torch.Size([14, 200])
INFO:kbc-cli.py:	predicates.weight	torch.Size([110, 200])
INFO:kbc-cli.py:Epoch 1/100	Loss 5.1301 ± 0.2379
INFO:kbc-cli.py:Epoch 2/100	Loss 4.4150 ± 0.3081
INFO:kbc-cli.py:Epoch 3/100	Loss 4.0718 ± 0.3547
INFO:kbc-cli.py:Epoch 3/100	dev results	MRR 0.800517	H@1 0.678392	H@3 0.902010	H@5 0.964824	H@10 0.997487	H@20 1.000000	H@50 1.000000	H@100 1.000000
INFO:kbc-cli.py:Epoch 3/100	test results	MRR 0.799982	H@1 0.699005	H@3 0.878109	H@5 0.937811	H@10 0.995025	H@20 1.000000	H@50 1.000000	H@100 1.000000
INFO:kbc-cli.py:Epoch 4/100	Loss 3.8733 ± 0.4012
INFO:kbc-cli.py:Epoch 5/100	Loss 3.7517 ± 0.3978
INFO:kbc-cli.py:Epoch 6/100	Loss 3.6687 ± 0.3959
INFO:kbc-cli.py:Epoch 6/100	dev results	MRR 0.807304	H@1 0.690955	H@3 0.902010	H@5 0.969849	H@10 0.997487	H@20 1.000000	H@50 1.000000	H@100 1.000000
INFO:kbc-cli.py:Epoch 6/100	test results	MRR 0.796964	H@1 0.681592	H@3 0.890547	H@5 0.947761	H@10 0.995025	H@20 1.000000	H@50 1.000000	H@100 1.000000
INFO:kbc-cli.py:Epoch 7/100	Loss 3.6103 ± 0.3947
INFO:kbc-cli.py:Epoch 8/100	Loss 3.5648 ± 0.3909
INFO:kbc-cli.py:Epoch 9/100	Loss 3.5258 ± 0.3840
INFO:kbc-cli.py:Epoch 9/100	dev results	MRR 0.805629	H@1 0.690955	H@3 0.894472	H@5 0.969849	H@10 0.997487	H@20 1.000000	H@50 1.000000	H@100 1.000000
INFO:kbc-cli.py:Epoch 9/100	test results	MRR 0.793354	H@1 0.674129	H@3 0.900498	H@5 0.950249	H@10 0.995025	H@20 1.000000	H@50 1.000000	H@100 1.000000
INFO:kbc-cli.py:Epoch 10/100	Loss 3.4987 ± 0.3954
INFO:kbc-cli.py:Epoch 11/100	Loss 3.4721 ± 0.3941
INFO:kbc-cli.py:Epoch 12/100	Loss 3.4527 ± 0.3772
INFO:kbc-cli.py:Epoch 12/100	dev results	MRR 0.804123	H@1 0.688442	H@3 0.886935	H@5 0.969849	H@10 0.994975	H@20 1.000000	H@50 1.000000	H@100 1.000000
INFO:kbc-cli.py:Epoch 12/100	test results	MRR 0.785326	H@1 0.659204	H@3 0.902985	H@5 0.945274	H@10 0.997512	H@20 1.000000	H@50 1.000000	H@100 1.000000
INFO:kbc-cli.py:Epoch 13/100	Loss 3.4361 ± 0.3924
INFO:kbc-cli.py:Epoch 14/100	Loss 3.4212 ± 0.3946
INFO:kbc-cli.py:Epoch 15/100	Loss 3.4067 ± 0.3802
INFO:kbc-cli.py:Epoch 15/100	dev results	MRR 0.801251	H@1 0.683417	H@3 0.889447	H@5 0.967337	H@10 0.994975	H@20 1.000000	H@50 1.000000	H@100 1.000000
INFO:kbc-cli.py:Epoch 15/100	test results	MRR 0.789459	H@1 0.669154	H@3 0.888060	H@5 0.950249	H@10 0.997512	H@20 1.000000	H@50 1.000000	H@100 1.000000
INFO:kbc-cli.py:Epoch 16/100	Loss 3.3925 ± 0.3657
INFO:kbc-cli.py:Epoch 17/100	Loss 3.3835 ± 0.3921
INFO:kbc-cli.py:Epoch 18/100	Loss 3.3733 ± 0.3771
INFO:kbc-cli.py:Epoch 18/100	dev results	MRR 0.800026	H@1 0.678392	H@3 0.891960	H@5 0.964824	H@10 0.994975	H@20 1.000000	H@50 1.000000	H@100 1.000000
INFO:kbc-cli.py:Epoch 18/100	test results	MRR 0.788063	H@1 0.666667	H@3 0.893035	H@5 0.950249	H@10 0.997512	H@20 1.000000	H@50 1.000000	H@100 1.000000
INFO:kbc-cli.py:Epoch 19/100	Loss 3.3643 ± 0.3573
INFO:kbc-cli.py:Epoch 20/100	Loss 3.3572 ± 0.3868
INFO:kbc-cli.py:Epoch 21/100	Loss 3.3490 ± 0.3733
INFO:kbc-cli.py:Epoch 21/100	dev results	MRR 0.796030	H@1 0.673367	H@3 0.891960	H@5 0.964824	H@10 0.994975	H@20 1.000000	H@50 1.000000	H@100 1.000000
INFO:kbc-cli.py:Epoch 21/100	test results	MRR 0.783876	H@1 0.659204	H@3 0.893035	H@5 0.952736	H@10 0.997512	H@20 1.000000	H@50 1.000000	H@100 1.000000
INFO:kbc-cli.py:Epoch 22/100	Loss 3.3428 ± 0.3290
INFO:kbc-cli.py:Epoch 23/100	Loss 3.3339 ± 0.3688
INFO:kbc-cli.py:Epoch 24/100	Loss 3.3323 ± 0.3577
INFO:kbc-cli.py:Epoch 24/100	dev results	MRR 0.796442	H@1 0.673367	H@3 0.896985	H@5 0.964824	H@10 0.994975	H@20 1.000000	H@50 1.000000	H@100 1.000000
INFO:kbc-cli.py:Epoch 24/100	test results	MRR 0.784291	H@1 0.659204	H@3 0.888060	H@5 0.952736	H@10 0.997512	H@20 1.000000	H@50 1.000000	H@100 1.000000
INFO:kbc-cli.py:Epoch 25/100	Loss 3.3229 ± 0.3554
INFO:kbc-cli.py:Epoch 26/100	Loss 3.3201 ± 0.3624
INFO:kbc-cli.py:Epoch 27/100	Loss 3.3164 ± 0.3541
INFO:kbc-cli.py:Epoch 27/100	dev results	MRR 0.794223	H@1 0.668342	H@3 0.896985	H@5 0.964824	H@10 0.994975	H@20 1.000000	H@50 1.000000	H@100 1.000000
INFO:kbc-cli.py:Epoch 27/100	test results	MRR 0.784083	H@1 0.659204	H@3 0.885572	H@5 0.952736	H@10 0.997512	H@20 1.000000	H@50 1.000000	H@100 1.000000
INFO:kbc-cli.py:Epoch 28/100	Loss 3.3117 ± 0.3624
INFO:kbc-cli.py:Epoch 29/100	Loss 3.3084 ± 0.3813
INFO:kbc-cli.py:Epoch 30/100	Loss 3.3028 ± 0.3622
INFO:kbc-cli.py:Epoch 30/100	dev results	MRR 0.791417	H@1 0.663317	H@3 0.899497	H@5 0.962312	H@10 0.994975	H@20 1.000000	H@50 1.000000	H@100 1.000000
INFO:kbc-cli.py:Epoch 30/100	test results	MRR 0.782218	H@1 0.656716	H@3 0.893035	H@5 0.952736	H@10 0.997512	H@20 1.000000	H@50 1.000000	H@100 1.000000
INFO:kbc-cli.py:Epoch 31/100	Loss 3.2988 ± 0.3469
INFO:kbc-cli.py:Epoch 32/100	Loss 3.2959 ± 0.3497
INFO:kbc-cli.py:Epoch 33/100	Loss 3.2900 ± 0.3297
INFO:kbc-cli.py:Epoch 33/100	dev results	MRR 0.793215	H@1 0.668342	H@3 0.896985	H@5 0.964824	H@10 0.994975	H@20 1.000000	H@50 1.000000	H@100 1.000000
INFO:kbc-cli.py:Epoch 33/100	test results	MRR 0.780594	H@1 0.654229	H@3 0.890547	H@5 0.950249	H@10 0.997512	H@20 1.000000	H@50 1.000000	H@100 1.000000
INFO:kbc-cli.py:Epoch 34/100	Loss 3.2885 ± 0.3649
INFO:kbc-cli.py:Epoch 35/100	Loss 3.2841 ± 0.3750
INFO:kbc-cli.py:Epoch 36/100	Loss 3.2827 ± 0.3379
INFO:kbc-cli.py:Epoch 36/100	dev results	MRR 0.794304	H@1 0.668342	H@3 0.896985	H@5 0.964824	H@10 0.994975	H@20 1.000000	H@50 1.000000	H@100 1.000000
INFO:kbc-cli.py:Epoch 36/100	test results	MRR 0.780559	H@1 0.651741	H@3 0.893035	H@5 0.952736	H@10 0.997512	H@20 1.000000	H@50 1.000000	H@100 1.000000
INFO:kbc-cli.py:Epoch 37/100	Loss 3.2784 ± 0.3662
INFO:kbc-cli.py:Epoch 38/100	Loss 3.2762 ± 0.3458
INFO:kbc-cli.py:Epoch 39/100	Loss 3.2758 ± 0.3529
INFO:kbc-cli.py:Epoch 39/100	dev results	MRR 0.795560	H@1 0.670854	H@3 0.896985	H@5 0.964824	H@10 0.994975	H@20 1.000000	H@50 1.000000	H@100 1.000000
INFO:kbc-cli.py:Epoch 39/100	test results	MRR 0.781098	H@1 0.656716	H@3 0.888060	H@5 0.947761	H@10 0.997512	H@20 1.000000	H@50 1.000000	H@100 1.000000
INFO:kbc-cli.py:Epoch 40/100	Loss 3.2713 ± 0.3637
INFO:kbc-cli.py:Epoch 41/100	Loss 3.2702 ± 0.3599
INFO:kbc-cli.py:Epoch 42/100	Loss 3.2692 ± 0.3459
INFO:kbc-cli.py:Epoch 42/100	dev results	MRR 0.793131	H@1 0.665829	H@3 0.899497	H@5 0.964824	H@10 0.994975	H@20 1.000000	H@50 1.000000	H@100 1.000000
INFO:kbc-cli.py:Epoch 42/100	test results	MRR 0.780394	H@1 0.654229	H@3 0.893035	H@5 0.947761	H@10 0.997512	H@20 1.000000	H@50 1.000000	H@100 1.000000
INFO:kbc-cli.py:Epoch 43/100	Loss 3.2670 ± 0.3466
INFO:kbc-cli.py:Epoch 44/100	Loss 3.2650 ± 0.3449
INFO:kbc-cli.py:Epoch 45/100	Loss 3.2609 ± 0.3551
INFO:kbc-cli.py:Epoch 45/100	dev results	MRR 0.792629	H@1 0.665829	H@3 0.896985	H@5 0.964824	H@10 0.994975	H@20 1.000000	H@50 1.000000	H@100 1.000000
INFO:kbc-cli.py:Epoch 45/100	test results	MRR 0.783002	H@1 0.659204	H@3 0.890547	H@5 0.950249	H@10 0.997512	H@20 1.000000	H@50 1.000000	H@100 1.000000
INFO:kbc-cli.py:Epoch 46/100	Loss 3.2584 ± 0.3723
INFO:kbc-cli.py:Epoch 47/100	Loss 3.2586 ± 0.3187
INFO:kbc-cli.py:Epoch 48/100	Loss 3.2554 ± 0.3377
INFO:kbc-cli.py:Epoch 48/100	dev results	MRR 0.794998	H@1 0.670854	H@3 0.894472	H@5 0.964824	H@10 0.994975	H@20 1.000000	H@50 1.000000	H@100 1.000000
INFO:kbc-cli.py:Epoch 48/100	test results	MRR 0.780142	H@1 0.654229	H@3 0.890547	H@5 0.947761	H@10 0.997512	H@20 1.000000	H@50 1.000000	H@100 1.000000
INFO:kbc-cli.py:Epoch 49/100	Loss 3.2534 ± 0.3427
INFO:kbc-cli.py:Epoch 50/100	Loss 3.2540 ± 0.3413
INFO:kbc-cli.py:Epoch 51/100	Loss 3.2513 ± 0.3650
INFO:kbc-cli.py:Epoch 51/100	dev results	MRR 0.791438	H@1 0.663317	H@3 0.896985	H@5 0.964824	H@10 0.994975	H@20 1.000000	H@50 1.000000	H@100 1.000000
INFO:kbc-cli.py:Epoch 51/100	test results	MRR 0.779810	H@1 0.654229	H@3 0.893035	H@5 0.947761	H@10 0.997512	H@20 1.000000	H@50 1.000000	H@100 1.000000
INFO:kbc-cli.py:Epoch 52/100	Loss 3.2511 ± 0.3649
INFO:kbc-cli.py:Epoch 53/100	Loss 3.2474 ± 0.3375
INFO:kbc-cli.py:Epoch 54/100	Loss 3.2466 ± 0.3742
INFO:kbc-cli.py:Epoch 54/100	dev results	MRR 0.792904	H@1 0.665829	H@3 0.899497	H@5 0.964824	H@10 0.994975	H@20 1.000000	H@50 1.000000	H@100 1.000000
INFO:kbc-cli.py:Epoch 54/100	test results	MRR 0.779644	H@1 0.654229	H@3 0.890547	H@5 0.945274	H@10 0.997512	H@20 1.000000	H@50 1.000000	H@100 1.000000
INFO:kbc-cli.py:Epoch 55/100	Loss 3.2457 ± 0.3614
INFO:kbc-cli.py:Epoch 56/100	Loss 3.2410 ± 0.3346
INFO:kbc-cli.py:Epoch 57/100	Loss 3.2435 ± 0.3526
INFO:kbc-cli.py:Epoch 57/100	dev results	MRR 0.789847	H@1 0.660804	H@3 0.894472	H@5 0.964824	H@10 0.994975	H@20 1.000000	H@50 1.000000	H@100 1.000000
INFO:kbc-cli.py:Epoch 57/100	test results	MRR 0.777682	H@1 0.649254	H@3 0.890547	H@5 0.947761	H@10 0.997512	H@20 1.000000	H@50 1.000000	H@100 1.000000
INFO:kbc-cli.py:Epoch 58/100	Loss 3.2411 ± 0.3636
INFO:kbc-cli.py:Epoch 59/100	Loss 3.2403 ± 0.3207
INFO:kbc-cli.py:Epoch 60/100	Loss 3.2383 ± 0.3371
INFO:kbc-cli.py:Epoch 60/100	dev results	MRR 0.787251	H@1 0.655779	H@3 0.896985	H@5 0.964824	H@10 0.994975	H@20 1.000000	H@50 1.000000	H@100 1.000000
INFO:kbc-cli.py:Epoch 60/100	test results	MRR 0.776148	H@1 0.646766	H@3 0.893035	H@5 0.945274	H@10 0.997512	H@20 1.000000	H@50 1.000000	H@100 1.000000
INFO:kbc-cli.py:Epoch 61/100	Loss 3.2357 ± 0.3565
INFO:kbc-cli.py:Epoch 62/100	Loss 3.2368 ± 0.3485
INFO:kbc-cli.py:Epoch 63/100	Loss 3.2345 ± 0.3501
INFO:kbc-cli.py:Epoch 63/100	dev results	MRR 0.787334	H@1 0.655779	H@3 0.896985	H@5 0.962312	H@10 0.994975	H@20 1.000000	H@50 1.000000	H@100 1.000000
INFO:kbc-cli.py:Epoch 63/100	test results	MRR 0.776438	H@1 0.646766	H@3 0.895522	H@5 0.947761	H@10 0.997512	H@20 1.000000	H@50 1.000000	H@100 1.000000
INFO:kbc-cli.py:Epoch 64/100	Loss 3.2329 ± 0.3252
INFO:kbc-cli.py:Epoch 65/100	Loss 3.2336 ± 0.3683
INFO:kbc-cli.py:Epoch 66/100	Loss 3.2310 ± 0.3658
INFO:kbc-cli.py:Epoch 66/100	dev results	MRR 0.785283	H@1 0.653266	H@3 0.894472	H@5 0.962312	H@10 0.994975	H@20 1.000000	H@50 1.000000	H@100 1.000000
INFO:kbc-cli.py:Epoch 66/100	test results	MRR 0.777245	H@1 0.649254	H@3 0.893035	H@5 0.945274	H@10 0.995025	H@20 1.000000	H@50 1.000000	H@100 1.000000
INFO:kbc-cli.py:Epoch 67/100	Loss 3.2313 ± 0.3358
INFO:kbc-cli.py:Epoch 68/100	Loss 3.2283 ± 0.3538
INFO:kbc-cli.py:Epoch 69/100	Loss 3.2287 ± 0.3355
INFO:kbc-cli.py:Epoch 69/100	dev results	MRR 0.787669	H@1 0.658291	H@3 0.894472	H@5 0.962312	H@10 0.994975	H@20 1.000000	H@50 1.000000	H@100 1.000000
INFO:kbc-cli.py:Epoch 69/100	test results	MRR 0.778390	H@1 0.651741	H@3 0.890547	H@5 0.942786	H@10 0.997512	H@20 1.000000	H@50 1.000000	H@100 1.000000
INFO:kbc-cli.py:Epoch 70/100	Loss 3.2279 ± 0.3280
INFO:kbc-cli.py:Epoch 71/100	Loss 3.2264 ± 0.3406
INFO:kbc-cli.py:Epoch 72/100	Loss 3.2247 ± 0.3561
INFO:kbc-cli.py:Epoch 72/100	dev results	MRR 0.785531	H@1 0.653266	H@3 0.894472	H@5 0.962312	H@10 0.994975	H@20 1.000000	H@50 1.000000	H@100 1.000000
INFO:kbc-cli.py:Epoch 72/100	test results	MRR 0.771979	H@1 0.639303	H@3 0.893035	H@5 0.945274	H@10 0.995025	H@20 1.000000	H@50 1.000000	H@100 1.000000
INFO:kbc-cli.py:Epoch 73/100	Loss 3.2251 ± 0.3568
INFO:kbc-cli.py:Epoch 74/100	Loss 3.2210 ± 0.3545
INFO:kbc-cli.py:Epoch 75/100	Loss 3.2230 ± 0.3199
INFO:kbc-cli.py:Epoch 75/100	dev results	MRR 0.784400	H@1 0.650754	H@3 0.894472	H@5 0.962312	H@10 0.994975	H@20 1.000000	H@50 1.000000	H@100 1.000000
INFO:kbc-cli.py:Epoch 75/100	test results	MRR 0.775711	H@1 0.646766	H@3 0.888060	H@5 0.945274	H@10 0.995025	H@20 1.000000	H@50 1.000000	H@100 1.000000
INFO:kbc-cli.py:Epoch 76/100	Loss 3.2216 ± 0.3379
INFO:kbc-cli.py:Epoch 77/100	Loss 3.2206 ± 0.3410
INFO:kbc-cli.py:Epoch 78/100	Loss 3.2193 ± 0.3447
INFO:kbc-cli.py:Epoch 78/100	dev results	MRR 0.785701	H@1 0.653266	H@3 0.894472	H@5 0.962312	H@10 0.994975	H@20 1.000000	H@50 1.000000	H@100 1.000000
INFO:kbc-cli.py:Epoch 78/100	test results	MRR 0.774343	H@1 0.644279	H@3 0.890547	H@5 0.947761	H@10 0.995025	H@20 1.000000	H@50 1.000000	H@100 1.000000
INFO:kbc-cli.py:Epoch 79/100	Loss 3.2185 ± 0.3570
INFO:kbc-cli.py:Epoch 80/100	Loss 3.2190 ± 0.3697
INFO:kbc-cli.py:Epoch 81/100	Loss 3.2181 ± 0.3434
INFO:kbc-cli.py:Epoch 81/100	dev results	MRR 0.781932	H@1 0.645729	H@3 0.894472	H@5 0.962312	H@10 0.994975	H@20 1.000000	H@50 1.000000	H@100 1.000000
INFO:kbc-cli.py:Epoch 81/100	test results	MRR 0.768994	H@1 0.634328	H@3 0.890547	H@5 0.945274	H@10 0.995025	H@20 1.000000	H@50 1.000000	H@100 1.000000
INFO:kbc-cli.py:Epoch 82/100	Loss 3.2138 ± 0.3712
INFO:kbc-cli.py:Epoch 83/100	Loss 3.2145 ± 0.3369
INFO:kbc-cli.py:Epoch 84/100	Loss 3.2144 ± 0.3528
INFO:kbc-cli.py:Epoch 84/100	dev results	MRR 0.783607	H@1 0.648241	H@3 0.894472	H@5 0.962312	H@10 0.994975	H@20 1.000000	H@50 1.000000	H@100 1.000000
INFO:kbc-cli.py:Epoch 84/100	test results	MRR 0.771896	H@1 0.639303	H@3 0.890547	H@5 0.945274	H@10 0.995025	H@20 1.000000	H@50 1.000000	H@100 1.000000
INFO:kbc-cli.py:Epoch 85/100	Loss 3.2158 ± 0.3390
INFO:kbc-cli.py:Epoch 86/100	Loss 3.2124 ± 0.3588
INFO:kbc-cli.py:Epoch 87/100	Loss 3.2146 ± 0.3376
INFO:kbc-cli.py:Epoch 87/100	dev results	MRR 0.783691	H@1 0.648241	H@3 0.894472	H@5 0.964824	H@10 0.994975	H@20 1.000000	H@50 1.000000	H@100 1.000000
INFO:kbc-cli.py:Epoch 87/100	test results	MRR 0.770200	H@1 0.636816	H@3 0.890547	H@5 0.942786	H@10 0.995025	H@20 1.000000	H@50 1.000000	H@100 1.000000
INFO:kbc-cli.py:Epoch 88/100	Loss 3.2119 ± 0.3495
INFO:kbc-cli.py:Epoch 89/100	Loss 3.2122 ± 0.3529
INFO:kbc-cli.py:Epoch 90/100	Loss 3.2126 ± 0.3303
INFO:kbc-cli.py:Epoch 90/100	dev results	MRR 0.782351	H@1 0.645729	H@3 0.894472	H@5 0.962312	H@10 0.994975	H@20 1.000000	H@50 1.000000	H@100 1.000000
INFO:kbc-cli.py:Epoch 90/100	test results	MRR 0.772770	H@1 0.641791	H@3 0.890547	H@5 0.945274	H@10 0.995025	H@20 1.000000	H@50 1.000000	H@100 1.000000
INFO:kbc-cli.py:Epoch 91/100	Loss 3.2112 ± 0.3358
INFO:kbc-cli.py:Epoch 92/100	Loss 3.2109 ± 0.3134
INFO:kbc-cli.py:Epoch 93/100	Loss 3.2092 ± 0.3527
INFO:kbc-cli.py:Epoch 93/100	dev results	MRR 0.783144	H@1 0.648241	H@3 0.889447	H@5 0.962312	H@10 0.994975	H@20 1.000000	H@50 1.000000	H@100 1.000000
INFO:kbc-cli.py:Epoch 93/100	test results	MRR 0.773060	H@1 0.641791	H@3 0.890547	H@5 0.945274	H@10 0.995025	H@20 1.000000	H@50 1.000000	H@100 1.000000
INFO:kbc-cli.py:Epoch 94/100	Loss 3.2074 ± 0.3294
INFO:kbc-cli.py:Epoch 95/100	Loss 3.2060 ± 0.3512
INFO:kbc-cli.py:Epoch 96/100	Loss 3.2064 ± 0.3621
INFO:kbc-cli.py:Epoch 96/100	dev results	MRR 0.783482	H@1 0.648241	H@3 0.891960	H@5 0.964824	H@10 0.994975	H@20 1.000000	H@50 1.000000	H@100 1.000000
INFO:kbc-cli.py:Epoch 96/100	test results	MRR 0.772770	H@1 0.641791	H@3 0.890547	H@5 0.945274	H@10 0.995025	H@20 1.000000	H@50 1.000000	H@100 1.000000
INFO:kbc-cli.py:Epoch 97/100	Loss 3.2090 ± 0.3523
INFO:kbc-cli.py:Epoch 98/100	Loss 3.2069 ± 0.3333
INFO:kbc-cli.py:Epoch 99/100	Loss 3.2044 ± 0.3401
INFO:kbc-cli.py:Epoch 99/100	dev results	MRR 0.782016	H@1 0.645729	H@3 0.894472	H@5 0.964824	H@10 0.994975	H@20 1.000000	H@50 1.000000	H@100 1.000000
INFO:kbc-cli.py:Epoch 99/100	test results	MRR 0.769826	H@1 0.636816	H@3 0.888060	H@5 0.950249	H@10 0.995025	H@20 1.000000	H@50 1.000000	H@100 1.000000
INFO:kbc-cli.py:Epoch 100/100	Loss 3.2033 ± 0.3389
INFO:kbc-cli.py:Final 	dev results	MRR 0.777494	H@1 0.638191	H@3 0.891960	H@5 0.964824	H@10 0.994975	H@20 1.000000	H@50 1.000000	H@100 1.000000
INFO:kbc-cli.py:Final 	test results	MRR 0.770513	H@1 0.636816	H@3 0.888060	H@5 0.947761	H@10 0.995025	H@20 1.000000	H@50 1.000000	H@100 1.000000
INFO:kbc-cli.py:Training finished
