./bin/kbc-cli.py --train data/nations/train.tsv --dev data/nations/dev.tsv --test data/nations/test.tsv -m complex -k 1000 -b 50 -e 100 --F2 0 --N3 0.001 -l 0.1 -I reciprocal -V 3 -o adagrad -c so -q
{'F2': 0.0,
 'N3': 0.001,
 'batch_size': 50,
 'corruption': 'so',
 'dev': 'data/nations/dev.tsv',
 'embedding_size': 1000,
 'epochs': 100,
 'eval_batch_size': None,
 'input_type': 'reciprocal',
 'learning_rate': 0.1,
 'load': None,
 'model': 'complex',
 'optimizer': 'adagrad',
 'quiet': True,
 'save': None,
 'seed': 0,
 'test': 'data/nations/test.tsv',
 'test_i': None,
 'test_ii': None,
 'train': 'data/nations/train.tsv',
 'validate_every': 3}
INFO:kbc-cli.py:Device: cuda
INFO:kbc-cli.py:Model state:
INFO:kbc-cli.py:	entities.weight	torch.Size([14, 2000])
INFO:kbc-cli.py:	predicates.weight	torch.Size([110, 2000])
INFO:kbc-cli.py:Epoch 1/100	Loss 5.4705 ± 0.3713
INFO:kbc-cli.py:Epoch 2/100	Loss 4.4944 ± 0.2084
INFO:kbc-cli.py:Epoch 3/100	Loss 4.1229 ± 0.2672
INFO:kbc-cli.py:Epoch 3/100	dev results	MRR 0.799693	H@1 0.678392	H@3 0.917085	H@5 0.969849	H@10 0.997487	H@20 1.000000	H@50 1.000000	H@100 1.000000
INFO:kbc-cli.py:Epoch 3/100	test results	MRR 0.819286	H@1 0.718905	H@3 0.898010	H@5 0.962687	H@10 0.995025	H@20 1.000000	H@50 1.000000	H@100 1.000000
INFO:kbc-cli.py:Epoch 4/100	Loss 3.9430 ± 0.2371
INFO:kbc-cli.py:Epoch 5/100	Loss 3.8409 ± 0.2532
INFO:kbc-cli.py:Epoch 6/100	Loss 3.7633 ± 0.2676
INFO:kbc-cli.py:Epoch 6/100	dev results	MRR 0.809097	H@1 0.690955	H@3 0.894472	H@5 0.969849	H@10 1.000000	H@20 1.000000	H@50 1.000000	H@100 1.000000
INFO:kbc-cli.py:Epoch 6/100	test results	MRR 0.832083	H@1 0.741294	H@3 0.898010	H@5 0.970149	H@10 0.997512	H@20 1.000000	H@50 1.000000	H@100 1.000000
INFO:kbc-cli.py:Epoch 7/100	Loss 3.7067 ± 0.2573
INFO:kbc-cli.py:Epoch 8/100	Loss 3.6691 ± 0.2611
INFO:kbc-cli.py:Epoch 9/100	Loss 3.6302 ± 0.2505
INFO:kbc-cli.py:Epoch 9/100	dev results	MRR 0.815757	H@1 0.706030	H@3 0.914573	H@5 0.969849	H@10 0.997487	H@20 1.000000	H@50 1.000000	H@100 1.000000
INFO:kbc-cli.py:Epoch 9/100	test results	MRR 0.823991	H@1 0.721393	H@3 0.912935	H@5 0.967662	H@10 0.997512	H@20 1.000000	H@50 1.000000	H@100 1.000000
INFO:kbc-cli.py:Epoch 10/100	Loss 3.6022 ± 0.2594
INFO:kbc-cli.py:Epoch 11/100	Loss 3.5776 ± 0.2139
INFO:kbc-cli.py:Epoch 12/100	Loss 3.5604 ± 0.2428
INFO:kbc-cli.py:Epoch 12/100	dev results	MRR 0.829745	H@1 0.728643	H@3 0.912060	H@5 0.972362	H@10 0.997487	H@20 1.000000	H@50 1.000000	H@100 1.000000
INFO:kbc-cli.py:Epoch 12/100	test results	MRR 0.829417	H@1 0.731343	H@3 0.915423	H@5 0.970149	H@10 1.000000	H@20 1.000000	H@50 1.000000	H@100 1.000000
INFO:kbc-cli.py:Epoch 13/100	Loss 3.5413 ± 0.1931
INFO:kbc-cli.py:Epoch 14/100	Loss 3.5265 ± 0.2453
INFO:kbc-cli.py:Epoch 15/100	Loss 3.5105 ± 0.2269
INFO:kbc-cli.py:Epoch 15/100	dev results	MRR 0.824563	H@1 0.718593	H@3 0.914573	H@5 0.974874	H@10 1.000000	H@20 1.000000	H@50 1.000000	H@100 1.000000
INFO:kbc-cli.py:Epoch 15/100	test results	MRR 0.830564	H@1 0.733831	H@3 0.907960	H@5 0.967662	H@10 1.000000	H@20 1.000000	H@50 1.000000	H@100 1.000000
INFO:kbc-cli.py:Epoch 16/100	Loss 3.5001 ± 0.2277
INFO:kbc-cli.py:Epoch 17/100	Loss 3.4848 ± 0.2147
INFO:kbc-cli.py:Epoch 18/100	Loss 3.4777 ± 0.2076
INFO:kbc-cli.py:Epoch 18/100	dev results	MRR 0.830617	H@1 0.731156	H@3 0.914573	H@5 0.974874	H@10 0.997487	H@20 1.000000	H@50 1.000000	H@100 1.000000
INFO:kbc-cli.py:Epoch 18/100	test results	MRR 0.824929	H@1 0.723881	H@3 0.905473	H@5 0.967662	H@10 1.000000	H@20 1.000000	H@50 1.000000	H@100 1.000000
INFO:kbc-cli.py:Epoch 19/100	Loss 3.4661 ± 0.1971
INFO:kbc-cli.py:Epoch 20/100	Loss 3.4587 ± 0.2334
INFO:kbc-cli.py:Epoch 21/100	Loss 3.4497 ± 0.2123
INFO:kbc-cli.py:Epoch 21/100	dev results	MRR 0.826831	H@1 0.723618	H@3 0.909548	H@5 0.974874	H@10 0.997487	H@20 1.000000	H@50 1.000000	H@100 1.000000
INFO:kbc-cli.py:Epoch 21/100	test results	MRR 0.829065	H@1 0.728856	H@3 0.907960	H@5 0.965174	H@10 1.000000	H@20 1.000000	H@50 1.000000	H@100 1.000000
INFO:kbc-cli.py:Epoch 22/100	Loss 3.4408 ± 0.1618
INFO:kbc-cli.py:Epoch 23/100	Loss 3.4329 ± 0.2066
INFO:kbc-cli.py:Epoch 24/100	Loss 3.4310 ± 0.2116
INFO:kbc-cli.py:Epoch 24/100	dev results	MRR 0.827309	H@1 0.726131	H@3 0.912060	H@5 0.972362	H@10 0.997487	H@20 1.000000	H@50 1.000000	H@100 1.000000
INFO:kbc-cli.py:Epoch 24/100	test results	MRR 0.826685	H@1 0.723881	H@3 0.910448	H@5 0.967662	H@10 1.000000	H@20 1.000000	H@50 1.000000	H@100 1.000000
INFO:kbc-cli.py:Epoch 25/100	Loss 3.4199 ± 0.1741
INFO:kbc-cli.py:Epoch 26/100	Loss 3.4159 ± 0.2067
INFO:kbc-cli.py:Epoch 27/100	Loss 3.4120 ± 0.1946
INFO:kbc-cli.py:Epoch 27/100	dev results	MRR 0.833154	H@1 0.738693	H@3 0.904523	H@5 0.972362	H@10 0.997487	H@20 1.000000	H@50 1.000000	H@100 1.000000
INFO:kbc-cli.py:Epoch 27/100	test results	MRR 0.828989	H@1 0.728856	H@3 0.912935	H@5 0.970149	H@10 1.000000	H@20 1.000000	H@50 1.000000	H@100 1.000000
INFO:kbc-cli.py:Epoch 28/100	Loss 3.4037 ± 0.1908
INFO:kbc-cli.py:Epoch 29/100	Loss 3.4019 ± 0.1934
INFO:kbc-cli.py:Epoch 30/100	Loss 3.3950 ± 0.2033
INFO:kbc-cli.py:Epoch 30/100	dev results	MRR 0.827536	H@1 0.726131	H@3 0.907035	H@5 0.969849	H@10 0.997487	H@20 1.000000	H@50 1.000000	H@100 1.000000
INFO:kbc-cli.py:Epoch 30/100	test results	MRR 0.822839	H@1 0.718905	H@3 0.907960	H@5 0.967662	H@10 1.000000	H@20 1.000000	H@50 1.000000	H@100 1.000000
INFO:kbc-cli.py:Epoch 31/100	Loss 3.3915 ± 0.1876
INFO:kbc-cli.py:Epoch 32/100	Loss 3.3867 ± 0.1826
INFO:kbc-cli.py:Epoch 33/100	Loss 3.3844 ± 0.1838
INFO:kbc-cli.py:Epoch 33/100	dev results	MRR 0.830282	H@1 0.733668	H@3 0.899497	H@5 0.972362	H@10 0.997487	H@20 1.000000	H@50 1.000000	H@100 1.000000
INFO:kbc-cli.py:Epoch 33/100	test results	MRR 0.824127	H@1 0.721393	H@3 0.915423	H@5 0.965174	H@10 1.000000	H@20 1.000000	H@50 1.000000	H@100 1.000000
INFO:kbc-cli.py:Epoch 34/100	Loss 3.3818 ± 0.1988
INFO:kbc-cli.py:Epoch 35/100	Loss 3.3734 ± 0.1850
INFO:kbc-cli.py:Epoch 36/100	Loss 3.3742 ± 0.1718
INFO:kbc-cli.py:Epoch 36/100	dev results	MRR 0.829902	H@1 0.731156	H@3 0.902010	H@5 0.972362	H@10 0.997487	H@20 1.000000	H@50 1.000000	H@100 1.000000
INFO:kbc-cli.py:Epoch 36/100	test results	MRR 0.819381	H@1 0.713930	H@3 0.910448	H@5 0.967662	H@10 1.000000	H@20 1.000000	H@50 1.000000	H@100 1.000000
INFO:kbc-cli.py:Epoch 37/100	Loss 3.3660 ± 0.1870
INFO:kbc-cli.py:Epoch 38/100	Loss 3.3659 ± 0.1697
INFO:kbc-cli.py:Epoch 39/100	Loss 3.3644 ± 0.1876
INFO:kbc-cli.py:Epoch 39/100	dev results	MRR 0.830911	H@1 0.731156	H@3 0.907035	H@5 0.972362	H@10 0.997487	H@20 1.000000	H@50 1.000000	H@100 1.000000
INFO:kbc-cli.py:Epoch 39/100	test results	MRR 0.827366	H@1 0.726368	H@3 0.910448	H@5 0.967662	H@10 1.000000	H@20 1.000000	H@50 1.000000	H@100 1.000000
INFO:kbc-cli.py:Epoch 40/100	Loss 3.3603 ± 0.2077
INFO:kbc-cli.py:Epoch 41/100	Loss 3.3578 ± 0.1822
INFO:kbc-cli.py:Epoch 42/100	Loss 3.3545 ± 0.1914
INFO:kbc-cli.py:Epoch 42/100	dev results	MRR 0.830785	H@1 0.731156	H@3 0.907035	H@5 0.972362	H@10 0.997487	H@20 1.000000	H@50 1.000000	H@100 1.000000
INFO:kbc-cli.py:Epoch 42/100	test results	MRR 0.824736	H@1 0.723881	H@3 0.907960	H@5 0.970149	H@10 1.000000	H@20 1.000000	H@50 1.000000	H@100 1.000000
INFO:kbc-cli.py:Epoch 43/100	Loss 3.3528 ± 0.1797
INFO:kbc-cli.py:Epoch 44/100	Loss 3.3507 ± 0.1684
INFO:kbc-cli.py:Epoch 45/100	Loss 3.3459 ± 0.1690
INFO:kbc-cli.py:Epoch 45/100	dev results	MRR 0.829215	H@1 0.731156	H@3 0.896985	H@5 0.969849	H@10 0.997487	H@20 1.000000	H@50 1.000000	H@100 1.000000
INFO:kbc-cli.py:Epoch 45/100	test results	MRR 0.822632	H@1 0.718905	H@3 0.905473	H@5 0.967662	H@10 1.000000	H@20 1.000000	H@50 1.000000	H@100 1.000000
INFO:kbc-cli.py:Epoch 46/100	Loss 3.3446 ± 0.1942
INFO:kbc-cli.py:Epoch 47/100	Loss 3.3431 ± 0.1675
INFO:kbc-cli.py:Epoch 48/100	Loss 3.3400 ± 0.1682
INFO:kbc-cli.py:Epoch 48/100	dev results	MRR 0.823774	H@1 0.721106	H@3 0.902010	H@5 0.972362	H@10 0.997487	H@20 1.000000	H@50 1.000000	H@100 1.000000
INFO:kbc-cli.py:Epoch 48/100	test results	MRR 0.821388	H@1 0.716418	H@3 0.910448	H@5 0.967662	H@10 1.000000	H@20 1.000000	H@50 1.000000	H@100 1.000000
INFO:kbc-cli.py:Epoch 49/100	Loss 3.3365 ± 0.1739
INFO:kbc-cli.py:Epoch 50/100	Loss 3.3376 ± 0.1681
INFO:kbc-cli.py:Epoch 51/100	Loss 3.3344 ± 0.1798
INFO:kbc-cli.py:Epoch 51/100	dev results	MRR 0.825634	H@1 0.723618	H@3 0.904523	H@5 0.969849	H@10 0.997487	H@20 1.000000	H@50 1.000000	H@100 1.000000
INFO:kbc-cli.py:Epoch 51/100	test results	MRR 0.822412	H@1 0.718905	H@3 0.907960	H@5 0.967662	H@10 1.000000	H@20 1.000000	H@50 1.000000	H@100 1.000000
INFO:kbc-cli.py:Epoch 52/100	Loss 3.3313 ± 0.1969
INFO:kbc-cli.py:Epoch 53/100	Loss 3.3295 ± 0.1892
INFO:kbc-cli.py:Epoch 54/100	Loss 3.3279 ± 0.2222
INFO:kbc-cli.py:Epoch 54/100	dev results	MRR 0.823122	H@1 0.718593	H@3 0.909548	H@5 0.969849	H@10 0.997487	H@20 1.000000	H@50 1.000000	H@100 1.000000
INFO:kbc-cli.py:Epoch 54/100	test results	MRR 0.816255	H@1 0.708955	H@3 0.902985	H@5 0.967662	H@10 1.000000	H@20 1.000000	H@50 1.000000	H@100 1.000000
INFO:kbc-cli.py:Epoch 55/100	Loss 3.3270 ± 0.1965
INFO:kbc-cli.py:Epoch 56/100	Loss 3.3235 ± 0.1714
INFO:kbc-cli.py:Epoch 57/100	Loss 3.3232 ± 0.1603
INFO:kbc-cli.py:Epoch 57/100	dev results	MRR 0.819646	H@1 0.713568	H@3 0.899497	H@5 0.969849	H@10 0.997487	H@20 1.000000	H@50 1.000000	H@100 1.000000
INFO:kbc-cli.py:Epoch 57/100	test results	MRR 0.819454	H@1 0.713930	H@3 0.907960	H@5 0.965174	H@10 1.000000	H@20 1.000000	H@50 1.000000	H@100 1.000000
INFO:kbc-cli.py:Epoch 58/100	Loss 3.3230 ± 0.1680
INFO:kbc-cli.py:Epoch 59/100	Loss 3.3186 ± 0.1428
INFO:kbc-cli.py:Epoch 60/100	Loss 3.3173 ± 0.1618
INFO:kbc-cli.py:Epoch 60/100	dev results	MRR 0.824192	H@1 0.721106	H@3 0.904523	H@5 0.969849	H@10 0.997487	H@20 1.000000	H@50 1.000000	H@100 1.000000
INFO:kbc-cli.py:Epoch 60/100	test results	MRR 0.822902	H@1 0.718905	H@3 0.907960	H@5 0.965174	H@10 1.000000	H@20 1.000000	H@50 1.000000	H@100 1.000000
INFO:kbc-cli.py:Epoch 61/100	Loss 3.3187 ± 0.1728
INFO:kbc-cli.py:Epoch 62/100	Loss 3.3172 ± 0.1913
INFO:kbc-cli.py:Epoch 63/100	Loss 3.3143 ± 0.1759
INFO:kbc-cli.py:Epoch 63/100	dev results	MRR 0.816362	H@1 0.706030	H@3 0.909548	H@5 0.969849	H@10 0.997487	H@20 1.000000	H@50 1.000000	H@100 1.000000
INFO:kbc-cli.py:Epoch 63/100	test results	MRR 0.824153	H@1 0.723881	H@3 0.910448	H@5 0.965174	H@10 1.000000	H@20 1.000000	H@50 1.000000	H@100 1.000000
INFO:kbc-cli.py:Epoch 64/100	Loss 3.3121 ± 0.1873
INFO:kbc-cli.py:Epoch 65/100	Loss 3.3102 ± 0.1957
INFO:kbc-cli.py:Epoch 66/100	Loss 3.3093 ± 0.1725
INFO:kbc-cli.py:Epoch 66/100	dev results	MRR 0.818683	H@1 0.711055	H@3 0.909548	H@5 0.969849	H@10 0.997487	H@20 1.000000	H@50 1.000000	H@100 1.000000
INFO:kbc-cli.py:Epoch 66/100	test results	MRR 0.820280	H@1 0.713930	H@3 0.910448	H@5 0.965174	H@10 1.000000	H@20 1.000000	H@50 1.000000	H@100 1.000000
INFO:kbc-cli.py:Epoch 67/100	Loss 3.3089 ± 0.1557
INFO:kbc-cli.py:Epoch 68/100	Loss 3.3057 ± 0.1674
INFO:kbc-cli.py:Epoch 69/100	Loss 3.3050 ± 0.1729
INFO:kbc-cli.py:Epoch 69/100	dev results	MRR 0.819287	H@1 0.711055	H@3 0.909548	H@5 0.969849	H@10 0.997487	H@20 1.000000	H@50 1.000000	H@100 1.000000
INFO:kbc-cli.py:Epoch 69/100	test results	MRR 0.820238	H@1 0.716418	H@3 0.905473	H@5 0.967662	H@10 1.000000	H@20 1.000000	H@50 1.000000	H@100 1.000000
INFO:kbc-cli.py:Epoch 70/100	Loss 3.3043 ± 0.1307
INFO:kbc-cli.py:Epoch 71/100	Loss 3.3023 ± 0.1494
INFO:kbc-cli.py:Epoch 72/100	Loss 3.3007 ± 0.1950
INFO:kbc-cli.py:Epoch 72/100	dev results	MRR 0.817008	H@1 0.706030	H@3 0.909548	H@5 0.969849	H@10 0.997487	H@20 1.000000	H@50 1.000000	H@100 1.000000
INFO:kbc-cli.py:Epoch 72/100	test results	MRR 0.816501	H@1 0.708955	H@3 0.907960	H@5 0.967662	H@10 1.000000	H@20 1.000000	H@50 1.000000	H@100 1.000000
INFO:kbc-cli.py:Epoch 73/100	Loss 3.2987 ± 0.1631
INFO:kbc-cli.py:Epoch 74/100	Loss 3.2988 ± 0.1649
INFO:kbc-cli.py:Epoch 75/100	Loss 3.2990 ± 0.1558
INFO:kbc-cli.py:Epoch 75/100	dev results	MRR 0.819436	H@1 0.711055	H@3 0.907035	H@5 0.969849	H@10 0.997487	H@20 1.000000	H@50 1.000000	H@100 1.000000
INFO:kbc-cli.py:Epoch 75/100	test results	MRR 0.817754	H@1 0.711443	H@3 0.907960	H@5 0.967662	H@10 1.000000	H@20 1.000000	H@50 1.000000	H@100 1.000000
INFO:kbc-cli.py:Epoch 76/100	Loss 3.2973 ± 0.1723
INFO:kbc-cli.py:Epoch 77/100	Loss 3.2960 ± 0.1602
INFO:kbc-cli.py:Epoch 78/100	Loss 3.2940 ± 0.1564
INFO:kbc-cli.py:Epoch 78/100	dev results	MRR 0.819646	H@1 0.713568	H@3 0.907035	H@5 0.967337	H@10 0.997487	H@20 1.000000	H@50 1.000000	H@100 1.000000
INFO:kbc-cli.py:Epoch 78/100	test results	MRR 0.818076	H@1 0.711443	H@3 0.907960	H@5 0.965174	H@10 1.000000	H@20 1.000000	H@50 1.000000	H@100 1.000000
INFO:kbc-cli.py:Epoch 79/100	Loss 3.2939 ± 0.1532
INFO:kbc-cli.py:Epoch 80/100	Loss 3.2936 ± 0.1760
INFO:kbc-cli.py:Epoch 81/100	Loss 3.2919 ± 0.1450
INFO:kbc-cli.py:Epoch 81/100	dev results	MRR 0.813699	H@1 0.701005	H@3 0.907035	H@5 0.969849	H@10 0.997487	H@20 1.000000	H@50 1.000000	H@100 1.000000
INFO:kbc-cli.py:Epoch 81/100	test results	MRR 0.818076	H@1 0.713930	H@3 0.907960	H@5 0.965174	H@10 1.000000	H@20 1.000000	H@50 1.000000	H@100 1.000000
INFO:kbc-cli.py:Epoch 82/100	Loss 3.2898 ± 0.1834
INFO:kbc-cli.py:Epoch 83/100	Loss 3.2882 ± 0.1319
INFO:kbc-cli.py:Epoch 84/100	Loss 3.2885 ± 0.1837
INFO:kbc-cli.py:Epoch 84/100	dev results	MRR 0.815039	H@1 0.703518	H@3 0.907035	H@5 0.967337	H@10 0.997487	H@20 1.000000	H@50 1.000000	H@100 1.000000
INFO:kbc-cli.py:Epoch 84/100	test results	MRR 0.816507	H@1 0.711443	H@3 0.907960	H@5 0.965174	H@10 1.000000	H@20 1.000000	H@50 1.000000	H@100 1.000000
INFO:kbc-cli.py:Epoch 85/100	Loss 3.2894 ± 0.1877
INFO:kbc-cli.py:Epoch 86/100	Loss 3.2863 ± 0.1501
INFO:kbc-cli.py:Epoch 87/100	Loss 3.2883 ± 0.1639
INFO:kbc-cli.py:Epoch 87/100	dev results	MRR 0.815333	H@1 0.706030	H@3 0.899497	H@5 0.969849	H@10 0.997487	H@20 1.000000	H@50 1.000000	H@100 1.000000
INFO:kbc-cli.py:Epoch 87/100	test results	MRR 0.816048	H@1 0.711443	H@3 0.898010	H@5 0.965174	H@10 1.000000	H@20 1.000000	H@50 1.000000	H@100 1.000000
INFO:kbc-cli.py:Epoch 88/100	Loss 3.2845 ± 0.1532
INFO:kbc-cli.py:Epoch 89/100	Loss 3.2832 ± 0.1820
INFO:kbc-cli.py:Epoch 90/100	Loss 3.2829 ± 0.1466
INFO:kbc-cli.py:Epoch 90/100	dev results	MRR 0.817050	H@1 0.708543	H@3 0.904523	H@5 0.967337	H@10 0.997487	H@20 1.000000	H@50 1.000000	H@100 1.000000
INFO:kbc-cli.py:Epoch 90/100	test results	MRR 0.815367	H@1 0.708955	H@3 0.905473	H@5 0.965174	H@10 1.000000	H@20 1.000000	H@50 1.000000	H@100 1.000000
INFO:kbc-cli.py:Epoch 91/100	Loss 3.2818 ± 0.1500
INFO:kbc-cli.py:Epoch 92/100	Loss 3.2799 ± 0.1590
INFO:kbc-cli.py:Epoch 93/100	Loss 3.2803 ± 0.1900
INFO:kbc-cli.py:Epoch 93/100	dev results	MRR 0.815374	H@1 0.706030	H@3 0.904523	H@5 0.967337	H@10 0.997487	H@20 1.000000	H@50 1.000000	H@100 1.000000
INFO:kbc-cli.py:Epoch 93/100	test results	MRR 0.815802	H@1 0.708955	H@3 0.910448	H@5 0.962687	H@10 1.000000	H@20 1.000000	H@50 1.000000	H@100 1.000000
INFO:kbc-cli.py:Epoch 94/100	Loss 3.2799 ± 0.1679
INFO:kbc-cli.py:Epoch 95/100	Loss 3.2802 ± 0.1756
INFO:kbc-cli.py:Epoch 96/100	Loss 3.2761 ± 0.1794
INFO:kbc-cli.py:Epoch 96/100	dev results	MRR 0.810140	H@1 0.698492	H@3 0.904523	H@5 0.964824	H@10 0.997487	H@20 1.000000	H@50 1.000000	H@100 1.000000
INFO:kbc-cli.py:Epoch 96/100	test results	MRR 0.818121	H@1 0.713930	H@3 0.907960	H@5 0.965174	H@10 1.000000	H@20 1.000000	H@50 1.000000	H@100 1.000000
INFO:kbc-cli.py:Epoch 97/100	Loss 3.2786 ± 0.1710
INFO:kbc-cli.py:Epoch 98/100	Loss 3.2769 ± 0.1453
INFO:kbc-cli.py:Epoch 99/100	Loss 3.2769 ± 0.1806
INFO:kbc-cli.py:Epoch 99/100	dev results	MRR 0.815039	H@1 0.706030	H@3 0.907035	H@5 0.967337	H@10 0.997487	H@20 1.000000	H@50 1.000000	H@100 1.000000
INFO:kbc-cli.py:Epoch 99/100	test results	MRR 0.816048	H@1 0.711443	H@3 0.907960	H@5 0.965174	H@10 1.000000	H@20 1.000000	H@50 1.000000	H@100 1.000000
INFO:kbc-cli.py:Epoch 100/100	Loss 3.2753 ± 0.1398
INFO:kbc-cli.py:Final 	dev results	MRR 0.814830	H@1 0.706030	H@3 0.909548	H@5 0.967337	H@10 0.997487	H@20 1.000000	H@50 1.000000	H@100 1.000000
INFO:kbc-cli.py:Final 	test results	MRR 0.817913	H@1 0.713930	H@3 0.905473	H@5 0.965174	H@10 1.000000	H@20 1.000000	H@50 1.000000	H@100 1.000000
INFO:kbc-cli.py:Training finished
