./bin/kbc-cli.py --train data/umls/train.tsv --dev data/umls/dev.tsv --test data/umls/test.tsv -m complex -k 100 -b 500 -e 100 --F2 0 --N3 0.5 -l 0.1 -I reciprocal -V 3 -o adagrad -c spo -q
{'F2': 0.0,
 'N3': 0.5,
 'batch_size': 500,
 'corruption': 'spo',
 'dev': 'data/umls/dev.tsv',
 'embedding_size': 100,
 'epochs': 100,
 'eval_batch_size': None,
 'input_type': 'reciprocal',
 'learning_rate': 0.1,
 'load': None,
 'model': 'complex',
 'optimizer': 'adagrad',
 'quiet': True,
 'save': None,
 'seed': 0,
 'test': 'data/umls/test.tsv',
 'test_i': None,
 'test_ii': None,
 'train': 'data/umls/train.tsv',
 'validate_every': 3}
INFO:kbc-cli.py:Device: cuda
INFO:kbc-cli.py:Model state:
INFO:kbc-cli.py:	entities.weight	torch.Size([135, 200])
INFO:kbc-cli.py:	predicates.weight	torch.Size([92, 200])
INFO:kbc-cli.py:Epoch 1/100	Loss 14.3664 ± 0.0921
INFO:kbc-cli.py:Epoch 2/100	Loss 14.3306 ± 0.0041
INFO:kbc-cli.py:Epoch 3/100	Loss 14.1322 ± 0.0907
INFO:kbc-cli.py:Epoch 3/100	dev results	MRR 0.456156	H@1 0.312117	H@3 0.524540	H@5 0.607362	H@10 0.724693	H@20 0.851227	H@50 0.920245	H@100 0.984663
INFO:kbc-cli.py:Epoch 3/100	test results	MRR 0.456553	H@1 0.318457	H@3 0.518154	H@5 0.585477	H@10 0.720121	H@20 0.850227	H@50 0.927383	H@100 0.981846
INFO:kbc-cli.py:Epoch 4/100	Loss 13.9532 ± 0.0336
INFO:kbc-cli.py:Epoch 5/100	Loss 13.9062 ± 0.0371
INFO:kbc-cli.py:Epoch 6/100	Loss 13.8880 ± 0.0402
INFO:kbc-cli.py:Epoch 6/100	dev results	MRR 0.573750	H@1 0.450920	H@3 0.626534	H@5 0.710890	H@10 0.807515	H@20 0.878834	H@50 0.952454	H@100 0.992331
INFO:kbc-cli.py:Epoch 6/100	test results	MRR 0.566265	H@1 0.447050	H@3 0.615734	H@5 0.701967	H@10 0.803328	H@20 0.873676	H@50 0.957640	H@100 0.994705
INFO:kbc-cli.py:Epoch 7/100	Loss 13.8768 ± 0.0485
INFO:kbc-cli.py:Epoch 8/100	Loss 13.8677 ± 0.0384
INFO:kbc-cli.py:Epoch 9/100	Loss 13.8600 ± 0.0430
INFO:kbc-cli.py:Epoch 9/100	dev results	MRR 0.574276	H@1 0.448620	H@3 0.632669	H@5 0.730828	H@10 0.829755	H@20 0.886503	H@50 0.957055	H@100 0.992331
INFO:kbc-cli.py:Epoch 9/100	test results	MRR 0.566815	H@1 0.440242	H@3 0.624054	H@5 0.721634	H@10 0.824508	H@20 0.882753	H@50 0.958396	H@100 0.994705
INFO:kbc-cli.py:Epoch 10/100	Loss 13.8516 ± 0.0336
INFO:kbc-cli.py:Epoch 11/100	Loss 13.8464 ± 0.0541
INFO:kbc-cli.py:Epoch 12/100	Loss 13.8425 ± 0.0538
INFO:kbc-cli.py:Epoch 12/100	dev results	MRR 0.589868	H@1 0.462423	H@3 0.650307	H@5 0.723926	H@10 0.838957	H@20 0.898006	H@50 0.960890	H@100 0.991564
INFO:kbc-cli.py:Epoch 12/100	test results	MRR 0.584980	H@1 0.460666	H@3 0.643722	H@5 0.717852	H@10 0.829803	H@20 0.887292	H@50 0.967474	H@100 0.993192
INFO:kbc-cli.py:Epoch 13/100	Loss 13.8386 ± 0.0361
INFO:kbc-cli.py:Epoch 14/100	Loss 13.8361 ± 0.0510
INFO:kbc-cli.py:Epoch 15/100	Loss 13.8344 ± 0.0448
INFO:kbc-cli.py:Epoch 15/100	dev results	MRR 0.591743	H@1 0.463190	H@3 0.642638	H@5 0.750767	H@10 0.848160	H@20 0.901074	H@50 0.962423	H@100 0.994632
INFO:kbc-cli.py:Epoch 15/100	test results	MRR 0.586457	H@1 0.456884	H@3 0.645991	H@5 0.739788	H@10 0.835098	H@20 0.892587	H@50 0.965961	H@100 0.992436
INFO:kbc-cli.py:Epoch 16/100	Loss 13.8310 ± 0.0526
INFO:kbc-cli.py:Epoch 17/100	Loss 13.8310 ± 0.0484
INFO:kbc-cli.py:Epoch 18/100	Loss 13.8294 ± 0.0528
INFO:kbc-cli.py:Epoch 18/100	dev results	MRR 0.594861	H@1 0.463957	H@3 0.656442	H@5 0.751534	H@10 0.849693	H@20 0.907975	H@50 0.960890	H@100 0.993865
INFO:kbc-cli.py:Epoch 18/100	test results	MRR 0.593047	H@1 0.466717	H@3 0.651286	H@5 0.742814	H@10 0.835098	H@20 0.895613	H@50 0.963691	H@100 0.993192
INFO:kbc-cli.py:Epoch 19/100	Loss 13.8279 ± 0.0364
INFO:kbc-cli.py:Epoch 20/100	Loss 13.8272 ± 0.0405
INFO:kbc-cli.py:Epoch 21/100	Loss 13.8266 ± 0.0528
INFO:kbc-cli.py:Epoch 21/100	dev results	MRR 0.593022	H@1 0.459356	H@3 0.656442	H@5 0.753067	H@10 0.859663	H@20 0.907975	H@50 0.962423	H@100 0.993865
INFO:kbc-cli.py:Epoch 21/100	test results	MRR 0.584806	H@1 0.454614	H@3 0.643722	H@5 0.740545	H@10 0.844932	H@20 0.894856	H@50 0.965961	H@100 0.993192
INFO:kbc-cli.py:Epoch 22/100	Loss 13.8248 ± 0.0376
INFO:kbc-cli.py:Epoch 23/100	Loss 13.8246 ± 0.0377
INFO:kbc-cli.py:Epoch 24/100	Loss 13.8239 ± 0.0405
INFO:kbc-cli.py:Epoch 24/100	dev results	MRR 0.601930	H@1 0.473926	H@3 0.664877	H@5 0.750000	H@10 0.858129	H@20 0.905675	H@50 0.960890	H@100 0.992331
INFO:kbc-cli.py:Epoch 24/100	test results	MRR 0.599423	H@1 0.473525	H@3 0.663389	H@5 0.743570	H@10 0.843419	H@20 0.896369	H@50 0.965204	H@100 0.992436
INFO:kbc-cli.py:Epoch 25/100	Loss 13.8232 ± 0.0439
INFO:kbc-cli.py:Epoch 26/100	Loss 13.8223 ± 0.0646
INFO:kbc-cli.py:Epoch 27/100	Loss 13.8222 ± 0.0492
INFO:kbc-cli.py:Epoch 27/100	dev results	MRR 0.600963	H@1 0.472393	H@3 0.665644	H@5 0.762270	H@10 0.855061	H@20 0.900307	H@50 0.962423	H@100 0.992331
INFO:kbc-cli.py:Epoch 27/100	test results	MRR 0.606098	H@1 0.483359	H@3 0.667927	H@5 0.750378	H@10 0.842663	H@20 0.893343	H@50 0.965204	H@100 0.991679
INFO:kbc-cli.py:Epoch 28/100	Loss 13.8208 ± 0.0440
INFO:kbc-cli.py:Epoch 29/100	Loss 13.8216 ± 0.0462
INFO:kbc-cli.py:Epoch 30/100	Loss 13.8211 ± 0.0356
INFO:kbc-cli.py:Epoch 30/100	dev results	MRR 0.596947	H@1 0.469325	H@3 0.654141	H@5 0.754601	H@10 0.854294	H@20 0.904141	H@50 0.961656	H@100 0.990798
INFO:kbc-cli.py:Epoch 30/100	test results	MRR 0.596678	H@1 0.472769	H@3 0.655825	H@5 0.737519	H@10 0.843419	H@20 0.893343	H@50 0.964448	H@100 0.992436
INFO:kbc-cli.py:Epoch 31/100	Loss 13.8204 ± 0.0352
INFO:kbc-cli.py:Epoch 32/100	Loss 13.8203 ± 0.0580
INFO:kbc-cli.py:Epoch 33/100	Loss 13.8197 ± 0.0538
INFO:kbc-cli.py:Epoch 33/100	dev results	MRR 0.604320	H@1 0.473926	H@3 0.673313	H@5 0.747699	H@10 0.856595	H@20 0.903374	H@50 0.963190	H@100 0.991564
INFO:kbc-cli.py:Epoch 33/100	test results	MRR 0.606368	H@1 0.482602	H@3 0.667171	H@5 0.744327	H@10 0.847201	H@20 0.892587	H@50 0.965204	H@100 0.992436
INFO:kbc-cli.py:Epoch 34/100	Loss 13.8187 ± 0.0464
INFO:kbc-cli.py:Epoch 35/100	Loss 13.8187 ± 0.0558
INFO:kbc-cli.py:Epoch 36/100	Loss 13.8176 ± 0.0568
INFO:kbc-cli.py:Epoch 36/100	dev results	MRR 0.608290	H@1 0.484663	H@3 0.661810	H@5 0.753067	H@10 0.859663	H@20 0.904908	H@50 0.962423	H@100 0.992331
INFO:kbc-cli.py:Epoch 36/100	test results	MRR 0.605233	H@1 0.484115	H@3 0.658094	H@5 0.743570	H@10 0.844932	H@20 0.891831	H@50 0.966717	H@100 0.992436
INFO:kbc-cli.py:Epoch 37/100	Loss 13.8189 ± 0.0524
INFO:kbc-cli.py:Epoch 38/100	Loss 13.8174 ± 0.0456
INFO:kbc-cli.py:Epoch 39/100	Loss 13.8172 ± 0.0530
INFO:kbc-cli.py:Epoch 39/100	dev results	MRR 0.605589	H@1 0.479294	H@3 0.668712	H@5 0.757669	H@10 0.858896	H@20 0.900307	H@50 0.962423	H@100 0.990798
INFO:kbc-cli.py:Epoch 39/100	test results	MRR 0.603340	H@1 0.476551	H@3 0.671710	H@5 0.749622	H@10 0.846445	H@20 0.892587	H@50 0.962179	H@100 0.992436
INFO:kbc-cli.py:Epoch 40/100	Loss 13.8171 ± 0.0446
INFO:kbc-cli.py:Epoch 41/100	Loss 13.8165 ± 0.0434
INFO:kbc-cli.py:Epoch 42/100	Loss 13.8165 ± 0.0569
INFO:kbc-cli.py:Epoch 42/100	dev results	MRR 0.616284	H@1 0.493098	H@3 0.676380	H@5 0.753834	H@10 0.857362	H@20 0.902607	H@50 0.960890	H@100 0.993098
INFO:kbc-cli.py:Epoch 42/100	test results	MRR 0.612379	H@1 0.490166	H@3 0.673979	H@5 0.745083	H@10 0.845688	H@20 0.891831	H@50 0.963691	H@100 0.993192
INFO:kbc-cli.py:Epoch 43/100	Loss 13.8157 ± 0.0550
INFO:kbc-cli.py:Epoch 44/100	Loss 13.8153 ± 0.0526
INFO:kbc-cli.py:Epoch 45/100	Loss 13.8152 ± 0.0519
INFO:kbc-cli.py:Epoch 45/100	dev results	MRR 0.613335	H@1 0.490031	H@3 0.672546	H@5 0.754601	H@10 0.855828	H@20 0.904141	H@50 0.962423	H@100 0.990798
INFO:kbc-cli.py:Epoch 45/100	test results	MRR 0.609599	H@1 0.490166	H@3 0.666415	H@5 0.744327	H@10 0.848714	H@20 0.893343	H@50 0.961422	H@100 0.992436
INFO:kbc-cli.py:Epoch 46/100	Loss 13.8148 ± 0.0461
INFO:kbc-cli.py:Epoch 47/100	Loss 13.8142 ± 0.0524
INFO:kbc-cli.py:Epoch 48/100	Loss 13.8147 ± 0.0400
INFO:kbc-cli.py:Epoch 48/100	dev results	MRR 0.610314	H@1 0.482362	H@3 0.677914	H@5 0.753834	H@10 0.861196	H@20 0.904908	H@50 0.963190	H@100 0.991564
INFO:kbc-cli.py:Epoch 48/100	test results	MRR 0.611742	H@1 0.489410	H@3 0.673979	H@5 0.750378	H@10 0.844932	H@20 0.897126	H@50 0.962935	H@100 0.993192
INFO:kbc-cli.py:Epoch 49/100	Loss 13.8132 ± 0.0434
INFO:kbc-cli.py:Epoch 50/100	Loss 13.8136 ± 0.0507
INFO:kbc-cli.py:Epoch 51/100	Loss 13.8136 ± 0.0429
INFO:kbc-cli.py:Epoch 51/100	dev results	MRR 0.614616	H@1 0.491564	H@3 0.674080	H@5 0.759969	H@10 0.861196	H@20 0.904141	H@50 0.962423	H@100 0.991564
INFO:kbc-cli.py:Epoch 51/100	test results	MRR 0.612572	H@1 0.489410	H@3 0.673979	H@5 0.744327	H@10 0.850983	H@20 0.894856	H@50 0.962179	H@100 0.992436
INFO:kbc-cli.py:Epoch 52/100	Loss 13.8132 ± 0.0555
INFO:kbc-cli.py:Epoch 53/100	Loss 13.8130 ± 0.0389
INFO:kbc-cli.py:Epoch 54/100	Loss 13.8124 ± 0.0515
INFO:kbc-cli.py:Epoch 54/100	dev results	MRR 0.620043	H@1 0.498466	H@3 0.680215	H@5 0.762270	H@10 0.858896	H@20 0.907975	H@50 0.962423	H@100 0.991564
INFO:kbc-cli.py:Epoch 54/100	test results	MRR 0.615362	H@1 0.490923	H@3 0.678517	H@5 0.752648	H@10 0.850983	H@20 0.897882	H@50 0.962179	H@100 0.992436
INFO:kbc-cli.py:Epoch 55/100	Loss 13.8112 ± 0.0412
INFO:kbc-cli.py:Epoch 56/100	Loss 13.8121 ± 0.0473
INFO:kbc-cli.py:Epoch 57/100	Loss 13.8120 ± 0.0477
INFO:kbc-cli.py:Epoch 57/100	dev results	MRR 0.608100	H@1 0.480828	H@3 0.675613	H@5 0.751534	H@10 0.856595	H@20 0.903374	H@50 0.962423	H@100 0.992331
INFO:kbc-cli.py:Epoch 57/100	test results	MRR 0.611964	H@1 0.487897	H@3 0.674735	H@5 0.750378	H@10 0.846445	H@20 0.896369	H@50 0.961422	H@100 0.993192
INFO:kbc-cli.py:Epoch 58/100	Loss 13.8112 ± 0.0411
INFO:kbc-cli.py:Epoch 59/100	Loss 13.8113 ± 0.0397
INFO:kbc-cli.py:Epoch 60/100	Loss 13.8100 ± 0.0432
INFO:kbc-cli.py:Epoch 60/100	dev results	MRR 0.615769	H@1 0.492331	H@3 0.677147	H@5 0.759202	H@10 0.852761	H@20 0.904141	H@50 0.962423	H@100 0.990031
INFO:kbc-cli.py:Epoch 60/100	test results	MRR 0.613493	H@1 0.490166	H@3 0.676248	H@5 0.748865	H@10 0.849470	H@20 0.896369	H@50 0.961422	H@100 0.993192
INFO:kbc-cli.py:Epoch 61/100	Loss 13.8102 ± 0.0618
INFO:kbc-cli.py:Epoch 62/100	Loss 13.8107 ± 0.0527
INFO:kbc-cli.py:Epoch 63/100	Loss 13.8101 ± 0.0486
INFO:kbc-cli.py:Epoch 63/100	dev results	MRR 0.612470	H@1 0.489264	H@3 0.671779	H@5 0.755368	H@10 0.857362	H@20 0.907975	H@50 0.961656	H@100 0.990798
INFO:kbc-cli.py:Epoch 63/100	test results	MRR 0.607724	H@1 0.481846	H@3 0.668684	H@5 0.747352	H@10 0.850983	H@20 0.898638	H@50 0.961422	H@100 0.994705
INFO:kbc-cli.py:Epoch 64/100	Loss 13.8098 ± 0.0409
INFO:kbc-cli.py:Epoch 65/100	Loss 13.8096 ± 0.0549
INFO:kbc-cli.py:Epoch 66/100	Loss 13.8094 ± 0.0509
INFO:kbc-cli.py:Epoch 66/100	dev results	MRR 0.613514	H@1 0.488497	H@3 0.675613	H@5 0.753834	H@10 0.858896	H@20 0.908742	H@50 0.963190	H@100 0.991564
INFO:kbc-cli.py:Epoch 66/100	test results	MRR 0.604848	H@1 0.475794	H@3 0.670953	H@5 0.750378	H@10 0.850227	H@20 0.898638	H@50 0.960666	H@100 0.994705
INFO:kbc-cli.py:Epoch 67/100	Loss 13.8097 ± 0.0590
INFO:kbc-cli.py:Epoch 68/100	Loss 13.8093 ± 0.0321
INFO:kbc-cli.py:Epoch 69/100	Loss 13.8091 ± 0.0442
INFO:kbc-cli.py:Epoch 69/100	dev results	MRR 0.612967	H@1 0.491564	H@3 0.668712	H@5 0.753834	H@10 0.859663	H@20 0.905675	H@50 0.962423	H@100 0.990798
INFO:kbc-cli.py:Epoch 69/100	test results	MRR 0.613024	H@1 0.491679	H@3 0.667927	H@5 0.750378	H@10 0.850227	H@20 0.897882	H@50 0.960666	H@100 0.994705
INFO:kbc-cli.py:Epoch 70/100	Loss 13.8094 ± 0.0521
INFO:kbc-cli.py:Epoch 71/100	Loss 13.8088 ± 0.0463
INFO:kbc-cli.py:Epoch 72/100	Loss 13.8085 ± 0.0465
INFO:kbc-cli.py:Epoch 72/100	dev results	MRR 0.611995	H@1 0.486196	H@3 0.674080	H@5 0.749233	H@10 0.865031	H@20 0.907209	H@50 0.963190	H@100 0.990031
INFO:kbc-cli.py:Epoch 72/100	test results	MRR 0.609322	H@1 0.486384	H@3 0.667927	H@5 0.743570	H@10 0.853253	H@20 0.895613	H@50 0.959909	H@100 0.994705
INFO:kbc-cli.py:Epoch 73/100	Loss 13.8084 ± 0.0563
INFO:kbc-cli.py:Epoch 74/100	Loss 13.8084 ± 0.0487
INFO:kbc-cli.py:Epoch 75/100	Loss 13.8078 ± 0.0491
INFO:kbc-cli.py:Epoch 75/100	dev results	MRR 0.613896	H@1 0.488497	H@3 0.677914	H@5 0.752301	H@10 0.861963	H@20 0.909509	H@50 0.963190	H@100 0.990031
INFO:kbc-cli.py:Epoch 75/100	test results	MRR 0.610540	H@1 0.481846	H@3 0.681543	H@5 0.753404	H@10 0.851740	H@20 0.900908	H@50 0.959909	H@100 0.994705
INFO:kbc-cli.py:Epoch 76/100	Loss 13.8069 ± 0.0528
INFO:kbc-cli.py:Epoch 77/100	Loss 13.8079 ± 0.0414
INFO:kbc-cli.py:Epoch 78/100	Loss 13.8086 ± 0.0688
INFO:kbc-cli.py:Epoch 78/100	dev results	MRR 0.612306	H@1 0.486196	H@3 0.676380	H@5 0.746933	H@10 0.861963	H@20 0.908742	H@50 0.963190	H@100 0.989264
INFO:kbc-cli.py:Epoch 78/100	test results	MRR 0.612789	H@1 0.490923	H@3 0.670197	H@5 0.745840	H@10 0.851740	H@20 0.897882	H@50 0.960666	H@100 0.994705
INFO:kbc-cli.py:Epoch 79/100	Loss 13.8075 ± 0.0421
INFO:kbc-cli.py:Epoch 80/100	Loss 13.8076 ± 0.0599
INFO:kbc-cli.py:Epoch 81/100	Loss 13.8070 ± 0.0463
INFO:kbc-cli.py:Epoch 81/100	dev results	MRR 0.617380	H@1 0.496933	H@3 0.671779	H@5 0.753834	H@10 0.861196	H@20 0.907209	H@50 0.962423	H@100 0.989264
INFO:kbc-cli.py:Epoch 81/100	test results	MRR 0.611413	H@1 0.489410	H@3 0.666415	H@5 0.749622	H@10 0.854766	H@20 0.896369	H@50 0.959909	H@100 0.994705
INFO:kbc-cli.py:Epoch 82/100	Loss 13.8080 ± 0.0552
INFO:kbc-cli.py:Epoch 83/100	Loss 13.8073 ± 0.0362
INFO:kbc-cli.py:Epoch 84/100	Loss 13.8067 ± 0.0448
INFO:kbc-cli.py:Epoch 84/100	dev results	MRR 0.611293	H@1 0.486963	H@3 0.672546	H@5 0.748466	H@10 0.861196	H@20 0.911043	H@50 0.962423	H@100 0.990031
INFO:kbc-cli.py:Epoch 84/100	test results	MRR 0.605437	H@1 0.478820	H@3 0.664902	H@5 0.748109	H@10 0.850983	H@20 0.902421	H@50 0.960666	H@100 0.994705
INFO:kbc-cli.py:Epoch 85/100	Loss 13.8073 ± 0.0455
INFO:kbc-cli.py:Epoch 86/100	Loss 13.8067 ± 0.0456
INFO:kbc-cli.py:Epoch 87/100	Loss 13.8072 ± 0.0535
INFO:kbc-cli.py:Epoch 87/100	dev results	MRR 0.611688	H@1 0.484663	H@3 0.675613	H@5 0.752301	H@10 0.861196	H@20 0.907975	H@50 0.961656	H@100 0.989264
INFO:kbc-cli.py:Epoch 87/100	test results	MRR 0.612016	H@1 0.488654	H@3 0.670197	H@5 0.750378	H@10 0.850227	H@20 0.902421	H@50 0.959153	H@100 0.994705
INFO:kbc-cli.py:Epoch 88/100	Loss 13.8065 ± 0.0534
INFO:kbc-cli.py:Epoch 89/100	Loss 13.8068 ± 0.0345
INFO:kbc-cli.py:Epoch 90/100	Loss 13.8067 ± 0.0453
INFO:kbc-cli.py:Epoch 90/100	dev results	MRR 0.618178	H@1 0.496933	H@3 0.676380	H@5 0.754601	H@10 0.861963	H@20 0.908742	H@50 0.962423	H@100 0.989264
INFO:kbc-cli.py:Epoch 90/100	test results	MRR 0.613764	H@1 0.490923	H@3 0.667171	H@5 0.756430	H@10 0.853253	H@20 0.900908	H@50 0.959909	H@100 0.994705
INFO:kbc-cli.py:Epoch 91/100	Loss 13.8058 ± 0.0515
INFO:kbc-cli.py:Epoch 92/100	Loss 13.8055 ± 0.0541
INFO:kbc-cli.py:Epoch 93/100	Loss 13.8059 ± 0.0371
INFO:kbc-cli.py:Epoch 93/100	dev results	MRR 0.613729	H@1 0.486963	H@3 0.678681	H@5 0.756902	H@10 0.861196	H@20 0.909509	H@50 0.963190	H@100 0.988497
INFO:kbc-cli.py:Epoch 93/100	test results	MRR 0.615648	H@1 0.493192	H@3 0.673979	H@5 0.754160	H@10 0.852496	H@20 0.900151	H@50 0.960666	H@100 0.994705
INFO:kbc-cli.py:Epoch 94/100	Loss 13.8059 ± 0.0360
INFO:kbc-cli.py:Epoch 95/100	Loss 13.8058 ± 0.0540
INFO:kbc-cli.py:Epoch 96/100	Loss 13.8067 ± 0.0591
INFO:kbc-cli.py:Epoch 96/100	dev results	MRR 0.611994	H@1 0.486963	H@3 0.671012	H@5 0.754601	H@10 0.864264	H@20 0.911043	H@50 0.963190	H@100 0.989264
INFO:kbc-cli.py:Epoch 96/100	test results	MRR 0.609182	H@1 0.484115	H@3 0.669440	H@5 0.749622	H@10 0.856278	H@20 0.900151	H@50 0.961422	H@100 0.994705
INFO:kbc-cli.py:Epoch 97/100	Loss 13.8063 ± 0.0591
INFO:kbc-cli.py:Epoch 98/100	Loss 13.8048 ± 0.0530
INFO:kbc-cli.py:Epoch 99/100	Loss 13.8055 ± 0.0549
INFO:kbc-cli.py:Epoch 99/100	dev results	MRR 0.617981	H@1 0.498466	H@3 0.674847	H@5 0.751534	H@10 0.863497	H@20 0.908742	H@50 0.962423	H@100 0.988497
INFO:kbc-cli.py:Epoch 99/100	test results	MRR 0.614617	H@1 0.490166	H@3 0.676248	H@5 0.751135	H@10 0.850983	H@20 0.900151	H@50 0.962179	H@100 0.994705
INFO:kbc-cli.py:Epoch 100/100	Loss 13.8053 ± 0.0306
INFO:kbc-cli.py:Final 	dev results	MRR 0.617809	H@1 0.496166	H@3 0.677914	H@5 0.751534	H@10 0.860429	H@20 0.908742	H@50 0.963190	H@100 0.988497
INFO:kbc-cli.py:Final 	test results	MRR 0.610440	H@1 0.484871	H@3 0.673979	H@5 0.751891	H@10 0.850983	H@20 0.900908	H@50 0.960666	H@100 0.994705
INFO:kbc-cli.py:Training finished
