./bin/kbc-cli.py --train data/nations/train.tsv --dev data/nations/dev.tsv --test data/nations/test.tsv -m complex -k 100 -b 100 -e 100 --F2 0 --N3 0.0001 -l 0.1 -I standard -V 3 -o adagrad -c spo -q
{'F2': 0.0,
 'N3': 0.0001,
 'batch_size': 100,
 'corruption': 'spo',
 'dev': 'data/nations/dev.tsv',
 'embedding_size': 100,
 'epochs': 100,
 'eval_batch_size': None,
 'input_type': 'standard',
 'learning_rate': 0.1,
 'load': None,
 'model': 'complex',
 'optimizer': 'adagrad',
 'quiet': True,
 'save': None,
 'seed': 0,
 'test': 'data/nations/test.tsv',
 'test_i': None,
 'test_ii': None,
 'train': 'data/nations/train.tsv',
 'validate_every': 3}
INFO:kbc-cli.py:Device: cuda
INFO:kbc-cli.py:Model state:
INFO:kbc-cli.py:	entities.weight	torch.Size([14, 200])
INFO:kbc-cli.py:	predicates.weight	torch.Size([55, 200])
INFO:kbc-cli.py:Epoch 1/100	Loss 9.2307 ± 0.1642
INFO:kbc-cli.py:Epoch 2/100	Loss 8.0665 ± 0.1249
INFO:kbc-cli.py:Epoch 3/100	Loss 7.3611 ± 0.1768
INFO:kbc-cli.py:Epoch 3/100	dev results	MRR 0.766757	H@1 0.643216	H@3 0.856784	H@5 0.937186	H@10 0.992462	H@20 1.000000	H@50 1.000000	H@100 1.000000
INFO:kbc-cli.py:Epoch 3/100	test results	MRR 0.767137	H@1 0.636816	H@3 0.870647	H@5 0.947761	H@10 0.995025	H@20 1.000000	H@50 1.000000	H@100 1.000000
INFO:kbc-cli.py:Epoch 4/100	Loss 6.9688 ± 0.2857
INFO:kbc-cli.py:Epoch 5/100	Loss 6.7060 ± 0.2618
INFO:kbc-cli.py:Epoch 6/100	Loss 6.5401 ± 0.2588
INFO:kbc-cli.py:Epoch 6/100	dev results	MRR 0.774477	H@1 0.650754	H@3 0.884422	H@5 0.949749	H@10 0.994975	H@20 1.000000	H@50 1.000000	H@100 1.000000
INFO:kbc-cli.py:Epoch 6/100	test results	MRR 0.781165	H@1 0.666667	H@3 0.860697	H@5 0.952736	H@10 0.995025	H@20 1.000000	H@50 1.000000	H@100 1.000000
INFO:kbc-cli.py:Epoch 7/100	Loss 6.4247 ± 0.2379
INFO:kbc-cli.py:Epoch 8/100	Loss 6.3260 ± 0.2454
INFO:kbc-cli.py:Epoch 9/100	Loss 6.2572 ± 0.2503
INFO:kbc-cli.py:Epoch 9/100	dev results	MRR 0.783024	H@1 0.668342	H@3 0.871859	H@5 0.954774	H@10 0.997487	H@20 1.000000	H@50 1.000000	H@100 1.000000
INFO:kbc-cli.py:Epoch 9/100	test results	MRR 0.771929	H@1 0.656716	H@3 0.850746	H@5 0.942786	H@10 0.992537	H@20 1.000000	H@50 1.000000	H@100 1.000000
INFO:kbc-cli.py:Epoch 10/100	Loss 6.2051 ± 0.2872
INFO:kbc-cli.py:Epoch 11/100	Loss 6.1540 ± 0.2577
INFO:kbc-cli.py:Epoch 12/100	Loss 6.1168 ± 0.2452
INFO:kbc-cli.py:Epoch 12/100	dev results	MRR 0.779800	H@1 0.660804	H@3 0.881910	H@5 0.954774	H@10 0.997487	H@20 1.000000	H@50 1.000000	H@100 1.000000
INFO:kbc-cli.py:Epoch 12/100	test results	MRR 0.772403	H@1 0.656716	H@3 0.850746	H@5 0.940299	H@10 0.992537	H@20 1.000000	H@50 1.000000	H@100 1.000000
INFO:kbc-cli.py:Epoch 13/100	Loss 6.0745 ± 0.1914
INFO:kbc-cli.py:Epoch 14/100	Loss 6.0511 ± 0.2194
INFO:kbc-cli.py:Epoch 15/100	Loss 6.0232 ± 0.2085
INFO:kbc-cli.py:Epoch 15/100	dev results	MRR 0.785226	H@1 0.670854	H@3 0.879397	H@5 0.954774	H@10 0.994975	H@20 1.000000	H@50 1.000000	H@100 1.000000
INFO:kbc-cli.py:Epoch 15/100	test results	MRR 0.773438	H@1 0.659204	H@3 0.850746	H@5 0.940299	H@10 0.995025	H@20 1.000000	H@50 1.000000	H@100 1.000000
INFO:kbc-cli.py:Epoch 16/100	Loss 5.9992 ± 0.2267
INFO:kbc-cli.py:Epoch 17/100	Loss 5.9797 ± 0.2456
INFO:kbc-cli.py:Epoch 18/100	Loss 5.9589 ± 0.2285
INFO:kbc-cli.py:Epoch 18/100	dev results	MRR 0.780997	H@1 0.663317	H@3 0.869347	H@5 0.959799	H@10 0.992462	H@20 1.000000	H@50 1.000000	H@100 1.000000
INFO:kbc-cli.py:Epoch 18/100	test results	MRR 0.766283	H@1 0.644279	H@3 0.853234	H@5 0.935323	H@10 0.990050	H@20 1.000000	H@50 1.000000	H@100 1.000000
INFO:kbc-cli.py:Epoch 19/100	Loss 5.9466 ± 0.2215
INFO:kbc-cli.py:Epoch 20/100	Loss 5.9306 ± 0.1885
INFO:kbc-cli.py:Epoch 21/100	Loss 5.9173 ± 0.2649
INFO:kbc-cli.py:Epoch 21/100	dev results	MRR 0.782898	H@1 0.665829	H@3 0.876884	H@5 0.959799	H@10 0.994975	H@20 1.000000	H@50 1.000000	H@100 1.000000
INFO:kbc-cli.py:Epoch 21/100	test results	MRR 0.763794	H@1 0.641791	H@3 0.848259	H@5 0.932836	H@10 0.992537	H@20 1.000000	H@50 1.000000	H@100 1.000000
INFO:kbc-cli.py:Epoch 22/100	Loss 5.9026 ± 0.2318
INFO:kbc-cli.py:Epoch 23/100	Loss 5.8939 ± 0.2407
INFO:kbc-cli.py:Epoch 24/100	Loss 5.8815 ± 0.2183
INFO:kbc-cli.py:Epoch 24/100	dev results	MRR 0.780552	H@1 0.660804	H@3 0.871859	H@5 0.959799	H@10 0.994975	H@20 1.000000	H@50 1.000000	H@100 1.000000
INFO:kbc-cli.py:Epoch 24/100	test results	MRR 0.764108	H@1 0.641791	H@3 0.850746	H@5 0.937811	H@10 0.992537	H@20 1.000000	H@50 1.000000	H@100 1.000000
INFO:kbc-cli.py:Epoch 25/100	Loss 5.8674 ± 0.2036
INFO:kbc-cli.py:Epoch 26/100	Loss 5.8613 ± 0.1640
INFO:kbc-cli.py:Epoch 27/100	Loss 5.8524 ± 0.2047
INFO:kbc-cli.py:Epoch 27/100	dev results	MRR 0.779968	H@1 0.663317	H@3 0.864322	H@5 0.959799	H@10 0.994975	H@20 1.000000	H@50 1.000000	H@100 1.000000
INFO:kbc-cli.py:Epoch 27/100	test results	MRR 0.763611	H@1 0.641791	H@3 0.845771	H@5 0.935323	H@10 0.992537	H@20 1.000000	H@50 1.000000	H@100 1.000000
INFO:kbc-cli.py:Epoch 28/100	Loss 5.8455 ± 0.1373
INFO:kbc-cli.py:Epoch 29/100	Loss 5.8336 ± 0.1690
INFO:kbc-cli.py:Epoch 30/100	Loss 5.8255 ± 0.1869
INFO:kbc-cli.py:Epoch 30/100	dev results	MRR 0.780279	H@1 0.660804	H@3 0.866834	H@5 0.957286	H@10 0.994975	H@20 1.000000	H@50 1.000000	H@100 1.000000
INFO:kbc-cli.py:Epoch 30/100	test results	MRR 0.757267	H@1 0.629353	H@3 0.843284	H@5 0.937811	H@10 0.992537	H@20 1.000000	H@50 1.000000	H@100 1.000000
INFO:kbc-cli.py:Epoch 31/100	Loss 5.8191 ± 0.1529
INFO:kbc-cli.py:Epoch 32/100	Loss 5.8119 ± 0.1482
INFO:kbc-cli.py:Epoch 33/100	Loss 5.8089 ± 0.2453
INFO:kbc-cli.py:Epoch 33/100	dev results	MRR 0.778895	H@1 0.660804	H@3 0.861809	H@5 0.954774	H@10 0.994975	H@20 1.000000	H@50 1.000000	H@100 1.000000
INFO:kbc-cli.py:Epoch 33/100	test results	MRR 0.761265	H@1 0.639303	H@3 0.840796	H@5 0.937811	H@10 0.992537	H@20 1.000000	H@50 1.000000	H@100 1.000000
INFO:kbc-cli.py:Epoch 34/100	Loss 5.8017 ± 0.1820
INFO:kbc-cli.py:Epoch 35/100	Loss 5.7975 ± 0.2037
INFO:kbc-cli.py:Epoch 36/100	Loss 5.7920 ± 0.2490
INFO:kbc-cli.py:Epoch 36/100	dev results	MRR 0.775419	H@1 0.655779	H@3 0.856784	H@5 0.954774	H@10 0.994975	H@20 1.000000	H@50 1.000000	H@100 1.000000
INFO:kbc-cli.py:Epoch 36/100	test results	MRR 0.759192	H@1 0.634328	H@3 0.843284	H@5 0.935323	H@10 0.992537	H@20 1.000000	H@50 1.000000	H@100 1.000000
INFO:kbc-cli.py:Epoch 37/100	Loss 5.7862 ± 0.1730
INFO:kbc-cli.py:Epoch 38/100	Loss 5.7793 ± 0.1324
INFO:kbc-cli.py:Epoch 39/100	Loss 5.7743 ± 0.1244
INFO:kbc-cli.py:Epoch 39/100	dev results	MRR 0.779072	H@1 0.660804	H@3 0.859296	H@5 0.954774	H@10 0.994975	H@20 1.000000	H@50 1.000000	H@100 1.000000
INFO:kbc-cli.py:Epoch 39/100	test results	MRR 0.760667	H@1 0.636816	H@3 0.840796	H@5 0.937811	H@10 0.992537	H@20 1.000000	H@50 1.000000	H@100 1.000000
INFO:kbc-cli.py:Epoch 40/100	Loss 5.7724 ± 0.2344
INFO:kbc-cli.py:Epoch 41/100	Loss 5.7700 ± 0.2270
INFO:kbc-cli.py:Epoch 42/100	Loss 5.7629 ± 0.1594
INFO:kbc-cli.py:Epoch 42/100	dev results	MRR 0.778863	H@1 0.660804	H@3 0.861809	H@5 0.954774	H@10 0.994975	H@20 1.000000	H@50 1.000000	H@100 1.000000
INFO:kbc-cli.py:Epoch 42/100	test results	MRR 0.760252	H@1 0.636816	H@3 0.840796	H@5 0.937811	H@10 0.992537	H@20 1.000000	H@50 1.000000	H@100 1.000000
INFO:kbc-cli.py:Epoch 43/100	Loss 5.7578 ± 0.1883
INFO:kbc-cli.py:Epoch 44/100	Loss 5.7532 ± 0.2267
INFO:kbc-cli.py:Epoch 45/100	Loss 5.7503 ± 0.1968
INFO:kbc-cli.py:Epoch 45/100	dev results	MRR 0.777188	H@1 0.658291	H@3 0.861809	H@5 0.954774	H@10 0.994975	H@20 1.000000	H@50 1.000000	H@100 1.000000
INFO:kbc-cli.py:Epoch 45/100	test results	MRR 0.756959	H@1 0.631841	H@3 0.840796	H@5 0.940299	H@10 0.992537	H@20 1.000000	H@50 1.000000	H@100 1.000000
INFO:kbc-cli.py:Epoch 46/100	Loss 5.7462 ± 0.1659
INFO:kbc-cli.py:Epoch 47/100	Loss 5.7435 ± 0.1643
INFO:kbc-cli.py:Epoch 48/100	Loss 5.7415 ± 0.1608
INFO:kbc-cli.py:Epoch 48/100	dev results	MRR 0.776709	H@1 0.655779	H@3 0.861809	H@5 0.954774	H@10 0.994975	H@20 1.000000	H@50 1.000000	H@100 1.000000
INFO:kbc-cli.py:Epoch 48/100	test results	MRR 0.758553	H@1 0.636816	H@3 0.835821	H@5 0.940299	H@10 0.992537	H@20 1.000000	H@50 1.000000	H@100 1.000000
INFO:kbc-cli.py:Epoch 49/100	Loss 5.7383 ± 0.1342
INFO:kbc-cli.py:Epoch 50/100	Loss 5.7352 ± 0.1558
INFO:kbc-cli.py:Epoch 51/100	Loss 5.7332 ± 0.1487
INFO:kbc-cli.py:Epoch 51/100	dev results	MRR 0.777816	H@1 0.658291	H@3 0.864322	H@5 0.954774	H@10 0.994975	H@20 1.000000	H@50 1.000000	H@100 1.000000
INFO:kbc-cli.py:Epoch 51/100	test results	MRR 0.759419	H@1 0.636816	H@3 0.838308	H@5 0.937811	H@10 0.992537	H@20 1.000000	H@50 1.000000	H@100 1.000000
INFO:kbc-cli.py:Epoch 52/100	Loss 5.7304 ± 0.1553
INFO:kbc-cli.py:Epoch 53/100	Loss 5.7267 ± 0.2163
INFO:kbc-cli.py:Epoch 54/100	Loss 5.7225 ± 0.1596
INFO:kbc-cli.py:Epoch 54/100	dev results	MRR 0.777104	H@1 0.658291	H@3 0.864322	H@5 0.954774	H@10 0.994975	H@20 1.000000	H@50 1.000000	H@100 1.000000
INFO:kbc-cli.py:Epoch 54/100	test results	MRR 0.762474	H@1 0.641791	H@3 0.838308	H@5 0.937811	H@10 0.992537	H@20 1.000000	H@50 1.000000	H@100 1.000000
INFO:kbc-cli.py:Epoch 55/100	Loss 5.7214 ± 0.2026
INFO:kbc-cli.py:Epoch 56/100	Loss 5.7145 ± 0.1838
INFO:kbc-cli.py:Epoch 57/100	Loss 5.7149 ± 0.1556
INFO:kbc-cli.py:Epoch 57/100	dev results	MRR 0.778384	H@1 0.660804	H@3 0.861809	H@5 0.954774	H@10 0.994975	H@20 1.000000	H@50 1.000000	H@100 1.000000
INFO:kbc-cli.py:Epoch 57/100	test results	MRR 0.758093	H@1 0.634328	H@3 0.835821	H@5 0.937811	H@10 0.992537	H@20 1.000000	H@50 1.000000	H@100 1.000000
INFO:kbc-cli.py:Epoch 58/100	Loss 5.7136 ± 0.2032
INFO:kbc-cli.py:Epoch 59/100	Loss 5.7100 ± 0.1762
INFO:kbc-cli.py:Epoch 60/100	Loss 5.7097 ± 0.1722
INFO:kbc-cli.py:Epoch 60/100	dev results	MRR 0.777547	H@1 0.658291	H@3 0.861809	H@5 0.954774	H@10 0.994975	H@20 1.000000	H@50 1.000000	H@100 1.000000
INFO:kbc-cli.py:Epoch 60/100	test results	MRR 0.758715	H@1 0.634328	H@3 0.833333	H@5 0.937811	H@10 0.992537	H@20 1.000000	H@50 1.000000	H@100 1.000000
INFO:kbc-cli.py:Epoch 61/100	Loss 5.7073 ± 0.1626
INFO:kbc-cli.py:Epoch 62/100	Loss 5.7030 ± 0.2032
INFO:kbc-cli.py:Epoch 63/100	Loss 5.6997 ± 0.1992
INFO:kbc-cli.py:Epoch 63/100	dev results	MRR 0.777585	H@1 0.658291	H@3 0.864322	H@5 0.954774	H@10 0.994975	H@20 1.000000	H@50 1.000000	H@100 1.000000
INFO:kbc-cli.py:Epoch 63/100	test results	MRR 0.755688	H@1 0.629353	H@3 0.838308	H@5 0.937811	H@10 0.992537	H@20 1.000000	H@50 1.000000	H@100 1.000000
INFO:kbc-cli.py:Epoch 64/100	Loss 5.6988 ± 0.1662
INFO:kbc-cli.py:Epoch 65/100	Loss 5.6994 ± 0.1527
INFO:kbc-cli.py:Epoch 66/100	Loss 5.6953 ± 0.1793
INFO:kbc-cli.py:Epoch 66/100	dev results	MRR 0.775892	H@1 0.655779	H@3 0.861809	H@5 0.954774	H@10 0.994975	H@20 1.000000	H@50 1.000000	H@100 1.000000
INFO:kbc-cli.py:Epoch 66/100	test results	MRR 0.754486	H@1 0.626866	H@3 0.833333	H@5 0.935323	H@10 0.992537	H@20 1.000000	H@50 1.000000	H@100 1.000000
INFO:kbc-cli.py:Epoch 67/100	Loss 5.6905 ± 0.1868
INFO:kbc-cli.py:Epoch 68/100	Loss 5.6917 ± 0.1786
INFO:kbc-cli.py:Epoch 69/100	Loss 5.6864 ± 0.1443
INFO:kbc-cli.py:Epoch 69/100	dev results	MRR 0.776102	H@1 0.655779	H@3 0.864322	H@5 0.954774	H@10 0.994975	H@20 1.000000	H@50 1.000000	H@100 1.000000
INFO:kbc-cli.py:Epoch 69/100	test results	MRR 0.758507	H@1 0.634328	H@3 0.838308	H@5 0.935323	H@10 0.992537	H@20 1.000000	H@50 1.000000	H@100 1.000000
INFO:kbc-cli.py:Epoch 70/100	Loss 5.6858 ± 0.1696
INFO:kbc-cli.py:Epoch 71/100	Loss 5.6862 ± 0.1629
INFO:kbc-cli.py:Epoch 72/100	Loss 5.6832 ± 0.1301
INFO:kbc-cli.py:Epoch 72/100	dev results	MRR 0.774989	H@1 0.653266	H@3 0.861809	H@5 0.954774	H@10 0.994975	H@20 1.000000	H@50 1.000000	H@100 1.000000
INFO:kbc-cli.py:Epoch 72/100	test results	MRR 0.755812	H@1 0.631841	H@3 0.835821	H@5 0.935323	H@10 0.992537	H@20 1.000000	H@50 1.000000	H@100 1.000000
INFO:kbc-cli.py:Epoch 73/100	Loss 5.6819 ± 0.1931
INFO:kbc-cli.py:Epoch 74/100	Loss 5.6805 ± 0.1446
INFO:kbc-cli.py:Epoch 75/100	Loss 5.6797 ± 0.1541
INFO:kbc-cli.py:Epoch 75/100	dev results	MRR 0.774594	H@1 0.653266	H@3 0.864322	H@5 0.954774	H@10 0.994975	H@20 1.000000	H@50 1.000000	H@100 1.000000
INFO:kbc-cli.py:Epoch 75/100	test results	MRR 0.755398	H@1 0.629353	H@3 0.840796	H@5 0.935323	H@10 0.992537	H@20 1.000000	H@50 1.000000	H@100 1.000000
INFO:kbc-cli.py:Epoch 76/100	Loss 5.6779 ± 0.1406
INFO:kbc-cli.py:Epoch 77/100	Loss 5.6767 ± 0.1750
INFO:kbc-cli.py:Epoch 78/100	Loss 5.6738 ± 0.1225
INFO:kbc-cli.py:Epoch 78/100	dev results	MRR 0.774989	H@1 0.655779	H@3 0.861809	H@5 0.954774	H@10 0.994975	H@20 1.000000	H@50 1.000000	H@100 1.000000
INFO:kbc-cli.py:Epoch 78/100	test results	MRR 0.756434	H@1 0.631841	H@3 0.838308	H@5 0.935323	H@10 0.992537	H@20 1.000000	H@50 1.000000	H@100 1.000000
INFO:kbc-cli.py:Epoch 79/100	Loss 5.6736 ± 0.1741
INFO:kbc-cli.py:Epoch 80/100	Loss 5.6713 ± 0.1650
INFO:kbc-cli.py:Epoch 81/100	Loss 5.6678 ± 0.1663
INFO:kbc-cli.py:Epoch 81/100	dev results	MRR 0.776479	H@1 0.658291	H@3 0.861809	H@5 0.954774	H@10 0.994975	H@20 1.000000	H@50 1.000000	H@100 1.000000
INFO:kbc-cli.py:Epoch 81/100	test results	MRR 0.756227	H@1 0.631841	H@3 0.835821	H@5 0.935323	H@10 0.992537	H@20 1.000000	H@50 1.000000	H@100 1.000000
INFO:kbc-cli.py:Epoch 82/100	Loss 5.6671 ± 0.1331
INFO:kbc-cli.py:Epoch 83/100	Loss 5.6672 ± 0.1548
INFO:kbc-cli.py:Epoch 84/100	Loss 5.6669 ± 0.1729
INFO:kbc-cli.py:Epoch 84/100	dev results	MRR 0.775432	H@1 0.655779	H@3 0.864322	H@5 0.954774	H@10 0.994975	H@20 1.000000	H@50 1.000000	H@100 1.000000
INFO:kbc-cli.py:Epoch 84/100	test results	MRR 0.756494	H@1 0.631841	H@3 0.833333	H@5 0.935323	H@10 0.992537	H@20 1.000000	H@50 1.000000	H@100 1.000000
INFO:kbc-cli.py:Epoch 85/100	Loss 5.6655 ± 0.1564
INFO:kbc-cli.py:Epoch 86/100	Loss 5.6642 ± 0.1262
INFO:kbc-cli.py:Epoch 87/100	Loss 5.6614 ± 0.1270
INFO:kbc-cli.py:Epoch 87/100	dev results	MRR 0.776479	H@1 0.658291	H@3 0.861809	H@5 0.954774	H@10 0.994975	H@20 1.000000	H@50 1.000000	H@100 1.000000
INFO:kbc-cli.py:Epoch 87/100	test results	MRR 0.756079	H@1 0.631841	H@3 0.838308	H@5 0.935323	H@10 0.992537	H@20 1.000000	H@50 1.000000	H@100 1.000000
INFO:kbc-cli.py:Epoch 88/100	Loss 5.6587 ± 0.1491
INFO:kbc-cli.py:Epoch 89/100	Loss 5.6590 ± 0.1274
INFO:kbc-cli.py:Epoch 90/100	Loss 5.6589 ± 0.1490
INFO:kbc-cli.py:Epoch 90/100	dev results	MRR 0.773757	H@1 0.653266	H@3 0.859296	H@5 0.954774	H@10 0.994975	H@20 1.000000	H@50 1.000000	H@100 1.000000
INFO:kbc-cli.py:Epoch 90/100	test results	MRR 0.753674	H@1 0.626866	H@3 0.838308	H@5 0.937811	H@10 0.992537	H@20 1.000000	H@50 1.000000	H@100 1.000000
INFO:kbc-cli.py:Epoch 91/100	Loss 5.6557 ± 0.1548
INFO:kbc-cli.py:Epoch 92/100	Loss 5.6547 ± 0.1821
INFO:kbc-cli.py:Epoch 93/100	Loss 5.6553 ± 0.1458
INFO:kbc-cli.py:Epoch 93/100	dev results	MRR 0.774050	H@1 0.653266	H@3 0.861809	H@5 0.957286	H@10 0.994975	H@20 1.000000	H@50 1.000000	H@100 1.000000
INFO:kbc-cli.py:Epoch 93/100	test results	MRR 0.754296	H@1 0.629353	H@3 0.835821	H@5 0.937811	H@10 0.992537	H@20 1.000000	H@50 1.000000	H@100 1.000000
INFO:kbc-cli.py:Epoch 94/100	Loss 5.6535 ± 0.1212
INFO:kbc-cli.py:Epoch 95/100	Loss 5.6506 ± 0.1394
INFO:kbc-cli.py:Epoch 96/100	Loss 5.6506 ± 0.1455
INFO:kbc-cli.py:Epoch 96/100	dev results	MRR 0.775575	H@1 0.655779	H@3 0.859296	H@5 0.957286	H@10 0.994975	H@20 1.000000	H@50 1.000000	H@100 1.000000
INFO:kbc-cli.py:Epoch 96/100	test results	MRR 0.754586	H@1 0.629353	H@3 0.833333	H@5 0.940299	H@10 0.992537	H@20 1.000000	H@50 1.000000	H@100 1.000000
INFO:kbc-cli.py:Epoch 97/100	Loss 5.6492 ± 0.1408
INFO:kbc-cli.py:Epoch 98/100	Loss 5.6505 ± 0.1772
INFO:kbc-cli.py:Epoch 99/100	Loss 5.6475 ± 0.1706
INFO:kbc-cli.py:Epoch 99/100	dev results	MRR 0.773817	H@1 0.653266	H@3 0.859296	H@5 0.954774	H@10 0.994975	H@20 1.000000	H@50 1.000000	H@100 1.000000
INFO:kbc-cli.py:Epoch 99/100	test results	MRR 0.753135	H@1 0.626866	H@3 0.830846	H@5 0.940299	H@10 0.992537	H@20 1.000000	H@50 1.000000	H@100 1.000000
INFO:kbc-cli.py:Epoch 100/100	Loss 5.6468 ± 0.1719
INFO:kbc-cli.py:Final 	dev results	MRR 0.774738	H@1 0.655779	H@3 0.859296	H@5 0.957286	H@10 0.994975	H@20 1.000000	H@50 1.000000	H@100 1.000000
INFO:kbc-cli.py:Final 	test results	MRR 0.753343	H@1 0.626866	H@3 0.828358	H@5 0.940299	H@10 0.992537	H@20 1.000000	H@50 1.000000	H@100 1.000000
INFO:kbc-cli.py:Training finished
