./bin/kbc-cli.py --train data/umls/train.tsv --dev data/umls/dev.tsv --test data/umls/test.tsv -m complex -k 1000 -b 10 -e 100 --F2 0 --N3 0.01 -l 0.1 -I standard -V 3 -o adagrad -c spo -q
{'F2': 0.0,
 'N3': 0.01,
 'batch_size': 10,
 'corruption': 'spo',
 'dev': 'data/umls/dev.tsv',
 'embedding_size': 1000,
 'epochs': 100,
 'eval_batch_size': None,
 'input_type': 'standard',
 'learning_rate': 0.1,
 'load': None,
 'model': 'complex',
 'optimizer': 'adagrad',
 'quiet': True,
 'save': None,
 'seed': 0,
 'test': 'data/umls/test.tsv',
 'test_i': None,
 'test_ii': None,
 'train': 'data/umls/train.tsv',
 'validate_every': 3}
INFO:kbc-cli.py:Device: cuda
INFO:kbc-cli.py:Model state:
INFO:kbc-cli.py:	entities.weight	torch.Size([135, 2000])
INFO:kbc-cli.py:	predicates.weight	torch.Size([46, 2000])
INFO:kbc-cli.py:Epoch 1/100	Loss 10.0903 ± 2.3428
INFO:kbc-cli.py:Epoch 2/100	Loss 7.4741 ± 0.4998
INFO:kbc-cli.py:Epoch 3/100	Loss 7.1298 ± 0.4875
INFO:kbc-cli.py:Epoch 3/100	dev results	MRR 0.916959	H@1 0.851994	H@3 0.980061	H@5 0.987730	H@10 0.993865	H@20 0.994632	H@50 1.000000	H@100 1.000000
INFO:kbc-cli.py:Epoch 3/100	test results	MRR 0.906535	H@1 0.830560	H@3 0.979576	H@5 0.989410	H@10 0.996974	H@20 0.997731	H@50 1.000000	H@100 1.000000
INFO:kbc-cli.py:Epoch 4/100	Loss 6.9570 ± 0.4915
INFO:kbc-cli.py:Epoch 5/100	Loss 6.8654 ± 0.4648
INFO:kbc-cli.py:Epoch 6/100	Loss 6.7875 ± 0.4909
INFO:kbc-cli.py:Epoch 6/100	dev results	MRR 0.920783	H@1 0.853528	H@3 0.986963	H@5 0.991564	H@10 0.993865	H@20 0.996933	H@50 0.999233	H@100 1.000000
INFO:kbc-cli.py:Epoch 6/100	test results	MRR 0.912138	H@1 0.836611	H@3 0.989410	H@5 0.993949	H@10 0.997731	H@20 0.998487	H@50 1.000000	H@100 1.000000
INFO:kbc-cli.py:Epoch 7/100	Loss 6.7319 ± 0.4796
INFO:kbc-cli.py:Epoch 8/100	Loss 6.6865 ± 0.4705
INFO:kbc-cli.py:Epoch 9/100	Loss 6.6485 ± 0.4869
INFO:kbc-cli.py:Epoch 9/100	dev results	MRR 0.941381	H@1 0.894939	H@3 0.986196	H@5 0.993098	H@10 0.996933	H@20 0.997699	H@50 0.999233	H@100 1.000000
INFO:kbc-cli.py:Epoch 9/100	test results	MRR 0.935140	H@1 0.882753	H@3 0.984871	H@5 0.992436	H@10 0.997731	H@20 1.000000	H@50 1.000000	H@100 1.000000
INFO:kbc-cli.py:Epoch 10/100	Loss 6.6205 ± 0.4847
INFO:kbc-cli.py:Epoch 11/100	Loss 6.5913 ± 0.4777
INFO:kbc-cli.py:Epoch 12/100	Loss 6.5693 ± 0.4843
INFO:kbc-cli.py:Epoch 12/100	dev results	MRR 0.941827	H@1 0.895706	H@3 0.986196	H@5 0.990798	H@10 0.995399	H@20 0.998466	H@50 0.999233	H@100 1.000000
INFO:kbc-cli.py:Epoch 12/100	test results	MRR 0.942202	H@1 0.894100	H@3 0.987897	H@5 0.993949	H@10 0.997731	H@20 1.000000	H@50 1.000000	H@100 1.000000
INFO:kbc-cli.py:Epoch 13/100	Loss 6.5470 ± 0.4817
INFO:kbc-cli.py:Epoch 14/100	Loss 6.5262 ± 0.4733
INFO:kbc-cli.py:Epoch 15/100	Loss 6.5106 ± 0.4570
INFO:kbc-cli.py:Epoch 15/100	dev results	MRR 0.954149	H@1 0.918712	H@3 0.989264	H@5 0.992331	H@10 0.996933	H@20 0.997699	H@50 0.999233	H@100 1.000000
INFO:kbc-cli.py:Epoch 15/100	test results	MRR 0.954840	H@1 0.919818	H@3 0.990166	H@5 0.994705	H@10 0.997731	H@20 1.000000	H@50 1.000000	H@100 1.000000
INFO:kbc-cli.py:Epoch 16/100	Loss 6.4908 ± 0.4677
INFO:kbc-cli.py:Epoch 17/100	Loss 6.4762 ± 0.4581
INFO:kbc-cli.py:Epoch 18/100	Loss 6.4620 ± 0.4822
INFO:kbc-cli.py:Epoch 18/100	dev results	MRR 0.940192	H@1 0.891104	H@3 0.988497	H@5 0.990798	H@10 0.996933	H@20 0.998466	H@50 0.999233	H@100 1.000000
INFO:kbc-cli.py:Epoch 18/100	test results	MRR 0.944263	H@1 0.898638	H@3 0.987897	H@5 0.995461	H@10 0.997731	H@20 1.000000	H@50 1.000000	H@100 1.000000
INFO:kbc-cli.py:Epoch 19/100	Loss 6.4517 ± 0.4664
INFO:kbc-cli.py:Epoch 20/100	Loss 6.4387 ± 0.4518
INFO:kbc-cli.py:Epoch 21/100	Loss 6.4288 ± 0.4760
INFO:kbc-cli.py:Epoch 21/100	dev results	MRR 0.951709	H@1 0.914110	H@3 0.988497	H@5 0.993865	H@10 0.997699	H@20 0.998466	H@50 0.999233	H@100 1.000000
INFO:kbc-cli.py:Epoch 21/100	test results	MRR 0.951946	H@1 0.913767	H@3 0.988654	H@5 0.995461	H@10 0.997731	H@20 1.000000	H@50 1.000000	H@100 1.000000
INFO:kbc-cli.py:Epoch 22/100	Loss 6.4155 ± 0.4608
INFO:kbc-cli.py:Epoch 23/100	Loss 6.4071 ± 0.4439
INFO:kbc-cli.py:Epoch 24/100	Loss 6.3966 ± 0.4559
INFO:kbc-cli.py:Epoch 24/100	dev results	MRR 0.942057	H@1 0.895706	H@3 0.986963	H@5 0.991564	H@10 0.997699	H@20 0.998466	H@50 0.999233	H@100 1.000000
INFO:kbc-cli.py:Epoch 24/100	test results	MRR 0.943438	H@1 0.895613	H@3 0.990166	H@5 0.994705	H@10 0.997731	H@20 0.999244	H@50 1.000000	H@100 1.000000
INFO:kbc-cli.py:Epoch 25/100	Loss 6.3926 ± 0.4658
INFO:kbc-cli.py:Epoch 26/100	Loss 6.3795 ± 0.4655
INFO:kbc-cli.py:Epoch 27/100	Loss 6.3758 ± 0.4520
INFO:kbc-cli.py:Epoch 27/100	dev results	MRR 0.948377	H@1 0.907209	H@3 0.988497	H@5 0.993098	H@10 0.997699	H@20 0.998466	H@50 0.999233	H@100 1.000000
INFO:kbc-cli.py:Epoch 27/100	test results	MRR 0.952712	H@1 0.913767	H@3 0.990923	H@5 0.995461	H@10 0.997731	H@20 0.999244	H@50 1.000000	H@100 1.000000
INFO:kbc-cli.py:Epoch 28/100	Loss 6.3663 ± 0.4931
INFO:kbc-cli.py:Epoch 29/100	Loss 6.3609 ± 0.4634
INFO:kbc-cli.py:Epoch 30/100	Loss 6.3523 ± 0.4698
INFO:kbc-cli.py:Epoch 30/100	dev results	MRR 0.959944	H@1 0.930215	H@3 0.988497	H@5 0.992331	H@10 0.997699	H@20 0.998466	H@50 0.999233	H@100 1.000000
INFO:kbc-cli.py:Epoch 30/100	test results	MRR 0.957684	H@1 0.925870	H@3 0.986384	H@5 0.993949	H@10 0.997731	H@20 0.999244	H@50 1.000000	H@100 1.000000
INFO:kbc-cli.py:Epoch 31/100	Loss 6.3473 ± 0.4531
INFO:kbc-cli.py:Epoch 32/100	Loss 6.3419 ± 0.4655
INFO:kbc-cli.py:Epoch 33/100	Loss 6.3354 ± 0.4519
INFO:kbc-cli.py:Epoch 33/100	dev results	MRR 0.957350	H@1 0.924847	H@3 0.989264	H@5 0.993098	H@10 0.997699	H@20 0.998466	H@50 0.999233	H@100 1.000000
INFO:kbc-cli.py:Epoch 33/100	test results	MRR 0.954785	H@1 0.919062	H@3 0.988654	H@5 0.996218	H@10 0.997731	H@20 0.999244	H@50 1.000000	H@100 1.000000
INFO:kbc-cli.py:Epoch 34/100	Loss 6.3295 ± 0.4826
INFO:kbc-cli.py:Epoch 35/100	Loss 6.3248 ± 0.4448
INFO:kbc-cli.py:Epoch 36/100	Loss 6.3194 ± 0.4629
INFO:kbc-cli.py:Epoch 36/100	dev results	MRR 0.948480	H@1 0.907975	H@3 0.987730	H@5 0.992331	H@10 0.997699	H@20 0.998466	H@50 0.999233	H@100 1.000000
INFO:kbc-cli.py:Epoch 36/100	test results	MRR 0.951967	H@1 0.913767	H@3 0.990166	H@5 0.995461	H@10 0.997731	H@20 0.999244	H@50 1.000000	H@100 1.000000
INFO:kbc-cli.py:Epoch 37/100	Loss 6.3166 ± 0.4471
INFO:kbc-cli.py:Epoch 38/100	Loss 6.3093 ± 0.4547
INFO:kbc-cli.py:Epoch 39/100	Loss 6.3053 ± 0.4839
INFO:kbc-cli.py:Epoch 39/100	dev results	MRR 0.955571	H@1 0.921779	H@3 0.988497	H@5 0.992331	H@10 0.996933	H@20 0.998466	H@50 1.000000	H@100 1.000000
INFO:kbc-cli.py:Epoch 39/100	test results	MRR 0.954421	H@1 0.918306	H@3 0.990166	H@5 0.995461	H@10 0.997731	H@20 0.999244	H@50 1.000000	H@100 1.000000
INFO:kbc-cli.py:Epoch 40/100	Loss 6.3009 ± 0.4604
INFO:kbc-cli.py:Epoch 41/100	Loss 6.2961 ± 0.4598
INFO:kbc-cli.py:Epoch 42/100	Loss 6.2940 ± 0.4570
INFO:kbc-cli.py:Epoch 42/100	dev results	MRR 0.954937	H@1 0.919479	H@3 0.988497	H@5 0.993098	H@10 0.996166	H@20 0.998466	H@50 0.999233	H@100 1.000000
INFO:kbc-cli.py:Epoch 42/100	test results	MRR 0.954917	H@1 0.919062	H@3 0.988654	H@5 0.995461	H@10 0.997731	H@20 0.999244	H@50 1.000000	H@100 1.000000
INFO:kbc-cli.py:Epoch 43/100	Loss 6.2902 ± 0.4519
INFO:kbc-cli.py:Epoch 44/100	Loss 6.2848 ± 0.4475
INFO:kbc-cli.py:Epoch 45/100	Loss 6.2810 ± 0.4259
INFO:kbc-cli.py:Epoch 45/100	dev results	MRR 0.952557	H@1 0.914877	H@3 0.988497	H@5 0.991564	H@10 0.997699	H@20 0.998466	H@50 1.000000	H@100 1.000000
INFO:kbc-cli.py:Epoch 45/100	test results	MRR 0.953942	H@1 0.917549	H@3 0.990923	H@5 0.995461	H@10 0.997731	H@20 0.999244	H@50 1.000000	H@100 1.000000
INFO:kbc-cli.py:Epoch 46/100	Loss 6.2766 ± 0.4313
INFO:kbc-cli.py:Epoch 47/100	Loss 6.2745 ± 0.4322
INFO:kbc-cli.py:Epoch 48/100	Loss 6.2717 ± 0.4677
INFO:kbc-cli.py:Epoch 48/100	dev results	MRR 0.946835	H@1 0.903374	H@3 0.988497	H@5 0.992331	H@10 0.996933	H@20 0.998466	H@50 1.000000	H@100 1.000000
INFO:kbc-cli.py:Epoch 48/100	test results	MRR 0.951624	H@1 0.913011	H@3 0.989410	H@5 0.995461	H@10 0.997731	H@20 0.999244	H@50 1.000000	H@100 1.000000
INFO:kbc-cli.py:Epoch 49/100	Loss 6.2668 ± 0.4478
INFO:kbc-cli.py:Epoch 50/100	Loss 6.2658 ± 0.4558
INFO:kbc-cli.py:Epoch 51/100	Loss 6.2622 ± 0.4449
INFO:kbc-cli.py:Epoch 51/100	dev results	MRR 0.953303	H@1 0.916411	H@3 0.989264	H@5 0.992331	H@10 0.996933	H@20 0.998466	H@50 1.000000	H@100 1.000000
INFO:kbc-cli.py:Epoch 51/100	test results	MRR 0.952292	H@1 0.914523	H@3 0.987897	H@5 0.995461	H@10 0.997731	H@20 0.999244	H@50 1.000000	H@100 1.000000
INFO:kbc-cli.py:Epoch 52/100	Loss 6.2584 ± 0.4486
INFO:kbc-cli.py:Epoch 53/100	Loss 6.2566 ± 0.4281
INFO:kbc-cli.py:Epoch 54/100	Loss 6.2540 ± 0.4336
INFO:kbc-cli.py:Epoch 54/100	dev results	MRR 0.949393	H@1 0.908742	H@3 0.989264	H@5 0.991564	H@10 0.996933	H@20 0.998466	H@50 1.000000	H@100 1.000000
INFO:kbc-cli.py:Epoch 54/100	test results	MRR 0.953874	H@1 0.916793	H@3 0.990166	H@5 0.995461	H@10 0.997731	H@20 0.999244	H@50 1.000000	H@100 1.000000
INFO:kbc-cli.py:Epoch 55/100	Loss 6.2517 ± 0.4422
INFO:kbc-cli.py:Epoch 56/100	Loss 6.2479 ± 0.4629
INFO:kbc-cli.py:Epoch 57/100	Loss 6.2462 ± 0.4368
INFO:kbc-cli.py:Epoch 57/100	dev results	MRR 0.955298	H@1 0.920245	H@3 0.989264	H@5 0.992331	H@10 0.996166	H@20 0.998466	H@50 1.000000	H@100 1.000000
INFO:kbc-cli.py:Epoch 57/100	test results	MRR 0.953928	H@1 0.917549	H@3 0.987897	H@5 0.995461	H@10 0.997731	H@20 0.999244	H@50 1.000000	H@100 1.000000
INFO:kbc-cli.py:Epoch 58/100	Loss 6.2427 ± 0.4267
INFO:kbc-cli.py:Epoch 59/100	Loss 6.2397 ± 0.4439
INFO:kbc-cli.py:Epoch 60/100	Loss 6.2373 ± 0.4486
INFO:kbc-cli.py:Epoch 60/100	dev results	MRR 0.951944	H@1 0.914110	H@3 0.987730	H@5 0.990798	H@10 0.996166	H@20 0.998466	H@50 1.000000	H@100 1.000000
INFO:kbc-cli.py:Epoch 60/100	test results	MRR 0.953503	H@1 0.917549	H@3 0.987141	H@5 0.995461	H@10 0.997731	H@20 0.999244	H@50 1.000000	H@100 1.000000
INFO:kbc-cli.py:Epoch 61/100	Loss 6.2355 ± 0.4326
INFO:kbc-cli.py:Epoch 62/100	Loss 6.2359 ± 0.4410
INFO:kbc-cli.py:Epoch 63/100	Loss 6.2316 ± 0.4343
INFO:kbc-cli.py:Epoch 63/100	dev results	MRR 0.951234	H@1 0.912577	H@3 0.988497	H@5 0.990798	H@10 0.995399	H@20 0.998466	H@50 0.999233	H@100 1.000000
INFO:kbc-cli.py:Epoch 63/100	test results	MRR 0.952928	H@1 0.915280	H@3 0.987897	H@5 0.995461	H@10 0.996974	H@20 0.999244	H@50 1.000000	H@100 1.000000
INFO:kbc-cli.py:Epoch 64/100	Loss 6.2290 ± 0.4456
INFO:kbc-cli.py:Epoch 65/100	Loss 6.2270 ± 0.4632
INFO:kbc-cli.py:Epoch 66/100	Loss 6.2256 ± 0.4404
INFO:kbc-cli.py:Epoch 66/100	dev results	MRR 0.956047	H@1 0.921779	H@3 0.989264	H@5 0.990798	H@10 0.996933	H@20 0.998466	H@50 1.000000	H@100 1.000000
INFO:kbc-cli.py:Epoch 66/100	test results	MRR 0.956857	H@1 0.923601	H@3 0.988654	H@5 0.995461	H@10 0.997731	H@20 0.999244	H@50 1.000000	H@100 1.000000
INFO:kbc-cli.py:Epoch 67/100	Loss 6.2234 ± 0.4174
INFO:kbc-cli.py:Epoch 68/100	Loss 6.2203 ± 0.4281
INFO:kbc-cli.py:Epoch 69/100	Loss 6.2192 ± 0.4197
INFO:kbc-cli.py:Epoch 69/100	dev results	MRR 0.957758	H@1 0.925613	H@3 0.987730	H@5 0.991564	H@10 0.995399	H@20 0.998466	H@50 1.000000	H@100 1.000000
INFO:kbc-cli.py:Epoch 69/100	test results	MRR 0.959027	H@1 0.928139	H@3 0.987141	H@5 0.995461	H@10 0.996974	H@20 0.999244	H@50 1.000000	H@100 1.000000
INFO:kbc-cli.py:Epoch 70/100	Loss 6.2179 ± 0.4551
INFO:kbc-cli.py:Epoch 71/100	Loss 6.2167 ± 0.4372
INFO:kbc-cli.py:Epoch 72/100	Loss 6.2143 ± 0.4497
INFO:kbc-cli.py:Epoch 72/100	dev results	MRR 0.951188	H@1 0.912577	H@3 0.988497	H@5 0.990798	H@10 0.995399	H@20 0.998466	H@50 1.000000	H@100 1.000000
INFO:kbc-cli.py:Epoch 72/100	test results	MRR 0.954460	H@1 0.919062	H@3 0.987897	H@5 0.995461	H@10 0.997731	H@20 0.999244	H@50 1.000000	H@100 1.000000
INFO:kbc-cli.py:Epoch 73/100	Loss 6.2127 ± 0.4149
INFO:kbc-cli.py:Epoch 74/100	Loss 6.2111 ± 0.4414
INFO:kbc-cli.py:Epoch 75/100	Loss 6.2078 ± 0.4569
INFO:kbc-cli.py:Epoch 75/100	dev results	MRR 0.956221	H@1 0.922546	H@3 0.987730	H@5 0.990798	H@10 0.995399	H@20 0.998466	H@50 1.000000	H@100 1.000000
INFO:kbc-cli.py:Epoch 75/100	test results	MRR 0.954460	H@1 0.919062	H@3 0.987897	H@5 0.995461	H@10 0.997731	H@20 0.999244	H@50 1.000000	H@100 1.000000
INFO:kbc-cli.py:Epoch 76/100	Loss 6.2075 ± 0.4379
INFO:kbc-cli.py:Epoch 77/100	Loss 6.2051 ± 0.4401
INFO:kbc-cli.py:Epoch 78/100	Loss 6.2041 ± 0.4362
INFO:kbc-cli.py:Epoch 78/100	dev results	MRR 0.952248	H@1 0.914877	H@3 0.987730	H@5 0.990798	H@10 0.995399	H@20 0.998466	H@50 1.000000	H@100 1.000000
INFO:kbc-cli.py:Epoch 78/100	test results	MRR 0.954518	H@1 0.919062	H@3 0.987897	H@5 0.995461	H@10 0.997731	H@20 0.999244	H@50 1.000000	H@100 1.000000
INFO:kbc-cli.py:Epoch 79/100	Loss 6.2020 ± 0.4397
INFO:kbc-cli.py:Epoch 80/100	Loss 6.2013 ± 0.4337
INFO:kbc-cli.py:Epoch 81/100	Loss 6.1990 ± 0.4186
INFO:kbc-cli.py:Epoch 81/100	dev results	MRR 0.952774	H@1 0.915644	H@3 0.988497	H@5 0.990798	H@10 0.995399	H@20 0.998466	H@50 1.000000	H@100 1.000000
INFO:kbc-cli.py:Epoch 81/100	test results	MRR 0.953300	H@1 0.916036	H@3 0.990166	H@5 0.995461	H@10 0.997731	H@20 0.999244	H@50 1.000000	H@100 1.000000
INFO:kbc-cli.py:Epoch 82/100	Loss 6.1965 ± 0.4485
INFO:kbc-cli.py:Epoch 83/100	Loss 6.1960 ± 0.4441
INFO:kbc-cli.py:Epoch 84/100	Loss 6.1950 ± 0.4320
INFO:kbc-cli.py:Epoch 84/100	dev results	MRR 0.953875	H@1 0.917945	H@3 0.988497	H@5 0.990798	H@10 0.995399	H@20 0.998466	H@50 1.000000	H@100 1.000000
INFO:kbc-cli.py:Epoch 84/100	test results	MRR 0.953469	H@1 0.916793	H@3 0.988654	H@5 0.995461	H@10 0.996974	H@20 0.999244	H@50 1.000000	H@100 1.000000
INFO:kbc-cli.py:Epoch 85/100	Loss 6.1946 ± 0.4386
INFO:kbc-cli.py:Epoch 86/100	Loss 6.1915 ± 0.4390
INFO:kbc-cli.py:Epoch 87/100	Loss 6.1909 ± 0.4451
INFO:kbc-cli.py:Epoch 87/100	dev results	MRR 0.958631	H@1 0.927147	H@3 0.988497	H@5 0.990798	H@10 0.995399	H@20 0.998466	H@50 1.000000	H@100 1.000000
INFO:kbc-cli.py:Epoch 87/100	test results	MRR 0.957569	H@1 0.925113	H@3 0.989410	H@5 0.995461	H@10 0.996974	H@20 0.999244	H@50 1.000000	H@100 1.000000
INFO:kbc-cli.py:Epoch 88/100	Loss 6.1900 ± 0.4307
INFO:kbc-cli.py:Epoch 89/100	Loss 6.1886 ± 0.4439
INFO:kbc-cli.py:Epoch 90/100	Loss 6.1873 ± 0.4488
INFO:kbc-cli.py:Epoch 90/100	dev results	MRR 0.946149	H@1 0.902607	H@3 0.987730	H@5 0.990798	H@10 0.994632	H@20 0.998466	H@50 1.000000	H@100 1.000000
INFO:kbc-cli.py:Epoch 90/100	test results	MRR 0.951426	H@1 0.913011	H@3 0.987897	H@5 0.995461	H@10 0.996974	H@20 0.999244	H@50 1.000000	H@100 1.000000
INFO:kbc-cli.py:Epoch 91/100	Loss 6.1866 ± 0.4269
INFO:kbc-cli.py:Epoch 92/100	Loss 6.1854 ± 0.4414
INFO:kbc-cli.py:Epoch 93/100	Loss 6.1812 ± 0.4487
INFO:kbc-cli.py:Epoch 93/100	dev results	MRR 0.952305	H@1 0.914877	H@3 0.988497	H@5 0.990798	H@10 0.995399	H@20 0.998466	H@50 1.000000	H@100 1.000000
INFO:kbc-cli.py:Epoch 93/100	test results	MRR 0.950668	H@1 0.911498	H@3 0.989410	H@5 0.995461	H@10 0.996974	H@20 0.999244	H@50 1.000000	H@100 1.000000
INFO:kbc-cli.py:Epoch 94/100	Loss 6.1832 ± 0.4159
INFO:kbc-cli.py:Epoch 95/100	Loss 6.1810 ± 0.4391
INFO:kbc-cli.py:Epoch 96/100	Loss 6.1792 ± 0.4377
INFO:kbc-cli.py:Epoch 96/100	dev results	MRR 0.955075	H@1 0.920245	H@3 0.988497	H@5 0.991564	H@10 0.995399	H@20 0.998466	H@50 1.000000	H@100 1.000000
INFO:kbc-cli.py:Epoch 96/100	test results	MRR 0.955465	H@1 0.920575	H@3 0.989410	H@5 0.995461	H@10 0.997731	H@20 0.999244	H@50 1.000000	H@100 1.000000
INFO:kbc-cli.py:Epoch 97/100	Loss 6.1791 ± 0.4343
INFO:kbc-cli.py:Epoch 98/100	Loss 6.1780 ± 0.4444
INFO:kbc-cli.py:Epoch 99/100	Loss 6.1767 ± 0.4548
INFO:kbc-cli.py:Epoch 99/100	dev results	MRR 0.953709	H@1 0.917945	H@3 0.988497	H@5 0.990798	H@10 0.994632	H@20 0.998466	H@50 1.000000	H@100 1.000000
INFO:kbc-cli.py:Epoch 99/100	test results	MRR 0.953568	H@1 0.916793	H@3 0.989410	H@5 0.995461	H@10 0.996974	H@20 0.999244	H@50 1.000000	H@100 1.000000
INFO:kbc-cli.py:Epoch 100/100	Loss 6.1750 ± 0.4346
INFO:kbc-cli.py:Final 	dev results	MRR 0.956481	H@1 0.923313	H@3 0.988497	H@5 0.990031	H@10 0.994632	H@20 0.998466	H@50 1.000000	H@100 1.000000
INFO:kbc-cli.py:Final 	test results	MRR 0.955348	H@1 0.920575	H@3 0.989410	H@5 0.995461	H@10 0.997731	H@20 0.999244	H@50 1.000000	H@100 1.000000
INFO:kbc-cli.py:Training finished
