./bin/kbc-cli.py --train data/nations/train.tsv --dev data/nations/dev.tsv --test data/nations/test.tsv -m complex -k 1000 -b 10 -e 100 --F2 0 --N3 0.01 -l 0.1 -I standard -V 3 -o adagrad -c so -q
{'F2': 0.0,
 'N3': 0.01,
 'batch_size': 10,
 'corruption': 'so',
 'dev': 'data/nations/dev.tsv',
 'embedding_size': 1000,
 'epochs': 100,
 'eval_batch_size': None,
 'input_type': 'standard',
 'learning_rate': 0.1,
 'load': None,
 'model': 'complex',
 'optimizer': 'adagrad',
 'quiet': True,
 'save': None,
 'seed': 0,
 'test': 'data/nations/test.tsv',
 'test_i': None,
 'test_ii': None,
 'train': 'data/nations/train.tsv',
 'validate_every': 3}
INFO:kbc-cli.py:Device: cuda
INFO:kbc-cli.py:Model state:
INFO:kbc-cli.py:	entities.weight	torch.Size([14, 2000])
INFO:kbc-cli.py:	predicates.weight	torch.Size([55, 2000])
INFO:kbc-cli.py:Epoch 1/100	Loss 5.6539 ± 0.4951
INFO:kbc-cli.py:Epoch 2/100	Loss 4.7873 ± 0.3155
INFO:kbc-cli.py:Epoch 3/100	Loss 4.4943 ± 0.3659
INFO:kbc-cli.py:Epoch 3/100	dev results	MRR 0.801972	H@1 0.688442	H@3 0.896985	H@5 0.957286	H@10 0.997487	H@20 1.000000	H@50 1.000000	H@100 1.000000
INFO:kbc-cli.py:Epoch 3/100	test results	MRR 0.821180	H@1 0.713930	H@3 0.907960	H@5 0.970149	H@10 0.997512	H@20 1.000000	H@50 1.000000	H@100 1.000000
INFO:kbc-cli.py:Epoch 4/100	Loss 4.3451 ± 0.4060
INFO:kbc-cli.py:Epoch 5/100	Loss 4.2440 ± 0.4141
INFO:kbc-cli.py:Epoch 6/100	Loss 4.1791 ± 0.3896
INFO:kbc-cli.py:Epoch 6/100	dev results	MRR 0.800506	H@1 0.683417	H@3 0.907035	H@5 0.959799	H@10 0.997487	H@20 1.000000	H@50 1.000000	H@100 1.000000
INFO:kbc-cli.py:Epoch 6/100	test results	MRR 0.819434	H@1 0.713930	H@3 0.915423	H@5 0.975124	H@10 0.995025	H@20 1.000000	H@50 1.000000	H@100 1.000000
INFO:kbc-cli.py:Epoch 7/100	Loss 4.1274 ± 0.3691
INFO:kbc-cli.py:Epoch 8/100	Loss 4.0855 ± 0.3656
INFO:kbc-cli.py:Epoch 9/100	Loss 4.0592 ± 0.3680
INFO:kbc-cli.py:Epoch 9/100	dev results	MRR 0.801119	H@1 0.683417	H@3 0.899497	H@5 0.962312	H@10 0.994975	H@20 1.000000	H@50 1.000000	H@100 1.000000
INFO:kbc-cli.py:Epoch 9/100	test results	MRR 0.828003	H@1 0.726368	H@3 0.920398	H@5 0.975124	H@10 0.997512	H@20 1.000000	H@50 1.000000	H@100 1.000000
INFO:kbc-cli.py:Epoch 10/100	Loss 4.0324 ± 0.4117
INFO:kbc-cli.py:Epoch 11/100	Loss 4.0105 ± 0.3868
INFO:kbc-cli.py:Epoch 12/100	Loss 3.9863 ± 0.3749
INFO:kbc-cli.py:Epoch 12/100	dev results	MRR 0.811127	H@1 0.703518	H@3 0.894472	H@5 0.967337	H@10 0.997487	H@20 1.000000	H@50 1.000000	H@100 1.000000
INFO:kbc-cli.py:Epoch 12/100	test results	MRR 0.819393	H@1 0.706468	H@3 0.927861	H@5 0.972637	H@10 0.997512	H@20 1.000000	H@50 1.000000	H@100 1.000000
INFO:kbc-cli.py:Epoch 13/100	Loss 3.9630 ± 0.3642
INFO:kbc-cli.py:Epoch 14/100	Loss 3.9546 ± 0.3814
INFO:kbc-cli.py:Epoch 15/100	Loss 3.9301 ± 0.4044
INFO:kbc-cli.py:Epoch 15/100	dev results	MRR 0.814435	H@1 0.706030	H@3 0.904523	H@5 0.967337	H@10 0.994975	H@20 1.000000	H@50 1.000000	H@100 1.000000
INFO:kbc-cli.py:Epoch 15/100	test results	MRR 0.815947	H@1 0.703980	H@3 0.912935	H@5 0.980100	H@10 0.997512	H@20 1.000000	H@50 1.000000	H@100 1.000000
INFO:kbc-cli.py:Epoch 16/100	Loss 3.9275 ± 0.4162
INFO:kbc-cli.py:Epoch 17/100	Loss 3.9108 ± 0.3421
INFO:kbc-cli.py:Epoch 18/100	Loss 3.8945 ± 0.3698
INFO:kbc-cli.py:Epoch 18/100	dev results	MRR 0.808446	H@1 0.701005	H@3 0.907035	H@5 0.967337	H@10 0.994975	H@20 1.000000	H@50 1.000000	H@100 1.000000
INFO:kbc-cli.py:Epoch 18/100	test results	MRR 0.812675	H@1 0.699005	H@3 0.915423	H@5 0.980100	H@10 0.997512	H@20 1.000000	H@50 1.000000	H@100 1.000000
INFO:kbc-cli.py:Epoch 19/100	Loss 3.8899 ± 0.3697
INFO:kbc-cli.py:Epoch 20/100	Loss 3.8910 ± 0.3812
INFO:kbc-cli.py:Epoch 21/100	Loss 3.8782 ± 0.3899
INFO:kbc-cli.py:Epoch 21/100	dev results	MRR 0.806790	H@1 0.693467	H@3 0.904523	H@5 0.962312	H@10 0.994975	H@20 1.000000	H@50 1.000000	H@100 1.000000
INFO:kbc-cli.py:Epoch 21/100	test results	MRR 0.805236	H@1 0.684080	H@3 0.917910	H@5 0.980100	H@10 0.997512	H@20 1.000000	H@50 1.000000	H@100 1.000000
INFO:kbc-cli.py:Epoch 22/100	Loss 3.8712 ± 0.3498
INFO:kbc-cli.py:Epoch 23/100	Loss 3.8665 ± 0.3683
INFO:kbc-cli.py:Epoch 24/100	Loss 3.8598 ± 0.3635
INFO:kbc-cli.py:Epoch 24/100	dev results	MRR 0.806186	H@1 0.693467	H@3 0.896985	H@5 0.964824	H@10 0.994975	H@20 1.000000	H@50 1.000000	H@100 1.000000
INFO:kbc-cli.py:Epoch 24/100	test results	MRR 0.804587	H@1 0.684080	H@3 0.920398	H@5 0.977612	H@10 0.997512	H@20 1.000000	H@50 1.000000	H@100 1.000000
INFO:kbc-cli.py:Epoch 25/100	Loss 3.8494 ± 0.3609
INFO:kbc-cli.py:Epoch 26/100	Loss 3.8356 ± 0.3758
INFO:kbc-cli.py:Epoch 27/100	Loss 3.8429 ± 0.3762
INFO:kbc-cli.py:Epoch 27/100	dev results	MRR 0.801244	H@1 0.683417	H@3 0.899497	H@5 0.959799	H@10 0.994975	H@20 1.000000	H@50 1.000000	H@100 1.000000
INFO:kbc-cli.py:Epoch 27/100	test results	MRR 0.805046	H@1 0.686567	H@3 0.920398	H@5 0.977612	H@10 0.997512	H@20 1.000000	H@50 1.000000	H@100 1.000000
INFO:kbc-cli.py:Epoch 28/100	Loss 3.8298 ± 0.3343
INFO:kbc-cli.py:Epoch 29/100	Loss 3.8208 ± 0.3424
INFO:kbc-cli.py:Epoch 30/100	Loss 3.8233 ± 0.3287
INFO:kbc-cli.py:Epoch 30/100	dev results	MRR 0.803227	H@1 0.688442	H@3 0.894472	H@5 0.967337	H@10 0.994975	H@20 1.000000	H@50 1.000000	H@100 1.000000
INFO:kbc-cli.py:Epoch 30/100	test results	MRR 0.800921	H@1 0.676617	H@3 0.920398	H@5 0.980100	H@10 0.997512	H@20 1.000000	H@50 1.000000	H@100 1.000000
INFO:kbc-cli.py:Epoch 31/100	Loss 3.8119 ± 0.3735
INFO:kbc-cli.py:Epoch 32/100	Loss 3.8145 ± 0.3339
INFO:kbc-cli.py:Epoch 33/100	Loss 3.8118 ± 0.3611
INFO:kbc-cli.py:Epoch 33/100	dev results	MRR 0.801164	H@1 0.683417	H@3 0.899497	H@5 0.964824	H@10 0.994975	H@20 1.000000	H@50 1.000000	H@100 1.000000
INFO:kbc-cli.py:Epoch 33/100	test results	MRR 0.799692	H@1 0.676617	H@3 0.915423	H@5 0.977612	H@10 0.997512	H@20 1.000000	H@50 1.000000	H@100 1.000000
INFO:kbc-cli.py:Epoch 34/100	Loss 3.8053 ± 0.3583
INFO:kbc-cli.py:Epoch 35/100	Loss 3.8030 ± 0.3317
INFO:kbc-cli.py:Epoch 36/100	Loss 3.8002 ± 0.3535
INFO:kbc-cli.py:Epoch 36/100	dev results	MRR 0.791927	H@1 0.668342	H@3 0.902010	H@5 0.964824	H@10 0.994975	H@20 1.000000	H@50 1.000000	H@100 1.000000
INFO:kbc-cli.py:Epoch 36/100	test results	MRR 0.796797	H@1 0.669154	H@3 0.912935	H@5 0.972637	H@10 0.997512	H@20 1.000000	H@50 1.000000	H@100 1.000000
INFO:kbc-cli.py:Epoch 37/100	Loss 3.7967 ± 0.3670
INFO:kbc-cli.py:Epoch 38/100	Loss 3.7888 ± 0.3456
INFO:kbc-cli.py:Epoch 39/100	Loss 3.7917 ± 0.3323
INFO:kbc-cli.py:Epoch 39/100	dev results	MRR 0.786226	H@1 0.658291	H@3 0.899497	H@5 0.959799	H@10 0.994975	H@20 1.000000	H@50 1.000000	H@100 1.000000
INFO:kbc-cli.py:Epoch 39/100	test results	MRR 0.797708	H@1 0.671642	H@3 0.925373	H@5 0.977612	H@10 0.997512	H@20 1.000000	H@50 1.000000	H@100 1.000000
INFO:kbc-cli.py:Epoch 40/100	Loss 3.7912 ± 0.3669
INFO:kbc-cli.py:Epoch 41/100	Loss 3.7871 ± 0.3427
INFO:kbc-cli.py:Epoch 42/100	Loss 3.7846 ± 0.3563
INFO:kbc-cli.py:Epoch 42/100	dev results	MRR 0.790351	H@1 0.663317	H@3 0.907035	H@5 0.967337	H@10 0.994975	H@20 1.000000	H@50 1.000000	H@100 1.000000
INFO:kbc-cli.py:Epoch 42/100	test results	MRR 0.794149	H@1 0.661692	H@3 0.920398	H@5 0.975124	H@10 0.997512	H@20 1.000000	H@50 1.000000	H@100 1.000000
INFO:kbc-cli.py:Epoch 43/100	Loss 3.7741 ± 0.3520
INFO:kbc-cli.py:Epoch 44/100	Loss 3.7745 ± 0.3697
INFO:kbc-cli.py:Epoch 45/100	Loss 3.7718 ± 0.3452
INFO:kbc-cli.py:Epoch 45/100	dev results	MRR 0.788299	H@1 0.660804	H@3 0.902010	H@5 0.959799	H@10 0.994975	H@20 1.000000	H@50 1.000000	H@100 1.000000
INFO:kbc-cli.py:Epoch 45/100	test results	MRR 0.786245	H@1 0.651741	H@3 0.917910	H@5 0.975124	H@10 0.997512	H@20 1.000000	H@50 1.000000	H@100 1.000000
INFO:kbc-cli.py:Epoch 46/100	Loss 3.7700 ± 0.3300
INFO:kbc-cli.py:Epoch 47/100	Loss 3.7698 ± 0.3692
INFO:kbc-cli.py:Epoch 48/100	Loss 3.7690 ± 0.3358
INFO:kbc-cli.py:Epoch 48/100	dev results	MRR 0.790081	H@1 0.663317	H@3 0.899497	H@5 0.962312	H@10 0.994975	H@20 1.000000	H@50 1.000000	H@100 1.000000
INFO:kbc-cli.py:Epoch 48/100	test results	MRR 0.789299	H@1 0.656716	H@3 0.920398	H@5 0.970149	H@10 0.997512	H@20 1.000000	H@50 1.000000	H@100 1.000000
INFO:kbc-cli.py:Epoch 49/100	Loss 3.7667 ± 0.3694
INFO:kbc-cli.py:Epoch 50/100	Loss 3.7608 ± 0.3055
INFO:kbc-cli.py:Epoch 51/100	Loss 3.7630 ± 0.3370
INFO:kbc-cli.py:Epoch 51/100	dev results	MRR 0.789062	H@1 0.663317	H@3 0.894472	H@5 0.962312	H@10 0.994975	H@20 1.000000	H@50 1.000000	H@100 1.000000
INFO:kbc-cli.py:Epoch 51/100	test results	MRR 0.789002	H@1 0.656716	H@3 0.917910	H@5 0.970149	H@10 0.997512	H@20 1.000000	H@50 1.000000	H@100 1.000000
INFO:kbc-cli.py:Epoch 52/100	Loss 3.7594 ± 0.3668
INFO:kbc-cli.py:Epoch 53/100	Loss 3.7573 ± 0.3802
INFO:kbc-cli.py:Epoch 54/100	Loss 3.7578 ± 0.3409
INFO:kbc-cli.py:Epoch 54/100	dev results	MRR 0.783675	H@1 0.650754	H@3 0.899497	H@5 0.959799	H@10 0.994975	H@20 1.000000	H@50 1.000000	H@100 1.000000
INFO:kbc-cli.py:Epoch 54/100	test results	MRR 0.789168	H@1 0.656716	H@3 0.920398	H@5 0.972637	H@10 0.997512	H@20 1.000000	H@50 1.000000	H@100 1.000000
INFO:kbc-cli.py:Epoch 55/100	Loss 3.7470 ± 0.3952
INFO:kbc-cli.py:Epoch 56/100	Loss 3.7525 ± 0.3720
INFO:kbc-cli.py:Epoch 57/100	Loss 3.7478 ± 0.3216
INFO:kbc-cli.py:Epoch 57/100	dev results	MRR 0.784817	H@1 0.655779	H@3 0.889447	H@5 0.962312	H@10 0.994975	H@20 1.000000	H@50 1.000000	H@100 1.000000
INFO:kbc-cli.py:Epoch 57/100	test results	MRR 0.793670	H@1 0.666667	H@3 0.915423	H@5 0.972637	H@10 0.997512	H@20 1.000000	H@50 1.000000	H@100 1.000000
INFO:kbc-cli.py:Epoch 58/100	Loss 3.7448 ± 0.3711
INFO:kbc-cli.py:Epoch 59/100	Loss 3.7474 ± 0.3794
INFO:kbc-cli.py:Epoch 60/100	Loss 3.7487 ± 0.3481
INFO:kbc-cli.py:Epoch 60/100	dev results	MRR 0.784133	H@1 0.653266	H@3 0.894472	H@5 0.962312	H@10 0.994975	H@20 1.000000	H@50 1.000000	H@100 1.000000
INFO:kbc-cli.py:Epoch 60/100	test results	MRR 0.788677	H@1 0.656716	H@3 0.915423	H@5 0.970149	H@10 0.997512	H@20 1.000000	H@50 1.000000	H@100 1.000000
INFO:kbc-cli.py:Epoch 61/100	Loss 3.7444 ± 0.3354
INFO:kbc-cli.py:Epoch 62/100	Loss 3.7419 ± 0.3798
INFO:kbc-cli.py:Epoch 63/100	Loss 3.7426 ± 0.3718
INFO:kbc-cli.py:Epoch 63/100	dev results	MRR 0.790629	H@1 0.665829	H@3 0.894472	H@5 0.962312	H@10 0.994975	H@20 1.000000	H@50 1.000000	H@100 1.000000
INFO:kbc-cli.py:Epoch 63/100	test results	MRR 0.791910	H@1 0.664179	H@3 0.920398	H@5 0.975124	H@10 0.997512	H@20 1.000000	H@50 1.000000	H@100 1.000000
INFO:kbc-cli.py:Epoch 64/100	Loss 3.7405 ± 0.3332
INFO:kbc-cli.py:Epoch 65/100	Loss 3.7327 ± 0.3558
INFO:kbc-cli.py:Epoch 66/100	Loss 3.7350 ± 0.3600
INFO:kbc-cli.py:Epoch 66/100	dev results	MRR 0.780992	H@1 0.648241	H@3 0.889447	H@5 0.964824	H@10 0.994975	H@20 1.000000	H@50 1.000000	H@100 1.000000
INFO:kbc-cli.py:Epoch 66/100	test results	MRR 0.782547	H@1 0.646766	H@3 0.912935	H@5 0.972637	H@10 0.997512	H@20 1.000000	H@50 1.000000	H@100 1.000000
INFO:kbc-cli.py:Epoch 67/100	Loss 3.7268 ± 0.3554
INFO:kbc-cli.py:Epoch 68/100	Loss 3.7332 ± 0.3499
INFO:kbc-cli.py:Epoch 69/100	Loss 3.7282 ± 0.3312
INFO:kbc-cli.py:Epoch 69/100	dev results	MRR 0.780351	H@1 0.648241	H@3 0.894472	H@5 0.962312	H@10 0.994975	H@20 1.000000	H@50 1.000000	H@100 1.000000
INFO:kbc-cli.py:Epoch 69/100	test results	MRR 0.786435	H@1 0.654229	H@3 0.912935	H@5 0.972637	H@10 0.997512	H@20 1.000000	H@50 1.000000	H@100 1.000000
INFO:kbc-cli.py:Epoch 70/100	Loss 3.7299 ± 0.3688
INFO:kbc-cli.py:Epoch 71/100	Loss 3.7341 ± 0.3284
INFO:kbc-cli.py:Epoch 72/100	Loss 3.7218 ± 0.3717
INFO:kbc-cli.py:Epoch 72/100	dev results	MRR 0.783637	H@1 0.650754	H@3 0.899497	H@5 0.959799	H@10 0.994975	H@20 1.000000	H@50 1.000000	H@100 1.000000
INFO:kbc-cli.py:Epoch 72/100	test results	MRR 0.786355	H@1 0.651741	H@3 0.917910	H@5 0.972637	H@10 0.997512	H@20 1.000000	H@50 1.000000	H@100 1.000000
INFO:kbc-cli.py:Epoch 73/100	Loss 3.7262 ± 0.3580
INFO:kbc-cli.py:Epoch 74/100	Loss 3.7230 ± 0.3430
INFO:kbc-cli.py:Epoch 75/100	Loss 3.7248 ± 0.3602
INFO:kbc-cli.py:Epoch 75/100	dev results	MRR 0.783722	H@1 0.650754	H@3 0.899497	H@5 0.959799	H@10 0.994975	H@20 1.000000	H@50 1.000000	H@100 1.000000
INFO:kbc-cli.py:Epoch 75/100	test results	MRR 0.783699	H@1 0.646766	H@3 0.922886	H@5 0.972637	H@10 0.997512	H@20 1.000000	H@50 1.000000	H@100 1.000000
INFO:kbc-cli.py:Epoch 76/100	Loss 3.7119 ± 0.3610
INFO:kbc-cli.py:Epoch 77/100	Loss 3.7252 ± 0.3528
INFO:kbc-cli.py:Epoch 78/100	Loss 3.7231 ± 0.3071
INFO:kbc-cli.py:Epoch 78/100	dev results	MRR 0.779784	H@1 0.645729	H@3 0.891960	H@5 0.959799	H@10 0.994975	H@20 1.000000	H@50 1.000000	H@100 1.000000
INFO:kbc-cli.py:Epoch 78/100	test results	MRR 0.787596	H@1 0.654229	H@3 0.920398	H@5 0.972637	H@10 0.997512	H@20 1.000000	H@50 1.000000	H@100 1.000000
INFO:kbc-cli.py:Epoch 79/100	Loss 3.7217 ± 0.3371
INFO:kbc-cli.py:Epoch 80/100	Loss 3.7198 ± 0.3105
INFO:kbc-cli.py:Epoch 81/100	Loss 3.7186 ± 0.3299
INFO:kbc-cli.py:Epoch 81/100	dev results	MRR 0.774633	H@1 0.635678	H@3 0.896985	H@5 0.962312	H@10 0.994975	H@20 1.000000	H@50 1.000000	H@100 1.000000
INFO:kbc-cli.py:Epoch 81/100	test results	MRR 0.790418	H@1 0.659204	H@3 0.915423	H@5 0.972637	H@10 0.997512	H@20 1.000000	H@50 1.000000	H@100 1.000000
INFO:kbc-cli.py:Epoch 82/100	Loss 3.7194 ± 0.3267
INFO:kbc-cli.py:Epoch 83/100	Loss 3.7182 ± 0.3474
INFO:kbc-cli.py:Epoch 84/100	Loss 3.7131 ± 0.3438
INFO:kbc-cli.py:Epoch 84/100	dev results	MRR 0.781797	H@1 0.648241	H@3 0.891960	H@5 0.959799	H@10 0.994975	H@20 1.000000	H@50 1.000000	H@100 1.000000
INFO:kbc-cli.py:Epoch 84/100	test results	MRR 0.782621	H@1 0.644279	H@3 0.920398	H@5 0.972637	H@10 0.997512	H@20 1.000000	H@50 1.000000	H@100 1.000000
INFO:kbc-cli.py:Epoch 85/100	Loss 3.7134 ± 0.3434
INFO:kbc-cli.py:Epoch 86/100	Loss 3.7145 ± 0.3445
INFO:kbc-cli.py:Epoch 87/100	Loss 3.7052 ± 0.3451
INFO:kbc-cli.py:Epoch 87/100	dev results	MRR 0.775031	H@1 0.638191	H@3 0.891960	H@5 0.959799	H@10 0.994975	H@20 1.000000	H@50 1.000000	H@100 1.000000
INFO:kbc-cli.py:Epoch 87/100	test results	MRR 0.782828	H@1 0.646766	H@3 0.917910	H@5 0.972637	H@10 0.997512	H@20 1.000000	H@50 1.000000	H@100 1.000000
INFO:kbc-cli.py:Epoch 88/100	Loss 3.7072 ± 0.3435
INFO:kbc-cli.py:Epoch 89/100	Loss 3.7070 ± 0.3201
INFO:kbc-cli.py:Epoch 90/100	Loss 3.7128 ± 0.3593
INFO:kbc-cli.py:Epoch 90/100	dev results	MRR 0.782490	H@1 0.650754	H@3 0.894472	H@5 0.962312	H@10 0.994975	H@20 1.000000	H@50 1.000000	H@100 1.000000
INFO:kbc-cli.py:Epoch 90/100	test results	MRR 0.784466	H@1 0.649254	H@3 0.922886	H@5 0.972637	H@10 0.997512	H@20 1.000000	H@50 1.000000	H@100 1.000000
INFO:kbc-cli.py:Epoch 91/100	Loss 3.7005 ± 0.3686
INFO:kbc-cli.py:Epoch 92/100	Loss 3.6951 ± 0.3738
INFO:kbc-cli.py:Epoch 93/100	Loss 3.7101 ± 0.3493
INFO:kbc-cli.py:Epoch 93/100	dev results	MRR 0.786104	H@1 0.655779	H@3 0.899497	H@5 0.962312	H@10 0.994975	H@20 1.000000	H@50 1.000000	H@100 1.000000
INFO:kbc-cli.py:Epoch 93/100	test results	MRR 0.782216	H@1 0.646766	H@3 0.915423	H@5 0.972637	H@10 0.997512	H@20 1.000000	H@50 1.000000	H@100 1.000000
INFO:kbc-cli.py:Epoch 94/100	Loss 3.7055 ± 0.3443
INFO:kbc-cli.py:Epoch 95/100	Loss 3.7080 ± 0.3285
INFO:kbc-cli.py:Epoch 96/100	Loss 3.7054 ± 0.3811
INFO:kbc-cli.py:Epoch 96/100	dev results	MRR 0.779787	H@1 0.643216	H@3 0.902010	H@5 0.962312	H@10 0.994975	H@20 1.000000	H@50 1.000000	H@100 1.000000
INFO:kbc-cli.py:Epoch 96/100	test results	MRR 0.784372	H@1 0.651741	H@3 0.912935	H@5 0.972637	H@10 0.997512	H@20 1.000000	H@50 1.000000	H@100 1.000000
INFO:kbc-cli.py:Epoch 97/100	Loss 3.6963 ± 0.3946
INFO:kbc-cli.py:Epoch 98/100	Loss 3.7055 ± 0.3439
INFO:kbc-cli.py:Epoch 99/100	Loss 3.7042 ± 0.3588
INFO:kbc-cli.py:Epoch 99/100	dev results	MRR 0.776287	H@1 0.640704	H@3 0.904523	H@5 0.962312	H@10 0.994975	H@20 1.000000	H@50 1.000000	H@100 1.000000
INFO:kbc-cli.py:Epoch 99/100	test results	MRR 0.778111	H@1 0.639303	H@3 0.917910	H@5 0.975124	H@10 0.997512	H@20 1.000000	H@50 1.000000	H@100 1.000000
INFO:kbc-cli.py:Epoch 100/100	Loss 3.6994 ± 0.3364
INFO:kbc-cli.py:Final 	dev results	MRR 0.774612	H@1 0.638191	H@3 0.896985	H@5 0.959799	H@10 0.994975	H@20 1.000000	H@50 1.000000	H@100 1.000000
INFO:kbc-cli.py:Final 	test results	MRR 0.775665	H@1 0.634328	H@3 0.917910	H@5 0.972637	H@10 0.997512	H@20 1.000000	H@50 1.000000	H@100 1.000000
INFO:kbc-cli.py:Training finished
