./bin/kbc-cli.py --train data/nations/train.tsv --dev data/nations/dev.tsv --test data/nations/test.tsv -m complex -k 100 -b 10 -e 100 --F2 0 --N3 0.0001 -l 0.1 -I standard -V 3 -o adagrad -c spo -q
{'F2': 0.0,
 'N3': 0.0001,
 'batch_size': 10,
 'corruption': 'spo',
 'dev': 'data/nations/dev.tsv',
 'embedding_size': 100,
 'epochs': 100,
 'eval_batch_size': None,
 'input_type': 'standard',
 'learning_rate': 0.1,
 'load': None,
 'model': 'complex',
 'optimizer': 'adagrad',
 'quiet': True,
 'save': None,
 'seed': 0,
 'test': 'data/nations/test.tsv',
 'test_i': None,
 'test_ii': None,
 'train': 'data/nations/train.tsv',
 'validate_every': 3}
INFO:kbc-cli.py:Device: cuda
INFO:kbc-cli.py:Model state:
INFO:kbc-cli.py:	entities.weight	torch.Size([14, 200])
INFO:kbc-cli.py:	predicates.weight	torch.Size([55, 200])
INFO:kbc-cli.py:Epoch 1/100	Loss 8.9044 ± 0.3959
INFO:kbc-cli.py:Epoch 2/100	Loss 7.7163 ± 0.3886
INFO:kbc-cli.py:Epoch 3/100	Loss 7.2023 ± 0.4517
INFO:kbc-cli.py:Epoch 3/100	dev results	MRR 0.743575	H@1 0.605528	H@3 0.846734	H@5 0.937186	H@10 0.997487	H@20 1.000000	H@50 1.000000	H@100 1.000000
INFO:kbc-cli.py:Epoch 3/100	test results	MRR 0.774143	H@1 0.651741	H@3 0.885572	H@5 0.947761	H@10 1.000000	H@20 1.000000	H@50 1.000000	H@100 1.000000
INFO:kbc-cli.py:Epoch 4/100	Loss 6.8873 ± 0.4851
INFO:kbc-cli.py:Epoch 5/100	Loss 6.6700 ± 0.4959
INFO:kbc-cli.py:Epoch 6/100	Loss 6.5197 ± 0.4613
INFO:kbc-cli.py:Epoch 6/100	dev results	MRR 0.750954	H@1 0.618090	H@3 0.859296	H@5 0.947236	H@10 1.000000	H@20 1.000000	H@50 1.000000	H@100 1.000000
INFO:kbc-cli.py:Epoch 6/100	test results	MRR 0.766071	H@1 0.641791	H@3 0.870647	H@5 0.960199	H@10 1.000000	H@20 1.000000	H@50 1.000000	H@100 1.000000
INFO:kbc-cli.py:Epoch 7/100	Loss 6.4106 ± 0.4383
INFO:kbc-cli.py:Epoch 8/100	Loss 6.3185 ± 0.4529
INFO:kbc-cli.py:Epoch 9/100	Loss 6.2549 ± 0.4518
INFO:kbc-cli.py:Epoch 9/100	dev results	MRR 0.747855	H@1 0.608040	H@3 0.864322	H@5 0.959799	H@10 1.000000	H@20 1.000000	H@50 1.000000	H@100 1.000000
INFO:kbc-cli.py:Epoch 9/100	test results	MRR 0.767079	H@1 0.641791	H@3 0.865672	H@5 0.957711	H@10 1.000000	H@20 1.000000	H@50 1.000000	H@100 1.000000
INFO:kbc-cli.py:Epoch 10/100	Loss 6.2069 ± 0.5033
INFO:kbc-cli.py:Epoch 11/100	Loss 6.1601 ± 0.4450
INFO:kbc-cli.py:Epoch 12/100	Loss 6.1190 ± 0.4249
INFO:kbc-cli.py:Epoch 12/100	dev results	MRR 0.745563	H@1 0.603015	H@3 0.866834	H@5 0.959799	H@10 1.000000	H@20 1.000000	H@50 1.000000	H@100 1.000000
INFO:kbc-cli.py:Epoch 12/100	test results	MRR 0.764007	H@1 0.636816	H@3 0.873134	H@5 0.947761	H@10 1.000000	H@20 1.000000	H@50 1.000000	H@100 1.000000
INFO:kbc-cli.py:Epoch 13/100	Loss 6.0785 ± 0.4341
INFO:kbc-cli.py:Epoch 14/100	Loss 6.0636 ± 0.4440
INFO:kbc-cli.py:Epoch 15/100	Loss 6.0251 ± 0.4129
INFO:kbc-cli.py:Epoch 15/100	dev results	MRR 0.754273	H@1 0.620603	H@3 0.866834	H@5 0.952261	H@10 1.000000	H@20 1.000000	H@50 1.000000	H@100 1.000000
INFO:kbc-cli.py:Epoch 15/100	test results	MRR 0.759513	H@1 0.629353	H@3 0.863184	H@5 0.952736	H@10 1.000000	H@20 1.000000	H@50 1.000000	H@100 1.000000
INFO:kbc-cli.py:Epoch 16/100	Loss 6.0117 ± 0.4517
INFO:kbc-cli.py:Epoch 17/100	Loss 5.9889 ± 0.4255
INFO:kbc-cli.py:Epoch 18/100	Loss 5.9619 ± 0.4209
INFO:kbc-cli.py:Epoch 18/100	dev results	MRR 0.752096	H@1 0.615578	H@3 0.874372	H@5 0.954774	H@10 1.000000	H@20 1.000000	H@50 1.000000	H@100 1.000000
INFO:kbc-cli.py:Epoch 18/100	test results	MRR 0.762681	H@1 0.636816	H@3 0.865672	H@5 0.950249	H@10 1.000000	H@20 1.000000	H@50 1.000000	H@100 1.000000
INFO:kbc-cli.py:Epoch 19/100	Loss 5.9527 ± 0.4208
INFO:kbc-cli.py:Epoch 20/100	Loss 5.9418 ± 0.4118
INFO:kbc-cli.py:Epoch 21/100	Loss 5.9278 ± 0.4661
INFO:kbc-cli.py:Epoch 21/100	dev results	MRR 0.758252	H@1 0.625628	H@3 0.869347	H@5 0.952261	H@10 1.000000	H@20 1.000000	H@50 1.000000	H@100 1.000000
INFO:kbc-cli.py:Epoch 21/100	test results	MRR 0.762580	H@1 0.634328	H@3 0.865672	H@5 0.952736	H@10 1.000000	H@20 1.000000	H@50 1.000000	H@100 1.000000
INFO:kbc-cli.py:Epoch 22/100	Loss 5.9127 ± 0.4182
INFO:kbc-cli.py:Epoch 23/100	Loss 5.9048 ± 0.4291
INFO:kbc-cli.py:Epoch 24/100	Loss 5.8939 ± 0.4322
INFO:kbc-cli.py:Epoch 24/100	dev results	MRR 0.753083	H@1 0.615578	H@3 0.874372	H@5 0.949749	H@10 1.000000	H@20 1.000000	H@50 1.000000	H@100 1.000000
INFO:kbc-cli.py:Epoch 24/100	test results	MRR 0.762186	H@1 0.631841	H@3 0.870647	H@5 0.950249	H@10 1.000000	H@20 1.000000	H@50 1.000000	H@100 1.000000
INFO:kbc-cli.py:Epoch 25/100	Loss 5.8806 ± 0.3970
INFO:kbc-cli.py:Epoch 26/100	Loss 5.8653 ± 0.4038
INFO:kbc-cli.py:Epoch 27/100	Loss 5.8675 ± 0.4247
INFO:kbc-cli.py:Epoch 27/100	dev results	MRR 0.752294	H@1 0.613065	H@3 0.876884	H@5 0.954774	H@10 1.000000	H@20 1.000000	H@50 1.000000	H@100 1.000000
INFO:kbc-cli.py:Epoch 27/100	test results	MRR 0.759263	H@1 0.629353	H@3 0.860697	H@5 0.952736	H@10 1.000000	H@20 1.000000	H@50 1.000000	H@100 1.000000
INFO:kbc-cli.py:Epoch 28/100	Loss 5.8512 ± 0.3788
INFO:kbc-cli.py:Epoch 29/100	Loss 5.8380 ± 0.3559
INFO:kbc-cli.py:Epoch 30/100	Loss 5.8386 ± 0.4106
INFO:kbc-cli.py:Epoch 30/100	dev results	MRR 0.751222	H@1 0.610553	H@3 0.874372	H@5 0.954774	H@10 1.000000	H@20 1.000000	H@50 1.000000	H@100 1.000000
INFO:kbc-cli.py:Epoch 30/100	test results	MRR 0.761108	H@1 0.631841	H@3 0.868159	H@5 0.957711	H@10 1.000000	H@20 1.000000	H@50 1.000000	H@100 1.000000
INFO:kbc-cli.py:Epoch 31/100	Loss 5.8256 ± 0.4253
INFO:kbc-cli.py:Epoch 32/100	Loss 5.8260 ± 0.3688
INFO:kbc-cli.py:Epoch 33/100	Loss 5.8190 ± 0.4183
INFO:kbc-cli.py:Epoch 33/100	dev results	MRR 0.755222	H@1 0.618090	H@3 0.874372	H@5 0.954774	H@10 1.000000	H@20 1.000000	H@50 1.000000	H@100 1.000000
INFO:kbc-cli.py:Epoch 33/100	test results	MRR 0.760988	H@1 0.629353	H@3 0.865672	H@5 0.952736	H@10 1.000000	H@20 1.000000	H@50 1.000000	H@100 1.000000
INFO:kbc-cli.py:Epoch 34/100	Loss 5.8091 ± 0.3949
INFO:kbc-cli.py:Epoch 35/100	Loss 5.8062 ± 0.3728
INFO:kbc-cli.py:Epoch 36/100	Loss 5.7992 ± 0.4059
INFO:kbc-cli.py:Epoch 36/100	dev results	MRR 0.746013	H@1 0.603015	H@3 0.876884	H@5 0.954774	H@10 1.000000	H@20 1.000000	H@50 1.000000	H@100 1.000000
INFO:kbc-cli.py:Epoch 36/100	test results	MRR 0.758835	H@1 0.629353	H@3 0.863184	H@5 0.955224	H@10 1.000000	H@20 1.000000	H@50 1.000000	H@100 1.000000
INFO:kbc-cli.py:Epoch 37/100	Loss 5.7942 ± 0.4186
INFO:kbc-cli.py:Epoch 38/100	Loss 5.7836 ± 0.3794
INFO:kbc-cli.py:Epoch 39/100	Loss 5.7882 ± 0.3679
INFO:kbc-cli.py:Epoch 39/100	dev results	MRR 0.752420	H@1 0.613065	H@3 0.879397	H@5 0.952261	H@10 1.000000	H@20 1.000000	H@50 1.000000	H@100 1.000000
INFO:kbc-cli.py:Epoch 39/100	test results	MRR 0.758545	H@1 0.629353	H@3 0.863184	H@5 0.950249	H@10 1.000000	H@20 1.000000	H@50 1.000000	H@100 1.000000
INFO:kbc-cli.py:Epoch 40/100	Loss 5.7853 ± 0.4361
INFO:kbc-cli.py:Epoch 41/100	Loss 5.7806 ± 0.3927
INFO:kbc-cli.py:Epoch 42/100	Loss 5.7785 ± 0.4037
INFO:kbc-cli.py:Epoch 42/100	dev results	MRR 0.756663	H@1 0.620603	H@3 0.876884	H@5 0.952261	H@10 1.000000	H@20 1.000000	H@50 1.000000	H@100 1.000000
INFO:kbc-cli.py:Epoch 42/100	test results	MRR 0.756541	H@1 0.626866	H@3 0.858209	H@5 0.955224	H@10 1.000000	H@20 1.000000	H@50 1.000000	H@100 1.000000
INFO:kbc-cli.py:Epoch 43/100	Loss 5.7663 ± 0.4005
INFO:kbc-cli.py:Epoch 44/100	Loss 5.7596 ± 0.4200
INFO:kbc-cli.py:Epoch 45/100	Loss 5.7585 ± 0.3868
INFO:kbc-cli.py:Epoch 45/100	dev results	MRR 0.761298	H@1 0.630653	H@3 0.876884	H@5 0.957286	H@10 1.000000	H@20 1.000000	H@50 1.000000	H@100 1.000000
INFO:kbc-cli.py:Epoch 45/100	test results	MRR 0.757757	H@1 0.626866	H@3 0.860697	H@5 0.957711	H@10 1.000000	H@20 1.000000	H@50 1.000000	H@100 1.000000
INFO:kbc-cli.py:Epoch 46/100	Loss 5.7551 ± 0.3887
INFO:kbc-cli.py:Epoch 47/100	Loss 5.7540 ± 0.3925
INFO:kbc-cli.py:Epoch 48/100	Loss 5.7500 ± 0.3899
INFO:kbc-cli.py:Epoch 48/100	dev results	MRR 0.757961	H@1 0.623116	H@3 0.879397	H@5 0.954774	H@10 1.000000	H@20 1.000000	H@50 1.000000	H@100 1.000000
INFO:kbc-cli.py:Epoch 48/100	test results	MRR 0.756129	H@1 0.624378	H@3 0.858209	H@5 0.950249	H@10 1.000000	H@20 1.000000	H@50 1.000000	H@100 1.000000
INFO:kbc-cli.py:Epoch 49/100	Loss 5.7505 ± 0.4092
INFO:kbc-cli.py:Epoch 50/100	Loss 5.7407 ± 0.3308
INFO:kbc-cli.py:Epoch 51/100	Loss 5.7419 ± 0.3937
INFO:kbc-cli.py:Epoch 51/100	dev results	MRR 0.761028	H@1 0.628141	H@3 0.879397	H@5 0.952261	H@10 1.000000	H@20 1.000000	H@50 1.000000	H@100 1.000000
INFO:kbc-cli.py:Epoch 51/100	test results	MRR 0.760079	H@1 0.629353	H@3 0.865672	H@5 0.952736	H@10 1.000000	H@20 1.000000	H@50 1.000000	H@100 1.000000
INFO:kbc-cli.py:Epoch 52/100	Loss 5.7383 ± 0.4149
INFO:kbc-cli.py:Epoch 53/100	Loss 5.7346 ± 0.4462
INFO:kbc-cli.py:Epoch 54/100	Loss 5.7338 ± 0.3975
INFO:kbc-cli.py:Epoch 54/100	dev results	MRR 0.760344	H@1 0.628141	H@3 0.879397	H@5 0.954774	H@10 1.000000	H@20 1.000000	H@50 1.000000	H@100 1.000000
INFO:kbc-cli.py:Epoch 54/100	test results	MRR 0.758050	H@1 0.626866	H@3 0.868159	H@5 0.955224	H@10 1.000000	H@20 1.000000	H@50 1.000000	H@100 1.000000
INFO:kbc-cli.py:Epoch 55/100	Loss 5.7241 ± 0.4204
INFO:kbc-cli.py:Epoch 56/100	Loss 5.7245 ± 0.4081
INFO:kbc-cli.py:Epoch 57/100	Loss 5.7217 ± 0.3650
INFO:kbc-cli.py:Epoch 57/100	dev results	MRR 0.760763	H@1 0.625628	H@3 0.881910	H@5 0.957286	H@10 1.000000	H@20 1.000000	H@50 1.000000	H@100 1.000000
INFO:kbc-cli.py:Epoch 57/100	test results	MRR 0.759128	H@1 0.629353	H@3 0.865672	H@5 0.952736	H@10 1.000000	H@20 1.000000	H@50 1.000000	H@100 1.000000
INFO:kbc-cli.py:Epoch 58/100	Loss 5.7223 ± 0.4022
INFO:kbc-cli.py:Epoch 59/100	Loss 5.7204 ± 0.3986
INFO:kbc-cli.py:Epoch 60/100	Loss 5.7230 ± 0.4029
INFO:kbc-cli.py:Epoch 60/100	dev results	MRR 0.754307	H@1 0.613065	H@3 0.879397	H@5 0.957286	H@10 1.000000	H@20 1.000000	H@50 1.000000	H@100 1.000000
INFO:kbc-cli.py:Epoch 60/100	test results	MRR 0.757470	H@1 0.626866	H@3 0.858209	H@5 0.955224	H@10 1.000000	H@20 1.000000	H@50 1.000000	H@100 1.000000
INFO:kbc-cli.py:Epoch 61/100	Loss 5.7158 ± 0.3966
INFO:kbc-cli.py:Epoch 62/100	Loss 5.7121 ± 0.4457
INFO:kbc-cli.py:Epoch 63/100	Loss 5.7111 ± 0.4095
INFO:kbc-cli.py:Epoch 63/100	dev results	MRR 0.754817	H@1 0.615578	H@3 0.881910	H@5 0.954774	H@10 1.000000	H@20 1.000000	H@50 1.000000	H@100 1.000000
INFO:kbc-cli.py:Epoch 63/100	test results	MRR 0.758545	H@1 0.629353	H@3 0.858209	H@5 0.955224	H@10 1.000000	H@20 1.000000	H@50 1.000000	H@100 1.000000
INFO:kbc-cli.py:Epoch 64/100	Loss 5.7109 ± 0.3960
INFO:kbc-cli.py:Epoch 65/100	Loss 5.6975 ± 0.4021
INFO:kbc-cli.py:Epoch 66/100	Loss 5.7029 ± 0.3924
INFO:kbc-cli.py:Epoch 66/100	dev results	MRR 0.756359	H@1 0.618090	H@3 0.879397	H@5 0.954774	H@10 1.000000	H@20 1.000000	H@50 1.000000	H@100 1.000000
INFO:kbc-cli.py:Epoch 66/100	test results	MRR 0.754111	H@1 0.621891	H@3 0.860697	H@5 0.952736	H@10 1.000000	H@20 1.000000	H@50 1.000000	H@100 1.000000
INFO:kbc-cli.py:Epoch 67/100	Loss 5.6945 ± 0.3985
INFO:kbc-cli.py:Epoch 68/100	Loss 5.6959 ± 0.3989
INFO:kbc-cli.py:Epoch 69/100	Loss 5.6898 ± 0.3883
INFO:kbc-cli.py:Epoch 69/100	dev results	MRR 0.755026	H@1 0.618090	H@3 0.879397	H@5 0.957286	H@10 1.000000	H@20 1.000000	H@50 1.000000	H@100 1.000000
INFO:kbc-cli.py:Epoch 69/100	test results	MRR 0.758009	H@1 0.626866	H@3 0.863184	H@5 0.955224	H@10 1.000000	H@20 1.000000	H@50 1.000000	H@100 1.000000
INFO:kbc-cli.py:Epoch 70/100	Loss 5.6952 ± 0.3898
INFO:kbc-cli.py:Epoch 71/100	Loss 5.6976 ± 0.3728
INFO:kbc-cli.py:Epoch 72/100	Loss 5.6868 ± 0.3973
INFO:kbc-cli.py:Epoch 72/100	dev results	MRR 0.755971	H@1 0.618090	H@3 0.879397	H@5 0.954774	H@10 1.000000	H@20 1.000000	H@50 1.000000	H@100 1.000000
INFO:kbc-cli.py:Epoch 72/100	test results	MRR 0.756267	H@1 0.621891	H@3 0.863184	H@5 0.952736	H@10 1.000000	H@20 1.000000	H@50 1.000000	H@100 1.000000
INFO:kbc-cli.py:Epoch 73/100	Loss 5.6886 ± 0.3905
INFO:kbc-cli.py:Epoch 74/100	Loss 5.6879 ± 0.3923
INFO:kbc-cli.py:Epoch 75/100	Loss 5.6884 ± 0.3945
INFO:kbc-cli.py:Epoch 75/100	dev results	MRR 0.757269	H@1 0.620603	H@3 0.876884	H@5 0.954774	H@10 1.000000	H@20 1.000000	H@50 1.000000	H@100 1.000000
INFO:kbc-cli.py:Epoch 75/100	test results	MRR 0.758036	H@1 0.626866	H@3 0.863184	H@5 0.955224	H@10 1.000000	H@20 1.000000	H@50 1.000000	H@100 1.000000
INFO:kbc-cli.py:Epoch 76/100	Loss 5.6764 ± 0.3714
INFO:kbc-cli.py:Epoch 77/100	Loss 5.6810 ± 0.3806
INFO:kbc-cli.py:Epoch 78/100	Loss 5.6802 ± 0.3559
INFO:kbc-cli.py:Epoch 78/100	dev results	MRR 0.755762	H@1 0.618090	H@3 0.879397	H@5 0.957286	H@10 1.000000	H@20 1.000000	H@50 1.000000	H@100 1.000000
INFO:kbc-cli.py:Epoch 78/100	test results	MRR 0.758009	H@1 0.626866	H@3 0.858209	H@5 0.955224	H@10 1.000000	H@20 1.000000	H@50 1.000000	H@100 1.000000
INFO:kbc-cli.py:Epoch 79/100	Loss 5.6808 ± 0.3974
INFO:kbc-cli.py:Epoch 80/100	Loss 5.6786 ± 0.3732
INFO:kbc-cli.py:Epoch 81/100	Loss 5.6782 ± 0.3743
INFO:kbc-cli.py:Epoch 81/100	dev results	MRR 0.757293	H@1 0.620603	H@3 0.879397	H@5 0.954774	H@10 1.000000	H@20 1.000000	H@50 1.000000	H@100 1.000000
INFO:kbc-cli.py:Epoch 81/100	test results	MRR 0.758945	H@1 0.626866	H@3 0.865672	H@5 0.952736	H@10 1.000000	H@20 1.000000	H@50 1.000000	H@100 1.000000
INFO:kbc-cli.py:Epoch 82/100	Loss 5.6788 ± 0.3722
INFO:kbc-cli.py:Epoch 83/100	Loss 5.6705 ± 0.3676
INFO:kbc-cli.py:Epoch 84/100	Loss 5.6743 ± 0.3997
INFO:kbc-cli.py:Epoch 84/100	dev results	MRR 0.757915	H@1 0.620603	H@3 0.881910	H@5 0.957286	H@10 1.000000	H@20 1.000000	H@50 1.000000	H@100 1.000000
INFO:kbc-cli.py:Epoch 84/100	test results	MRR 0.761187	H@1 0.631841	H@3 0.860697	H@5 0.952736	H@10 1.000000	H@20 1.000000	H@50 1.000000	H@100 1.000000
INFO:kbc-cli.py:Epoch 85/100	Loss 5.6705 ± 0.3819
INFO:kbc-cli.py:Epoch 86/100	Loss 5.6713 ± 0.3856
INFO:kbc-cli.py:Epoch 87/100	Loss 5.6580 ± 0.3808
INFO:kbc-cli.py:Epoch 87/100	dev results	MRR 0.758005	H@1 0.620603	H@3 0.881910	H@5 0.957286	H@10 1.000000	H@20 1.000000	H@50 1.000000	H@100 1.000000
INFO:kbc-cli.py:Epoch 87/100	test results	MRR 0.761063	H@1 0.631841	H@3 0.860697	H@5 0.952736	H@10 1.000000	H@20 1.000000	H@50 1.000000	H@100 1.000000
INFO:kbc-cli.py:Epoch 88/100	Loss 5.6607 ± 0.3823
INFO:kbc-cli.py:Epoch 89/100	Loss 5.6606 ± 0.3894
INFO:kbc-cli.py:Epoch 90/100	Loss 5.6661 ± 0.3912
INFO:kbc-cli.py:Epoch 90/100	dev results	MRR 0.756281	H@1 0.618090	H@3 0.879397	H@5 0.957286	H@10 1.000000	H@20 1.000000	H@50 1.000000	H@100 1.000000
INFO:kbc-cli.py:Epoch 90/100	test results	MRR 0.761571	H@1 0.631841	H@3 0.863184	H@5 0.955224	H@10 1.000000	H@20 1.000000	H@50 1.000000	H@100 1.000000
INFO:kbc-cli.py:Epoch 91/100	Loss 5.6560 ± 0.3827
INFO:kbc-cli.py:Epoch 92/100	Loss 5.6523 ± 0.4324
INFO:kbc-cli.py:Epoch 93/100	Loss 5.6641 ± 0.3760
INFO:kbc-cli.py:Epoch 93/100	dev results	MRR 0.758459	H@1 0.623116	H@3 0.881910	H@5 0.957286	H@10 1.000000	H@20 1.000000	H@50 1.000000	H@100 1.000000
INFO:kbc-cli.py:Epoch 93/100	test results	MRR 0.759623	H@1 0.629353	H@3 0.858209	H@5 0.955224	H@10 1.000000	H@20 1.000000	H@50 1.000000	H@100 1.000000
INFO:kbc-cli.py:Epoch 94/100	Loss 5.6612 ± 0.3829
INFO:kbc-cli.py:Epoch 95/100	Loss 5.6642 ± 0.3778
INFO:kbc-cli.py:Epoch 96/100	Loss 5.6600 ± 0.4120
INFO:kbc-cli.py:Epoch 96/100	dev results	MRR 0.754027	H@1 0.613065	H@3 0.879397	H@5 0.957286	H@10 1.000000	H@20 1.000000	H@50 1.000000	H@100 1.000000
INFO:kbc-cli.py:Epoch 96/100	test results	MRR 0.758962	H@1 0.629353	H@3 0.860697	H@5 0.952736	H@10 1.000000	H@20 1.000000	H@50 1.000000	H@100 1.000000
INFO:kbc-cli.py:Epoch 97/100	Loss 5.6499 ± 0.4109
INFO:kbc-cli.py:Epoch 98/100	Loss 5.6570 ± 0.3786
INFO:kbc-cli.py:Epoch 99/100	Loss 5.6551 ± 0.3969
INFO:kbc-cli.py:Epoch 99/100	dev results	MRR 0.753692	H@1 0.615578	H@3 0.876884	H@5 0.957286	H@10 1.000000	H@20 1.000000	H@50 1.000000	H@100 1.000000
INFO:kbc-cli.py:Epoch 99/100	test results	MRR 0.763523	H@1 0.636816	H@3 0.860697	H@5 0.952736	H@10 1.000000	H@20 1.000000	H@50 1.000000	H@100 1.000000
INFO:kbc-cli.py:Epoch 100/100	Loss 5.6518 ± 0.3671
INFO:kbc-cli.py:Final 	dev results	MRR 0.753392	H@1 0.615578	H@3 0.874372	H@5 0.957286	H@10 1.000000	H@20 1.000000	H@50 1.000000	H@100 1.000000
INFO:kbc-cli.py:Final 	test results	MRR 0.764062	H@1 0.636816	H@3 0.860697	H@5 0.952736	H@10 1.000000	H@20 1.000000	H@50 1.000000	H@100 1.000000
INFO:kbc-cli.py:Training finished
