./bin/kbc-cli.py --train data/umls/train.tsv --dev data/umls/dev.tsv --test data/umls/test.tsv -m complex -k 1000 -b 500 -e 100 --F2 0 --N3 0.005 -l 0.1 -I reciprocal -V 3 -o adagrad -c so -q
{'F2': 0.0,
 'N3': 0.005,
 'batch_size': 500,
 'corruption': 'so',
 'dev': 'data/umls/dev.tsv',
 'embedding_size': 1000,
 'epochs': 100,
 'eval_batch_size': None,
 'input_type': 'reciprocal',
 'learning_rate': 0.1,
 'load': None,
 'model': 'complex',
 'optimizer': 'adagrad',
 'quiet': True,
 'save': None,
 'seed': 0,
 'test': 'data/umls/test.tsv',
 'test_i': None,
 'test_ii': None,
 'train': 'data/umls/train.tsv',
 'validate_every': 3}
INFO:kbc-cli.py:Device: cuda
INFO:kbc-cli.py:Model state:
INFO:kbc-cli.py:	entities.weight	torch.Size([135, 2000])
INFO:kbc-cli.py:	predicates.weight	torch.Size([92, 2000])
INFO:kbc-cli.py:Epoch 1/100	Loss 8.3046 ± 1.1733
INFO:kbc-cli.py:Epoch 2/100	Loss 6.2418 ± 0.0996
INFO:kbc-cli.py:Epoch 3/100	Loss 5.8996 ± 0.1464
INFO:kbc-cli.py:Epoch 3/100	dev results	MRR 0.906083	H@1 0.826687	H@3 0.983896	H@5 0.990798	H@10 0.996933	H@20 0.999233	H@50 1.000000	H@100 1.000000
INFO:kbc-cli.py:Epoch 3/100	test results	MRR 0.892435	H@1 0.798790	H@3 0.984871	H@5 0.990166	H@10 0.996218	H@20 0.996218	H@50 0.997731	H@100 0.999244
INFO:kbc-cli.py:Epoch 4/100	Loss 5.7815 ± 0.1409
INFO:kbc-cli.py:Epoch 5/100	Loss 5.7075 ± 0.1540
INFO:kbc-cli.py:Epoch 6/100	Loss 5.6608 ± 0.1336
INFO:kbc-cli.py:Epoch 6/100	dev results	MRR 0.948602	H@1 0.907975	H@3 0.987730	H@5 0.993098	H@10 0.998466	H@20 1.000000	H@50 1.000000	H@100 1.000000
INFO:kbc-cli.py:Epoch 6/100	test results	MRR 0.944106	H@1 0.898638	H@3 0.990166	H@5 0.994705	H@10 0.996974	H@20 0.996974	H@50 0.998487	H@100 1.000000
INFO:kbc-cli.py:Epoch 7/100	Loss 5.6242 ± 0.1485
INFO:kbc-cli.py:Epoch 8/100	Loss 5.5906 ± 0.1475
INFO:kbc-cli.py:Epoch 9/100	Loss 5.5660 ± 0.1426
INFO:kbc-cli.py:Epoch 9/100	dev results	MRR 0.961327	H@1 0.933282	H@3 0.986963	H@5 0.992331	H@10 0.999233	H@20 1.000000	H@50 1.000000	H@100 1.000000
INFO:kbc-cli.py:Epoch 9/100	test results	MRR 0.956756	H@1 0.925113	H@3 0.990166	H@5 0.995461	H@10 0.996974	H@20 0.998487	H@50 0.998487	H@100 1.000000
INFO:kbc-cli.py:Epoch 10/100	Loss 5.5443 ± 0.1324
INFO:kbc-cli.py:Epoch 11/100	Loss 5.5281 ± 0.1375
INFO:kbc-cli.py:Epoch 12/100	Loss 5.5118 ± 0.1506
INFO:kbc-cli.py:Epoch 12/100	dev results	MRR 0.963259	H@1 0.938650	H@3 0.985429	H@5 0.991564	H@10 0.999233	H@20 0.999233	H@50 1.000000	H@100 1.000000
INFO:kbc-cli.py:Epoch 12/100	test results	MRR 0.959309	H@1 0.928139	H@3 0.991679	H@5 0.994705	H@10 0.996974	H@20 0.998487	H@50 0.999244	H@100 1.000000
INFO:kbc-cli.py:Epoch 13/100	Loss 5.4967 ± 0.1177
INFO:kbc-cli.py:Epoch 14/100	Loss 5.4875 ± 0.1367
INFO:kbc-cli.py:Epoch 15/100	Loss 5.4744 ± 0.1211
INFO:kbc-cli.py:Epoch 15/100	dev results	MRR 0.962925	H@1 0.937117	H@3 0.986963	H@5 0.990031	H@10 0.999233	H@20 0.999233	H@50 1.000000	H@100 1.000000
INFO:kbc-cli.py:Epoch 15/100	test results	MRR 0.966271	H@1 0.941755	H@3 0.989410	H@5 0.995461	H@10 0.996974	H@20 0.998487	H@50 0.999244	H@100 1.000000
INFO:kbc-cli.py:Epoch 16/100	Loss 5.4638 ± 0.1108
INFO:kbc-cli.py:Epoch 17/100	Loss 5.4555 ± 0.1092
INFO:kbc-cli.py:Epoch 18/100	Loss 5.4451 ± 0.1134
INFO:kbc-cli.py:Epoch 18/100	dev results	MRR 0.962883	H@1 0.937117	H@3 0.986963	H@5 0.990031	H@10 0.999233	H@20 0.999233	H@50 1.000000	H@100 1.000000
INFO:kbc-cli.py:Epoch 18/100	test results	MRR 0.964975	H@1 0.940242	H@3 0.989410	H@5 0.995461	H@10 0.996218	H@20 0.998487	H@50 0.999244	H@100 1.000000
INFO:kbc-cli.py:Epoch 19/100	Loss 5.4396 ± 0.1139
INFO:kbc-cli.py:Epoch 20/100	Loss 5.4326 ± 0.1294
INFO:kbc-cli.py:Epoch 21/100	Loss 5.4269 ± 0.1216
INFO:kbc-cli.py:Epoch 21/100	dev results	MRR 0.964516	H@1 0.940184	H@3 0.986196	H@5 0.991564	H@10 0.999233	H@20 0.999233	H@50 1.000000	H@100 1.000000
INFO:kbc-cli.py:Epoch 21/100	test results	MRR 0.966224	H@1 0.941755	H@3 0.990166	H@5 0.995461	H@10 0.996974	H@20 0.998487	H@50 0.999244	H@100 1.000000
INFO:kbc-cli.py:Epoch 22/100	Loss 5.4172 ± 0.1320
INFO:kbc-cli.py:Epoch 23/100	Loss 5.4127 ± 0.1107
INFO:kbc-cli.py:Epoch 24/100	Loss 5.4074 ± 0.1212
INFO:kbc-cli.py:Epoch 24/100	dev results	MRR 0.963584	H@1 0.938650	H@3 0.984663	H@5 0.991564	H@10 0.998466	H@20 0.999233	H@50 1.000000	H@100 1.000000
INFO:kbc-cli.py:Epoch 24/100	test results	MRR 0.964530	H@1 0.938729	H@3 0.990923	H@5 0.995461	H@10 0.996974	H@20 0.998487	H@50 0.999244	H@100 1.000000
INFO:kbc-cli.py:Epoch 25/100	Loss 5.4029 ± 0.1206
INFO:kbc-cli.py:Epoch 26/100	Loss 5.3970 ± 0.1193
INFO:kbc-cli.py:Epoch 27/100	Loss 5.3909 ± 0.0967
INFO:kbc-cli.py:Epoch 27/100	dev results	MRR 0.969661	H@1 0.950920	H@3 0.984663	H@5 0.990798	H@10 0.999233	H@20 0.999233	H@50 1.000000	H@100 1.000000
INFO:kbc-cli.py:Epoch 27/100	test results	MRR 0.968474	H@1 0.947806	H@3 0.987897	H@5 0.994705	H@10 0.996974	H@20 0.997731	H@50 0.999244	H@100 1.000000
INFO:kbc-cli.py:Epoch 28/100	Loss 5.3865 ± 0.1237
INFO:kbc-cli.py:Epoch 29/100	Loss 5.3819 ± 0.1066
INFO:kbc-cli.py:Epoch 30/100	Loss 5.3804 ± 0.1032
INFO:kbc-cli.py:Epoch 30/100	dev results	MRR 0.966503	H@1 0.945552	H@3 0.985429	H@5 0.990798	H@10 0.998466	H@20 0.999233	H@50 1.000000	H@100 1.000000
INFO:kbc-cli.py:Epoch 30/100	test results	MRR 0.968820	H@1 0.947050	H@3 0.991679	H@5 0.995461	H@10 0.996974	H@20 0.998487	H@50 0.999244	H@100 1.000000
INFO:kbc-cli.py:Epoch 31/100	Loss 5.3750 ± 0.1083
INFO:kbc-cli.py:Epoch 32/100	Loss 5.3723 ± 0.0961
INFO:kbc-cli.py:Epoch 33/100	Loss 5.3682 ± 0.0947
INFO:kbc-cli.py:Epoch 33/100	dev results	MRR 0.964880	H@1 0.943252	H@3 0.982362	H@5 0.990031	H@10 0.997699	H@20 0.999233	H@50 1.000000	H@100 1.000000
INFO:kbc-cli.py:Epoch 33/100	test results	MRR 0.966598	H@1 0.942511	H@3 0.990166	H@5 0.995461	H@10 0.996974	H@20 0.998487	H@50 0.999244	H@100 1.000000
INFO:kbc-cli.py:Epoch 34/100	Loss 5.3639 ± 0.0935
INFO:kbc-cli.py:Epoch 35/100	Loss 5.3615 ± 0.0897
INFO:kbc-cli.py:Epoch 36/100	Loss 5.3590 ± 0.1078
INFO:kbc-cli.py:Epoch 36/100	dev results	MRR 0.968859	H@1 0.950920	H@3 0.981595	H@5 0.989264	H@10 0.998466	H@20 0.999233	H@50 1.000000	H@100 1.000000
INFO:kbc-cli.py:Epoch 36/100	test results	MRR 0.964510	H@1 0.940242	H@3 0.988654	H@5 0.995461	H@10 0.996974	H@20 0.998487	H@50 0.999244	H@100 1.000000
INFO:kbc-cli.py:Epoch 37/100	Loss 5.3571 ± 0.0766
INFO:kbc-cli.py:Epoch 38/100	Loss 5.3530 ± 0.1103
INFO:kbc-cli.py:Epoch 39/100	Loss 5.3500 ± 0.1082
INFO:kbc-cli.py:Epoch 39/100	dev results	MRR 0.967605	H@1 0.947853	H@3 0.983896	H@5 0.991564	H@10 0.998466	H@20 0.999233	H@50 1.000000	H@100 1.000000
INFO:kbc-cli.py:Epoch 39/100	test results	MRR 0.966002	H@1 0.942511	H@3 0.988654	H@5 0.995461	H@10 0.996974	H@20 0.998487	H@50 0.999244	H@100 1.000000
INFO:kbc-cli.py:Epoch 40/100	Loss 5.3476 ± 0.1020
INFO:kbc-cli.py:Epoch 41/100	Loss 5.3432 ± 0.0848
INFO:kbc-cli.py:Epoch 42/100	Loss 5.3420 ± 0.1003
INFO:kbc-cli.py:Epoch 42/100	dev results	MRR 0.968475	H@1 0.950153	H@3 0.982362	H@5 0.990031	H@10 0.998466	H@20 0.999233	H@50 1.000000	H@100 1.000000
INFO:kbc-cli.py:Epoch 42/100	test results	MRR 0.964794	H@1 0.940242	H@3 0.990166	H@5 0.995461	H@10 0.996974	H@20 0.998487	H@50 0.999244	H@100 1.000000
INFO:kbc-cli.py:Epoch 43/100	Loss 5.3390 ± 0.0893
INFO:kbc-cli.py:Epoch 44/100	Loss 5.3372 ± 0.0858
INFO:kbc-cli.py:Epoch 45/100	Loss 5.3345 ± 0.0991
INFO:kbc-cli.py:Epoch 45/100	dev results	MRR 0.967869	H@1 0.948620	H@3 0.983129	H@5 0.989264	H@10 0.998466	H@20 0.999233	H@50 1.000000	H@100 1.000000
INFO:kbc-cli.py:Epoch 45/100	test results	MRR 0.967797	H@1 0.945537	H@3 0.989410	H@5 0.995461	H@10 0.996974	H@20 0.998487	H@50 0.999244	H@100 1.000000
INFO:kbc-cli.py:Epoch 46/100	Loss 5.3329 ± 0.1065
INFO:kbc-cli.py:Epoch 47/100	Loss 5.3297 ± 0.0960
INFO:kbc-cli.py:Epoch 48/100	Loss 5.3290 ± 0.0945
INFO:kbc-cli.py:Epoch 48/100	dev results	MRR 0.965972	H@1 0.944785	H@3 0.983129	H@5 0.989264	H@10 0.998466	H@20 0.999233	H@50 1.000000	H@100 1.000000
INFO:kbc-cli.py:Epoch 48/100	test results	MRR 0.965812	H@1 0.941755	H@3 0.990166	H@5 0.994705	H@10 0.996974	H@20 0.998487	H@50 0.999244	H@100 1.000000
INFO:kbc-cli.py:Epoch 49/100	Loss 5.3275 ± 0.1056
INFO:kbc-cli.py:Epoch 50/100	Loss 5.3252 ± 0.0725
INFO:kbc-cli.py:Epoch 51/100	Loss 5.3228 ± 0.1065
INFO:kbc-cli.py:Epoch 51/100	dev results	MRR 0.967783	H@1 0.948620	H@3 0.983896	H@5 0.988497	H@10 0.997699	H@20 0.999233	H@50 1.000000	H@100 1.000000
INFO:kbc-cli.py:Epoch 51/100	test results	MRR 0.966600	H@1 0.943268	H@3 0.990166	H@5 0.995461	H@10 0.996974	H@20 0.998487	H@50 0.999244	H@100 1.000000
INFO:kbc-cli.py:Epoch 52/100	Loss 5.3214 ± 0.1008
INFO:kbc-cli.py:Epoch 53/100	Loss 5.3198 ± 0.0939
INFO:kbc-cli.py:Epoch 54/100	Loss 5.3164 ± 0.1003
INFO:kbc-cli.py:Epoch 54/100	dev results	MRR 0.968648	H@1 0.950920	H@3 0.981595	H@5 0.989264	H@10 0.998466	H@20 0.999233	H@50 1.000000	H@100 1.000000
INFO:kbc-cli.py:Epoch 54/100	test results	MRR 0.967610	H@1 0.945537	H@3 0.991679	H@5 0.995461	H@10 0.996974	H@20 0.997731	H@50 0.999244	H@100 1.000000
INFO:kbc-cli.py:Epoch 55/100	Loss 5.3156 ± 0.0841
INFO:kbc-cli.py:Epoch 56/100	Loss 5.3126 ± 0.0774
INFO:kbc-cli.py:Epoch 57/100	Loss 5.3132 ± 0.0837
INFO:kbc-cli.py:Epoch 57/100	dev results	MRR 0.968188	H@1 0.950153	H@3 0.982362	H@5 0.988497	H@10 0.997699	H@20 0.999233	H@50 1.000000	H@100 1.000000
INFO:kbc-cli.py:Epoch 57/100	test results	MRR 0.967913	H@1 0.945537	H@3 0.990923	H@5 0.995461	H@10 0.996974	H@20 0.997731	H@50 0.999244	H@100 1.000000
INFO:kbc-cli.py:Epoch 58/100	Loss 5.3112 ± 0.0855
INFO:kbc-cli.py:Epoch 59/100	Loss 5.3100 ± 0.0764
INFO:kbc-cli.py:Epoch 60/100	Loss 5.3075 ± 0.0877
INFO:kbc-cli.py:Epoch 60/100	dev results	MRR 0.967661	H@1 0.949387	H@3 0.980828	H@5 0.988497	H@10 0.997699	H@20 0.999233	H@50 1.000000	H@100 1.000000
INFO:kbc-cli.py:Epoch 60/100	test results	MRR 0.966647	H@1 0.942511	H@3 0.991679	H@5 0.995461	H@10 0.996974	H@20 0.998487	H@50 0.999244	H@100 1.000000
INFO:kbc-cli.py:Epoch 61/100	Loss 5.3072 ± 0.0822
INFO:kbc-cli.py:Epoch 62/100	Loss 5.3061 ± 0.1041
INFO:kbc-cli.py:Epoch 63/100	Loss 5.3047 ± 0.0866
INFO:kbc-cli.py:Epoch 63/100	dev results	MRR 0.968202	H@1 0.950153	H@3 0.981595	H@5 0.988497	H@10 0.997699	H@20 0.999233	H@50 1.000000	H@100 1.000000
INFO:kbc-cli.py:Epoch 63/100	test results	MRR 0.967043	H@1 0.944781	H@3 0.990166	H@5 0.994705	H@10 0.996974	H@20 0.997731	H@50 0.999244	H@100 1.000000
INFO:kbc-cli.py:Epoch 64/100	Loss 5.3029 ± 0.0850
INFO:kbc-cli.py:Epoch 65/100	Loss 5.3015 ± 0.0720
INFO:kbc-cli.py:Epoch 66/100	Loss 5.2998 ± 0.0827
INFO:kbc-cli.py:Epoch 66/100	dev results	MRR 0.967739	H@1 0.948620	H@3 0.983129	H@5 0.989264	H@10 0.998466	H@20 0.999233	H@50 1.000000	H@100 1.000000
INFO:kbc-cli.py:Epoch 66/100	test results	MRR 0.967644	H@1 0.945537	H@3 0.990923	H@5 0.994705	H@10 0.996974	H@20 0.997731	H@50 0.999244	H@100 1.000000
INFO:kbc-cli.py:Epoch 67/100	Loss 5.2991 ± 0.0842
INFO:kbc-cli.py:Epoch 68/100	Loss 5.2983 ± 0.0985
INFO:kbc-cli.py:Epoch 69/100	Loss 5.2965 ± 0.0836
INFO:kbc-cli.py:Epoch 69/100	dev results	MRR 0.965948	H@1 0.945552	H@3 0.982362	H@5 0.987730	H@10 0.997699	H@20 0.999233	H@50 1.000000	H@100 1.000000
INFO:kbc-cli.py:Epoch 69/100	test results	MRR 0.966411	H@1 0.943268	H@3 0.990166	H@5 0.994705	H@10 0.996974	H@20 0.998487	H@50 0.999244	H@100 1.000000
INFO:kbc-cli.py:Epoch 70/100	Loss 5.2960 ± 0.0871
INFO:kbc-cli.py:Epoch 71/100	Loss 5.2939 ± 0.1103
INFO:kbc-cli.py:Epoch 72/100	Loss 5.2933 ± 0.0721
INFO:kbc-cli.py:Epoch 72/100	dev results	MRR 0.968539	H@1 0.950920	H@3 0.983129	H@5 0.988497	H@10 0.997699	H@20 0.999233	H@50 1.000000	H@100 1.000000
INFO:kbc-cli.py:Epoch 72/100	test results	MRR 0.965318	H@1 0.940998	H@3 0.990166	H@5 0.994705	H@10 0.996974	H@20 0.998487	H@50 0.999244	H@100 1.000000
INFO:kbc-cli.py:Epoch 73/100	Loss 5.2916 ± 0.0825
INFO:kbc-cli.py:Epoch 74/100	Loss 5.2919 ± 0.0877
INFO:kbc-cli.py:Epoch 75/100	Loss 5.2900 ± 0.0740
INFO:kbc-cli.py:Epoch 75/100	dev results	MRR 0.966039	H@1 0.946319	H@3 0.982362	H@5 0.987730	H@10 0.997699	H@20 0.999233	H@50 1.000000	H@100 1.000000
INFO:kbc-cli.py:Epoch 75/100	test results	MRR 0.965883	H@1 0.941755	H@3 0.990923	H@5 0.994705	H@10 0.996974	H@20 0.998487	H@50 0.999244	H@100 1.000000
INFO:kbc-cli.py:Epoch 76/100	Loss 5.2883 ± 0.0705
INFO:kbc-cli.py:Epoch 77/100	Loss 5.2883 ± 0.0827
INFO:kbc-cli.py:Epoch 78/100	Loss 5.2868 ± 0.0792
INFO:kbc-cli.py:Epoch 78/100	dev results	MRR 0.967750	H@1 0.950153	H@3 0.981595	H@5 0.987730	H@10 0.997699	H@20 0.999233	H@50 1.000000	H@100 1.000000
INFO:kbc-cli.py:Epoch 78/100	test results	MRR 0.967299	H@1 0.944781	H@3 0.990923	H@5 0.994705	H@10 0.996974	H@20 0.997731	H@50 0.999244	H@100 1.000000
INFO:kbc-cli.py:Epoch 79/100	Loss 5.2854 ± 0.0807
INFO:kbc-cli.py:Epoch 80/100	Loss 5.2861 ± 0.0772
INFO:kbc-cli.py:Epoch 81/100	Loss 5.2840 ± 0.0826
INFO:kbc-cli.py:Epoch 81/100	dev results	MRR 0.967231	H@1 0.948620	H@3 0.981595	H@5 0.988497	H@10 0.997699	H@20 0.999233	H@50 1.000000	H@100 1.000000
INFO:kbc-cli.py:Epoch 81/100	test results	MRR 0.964557	H@1 0.939486	H@3 0.991679	H@5 0.994705	H@10 0.996974	H@20 0.998487	H@50 0.999244	H@100 1.000000
INFO:kbc-cli.py:Epoch 82/100	Loss 5.2835 ± 0.0825
INFO:kbc-cli.py:Epoch 83/100	Loss 5.2829 ± 0.0800
INFO:kbc-cli.py:Epoch 84/100	Loss 5.2802 ± 0.0781
INFO:kbc-cli.py:Epoch 84/100	dev results	MRR 0.966950	H@1 0.948620	H@3 0.979294	H@5 0.987730	H@10 0.997699	H@20 0.999233	H@50 1.000000	H@100 1.000000
INFO:kbc-cli.py:Epoch 84/100	test results	MRR 0.965858	H@1 0.941755	H@3 0.990166	H@5 0.994705	H@10 0.996974	H@20 0.998487	H@50 0.999244	H@100 1.000000
INFO:kbc-cli.py:Epoch 85/100	Loss 5.2810 ± 0.0764
INFO:kbc-cli.py:Epoch 86/100	Loss 5.2799 ± 0.0840
INFO:kbc-cli.py:Epoch 87/100	Loss 5.2783 ± 0.0729
INFO:kbc-cli.py:Epoch 87/100	dev results	MRR 0.967358	H@1 0.949387	H@3 0.980828	H@5 0.987730	H@10 0.997699	H@20 0.999233	H@50 1.000000	H@100 1.000000
INFO:kbc-cli.py:Epoch 87/100	test results	MRR 0.967684	H@1 0.945537	H@3 0.990923	H@5 0.994705	H@10 0.996974	H@20 0.998487	H@50 0.999244	H@100 1.000000
INFO:kbc-cli.py:Epoch 88/100	Loss 5.2784 ± 0.0807
INFO:kbc-cli.py:Epoch 89/100	Loss 5.2780 ± 0.0879
INFO:kbc-cli.py:Epoch 90/100	Loss 5.2763 ± 0.0648
INFO:kbc-cli.py:Epoch 90/100	dev results	MRR 0.966287	H@1 0.947086	H@3 0.980061	H@5 0.987730	H@10 0.997699	H@20 0.999233	H@50 1.000000	H@100 1.000000
INFO:kbc-cli.py:Epoch 90/100	test results	MRR 0.965852	H@1 0.941755	H@3 0.991679	H@5 0.994705	H@10 0.996974	H@20 0.997731	H@50 0.999244	H@100 1.000000
INFO:kbc-cli.py:Epoch 91/100	Loss 5.2749 ± 0.0817
INFO:kbc-cli.py:Epoch 92/100	Loss 5.2757 ± 0.0718
INFO:kbc-cli.py:Epoch 93/100	Loss 5.2743 ± 0.0897
INFO:kbc-cli.py:Epoch 93/100	dev results	MRR 0.967119	H@1 0.948620	H@3 0.981595	H@5 0.987730	H@10 0.997699	H@20 0.999233	H@50 1.000000	H@100 1.000000
INFO:kbc-cli.py:Epoch 93/100	test results	MRR 0.965163	H@1 0.940998	H@3 0.990923	H@5 0.994705	H@10 0.996974	H@20 0.998487	H@50 0.999244	H@100 1.000000
INFO:kbc-cli.py:Epoch 94/100	Loss 5.2718 ± 0.0897
INFO:kbc-cli.py:Epoch 95/100	Loss 5.2717 ± 0.0742
INFO:kbc-cli.py:Epoch 96/100	Loss 5.2715 ± 0.0905
INFO:kbc-cli.py:Epoch 96/100	dev results	MRR 0.968615	H@1 0.951687	H@3 0.981595	H@5 0.987730	H@10 0.997699	H@20 0.999233	H@50 1.000000	H@100 1.000000
INFO:kbc-cli.py:Epoch 96/100	test results	MRR 0.966946	H@1 0.944024	H@3 0.991679	H@5 0.994705	H@10 0.996974	H@20 0.997731	H@50 0.999244	H@100 1.000000
INFO:kbc-cli.py:Epoch 97/100	Loss 5.2714 ± 0.0582
INFO:kbc-cli.py:Epoch 98/100	Loss 5.2698 ± 0.0817
INFO:kbc-cli.py:Epoch 99/100	Loss 5.2705 ± 0.0580
INFO:kbc-cli.py:Epoch 99/100	dev results	MRR 0.966749	H@1 0.947853	H@3 0.980828	H@5 0.987730	H@10 0.997699	H@20 0.999233	H@50 1.000000	H@100 1.000000
INFO:kbc-cli.py:Epoch 99/100	test results	MRR 0.966633	H@1 0.944024	H@3 0.989410	H@5 0.994705	H@10 0.996974	H@20 0.997731	H@50 0.999244	H@100 1.000000
INFO:kbc-cli.py:Epoch 100/100	Loss 5.2692 ± 0.0768
INFO:kbc-cli.py:Final 	dev results	MRR 0.967338	H@1 0.949387	H@3 0.980828	H@5 0.987730	H@10 0.997699	H@20 0.999233	H@50 1.000000	H@100 1.000000
INFO:kbc-cli.py:Final 	test results	MRR 0.967326	H@1 0.945537	H@3 0.988654	H@5 0.994705	H@10 0.996974	H@20 0.997731	H@50 0.999244	H@100 1.000000
INFO:kbc-cli.py:Training finished
