./bin/kbc-cli.py --train data/umls/train.tsv --dev data/umls/dev.tsv --test data/umls/test.tsv -m complex -k 200 -b 50 -e 100 --F2 0 --N3 0.0005 -l 0.1 -I standard -V 3 -o adagrad -c so -q
{'F2': 0.0,
 'N3': 0.0005,
 'batch_size': 50,
 'corruption': 'so',
 'dev': 'data/umls/dev.tsv',
 'embedding_size': 200,
 'epochs': 100,
 'eval_batch_size': None,
 'input_type': 'standard',
 'learning_rate': 0.1,
 'load': None,
 'model': 'complex',
 'optimizer': 'adagrad',
 'quiet': True,
 'save': None,
 'seed': 0,
 'test': 'data/umls/test.tsv',
 'test_i': None,
 'test_ii': None,
 'train': 'data/umls/train.tsv',
 'validate_every': 3}
INFO:kbc-cli.py:Device: cuda
INFO:kbc-cli.py:Model state:
INFO:kbc-cli.py:	entities.weight	torch.Size([135, 400])
INFO:kbc-cli.py:	predicates.weight	torch.Size([46, 400])
INFO:kbc-cli.py:Epoch 1/100	Loss 7.8057 ± 0.9732
INFO:kbc-cli.py:Epoch 2/100	Loss 5.9966 ± 0.1850
INFO:kbc-cli.py:Epoch 3/100	Loss 5.7074 ± 0.2190
INFO:kbc-cli.py:Epoch 3/100	dev results	MRR 0.943285	H@1 0.904908	H@3 0.976994	H@5 0.989264	H@10 0.995399	H@20 0.997699	H@50 1.000000	H@100 1.000000
INFO:kbc-cli.py:Epoch 3/100	test results	MRR 0.939272	H@1 0.897126	H@3 0.979576	H@5 0.990166	H@10 0.995461	H@20 0.996974	H@50 0.999244	H@100 1.000000
INFO:kbc-cli.py:Epoch 4/100	Loss 5.5806 ± 0.2345
INFO:kbc-cli.py:Epoch 5/100	Loss 5.5055 ± 0.2117
INFO:kbc-cli.py:Epoch 6/100	Loss 5.4517 ± 0.2208
INFO:kbc-cli.py:Epoch 6/100	dev results	MRR 0.939411	H@1 0.896472	H@3 0.978528	H@5 0.988497	H@10 0.993865	H@20 0.999233	H@50 1.000000	H@100 1.000000
INFO:kbc-cli.py:Epoch 6/100	test results	MRR 0.941114	H@1 0.895613	H@3 0.988654	H@5 0.991679	H@10 0.996974	H@20 0.997731	H@50 0.999244	H@100 1.000000
INFO:kbc-cli.py:Epoch 7/100	Loss 5.4062 ± 0.2076
INFO:kbc-cli.py:Epoch 8/100	Loss 5.3761 ± 0.2099
INFO:kbc-cli.py:Epoch 9/100	Loss 5.3415 ± 0.2361
INFO:kbc-cli.py:Epoch 9/100	dev results	MRR 0.955788	H@1 0.927147	H@3 0.981595	H@5 0.988497	H@10 0.993098	H@20 0.997699	H@50 1.000000	H@100 1.000000
INFO:kbc-cli.py:Epoch 9/100	test results	MRR 0.953033	H@1 0.919062	H@3 0.987141	H@5 0.990923	H@10 0.996218	H@20 0.998487	H@50 0.999244	H@100 1.000000
INFO:kbc-cli.py:Epoch 10/100	Loss 5.3211 ± 0.2278
INFO:kbc-cli.py:Epoch 11/100	Loss 5.3009 ± 0.2056
INFO:kbc-cli.py:Epoch 12/100	Loss 5.2780 ± 0.2243
INFO:kbc-cli.py:Epoch 12/100	dev results	MRR 0.957580	H@1 0.930982	H@3 0.980828	H@5 0.988497	H@10 0.993098	H@20 0.996933	H@50 1.000000	H@100 1.000000
INFO:kbc-cli.py:Epoch 12/100	test results	MRR 0.954853	H@1 0.922088	H@3 0.987141	H@5 0.991679	H@10 0.996974	H@20 0.998487	H@50 0.999244	H@100 1.000000
INFO:kbc-cli.py:Epoch 13/100	Loss 5.2669 ± 0.2250
INFO:kbc-cli.py:Epoch 14/100	Loss 5.2468 ± 0.2033
INFO:kbc-cli.py:Epoch 15/100	Loss 5.2383 ± 0.2157
INFO:kbc-cli.py:Epoch 15/100	dev results	MRR 0.956387	H@1 0.927914	H@3 0.982362	H@5 0.990031	H@10 0.993098	H@20 0.996166	H@50 1.000000	H@100 1.000000
INFO:kbc-cli.py:Epoch 15/100	test results	MRR 0.958728	H@1 0.928139	H@3 0.989410	H@5 0.993192	H@10 0.998487	H@20 0.998487	H@50 0.999244	H@100 1.000000
INFO:kbc-cli.py:Epoch 16/100	Loss 5.2180 ± 0.1857
INFO:kbc-cli.py:Epoch 17/100	Loss 5.2082 ± 0.2102
INFO:kbc-cli.py:Epoch 18/100	Loss 5.2006 ± 0.2225
INFO:kbc-cli.py:Epoch 18/100	dev results	MRR 0.955967	H@1 0.927914	H@3 0.980828	H@5 0.989264	H@10 0.994632	H@20 0.995399	H@50 1.000000	H@100 1.000000
INFO:kbc-cli.py:Epoch 18/100	test results	MRR 0.957848	H@1 0.927383	H@3 0.987141	H@5 0.994705	H@10 0.997731	H@20 0.998487	H@50 0.999244	H@100 1.000000
INFO:kbc-cli.py:Epoch 19/100	Loss 5.1899 ± 0.2052
INFO:kbc-cli.py:Epoch 20/100	Loss 5.1839 ± 0.1984
INFO:kbc-cli.py:Epoch 21/100	Loss 5.1803 ± 0.2248
INFO:kbc-cli.py:Epoch 21/100	dev results	MRR 0.954966	H@1 0.926380	H@3 0.980828	H@5 0.989264	H@10 0.993865	H@20 0.996166	H@50 1.000000	H@100 1.000000
INFO:kbc-cli.py:Epoch 21/100	test results	MRR 0.957397	H@1 0.926626	H@3 0.988654	H@5 0.993192	H@10 0.998487	H@20 0.998487	H@50 0.999244	H@100 1.000000
INFO:kbc-cli.py:Epoch 22/100	Loss 5.1658 ± 0.2107
INFO:kbc-cli.py:Epoch 23/100	Loss 5.1605 ± 0.1830
INFO:kbc-cli.py:Epoch 24/100	Loss 5.1511 ± 0.2023
INFO:kbc-cli.py:Epoch 24/100	dev results	MRR 0.953713	H@1 0.924080	H@3 0.980061	H@5 0.990031	H@10 0.993865	H@20 0.995399	H@50 1.000000	H@100 1.000000
INFO:kbc-cli.py:Epoch 24/100	test results	MRR 0.955591	H@1 0.922088	H@3 0.988654	H@5 0.994705	H@10 0.996974	H@20 0.998487	H@50 0.999244	H@100 1.000000
INFO:kbc-cli.py:Epoch 25/100	Loss 5.1476 ± 0.2072
INFO:kbc-cli.py:Epoch 26/100	Loss 5.1365 ± 0.2064
INFO:kbc-cli.py:Epoch 27/100	Loss 5.1382 ± 0.1911
INFO:kbc-cli.py:Epoch 27/100	dev results	MRR 0.954610	H@1 0.925613	H@3 0.979294	H@5 0.989264	H@10 0.993865	H@20 0.995399	H@50 1.000000	H@100 1.000000
INFO:kbc-cli.py:Epoch 27/100	test results	MRR 0.956416	H@1 0.924357	H@3 0.986384	H@5 0.993192	H@10 0.997731	H@20 0.998487	H@50 0.999244	H@100 1.000000
INFO:kbc-cli.py:Epoch 28/100	Loss 5.1281 ± 0.2127
INFO:kbc-cli.py:Epoch 29/100	Loss 5.1262 ± 0.1720
INFO:kbc-cli.py:Epoch 30/100	Loss 5.1238 ± 0.2113
INFO:kbc-cli.py:Epoch 30/100	dev results	MRR 0.956392	H@1 0.929448	H@3 0.980061	H@5 0.990798	H@10 0.993865	H@20 0.996166	H@50 1.000000	H@100 1.000000
INFO:kbc-cli.py:Epoch 30/100	test results	MRR 0.954789	H@1 0.921331	H@3 0.986384	H@5 0.993949	H@10 0.997731	H@20 0.998487	H@50 0.999244	H@100 1.000000
INFO:kbc-cli.py:Epoch 31/100	Loss 5.1177 ± 0.1879
INFO:kbc-cli.py:Epoch 32/100	Loss 5.1095 ± 0.2022
INFO:kbc-cli.py:Epoch 33/100	Loss 5.1092 ± 0.1931
INFO:kbc-cli.py:Epoch 33/100	dev results	MRR 0.954760	H@1 0.926380	H@3 0.978528	H@5 0.990798	H@10 0.993865	H@20 0.995399	H@50 1.000000	H@100 1.000000
INFO:kbc-cli.py:Epoch 33/100	test results	MRR 0.956091	H@1 0.925113	H@3 0.987141	H@5 0.993192	H@10 0.997731	H@20 0.998487	H@50 0.999244	H@100 1.000000
INFO:kbc-cli.py:Epoch 34/100	Loss 5.1020 ± 0.1973
INFO:kbc-cli.py:Epoch 35/100	Loss 5.1019 ± 0.2056
INFO:kbc-cli.py:Epoch 36/100	Loss 5.0979 ± 0.1925
INFO:kbc-cli.py:Epoch 36/100	dev results	MRR 0.955479	H@1 0.927914	H@3 0.978528	H@5 0.990798	H@10 0.993865	H@20 0.995399	H@50 1.000000	H@100 1.000000
INFO:kbc-cli.py:Epoch 36/100	test results	MRR 0.956865	H@1 0.925870	H@3 0.985628	H@5 0.993949	H@10 0.996974	H@20 0.998487	H@50 0.999244	H@100 1.000000
INFO:kbc-cli.py:Epoch 37/100	Loss 5.0978 ± 0.1686
INFO:kbc-cli.py:Epoch 38/100	Loss 5.0890 ± 0.1988
INFO:kbc-cli.py:Epoch 39/100	Loss 5.0861 ± 0.2252
INFO:kbc-cli.py:Epoch 39/100	dev results	MRR 0.956007	H@1 0.928681	H@3 0.979294	H@5 0.990798	H@10 0.993865	H@20 0.995399	H@50 1.000000	H@100 1.000000
INFO:kbc-cli.py:Epoch 39/100	test results	MRR 0.957227	H@1 0.926626	H@3 0.985628	H@5 0.993949	H@10 0.996974	H@20 0.998487	H@50 0.999244	H@100 1.000000
INFO:kbc-cli.py:Epoch 40/100	Loss 5.0857 ± 0.2014
INFO:kbc-cli.py:Epoch 41/100	Loss 5.0789 ± 0.1921
INFO:kbc-cli.py:Epoch 42/100	Loss 5.0803 ± 0.2108
INFO:kbc-cli.py:Epoch 42/100	dev results	MRR 0.954761	H@1 0.926380	H@3 0.979294	H@5 0.990798	H@10 0.993098	H@20 0.995399	H@50 1.000000	H@100 1.000000
INFO:kbc-cli.py:Epoch 42/100	test results	MRR 0.958335	H@1 0.928896	H@3 0.987141	H@5 0.992436	H@10 0.996974	H@20 0.998487	H@50 0.999244	H@100 1.000000
INFO:kbc-cli.py:Epoch 43/100	Loss 5.0789 ± 0.2230
INFO:kbc-cli.py:Epoch 44/100	Loss 5.0724 ± 0.1997
INFO:kbc-cli.py:Epoch 45/100	Loss 5.0721 ± 0.1925
INFO:kbc-cli.py:Epoch 45/100	dev results	MRR 0.954857	H@1 0.926380	H@3 0.979294	H@5 0.990031	H@10 0.993098	H@20 0.995399	H@50 1.000000	H@100 1.000000
INFO:kbc-cli.py:Epoch 45/100	test results	MRR 0.958249	H@1 0.928139	H@3 0.986384	H@5 0.993192	H@10 0.996974	H@20 0.998487	H@50 0.999244	H@100 1.000000
INFO:kbc-cli.py:Epoch 46/100	Loss 5.0662 ± 0.1832
INFO:kbc-cli.py:Epoch 47/100	Loss 5.0606 ± 0.1868
INFO:kbc-cli.py:Epoch 48/100	Loss 5.0666 ± 0.2098
INFO:kbc-cli.py:Epoch 48/100	dev results	MRR 0.954534	H@1 0.926380	H@3 0.979294	H@5 0.989264	H@10 0.993098	H@20 0.996166	H@50 1.000000	H@100 1.000000
INFO:kbc-cli.py:Epoch 48/100	test results	MRR 0.956208	H@1 0.925113	H@3 0.985628	H@5 0.991679	H@10 0.996974	H@20 0.998487	H@50 0.999244	H@100 1.000000
INFO:kbc-cli.py:Epoch 49/100	Loss 5.0621 ± 0.1698
INFO:kbc-cli.py:Epoch 50/100	Loss 5.0599 ± 0.1920
INFO:kbc-cli.py:Epoch 51/100	Loss 5.0577 ± 0.1807
INFO:kbc-cli.py:Epoch 51/100	dev results	MRR 0.954104	H@1 0.925613	H@3 0.978528	H@5 0.989264	H@10 0.993098	H@20 0.996166	H@50 1.000000	H@100 1.000000
INFO:kbc-cli.py:Epoch 51/100	test results	MRR 0.956419	H@1 0.925113	H@3 0.984871	H@5 0.992436	H@10 0.996974	H@20 0.998487	H@50 0.999244	H@100 1.000000
INFO:kbc-cli.py:Epoch 52/100	Loss 5.0510 ± 0.1852
INFO:kbc-cli.py:Epoch 53/100	Loss 5.0536 ± 0.1733
INFO:kbc-cli.py:Epoch 54/100	Loss 5.0512 ± 0.2023
INFO:kbc-cli.py:Epoch 54/100	dev results	MRR 0.953969	H@1 0.925613	H@3 0.978528	H@5 0.989264	H@10 0.993865	H@20 0.996166	H@50 1.000000	H@100 1.000000
INFO:kbc-cli.py:Epoch 54/100	test results	MRR 0.956398	H@1 0.925870	H@3 0.984871	H@5 0.993192	H@10 0.996974	H@20 0.998487	H@50 0.999244	H@100 1.000000
INFO:kbc-cli.py:Epoch 55/100	Loss 5.0496 ± 0.2163
INFO:kbc-cli.py:Epoch 56/100	Loss 5.0483 ± 0.1917
INFO:kbc-cli.py:Epoch 57/100	Loss 5.0439 ± 0.1834
INFO:kbc-cli.py:Epoch 57/100	dev results	MRR 0.953694	H@1 0.924847	H@3 0.978528	H@5 0.990031	H@10 0.993098	H@20 0.996166	H@50 1.000000	H@100 1.000000
INFO:kbc-cli.py:Epoch 57/100	test results	MRR 0.956876	H@1 0.926626	H@3 0.986384	H@5 0.991679	H@10 0.996974	H@20 0.998487	H@50 0.999244	H@100 1.000000
INFO:kbc-cli.py:Epoch 58/100	Loss 5.0431 ± 0.2032
INFO:kbc-cli.py:Epoch 59/100	Loss 5.0411 ± 0.2011
INFO:kbc-cli.py:Epoch 60/100	Loss 5.0406 ± 0.1984
INFO:kbc-cli.py:Epoch 60/100	dev results	MRR 0.953927	H@1 0.925613	H@3 0.980828	H@5 0.989264	H@10 0.993098	H@20 0.996166	H@50 1.000000	H@100 1.000000
INFO:kbc-cli.py:Epoch 60/100	test results	MRR 0.954443	H@1 0.922088	H@3 0.984115	H@5 0.992436	H@10 0.996974	H@20 0.998487	H@50 0.999244	H@100 1.000000
INFO:kbc-cli.py:Epoch 61/100	Loss 5.0374 ± 0.1946
INFO:kbc-cli.py:Epoch 62/100	Loss 5.0408 ± 0.1909
INFO:kbc-cli.py:Epoch 63/100	Loss 5.0362 ± 0.1761
INFO:kbc-cli.py:Epoch 63/100	dev results	MRR 0.952186	H@1 0.923313	H@3 0.977761	H@5 0.989264	H@10 0.993098	H@20 0.996166	H@50 1.000000	H@100 1.000000
INFO:kbc-cli.py:Epoch 63/100	test results	MRR 0.956485	H@1 0.925870	H@3 0.986384	H@5 0.992436	H@10 0.996974	H@20 0.998487	H@50 0.999244	H@100 1.000000
INFO:kbc-cli.py:Epoch 64/100	Loss 5.0361 ± 0.1839
INFO:kbc-cli.py:Epoch 65/100	Loss 5.0320 ± 0.1903
INFO:kbc-cli.py:Epoch 66/100	Loss 5.0299 ± 0.1748
INFO:kbc-cli.py:Epoch 66/100	dev results	MRR 0.954664	H@1 0.927147	H@3 0.977761	H@5 0.989264	H@10 0.993098	H@20 0.996166	H@50 1.000000	H@100 1.000000
INFO:kbc-cli.py:Epoch 66/100	test results	MRR 0.955704	H@1 0.924357	H@3 0.984115	H@5 0.992436	H@10 0.996974	H@20 0.998487	H@50 0.999244	H@100 1.000000
INFO:kbc-cli.py:Epoch 67/100	Loss 5.0317 ± 0.1750
INFO:kbc-cli.py:Epoch 68/100	Loss 5.0270 ± 0.1752
INFO:kbc-cli.py:Epoch 69/100	Loss 5.0265 ± 0.1901
INFO:kbc-cli.py:Epoch 69/100	dev results	MRR 0.952854	H@1 0.923313	H@3 0.978528	H@5 0.989264	H@10 0.993098	H@20 0.996166	H@50 1.000000	H@100 1.000000
INFO:kbc-cli.py:Epoch 69/100	test results	MRR 0.957683	H@1 0.928139	H@3 0.985628	H@5 0.992436	H@10 0.996974	H@20 0.998487	H@50 0.999244	H@100 1.000000
INFO:kbc-cli.py:Epoch 70/100	Loss 5.0250 ± 0.2002
INFO:kbc-cli.py:Epoch 71/100	Loss 5.0242 ± 0.1788
INFO:kbc-cli.py:Epoch 72/100	Loss 5.0265 ± 0.1812
INFO:kbc-cli.py:Epoch 72/100	dev results	MRR 0.952284	H@1 0.923313	H@3 0.977761	H@5 0.988497	H@10 0.993098	H@20 0.996166	H@50 1.000000	H@100 1.000000
INFO:kbc-cli.py:Epoch 72/100	test results	MRR 0.956018	H@1 0.925870	H@3 0.984115	H@5 0.991679	H@10 0.996974	H@20 0.998487	H@50 0.999244	H@100 1.000000
INFO:kbc-cli.py:Epoch 73/100	Loss 5.0238 ± 0.1819
INFO:kbc-cli.py:Epoch 74/100	Loss 5.0237 ± 0.1801
INFO:kbc-cli.py:Epoch 75/100	Loss 5.0154 ± 0.1885
INFO:kbc-cli.py:Epoch 75/100	dev results	MRR 0.952638	H@1 0.924080	H@3 0.976994	H@5 0.989264	H@10 0.993098	H@20 0.996166	H@50 1.000000	H@100 1.000000
INFO:kbc-cli.py:Epoch 75/100	test results	MRR 0.957036	H@1 0.927383	H@3 0.985628	H@5 0.992436	H@10 0.996974	H@20 0.998487	H@50 0.999244	H@100 1.000000
INFO:kbc-cli.py:Epoch 76/100	Loss 5.0210 ± 0.1959
INFO:kbc-cli.py:Epoch 77/100	Loss 5.0168 ± 0.1803
INFO:kbc-cli.py:Epoch 78/100	Loss 5.0174 ± 0.1907
INFO:kbc-cli.py:Epoch 78/100	dev results	MRR 0.952185	H@1 0.923313	H@3 0.977761	H@5 0.989264	H@10 0.993098	H@20 0.996166	H@50 1.000000	H@100 1.000000
INFO:kbc-cli.py:Epoch 78/100	test results	MRR 0.955004	H@1 0.923601	H@3 0.984115	H@5 0.991679	H@10 0.996974	H@20 0.998487	H@50 0.999244	H@100 1.000000
INFO:kbc-cli.py:Epoch 79/100	Loss 5.0154 ± 0.1646
INFO:kbc-cli.py:Epoch 80/100	Loss 5.0154 ± 0.1587
INFO:kbc-cli.py:Epoch 81/100	Loss 5.0150 ± 0.1675
INFO:kbc-cli.py:Epoch 81/100	dev results	MRR 0.953005	H@1 0.924847	H@3 0.978528	H@5 0.990031	H@10 0.993098	H@20 0.996166	H@50 1.000000	H@100 1.000000
INFO:kbc-cli.py:Epoch 81/100	test results	MRR 0.954989	H@1 0.922844	H@3 0.985628	H@5 0.991679	H@10 0.996974	H@20 0.998487	H@50 0.999244	H@100 1.000000
INFO:kbc-cli.py:Epoch 82/100	Loss 5.0085 ± 0.1858
INFO:kbc-cli.py:Epoch 83/100	Loss 5.0132 ± 0.1594
INFO:kbc-cli.py:Epoch 84/100	Loss 5.0107 ± 0.1880
INFO:kbc-cli.py:Epoch 84/100	dev results	MRR 0.952212	H@1 0.923313	H@3 0.976227	H@5 0.990031	H@10 0.993098	H@20 0.996166	H@50 1.000000	H@100 1.000000
INFO:kbc-cli.py:Epoch 84/100	test results	MRR 0.954992	H@1 0.923601	H@3 0.983359	H@5 0.992436	H@10 0.996974	H@20 0.998487	H@50 0.999244	H@100 1.000000
INFO:kbc-cli.py:Epoch 85/100	Loss 5.0123 ± 0.1837
INFO:kbc-cli.py:Epoch 86/100	Loss 5.0119 ± 0.2060
INFO:kbc-cli.py:Epoch 87/100	Loss 5.0085 ± 0.1781
INFO:kbc-cli.py:Epoch 87/100	dev results	MRR 0.952150	H@1 0.923313	H@3 0.977761	H@5 0.989264	H@10 0.993098	H@20 0.996166	H@50 1.000000	H@100 1.000000
INFO:kbc-cli.py:Epoch 87/100	test results	MRR 0.956638	H@1 0.926626	H@3 0.984115	H@5 0.992436	H@10 0.996218	H@20 0.998487	H@50 0.999244	H@100 1.000000
INFO:kbc-cli.py:Epoch 88/100	Loss 5.0082 ± 0.1743
INFO:kbc-cli.py:Epoch 89/100	Loss 5.0058 ± 0.1617
INFO:kbc-cli.py:Epoch 90/100	Loss 5.0073 ± 0.1858
INFO:kbc-cli.py:Epoch 90/100	dev results	MRR 0.952896	H@1 0.924847	H@3 0.977761	H@5 0.989264	H@10 0.993098	H@20 0.996166	H@50 1.000000	H@100 1.000000
INFO:kbc-cli.py:Epoch 90/100	test results	MRR 0.955815	H@1 0.925113	H@3 0.983359	H@5 0.992436	H@10 0.996218	H@20 0.997731	H@50 0.999244	H@100 1.000000
INFO:kbc-cli.py:Epoch 91/100	Loss 5.0074 ± 0.1715
INFO:kbc-cli.py:Epoch 92/100	Loss 5.0054 ± 0.1885
INFO:kbc-cli.py:Epoch 93/100	Loss 5.0001 ± 0.1805
INFO:kbc-cli.py:Epoch 93/100	dev results	MRR 0.953035	H@1 0.924847	H@3 0.977761	H@5 0.990031	H@10 0.993098	H@20 0.996166	H@50 1.000000	H@100 1.000000
INFO:kbc-cli.py:Epoch 93/100	test results	MRR 0.955305	H@1 0.924357	H@3 0.984115	H@5 0.991679	H@10 0.996218	H@20 0.998487	H@50 0.999244	H@100 1.000000
INFO:kbc-cli.py:Epoch 94/100	Loss 5.0049 ± 0.1582
INFO:kbc-cli.py:Epoch 95/100	Loss 5.0029 ± 0.1747
INFO:kbc-cli.py:Epoch 96/100	Loss 4.9983 ± 0.1710
INFO:kbc-cli.py:Epoch 96/100	dev results	MRR 0.953938	H@1 0.926380	H@3 0.978528	H@5 0.990031	H@10 0.993098	H@20 0.996166	H@50 1.000000	H@100 1.000000
INFO:kbc-cli.py:Epoch 96/100	test results	MRR 0.954105	H@1 0.922088	H@3 0.984871	H@5 0.992436	H@10 0.996974	H@20 0.998487	H@50 0.999244	H@100 1.000000
INFO:kbc-cli.py:Epoch 97/100	Loss 5.0019 ± 0.1956
INFO:kbc-cli.py:Epoch 98/100	Loss 5.0015 ± 0.1939
INFO:kbc-cli.py:Epoch 99/100	Loss 4.9997 ± 0.1698
INFO:kbc-cli.py:Epoch 99/100	dev results	MRR 0.953339	H@1 0.925613	H@3 0.977761	H@5 0.990031	H@10 0.993098	H@20 0.996166	H@50 1.000000	H@100 1.000000
INFO:kbc-cli.py:Epoch 99/100	test results	MRR 0.955733	H@1 0.924357	H@3 0.984871	H@5 0.992436	H@10 0.996974	H@20 0.997731	H@50 0.999244	H@100 1.000000
INFO:kbc-cli.py:Epoch 100/100	Loss 4.9953 ± 0.1847
INFO:kbc-cli.py:Final 	dev results	MRR 0.953813	H@1 0.926380	H@3 0.977761	H@5 0.990031	H@10 0.993098	H@20 0.996166	H@50 1.000000	H@100 1.000000
INFO:kbc-cli.py:Final 	test results	MRR 0.956083	H@1 0.925870	H@3 0.983359	H@5 0.992436	H@10 0.996974	H@20 0.997731	H@50 0.999244	H@100 1.000000
INFO:kbc-cli.py:Training finished
