./bin/kbc-cli.py --train data/umls/train.tsv --dev data/umls/dev.tsv --test data/umls/test.tsv -m complex -k 200 -b 100 -e 100 --F2 0 --N3 0.001 -l 0.1 -I reciprocal -V 3 -o adagrad -c spo -q
{'F2': 0.0,
 'N3': 0.001,
 'batch_size': 100,
 'corruption': 'spo',
 'dev': 'data/umls/dev.tsv',
 'embedding_size': 200,
 'epochs': 100,
 'eval_batch_size': None,
 'input_type': 'reciprocal',
 'learning_rate': 0.1,
 'load': None,
 'model': 'complex',
 'optimizer': 'adagrad',
 'quiet': True,
 'save': None,
 'seed': 0,
 'test': 'data/umls/test.tsv',
 'test_i': None,
 'test_ii': None,
 'train': 'data/umls/train.tsv',
 'validate_every': 3}
INFO:kbc-cli.py:Device: cuda
INFO:kbc-cli.py:Model state:
INFO:kbc-cli.py:	entities.weight	torch.Size([135, 400])
INFO:kbc-cli.py:	predicates.weight	torch.Size([92, 400])
INFO:kbc-cli.py:Epoch 1/100	Loss 9.7303 ± 2.3367
INFO:kbc-cli.py:Epoch 2/100	Loss 6.8191 ± 0.1969
INFO:kbc-cli.py:Epoch 3/100	Loss 6.5308 ± 0.2084
INFO:kbc-cli.py:Epoch 3/100	dev results	MRR 0.892063	H@1 0.802147	H@3 0.976994	H@5 0.989264	H@10 0.995399	H@20 0.996166	H@50 0.999233	H@100 1.000000
INFO:kbc-cli.py:Epoch 3/100	test results	MRR 0.883051	H@1 0.782905	H@3 0.981089	H@5 0.990166	H@10 0.995461	H@20 0.997731	H@50 0.999244	H@100 0.999244
INFO:kbc-cli.py:Epoch 4/100	Loss 6.4015 ± 0.2240
INFO:kbc-cli.py:Epoch 5/100	Loss 6.3205 ± 0.2125
INFO:kbc-cli.py:Epoch 6/100	Loss 6.2577 ± 0.2295
INFO:kbc-cli.py:Epoch 6/100	dev results	MRR 0.927057	H@1 0.869632	H@3 0.978528	H@5 0.990798	H@10 0.994632	H@20 0.996933	H@50 1.000000	H@100 1.000000
INFO:kbc-cli.py:Epoch 6/100	test results	MRR 0.924920	H@1 0.863843	H@3 0.987141	H@5 0.990923	H@10 0.996218	H@20 0.996974	H@50 0.999244	H@100 1.000000
INFO:kbc-cli.py:Epoch 7/100	Loss 6.2098 ± 0.2048
INFO:kbc-cli.py:Epoch 8/100	Loss 6.1753 ± 0.2207
INFO:kbc-cli.py:Epoch 9/100	Loss 6.1415 ± 0.2114
INFO:kbc-cli.py:Epoch 9/100	dev results	MRR 0.935023	H@1 0.885736	H@3 0.980061	H@5 0.990031	H@10 0.995399	H@20 0.996933	H@50 1.000000	H@100 1.000000
INFO:kbc-cli.py:Epoch 9/100	test results	MRR 0.929955	H@1 0.872920	H@3 0.986384	H@5 0.990166	H@10 0.995461	H@20 0.997731	H@50 0.999244	H@100 0.999244
INFO:kbc-cli.py:Epoch 10/100	Loss 6.1144 ± 0.2033
INFO:kbc-cli.py:Epoch 11/100	Loss 6.0906 ± 0.2138
INFO:kbc-cli.py:Epoch 12/100	Loss 6.0720 ± 0.2016
INFO:kbc-cli.py:Epoch 12/100	dev results	MRR 0.935226	H@1 0.886503	H@3 0.980828	H@5 0.990031	H@10 0.993098	H@20 0.996933	H@50 0.998466	H@100 1.000000
INFO:kbc-cli.py:Epoch 12/100	test results	MRR 0.938150	H@1 0.889561	H@3 0.986384	H@5 0.990166	H@10 0.995461	H@20 0.996974	H@50 0.999244	H@100 0.999244
INFO:kbc-cli.py:Epoch 13/100	Loss 6.0544 ± 0.1716
INFO:kbc-cli.py:Epoch 14/100	Loss 6.0431 ± 0.2065
INFO:kbc-cli.py:Epoch 15/100	Loss 6.0263 ± 0.2070
INFO:kbc-cli.py:Epoch 15/100	dev results	MRR 0.932289	H@1 0.881135	H@3 0.979294	H@5 0.989264	H@10 0.993865	H@20 0.996933	H@50 0.999233	H@100 1.000000
INFO:kbc-cli.py:Epoch 15/100	test results	MRR 0.938720	H@1 0.890318	H@3 0.986384	H@5 0.989410	H@10 0.995461	H@20 0.997731	H@50 0.999244	H@100 0.999244
INFO:kbc-cli.py:Epoch 16/100	Loss 6.0120 ± 0.1763
INFO:kbc-cli.py:Epoch 17/100	Loss 6.0021 ± 0.1813
INFO:kbc-cli.py:Epoch 18/100	Loss 5.9900 ± 0.1811
INFO:kbc-cli.py:Epoch 18/100	dev results	MRR 0.933882	H@1 0.884202	H@3 0.979294	H@5 0.988497	H@10 0.993865	H@20 0.996933	H@50 0.998466	H@100 1.000000
INFO:kbc-cli.py:Epoch 18/100	test results	MRR 0.943763	H@1 0.900908	H@3 0.985628	H@5 0.990166	H@10 0.995461	H@20 0.996974	H@50 0.999244	H@100 0.999244
INFO:kbc-cli.py:Epoch 19/100	Loss 5.9816 ± 0.1923
INFO:kbc-cli.py:Epoch 20/100	Loss 5.9739 ± 0.1974
INFO:kbc-cli.py:Epoch 21/100	Loss 5.9681 ± 0.1992
INFO:kbc-cli.py:Epoch 21/100	dev results	MRR 0.933124	H@1 0.881902	H@3 0.981595	H@5 0.989264	H@10 0.993098	H@20 0.996933	H@50 0.998466	H@100 1.000000
INFO:kbc-cli.py:Epoch 21/100	test results	MRR 0.939915	H@1 0.893343	H@3 0.985628	H@5 0.989410	H@10 0.995461	H@20 0.996974	H@50 0.999244	H@100 1.000000
INFO:kbc-cli.py:Epoch 22/100	Loss 5.9564 ± 0.1993
INFO:kbc-cli.py:Epoch 23/100	Loss 5.9513 ± 0.1859
INFO:kbc-cli.py:Epoch 24/100	Loss 5.9481 ± 0.2007
INFO:kbc-cli.py:Epoch 24/100	dev results	MRR 0.939668	H@1 0.895706	H@3 0.980828	H@5 0.990798	H@10 0.993098	H@20 0.996933	H@50 0.998466	H@100 1.000000
INFO:kbc-cli.py:Epoch 24/100	test results	MRR 0.946458	H@1 0.906203	H@3 0.985628	H@5 0.990166	H@10 0.995461	H@20 0.996974	H@50 0.999244	H@100 1.000000
INFO:kbc-cli.py:Epoch 25/100	Loss 5.9406 ± 0.1980
INFO:kbc-cli.py:Epoch 26/100	Loss 5.9311 ± 0.1942
INFO:kbc-cli.py:Epoch 27/100	Loss 5.9258 ± 0.1836
INFO:kbc-cli.py:Epoch 27/100	dev results	MRR 0.942662	H@1 0.901074	H@3 0.980828	H@5 0.989264	H@10 0.993865	H@20 0.996933	H@50 0.998466	H@100 1.000000
INFO:kbc-cli.py:Epoch 27/100	test results	MRR 0.946430	H@1 0.906959	H@3 0.985628	H@5 0.989410	H@10 0.995461	H@20 0.996974	H@50 0.999244	H@100 0.999244
INFO:kbc-cli.py:Epoch 28/100	Loss 5.9208 ± 0.1940
INFO:kbc-cli.py:Epoch 29/100	Loss 5.9171 ± 0.1714
INFO:kbc-cli.py:Epoch 30/100	Loss 5.9167 ± 0.1913
INFO:kbc-cli.py:Epoch 30/100	dev results	MRR 0.945536	H@1 0.907209	H@3 0.980061	H@5 0.990031	H@10 0.993098	H@20 0.996933	H@50 0.998466	H@100 1.000000
INFO:kbc-cli.py:Epoch 30/100	test results	MRR 0.949316	H@1 0.912254	H@3 0.984871	H@5 0.990166	H@10 0.995461	H@20 0.996974	H@50 0.999244	H@100 0.999244
INFO:kbc-cli.py:Epoch 31/100	Loss 5.9084 ± 0.1854
INFO:kbc-cli.py:Epoch 32/100	Loss 5.9029 ± 0.1773
INFO:kbc-cli.py:Epoch 33/100	Loss 5.8980 ± 0.1785
INFO:kbc-cli.py:Epoch 33/100	dev results	MRR 0.942736	H@1 0.901840	H@3 0.980061	H@5 0.988497	H@10 0.993098	H@20 0.996933	H@50 0.998466	H@100 1.000000
INFO:kbc-cli.py:Epoch 33/100	test results	MRR 0.949268	H@1 0.911498	H@3 0.987141	H@5 0.990166	H@10 0.996218	H@20 0.996974	H@50 0.999244	H@100 0.999244
INFO:kbc-cli.py:Epoch 34/100	Loss 5.8945 ± 0.1530
INFO:kbc-cli.py:Epoch 35/100	Loss 5.8936 ± 0.1639
INFO:kbc-cli.py:Epoch 36/100	Loss 5.8903 ± 0.1612
INFO:kbc-cli.py:Epoch 36/100	dev results	MRR 0.944881	H@1 0.905675	H@3 0.980061	H@5 0.989264	H@10 0.993865	H@20 0.996933	H@50 0.998466	H@100 1.000000
INFO:kbc-cli.py:Epoch 36/100	test results	MRR 0.947380	H@1 0.907716	H@3 0.987141	H@5 0.990166	H@10 0.995461	H@20 0.996974	H@50 0.999244	H@100 0.999244
INFO:kbc-cli.py:Epoch 37/100	Loss 5.8889 ± 0.1737
INFO:kbc-cli.py:Epoch 38/100	Loss 5.8800 ± 0.1787
INFO:kbc-cli.py:Epoch 39/100	Loss 5.8807 ± 0.1804
INFO:kbc-cli.py:Epoch 39/100	dev results	MRR 0.941471	H@1 0.899540	H@3 0.979294	H@5 0.990031	H@10 0.993865	H@20 0.996933	H@50 0.998466	H@100 1.000000
INFO:kbc-cli.py:Epoch 39/100	test results	MRR 0.945635	H@1 0.903933	H@3 0.987897	H@5 0.990166	H@10 0.996218	H@20 0.996974	H@50 0.999244	H@100 0.999244
INFO:kbc-cli.py:Epoch 40/100	Loss 5.8788 ± 0.1830
INFO:kbc-cli.py:Epoch 41/100	Loss 5.8738 ± 0.1668
INFO:kbc-cli.py:Epoch 42/100	Loss 5.8694 ± 0.1782
INFO:kbc-cli.py:Epoch 42/100	dev results	MRR 0.944432	H@1 0.904908	H@3 0.980061	H@5 0.988497	H@10 0.993098	H@20 0.996933	H@50 0.998466	H@100 1.000000
INFO:kbc-cli.py:Epoch 42/100	test results	MRR 0.948797	H@1 0.910741	H@3 0.985628	H@5 0.990166	H@10 0.996218	H@20 0.996974	H@50 0.999244	H@100 0.999244
INFO:kbc-cli.py:Epoch 43/100	Loss 5.8671 ± 0.1524
INFO:kbc-cli.py:Epoch 44/100	Loss 5.8643 ± 0.1807
INFO:kbc-cli.py:Epoch 45/100	Loss 5.8609 ± 0.1859
INFO:kbc-cli.py:Epoch 45/100	dev results	MRR 0.942115	H@1 0.900307	H@3 0.979294	H@5 0.990031	H@10 0.993865	H@20 0.996933	H@50 0.998466	H@100 1.000000
INFO:kbc-cli.py:Epoch 45/100	test results	MRR 0.950022	H@1 0.913011	H@3 0.985628	H@5 0.990166	H@10 0.996218	H@20 0.996974	H@50 0.999244	H@100 0.999244
INFO:kbc-cli.py:Epoch 46/100	Loss 5.8588 ± 0.1639
INFO:kbc-cli.py:Epoch 47/100	Loss 5.8594 ± 0.1747
INFO:kbc-cli.py:Epoch 48/100	Loss 5.8539 ± 0.1740
INFO:kbc-cli.py:Epoch 48/100	dev results	MRR 0.938285	H@1 0.892638	H@3 0.980061	H@5 0.989264	H@10 0.993098	H@20 0.996933	H@50 0.998466	H@100 1.000000
INFO:kbc-cli.py:Epoch 48/100	test results	MRR 0.945757	H@1 0.904690	H@3 0.986384	H@5 0.990166	H@10 0.996218	H@20 0.996974	H@50 0.999244	H@100 0.999244
INFO:kbc-cli.py:Epoch 49/100	Loss 5.8562 ± 0.1802
INFO:kbc-cli.py:Epoch 50/100	Loss 5.8492 ± 0.1399
INFO:kbc-cli.py:Epoch 51/100	Loss 5.8507 ± 0.1993
INFO:kbc-cli.py:Epoch 51/100	dev results	MRR 0.946452	H@1 0.908742	H@3 0.980061	H@5 0.988497	H@10 0.992331	H@20 0.996933	H@50 0.998466	H@100 1.000000
INFO:kbc-cli.py:Epoch 51/100	test results	MRR 0.949743	H@1 0.913011	H@3 0.985628	H@5 0.990166	H@10 0.996218	H@20 0.996974	H@50 0.999244	H@100 1.000000
INFO:kbc-cli.py:Epoch 52/100	Loss 5.8483 ± 0.1701
INFO:kbc-cli.py:Epoch 53/100	Loss 5.8433 ± 0.1733
INFO:kbc-cli.py:Epoch 54/100	Loss 5.8457 ± 0.1880
INFO:kbc-cli.py:Epoch 54/100	dev results	MRR 0.946572	H@1 0.908742	H@3 0.980061	H@5 0.988497	H@10 0.992331	H@20 0.996933	H@50 0.998466	H@100 1.000000
INFO:kbc-cli.py:Epoch 54/100	test results	MRR 0.949875	H@1 0.913011	H@3 0.985628	H@5 0.989410	H@10 0.996218	H@20 0.997731	H@50 0.999244	H@100 0.999244
INFO:kbc-cli.py:Epoch 55/100	Loss 5.8426 ± 0.1641
INFO:kbc-cli.py:Epoch 56/100	Loss 5.8400 ± 0.1515
INFO:kbc-cli.py:Epoch 57/100	Loss 5.8399 ± 0.1693
INFO:kbc-cli.py:Epoch 57/100	dev results	MRR 0.942054	H@1 0.900307	H@3 0.980061	H@5 0.988497	H@10 0.992331	H@20 0.995399	H@50 0.998466	H@100 1.000000
INFO:kbc-cli.py:Epoch 57/100	test results	MRR 0.950903	H@1 0.915280	H@3 0.985628	H@5 0.990166	H@10 0.996218	H@20 0.997731	H@50 0.999244	H@100 0.999244
INFO:kbc-cli.py:Epoch 58/100	Loss 5.8342 ± 0.1613
INFO:kbc-cli.py:Epoch 59/100	Loss 5.8325 ± 0.1747
INFO:kbc-cli.py:Epoch 60/100	Loss 5.8351 ± 0.1553
INFO:kbc-cli.py:Epoch 60/100	dev results	MRR 0.944301	H@1 0.904908	H@3 0.979294	H@5 0.988497	H@10 0.992331	H@20 0.996166	H@50 0.998466	H@100 1.000000
INFO:kbc-cli.py:Epoch 60/100	test results	MRR 0.947842	H@1 0.909228	H@3 0.985628	H@5 0.990166	H@10 0.996218	H@20 0.996974	H@50 0.999244	H@100 0.999244
INFO:kbc-cli.py:Epoch 61/100	Loss 5.8331 ± 0.1528
INFO:kbc-cli.py:Epoch 62/100	Loss 5.8323 ± 0.1890
INFO:kbc-cli.py:Epoch 63/100	Loss 5.8327 ± 0.1713
INFO:kbc-cli.py:Epoch 63/100	dev results	MRR 0.946384	H@1 0.908742	H@3 0.980061	H@5 0.987730	H@10 0.992331	H@20 0.995399	H@50 0.998466	H@100 1.000000
INFO:kbc-cli.py:Epoch 63/100	test results	MRR 0.950854	H@1 0.915280	H@3 0.985628	H@5 0.990166	H@10 0.996218	H@20 0.996974	H@50 0.999244	H@100 0.999244
INFO:kbc-cli.py:Epoch 64/100	Loss 5.8289 ± 0.1731
INFO:kbc-cli.py:Epoch 65/100	Loss 5.8253 ± 0.1471
INFO:kbc-cli.py:Epoch 66/100	Loss 5.8214 ± 0.1952
INFO:kbc-cli.py:Epoch 66/100	dev results	MRR 0.946263	H@1 0.907975	H@3 0.980061	H@5 0.989264	H@10 0.993098	H@20 0.996933	H@50 0.998466	H@100 1.000000
INFO:kbc-cli.py:Epoch 66/100	test results	MRR 0.951855	H@1 0.917549	H@3 0.985628	H@5 0.989410	H@10 0.996218	H@20 0.996974	H@50 0.999244	H@100 0.999244
INFO:kbc-cli.py:Epoch 67/100	Loss 5.8222 ± 0.1612
INFO:kbc-cli.py:Epoch 68/100	Loss 5.8249 ± 0.1831
INFO:kbc-cli.py:Epoch 69/100	Loss 5.8215 ± 0.1730
INFO:kbc-cli.py:Epoch 69/100	dev results	MRR 0.946073	H@1 0.907975	H@3 0.980061	H@5 0.987730	H@10 0.993098	H@20 0.995399	H@50 0.998466	H@100 1.000000
INFO:kbc-cli.py:Epoch 69/100	test results	MRR 0.951139	H@1 0.916036	H@3 0.984115	H@5 0.987897	H@10 0.996218	H@20 0.996974	H@50 0.999244	H@100 0.999244
INFO:kbc-cli.py:Epoch 70/100	Loss 5.8211 ± 0.1595
INFO:kbc-cli.py:Epoch 71/100	Loss 5.8216 ± 0.1705
INFO:kbc-cli.py:Epoch 72/100	Loss 5.8174 ± 0.1425
INFO:kbc-cli.py:Epoch 72/100	dev results	MRR 0.941293	H@1 0.898773	H@3 0.980061	H@5 0.987730	H@10 0.993098	H@20 0.995399	H@50 0.998466	H@100 1.000000
INFO:kbc-cli.py:Epoch 72/100	test results	MRR 0.948361	H@1 0.910741	H@3 0.984115	H@5 0.988654	H@10 0.995461	H@20 0.996974	H@50 0.999244	H@100 0.999244
INFO:kbc-cli.py:Epoch 73/100	Loss 5.8163 ± 0.1732
INFO:kbc-cli.py:Epoch 74/100	Loss 5.8162 ± 0.1567
INFO:kbc-cli.py:Epoch 75/100	Loss 5.8138 ± 0.1665
INFO:kbc-cli.py:Epoch 75/100	dev results	MRR 0.943886	H@1 0.904141	H@3 0.979294	H@5 0.987730	H@10 0.993098	H@20 0.995399	H@50 0.998466	H@100 1.000000
INFO:kbc-cli.py:Epoch 75/100	test results	MRR 0.949770	H@1 0.913767	H@3 0.985628	H@5 0.988654	H@10 0.995461	H@20 0.996974	H@50 0.998487	H@100 0.999244
INFO:kbc-cli.py:Epoch 76/100	Loss 5.8141 ± 0.1623
INFO:kbc-cli.py:Epoch 77/100	Loss 5.8113 ± 0.1615
INFO:kbc-cli.py:Epoch 78/100	Loss 5.8096 ± 0.1657
INFO:kbc-cli.py:Epoch 78/100	dev results	MRR 0.945858	H@1 0.907975	H@3 0.979294	H@5 0.988497	H@10 0.993098	H@20 0.995399	H@50 0.998466	H@100 1.000000
INFO:kbc-cli.py:Epoch 78/100	test results	MRR 0.951099	H@1 0.916036	H@3 0.984871	H@5 0.989410	H@10 0.995461	H@20 0.996974	H@50 0.999244	H@100 0.999244
INFO:kbc-cli.py:Epoch 79/100	Loss 5.8086 ± 0.1721
INFO:kbc-cli.py:Epoch 80/100	Loss 5.8072 ± 0.1557
INFO:kbc-cli.py:Epoch 81/100	Loss 5.8092 ± 0.1639
INFO:kbc-cli.py:Epoch 81/100	dev results	MRR 0.943884	H@1 0.904141	H@3 0.979294	H@5 0.987730	H@10 0.992331	H@20 0.995399	H@50 0.998466	H@100 1.000000
INFO:kbc-cli.py:Epoch 81/100	test results	MRR 0.949866	H@1 0.913767	H@3 0.984115	H@5 0.989410	H@10 0.995461	H@20 0.996974	H@50 0.999244	H@100 0.999244
INFO:kbc-cli.py:Epoch 82/100	Loss 5.8061 ± 0.1641
INFO:kbc-cli.py:Epoch 83/100	Loss 5.8055 ± 0.1534
INFO:kbc-cli.py:Epoch 84/100	Loss 5.8023 ± 0.1583
INFO:kbc-cli.py:Epoch 84/100	dev results	MRR 0.944134	H@1 0.904908	H@3 0.979294	H@5 0.987730	H@10 0.992331	H@20 0.995399	H@50 0.998466	H@100 1.000000
INFO:kbc-cli.py:Epoch 84/100	test results	MRR 0.949329	H@1 0.912254	H@3 0.984115	H@5 0.990166	H@10 0.995461	H@20 0.996974	H@50 0.999244	H@100 1.000000
INFO:kbc-cli.py:Epoch 85/100	Loss 5.8050 ± 0.1657
INFO:kbc-cli.py:Epoch 86/100	Loss 5.8044 ± 0.1649
INFO:kbc-cli.py:Epoch 87/100	Loss 5.7992 ± 0.1613
INFO:kbc-cli.py:Epoch 87/100	dev results	MRR 0.946676	H@1 0.909509	H@3 0.979294	H@5 0.987730	H@10 0.993098	H@20 0.995399	H@50 0.998466	H@100 1.000000
INFO:kbc-cli.py:Epoch 87/100	test results	MRR 0.952312	H@1 0.918306	H@3 0.984871	H@5 0.988654	H@10 0.995461	H@20 0.996974	H@50 0.998487	H@100 0.999244
INFO:kbc-cli.py:Epoch 88/100	Loss 5.8017 ± 0.1572
INFO:kbc-cli.py:Epoch 89/100	Loss 5.8007 ± 0.1616
INFO:kbc-cli.py:Epoch 90/100	Loss 5.7989 ± 0.1422
INFO:kbc-cli.py:Epoch 90/100	dev results	MRR 0.947657	H@1 0.911043	H@3 0.980061	H@5 0.987730	H@10 0.992331	H@20 0.995399	H@50 0.998466	H@100 1.000000
INFO:kbc-cli.py:Epoch 90/100	test results	MRR 0.952084	H@1 0.918306	H@3 0.983359	H@5 0.987897	H@10 0.995461	H@20 0.996974	H@50 0.999244	H@100 0.999244
INFO:kbc-cli.py:Epoch 91/100	Loss 5.7971 ± 0.1429
INFO:kbc-cli.py:Epoch 92/100	Loss 5.7981 ± 0.1592
INFO:kbc-cli.py:Epoch 93/100	Loss 5.7981 ± 0.1640
INFO:kbc-cli.py:Epoch 93/100	dev results	MRR 0.945077	H@1 0.906442	H@3 0.980061	H@5 0.987730	H@10 0.993098	H@20 0.995399	H@50 0.998466	H@100 1.000000
INFO:kbc-cli.py:Epoch 93/100	test results	MRR 0.950500	H@1 0.915280	H@3 0.984115	H@5 0.988654	H@10 0.995461	H@20 0.996974	H@50 0.999244	H@100 0.999244
INFO:kbc-cli.py:Epoch 94/100	Loss 5.7946 ± 0.1838
INFO:kbc-cli.py:Epoch 95/100	Loss 5.7961 ± 0.1658
INFO:kbc-cli.py:Epoch 96/100	Loss 5.7917 ± 0.1582
INFO:kbc-cli.py:Epoch 96/100	dev results	MRR 0.947063	H@1 0.910276	H@3 0.979294	H@5 0.987730	H@10 0.993098	H@20 0.995399	H@50 0.998466	H@100 1.000000
INFO:kbc-cli.py:Epoch 96/100	test results	MRR 0.952019	H@1 0.918306	H@3 0.984115	H@5 0.987897	H@10 0.995461	H@20 0.996974	H@50 0.999244	H@100 0.999244
INFO:kbc-cli.py:Epoch 97/100	Loss 5.7926 ± 0.1557
INFO:kbc-cli.py:Epoch 98/100	Loss 5.7902 ± 0.1599
INFO:kbc-cli.py:Epoch 99/100	Loss 5.7951 ± 0.1586
INFO:kbc-cli.py:Epoch 99/100	dev results	MRR 0.946590	H@1 0.909509	H@3 0.980061	H@5 0.987730	H@10 0.992331	H@20 0.995399	H@50 0.998466	H@100 1.000000
INFO:kbc-cli.py:Epoch 99/100	test results	MRR 0.950816	H@1 0.916036	H@3 0.982602	H@5 0.988654	H@10 0.995461	H@20 0.996974	H@50 0.998487	H@100 0.999244
INFO:kbc-cli.py:Epoch 100/100	Loss 5.7925 ± 0.1470
INFO:kbc-cli.py:Final 	dev results	MRR 0.946109	H@1 0.908742	H@3 0.980061	H@5 0.988497	H@10 0.992331	H@20 0.995399	H@50 0.998466	H@100 1.000000
INFO:kbc-cli.py:Final 	test results	MRR 0.951015	H@1 0.916793	H@3 0.983359	H@5 0.988654	H@10 0.995461	H@20 0.996974	H@50 0.999244	H@100 0.999244
INFO:kbc-cli.py:Training finished
