./bin/kbc-cli.py --train data/umls/train.tsv --dev data/umls/dev.tsv --test data/umls/test.tsv -m complex -k 500 -b 100 -e 100 --F2 0 --N3 0.05 -l 0.1 -I reciprocal -V 3 -o adagrad -c so -q
{'F2': 0.0,
 'N3': 0.05,
 'batch_size': 100,
 'corruption': 'so',
 'dev': 'data/umls/dev.tsv',
 'embedding_size': 500,
 'epochs': 100,
 'eval_batch_size': None,
 'input_type': 'reciprocal',
 'learning_rate': 0.1,
 'load': None,
 'model': 'complex',
 'optimizer': 'adagrad',
 'quiet': True,
 'save': None,
 'seed': 0,
 'test': 'data/umls/test.tsv',
 'test_i': None,
 'test_ii': None,
 'train': 'data/umls/train.tsv',
 'validate_every': 3}
INFO:kbc-cli.py:Device: cuda
INFO:kbc-cli.py:Model state:
INFO:kbc-cli.py:	entities.weight	torch.Size([135, 1000])
INFO:kbc-cli.py:	predicates.weight	torch.Size([92, 1000])
INFO:kbc-cli.py:Epoch 1/100	Loss 8.3175 ± 1.0213
INFO:kbc-cli.py:Epoch 2/100	Loss 7.1797 ± 0.1265
INFO:kbc-cli.py:Epoch 3/100	Loss 7.0468 ± 0.1296
INFO:kbc-cli.py:Epoch 3/100	dev results	MRR 0.884649	H@1 0.791411	H@3 0.972393	H@5 0.984663	H@10 0.995399	H@20 0.998466	H@50 1.000000	H@100 1.000000
INFO:kbc-cli.py:Epoch 3/100	test results	MRR 0.875348	H@1 0.771558	H@3 0.978064	H@5 0.985628	H@10 0.994705	H@20 0.996218	H@50 0.997731	H@100 1.000000
INFO:kbc-cli.py:Epoch 4/100	Loss 6.9959 ± 0.1297
INFO:kbc-cli.py:Epoch 5/100	Loss 6.9611 ± 0.1194
INFO:kbc-cli.py:Epoch 6/100	Loss 6.9350 ± 0.1197
INFO:kbc-cli.py:Epoch 6/100	dev results	MRR 0.908659	H@1 0.835123	H@3 0.978528	H@5 0.984663	H@10 0.990798	H@20 0.998466	H@50 1.000000	H@100 1.000000
INFO:kbc-cli.py:Epoch 6/100	test results	MRR 0.904122	H@1 0.821483	H@3 0.986384	H@5 0.991679	H@10 0.994705	H@20 0.996218	H@50 0.998487	H@100 1.000000
INFO:kbc-cli.py:Epoch 7/100	Loss 6.9187 ± 0.1323
INFO:kbc-cli.py:Epoch 8/100	Loss 6.9044 ± 0.1269
INFO:kbc-cli.py:Epoch 9/100	Loss 6.8968 ± 0.1374
INFO:kbc-cli.py:Epoch 9/100	dev results	MRR 0.916778	H@1 0.851227	H@3 0.977761	H@5 0.987730	H@10 0.994632	H@20 0.998466	H@50 1.000000	H@100 1.000000
INFO:kbc-cli.py:Epoch 9/100	test results	MRR 0.906166	H@1 0.827534	H@3 0.984115	H@5 0.990923	H@10 0.996218	H@20 0.996218	H@50 0.999244	H@100 1.000000
INFO:kbc-cli.py:Epoch 10/100	Loss 6.8834 ± 0.1254
INFO:kbc-cli.py:Epoch 11/100	Loss 6.8737 ± 0.1219
INFO:kbc-cli.py:Epoch 12/100	Loss 6.8669 ± 0.1254
INFO:kbc-cli.py:Epoch 12/100	dev results	MRR 0.917030	H@1 0.851994	H@3 0.978528	H@5 0.986963	H@10 0.993865	H@20 0.998466	H@50 1.000000	H@100 1.000000
INFO:kbc-cli.py:Epoch 12/100	test results	MRR 0.918877	H@1 0.852496	H@3 0.984871	H@5 0.990166	H@10 0.996218	H@20 0.996974	H@50 0.999244	H@100 1.000000
INFO:kbc-cli.py:Epoch 13/100	Loss 6.8613 ± 0.1066
INFO:kbc-cli.py:Epoch 14/100	Loss 6.8572 ± 0.1264
INFO:kbc-cli.py:Epoch 15/100	Loss 6.8505 ± 0.1083
INFO:kbc-cli.py:Epoch 15/100	dev results	MRR 0.917547	H@1 0.852761	H@3 0.978528	H@5 0.985429	H@10 0.994632	H@20 0.998466	H@50 1.000000	H@100 1.000000
INFO:kbc-cli.py:Epoch 15/100	test results	MRR 0.914638	H@1 0.841150	H@3 0.987897	H@5 0.992436	H@10 0.996218	H@20 0.997731	H@50 0.999244	H@100 1.000000
INFO:kbc-cli.py:Epoch 16/100	Loss 6.8437 ± 0.1180
INFO:kbc-cli.py:Epoch 17/100	Loss 6.8446 ± 0.1172
INFO:kbc-cli.py:Epoch 18/100	Loss 6.8381 ± 0.1099
INFO:kbc-cli.py:Epoch 18/100	dev results	MRR 0.930411	H@1 0.878067	H@3 0.976994	H@5 0.988497	H@10 0.995399	H@20 0.999233	H@50 1.000000	H@100 1.000000
INFO:kbc-cli.py:Epoch 18/100	test results	MRR 0.931556	H@1 0.875946	H@3 0.985628	H@5 0.993192	H@10 0.996974	H@20 0.997731	H@50 0.999244	H@100 1.000000
INFO:kbc-cli.py:Epoch 19/100	Loss 6.8350 ± 0.1198
INFO:kbc-cli.py:Epoch 20/100	Loss 6.8331 ± 0.1176
INFO:kbc-cli.py:Epoch 21/100	Loss 6.8312 ± 0.1179
INFO:kbc-cli.py:Epoch 21/100	dev results	MRR 0.922285	H@1 0.862730	H@3 0.978528	H@5 0.986963	H@10 0.993865	H@20 0.998466	H@50 1.000000	H@100 1.000000
INFO:kbc-cli.py:Epoch 21/100	test results	MRR 0.924302	H@1 0.862330	H@3 0.985628	H@5 0.993192	H@10 0.996218	H@20 0.997731	H@50 0.999244	H@100 1.000000
INFO:kbc-cli.py:Epoch 22/100	Loss 6.8244 ± 0.1348
INFO:kbc-cli.py:Epoch 23/100	Loss 6.8235 ± 0.1282
INFO:kbc-cli.py:Epoch 24/100	Loss 6.8232 ± 0.1220
INFO:kbc-cli.py:Epoch 24/100	dev results	MRR 0.926118	H@1 0.869632	H@3 0.980061	H@5 0.986963	H@10 0.993865	H@20 0.998466	H@50 1.000000	H@100 1.000000
INFO:kbc-cli.py:Epoch 24/100	test results	MRR 0.925772	H@1 0.864599	H@3 0.988654	H@5 0.992436	H@10 0.997731	H@20 0.997731	H@50 0.999244	H@100 1.000000
INFO:kbc-cli.py:Epoch 25/100	Loss 6.8189 ± 0.1225
INFO:kbc-cli.py:Epoch 26/100	Loss 6.8169 ± 0.1207
INFO:kbc-cli.py:Epoch 27/100	Loss 6.8157 ± 0.1238
INFO:kbc-cli.py:Epoch 27/100	dev results	MRR 0.934683	H@1 0.885736	H@3 0.980061	H@5 0.987730	H@10 0.994632	H@20 0.998466	H@50 1.000000	H@100 1.000000
INFO:kbc-cli.py:Epoch 27/100	test results	MRR 0.933614	H@1 0.879728	H@3 0.985628	H@5 0.992436	H@10 0.997731	H@20 0.997731	H@50 0.999244	H@100 1.000000
INFO:kbc-cli.py:Epoch 28/100	Loss 6.8113 ± 0.1146
INFO:kbc-cli.py:Epoch 29/100	Loss 6.8113 ± 0.1256
INFO:kbc-cli.py:Epoch 30/100	Loss 6.8106 ± 0.1254
INFO:kbc-cli.py:Epoch 30/100	dev results	MRR 0.932313	H@1 0.881902	H@3 0.978528	H@5 0.988497	H@10 0.993098	H@20 0.998466	H@50 1.000000	H@100 1.000000
INFO:kbc-cli.py:Epoch 30/100	test results	MRR 0.932650	H@1 0.877458	H@3 0.987897	H@5 0.992436	H@10 0.996974	H@20 0.997731	H@50 0.999244	H@100 1.000000
INFO:kbc-cli.py:Epoch 31/100	Loss 6.8081 ± 0.1141
INFO:kbc-cli.py:Epoch 32/100	Loss 6.8056 ± 0.1114
INFO:kbc-cli.py:Epoch 33/100	Loss 6.8034 ± 0.1226
INFO:kbc-cli.py:Epoch 33/100	dev results	MRR 0.931300	H@1 0.880368	H@3 0.978528	H@5 0.986196	H@10 0.993098	H@20 0.998466	H@50 1.000000	H@100 1.000000
INFO:kbc-cli.py:Epoch 33/100	test results	MRR 0.933743	H@1 0.878971	H@3 0.988654	H@5 0.992436	H@10 0.997731	H@20 0.997731	H@50 0.999244	H@100 1.000000
INFO:kbc-cli.py:Epoch 34/100	Loss 6.8016 ± 0.1025
INFO:kbc-cli.py:Epoch 35/100	Loss 6.8019 ± 0.1244
INFO:kbc-cli.py:Epoch 36/100	Loss 6.8007 ± 0.1056
INFO:kbc-cli.py:Epoch 36/100	dev results	MRR 0.938895	H@1 0.895706	H@3 0.977761	H@5 0.986963	H@10 0.993098	H@20 0.997699	H@50 1.000000	H@100 1.000000
INFO:kbc-cli.py:Epoch 36/100	test results	MRR 0.936636	H@1 0.885779	H@3 0.988654	H@5 0.992436	H@10 0.997731	H@20 0.997731	H@50 0.999244	H@100 1.000000
INFO:kbc-cli.py:Epoch 37/100	Loss 6.8003 ± 0.1219
INFO:kbc-cli.py:Epoch 38/100	Loss 6.7951 ± 0.1170
INFO:kbc-cli.py:Epoch 39/100	Loss 6.7973 ± 0.1183
INFO:kbc-cli.py:Epoch 39/100	dev results	MRR 0.935736	H@1 0.890337	H@3 0.978528	H@5 0.986963	H@10 0.993865	H@20 0.997699	H@50 1.000000	H@100 1.000000
INFO:kbc-cli.py:Epoch 39/100	test results	MRR 0.933463	H@1 0.879728	H@3 0.987141	H@5 0.992436	H@10 0.997731	H@20 0.997731	H@50 0.999244	H@100 1.000000
INFO:kbc-cli.py:Epoch 40/100	Loss 6.7968 ± 0.1208
INFO:kbc-cli.py:Epoch 41/100	Loss 6.7935 ± 0.1105
INFO:kbc-cli.py:Epoch 42/100	Loss 6.7927 ± 0.1128
INFO:kbc-cli.py:Epoch 42/100	dev results	MRR 0.937870	H@1 0.893405	H@3 0.980061	H@5 0.987730	H@10 0.993865	H@20 0.996933	H@50 1.000000	H@100 1.000000
INFO:kbc-cli.py:Epoch 42/100	test results	MRR 0.937797	H@1 0.887292	H@3 0.987897	H@5 0.992436	H@10 0.997731	H@20 0.997731	H@50 0.999244	H@100 1.000000
INFO:kbc-cli.py:Epoch 43/100	Loss 6.7910 ± 0.1027
INFO:kbc-cli.py:Epoch 44/100	Loss 6.7891 ± 0.1110
INFO:kbc-cli.py:Epoch 45/100	Loss 6.7884 ± 0.1121
INFO:kbc-cli.py:Epoch 45/100	dev results	MRR 0.936544	H@1 0.889571	H@3 0.980061	H@5 0.988497	H@10 0.994632	H@20 0.997699	H@50 1.000000	H@100 1.000000
INFO:kbc-cli.py:Epoch 45/100	test results	MRR 0.935664	H@1 0.883510	H@3 0.986384	H@5 0.992436	H@10 0.997731	H@20 0.997731	H@50 0.999244	H@100 1.000000
INFO:kbc-cli.py:Epoch 46/100	Loss 6.7885 ± 0.1140
INFO:kbc-cli.py:Epoch 47/100	Loss 6.7924 ± 0.1342
INFO:kbc-cli.py:Epoch 48/100	Loss 6.7855 ± 0.1198
INFO:kbc-cli.py:Epoch 48/100	dev results	MRR 0.934230	H@1 0.885736	H@3 0.979294	H@5 0.987730	H@10 0.993098	H@20 0.996933	H@50 1.000000	H@100 1.000000
INFO:kbc-cli.py:Epoch 48/100	test results	MRR 0.938566	H@1 0.888805	H@3 0.987897	H@5 0.992436	H@10 0.997731	H@20 0.997731	H@50 0.999244	H@100 1.000000
INFO:kbc-cli.py:Epoch 49/100	Loss 6.7879 ± 0.1104
INFO:kbc-cli.py:Epoch 50/100	Loss 6.7835 ± 0.1019
INFO:kbc-cli.py:Epoch 51/100	Loss 6.7850 ± 0.1322
INFO:kbc-cli.py:Epoch 51/100	dev results	MRR 0.936313	H@1 0.891104	H@3 0.978528	H@5 0.987730	H@10 0.993098	H@20 0.996933	H@50 1.000000	H@100 1.000000
INFO:kbc-cli.py:Epoch 51/100	test results	MRR 0.937209	H@1 0.887292	H@3 0.986384	H@5 0.992436	H@10 0.997731	H@20 0.997731	H@50 0.999244	H@100 1.000000
INFO:kbc-cli.py:Epoch 52/100	Loss 6.7823 ± 0.1112
INFO:kbc-cli.py:Epoch 53/100	Loss 6.7819 ± 0.1209
INFO:kbc-cli.py:Epoch 54/100	Loss 6.7827 ± 0.1267
INFO:kbc-cli.py:Epoch 54/100	dev results	MRR 0.936315	H@1 0.890337	H@3 0.979294	H@5 0.987730	H@10 0.993098	H@20 0.996933	H@50 1.000000	H@100 1.000000
INFO:kbc-cli.py:Epoch 54/100	test results	MRR 0.940106	H@1 0.892587	H@3 0.987897	H@5 0.992436	H@10 0.997731	H@20 0.997731	H@50 0.999244	H@100 1.000000
INFO:kbc-cli.py:Epoch 55/100	Loss 6.7817 ± 0.1179
INFO:kbc-cli.py:Epoch 56/100	Loss 6.7806 ± 0.1124
INFO:kbc-cli.py:Epoch 57/100	Loss 6.7802 ± 0.1131
INFO:kbc-cli.py:Epoch 57/100	dev results	MRR 0.938079	H@1 0.894172	H@3 0.978528	H@5 0.987730	H@10 0.993098	H@20 0.997699	H@50 1.000000	H@100 1.000000
INFO:kbc-cli.py:Epoch 57/100	test results	MRR 0.939223	H@1 0.890318	H@3 0.987897	H@5 0.992436	H@10 0.997731	H@20 0.997731	H@50 0.999244	H@100 1.000000
INFO:kbc-cli.py:Epoch 58/100	Loss 6.7776 ± 0.1071
INFO:kbc-cli.py:Epoch 59/100	Loss 6.7778 ± 0.1193
INFO:kbc-cli.py:Epoch 60/100	Loss 6.7780 ± 0.1048
INFO:kbc-cli.py:Epoch 60/100	dev results	MRR 0.939617	H@1 0.897239	H@3 0.979294	H@5 0.986963	H@10 0.993098	H@20 0.996933	H@50 1.000000	H@100 1.000000
INFO:kbc-cli.py:Epoch 60/100	test results	MRR 0.938292	H@1 0.888805	H@3 0.988654	H@5 0.993192	H@10 0.997731	H@20 0.997731	H@50 0.999244	H@100 1.000000
INFO:kbc-cli.py:Epoch 61/100	Loss 6.7782 ± 0.1155
INFO:kbc-cli.py:Epoch 62/100	Loss 6.7766 ± 0.1165
INFO:kbc-cli.py:Epoch 63/100	Loss 6.7774 ± 0.1207
INFO:kbc-cli.py:Epoch 63/100	dev results	MRR 0.936257	H@1 0.891104	H@3 0.978528	H@5 0.987730	H@10 0.993098	H@20 0.996933	H@50 1.000000	H@100 1.000000
INFO:kbc-cli.py:Epoch 63/100	test results	MRR 0.938268	H@1 0.888805	H@3 0.987141	H@5 0.992436	H@10 0.997731	H@20 0.997731	H@50 0.999244	H@100 1.000000
INFO:kbc-cli.py:Epoch 64/100	Loss 6.7762 ± 0.1178
INFO:kbc-cli.py:Epoch 65/100	Loss 6.7749 ± 0.1069
INFO:kbc-cli.py:Epoch 66/100	Loss 6.7736 ± 0.1278
INFO:kbc-cli.py:Epoch 66/100	dev results	MRR 0.942254	H@1 0.901074	H@3 0.980061	H@5 0.987730	H@10 0.993865	H@20 0.996933	H@50 1.000000	H@100 1.000000
INFO:kbc-cli.py:Epoch 66/100	test results	MRR 0.940296	H@1 0.892587	H@3 0.987141	H@5 0.992436	H@10 0.997731	H@20 0.997731	H@50 0.999244	H@100 1.000000
INFO:kbc-cli.py:Epoch 67/100	Loss 6.7720 ± 0.1072
INFO:kbc-cli.py:Epoch 68/100	Loss 6.7743 ± 0.1309
INFO:kbc-cli.py:Epoch 69/100	Loss 6.7720 ± 0.1044
INFO:kbc-cli.py:Epoch 69/100	dev results	MRR 0.939280	H@1 0.896472	H@3 0.978528	H@5 0.987730	H@10 0.993865	H@20 0.996933	H@50 1.000000	H@100 1.000000
INFO:kbc-cli.py:Epoch 69/100	test results	MRR 0.940664	H@1 0.894100	H@3 0.987141	H@5 0.992436	H@10 0.997731	H@20 0.997731	H@50 0.999244	H@100 1.000000
INFO:kbc-cli.py:Epoch 70/100	Loss 6.7722 ± 0.1040
INFO:kbc-cli.py:Epoch 71/100	Loss 6.7726 ± 0.1254
INFO:kbc-cli.py:Epoch 72/100	Loss 6.7709 ± 0.0942
INFO:kbc-cli.py:Epoch 72/100	dev results	MRR 0.939782	H@1 0.897239	H@3 0.978528	H@5 0.988497	H@10 0.993865	H@20 0.996933	H@50 1.000000	H@100 1.000000
INFO:kbc-cli.py:Epoch 72/100	test results	MRR 0.939079	H@1 0.891074	H@3 0.987897	H@5 0.992436	H@10 0.997731	H@20 0.997731	H@50 0.999244	H@100 1.000000
INFO:kbc-cli.py:Epoch 73/100	Loss 6.7700 ± 0.1208
INFO:kbc-cli.py:Epoch 74/100	Loss 6.7707 ± 0.1031
INFO:kbc-cli.py:Epoch 75/100	Loss 6.7694 ± 0.1116
INFO:kbc-cli.py:Epoch 75/100	dev results	MRR 0.938581	H@1 0.894172	H@3 0.979294	H@5 0.987730	H@10 0.993098	H@20 0.996933	H@50 1.000000	H@100 1.000000
INFO:kbc-cli.py:Epoch 75/100	test results	MRR 0.941109	H@1 0.894856	H@3 0.987897	H@5 0.992436	H@10 0.997731	H@20 0.997731	H@50 0.999244	H@100 1.000000
INFO:kbc-cli.py:Epoch 76/100	Loss 6.7691 ± 0.1091
INFO:kbc-cli.py:Epoch 77/100	Loss 6.7671 ± 0.1228
INFO:kbc-cli.py:Epoch 78/100	Loss 6.7668 ± 0.1213
INFO:kbc-cli.py:Epoch 78/100	dev results	MRR 0.943056	H@1 0.903374	H@3 0.978528	H@5 0.987730	H@10 0.993098	H@20 0.996933	H@50 1.000000	H@100 1.000000
INFO:kbc-cli.py:Epoch 78/100	test results	MRR 0.941045	H@1 0.894100	H@3 0.988654	H@5 0.992436	H@10 0.997731	H@20 0.997731	H@50 0.999244	H@100 1.000000
INFO:kbc-cli.py:Epoch 79/100	Loss 6.7668 ± 0.1261
INFO:kbc-cli.py:Epoch 80/100	Loss 6.7668 ± 0.1149
INFO:kbc-cli.py:Epoch 81/100	Loss 6.7660 ± 0.1150
INFO:kbc-cli.py:Epoch 81/100	dev results	MRR 0.939734	H@1 0.896472	H@3 0.980061	H@5 0.988497	H@10 0.993098	H@20 0.996933	H@50 1.000000	H@100 1.000000
INFO:kbc-cli.py:Epoch 81/100	test results	MRR 0.941045	H@1 0.894100	H@3 0.988654	H@5 0.992436	H@10 0.997731	H@20 0.997731	H@50 0.999244	H@100 1.000000
INFO:kbc-cli.py:Epoch 82/100	Loss 6.7653 ± 0.1134
INFO:kbc-cli.py:Epoch 83/100	Loss 6.7647 ± 0.1115
INFO:kbc-cli.py:Epoch 84/100	Loss 6.7635 ± 0.1078
INFO:kbc-cli.py:Epoch 84/100	dev results	MRR 0.939842	H@1 0.896472	H@3 0.980828	H@5 0.989264	H@10 0.993865	H@20 0.996933	H@50 1.000000	H@100 1.000000
INFO:kbc-cli.py:Epoch 84/100	test results	MRR 0.941377	H@1 0.895613	H@3 0.986384	H@5 0.992436	H@10 0.997731	H@20 0.997731	H@50 0.999244	H@100 1.000000
INFO:kbc-cli.py:Epoch 85/100	Loss 6.7649 ± 0.1181
INFO:kbc-cli.py:Epoch 86/100	Loss 6.7660 ± 0.1161
INFO:kbc-cli.py:Epoch 87/100	Loss 6.7620 ± 0.1144
INFO:kbc-cli.py:Epoch 87/100	dev results	MRR 0.942142	H@1 0.901074	H@3 0.980061	H@5 0.987730	H@10 0.993098	H@20 0.996933	H@50 1.000000	H@100 1.000000
INFO:kbc-cli.py:Epoch 87/100	test results	MRR 0.943455	H@1 0.899395	H@3 0.987141	H@5 0.992436	H@10 0.997731	H@20 0.997731	H@50 0.999244	H@100 1.000000
INFO:kbc-cli.py:Epoch 88/100	Loss 6.7636 ± 0.1115
INFO:kbc-cli.py:Epoch 89/100	Loss 6.7643 ± 0.1100
INFO:kbc-cli.py:Epoch 90/100	Loss 6.7628 ± 0.1105
INFO:kbc-cli.py:Epoch 90/100	dev results	MRR 0.941263	H@1 0.900307	H@3 0.980061	H@5 0.988497	H@10 0.993098	H@20 0.996933	H@50 1.000000	H@100 1.000000
INFO:kbc-cli.py:Epoch 90/100	test results	MRR 0.941939	H@1 0.896369	H@3 0.987141	H@5 0.992436	H@10 0.997731	H@20 0.997731	H@50 0.999244	H@100 1.000000
INFO:kbc-cli.py:Epoch 91/100	Loss 6.7627 ± 0.1061
INFO:kbc-cli.py:Epoch 92/100	Loss 6.7615 ± 0.1117
INFO:kbc-cli.py:Epoch 93/100	Loss 6.7619 ± 0.1050
INFO:kbc-cli.py:Epoch 93/100	dev results	MRR 0.941968	H@1 0.900307	H@3 0.980828	H@5 0.988497	H@10 0.993098	H@20 0.996933	H@50 1.000000	H@100 1.000000
INFO:kbc-cli.py:Epoch 93/100	test results	MRR 0.941387	H@1 0.894856	H@3 0.986384	H@5 0.993192	H@10 0.997731	H@20 0.997731	H@50 0.999244	H@100 1.000000
INFO:kbc-cli.py:Epoch 94/100	Loss 6.7616 ± 0.1276
INFO:kbc-cli.py:Epoch 95/100	Loss 6.7617 ± 0.1069
INFO:kbc-cli.py:Epoch 96/100	Loss 6.7608 ± 0.1104
INFO:kbc-cli.py:Epoch 96/100	dev results	MRR 0.943300	H@1 0.903374	H@3 0.980828	H@5 0.988497	H@10 0.993098	H@20 0.996933	H@50 1.000000	H@100 1.000000
INFO:kbc-cli.py:Epoch 96/100	test results	MRR 0.942652	H@1 0.897882	H@3 0.986384	H@5 0.992436	H@10 0.997731	H@20 0.997731	H@50 0.999244	H@100 1.000000
INFO:kbc-cli.py:Epoch 97/100	Loss 6.7595 ± 0.1027
INFO:kbc-cli.py:Epoch 98/100	Loss 6.7585 ± 0.1209
INFO:kbc-cli.py:Epoch 99/100	Loss 6.7614 ± 0.0984
INFO:kbc-cli.py:Epoch 99/100	dev results	MRR 0.943898	H@1 0.904908	H@3 0.980061	H@5 0.987730	H@10 0.993098	H@20 0.996933	H@50 1.000000	H@100 1.000000
INFO:kbc-cli.py:Epoch 99/100	test results	MRR 0.943264	H@1 0.899395	H@3 0.986384	H@5 0.992436	H@10 0.997731	H@20 0.997731	H@50 0.999244	H@100 1.000000
INFO:kbc-cli.py:Epoch 100/100	Loss 6.7595 ± 0.1181
INFO:kbc-cli.py:Final 	dev results	MRR 0.942648	H@1 0.901840	H@3 0.980828	H@5 0.989264	H@10 0.993098	H@20 0.996933	H@50 1.000000	H@100 1.000000
INFO:kbc-cli.py:Final 	test results	MRR 0.941985	H@1 0.896369	H@3 0.987897	H@5 0.992436	H@10 0.997731	H@20 0.997731	H@50 0.999244	H@100 1.000000
INFO:kbc-cli.py:Training finished
