./bin/kbc-cli.py --train data/umls/train.tsv --dev data/umls/dev.tsv --test data/umls/test.tsv -m complex -k 1000 -b 100 -e 100 --F2 0 --N3 0.05 -l 0.1 -I reciprocal -V 3 -o adagrad -c so -q
{'F2': 0.0,
 'N3': 0.05,
 'batch_size': 100,
 'corruption': 'so',
 'dev': 'data/umls/dev.tsv',
 'embedding_size': 1000,
 'epochs': 100,
 'eval_batch_size': None,
 'input_type': 'reciprocal',
 'learning_rate': 0.1,
 'load': None,
 'model': 'complex',
 'optimizer': 'adagrad',
 'quiet': True,
 'save': None,
 'seed': 0,
 'test': 'data/umls/test.tsv',
 'test_i': None,
 'test_ii': None,
 'train': 'data/umls/train.tsv',
 'validate_every': 3}
INFO:kbc-cli.py:Device: cuda
INFO:kbc-cli.py:Model state:
INFO:kbc-cli.py:	entities.weight	torch.Size([135, 2000])
INFO:kbc-cli.py:	predicates.weight	torch.Size([92, 2000])
INFO:kbc-cli.py:Epoch 1/100	Loss 8.4367 ± 1.1577
INFO:kbc-cli.py:Epoch 2/100	Loss 7.2005 ± 0.1278
INFO:kbc-cli.py:Epoch 3/100	Loss 7.0614 ± 0.1305
INFO:kbc-cli.py:Epoch 3/100	dev results	MRR 0.883799	H@1 0.787577	H@3 0.975460	H@5 0.986196	H@10 0.993865	H@20 0.999233	H@50 1.000000	H@100 1.000000
INFO:kbc-cli.py:Epoch 3/100	test results	MRR 0.877957	H@1 0.775340	H@3 0.979576	H@5 0.987897	H@10 0.995461	H@20 0.997731	H@50 0.999244	H@100 1.000000
INFO:kbc-cli.py:Epoch 4/100	Loss 7.0086 ± 0.1307
INFO:kbc-cli.py:Epoch 5/100	Loss 6.9727 ± 0.1209
INFO:kbc-cli.py:Epoch 6/100	Loss 6.9450 ± 0.1202
INFO:kbc-cli.py:Epoch 6/100	dev results	MRR 0.903193	H@1 0.825920	H@3 0.975460	H@5 0.984663	H@10 0.993865	H@20 0.998466	H@50 1.000000	H@100 1.000000
INFO:kbc-cli.py:Epoch 6/100	test results	MRR 0.901170	H@1 0.814675	H@3 0.985628	H@5 0.991679	H@10 0.996218	H@20 0.997731	H@50 0.999244	H@100 1.000000
INFO:kbc-cli.py:Epoch 7/100	Loss 6.9282 ± 0.1344
INFO:kbc-cli.py:Epoch 8/100	Loss 6.9128 ± 0.1265
INFO:kbc-cli.py:Epoch 9/100	Loss 6.9048 ± 0.1374
INFO:kbc-cli.py:Epoch 9/100	dev results	MRR 0.911218	H@1 0.838957	H@3 0.980061	H@5 0.988497	H@10 0.995399	H@20 0.998466	H@50 1.000000	H@100 1.000000
INFO:kbc-cli.py:Epoch 9/100	test results	MRR 0.904601	H@1 0.825265	H@3 0.981846	H@5 0.991679	H@10 0.996218	H@20 0.997731	H@50 0.999244	H@100 1.000000
INFO:kbc-cli.py:Epoch 10/100	Loss 6.8906 ± 0.1279
INFO:kbc-cli.py:Epoch 11/100	Loss 6.8810 ± 0.1233
INFO:kbc-cli.py:Epoch 12/100	Loss 6.8736 ± 0.1275
INFO:kbc-cli.py:Epoch 12/100	dev results	MRR 0.919435	H@1 0.856595	H@3 0.976994	H@5 0.987730	H@10 0.993865	H@20 0.999233	H@50 1.000000	H@100 1.000000
INFO:kbc-cli.py:Epoch 12/100	test results	MRR 0.921453	H@1 0.857035	H@3 0.984871	H@5 0.990166	H@10 0.996974	H@20 0.997731	H@50 0.999244	H@100 1.000000
INFO:kbc-cli.py:Epoch 13/100	Loss 6.8679 ± 0.1088
INFO:kbc-cli.py:Epoch 14/100	Loss 6.8635 ± 0.1271
INFO:kbc-cli.py:Epoch 15/100	Loss 6.8562 ± 0.1101
INFO:kbc-cli.py:Epoch 15/100	dev results	MRR 0.916308	H@1 0.850460	H@3 0.979294	H@5 0.986196	H@10 0.994632	H@20 0.999233	H@50 1.000000	H@100 1.000000
INFO:kbc-cli.py:Epoch 15/100	test results	MRR 0.917171	H@1 0.846445	H@3 0.986384	H@5 0.992436	H@10 0.996974	H@20 0.998487	H@50 0.999244	H@100 1.000000
INFO:kbc-cli.py:Epoch 16/100	Loss 6.8489 ± 0.1202
INFO:kbc-cli.py:Epoch 17/100	Loss 6.8500 ± 0.1178
INFO:kbc-cli.py:Epoch 18/100	Loss 6.8431 ± 0.1111
INFO:kbc-cli.py:Epoch 18/100	dev results	MRR 0.928863	H@1 0.875000	H@3 0.979294	H@5 0.987730	H@10 0.993865	H@20 0.999233	H@50 1.000000	H@100 1.000000
INFO:kbc-cli.py:Epoch 18/100	test results	MRR 0.928299	H@1 0.869138	H@3 0.984115	H@5 0.992436	H@10 0.996974	H@20 0.998487	H@50 0.999244	H@100 1.000000
INFO:kbc-cli.py:Epoch 19/100	Loss 6.8398 ± 0.1210
INFO:kbc-cli.py:Epoch 20/100	Loss 6.8376 ± 0.1197
INFO:kbc-cli.py:Epoch 21/100	Loss 6.8356 ± 0.1172
INFO:kbc-cli.py:Epoch 21/100	dev results	MRR 0.920925	H@1 0.858896	H@3 0.979294	H@5 0.988497	H@10 0.993865	H@20 0.999233	H@50 1.000000	H@100 1.000000
INFO:kbc-cli.py:Epoch 21/100	test results	MRR 0.922734	H@1 0.859304	H@3 0.983359	H@5 0.993192	H@10 0.996974	H@20 0.998487	H@50 0.999244	H@100 1.000000
INFO:kbc-cli.py:Epoch 22/100	Loss 6.8286 ± 0.1352
INFO:kbc-cli.py:Epoch 23/100	Loss 6.8275 ± 0.1285
INFO:kbc-cli.py:Epoch 24/100	Loss 6.8270 ± 0.1213
INFO:kbc-cli.py:Epoch 24/100	dev results	MRR 0.925782	H@1 0.868098	H@3 0.980828	H@5 0.987730	H@10 0.993865	H@20 0.999233	H@50 1.000000	H@100 1.000000
INFO:kbc-cli.py:Epoch 24/100	test results	MRR 0.924000	H@1 0.860817	H@3 0.987897	H@5 0.993192	H@10 0.996974	H@20 0.998487	H@50 0.999244	H@100 1.000000
INFO:kbc-cli.py:Epoch 25/100	Loss 6.8229 ± 0.1231
INFO:kbc-cli.py:Epoch 26/100	Loss 6.8205 ± 0.1220
INFO:kbc-cli.py:Epoch 27/100	Loss 6.8194 ± 0.1243
INFO:kbc-cli.py:Epoch 27/100	dev results	MRR 0.931830	H@1 0.880368	H@3 0.979294	H@5 0.988497	H@10 0.993865	H@20 0.999233	H@50 1.000000	H@100 1.000000
INFO:kbc-cli.py:Epoch 27/100	test results	MRR 0.934144	H@1 0.880484	H@3 0.987141	H@5 0.993192	H@10 0.996974	H@20 0.998487	H@50 0.999244	H@100 1.000000
INFO:kbc-cli.py:Epoch 28/100	Loss 6.8146 ± 0.1165
INFO:kbc-cli.py:Epoch 29/100	Loss 6.8146 ± 0.1256
INFO:kbc-cli.py:Epoch 30/100	Loss 6.8137 ± 0.1262
INFO:kbc-cli.py:Epoch 30/100	dev results	MRR 0.933261	H@1 0.883436	H@3 0.979294	H@5 0.987730	H@10 0.993098	H@20 0.999233	H@50 1.000000	H@100 1.000000
INFO:kbc-cli.py:Epoch 30/100	test results	MRR 0.934155	H@1 0.880484	H@3 0.985628	H@5 0.993949	H@10 0.996974	H@20 0.998487	H@50 0.999244	H@100 1.000000
INFO:kbc-cli.py:Epoch 31/100	Loss 6.8111 ± 0.1138
INFO:kbc-cli.py:Epoch 32/100	Loss 6.8084 ± 0.1118
INFO:kbc-cli.py:Epoch 33/100	Loss 6.8060 ± 0.1229
INFO:kbc-cli.py:Epoch 33/100	dev results	MRR 0.932599	H@1 0.882669	H@3 0.978528	H@5 0.988497	H@10 0.993098	H@20 0.999233	H@50 1.000000	H@100 1.000000
INFO:kbc-cli.py:Epoch 33/100	test results	MRR 0.935179	H@1 0.881241	H@3 0.988654	H@5 0.992436	H@10 0.996974	H@20 0.998487	H@50 0.999244	H@100 1.000000
INFO:kbc-cli.py:Epoch 34/100	Loss 6.8041 ± 0.1037
INFO:kbc-cli.py:Epoch 35/100	Loss 6.8046 ± 0.1244
INFO:kbc-cli.py:Epoch 36/100	Loss 6.8032 ± 0.1076
INFO:kbc-cli.py:Epoch 36/100	dev results	MRR 0.939053	H@1 0.894939	H@3 0.977761	H@5 0.989264	H@10 0.993865	H@20 0.999233	H@50 1.000000	H@100 1.000000
INFO:kbc-cli.py:Epoch 36/100	test results	MRR 0.935038	H@1 0.881241	H@3 0.988654	H@5 0.993192	H@10 0.996974	H@20 0.998487	H@50 0.999244	H@100 1.000000
INFO:kbc-cli.py:Epoch 37/100	Loss 6.8027 ± 0.1217
INFO:kbc-cli.py:Epoch 38/100	Loss 6.7974 ± 0.1173
INFO:kbc-cli.py:Epoch 39/100	Loss 6.7995 ± 0.1197
INFO:kbc-cli.py:Epoch 39/100	dev results	MRR 0.934576	H@1 0.885736	H@3 0.977761	H@5 0.988497	H@10 0.993865	H@20 0.999233	H@50 1.000000	H@100 1.000000
INFO:kbc-cli.py:Epoch 39/100	test results	MRR 0.934300	H@1 0.880484	H@3 0.987897	H@5 0.992436	H@10 0.996974	H@20 0.998487	H@50 0.999244	H@100 1.000000
INFO:kbc-cli.py:Epoch 40/100	Loss 6.7991 ± 0.1225
INFO:kbc-cli.py:Epoch 41/100	Loss 6.7958 ± 0.1104
INFO:kbc-cli.py:Epoch 42/100	Loss 6.7947 ± 0.1137
INFO:kbc-cli.py:Epoch 42/100	dev results	MRR 0.935673	H@1 0.888037	H@3 0.980061	H@5 0.987730	H@10 0.993098	H@20 0.999233	H@50 1.000000	H@100 1.000000
INFO:kbc-cli.py:Epoch 42/100	test results	MRR 0.937263	H@1 0.885779	H@3 0.988654	H@5 0.992436	H@10 0.996974	H@20 0.998487	H@50 0.999244	H@100 1.000000
INFO:kbc-cli.py:Epoch 43/100	Loss 6.7929 ± 0.1026
INFO:kbc-cli.py:Epoch 44/100	Loss 6.7913 ± 0.1115
INFO:kbc-cli.py:Epoch 45/100	Loss 6.7901 ± 0.1123
INFO:kbc-cli.py:Epoch 45/100	dev results	MRR 0.934837	H@1 0.885736	H@3 0.979294	H@5 0.988497	H@10 0.993865	H@20 0.999233	H@50 1.000000	H@100 1.000000
INFO:kbc-cli.py:Epoch 45/100	test results	MRR 0.935572	H@1 0.883510	H@3 0.986384	H@5 0.992436	H@10 0.996974	H@20 0.998487	H@50 0.999244	H@100 1.000000
INFO:kbc-cli.py:Epoch 46/100	Loss 6.7903 ± 0.1139
INFO:kbc-cli.py:Epoch 47/100	Loss 6.7942 ± 0.1353
INFO:kbc-cli.py:Epoch 48/100	Loss 6.7872 ± 0.1188
INFO:kbc-cli.py:Epoch 48/100	dev results	MRR 0.933847	H@1 0.883436	H@3 0.979294	H@5 0.988497	H@10 0.993098	H@20 0.999233	H@50 1.000000	H@100 1.000000
INFO:kbc-cli.py:Epoch 48/100	test results	MRR 0.938776	H@1 0.888805	H@3 0.987897	H@5 0.992436	H@10 0.996974	H@20 0.998487	H@50 0.999244	H@100 1.000000
INFO:kbc-cli.py:Epoch 49/100	Loss 6.7895 ± 0.1084
INFO:kbc-cli.py:Epoch 50/100	Loss 6.7851 ± 0.1040
INFO:kbc-cli.py:Epoch 51/100	Loss 6.7863 ± 0.1348
INFO:kbc-cli.py:Epoch 51/100	dev results	MRR 0.936716	H@1 0.890337	H@3 0.980061	H@5 0.988497	H@10 0.993098	H@20 0.999233	H@50 1.000000	H@100 1.000000
INFO:kbc-cli.py:Epoch 51/100	test results	MRR 0.936725	H@1 0.885779	H@3 0.986384	H@5 0.992436	H@10 0.997731	H@20 0.998487	H@50 1.000000	H@100 1.000000
INFO:kbc-cli.py:Epoch 52/100	Loss 6.7838 ± 0.1109
INFO:kbc-cli.py:Epoch 53/100	Loss 6.7835 ± 0.1209
INFO:kbc-cli.py:Epoch 54/100	Loss 6.7841 ± 0.1263
INFO:kbc-cli.py:Epoch 54/100	dev results	MRR 0.936370	H@1 0.889571	H@3 0.978528	H@5 0.989264	H@10 0.993098	H@20 0.999233	H@50 1.000000	H@100 1.000000
INFO:kbc-cli.py:Epoch 54/100	test results	MRR 0.935509	H@1 0.884266	H@3 0.987141	H@5 0.992436	H@10 0.997731	H@20 0.998487	H@50 0.999244	H@100 1.000000
INFO:kbc-cli.py:Epoch 55/100	Loss 6.7830 ± 0.1177
INFO:kbc-cli.py:Epoch 56/100	Loss 6.7819 ± 0.1143
INFO:kbc-cli.py:Epoch 57/100	Loss 6.7815 ± 0.1128
INFO:kbc-cli.py:Epoch 57/100	dev results	MRR 0.939083	H@1 0.894939	H@3 0.978528	H@5 0.988497	H@10 0.993098	H@20 0.999233	H@50 1.000000	H@100 1.000000
INFO:kbc-cli.py:Epoch 57/100	test results	MRR 0.938795	H@1 0.888805	H@3 0.987141	H@5 0.992436	H@10 0.997731	H@20 0.998487	H@50 0.999244	H@100 1.000000
INFO:kbc-cli.py:Epoch 58/100	Loss 6.7789 ± 0.1074
INFO:kbc-cli.py:Epoch 59/100	Loss 6.7790 ± 0.1208
INFO:kbc-cli.py:Epoch 60/100	Loss 6.7793 ± 0.1048
INFO:kbc-cli.py:Epoch 60/100	dev results	MRR 0.939080	H@1 0.894939	H@3 0.977761	H@5 0.988497	H@10 0.993098	H@20 0.999233	H@50 1.000000	H@100 1.000000
INFO:kbc-cli.py:Epoch 60/100	test results	MRR 0.936843	H@1 0.885779	H@3 0.987897	H@5 0.992436	H@10 0.997731	H@20 0.998487	H@50 0.999244	H@100 1.000000
INFO:kbc-cli.py:Epoch 61/100	Loss 6.7792 ± 0.1163
INFO:kbc-cli.py:Epoch 62/100	Loss 6.7777 ± 0.1173
INFO:kbc-cli.py:Epoch 63/100	Loss 6.7783 ± 0.1202
INFO:kbc-cli.py:Epoch 63/100	dev results	MRR 0.935415	H@1 0.888037	H@3 0.977761	H@5 0.989264	H@10 0.993098	H@20 0.999233	H@50 1.000000	H@100 1.000000
INFO:kbc-cli.py:Epoch 63/100	test results	MRR 0.935669	H@1 0.882753	H@3 0.988654	H@5 0.992436	H@10 0.997731	H@20 0.998487	H@50 0.999244	H@100 1.000000
INFO:kbc-cli.py:Epoch 64/100	Loss 6.7774 ± 0.1181
INFO:kbc-cli.py:Epoch 65/100	Loss 6.7758 ± 0.1070
INFO:kbc-cli.py:Epoch 66/100	Loss 6.7747 ± 0.1277
INFO:kbc-cli.py:Epoch 66/100	dev results	MRR 0.943471	H@1 0.903374	H@3 0.980828	H@5 0.988497	H@10 0.993098	H@20 0.999233	H@50 1.000000	H@100 1.000000
INFO:kbc-cli.py:Epoch 66/100	test results	MRR 0.939840	H@1 0.891831	H@3 0.987141	H@5 0.992436	H@10 0.997731	H@20 0.998487	H@50 0.999244	H@100 1.000000
INFO:kbc-cli.py:Epoch 67/100	Loss 6.7731 ± 0.1051
INFO:kbc-cli.py:Epoch 68/100	Loss 6.7752 ± 0.1309
INFO:kbc-cli.py:Epoch 69/100	Loss 6.7732 ± 0.1054
INFO:kbc-cli.py:Epoch 69/100	dev results	MRR 0.940204	H@1 0.897239	H@3 0.978528	H@5 0.989264	H@10 0.993098	H@20 0.999233	H@50 1.000000	H@100 1.000000
INFO:kbc-cli.py:Epoch 69/100	test results	MRR 0.938528	H@1 0.888805	H@3 0.987897	H@5 0.992436	H@10 0.997731	H@20 0.998487	H@50 0.999244	H@100 1.000000
INFO:kbc-cli.py:Epoch 70/100	Loss 6.7729 ± 0.1051
INFO:kbc-cli.py:Epoch 71/100	Loss 6.7734 ± 0.1251
INFO:kbc-cli.py:Epoch 72/100	Loss 6.7717 ± 0.0955
INFO:kbc-cli.py:Epoch 72/100	dev results	MRR 0.938129	H@1 0.892638	H@3 0.978528	H@5 0.988497	H@10 0.993098	H@20 0.999233	H@50 1.000000	H@100 1.000000
INFO:kbc-cli.py:Epoch 72/100	test results	MRR 0.938075	H@1 0.888048	H@3 0.987897	H@5 0.992436	H@10 0.997731	H@20 0.998487	H@50 0.999244	H@100 1.000000
INFO:kbc-cli.py:Epoch 73/100	Loss 6.7706 ± 0.1213
INFO:kbc-cli.py:Epoch 74/100	Loss 6.7715 ± 0.1048
INFO:kbc-cli.py:Epoch 75/100	Loss 6.7703 ± 0.1112
INFO:kbc-cli.py:Epoch 75/100	dev results	MRR 0.939210	H@1 0.894939	H@3 0.979294	H@5 0.989264	H@10 0.993098	H@20 0.999233	H@50 1.000000	H@100 1.000000
INFO:kbc-cli.py:Epoch 75/100	test results	MRR 0.937341	H@1 0.886536	H@3 0.987897	H@5 0.992436	H@10 0.997731	H@20 0.998487	H@50 0.999244	H@100 1.000000
INFO:kbc-cli.py:Epoch 76/100	Loss 6.7699 ± 0.1101
INFO:kbc-cli.py:Epoch 77/100	Loss 6.7679 ± 0.1243
INFO:kbc-cli.py:Epoch 78/100	Loss 6.7674 ± 0.1201
INFO:kbc-cli.py:Epoch 78/100	dev results	MRR 0.939629	H@1 0.895706	H@3 0.978528	H@5 0.989264	H@10 0.993098	H@20 0.999233	H@50 1.000000	H@100 1.000000
INFO:kbc-cli.py:Epoch 78/100	test results	MRR 0.938351	H@1 0.888048	H@3 0.987897	H@5 0.992436	H@10 0.997731	H@20 0.998487	H@50 0.999244	H@100 1.000000
INFO:kbc-cli.py:Epoch 79/100	Loss 6.7674 ± 0.1258
INFO:kbc-cli.py:Epoch 80/100	Loss 6.7675 ± 0.1155
INFO:kbc-cli.py:Epoch 81/100	Loss 6.7666 ± 0.1144
INFO:kbc-cli.py:Epoch 81/100	dev results	MRR 0.939011	H@1 0.894939	H@3 0.980061	H@5 0.987730	H@10 0.993098	H@20 0.999233	H@50 1.000000	H@100 1.000000
INFO:kbc-cli.py:Epoch 81/100	test results	MRR 0.938791	H@1 0.889561	H@3 0.987141	H@5 0.992436	H@10 0.997731	H@20 0.998487	H@50 1.000000	H@100 1.000000
INFO:kbc-cli.py:Epoch 82/100	Loss 6.7659 ± 0.1123
INFO:kbc-cli.py:Epoch 83/100	Loss 6.7654 ± 0.1119
INFO:kbc-cli.py:Epoch 84/100	Loss 6.7639 ± 0.1081
INFO:kbc-cli.py:Epoch 84/100	dev results	MRR 0.937416	H@1 0.891104	H@3 0.979294	H@5 0.989264	H@10 0.993098	H@20 0.999233	H@50 1.000000	H@100 1.000000
INFO:kbc-cli.py:Epoch 84/100	test results	MRR 0.938972	H@1 0.890318	H@3 0.986384	H@5 0.992436	H@10 0.997731	H@20 0.998487	H@50 1.000000	H@100 1.000000
INFO:kbc-cli.py:Epoch 85/100	Loss 6.7656 ± 0.1188
INFO:kbc-cli.py:Epoch 86/100	Loss 6.7665 ± 0.1166
INFO:kbc-cli.py:Epoch 87/100	Loss 6.7627 ± 0.1135
INFO:kbc-cli.py:Epoch 87/100	dev results	MRR 0.941445	H@1 0.899540	H@3 0.979294	H@5 0.989264	H@10 0.993098	H@20 0.999233	H@50 1.000000	H@100 1.000000
INFO:kbc-cli.py:Epoch 87/100	test results	MRR 0.941821	H@1 0.895613	H@3 0.987141	H@5 0.992436	H@10 0.997731	H@20 0.998487	H@50 1.000000	H@100 1.000000
INFO:kbc-cli.py:Epoch 88/100	Loss 6.7640 ± 0.1101
INFO:kbc-cli.py:Epoch 89/100	Loss 6.7647 ± 0.1105
INFO:kbc-cli.py:Epoch 90/100	Loss 6.7630 ± 0.1119
INFO:kbc-cli.py:Epoch 90/100	dev results	MRR 0.940188	H@1 0.897239	H@3 0.978528	H@5 0.989264	H@10 0.993098	H@20 0.999233	H@50 1.000000	H@100 1.000000
INFO:kbc-cli.py:Epoch 90/100	test results	MRR 0.939040	H@1 0.890318	H@3 0.987141	H@5 0.992436	H@10 0.997731	H@20 0.998487	H@50 1.000000	H@100 1.000000
INFO:kbc-cli.py:Epoch 91/100	Loss 6.7632 ± 0.1058
INFO:kbc-cli.py:Epoch 92/100	Loss 6.7618 ± 0.1124
INFO:kbc-cli.py:Epoch 93/100	Loss 6.7623 ± 0.1053
INFO:kbc-cli.py:Epoch 93/100	dev results	MRR 0.939916	H@1 0.896472	H@3 0.980061	H@5 0.989264	H@10 0.993098	H@20 0.999233	H@50 1.000000	H@100 1.000000
INFO:kbc-cli.py:Epoch 93/100	test results	MRR 0.940096	H@1 0.891831	H@3 0.987897	H@5 0.992436	H@10 0.997731	H@20 0.998487	H@50 1.000000	H@100 1.000000
INFO:kbc-cli.py:Epoch 94/100	Loss 6.7621 ± 0.1286
INFO:kbc-cli.py:Epoch 95/100	Loss 6.7622 ± 0.1056
INFO:kbc-cli.py:Epoch 96/100	Loss 6.7611 ± 0.1098
INFO:kbc-cli.py:Epoch 96/100	dev results	MRR 0.943997	H@1 0.904141	H@3 0.979294	H@5 0.989264	H@10 0.993098	H@20 0.999233	H@50 1.000000	H@100 1.000000
INFO:kbc-cli.py:Epoch 96/100	test results	MRR 0.940843	H@1 0.893343	H@3 0.987141	H@5 0.992436	H@10 0.997731	H@20 0.998487	H@50 1.000000	H@100 1.000000
INFO:kbc-cli.py:Epoch 97/100	Loss 6.7599 ± 0.1012
INFO:kbc-cli.py:Epoch 98/100	Loss 6.7590 ± 0.1200
INFO:kbc-cli.py:Epoch 99/100	Loss 6.7616 ± 0.0979
INFO:kbc-cli.py:Epoch 99/100	dev results	MRR 0.941353	H@1 0.898773	H@3 0.979294	H@5 0.989264	H@10 0.993098	H@20 0.999233	H@50 1.000000	H@100 1.000000
INFO:kbc-cli.py:Epoch 99/100	test results	MRR 0.940712	H@1 0.893343	H@3 0.987141	H@5 0.992436	H@10 0.997731	H@20 0.998487	H@50 1.000000	H@100 1.000000
INFO:kbc-cli.py:Epoch 100/100	Loss 6.7597 ± 0.1185
INFO:kbc-cli.py:Final 	dev results	MRR 0.941465	H@1 0.898773	H@3 0.980061	H@5 0.989264	H@10 0.993098	H@20 0.999233	H@50 1.000000	H@100 1.000000
INFO:kbc-cli.py:Final 	test results	MRR 0.939828	H@1 0.891831	H@3 0.987141	H@5 0.992436	H@10 0.997731	H@20 0.998487	H@50 1.000000	H@100 1.000000
INFO:kbc-cli.py:Training finished
