./bin/kbc-cli.py --train data/nations/train.tsv --dev data/nations/dev.tsv --test data/nations/test.tsv -m complex -k 500 -b 10 -e 100 --F2 0 --N3 0.0001 -l 0.1 -I standard -V 3 -o adagrad -c so -q
{'F2': 0.0,
 'N3': 0.0001,
 'batch_size': 10,
 'corruption': 'so',
 'dev': 'data/nations/dev.tsv',
 'embedding_size': 500,
 'epochs': 100,
 'eval_batch_size': None,
 'input_type': 'standard',
 'learning_rate': 0.1,
 'load': None,
 'model': 'complex',
 'optimizer': 'adagrad',
 'quiet': True,
 'save': None,
 'seed': 0,
 'test': 'data/nations/test.tsv',
 'test_i': None,
 'test_ii': None,
 'train': 'data/nations/train.tsv',
 'validate_every': 3}
INFO:kbc-cli.py:Device: cuda
INFO:kbc-cli.py:Model state:
INFO:kbc-cli.py:	entities.weight	torch.Size([14, 1000])
INFO:kbc-cli.py:	predicates.weight	torch.Size([55, 1000])
INFO:kbc-cli.py:Epoch 1/100	Loss 5.4060 ± 0.3569
INFO:kbc-cli.py:Epoch 2/100	Loss 4.4660 ± 0.3503
INFO:kbc-cli.py:Epoch 3/100	Loss 4.1229 ± 0.3917
INFO:kbc-cli.py:Epoch 3/100	dev results	MRR 0.794523	H@1 0.673367	H@3 0.889447	H@5 0.964824	H@10 0.997487	H@20 1.000000	H@50 1.000000	H@100 1.000000
INFO:kbc-cli.py:Epoch 3/100	test results	MRR 0.798854	H@1 0.686567	H@3 0.878109	H@5 0.957711	H@10 0.995025	H@20 1.000000	H@50 1.000000	H@100 1.000000
INFO:kbc-cli.py:Epoch 4/100	Loss 3.9476 ± 0.4532
INFO:kbc-cli.py:Epoch 5/100	Loss 3.8257 ± 0.4494
INFO:kbc-cli.py:Epoch 6/100	Loss 3.7474 ± 0.4211
INFO:kbc-cli.py:Epoch 6/100	dev results	MRR 0.796042	H@1 0.678392	H@3 0.891960	H@5 0.964824	H@10 0.997487	H@20 1.000000	H@50 1.000000	H@100 1.000000
INFO:kbc-cli.py:Epoch 6/100	test results	MRR 0.810869	H@1 0.706468	H@3 0.895522	H@5 0.960199	H@10 0.997512	H@20 1.000000	H@50 1.000000	H@100 1.000000
INFO:kbc-cli.py:Epoch 7/100	Loss 3.6871 ± 0.3995
INFO:kbc-cli.py:Epoch 8/100	Loss 3.6399 ± 0.3871
INFO:kbc-cli.py:Epoch 9/100	Loss 3.6094 ± 0.3938
INFO:kbc-cli.py:Epoch 9/100	dev results	MRR 0.794850	H@1 0.673367	H@3 0.894472	H@5 0.962312	H@10 0.997487	H@20 1.000000	H@50 1.000000	H@100 1.000000
INFO:kbc-cli.py:Epoch 9/100	test results	MRR 0.817310	H@1 0.716418	H@3 0.902985	H@5 0.970149	H@10 0.997512	H@20 1.000000	H@50 1.000000	H@100 1.000000
INFO:kbc-cli.py:Epoch 10/100	Loss 3.5820 ± 0.4464
INFO:kbc-cli.py:Epoch 11/100	Loss 3.5538 ± 0.4129
INFO:kbc-cli.py:Epoch 12/100	Loss 3.5297 ± 0.4058
INFO:kbc-cli.py:Epoch 12/100	dev results	MRR 0.813446	H@1 0.711055	H@3 0.896985	H@5 0.962312	H@10 0.997487	H@20 1.000000	H@50 1.000000	H@100 1.000000
INFO:kbc-cli.py:Epoch 12/100	test results	MRR 0.815157	H@1 0.711443	H@3 0.910448	H@5 0.967662	H@10 0.997512	H@20 1.000000	H@50 1.000000	H@100 1.000000
INFO:kbc-cli.py:Epoch 13/100	Loss 3.5029 ± 0.3826
INFO:kbc-cli.py:Epoch 14/100	Loss 3.4957 ± 0.4050
INFO:kbc-cli.py:Epoch 15/100	Loss 3.4673 ± 0.4243
INFO:kbc-cli.py:Epoch 15/100	dev results	MRR 0.806465	H@1 0.695980	H@3 0.899497	H@5 0.962312	H@10 0.997487	H@20 1.000000	H@50 1.000000	H@100 1.000000
INFO:kbc-cli.py:Epoch 15/100	test results	MRR 0.812768	H@1 0.706468	H@3 0.910448	H@5 0.970149	H@10 0.997512	H@20 1.000000	H@50 1.000000	H@100 1.000000
INFO:kbc-cli.py:Epoch 16/100	Loss 3.4631 ± 0.4280
INFO:kbc-cli.py:Epoch 17/100	Loss 3.4459 ± 0.3654
INFO:kbc-cli.py:Epoch 18/100	Loss 3.4259 ± 0.3934
INFO:kbc-cli.py:Epoch 18/100	dev results	MRR 0.806027	H@1 0.695980	H@3 0.896985	H@5 0.964824	H@10 0.997487	H@20 1.000000	H@50 1.000000	H@100 1.000000
INFO:kbc-cli.py:Epoch 18/100	test results	MRR 0.807194	H@1 0.699005	H@3 0.910448	H@5 0.967662	H@10 0.997512	H@20 1.000000	H@50 1.000000	H@100 1.000000
INFO:kbc-cli.py:Epoch 19/100	Loss 3.4221 ± 0.3920
INFO:kbc-cli.py:Epoch 20/100	Loss 3.4233 ± 0.4049
INFO:kbc-cli.py:Epoch 21/100	Loss 3.4105 ± 0.4100
INFO:kbc-cli.py:Epoch 21/100	dev results	MRR 0.809289	H@1 0.701005	H@3 0.899497	H@5 0.962312	H@10 0.997487	H@20 1.000000	H@50 1.000000	H@100 1.000000
INFO:kbc-cli.py:Epoch 21/100	test results	MRR 0.808361	H@1 0.703980	H@3 0.905473	H@5 0.965174	H@10 0.997512	H@20 1.000000	H@50 1.000000	H@100 1.000000
INFO:kbc-cli.py:Epoch 22/100	Loss 3.4035 ± 0.3671
INFO:kbc-cli.py:Epoch 23/100	Loss 3.3973 ± 0.3978
INFO:kbc-cli.py:Epoch 24/100	Loss 3.3897 ± 0.3814
INFO:kbc-cli.py:Epoch 24/100	dev results	MRR 0.810443	H@1 0.703518	H@3 0.896985	H@5 0.962312	H@10 0.997487	H@20 1.000000	H@50 1.000000	H@100 1.000000
INFO:kbc-cli.py:Epoch 24/100	test results	MRR 0.808589	H@1 0.701493	H@3 0.912935	H@5 0.965174	H@10 0.997512	H@20 1.000000	H@50 1.000000	H@100 1.000000
INFO:kbc-cli.py:Epoch 25/100	Loss 3.3793 ± 0.3812
INFO:kbc-cli.py:Epoch 26/100	Loss 3.3635 ± 0.3981
INFO:kbc-cli.py:Epoch 27/100	Loss 3.3720 ± 0.3973
INFO:kbc-cli.py:Epoch 27/100	dev results	MRR 0.812913	H@1 0.706030	H@3 0.899497	H@5 0.962312	H@10 0.997487	H@20 1.000000	H@50 1.000000	H@100 1.000000
INFO:kbc-cli.py:Epoch 27/100	test results	MRR 0.812320	H@1 0.708955	H@3 0.912935	H@5 0.970149	H@10 0.997512	H@20 1.000000	H@50 1.000000	H@100 1.000000
INFO:kbc-cli.py:Epoch 28/100	Loss 3.3570 ± 0.3460
INFO:kbc-cli.py:Epoch 29/100	Loss 3.3478 ± 0.3631
INFO:kbc-cli.py:Epoch 30/100	Loss 3.3508 ± 0.3450
INFO:kbc-cli.py:Epoch 30/100	dev results	MRR 0.811447	H@1 0.706030	H@3 0.894472	H@5 0.964824	H@10 0.997487	H@20 1.000000	H@50 1.000000	H@100 1.000000
INFO:kbc-cli.py:Epoch 30/100	test results	MRR 0.806931	H@1 0.699005	H@3 0.910448	H@5 0.967662	H@10 0.997512	H@20 1.000000	H@50 1.000000	H@100 1.000000
INFO:kbc-cli.py:Epoch 31/100	Loss 3.3388 ± 0.3850
INFO:kbc-cli.py:Epoch 32/100	Loss 3.3405 ± 0.3509
INFO:kbc-cli.py:Epoch 33/100	Loss 3.3375 ± 0.3865
INFO:kbc-cli.py:Epoch 33/100	dev results	MRR 0.817836	H@1 0.716080	H@3 0.894472	H@5 0.964824	H@10 0.997487	H@20 1.000000	H@50 1.000000	H@100 1.000000
INFO:kbc-cli.py:Epoch 33/100	test results	MRR 0.806146	H@1 0.696517	H@3 0.912935	H@5 0.970149	H@10 0.997512	H@20 1.000000	H@50 1.000000	H@100 1.000000
INFO:kbc-cli.py:Epoch 34/100	Loss 3.3317 ± 0.3713
INFO:kbc-cli.py:Epoch 35/100	Loss 3.3295 ± 0.3469
INFO:kbc-cli.py:Epoch 36/100	Loss 3.3253 ± 0.3749
INFO:kbc-cli.py:Epoch 36/100	dev results	MRR 0.813960	H@1 0.711055	H@3 0.896985	H@5 0.962312	H@10 0.997487	H@20 1.000000	H@50 1.000000	H@100 1.000000
INFO:kbc-cli.py:Epoch 36/100	test results	MRR 0.804912	H@1 0.696517	H@3 0.910448	H@5 0.965174	H@10 0.997512	H@20 1.000000	H@50 1.000000	H@100 1.000000
INFO:kbc-cli.py:Epoch 37/100	Loss 3.3221 ± 0.3838
INFO:kbc-cli.py:Epoch 38/100	Loss 3.3135 ± 0.3649
INFO:kbc-cli.py:Epoch 39/100	Loss 3.3172 ± 0.3479
INFO:kbc-cli.py:Epoch 39/100	dev results	MRR 0.814193	H@1 0.711055	H@3 0.896985	H@5 0.962312	H@10 0.997487	H@20 1.000000	H@50 1.000000	H@100 1.000000
INFO:kbc-cli.py:Epoch 39/100	test results	MRR 0.807497	H@1 0.699005	H@3 0.915423	H@5 0.967662	H@10 0.997512	H@20 1.000000	H@50 1.000000	H@100 1.000000
INFO:kbc-cli.py:Epoch 40/100	Loss 3.3159 ± 0.3882
INFO:kbc-cli.py:Epoch 41/100	Loss 3.3111 ± 0.3606
INFO:kbc-cli.py:Epoch 42/100	Loss 3.3090 ± 0.3746
INFO:kbc-cli.py:Epoch 42/100	dev results	MRR 0.811974	H@1 0.706030	H@3 0.899497	H@5 0.964824	H@10 0.997487	H@20 1.000000	H@50 1.000000	H@100 1.000000
INFO:kbc-cli.py:Epoch 42/100	test results	MRR 0.803461	H@1 0.694030	H@3 0.907960	H@5 0.965174	H@10 0.997512	H@20 1.000000	H@50 1.000000	H@100 1.000000
INFO:kbc-cli.py:Epoch 43/100	Loss 3.2985 ± 0.3721
INFO:kbc-cli.py:Epoch 44/100	Loss 3.2982 ± 0.3836
INFO:kbc-cli.py:Epoch 45/100	Loss 3.2945 ± 0.3594
INFO:kbc-cli.py:Epoch 45/100	dev results	MRR 0.809796	H@1 0.703518	H@3 0.899497	H@5 0.962312	H@10 0.997487	H@20 1.000000	H@50 1.000000	H@100 1.000000
INFO:kbc-cli.py:Epoch 45/100	test results	MRR 0.805071	H@1 0.696517	H@3 0.910448	H@5 0.967662	H@10 0.997512	H@20 1.000000	H@50 1.000000	H@100 1.000000
INFO:kbc-cli.py:Epoch 46/100	Loss 3.2928 ± 0.3430
INFO:kbc-cli.py:Epoch 47/100	Loss 3.2932 ± 0.3856
INFO:kbc-cli.py:Epoch 48/100	Loss 3.2925 ± 0.3532
INFO:kbc-cli.py:Epoch 48/100	dev results	MRR 0.813475	H@1 0.711055	H@3 0.896985	H@5 0.962312	H@10 0.997487	H@20 1.000000	H@50 1.000000	H@100 1.000000
INFO:kbc-cli.py:Epoch 48/100	test results	MRR 0.808685	H@1 0.703980	H@3 0.907960	H@5 0.965174	H@10 0.997512	H@20 1.000000	H@50 1.000000	H@100 1.000000
INFO:kbc-cli.py:Epoch 49/100	Loss 3.2902 ± 0.3807
INFO:kbc-cli.py:Epoch 50/100	Loss 3.2839 ± 0.3196
INFO:kbc-cli.py:Epoch 51/100	Loss 3.2862 ± 0.3578
INFO:kbc-cli.py:Epoch 51/100	dev results	MRR 0.814062	H@1 0.711055	H@3 0.891960	H@5 0.964824	H@10 0.997487	H@20 1.000000	H@50 1.000000	H@100 1.000000
INFO:kbc-cli.py:Epoch 51/100	test results	MRR 0.809390	H@1 0.706468	H@3 0.910448	H@5 0.962687	H@10 0.997512	H@20 1.000000	H@50 1.000000	H@100 1.000000
INFO:kbc-cli.py:Epoch 52/100	Loss 3.2811 ± 0.3851
INFO:kbc-cli.py:Epoch 53/100	Loss 3.2792 ± 0.3975
INFO:kbc-cli.py:Epoch 54/100	Loss 3.2803 ± 0.3581
INFO:kbc-cli.py:Epoch 54/100	dev results	MRR 0.814607	H@1 0.713568	H@3 0.894472	H@5 0.962312	H@10 0.997487	H@20 1.000000	H@50 1.000000	H@100 1.000000
INFO:kbc-cli.py:Epoch 54/100	test results	MRR 0.809330	H@1 0.706468	H@3 0.905473	H@5 0.962687	H@10 0.997512	H@20 1.000000	H@50 1.000000	H@100 1.000000
INFO:kbc-cli.py:Epoch 55/100	Loss 3.2691 ± 0.4084
INFO:kbc-cli.py:Epoch 56/100	Loss 3.2748 ± 0.3900
INFO:kbc-cli.py:Epoch 57/100	Loss 3.2690 ± 0.3345
INFO:kbc-cli.py:Epoch 57/100	dev results	MRR 0.812848	H@1 0.708543	H@3 0.896985	H@5 0.962312	H@10 0.997487	H@20 1.000000	H@50 1.000000	H@100 1.000000
INFO:kbc-cli.py:Epoch 57/100	test results	MRR 0.805907	H@1 0.699005	H@3 0.910448	H@5 0.962687	H@10 0.997512	H@20 1.000000	H@50 1.000000	H@100 1.000000
INFO:kbc-cli.py:Epoch 58/100	Loss 3.2665 ± 0.3839
INFO:kbc-cli.py:Epoch 59/100	Loss 3.2694 ± 0.3924
INFO:kbc-cli.py:Epoch 60/100	Loss 3.2711 ± 0.3593
INFO:kbc-cli.py:Epoch 60/100	dev results	MRR 0.811131	H@1 0.706030	H@3 0.896985	H@5 0.964824	H@10 0.997487	H@20 1.000000	H@50 1.000000	H@100 1.000000
INFO:kbc-cli.py:Epoch 60/100	test results	MRR 0.804663	H@1 0.699005	H@3 0.905473	H@5 0.965174	H@10 0.997512	H@20 1.000000	H@50 1.000000	H@100 1.000000
INFO:kbc-cli.py:Epoch 61/100	Loss 3.2652 ± 0.3517
INFO:kbc-cli.py:Epoch 62/100	Loss 3.2633 ± 0.3964
INFO:kbc-cli.py:Epoch 63/100	Loss 3.2637 ± 0.3888
INFO:kbc-cli.py:Epoch 63/100	dev results	MRR 0.815654	H@1 0.718593	H@3 0.891960	H@5 0.962312	H@10 0.997487	H@20 1.000000	H@50 1.000000	H@100 1.000000
INFO:kbc-cli.py:Epoch 63/100	test results	MRR 0.806653	H@1 0.701493	H@3 0.910448	H@5 0.962687	H@10 0.997512	H@20 1.000000	H@50 1.000000	H@100 1.000000
INFO:kbc-cli.py:Epoch 64/100	Loss 3.2618 ± 0.3503
INFO:kbc-cli.py:Epoch 65/100	Loss 3.2528 ± 0.3749
INFO:kbc-cli.py:Epoch 66/100	Loss 3.2560 ± 0.3769
INFO:kbc-cli.py:Epoch 66/100	dev results	MRR 0.809103	H@1 0.703518	H@3 0.899497	H@5 0.962312	H@10 0.997487	H@20 1.000000	H@50 1.000000	H@100 1.000000
INFO:kbc-cli.py:Epoch 66/100	test results	MRR 0.805700	H@1 0.701493	H@3 0.907960	H@5 0.965174	H@10 0.997512	H@20 1.000000	H@50 1.000000	H@100 1.000000
INFO:kbc-cli.py:Epoch 67/100	Loss 3.2480 ± 0.3725
INFO:kbc-cli.py:Epoch 68/100	Loss 3.2541 ± 0.3592
INFO:kbc-cli.py:Epoch 69/100	Loss 3.2480 ± 0.3480
INFO:kbc-cli.py:Epoch 69/100	dev results	MRR 0.812806	H@1 0.711055	H@3 0.896985	H@5 0.964824	H@10 0.997487	H@20 1.000000	H@50 1.000000	H@100 1.000000
INFO:kbc-cli.py:Epoch 69/100	test results	MRR 0.807441	H@1 0.701493	H@3 0.907960	H@5 0.967662	H@10 0.997512	H@20 1.000000	H@50 1.000000	H@100 1.000000
INFO:kbc-cli.py:Epoch 70/100	Loss 3.2506 ± 0.3872
INFO:kbc-cli.py:Epoch 71/100	Loss 3.2543 ± 0.3403
INFO:kbc-cli.py:Epoch 72/100	Loss 3.2417 ± 0.3874
INFO:kbc-cli.py:Epoch 72/100	dev results	MRR 0.813876	H@1 0.713568	H@3 0.896985	H@5 0.959799	H@10 0.997487	H@20 1.000000	H@50 1.000000	H@100 1.000000
INFO:kbc-cli.py:Epoch 72/100	test results	MRR 0.806132	H@1 0.701493	H@3 0.910448	H@5 0.965174	H@10 0.997512	H@20 1.000000	H@50 1.000000	H@100 1.000000
INFO:kbc-cli.py:Epoch 73/100	Loss 3.2453 ± 0.3710
INFO:kbc-cli.py:Epoch 74/100	Loss 3.2426 ± 0.3549
INFO:kbc-cli.py:Epoch 75/100	Loss 3.2441 ± 0.3726
INFO:kbc-cli.py:Epoch 75/100	dev results	MRR 0.811821	H@1 0.708543	H@3 0.891960	H@5 0.962312	H@10 0.997487	H@20 1.000000	H@50 1.000000	H@100 1.000000
INFO:kbc-cli.py:Epoch 75/100	test results	MRR 0.806049	H@1 0.701493	H@3 0.905473	H@5 0.962687	H@10 0.997512	H@20 1.000000	H@50 1.000000	H@100 1.000000
INFO:kbc-cli.py:Epoch 76/100	Loss 3.2312 ± 0.3695
INFO:kbc-cli.py:Epoch 77/100	Loss 3.2444 ± 0.3671
INFO:kbc-cli.py:Epoch 78/100	Loss 3.2426 ± 0.3193
INFO:kbc-cli.py:Epoch 78/100	dev results	MRR 0.810688	H@1 0.708543	H@3 0.891960	H@5 0.962312	H@10 0.997487	H@20 1.000000	H@50 1.000000	H@100 1.000000
INFO:kbc-cli.py:Epoch 78/100	test results	MRR 0.805137	H@1 0.699005	H@3 0.910448	H@5 0.965174	H@10 0.997512	H@20 1.000000	H@50 1.000000	H@100 1.000000
INFO:kbc-cli.py:Epoch 79/100	Loss 3.2414 ± 0.3582
INFO:kbc-cli.py:Epoch 80/100	Loss 3.2389 ± 0.3233
INFO:kbc-cli.py:Epoch 81/100	Loss 3.2387 ± 0.3449
INFO:kbc-cli.py:Epoch 81/100	dev results	MRR 0.810900	H@1 0.706030	H@3 0.904523	H@5 0.957286	H@10 0.997487	H@20 1.000000	H@50 1.000000	H@100 1.000000
INFO:kbc-cli.py:Epoch 81/100	test results	MRR 0.809307	H@1 0.703980	H@3 0.917910	H@5 0.965174	H@10 0.997512	H@20 1.000000	H@50 1.000000	H@100 1.000000
INFO:kbc-cli.py:Epoch 82/100	Loss 3.2392 ± 0.3445
INFO:kbc-cli.py:Epoch 83/100	Loss 3.2376 ± 0.3604
INFO:kbc-cli.py:Epoch 84/100	Loss 3.2325 ± 0.3545
INFO:kbc-cli.py:Epoch 84/100	dev results	MRR 0.809313	H@1 0.703518	H@3 0.899497	H@5 0.959799	H@10 0.997487	H@20 1.000000	H@50 1.000000	H@100 1.000000
INFO:kbc-cli.py:Epoch 84/100	test results	MRR 0.805036	H@1 0.699005	H@3 0.910448	H@5 0.967662	H@10 0.997512	H@20 1.000000	H@50 1.000000	H@100 1.000000
INFO:kbc-cli.py:Epoch 85/100	Loss 3.2323 ± 0.3544
INFO:kbc-cli.py:Epoch 86/100	Loss 3.2330 ± 0.3624
INFO:kbc-cli.py:Epoch 87/100	Loss 3.2233 ± 0.3587
INFO:kbc-cli.py:Epoch 87/100	dev results	MRR 0.811801	H@1 0.711055	H@3 0.891960	H@5 0.959799	H@10 0.997487	H@20 1.000000	H@50 1.000000	H@100 1.000000
INFO:kbc-cli.py:Epoch 87/100	test results	MRR 0.806892	H@1 0.703980	H@3 0.902985	H@5 0.962687	H@10 0.997512	H@20 1.000000	H@50 1.000000	H@100 1.000000
INFO:kbc-cli.py:Epoch 88/100	Loss 3.2260 ± 0.3558
INFO:kbc-cli.py:Epoch 89/100	Loss 3.2262 ± 0.3343
INFO:kbc-cli.py:Epoch 90/100	Loss 3.2316 ± 0.3760
INFO:kbc-cli.py:Epoch 90/100	dev results	MRR 0.811774	H@1 0.708543	H@3 0.891960	H@5 0.962312	H@10 0.997487	H@20 1.000000	H@50 1.000000	H@100 1.000000
INFO:kbc-cli.py:Epoch 90/100	test results	MRR 0.805883	H@1 0.701493	H@3 0.917910	H@5 0.965174	H@10 0.997512	H@20 1.000000	H@50 1.000000	H@100 1.000000
INFO:kbc-cli.py:Epoch 91/100	Loss 3.2187 ± 0.3823
INFO:kbc-cli.py:Epoch 92/100	Loss 3.2136 ± 0.3842
INFO:kbc-cli.py:Epoch 93/100	Loss 3.2286 ± 0.3618
INFO:kbc-cli.py:Epoch 93/100	dev results	MRR 0.809178	H@1 0.703518	H@3 0.894472	H@5 0.962312	H@10 0.997487	H@20 1.000000	H@50 1.000000	H@100 1.000000
INFO:kbc-cli.py:Epoch 93/100	test results	MRR 0.805261	H@1 0.701493	H@3 0.915423	H@5 0.965174	H@10 0.997512	H@20 1.000000	H@50 1.000000	H@100 1.000000
INFO:kbc-cli.py:Epoch 94/100	Loss 3.2236 ± 0.3567
INFO:kbc-cli.py:Epoch 95/100	Loss 3.2264 ± 0.3432
INFO:kbc-cli.py:Epoch 96/100	Loss 3.2241 ± 0.3926
INFO:kbc-cli.py:Epoch 96/100	dev results	MRR 0.806187	H@1 0.698492	H@3 0.889447	H@5 0.962312	H@10 0.997487	H@20 1.000000	H@50 1.000000	H@100 1.000000
INFO:kbc-cli.py:Epoch 96/100	test results	MRR 0.801982	H@1 0.696517	H@3 0.907960	H@5 0.962687	H@10 0.997512	H@20 1.000000	H@50 1.000000	H@100 1.000000
INFO:kbc-cli.py:Epoch 97/100	Loss 3.2143 ± 0.4071
INFO:kbc-cli.py:Epoch 98/100	Loss 3.2235 ± 0.3595
INFO:kbc-cli.py:Epoch 99/100	Loss 3.2228 ± 0.3715
INFO:kbc-cli.py:Epoch 99/100	dev results	MRR 0.806019	H@1 0.698492	H@3 0.899497	H@5 0.957286	H@10 0.997487	H@20 1.000000	H@50 1.000000	H@100 1.000000
INFO:kbc-cli.py:Epoch 99/100	test results	MRR 0.805676	H@1 0.701493	H@3 0.905473	H@5 0.965174	H@10 0.997512	H@20 1.000000	H@50 1.000000	H@100 1.000000
INFO:kbc-cli.py:Epoch 100/100	Loss 3.2173 ± 0.3494
INFO:kbc-cli.py:Final 	dev results	MRR 0.808513	H@1 0.703518	H@3 0.899497	H@5 0.957286	H@10 0.997487	H@20 1.000000	H@50 1.000000	H@100 1.000000
INFO:kbc-cli.py:Final 	test results	MRR 0.806547	H@1 0.703980	H@3 0.907960	H@5 0.967662	H@10 0.997512	H@20 1.000000	H@50 1.000000	H@100 1.000000
INFO:kbc-cli.py:Training finished
