./bin/kbc-cli.py --train data/kinship/train.tsv --dev data/kinship/dev.tsv --test data/kinship/test.tsv -m complex -k 500 -b 10 -e 100 --F2 0 --N3 0.5 -l 0.1 -I standard -V 3 -o adagrad -c so -q
{'F2': 0.0,
 'N3': 0.5,
 'batch_size': 10,
 'corruption': 'so',
 'dev': 'data/kinship/dev.tsv',
 'embedding_size': 500,
 'epochs': 100,
 'eval_batch_size': None,
 'input_type': 'standard',
 'learning_rate': 0.1,
 'load': None,
 'model': 'complex',
 'optimizer': 'adagrad',
 'quiet': True,
 'save': None,
 'seed': 0,
 'test': 'data/kinship/test.tsv',
 'test_i': None,
 'test_ii': None,
 'train': 'data/kinship/train.tsv',
 'validate_every': 3}
INFO:kbc-cli.py:Device: cuda
INFO:kbc-cli.py:Model state:
INFO:kbc-cli.py:	entities.weight	torch.Size([104, 1000])
INFO:kbc-cli.py:	predicates.weight	torch.Size([25, 1000])
INFO:kbc-cli.py:Epoch 1/100	Loss 9.3583 ± 0.4007
INFO:kbc-cli.py:Epoch 2/100	Loss 9.2352 ± 0.0228
INFO:kbc-cli.py:Epoch 3/100	Loss 9.2322 ± 0.0258
INFO:kbc-cli.py:Epoch 3/100	dev results	MRR 0.216402	H@1 0.073034	H@3 0.207397	H@5 0.324906	H@10 0.618914	H@20 0.936798	H@50 0.993914	H@100 1.000000
INFO:kbc-cli.py:Epoch 3/100	test results	MRR 0.206734	H@1 0.066574	H@3 0.185289	H@5 0.320298	H@10 0.592179	H@20 0.917132	H@50 0.996741	H@100 1.000000
INFO:kbc-cli.py:Epoch 4/100	Loss 9.1952 ± 0.0489
INFO:kbc-cli.py:Epoch 5/100	Loss 9.1773 ± 0.0664
INFO:kbc-cli.py:Epoch 6/100	Loss 9.1764 ± 0.0659
INFO:kbc-cli.py:Epoch 6/100	dev results	MRR 0.227232	H@1 0.084738	H@3 0.220974	H@5 0.330056	H@10 0.590356	H@20 0.939607	H@50 0.993914	H@100 1.000000
INFO:kbc-cli.py:Epoch 6/100	test results	MRR 0.224175	H@1 0.081937	H@3 0.209963	H@5 0.327747	H@10 0.594972	H@20 0.930168	H@50 0.996276	H@100 1.000000
INFO:kbc-cli.py:Epoch 7/100	Loss 9.1759 ± 0.0654
INFO:kbc-cli.py:Epoch 8/100	Loss 9.1756 ± 0.0650
INFO:kbc-cli.py:Epoch 9/100	Loss 9.1755 ± 0.0657
INFO:kbc-cli.py:Epoch 9/100	dev results	MRR 0.229567	H@1 0.081929	H@3 0.238764	H@5 0.348315	H@10 0.586610	H@20 0.942416	H@50 0.994382	H@100 1.000000
INFO:kbc-cli.py:Epoch 9/100	test results	MRR 0.239765	H@1 0.091248	H@3 0.255121	H@5 0.363128	H@10 0.589851	H@20 0.933892	H@50 0.997672	H@100 1.000000
INFO:kbc-cli.py:Epoch 10/100	Loss 9.1754 ± 0.0686
INFO:kbc-cli.py:Epoch 11/100	Loss 9.1753 ± 0.0683
INFO:kbc-cli.py:Epoch 12/100	Loss 9.1752 ± 0.0643
INFO:kbc-cli.py:Epoch 12/100	dev results	MRR 0.227874	H@1 0.083333	H@3 0.223315	H@5 0.348783	H@10 0.586610	H@20 0.941479	H@50 0.994382	H@100 1.000000
INFO:kbc-cli.py:Epoch 12/100	test results	MRR 0.229852	H@1 0.080540	H@3 0.232309	H@5 0.352421	H@10 0.587058	H@20 0.934823	H@50 0.995810	H@100 1.000000
INFO:kbc-cli.py:Epoch 13/100	Loss 9.1751 ± 0.0679
INFO:kbc-cli.py:Epoch 14/100	Loss 9.1751 ± 0.0626
INFO:kbc-cli.py:Epoch 15/100	Loss 9.1751 ± 0.0665
INFO:kbc-cli.py:Epoch 15/100	dev results	MRR 0.233373	H@1 0.097378	H@3 0.220974	H@5 0.343165	H@10 0.591292	H@20 0.935393	H@50 0.994382	H@100 1.000000
INFO:kbc-cli.py:Epoch 15/100	test results	MRR 0.241801	H@1 0.096369	H@3 0.245345	H@5 0.370577	H@10 0.601024	H@20 0.928305	H@50 0.997207	H@100 1.000000
INFO:kbc-cli.py:Epoch 16/100	Loss 9.1750 ± 0.0663
INFO:kbc-cli.py:Epoch 17/100	Loss 9.1750 ± 0.0649
INFO:kbc-cli.py:Epoch 18/100	Loss 9.1751 ± 0.0642
INFO:kbc-cli.py:Epoch 18/100	dev results	MRR 0.226263	H@1 0.083801	H@3 0.217228	H@5 0.334738	H@10 0.588483	H@20 0.941948	H@50 0.993446	H@100 1.000000
INFO:kbc-cli.py:Epoch 18/100	test results	MRR 0.231050	H@1 0.087989	H@3 0.218808	H@5 0.340317	H@10 0.601490	H@20 0.932030	H@50 0.996741	H@100 1.000000
INFO:kbc-cli.py:Epoch 19/100	Loss 9.1749 ± 0.0623
INFO:kbc-cli.py:Epoch 20/100	Loss 9.1749 ± 0.0657
INFO:kbc-cli.py:Epoch 21/100	Loss 9.1751 ± 0.0687
INFO:kbc-cli.py:Epoch 21/100	dev results	MRR 0.216304	H@1 0.075843	H@3 0.179775	H@5 0.338483	H@10 0.604869	H@20 0.935393	H@50 0.993914	H@100 0.999532
INFO:kbc-cli.py:Epoch 21/100	test results	MRR 0.220288	H@1 0.078212	H@3 0.195531	H@5 0.349628	H@10 0.598231	H@20 0.931099	H@50 0.996276	H@100 1.000000
INFO:kbc-cli.py:Epoch 22/100	Loss 9.1748 ± 0.0630
INFO:kbc-cli.py:Epoch 23/100	Loss 9.1749 ± 0.0631
INFO:kbc-cli.py:Epoch 24/100	Loss 9.1748 ± 0.0652
INFO:kbc-cli.py:Epoch 24/100	dev results	MRR 0.231985	H@1 0.089888	H@3 0.222846	H@5 0.347846	H@10 0.594101	H@20 0.932116	H@50 0.994850	H@100 1.000000
INFO:kbc-cli.py:Epoch 24/100	test results	MRR 0.234050	H@1 0.087989	H@3 0.233706	H@5 0.356145	H@10 0.597300	H@20 0.925978	H@50 0.996741	H@100 1.000000
INFO:kbc-cli.py:Epoch 25/100	Loss 9.1748 ± 0.0668
INFO:kbc-cli.py:Epoch 26/100	Loss 9.1747 ± 0.0643
INFO:kbc-cli.py:Epoch 27/100	Loss 9.1750 ± 0.0665
INFO:kbc-cli.py:Epoch 27/100	dev results	MRR 0.236778	H@1 0.109082	H@3 0.204588	H@5 0.305712	H@10 0.603933	H@20 0.938202	H@50 0.993914	H@100 1.000000
INFO:kbc-cli.py:Epoch 27/100	test results	MRR 0.229998	H@1 0.092179	H@3 0.216015	H@5 0.316108	H@10 0.602421	H@20 0.932961	H@50 0.996741	H@100 1.000000
INFO:kbc-cli.py:Epoch 28/100	Loss 9.1747 ± 0.0642
INFO:kbc-cli.py:Epoch 29/100	Loss 9.1747 ± 0.0674
INFO:kbc-cli.py:Epoch 30/100	Loss 9.1747 ± 0.0659
INFO:kbc-cli.py:Epoch 30/100	dev results	MRR 0.223217	H@1 0.070225	H@3 0.233146	H@5 0.361891	H@10 0.579120	H@20 0.934457	H@50 0.994850	H@100 1.000000
INFO:kbc-cli.py:Epoch 30/100	test results	MRR 0.227159	H@1 0.073091	H@3 0.244879	H@5 0.361732	H@10 0.589385	H@20 0.924115	H@50 0.996741	H@100 1.000000
INFO:kbc-cli.py:Epoch 31/100	Loss 9.1747 ± 0.0638
INFO:kbc-cli.py:Epoch 32/100	Loss 9.1747 ± 0.0636
INFO:kbc-cli.py:Epoch 33/100	Loss 9.1747 ± 0.0646
INFO:kbc-cli.py:Epoch 33/100	dev results	MRR 0.225576	H@1 0.082865	H@3 0.213015	H@5 0.344569	H@10 0.590356	H@20 0.935861	H@50 0.992978	H@100 0.999532
INFO:kbc-cli.py:Epoch 33/100	test results	MRR 0.235481	H@1 0.089385	H@3 0.235102	H@5 0.367318	H@10 0.588454	H@20 0.933426	H@50 0.996276	H@100 0.999534
INFO:kbc-cli.py:Epoch 34/100	Loss 9.1747 ± 0.0687
INFO:kbc-cli.py:Epoch 35/100	Loss 9.1746 ± 0.0648
INFO:kbc-cli.py:Epoch 36/100	Loss 9.1746 ± 0.0660
INFO:kbc-cli.py:Epoch 36/100	dev results	MRR 0.229122	H@1 0.088015	H@3 0.205056	H@5 0.338483	H@10 0.611891	H@20 0.931180	H@50 0.993914	H@100 1.000000
INFO:kbc-cli.py:Epoch 36/100	test results	MRR 0.227617	H@1 0.082868	H@3 0.214153	H@5 0.343575	H@10 0.597300	H@20 0.923184	H@50 0.996741	H@100 0.999534
INFO:kbc-cli.py:Epoch 37/100	Loss 9.1747 ± 0.0653
INFO:kbc-cli.py:Epoch 38/100	Loss 9.1746 ± 0.0652
INFO:kbc-cli.py:Epoch 39/100	Loss 9.1746 ± 0.0659
INFO:kbc-cli.py:Epoch 39/100	dev results	MRR 0.234858	H@1 0.087079	H@3 0.243914	H@5 0.360019	H@10 0.581929	H@20 0.931648	H@50 0.993914	H@100 1.000000
INFO:kbc-cli.py:Epoch 39/100	test results	MRR 0.235382	H@1 0.083333	H@3 0.250000	H@5 0.359404	H@10 0.587523	H@20 0.927840	H@50 0.995810	H@100 1.000000
INFO:kbc-cli.py:Epoch 40/100	Loss 9.1746 ± 0.0653
INFO:kbc-cli.py:Epoch 41/100	Loss 9.1748 ± 0.0624
INFO:kbc-cli.py:Epoch 42/100	Loss 9.1746 ± 0.0629
INFO:kbc-cli.py:Epoch 42/100	dev results	MRR 0.225321	H@1 0.080993	H@3 0.220506	H@5 0.353933	H@10 0.594569	H@20 0.934925	H@50 0.992978	H@100 1.000000
INFO:kbc-cli.py:Epoch 42/100	test results	MRR 0.226834	H@1 0.080074	H@3 0.226257	H@5 0.348696	H@10 0.600559	H@20 0.924115	H@50 0.996276	H@100 1.000000
INFO:kbc-cli.py:Epoch 43/100	Loss 9.1746 ± 0.0671
INFO:kbc-cli.py:Epoch 44/100	Loss 9.1746 ± 0.0654
INFO:kbc-cli.py:Epoch 45/100	Loss 9.1746 ± 0.0654
INFO:kbc-cli.py:Epoch 45/100	dev results	MRR 0.233413	H@1 0.091292	H@3 0.218633	H@5 0.336142	H@10 0.606273	H@20 0.931648	H@50 0.994382	H@100 1.000000
INFO:kbc-cli.py:Epoch 45/100	test results	MRR 0.234470	H@1 0.088920	H@3 0.227654	H@5 0.344972	H@10 0.606145	H@20 0.933426	H@50 0.996741	H@100 1.000000
INFO:kbc-cli.py:Epoch 46/100	Loss 9.1746 ± 0.0663
INFO:kbc-cli.py:Epoch 47/100	Loss 9.1745 ± 0.0654
INFO:kbc-cli.py:Epoch 48/100	Loss 9.1745 ± 0.0645
INFO:kbc-cli.py:Epoch 48/100	dev results	MRR 0.219582	H@1 0.076311	H@3 0.211142	H@5 0.339419	H@10 0.593633	H@20 0.940543	H@50 0.993914	H@100 1.000000
INFO:kbc-cli.py:Epoch 48/100	test results	MRR 0.225138	H@1 0.079609	H@3 0.224395	H@5 0.350093	H@10 0.594972	H@20 0.936220	H@50 0.997207	H@100 1.000000
INFO:kbc-cli.py:Epoch 49/100	Loss 9.1745 ± 0.0676
INFO:kbc-cli.py:Epoch 50/100	Loss 9.1745 ± 0.0641
INFO:kbc-cli.py:Epoch 51/100	Loss 9.1745 ± 0.0635
INFO:kbc-cli.py:Epoch 51/100	dev results	MRR 0.230153	H@1 0.082865	H@3 0.235019	H@5 0.373127	H@10 0.586142	H@20 0.935861	H@50 0.994382	H@100 1.000000
INFO:kbc-cli.py:Epoch 51/100	test results	MRR 0.237145	H@1 0.089851	H@3 0.244413	H@5 0.376164	H@10 0.587058	H@20 0.931099	H@50 0.997672	H@100 1.000000
INFO:kbc-cli.py:Epoch 52/100	Loss 9.1745 ± 0.0607
INFO:kbc-cli.py:Epoch 53/100	Loss 9.1745 ± 0.0645
INFO:kbc-cli.py:Epoch 54/100	Loss 9.1745 ± 0.0660
INFO:kbc-cli.py:Epoch 54/100	dev results	MRR 0.226494	H@1 0.088951	H@3 0.193352	H@5 0.345974	H@10 0.610955	H@20 0.943352	H@50 0.994382	H@100 0.999532
INFO:kbc-cli.py:Epoch 54/100	test results	MRR 0.236066	H@1 0.100559	H@3 0.207169	H@5 0.346834	H@10 0.600559	H@20 0.929236	H@50 0.996741	H@100 1.000000
INFO:kbc-cli.py:Epoch 55/100	Loss 9.1747 ± 0.0665
INFO:kbc-cli.py:Epoch 56/100	Loss 9.1745 ± 0.0637
INFO:kbc-cli.py:Epoch 57/100	Loss 9.1745 ± 0.0638
INFO:kbc-cli.py:Epoch 57/100	dev results	MRR 0.222801	H@1 0.074438	H@3 0.223315	H@5 0.349251	H@10 0.595506	H@20 0.932584	H@50 0.994850	H@100 1.000000
INFO:kbc-cli.py:Epoch 57/100	test results	MRR 0.230087	H@1 0.079609	H@3 0.236499	H@5 0.359870	H@10 0.595903	H@20 0.932961	H@50 0.996276	H@100 1.000000
INFO:kbc-cli.py:Epoch 58/100	Loss 9.1744 ± 0.0641
INFO:kbc-cli.py:Epoch 59/100	Loss 9.1745 ± 0.0644
INFO:kbc-cli.py:Epoch 60/100	Loss 9.1745 ± 0.0651
INFO:kbc-cli.py:Epoch 60/100	dev results	MRR 0.226345	H@1 0.068820	H@3 0.252809	H@5 0.367978	H@10 0.581461	H@20 0.937266	H@50 0.994850	H@100 1.000000
INFO:kbc-cli.py:Epoch 60/100	test results	MRR 0.226883	H@1 0.067039	H@3 0.255587	H@5 0.378957	H@10 0.577747	H@20 0.925512	H@50 0.996276	H@100 1.000000
INFO:kbc-cli.py:Epoch 61/100	Loss 9.1745 ± 0.0640
INFO:kbc-cli.py:Epoch 62/100	Loss 9.1745 ± 0.0642
INFO:kbc-cli.py:Epoch 63/100	Loss 9.1745 ± 0.0651
INFO:kbc-cli.py:Epoch 63/100	dev results	MRR 0.224234	H@1 0.078652	H@3 0.219101	H@5 0.338951	H@10 0.592228	H@20 0.925562	H@50 0.994382	H@100 1.000000
INFO:kbc-cli.py:Epoch 63/100	test results	MRR 0.228419	H@1 0.079609	H@3 0.225326	H@5 0.361266	H@10 0.599628	H@20 0.922719	H@50 0.996276	H@100 1.000000
INFO:kbc-cli.py:Epoch 64/100	Loss 9.1745 ± 0.0655
INFO:kbc-cli.py:Epoch 65/100	Loss 9.1744 ± 0.0656
INFO:kbc-cli.py:Epoch 66/100	Loss 9.1745 ± 0.0648
INFO:kbc-cli.py:Epoch 66/100	dev results	MRR 0.224632	H@1 0.085674	H@3 0.199906	H@5 0.343165	H@10 0.605805	H@20 0.935861	H@50 0.993914	H@100 1.000000
INFO:kbc-cli.py:Epoch 66/100	test results	MRR 0.227338	H@1 0.088920	H@3 0.200652	H@5 0.347300	H@10 0.600559	H@20 0.932030	H@50 0.996276	H@100 0.999534
INFO:kbc-cli.py:Epoch 67/100	Loss 9.1744 ± 0.0675
INFO:kbc-cli.py:Epoch 68/100	Loss 9.1744 ± 0.0674
INFO:kbc-cli.py:Epoch 69/100	Loss 9.1745 ± 0.0659
INFO:kbc-cli.py:Epoch 69/100	dev results	MRR 0.240538	H@1 0.098783	H@3 0.236423	H@5 0.354869	H@10 0.575843	H@20 0.929775	H@50 0.995318	H@100 1.000000
INFO:kbc-cli.py:Epoch 69/100	test results	MRR 0.251560	H@1 0.111266	H@3 0.246276	H@5 0.371508	H@10 0.580074	H@20 0.932495	H@50 0.997207	H@100 1.000000
INFO:kbc-cli.py:Epoch 70/100	Loss 9.1744 ± 0.0672
INFO:kbc-cli.py:Epoch 71/100	Loss 9.1744 ± 0.0652
INFO:kbc-cli.py:Epoch 72/100	Loss 9.1746 ± 0.0659
INFO:kbc-cli.py:Epoch 72/100	dev results	MRR 0.239828	H@1 0.091760	H@3 0.260300	H@5 0.362360	H@10 0.579120	H@20 0.937734	H@50 0.993914	H@100 1.000000
INFO:kbc-cli.py:Epoch 72/100	test results	MRR 0.242349	H@1 0.094972	H@3 0.261173	H@5 0.367318	H@10 0.578678	H@20 0.930168	H@50 0.995810	H@100 1.000000
INFO:kbc-cli.py:Epoch 73/100	Loss 9.1744 ± 0.0652
INFO:kbc-cli.py:Epoch 74/100	Loss 9.1745 ± 0.0633
INFO:kbc-cli.py:Epoch 75/100	Loss 9.1744 ± 0.0630
INFO:kbc-cli.py:Epoch 75/100	dev results	MRR 0.230839	H@1 0.097846	H@3 0.207865	H@5 0.332397	H@10 0.584738	H@20 0.930243	H@50 0.993914	H@100 1.000000
INFO:kbc-cli.py:Epoch 75/100	test results	MRR 0.240850	H@1 0.104283	H@3 0.227654	H@5 0.348696	H@10 0.594972	H@20 0.929702	H@50 0.995810	H@100 0.999534
INFO:kbc-cli.py:Epoch 76/100	Loss 9.1744 ± 0.0644
INFO:kbc-cli.py:Epoch 77/100	Loss 9.1744 ± 0.0662
INFO:kbc-cli.py:Epoch 78/100	Loss 9.1744 ± 0.0635
INFO:kbc-cli.py:Epoch 78/100	dev results	MRR 0.231525	H@1 0.083333	H@3 0.239232	H@5 0.356742	H@10 0.575843	H@20 0.933052	H@50 0.995318	H@100 1.000000
INFO:kbc-cli.py:Epoch 78/100	test results	MRR 0.237513	H@1 0.088454	H@3 0.250000	H@5 0.359870	H@10 0.581471	H@20 0.932961	H@50 0.996276	H@100 1.000000
INFO:kbc-cli.py:Epoch 79/100	Loss 9.1744 ± 0.0649
INFO:kbc-cli.py:Epoch 80/100	Loss 9.1744 ± 0.0652
INFO:kbc-cli.py:Epoch 81/100	Loss 9.1744 ± 0.0667
INFO:kbc-cli.py:Epoch 81/100	dev results	MRR 0.240131	H@1 0.099251	H@3 0.239700	H@5 0.357678	H@10 0.580524	H@20 0.936798	H@50 0.993914	H@100 1.000000
INFO:kbc-cli.py:Epoch 81/100	test results	MRR 0.241846	H@1 0.100093	H@3 0.242086	H@5 0.368250	H@10 0.576350	H@20 0.929702	H@50 0.996741	H@100 0.999534
INFO:kbc-cli.py:Epoch 82/100	Loss 9.1744 ± 0.0634
INFO:kbc-cli.py:Epoch 83/100	Loss 9.1744 ± 0.0646
INFO:kbc-cli.py:Epoch 84/100	Loss 9.1745 ± 0.0658
INFO:kbc-cli.py:Epoch 84/100	dev results	MRR 0.231161	H@1 0.084270	H@3 0.231742	H@5 0.358146	H@10 0.589419	H@20 0.936330	H@50 0.993914	H@100 1.000000
INFO:kbc-cli.py:Epoch 84/100	test results	MRR 0.237054	H@1 0.092179	H@3 0.234171	H@5 0.376164	H@10 0.589851	H@20 0.932495	H@50 0.996276	H@100 0.999534
INFO:kbc-cli.py:Epoch 85/100	Loss 9.1744 ± 0.0661
INFO:kbc-cli.py:Epoch 86/100	Loss 9.1746 ± 0.0649
INFO:kbc-cli.py:Epoch 87/100	Loss 9.1744 ± 0.0644
INFO:kbc-cli.py:Epoch 87/100	dev results	MRR 0.231141	H@1 0.078184	H@3 0.235019	H@5 0.370787	H@10 0.588951	H@20 0.931648	H@50 0.993914	H@100 1.000000
INFO:kbc-cli.py:Epoch 87/100	test results	MRR 0.233924	H@1 0.081471	H@3 0.249534	H@5 0.388268	H@10 0.589851	H@20 0.924581	H@50 0.996276	H@100 1.000000
INFO:kbc-cli.py:Epoch 88/100	Loss 9.1751 ± 0.0724
INFO:kbc-cli.py:Epoch 89/100	Loss 9.1744 ± 0.0631
INFO:kbc-cli.py:Epoch 90/100	Loss 9.1744 ± 0.0635
INFO:kbc-cli.py:Epoch 90/100	dev results	MRR 0.228105	H@1 0.080524	H@3 0.228464	H@5 0.330524	H@10 0.587547	H@20 0.929307	H@50 0.993446	H@100 1.000000
INFO:kbc-cli.py:Epoch 90/100	test results	MRR 0.229234	H@1 0.080540	H@3 0.228119	H@5 0.347300	H@10 0.594041	H@20 0.923184	H@50 0.997207	H@100 1.000000
INFO:kbc-cli.py:Epoch 91/100	Loss 9.1743 ± 0.0633
INFO:kbc-cli.py:Epoch 92/100	Loss 9.1744 ± 0.0644
INFO:kbc-cli.py:Epoch 93/100	Loss 9.1743 ± 0.0636
INFO:kbc-cli.py:Epoch 93/100	dev results	MRR 0.220962	H@1 0.071629	H@3 0.218633	H@5 0.360487	H@10 0.595974	H@20 0.933521	H@50 0.993914	H@100 1.000000
INFO:kbc-cli.py:Epoch 93/100	test results	MRR 0.220045	H@1 0.068901	H@3 0.227188	H@5 0.359870	H@10 0.596369	H@20 0.925978	H@50 0.996276	H@100 0.999534
INFO:kbc-cli.py:Epoch 94/100	Loss 9.1743 ± 0.0641
INFO:kbc-cli.py:Epoch 95/100	Loss 9.1744 ± 0.0635
INFO:kbc-cli.py:Epoch 96/100	Loss 9.1744 ± 0.0625
INFO:kbc-cli.py:Epoch 96/100	dev results	MRR 0.238661	H@1 0.093165	H@3 0.242978	H@5 0.365169	H@10 0.573970	H@20 0.930712	H@50 0.994850	H@100 1.000000
INFO:kbc-cli.py:Epoch 96/100	test results	MRR 0.241596	H@1 0.093575	H@3 0.245810	H@5 0.382216	H@10 0.580540	H@20 0.931099	H@50 0.996276	H@100 0.999534
INFO:kbc-cli.py:Epoch 97/100	Loss 9.1744 ± 0.0647
INFO:kbc-cli.py:Epoch 98/100	Loss 9.1743 ± 0.0648
INFO:kbc-cli.py:Epoch 99/100	Loss 9.1743 ± 0.0653
INFO:kbc-cli.py:Epoch 99/100	dev results	MRR 0.236844	H@1 0.092228	H@3 0.228933	H@5 0.370787	H@10 0.584738	H@20 0.931648	H@50 0.993914	H@100 1.000000
INFO:kbc-cli.py:Epoch 99/100	test results	MRR 0.229643	H@1 0.084264	H@3 0.223929	H@5 0.351955	H@10 0.579143	H@20 0.925512	H@50 0.996276	H@100 1.000000
INFO:kbc-cli.py:Epoch 100/100	Loss 9.1743 ± 0.0647
INFO:kbc-cli.py:Final 	dev results	MRR 0.227268	H@1 0.071161	H@3 0.247191	H@5 0.359082	H@10 0.576779	H@20 0.936798	H@50 0.994382	H@100 1.000000
INFO:kbc-cli.py:Final 	test results	MRR 0.236400	H@1 0.083799	H@3 0.251397	H@5 0.371974	H@10 0.579609	H@20 0.933426	H@50 0.995345	H@100 1.000000
INFO:kbc-cli.py:Training finished
