./bin/kbc-cli.py --train data/kinship/train.tsv --dev data/kinship/dev.tsv --test data/kinship/test.tsv -m complex -k 200 -b 100 -e 100 --F2 0 --N3 0.001 -l 0.1 -I standard -V 3 -o adagrad -c spo -q
{'F2': 0.0,
 'N3': 0.001,
 'batch_size': 100,
 'corruption': 'spo',
 'dev': 'data/kinship/dev.tsv',
 'embedding_size': 200,
 'epochs': 100,
 'eval_batch_size': None,
 'input_type': 'standard',
 'learning_rate': 0.1,
 'load': None,
 'model': 'complex',
 'optimizer': 'adagrad',
 'quiet': True,
 'save': None,
 'seed': 0,
 'test': 'data/kinship/test.tsv',
 'test_i': None,
 'test_ii': None,
 'train': 'data/kinship/train.tsv',
 'validate_every': 3}
INFO:kbc-cli.py:Device: cuda
INFO:kbc-cli.py:Model state:
INFO:kbc-cli.py:	entities.weight	torch.Size([104, 400])
INFO:kbc-cli.py:	predicates.weight	torch.Size([25, 400])
INFO:kbc-cli.py:Epoch 1/100	Loss 8.8546 ± 2.0275
INFO:kbc-cli.py:Epoch 2/100	Loss 5.8346 ± 0.2238
INFO:kbc-cli.py:Epoch 3/100	Loss 5.3432 ± 0.2569
INFO:kbc-cli.py:Epoch 3/100	dev results	MRR 0.858159	H@1 0.782772	H@3 0.923221	H@5 0.956461	H@10 0.977996	H@20 0.985487	H@50 0.993446	H@100 1.000000
INFO:kbc-cli.py:Epoch 3/100	test results	MRR 0.864763	H@1 0.789106	H@3 0.933426	H@5 0.964153	H@10 0.983706	H@20 0.992086	H@50 0.997207	H@100 1.000000
INFO:kbc-cli.py:Epoch 4/100	Loss 5.0898 ± 0.2211
INFO:kbc-cli.py:Epoch 5/100	Loss 4.9419 ± 0.2236
INFO:kbc-cli.py:Epoch 6/100	Loss 4.8337 ± 0.2209
INFO:kbc-cli.py:Epoch 6/100	dev results	MRR 0.879302	H@1 0.816011	H@3 0.935861	H@5 0.961610	H@10 0.977060	H@20 0.987360	H@50 0.993446	H@100 1.000000
INFO:kbc-cli.py:Epoch 6/100	test results	MRR 0.887237	H@1 0.824022	H@3 0.943203	H@5 0.968343	H@10 0.984637	H@20 0.992551	H@50 0.997207	H@100 1.000000
INFO:kbc-cli.py:Epoch 7/100	Loss 4.7613 ± 0.1983
INFO:kbc-cli.py:Epoch 8/100	Loss 4.7031 ± 0.1983
INFO:kbc-cli.py:Epoch 9/100	Loss 4.6578 ± 0.1819
INFO:kbc-cli.py:Epoch 9/100	dev results	MRR 0.882378	H@1 0.821161	H@3 0.936330	H@5 0.961142	H@10 0.978464	H@20 0.986891	H@50 0.993914	H@100 1.000000
INFO:kbc-cli.py:Epoch 9/100	test results	MRR 0.890137	H@1 0.829609	H@3 0.944600	H@5 0.965084	H@10 0.983706	H@20 0.993017	H@50 0.997207	H@100 1.000000
INFO:kbc-cli.py:Epoch 10/100	Loss 4.6210 ± 0.1908
INFO:kbc-cli.py:Epoch 11/100	Loss 4.5903 ± 0.1966
INFO:kbc-cli.py:Epoch 12/100	Loss 4.5645 ± 0.1689
INFO:kbc-cli.py:Epoch 12/100	dev results	MRR 0.882676	H@1 0.821161	H@3 0.935861	H@5 0.961142	H@10 0.977996	H@20 0.986891	H@50 0.993446	H@100 1.000000
INFO:kbc-cli.py:Epoch 12/100	test results	MRR 0.888386	H@1 0.825419	H@3 0.943669	H@5 0.968808	H@10 0.984171	H@20 0.993017	H@50 0.997672	H@100 1.000000
INFO:kbc-cli.py:Epoch 13/100	Loss 4.5407 ± 0.1925
INFO:kbc-cli.py:Epoch 14/100	Loss 4.5236 ± 0.1854
INFO:kbc-cli.py:Epoch 15/100	Loss 4.5052 ± 0.1624
INFO:kbc-cli.py:Epoch 15/100	dev results	MRR 0.882386	H@1 0.821161	H@3 0.933521	H@5 0.961610	H@10 0.977996	H@20 0.986891	H@50 0.993446	H@100 1.000000
INFO:kbc-cli.py:Epoch 15/100	test results	MRR 0.888985	H@1 0.827747	H@3 0.942737	H@5 0.966946	H@10 0.983706	H@20 0.993017	H@50 0.997672	H@100 1.000000
INFO:kbc-cli.py:Epoch 16/100	Loss 4.4917 ± 0.1827
INFO:kbc-cli.py:Epoch 17/100	Loss 4.4741 ± 0.1621
INFO:kbc-cli.py:Epoch 18/100	Loss 4.4648 ± 0.1815
INFO:kbc-cli.py:Epoch 18/100	dev results	MRR 0.882951	H@1 0.821629	H@3 0.935393	H@5 0.961610	H@10 0.977996	H@20 0.986423	H@50 0.993446	H@100 1.000000
INFO:kbc-cli.py:Epoch 18/100	test results	MRR 0.889317	H@1 0.827747	H@3 0.942737	H@5 0.966480	H@10 0.982775	H@20 0.992551	H@50 0.997672	H@100 1.000000
INFO:kbc-cli.py:Epoch 19/100	Loss 4.4544 ± 0.1678
INFO:kbc-cli.py:Epoch 20/100	Loss 4.4424 ± 0.1515
INFO:kbc-cli.py:Epoch 21/100	Loss 4.4347 ± 0.1732
INFO:kbc-cli.py:Epoch 21/100	dev results	MRR 0.882215	H@1 0.820693	H@3 0.933521	H@5 0.962547	H@10 0.977528	H@20 0.986423	H@50 0.993446	H@100 1.000000
INFO:kbc-cli.py:Epoch 21/100	test results	MRR 0.888282	H@1 0.825885	H@3 0.943203	H@5 0.966480	H@10 0.982775	H@20 0.993017	H@50 0.997672	H@100 1.000000
INFO:kbc-cli.py:Epoch 22/100	Loss 4.4228 ± 0.1724
INFO:kbc-cli.py:Epoch 23/100	Loss 4.4136 ± 0.1830
INFO:kbc-cli.py:Epoch 24/100	Loss 4.4090 ± 0.1460
INFO:kbc-cli.py:Epoch 24/100	dev results	MRR 0.882282	H@1 0.820225	H@3 0.934457	H@5 0.962547	H@10 0.976592	H@20 0.986423	H@50 0.993446	H@100 1.000000
INFO:kbc-cli.py:Epoch 24/100	test results	MRR 0.888278	H@1 0.826350	H@3 0.942272	H@5 0.966015	H@10 0.982775	H@20 0.991620	H@50 0.997672	H@100 1.000000
INFO:kbc-cli.py:Epoch 25/100	Loss 4.4019 ± 0.1551
INFO:kbc-cli.py:Epoch 26/100	Loss 4.3915 ± 0.1608
INFO:kbc-cli.py:Epoch 27/100	Loss 4.3900 ± 0.1591
INFO:kbc-cli.py:Epoch 27/100	dev results	MRR 0.880586	H@1 0.816948	H@3 0.936798	H@5 0.961610	H@10 0.977528	H@20 0.986423	H@50 0.993446	H@100 1.000000
INFO:kbc-cli.py:Epoch 27/100	test results	MRR 0.888676	H@1 0.828212	H@3 0.940410	H@5 0.964618	H@10 0.982775	H@20 0.992086	H@50 0.997672	H@100 1.000000
INFO:kbc-cli.py:Epoch 28/100	Loss 4.3811 ± 0.1583
INFO:kbc-cli.py:Epoch 29/100	Loss 4.3786 ± 0.1524
INFO:kbc-cli.py:Epoch 30/100	Loss 4.3727 ± 0.1538
INFO:kbc-cli.py:Epoch 30/100	dev results	MRR 0.881103	H@1 0.817884	H@3 0.934457	H@5 0.962547	H@10 0.977060	H@20 0.986423	H@50 0.993446	H@100 1.000000
INFO:kbc-cli.py:Epoch 30/100	test results	MRR 0.884569	H@1 0.819832	H@3 0.939944	H@5 0.965084	H@10 0.982309	H@20 0.992086	H@50 0.997672	H@100 1.000000
INFO:kbc-cli.py:Epoch 31/100	Loss 4.3678 ± 0.1422
INFO:kbc-cli.py:Epoch 32/100	Loss 4.3621 ± 0.1311
INFO:kbc-cli.py:Epoch 33/100	Loss 4.3588 ± 0.1423
INFO:kbc-cli.py:Epoch 33/100	dev results	MRR 0.878763	H@1 0.814607	H@3 0.935393	H@5 0.962079	H@10 0.977060	H@20 0.986423	H@50 0.993446	H@100 1.000000
INFO:kbc-cli.py:Epoch 33/100	test results	MRR 0.884740	H@1 0.821229	H@3 0.939013	H@5 0.966480	H@10 0.982309	H@20 0.992086	H@50 0.997672	H@100 1.000000
INFO:kbc-cli.py:Epoch 34/100	Loss 4.3543 ± 0.1615
INFO:kbc-cli.py:Epoch 35/100	Loss 4.3502 ± 0.1467
INFO:kbc-cli.py:Epoch 36/100	Loss 4.3450 ± 0.1381
INFO:kbc-cli.py:Epoch 36/100	dev results	MRR 0.877754	H@1 0.812734	H@3 0.935393	H@5 0.963015	H@10 0.976592	H@20 0.986423	H@50 0.992978	H@100 1.000000
INFO:kbc-cli.py:Epoch 36/100	test results	MRR 0.884350	H@1 0.820764	H@3 0.939944	H@5 0.964153	H@10 0.982309	H@20 0.992551	H@50 0.997672	H@100 1.000000
INFO:kbc-cli.py:Epoch 37/100	Loss 4.3433 ± 0.1527
INFO:kbc-cli.py:Epoch 38/100	Loss 4.3415 ± 0.1502
INFO:kbc-cli.py:Epoch 39/100	Loss 4.3357 ± 0.1283
INFO:kbc-cli.py:Epoch 39/100	dev results	MRR 0.877785	H@1 0.813202	H@3 0.933989	H@5 0.962547	H@10 0.977996	H@20 0.986423	H@50 0.993446	H@100 1.000000
INFO:kbc-cli.py:Epoch 39/100	test results	MRR 0.884788	H@1 0.821695	H@3 0.939013	H@5 0.964153	H@10 0.981844	H@20 0.991620	H@50 0.997672	H@100 1.000000
INFO:kbc-cli.py:Epoch 40/100	Loss 4.3291 ± 0.1534
INFO:kbc-cli.py:Epoch 41/100	Loss 4.3289 ± 0.1349
INFO:kbc-cli.py:Epoch 42/100	Loss 4.3250 ± 0.1496
INFO:kbc-cli.py:Epoch 42/100	dev results	MRR 0.876934	H@1 0.810861	H@3 0.937266	H@5 0.961610	H@10 0.977528	H@20 0.986423	H@50 0.993914	H@100 1.000000
INFO:kbc-cli.py:Epoch 42/100	test results	MRR 0.884562	H@1 0.822160	H@3 0.939013	H@5 0.963222	H@10 0.981378	H@20 0.991620	H@50 0.997672	H@100 1.000000
INFO:kbc-cli.py:Epoch 43/100	Loss 4.3224 ± 0.1315
INFO:kbc-cli.py:Epoch 44/100	Loss 4.3208 ± 0.1495
INFO:kbc-cli.py:Epoch 45/100	Loss 4.3160 ± 0.1383
INFO:kbc-cli.py:Epoch 45/100	dev results	MRR 0.876514	H@1 0.810393	H@3 0.935861	H@5 0.960674	H@10 0.977060	H@20 0.986423	H@50 0.993914	H@100 1.000000
INFO:kbc-cli.py:Epoch 45/100	test results	MRR 0.885015	H@1 0.822626	H@3 0.938547	H@5 0.963222	H@10 0.981378	H@20 0.991620	H@50 0.997672	H@100 1.000000
INFO:kbc-cli.py:Epoch 46/100	Loss 4.3158 ± 0.1368
INFO:kbc-cli.py:Epoch 47/100	Loss 4.3125 ± 0.1338
INFO:kbc-cli.py:Epoch 48/100	Loss 4.3102 ± 0.1314
INFO:kbc-cli.py:Epoch 48/100	dev results	MRR 0.877418	H@1 0.812266	H@3 0.935393	H@5 0.961142	H@10 0.977060	H@20 0.986423	H@50 0.993446	H@100 1.000000
INFO:kbc-cli.py:Epoch 48/100	test results	MRR 0.884406	H@1 0.821229	H@3 0.939013	H@5 0.963687	H@10 0.981844	H@20 0.991155	H@50 0.997207	H@100 1.000000
INFO:kbc-cli.py:Epoch 49/100	Loss 4.3067 ± 0.1337
INFO:kbc-cli.py:Epoch 50/100	Loss 4.3053 ± 0.1286
INFO:kbc-cli.py:Epoch 51/100	Loss 4.3013 ± 0.1173
INFO:kbc-cli.py:Epoch 51/100	dev results	MRR 0.875541	H@1 0.808989	H@3 0.935393	H@5 0.961610	H@10 0.977060	H@20 0.986423	H@50 0.993446	H@100 1.000000
INFO:kbc-cli.py:Epoch 51/100	test results	MRR 0.884142	H@1 0.820764	H@3 0.938082	H@5 0.962291	H@10 0.981378	H@20 0.991155	H@50 0.997207	H@100 1.000000
INFO:kbc-cli.py:Epoch 52/100	Loss 4.2994 ± 0.1111
INFO:kbc-cli.py:Epoch 53/100	Loss 4.2995 ± 0.1429
INFO:kbc-cli.py:Epoch 54/100	Loss 4.2953 ± 0.1357
INFO:kbc-cli.py:Epoch 54/100	dev results	MRR 0.876628	H@1 0.810393	H@3 0.936798	H@5 0.961142	H@10 0.977060	H@20 0.986423	H@50 0.993446	H@100 1.000000
INFO:kbc-cli.py:Epoch 54/100	test results	MRR 0.883078	H@1 0.818436	H@3 0.938547	H@5 0.962291	H@10 0.981378	H@20 0.991620	H@50 0.997207	H@100 1.000000
INFO:kbc-cli.py:Epoch 55/100	Loss 4.2955 ± 0.1358
INFO:kbc-cli.py:Epoch 56/100	Loss 4.2908 ± 0.1267
INFO:kbc-cli.py:Epoch 57/100	Loss 4.2907 ± 0.1228
INFO:kbc-cli.py:Epoch 57/100	dev results	MRR 0.875043	H@1 0.808052	H@3 0.934457	H@5 0.960674	H@10 0.977060	H@20 0.986423	H@50 0.993446	H@100 1.000000
INFO:kbc-cli.py:Epoch 57/100	test results	MRR 0.881947	H@1 0.817039	H@3 0.938082	H@5 0.963222	H@10 0.981378	H@20 0.991155	H@50 0.997207	H@100 1.000000
INFO:kbc-cli.py:Epoch 58/100	Loss 4.2882 ± 0.1245
INFO:kbc-cli.py:Epoch 59/100	Loss 4.2865 ± 0.1368
INFO:kbc-cli.py:Epoch 60/100	Loss 4.2853 ± 0.1423
INFO:kbc-cli.py:Epoch 60/100	dev results	MRR 0.874504	H@1 0.806648	H@3 0.935393	H@5 0.960674	H@10 0.977528	H@20 0.985955	H@50 0.993446	H@100 1.000000
INFO:kbc-cli.py:Epoch 60/100	test results	MRR 0.882502	H@1 0.818436	H@3 0.937616	H@5 0.962756	H@10 0.981378	H@20 0.991155	H@50 0.997207	H@100 1.000000
INFO:kbc-cli.py:Epoch 61/100	Loss 4.2845 ± 0.1165
INFO:kbc-cli.py:Epoch 62/100	Loss 4.2830 ± 0.1280
INFO:kbc-cli.py:Epoch 63/100	Loss 4.2798 ± 0.1290
INFO:kbc-cli.py:Epoch 63/100	dev results	MRR 0.874671	H@1 0.807584	H@3 0.933989	H@5 0.961142	H@10 0.977528	H@20 0.986423	H@50 0.993446	H@100 1.000000
INFO:kbc-cli.py:Epoch 63/100	test results	MRR 0.881794	H@1 0.816574	H@3 0.938547	H@5 0.962291	H@10 0.981378	H@20 0.991155	H@50 0.997207	H@100 1.000000
INFO:kbc-cli.py:Epoch 64/100	Loss 4.2801 ± 0.1353
INFO:kbc-cli.py:Epoch 65/100	Loss 4.2783 ± 0.1456
INFO:kbc-cli.py:Epoch 66/100	Loss 4.2752 ± 0.1209
INFO:kbc-cli.py:Epoch 66/100	dev results	MRR 0.874825	H@1 0.807584	H@3 0.934925	H@5 0.960674	H@10 0.977996	H@20 0.986423	H@50 0.993446	H@100 1.000000
INFO:kbc-cli.py:Epoch 66/100	test results	MRR 0.881705	H@1 0.816574	H@3 0.936685	H@5 0.962756	H@10 0.981378	H@20 0.991155	H@50 0.997207	H@100 1.000000
INFO:kbc-cli.py:Epoch 67/100	Loss 4.2742 ± 0.1182
INFO:kbc-cli.py:Epoch 68/100	Loss 4.2741 ± 0.1440
INFO:kbc-cli.py:Epoch 69/100	Loss 4.2720 ± 0.1248
INFO:kbc-cli.py:Epoch 69/100	dev results	MRR 0.874236	H@1 0.806648	H@3 0.934925	H@5 0.960674	H@10 0.977060	H@20 0.985955	H@50 0.993446	H@100 1.000000
INFO:kbc-cli.py:Epoch 69/100	test results	MRR 0.880616	H@1 0.814246	H@3 0.938082	H@5 0.961825	H@10 0.981378	H@20 0.991155	H@50 0.997672	H@100 1.000000
INFO:kbc-cli.py:Epoch 70/100	Loss 4.2692 ± 0.1398
INFO:kbc-cli.py:Epoch 71/100	Loss 4.2697 ± 0.1279
INFO:kbc-cli.py:Epoch 72/100	Loss 4.2683 ± 0.1156
INFO:kbc-cli.py:Epoch 72/100	dev results	MRR 0.875012	H@1 0.807584	H@3 0.934457	H@5 0.962079	H@10 0.977996	H@20 0.985955	H@50 0.993446	H@100 1.000000
INFO:kbc-cli.py:Epoch 72/100	test results	MRR 0.879333	H@1 0.812384	H@3 0.936220	H@5 0.962291	H@10 0.981378	H@20 0.991155	H@50 0.997672	H@100 1.000000
INFO:kbc-cli.py:Epoch 73/100	Loss 4.2660 ± 0.0990
INFO:kbc-cli.py:Epoch 74/100	Loss 4.2645 ± 0.1337
INFO:kbc-cli.py:Epoch 75/100	Loss 4.2645 ± 0.1152
INFO:kbc-cli.py:Epoch 75/100	dev results	MRR 0.875008	H@1 0.808052	H@3 0.933521	H@5 0.961142	H@10 0.977528	H@20 0.985955	H@50 0.993446	H@100 1.000000
INFO:kbc-cli.py:Epoch 75/100	test results	MRR 0.880736	H@1 0.814246	H@3 0.937616	H@5 0.962291	H@10 0.981378	H@20 0.991155	H@50 0.997672	H@100 1.000000
INFO:kbc-cli.py:Epoch 76/100	Loss 4.2616 ± 0.1433
INFO:kbc-cli.py:Epoch 77/100	Loss 4.2613 ± 0.1271
INFO:kbc-cli.py:Epoch 78/100	Loss 4.2592 ± 0.1106
INFO:kbc-cli.py:Epoch 78/100	dev results	MRR 0.874189	H@1 0.806180	H@3 0.934925	H@5 0.960674	H@10 0.977060	H@20 0.985955	H@50 0.993446	H@100 1.000000
INFO:kbc-cli.py:Epoch 78/100	test results	MRR 0.881272	H@1 0.816108	H@3 0.936685	H@5 0.961825	H@10 0.981378	H@20 0.991155	H@50 0.997672	H@100 1.000000
INFO:kbc-cli.py:Epoch 79/100	Loss 4.2593 ± 0.1181
INFO:kbc-cli.py:Epoch 80/100	Loss 4.2569 ± 0.1327
INFO:kbc-cli.py:Epoch 81/100	Loss 4.2583 ± 0.1172
INFO:kbc-cli.py:Epoch 81/100	dev results	MRR 0.874099	H@1 0.806180	H@3 0.933989	H@5 0.960206	H@10 0.977060	H@20 0.985955	H@50 0.993446	H@100 1.000000
INFO:kbc-cli.py:Epoch 81/100	test results	MRR 0.879147	H@1 0.811918	H@3 0.938082	H@5 0.961359	H@10 0.981378	H@20 0.991155	H@50 0.997207	H@100 1.000000
INFO:kbc-cli.py:Epoch 82/100	Loss 4.2566 ± 0.1164
INFO:kbc-cli.py:Epoch 83/100	Loss 4.2563 ± 0.1304
INFO:kbc-cli.py:Epoch 84/100	Loss 4.2554 ± 0.1310
INFO:kbc-cli.py:Epoch 84/100	dev results	MRR 0.874391	H@1 0.806648	H@3 0.935393	H@5 0.960674	H@10 0.976124	H@20 0.985955	H@50 0.993446	H@100 1.000000
INFO:kbc-cli.py:Epoch 84/100	test results	MRR 0.878385	H@1 0.810521	H@3 0.937151	H@5 0.962291	H@10 0.980912	H@20 0.991155	H@50 0.997207	H@100 1.000000
INFO:kbc-cli.py:Epoch 85/100	Loss 4.2521 ± 0.1162
INFO:kbc-cli.py:Epoch 86/100	Loss 4.2532 ± 0.1261
INFO:kbc-cli.py:Epoch 87/100	Loss 4.2505 ± 0.1176
INFO:kbc-cli.py:Epoch 87/100	dev results	MRR 0.874209	H@1 0.806648	H@3 0.933989	H@5 0.960674	H@10 0.976592	H@20 0.985955	H@50 0.993446	H@100 1.000000
INFO:kbc-cli.py:Epoch 87/100	test results	MRR 0.878954	H@1 0.811918	H@3 0.936685	H@5 0.962291	H@10 0.980912	H@20 0.991155	H@50 0.997672	H@100 1.000000
INFO:kbc-cli.py:Epoch 88/100	Loss 4.2517 ± 0.1256
INFO:kbc-cli.py:Epoch 89/100	Loss 4.2482 ± 0.1250
INFO:kbc-cli.py:Epoch 90/100	Loss 4.2486 ± 0.1178
INFO:kbc-cli.py:Epoch 90/100	dev results	MRR 0.873808	H@1 0.806180	H@3 0.934925	H@5 0.959738	H@10 0.976592	H@20 0.985955	H@50 0.993446	H@100 1.000000
INFO:kbc-cli.py:Epoch 90/100	test results	MRR 0.878120	H@1 0.810521	H@3 0.936685	H@5 0.962291	H@10 0.980912	H@20 0.991155	H@50 0.997207	H@100 1.000000
INFO:kbc-cli.py:Epoch 91/100	Loss 4.2469 ± 0.1399
INFO:kbc-cli.py:Epoch 92/100	Loss 4.2471 ± 0.1160
INFO:kbc-cli.py:Epoch 93/100	Loss 4.2457 ± 0.1098
INFO:kbc-cli.py:Epoch 93/100	dev results	MRR 0.873516	H@1 0.805712	H@3 0.932584	H@5 0.960674	H@10 0.976592	H@20 0.985955	H@50 0.993446	H@100 1.000000
INFO:kbc-cli.py:Epoch 93/100	test results	MRR 0.878669	H@1 0.811453	H@3 0.937151	H@5 0.960894	H@10 0.980912	H@20 0.991620	H@50 0.997672	H@100 1.000000
INFO:kbc-cli.py:Epoch 94/100	Loss 4.2434 ± 0.1123
INFO:kbc-cli.py:Epoch 95/100	Loss 4.2438 ± 0.1254
INFO:kbc-cli.py:Epoch 96/100	Loss 4.2430 ± 0.1193
INFO:kbc-cli.py:Epoch 96/100	dev results	MRR 0.872369	H@1 0.803839	H@3 0.933521	H@5 0.960674	H@10 0.976124	H@20 0.985955	H@50 0.993446	H@100 1.000000
INFO:kbc-cli.py:Epoch 96/100	test results	MRR 0.877131	H@1 0.808194	H@3 0.937151	H@5 0.961825	H@10 0.980912	H@20 0.991155	H@50 0.997672	H@100 1.000000
INFO:kbc-cli.py:Epoch 97/100	Loss 4.2431 ± 0.1211
INFO:kbc-cli.py:Epoch 98/100	Loss 4.2402 ± 0.1056
INFO:kbc-cli.py:Epoch 99/100	Loss 4.2408 ± 0.1165
INFO:kbc-cli.py:Epoch 99/100	dev results	MRR 0.871624	H@1 0.801498	H@3 0.934457	H@5 0.959738	H@10 0.976592	H@20 0.985955	H@50 0.993914	H@100 1.000000
INFO:kbc-cli.py:Epoch 99/100	test results	MRR 0.877137	H@1 0.809125	H@3 0.937151	H@5 0.961825	H@10 0.980912	H@20 0.991155	H@50 0.998138	H@100 1.000000
INFO:kbc-cli.py:Epoch 100/100	Loss 4.2398 ± 0.1195
INFO:kbc-cli.py:Final 	dev results	MRR 0.872235	H@1 0.802903	H@3 0.934925	H@5 0.959738	H@10 0.977060	H@20 0.985955	H@50 0.993914	H@100 1.000000
INFO:kbc-cli.py:Final 	test results	MRR 0.877414	H@1 0.810056	H@3 0.936220	H@5 0.962291	H@10 0.980912	H@20 0.991155	H@50 0.997672	H@100 1.000000
INFO:kbc-cli.py:Training finished
