./bin/kbc-cli.py --train data/kinship/train.tsv --dev data/kinship/dev.tsv --test data/kinship/test.tsv -m complex -k 1000 -b 100 -e 100 --F2 0 --N3 0.0001 -l 0.1 -I reciprocal -V 3 -o adagrad -c so -q
{'F2': 0.0,
 'N3': 0.0001,
 'batch_size': 100,
 'corruption': 'so',
 'dev': 'data/kinship/dev.tsv',
 'embedding_size': 1000,
 'epochs': 100,
 'eval_batch_size': None,
 'input_type': 'reciprocal',
 'learning_rate': 0.1,
 'load': None,
 'model': 'complex',
 'optimizer': 'adagrad',
 'quiet': True,
 'save': None,
 'seed': 0,
 'test': 'data/kinship/test.tsv',
 'test_i': None,
 'test_ii': None,
 'train': 'data/kinship/train.tsv',
 'validate_every': 3}
INFO:kbc-cli.py:Device: cuda
INFO:kbc-cli.py:Model state:
INFO:kbc-cli.py:	entities.weight	torch.Size([104, 2000])
INFO:kbc-cli.py:	predicates.weight	torch.Size([50, 2000])
INFO:kbc-cli.py:Epoch 1/100	Loss 7.0151 ± 1.3079
INFO:kbc-cli.py:Epoch 2/100	Loss 5.1875 ± 0.1933
INFO:kbc-cli.py:Epoch 3/100	Loss 4.9065 ± 0.2226
INFO:kbc-cli.py:Epoch 3/100	dev results	MRR 0.869420	H@1 0.794944	H@3 0.937734	H@5 0.961610	H@10 0.982678	H@20 0.988764	H@50 0.994382	H@100 0.999532
INFO:kbc-cli.py:Epoch 3/100	test results	MRR 0.872379	H@1 0.798883	H@3 0.937616	H@5 0.969739	H@10 0.985568	H@20 0.993482	H@50 0.997672	H@100 1.000000
INFO:kbc-cli.py:Epoch 4/100	Loss 4.7614 ± 0.2280
INFO:kbc-cli.py:Epoch 5/100	Loss 4.6697 ± 0.2319
INFO:kbc-cli.py:Epoch 6/100	Loss 4.6043 ± 0.2127
INFO:kbc-cli.py:Epoch 6/100	dev results	MRR 0.877737	H@1 0.810393	H@3 0.934925	H@5 0.963483	H@10 0.983614	H@20 0.988764	H@50 0.994382	H@100 0.999532
INFO:kbc-cli.py:Epoch 6/100	test results	MRR 0.888423	H@1 0.824488	H@3 0.947393	H@5 0.970670	H@10 0.986499	H@20 0.993948	H@50 0.997207	H@100 1.000000
INFO:kbc-cli.py:Epoch 7/100	Loss 4.5530 ± 0.2088
INFO:kbc-cli.py:Epoch 8/100	Loss 4.5137 ± 0.2094
INFO:kbc-cli.py:Epoch 9/100	Loss 4.4831 ± 0.1982
INFO:kbc-cli.py:Epoch 9/100	dev results	MRR 0.880202	H@1 0.814139	H@3 0.937734	H@5 0.963483	H@10 0.981273	H@20 0.988764	H@50 0.994850	H@100 0.999532
INFO:kbc-cli.py:Epoch 9/100	test results	MRR 0.889750	H@1 0.825419	H@3 0.947858	H@5 0.972998	H@10 0.986965	H@20 0.993948	H@50 0.997207	H@100 1.000000
INFO:kbc-cli.py:Epoch 10/100	Loss 4.4564 ± 0.2025
INFO:kbc-cli.py:Epoch 11/100	Loss 4.4328 ± 0.2042
INFO:kbc-cli.py:Epoch 12/100	Loss 4.4128 ± 0.1936
INFO:kbc-cli.py:Epoch 12/100	dev results	MRR 0.881612	H@1 0.817416	H@3 0.939607	H@5 0.964419	H@10 0.983146	H@20 0.988764	H@50 0.994850	H@100 0.999532
INFO:kbc-cli.py:Epoch 12/100	test results	MRR 0.885917	H@1 0.814711	H@3 0.950186	H@5 0.975326	H@10 0.986499	H@20 0.993948	H@50 0.996741	H@100 1.000000
INFO:kbc-cli.py:Epoch 13/100	Loss 4.3957 ± 0.1851
INFO:kbc-cli.py:Epoch 14/100	Loss 4.3795 ± 0.1817
INFO:kbc-cli.py:Epoch 15/100	Loss 4.3662 ± 0.1847
INFO:kbc-cli.py:Epoch 15/100	dev results	MRR 0.882773	H@1 0.818820	H@3 0.941479	H@5 0.966292	H@10 0.982210	H@20 0.988764	H@50 0.994850	H@100 0.999532
INFO:kbc-cli.py:Epoch 15/100	test results	MRR 0.888943	H@1 0.822160	H@3 0.952980	H@5 0.975791	H@10 0.986965	H@20 0.993482	H@50 0.997207	H@100 1.000000
INFO:kbc-cli.py:Epoch 16/100	Loss 4.3528 ± 0.1782
INFO:kbc-cli.py:Epoch 17/100	Loss 4.3412 ± 0.1589
INFO:kbc-cli.py:Epoch 18/100	Loss 4.3320 ± 0.1752
INFO:kbc-cli.py:Epoch 18/100	dev results	MRR 0.881209	H@1 0.816479	H@3 0.939139	H@5 0.963951	H@10 0.983146	H@20 0.988764	H@50 0.994850	H@100 0.999532
INFO:kbc-cli.py:Epoch 18/100	test results	MRR 0.887766	H@1 0.820298	H@3 0.952980	H@5 0.975326	H@10 0.986499	H@20 0.993948	H@50 0.997207	H@100 1.000000
INFO:kbc-cli.py:Epoch 19/100	Loss 4.3212 ± 0.1738
INFO:kbc-cli.py:Epoch 20/100	Loss 4.3127 ± 0.1687
INFO:kbc-cli.py:Epoch 21/100	Loss 4.3042 ± 0.1677
INFO:kbc-cli.py:Epoch 21/100	dev results	MRR 0.882330	H@1 0.817416	H@3 0.940543	H@5 0.965824	H@10 0.983146	H@20 0.988764	H@50 0.994850	H@100 0.999532
INFO:kbc-cli.py:Epoch 21/100	test results	MRR 0.889993	H@1 0.823557	H@3 0.952514	H@5 0.974395	H@10 0.986499	H@20 0.993482	H@50 0.997207	H@100 1.000000
INFO:kbc-cli.py:Epoch 22/100	Loss 4.2967 ± 0.1713
INFO:kbc-cli.py:Epoch 23/100	Loss 4.2888 ± 0.1557
INFO:kbc-cli.py:Epoch 24/100	Loss 4.2831 ± 0.1623
INFO:kbc-cli.py:Epoch 24/100	dev results	MRR 0.880088	H@1 0.813670	H@3 0.941011	H@5 0.965824	H@10 0.983614	H@20 0.988764	H@50 0.994850	H@100 0.999532
INFO:kbc-cli.py:Epoch 24/100	test results	MRR 0.890601	H@1 0.824488	H@3 0.954376	H@5 0.974860	H@10 0.986965	H@20 0.993482	H@50 0.997207	H@100 1.000000
INFO:kbc-cli.py:Epoch 25/100	Loss 4.2763 ± 0.1516
INFO:kbc-cli.py:Epoch 26/100	Loss 4.2703 ± 0.1616
INFO:kbc-cli.py:Epoch 27/100	Loss 4.2649 ± 0.1563
INFO:kbc-cli.py:Epoch 27/100	dev results	MRR 0.881248	H@1 0.816011	H@3 0.941479	H@5 0.966292	H@10 0.983614	H@20 0.988764	H@50 0.994850	H@100 0.999532
INFO:kbc-cli.py:Epoch 27/100	test results	MRR 0.889363	H@1 0.822160	H@3 0.952514	H@5 0.976257	H@10 0.986499	H@20 0.993482	H@50 0.997207	H@100 1.000000
INFO:kbc-cli.py:Epoch 28/100	Loss 4.2603 ± 0.1525
INFO:kbc-cli.py:Epoch 29/100	Loss 4.2555 ± 0.1477
INFO:kbc-cli.py:Epoch 30/100	Loss 4.2496 ± 0.1635
INFO:kbc-cli.py:Epoch 30/100	dev results	MRR 0.879851	H@1 0.813670	H@3 0.940543	H@5 0.965356	H@10 0.983614	H@20 0.988764	H@50 0.994850	H@100 0.999532
INFO:kbc-cli.py:Epoch 30/100	test results	MRR 0.889181	H@1 0.822626	H@3 0.950186	H@5 0.974860	H@10 0.986965	H@20 0.993482	H@50 0.996741	H@100 1.000000
INFO:kbc-cli.py:Epoch 31/100	Loss 4.2459 ± 0.1548
INFO:kbc-cli.py:Epoch 32/100	Loss 4.2413 ± 0.1544
INFO:kbc-cli.py:Epoch 33/100	Loss 4.2369 ± 0.1439
INFO:kbc-cli.py:Epoch 33/100	dev results	MRR 0.882067	H@1 0.818352	H@3 0.939607	H@5 0.964888	H@10 0.984082	H@20 0.988764	H@50 0.994850	H@100 0.999532
INFO:kbc-cli.py:Epoch 33/100	test results	MRR 0.890952	H@1 0.825419	H@3 0.952048	H@5 0.975326	H@10 0.986965	H@20 0.993482	H@50 0.997207	H@100 1.000000
INFO:kbc-cli.py:Epoch 34/100	Loss 4.2332 ± 0.1525
INFO:kbc-cli.py:Epoch 35/100	Loss 4.2294 ± 0.1403
INFO:kbc-cli.py:Epoch 36/100	Loss 4.2252 ± 0.1407
INFO:kbc-cli.py:Epoch 36/100	dev results	MRR 0.881945	H@1 0.817416	H@3 0.941479	H@5 0.965356	H@10 0.983614	H@20 0.988764	H@50 0.994850	H@100 0.999532
INFO:kbc-cli.py:Epoch 36/100	test results	MRR 0.889618	H@1 0.822160	H@3 0.953911	H@5 0.974860	H@10 0.986965	H@20 0.993482	H@50 0.997207	H@100 1.000000
INFO:kbc-cli.py:Epoch 37/100	Loss 4.2221 ± 0.1394
INFO:kbc-cli.py:Epoch 38/100	Loss 4.2187 ± 0.1423
INFO:kbc-cli.py:Epoch 39/100	Loss 4.2155 ± 0.1450
INFO:kbc-cli.py:Epoch 39/100	dev results	MRR 0.882419	H@1 0.817884	H@3 0.940075	H@5 0.965824	H@10 0.984551	H@20 0.988764	H@50 0.994850	H@100 0.999532
INFO:kbc-cli.py:Epoch 39/100	test results	MRR 0.891426	H@1 0.827281	H@3 0.952048	H@5 0.976257	H@10 0.987430	H@20 0.993482	H@50 0.997207	H@100 1.000000
INFO:kbc-cli.py:Epoch 40/100	Loss 4.2120 ± 0.1507
INFO:kbc-cli.py:Epoch 41/100	Loss 4.2098 ± 0.1344
INFO:kbc-cli.py:Epoch 42/100	Loss 4.2061 ± 0.1378
INFO:kbc-cli.py:Epoch 42/100	dev results	MRR 0.881030	H@1 0.816011	H@3 0.939607	H@5 0.965824	H@10 0.984082	H@20 0.988764	H@50 0.994850	H@100 0.999532
INFO:kbc-cli.py:Epoch 42/100	test results	MRR 0.890636	H@1 0.824953	H@3 0.954376	H@5 0.975791	H@10 0.986965	H@20 0.993482	H@50 0.996741	H@100 1.000000
INFO:kbc-cli.py:Epoch 43/100	Loss 4.2038 ± 0.1479
INFO:kbc-cli.py:Epoch 44/100	Loss 4.2011 ± 0.1493
INFO:kbc-cli.py:Epoch 45/100	Loss 4.1982 ± 0.1352
INFO:kbc-cli.py:Epoch 45/100	dev results	MRR 0.879835	H@1 0.814607	H@3 0.939139	H@5 0.966292	H@10 0.984082	H@20 0.988764	H@50 0.994850	H@100 0.999532
INFO:kbc-cli.py:Epoch 45/100	test results	MRR 0.888396	H@1 0.820764	H@3 0.952514	H@5 0.975791	H@10 0.986965	H@20 0.993482	H@50 0.997207	H@100 1.000000
INFO:kbc-cli.py:Epoch 46/100	Loss 4.1960 ± 0.1573
INFO:kbc-cli.py:Epoch 47/100	Loss 4.1935 ± 0.1382
INFO:kbc-cli.py:Epoch 48/100	Loss 4.1909 ± 0.1515
INFO:kbc-cli.py:Epoch 48/100	dev results	MRR 0.880619	H@1 0.815543	H@3 0.941479	H@5 0.966760	H@10 0.984082	H@20 0.988764	H@50 0.994850	H@100 0.999532
INFO:kbc-cli.py:Epoch 48/100	test results	MRR 0.886263	H@1 0.816574	H@3 0.952048	H@5 0.975326	H@10 0.987430	H@20 0.993482	H@50 0.997207	H@100 1.000000
INFO:kbc-cli.py:Epoch 49/100	Loss 4.1885 ± 0.1419
INFO:kbc-cli.py:Epoch 50/100	Loss 4.1868 ± 0.1424
INFO:kbc-cli.py:Epoch 51/100	Loss 4.1846 ± 0.1356
INFO:kbc-cli.py:Epoch 51/100	dev results	MRR 0.880478	H@1 0.814607	H@3 0.936798	H@5 0.966292	H@10 0.984082	H@20 0.988764	H@50 0.994850	H@100 0.999532
INFO:kbc-cli.py:Epoch 51/100	test results	MRR 0.889182	H@1 0.821695	H@3 0.952514	H@5 0.976257	H@10 0.986965	H@20 0.993482	H@50 0.997207	H@100 1.000000
INFO:kbc-cli.py:Epoch 52/100	Loss 4.1822 ± 0.1348
INFO:kbc-cli.py:Epoch 53/100	Loss 4.1805 ± 0.1346
INFO:kbc-cli.py:Epoch 54/100	Loss 4.1780 ± 0.1308
INFO:kbc-cli.py:Epoch 54/100	dev results	MRR 0.879885	H@1 0.813202	H@3 0.940075	H@5 0.967228	H@10 0.984082	H@20 0.988764	H@50 0.994850	H@100 0.999532
INFO:kbc-cli.py:Epoch 54/100	test results	MRR 0.887783	H@1 0.819832	H@3 0.951117	H@5 0.975791	H@10 0.987430	H@20 0.993482	H@50 0.996741	H@100 1.000000
INFO:kbc-cli.py:Epoch 55/100	Loss 4.1764 ± 0.1447
INFO:kbc-cli.py:Epoch 56/100	Loss 4.1740 ± 0.1302
INFO:kbc-cli.py:Epoch 57/100	Loss 4.1727 ± 0.1427
INFO:kbc-cli.py:Epoch 57/100	dev results	MRR 0.881149	H@1 0.816011	H@3 0.939139	H@5 0.966292	H@10 0.984551	H@20 0.988764	H@50 0.994850	H@100 0.999532
INFO:kbc-cli.py:Epoch 57/100	test results	MRR 0.887621	H@1 0.819832	H@3 0.951583	H@5 0.973929	H@10 0.987430	H@20 0.993948	H@50 0.996741	H@100 1.000000
INFO:kbc-cli.py:Epoch 58/100	Loss 4.1712 ± 0.1418
INFO:kbc-cli.py:Epoch 59/100	Loss 4.1688 ± 0.1383
INFO:kbc-cli.py:Epoch 60/100	Loss 4.1673 ± 0.1362
INFO:kbc-cli.py:Epoch 60/100	dev results	MRR 0.881135	H@1 0.815543	H@3 0.939607	H@5 0.966292	H@10 0.984551	H@20 0.988764	H@50 0.994850	H@100 0.999532
INFO:kbc-cli.py:Epoch 60/100	test results	MRR 0.888815	H@1 0.822160	H@3 0.951117	H@5 0.975791	H@10 0.987430	H@20 0.993482	H@50 0.997207	H@100 1.000000
INFO:kbc-cli.py:Epoch 61/100	Loss 4.1657 ± 0.1335
INFO:kbc-cli.py:Epoch 62/100	Loss 4.1639 ± 0.1370
INFO:kbc-cli.py:Epoch 63/100	Loss 4.1623 ± 0.1357
INFO:kbc-cli.py:Epoch 63/100	dev results	MRR 0.879514	H@1 0.812734	H@3 0.940543	H@5 0.966292	H@10 0.984082	H@20 0.988764	H@50 0.994850	H@100 0.999532
INFO:kbc-cli.py:Epoch 63/100	test results	MRR 0.887559	H@1 0.819367	H@3 0.951583	H@5 0.974395	H@10 0.986965	H@20 0.993948	H@50 0.996741	H@100 1.000000
INFO:kbc-cli.py:Epoch 64/100	Loss 4.1606 ± 0.1331
INFO:kbc-cli.py:Epoch 65/100	Loss 4.1592 ± 0.1328
INFO:kbc-cli.py:Epoch 66/100	Loss 4.1576 ± 0.1358
INFO:kbc-cli.py:Epoch 66/100	dev results	MRR 0.882547	H@1 0.819288	H@3 0.939139	H@5 0.965824	H@10 0.984551	H@20 0.988764	H@50 0.994850	H@100 0.999532
INFO:kbc-cli.py:Epoch 66/100	test results	MRR 0.887259	H@1 0.819367	H@3 0.951117	H@5 0.974860	H@10 0.987430	H@20 0.993948	H@50 0.996741	H@100 1.000000
INFO:kbc-cli.py:Epoch 67/100	Loss 4.1569 ± 0.1338
INFO:kbc-cli.py:Epoch 68/100	Loss 4.1549 ± 0.1365
INFO:kbc-cli.py:Epoch 69/100	Loss 4.1536 ± 0.1200
INFO:kbc-cli.py:Epoch 69/100	dev results	MRR 0.880436	H@1 0.815075	H@3 0.938202	H@5 0.966292	H@10 0.984551	H@20 0.988764	H@50 0.994850	H@100 0.999532
INFO:kbc-cli.py:Epoch 69/100	test results	MRR 0.887660	H@1 0.819367	H@3 0.950652	H@5 0.974395	H@10 0.986965	H@20 0.993482	H@50 0.996741	H@100 1.000000
INFO:kbc-cli.py:Epoch 70/100	Loss 4.1525 ± 0.1372
INFO:kbc-cli.py:Epoch 71/100	Loss 4.1506 ± 0.1249
INFO:kbc-cli.py:Epoch 72/100	Loss 4.1499 ± 0.1283
INFO:kbc-cli.py:Epoch 72/100	dev results	MRR 0.879853	H@1 0.813670	H@3 0.938202	H@5 0.965824	H@10 0.984082	H@20 0.988764	H@50 0.994850	H@100 0.999532
INFO:kbc-cli.py:Epoch 72/100	test results	MRR 0.887468	H@1 0.818901	H@3 0.950652	H@5 0.974395	H@10 0.987430	H@20 0.993482	H@50 0.996741	H@100 1.000000
INFO:kbc-cli.py:Epoch 73/100	Loss 4.1489 ± 0.1257
INFO:kbc-cli.py:Epoch 74/100	Loss 4.1474 ± 0.1309
INFO:kbc-cli.py:Epoch 75/100	Loss 4.1461 ± 0.1291
INFO:kbc-cli.py:Epoch 75/100	dev results	MRR 0.879339	H@1 0.812734	H@3 0.937734	H@5 0.965824	H@10 0.984551	H@20 0.988764	H@50 0.994850	H@100 0.999532
INFO:kbc-cli.py:Epoch 75/100	test results	MRR 0.887670	H@1 0.819832	H@3 0.949721	H@5 0.975326	H@10 0.987430	H@20 0.993482	H@50 0.996741	H@100 1.000000
INFO:kbc-cli.py:Epoch 76/100	Loss 4.1451 ± 0.1235
INFO:kbc-cli.py:Epoch 77/100	Loss 4.1437 ± 0.1304
INFO:kbc-cli.py:Epoch 78/100	Loss 4.1421 ± 0.1188
INFO:kbc-cli.py:Epoch 78/100	dev results	MRR 0.879954	H@1 0.813202	H@3 0.938670	H@5 0.966292	H@10 0.984551	H@20 0.988764	H@50 0.994850	H@100 0.999532
INFO:kbc-cli.py:Epoch 78/100	test results	MRR 0.888009	H@1 0.820764	H@3 0.949255	H@5 0.973929	H@10 0.986499	H@20 0.993482	H@50 0.996741	H@100 1.000000
INFO:kbc-cli.py:Epoch 79/100	Loss 4.1414 ± 0.1296
INFO:kbc-cli.py:Epoch 80/100	Loss 4.1401 ± 0.1354
INFO:kbc-cli.py:Epoch 81/100	Loss 4.1396 ± 0.1364
INFO:kbc-cli.py:Epoch 81/100	dev results	MRR 0.880483	H@1 0.815075	H@3 0.939139	H@5 0.965824	H@10 0.984082	H@20 0.988764	H@50 0.994850	H@100 0.999532
INFO:kbc-cli.py:Epoch 81/100	test results	MRR 0.887407	H@1 0.819367	H@3 0.950652	H@5 0.974395	H@10 0.987430	H@20 0.993482	H@50 0.996741	H@100 1.000000
INFO:kbc-cli.py:Epoch 82/100	Loss 4.1381 ± 0.1179
INFO:kbc-cli.py:Epoch 83/100	Loss 4.1375 ± 0.1458
INFO:kbc-cli.py:Epoch 84/100	Loss 4.1359 ± 0.1189
INFO:kbc-cli.py:Epoch 84/100	dev results	MRR 0.880294	H@1 0.814607	H@3 0.940075	H@5 0.966292	H@10 0.983614	H@20 0.988764	H@50 0.994850	H@100 0.999532
INFO:kbc-cli.py:Epoch 84/100	test results	MRR 0.888070	H@1 0.820764	H@3 0.950652	H@5 0.974860	H@10 0.987430	H@20 0.993482	H@50 0.996741	H@100 1.000000
INFO:kbc-cli.py:Epoch 85/100	Loss 4.1348 ± 0.1323
INFO:kbc-cli.py:Epoch 86/100	Loss 4.1344 ± 0.1306
INFO:kbc-cli.py:Epoch 87/100	Loss 4.1333 ± 0.1344
INFO:kbc-cli.py:Epoch 87/100	dev results	MRR 0.880566	H@1 0.815543	H@3 0.937266	H@5 0.967228	H@10 0.984551	H@20 0.988764	H@50 0.994850	H@100 0.999532
INFO:kbc-cli.py:Epoch 87/100	test results	MRR 0.887633	H@1 0.820298	H@3 0.949255	H@5 0.975791	H@10 0.987430	H@20 0.993482	H@50 0.996741	H@100 1.000000
INFO:kbc-cli.py:Epoch 88/100	Loss 4.1322 ± 0.1128
INFO:kbc-cli.py:Epoch 89/100	Loss 4.1308 ± 0.1131
INFO:kbc-cli.py:Epoch 90/100	Loss 4.1303 ± 0.1204
INFO:kbc-cli.py:Epoch 90/100	dev results	MRR 0.878942	H@1 0.812266	H@3 0.938670	H@5 0.966292	H@10 0.984082	H@20 0.988764	H@50 0.994850	H@100 0.999532
INFO:kbc-cli.py:Epoch 90/100	test results	MRR 0.887816	H@1 0.820298	H@3 0.951117	H@5 0.974395	H@10 0.987430	H@20 0.993482	H@50 0.996741	H@100 1.000000
INFO:kbc-cli.py:Epoch 91/100	Loss 4.1290 ± 0.1237
INFO:kbc-cli.py:Epoch 92/100	Loss 4.1287 ± 0.1377
INFO:kbc-cli.py:Epoch 93/100	Loss 4.1273 ± 0.1248
INFO:kbc-cli.py:Epoch 93/100	dev results	MRR 0.880964	H@1 0.815543	H@3 0.940543	H@5 0.965824	H@10 0.984082	H@20 0.988764	H@50 0.994850	H@100 0.999532
INFO:kbc-cli.py:Epoch 93/100	test results	MRR 0.887665	H@1 0.819832	H@3 0.950652	H@5 0.973464	H@10 0.986965	H@20 0.993482	H@50 0.996741	H@100 1.000000
INFO:kbc-cli.py:Epoch 94/100	Loss 4.1265 ± 0.1206
INFO:kbc-cli.py:Epoch 95/100	Loss 4.1256 ± 0.1400
INFO:kbc-cli.py:Epoch 96/100	Loss 4.1248 ± 0.1230
INFO:kbc-cli.py:Epoch 96/100	dev results	MRR 0.881032	H@1 0.816479	H@3 0.936798	H@5 0.966760	H@10 0.984551	H@20 0.988764	H@50 0.994850	H@100 0.999532
INFO:kbc-cli.py:Epoch 96/100	test results	MRR 0.887043	H@1 0.818901	H@3 0.950186	H@5 0.974860	H@10 0.987430	H@20 0.993482	H@50 0.996741	H@100 1.000000
INFO:kbc-cli.py:Epoch 97/100	Loss 4.1239 ± 0.1223
INFO:kbc-cli.py:Epoch 98/100	Loss 4.1231 ± 0.1297
INFO:kbc-cli.py:Epoch 99/100	Loss 4.1225 ± 0.1249
INFO:kbc-cli.py:Epoch 99/100	dev results	MRR 0.880037	H@1 0.815543	H@3 0.936330	H@5 0.966292	H@10 0.984082	H@20 0.988764	H@50 0.994850	H@100 0.999532
INFO:kbc-cli.py:Epoch 99/100	test results	MRR 0.886959	H@1 0.818901	H@3 0.950186	H@5 0.974395	H@10 0.986965	H@20 0.993482	H@50 0.996741	H@100 1.000000
INFO:kbc-cli.py:Epoch 100/100	Loss 4.1216 ± 0.1145
INFO:kbc-cli.py:Final 	dev results	MRR 0.879507	H@1 0.813670	H@3 0.936798	H@5 0.966760	H@10 0.984551	H@20 0.988764	H@50 0.994850	H@100 0.999532
INFO:kbc-cli.py:Final 	test results	MRR 0.887787	H@1 0.820298	H@3 0.949721	H@5 0.974395	H@10 0.986965	H@20 0.993482	H@50 0.996741	H@100 1.000000
INFO:kbc-cli.py:Training finished
