./bin/kbc-cli.py --train data/umls/train.tsv --dev data/umls/dev.tsv --test data/umls/test.tsv -m complex -k 1000 -b 10 -e 100 --F2 0 --N3 0.0005 -l 0.1 -I standard -V 3 -o adagrad -c so -q
{'F2': 0.0,
 'N3': 0.0005,
 'batch_size': 10,
 'corruption': 'so',
 'dev': 'data/umls/dev.tsv',
 'embedding_size': 1000,
 'epochs': 100,
 'eval_batch_size': None,
 'input_type': 'standard',
 'learning_rate': 0.1,
 'load': None,
 'model': 'complex',
 'optimizer': 'adagrad',
 'quiet': True,
 'save': None,
 'seed': 0,
 'test': 'data/umls/test.tsv',
 'test_i': None,
 'test_ii': None,
 'train': 'data/umls/train.tsv',
 'validate_every': 3}
INFO:kbc-cli.py:Device: cuda
INFO:kbc-cli.py:Model state:
INFO:kbc-cli.py:	entities.weight	torch.Size([135, 2000])
INFO:kbc-cli.py:	predicates.weight	torch.Size([46, 2000])
INFO:kbc-cli.py:Epoch 1/100	Loss 7.6129 ± 1.1199
INFO:kbc-cli.py:Epoch 2/100	Loss 6.0626 ± 0.4063
INFO:kbc-cli.py:Epoch 3/100	Loss 5.8064 ± 0.3892
INFO:kbc-cli.py:Epoch 3/100	dev results	MRR 0.932983	H@1 0.881135	H@3 0.980061	H@5 0.989264	H@10 0.998466	H@20 0.999233	H@50 1.000000	H@100 1.000000
INFO:kbc-cli.py:Epoch 3/100	test results	MRR 0.923624	H@1 0.866112	H@3 0.979576	H@5 0.990166	H@10 0.996218	H@20 0.998487	H@50 1.000000	H@100 1.000000
INFO:kbc-cli.py:Epoch 4/100	Loss 5.6867 ± 0.4098
INFO:kbc-cli.py:Epoch 5/100	Loss 5.6116 ± 0.4039
INFO:kbc-cli.py:Epoch 6/100	Loss 5.5564 ± 0.4264
INFO:kbc-cli.py:Epoch 6/100	dev results	MRR 0.930220	H@1 0.872699	H@3 0.986963	H@5 0.993865	H@10 0.997699	H@20 0.999233	H@50 1.000000	H@100 1.000000
INFO:kbc-cli.py:Epoch 6/100	test results	MRR 0.924777	H@1 0.863843	H@3 0.986384	H@5 0.993949	H@10 0.997731	H@20 0.998487	H@50 1.000000	H@100 1.000000
INFO:kbc-cli.py:Epoch 7/100	Loss 5.5125 ± 0.4087
INFO:kbc-cli.py:Epoch 8/100	Loss 5.4745 ± 0.4007
INFO:kbc-cli.py:Epoch 9/100	Loss 5.4439 ± 0.4140
INFO:kbc-cli.py:Epoch 9/100	dev results	MRR 0.952847	H@1 0.916411	H@3 0.985429	H@5 0.995399	H@10 0.998466	H@20 0.998466	H@50 1.000000	H@100 1.000000
INFO:kbc-cli.py:Epoch 9/100	test results	MRR 0.945633	H@1 0.903933	H@3 0.985628	H@5 0.991679	H@10 0.997731	H@20 0.999244	H@50 1.000000	H@100 1.000000
INFO:kbc-cli.py:Epoch 10/100	Loss 5.4221 ± 0.4204
INFO:kbc-cli.py:Epoch 11/100	Loss 5.3988 ± 0.4165
INFO:kbc-cli.py:Epoch 12/100	Loss 5.3772 ± 0.4090
INFO:kbc-cli.py:Epoch 12/100	dev results	MRR 0.955752	H@1 0.922546	H@3 0.986963	H@5 0.992331	H@10 0.998466	H@20 0.998466	H@50 1.000000	H@100 1.000000
INFO:kbc-cli.py:Epoch 12/100	test results	MRR 0.947690	H@1 0.907716	H@3 0.984871	H@5 0.992436	H@10 0.998487	H@20 0.998487	H@50 1.000000	H@100 1.000000
INFO:kbc-cli.py:Epoch 13/100	Loss 5.3602 ± 0.4307
INFO:kbc-cli.py:Epoch 14/100	Loss 5.3421 ± 0.4120
INFO:kbc-cli.py:Epoch 15/100	Loss 5.3285 ± 0.3912
INFO:kbc-cli.py:Epoch 15/100	dev results	MRR 0.963820	H@1 0.937117	H@3 0.990031	H@5 0.994632	H@10 0.998466	H@20 0.998466	H@50 1.000000	H@100 1.000000
INFO:kbc-cli.py:Epoch 15/100	test results	MRR 0.956491	H@1 0.925870	H@3 0.984115	H@5 0.992436	H@10 0.998487	H@20 0.999244	H@50 1.000000	H@100 1.000000
INFO:kbc-cli.py:Epoch 16/100	Loss 5.3123 ± 0.3951
INFO:kbc-cli.py:Epoch 17/100	Loss 5.3002 ± 0.3999
INFO:kbc-cli.py:Epoch 18/100	Loss 5.2882 ± 0.4187
INFO:kbc-cli.py:Epoch 18/100	dev results	MRR 0.957530	H@1 0.925613	H@3 0.987730	H@5 0.993098	H@10 0.998466	H@20 0.998466	H@50 1.000000	H@100 1.000000
INFO:kbc-cli.py:Epoch 18/100	test results	MRR 0.952915	H@1 0.918306	H@3 0.984871	H@5 0.991679	H@10 0.998487	H@20 0.999244	H@50 1.000000	H@100 1.000000
INFO:kbc-cli.py:Epoch 19/100	Loss 5.2795 ± 0.3969
INFO:kbc-cli.py:Epoch 20/100	Loss 5.2699 ± 0.3835
INFO:kbc-cli.py:Epoch 21/100	Loss 5.2604 ± 0.4124
INFO:kbc-cli.py:Epoch 21/100	dev results	MRR 0.958591	H@1 0.927914	H@3 0.986963	H@5 0.992331	H@10 0.998466	H@20 0.998466	H@50 1.000000	H@100 1.000000
INFO:kbc-cli.py:Epoch 21/100	test results	MRR 0.953193	H@1 0.919062	H@3 0.985628	H@5 0.992436	H@10 0.998487	H@20 0.998487	H@50 1.000000	H@100 1.000000
INFO:kbc-cli.py:Epoch 22/100	Loss 5.2510 ± 0.4114
INFO:kbc-cli.py:Epoch 23/100	Loss 5.2422 ± 0.3852
INFO:kbc-cli.py:Epoch 24/100	Loss 5.2317 ± 0.3899
INFO:kbc-cli.py:Epoch 24/100	dev results	MRR 0.958712	H@1 0.927914	H@3 0.988497	H@5 0.992331	H@10 0.997699	H@20 0.998466	H@50 1.000000	H@100 1.000000
INFO:kbc-cli.py:Epoch 24/100	test results	MRR 0.954785	H@1 0.921331	H@3 0.985628	H@5 0.991679	H@10 0.998487	H@20 0.998487	H@50 1.000000	H@100 1.000000
INFO:kbc-cli.py:Epoch 25/100	Loss 5.2289 ± 0.3907
INFO:kbc-cli.py:Epoch 26/100	Loss 5.2173 ± 0.3934
INFO:kbc-cli.py:Epoch 27/100	Loss 5.2138 ± 0.3903
INFO:kbc-cli.py:Epoch 27/100	dev results	MRR 0.960492	H@1 0.933282	H@3 0.985429	H@5 0.991564	H@10 0.996933	H@20 0.998466	H@50 0.999233	H@100 1.000000
INFO:kbc-cli.py:Epoch 27/100	test results	MRR 0.957528	H@1 0.927383	H@3 0.984871	H@5 0.991679	H@10 0.998487	H@20 0.998487	H@50 1.000000	H@100 1.000000
INFO:kbc-cli.py:Epoch 28/100	Loss 5.2075 ± 0.4165
INFO:kbc-cli.py:Epoch 29/100	Loss 5.2011 ± 0.3745
INFO:kbc-cli.py:Epoch 30/100	Loss 5.1966 ± 0.4072
INFO:kbc-cli.py:Epoch 30/100	dev results	MRR 0.963181	H@1 0.938650	H@3 0.985429	H@5 0.992331	H@10 0.997699	H@20 0.998466	H@50 1.000000	H@100 1.000000
INFO:kbc-cli.py:Epoch 30/100	test results	MRR 0.961279	H@1 0.934947	H@3 0.984871	H@5 0.991679	H@10 0.998487	H@20 0.998487	H@50 1.000000	H@100 1.000000
INFO:kbc-cli.py:Epoch 31/100	Loss 5.1905 ± 0.3949
INFO:kbc-cli.py:Epoch 32/100	Loss 5.1849 ± 0.3979
INFO:kbc-cli.py:Epoch 33/100	Loss 5.1804 ± 0.3884
INFO:kbc-cli.py:Epoch 33/100	dev results	MRR 0.966511	H@1 0.944018	H@3 0.985429	H@5 0.993098	H@10 0.997699	H@20 0.998466	H@50 0.999233	H@100 1.000000
INFO:kbc-cli.py:Epoch 33/100	test results	MRR 0.958401	H@1 0.929652	H@3 0.984115	H@5 0.990923	H@10 0.998487	H@20 0.998487	H@50 1.000000	H@100 1.000000
INFO:kbc-cli.py:Epoch 34/100	Loss 5.1742 ± 0.4010
INFO:kbc-cli.py:Epoch 35/100	Loss 5.1711 ± 0.3914
INFO:kbc-cli.py:Epoch 36/100	Loss 5.1666 ± 0.3940
INFO:kbc-cli.py:Epoch 36/100	dev results	MRR 0.959238	H@1 0.929448	H@3 0.986963	H@5 0.993098	H@10 0.996933	H@20 0.998466	H@50 1.000000	H@100 1.000000
INFO:kbc-cli.py:Epoch 36/100	test results	MRR 0.957380	H@1 0.927383	H@3 0.984871	H@5 0.991679	H@10 0.998487	H@20 0.998487	H@50 1.000000	H@100 1.000000
INFO:kbc-cli.py:Epoch 37/100	Loss 5.1644 ± 0.3834
INFO:kbc-cli.py:Epoch 38/100	Loss 5.1578 ± 0.3918
INFO:kbc-cli.py:Epoch 39/100	Loss 5.1546 ± 0.4065
INFO:kbc-cli.py:Epoch 39/100	dev results	MRR 0.964959	H@1 0.941718	H@3 0.986196	H@5 0.993098	H@10 0.996166	H@20 0.998466	H@50 0.999233	H@100 1.000000
INFO:kbc-cli.py:Epoch 39/100	test results	MRR 0.961106	H@1 0.934191	H@3 0.984871	H@5 0.991679	H@10 0.998487	H@20 0.998487	H@50 1.000000	H@100 1.000000
INFO:kbc-cli.py:Epoch 40/100	Loss 5.1497 ± 0.3836
INFO:kbc-cli.py:Epoch 41/100	Loss 5.1464 ± 0.3986
INFO:kbc-cli.py:Epoch 42/100	Loss 5.1445 ± 0.3959
INFO:kbc-cli.py:Epoch 42/100	dev results	MRR 0.966197	H@1 0.944018	H@3 0.986963	H@5 0.993098	H@10 0.996166	H@20 0.998466	H@50 0.999233	H@100 1.000000
INFO:kbc-cli.py:Epoch 42/100	test results	MRR 0.960512	H@1 0.933434	H@3 0.985628	H@5 0.991679	H@10 0.998487	H@20 0.998487	H@50 1.000000	H@100 1.000000
INFO:kbc-cli.py:Epoch 43/100	Loss 5.1414 ± 0.3965
INFO:kbc-cli.py:Epoch 44/100	Loss 5.1366 ± 0.3768
INFO:kbc-cli.py:Epoch 45/100	Loss 5.1327 ± 0.3833
INFO:kbc-cli.py:Epoch 45/100	dev results	MRR 0.963174	H@1 0.938650	H@3 0.983896	H@5 0.993098	H@10 0.996166	H@20 0.998466	H@50 0.999233	H@100 1.000000
INFO:kbc-cli.py:Epoch 45/100	test results	MRR 0.959941	H@1 0.931165	H@3 0.986384	H@5 0.991679	H@10 0.998487	H@20 0.998487	H@50 1.000000	H@100 1.000000
INFO:kbc-cli.py:Epoch 46/100	Loss 5.1311 ± 0.3865
INFO:kbc-cli.py:Epoch 47/100	Loss 5.1274 ± 0.3551
INFO:kbc-cli.py:Epoch 48/100	Loss 5.1250 ± 0.4062
INFO:kbc-cli.py:Epoch 48/100	dev results	MRR 0.962247	H@1 0.936350	H@3 0.985429	H@5 0.993865	H@10 0.996166	H@20 0.998466	H@50 0.999233	H@100 1.000000
INFO:kbc-cli.py:Epoch 48/100	test results	MRR 0.955330	H@1 0.923601	H@3 0.985628	H@5 0.992436	H@10 0.998487	H@20 0.998487	H@50 1.000000	H@100 1.000000
INFO:kbc-cli.py:Epoch 49/100	Loss 5.1214 ± 0.3738
INFO:kbc-cli.py:Epoch 50/100	Loss 5.1200 ± 0.3977
INFO:kbc-cli.py:Epoch 51/100	Loss 5.1174 ± 0.3836
INFO:kbc-cli.py:Epoch 51/100	dev results	MRR 0.964781	H@1 0.940951	H@3 0.986963	H@5 0.992331	H@10 0.996166	H@20 0.998466	H@50 0.999233	H@100 1.000000
INFO:kbc-cli.py:Epoch 51/100	test results	MRR 0.959077	H@1 0.931165	H@3 0.985628	H@5 0.992436	H@10 0.998487	H@20 0.998487	H@50 1.000000	H@100 1.000000
INFO:kbc-cli.py:Epoch 52/100	Loss 5.1138 ± 0.3721
INFO:kbc-cli.py:Epoch 53/100	Loss 5.1120 ± 0.3663
INFO:kbc-cli.py:Epoch 54/100	Loss 5.1094 ± 0.3794
INFO:kbc-cli.py:Epoch 54/100	dev results	MRR 0.962833	H@1 0.937117	H@3 0.987730	H@5 0.993098	H@10 0.996166	H@20 0.998466	H@50 0.999233	H@100 1.000000
INFO:kbc-cli.py:Epoch 54/100	test results	MRR 0.957790	H@1 0.928139	H@3 0.985628	H@5 0.991679	H@10 0.998487	H@20 0.998487	H@50 1.000000	H@100 1.000000
INFO:kbc-cli.py:Epoch 55/100	Loss 5.1069 ± 0.3942
INFO:kbc-cli.py:Epoch 56/100	Loss 5.1048 ± 0.3954
INFO:kbc-cli.py:Epoch 57/100	Loss 5.1030 ± 0.3792
INFO:kbc-cli.py:Epoch 57/100	dev results	MRR 0.963112	H@1 0.937883	H@3 0.987730	H@5 0.993098	H@10 0.996166	H@20 0.998466	H@50 0.999233	H@100 1.000000
INFO:kbc-cli.py:Epoch 57/100	test results	MRR 0.959717	H@1 0.932678	H@3 0.984871	H@5 0.991679	H@10 0.997731	H@20 0.998487	H@50 1.000000	H@100 1.000000
INFO:kbc-cli.py:Epoch 58/100	Loss 5.1006 ± 0.3864
INFO:kbc-cli.py:Epoch 59/100	Loss 5.0975 ± 0.3997
INFO:kbc-cli.py:Epoch 60/100	Loss 5.0954 ± 0.3770
INFO:kbc-cli.py:Epoch 60/100	dev results	MRR 0.964699	H@1 0.940951	H@3 0.986963	H@5 0.991564	H@10 0.996166	H@20 0.998466	H@50 0.999233	H@100 1.000000
INFO:kbc-cli.py:Epoch 60/100	test results	MRR 0.958380	H@1 0.929652	H@3 0.984871	H@5 0.992436	H@10 0.998487	H@20 0.998487	H@50 1.000000	H@100 1.000000
INFO:kbc-cli.py:Epoch 61/100	Loss 5.0935 ± 0.3895
INFO:kbc-cli.py:Epoch 62/100	Loss 5.0934 ± 0.3760
INFO:kbc-cli.py:Epoch 63/100	Loss 5.0904 ± 0.3730
INFO:kbc-cli.py:Epoch 63/100	dev results	MRR 0.964749	H@1 0.941718	H@3 0.986196	H@5 0.992331	H@10 0.996166	H@20 0.998466	H@50 0.999233	H@100 1.000000
INFO:kbc-cli.py:Epoch 63/100	test results	MRR 0.959941	H@1 0.932678	H@3 0.984871	H@5 0.991679	H@10 0.998487	H@20 0.998487	H@50 1.000000	H@100 1.000000
INFO:kbc-cli.py:Epoch 64/100	Loss 5.0881 ± 0.3793
INFO:kbc-cli.py:Epoch 65/100	Loss 5.0864 ± 0.3954
INFO:kbc-cli.py:Epoch 66/100	Loss 5.0846 ± 0.3843
INFO:kbc-cli.py:Epoch 66/100	dev results	MRR 0.966661	H@1 0.945552	H@3 0.986963	H@5 0.993098	H@10 0.996166	H@20 0.998466	H@50 0.999233	H@100 1.000000
INFO:kbc-cli.py:Epoch 66/100	test results	MRR 0.962581	H@1 0.937973	H@3 0.985628	H@5 0.993192	H@10 0.998487	H@20 0.998487	H@50 1.000000	H@100 1.000000
INFO:kbc-cli.py:Epoch 67/100	Loss 5.0828 ± 0.3614
INFO:kbc-cli.py:Epoch 68/100	Loss 5.0805 ± 0.3677
INFO:kbc-cli.py:Epoch 69/100	Loss 5.0795 ± 0.3650
INFO:kbc-cli.py:Epoch 69/100	dev results	MRR 0.967389	H@1 0.947086	H@3 0.987730	H@5 0.991564	H@10 0.996166	H@20 0.998466	H@50 0.999233	H@100 1.000000
INFO:kbc-cli.py:Epoch 69/100	test results	MRR 0.961603	H@1 0.935703	H@3 0.984871	H@5 0.992436	H@10 0.998487	H@20 0.998487	H@50 1.000000	H@100 1.000000
INFO:kbc-cli.py:Epoch 70/100	Loss 5.0780 ± 0.3897
INFO:kbc-cli.py:Epoch 71/100	Loss 5.0773 ± 0.3734
INFO:kbc-cli.py:Epoch 72/100	Loss 5.0757 ± 0.3870
INFO:kbc-cli.py:Epoch 72/100	dev results	MRR 0.963131	H@1 0.937883	H@3 0.988497	H@5 0.992331	H@10 0.996166	H@20 0.997699	H@50 0.999233	H@100 1.000000
INFO:kbc-cli.py:Epoch 72/100	test results	MRR 0.959754	H@1 0.932678	H@3 0.985628	H@5 0.991679	H@10 0.997731	H@20 0.998487	H@50 1.000000	H@100 1.000000
INFO:kbc-cli.py:Epoch 73/100	Loss 5.0736 ± 0.3740
INFO:kbc-cli.py:Epoch 74/100	Loss 5.0732 ± 0.3753
INFO:kbc-cli.py:Epoch 75/100	Loss 5.0695 ± 0.3864
INFO:kbc-cli.py:Epoch 75/100	dev results	MRR 0.966193	H@1 0.944785	H@3 0.986963	H@5 0.992331	H@10 0.996166	H@20 0.997699	H@50 0.999233	H@100 1.000000
INFO:kbc-cli.py:Epoch 75/100	test results	MRR 0.960811	H@1 0.934191	H@3 0.985628	H@5 0.992436	H@10 0.998487	H@20 0.998487	H@50 1.000000	H@100 1.000000
INFO:kbc-cli.py:Epoch 76/100	Loss 5.0691 ± 0.3797
INFO:kbc-cli.py:Epoch 77/100	Loss 5.0672 ± 0.3799
INFO:kbc-cli.py:Epoch 78/100	Loss 5.0662 ± 0.3792
INFO:kbc-cli.py:Epoch 78/100	dev results	MRR 0.963478	H@1 0.940184	H@3 0.983896	H@5 0.993098	H@10 0.996166	H@20 0.996933	H@50 0.999233	H@100 1.000000
INFO:kbc-cli.py:Epoch 78/100	test results	MRR 0.960511	H@1 0.934191	H@3 0.985628	H@5 0.993949	H@10 0.998487	H@20 0.998487	H@50 1.000000	H@100 1.000000
INFO:kbc-cli.py:Epoch 79/100	Loss 5.0643 ± 0.3633
INFO:kbc-cli.py:Epoch 80/100	Loss 5.0646 ± 0.3813
INFO:kbc-cli.py:Epoch 81/100	Loss 5.0621 ± 0.3740
INFO:kbc-cli.py:Epoch 81/100	dev results	MRR 0.963060	H@1 0.938650	H@3 0.986196	H@5 0.991564	H@10 0.996166	H@20 0.996933	H@50 0.999233	H@100 1.000000
INFO:kbc-cli.py:Epoch 81/100	test results	MRR 0.959812	H@1 0.932678	H@3 0.985628	H@5 0.992436	H@10 0.998487	H@20 0.998487	H@50 1.000000	H@100 1.000000
INFO:kbc-cli.py:Epoch 82/100	Loss 5.0600 ± 0.3859
INFO:kbc-cli.py:Epoch 83/100	Loss 5.0599 ± 0.3850
INFO:kbc-cli.py:Epoch 84/100	Loss 5.0586 ± 0.3764
INFO:kbc-cli.py:Epoch 84/100	dev results	MRR 0.964726	H@1 0.942485	H@3 0.985429	H@5 0.991564	H@10 0.996166	H@20 0.996933	H@50 0.999233	H@100 1.000000
INFO:kbc-cli.py:Epoch 84/100	test results	MRR 0.961443	H@1 0.935703	H@3 0.985628	H@5 0.992436	H@10 0.998487	H@20 0.998487	H@50 1.000000	H@100 1.000000
INFO:kbc-cli.py:Epoch 85/100	Loss 5.0582 ± 0.3752
INFO:kbc-cli.py:Epoch 86/100	Loss 5.0559 ± 0.3862
INFO:kbc-cli.py:Epoch 87/100	Loss 5.0553 ± 0.3900
INFO:kbc-cli.py:Epoch 87/100	dev results	MRR 0.965774	H@1 0.944018	H@3 0.986963	H@5 0.991564	H@10 0.996166	H@20 0.996933	H@50 0.999233	H@100 1.000000
INFO:kbc-cli.py:Epoch 87/100	test results	MRR 0.959885	H@1 0.932678	H@3 0.984871	H@5 0.993192	H@10 0.997731	H@20 0.998487	H@50 1.000000	H@100 1.000000
INFO:kbc-cli.py:Epoch 88/100	Loss 5.0541 ± 0.3679
INFO:kbc-cli.py:Epoch 89/100	Loss 5.0526 ± 0.3842
INFO:kbc-cli.py:Epoch 90/100	Loss 5.0515 ± 0.3788
INFO:kbc-cli.py:Epoch 90/100	dev results	MRR 0.962462	H@1 0.937883	H@3 0.986196	H@5 0.992331	H@10 0.996166	H@20 0.996933	H@50 0.999233	H@100 1.000000
INFO:kbc-cli.py:Epoch 90/100	test results	MRR 0.957063	H@1 0.927383	H@3 0.985628	H@5 0.993192	H@10 0.998487	H@20 0.998487	H@50 1.000000	H@100 1.000000
INFO:kbc-cli.py:Epoch 91/100	Loss 5.0512 ± 0.3759
INFO:kbc-cli.py:Epoch 92/100	Loss 5.0496 ± 0.3820
INFO:kbc-cli.py:Epoch 93/100	Loss 5.0467 ± 0.3812
INFO:kbc-cli.py:Epoch 93/100	dev results	MRR 0.963460	H@1 0.939417	H@3 0.985429	H@5 0.991564	H@10 0.996166	H@20 0.996933	H@50 0.999233	H@100 1.000000
INFO:kbc-cli.py:Epoch 93/100	test results	MRR 0.959065	H@1 0.931921	H@3 0.984115	H@5 0.993192	H@10 0.997731	H@20 0.998487	H@50 1.000000	H@100 1.000000
INFO:kbc-cli.py:Epoch 94/100	Loss 5.0479 ± 0.3547
INFO:kbc-cli.py:Epoch 95/100	Loss 5.0458 ± 0.3736
INFO:kbc-cli.py:Epoch 96/100	Loss 5.0448 ± 0.3694
INFO:kbc-cli.py:Epoch 96/100	dev results	MRR 0.963684	H@1 0.939417	H@3 0.986196	H@5 0.991564	H@10 0.996166	H@20 0.996933	H@50 0.999233	H@100 1.000000
INFO:kbc-cli.py:Epoch 96/100	test results	MRR 0.959223	H@1 0.931921	H@3 0.984115	H@5 0.993192	H@10 0.997731	H@20 0.998487	H@50 1.000000	H@100 1.000000
INFO:kbc-cli.py:Epoch 97/100	Loss 5.0444 ± 0.3659
INFO:kbc-cli.py:Epoch 98/100	Loss 5.0435 ± 0.3893
INFO:kbc-cli.py:Epoch 99/100	Loss 5.0428 ± 0.3895
INFO:kbc-cli.py:Epoch 99/100	dev results	MRR 0.963386	H@1 0.939417	H@3 0.986196	H@5 0.991564	H@10 0.996166	H@20 0.996933	H@50 0.999233	H@100 1.000000
INFO:kbc-cli.py:Epoch 99/100	test results	MRR 0.958252	H@1 0.929652	H@3 0.984871	H@5 0.993192	H@10 0.998487	H@20 0.998487	H@50 1.000000	H@100 1.000000
INFO:kbc-cli.py:Epoch 100/100	Loss 5.0408 ± 0.3729
INFO:kbc-cli.py:Final 	dev results	MRR 0.966017	H@1 0.944018	H@3 0.988497	H@5 0.991564	H@10 0.996166	H@20 0.996933	H@50 0.999233	H@100 1.000000
INFO:kbc-cli.py:Final 	test results	MRR 0.959656	H@1 0.932678	H@3 0.984871	H@5 0.993949	H@10 0.997731	H@20 0.998487	H@50 1.000000	H@100 1.000000
INFO:kbc-cli.py:Training finished
