./bin/kbc-cli.py --train data/umls/train.tsv --dev data/umls/dev.tsv --test data/umls/test.tsv -m complex -k 1000 -b 50 -e 100 --F2 0 --N3 0.05 -l 0.1 -I standard -V 3 -o adagrad -c so -q
{'F2': 0.0,
 'N3': 0.05,
 'batch_size': 50,
 'corruption': 'so',
 'dev': 'data/umls/dev.tsv',
 'embedding_size': 1000,
 'epochs': 100,
 'eval_batch_size': None,
 'input_type': 'standard',
 'learning_rate': 0.1,
 'load': None,
 'model': 'complex',
 'optimizer': 'adagrad',
 'quiet': True,
 'save': None,
 'seed': 0,
 'test': 'data/umls/test.tsv',
 'test_i': None,
 'test_ii': None,
 'train': 'data/umls/train.tsv',
 'validate_every': 3}
INFO:kbc-cli.py:Device: cuda
INFO:kbc-cli.py:Model state:
INFO:kbc-cli.py:	entities.weight	torch.Size([135, 2000])
INFO:kbc-cli.py:	predicates.weight	torch.Size([46, 2000])
INFO:kbc-cli.py:Epoch 1/100	Loss 8.8458 ± 1.1151
INFO:kbc-cli.py:Epoch 2/100	Loss 7.3889 ± 0.1700
INFO:kbc-cli.py:Epoch 3/100	Loss 7.1872 ± 0.1810
INFO:kbc-cli.py:Epoch 3/100	dev results	MRR 0.902228	H@1 0.826687	H@3 0.973160	H@5 0.983129	H@10 0.994632	H@20 0.997699	H@50 1.000000	H@100 1.000000
INFO:kbc-cli.py:Epoch 3/100	test results	MRR 0.890841	H@1 0.807110	H@3 0.972769	H@5 0.986384	H@10 0.994705	H@20 0.997731	H@50 0.998487	H@100 0.999244
INFO:kbc-cli.py:Epoch 4/100	Loss 7.1040 ± 0.1847
INFO:kbc-cli.py:Epoch 5/100	Loss 7.0562 ± 0.1634
INFO:kbc-cli.py:Epoch 6/100	Loss 7.0243 ± 0.1824
INFO:kbc-cli.py:Epoch 6/100	dev results	MRR 0.895092	H@1 0.809049	H@3 0.976994	H@5 0.987730	H@10 0.992331	H@20 0.996933	H@50 0.999233	H@100 1.000000
INFO:kbc-cli.py:Epoch 6/100	test results	MRR 0.883554	H@1 0.786687	H@3 0.980333	H@5 0.992436	H@10 0.996218	H@20 0.997731	H@50 0.998487	H@100 0.999244
INFO:kbc-cli.py:Epoch 7/100	Loss 6.9985 ± 0.1667
INFO:kbc-cli.py:Epoch 8/100	Loss 6.9806 ± 0.1679
INFO:kbc-cli.py:Epoch 9/100	Loss 6.9611 ± 0.1888
INFO:kbc-cli.py:Epoch 9/100	dev results	MRR 0.914944	H@1 0.848160	H@3 0.977761	H@5 0.986196	H@10 0.994632	H@20 0.997699	H@50 1.000000	H@100 1.000000
INFO:kbc-cli.py:Epoch 9/100	test results	MRR 0.909212	H@1 0.832829	H@3 0.984115	H@5 0.993192	H@10 0.996218	H@20 0.998487	H@50 0.998487	H@100 0.999244
INFO:kbc-cli.py:Epoch 10/100	Loss 6.9516 ± 0.1945
INFO:kbc-cli.py:Epoch 11/100	Loss 6.9417 ± 0.1699
INFO:kbc-cli.py:Epoch 12/100	Loss 6.9275 ± 0.1727
INFO:kbc-cli.py:Epoch 12/100	dev results	MRR 0.913103	H@1 0.843558	H@3 0.980828	H@5 0.985429	H@10 0.992331	H@20 0.998466	H@50 1.000000	H@100 1.000000
INFO:kbc-cli.py:Epoch 12/100	test results	MRR 0.907998	H@1 0.831316	H@3 0.980333	H@5 0.992436	H@10 0.996974	H@20 0.998487	H@50 0.998487	H@100 0.999244
INFO:kbc-cli.py:Epoch 13/100	Loss 6.9222 ± 0.1717
INFO:kbc-cli.py:Epoch 14/100	Loss 6.9114 ± 0.1584
INFO:kbc-cli.py:Epoch 15/100	Loss 6.9076 ± 0.1800
INFO:kbc-cli.py:Epoch 15/100	dev results	MRR 0.924935	H@1 0.865798	H@3 0.979294	H@5 0.986963	H@10 0.993865	H@20 0.998466	H@50 1.000000	H@100 1.000000
INFO:kbc-cli.py:Epoch 15/100	test results	MRR 0.919530	H@1 0.853253	H@3 0.984871	H@5 0.992436	H@10 0.996974	H@20 0.998487	H@50 0.998487	H@100 0.999244
INFO:kbc-cli.py:Epoch 16/100	Loss 6.8946 ± 0.1637
INFO:kbc-cli.py:Epoch 17/100	Loss 6.8899 ± 0.1724
INFO:kbc-cli.py:Epoch 18/100	Loss 6.8857 ± 0.1731
INFO:kbc-cli.py:Epoch 18/100	dev results	MRR 0.920749	H@1 0.858129	H@3 0.980828	H@5 0.984663	H@10 0.994632	H@20 0.998466	H@50 1.000000	H@100 1.000000
INFO:kbc-cli.py:Epoch 18/100	test results	MRR 0.919834	H@1 0.852496	H@3 0.985628	H@5 0.993949	H@10 0.997731	H@20 0.998487	H@50 0.998487	H@100 0.999244
INFO:kbc-cli.py:Epoch 19/100	Loss 6.8803 ± 0.1678
INFO:kbc-cli.py:Epoch 20/100	Loss 6.8800 ± 0.1658
INFO:kbc-cli.py:Epoch 21/100	Loss 6.8765 ± 0.1772
INFO:kbc-cli.py:Epoch 21/100	dev results	MRR 0.925532	H@1 0.867331	H@3 0.980061	H@5 0.986196	H@10 0.993865	H@20 0.998466	H@50 1.000000	H@100 1.000000
INFO:kbc-cli.py:Epoch 21/100	test results	MRR 0.919095	H@1 0.850227	H@3 0.987897	H@5 0.994705	H@10 0.996974	H@20 0.998487	H@50 0.998487	H@100 0.999244
INFO:kbc-cli.py:Epoch 22/100	Loss 6.8671 ± 0.1782
INFO:kbc-cli.py:Epoch 23/100	Loss 6.8657 ± 0.1550
INFO:kbc-cli.py:Epoch 24/100	Loss 6.8608 ± 0.1629
INFO:kbc-cli.py:Epoch 24/100	dev results	MRR 0.925925	H@1 0.868098	H@3 0.980061	H@5 0.985429	H@10 0.993865	H@20 1.000000	H@50 1.000000	H@100 1.000000
INFO:kbc-cli.py:Epoch 24/100	test results	MRR 0.920709	H@1 0.854766	H@3 0.987141	H@5 0.993192	H@10 0.996974	H@20 0.998487	H@50 0.998487	H@100 0.999244
INFO:kbc-cli.py:Epoch 25/100	Loss 6.8607 ± 0.1692
INFO:kbc-cli.py:Epoch 26/100	Loss 6.8532 ± 0.1633
INFO:kbc-cli.py:Epoch 27/100	Loss 6.8580 ± 0.1650
INFO:kbc-cli.py:Epoch 27/100	dev results	MRR 0.920110	H@1 0.856595	H@3 0.980061	H@5 0.985429	H@10 0.993098	H@20 0.999233	H@50 1.000000	H@100 1.000000
INFO:kbc-cli.py:Epoch 27/100	test results	MRR 0.920302	H@1 0.854009	H@3 0.984115	H@5 0.993949	H@10 0.997731	H@20 0.998487	H@50 0.998487	H@100 1.000000
INFO:kbc-cli.py:Epoch 28/100	Loss 6.8484 ± 0.1844
INFO:kbc-cli.py:Epoch 29/100	Loss 6.8492 ± 0.1371
INFO:kbc-cli.py:Epoch 30/100	Loss 6.8482 ± 0.1685
INFO:kbc-cli.py:Epoch 30/100	dev results	MRR 0.931083	H@1 0.878067	H@3 0.979294	H@5 0.986196	H@10 0.995399	H@20 0.999233	H@50 1.000000	H@100 1.000000
INFO:kbc-cli.py:Epoch 30/100	test results	MRR 0.931901	H@1 0.876702	H@3 0.985628	H@5 0.993949	H@10 0.997731	H@20 0.998487	H@50 0.998487	H@100 1.000000
INFO:kbc-cli.py:Epoch 31/100	Loss 6.8456 ± 0.1656
INFO:kbc-cli.py:Epoch 32/100	Loss 6.8393 ± 0.1887
INFO:kbc-cli.py:Epoch 33/100	Loss 6.8419 ± 0.1657
INFO:kbc-cli.py:Epoch 33/100	dev results	MRR 0.933743	H@1 0.883436	H@3 0.979294	H@5 0.985429	H@10 0.994632	H@20 0.999233	H@50 1.000000	H@100 1.000000
INFO:kbc-cli.py:Epoch 33/100	test results	MRR 0.929150	H@1 0.871407	H@3 0.986384	H@5 0.994705	H@10 0.996974	H@20 0.998487	H@50 0.998487	H@100 1.000000
INFO:kbc-cli.py:Epoch 34/100	Loss 6.8364 ± 0.1742
INFO:kbc-cli.py:Epoch 35/100	Loss 6.8375 ± 0.1842
INFO:kbc-cli.py:Epoch 36/100	Loss 6.8345 ± 0.1603
INFO:kbc-cli.py:Epoch 36/100	dev results	MRR 0.935699	H@1 0.886503	H@3 0.980828	H@5 0.986196	H@10 0.993865	H@20 0.999233	H@50 1.000000	H@100 1.000000
INFO:kbc-cli.py:Epoch 36/100	test results	MRR 0.933212	H@1 0.878215	H@3 0.987897	H@5 0.993949	H@10 0.997731	H@20 0.998487	H@50 0.998487	H@100 1.000000
INFO:kbc-cli.py:Epoch 37/100	Loss 6.8350 ± 0.1514
INFO:kbc-cli.py:Epoch 38/100	Loss 6.8281 ± 0.1755
INFO:kbc-cli.py:Epoch 39/100	Loss 6.8284 ± 0.1977
INFO:kbc-cli.py:Epoch 39/100	dev results	MRR 0.934166	H@1 0.884969	H@3 0.979294	H@5 0.985429	H@10 0.992331	H@20 0.999233	H@50 1.000000	H@100 1.000000
INFO:kbc-cli.py:Epoch 39/100	test results	MRR 0.930805	H@1 0.874433	H@3 0.986384	H@5 0.993192	H@10 0.997731	H@20 0.998487	H@50 0.998487	H@100 1.000000
INFO:kbc-cli.py:Epoch 40/100	Loss 6.8286 ± 0.1772
INFO:kbc-cli.py:Epoch 41/100	Loss 6.8248 ± 0.1814
INFO:kbc-cli.py:Epoch 42/100	Loss 6.8266 ± 0.1725
INFO:kbc-cli.py:Epoch 42/100	dev results	MRR 0.938632	H@1 0.893405	H@3 0.980061	H@5 0.986196	H@10 0.993098	H@20 0.999233	H@50 1.000000	H@100 1.000000
INFO:kbc-cli.py:Epoch 42/100	test results	MRR 0.932002	H@1 0.876702	H@3 0.987897	H@5 0.993949	H@10 0.997731	H@20 0.998487	H@50 0.998487	H@100 1.000000
INFO:kbc-cli.py:Epoch 43/100	Loss 6.8249 ± 0.1781
INFO:kbc-cli.py:Epoch 44/100	Loss 6.8205 ± 0.1736
INFO:kbc-cli.py:Epoch 45/100	Loss 6.8223 ± 0.1725
INFO:kbc-cli.py:Epoch 45/100	dev results	MRR 0.938349	H@1 0.892638	H@3 0.980061	H@5 0.985429	H@10 0.993098	H@20 0.999233	H@50 1.000000	H@100 1.000000
INFO:kbc-cli.py:Epoch 45/100	test results	MRR 0.935444	H@1 0.882753	H@3 0.989410	H@5 0.993949	H@10 0.997731	H@20 0.998487	H@50 0.998487	H@100 1.000000
INFO:kbc-cli.py:Epoch 46/100	Loss 6.8164 ± 0.1522
INFO:kbc-cli.py:Epoch 47/100	Loss 6.8140 ± 0.1613
INFO:kbc-cli.py:Epoch 48/100	Loss 6.8182 ± 0.1644
INFO:kbc-cli.py:Epoch 48/100	dev results	MRR 0.933478	H@1 0.883436	H@3 0.980061	H@5 0.985429	H@10 0.993098	H@20 1.000000	H@50 1.000000	H@100 1.000000
INFO:kbc-cli.py:Epoch 48/100	test results	MRR 0.933845	H@1 0.880484	H@3 0.988654	H@5 0.993192	H@10 0.997731	H@20 0.998487	H@50 0.998487	H@100 1.000000
INFO:kbc-cli.py:Epoch 49/100	Loss 6.8161 ± 0.1561
INFO:kbc-cli.py:Epoch 50/100	Loss 6.8144 ± 0.1638
INFO:kbc-cli.py:Epoch 51/100	Loss 6.8124 ± 0.1551
INFO:kbc-cli.py:Epoch 51/100	dev results	MRR 0.933365	H@1 0.881902	H@3 0.980061	H@5 0.986196	H@10 0.993098	H@20 0.999233	H@50 1.000000	H@100 1.000000
INFO:kbc-cli.py:Epoch 51/100	test results	MRR 0.932798	H@1 0.877458	H@3 0.989410	H@5 0.993949	H@10 0.997731	H@20 0.998487	H@50 0.998487	H@100 1.000000
INFO:kbc-cli.py:Epoch 52/100	Loss 6.8093 ± 0.1651
INFO:kbc-cli.py:Epoch 53/100	Loss 6.8115 ± 0.1364
INFO:kbc-cli.py:Epoch 54/100	Loss 6.8099 ± 0.1678
INFO:kbc-cli.py:Epoch 54/100	dev results	MRR 0.937350	H@1 0.890337	H@3 0.980828	H@5 0.985429	H@10 0.994632	H@20 0.999233	H@50 1.000000	H@100 1.000000
INFO:kbc-cli.py:Epoch 54/100	test results	MRR 0.934602	H@1 0.881241	H@3 0.987897	H@5 0.993949	H@10 0.997731	H@20 0.998487	H@50 0.998487	H@100 1.000000
INFO:kbc-cli.py:Epoch 55/100	Loss 6.8094 ± 0.1849
INFO:kbc-cli.py:Epoch 56/100	Loss 6.8071 ± 0.1617
INFO:kbc-cli.py:Epoch 57/100	Loss 6.8062 ± 0.1583
INFO:kbc-cli.py:Epoch 57/100	dev results	MRR 0.937108	H@1 0.890337	H@3 0.980828	H@5 0.986196	H@10 0.993098	H@20 0.999233	H@50 1.000000	H@100 1.000000
INFO:kbc-cli.py:Epoch 57/100	test results	MRR 0.933909	H@1 0.880484	H@3 0.988654	H@5 0.993949	H@10 0.997731	H@20 0.998487	H@50 0.999244	H@100 1.000000
INFO:kbc-cli.py:Epoch 58/100	Loss 6.8057 ± 0.1780
INFO:kbc-cli.py:Epoch 59/100	Loss 6.8033 ± 0.1726
INFO:kbc-cli.py:Epoch 60/100	Loss 6.8043 ± 0.1733
INFO:kbc-cli.py:Epoch 60/100	dev results	MRR 0.936973	H@1 0.890337	H@3 0.980061	H@5 0.985429	H@10 0.993098	H@20 0.999233	H@50 1.000000	H@100 1.000000
INFO:kbc-cli.py:Epoch 60/100	test results	MRR 0.934308	H@1 0.881997	H@3 0.985628	H@5 0.993192	H@10 0.997731	H@20 0.998487	H@50 0.999244	H@100 1.000000
INFO:kbc-cli.py:Epoch 61/100	Loss 6.8006 ± 0.1793
INFO:kbc-cli.py:Epoch 62/100	Loss 6.8060 ± 0.1651
INFO:kbc-cli.py:Epoch 63/100	Loss 6.8030 ± 0.1617
INFO:kbc-cli.py:Epoch 63/100	dev results	MRR 0.937595	H@1 0.891871	H@3 0.978528	H@5 0.986196	H@10 0.993865	H@20 1.000000	H@50 1.000000	H@100 1.000000
INFO:kbc-cli.py:Epoch 63/100	test results	MRR 0.933551	H@1 0.879728	H@3 0.986384	H@5 0.993192	H@10 0.997731	H@20 0.998487	H@50 0.999244	H@100 1.000000
INFO:kbc-cli.py:Epoch 64/100	Loss 6.8020 ± 0.1445
INFO:kbc-cli.py:Epoch 65/100	Loss 6.8004 ± 0.1728
INFO:kbc-cli.py:Epoch 66/100	Loss 6.7982 ± 0.1572
INFO:kbc-cli.py:Epoch 66/100	dev results	MRR 0.939307	H@1 0.894939	H@3 0.979294	H@5 0.986196	H@10 0.993098	H@20 1.000000	H@50 1.000000	H@100 1.000000
INFO:kbc-cli.py:Epoch 66/100	test results	MRR 0.937428	H@1 0.888048	H@3 0.987897	H@5 0.993949	H@10 0.997731	H@20 0.998487	H@50 0.999244	H@100 1.000000
INFO:kbc-cli.py:Epoch 67/100	Loss 6.7989 ± 0.1559
INFO:kbc-cli.py:Epoch 68/100	Loss 6.7963 ± 0.1532
INFO:kbc-cli.py:Epoch 69/100	Loss 6.7979 ± 0.1627
INFO:kbc-cli.py:Epoch 69/100	dev results	MRR 0.943119	H@1 0.902607	H@3 0.979294	H@5 0.986963	H@10 0.994632	H@20 1.000000	H@50 1.000000	H@100 1.000000
INFO:kbc-cli.py:Epoch 69/100	test results	MRR 0.937428	H@1 0.886536	H@3 0.987897	H@5 0.993949	H@10 0.997731	H@20 0.998487	H@50 0.999244	H@100 1.000000
INFO:kbc-cli.py:Epoch 70/100	Loss 6.7953 ± 0.1863
INFO:kbc-cli.py:Epoch 71/100	Loss 6.7945 ± 0.1644
INFO:kbc-cli.py:Epoch 72/100	Loss 6.7973 ± 0.1656
INFO:kbc-cli.py:Epoch 72/100	dev results	MRR 0.937639	H@1 0.891871	H@3 0.979294	H@5 0.986196	H@10 0.994632	H@20 0.999233	H@50 1.000000	H@100 1.000000
INFO:kbc-cli.py:Epoch 72/100	test results	MRR 0.935978	H@1 0.885779	H@3 0.984871	H@5 0.993192	H@10 0.997731	H@20 0.998487	H@50 0.999244	H@100 1.000000
INFO:kbc-cli.py:Epoch 73/100	Loss 6.7961 ± 0.1651
INFO:kbc-cli.py:Epoch 74/100	Loss 6.7950 ± 0.1641
INFO:kbc-cli.py:Epoch 75/100	Loss 6.7891 ± 0.1699
INFO:kbc-cli.py:Epoch 75/100	dev results	MRR 0.940429	H@1 0.897239	H@3 0.979294	H@5 0.986963	H@10 0.993865	H@20 0.999233	H@50 1.000000	H@100 1.000000
INFO:kbc-cli.py:Epoch 75/100	test results	MRR 0.937094	H@1 0.886536	H@3 0.987897	H@5 0.993949	H@10 0.997731	H@20 0.998487	H@50 0.999244	H@100 1.000000
INFO:kbc-cli.py:Epoch 76/100	Loss 6.8005 ± 0.2107
INFO:kbc-cli.py:Epoch 77/100	Loss 6.7906 ± 0.1612
INFO:kbc-cli.py:Epoch 78/100	Loss 6.7919 ± 0.1533
INFO:kbc-cli.py:Epoch 78/100	dev results	MRR 0.941124	H@1 0.898773	H@3 0.978528	H@5 0.986196	H@10 0.994632	H@20 1.000000	H@50 1.000000	H@100 1.000000
INFO:kbc-cli.py:Epoch 78/100	test results	MRR 0.938007	H@1 0.889561	H@3 0.986384	H@5 0.993192	H@10 0.997731	H@20 0.998487	H@50 0.999244	H@100 1.000000
INFO:kbc-cli.py:Epoch 79/100	Loss 6.7922 ± 0.1616
INFO:kbc-cli.py:Epoch 80/100	Loss 6.7902 ± 0.1447
INFO:kbc-cli.py:Epoch 81/100	Loss 6.7899 ± 0.1495
INFO:kbc-cli.py:Epoch 81/100	dev results	MRR 0.942896	H@1 0.901840	H@3 0.980061	H@5 0.986196	H@10 0.993865	H@20 1.000000	H@50 1.000000	H@100 1.000000
INFO:kbc-cli.py:Epoch 81/100	test results	MRR 0.939544	H@1 0.891074	H@3 0.988654	H@5 0.993949	H@10 0.997731	H@20 0.998487	H@50 0.999244	H@100 1.000000
INFO:kbc-cli.py:Epoch 82/100	Loss 6.7847 ± 0.1687
INFO:kbc-cli.py:Epoch 83/100	Loss 6.7888 ± 0.1473
INFO:kbc-cli.py:Epoch 84/100	Loss 6.7887 ± 0.1732
INFO:kbc-cli.py:Epoch 84/100	dev results	MRR 0.943781	H@1 0.904141	H@3 0.978528	H@5 0.985429	H@10 0.994632	H@20 1.000000	H@50 1.000000	H@100 1.000000
INFO:kbc-cli.py:Epoch 84/100	test results	MRR 0.937897	H@1 0.888805	H@3 0.986384	H@5 0.993949	H@10 0.997731	H@20 0.998487	H@50 0.999244	H@100 1.000000
INFO:kbc-cli.py:Epoch 85/100	Loss 6.7901 ± 0.1609
INFO:kbc-cli.py:Epoch 86/100	Loss 6.7897 ± 0.1811
INFO:kbc-cli.py:Epoch 87/100	Loss 6.7851 ± 0.1395
INFO:kbc-cli.py:Epoch 87/100	dev results	MRR 0.944111	H@1 0.904908	H@3 0.978528	H@5 0.986963	H@10 0.995399	H@20 1.000000	H@50 1.000000	H@100 1.000000
INFO:kbc-cli.py:Epoch 87/100	test results	MRR 0.936885	H@1 0.887292	H@3 0.986384	H@5 0.993949	H@10 0.997731	H@20 0.998487	H@50 0.999244	H@100 1.000000
INFO:kbc-cli.py:Epoch 88/100	Loss 6.7852 ± 0.1641
INFO:kbc-cli.py:Epoch 89/100	Loss 6.7872 ± 0.1624
INFO:kbc-cli.py:Epoch 90/100	Loss 6.7858 ± 0.1661
INFO:kbc-cli.py:Epoch 90/100	dev results	MRR 0.942913	H@1 0.902607	H@3 0.978528	H@5 0.986963	H@10 0.994632	H@20 1.000000	H@50 1.000000	H@100 1.000000
INFO:kbc-cli.py:Epoch 90/100	test results	MRR 0.937968	H@1 0.888805	H@3 0.987141	H@5 0.993192	H@10 0.997731	H@20 0.998487	H@50 0.999244	H@100 1.000000
INFO:kbc-cli.py:Epoch 91/100	Loss 6.7864 ± 0.1530
INFO:kbc-cli.py:Epoch 92/100	Loss 6.7856 ± 0.1514
INFO:kbc-cli.py:Epoch 93/100	Loss 6.7807 ± 0.1659
INFO:kbc-cli.py:Epoch 93/100	dev results	MRR 0.940257	H@1 0.897239	H@3 0.979294	H@5 0.985429	H@10 0.993865	H@20 1.000000	H@50 1.000000	H@100 1.000000
INFO:kbc-cli.py:Epoch 93/100	test results	MRR 0.936289	H@1 0.885779	H@3 0.985628	H@5 0.993192	H@10 0.997731	H@20 0.998487	H@50 0.999244	H@100 1.000000
INFO:kbc-cli.py:Epoch 94/100	Loss 6.7851 ± 0.1416
INFO:kbc-cli.py:Epoch 95/100	Loss 6.7843 ± 0.1655
INFO:kbc-cli.py:Epoch 96/100	Loss 6.7799 ± 0.1595
INFO:kbc-cli.py:Epoch 96/100	dev results	MRR 0.942861	H@1 0.901840	H@3 0.978528	H@5 0.986963	H@10 0.994632	H@20 1.000000	H@50 1.000000	H@100 1.000000
INFO:kbc-cli.py:Epoch 96/100	test results	MRR 0.937925	H@1 0.889561	H@3 0.987141	H@5 0.993192	H@10 0.997731	H@20 0.998487	H@50 0.999244	H@100 1.000000
INFO:kbc-cli.py:Epoch 97/100	Loss 6.7837 ± 0.1804
INFO:kbc-cli.py:Epoch 98/100	Loss 6.7825 ± 0.1656
INFO:kbc-cli.py:Epoch 99/100	Loss 6.7813 ± 0.1476
INFO:kbc-cli.py:Epoch 99/100	dev results	MRR 0.942730	H@1 0.901840	H@3 0.980061	H@5 0.986196	H@10 0.994632	H@20 1.000000	H@50 1.000000	H@100 1.000000
INFO:kbc-cli.py:Epoch 99/100	test results	MRR 0.937106	H@1 0.888805	H@3 0.987141	H@5 0.992436	H@10 0.997731	H@20 0.998487	H@50 0.999244	H@100 1.000000
INFO:kbc-cli.py:Epoch 100/100	Loss 6.7782 ± 0.1668
INFO:kbc-cli.py:Final 	dev results	MRR 0.942145	H@1 0.901074	H@3 0.979294	H@5 0.986963	H@10 0.994632	H@20 1.000000	H@50 1.000000	H@100 1.000000
INFO:kbc-cli.py:Final 	test results	MRR 0.938632	H@1 0.890318	H@3 0.987897	H@5 0.992436	H@10 0.997731	H@20 0.998487	H@50 0.999244	H@100 1.000000
INFO:kbc-cli.py:Training finished
