./bin/kbc-cli.py --train data/nations/train.tsv --dev data/nations/dev.tsv --test data/nations/test.tsv -m complex -k 100 -b 10 -e 100 --F2 0 --N3 0.05 -l 0.1 -I reciprocal -V 3 -o adagrad -c so -q
{'F2': 0.0,
 'N3': 0.05,
 'batch_size': 10,
 'corruption': 'so',
 'dev': 'data/nations/dev.tsv',
 'embedding_size': 100,
 'epochs': 100,
 'eval_batch_size': None,
 'input_type': 'reciprocal',
 'learning_rate': 0.1,
 'load': None,
 'model': 'complex',
 'optimizer': 'adagrad',
 'quiet': True,
 'save': None,
 'seed': 0,
 'test': 'data/nations/test.tsv',
 'test_i': None,
 'test_ii': None,
 'train': 'data/nations/train.tsv',
 'validate_every': 3}
INFO:kbc-cli.py:Device: cuda
INFO:kbc-cli.py:Model state:
INFO:kbc-cli.py:	entities.weight	torch.Size([14, 200])
INFO:kbc-cli.py:	predicates.weight	torch.Size([110, 200])
INFO:kbc-cli.py:Epoch 1/100	Loss 5.2949 ± 0.0739
INFO:kbc-cli.py:Epoch 2/100	Loss 5.1173 ± 0.1864
INFO:kbc-cli.py:Epoch 3/100	Loss 5.0010 ± 0.2117
INFO:kbc-cli.py:Epoch 3/100	dev results	MRR 0.718255	H@1 0.577889	H@3 0.824121	H@5 0.924623	H@10 0.992462	H@20 1.000000	H@50 1.000000	H@100 1.000000
INFO:kbc-cli.py:Epoch 3/100	test results	MRR 0.745121	H@1 0.624378	H@3 0.825871	H@5 0.927861	H@10 0.992537	H@20 1.000000	H@50 1.000000	H@100 1.000000
INFO:kbc-cli.py:Epoch 4/100	Loss 4.9193 ± 0.2461
INFO:kbc-cli.py:Epoch 5/100	Loss 4.8699 ± 0.2592
INFO:kbc-cli.py:Epoch 6/100	Loss 4.8282 ± 0.2747
INFO:kbc-cli.py:Epoch 6/100	dev results	MRR 0.751445	H@1 0.628141	H@3 0.841709	H@5 0.932161	H@10 0.994975	H@20 1.000000	H@50 1.000000	H@100 1.000000
INFO:kbc-cli.py:Epoch 6/100	test results	MRR 0.760850	H@1 0.626866	H@3 0.875622	H@5 0.955224	H@10 0.997512	H@20 1.000000	H@50 1.000000	H@100 1.000000
INFO:kbc-cli.py:Epoch 7/100	Loss 4.8042 ± 0.2852
INFO:kbc-cli.py:Epoch 8/100	Loss 4.7832 ± 0.2885
INFO:kbc-cli.py:Epoch 9/100	Loss 4.7640 ± 0.2698
INFO:kbc-cli.py:Epoch 9/100	dev results	MRR 0.756142	H@1 0.628141	H@3 0.864322	H@5 0.937186	H@10 1.000000	H@20 1.000000	H@50 1.000000	H@100 1.000000
INFO:kbc-cli.py:Epoch 9/100	test results	MRR 0.768157	H@1 0.639303	H@3 0.878109	H@5 0.950249	H@10 0.997512	H@20 1.000000	H@50 1.000000	H@100 1.000000
INFO:kbc-cli.py:Epoch 10/100	Loss 4.7541 ± 0.3010
INFO:kbc-cli.py:Epoch 11/100	Loss 4.7403 ± 0.2886
INFO:kbc-cli.py:Epoch 12/100	Loss 4.7331 ± 0.2965
INFO:kbc-cli.py:Epoch 12/100	dev results	MRR 0.748703	H@1 0.613065	H@3 0.869347	H@5 0.939698	H@10 0.997487	H@20 1.000000	H@50 1.000000	H@100 1.000000
INFO:kbc-cli.py:Epoch 12/100	test results	MRR 0.760051	H@1 0.626866	H@3 0.875622	H@5 0.945274	H@10 0.997512	H@20 1.000000	H@50 1.000000	H@100 1.000000
INFO:kbc-cli.py:Epoch 13/100	Loss 4.7249 ± 0.2917
INFO:kbc-cli.py:Epoch 14/100	Loss 4.7179 ± 0.2938
INFO:kbc-cli.py:Epoch 15/100	Loss 4.7119 ± 0.2765
INFO:kbc-cli.py:Epoch 15/100	dev results	MRR 0.748518	H@1 0.608040	H@3 0.876884	H@5 0.947236	H@10 1.000000	H@20 1.000000	H@50 1.000000	H@100 1.000000
INFO:kbc-cli.py:Epoch 15/100	test results	MRR 0.763673	H@1 0.631841	H@3 0.873134	H@5 0.952736	H@10 0.997512	H@20 1.000000	H@50 1.000000	H@100 1.000000
INFO:kbc-cli.py:Epoch 16/100	Loss 4.7042 ± 0.2741
INFO:kbc-cli.py:Epoch 17/100	Loss 4.7008 ± 0.3082
INFO:kbc-cli.py:Epoch 18/100	Loss 4.6970 ± 0.2918
INFO:kbc-cli.py:Epoch 18/100	dev results	MRR 0.744967	H@1 0.600503	H@3 0.876884	H@5 0.944724	H@10 0.997487	H@20 1.000000	H@50 1.000000	H@100 1.000000
INFO:kbc-cli.py:Epoch 18/100	test results	MRR 0.764192	H@1 0.636816	H@3 0.873134	H@5 0.947761	H@10 0.997512	H@20 1.000000	H@50 1.000000	H@100 1.000000
INFO:kbc-cli.py:Epoch 19/100	Loss 4.6920 ± 0.2726
INFO:kbc-cli.py:Epoch 20/100	Loss 4.6900 ± 0.3112
INFO:kbc-cli.py:Epoch 21/100	Loss 4.6850 ± 0.2955
INFO:kbc-cli.py:Epoch 21/100	dev results	MRR 0.741362	H@1 0.597990	H@3 0.871859	H@5 0.947236	H@10 0.997487	H@20 1.000000	H@50 1.000000	H@100 1.000000
INFO:kbc-cli.py:Epoch 21/100	test results	MRR 0.752855	H@1 0.616915	H@3 0.863184	H@5 0.947761	H@10 0.997512	H@20 1.000000	H@50 1.000000	H@100 1.000000
INFO:kbc-cli.py:Epoch 22/100	Loss 4.6817 ± 0.2668
INFO:kbc-cli.py:Epoch 23/100	Loss 4.6794 ± 0.2918
INFO:kbc-cli.py:Epoch 24/100	Loss 4.6774 ± 0.2982
INFO:kbc-cli.py:Epoch 24/100	dev results	MRR 0.748436	H@1 0.615578	H@3 0.871859	H@5 0.947236	H@10 0.997487	H@20 1.000000	H@50 1.000000	H@100 1.000000
INFO:kbc-cli.py:Epoch 24/100	test results	MRR 0.753478	H@1 0.614428	H@3 0.870647	H@5 0.945274	H@10 0.997512	H@20 1.000000	H@50 1.000000	H@100 1.000000
INFO:kbc-cli.py:Epoch 25/100	Loss 4.6728 ± 0.2904
INFO:kbc-cli.py:Epoch 26/100	Loss 4.6719 ± 0.2906
INFO:kbc-cli.py:Epoch 27/100	Loss 4.6698 ± 0.2777
INFO:kbc-cli.py:Epoch 27/100	dev results	MRR 0.747096	H@1 0.613065	H@3 0.869347	H@5 0.947236	H@10 0.997487	H@20 1.000000	H@50 1.000000	H@100 1.000000
INFO:kbc-cli.py:Epoch 27/100	test results	MRR 0.753446	H@1 0.616915	H@3 0.875622	H@5 0.945274	H@10 0.997512	H@20 1.000000	H@50 1.000000	H@100 1.000000
INFO:kbc-cli.py:Epoch 28/100	Loss 4.6685 ± 0.2872
INFO:kbc-cli.py:Epoch 29/100	Loss 4.6667 ± 0.3091
INFO:kbc-cli.py:Epoch 30/100	Loss 4.6643 ± 0.2913
INFO:kbc-cli.py:Epoch 30/100	dev results	MRR 0.748481	H@1 0.613065	H@3 0.871859	H@5 0.947236	H@10 0.997487	H@20 1.000000	H@50 1.000000	H@100 1.000000
INFO:kbc-cli.py:Epoch 30/100	test results	MRR 0.745761	H@1 0.604478	H@3 0.868159	H@5 0.942786	H@10 1.000000	H@20 1.000000	H@50 1.000000	H@100 1.000000
INFO:kbc-cli.py:Epoch 31/100	Loss 4.6617 ± 0.2814
INFO:kbc-cli.py:Epoch 32/100	Loss 4.6607 ± 0.2864
INFO:kbc-cli.py:Epoch 33/100	Loss 4.6571 ± 0.2683
INFO:kbc-cli.py:Epoch 33/100	dev results	MRR 0.745847	H@1 0.610553	H@3 0.876884	H@5 0.944724	H@10 1.000000	H@20 1.000000	H@50 1.000000	H@100 1.000000
INFO:kbc-cli.py:Epoch 33/100	test results	MRR 0.745671	H@1 0.604478	H@3 0.868159	H@5 0.942786	H@10 1.000000	H@20 1.000000	H@50 1.000000	H@100 1.000000
INFO:kbc-cli.py:Epoch 34/100	Loss 4.6577 ± 0.3061
INFO:kbc-cli.py:Epoch 35/100	Loss 4.6557 ± 0.2910
INFO:kbc-cli.py:Epoch 36/100	Loss 4.6549 ± 0.2751
INFO:kbc-cli.py:Epoch 36/100	dev results	MRR 0.746746	H@1 0.613065	H@3 0.869347	H@5 0.949749	H@10 0.997487	H@20 1.000000	H@50 1.000000	H@100 1.000000
INFO:kbc-cli.py:Epoch 36/100	test results	MRR 0.748922	H@1 0.611940	H@3 0.865672	H@5 0.945274	H@10 1.000000	H@20 1.000000	H@50 1.000000	H@100 1.000000
INFO:kbc-cli.py:Epoch 37/100	Loss 4.6515 ± 0.2959
INFO:kbc-cli.py:Epoch 38/100	Loss 4.6504 ± 0.2926
INFO:kbc-cli.py:Epoch 39/100	Loss 4.6512 ± 0.2858
INFO:kbc-cli.py:Epoch 39/100	dev results	MRR 0.743574	H@1 0.608040	H@3 0.866834	H@5 0.949749	H@10 0.997487	H@20 1.000000	H@50 1.000000	H@100 1.000000
INFO:kbc-cli.py:Epoch 39/100	test results	MRR 0.742378	H@1 0.599502	H@3 0.870647	H@5 0.942786	H@10 1.000000	H@20 1.000000	H@50 1.000000	H@100 1.000000
INFO:kbc-cli.py:Epoch 40/100	Loss 4.6502 ± 0.2874
INFO:kbc-cli.py:Epoch 41/100	Loss 4.6478 ± 0.2936
INFO:kbc-cli.py:Epoch 42/100	Loss 4.6483 ± 0.2870
INFO:kbc-cli.py:Epoch 42/100	dev results	MRR 0.742423	H@1 0.605528	H@3 0.869347	H@5 0.949749	H@10 0.997487	H@20 1.000000	H@50 1.000000	H@100 1.000000
INFO:kbc-cli.py:Epoch 42/100	test results	MRR 0.743025	H@1 0.601990	H@3 0.870647	H@5 0.940299	H@10 1.000000	H@20 1.000000	H@50 1.000000	H@100 1.000000
INFO:kbc-cli.py:Epoch 43/100	Loss 4.6480 ± 0.2942
INFO:kbc-cli.py:Epoch 44/100	Loss 4.6465 ± 0.2856
INFO:kbc-cli.py:Epoch 45/100	Loss 4.6450 ± 0.2820
INFO:kbc-cli.py:Epoch 45/100	dev results	MRR 0.740161	H@1 0.603015	H@3 0.864322	H@5 0.944724	H@10 0.997487	H@20 1.000000	H@50 1.000000	H@100 1.000000
INFO:kbc-cli.py:Epoch 45/100	test results	MRR 0.737185	H@1 0.589552	H@3 0.870647	H@5 0.942786	H@10 1.000000	H@20 1.000000	H@50 1.000000	H@100 1.000000
INFO:kbc-cli.py:Epoch 46/100	Loss 4.6428 ± 0.3196
INFO:kbc-cli.py:Epoch 47/100	Loss 4.6437 ± 0.2773
INFO:kbc-cli.py:Epoch 48/100	Loss 4.6410 ± 0.2795
INFO:kbc-cli.py:Epoch 48/100	dev results	MRR 0.743464	H@1 0.608040	H@3 0.861809	H@5 0.947236	H@10 1.000000	H@20 1.000000	H@50 1.000000	H@100 1.000000
INFO:kbc-cli.py:Epoch 48/100	test results	MRR 0.741825	H@1 0.597015	H@3 0.873134	H@5 0.945274	H@10 1.000000	H@20 1.000000	H@50 1.000000	H@100 1.000000
INFO:kbc-cli.py:Epoch 49/100	Loss 4.6406 ± 0.3006
INFO:kbc-cli.py:Epoch 50/100	Loss 4.6408 ± 0.2912
INFO:kbc-cli.py:Epoch 51/100	Loss 4.6399 ± 0.3109
INFO:kbc-cli.py:Epoch 51/100	dev results	MRR 0.742851	H@1 0.608040	H@3 0.864322	H@5 0.947236	H@10 0.997487	H@20 1.000000	H@50 1.000000	H@100 1.000000
INFO:kbc-cli.py:Epoch 51/100	test results	MRR 0.745626	H@1 0.601990	H@3 0.873134	H@5 0.947761	H@10 0.997512	H@20 1.000000	H@50 1.000000	H@100 1.000000
INFO:kbc-cli.py:Epoch 52/100	Loss 4.6399 ± 0.3028
INFO:kbc-cli.py:Epoch 53/100	Loss 4.6380 ± 0.2798
INFO:kbc-cli.py:Epoch 54/100	Loss 4.6378 ± 0.3020
INFO:kbc-cli.py:Epoch 54/100	dev results	MRR 0.744268	H@1 0.608040	H@3 0.864322	H@5 0.947236	H@10 0.997487	H@20 1.000000	H@50 1.000000	H@100 1.000000
INFO:kbc-cli.py:Epoch 54/100	test results	MRR 0.743029	H@1 0.597015	H@3 0.875622	H@5 0.950249	H@10 0.997512	H@20 1.000000	H@50 1.000000	H@100 1.000000
INFO:kbc-cli.py:Epoch 55/100	Loss 4.6365 ± 0.2940
INFO:kbc-cli.py:Epoch 56/100	Loss 4.6347 ± 0.2712
INFO:kbc-cli.py:Epoch 57/100	Loss 4.6365 ± 0.2861
INFO:kbc-cli.py:Epoch 57/100	dev results	MRR 0.744226	H@1 0.608040	H@3 0.866834	H@5 0.947236	H@10 0.997487	H@20 1.000000	H@50 1.000000	H@100 1.000000
INFO:kbc-cli.py:Epoch 57/100	test results	MRR 0.737083	H@1 0.587065	H@3 0.873134	H@5 0.945274	H@10 0.997512	H@20 1.000000	H@50 1.000000	H@100 1.000000
INFO:kbc-cli.py:Epoch 58/100	Loss 4.6350 ± 0.2975
INFO:kbc-cli.py:Epoch 59/100	Loss 4.6350 ± 0.2716
INFO:kbc-cli.py:Epoch 60/100	Loss 4.6332 ± 0.2819
INFO:kbc-cli.py:Epoch 60/100	dev results	MRR 0.742349	H@1 0.605528	H@3 0.866834	H@5 0.947236	H@10 0.997487	H@20 1.000000	H@50 1.000000	H@100 1.000000
INFO:kbc-cli.py:Epoch 60/100	test results	MRR 0.740749	H@1 0.594527	H@3 0.873134	H@5 0.945274	H@10 0.997512	H@20 1.000000	H@50 1.000000	H@100 1.000000
INFO:kbc-cli.py:Epoch 61/100	Loss 4.6320 ± 0.2966
INFO:kbc-cli.py:Epoch 62/100	Loss 4.6326 ± 0.2963
INFO:kbc-cli.py:Epoch 63/100	Loss 4.6322 ± 0.2924
INFO:kbc-cli.py:Epoch 63/100	dev results	MRR 0.745566	H@1 0.610553	H@3 0.866834	H@5 0.947236	H@10 0.997487	H@20 1.000000	H@50 1.000000	H@100 1.000000
INFO:kbc-cli.py:Epoch 63/100	test results	MRR 0.736689	H@1 0.587065	H@3 0.873134	H@5 0.942786	H@10 0.997512	H@20 1.000000	H@50 1.000000	H@100 1.000000
INFO:kbc-cli.py:Epoch 64/100	Loss 4.6307 ± 0.2693
INFO:kbc-cli.py:Epoch 65/100	Loss 4.6315 ± 0.2944
INFO:kbc-cli.py:Epoch 66/100	Loss 4.6300 ± 0.3041
INFO:kbc-cli.py:Epoch 66/100	dev results	MRR 0.744087	H@1 0.608040	H@3 0.866834	H@5 0.947236	H@10 0.997487	H@20 1.000000	H@50 1.000000	H@100 1.000000
INFO:kbc-cli.py:Epoch 66/100	test results	MRR 0.737142	H@1 0.587065	H@3 0.875622	H@5 0.947761	H@10 0.997512	H@20 1.000000	H@50 1.000000	H@100 1.000000
INFO:kbc-cli.py:Epoch 67/100	Loss 4.6307 ± 0.2877
INFO:kbc-cli.py:Epoch 68/100	Loss 4.6283 ± 0.2897
INFO:kbc-cli.py:Epoch 69/100	Loss 4.6297 ± 0.2691
INFO:kbc-cli.py:Epoch 69/100	dev results	MRR 0.738740	H@1 0.597990	H@3 0.869347	H@5 0.949749	H@10 0.997487	H@20 1.000000	H@50 1.000000	H@100 1.000000
INFO:kbc-cli.py:Epoch 69/100	test results	MRR 0.739049	H@1 0.589552	H@3 0.878109	H@5 0.945274	H@10 0.997512	H@20 1.000000	H@50 1.000000	H@100 1.000000
INFO:kbc-cli.py:Epoch 70/100	Loss 4.6285 ± 0.2776
INFO:kbc-cli.py:Epoch 71/100	Loss 4.6280 ± 0.2817
INFO:kbc-cli.py:Epoch 72/100	Loss 4.6266 ± 0.2967
INFO:kbc-cli.py:Epoch 72/100	dev results	MRR 0.739952	H@1 0.600503	H@3 0.869347	H@5 0.949749	H@10 0.997487	H@20 1.000000	H@50 1.000000	H@100 1.000000
INFO:kbc-cli.py:Epoch 72/100	test results	MRR 0.736386	H@1 0.584577	H@3 0.878109	H@5 0.947761	H@10 0.997512	H@20 1.000000	H@50 1.000000	H@100 1.000000
INFO:kbc-cli.py:Epoch 73/100	Loss 4.6273 ± 0.2958
INFO:kbc-cli.py:Epoch 74/100	Loss 4.6247 ± 0.3029
INFO:kbc-cli.py:Epoch 75/100	Loss 4.6264 ± 0.2671
INFO:kbc-cli.py:Epoch 75/100	dev results	MRR 0.741871	H@1 0.603015	H@3 0.871859	H@5 0.949749	H@10 0.997487	H@20 1.000000	H@50 1.000000	H@100 1.000000
INFO:kbc-cli.py:Epoch 75/100	test results	MRR 0.737888	H@1 0.587065	H@3 0.878109	H@5 0.947761	H@10 0.997512	H@20 1.000000	H@50 1.000000	H@100 1.000000
INFO:kbc-cli.py:Epoch 76/100	Loss 4.6264 ± 0.2779
INFO:kbc-cli.py:Epoch 77/100	Loss 4.6256 ± 0.2887
INFO:kbc-cli.py:Epoch 78/100	Loss 4.6244 ± 0.2949
INFO:kbc-cli.py:Epoch 78/100	dev results	MRR 0.743965	H@1 0.608040	H@3 0.871859	H@5 0.949749	H@10 0.997487	H@20 1.000000	H@50 1.000000	H@100 1.000000
INFO:kbc-cli.py:Epoch 78/100	test results	MRR 0.737833	H@1 0.587065	H@3 0.878109	H@5 0.947761	H@10 0.997512	H@20 1.000000	H@50 1.000000	H@100 1.000000
INFO:kbc-cli.py:Epoch 79/100	Loss 4.6245 ± 0.2907
INFO:kbc-cli.py:Epoch 80/100	Loss 4.6251 ± 0.3123
INFO:kbc-cli.py:Epoch 81/100	Loss 4.6239 ± 0.2912
INFO:kbc-cli.py:Epoch 81/100	dev results	MRR 0.741787	H@1 0.603015	H@3 0.871859	H@5 0.947236	H@10 0.997487	H@20 1.000000	H@50 1.000000	H@100 1.000000
INFO:kbc-cli.py:Epoch 81/100	test results	MRR 0.739733	H@1 0.592040	H@3 0.875622	H@5 0.947761	H@10 0.997512	H@20 1.000000	H@50 1.000000	H@100 1.000000
INFO:kbc-cli.py:Epoch 82/100	Loss 4.6216 ± 0.3019
INFO:kbc-cli.py:Epoch 83/100	Loss 4.6219 ± 0.2822
INFO:kbc-cli.py:Epoch 84/100	Loss 4.6217 ± 0.2833
INFO:kbc-cli.py:Epoch 84/100	dev results	MRR 0.740241	H@1 0.600503	H@3 0.871859	H@5 0.949749	H@10 0.997487	H@20 1.000000	H@50 1.000000	H@100 1.000000
INFO:kbc-cli.py:Epoch 84/100	test results	MRR 0.739111	H@1 0.589552	H@3 0.878109	H@5 0.947761	H@10 0.997512	H@20 1.000000	H@50 1.000000	H@100 1.000000
INFO:kbc-cli.py:Epoch 85/100	Loss 4.6237 ± 0.2753
INFO:kbc-cli.py:Epoch 86/100	Loss 4.6216 ± 0.2800
INFO:kbc-cli.py:Epoch 87/100	Loss 4.6228 ± 0.2862
INFO:kbc-cli.py:Epoch 87/100	dev results	MRR 0.742709	H@1 0.605528	H@3 0.871859	H@5 0.949749	H@10 0.997487	H@20 1.000000	H@50 1.000000	H@100 1.000000
INFO:kbc-cli.py:Epoch 87/100	test results	MRR 0.739443	H@1 0.589552	H@3 0.878109	H@5 0.950249	H@10 0.997512	H@20 1.000000	H@50 1.000000	H@100 1.000000
INFO:kbc-cli.py:Epoch 88/100	Loss 4.6218 ± 0.2919
INFO:kbc-cli.py:Epoch 89/100	Loss 4.6212 ± 0.2912
INFO:kbc-cli.py:Epoch 90/100	Loss 4.6217 ± 0.2871
INFO:kbc-cli.py:Epoch 90/100	dev results	MRR 0.742694	H@1 0.605528	H@3 0.871859	H@5 0.949749	H@10 0.997487	H@20 1.000000	H@50 1.000000	H@100 1.000000
INFO:kbc-cli.py:Epoch 90/100	test results	MRR 0.737080	H@1 0.584577	H@3 0.880597	H@5 0.947761	H@10 0.997512	H@20 1.000000	H@50 1.000000	H@100 1.000000
INFO:kbc-cli.py:Epoch 91/100	Loss 4.6206 ± 0.2799
INFO:kbc-cli.py:Epoch 92/100	Loss 4.6213 ± 0.2565
INFO:kbc-cli.py:Epoch 93/100	Loss 4.6206 ± 0.2852
INFO:kbc-cli.py:Epoch 93/100	dev results	MRR 0.740918	H@1 0.603015	H@3 0.869347	H@5 0.952261	H@10 0.997487	H@20 1.000000	H@50 1.000000	H@100 1.000000
INFO:kbc-cli.py:Epoch 93/100	test results	MRR 0.739443	H@1 0.589552	H@3 0.880597	H@5 0.947761	H@10 0.997512	H@20 1.000000	H@50 1.000000	H@100 1.000000
INFO:kbc-cli.py:Epoch 94/100	Loss 4.6188 ± 0.2747
INFO:kbc-cli.py:Epoch 95/100	Loss 4.6182 ± 0.2889
INFO:kbc-cli.py:Epoch 96/100	Loss 4.6183 ± 0.3107
INFO:kbc-cli.py:Epoch 96/100	dev results	MRR 0.739658	H@1 0.600503	H@3 0.866834	H@5 0.952261	H@10 0.997487	H@20 1.000000	H@50 1.000000	H@100 1.000000
INFO:kbc-cli.py:Epoch 96/100	test results	MRR 0.739567	H@1 0.589552	H@3 0.880597	H@5 0.947761	H@10 0.997512	H@20 1.000000	H@50 1.000000	H@100 1.000000
INFO:kbc-cli.py:Epoch 97/100	Loss 4.6201 ± 0.2916
INFO:kbc-cli.py:Epoch 98/100	Loss 4.6190 ± 0.2773
INFO:kbc-cli.py:Epoch 99/100	Loss 4.6173 ± 0.2835
INFO:kbc-cli.py:Epoch 99/100	dev results	MRR 0.741298	H@1 0.605528	H@3 0.866834	H@5 0.952261	H@10 0.997487	H@20 1.000000	H@50 1.000000	H@100 1.000000
INFO:kbc-cli.py:Epoch 99/100	test results	MRR 0.739650	H@1 0.589552	H@3 0.880597	H@5 0.950249	H@10 0.997512	H@20 1.000000	H@50 1.000000	H@100 1.000000
INFO:kbc-cli.py:Epoch 100/100	Loss 4.6164 ± 0.2968
INFO:kbc-cli.py:Final 	dev results	MRR 0.742802	H@1 0.608040	H@3 0.866834	H@5 0.952261	H@10 0.997487	H@20 1.000000	H@50 1.000000	H@100 1.000000
INFO:kbc-cli.py:Final 	test results	MRR 0.737701	H@1 0.584577	H@3 0.883085	H@5 0.947761	H@10 0.997512	H@20 1.000000	H@50 1.000000	H@100 1.000000
INFO:kbc-cli.py:Training finished
