./bin/kbc-cli.py --train data/umls/train.tsv --dev data/umls/dev.tsv --test data/umls/test.tsv -m complex -k 1000 -b 10 -e 100 --F2 0 --N3 0.1 -l 0.1 -I standard -V 3 -o adagrad -c spo -q
{'F2': 0.0,
 'N3': 0.1,
 'batch_size': 10,
 'corruption': 'spo',
 'dev': 'data/umls/dev.tsv',
 'embedding_size': 1000,
 'epochs': 100,
 'eval_batch_size': None,
 'input_type': 'standard',
 'learning_rate': 0.1,
 'load': None,
 'model': 'complex',
 'optimizer': 'adagrad',
 'quiet': True,
 'save': None,
 'seed': 0,
 'test': 'data/umls/test.tsv',
 'test_i': None,
 'test_ii': None,
 'train': 'data/umls/train.tsv',
 'validate_every': 3}
INFO:kbc-cli.py:Device: cuda
INFO:kbc-cli.py:Model state:
INFO:kbc-cli.py:	entities.weight	torch.Size([135, 2000])
INFO:kbc-cli.py:	predicates.weight	torch.Size([46, 2000])
INFO:kbc-cli.py:Epoch 1/100	Loss 12.0383 ± 2.7104
INFO:kbc-cli.py:Epoch 2/100	Loss 9.7192 ± 0.5747
INFO:kbc-cli.py:Epoch 3/100	Loss 9.4552 ± 0.4788
INFO:kbc-cli.py:Epoch 3/100	dev results	MRR 0.886356	H@1 0.805215	H@3 0.964724	H@5 0.977761	H@10 0.991564	H@20 0.996166	H@50 1.000000	H@100 1.000000
INFO:kbc-cli.py:Epoch 3/100	test results	MRR 0.876047	H@1 0.785174	H@3 0.966717	H@5 0.976551	H@10 0.990923	H@20 0.996974	H@50 0.997731	H@100 0.999244
INFO:kbc-cli.py:Epoch 4/100	Loss 9.3362 ± 0.4910
INFO:kbc-cli.py:Epoch 5/100	Loss 9.2756 ± 0.4599
INFO:kbc-cli.py:Epoch 6/100	Loss 9.2273 ± 0.4648
INFO:kbc-cli.py:Epoch 6/100	dev results	MRR 0.893146	H@1 0.809049	H@3 0.971626	H@5 0.984663	H@10 0.994632	H@20 0.994632	H@50 1.000000	H@100 1.000000
INFO:kbc-cli.py:Epoch 6/100	test results	MRR 0.880570	H@1 0.786687	H@3 0.970499	H@5 0.985628	H@10 0.992436	H@20 0.996974	H@50 0.998487	H@100 0.999244
INFO:kbc-cli.py:Epoch 7/100	Loss 9.1955 ± 0.4676
INFO:kbc-cli.py:Epoch 8/100	Loss 9.1702 ± 0.4582
INFO:kbc-cli.py:Epoch 9/100	Loss 9.1496 ± 0.4756
INFO:kbc-cli.py:Epoch 9/100	dev results	MRR 0.900746	H@1 0.825920	H@3 0.968558	H@5 0.981595	H@10 0.993098	H@20 0.995399	H@50 1.000000	H@100 1.000000
INFO:kbc-cli.py:Epoch 9/100	test results	MRR 0.895210	H@1 0.812405	H@3 0.975038	H@5 0.985628	H@10 0.993949	H@20 0.997731	H@50 0.998487	H@100 0.999244
INFO:kbc-cli.py:Epoch 10/100	Loss 9.1322 ± 0.4606
INFO:kbc-cli.py:Epoch 11/100	Loss 9.1184 ± 0.4429
INFO:kbc-cli.py:Epoch 12/100	Loss 9.1086 ± 0.4601
INFO:kbc-cli.py:Epoch 12/100	dev results	MRR 0.903441	H@1 0.828221	H@3 0.974693	H@5 0.983129	H@10 0.993098	H@20 0.994632	H@50 1.000000	H@100 1.000000
INFO:kbc-cli.py:Epoch 12/100	test results	MRR 0.896277	H@1 0.814675	H@3 0.975038	H@5 0.984871	H@10 0.993192	H@20 0.997731	H@50 0.998487	H@100 0.999244
INFO:kbc-cli.py:Epoch 13/100	Loss 9.0961 ± 0.4521
INFO:kbc-cli.py:Epoch 14/100	Loss 9.0861 ± 0.4591
INFO:kbc-cli.py:Epoch 15/100	Loss 9.0784 ± 0.4404
INFO:kbc-cli.py:Epoch 15/100	dev results	MRR 0.912968	H@1 0.846626	H@3 0.978528	H@5 0.984663	H@10 0.994632	H@20 0.996166	H@50 1.000000	H@100 1.000000
INFO:kbc-cli.py:Epoch 15/100	test results	MRR 0.912070	H@1 0.844175	H@3 0.979576	H@5 0.986384	H@10 0.993192	H@20 0.997731	H@50 0.998487	H@100 0.999244
INFO:kbc-cli.py:Epoch 16/100	Loss 9.0685 ± 0.4597
INFO:kbc-cli.py:Epoch 17/100	Loss 9.0611 ± 0.4257
INFO:kbc-cli.py:Epoch 18/100	Loss 9.0544 ± 0.4635
INFO:kbc-cli.py:Epoch 18/100	dev results	MRR 0.901319	H@1 0.825153	H@3 0.974693	H@5 0.984663	H@10 0.992331	H@20 0.996166	H@50 1.000000	H@100 1.000000
INFO:kbc-cli.py:Epoch 18/100	test results	MRR 0.906910	H@1 0.835098	H@3 0.974281	H@5 0.987141	H@10 0.993949	H@20 0.997731	H@50 0.998487	H@100 0.999244
INFO:kbc-cli.py:Epoch 19/100	Loss 9.0508 ± 0.4603
INFO:kbc-cli.py:Epoch 20/100	Loss 9.0446 ± 0.4411
INFO:kbc-cli.py:Epoch 21/100	Loss 9.0401 ± 0.4573
INFO:kbc-cli.py:Epoch 21/100	dev results	MRR 0.905680	H@1 0.833589	H@3 0.972393	H@5 0.981595	H@10 0.993865	H@20 0.996933	H@50 1.000000	H@100 1.000000
INFO:kbc-cli.py:Epoch 21/100	test results	MRR 0.905106	H@1 0.830560	H@3 0.976551	H@5 0.988654	H@10 0.993949	H@20 0.997731	H@50 0.998487	H@100 0.999244
INFO:kbc-cli.py:Epoch 22/100	Loss 9.0329 ± 0.4638
INFO:kbc-cli.py:Epoch 23/100	Loss 9.0300 ± 0.4418
INFO:kbc-cli.py:Epoch 24/100	Loss 9.0237 ± 0.4282
INFO:kbc-cli.py:Epoch 24/100	dev results	MRR 0.903176	H@1 0.827454	H@3 0.976994	H@5 0.982362	H@10 0.993865	H@20 0.996933	H@50 1.000000	H@100 1.000000
INFO:kbc-cli.py:Epoch 24/100	test results	MRR 0.902674	H@1 0.823752	H@3 0.979576	H@5 0.986384	H@10 0.994705	H@20 0.997731	H@50 0.998487	H@100 0.999244
INFO:kbc-cli.py:Epoch 25/100	Loss 9.0248 ± 0.4471
INFO:kbc-cli.py:Epoch 26/100	Loss 9.0181 ± 0.4481
INFO:kbc-cli.py:Epoch 27/100	Loss 9.0170 ± 0.4425
INFO:kbc-cli.py:Epoch 27/100	dev results	MRR 0.907955	H@1 0.836656	H@3 0.974693	H@5 0.982362	H@10 0.993098	H@20 0.996933	H@50 1.000000	H@100 1.000000
INFO:kbc-cli.py:Epoch 27/100	test results	MRR 0.909361	H@1 0.837368	H@3 0.979576	H@5 0.987141	H@10 0.994705	H@20 0.997731	H@50 0.998487	H@100 0.999244
INFO:kbc-cli.py:Epoch 28/100	Loss 9.0109 ± 0.4825
INFO:kbc-cli.py:Epoch 29/100	Loss 9.0094 ± 0.4569
INFO:kbc-cli.py:Epoch 30/100	Loss 9.0049 ± 0.4455
INFO:kbc-cli.py:Epoch 30/100	dev results	MRR 0.911748	H@1 0.845092	H@3 0.973160	H@5 0.984663	H@10 0.994632	H@20 0.996166	H@50 1.000000	H@100 1.000000
INFO:kbc-cli.py:Epoch 30/100	test results	MRR 0.910918	H@1 0.842663	H@3 0.975794	H@5 0.986384	H@10 0.993949	H@20 0.997731	H@50 0.998487	H@100 0.999244
INFO:kbc-cli.py:Epoch 31/100	Loss 9.0039 ± 0.4485
INFO:kbc-cli.py:Epoch 32/100	Loss 9.0009 ± 0.4664
INFO:kbc-cli.py:Epoch 33/100	Loss 8.9983 ± 0.4493
INFO:kbc-cli.py:Epoch 33/100	dev results	MRR 0.909539	H@1 0.839724	H@3 0.976227	H@5 0.983129	H@10 0.993098	H@20 0.996933	H@50 1.000000	H@100 1.000000
INFO:kbc-cli.py:Epoch 33/100	test results	MRR 0.911458	H@1 0.841150	H@3 0.979576	H@5 0.988654	H@10 0.994705	H@20 0.997731	H@50 0.998487	H@100 0.999244
INFO:kbc-cli.py:Epoch 34/100	Loss 8.9951 ± 0.4767
INFO:kbc-cli.py:Epoch 35/100	Loss 8.9933 ± 0.4358
INFO:kbc-cli.py:Epoch 36/100	Loss 8.9911 ± 0.4447
INFO:kbc-cli.py:Epoch 36/100	dev results	MRR 0.907488	H@1 0.835123	H@3 0.979294	H@5 0.983129	H@10 0.993098	H@20 0.996933	H@50 1.000000	H@100 1.000000
INFO:kbc-cli.py:Epoch 36/100	test results	MRR 0.910334	H@1 0.838880	H@3 0.978064	H@5 0.988654	H@10 0.995461	H@20 0.997731	H@50 0.998487	H@100 0.999244
INFO:kbc-cli.py:Epoch 37/100	Loss 8.9902 ± 0.4545
INFO:kbc-cli.py:Epoch 38/100	Loss 8.9852 ± 0.4532
INFO:kbc-cli.py:Epoch 39/100	Loss 8.9840 ± 0.4732
INFO:kbc-cli.py:Epoch 39/100	dev results	MRR 0.910790	H@1 0.840491	H@3 0.979294	H@5 0.983129	H@10 0.992331	H@20 0.996933	H@50 1.000000	H@100 1.000000
INFO:kbc-cli.py:Epoch 39/100	test results	MRR 0.909583	H@1 0.837368	H@3 0.980333	H@5 0.987897	H@10 0.994705	H@20 0.997731	H@50 0.998487	H@100 0.999244
INFO:kbc-cli.py:Epoch 40/100	Loss 8.9827 ± 0.4637
INFO:kbc-cli.py:Epoch 41/100	Loss 8.9802 ± 0.4604
INFO:kbc-cli.py:Epoch 42/100	Loss 8.9796 ± 0.4477
INFO:kbc-cli.py:Epoch 42/100	dev results	MRR 0.912335	H@1 0.845859	H@3 0.976227	H@5 0.983129	H@10 0.992331	H@20 0.996933	H@50 1.000000	H@100 1.000000
INFO:kbc-cli.py:Epoch 42/100	test results	MRR 0.914186	H@1 0.847201	H@3 0.978820	H@5 0.987897	H@10 0.993949	H@20 0.997731	H@50 0.998487	H@100 0.999244
INFO:kbc-cli.py:Epoch 43/100	Loss 8.9780 ± 0.4388
INFO:kbc-cli.py:Epoch 44/100	Loss 8.9747 ± 0.4586
INFO:kbc-cli.py:Epoch 45/100	Loss 8.9733 ± 0.4205
INFO:kbc-cli.py:Epoch 45/100	dev results	MRR 0.911723	H@1 0.842791	H@3 0.977761	H@5 0.983896	H@10 0.993098	H@20 0.996933	H@50 1.000000	H@100 1.000000
INFO:kbc-cli.py:Epoch 45/100	test results	MRR 0.911650	H@1 0.841150	H@3 0.980333	H@5 0.988654	H@10 0.995461	H@20 0.997731	H@50 0.998487	H@100 0.999244
INFO:kbc-cli.py:Epoch 46/100	Loss 8.9707 ± 0.4135
INFO:kbc-cli.py:Epoch 47/100	Loss 8.9707 ± 0.4345
INFO:kbc-cli.py:Epoch 48/100	Loss 8.9698 ± 0.4441
INFO:kbc-cli.py:Epoch 48/100	dev results	MRR 0.905941	H@1 0.832055	H@3 0.977761	H@5 0.983896	H@10 0.993098	H@20 0.996933	H@50 1.000000	H@100 1.000000
INFO:kbc-cli.py:Epoch 48/100	test results	MRR 0.908390	H@1 0.835855	H@3 0.977307	H@5 0.987897	H@10 0.995461	H@20 0.997731	H@50 0.998487	H@100 0.999244
INFO:kbc-cli.py:Epoch 49/100	Loss 8.9673 ± 0.4395
INFO:kbc-cli.py:Epoch 50/100	Loss 8.9668 ± 0.4290
INFO:kbc-cli.py:Epoch 51/100	Loss 8.9647 ± 0.4322
INFO:kbc-cli.py:Epoch 51/100	dev results	MRR 0.911311	H@1 0.841258	H@3 0.976994	H@5 0.982362	H@10 0.993865	H@20 0.996933	H@50 1.000000	H@100 1.000000
INFO:kbc-cli.py:Epoch 51/100	test results	MRR 0.911792	H@1 0.841906	H@3 0.979576	H@5 0.987141	H@10 0.993949	H@20 0.997731	H@50 0.998487	H@100 0.999244
INFO:kbc-cli.py:Epoch 52/100	Loss 8.9631 ± 0.4471
INFO:kbc-cli.py:Epoch 53/100	Loss 8.9628 ± 0.4465
INFO:kbc-cli.py:Epoch 54/100	Loss 8.9612 ± 0.4477
INFO:kbc-cli.py:Epoch 54/100	dev results	MRR 0.907309	H@1 0.833589	H@3 0.978528	H@5 0.982362	H@10 0.993098	H@20 0.996933	H@50 1.000000	H@100 1.000000
INFO:kbc-cli.py:Epoch 54/100	test results	MRR 0.912349	H@1 0.841906	H@3 0.981089	H@5 0.988654	H@10 0.995461	H@20 0.997731	H@50 0.998487	H@100 0.999244
INFO:kbc-cli.py:Epoch 55/100	Loss 8.9603 ± 0.4374
INFO:kbc-cli.py:Epoch 56/100	Loss 8.9583 ± 0.4540
INFO:kbc-cli.py:Epoch 57/100	Loss 8.9583 ± 0.4356
INFO:kbc-cli.py:Epoch 57/100	dev results	MRR 0.913048	H@1 0.845859	H@3 0.978528	H@5 0.983129	H@10 0.993098	H@20 0.996933	H@50 1.000000	H@100 1.000000
INFO:kbc-cli.py:Epoch 57/100	test results	MRR 0.913232	H@1 0.844175	H@3 0.980333	H@5 0.989410	H@10 0.995461	H@20 0.997731	H@50 0.998487	H@100 0.999244
INFO:kbc-cli.py:Epoch 58/100	Loss 8.9567 ± 0.4321
INFO:kbc-cli.py:Epoch 59/100	Loss 8.9549 ± 0.4356
INFO:kbc-cli.py:Epoch 60/100	Loss 8.9539 ± 0.4362
INFO:kbc-cli.py:Epoch 60/100	dev results	MRR 0.907554	H@1 0.834356	H@3 0.977761	H@5 0.984663	H@10 0.993098	H@20 0.996933	H@50 1.000000	H@100 1.000000
INFO:kbc-cli.py:Epoch 60/100	test results	MRR 0.910535	H@1 0.838880	H@3 0.980333	H@5 0.988654	H@10 0.994705	H@20 0.997731	H@50 0.998487	H@100 0.999244
INFO:kbc-cli.py:Epoch 61/100	Loss 8.9527 ± 0.4132
INFO:kbc-cli.py:Epoch 62/100	Loss 8.9547 ± 0.4413
INFO:kbc-cli.py:Epoch 63/100	Loss 8.9513 ± 0.4373
INFO:kbc-cli.py:Epoch 63/100	dev results	MRR 0.907392	H@1 0.835123	H@3 0.977761	H@5 0.983129	H@10 0.992331	H@20 0.996933	H@50 1.000000	H@100 1.000000
INFO:kbc-cli.py:Epoch 63/100	test results	MRR 0.908027	H@1 0.834342	H@3 0.981089	H@5 0.987897	H@10 0.993949	H@20 0.997731	H@50 0.998487	H@100 0.999244
INFO:kbc-cli.py:Epoch 64/100	Loss 8.9501 ± 0.4286
INFO:kbc-cli.py:Epoch 65/100	Loss 8.9499 ± 0.4568
INFO:kbc-cli.py:Epoch 66/100	Loss 8.9493 ± 0.4392
INFO:kbc-cli.py:Epoch 66/100	dev results	MRR 0.911243	H@1 0.842025	H@3 0.978528	H@5 0.984663	H@10 0.993098	H@20 0.996933	H@50 1.000000	H@100 1.000000
INFO:kbc-cli.py:Epoch 66/100	test results	MRR 0.912450	H@1 0.844175	H@3 0.979576	H@5 0.987897	H@10 0.994705	H@20 0.997731	H@50 0.998487	H@100 0.999244
INFO:kbc-cli.py:Epoch 67/100	Loss 8.9475 ± 0.4385
INFO:kbc-cli.py:Epoch 68/100	Loss 8.9464 ± 0.4207
INFO:kbc-cli.py:Epoch 69/100	Loss 8.9459 ± 0.4200
INFO:kbc-cli.py:Epoch 69/100	dev results	MRR 0.916258	H@1 0.851994	H@3 0.977761	H@5 0.983896	H@10 0.993865	H@20 0.996933	H@50 1.000000	H@100 1.000000
INFO:kbc-cli.py:Epoch 69/100	test results	MRR 0.914589	H@1 0.847201	H@3 0.979576	H@5 0.987897	H@10 0.994705	H@20 0.997731	H@50 0.998487	H@100 0.999244
INFO:kbc-cli.py:Epoch 70/100	Loss 8.9455 ± 0.4711
INFO:kbc-cli.py:Epoch 71/100	Loss 8.9456 ± 0.4450
INFO:kbc-cli.py:Epoch 72/100	Loss 8.9434 ± 0.4635
INFO:kbc-cli.py:Epoch 72/100	dev results	MRR 0.909100	H@1 0.838190	H@3 0.976994	H@5 0.984663	H@10 0.993098	H@20 0.996166	H@50 1.000000	H@100 1.000000
INFO:kbc-cli.py:Epoch 72/100	test results	MRR 0.912908	H@1 0.844932	H@3 0.979576	H@5 0.987141	H@10 0.996218	H@20 0.997731	H@50 0.998487	H@100 0.999244
INFO:kbc-cli.py:Epoch 73/100	Loss 8.9437 ± 0.4074
INFO:kbc-cli.py:Epoch 74/100	Loss 8.9425 ± 0.4511
INFO:kbc-cli.py:Epoch 75/100	Loss 8.9408 ± 0.4428
INFO:kbc-cli.py:Epoch 75/100	dev results	MRR 0.911585	H@1 0.842791	H@3 0.977761	H@5 0.984663	H@10 0.993098	H@20 0.996933	H@50 1.000000	H@100 1.000000
INFO:kbc-cli.py:Epoch 75/100	test results	MRR 0.910107	H@1 0.838124	H@3 0.980333	H@5 0.987897	H@10 0.996218	H@20 0.997731	H@50 0.998487	H@100 0.999244
INFO:kbc-cli.py:Epoch 76/100	Loss 8.9410 ± 0.4511
INFO:kbc-cli.py:Epoch 77/100	Loss 8.9397 ± 0.4281
INFO:kbc-cli.py:Epoch 78/100	Loss 8.9392 ± 0.4339
INFO:kbc-cli.py:Epoch 78/100	dev results	MRR 0.910625	H@1 0.840491	H@3 0.978528	H@5 0.983896	H@10 0.993098	H@20 0.996933	H@50 1.000000	H@100 1.000000
INFO:kbc-cli.py:Epoch 78/100	test results	MRR 0.911231	H@1 0.841906	H@3 0.979576	H@5 0.987141	H@10 0.994705	H@20 0.997731	H@50 0.998487	H@100 0.999244
INFO:kbc-cli.py:Epoch 79/100	Loss 8.9390 ± 0.4484
INFO:kbc-cli.py:Epoch 80/100	Loss 8.9382 ± 0.4426
INFO:kbc-cli.py:Epoch 81/100	Loss 8.9366 ± 0.4327
INFO:kbc-cli.py:Epoch 81/100	dev results	MRR 0.910903	H@1 0.842025	H@3 0.978528	H@5 0.983896	H@10 0.993098	H@20 0.996933	H@50 1.000000	H@100 1.000000
INFO:kbc-cli.py:Epoch 81/100	test results	MRR 0.911239	H@1 0.840393	H@3 0.981089	H@5 0.987897	H@10 0.996218	H@20 0.997731	H@50 0.998487	H@100 0.999244
INFO:kbc-cli.py:Epoch 82/100	Loss 8.9354 ± 0.4413
INFO:kbc-cli.py:Epoch 83/100	Loss 8.9355 ± 0.4505
INFO:kbc-cli.py:Epoch 84/100	Loss 8.9352 ± 0.4447
INFO:kbc-cli.py:Epoch 84/100	dev results	MRR 0.910139	H@1 0.839724	H@3 0.977761	H@5 0.984663	H@10 0.993098	H@20 0.996933	H@50 1.000000	H@100 1.000000
INFO:kbc-cli.py:Epoch 84/100	test results	MRR 0.909412	H@1 0.837368	H@3 0.979576	H@5 0.987141	H@10 0.995461	H@20 0.997731	H@50 0.998487	H@100 0.999244
INFO:kbc-cli.py:Epoch 85/100	Loss 8.9354 ± 0.4540
INFO:kbc-cli.py:Epoch 86/100	Loss 8.9338 ± 0.4349
INFO:kbc-cli.py:Epoch 87/100	Loss 8.9328 ± 0.4314
INFO:kbc-cli.py:Epoch 87/100	dev results	MRR 0.913574	H@1 0.846626	H@3 0.978528	H@5 0.984663	H@10 0.993865	H@20 0.996933	H@50 1.000000	H@100 1.000000
INFO:kbc-cli.py:Epoch 87/100	test results	MRR 0.912604	H@1 0.843419	H@3 0.980333	H@5 0.987897	H@10 0.993949	H@20 0.997731	H@50 0.998487	H@100 0.999244
INFO:kbc-cli.py:Epoch 88/100	Loss 8.9331 ± 0.4375
INFO:kbc-cli.py:Epoch 89/100	Loss 8.9329 ± 0.4401
INFO:kbc-cli.py:Epoch 90/100	Loss 8.9319 ± 0.4463
INFO:kbc-cli.py:Epoch 90/100	dev results	MRR 0.907961	H@1 0.835123	H@3 0.977761	H@5 0.984663	H@10 0.993098	H@20 0.996166	H@50 1.000000	H@100 1.000000
INFO:kbc-cli.py:Epoch 90/100	test results	MRR 0.907998	H@1 0.835098	H@3 0.979576	H@5 0.987897	H@10 0.995461	H@20 0.997731	H@50 0.998487	H@100 0.999244
INFO:kbc-cli.py:Epoch 91/100	Loss 8.9314 ± 0.4349
INFO:kbc-cli.py:Epoch 92/100	Loss 8.9312 ± 0.4291
INFO:kbc-cli.py:Epoch 93/100	Loss 8.9283 ± 0.4472
INFO:kbc-cli.py:Epoch 93/100	dev results	MRR 0.907999	H@1 0.835123	H@3 0.978528	H@5 0.984663	H@10 0.993098	H@20 0.996166	H@50 1.000000	H@100 1.000000
INFO:kbc-cli.py:Epoch 93/100	test results	MRR 0.908988	H@1 0.837368	H@3 0.980333	H@5 0.988654	H@10 0.995461	H@20 0.997731	H@50 0.998487	H@100 0.999244
INFO:kbc-cli.py:Epoch 94/100	Loss 8.9300 ± 0.4251
INFO:kbc-cli.py:Epoch 95/100	Loss 8.9293 ± 0.4450
INFO:kbc-cli.py:Epoch 96/100	Loss 8.9281 ± 0.4483
INFO:kbc-cli.py:Epoch 96/100	dev results	MRR 0.913740	H@1 0.845859	H@3 0.978528	H@5 0.985429	H@10 0.993865	H@20 0.996933	H@50 1.000000	H@100 1.000000
INFO:kbc-cli.py:Epoch 96/100	test results	MRR 0.914772	H@1 0.847958	H@3 0.980333	H@5 0.987141	H@10 0.996218	H@20 0.997731	H@50 0.998487	H@100 0.999244
INFO:kbc-cli.py:Epoch 97/100	Loss 8.9279 ± 0.4392
INFO:kbc-cli.py:Epoch 98/100	Loss 8.9276 ± 0.4386
INFO:kbc-cli.py:Epoch 99/100	Loss 8.9270 ± 0.4657
INFO:kbc-cli.py:Epoch 99/100	dev results	MRR 0.911525	H@1 0.842791	H@3 0.977761	H@5 0.984663	H@10 0.993865	H@20 0.996933	H@50 1.000000	H@100 1.000000
INFO:kbc-cli.py:Epoch 99/100	test results	MRR 0.912002	H@1 0.842663	H@3 0.980333	H@5 0.987897	H@10 0.993949	H@20 0.997731	H@50 0.998487	H@100 0.999244
INFO:kbc-cli.py:Epoch 100/100	Loss 8.9264 ± 0.4344
INFO:kbc-cli.py:Final 	dev results	MRR 0.911239	H@1 0.842025	H@3 0.978528	H@5 0.984663	H@10 0.993098	H@20 0.996933	H@50 1.000000	H@100 1.000000
INFO:kbc-cli.py:Final 	test results	MRR 0.913364	H@1 0.845688	H@3 0.981089	H@5 0.988654	H@10 0.994705	H@20 0.997731	H@50 0.998487	H@100 0.999244
INFO:kbc-cli.py:Training finished
