./bin/kbc-cli.py --train data/umls/train.tsv --dev data/umls/dev.tsv --test data/umls/test.tsv -m complex -k 100 -b 100 -e 100 --F2 0 --N3 0.0005 -l 0.1 -I standard -V 3 -o adagrad -c so -q
{'F2': 0.0,
 'N3': 0.0005,
 'batch_size': 100,
 'corruption': 'so',
 'dev': 'data/umls/dev.tsv',
 'embedding_size': 100,
 'epochs': 100,
 'eval_batch_size': None,
 'input_type': 'standard',
 'learning_rate': 0.1,
 'load': None,
 'model': 'complex',
 'optimizer': 'adagrad',
 'quiet': True,
 'save': None,
 'seed': 0,
 'test': 'data/umls/test.tsv',
 'test_i': None,
 'test_ii': None,
 'train': 'data/umls/train.tsv',
 'validate_every': 3}
INFO:kbc-cli.py:Device: cuda
INFO:kbc-cli.py:Model state:
INFO:kbc-cli.py:	entities.weight	torch.Size([135, 200])
INFO:kbc-cli.py:	predicates.weight	torch.Size([46, 200])
INFO:kbc-cli.py:Epoch 1/100	Loss 8.0257 ± 1.0603
INFO:kbc-cli.py:Epoch 2/100	Loss 6.1040 ± 0.1223
INFO:kbc-cli.py:Epoch 3/100	Loss 5.7545 ± 0.1535
INFO:kbc-cli.py:Epoch 3/100	dev results	MRR 0.922277	H@1 0.868098	H@3 0.970859	H@5 0.980061	H@10 0.993865	H@20 0.996933	H@50 1.000000	H@100 1.000000
INFO:kbc-cli.py:Epoch 3/100	test results	MRR 0.903855	H@1 0.830560	H@3 0.976551	H@5 0.987141	H@10 0.993949	H@20 0.995461	H@50 0.997731	H@100 1.000000
INFO:kbc-cli.py:Epoch 4/100	Loss 5.6054 ± 0.1790
INFO:kbc-cli.py:Epoch 5/100	Loss 5.5232 ± 0.1452
INFO:kbc-cli.py:Epoch 6/100	Loss 5.4652 ± 0.1619
INFO:kbc-cli.py:Epoch 6/100	dev results	MRR 0.919101	H@1 0.855828	H@3 0.978528	H@5 0.989264	H@10 0.993865	H@20 0.996933	H@50 1.000000	H@100 1.000000
INFO:kbc-cli.py:Epoch 6/100	test results	MRR 0.907080	H@1 0.829803	H@3 0.984871	H@5 0.990923	H@10 0.996974	H@20 0.997731	H@50 0.997731	H@100 1.000000
INFO:kbc-cli.py:Epoch 7/100	Loss 5.4130 ± 0.1560
INFO:kbc-cli.py:Epoch 8/100	Loss 5.3848 ± 0.1843
INFO:kbc-cli.py:Epoch 9/100	Loss 5.3441 ± 0.1926
INFO:kbc-cli.py:Epoch 9/100	dev results	MRR 0.950389	H@1 0.917945	H@3 0.978528	H@5 0.988497	H@10 0.994632	H@20 0.997699	H@50 1.000000	H@100 1.000000
INFO:kbc-cli.py:Epoch 9/100	test results	MRR 0.943919	H@1 0.900908	H@3 0.985628	H@5 0.992436	H@10 0.996974	H@20 0.997731	H@50 0.997731	H@100 1.000000
INFO:kbc-cli.py:Epoch 10/100	Loss 5.3242 ± 0.1776
INFO:kbc-cli.py:Epoch 11/100	Loss 5.3059 ± 0.1603
INFO:kbc-cli.py:Epoch 12/100	Loss 5.2793 ± 0.1806
INFO:kbc-cli.py:Epoch 12/100	dev results	MRR 0.949100	H@1 0.916411	H@3 0.977761	H@5 0.989264	H@10 0.993098	H@20 0.997699	H@50 1.000000	H@100 1.000000
INFO:kbc-cli.py:Epoch 12/100	test results	MRR 0.946442	H@1 0.906203	H@3 0.984115	H@5 0.992436	H@10 0.996974	H@20 0.997731	H@50 0.997731	H@100 1.000000
INFO:kbc-cli.py:Epoch 13/100	Loss 5.2733 ± 0.1852
INFO:kbc-cli.py:Epoch 14/100	Loss 5.2447 ± 0.1496
INFO:kbc-cli.py:Epoch 15/100	Loss 5.2411 ± 0.1747
INFO:kbc-cli.py:Epoch 15/100	dev results	MRR 0.948999	H@1 0.917178	H@3 0.974693	H@5 0.988497	H@10 0.992331	H@20 0.996166	H@50 1.000000	H@100 1.000000
INFO:kbc-cli.py:Epoch 15/100	test results	MRR 0.947266	H@1 0.907716	H@3 0.986384	H@5 0.990923	H@10 0.995461	H@20 0.997731	H@50 0.997731	H@100 1.000000
INFO:kbc-cli.py:Epoch 16/100	Loss 5.2147 ± 0.1409
INFO:kbc-cli.py:Epoch 17/100	Loss 5.2034 ± 0.1520
INFO:kbc-cli.py:Epoch 18/100	Loss 5.1983 ± 0.1645
INFO:kbc-cli.py:Epoch 18/100	dev results	MRR 0.953607	H@1 0.926380	H@3 0.973926	H@5 0.989264	H@10 0.992331	H@20 0.996933	H@50 1.000000	H@100 1.000000
INFO:kbc-cli.py:Epoch 18/100	test results	MRR 0.955747	H@1 0.923601	H@3 0.985628	H@5 0.991679	H@10 0.995461	H@20 0.997731	H@50 0.997731	H@100 1.000000
INFO:kbc-cli.py:Epoch 19/100	Loss 5.1822 ± 0.1598
INFO:kbc-cli.py:Epoch 20/100	Loss 5.1810 ± 0.1393
INFO:kbc-cli.py:Epoch 21/100	Loss 5.1821 ± 0.1645
INFO:kbc-cli.py:Epoch 21/100	dev results	MRR 0.954269	H@1 0.927914	H@3 0.975460	H@5 0.987730	H@10 0.992331	H@20 0.996933	H@50 1.000000	H@100 1.000000
INFO:kbc-cli.py:Epoch 21/100	test results	MRR 0.954796	H@1 0.922088	H@3 0.986384	H@5 0.991679	H@10 0.995461	H@20 0.997731	H@50 0.997731	H@100 1.000000
INFO:kbc-cli.py:Epoch 22/100	Loss 5.1597 ± 0.1687
INFO:kbc-cli.py:Epoch 23/100	Loss 5.1568 ± 0.1459
INFO:kbc-cli.py:Epoch 24/100	Loss 5.1464 ± 0.1527
INFO:kbc-cli.py:Epoch 24/100	dev results	MRR 0.949855	H@1 0.920245	H@3 0.974693	H@5 0.986963	H@10 0.992331	H@20 0.996933	H@50 1.000000	H@100 1.000000
INFO:kbc-cli.py:Epoch 24/100	test results	MRR 0.952441	H@1 0.917549	H@3 0.985628	H@5 0.991679	H@10 0.995461	H@20 0.997731	H@50 0.997731	H@100 1.000000
INFO:kbc-cli.py:Epoch 25/100	Loss 5.1413 ± 0.1542
INFO:kbc-cli.py:Epoch 26/100	Loss 5.1269 ± 0.1708
INFO:kbc-cli.py:Epoch 27/100	Loss 5.1396 ± 0.1615
INFO:kbc-cli.py:Epoch 27/100	dev results	MRR 0.950227	H@1 0.921779	H@3 0.973926	H@5 0.983129	H@10 0.991564	H@20 0.996933	H@50 1.000000	H@100 1.000000
INFO:kbc-cli.py:Epoch 27/100	test results	MRR 0.951217	H@1 0.915280	H@3 0.985628	H@5 0.990923	H@10 0.995461	H@20 0.997731	H@50 0.997731	H@100 1.000000
INFO:kbc-cli.py:Epoch 28/100	Loss 5.1186 ± 0.1567
INFO:kbc-cli.py:Epoch 29/100	Loss 5.1213 ± 0.1360
INFO:kbc-cli.py:Epoch 30/100	Loss 5.1228 ± 0.1595
INFO:kbc-cli.py:Epoch 30/100	dev results	MRR 0.954454	H@1 0.930982	H@3 0.971626	H@5 0.984663	H@10 0.991564	H@20 0.996933	H@50 1.000000	H@100 1.000000
INFO:kbc-cli.py:Epoch 30/100	test results	MRR 0.954795	H@1 0.922844	H@3 0.985628	H@5 0.991679	H@10 0.994705	H@20 0.997731	H@50 0.997731	H@100 1.000000
INFO:kbc-cli.py:Epoch 31/100	Loss 5.1125 ± 0.1519
INFO:kbc-cli.py:Epoch 32/100	Loss 5.0987 ± 0.1548
INFO:kbc-cli.py:Epoch 33/100	Loss 5.1044 ± 0.1473
INFO:kbc-cli.py:Epoch 33/100	dev results	MRR 0.952442	H@1 0.927147	H@3 0.972393	H@5 0.983129	H@10 0.991564	H@20 0.996933	H@50 1.000000	H@100 1.000000
INFO:kbc-cli.py:Epoch 33/100	test results	MRR 0.954462	H@1 0.923601	H@3 0.984115	H@5 0.990166	H@10 0.994705	H@20 0.997731	H@50 0.997731	H@100 1.000000
INFO:kbc-cli.py:Epoch 34/100	Loss 5.0924 ± 0.1485
INFO:kbc-cli.py:Epoch 35/100	Loss 5.0949 ± 0.1587
INFO:kbc-cli.py:Epoch 36/100	Loss 5.0940 ± 0.1465
INFO:kbc-cli.py:Epoch 36/100	dev results	MRR 0.950314	H@1 0.923313	H@3 0.973160	H@5 0.982362	H@10 0.991564	H@20 0.996166	H@50 1.000000	H@100 1.000000
INFO:kbc-cli.py:Epoch 36/100	test results	MRR 0.954287	H@1 0.922844	H@3 0.984871	H@5 0.990166	H@10 0.994705	H@20 0.996974	H@50 0.997731	H@100 1.000000
INFO:kbc-cli.py:Epoch 37/100	Loss 5.0977 ± 0.1440
INFO:kbc-cli.py:Epoch 38/100	Loss 5.0807 ± 0.1452
INFO:kbc-cli.py:Epoch 39/100	Loss 5.0790 ± 0.1752
INFO:kbc-cli.py:Epoch 39/100	dev results	MRR 0.953238	H@1 0.929448	H@3 0.971626	H@5 0.983896	H@10 0.991564	H@20 0.996166	H@50 1.000000	H@100 1.000000
INFO:kbc-cli.py:Epoch 39/100	test results	MRR 0.954291	H@1 0.923601	H@3 0.983359	H@5 0.990923	H@10 0.994705	H@20 0.997731	H@50 0.997731	H@100 1.000000
INFO:kbc-cli.py:Epoch 40/100	Loss 5.0836 ± 0.1465
INFO:kbc-cli.py:Epoch 41/100	Loss 5.0706 ± 0.1400
INFO:kbc-cli.py:Epoch 42/100	Loss 5.0759 ± 0.1721
INFO:kbc-cli.py:Epoch 42/100	dev results	MRR 0.951002	H@1 0.924847	H@3 0.971626	H@5 0.981595	H@10 0.991564	H@20 0.995399	H@50 1.000000	H@100 1.000000
INFO:kbc-cli.py:Epoch 42/100	test results	MRR 0.950707	H@1 0.916793	H@3 0.984115	H@5 0.990923	H@10 0.994705	H@20 0.996974	H@50 0.997731	H@100 1.000000
INFO:kbc-cli.py:Epoch 43/100	Loss 5.0771 ± 0.1744
INFO:kbc-cli.py:Epoch 44/100	Loss 5.0646 ± 0.1512
INFO:kbc-cli.py:Epoch 45/100	Loss 5.0712 ± 0.1530
INFO:kbc-cli.py:Epoch 45/100	dev results	MRR 0.948707	H@1 0.921012	H@3 0.971626	H@5 0.981595	H@10 0.991564	H@20 0.995399	H@50 1.000000	H@100 1.000000
INFO:kbc-cli.py:Epoch 45/100	test results	MRR 0.951384	H@1 0.918306	H@3 0.984115	H@5 0.990923	H@10 0.995461	H@20 0.996974	H@50 0.997731	H@100 1.000000
INFO:kbc-cli.py:Epoch 46/100	Loss 5.0546 ± 0.1460
INFO:kbc-cli.py:Epoch 47/100	Loss 5.0470 ± 0.1571
INFO:kbc-cli.py:Epoch 48/100	Loss 5.0642 ± 0.1598
INFO:kbc-cli.py:Epoch 48/100	dev results	MRR 0.947158	H@1 0.917945	H@3 0.971626	H@5 0.980828	H@10 0.991564	H@20 0.996166	H@50 1.000000	H@100 1.000000
INFO:kbc-cli.py:Epoch 48/100	test results	MRR 0.951633	H@1 0.919818	H@3 0.981846	H@5 0.990166	H@10 0.994705	H@20 0.996974	H@50 0.997731	H@100 1.000000
INFO:kbc-cli.py:Epoch 49/100	Loss 5.0576 ± 0.1418
INFO:kbc-cli.py:Epoch 50/100	Loss 5.0523 ± 0.1435
INFO:kbc-cli.py:Epoch 51/100	Loss 5.0525 ± 0.1250
INFO:kbc-cli.py:Epoch 51/100	dev results	MRR 0.949702	H@1 0.923313	H@3 0.970859	H@5 0.981595	H@10 0.991564	H@20 0.995399	H@50 1.000000	H@100 1.000000
INFO:kbc-cli.py:Epoch 51/100	test results	MRR 0.952227	H@1 0.920575	H@3 0.982602	H@5 0.990166	H@10 0.995461	H@20 0.996974	H@50 0.997731	H@100 1.000000
INFO:kbc-cli.py:Epoch 52/100	Loss 5.0372 ± 0.1533
INFO:kbc-cli.py:Epoch 53/100	Loss 5.0465 ± 0.1350
INFO:kbc-cli.py:Epoch 54/100	Loss 5.0449 ± 0.1601
INFO:kbc-cli.py:Epoch 54/100	dev results	MRR 0.947630	H@1 0.918712	H@3 0.970092	H@5 0.982362	H@10 0.992331	H@20 0.995399	H@50 1.000000	H@100 1.000000
INFO:kbc-cli.py:Epoch 54/100	test results	MRR 0.950276	H@1 0.917549	H@3 0.980333	H@5 0.990166	H@10 0.995461	H@20 0.996974	H@50 0.997731	H@100 1.000000
INFO:kbc-cli.py:Epoch 55/100	Loss 5.0425 ± 0.1466
INFO:kbc-cli.py:Epoch 56/100	Loss 5.0440 ± 0.1523
INFO:kbc-cli.py:Epoch 57/100	Loss 5.0315 ± 0.1379
INFO:kbc-cli.py:Epoch 57/100	dev results	MRR 0.949103	H@1 0.922546	H@3 0.970092	H@5 0.981595	H@10 0.991564	H@20 0.995399	H@50 1.000000	H@100 1.000000
INFO:kbc-cli.py:Epoch 57/100	test results	MRR 0.949337	H@1 0.916036	H@3 0.980333	H@5 0.988654	H@10 0.995461	H@20 0.996974	H@50 0.997731	H@100 1.000000
INFO:kbc-cli.py:Epoch 58/100	Loss 5.0333 ± 0.1372
INFO:kbc-cli.py:Epoch 59/100	Loss 5.0314 ± 0.1601
INFO:kbc-cli.py:Epoch 60/100	Loss 5.0340 ± 0.1494
INFO:kbc-cli.py:Epoch 60/100	dev results	MRR 0.944284	H@1 0.913344	H@3 0.967791	H@5 0.982362	H@10 0.992331	H@20 0.994632	H@50 1.000000	H@100 1.000000
INFO:kbc-cli.py:Epoch 60/100	test results	MRR 0.946393	H@1 0.909985	H@3 0.981846	H@5 0.989410	H@10 0.994705	H@20 0.996974	H@50 0.997731	H@100 1.000000
INFO:kbc-cli.py:Epoch 61/100	Loss 5.0273 ± 0.1519
INFO:kbc-cli.py:Epoch 62/100	Loss 5.0383 ± 0.1618
INFO:kbc-cli.py:Epoch 63/100	Loss 5.0290 ± 0.1372
INFO:kbc-cli.py:Epoch 63/100	dev results	MRR 0.945494	H@1 0.916411	H@3 0.967791	H@5 0.981595	H@10 0.991564	H@20 0.994632	H@50 1.000000	H@100 1.000000
INFO:kbc-cli.py:Epoch 63/100	test results	MRR 0.947810	H@1 0.913011	H@3 0.981846	H@5 0.989410	H@10 0.994705	H@20 0.996974	H@50 0.997731	H@100 1.000000
INFO:kbc-cli.py:Epoch 64/100	Loss 5.0303 ± 0.1306
INFO:kbc-cli.py:Epoch 65/100	Loss 5.0233 ± 0.1449
INFO:kbc-cli.py:Epoch 66/100	Loss 5.0198 ± 0.1219
INFO:kbc-cli.py:Epoch 66/100	dev results	MRR 0.947751	H@1 0.920245	H@3 0.969325	H@5 0.980828	H@10 0.990798	H@20 0.995399	H@50 1.000000	H@100 1.000000
INFO:kbc-cli.py:Epoch 66/100	test results	MRR 0.947753	H@1 0.913011	H@3 0.981846	H@5 0.987897	H@10 0.995461	H@20 0.996974	H@50 0.997731	H@100 1.000000
INFO:kbc-cli.py:Epoch 67/100	Loss 5.0257 ± 0.1359
INFO:kbc-cli.py:Epoch 68/100	Loss 5.0180 ± 0.1307
INFO:kbc-cli.py:Epoch 69/100	Loss 5.0168 ± 0.1516
INFO:kbc-cli.py:Epoch 69/100	dev results	MRR 0.946531	H@1 0.918712	H@3 0.967791	H@5 0.981595	H@10 0.990798	H@20 0.995399	H@50 1.000000	H@100 1.000000
INFO:kbc-cli.py:Epoch 69/100	test results	MRR 0.947007	H@1 0.912254	H@3 0.980333	H@5 0.989410	H@10 0.995461	H@20 0.996974	H@50 0.997731	H@100 1.000000
INFO:kbc-cli.py:Epoch 70/100	Loss 5.0152 ± 0.1539
INFO:kbc-cli.py:Epoch 71/100	Loss 5.0141 ± 0.1286
INFO:kbc-cli.py:Epoch 72/100	Loss 5.0227 ± 0.1542
INFO:kbc-cli.py:Epoch 72/100	dev results	MRR 0.944354	H@1 0.914110	H@3 0.967791	H@5 0.980828	H@10 0.990798	H@20 0.995399	H@50 1.000000	H@100 1.000000
INFO:kbc-cli.py:Epoch 72/100	test results	MRR 0.945972	H@1 0.910741	H@3 0.980333	H@5 0.989410	H@10 0.995461	H@20 0.996974	H@50 0.997731	H@100 1.000000
INFO:kbc-cli.py:Epoch 73/100	Loss 5.0184 ± 0.1349
INFO:kbc-cli.py:Epoch 74/100	Loss 5.0176 ± 0.1377
INFO:kbc-cli.py:Epoch 75/100	Loss 5.0001 ± 0.1632
INFO:kbc-cli.py:Epoch 75/100	dev results	MRR 0.944793	H@1 0.914110	H@3 0.968558	H@5 0.981595	H@10 0.990798	H@20 0.994632	H@50 1.000000	H@100 1.000000
INFO:kbc-cli.py:Epoch 75/100	test results	MRR 0.946284	H@1 0.910741	H@3 0.980333	H@5 0.989410	H@10 0.995461	H@20 0.996974	H@50 0.997731	H@100 1.000000
INFO:kbc-cli.py:Epoch 76/100	Loss 5.0147 ± 0.1491
INFO:kbc-cli.py:Epoch 77/100	Loss 5.0064 ± 0.1446
INFO:kbc-cli.py:Epoch 78/100	Loss 5.0096 ± 0.1487
INFO:kbc-cli.py:Epoch 78/100	dev results	MRR 0.941799	H@1 0.909509	H@3 0.967025	H@5 0.980828	H@10 0.990798	H@20 0.994632	H@50 1.000000	H@100 1.000000
INFO:kbc-cli.py:Epoch 78/100	test results	MRR 0.944955	H@1 0.909228	H@3 0.978820	H@5 0.989410	H@10 0.995461	H@20 0.996974	H@50 0.997731	H@100 1.000000
INFO:kbc-cli.py:Epoch 79/100	Loss 5.0060 ± 0.1013
INFO:kbc-cli.py:Epoch 80/100	Loss 5.0074 ± 0.1263
INFO:kbc-cli.py:Epoch 81/100	Loss 5.0100 ± 0.1288
INFO:kbc-cli.py:Epoch 81/100	dev results	MRR 0.943843	H@1 0.914110	H@3 0.966258	H@5 0.980061	H@10 0.990798	H@20 0.994632	H@50 1.000000	H@100 1.000000
INFO:kbc-cli.py:Epoch 81/100	test results	MRR 0.944270	H@1 0.906959	H@3 0.980333	H@5 0.990166	H@10 0.995461	H@20 0.996974	H@50 0.997731	H@100 1.000000
INFO:kbc-cli.py:Epoch 82/100	Loss 4.9943 ± 0.1497
INFO:kbc-cli.py:Epoch 83/100	Loss 5.0067 ± 0.1206
INFO:kbc-cli.py:Epoch 84/100	Loss 5.0023 ± 0.1313
INFO:kbc-cli.py:Epoch 84/100	dev results	MRR 0.943965	H@1 0.914877	H@3 0.967025	H@5 0.979294	H@10 0.990798	H@20 0.994632	H@50 1.000000	H@100 1.000000
INFO:kbc-cli.py:Epoch 84/100	test results	MRR 0.942469	H@1 0.903933	H@3 0.977307	H@5 0.990166	H@10 0.995461	H@20 0.996974	H@50 0.997731	H@100 1.000000
INFO:kbc-cli.py:Epoch 85/100	Loss 5.0068 ± 0.1455
INFO:kbc-cli.py:Epoch 86/100	Loss 5.0075 ± 0.1577
INFO:kbc-cli.py:Epoch 87/100	Loss 5.0014 ± 0.1422
INFO:kbc-cli.py:Epoch 87/100	dev results	MRR 0.943148	H@1 0.913344	H@3 0.966258	H@5 0.978528	H@10 0.990798	H@20 0.994632	H@50 1.000000	H@100 1.000000
INFO:kbc-cli.py:Epoch 87/100	test results	MRR 0.945410	H@1 0.909985	H@3 0.979576	H@5 0.990166	H@10 0.995461	H@20 0.996974	H@50 0.997731	H@100 1.000000
INFO:kbc-cli.py:Epoch 88/100	Loss 5.0008 ± 0.1152
INFO:kbc-cli.py:Epoch 89/100	Loss 4.9964 ± 0.1165
INFO:kbc-cli.py:Epoch 90/100	Loss 5.0018 ± 0.1456
INFO:kbc-cli.py:Epoch 90/100	dev results	MRR 0.943227	H@1 0.913344	H@3 0.966258	H@5 0.978528	H@10 0.990798	H@20 0.994632	H@50 1.000000	H@100 1.000000
INFO:kbc-cli.py:Epoch 90/100	test results	MRR 0.945631	H@1 0.909985	H@3 0.979576	H@5 0.990166	H@10 0.995461	H@20 0.996974	H@50 0.997731	H@100 1.000000
INFO:kbc-cli.py:Epoch 91/100	Loss 5.0027 ± 0.1332
INFO:kbc-cli.py:Epoch 92/100	Loss 5.0005 ± 0.1426
INFO:kbc-cli.py:Epoch 93/100	Loss 4.9878 ± 0.1267
INFO:kbc-cli.py:Epoch 93/100	dev results	MRR 0.940753	H@1 0.907975	H@3 0.967025	H@5 0.978528	H@10 0.990798	H@20 0.994632	H@50 1.000000	H@100 1.000000
INFO:kbc-cli.py:Epoch 93/100	test results	MRR 0.942292	H@1 0.903177	H@3 0.979576	H@5 0.990166	H@10 0.995461	H@20 0.996974	H@50 0.997731	H@100 1.000000
INFO:kbc-cli.py:Epoch 94/100	Loss 4.9996 ± 0.1276
INFO:kbc-cli.py:Epoch 95/100	Loss 4.9982 ± 0.1372
INFO:kbc-cli.py:Epoch 96/100	Loss 4.9879 ± 0.1364
INFO:kbc-cli.py:Epoch 96/100	dev results	MRR 0.940089	H@1 0.907209	H@3 0.964724	H@5 0.976227	H@10 0.991564	H@20 0.994632	H@50 1.000000	H@100 1.000000
INFO:kbc-cli.py:Epoch 96/100	test results	MRR 0.943177	H@1 0.905446	H@3 0.979576	H@5 0.989410	H@10 0.995461	H@20 0.996974	H@50 0.997731	H@100 1.000000
INFO:kbc-cli.py:Epoch 97/100	Loss 4.9968 ± 0.1528
INFO:kbc-cli.py:Epoch 98/100	Loss 4.9962 ± 0.1625
INFO:kbc-cli.py:Epoch 99/100	Loss 4.9928 ± 0.1277
INFO:kbc-cli.py:Epoch 99/100	dev results	MRR 0.940068	H@1 0.906442	H@3 0.965491	H@5 0.978528	H@10 0.991564	H@20 0.994632	H@50 1.000000	H@100 1.000000
INFO:kbc-cli.py:Epoch 99/100	test results	MRR 0.943500	H@1 0.906203	H@3 0.979576	H@5 0.989410	H@10 0.994705	H@20 0.996974	H@50 0.997731	H@100 1.000000
INFO:kbc-cli.py:Epoch 100/100	Loss 4.9850 ± 0.1356
INFO:kbc-cli.py:Final 	dev results	MRR 0.941284	H@1 0.909509	H@3 0.964724	H@5 0.978528	H@10 0.991564	H@20 0.994632	H@50 1.000000	H@100 1.000000
INFO:kbc-cli.py:Final 	test results	MRR 0.943485	H@1 0.906203	H@3 0.979576	H@5 0.988654	H@10 0.995461	H@20 0.996974	H@50 0.997731	H@100 1.000000
INFO:kbc-cli.py:Training finished
