./bin/kbc-cli.py --train data/umls/train.tsv --dev data/umls/dev.tsv --test data/umls/test.tsv -m complex -k 500 -b 100 -e 100 --F2 0 --N3 0.05 -l 0.1 -I reciprocal -V 3 -o adagrad -c spo -q
{'F2': 0.0,
 'N3': 0.05,
 'batch_size': 100,
 'corruption': 'spo',
 'dev': 'data/umls/dev.tsv',
 'embedding_size': 500,
 'epochs': 100,
 'eval_batch_size': None,
 'input_type': 'reciprocal',
 'learning_rate': 0.1,
 'load': None,
 'model': 'complex',
 'optimizer': 'adagrad',
 'quiet': True,
 'save': None,
 'seed': 0,
 'test': 'data/umls/test.tsv',
 'test_i': None,
 'test_ii': None,
 'train': 'data/umls/train.tsv',
 'validate_every': 3}
INFO:kbc-cli.py:Device: cuda
INFO:kbc-cli.py:Model state:
INFO:kbc-cli.py:	entities.weight	torch.Size([135, 1000])
INFO:kbc-cli.py:	predicates.weight	torch.Size([92, 1000])
INFO:kbc-cli.py:Epoch 1/100	Loss 10.8827 ± 2.0474
INFO:kbc-cli.py:Epoch 2/100	Loss 8.6776 ± 0.1656
INFO:kbc-cli.py:Epoch 3/100	Loss 8.4588 ± 0.1732
INFO:kbc-cli.py:Epoch 3/100	dev results	MRR 0.896396	H@1 0.807515	H@3 0.980828	H@5 0.991564	H@10 0.996933	H@20 1.000000	H@50 1.000000	H@100 1.000000
INFO:kbc-cli.py:Epoch 3/100	test results	MRR 0.885420	H@1 0.786687	H@3 0.981089	H@5 0.990166	H@10 0.996218	H@20 0.997731	H@50 0.999244	H@100 1.000000
INFO:kbc-cli.py:Epoch 4/100	Loss 8.3692 ± 0.1881
INFO:kbc-cli.py:Epoch 5/100	Loss 8.3113 ± 0.1662
INFO:kbc-cli.py:Epoch 6/100	Loss 8.2689 ± 0.1851
INFO:kbc-cli.py:Epoch 6/100	dev results	MRR 0.916579	H@1 0.846626	H@3 0.984663	H@5 0.992331	H@10 0.997699	H@20 0.999233	H@50 1.000000	H@100 1.000000
INFO:kbc-cli.py:Epoch 6/100	test results	MRR 0.909862	H@1 0.830560	H@3 0.988654	H@5 0.993192	H@10 0.996974	H@20 0.998487	H@50 1.000000	H@100 1.000000
INFO:kbc-cli.py:Epoch 7/100	Loss 8.2364 ± 0.1687
INFO:kbc-cli.py:Epoch 8/100	Loss 8.2162 ± 0.1755
INFO:kbc-cli.py:Epoch 9/100	Loss 8.1965 ± 0.1779
INFO:kbc-cli.py:Epoch 9/100	dev results	MRR 0.924375	H@1 0.859663	H@3 0.987730	H@5 0.993865	H@10 0.997699	H@20 1.000000	H@50 1.000000	H@100 1.000000
INFO:kbc-cli.py:Epoch 9/100	test results	MRR 0.917926	H@1 0.847201	H@3 0.987141	H@5 0.993192	H@10 0.997731	H@20 0.998487	H@50 1.000000	H@100 1.000000
INFO:kbc-cli.py:Epoch 10/100	Loss 8.1791 ± 0.1655
INFO:kbc-cli.py:Epoch 11/100	Loss 8.1632 ± 0.1683
INFO:kbc-cli.py:Epoch 12/100	Loss 8.1512 ± 0.1671
INFO:kbc-cli.py:Epoch 12/100	dev results	MRR 0.925896	H@1 0.864264	H@3 0.985429	H@5 0.993098	H@10 0.997699	H@20 0.999233	H@50 1.000000	H@100 1.000000
INFO:kbc-cli.py:Epoch 12/100	test results	MRR 0.926356	H@1 0.862330	H@3 0.990923	H@5 0.993949	H@10 0.997731	H@20 0.998487	H@50 1.000000	H@100 1.000000
INFO:kbc-cli.py:Epoch 13/100	Loss 8.1429 ± 0.1452
INFO:kbc-cli.py:Epoch 14/100	Loss 8.1353 ± 0.1746
INFO:kbc-cli.py:Epoch 15/100	Loss 8.1254 ± 0.1717
INFO:kbc-cli.py:Epoch 15/100	dev results	MRR 0.919694	H@1 0.851994	H@3 0.983896	H@5 0.993098	H@10 0.997699	H@20 0.999233	H@50 1.000000	H@100 1.000000
INFO:kbc-cli.py:Epoch 15/100	test results	MRR 0.927198	H@1 0.864599	H@3 0.989410	H@5 0.993949	H@10 0.997731	H@20 0.997731	H@50 1.000000	H@100 1.000000
INFO:kbc-cli.py:Epoch 16/100	Loss 8.1123 ± 0.1614
INFO:kbc-cli.py:Epoch 17/100	Loss 8.1093 ± 0.1649
INFO:kbc-cli.py:Epoch 18/100	Loss 8.1005 ± 0.1573
INFO:kbc-cli.py:Epoch 18/100	dev results	MRR 0.932579	H@1 0.877301	H@3 0.985429	H@5 0.995399	H@10 0.997699	H@20 1.000000	H@50 1.000000	H@100 1.000000
INFO:kbc-cli.py:Epoch 18/100	test results	MRR 0.932310	H@1 0.875189	H@3 0.990166	H@5 0.993949	H@10 0.997731	H@20 0.998487	H@50 1.000000	H@100 1.000000
INFO:kbc-cli.py:Epoch 19/100	Loss 8.0958 ± 0.1649
INFO:kbc-cli.py:Epoch 20/100	Loss 8.0905 ± 0.1656
INFO:kbc-cli.py:Epoch 21/100	Loss 8.0885 ± 0.1811
INFO:kbc-cli.py:Epoch 21/100	dev results	MRR 0.920558	H@1 0.852761	H@3 0.986196	H@5 0.994632	H@10 0.997699	H@20 0.999233	H@50 1.000000	H@100 1.000000
INFO:kbc-cli.py:Epoch 21/100	test results	MRR 0.924364	H@1 0.858548	H@3 0.990923	H@5 0.994705	H@10 0.997731	H@20 0.997731	H@50 1.000000	H@100 1.000000
INFO:kbc-cli.py:Epoch 22/100	Loss 8.0782 ± 0.1766
INFO:kbc-cli.py:Epoch 23/100	Loss 8.0782 ± 0.1773
INFO:kbc-cli.py:Epoch 24/100	Loss 8.0758 ± 0.1859
INFO:kbc-cli.py:Epoch 24/100	dev results	MRR 0.930276	H@1 0.871933	H@3 0.986963	H@5 0.993098	H@10 0.997699	H@20 0.998466	H@50 1.000000	H@100 1.000000
INFO:kbc-cli.py:Epoch 24/100	test results	MRR 0.933764	H@1 0.877458	H@3 0.990166	H@5 0.994705	H@10 0.997731	H@20 0.997731	H@50 1.000000	H@100 1.000000
INFO:kbc-cli.py:Epoch 25/100	Loss 8.0686 ± 0.1693
INFO:kbc-cli.py:Epoch 26/100	Loss 8.0619 ± 0.1682
INFO:kbc-cli.py:Epoch 27/100	Loss 8.0590 ± 0.1812
INFO:kbc-cli.py:Epoch 27/100	dev results	MRR 0.939015	H@1 0.888804	H@3 0.986196	H@5 0.993865	H@10 0.997699	H@20 0.999233	H@50 1.000000	H@100 1.000000
INFO:kbc-cli.py:Epoch 27/100	test results	MRR 0.940205	H@1 0.890318	H@3 0.989410	H@5 0.994705	H@10 0.997731	H@20 0.997731	H@50 1.000000	H@100 1.000000
INFO:kbc-cli.py:Epoch 28/100	Loss 8.0546 ± 0.1656
INFO:kbc-cli.py:Epoch 29/100	Loss 8.0532 ± 0.1664
INFO:kbc-cli.py:Epoch 30/100	Loss 8.0546 ± 0.1792
INFO:kbc-cli.py:Epoch 30/100	dev results	MRR 0.942567	H@1 0.896472	H@3 0.986196	H@5 0.995399	H@10 0.997699	H@20 0.999233	H@50 1.000000	H@100 1.000000
INFO:kbc-cli.py:Epoch 30/100	test results	MRR 0.942253	H@1 0.894100	H@3 0.990923	H@5 0.994705	H@10 0.997731	H@20 0.997731	H@50 1.000000	H@100 1.000000
INFO:kbc-cli.py:Epoch 31/100	Loss 8.0499 ± 0.1714
INFO:kbc-cli.py:Epoch 32/100	Loss 8.0458 ± 0.1657
INFO:kbc-cli.py:Epoch 33/100	Loss 8.0399 ± 0.1602
INFO:kbc-cli.py:Epoch 33/100	dev results	MRR 0.936506	H@1 0.884969	H@3 0.985429	H@5 0.992331	H@10 0.998466	H@20 0.998466	H@50 1.000000	H@100 1.000000
INFO:kbc-cli.py:Epoch 33/100	test results	MRR 0.939413	H@1 0.887292	H@3 0.991679	H@5 0.994705	H@10 0.997731	H@20 0.997731	H@50 1.000000	H@100 1.000000
INFO:kbc-cli.py:Epoch 34/100	Loss 8.0374 ± 0.1448
INFO:kbc-cli.py:Epoch 35/100	Loss 8.0382 ± 0.1525
INFO:kbc-cli.py:Epoch 36/100	Loss 8.0354 ± 0.1428
INFO:kbc-cli.py:Epoch 36/100	dev results	MRR 0.944345	H@1 0.900307	H@3 0.987730	H@5 0.993865	H@10 0.997699	H@20 0.999233	H@50 1.000000	H@100 1.000000
INFO:kbc-cli.py:Epoch 36/100	test results	MRR 0.939771	H@1 0.889561	H@3 0.989410	H@5 0.994705	H@10 0.997731	H@20 0.997731	H@50 1.000000	H@100 1.000000
INFO:kbc-cli.py:Epoch 37/100	Loss 8.0353 ± 0.1717
INFO:kbc-cli.py:Epoch 38/100	Loss 8.0277 ± 0.1558
INFO:kbc-cli.py:Epoch 39/100	Loss 8.0289 ± 0.1627
INFO:kbc-cli.py:Epoch 39/100	dev results	MRR 0.939363	H@1 0.890337	H@3 0.986196	H@5 0.994632	H@10 0.997699	H@20 0.999233	H@50 1.000000	H@100 1.000000
INFO:kbc-cli.py:Epoch 39/100	test results	MRR 0.937099	H@1 0.883510	H@3 0.990923	H@5 0.994705	H@10 0.997731	H@20 0.997731	H@50 1.000000	H@100 1.000000
INFO:kbc-cli.py:Epoch 40/100	Loss 8.0267 ± 0.1642
INFO:kbc-cli.py:Epoch 41/100	Loss 8.0244 ± 0.1513
INFO:kbc-cli.py:Epoch 42/100	Loss 8.0204 ± 0.1666
INFO:kbc-cli.py:Epoch 42/100	dev results	MRR 0.942999	H@1 0.898006	H@3 0.986963	H@5 0.992331	H@10 0.997699	H@20 0.999233	H@50 1.000000	H@100 1.000000
INFO:kbc-cli.py:Epoch 42/100	test results	MRR 0.943045	H@1 0.895613	H@3 0.990923	H@5 0.994705	H@10 0.997731	H@20 0.997731	H@50 1.000000	H@100 1.000000
INFO:kbc-cli.py:Epoch 43/100	Loss 8.0174 ± 0.1385
INFO:kbc-cli.py:Epoch 44/100	Loss 8.0174 ± 0.1623
INFO:kbc-cli.py:Epoch 45/100	Loss 8.0133 ± 0.1724
INFO:kbc-cli.py:Epoch 45/100	dev results	MRR 0.939850	H@1 0.891104	H@3 0.987730	H@5 0.994632	H@10 0.997699	H@20 0.999233	H@50 1.000000	H@100 1.000000
INFO:kbc-cli.py:Epoch 45/100	test results	MRR 0.939799	H@1 0.889561	H@3 0.990166	H@5 0.994705	H@10 0.997731	H@20 0.997731	H@50 1.000000	H@100 1.000000
INFO:kbc-cli.py:Epoch 46/100	Loss 8.0127 ± 0.1406
INFO:kbc-cli.py:Epoch 47/100	Loss 8.0147 ± 0.1617
INFO:kbc-cli.py:Epoch 48/100	Loss 8.0088 ± 0.1570
INFO:kbc-cli.py:Epoch 48/100	dev results	MRR 0.936422	H@1 0.884202	H@3 0.986196	H@5 0.992331	H@10 0.998466	H@20 0.999233	H@50 1.000000	H@100 1.000000
INFO:kbc-cli.py:Epoch 48/100	test results	MRR 0.941237	H@1 0.891831	H@3 0.990166	H@5 0.995461	H@10 0.997731	H@20 0.997731	H@50 1.000000	H@100 1.000000
INFO:kbc-cli.py:Epoch 49/100	Loss 8.0115 ± 0.1633
INFO:kbc-cli.py:Epoch 50/100	Loss 8.0059 ± 0.1439
INFO:kbc-cli.py:Epoch 51/100	Loss 8.0076 ± 0.1830
INFO:kbc-cli.py:Epoch 51/100	dev results	MRR 0.946002	H@1 0.904141	H@3 0.986196	H@5 0.992331	H@10 0.998466	H@20 0.999233	H@50 1.000000	H@100 1.000000
INFO:kbc-cli.py:Epoch 51/100	test results	MRR 0.942947	H@1 0.895613	H@3 0.990923	H@5 0.994705	H@10 0.997731	H@20 0.999244	H@50 1.000000	H@100 1.000000
INFO:kbc-cli.py:Epoch 52/100	Loss 8.0052 ± 0.1567
INFO:kbc-cli.py:Epoch 53/100	Loss 8.0010 ± 0.1669
INFO:kbc-cli.py:Epoch 54/100	Loss 8.0042 ± 0.1795
INFO:kbc-cli.py:Epoch 54/100	dev results	MRR 0.945287	H@1 0.901840	H@3 0.986196	H@5 0.993865	H@10 0.997699	H@20 0.999233	H@50 1.000000	H@100 1.000000
INFO:kbc-cli.py:Epoch 54/100	test results	MRR 0.947050	H@1 0.903933	H@3 0.989410	H@5 0.994705	H@10 0.997731	H@20 0.997731	H@50 1.000000	H@100 1.000000
INFO:kbc-cli.py:Epoch 55/100	Loss 8.0002 ± 0.1459
INFO:kbc-cli.py:Epoch 56/100	Loss 7.9999 ± 0.1488
INFO:kbc-cli.py:Epoch 57/100	Loss 7.9995 ± 0.1658
INFO:kbc-cli.py:Epoch 57/100	dev results	MRR 0.947921	H@1 0.907209	H@3 0.987730	H@5 0.993098	H@10 0.998466	H@20 1.000000	H@50 1.000000	H@100 1.000000
INFO:kbc-cli.py:Epoch 57/100	test results	MRR 0.943518	H@1 0.896369	H@3 0.989410	H@5 0.994705	H@10 0.997731	H@20 0.997731	H@50 1.000000	H@100 1.000000
INFO:kbc-cli.py:Epoch 58/100	Loss 7.9956 ± 0.1378
INFO:kbc-cli.py:Epoch 59/100	Loss 7.9952 ± 0.1647
INFO:kbc-cli.py:Epoch 60/100	Loss 7.9958 ± 0.1386
INFO:kbc-cli.py:Epoch 60/100	dev results	MRR 0.943594	H@1 0.898773	H@3 0.986196	H@5 0.993098	H@10 0.998466	H@20 0.999233	H@50 1.000000	H@100 1.000000
INFO:kbc-cli.py:Epoch 60/100	test results	MRR 0.944785	H@1 0.898638	H@3 0.990923	H@5 0.994705	H@10 0.997731	H@20 0.997731	H@50 1.000000	H@100 1.000000
INFO:kbc-cli.py:Epoch 61/100	Loss 7.9947 ± 0.1477
INFO:kbc-cli.py:Epoch 62/100	Loss 7.9939 ± 0.1734
INFO:kbc-cli.py:Epoch 63/100	Loss 7.9949 ± 0.1674
INFO:kbc-cli.py:Epoch 63/100	dev results	MRR 0.947472	H@1 0.907209	H@3 0.986196	H@5 0.992331	H@10 0.997699	H@20 0.999233	H@50 1.000000	H@100 1.000000
INFO:kbc-cli.py:Epoch 63/100	test results	MRR 0.945333	H@1 0.900151	H@3 0.990166	H@5 0.994705	H@10 0.997731	H@20 0.997731	H@50 1.000000	H@100 1.000000
INFO:kbc-cli.py:Epoch 64/100	Loss 7.9909 ± 0.1588
INFO:kbc-cli.py:Epoch 65/100	Loss 7.9892 ± 0.1341
INFO:kbc-cli.py:Epoch 66/100	Loss 7.9855 ± 0.1731
INFO:kbc-cli.py:Epoch 66/100	dev results	MRR 0.949006	H@1 0.909509	H@3 0.986963	H@5 0.992331	H@10 0.998466	H@20 1.000000	H@50 1.000000	H@100 1.000000
INFO:kbc-cli.py:Epoch 66/100	test results	MRR 0.948723	H@1 0.906203	H@3 0.991679	H@5 0.994705	H@10 0.997731	H@20 0.997731	H@50 1.000000	H@100 1.000000
INFO:kbc-cli.py:Epoch 67/100	Loss 7.9864 ± 0.1499
INFO:kbc-cli.py:Epoch 68/100	Loss 7.9882 ± 0.1703
INFO:kbc-cli.py:Epoch 69/100	Loss 7.9863 ± 0.1691
INFO:kbc-cli.py:Epoch 69/100	dev results	MRR 0.948344	H@1 0.907975	H@3 0.986196	H@5 0.992331	H@10 0.998466	H@20 0.999233	H@50 1.000000	H@100 1.000000
INFO:kbc-cli.py:Epoch 69/100	test results	MRR 0.946302	H@1 0.902421	H@3 0.990166	H@5 0.994705	H@10 0.997731	H@20 0.997731	H@50 1.000000	H@100 1.000000
INFO:kbc-cli.py:Epoch 70/100	Loss 7.9854 ± 0.1487
INFO:kbc-cli.py:Epoch 71/100	Loss 7.9863 ± 0.1575
INFO:kbc-cli.py:Epoch 72/100	Loss 7.9823 ± 0.1331
INFO:kbc-cli.py:Epoch 72/100	dev results	MRR 0.945409	H@1 0.902607	H@3 0.986196	H@5 0.993098	H@10 0.998466	H@20 0.999233	H@50 1.000000	H@100 1.000000
INFO:kbc-cli.py:Epoch 72/100	test results	MRR 0.944010	H@1 0.897882	H@3 0.989410	H@5 0.994705	H@10 0.997731	H@20 0.997731	H@50 1.000000	H@100 1.000000
INFO:kbc-cli.py:Epoch 73/100	Loss 7.9812 ± 0.1617
INFO:kbc-cli.py:Epoch 74/100	Loss 7.9821 ± 0.1440
INFO:kbc-cli.py:Epoch 75/100	Loss 7.9800 ± 0.1574
INFO:kbc-cli.py:Epoch 75/100	dev results	MRR 0.944236	H@1 0.900307	H@3 0.986963	H@5 0.991564	H@10 0.998466	H@20 1.000000	H@50 1.000000	H@100 1.000000
INFO:kbc-cli.py:Epoch 75/100	test results	MRR 0.943468	H@1 0.897126	H@3 0.987897	H@5 0.994705	H@10 0.997731	H@20 0.997731	H@50 1.000000	H@100 1.000000
INFO:kbc-cli.py:Epoch 76/100	Loss 7.9803 ± 0.1568
INFO:kbc-cli.py:Epoch 77/100	Loss 7.9771 ± 0.1599
INFO:kbc-cli.py:Epoch 78/100	Loss 7.9758 ± 0.1629
INFO:kbc-cli.py:Epoch 78/100	dev results	MRR 0.944489	H@1 0.901074	H@3 0.986963	H@5 0.992331	H@10 0.998466	H@20 0.999233	H@50 1.000000	H@100 1.000000
INFO:kbc-cli.py:Epoch 78/100	test results	MRR 0.945581	H@1 0.900908	H@3 0.990166	H@5 0.994705	H@10 0.997731	H@20 0.997731	H@50 1.000000	H@100 1.000000
INFO:kbc-cli.py:Epoch 79/100	Loss 7.9746 ± 0.1647
INFO:kbc-cli.py:Epoch 80/100	Loss 7.9741 ± 0.1512
INFO:kbc-cli.py:Epoch 81/100	Loss 7.9757 ± 0.1545
INFO:kbc-cli.py:Epoch 81/100	dev results	MRR 0.946736	H@1 0.905675	H@3 0.986196	H@5 0.992331	H@10 0.998466	H@20 1.000000	H@50 1.000000	H@100 1.000000
INFO:kbc-cli.py:Epoch 81/100	test results	MRR 0.945341	H@1 0.900151	H@3 0.990166	H@5 0.994705	H@10 0.997731	H@20 0.997731	H@50 1.000000	H@100 1.000000
INFO:kbc-cli.py:Epoch 82/100	Loss 7.9729 ± 0.1651
INFO:kbc-cli.py:Epoch 83/100	Loss 7.9732 ± 0.1469
INFO:kbc-cli.py:Epoch 84/100	Loss 7.9698 ± 0.1444
INFO:kbc-cli.py:Epoch 84/100	dev results	MRR 0.943370	H@1 0.898773	H@3 0.986963	H@5 0.993098	H@10 0.998466	H@20 1.000000	H@50 1.000000	H@100 1.000000
INFO:kbc-cli.py:Epoch 84/100	test results	MRR 0.942872	H@1 0.895613	H@3 0.990166	H@5 0.994705	H@10 0.997731	H@20 0.997731	H@50 1.000000	H@100 1.000000
INFO:kbc-cli.py:Epoch 85/100	Loss 7.9734 ± 0.1628
INFO:kbc-cli.py:Epoch 86/100	Loss 7.9727 ± 0.1594
INFO:kbc-cli.py:Epoch 87/100	Loss 7.9680 ± 0.1621
INFO:kbc-cli.py:Epoch 87/100	dev results	MRR 0.948794	H@1 0.909509	H@3 0.986196	H@5 0.993098	H@10 0.997699	H@20 0.999233	H@50 1.000000	H@100 1.000000
INFO:kbc-cli.py:Epoch 87/100	test results	MRR 0.948405	H@1 0.906959	H@3 0.989410	H@5 0.994705	H@10 0.997731	H@20 0.997731	H@50 1.000000	H@100 1.000000
INFO:kbc-cli.py:Epoch 88/100	Loss 7.9708 ± 0.1511
INFO:kbc-cli.py:Epoch 89/100	Loss 7.9701 ± 0.1456
INFO:kbc-cli.py:Epoch 90/100	Loss 7.9682 ± 0.1386
INFO:kbc-cli.py:Epoch 90/100	dev results	MRR 0.948553	H@1 0.908742	H@3 0.986963	H@5 0.992331	H@10 0.998466	H@20 1.000000	H@50 1.000000	H@100 1.000000
INFO:kbc-cli.py:Epoch 90/100	test results	MRR 0.946789	H@1 0.903177	H@3 0.989410	H@5 0.994705	H@10 0.997731	H@20 0.997731	H@50 1.000000	H@100 1.000000
INFO:kbc-cli.py:Epoch 91/100	Loss 7.9668 ± 0.1264
INFO:kbc-cli.py:Epoch 92/100	Loss 7.9680 ± 0.1538
INFO:kbc-cli.py:Epoch 93/100	Loss 7.9677 ± 0.1468
INFO:kbc-cli.py:Epoch 93/100	dev results	MRR 0.947677	H@1 0.907209	H@3 0.986196	H@5 0.992331	H@10 0.997699	H@20 1.000000	H@50 1.000000	H@100 1.000000
INFO:kbc-cli.py:Epoch 93/100	test results	MRR 0.946302	H@1 0.902421	H@3 0.989410	H@5 0.994705	H@10 0.997731	H@20 0.997731	H@50 1.000000	H@100 1.000000
INFO:kbc-cli.py:Epoch 94/100	Loss 7.9652 ± 0.1811
INFO:kbc-cli.py:Epoch 95/100	Loss 7.9661 ± 0.1534
INFO:kbc-cli.py:Epoch 96/100	Loss 7.9628 ± 0.1557
INFO:kbc-cli.py:Epoch 96/100	dev results	MRR 0.949300	H@1 0.910276	H@3 0.986963	H@5 0.992331	H@10 0.998466	H@20 1.000000	H@50 1.000000	H@100 1.000000
INFO:kbc-cli.py:Epoch 96/100	test results	MRR 0.947158	H@1 0.903933	H@3 0.989410	H@5 0.994705	H@10 0.997731	H@20 0.997731	H@50 1.000000	H@100 1.000000
INFO:kbc-cli.py:Epoch 97/100	Loss 7.9632 ± 0.1432
INFO:kbc-cli.py:Epoch 98/100	Loss 7.9617 ± 0.1590
INFO:kbc-cli.py:Epoch 99/100	Loss 7.9661 ± 0.1467
INFO:kbc-cli.py:Epoch 99/100	dev results	MRR 0.949230	H@1 0.910276	H@3 0.986196	H@5 0.991564	H@10 0.997699	H@20 1.000000	H@50 1.000000	H@100 1.000000
INFO:kbc-cli.py:Epoch 99/100	test results	MRR 0.945860	H@1 0.901664	H@3 0.989410	H@5 0.994705	H@10 0.997731	H@20 0.997731	H@50 1.000000	H@100 1.000000
INFO:kbc-cli.py:Epoch 100/100	Loss 7.9647 ± 0.1509
INFO:kbc-cli.py:Final 	dev results	MRR 0.949920	H@1 0.911810	H@3 0.986196	H@5 0.992331	H@10 0.998466	H@20 1.000000	H@50 1.000000	H@100 1.000000
INFO:kbc-cli.py:Final 	test results	MRR 0.949241	H@1 0.908472	H@3 0.990166	H@5 0.994705	H@10 0.997731	H@20 0.997731	H@50 1.000000	H@100 1.000000
INFO:kbc-cli.py:Training finished
